2019-01-31 05:05:46,180 null [INFO] (../src/fwidbmgr.cpp:5361) fwi db manager
2019-01-31 05:05:46,180 null [INFO] (../src/fwidbmgr.cpp:5365) Program home: /home/meteo/dev/redist/fwidbmgr
2019-01-31 05:05:46,180 null [INFO] (../src/fwidbmgr.cpp:5369) Auto convert: 1
2019-01-31 05:05:46,180 null [INFO] (../src/fwidbmgr.cpp:446) action: in.
2019-01-31 05:05:46,180 null [INFO] (../src/fwidbmgr.cpp:470) date: 20190130.
2019-01-31 05:05:46,180 null [INFO] (../src/fwidbmgr.cpp:322) Try to read: /home/meteo/dev/redist/fwidbmgr/config/fwidbmgr.conf.
2019-01-31 05:05:46,206 null [INFO] (../src/fwidbmgr.cpp:5393) Configuration parsing: OK.
2019-01-31 05:05:46,211 null [INFO] (../src/fwidbmgr.cpp:5478) Connected to database
2019-01-31 05:05:46,212 null [INFO] (../src/fwidbmgr.cpp:5480) Manage data for date: 20190130.
2019-01-31 05:05:46,212 null [INFO] (../src/fwidbmgr.cpp:5536) Importing meteo data in database for day: 20190130.
2019-01-31 05:05:46,233 null [INFO] (/home/meteo/dev/redist/fwidbmgr/include/Grid.h:1595) Configuring grid: snow
2019-01-31 05:05:46,234 null [INFO] (/home/meteo/dev/redist/fwidbmgr/include/Grid.h:1695) Grid snow configured.
2019-01-31 05:05:46,249 null [INFO] (/home/meteo/dev/redist/fwidbmgr/include/Grid.h:1595) Configuring grid: snow_covering
2019-01-31 05:05:46,249 null [INFO] (/home/meteo/dev/redist/fwidbmgr/include/Grid.h:1695) Grid snow_covering configured.
2019-01-31 05:05:46,255 null [INFO] (/home/meteo/dev/redist/fwidbmgr/include/Grid.h:1595) Configuring grid: snow_dissolution
2019-01-31 05:05:46,255 null [INFO] (/home/meteo/dev/redist/fwidbmgr/include/Grid.h:1695) Grid snow_dissolution configured.
2019-01-31 05:05:46,268 null [INFO] (/home/meteo/dev/redist/fwidbmgr/include/Grid.h:1595) Configuring grid: temperature
2019-01-31 05:05:46,268 null [INFO] (/home/meteo/dev/redist/fwidbmgr/include/Grid.h:1695) Grid temperature configured.
2019-01-31 05:05:46,271 null [INFO] (/home/meteo/dev/redist/fwidbmgr/include/Grid.h:1595) Configuring grid: humidity
2019-01-31 05:05:46,271 null [INFO] (/home/meteo/dev/redist/fwidbmgr/include/Grid.h:1695) Grid humidity configured.
2019-01-31 05:05:46,277 null [INFO] (/home/meteo/dev/redist/fwidbmgr/include/Grid.h:1595) Configuring grid: windspeed
2019-01-31 05:05:46,277 null [INFO] (/home/meteo/dev/redist/fwidbmgr/include/Grid.h:1695) Grid windspeed configured.
2019-01-31 05:05:46,290 null [INFO] (/home/meteo/dev/redist/fwidbmgr/include/Grid.h:1595) Configuring grid: rain
2019-01-31 05:05:46,290 null [INFO] (/home/meteo/dev/redist/fwidbmgr/include/Grid.h:1695) Grid rain configured.
2019-01-31 05:05:46,292 null [INFO] (/home/meteo/dev/redist/fwidbmgr/include/Grid.h:1595) Configuring grid: cum_rain
2019-01-31 05:05:46,292 null [INFO] (/home/meteo/dev/redist/fwidbmgr/include/Grid.h:1695) Grid cum_rain configured.
2019-01-31 05:05:47,298 null [INFO] (../src/fwidbmgr.cpp:1518) Storing meteo input ...
2019-01-31 05:05:52,819 null [INFO] (../src/fwidbmgr.cpp:5540) OK --> 20190130 data imported.
2019-01-31 05:05:52,819 null [INFO] (../src/fwidbmgr.cpp:5695) action in took about 6 seconds.
2019-01-31 05:05:52,821 null [INFO] (../src/fwidbmgr.cpp:5699) Disconnected from database.
2019-01-31 05:06:34,146 null [INFO] (../src/fwidbmgr.cpp:5361) fwi db manager
2019-01-31 05:06:34,146 null [INFO] (../src/fwidbmgr.cpp:5365) Program home: /home/meteo/dev/redist/fwidbmgr
2019-01-31 05:06:34,146 null [INFO] (../src/fwidbmgr.cpp:5369) Auto convert: 1
2019-01-31 05:06:34,146 null [INFO] (../src/fwidbmgr.cpp:446) action: out.
2019-01-31 05:06:34,146 null [INFO] (../src/fwidbmgr.cpp:470) date: 20190130.
2019-01-31 05:06:34,147 null [INFO] (../src/fwidbmgr.cpp:322) Try to read: /home/meteo/dev/redist/fwidbmgr/config/fwidbmgr.conf.
2019-01-31 05:06:34,154 null [INFO] (../src/fwidbmgr.cpp:5393) Configuration parsing: OK.
2019-01-31 05:06:34,179 null [INFO] (../src/fwidbmgr.cpp:5478) Connected to database
2019-01-31 05:06:34,179 null [INFO] (../src/fwidbmgr.cpp:5480) Manage data for date: 20190130.
2019-01-31 05:06:34,180 null [INFO] (../src/fwidbmgr.cpp:5551) Importing fwi indexes data in database for day: 20190130.
2019-01-31 05:06:34,193 null [INFO] (/home/meteo/dev/redist/fwidbmgr/include/Grid.h:1595) Configuring grid: isi
2019-01-31 05:06:34,193 null [INFO] (/home/meteo/dev/redist/fwidbmgr/include/Grid.h:1695) Grid isi configured.
2019-01-31 05:06:34,208 null [INFO] (/home/meteo/dev/redist/fwidbmgr/include/Grid.h:1595) Configuring grid: fwi
2019-01-31 05:06:34,208 null [INFO] (/home/meteo/dev/redist/fwidbmgr/include/Grid.h:1695) Grid fwi configured.
2019-01-31 05:06:34,215 null [INFO] (/home/meteo/dev/redist/fwidbmgr/include/Grid.h:1595) Configuring grid: ffmc
2019-01-31 05:06:34,215 null [INFO] (/home/meteo/dev/redist/fwidbmgr/include/Grid.h:1695) Grid ffmc configured.
2019-01-31 05:06:34,222 null [INFO] (/home/meteo/dev/redist/fwidbmgr/include/Grid.h:1595) Configuring grid: dmc
2019-01-31 05:06:34,222 null [INFO] (/home/meteo/dev/redist/fwidbmgr/include/Grid.h:1695) Grid dmc configured.
2019-01-31 05:06:34,228 null [INFO] (/home/meteo/dev/redist/fwidbmgr/include/Grid.h:1595) Configuring grid: dc
2019-01-31 05:06:34,228 null [INFO] (/home/meteo/dev/redist/fwidbmgr/include/Grid.h:1695) Grid dc configured.
2019-01-31 05:06:34,235 null [INFO] (/home/meteo/dev/redist/fwidbmgr/include/Grid.h:1595) Configuring grid: bui
2019-01-31 05:06:34,235 null [INFO] (/home/meteo/dev/redist/fwidbmgr/include/Grid.h:1695) Grid bui configured.
2019-01-31 05:06:34,242 null [INFO] (/home/meteo/dev/redist/fwidbmgr/include/Grid.h:1595) Configuring grid: ffmc_tmp
2019-01-31 05:06:34,242 null [INFO] (/home/meteo/dev/redist/fwidbmgr/include/Grid.h:1695) Grid ffmc_tmp configured.
2019-01-31 05:06:34,251 null [INFO] (/home/meteo/dev/redist/fwidbmgr/include/Grid.h:1595) Configuring grid: dmc_tmp
2019-01-31 05:06:34,251 null [INFO] (/home/meteo/dev/redist/fwidbmgr/include/Grid.h:1695) Grid dmc_tmp configured.
2019-01-31 05:06:34,278 null [INFO] (/home/meteo/dev/redist/fwidbmgr/include/Grid.h:1595) Configuring grid: dc_tmp
2019-01-31 05:06:34,278 null [INFO] (/home/meteo/dev/redist/fwidbmgr/include/Grid.h:1695) Grid dc_tmp configured.
2019-01-31 05:06:34,292 null [INFO] (/home/meteo/dev/redist/fwidbmgr/include/Grid.h:1595) Configuring grid: idi
2019-01-31 05:06:34,292 null [INFO] (/home/meteo/dev/redist/fwidbmgr/include/Grid.h:1695) Grid idi configured.
2019-01-31 05:06:35,024 null [INFO] (../src/fwidbmgr.cpp:2081) Storing FWI indexes ...
2019-01-31 05:06:38,126 null [INFO] (../src/fwidbmgr.cpp:5555) OK --> 20190130 data imported.
2019-01-31 05:06:38,126 null [INFO] (../src/fwidbmgr.cpp:5695) action out took about 4 seconds.
2019-01-31 05:06:38,126 null [INFO] (../src/fwidbmgr.cpp:5699) Disconnected from database.
2019-01-31 05:06:38,144 null [INFO] (../src/fwidbmgr.cpp:5361) fwi db manager
2019-01-31 05:06:38,144 null [INFO] (../src/fwidbmgr.cpp:5365) Program home: /home/meteo/dev/redist/fwidbmgr
2019-01-31 05:06:38,144 null [INFO] (../src/fwidbmgr.cpp:5369) Auto convert: 1
2019-01-31 05:06:38,144 null [INFO] (../src/fwidbmgr.cpp:446) action: computeidx.
2019-01-31 05:06:38,144 null [INFO] (../src/fwidbmgr.cpp:470) date: 20190130.
2019-01-31 05:06:38,144 null [INFO] (../src/fwidbmgr.cpp:322) Try to read: /home/meteo/dev/redist/fwidbmgr/config/fwidbmgr.conf.
2019-01-31 05:06:38,146 null [INFO] (../src/fwidbmgr.cpp:5393) Configuration parsing: OK.
2019-01-31 05:06:38,150 null [INFO] (../src/fwidbmgr.cpp:5478) Connected to database
2019-01-31 05:06:38,150 null [INFO] (../src/fwidbmgr.cpp:5480) Manage data for date: 20190130.
2019-01-31 05:06:38,150 null [INFO] (../src/fwidbmgr.cpp:5656) Computing indexes.
2019-01-31 05:06:38,152 null [INFO] (/home/meteo/dev/redist/fwidbmgr/include/Grid.h:1595) Configuring grid: isi
2019-01-31 05:06:38,152 null [INFO] (/home/meteo/dev/redist/fwidbmgr/include/Grid.h:1695) Grid isi configured.
2019-01-31 05:06:38,154 null [INFO] (/home/meteo/dev/redist/fwidbmgr/include/Grid.h:1595) Configuring grid: fwi
2019-01-31 05:06:38,154 null [INFO] (/home/meteo/dev/redist/fwidbmgr/include/Grid.h:1695) Grid fwi configured.
2019-01-31 05:06:38,156 null [INFO] (/home/meteo/dev/redist/fwidbmgr/include/Grid.h:1595) Configuring grid: ffmc
2019-01-31 05:06:38,156 null [INFO] (/home/meteo/dev/redist/fwidbmgr/include/Grid.h:1695) Grid ffmc configured.
2019-01-31 05:06:38,158 null [INFO] (/home/meteo/dev/redist/fwidbmgr/include/Grid.h:1595) Configuring grid: dmc
2019-01-31 05:06:38,158 null [INFO] (/home/meteo/dev/redist/fwidbmgr/include/Grid.h:1695) Grid dmc configured.
2019-01-31 05:06:38,159 null [INFO] (/home/meteo/dev/redist/fwidbmgr/include/Grid.h:1595) Configuring grid: dc
2019-01-31 05:06:38,159 null [INFO] (/home/meteo/dev/redist/fwidbmgr/include/Grid.h:1695) Grid dc configured.
2019-01-31 05:06:38,160 null [INFO] (/home/meteo/dev/redist/fwidbmgr/include/Grid.h:1595) Configuring grid: bui
2019-01-31 05:06:38,160 null [INFO] (/home/meteo/dev/redist/fwidbmgr/include/Grid.h:1695) Grid bui configured.
2019-01-31 05:06:38,161 null [INFO] (/home/meteo/dev/redist/fwidbmgr/include/Grid.h:1595) Configuring grid: ffmc_tmp
2019-01-31 05:06:38,161 null [INFO] (/home/meteo/dev/redist/fwidbmgr/include/Grid.h:1695) Grid ffmc_tmp configured.
2019-01-31 05:06:38,162 null [INFO] (/home/meteo/dev/redist/fwidbmgr/include/Grid.h:1595) Configuring grid: dmc_tmp
2019-01-31 05:06:38,162 null [INFO] (/home/meteo/dev/redist/fwidbmgr/include/Grid.h:1695) Grid dmc_tmp configured.
2019-01-31 05:06:38,163 null [INFO] (/home/meteo/dev/redist/fwidbmgr/include/Grid.h:1595) Configuring grid: dc_tmp
2019-01-31 05:06:38,163 null [INFO] (/home/meteo/dev/redist/fwidbmgr/include/Grid.h:1695) Grid dc_tmp configured.
2019-01-31 05:06:38,164 null [INFO] (/home/meteo/dev/redist/fwidbmgr/include/Grid.h:1595) Configuring grid: idi
2019-01-31 05:06:38,164 null [INFO] (/home/meteo/dev/redist/fwidbmgr/include/Grid.h:1695) Grid idi configured.
2019-01-31 05:06:38,165 null [INFO] (/home/meteo/dev/redist/fwidbmgr/include/Grid.h:1595) Configuring grid: angstrom
2019-01-31 05:06:38,165 null [INFO] (/home/meteo/dev/redist/fwidbmgr/include/Grid.h:1695) Grid angstrom configured.
2019-01-31 05:06:38,166 null [INFO] (/home/meteo/dev/redist/fwidbmgr/include/Grid.h:1595) Configuring grid: fmi
2019-01-31 05:06:38,166 null [INFO] (/home/meteo/dev/redist/fwidbmgr/include/Grid.h:1695) Grid fmi configured.
2019-01-31 05:06:38,166 null [INFO] (/home/meteo/dev/redist/fwidbmgr/include/Grid.h:1595) Configuring grid: sharples
2019-01-31 05:06:38,166 null [INFO] (/home/meteo/dev/redist/fwidbmgr/include/Grid.h:1695) Grid sharples configured.
2019-01-31 05:06:38,539 null [INFO] (/home/meteo/dev/redist/fwidbmgr/include/Grid.h:1595) Configuring grid: snow
2019-01-31 05:06:38,539 null [INFO] (/home/meteo/dev/redist/fwidbmgr/include/Grid.h:1695) Grid snow configured.
2019-01-31 05:06:38,539 null [INFO] (/home/meteo/dev/redist/fwidbmgr/include/Grid.h:1595) Configuring grid: snow_covering
2019-01-31 05:06:38,539 null [INFO] (/home/meteo/dev/redist/fwidbmgr/include/Grid.h:1695) Grid snow_covering configured.
2019-01-31 05:06:38,539 null [INFO] (/home/meteo/dev/redist/fwidbmgr/include/Grid.h:1595) Configuring grid: snow_dissolution
2019-01-31 05:06:38,539 null [INFO] (/home/meteo/dev/redist/fwidbmgr/include/Grid.h:1695) Grid snow_dissolution configured.
2019-01-31 05:06:38,539 null [INFO] (/home/meteo/dev/redist/fwidbmgr/include/Grid.h:1595) Configuring grid: temperature
2019-01-31 05:06:38,539 null [INFO] (/home/meteo/dev/redist/fwidbmgr/include/Grid.h:1695) Grid temperature configured.
2019-01-31 05:06:38,539 null [INFO] (/home/meteo/dev/redist/fwidbmgr/include/Grid.h:1595) Configuring grid: humidity
2019-01-31 05:06:38,540 null [INFO] (/home/meteo/dev/redist/fwidbmgr/include/Grid.h:1695) Grid humidity configured.
2019-01-31 05:06:38,540 null [INFO] (/home/meteo/dev/redist/fwidbmgr/include/Grid.h:1595) Configuring grid: windspeed
2019-01-31 05:06:38,540 null [INFO] (/home/meteo/dev/redist/fwidbmgr/include/Grid.h:1695) Grid windspeed configured.
2019-01-31 05:06:38,540 null [INFO] (/home/meteo/dev/redist/fwidbmgr/include/Grid.h:1595) Configuring grid: rain
2019-01-31 05:06:38,540 null [INFO] (/home/meteo/dev/redist/fwidbmgr/include/Grid.h:1695) Grid rain configured.
2019-01-31 05:06:38,540 null [INFO] (/home/meteo/dev/redist/fwidbmgr/include/Grid.h:1595) Configuring grid: cum_rain
2019-01-31 05:06:38,540 null [INFO] (/home/meteo/dev/redist/fwidbmgr/include/Grid.h:1695) Grid cum_rain configured.
2019-01-31 05:07:30,848 null [INFO] (../src/fwidbmgr.cpp:5660) OK --> 20190130 indexes computed.
2019-01-31 05:07:30,849 null [INFO] (../src/fwidbmgr.cpp:5695) action computeidx took about 52 seconds.
2019-01-31 05:07:30,849 null [INFO] (../src/fwidbmgr.cpp:5699) Disconnected from database.
2019-01-31 05:07:30,863 null [INFO] (../src/fwidbmgr.cpp:5361) fwi db manager
2019-01-31 05:07:30,863 null [INFO] (../src/fwidbmgr.cpp:5365) Program home: /home/meteo/dev/redist/fwidbmgr
2019-01-31 05:07:30,863 null [INFO] (../src/fwidbmgr.cpp:5369) Auto convert: 1
2019-01-31 05:07:30,863 null [INFO] (../src/fwidbmgr.cpp:446) action: exportidx.
2019-01-31 05:07:30,863 null [INFO] (../src/fwidbmgr.cpp:470) date: 20190130.
2019-01-31 05:07:30,863 null [INFO] (../src/fwidbmgr.cpp:322) Try to read: /home/meteo/dev/redist/fwidbmgr/config/fwidbmgr.conf.
2019-01-31 05:07:30,864 null [INFO] (../src/fwidbmgr.cpp:5393) Configuration parsing: OK.
2019-01-31 05:07:30,867 null [INFO] (../src/fwidbmgr.cpp:5478) Connected to database
2019-01-31 05:07:30,867 null [INFO] (../src/fwidbmgr.cpp:5480) Manage data for date: 20190130.
2019-01-31 05:07:30,867 null [INFO] (../src/fwidbmgr.cpp:5596) Exporting indexes.
2019-01-31 05:07:30,868 null [INFO] (/home/meteo/dev/redist/fwidbmgr/include/Grid.h:1595) Configuring grid: isi
2019-01-31 05:07:30,868 null [INFO] (/home/meteo/dev/redist/fwidbmgr/include/Grid.h:1695) Grid isi configured.
2019-01-31 05:07:30,869 null [INFO] (/home/meteo/dev/redist/fwidbmgr/include/Grid.h:1595) Configuring grid: fwi
2019-01-31 05:07:30,869 null [INFO] (/home/meteo/dev/redist/fwidbmgr/include/Grid.h:1695) Grid fwi configured.
2019-01-31 05:07:30,870 null [INFO] (/home/meteo/dev/redist/fwidbmgr/include/Grid.h:1595) Configuring grid: ffmc
2019-01-31 05:07:30,871 null [INFO] (/home/meteo/dev/redist/fwidbmgr/include/Grid.h:1695) Grid ffmc configured.
2019-01-31 05:07:30,872 null [INFO] (/home/meteo/dev/redist/fwidbmgr/include/Grid.h:1595) Configuring grid: dmc
2019-01-31 05:07:30,872 null [INFO] (/home/meteo/dev/redist/fwidbmgr/include/Grid.h:1695) Grid dmc configured.
2019-01-31 05:07:30,873 null [INFO] (/home/meteo/dev/redist/fwidbmgr/include/Grid.h:1595) Configuring grid: dc
2019-01-31 05:07:30,873 null [INFO] (/home/meteo/dev/redist/fwidbmgr/include/Grid.h:1695) Grid dc configured.
2019-01-31 05:07:30,874 null [INFO] (/home/meteo/dev/redist/fwidbmgr/include/Grid.h:1595) Configuring grid: bui
2019-01-31 05:07:30,874 null [INFO] (/home/meteo/dev/redist/fwidbmgr/include/Grid.h:1695) Grid bui configured.
2019-01-31 05:07:30,875 null [INFO] (/home/meteo/dev/redist/fwidbmgr/include/Grid.h:1595) Configuring grid: ffmc_tmp
2019-01-31 05:07:30,875 null [INFO] (/home/meteo/dev/redist/fwidbmgr/include/Grid.h:1695) Grid ffmc_tmp configured.
2019-01-31 05:07:30,876 null [INFO] (/home/meteo/dev/redist/fwidbmgr/include/Grid.h:1595) Configuring grid: dmc_tmp
2019-01-31 05:07:30,876 null [INFO] (/home/meteo/dev/redist/fwidbmgr/include/Grid.h:1695) Grid dmc_tmp configured.
2019-01-31 05:07:30,877 null [INFO] (/home/meteo/dev/redist/fwidbmgr/include/Grid.h:1595) Configuring grid: dc_tmp
2019-01-31 05:07:30,877 null [INFO] (/home/meteo/dev/redist/fwidbmgr/include/Grid.h:1695) Grid dc_tmp configured.
2019-01-31 05:07:30,878 null [INFO] (/home/meteo/dev/redist/fwidbmgr/include/Grid.h:1595) Configuring grid: idi
2019-01-31 05:07:30,878 null [INFO] (/home/meteo/dev/redist/fwidbmgr/include/Grid.h:1695) Grid idi configured.
2019-01-31 05:07:30,879 null [INFO] (/home/meteo/dev/redist/fwidbmgr/include/Grid.h:1595) Configuring grid: angstrom
2019-01-31 05:07:30,879 null [INFO] (/home/meteo/dev/redist/fwidbmgr/include/Grid.h:1695) Grid angstrom configured.
2019-01-31 05:07:30,880 null [INFO] (/home/meteo/dev/redist/fwidbmgr/include/Grid.h:1595) Configuring grid: fmi
2019-01-31 05:07:30,880 null [INFO] (/home/meteo/dev/redist/fwidbmgr/include/Grid.h:1695) Grid fmi configured.
2019-01-31 05:07:30,881 null [INFO] (/home/meteo/dev/redist/fwidbmgr/include/Grid.h:1595) Configuring grid: sharples
2019-01-31 05:07:30,881 null [INFO] (/home/meteo/dev/redist/fwidbmgr/include/Grid.h:1695) Grid sharples configured.
2019-01-31 05:07:31,211 null [INFO] (/home/meteo/dev/redist/fwidbmgr/include/Grid.h:1595) Configuring grid: isi
2019-01-31 05:07:31,211 null [INFO] (/home/meteo/dev/redist/fwidbmgr/include/Grid.h:1695) Grid isi configured.
2019-01-31 05:07:31,232 null [INFO] (/home/meteo/dev/redist/fwidbmgr/include/Grid.h:1595) Configuring grid: fwi
2019-01-31 05:07:31,232 null [INFO] (/home/meteo/dev/redist/fwidbmgr/include/Grid.h:1695) Grid fwi configured.
2019-01-31 05:07:31,251 null [INFO] (/home/meteo/dev/redist/fwidbmgr/include/Grid.h:1595) Configuring grid: ffmc
2019-01-31 05:07:31,251 null [INFO] (/home/meteo/dev/redist/fwidbmgr/include/Grid.h:1695) Grid ffmc configured.
2019-01-31 05:07:31,271 null [INFO] (/home/meteo/dev/redist/fwidbmgr/include/Grid.h:1595) Configuring grid: dmc
2019-01-31 05:07:31,271 null [INFO] (/home/meteo/dev/redist/fwidbmgr/include/Grid.h:1695) Grid dmc configured.
2019-01-31 05:07:31,291 null [INFO] (/home/meteo/dev/redist/fwidbmgr/include/Grid.h:1595) Configuring grid: dc
2019-01-31 05:07:31,291 null [INFO] (/home/meteo/dev/redist/fwidbmgr/include/Grid.h:1695) Grid dc configured.
2019-01-31 05:07:31,311 null [INFO] (/home/meteo/dev/redist/fwidbmgr/include/Grid.h:1595) Configuring grid: bui
2019-01-31 05:07:31,311 null [INFO] (/home/meteo/dev/redist/fwidbmgr/include/Grid.h:1695) Grid bui configured.
2019-01-31 05:07:31,330 null [INFO] (/home/meteo/dev/redist/fwidbmgr/include/Grid.h:1595) Configuring grid: ffmc_tmp
2019-01-31 05:07:31,330 null [INFO] (/home/meteo/dev/redist/fwidbmgr/include/Grid.h:1695) Grid ffmc_tmp configured.
2019-01-31 05:07:31,350 null [INFO] (/home/meteo/dev/redist/fwidbmgr/include/Grid.h:1595) Configuring grid: dmc_tmp
2019-01-31 05:07:31,350 null [INFO] (/home/meteo/dev/redist/fwidbmgr/include/Grid.h:1695) Grid dmc_tmp configured.
2019-01-31 05:07:31,368 null [INFO] (/home/meteo/dev/redist/fwidbmgr/include/Grid.h:1595) Configuring grid: dc_tmp
2019-01-31 05:07:31,368 null [INFO] (/home/meteo/dev/redist/fwidbmgr/include/Grid.h:1695) Grid dc_tmp configured.
2019-01-31 05:07:31,387 null [INFO] (/home/meteo/dev/redist/fwidbmgr/include/Grid.h:1595) Configuring grid: angstrom
2019-01-31 05:07:31,387 null [INFO] (/home/meteo/dev/redist/fwidbmgr/include/Grid.h:1695) Grid angstrom configured.
2019-01-31 05:07:31,416 null [INFO] (/home/meteo/dev/redist/fwidbmgr/include/Grid.h:1595) Configuring grid: sharples
2019-01-31 05:07:31,416 null [INFO] (/home/meteo/dev/redist/fwidbmgr/include/Grid.h:1695) Grid sharples configured.
2019-01-31 05:07:31,436 null [INFO] (/home/meteo/dev/redist/fwidbmgr/include/Grid.h:1595) Configuring grid: fmi
2019-01-31 05:07:31,436 null [INFO] (/home/meteo/dev/redist/fwidbmgr/include/Grid.h:1695) Grid fmi configured.
2019-01-31 05:07:31,458 null [INFO] (../src/fwidbmgr.cpp:5600) OK --> 20190130 indexes exported to files.
2019-01-31 05:07:31,458 null [INFO] (../src/fwidbmgr.cpp:5695) action exportidx took about 1 seconds.
2019-01-31 05:07:31,458 null [INFO] (../src/fwidbmgr.cpp:5699) Disconnected from database.
2019-01-31 05:07:46,705 null [INFO] (../src/fwidbmgr.cpp:5361) fwi db manager
2019-01-31 05:07:46,705 null [INFO] (../src/fwidbmgr.cpp:5365) Program home: /home/meteo/dev/redist/fwidbmgr
2019-01-31 05:07:46,705 null [INFO] (../src/fwidbmgr.cpp:5369) Auto convert: 1
2019-01-31 05:07:46,705 null [INFO] (../src/fwidbmgr.cpp:446) action: outimg.
2019-01-31 05:07:46,705 null [INFO] (../src/fwidbmgr.cpp:470) date: 20190130.
2019-01-31 05:07:46,705 null [INFO] (../src/fwidbmgr.cpp:322) Try to read: /home/meteo/dev/redist/fwidbmgr/config/fwidbmgr.conf.
2019-01-31 05:07:46,706 null [INFO] (../src/fwidbmgr.cpp:5393) Configuration parsing: OK.
2019-01-31 05:07:46,711 null [INFO] (../src/fwidbmgr.cpp:5478) Connected to database
2019-01-31 05:07:46,711 null [INFO] (../src/fwidbmgr.cpp:5480) Manage data for date: 20190130.
2019-01-31 05:07:46,711 null [INFO] (../src/fwidbmgr.cpp:5566) Importing fwi indexes images in database.
2019-01-31 05:07:47,064 null [INFO] (../src/fwidbmgr.cpp:5570) OK --> 20190130 images imported.
2019-01-31 05:07:47,064 null [INFO] (../src/fwidbmgr.cpp:5695) action outimg took about 1 seconds.
2019-01-31 05:07:47,064 null [INFO] (../src/fwidbmgr.cpp:5699) Disconnected from database.
2019-01-31 05:37:01,348 null [INFO] (../src/fwidbmgr.cpp:5361) fwi db manager
2019-01-31 05:37:01,348 null [INFO] (../src/fwidbmgr.cpp:5365) Program home: /home/meteo/dev/redist/fwidbmgr
2019-01-31 05:37:01,348 null [INFO] (../src/fwidbmgr.cpp:5369) Auto convert: 1
2019-01-31 05:37:01,348 null [INFO] (../src/fwidbmgr.cpp:446) action: outimg.
2019-01-31 05:37:01,348 null [INFO] (../src/fwidbmgr.cpp:470) date: 20190130.
2019-01-31 05:37:01,348 null [INFO] (../src/fwidbmgr.cpp:322) Try to read: /home/meteo/dev/redist/fwidbmgr/config/fwidbmgr.conf.
2019-01-31 05:37:01,349 null [INFO] (../src/fwidbmgr.cpp:5393) Configuration parsing: OK.
2019-01-31 05:37:01,353 null [INFO] (../src/fwidbmgr.cpp:5478) Connected to database
2019-01-31 05:37:01,353 null [INFO] (../src/fwidbmgr.cpp:5480) Manage data for date: 20190130.
2019-01-31 05:37:01,353 null [INFO] (../src/fwidbmgr.cpp:5566) Importing fwi indexes images in database.
2019-01-31 05:37:01,495 null [INFO] (../src/fwidbmgr.cpp:5570) OK --> 20190130 images imported.
2019-01-31 05:37:01,495 null [INFO] (../src/fwidbmgr.cpp:5695) action outimg took about 0 seconds.
2019-01-31 05:37:01,496 null [INFO] (../src/fwidbmgr.cpp:5699) Disconnected from database.
2019-01-31 06:05:01,635 null [INFO] (../src/fwidbmgr.cpp:5361) fwi db manager
2019-01-31 06:05:01,635 null [INFO] (../src/fwidbmgr.cpp:5365) Program home: /home/meteo/dev/redist/fwidbmgr
2019-01-31 06:05:01,635 null [INFO] (../src/fwidbmgr.cpp:5369) Auto convert: 1
2019-01-31 06:05:01,635 null [INFO] (../src/fwidbmgr.cpp:446) action: outimg.
2019-01-31 06:05:01,635 null [INFO] (../src/fwidbmgr.cpp:470) date: 20190130.
2019-01-31 06:05:01,635 null [INFO] (../src/fwidbmgr.cpp:322) Try to read: /home/meteo/dev/redist/fwidbmgr/config/fwidbmgr.conf.
2019-01-31 06:05:01,636 null [INFO] (../src/fwidbmgr.cpp:5393) Configuration parsing: OK.
2019-01-31 06:05:01,641 null [INFO] (../src/fwidbmgr.cpp:5478) Connected to database
2019-01-31 06:05:01,641 null [INFO] (../src/fwidbmgr.cpp:5480) Manage data for date: 20190130.
2019-01-31 06:05:01,641 null [INFO] (../src/fwidbmgr.cpp:5566) Importing fwi indexes images in database.
2019-01-31 06:05:01,703 null [INFO] (../src/fwidbmgr.cpp:5570) OK --> 20190130 images imported.
2019-01-31 06:05:01,704 null [INFO] (../src/fwidbmgr.cpp:5695) action outimg took about 0 seconds.
2019-01-31 06:05:01,704 null [INFO] (../src/fwidbmgr.cpp:5699) Disconnected from database.
2019-01-31 06:37:01,848 null [INFO] (../src/fwidbmgr.cpp:5361) fwi db manager
2019-01-31 06:37:01,849 null [INFO] (../src/fwidbmgr.cpp:5365) Program home: /home/meteo/dev/redist/fwidbmgr
2019-01-31 06:37:01,849 null [INFO] (../src/fwidbmgr.cpp:5369) Auto convert: 1
2019-01-31 06:37:01,849 null [INFO] (../src/fwidbmgr.cpp:446) action: outimg.
2019-01-31 06:37:01,849 null [INFO] (../src/fwidbmgr.cpp:470) date: 20190130.
2019-01-31 06:37:01,849 null [INFO] (../src/fwidbmgr.cpp:322) Try to read: /home/meteo/dev/redist/fwidbmgr/config/fwidbmgr.conf.
2019-01-31 06:37:01,850 null [INFO] (../src/fwidbmgr.cpp:5393) Configuration parsing: OK.
2019-01-31 06:37:01,854 null [INFO] (../src/fwidbmgr.cpp:5478) Connected to database
2019-01-31 06:37:01,854 null [INFO] (../src/fwidbmgr.cpp:5480) Manage data for date: 20190130.
2019-01-31 06:37:01,855 null [INFO] (../src/fwidbmgr.cpp:5566) Importing fwi indexes images in database.
2019-01-31 06:37:01,916 null [INFO] (../src/fwidbmgr.cpp:5570) OK --> 20190130 images imported.
2019-01-31 06:37:01,916 null [INFO] (../src/fwidbmgr.cpp:5695) action outimg took about 0 seconds.
2019-01-31 06:37:01,917 null [INFO] (../src/fwidbmgr.cpp:5699) Disconnected from database.
2019-01-31 07:05:01,886 null [INFO] (../src/fwidbmgr.cpp:5361) fwi db manager
2019-01-31 07:05:01,887 null [INFO] (../src/fwidbmgr.cpp:5365) Program home: /home/meteo/dev/redist/fwidbmgr
2019-01-31 07:05:01,887 null [INFO] (../src/fwidbmgr.cpp:5369) Auto convert: 1
2019-01-31 07:05:01,887 null [INFO] (../src/fwidbmgr.cpp:446) action: outimg.
2019-01-31 07:05:01,887 null [INFO] (../src/fwidbmgr.cpp:470) date: 20190130.
2019-01-31 07:05:01,887 null [INFO] (../src/fwidbmgr.cpp:322) Try to read: /home/meteo/dev/redist/fwidbmgr/config/fwidbmgr.conf.
2019-01-31 07:05:01,888 null [INFO] (../src/fwidbmgr.cpp:5393) Configuration parsing: OK.
2019-01-31 07:05:01,892 null [INFO] (../src/fwidbmgr.cpp:5478) Connected to database
2019-01-31 07:05:01,892 null [INFO] (../src/fwidbmgr.cpp:5480) Manage data for date: 20190130.
2019-01-31 07:05:01,892 null [INFO] (../src/fwidbmgr.cpp:5566) Importing fwi indexes images in database.
2019-01-31 07:05:01,953 null [INFO] (../src/fwidbmgr.cpp:5570) OK --> 20190130 images imported.
2019-01-31 07:05:01,953 null [INFO] (../src/fwidbmgr.cpp:5695) action outimg took about 0 seconds.
2019-01-31 07:05:01,953 null [INFO] (../src/fwidbmgr.cpp:5699) Disconnected from database.
2019-01-31 07:37:01,079 null [INFO] (../src/fwidbmgr.cpp:5361) fwi db manager
2019-01-31 07:37:01,079 null [INFO] (../src/fwidbmgr.cpp:5365) Program home: /home/meteo/dev/redist/fwidbmgr
2019-01-31 07:37:01,079 null [INFO] (../src/fwidbmgr.cpp:5369) Auto convert: 1
2019-01-31 07:37:01,079 null [INFO] (../src/fwidbmgr.cpp:446) action: outimg.
2019-01-31 07:37:01,079 null [INFO] (../src/fwidbmgr.cpp:470) date: 20190130.
2019-01-31 07:37:01,079 null [INFO] (../src/fwidbmgr.cpp:322) Try to read: /home/meteo/dev/redist/fwidbmgr/config/fwidbmgr.conf.
2019-01-31 07:37:01,080 null [INFO] (../src/fwidbmgr.cpp:5393) Configuration parsing: OK.
2019-01-31 07:37:01,083 null [INFO] (../src/fwidbmgr.cpp:5478) Connected to database
2019-01-31 07:37:01,083 null [INFO] (../src/fwidbmgr.cpp:5480) Manage data for date: 20190130.
2019-01-31 07:37:01,083 null [INFO] (../src/fwidbmgr.cpp:5566) Importing fwi indexes images in database.
2019-01-31 07:37:01,141 null [INFO] (../src/fwidbmgr.cpp:5570) OK --> 20190130 images imported.
2019-01-31 07:37:01,141 null [INFO] (../src/fwidbmgr.cpp:5695) action outimg took about 0 seconds.
2019-01-31 07:37:01,142 null [INFO] (../src/fwidbmgr.cpp:5699) Disconnected from database.
