2016-08-30 05:07:37,419 null [INFO] (../src/fwidbmgr.cpp:5207) fwi db manager
2016-08-30 05:07:37,419 null [INFO] (../src/fwidbmgr.cpp:5209) Program home: /home/meteo/dev/redist/fwidbmgr
2016-08-30 05:07:37,419 null [INFO] (../src/fwidbmgr.cpp:5211) Auto convert: 1
2016-08-30 05:07:37,419 null [INFO] (../src/fwidbmgr.cpp:458) action: in.
2016-08-30 05:07:37,419 null [INFO] (../src/fwidbmgr.cpp:482) date: 20160829.
2016-08-30 05:07:37,419 null [INFO] (../src/fwidbmgr.cpp:319) Try to read: /home/meteo/dev/redist/fwidbmgr/config/fwidbmgr.conf.
2016-08-30 05:07:37,823 null [INFO] (../src/fwidbmgr.cpp:5240) Configuration parsing: OK.
2016-08-30 05:07:38,277 null [INFO] (../src/fwidbmgr.cpp:5322) Connected to database
2016-08-30 05:07:38,277 null [INFO] (../src/fwidbmgr.cpp:5323) Manage data for date: 20160829.
2016-08-30 05:07:38,277 null [INFO] (../src/fwidbmgr.cpp:5367) Importing meteo data in database for day: 20160829.
2016-08-30 05:07:38,279 null [INFO] (/home/meteo/dev/redist/fwidbmgr/include/Grid.h:1595) Configuring grid: snow
2016-08-30 05:07:38,279 null [INFO] (/home/meteo/dev/redist/fwidbmgr/include/Grid.h:1695) Grid snow configured.
2016-08-30 05:07:38,290 null [INFO] (/home/meteo/dev/redist/fwidbmgr/include/Grid.h:1595) Configuring grid: snow_covering
2016-08-30 05:07:38,291 null [INFO] (/home/meteo/dev/redist/fwidbmgr/include/Grid.h:1695) Grid snow_covering configured.
2016-08-30 05:07:38,303 null [INFO] (/home/meteo/dev/redist/fwidbmgr/include/Grid.h:1595) Configuring grid: snow_dissolution
2016-08-30 05:07:38,303 null [INFO] (/home/meteo/dev/redist/fwidbmgr/include/Grid.h:1695) Grid snow_dissolution configured.
2016-08-30 05:07:38,327 null [INFO] (/home/meteo/dev/redist/fwidbmgr/include/Grid.h:1595) Configuring grid: temperature
2016-08-30 05:07:38,327 null [INFO] (/home/meteo/dev/redist/fwidbmgr/include/Grid.h:1695) Grid temperature configured.
2016-08-30 05:07:38,332 null [INFO] (/home/meteo/dev/redist/fwidbmgr/include/Grid.h:1595) Configuring grid: humidity
2016-08-30 05:07:38,332 null [INFO] (/home/meteo/dev/redist/fwidbmgr/include/Grid.h:1695) Grid humidity configured.
2016-08-30 05:07:38,343 null [INFO] (/home/meteo/dev/redist/fwidbmgr/include/Grid.h:1595) Configuring grid: windspeed
2016-08-30 05:07:38,344 null [INFO] (/home/meteo/dev/redist/fwidbmgr/include/Grid.h:1695) Grid windspeed configured.
2016-08-30 05:07:38,367 null [INFO] (/home/meteo/dev/redist/fwidbmgr/include/Grid.h:1595) Configuring grid: rain
2016-08-30 05:07:38,367 null [INFO] (/home/meteo/dev/redist/fwidbmgr/include/Grid.h:1695) Grid rain configured.
2016-08-30 05:07:38,370 null [INFO] (/home/meteo/dev/redist/fwidbmgr/include/Grid.h:1595) Configuring grid: cum_rain
2016-08-30 05:07:38,370 null [INFO] (/home/meteo/dev/redist/fwidbmgr/include/Grid.h:1695) Grid cum_rain configured.
2016-08-30 05:08:57,492 null [INFO] (../src/fwidbmgr.cpp:1502) Storing meteo input ...
2016-08-30 05:16:14,295 null [INFO] (../src/fwidbmgr.cpp:5370) OK --> 20160829 data imported.
2016-08-30 05:16:14,354 null [INFO] (../src/fwidbmgr.cpp:5496) action in took about 516 seconds.
2016-08-30 05:16:14,851 null [INFO] (../src/fwidbmgr.cpp:5499) Disconnected from database.
2016-08-30 05:18:35,479 null [INFO] (../src/fwidbmgr.cpp:5207) fwi db manager
2016-08-30 05:18:35,479 null [INFO] (../src/fwidbmgr.cpp:5209) Program home: /home/meteo/dev/redist/fwidbmgr
2016-08-30 05:18:35,479 null [INFO] (../src/fwidbmgr.cpp:5211) Auto convert: 1
2016-08-30 05:18:35,479 null [INFO] (../src/fwidbmgr.cpp:458) action: out.
2016-08-30 05:18:35,479 null [INFO] (../src/fwidbmgr.cpp:482) date: 20160829.
2016-08-30 05:18:35,479 null [INFO] (../src/fwidbmgr.cpp:319) Try to read: /home/meteo/dev/redist/fwidbmgr/config/fwidbmgr.conf.
2016-08-30 05:18:35,681 null [INFO] (../src/fwidbmgr.cpp:5240) Configuration parsing: OK.
2016-08-30 05:18:35,727 null [INFO] (../src/fwidbmgr.cpp:5322) Connected to database
2016-08-30 05:18:35,728 null [INFO] (../src/fwidbmgr.cpp:5323) Manage data for date: 20160829.
2016-08-30 05:18:35,728 null [INFO] (../src/fwidbmgr.cpp:5379) Importing fwi indexes data in database for day: 20160829.
2016-08-30 05:18:35,756 null [INFO] (/home/meteo/dev/redist/fwidbmgr/include/Grid.h:1595) Configuring grid: isi
2016-08-30 05:18:35,756 null [INFO] (/home/meteo/dev/redist/fwidbmgr/include/Grid.h:1695) Grid isi configured.
2016-08-30 05:18:35,770 null [INFO] (/home/meteo/dev/redist/fwidbmgr/include/Grid.h:1595) Configuring grid: fwi
2016-08-30 05:18:35,770 null [INFO] (/home/meteo/dev/redist/fwidbmgr/include/Grid.h:1695) Grid fwi configured.
2016-08-30 05:18:35,784 null [INFO] (/home/meteo/dev/redist/fwidbmgr/include/Grid.h:1595) Configuring grid: ffmc
2016-08-30 05:18:35,784 null [INFO] (/home/meteo/dev/redist/fwidbmgr/include/Grid.h:1695) Grid ffmc configured.
2016-08-30 05:18:35,797 null [INFO] (/home/meteo/dev/redist/fwidbmgr/include/Grid.h:1595) Configuring grid: dmc
2016-08-30 05:18:35,797 null [INFO] (/home/meteo/dev/redist/fwidbmgr/include/Grid.h:1695) Grid dmc configured.
2016-08-30 05:18:35,811 null [INFO] (/home/meteo/dev/redist/fwidbmgr/include/Grid.h:1595) Configuring grid: dc
2016-08-30 05:18:35,811 null [INFO] (/home/meteo/dev/redist/fwidbmgr/include/Grid.h:1695) Grid dc configured.
2016-08-30 05:18:35,825 null [INFO] (/home/meteo/dev/redist/fwidbmgr/include/Grid.h:1595) Configuring grid: bui
2016-08-30 05:18:35,826 null [INFO] (/home/meteo/dev/redist/fwidbmgr/include/Grid.h:1695) Grid bui configured.
2016-08-30 05:18:35,839 null [INFO] (/home/meteo/dev/redist/fwidbmgr/include/Grid.h:1595) Configuring grid: ffmc_tmp
2016-08-30 05:18:35,839 null [INFO] (/home/meteo/dev/redist/fwidbmgr/include/Grid.h:1695) Grid ffmc_tmp configured.
2016-08-30 05:18:35,920 null [INFO] (/home/meteo/dev/redist/fwidbmgr/include/Grid.h:1595) Configuring grid: dmc_tmp
2016-08-30 05:18:35,920 null [INFO] (/home/meteo/dev/redist/fwidbmgr/include/Grid.h:1695) Grid dmc_tmp configured.
2016-08-30 05:18:35,942 null [INFO] (/home/meteo/dev/redist/fwidbmgr/include/Grid.h:1595) Configuring grid: dc_tmp
2016-08-30 05:18:35,942 null [INFO] (/home/meteo/dev/redist/fwidbmgr/include/Grid.h:1695) Grid dc_tmp configured.
2016-08-30 05:18:36,058 null [INFO] (/home/meteo/dev/redist/fwidbmgr/include/Grid.h:1595) Configuring grid: idi
2016-08-30 05:18:36,058 null [INFO] (/home/meteo/dev/redist/fwidbmgr/include/Grid.h:1695) Grid idi configured.
2016-08-30 05:19:10,007 null [INFO] (../src/fwidbmgr.cpp:2045) Storing FWI indexes ...
2016-08-30 05:22:05,565 null [INFO] (../src/fwidbmgr.cpp:5382) OK --> 20160829 data imported.
2016-08-30 05:22:05,591 null [INFO] (../src/fwidbmgr.cpp:5496) action out took about 210 seconds.
2016-08-30 05:22:05,659 null [INFO] (../src/fwidbmgr.cpp:5499) Disconnected from database.
2016-08-30 05:22:06,275 null [INFO] (../src/fwidbmgr.cpp:5207) fwi db manager
2016-08-30 05:22:06,275 null [INFO] (../src/fwidbmgr.cpp:5209) Program home: /home/meteo/dev/redist/fwidbmgr
2016-08-30 05:22:06,275 null [INFO] (../src/fwidbmgr.cpp:5211) Auto convert: 1
2016-08-30 05:22:06,275 null [INFO] (../src/fwidbmgr.cpp:458) action: computeidx.
2016-08-30 05:22:06,275 null [INFO] (../src/fwidbmgr.cpp:482) date: 20160829.
2016-08-30 05:22:06,275 null [INFO] (../src/fwidbmgr.cpp:319) Try to read: /home/meteo/dev/redist/fwidbmgr/config/fwidbmgr.conf.
2016-08-30 05:22:06,297 null [INFO] (../src/fwidbmgr.cpp:5240) Configuration parsing: OK.
2016-08-30 05:22:06,302 null [INFO] (../src/fwidbmgr.cpp:5322) Connected to database
2016-08-30 05:22:06,302 null [INFO] (../src/fwidbmgr.cpp:5323) Manage data for date: 20160829.
2016-08-30 05:22:06,302 null [INFO] (../src/fwidbmgr.cpp:5463) Computing indexes.
2016-08-30 05:22:06,304 null [INFO] (/home/meteo/dev/redist/fwidbmgr/include/Grid.h:1595) Configuring grid: isi
2016-08-30 05:22:06,304 null [INFO] (/home/meteo/dev/redist/fwidbmgr/include/Grid.h:1695) Grid isi configured.
2016-08-30 05:22:06,305 null [INFO] (/home/meteo/dev/redist/fwidbmgr/include/Grid.h:1595) Configuring grid: fwi
2016-08-30 05:22:06,305 null [INFO] (/home/meteo/dev/redist/fwidbmgr/include/Grid.h:1695) Grid fwi configured.
2016-08-30 05:22:06,307 null [INFO] (/home/meteo/dev/redist/fwidbmgr/include/Grid.h:1595) Configuring grid: ffmc
2016-08-30 05:22:06,341 null [INFO] (/home/meteo/dev/redist/fwidbmgr/include/Grid.h:1695) Grid ffmc configured.
2016-08-30 05:22:06,342 null [INFO] (/home/meteo/dev/redist/fwidbmgr/include/Grid.h:1595) Configuring grid: dmc
2016-08-30 05:22:06,342 null [INFO] (/home/meteo/dev/redist/fwidbmgr/include/Grid.h:1695) Grid dmc configured.
2016-08-30 05:22:06,344 null [INFO] (/home/meteo/dev/redist/fwidbmgr/include/Grid.h:1595) Configuring grid: dc
2016-08-30 05:22:06,344 null [INFO] (/home/meteo/dev/redist/fwidbmgr/include/Grid.h:1695) Grid dc configured.
2016-08-30 05:22:06,345 null [INFO] (/home/meteo/dev/redist/fwidbmgr/include/Grid.h:1595) Configuring grid: bui
2016-08-30 05:22:06,345 null [INFO] (/home/meteo/dev/redist/fwidbmgr/include/Grid.h:1695) Grid bui configured.
2016-08-30 05:22:06,347 null [INFO] (/home/meteo/dev/redist/fwidbmgr/include/Grid.h:1595) Configuring grid: ffmc_tmp
2016-08-30 05:22:06,347 null [INFO] (/home/meteo/dev/redist/fwidbmgr/include/Grid.h:1695) Grid ffmc_tmp configured.
2016-08-30 05:22:06,348 null [INFO] (/home/meteo/dev/redist/fwidbmgr/include/Grid.h:1595) Configuring grid: dmc_tmp
2016-08-30 05:22:06,348 null [INFO] (/home/meteo/dev/redist/fwidbmgr/include/Grid.h:1695) Grid dmc_tmp configured.
2016-08-30 05:22:06,350 null [INFO] (/home/meteo/dev/redist/fwidbmgr/include/Grid.h:1595) Configuring grid: dc_tmp
2016-08-30 05:22:06,350 null [INFO] (/home/meteo/dev/redist/fwidbmgr/include/Grid.h:1695) Grid dc_tmp configured.
2016-08-30 05:22:06,351 null [INFO] (/home/meteo/dev/redist/fwidbmgr/include/Grid.h:1595) Configuring grid: idi
2016-08-30 05:22:06,351 null [INFO] (/home/meteo/dev/redist/fwidbmgr/include/Grid.h:1695) Grid idi configured.
2016-08-30 05:22:06,353 null [INFO] (/home/meteo/dev/redist/fwidbmgr/include/Grid.h:1595) Configuring grid: angstrom
2016-08-30 05:22:06,353 null [INFO] (/home/meteo/dev/redist/fwidbmgr/include/Grid.h:1695) Grid angstrom configured.
2016-08-30 05:22:06,354 null [INFO] (/home/meteo/dev/redist/fwidbmgr/include/Grid.h:1595) Configuring grid: fmi
2016-08-30 05:22:06,354 null [INFO] (/home/meteo/dev/redist/fwidbmgr/include/Grid.h:1695) Grid fmi configured.
2016-08-30 05:22:06,356 null [INFO] (/home/meteo/dev/redist/fwidbmgr/include/Grid.h:1595) Configuring grid: sharples
2016-08-30 05:22:06,356 null [INFO] (/home/meteo/dev/redist/fwidbmgr/include/Grid.h:1695) Grid sharples configured.
2016-08-30 05:22:38,710 null [INFO] (/home/meteo/dev/redist/fwidbmgr/include/Grid.h:1595) Configuring grid: snow
2016-08-30 05:22:38,792 null [INFO] (/home/meteo/dev/redist/fwidbmgr/include/Grid.h:1695) Grid snow configured.
2016-08-30 05:22:38,793 null [INFO] (/home/meteo/dev/redist/fwidbmgr/include/Grid.h:1595) Configuring grid: snow_covering
2016-08-30 05:22:38,793 null [INFO] (/home/meteo/dev/redist/fwidbmgr/include/Grid.h:1695) Grid snow_covering configured.
2016-08-30 05:22:38,793 null [INFO] (/home/meteo/dev/redist/fwidbmgr/include/Grid.h:1595) Configuring grid: snow_dissolution
2016-08-30 05:22:38,793 null [INFO] (/home/meteo/dev/redist/fwidbmgr/include/Grid.h:1695) Grid snow_dissolution configured.
2016-08-30 05:22:38,793 null [INFO] (/home/meteo/dev/redist/fwidbmgr/include/Grid.h:1595) Configuring grid: temperature
2016-08-30 05:22:38,793 null [INFO] (/home/meteo/dev/redist/fwidbmgr/include/Grid.h:1695) Grid temperature configured.
2016-08-30 05:22:38,793 null [INFO] (/home/meteo/dev/redist/fwidbmgr/include/Grid.h:1595) Configuring grid: humidity
2016-08-30 05:22:38,793 null [INFO] (/home/meteo/dev/redist/fwidbmgr/include/Grid.h:1695) Grid humidity configured.
2016-08-30 05:22:38,793 null [INFO] (/home/meteo/dev/redist/fwidbmgr/include/Grid.h:1595) Configuring grid: windspeed
2016-08-30 05:22:38,794 null [INFO] (/home/meteo/dev/redist/fwidbmgr/include/Grid.h:1695) Grid windspeed configured.
2016-08-30 05:22:38,794 null [INFO] (/home/meteo/dev/redist/fwidbmgr/include/Grid.h:1595) Configuring grid: rain
2016-08-30 05:22:38,794 null [INFO] (/home/meteo/dev/redist/fwidbmgr/include/Grid.h:1695) Grid rain configured.
2016-08-30 05:22:38,794 null [INFO] (/home/meteo/dev/redist/fwidbmgr/include/Grid.h:1595) Configuring grid: cum_rain
2016-08-30 05:22:38,802 null [INFO] (/home/meteo/dev/redist/fwidbmgr/include/Grid.h:1695) Grid cum_rain configured.
2016-08-30 05:26:04,232 null [INFO] (../src/fwidbmgr.cpp:5466) OK --> 20160829 indexes computed.
2016-08-30 05:26:04,254 null [INFO] (../src/fwidbmgr.cpp:5496) action computeidx took about 238 seconds.
2016-08-30 05:26:04,255 null [INFO] (../src/fwidbmgr.cpp:5499) Disconnected from database.
2016-08-30 05:26:05,508 null [INFO] (../src/fwidbmgr.cpp:5207) fwi db manager
2016-08-30 05:26:05,518 null [INFO] (../src/fwidbmgr.cpp:5209) Program home: /home/meteo/dev/redist/fwidbmgr
2016-08-30 05:26:05,519 null [INFO] (../src/fwidbmgr.cpp:5211) Auto convert: 1
2016-08-30 05:26:05,519 null [INFO] (../src/fwidbmgr.cpp:458) action: exportidx.
2016-08-30 05:26:05,519 null [INFO] (../src/fwidbmgr.cpp:482) date: 20160829.
2016-08-30 05:26:05,519 null [INFO] (../src/fwidbmgr.cpp:319) Try to read: /home/meteo/dev/redist/fwidbmgr/config/fwidbmgr.conf.
2016-08-30 05:26:05,563 null [INFO] (../src/fwidbmgr.cpp:5240) Configuration parsing: OK.
2016-08-30 05:26:05,582 null [INFO] (../src/fwidbmgr.cpp:5322) Connected to database
2016-08-30 05:26:05,582 null [INFO] (../src/fwidbmgr.cpp:5323) Manage data for date: 20160829.
2016-08-30 05:26:05,582 null [INFO] (../src/fwidbmgr.cpp:5415) Exporting indexes.
2016-08-30 05:26:05,584 null [INFO] (/home/meteo/dev/redist/fwidbmgr/include/Grid.h:1595) Configuring grid: isi
2016-08-30 05:26:05,584 null [INFO] (/home/meteo/dev/redist/fwidbmgr/include/Grid.h:1695) Grid isi configured.
2016-08-30 05:26:05,585 null [INFO] (/home/meteo/dev/redist/fwidbmgr/include/Grid.h:1595) Configuring grid: fwi
2016-08-30 05:26:05,585 null [INFO] (/home/meteo/dev/redist/fwidbmgr/include/Grid.h:1695) Grid fwi configured.
2016-08-30 05:26:05,587 null [INFO] (/home/meteo/dev/redist/fwidbmgr/include/Grid.h:1595) Configuring grid: ffmc
2016-08-30 05:26:05,587 null [INFO] (/home/meteo/dev/redist/fwidbmgr/include/Grid.h:1695) Grid ffmc configured.
2016-08-30 05:26:05,588 null [INFO] (/home/meteo/dev/redist/fwidbmgr/include/Grid.h:1595) Configuring grid: dmc
2016-08-30 05:26:05,588 null [INFO] (/home/meteo/dev/redist/fwidbmgr/include/Grid.h:1695) Grid dmc configured.
2016-08-30 05:26:05,589 null [INFO] (/home/meteo/dev/redist/fwidbmgr/include/Grid.h:1595) Configuring grid: dc
2016-08-30 05:26:05,589 null [INFO] (/home/meteo/dev/redist/fwidbmgr/include/Grid.h:1695) Grid dc configured.
2016-08-30 05:26:05,591 null [INFO] (/home/meteo/dev/redist/fwidbmgr/include/Grid.h:1595) Configuring grid: bui
2016-08-30 05:26:05,591 null [INFO] (/home/meteo/dev/redist/fwidbmgr/include/Grid.h:1695) Grid bui configured.
2016-08-30 05:26:05,592 null [INFO] (/home/meteo/dev/redist/fwidbmgr/include/Grid.h:1595) Configuring grid: ffmc_tmp
2016-08-30 05:26:05,592 null [INFO] (/home/meteo/dev/redist/fwidbmgr/include/Grid.h:1695) Grid ffmc_tmp configured.
2016-08-30 05:26:05,594 null [INFO] (/home/meteo/dev/redist/fwidbmgr/include/Grid.h:1595) Configuring grid: dmc_tmp
2016-08-30 05:26:05,594 null [INFO] (/home/meteo/dev/redist/fwidbmgr/include/Grid.h:1695) Grid dmc_tmp configured.
2016-08-30 05:26:05,596 null [INFO] (/home/meteo/dev/redist/fwidbmgr/include/Grid.h:1595) Configuring grid: dc_tmp
2016-08-30 05:26:05,596 null [INFO] (/home/meteo/dev/redist/fwidbmgr/include/Grid.h:1695) Grid dc_tmp configured.
2016-08-30 05:26:05,597 null [INFO] (/home/meteo/dev/redist/fwidbmgr/include/Grid.h:1595) Configuring grid: idi
2016-08-30 05:26:05,597 null [INFO] (/home/meteo/dev/redist/fwidbmgr/include/Grid.h:1695) Grid idi configured.
2016-08-30 05:26:05,598 null [INFO] (/home/meteo/dev/redist/fwidbmgr/include/Grid.h:1595) Configuring grid: angstrom
2016-08-30 05:26:05,599 null [INFO] (/home/meteo/dev/redist/fwidbmgr/include/Grid.h:1695) Grid angstrom configured.
2016-08-30 05:26:05,600 null [INFO] (/home/meteo/dev/redist/fwidbmgr/include/Grid.h:1595) Configuring grid: fmi
2016-08-30 05:26:05,600 null [INFO] (/home/meteo/dev/redist/fwidbmgr/include/Grid.h:1695) Grid fmi configured.
2016-08-30 05:26:05,607 null [INFO] (/home/meteo/dev/redist/fwidbmgr/include/Grid.h:1595) Configuring grid: sharples
2016-08-30 05:26:05,607 null [INFO] (/home/meteo/dev/redist/fwidbmgr/include/Grid.h:1695) Grid sharples configured.
2016-08-30 05:26:36,309 null [INFO] (/home/meteo/dev/redist/fwidbmgr/include/Grid.h:1595) Configuring grid: isi
2016-08-30 05:26:36,380 null [INFO] (/home/meteo/dev/redist/fwidbmgr/include/Grid.h:1695) Grid isi configured.
2016-08-30 05:26:36,460 null [INFO] (/home/meteo/dev/redist/fwidbmgr/include/Grid.h:1595) Configuring grid: fwi
2016-08-30 05:26:36,460 null [INFO] (/home/meteo/dev/redist/fwidbmgr/include/Grid.h:1695) Grid fwi configured.
2016-08-30 05:26:36,500 null [INFO] (/home/meteo/dev/redist/fwidbmgr/include/Grid.h:1595) Configuring grid: ffmc
2016-08-30 05:26:36,501 null [INFO] (/home/meteo/dev/redist/fwidbmgr/include/Grid.h:1695) Grid ffmc configured.
2016-08-30 05:26:36,544 null [INFO] (/home/meteo/dev/redist/fwidbmgr/include/Grid.h:1595) Configuring grid: dmc
2016-08-30 05:26:36,544 null [INFO] (/home/meteo/dev/redist/fwidbmgr/include/Grid.h:1695) Grid dmc configured.
2016-08-30 05:26:36,596 null [INFO] (/home/meteo/dev/redist/fwidbmgr/include/Grid.h:1595) Configuring grid: dc
2016-08-30 05:26:36,596 null [INFO] (/home/meteo/dev/redist/fwidbmgr/include/Grid.h:1695) Grid dc configured.
2016-08-30 05:26:36,669 null [INFO] (/home/meteo/dev/redist/fwidbmgr/include/Grid.h:1595) Configuring grid: bui
2016-08-30 05:26:36,669 null [INFO] (/home/meteo/dev/redist/fwidbmgr/include/Grid.h:1695) Grid bui configured.
2016-08-30 05:26:36,738 null [INFO] (/home/meteo/dev/redist/fwidbmgr/include/Grid.h:1595) Configuring grid: ffmc_tmp
2016-08-30 05:26:36,738 null [INFO] (/home/meteo/dev/redist/fwidbmgr/include/Grid.h:1695) Grid ffmc_tmp configured.
2016-08-30 05:26:36,778 null [INFO] (/home/meteo/dev/redist/fwidbmgr/include/Grid.h:1595) Configuring grid: dmc_tmp
2016-08-30 05:26:36,778 null [INFO] (/home/meteo/dev/redist/fwidbmgr/include/Grid.h:1695) Grid dmc_tmp configured.
2016-08-30 05:26:36,827 null [INFO] (/home/meteo/dev/redist/fwidbmgr/include/Grid.h:1595) Configuring grid: dc_tmp
2016-08-30 05:26:36,827 null [INFO] (/home/meteo/dev/redist/fwidbmgr/include/Grid.h:1695) Grid dc_tmp configured.
2016-08-30 05:26:36,900 null [INFO] (/home/meteo/dev/redist/fwidbmgr/include/Grid.h:1595) Configuring grid: angstrom
2016-08-30 05:26:36,900 null [INFO] (/home/meteo/dev/redist/fwidbmgr/include/Grid.h:1695) Grid angstrom configured.
2016-08-30 05:26:37,239 null [INFO] (/home/meteo/dev/redist/fwidbmgr/include/Grid.h:1595) Configuring grid: sharples
2016-08-30 05:26:37,239 null [INFO] (/home/meteo/dev/redist/fwidbmgr/include/Grid.h:1695) Grid sharples configured.
2016-08-30 05:26:37,299 null [INFO] (/home/meteo/dev/redist/fwidbmgr/include/Grid.h:1595) Configuring grid: fmi
2016-08-30 05:26:37,299 null [INFO] (/home/meteo/dev/redist/fwidbmgr/include/Grid.h:1695) Grid fmi configured.
2016-08-30 05:26:37,360 null [INFO] (../src/fwidbmgr.cpp:5418) OK --> 20160829 indexes exported to files.
2016-08-30 05:26:37,360 null [INFO] (../src/fwidbmgr.cpp:5496) action exportidx took about 32 seconds.
2016-08-30 05:26:37,360 null [INFO] (../src/fwidbmgr.cpp:5499) Disconnected from database.
2016-08-30 05:27:21,144 null [INFO] (../src/fwidbmgr.cpp:5207) fwi db manager
2016-08-30 05:27:21,144 null [INFO] (../src/fwidbmgr.cpp:5209) Program home: /home/meteo/dev/redist/fwidbmgr
2016-08-30 05:27:21,144 null [INFO] (../src/fwidbmgr.cpp:5211) Auto convert: 1
2016-08-30 05:27:21,144 null [INFO] (../src/fwidbmgr.cpp:458) action: outimg.
2016-08-30 05:27:21,144 null [INFO] (../src/fwidbmgr.cpp:482) date: 20160829.
2016-08-30 05:27:21,144 null [INFO] (../src/fwidbmgr.cpp:319) Try to read: /home/meteo/dev/redist/fwidbmgr/config/fwidbmgr.conf.
2016-08-30 05:27:21,167 null [INFO] (../src/fwidbmgr.cpp:5240) Configuration parsing: OK.
2016-08-30 05:27:21,198 null [INFO] (../src/fwidbmgr.cpp:5322) Connected to database
2016-08-30 05:27:21,198 null [INFO] (../src/fwidbmgr.cpp:5323) Manage data for date: 20160829.
2016-08-30 05:27:21,198 null [INFO] (../src/fwidbmgr.cpp:5391) Importing fwi indexes images in database.
2016-08-30 05:27:21,911 null [INFO] (../src/fwidbmgr.cpp:5394) OK --> 20160829 images imported.
2016-08-30 05:27:21,913 null [INFO] (../src/fwidbmgr.cpp:5496) action outimg took about 0 seconds.
2016-08-30 05:27:21,923 null [INFO] (../src/fwidbmgr.cpp:5499) Disconnected from database.
2016-08-30 05:37:02,854 null [INFO] (../src/fwidbmgr.cpp:5207) fwi db manager
2016-08-30 05:37:02,855 null [INFO] (../src/fwidbmgr.cpp:5209) Program home: /home/meteo/dev/redist/fwidbmgr
2016-08-30 05:37:02,855 null [INFO] (../src/fwidbmgr.cpp:5211) Auto convert: 1
2016-08-30 05:37:02,855 null [INFO] (../src/fwidbmgr.cpp:458) action: outimg.
2016-08-30 05:37:02,855 null [INFO] (../src/fwidbmgr.cpp:482) date: 20160829.
2016-08-30 05:37:02,855 null [INFO] (../src/fwidbmgr.cpp:319) Try to read: /home/meteo/dev/redist/fwidbmgr/config/fwidbmgr.conf.
2016-08-30 05:37:02,857 null [INFO] (../src/fwidbmgr.cpp:5240) Configuration parsing: OK.
2016-08-30 05:37:02,866 null [INFO] (../src/fwidbmgr.cpp:5322) Connected to database
2016-08-30 05:37:02,866 null [INFO] (../src/fwidbmgr.cpp:5323) Manage data for date: 20160829.
2016-08-30 05:37:02,866 null [INFO] (../src/fwidbmgr.cpp:5391) Importing fwi indexes images in database.
2016-08-30 05:37:04,306 null [INFO] (../src/fwidbmgr.cpp:5394) OK --> 20160829 images imported.
2016-08-30 05:37:04,306 null [INFO] (../src/fwidbmgr.cpp:5496) action outimg took about 2 seconds.
2016-08-30 05:37:04,306 null [INFO] (../src/fwidbmgr.cpp:5499) Disconnected from database.
2016-08-30 06:05:02,087 null [INFO] (../src/fwidbmgr.cpp:5207) fwi db manager
2016-08-30 06:05:02,092 null [INFO] (../src/fwidbmgr.cpp:5209) Program home: /home/meteo/dev/redist/fwidbmgr
2016-08-30 06:05:02,092 null [INFO] (../src/fwidbmgr.cpp:5211) Auto convert: 1
2016-08-30 06:05:02,092 null [INFO] (../src/fwidbmgr.cpp:458) action: outimg.
2016-08-30 06:05:02,092 null [INFO] (../src/fwidbmgr.cpp:482) date: 20160829.
2016-08-30 06:05:02,092 null [INFO] (../src/fwidbmgr.cpp:319) Try to read: /home/meteo/dev/redist/fwidbmgr/config/fwidbmgr.conf.
2016-08-30 06:05:02,109 null [INFO] (../src/fwidbmgr.cpp:5240) Configuration parsing: OK.
2016-08-30 06:05:02,135 null [INFO] (../src/fwidbmgr.cpp:5322) Connected to database
2016-08-30 06:05:02,135 null [INFO] (../src/fwidbmgr.cpp:5323) Manage data for date: 20160829.
2016-08-30 06:05:02,136 null [INFO] (../src/fwidbmgr.cpp:5391) Importing fwi indexes images in database.
2016-08-30 06:05:02,757 null [INFO] (../src/fwidbmgr.cpp:5394) OK --> 20160829 images imported.
2016-08-30 06:05:02,757 null [INFO] (../src/fwidbmgr.cpp:5496) action outimg took about 0 seconds.
2016-08-30 06:05:02,758 null [INFO] (../src/fwidbmgr.cpp:5499) Disconnected from database.
2016-08-30 06:37:05,005 null [INFO] (../src/fwidbmgr.cpp:5207) fwi db manager
2016-08-30 06:37:05,005 null [INFO] (../src/fwidbmgr.cpp:5209) Program home: /home/meteo/dev/redist/fwidbmgr
2016-08-30 06:37:05,005 null [INFO] (../src/fwidbmgr.cpp:5211) Auto convert: 1
2016-08-30 06:37:05,005 null [INFO] (../src/fwidbmgr.cpp:458) action: outimg.
2016-08-30 06:37:05,005 null [INFO] (../src/fwidbmgr.cpp:482) date: 20160829.
2016-08-30 06:37:05,005 null [INFO] (../src/fwidbmgr.cpp:319) Try to read: /home/meteo/dev/redist/fwidbmgr/config/fwidbmgr.conf.
2016-08-30 06:37:05,007 null [INFO] (../src/fwidbmgr.cpp:5240) Configuration parsing: OK.
2016-08-30 06:37:05,021 null [INFO] (../src/fwidbmgr.cpp:5322) Connected to database
2016-08-30 06:37:05,021 null [INFO] (../src/fwidbmgr.cpp:5323) Manage data for date: 20160829.
2016-08-30 06:37:05,022 null [INFO] (../src/fwidbmgr.cpp:5391) Importing fwi indexes images in database.
2016-08-30 06:37:05,930 null [INFO] (../src/fwidbmgr.cpp:5394) OK --> 20160829 images imported.
2016-08-30 06:37:05,930 null [INFO] (../src/fwidbmgr.cpp:5496) action outimg took about 0 seconds.
2016-08-30 06:37:05,930 null [INFO] (../src/fwidbmgr.cpp:5499) Disconnected from database.
2016-08-30 07:05:03,131 null [INFO] (../src/fwidbmgr.cpp:5207) fwi db manager
2016-08-30 07:05:03,152 null [INFO] (../src/fwidbmgr.cpp:5209) Program home: /home/meteo/dev/redist/fwidbmgr
2016-08-30 07:05:03,173 null [INFO] (../src/fwidbmgr.cpp:5211) Auto convert: 1
2016-08-30 07:05:03,173 null [INFO] (../src/fwidbmgr.cpp:458) action: outimg.
2016-08-30 07:05:03,173 null [INFO] (../src/fwidbmgr.cpp:482) date: 20160829.
2016-08-30 07:05:03,173 null [INFO] (../src/fwidbmgr.cpp:319) Try to read: /home/meteo/dev/redist/fwidbmgr/config/fwidbmgr.conf.
2016-08-30 07:05:03,235 null [INFO] (../src/fwidbmgr.cpp:5240) Configuration parsing: OK.
2016-08-30 07:05:03,273 null [INFO] (../src/fwidbmgr.cpp:5322) Connected to database
2016-08-30 07:05:03,273 null [INFO] (../src/fwidbmgr.cpp:5323) Manage data for date: 20160829.
2016-08-30 07:05:03,273 null [INFO] (../src/fwidbmgr.cpp:5391) Importing fwi indexes images in database.
2016-08-30 07:05:03,733 null [INFO] (../src/fwidbmgr.cpp:5394) OK --> 20160829 images imported.
2016-08-30 07:05:03,734 null [INFO] (../src/fwidbmgr.cpp:5496) action outimg took about 0 seconds.
2016-08-30 07:05:03,734 null [INFO] (../src/fwidbmgr.cpp:5499) Disconnected from database.
2016-08-30 07:37:02,864 null [INFO] (../src/fwidbmgr.cpp:5207) fwi db manager
2016-08-30 07:37:02,865 null [INFO] (../src/fwidbmgr.cpp:5209) Program home: /home/meteo/dev/redist/fwidbmgr
2016-08-30 07:37:02,865 null [INFO] (../src/fwidbmgr.cpp:5211) Auto convert: 1
2016-08-30 07:37:02,865 null [INFO] (../src/fwidbmgr.cpp:458) action: outimg.
2016-08-30 07:37:02,865 null [INFO] (../src/fwidbmgr.cpp:482) date: 20160829.
2016-08-30 07:37:02,865 null [INFO] (../src/fwidbmgr.cpp:319) Try to read: /home/meteo/dev/redist/fwidbmgr/config/fwidbmgr.conf.
2016-08-30 07:37:02,867 null [INFO] (../src/fwidbmgr.cpp:5240) Configuration parsing: OK.
2016-08-30 07:37:02,878 null [INFO] (../src/fwidbmgr.cpp:5322) Connected to database
2016-08-30 07:37:02,878 null [INFO] (../src/fwidbmgr.cpp:5323) Manage data for date: 20160829.
2016-08-30 07:37:02,878 null [INFO] (../src/fwidbmgr.cpp:5391) Importing fwi indexes images in database.
2016-08-30 07:37:03,308 null [INFO] (../src/fwidbmgr.cpp:5394) OK --> 20160829 images imported.
2016-08-30 07:37:03,308 null [INFO] (../src/fwidbmgr.cpp:5496) action outimg took about 1 seconds.
2016-08-30 07:37:03,309 null [INFO] (../src/fwidbmgr.cpp:5499) Disconnected from database.
