2016-04-26 05:07:31,658 null [INFO] (../src/fwidbmgr.cpp:5207) fwi db manager
2016-04-26 05:07:31,660 null [INFO] (../src/fwidbmgr.cpp:5209) Program home: /home/meteo/dev/redist/fwidbmgr
2016-04-26 05:07:31,660 null [INFO] (../src/fwidbmgr.cpp:5211) Auto convert: 1
2016-04-26 05:07:31,660 null [INFO] (../src/fwidbmgr.cpp:458) action: in.
2016-04-26 05:07:31,660 null [INFO] (../src/fwidbmgr.cpp:482) date: 20160425.
2016-04-26 05:07:31,660 null [INFO] (../src/fwidbmgr.cpp:319) Try to read: /home/meteo/dev/redist/fwidbmgr/config/fwidbmgr.conf.
2016-04-26 05:07:31,668 null [INFO] (../src/fwidbmgr.cpp:5240) Configuration parsing: OK.
2016-04-26 05:07:32,735 null [INFO] (../src/fwidbmgr.cpp:5322) Connected to database
2016-04-26 05:07:32,735 null [INFO] (../src/fwidbmgr.cpp:5323) Manage data for date: 20160425.
2016-04-26 05:07:32,735 null [INFO] (../src/fwidbmgr.cpp:5367) Importing meteo data in database for day: 20160425.
2016-04-26 05:07:32,737 null [INFO] (/home/meteo/dev/redist/fwidbmgr/include/Grid.h:1595) Configuring grid: snow
2016-04-26 05:07:32,737 null [INFO] (/home/meteo/dev/redist/fwidbmgr/include/Grid.h:1695) Grid snow configured.
2016-04-26 05:07:32,749 null [INFO] (/home/meteo/dev/redist/fwidbmgr/include/Grid.h:1595) Configuring grid: snow_covering
2016-04-26 05:07:32,749 null [INFO] (/home/meteo/dev/redist/fwidbmgr/include/Grid.h:1695) Grid snow_covering configured.
2016-04-26 05:07:32,763 null [INFO] (/home/meteo/dev/redist/fwidbmgr/include/Grid.h:1595) Configuring grid: snow_dissolution
2016-04-26 05:07:32,763 null [INFO] (/home/meteo/dev/redist/fwidbmgr/include/Grid.h:1695) Grid snow_dissolution configured.
2016-04-26 05:07:32,787 null [INFO] (/home/meteo/dev/redist/fwidbmgr/include/Grid.h:1595) Configuring grid: temperature
2016-04-26 05:07:32,787 null [INFO] (/home/meteo/dev/redist/fwidbmgr/include/Grid.h:1695) Grid temperature configured.
2016-04-26 05:07:32,792 null [INFO] (/home/meteo/dev/redist/fwidbmgr/include/Grid.h:1595) Configuring grid: humidity
2016-04-26 05:07:32,792 null [INFO] (/home/meteo/dev/redist/fwidbmgr/include/Grid.h:1695) Grid humidity configured.
2016-04-26 05:07:32,803 null [INFO] (/home/meteo/dev/redist/fwidbmgr/include/Grid.h:1595) Configuring grid: windspeed
2016-04-26 05:07:32,803 null [INFO] (/home/meteo/dev/redist/fwidbmgr/include/Grid.h:1695) Grid windspeed configured.
2016-04-26 05:07:32,825 null [INFO] (/home/meteo/dev/redist/fwidbmgr/include/Grid.h:1595) Configuring grid: rain
2016-04-26 05:07:32,825 null [INFO] (/home/meteo/dev/redist/fwidbmgr/include/Grid.h:1695) Grid rain configured.
2016-04-26 05:07:32,828 null [INFO] (/home/meteo/dev/redist/fwidbmgr/include/Grid.h:1595) Configuring grid: cum_rain
2016-04-26 05:07:32,828 null [INFO] (/home/meteo/dev/redist/fwidbmgr/include/Grid.h:1695) Grid cum_rain configured.
2016-04-26 05:08:20,465 null [INFO] (../src/fwidbmgr.cpp:1502) Storing meteo input ...
2016-04-26 05:09:27,787 null [INFO] (../src/fwidbmgr.cpp:5370) OK --> 20160425 data imported.
2016-04-26 05:09:27,827 null [INFO] (../src/fwidbmgr.cpp:5496) action in took about 115 seconds.
2016-04-26 05:09:27,972 null [INFO] (../src/fwidbmgr.cpp:5499) Disconnected from database.
2016-04-26 05:10:50,645 null [INFO] (../src/fwidbmgr.cpp:5207) fwi db manager
2016-04-26 05:10:50,645 null [INFO] (../src/fwidbmgr.cpp:5209) Program home: /home/meteo/dev/redist/fwidbmgr
2016-04-26 05:10:50,645 null [INFO] (../src/fwidbmgr.cpp:5211) Auto convert: 1
2016-04-26 05:10:50,646 null [INFO] (../src/fwidbmgr.cpp:458) action: out.
2016-04-26 05:10:50,646 null [INFO] (../src/fwidbmgr.cpp:482) date: 20160425.
2016-04-26 05:10:50,646 null [INFO] (../src/fwidbmgr.cpp:319) Try to read: /home/meteo/dev/redist/fwidbmgr/config/fwidbmgr.conf.
2016-04-26 05:10:50,651 null [INFO] (../src/fwidbmgr.cpp:5240) Configuration parsing: OK.
2016-04-26 05:10:50,678 null [INFO] (../src/fwidbmgr.cpp:5322) Connected to database
2016-04-26 05:10:50,678 null [INFO] (../src/fwidbmgr.cpp:5323) Manage data for date: 20160425.
2016-04-26 05:10:50,678 null [INFO] (../src/fwidbmgr.cpp:5379) Importing fwi indexes data in database for day: 20160425.
2016-04-26 05:10:50,686 null [INFO] (/home/meteo/dev/redist/fwidbmgr/include/Grid.h:1595) Configuring grid: isi
2016-04-26 05:10:50,687 null [INFO] (/home/meteo/dev/redist/fwidbmgr/include/Grid.h:1695) Grid isi configured.
2016-04-26 05:10:50,700 null [INFO] (/home/meteo/dev/redist/fwidbmgr/include/Grid.h:1595) Configuring grid: fwi
2016-04-26 05:10:50,700 null [INFO] (/home/meteo/dev/redist/fwidbmgr/include/Grid.h:1695) Grid fwi configured.
2016-04-26 05:10:50,714 null [INFO] (/home/meteo/dev/redist/fwidbmgr/include/Grid.h:1595) Configuring grid: ffmc
2016-04-26 05:10:50,714 null [INFO] (/home/meteo/dev/redist/fwidbmgr/include/Grid.h:1695) Grid ffmc configured.
2016-04-26 05:10:50,727 null [INFO] (/home/meteo/dev/redist/fwidbmgr/include/Grid.h:1595) Configuring grid: dmc
2016-04-26 05:10:50,727 null [INFO] (/home/meteo/dev/redist/fwidbmgr/include/Grid.h:1695) Grid dmc configured.
2016-04-26 05:10:50,741 null [INFO] (/home/meteo/dev/redist/fwidbmgr/include/Grid.h:1595) Configuring grid: dc
2016-04-26 05:10:50,741 null [INFO] (/home/meteo/dev/redist/fwidbmgr/include/Grid.h:1695) Grid dc configured.
2016-04-26 05:10:50,755 null [INFO] (/home/meteo/dev/redist/fwidbmgr/include/Grid.h:1595) Configuring grid: bui
2016-04-26 05:10:50,755 null [INFO] (/home/meteo/dev/redist/fwidbmgr/include/Grid.h:1695) Grid bui configured.
2016-04-26 05:10:50,769 null [INFO] (/home/meteo/dev/redist/fwidbmgr/include/Grid.h:1595) Configuring grid: ffmc_tmp
2016-04-26 05:10:50,769 null [INFO] (/home/meteo/dev/redist/fwidbmgr/include/Grid.h:1695) Grid ffmc_tmp configured.
2016-04-26 05:10:50,815 null [INFO] (/home/meteo/dev/redist/fwidbmgr/include/Grid.h:1595) Configuring grid: dmc_tmp
2016-04-26 05:10:50,815 null [INFO] (/home/meteo/dev/redist/fwidbmgr/include/Grid.h:1695) Grid dmc_tmp configured.
2016-04-26 05:10:50,835 null [INFO] (/home/meteo/dev/redist/fwidbmgr/include/Grid.h:1595) Configuring grid: dc_tmp
2016-04-26 05:10:50,835 null [INFO] (/home/meteo/dev/redist/fwidbmgr/include/Grid.h:1695) Grid dc_tmp configured.
2016-04-26 05:10:50,855 null [INFO] (/home/meteo/dev/redist/fwidbmgr/include/Grid.h:1595) Configuring grid: idi
2016-04-26 05:10:50,855 null [INFO] (/home/meteo/dev/redist/fwidbmgr/include/Grid.h:1695) Grid idi configured.
2016-04-26 05:11:01,459 null [INFO] (../src/fwidbmgr.cpp:2045) Storing FWI indexes ...
2016-04-26 05:11:21,125 null [INFO] (../src/fwidbmgr.cpp:5382) OK --> 20160425 data imported.
2016-04-26 05:11:21,132 null [INFO] (../src/fwidbmgr.cpp:5496) action out took about 31 seconds.
2016-04-26 05:11:21,179 null [INFO] (../src/fwidbmgr.cpp:5499) Disconnected from database.
2016-04-26 05:11:21,605 null [INFO] (../src/fwidbmgr.cpp:5207) fwi db manager
2016-04-26 05:11:21,605 null [INFO] (../src/fwidbmgr.cpp:5209) Program home: /home/meteo/dev/redist/fwidbmgr
2016-04-26 05:11:21,605 null [INFO] (../src/fwidbmgr.cpp:5211) Auto convert: 1
2016-04-26 05:11:21,605 null [INFO] (../src/fwidbmgr.cpp:458) action: computeidx.
2016-04-26 05:11:21,605 null [INFO] (../src/fwidbmgr.cpp:482) date: 20160425.
2016-04-26 05:11:21,605 null [INFO] (../src/fwidbmgr.cpp:319) Try to read: /home/meteo/dev/redist/fwidbmgr/config/fwidbmgr.conf.
2016-04-26 05:11:21,609 null [INFO] (../src/fwidbmgr.cpp:5240) Configuration parsing: OK.
2016-04-26 05:11:21,656 null [INFO] (../src/fwidbmgr.cpp:5322) Connected to database
2016-04-26 05:11:21,657 null [INFO] (../src/fwidbmgr.cpp:5323) Manage data for date: 20160425.
2016-04-26 05:11:21,657 null [INFO] (../src/fwidbmgr.cpp:5463) Computing indexes.
2016-04-26 05:11:21,658 null [INFO] (/home/meteo/dev/redist/fwidbmgr/include/Grid.h:1595) Configuring grid: isi
2016-04-26 05:11:21,658 null [INFO] (/home/meteo/dev/redist/fwidbmgr/include/Grid.h:1695) Grid isi configured.
2016-04-26 05:11:21,660 null [INFO] (/home/meteo/dev/redist/fwidbmgr/include/Grid.h:1595) Configuring grid: fwi
2016-04-26 05:11:21,660 null [INFO] (/home/meteo/dev/redist/fwidbmgr/include/Grid.h:1695) Grid fwi configured.
2016-04-26 05:11:21,661 null [INFO] (/home/meteo/dev/redist/fwidbmgr/include/Grid.h:1595) Configuring grid: ffmc
2016-04-26 05:11:21,665 null [INFO] (/home/meteo/dev/redist/fwidbmgr/include/Grid.h:1695) Grid ffmc configured.
2016-04-26 05:11:21,666 null [INFO] (/home/meteo/dev/redist/fwidbmgr/include/Grid.h:1595) Configuring grid: dmc
2016-04-26 05:11:21,666 null [INFO] (/home/meteo/dev/redist/fwidbmgr/include/Grid.h:1695) Grid dmc configured.
2016-04-26 05:11:21,668 null [INFO] (/home/meteo/dev/redist/fwidbmgr/include/Grid.h:1595) Configuring grid: dc
2016-04-26 05:11:21,668 null [INFO] (/home/meteo/dev/redist/fwidbmgr/include/Grid.h:1695) Grid dc configured.
2016-04-26 05:11:21,669 null [INFO] (/home/meteo/dev/redist/fwidbmgr/include/Grid.h:1595) Configuring grid: bui
2016-04-26 05:11:21,669 null [INFO] (/home/meteo/dev/redist/fwidbmgr/include/Grid.h:1695) Grid bui configured.
2016-04-26 05:11:21,671 null [INFO] (/home/meteo/dev/redist/fwidbmgr/include/Grid.h:1595) Configuring grid: ffmc_tmp
2016-04-26 05:11:21,671 null [INFO] (/home/meteo/dev/redist/fwidbmgr/include/Grid.h:1695) Grid ffmc_tmp configured.
2016-04-26 05:11:21,672 null [INFO] (/home/meteo/dev/redist/fwidbmgr/include/Grid.h:1595) Configuring grid: dmc_tmp
2016-04-26 05:11:21,672 null [INFO] (/home/meteo/dev/redist/fwidbmgr/include/Grid.h:1695) Grid dmc_tmp configured.
2016-04-26 05:11:21,674 null [INFO] (/home/meteo/dev/redist/fwidbmgr/include/Grid.h:1595) Configuring grid: dc_tmp
2016-04-26 05:11:21,674 null [INFO] (/home/meteo/dev/redist/fwidbmgr/include/Grid.h:1695) Grid dc_tmp configured.
2016-04-26 05:11:21,675 null [INFO] (/home/meteo/dev/redist/fwidbmgr/include/Grid.h:1595) Configuring grid: idi
2016-04-26 05:11:21,675 null [INFO] (/home/meteo/dev/redist/fwidbmgr/include/Grid.h:1695) Grid idi configured.
2016-04-26 05:11:21,677 null [INFO] (/home/meteo/dev/redist/fwidbmgr/include/Grid.h:1595) Configuring grid: angstrom
2016-04-26 05:11:21,677 null [INFO] (/home/meteo/dev/redist/fwidbmgr/include/Grid.h:1695) Grid angstrom configured.
2016-04-26 05:11:21,678 null [INFO] (/home/meteo/dev/redist/fwidbmgr/include/Grid.h:1595) Configuring grid: fmi
2016-04-26 05:11:21,678 null [INFO] (/home/meteo/dev/redist/fwidbmgr/include/Grid.h:1695) Grid fmi configured.
2016-04-26 05:11:21,680 null [INFO] (/home/meteo/dev/redist/fwidbmgr/include/Grid.h:1595) Configuring grid: sharples
2016-04-26 05:11:21,680 null [INFO] (/home/meteo/dev/redist/fwidbmgr/include/Grid.h:1695) Grid sharples configured.
2016-04-26 05:11:27,880 null [INFO] (/home/meteo/dev/redist/fwidbmgr/include/Grid.h:1595) Configuring grid: snow
2016-04-26 05:11:27,880 null [INFO] (/home/meteo/dev/redist/fwidbmgr/include/Grid.h:1695) Grid snow configured.
2016-04-26 05:11:27,880 null [INFO] (/home/meteo/dev/redist/fwidbmgr/include/Grid.h:1595) Configuring grid: snow_covering
2016-04-26 05:11:27,880 null [INFO] (/home/meteo/dev/redist/fwidbmgr/include/Grid.h:1695) Grid snow_covering configured.
2016-04-26 05:11:27,881 null [INFO] (/home/meteo/dev/redist/fwidbmgr/include/Grid.h:1595) Configuring grid: snow_dissolution
2016-04-26 05:11:27,881 null [INFO] (/home/meteo/dev/redist/fwidbmgr/include/Grid.h:1695) Grid snow_dissolution configured.
2016-04-26 05:11:27,881 null [INFO] (/home/meteo/dev/redist/fwidbmgr/include/Grid.h:1595) Configuring grid: temperature
2016-04-26 05:11:27,881 null [INFO] (/home/meteo/dev/redist/fwidbmgr/include/Grid.h:1695) Grid temperature configured.
2016-04-26 05:11:27,881 null [INFO] (/home/meteo/dev/redist/fwidbmgr/include/Grid.h:1595) Configuring grid: humidity
2016-04-26 05:11:27,881 null [INFO] (/home/meteo/dev/redist/fwidbmgr/include/Grid.h:1695) Grid humidity configured.
2016-04-26 05:11:27,883 null [INFO] (/home/meteo/dev/redist/fwidbmgr/include/Grid.h:1595) Configuring grid: windspeed
2016-04-26 05:11:27,884 null [INFO] (/home/meteo/dev/redist/fwidbmgr/include/Grid.h:1695) Grid windspeed configured.
2016-04-26 05:11:27,884 null [INFO] (/home/meteo/dev/redist/fwidbmgr/include/Grid.h:1595) Configuring grid: rain
2016-04-26 05:11:27,884 null [INFO] (/home/meteo/dev/redist/fwidbmgr/include/Grid.h:1695) Grid rain configured.
2016-04-26 05:11:27,884 null [INFO] (/home/meteo/dev/redist/fwidbmgr/include/Grid.h:1595) Configuring grid: cum_rain
2016-04-26 05:11:27,884 null [INFO] (/home/meteo/dev/redist/fwidbmgr/include/Grid.h:1695) Grid cum_rain configured.
2016-04-26 05:13:39,475 null [INFO] (../src/fwidbmgr.cpp:5466) OK --> 20160425 indexes computed.
2016-04-26 05:13:39,502 null [INFO] (../src/fwidbmgr.cpp:5496) action computeidx took about 138 seconds.
2016-04-26 05:13:39,502 null [INFO] (../src/fwidbmgr.cpp:5499) Disconnected from database.
2016-04-26 05:13:39,786 null [INFO] (../src/fwidbmgr.cpp:5207) fwi db manager
2016-04-26 05:13:39,786 null [INFO] (../src/fwidbmgr.cpp:5209) Program home: /home/meteo/dev/redist/fwidbmgr
2016-04-26 05:13:39,787 null [INFO] (../src/fwidbmgr.cpp:5211) Auto convert: 1
2016-04-26 05:13:39,787 null [INFO] (../src/fwidbmgr.cpp:458) action: exportidx.
2016-04-26 05:13:39,787 null [INFO] (../src/fwidbmgr.cpp:482) date: 20160425.
2016-04-26 05:13:39,787 null [INFO] (../src/fwidbmgr.cpp:319) Try to read: /home/meteo/dev/redist/fwidbmgr/config/fwidbmgr.conf.
2016-04-26 05:13:39,791 null [INFO] (../src/fwidbmgr.cpp:5240) Configuration parsing: OK.
2016-04-26 05:13:39,818 null [INFO] (../src/fwidbmgr.cpp:5322) Connected to database
2016-04-26 05:13:39,818 null [INFO] (../src/fwidbmgr.cpp:5323) Manage data for date: 20160425.
2016-04-26 05:13:39,818 null [INFO] (../src/fwidbmgr.cpp:5415) Exporting indexes.
2016-04-26 05:13:39,820 null [INFO] (/home/meteo/dev/redist/fwidbmgr/include/Grid.h:1595) Configuring grid: isi
2016-04-26 05:13:39,820 null [INFO] (/home/meteo/dev/redist/fwidbmgr/include/Grid.h:1695) Grid isi configured.
2016-04-26 05:13:39,821 null [INFO] (/home/meteo/dev/redist/fwidbmgr/include/Grid.h:1595) Configuring grid: fwi
2016-04-26 05:13:39,821 null [INFO] (/home/meteo/dev/redist/fwidbmgr/include/Grid.h:1695) Grid fwi configured.
2016-04-26 05:13:39,823 null [INFO] (/home/meteo/dev/redist/fwidbmgr/include/Grid.h:1595) Configuring grid: ffmc
2016-04-26 05:13:39,823 null [INFO] (/home/meteo/dev/redist/fwidbmgr/include/Grid.h:1695) Grid ffmc configured.
2016-04-26 05:13:39,824 null [INFO] (/home/meteo/dev/redist/fwidbmgr/include/Grid.h:1595) Configuring grid: dmc
2016-04-26 05:13:39,824 null [INFO] (/home/meteo/dev/redist/fwidbmgr/include/Grid.h:1695) Grid dmc configured.
2016-04-26 05:13:39,826 null [INFO] (/home/meteo/dev/redist/fwidbmgr/include/Grid.h:1595) Configuring grid: dc
2016-04-26 05:13:39,826 null [INFO] (/home/meteo/dev/redist/fwidbmgr/include/Grid.h:1695) Grid dc configured.
2016-04-26 05:13:39,827 null [INFO] (/home/meteo/dev/redist/fwidbmgr/include/Grid.h:1595) Configuring grid: bui
2016-04-26 05:13:39,827 null [INFO] (/home/meteo/dev/redist/fwidbmgr/include/Grid.h:1695) Grid bui configured.
2016-04-26 05:13:39,829 null [INFO] (/home/meteo/dev/redist/fwidbmgr/include/Grid.h:1595) Configuring grid: ffmc_tmp
2016-04-26 05:13:39,829 null [INFO] (/home/meteo/dev/redist/fwidbmgr/include/Grid.h:1695) Grid ffmc_tmp configured.
2016-04-26 05:13:39,830 null [INFO] (/home/meteo/dev/redist/fwidbmgr/include/Grid.h:1595) Configuring grid: dmc_tmp
2016-04-26 05:13:39,830 null [INFO] (/home/meteo/dev/redist/fwidbmgr/include/Grid.h:1695) Grid dmc_tmp configured.
2016-04-26 05:13:39,832 null [INFO] (/home/meteo/dev/redist/fwidbmgr/include/Grid.h:1595) Configuring grid: dc_tmp
2016-04-26 05:13:39,832 null [INFO] (/home/meteo/dev/redist/fwidbmgr/include/Grid.h:1695) Grid dc_tmp configured.
2016-04-26 05:13:39,833 null [INFO] (/home/meteo/dev/redist/fwidbmgr/include/Grid.h:1595) Configuring grid: idi
2016-04-26 05:13:39,833 null [INFO] (/home/meteo/dev/redist/fwidbmgr/include/Grid.h:1695) Grid idi configured.
2016-04-26 05:13:39,834 null [INFO] (/home/meteo/dev/redist/fwidbmgr/include/Grid.h:1595) Configuring grid: angstrom
2016-04-26 05:13:39,835 null [INFO] (/home/meteo/dev/redist/fwidbmgr/include/Grid.h:1695) Grid angstrom configured.
2016-04-26 05:13:39,836 null [INFO] (/home/meteo/dev/redist/fwidbmgr/include/Grid.h:1595) Configuring grid: fmi
2016-04-26 05:13:39,836 null [INFO] (/home/meteo/dev/redist/fwidbmgr/include/Grid.h:1695) Grid fmi configured.
2016-04-26 05:13:39,837 null [INFO] (/home/meteo/dev/redist/fwidbmgr/include/Grid.h:1595) Configuring grid: sharples
2016-04-26 05:13:39,837 null [INFO] (/home/meteo/dev/redist/fwidbmgr/include/Grid.h:1695) Grid sharples configured.
2016-04-26 05:13:50,570 null [INFO] (/home/meteo/dev/redist/fwidbmgr/include/Grid.h:1595) Configuring grid: isi
2016-04-26 05:13:50,570 null [INFO] (/home/meteo/dev/redist/fwidbmgr/include/Grid.h:1695) Grid isi configured.
2016-04-26 05:13:50,626 null [INFO] (/home/meteo/dev/redist/fwidbmgr/include/Grid.h:1595) Configuring grid: fwi
2016-04-26 05:13:50,627 null [INFO] (/home/meteo/dev/redist/fwidbmgr/include/Grid.h:1695) Grid fwi configured.
2016-04-26 05:13:50,677 null [INFO] (/home/meteo/dev/redist/fwidbmgr/include/Grid.h:1595) Configuring grid: ffmc
2016-04-26 05:13:50,677 null [INFO] (/home/meteo/dev/redist/fwidbmgr/include/Grid.h:1695) Grid ffmc configured.
2016-04-26 05:13:50,741 null [INFO] (/home/meteo/dev/redist/fwidbmgr/include/Grid.h:1595) Configuring grid: dmc
2016-04-26 05:13:50,741 null [INFO] (/home/meteo/dev/redist/fwidbmgr/include/Grid.h:1695) Grid dmc configured.
2016-04-26 05:13:50,792 null [INFO] (/home/meteo/dev/redist/fwidbmgr/include/Grid.h:1595) Configuring grid: dc
2016-04-26 05:13:50,792 null [INFO] (/home/meteo/dev/redist/fwidbmgr/include/Grid.h:1695) Grid dc configured.
2016-04-26 05:13:50,845 null [INFO] (/home/meteo/dev/redist/fwidbmgr/include/Grid.h:1595) Configuring grid: bui
2016-04-26 05:13:50,845 null [INFO] (/home/meteo/dev/redist/fwidbmgr/include/Grid.h:1695) Grid bui configured.
2016-04-26 05:13:50,900 null [INFO] (/home/meteo/dev/redist/fwidbmgr/include/Grid.h:1595) Configuring grid: ffmc_tmp
2016-04-26 05:13:50,900 null [INFO] (/home/meteo/dev/redist/fwidbmgr/include/Grid.h:1695) Grid ffmc_tmp configured.
2016-04-26 05:13:50,970 null [INFO] (/home/meteo/dev/redist/fwidbmgr/include/Grid.h:1595) Configuring grid: dmc_tmp
2016-04-26 05:13:50,970 null [INFO] (/home/meteo/dev/redist/fwidbmgr/include/Grid.h:1695) Grid dmc_tmp configured.
2016-04-26 05:13:51,009 null [INFO] (/home/meteo/dev/redist/fwidbmgr/include/Grid.h:1595) Configuring grid: dc_tmp
2016-04-26 05:13:51,009 null [INFO] (/home/meteo/dev/redist/fwidbmgr/include/Grid.h:1695) Grid dc_tmp configured.
2016-04-26 05:13:51,059 null [INFO] (/home/meteo/dev/redist/fwidbmgr/include/Grid.h:1595) Configuring grid: angstrom
2016-04-26 05:13:51,059 null [INFO] (/home/meteo/dev/redist/fwidbmgr/include/Grid.h:1695) Grid angstrom configured.
2016-04-26 05:13:51,140 null [INFO] (/home/meteo/dev/redist/fwidbmgr/include/Grid.h:1595) Configuring grid: sharples
2016-04-26 05:13:51,140 null [INFO] (/home/meteo/dev/redist/fwidbmgr/include/Grid.h:1695) Grid sharples configured.
2016-04-26 05:13:51,197 null [INFO] (/home/meteo/dev/redist/fwidbmgr/include/Grid.h:1595) Configuring grid: fmi
2016-04-26 05:13:51,197 null [INFO] (/home/meteo/dev/redist/fwidbmgr/include/Grid.h:1695) Grid fmi configured.
2016-04-26 05:13:51,253 null [INFO] (../src/fwidbmgr.cpp:5418) OK --> 20160425 indexes exported to files.
2016-04-26 05:13:51,253 null [INFO] (../src/fwidbmgr.cpp:5496) action exportidx took about 12 seconds.
2016-04-26 05:13:51,253 null [INFO] (../src/fwidbmgr.cpp:5499) Disconnected from database.
