2018-09-14 05:06:53,677 null [INFO] (../src/fwidbmgr.cpp:5361) fwi db manager
2018-09-14 05:06:53,677 null [INFO] (../src/fwidbmgr.cpp:5365) Program home: /home/meteo/dev/redist/fwidbmgr
2018-09-14 05:06:53,678 null [INFO] (../src/fwidbmgr.cpp:5369) Auto convert: 1
2018-09-14 05:06:53,678 null [INFO] (../src/fwidbmgr.cpp:446) action: in.
2018-09-14 05:06:53,678 null [INFO] (../src/fwidbmgr.cpp:470) date: 20180913.
2018-09-14 05:06:53,678 null [INFO] (../src/fwidbmgr.cpp:322) Try to read: /home/meteo/dev/redist/fwidbmgr/config/fwidbmgr.conf.
2018-09-14 05:06:53,688 null [INFO] (../src/fwidbmgr.cpp:5393) Configuration parsing: OK.
2018-09-14 05:06:53,702 null [INFO] (../src/fwidbmgr.cpp:5478) Connected to database
2018-09-14 05:06:53,702 null [INFO] (../src/fwidbmgr.cpp:5480) Manage data for date: 20180913.
2018-09-14 05:06:53,702 null [INFO] (../src/fwidbmgr.cpp:5536) Importing meteo data in database for day: 20180913.
2018-09-14 05:06:53,710 null [INFO] (/home/meteo/dev/redist/fwidbmgr/include/Grid.h:1595) Configuring grid: snow
2018-09-14 05:06:53,711 null [INFO] (/home/meteo/dev/redist/fwidbmgr/include/Grid.h:1695) Grid snow configured.
2018-09-14 05:06:53,722 null [INFO] (/home/meteo/dev/redist/fwidbmgr/include/Grid.h:1595) Configuring grid: snow_covering
2018-09-14 05:06:53,723 null [INFO] (/home/meteo/dev/redist/fwidbmgr/include/Grid.h:1695) Grid snow_covering configured.
2018-09-14 05:06:53,736 null [INFO] (/home/meteo/dev/redist/fwidbmgr/include/Grid.h:1595) Configuring grid: snow_dissolution
2018-09-14 05:06:53,736 null [INFO] (/home/meteo/dev/redist/fwidbmgr/include/Grid.h:1695) Grid snow_dissolution configured.
2018-09-14 05:06:53,759 null [INFO] (/home/meteo/dev/redist/fwidbmgr/include/Grid.h:1595) Configuring grid: temperature
2018-09-14 05:06:53,759 null [INFO] (/home/meteo/dev/redist/fwidbmgr/include/Grid.h:1695) Grid temperature configured.
2018-09-14 05:06:53,764 null [INFO] (/home/meteo/dev/redist/fwidbmgr/include/Grid.h:1595) Configuring grid: humidity
2018-09-14 05:06:53,765 null [INFO] (/home/meteo/dev/redist/fwidbmgr/include/Grid.h:1695) Grid humidity configured.
2018-09-14 05:06:53,774 null [INFO] (/home/meteo/dev/redist/fwidbmgr/include/Grid.h:1595) Configuring grid: windspeed
2018-09-14 05:06:53,775 null [INFO] (/home/meteo/dev/redist/fwidbmgr/include/Grid.h:1695) Grid windspeed configured.
2018-09-14 05:06:53,797 null [INFO] (/home/meteo/dev/redist/fwidbmgr/include/Grid.h:1595) Configuring grid: rain
2018-09-14 05:06:53,798 null [INFO] (/home/meteo/dev/redist/fwidbmgr/include/Grid.h:1695) Grid rain configured.
2018-09-14 05:06:53,801 null [INFO] (/home/meteo/dev/redist/fwidbmgr/include/Grid.h:1595) Configuring grid: cum_rain
2018-09-14 05:06:53,801 null [INFO] (/home/meteo/dev/redist/fwidbmgr/include/Grid.h:1695) Grid cum_rain configured.
2018-09-14 05:07:03,360 null [INFO] (../src/fwidbmgr.cpp:1518) Storing meteo input ...
2018-09-14 05:07:31,080 null [INFO] (../src/fwidbmgr.cpp:5540) OK --> 20180913 data imported.
2018-09-14 05:07:31,135 null [INFO] (../src/fwidbmgr.cpp:5695) action in took about 38 seconds.
2018-09-14 05:07:31,355 null [INFO] (../src/fwidbmgr.cpp:5699) Disconnected from database.
2018-09-14 05:08:37,755 null [INFO] (../src/fwidbmgr.cpp:5361) fwi db manager
2018-09-14 05:08:37,756 null [INFO] (../src/fwidbmgr.cpp:5365) Program home: /home/meteo/dev/redist/fwidbmgr
2018-09-14 05:08:37,756 null [INFO] (../src/fwidbmgr.cpp:5369) Auto convert: 1
2018-09-14 05:08:37,756 null [INFO] (../src/fwidbmgr.cpp:446) action: out.
2018-09-14 05:08:37,756 null [INFO] (../src/fwidbmgr.cpp:470) date: 20180913.
2018-09-14 05:08:37,756 null [INFO] (../src/fwidbmgr.cpp:322) Try to read: /home/meteo/dev/redist/fwidbmgr/config/fwidbmgr.conf.
2018-09-14 05:08:37,764 null [INFO] (../src/fwidbmgr.cpp:5393) Configuration parsing: OK.
2018-09-14 05:08:37,780 null [INFO] (../src/fwidbmgr.cpp:5478) Connected to database
2018-09-14 05:08:37,780 null [INFO] (../src/fwidbmgr.cpp:5480) Manage data for date: 20180913.
2018-09-14 05:08:37,780 null [INFO] (../src/fwidbmgr.cpp:5551) Importing fwi indexes data in database for day: 20180913.
2018-09-14 05:08:37,789 null [INFO] (/home/meteo/dev/redist/fwidbmgr/include/Grid.h:1595) Configuring grid: isi
2018-09-14 05:08:37,789 null [INFO] (/home/meteo/dev/redist/fwidbmgr/include/Grid.h:1695) Grid isi configured.
2018-09-14 05:08:37,803 null [INFO] (/home/meteo/dev/redist/fwidbmgr/include/Grid.h:1595) Configuring grid: fwi
2018-09-14 05:08:37,803 null [INFO] (/home/meteo/dev/redist/fwidbmgr/include/Grid.h:1695) Grid fwi configured.
2018-09-14 05:08:37,816 null [INFO] (/home/meteo/dev/redist/fwidbmgr/include/Grid.h:1595) Configuring grid: ffmc
2018-09-14 05:08:37,817 null [INFO] (/home/meteo/dev/redist/fwidbmgr/include/Grid.h:1695) Grid ffmc configured.
2018-09-14 05:08:37,830 null [INFO] (/home/meteo/dev/redist/fwidbmgr/include/Grid.h:1595) Configuring grid: dmc
2018-09-14 05:08:37,830 null [INFO] (/home/meteo/dev/redist/fwidbmgr/include/Grid.h:1695) Grid dmc configured.
2018-09-14 05:08:37,845 null [INFO] (/home/meteo/dev/redist/fwidbmgr/include/Grid.h:1595) Configuring grid: dc
2018-09-14 05:08:37,845 null [INFO] (/home/meteo/dev/redist/fwidbmgr/include/Grid.h:1695) Grid dc configured.
2018-09-14 05:08:37,859 null [INFO] (/home/meteo/dev/redist/fwidbmgr/include/Grid.h:1595) Configuring grid: bui
2018-09-14 05:08:37,859 null [INFO] (/home/meteo/dev/redist/fwidbmgr/include/Grid.h:1695) Grid bui configured.
2018-09-14 05:08:37,873 null [INFO] (/home/meteo/dev/redist/fwidbmgr/include/Grid.h:1595) Configuring grid: ffmc_tmp
2018-09-14 05:08:37,873 null [INFO] (/home/meteo/dev/redist/fwidbmgr/include/Grid.h:1695) Grid ffmc_tmp configured.
2018-09-14 05:08:37,909 null [INFO] (/home/meteo/dev/redist/fwidbmgr/include/Grid.h:1595) Configuring grid: dmc_tmp
2018-09-14 05:08:37,909 null [INFO] (/home/meteo/dev/redist/fwidbmgr/include/Grid.h:1695) Grid dmc_tmp configured.
2018-09-14 05:08:37,930 null [INFO] (/home/meteo/dev/redist/fwidbmgr/include/Grid.h:1595) Configuring grid: dc_tmp
2018-09-14 05:08:37,930 null [INFO] (/home/meteo/dev/redist/fwidbmgr/include/Grid.h:1695) Grid dc_tmp configured.
2018-09-14 05:08:37,950 null [INFO] (/home/meteo/dev/redist/fwidbmgr/include/Grid.h:1595) Configuring grid: idi
2018-09-14 05:08:37,950 null [INFO] (/home/meteo/dev/redist/fwidbmgr/include/Grid.h:1695) Grid idi configured.
2018-09-14 05:08:45,861 null [INFO] (../src/fwidbmgr.cpp:2081) Storing FWI indexes ...
2018-09-14 05:09:08,144 null [INFO] (../src/fwidbmgr.cpp:5555) OK --> 20180913 data imported.
2018-09-14 05:09:08,149 null [INFO] (../src/fwidbmgr.cpp:5695) action out took about 31 seconds.
2018-09-14 05:09:08,149 null [INFO] (../src/fwidbmgr.cpp:5699) Disconnected from database.
2018-09-14 05:09:08,457 null [INFO] (../src/fwidbmgr.cpp:5361) fwi db manager
2018-09-14 05:09:08,457 null [INFO] (../src/fwidbmgr.cpp:5365) Program home: /home/meteo/dev/redist/fwidbmgr
2018-09-14 05:09:08,457 null [INFO] (../src/fwidbmgr.cpp:5369) Auto convert: 1
2018-09-14 05:09:08,457 null [INFO] (../src/fwidbmgr.cpp:446) action: computeidx.
2018-09-14 05:09:08,457 null [INFO] (../src/fwidbmgr.cpp:470) date: 20180913.
2018-09-14 05:09:08,457 null [INFO] (../src/fwidbmgr.cpp:322) Try to read: /home/meteo/dev/redist/fwidbmgr/config/fwidbmgr.conf.
2018-09-14 05:09:08,461 null [INFO] (../src/fwidbmgr.cpp:5393) Configuration parsing: OK.
2018-09-14 05:09:08,489 null [INFO] (../src/fwidbmgr.cpp:5478) Connected to database
2018-09-14 05:09:08,489 null [INFO] (../src/fwidbmgr.cpp:5480) Manage data for date: 20180913.
2018-09-14 05:09:08,489 null [INFO] (../src/fwidbmgr.cpp:5656) Computing indexes.
2018-09-14 05:09:08,490 null [INFO] (/home/meteo/dev/redist/fwidbmgr/include/Grid.h:1595) Configuring grid: isi
2018-09-14 05:09:08,490 null [INFO] (/home/meteo/dev/redist/fwidbmgr/include/Grid.h:1695) Grid isi configured.
2018-09-14 05:09:08,492 null [INFO] (/home/meteo/dev/redist/fwidbmgr/include/Grid.h:1595) Configuring grid: fwi
2018-09-14 05:09:08,492 null [INFO] (/home/meteo/dev/redist/fwidbmgr/include/Grid.h:1695) Grid fwi configured.
2018-09-14 05:09:08,493 null [INFO] (/home/meteo/dev/redist/fwidbmgr/include/Grid.h:1595) Configuring grid: ffmc
2018-09-14 05:09:08,493 null [INFO] (/home/meteo/dev/redist/fwidbmgr/include/Grid.h:1695) Grid ffmc configured.
2018-09-14 05:09:08,494 null [INFO] (/home/meteo/dev/redist/fwidbmgr/include/Grid.h:1595) Configuring grid: dmc
2018-09-14 05:09:08,494 null [INFO] (/home/meteo/dev/redist/fwidbmgr/include/Grid.h:1695) Grid dmc configured.
2018-09-14 05:09:08,495 null [INFO] (/home/meteo/dev/redist/fwidbmgr/include/Grid.h:1595) Configuring grid: dc
2018-09-14 05:09:08,496 null [INFO] (/home/meteo/dev/redist/fwidbmgr/include/Grid.h:1695) Grid dc configured.
2018-09-14 05:09:08,497 null [INFO] (/home/meteo/dev/redist/fwidbmgr/include/Grid.h:1595) Configuring grid: bui
2018-09-14 05:09:08,497 null [INFO] (/home/meteo/dev/redist/fwidbmgr/include/Grid.h:1695) Grid bui configured.
2018-09-14 05:09:08,498 null [INFO] (/home/meteo/dev/redist/fwidbmgr/include/Grid.h:1595) Configuring grid: ffmc_tmp
2018-09-14 05:09:08,498 null [INFO] (/home/meteo/dev/redist/fwidbmgr/include/Grid.h:1695) Grid ffmc_tmp configured.
2018-09-14 05:09:08,499 null [INFO] (/home/meteo/dev/redist/fwidbmgr/include/Grid.h:1595) Configuring grid: dmc_tmp
2018-09-14 05:09:08,499 null [INFO] (/home/meteo/dev/redist/fwidbmgr/include/Grid.h:1695) Grid dmc_tmp configured.
2018-09-14 05:09:08,501 null [INFO] (/home/meteo/dev/redist/fwidbmgr/include/Grid.h:1595) Configuring grid: dc_tmp
2018-09-14 05:09:08,501 null [INFO] (/home/meteo/dev/redist/fwidbmgr/include/Grid.h:1695) Grid dc_tmp configured.
2018-09-14 05:09:08,502 null [INFO] (/home/meteo/dev/redist/fwidbmgr/include/Grid.h:1595) Configuring grid: idi
2018-09-14 05:09:08,502 null [INFO] (/home/meteo/dev/redist/fwidbmgr/include/Grid.h:1695) Grid idi configured.
2018-09-14 05:09:08,503 null [INFO] (/home/meteo/dev/redist/fwidbmgr/include/Grid.h:1595) Configuring grid: angstrom
2018-09-14 05:09:08,503 null [INFO] (/home/meteo/dev/redist/fwidbmgr/include/Grid.h:1695) Grid angstrom configured.
2018-09-14 05:09:08,505 null [INFO] (/home/meteo/dev/redist/fwidbmgr/include/Grid.h:1595) Configuring grid: fmi
2018-09-14 05:09:08,505 null [INFO] (/home/meteo/dev/redist/fwidbmgr/include/Grid.h:1695) Grid fmi configured.
2018-09-14 05:09:08,506 null [INFO] (/home/meteo/dev/redist/fwidbmgr/include/Grid.h:1595) Configuring grid: sharples
2018-09-14 05:09:08,506 null [INFO] (/home/meteo/dev/redist/fwidbmgr/include/Grid.h:1695) Grid sharples configured.
2018-09-14 05:09:15,866 null [INFO] (/home/meteo/dev/redist/fwidbmgr/include/Grid.h:1595) Configuring grid: snow
2018-09-14 05:09:15,867 null [INFO] (/home/meteo/dev/redist/fwidbmgr/include/Grid.h:1695) Grid snow configured.
2018-09-14 05:09:15,867 null [INFO] (/home/meteo/dev/redist/fwidbmgr/include/Grid.h:1595) Configuring grid: snow_covering
2018-09-14 05:09:15,867 null [INFO] (/home/meteo/dev/redist/fwidbmgr/include/Grid.h:1695) Grid snow_covering configured.
2018-09-14 05:09:15,867 null [INFO] (/home/meteo/dev/redist/fwidbmgr/include/Grid.h:1595) Configuring grid: snow_dissolution
2018-09-14 05:09:15,867 null [INFO] (/home/meteo/dev/redist/fwidbmgr/include/Grid.h:1695) Grid snow_dissolution configured.
2018-09-14 05:09:15,867 null [INFO] (/home/meteo/dev/redist/fwidbmgr/include/Grid.h:1595) Configuring grid: temperature
2018-09-14 05:09:15,867 null [INFO] (/home/meteo/dev/redist/fwidbmgr/include/Grid.h:1695) Grid temperature configured.
2018-09-14 05:09:15,867 null [INFO] (/home/meteo/dev/redist/fwidbmgr/include/Grid.h:1595) Configuring grid: humidity
2018-09-14 05:09:15,867 null [INFO] (/home/meteo/dev/redist/fwidbmgr/include/Grid.h:1695) Grid humidity configured.
2018-09-14 05:09:15,867 null [INFO] (/home/meteo/dev/redist/fwidbmgr/include/Grid.h:1595) Configuring grid: windspeed
2018-09-14 05:09:15,868 null [INFO] (/home/meteo/dev/redist/fwidbmgr/include/Grid.h:1695) Grid windspeed configured.
2018-09-14 05:09:15,868 null [INFO] (/home/meteo/dev/redist/fwidbmgr/include/Grid.h:1595) Configuring grid: rain
2018-09-14 05:09:15,868 null [INFO] (/home/meteo/dev/redist/fwidbmgr/include/Grid.h:1695) Grid rain configured.
2018-09-14 05:09:15,868 null [INFO] (/home/meteo/dev/redist/fwidbmgr/include/Grid.h:1595) Configuring grid: cum_rain
2018-09-14 05:09:15,868 null [INFO] (/home/meteo/dev/redist/fwidbmgr/include/Grid.h:1695) Grid cum_rain configured.
2018-09-14 05:11:25,647 null [INFO] (../src/fwidbmgr.cpp:5660) OK --> 20180913 indexes computed.
2018-09-14 05:11:25,651 null [INFO] (../src/fwidbmgr.cpp:5695) action computeidx took about 137 seconds.
2018-09-14 05:11:25,651 null [INFO] (../src/fwidbmgr.cpp:5699) Disconnected from database.
2018-09-14 05:11:25,802 null [INFO] (../src/fwidbmgr.cpp:5361) fwi db manager
2018-09-14 05:11:25,802 null [INFO] (../src/fwidbmgr.cpp:5365) Program home: /home/meteo/dev/redist/fwidbmgr
2018-09-14 05:11:25,802 null [INFO] (../src/fwidbmgr.cpp:5369) Auto convert: 1
2018-09-14 05:11:25,802 null [INFO] (../src/fwidbmgr.cpp:446) action: exportidx.
2018-09-14 05:11:25,802 null [INFO] (../src/fwidbmgr.cpp:470) date: 20180913.
2018-09-14 05:11:25,802 null [INFO] (../src/fwidbmgr.cpp:322) Try to read: /home/meteo/dev/redist/fwidbmgr/config/fwidbmgr.conf.
2018-09-14 05:11:25,808 null [INFO] (../src/fwidbmgr.cpp:5393) Configuration parsing: OK.
2018-09-14 05:11:25,835 null [INFO] (../src/fwidbmgr.cpp:5478) Connected to database
2018-09-14 05:11:25,836 null [INFO] (../src/fwidbmgr.cpp:5480) Manage data for date: 20180913.
2018-09-14 05:11:25,836 null [INFO] (../src/fwidbmgr.cpp:5596) Exporting indexes.
2018-09-14 05:11:25,837 null [INFO] (/home/meteo/dev/redist/fwidbmgr/include/Grid.h:1595) Configuring grid: isi
2018-09-14 05:11:25,837 null [INFO] (/home/meteo/dev/redist/fwidbmgr/include/Grid.h:1695) Grid isi configured.
2018-09-14 05:11:25,839 null [INFO] (/home/meteo/dev/redist/fwidbmgr/include/Grid.h:1595) Configuring grid: fwi
2018-09-14 05:11:25,839 null [INFO] (/home/meteo/dev/redist/fwidbmgr/include/Grid.h:1695) Grid fwi configured.
2018-09-14 05:11:25,840 null [INFO] (/home/meteo/dev/redist/fwidbmgr/include/Grid.h:1595) Configuring grid: ffmc
2018-09-14 05:11:25,840 null [INFO] (/home/meteo/dev/redist/fwidbmgr/include/Grid.h:1695) Grid ffmc configured.
2018-09-14 05:11:25,841 null [INFO] (/home/meteo/dev/redist/fwidbmgr/include/Grid.h:1595) Configuring grid: dmc
2018-09-14 05:11:25,842 null [INFO] (/home/meteo/dev/redist/fwidbmgr/include/Grid.h:1695) Grid dmc configured.
2018-09-14 05:11:25,843 null [INFO] (/home/meteo/dev/redist/fwidbmgr/include/Grid.h:1595) Configuring grid: dc
2018-09-14 05:11:25,843 null [INFO] (/home/meteo/dev/redist/fwidbmgr/include/Grid.h:1695) Grid dc configured.
2018-09-14 05:11:25,844 null [INFO] (/home/meteo/dev/redist/fwidbmgr/include/Grid.h:1595) Configuring grid: bui
2018-09-14 05:11:25,844 null [INFO] (/home/meteo/dev/redist/fwidbmgr/include/Grid.h:1695) Grid bui configured.
2018-09-14 05:11:25,845 null [INFO] (/home/meteo/dev/redist/fwidbmgr/include/Grid.h:1595) Configuring grid: ffmc_tmp
2018-09-14 05:11:25,846 null [INFO] (/home/meteo/dev/redist/fwidbmgr/include/Grid.h:1695) Grid ffmc_tmp configured.
2018-09-14 05:11:25,847 null [INFO] (/home/meteo/dev/redist/fwidbmgr/include/Grid.h:1595) Configuring grid: dmc_tmp
2018-09-14 05:11:25,847 null [INFO] (/home/meteo/dev/redist/fwidbmgr/include/Grid.h:1695) Grid dmc_tmp configured.
2018-09-14 05:11:25,848 null [INFO] (/home/meteo/dev/redist/fwidbmgr/include/Grid.h:1595) Configuring grid: dc_tmp
2018-09-14 05:11:25,848 null [INFO] (/home/meteo/dev/redist/fwidbmgr/include/Grid.h:1695) Grid dc_tmp configured.
2018-09-14 05:11:25,849 null [INFO] (/home/meteo/dev/redist/fwidbmgr/include/Grid.h:1595) Configuring grid: idi
2018-09-14 05:11:25,849 null [INFO] (/home/meteo/dev/redist/fwidbmgr/include/Grid.h:1695) Grid idi configured.
2018-09-14 05:11:25,851 null [INFO] (/home/meteo/dev/redist/fwidbmgr/include/Grid.h:1595) Configuring grid: angstrom
2018-09-14 05:11:25,851 null [INFO] (/home/meteo/dev/redist/fwidbmgr/include/Grid.h:1695) Grid angstrom configured.
2018-09-14 05:11:25,852 null [INFO] (/home/meteo/dev/redist/fwidbmgr/include/Grid.h:1595) Configuring grid: fmi
2018-09-14 05:11:25,852 null [INFO] (/home/meteo/dev/redist/fwidbmgr/include/Grid.h:1695) Grid fmi configured.
2018-09-14 05:11:25,854 null [INFO] (/home/meteo/dev/redist/fwidbmgr/include/Grid.h:1595) Configuring grid: sharples
2018-09-14 05:11:25,854 null [INFO] (/home/meteo/dev/redist/fwidbmgr/include/Grid.h:1695) Grid sharples configured.
2018-09-14 05:11:34,107 null [INFO] (/home/meteo/dev/redist/fwidbmgr/include/Grid.h:1595) Configuring grid: isi
2018-09-14 05:11:34,107 null [INFO] (/home/meteo/dev/redist/fwidbmgr/include/Grid.h:1695) Grid isi configured.
2018-09-14 05:11:34,153 null [INFO] (/home/meteo/dev/redist/fwidbmgr/include/Grid.h:1595) Configuring grid: fwi
2018-09-14 05:11:34,153 null [INFO] (/home/meteo/dev/redist/fwidbmgr/include/Grid.h:1695) Grid fwi configured.
2018-09-14 05:11:34,191 null [INFO] (/home/meteo/dev/redist/fwidbmgr/include/Grid.h:1595) Configuring grid: ffmc
2018-09-14 05:11:34,191 null [INFO] (/home/meteo/dev/redist/fwidbmgr/include/Grid.h:1695) Grid ffmc configured.
2018-09-14 05:11:34,230 null [INFO] (/home/meteo/dev/redist/fwidbmgr/include/Grid.h:1595) Configuring grid: dmc
2018-09-14 05:11:34,230 null [INFO] (/home/meteo/dev/redist/fwidbmgr/include/Grid.h:1695) Grid dmc configured.
2018-09-14 05:11:34,268 null [INFO] (/home/meteo/dev/redist/fwidbmgr/include/Grid.h:1595) Configuring grid: dc
2018-09-14 05:11:34,268 null [INFO] (/home/meteo/dev/redist/fwidbmgr/include/Grid.h:1695) Grid dc configured.
2018-09-14 05:11:34,307 null [INFO] (/home/meteo/dev/redist/fwidbmgr/include/Grid.h:1595) Configuring grid: bui
2018-09-14 05:11:34,307 null [INFO] (/home/meteo/dev/redist/fwidbmgr/include/Grid.h:1695) Grid bui configured.
2018-09-14 05:11:34,346 null [INFO] (/home/meteo/dev/redist/fwidbmgr/include/Grid.h:1595) Configuring grid: ffmc_tmp
2018-09-14 05:11:34,346 null [INFO] (/home/meteo/dev/redist/fwidbmgr/include/Grid.h:1695) Grid ffmc_tmp configured.
2018-09-14 05:11:34,383 null [INFO] (/home/meteo/dev/redist/fwidbmgr/include/Grid.h:1595) Configuring grid: dmc_tmp
2018-09-14 05:11:34,383 null [INFO] (/home/meteo/dev/redist/fwidbmgr/include/Grid.h:1695) Grid dmc_tmp configured.
2018-09-14 05:11:34,419 null [INFO] (/home/meteo/dev/redist/fwidbmgr/include/Grid.h:1595) Configuring grid: dc_tmp
2018-09-14 05:11:34,420 null [INFO] (/home/meteo/dev/redist/fwidbmgr/include/Grid.h:1695) Grid dc_tmp configured.
2018-09-14 05:11:34,458 null [INFO] (/home/meteo/dev/redist/fwidbmgr/include/Grid.h:1595) Configuring grid: angstrom
2018-09-14 05:11:34,458 null [INFO] (/home/meteo/dev/redist/fwidbmgr/include/Grid.h:1695) Grid angstrom configured.
2018-09-14 05:11:34,506 null [INFO] (/home/meteo/dev/redist/fwidbmgr/include/Grid.h:1595) Configuring grid: sharples
2018-09-14 05:11:34,506 null [INFO] (/home/meteo/dev/redist/fwidbmgr/include/Grid.h:1695) Grid sharples configured.
2018-09-14 05:11:34,545 null [INFO] (/home/meteo/dev/redist/fwidbmgr/include/Grid.h:1595) Configuring grid: fmi
2018-09-14 05:11:34,545 null [INFO] (/home/meteo/dev/redist/fwidbmgr/include/Grid.h:1695) Grid fmi configured.
2018-09-14 05:11:34,587 null [INFO] (../src/fwidbmgr.cpp:5600) OK --> 20180913 indexes exported to files.
2018-09-14 05:11:34,587 null [INFO] (../src/fwidbmgr.cpp:5695) action exportidx took about 9 seconds.
2018-09-14 05:11:34,587 null [INFO] (../src/fwidbmgr.cpp:5699) Disconnected from database.
2018-09-14 05:12:01,538 null [INFO] (../src/fwidbmgr.cpp:5361) fwi db manager
2018-09-14 05:12:01,539 null [INFO] (../src/fwidbmgr.cpp:5365) Program home: /home/meteo/dev/redist/fwidbmgr
2018-09-14 05:12:01,539 null [INFO] (../src/fwidbmgr.cpp:5369) Auto convert: 1
2018-09-14 05:12:01,539 null [INFO] (../src/fwidbmgr.cpp:446) action: outimg.
2018-09-14 05:12:01,539 null [INFO] (../src/fwidbmgr.cpp:470) date: 20180913.
2018-09-14 05:12:01,539 null [INFO] (../src/fwidbmgr.cpp:322) Try to read: /home/meteo/dev/redist/fwidbmgr/config/fwidbmgr.conf.
2018-09-14 05:12:01,544 null [INFO] (../src/fwidbmgr.cpp:5393) Configuration parsing: OK.
2018-09-14 05:12:01,584 null [INFO] (../src/fwidbmgr.cpp:5478) Connected to database
2018-09-14 05:12:01,584 null [INFO] (../src/fwidbmgr.cpp:5480) Manage data for date: 20180913.
2018-09-14 05:12:01,584 null [INFO] (../src/fwidbmgr.cpp:5566) Importing fwi indexes images in database.
2018-09-14 05:12:01,865 null [INFO] (../src/fwidbmgr.cpp:5570) OK --> 20180913 images imported.
2018-09-14 05:12:01,865 null [INFO] (../src/fwidbmgr.cpp:5695) action outimg took about 0 seconds.
2018-09-14 05:12:01,865 null [INFO] (../src/fwidbmgr.cpp:5699) Disconnected from database.
2018-09-14 05:37:01,238 null [INFO] (../src/fwidbmgr.cpp:5361) fwi db manager
2018-09-14 05:37:01,238 null [INFO] (../src/fwidbmgr.cpp:5365) Program home: /home/meteo/dev/redist/fwidbmgr
2018-09-14 05:37:01,238 null [INFO] (../src/fwidbmgr.cpp:5369) Auto convert: 1
2018-09-14 05:37:01,238 null [INFO] (../src/fwidbmgr.cpp:446) action: outimg.
2018-09-14 05:37:01,238 null [INFO] (../src/fwidbmgr.cpp:470) date: 20180913.
2018-09-14 05:37:01,239 null [INFO] (../src/fwidbmgr.cpp:322) Try to read: /home/meteo/dev/redist/fwidbmgr/config/fwidbmgr.conf.
2018-09-14 05:37:01,240 null [INFO] (../src/fwidbmgr.cpp:5393) Configuration parsing: OK.
2018-09-14 05:37:01,245 null [INFO] (../src/fwidbmgr.cpp:5478) Connected to database
2018-09-14 05:37:01,245 null [INFO] (../src/fwidbmgr.cpp:5480) Manage data for date: 20180913.
2018-09-14 05:37:01,245 null [INFO] (../src/fwidbmgr.cpp:5566) Importing fwi indexes images in database.
2018-09-14 05:37:01,372 null [INFO] (../src/fwidbmgr.cpp:5570) OK --> 20180913 images imported.
2018-09-14 05:37:01,372 null [INFO] (../src/fwidbmgr.cpp:5695) action outimg took about 0 seconds.
2018-09-14 05:37:01,372 null [INFO] (../src/fwidbmgr.cpp:5699) Disconnected from database.
2018-09-14 06:05:01,517 null [INFO] (../src/fwidbmgr.cpp:5361) fwi db manager
2018-09-14 06:05:01,517 null [INFO] (../src/fwidbmgr.cpp:5365) Program home: /home/meteo/dev/redist/fwidbmgr
2018-09-14 06:05:01,517 null [INFO] (../src/fwidbmgr.cpp:5369) Auto convert: 1
2018-09-14 06:05:01,517 null [INFO] (../src/fwidbmgr.cpp:446) action: outimg.
2018-09-14 06:05:01,517 null [INFO] (../src/fwidbmgr.cpp:470) date: 20180913.
2018-09-14 06:05:01,517 null [INFO] (../src/fwidbmgr.cpp:322) Try to read: /home/meteo/dev/redist/fwidbmgr/config/fwidbmgr.conf.
2018-09-14 06:05:01,519 null [INFO] (../src/fwidbmgr.cpp:5393) Configuration parsing: OK.
2018-09-14 06:05:01,523 null [INFO] (../src/fwidbmgr.cpp:5478) Connected to database
2018-09-14 06:05:01,524 null [INFO] (../src/fwidbmgr.cpp:5480) Manage data for date: 20180913.
2018-09-14 06:05:01,524 null [INFO] (../src/fwidbmgr.cpp:5566) Importing fwi indexes images in database.
2018-09-14 06:05:01,598 null [INFO] (../src/fwidbmgr.cpp:5570) OK --> 20180913 images imported.
2018-09-14 06:05:01,598 null [INFO] (../src/fwidbmgr.cpp:5695) action outimg took about 0 seconds.
2018-09-14 06:05:01,598 null [INFO] (../src/fwidbmgr.cpp:5699) Disconnected from database.
2018-09-14 06:37:01,746 null [INFO] (../src/fwidbmgr.cpp:5361) fwi db manager
2018-09-14 06:37:01,746 null [INFO] (../src/fwidbmgr.cpp:5365) Program home: /home/meteo/dev/redist/fwidbmgr
2018-09-14 06:37:01,746 null [INFO] (../src/fwidbmgr.cpp:5369) Auto convert: 1
2018-09-14 06:37:01,746 null [INFO] (../src/fwidbmgr.cpp:446) action: outimg.
2018-09-14 06:37:01,746 null [INFO] (../src/fwidbmgr.cpp:470) date: 20180913.
2018-09-14 06:37:01,746 null [INFO] (../src/fwidbmgr.cpp:322) Try to read: /home/meteo/dev/redist/fwidbmgr/config/fwidbmgr.conf.
2018-09-14 06:37:01,749 null [INFO] (../src/fwidbmgr.cpp:5393) Configuration parsing: OK.
2018-09-14 06:37:01,754 null [INFO] (../src/fwidbmgr.cpp:5478) Connected to database
2018-09-14 06:37:01,755 null [INFO] (../src/fwidbmgr.cpp:5480) Manage data for date: 20180913.
2018-09-14 06:37:01,755 null [INFO] (../src/fwidbmgr.cpp:5566) Importing fwi indexes images in database.
2018-09-14 06:37:01,836 null [INFO] (../src/fwidbmgr.cpp:5570) OK --> 20180913 images imported.
2018-09-14 06:37:01,837 null [INFO] (../src/fwidbmgr.cpp:5695) action outimg took about 0 seconds.
2018-09-14 06:37:01,837 null [INFO] (../src/fwidbmgr.cpp:5699) Disconnected from database.
2018-09-14 07:05:01,524 null [INFO] (../src/fwidbmgr.cpp:5361) fwi db manager
2018-09-14 07:05:01,524 null [INFO] (../src/fwidbmgr.cpp:5365) Program home: /home/meteo/dev/redist/fwidbmgr
2018-09-14 07:05:01,525 null [INFO] (../src/fwidbmgr.cpp:5369) Auto convert: 1
2018-09-14 07:05:01,525 null [INFO] (../src/fwidbmgr.cpp:446) action: outimg.
2018-09-14 07:05:01,525 null [INFO] (../src/fwidbmgr.cpp:470) date: 20180913.
2018-09-14 07:05:01,526 null [INFO] (../src/fwidbmgr.cpp:322) Try to read: /home/meteo/dev/redist/fwidbmgr/config/fwidbmgr.conf.
2018-09-14 07:05:01,529 null [INFO] (../src/fwidbmgr.cpp:5393) Configuration parsing: OK.
2018-09-14 07:05:01,535 null [INFO] (../src/fwidbmgr.cpp:5478) Connected to database
2018-09-14 07:05:01,535 null [INFO] (../src/fwidbmgr.cpp:5480) Manage data for date: 20180913.
2018-09-14 07:05:01,535 null [INFO] (../src/fwidbmgr.cpp:5566) Importing fwi indexes images in database.
2018-09-14 07:05:01,641 null [INFO] (../src/fwidbmgr.cpp:5570) OK --> 20180913 images imported.
2018-09-14 07:05:01,641 null [INFO] (../src/fwidbmgr.cpp:5695) action outimg took about 0 seconds.
2018-09-14 07:05:01,642 null [INFO] (../src/fwidbmgr.cpp:5699) Disconnected from database.
2018-09-14 07:37:01,881 null [INFO] (../src/fwidbmgr.cpp:5361) fwi db manager
2018-09-14 07:37:01,882 null [INFO] (../src/fwidbmgr.cpp:5365) Program home: /home/meteo/dev/redist/fwidbmgr
2018-09-14 07:37:01,882 null [INFO] (../src/fwidbmgr.cpp:5369) Auto convert: 1
2018-09-14 07:37:01,882 null [INFO] (../src/fwidbmgr.cpp:446) action: outimg.
2018-09-14 07:37:01,882 null [INFO] (../src/fwidbmgr.cpp:470) date: 20180913.
2018-09-14 07:37:01,882 null [INFO] (../src/fwidbmgr.cpp:322) Try to read: /home/meteo/dev/redist/fwidbmgr/config/fwidbmgr.conf.
2018-09-14 07:37:01,884 null [INFO] (../src/fwidbmgr.cpp:5393) Configuration parsing: OK.
2018-09-14 07:37:01,896 null [INFO] (../src/fwidbmgr.cpp:5478) Connected to database
2018-09-14 07:37:01,896 null [INFO] (../src/fwidbmgr.cpp:5480) Manage data for date: 20180913.
2018-09-14 07:37:01,896 null [INFO] (../src/fwidbmgr.cpp:5566) Importing fwi indexes images in database.
2018-09-14 07:37:02,002 null [INFO] (../src/fwidbmgr.cpp:5570) OK --> 20180913 images imported.
2018-09-14 07:37:02,003 null [INFO] (../src/fwidbmgr.cpp:5695) action outimg took about 1 seconds.
2018-09-14 07:37:02,003 null [INFO] (../src/fwidbmgr.cpp:5699) Disconnected from database.
