2017-11-14 04:06:52,154 null [INFO] (../src/fwidbmgr.cpp:5361) fwi db manager
2017-11-14 04:06:52,154 null [INFO] (../src/fwidbmgr.cpp:5365) Program home: /home/meteo/dev/redist/fwidbmgr
2017-11-14 04:06:52,154 null [INFO] (../src/fwidbmgr.cpp:5369) Auto convert: 1
2017-11-14 04:06:52,154 null [INFO] (../src/fwidbmgr.cpp:446) action: in.
2017-11-14 04:06:52,154 null [INFO] (../src/fwidbmgr.cpp:470) date: 20171113.
2017-11-14 04:06:52,154 null [INFO] (../src/fwidbmgr.cpp:322) Try to read: /home/meteo/dev/redist/fwidbmgr/config/fwidbmgr.conf.
2017-11-14 04:06:52,192 null [INFO] (../src/fwidbmgr.cpp:5393) Configuration parsing: OK.
2017-11-14 04:06:52,259 null [INFO] (../src/fwidbmgr.cpp:5478) Connected to database
2017-11-14 04:06:52,259 null [INFO] (../src/fwidbmgr.cpp:5480) Manage data for date: 20171113.
2017-11-14 04:06:52,259 null [INFO] (../src/fwidbmgr.cpp:5536) Importing meteo data in database for day: 20171113.
2017-11-14 04:06:52,268 null [INFO] (/home/meteo/dev/redist/fwidbmgr/include/Grid.h:1595) Configuring grid: snow
2017-11-14 04:06:52,268 null [INFO] (/home/meteo/dev/redist/fwidbmgr/include/Grid.h:1695) Grid snow configured.
2017-11-14 04:06:52,280 null [INFO] (/home/meteo/dev/redist/fwidbmgr/include/Grid.h:1595) Configuring grid: snow_covering
2017-11-14 04:06:52,280 null [INFO] (/home/meteo/dev/redist/fwidbmgr/include/Grid.h:1695) Grid snow_covering configured.
2017-11-14 04:06:52,292 null [INFO] (/home/meteo/dev/redist/fwidbmgr/include/Grid.h:1595) Configuring grid: snow_dissolution
2017-11-14 04:06:52,292 null [INFO] (/home/meteo/dev/redist/fwidbmgr/include/Grid.h:1695) Grid snow_dissolution configured.
2017-11-14 04:06:52,315 null [INFO] (/home/meteo/dev/redist/fwidbmgr/include/Grid.h:1595) Configuring grid: temperature
2017-11-14 04:06:52,315 null [INFO] (/home/meteo/dev/redist/fwidbmgr/include/Grid.h:1695) Grid temperature configured.
2017-11-14 04:06:52,320 null [INFO] (/home/meteo/dev/redist/fwidbmgr/include/Grid.h:1595) Configuring grid: humidity
2017-11-14 04:06:52,320 null [INFO] (/home/meteo/dev/redist/fwidbmgr/include/Grid.h:1695) Grid humidity configured.
2017-11-14 04:06:52,330 null [INFO] (/home/meteo/dev/redist/fwidbmgr/include/Grid.h:1595) Configuring grid: windspeed
2017-11-14 04:06:52,330 null [INFO] (/home/meteo/dev/redist/fwidbmgr/include/Grid.h:1695) Grid windspeed configured.
2017-11-14 04:06:52,352 null [INFO] (/home/meteo/dev/redist/fwidbmgr/include/Grid.h:1595) Configuring grid: rain
2017-11-14 04:06:52,352 null [INFO] (/home/meteo/dev/redist/fwidbmgr/include/Grid.h:1695) Grid rain configured.
2017-11-14 04:06:52,355 null [INFO] (/home/meteo/dev/redist/fwidbmgr/include/Grid.h:1595) Configuring grid: cum_rain
2017-11-14 04:06:52,355 null [INFO] (/home/meteo/dev/redist/fwidbmgr/include/Grid.h:1695) Grid cum_rain configured.
2017-11-14 04:06:58,829 null [INFO] (../src/fwidbmgr.cpp:1518) Storing meteo input ...
2017-11-14 04:07:14,132 null [INFO] (../src/fwidbmgr.cpp:5540) OK --> 20171113 data imported.
2017-11-14 04:07:14,203 null [INFO] (../src/fwidbmgr.cpp:5695) action in took about 22 seconds.
2017-11-14 04:07:14,356 null [INFO] (../src/fwidbmgr.cpp:5699) Disconnected from database.
2017-11-14 04:08:22,883 null [INFO] (../src/fwidbmgr.cpp:5361) fwi db manager
2017-11-14 04:08:22,883 null [INFO] (../src/fwidbmgr.cpp:5365) Program home: /home/meteo/dev/redist/fwidbmgr
2017-11-14 04:08:22,883 null [INFO] (../src/fwidbmgr.cpp:5369) Auto convert: 1
2017-11-14 04:08:22,883 null [INFO] (../src/fwidbmgr.cpp:446) action: out.
2017-11-14 04:08:22,884 null [INFO] (../src/fwidbmgr.cpp:470) date: 20171113.
2017-11-14 04:08:22,884 null [INFO] (../src/fwidbmgr.cpp:322) Try to read: /home/meteo/dev/redist/fwidbmgr/config/fwidbmgr.conf.
2017-11-14 04:08:22,889 null [INFO] (../src/fwidbmgr.cpp:5393) Configuration parsing: OK.
2017-11-14 04:08:22,910 null [INFO] (../src/fwidbmgr.cpp:5478) Connected to database
2017-11-14 04:08:22,910 null [INFO] (../src/fwidbmgr.cpp:5480) Manage data for date: 20171113.
2017-11-14 04:08:22,910 null [INFO] (../src/fwidbmgr.cpp:5551) Importing fwi indexes data in database for day: 20171113.
2017-11-14 04:08:22,917 null [INFO] (/home/meteo/dev/redist/fwidbmgr/include/Grid.h:1595) Configuring grid: isi
2017-11-14 04:08:22,918 null [INFO] (/home/meteo/dev/redist/fwidbmgr/include/Grid.h:1695) Grid isi configured.
2017-11-14 04:08:22,930 null [INFO] (/home/meteo/dev/redist/fwidbmgr/include/Grid.h:1595) Configuring grid: fwi
2017-11-14 04:08:22,930 null [INFO] (/home/meteo/dev/redist/fwidbmgr/include/Grid.h:1695) Grid fwi configured.
2017-11-14 04:08:22,943 null [INFO] (/home/meteo/dev/redist/fwidbmgr/include/Grid.h:1595) Configuring grid: ffmc
2017-11-14 04:08:22,943 null [INFO] (/home/meteo/dev/redist/fwidbmgr/include/Grid.h:1695) Grid ffmc configured.
2017-11-14 04:08:22,957 null [INFO] (/home/meteo/dev/redist/fwidbmgr/include/Grid.h:1595) Configuring grid: dmc
2017-11-14 04:08:22,957 null [INFO] (/home/meteo/dev/redist/fwidbmgr/include/Grid.h:1695) Grid dmc configured.
2017-11-14 04:08:22,970 null [INFO] (/home/meteo/dev/redist/fwidbmgr/include/Grid.h:1595) Configuring grid: dc
2017-11-14 04:08:22,970 null [INFO] (/home/meteo/dev/redist/fwidbmgr/include/Grid.h:1695) Grid dc configured.
2017-11-14 04:08:22,983 null [INFO] (/home/meteo/dev/redist/fwidbmgr/include/Grid.h:1595) Configuring grid: bui
2017-11-14 04:08:22,984 null [INFO] (/home/meteo/dev/redist/fwidbmgr/include/Grid.h:1695) Grid bui configured.
2017-11-14 04:08:22,997 null [INFO] (/home/meteo/dev/redist/fwidbmgr/include/Grid.h:1595) Configuring grid: ffmc_tmp
2017-11-14 04:08:22,997 null [INFO] (/home/meteo/dev/redist/fwidbmgr/include/Grid.h:1695) Grid ffmc_tmp configured.
2017-11-14 04:08:23,027 null [INFO] (/home/meteo/dev/redist/fwidbmgr/include/Grid.h:1595) Configuring grid: dmc_tmp
2017-11-14 04:08:23,028 null [INFO] (/home/meteo/dev/redist/fwidbmgr/include/Grid.h:1695) Grid dmc_tmp configured.
2017-11-14 04:08:23,048 null [INFO] (/home/meteo/dev/redist/fwidbmgr/include/Grid.h:1595) Configuring grid: dc_tmp
2017-11-14 04:08:23,048 null [INFO] (/home/meteo/dev/redist/fwidbmgr/include/Grid.h:1695) Grid dc_tmp configured.
2017-11-14 04:08:23,069 null [INFO] (/home/meteo/dev/redist/fwidbmgr/include/Grid.h:1595) Configuring grid: idi
2017-11-14 04:08:23,069 null [INFO] (/home/meteo/dev/redist/fwidbmgr/include/Grid.h:1695) Grid idi configured.
2017-11-14 04:08:32,301 null [INFO] (../src/fwidbmgr.cpp:2081) Storing FWI indexes ...
2017-11-14 04:09:03,366 null [INFO] (../src/fwidbmgr.cpp:5555) OK --> 20171113 data imported.
2017-11-14 04:09:03,366 null [INFO] (../src/fwidbmgr.cpp:5695) action out took about 41 seconds.
2017-11-14 04:09:03,367 null [INFO] (../src/fwidbmgr.cpp:5699) Disconnected from database.
2017-11-14 04:09:03,640 null [INFO] (../src/fwidbmgr.cpp:5361) fwi db manager
2017-11-14 04:09:03,640 null [INFO] (../src/fwidbmgr.cpp:5365) Program home: /home/meteo/dev/redist/fwidbmgr
2017-11-14 04:09:03,640 null [INFO] (../src/fwidbmgr.cpp:5369) Auto convert: 1
2017-11-14 04:09:03,640 null [INFO] (../src/fwidbmgr.cpp:446) action: computeidx.
2017-11-14 04:09:03,640 null [INFO] (../src/fwidbmgr.cpp:470) date: 20171113.
2017-11-14 04:09:03,640 null [INFO] (../src/fwidbmgr.cpp:322) Try to read: /home/meteo/dev/redist/fwidbmgr/config/fwidbmgr.conf.
2017-11-14 04:09:03,646 null [INFO] (../src/fwidbmgr.cpp:5393) Configuration parsing: OK.
2017-11-14 04:09:03,690 null [INFO] (../src/fwidbmgr.cpp:5478) Connected to database
2017-11-14 04:09:03,690 null [INFO] (../src/fwidbmgr.cpp:5480) Manage data for date: 20171113.
2017-11-14 04:09:03,690 null [INFO] (../src/fwidbmgr.cpp:5656) Computing indexes.
2017-11-14 04:09:03,691 null [INFO] (/home/meteo/dev/redist/fwidbmgr/include/Grid.h:1595) Configuring grid: isi
2017-11-14 04:09:03,691 null [INFO] (/home/meteo/dev/redist/fwidbmgr/include/Grid.h:1695) Grid isi configured.
2017-11-14 04:09:03,693 null [INFO] (/home/meteo/dev/redist/fwidbmgr/include/Grid.h:1595) Configuring grid: fwi
2017-11-14 04:09:03,693 null [INFO] (/home/meteo/dev/redist/fwidbmgr/include/Grid.h:1695) Grid fwi configured.
2017-11-14 04:09:03,694 null [INFO] (/home/meteo/dev/redist/fwidbmgr/include/Grid.h:1595) Configuring grid: ffmc
2017-11-14 04:09:03,694 null [INFO] (/home/meteo/dev/redist/fwidbmgr/include/Grid.h:1695) Grid ffmc configured.
2017-11-14 04:09:03,695 null [INFO] (/home/meteo/dev/redist/fwidbmgr/include/Grid.h:1595) Configuring grid: dmc
2017-11-14 04:09:03,695 null [INFO] (/home/meteo/dev/redist/fwidbmgr/include/Grid.h:1695) Grid dmc configured.
2017-11-14 04:09:03,697 null [INFO] (/home/meteo/dev/redist/fwidbmgr/include/Grid.h:1595) Configuring grid: dc
2017-11-14 04:09:03,697 null [INFO] (/home/meteo/dev/redist/fwidbmgr/include/Grid.h:1695) Grid dc configured.
2017-11-14 04:09:03,698 null [INFO] (/home/meteo/dev/redist/fwidbmgr/include/Grid.h:1595) Configuring grid: bui
2017-11-14 04:09:03,698 null [INFO] (/home/meteo/dev/redist/fwidbmgr/include/Grid.h:1695) Grid bui configured.
2017-11-14 04:09:03,699 null [INFO] (/home/meteo/dev/redist/fwidbmgr/include/Grid.h:1595) Configuring grid: ffmc_tmp
2017-11-14 04:09:03,699 null [INFO] (/home/meteo/dev/redist/fwidbmgr/include/Grid.h:1695) Grid ffmc_tmp configured.
2017-11-14 04:09:03,701 null [INFO] (/home/meteo/dev/redist/fwidbmgr/include/Grid.h:1595) Configuring grid: dmc_tmp
2017-11-14 04:09:03,701 null [INFO] (/home/meteo/dev/redist/fwidbmgr/include/Grid.h:1695) Grid dmc_tmp configured.
2017-11-14 04:09:03,702 null [INFO] (/home/meteo/dev/redist/fwidbmgr/include/Grid.h:1595) Configuring grid: dc_tmp
2017-11-14 04:09:03,702 null [INFO] (/home/meteo/dev/redist/fwidbmgr/include/Grid.h:1695) Grid dc_tmp configured.
2017-11-14 04:09:03,703 null [INFO] (/home/meteo/dev/redist/fwidbmgr/include/Grid.h:1595) Configuring grid: idi
2017-11-14 04:09:03,703 null [INFO] (/home/meteo/dev/redist/fwidbmgr/include/Grid.h:1695) Grid idi configured.
2017-11-14 04:09:03,705 null [INFO] (/home/meteo/dev/redist/fwidbmgr/include/Grid.h:1595) Configuring grid: angstrom
2017-11-14 04:09:03,705 null [INFO] (/home/meteo/dev/redist/fwidbmgr/include/Grid.h:1695) Grid angstrom configured.
2017-11-14 04:09:03,706 null [INFO] (/home/meteo/dev/redist/fwidbmgr/include/Grid.h:1595) Configuring grid: fmi
2017-11-14 04:09:03,706 null [INFO] (/home/meteo/dev/redist/fwidbmgr/include/Grid.h:1695) Grid fmi configured.
2017-11-14 04:09:03,707 null [INFO] (/home/meteo/dev/redist/fwidbmgr/include/Grid.h:1595) Configuring grid: sharples
2017-11-14 04:09:03,707 null [INFO] (/home/meteo/dev/redist/fwidbmgr/include/Grid.h:1695) Grid sharples configured.
2017-11-14 04:09:12,191 null [INFO] (/home/meteo/dev/redist/fwidbmgr/include/Grid.h:1595) Configuring grid: snow
2017-11-14 04:09:12,191 null [INFO] (/home/meteo/dev/redist/fwidbmgr/include/Grid.h:1695) Grid snow configured.
2017-11-14 04:09:12,191 null [INFO] (/home/meteo/dev/redist/fwidbmgr/include/Grid.h:1595) Configuring grid: snow_covering
2017-11-14 04:09:12,191 null [INFO] (/home/meteo/dev/redist/fwidbmgr/include/Grid.h:1695) Grid snow_covering configured.
2017-11-14 04:09:12,191 null [INFO] (/home/meteo/dev/redist/fwidbmgr/include/Grid.h:1595) Configuring grid: snow_dissolution
2017-11-14 04:09:12,191 null [INFO] (/home/meteo/dev/redist/fwidbmgr/include/Grid.h:1695) Grid snow_dissolution configured.
2017-11-14 04:09:12,191 null [INFO] (/home/meteo/dev/redist/fwidbmgr/include/Grid.h:1595) Configuring grid: temperature
2017-11-14 04:09:12,191 null [INFO] (/home/meteo/dev/redist/fwidbmgr/include/Grid.h:1695) Grid temperature configured.
2017-11-14 04:09:12,192 null [INFO] (/home/meteo/dev/redist/fwidbmgr/include/Grid.h:1595) Configuring grid: humidity
2017-11-14 04:09:12,192 null [INFO] (/home/meteo/dev/redist/fwidbmgr/include/Grid.h:1695) Grid humidity configured.
2017-11-14 04:09:12,192 null [INFO] (/home/meteo/dev/redist/fwidbmgr/include/Grid.h:1595) Configuring grid: windspeed
2017-11-14 04:09:12,192 null [INFO] (/home/meteo/dev/redist/fwidbmgr/include/Grid.h:1695) Grid windspeed configured.
2017-11-14 04:09:12,192 null [INFO] (/home/meteo/dev/redist/fwidbmgr/include/Grid.h:1595) Configuring grid: rain
2017-11-14 04:09:12,192 null [INFO] (/home/meteo/dev/redist/fwidbmgr/include/Grid.h:1695) Grid rain configured.
2017-11-14 04:09:12,192 null [INFO] (/home/meteo/dev/redist/fwidbmgr/include/Grid.h:1595) Configuring grid: cum_rain
2017-11-14 04:09:12,192 null [INFO] (/home/meteo/dev/redist/fwidbmgr/include/Grid.h:1695) Grid cum_rain configured.
2017-11-14 04:11:33,485 null [INFO] (../src/fwidbmgr.cpp:5660) OK --> 20171113 indexes computed.
2017-11-14 04:11:33,486 null [INFO] (../src/fwidbmgr.cpp:5695) action computeidx took about 150 seconds.
2017-11-14 04:11:33,486 null [INFO] (../src/fwidbmgr.cpp:5699) Disconnected from database.
2017-11-14 04:11:33,692 null [INFO] (../src/fwidbmgr.cpp:5361) fwi db manager
2017-11-14 04:11:33,692 null [INFO] (../src/fwidbmgr.cpp:5365) Program home: /home/meteo/dev/redist/fwidbmgr
2017-11-14 04:11:33,692 null [INFO] (../src/fwidbmgr.cpp:5369) Auto convert: 1
2017-11-14 04:11:33,692 null [INFO] (../src/fwidbmgr.cpp:446) action: exportidx.
2017-11-14 04:11:33,692 null [INFO] (../src/fwidbmgr.cpp:470) date: 20171113.
2017-11-14 04:11:33,692 null [INFO] (../src/fwidbmgr.cpp:322) Try to read: /home/meteo/dev/redist/fwidbmgr/config/fwidbmgr.conf.
2017-11-14 04:11:33,698 null [INFO] (../src/fwidbmgr.cpp:5393) Configuration parsing: OK.
2017-11-14 04:11:33,743 null [INFO] (../src/fwidbmgr.cpp:5478) Connected to database
2017-11-14 04:11:33,743 null [INFO] (../src/fwidbmgr.cpp:5480) Manage data for date: 20171113.
2017-11-14 04:11:33,743 null [INFO] (../src/fwidbmgr.cpp:5596) Exporting indexes.
2017-11-14 04:11:33,745 null [INFO] (/home/meteo/dev/redist/fwidbmgr/include/Grid.h:1595) Configuring grid: isi
2017-11-14 04:11:33,745 null [INFO] (/home/meteo/dev/redist/fwidbmgr/include/Grid.h:1695) Grid isi configured.
2017-11-14 04:11:33,747 null [INFO] (/home/meteo/dev/redist/fwidbmgr/include/Grid.h:1595) Configuring grid: fwi
2017-11-14 04:11:33,747 null [INFO] (/home/meteo/dev/redist/fwidbmgr/include/Grid.h:1695) Grid fwi configured.
2017-11-14 04:11:33,748 null [INFO] (/home/meteo/dev/redist/fwidbmgr/include/Grid.h:1595) Configuring grid: ffmc
2017-11-14 04:11:33,748 null [INFO] (/home/meteo/dev/redist/fwidbmgr/include/Grid.h:1695) Grid ffmc configured.
2017-11-14 04:11:33,750 null [INFO] (/home/meteo/dev/redist/fwidbmgr/include/Grid.h:1595) Configuring grid: dmc
2017-11-14 04:11:33,750 null [INFO] (/home/meteo/dev/redist/fwidbmgr/include/Grid.h:1695) Grid dmc configured.
2017-11-14 04:11:33,751 null [INFO] (/home/meteo/dev/redist/fwidbmgr/include/Grid.h:1595) Configuring grid: dc
2017-11-14 04:11:33,751 null [INFO] (/home/meteo/dev/redist/fwidbmgr/include/Grid.h:1695) Grid dc configured.
2017-11-14 04:11:33,753 null [INFO] (/home/meteo/dev/redist/fwidbmgr/include/Grid.h:1595) Configuring grid: bui
2017-11-14 04:11:33,753 null [INFO] (/home/meteo/dev/redist/fwidbmgr/include/Grid.h:1695) Grid bui configured.
2017-11-14 04:11:33,754 null [INFO] (/home/meteo/dev/redist/fwidbmgr/include/Grid.h:1595) Configuring grid: ffmc_tmp
2017-11-14 04:11:33,754 null [INFO] (/home/meteo/dev/redist/fwidbmgr/include/Grid.h:1695) Grid ffmc_tmp configured.
2017-11-14 04:11:33,755 null [INFO] (/home/meteo/dev/redist/fwidbmgr/include/Grid.h:1595) Configuring grid: dmc_tmp
2017-11-14 04:11:33,756 null [INFO] (/home/meteo/dev/redist/fwidbmgr/include/Grid.h:1695) Grid dmc_tmp configured.
2017-11-14 04:11:33,757 null [INFO] (/home/meteo/dev/redist/fwidbmgr/include/Grid.h:1595) Configuring grid: dc_tmp
2017-11-14 04:11:33,757 null [INFO] (/home/meteo/dev/redist/fwidbmgr/include/Grid.h:1695) Grid dc_tmp configured.
2017-11-14 04:11:33,758 null [INFO] (/home/meteo/dev/redist/fwidbmgr/include/Grid.h:1595) Configuring grid: idi
2017-11-14 04:11:33,758 null [INFO] (/home/meteo/dev/redist/fwidbmgr/include/Grid.h:1695) Grid idi configured.
2017-11-14 04:11:33,760 null [INFO] (/home/meteo/dev/redist/fwidbmgr/include/Grid.h:1595) Configuring grid: angstrom
2017-11-14 04:11:33,760 null [INFO] (/home/meteo/dev/redist/fwidbmgr/include/Grid.h:1695) Grid angstrom configured.
2017-11-14 04:11:33,761 null [INFO] (/home/meteo/dev/redist/fwidbmgr/include/Grid.h:1595) Configuring grid: fmi
2017-11-14 04:11:33,761 null [INFO] (/home/meteo/dev/redist/fwidbmgr/include/Grid.h:1695) Grid fmi configured.
2017-11-14 04:11:33,762 null [INFO] (/home/meteo/dev/redist/fwidbmgr/include/Grid.h:1595) Configuring grid: sharples
2017-11-14 04:11:33,762 null [INFO] (/home/meteo/dev/redist/fwidbmgr/include/Grid.h:1695) Grid sharples configured.
2017-11-14 04:11:44,234 null [INFO] (/home/meteo/dev/redist/fwidbmgr/include/Grid.h:1595) Configuring grid: isi
2017-11-14 04:11:44,238 null [INFO] (/home/meteo/dev/redist/fwidbmgr/include/Grid.h:1695) Grid isi configured.
2017-11-14 04:11:44,282 null [INFO] (/home/meteo/dev/redist/fwidbmgr/include/Grid.h:1595) Configuring grid: fwi
2017-11-14 04:11:44,282 null [INFO] (/home/meteo/dev/redist/fwidbmgr/include/Grid.h:1695) Grid fwi configured.
2017-11-14 04:11:44,318 null [INFO] (/home/meteo/dev/redist/fwidbmgr/include/Grid.h:1595) Configuring grid: ffmc
2017-11-14 04:11:44,318 null [INFO] (/home/meteo/dev/redist/fwidbmgr/include/Grid.h:1695) Grid ffmc configured.
2017-11-14 04:11:44,356 null [INFO] (/home/meteo/dev/redist/fwidbmgr/include/Grid.h:1595) Configuring grid: dmc
2017-11-14 04:11:44,356 null [INFO] (/home/meteo/dev/redist/fwidbmgr/include/Grid.h:1695) Grid dmc configured.
2017-11-14 04:11:44,392 null [INFO] (/home/meteo/dev/redist/fwidbmgr/include/Grid.h:1595) Configuring grid: dc
2017-11-14 04:11:44,392 null [INFO] (/home/meteo/dev/redist/fwidbmgr/include/Grid.h:1695) Grid dc configured.
2017-11-14 04:11:44,429 null [INFO] (/home/meteo/dev/redist/fwidbmgr/include/Grid.h:1595) Configuring grid: bui
2017-11-14 04:11:44,430 null [INFO] (/home/meteo/dev/redist/fwidbmgr/include/Grid.h:1695) Grid bui configured.
2017-11-14 04:11:44,466 null [INFO] (/home/meteo/dev/redist/fwidbmgr/include/Grid.h:1595) Configuring grid: ffmc_tmp
2017-11-14 04:11:44,466 null [INFO] (/home/meteo/dev/redist/fwidbmgr/include/Grid.h:1695) Grid ffmc_tmp configured.
2017-11-14 04:11:44,502 null [INFO] (/home/meteo/dev/redist/fwidbmgr/include/Grid.h:1595) Configuring grid: dmc_tmp
2017-11-14 04:11:44,502 null [INFO] (/home/meteo/dev/redist/fwidbmgr/include/Grid.h:1695) Grid dmc_tmp configured.
2017-11-14 04:11:44,536 null [INFO] (/home/meteo/dev/redist/fwidbmgr/include/Grid.h:1595) Configuring grid: dc_tmp
2017-11-14 04:11:44,536 null [INFO] (/home/meteo/dev/redist/fwidbmgr/include/Grid.h:1695) Grid dc_tmp configured.
2017-11-14 04:11:44,573 null [INFO] (/home/meteo/dev/redist/fwidbmgr/include/Grid.h:1595) Configuring grid: angstrom
2017-11-14 04:11:44,573 null [INFO] (/home/meteo/dev/redist/fwidbmgr/include/Grid.h:1695) Grid angstrom configured.
2017-11-14 04:11:44,634 null [INFO] (/home/meteo/dev/redist/fwidbmgr/include/Grid.h:1595) Configuring grid: sharples
2017-11-14 04:11:44,634 null [INFO] (/home/meteo/dev/redist/fwidbmgr/include/Grid.h:1695) Grid sharples configured.
2017-11-14 04:11:44,684 null [INFO] (/home/meteo/dev/redist/fwidbmgr/include/Grid.h:1595) Configuring grid: fmi
2017-11-14 04:11:44,685 null [INFO] (/home/meteo/dev/redist/fwidbmgr/include/Grid.h:1695) Grid fmi configured.
2017-11-14 04:11:44,727 null [INFO] (../src/fwidbmgr.cpp:5600) OK --> 20171113 indexes exported to files.
2017-11-14 04:11:44,727 null [INFO] (../src/fwidbmgr.cpp:5695) action exportidx took about 11 seconds.
2017-11-14 04:11:44,727 null [INFO] (../src/fwidbmgr.cpp:5699) Disconnected from database.
2017-11-14 04:12:12,846 null [INFO] (../src/fwidbmgr.cpp:5361) fwi db manager
2017-11-14 04:12:12,847 null [INFO] (../src/fwidbmgr.cpp:5365) Program home: /home/meteo/dev/redist/fwidbmgr
2017-11-14 04:12:12,847 null [INFO] (../src/fwidbmgr.cpp:5369) Auto convert: 1
2017-11-14 04:12:12,847 null [INFO] (../src/fwidbmgr.cpp:446) action: outimg.
2017-11-14 04:12:12,847 null [INFO] (../src/fwidbmgr.cpp:470) date: 20171113.
2017-11-14 04:12:12,847 null [INFO] (../src/fwidbmgr.cpp:322) Try to read: /home/meteo/dev/redist/fwidbmgr/config/fwidbmgr.conf.
2017-11-14 04:12:12,852 null [INFO] (../src/fwidbmgr.cpp:5393) Configuration parsing: OK.
2017-11-14 04:12:12,877 null [INFO] (../src/fwidbmgr.cpp:5478) Connected to database
2017-11-14 04:12:12,877 null [INFO] (../src/fwidbmgr.cpp:5480) Manage data for date: 20171113.
2017-11-14 04:12:12,877 null [INFO] (../src/fwidbmgr.cpp:5566) Importing fwi indexes images in database.
2017-11-14 04:12:13,267 null [INFO] (../src/fwidbmgr.cpp:5570) OK --> 20171113 images imported.
2017-11-14 04:12:13,267 null [INFO] (../src/fwidbmgr.cpp:5695) action outimg took about 1 seconds.
2017-11-14 04:12:13,268 null [INFO] (../src/fwidbmgr.cpp:5699) Disconnected from database.
2017-11-14 04:37:01,167 null [INFO] (../src/fwidbmgr.cpp:5361) fwi db manager
2017-11-14 04:37:01,167 null [INFO] (../src/fwidbmgr.cpp:5365) Program home: /home/meteo/dev/redist/fwidbmgr
2017-11-14 04:37:01,167 null [INFO] (../src/fwidbmgr.cpp:5369) Auto convert: 1
2017-11-14 04:37:01,167 null [INFO] (../src/fwidbmgr.cpp:446) action: outimg.
2017-11-14 04:37:01,167 null [INFO] (../src/fwidbmgr.cpp:470) date: 20171113.
2017-11-14 04:37:01,167 null [INFO] (../src/fwidbmgr.cpp:322) Try to read: /home/meteo/dev/redist/fwidbmgr/config/fwidbmgr.conf.
2017-11-14 04:37:01,169 null [INFO] (../src/fwidbmgr.cpp:5393) Configuration parsing: OK.
2017-11-14 04:37:01,174 null [INFO] (../src/fwidbmgr.cpp:5478) Connected to database
2017-11-14 04:37:01,174 null [INFO] (../src/fwidbmgr.cpp:5480) Manage data for date: 20171113.
2017-11-14 04:37:01,174 null [INFO] (../src/fwidbmgr.cpp:5566) Importing fwi indexes images in database.
2017-11-14 04:37:01,270 null [INFO] (../src/fwidbmgr.cpp:5570) OK --> 20171113 images imported.
2017-11-14 04:37:01,270 null [INFO] (../src/fwidbmgr.cpp:5695) action outimg took about 0 seconds.
2017-11-14 04:37:01,270 null [INFO] (../src/fwidbmgr.cpp:5699) Disconnected from database.
2017-11-14 05:05:01,422 null [INFO] (../src/fwidbmgr.cpp:5361) fwi db manager
2017-11-14 05:05:01,422 null [INFO] (../src/fwidbmgr.cpp:5365) Program home: /home/meteo/dev/redist/fwidbmgr
2017-11-14 05:05:01,422 null [INFO] (../src/fwidbmgr.cpp:5369) Auto convert: 1
2017-11-14 05:05:01,422 null [INFO] (../src/fwidbmgr.cpp:446) action: outimg.
2017-11-14 05:05:01,422 null [INFO] (../src/fwidbmgr.cpp:470) date: 20171113.
2017-11-14 05:05:01,422 null [INFO] (../src/fwidbmgr.cpp:322) Try to read: /home/meteo/dev/redist/fwidbmgr/config/fwidbmgr.conf.
2017-11-14 05:05:01,424 null [INFO] (../src/fwidbmgr.cpp:5393) Configuration parsing: OK.
2017-11-14 05:05:01,429 null [INFO] (../src/fwidbmgr.cpp:5478) Connected to database
2017-11-14 05:05:01,429 null [INFO] (../src/fwidbmgr.cpp:5480) Manage data for date: 20171113.
2017-11-14 05:05:01,429 null [INFO] (../src/fwidbmgr.cpp:5566) Importing fwi indexes images in database.
2017-11-14 05:05:01,507 null [INFO] (../src/fwidbmgr.cpp:5570) OK --> 20171113 images imported.
2017-11-14 05:05:01,508 null [INFO] (../src/fwidbmgr.cpp:5695) action outimg took about 0 seconds.
2017-11-14 05:05:01,508 null [INFO] (../src/fwidbmgr.cpp:5699) Disconnected from database.
2017-11-14 05:37:01,647 null [INFO] (../src/fwidbmgr.cpp:5361) fwi db manager
2017-11-14 05:37:01,648 null [INFO] (../src/fwidbmgr.cpp:5365) Program home: /home/meteo/dev/redist/fwidbmgr
2017-11-14 05:37:01,648 null [INFO] (../src/fwidbmgr.cpp:5369) Auto convert: 1
2017-11-14 05:37:01,648 null [INFO] (../src/fwidbmgr.cpp:446) action: outimg.
2017-11-14 05:37:01,648 null [INFO] (../src/fwidbmgr.cpp:470) date: 20171113.
2017-11-14 05:37:01,648 null [INFO] (../src/fwidbmgr.cpp:322) Try to read: /home/meteo/dev/redist/fwidbmgr/config/fwidbmgr.conf.
2017-11-14 05:37:01,650 null [INFO] (../src/fwidbmgr.cpp:5393) Configuration parsing: OK.
2017-11-14 05:37:01,655 null [INFO] (../src/fwidbmgr.cpp:5478) Connected to database
2017-11-14 05:37:01,655 null [INFO] (../src/fwidbmgr.cpp:5480) Manage data for date: 20171113.
2017-11-14 05:37:01,655 null [INFO] (../src/fwidbmgr.cpp:5566) Importing fwi indexes images in database.
2017-11-14 05:37:01,733 null [INFO] (../src/fwidbmgr.cpp:5570) OK --> 20171113 images imported.
2017-11-14 05:37:01,733 null [INFO] (../src/fwidbmgr.cpp:5695) action outimg took about 0 seconds.
2017-11-14 05:37:01,733 null [INFO] (../src/fwidbmgr.cpp:5699) Disconnected from database.
2017-11-14 06:05:01,270 null [INFO] (../src/fwidbmgr.cpp:5361) fwi db manager
2017-11-14 06:05:01,270 null [INFO] (../src/fwidbmgr.cpp:5365) Program home: /home/meteo/dev/redist/fwidbmgr
2017-11-14 06:05:01,270 null [INFO] (../src/fwidbmgr.cpp:5369) Auto convert: 1
2017-11-14 06:05:01,270 null [INFO] (../src/fwidbmgr.cpp:446) action: outimg.
2017-11-14 06:05:01,270 null [INFO] (../src/fwidbmgr.cpp:470) date: 20171113.
2017-11-14 06:05:01,270 null [INFO] (../src/fwidbmgr.cpp:322) Try to read: /home/meteo/dev/redist/fwidbmgr/config/fwidbmgr.conf.
2017-11-14 06:05:01,272 null [INFO] (../src/fwidbmgr.cpp:5393) Configuration parsing: OK.
2017-11-14 06:05:01,276 null [INFO] (../src/fwidbmgr.cpp:5478) Connected to database
2017-11-14 06:05:01,277 null [INFO] (../src/fwidbmgr.cpp:5480) Manage data for date: 20171113.
2017-11-14 06:05:01,277 null [INFO] (../src/fwidbmgr.cpp:5566) Importing fwi indexes images in database.
2017-11-14 06:05:01,473 null [INFO] (../src/fwidbmgr.cpp:5570) OK --> 20171113 images imported.
2017-11-14 06:05:01,473 null [INFO] (../src/fwidbmgr.cpp:5695) action outimg took about 0 seconds.
2017-11-14 06:05:01,473 null [INFO] (../src/fwidbmgr.cpp:5699) Disconnected from database.
2017-11-14 06:37:01,611 null [INFO] (../src/fwidbmgr.cpp:5361) fwi db manager
2017-11-14 06:37:01,611 null [INFO] (../src/fwidbmgr.cpp:5365) Program home: /home/meteo/dev/redist/fwidbmgr
2017-11-14 06:37:01,611 null [INFO] (../src/fwidbmgr.cpp:5369) Auto convert: 1
2017-11-14 06:37:01,611 null [INFO] (../src/fwidbmgr.cpp:446) action: outimg.
2017-11-14 06:37:01,611 null [INFO] (../src/fwidbmgr.cpp:470) date: 20171113.
2017-11-14 06:37:01,611 null [INFO] (../src/fwidbmgr.cpp:322) Try to read: /home/meteo/dev/redist/fwidbmgr/config/fwidbmgr.conf.
2017-11-14 06:37:01,613 null [INFO] (../src/fwidbmgr.cpp:5393) Configuration parsing: OK.
2017-11-14 06:37:01,618 null [INFO] (../src/fwidbmgr.cpp:5478) Connected to database
2017-11-14 06:37:01,618 null [INFO] (../src/fwidbmgr.cpp:5480) Manage data for date: 20171113.
2017-11-14 06:37:01,618 null [INFO] (../src/fwidbmgr.cpp:5566) Importing fwi indexes images in database.
2017-11-14 06:37:01,731 null [INFO] (../src/fwidbmgr.cpp:5570) OK --> 20171113 images imported.
2017-11-14 06:37:01,731 null [INFO] (../src/fwidbmgr.cpp:5695) action outimg took about 0 seconds.
2017-11-14 06:37:01,732 null [INFO] (../src/fwidbmgr.cpp:5699) Disconnected from database.
