2018-10-07 05:06:50,298 null [INFO] (../src/fwidbmgr.cpp:5361) fwi db manager
2018-10-07 05:06:50,298 null [INFO] (../src/fwidbmgr.cpp:5365) Program home: /home/meteo/dev/redist/fwidbmgr
2018-10-07 05:06:50,298 null [INFO] (../src/fwidbmgr.cpp:5369) Auto convert: 1
2018-10-07 05:06:50,298 null [INFO] (../src/fwidbmgr.cpp:446) action: in.
2018-10-07 05:06:50,298 null [INFO] (../src/fwidbmgr.cpp:470) date: 20181006.
2018-10-07 05:06:50,298 null [INFO] (../src/fwidbmgr.cpp:322) Try to read: /home/meteo/dev/redist/fwidbmgr/config/fwidbmgr.conf.
2018-10-07 05:06:50,311 null [INFO] (../src/fwidbmgr.cpp:5393) Configuration parsing: OK.
2018-10-07 05:06:50,349 null [INFO] (../src/fwidbmgr.cpp:5478) Connected to database
2018-10-07 05:06:50,349 null [INFO] (../src/fwidbmgr.cpp:5480) Manage data for date: 20181006.
2018-10-07 05:06:50,349 null [INFO] (../src/fwidbmgr.cpp:5536) Importing meteo data in database for day: 20181006.
2018-10-07 05:06:50,358 null [INFO] (/home/meteo/dev/redist/fwidbmgr/include/Grid.h:1595) Configuring grid: snow
2018-10-07 05:06:50,359 null [INFO] (/home/meteo/dev/redist/fwidbmgr/include/Grid.h:1695) Grid snow configured.
2018-10-07 05:06:50,370 null [INFO] (/home/meteo/dev/redist/fwidbmgr/include/Grid.h:1595) Configuring grid: snow_covering
2018-10-07 05:06:50,370 null [INFO] (/home/meteo/dev/redist/fwidbmgr/include/Grid.h:1695) Grid snow_covering configured.
2018-10-07 05:06:50,383 null [INFO] (/home/meteo/dev/redist/fwidbmgr/include/Grid.h:1595) Configuring grid: snow_dissolution
2018-10-07 05:06:50,383 null [INFO] (/home/meteo/dev/redist/fwidbmgr/include/Grid.h:1695) Grid snow_dissolution configured.
2018-10-07 05:06:50,408 null [INFO] (/home/meteo/dev/redist/fwidbmgr/include/Grid.h:1595) Configuring grid: temperature
2018-10-07 05:06:50,409 null [INFO] (/home/meteo/dev/redist/fwidbmgr/include/Grid.h:1695) Grid temperature configured.
2018-10-07 05:06:50,414 null [INFO] (/home/meteo/dev/redist/fwidbmgr/include/Grid.h:1595) Configuring grid: humidity
2018-10-07 05:06:50,414 null [INFO] (/home/meteo/dev/redist/fwidbmgr/include/Grid.h:1695) Grid humidity configured.
2018-10-07 05:06:50,424 null [INFO] (/home/meteo/dev/redist/fwidbmgr/include/Grid.h:1595) Configuring grid: windspeed
2018-10-07 05:06:50,425 null [INFO] (/home/meteo/dev/redist/fwidbmgr/include/Grid.h:1695) Grid windspeed configured.
2018-10-07 05:06:50,447 null [INFO] (/home/meteo/dev/redist/fwidbmgr/include/Grid.h:1595) Configuring grid: rain
2018-10-07 05:06:50,447 null [INFO] (/home/meteo/dev/redist/fwidbmgr/include/Grid.h:1695) Grid rain configured.
2018-10-07 05:06:50,450 null [INFO] (/home/meteo/dev/redist/fwidbmgr/include/Grid.h:1595) Configuring grid: cum_rain
2018-10-07 05:06:50,450 null [INFO] (/home/meteo/dev/redist/fwidbmgr/include/Grid.h:1695) Grid cum_rain configured.
2018-10-07 05:06:53,837 null [INFO] (../src/fwidbmgr.cpp:1518) Storing meteo input ...
2018-10-07 05:07:09,846 null [INFO] (../src/fwidbmgr.cpp:5540) OK --> 20181006 data imported.
2018-10-07 05:07:09,889 null [INFO] (../src/fwidbmgr.cpp:5695) action in took about 19 seconds.
2018-10-07 05:07:09,966 null [INFO] (../src/fwidbmgr.cpp:5699) Disconnected from database.
2018-10-07 05:08:23,092 null [INFO] (../src/fwidbmgr.cpp:5361) fwi db manager
2018-10-07 05:08:23,092 null [INFO] (../src/fwidbmgr.cpp:5365) Program home: /home/meteo/dev/redist/fwidbmgr
2018-10-07 05:08:23,092 null [INFO] (../src/fwidbmgr.cpp:5369) Auto convert: 1
2018-10-07 05:08:23,092 null [INFO] (../src/fwidbmgr.cpp:446) action: out.
2018-10-07 05:08:23,092 null [INFO] (../src/fwidbmgr.cpp:470) date: 20181006.
2018-10-07 05:08:23,092 null [INFO] (../src/fwidbmgr.cpp:322) Try to read: /home/meteo/dev/redist/fwidbmgr/config/fwidbmgr.conf.
2018-10-07 05:08:23,100 null [INFO] (../src/fwidbmgr.cpp:5393) Configuration parsing: OK.
2018-10-07 05:08:23,135 null [INFO] (../src/fwidbmgr.cpp:5478) Connected to database
2018-10-07 05:08:23,135 null [INFO] (../src/fwidbmgr.cpp:5480) Manage data for date: 20181006.
2018-10-07 05:08:23,135 null [INFO] (../src/fwidbmgr.cpp:5551) Importing fwi indexes data in database for day: 20181006.
2018-10-07 05:08:23,147 null [INFO] (/home/meteo/dev/redist/fwidbmgr/include/Grid.h:1595) Configuring grid: isi
2018-10-07 05:08:23,148 null [INFO] (/home/meteo/dev/redist/fwidbmgr/include/Grid.h:1695) Grid isi configured.
2018-10-07 05:08:23,161 null [INFO] (/home/meteo/dev/redist/fwidbmgr/include/Grid.h:1595) Configuring grid: fwi
2018-10-07 05:08:23,161 null [INFO] (/home/meteo/dev/redist/fwidbmgr/include/Grid.h:1695) Grid fwi configured.
2018-10-07 05:08:23,174 null [INFO] (/home/meteo/dev/redist/fwidbmgr/include/Grid.h:1595) Configuring grid: ffmc
2018-10-07 05:08:23,174 null [INFO] (/home/meteo/dev/redist/fwidbmgr/include/Grid.h:1695) Grid ffmc configured.
2018-10-07 05:08:23,188 null [INFO] (/home/meteo/dev/redist/fwidbmgr/include/Grid.h:1595) Configuring grid: dmc
2018-10-07 05:08:23,188 null [INFO] (/home/meteo/dev/redist/fwidbmgr/include/Grid.h:1695) Grid dmc configured.
2018-10-07 05:08:23,201 null [INFO] (/home/meteo/dev/redist/fwidbmgr/include/Grid.h:1595) Configuring grid: dc
2018-10-07 05:08:23,201 null [INFO] (/home/meteo/dev/redist/fwidbmgr/include/Grid.h:1695) Grid dc configured.
2018-10-07 05:08:23,215 null [INFO] (/home/meteo/dev/redist/fwidbmgr/include/Grid.h:1595) Configuring grid: bui
2018-10-07 05:08:23,215 null [INFO] (/home/meteo/dev/redist/fwidbmgr/include/Grid.h:1695) Grid bui configured.
2018-10-07 05:08:23,230 null [INFO] (/home/meteo/dev/redist/fwidbmgr/include/Grid.h:1595) Configuring grid: ffmc_tmp
2018-10-07 05:08:23,230 null [INFO] (/home/meteo/dev/redist/fwidbmgr/include/Grid.h:1695) Grid ffmc_tmp configured.
2018-10-07 05:08:23,251 null [INFO] (/home/meteo/dev/redist/fwidbmgr/include/Grid.h:1595) Configuring grid: dmc_tmp
2018-10-07 05:08:23,251 null [INFO] (/home/meteo/dev/redist/fwidbmgr/include/Grid.h:1695) Grid dmc_tmp configured.
2018-10-07 05:08:23,274 null [INFO] (/home/meteo/dev/redist/fwidbmgr/include/Grid.h:1595) Configuring grid: dc_tmp
2018-10-07 05:08:23,274 null [INFO] (/home/meteo/dev/redist/fwidbmgr/include/Grid.h:1695) Grid dc_tmp configured.
2018-10-07 05:08:23,295 null [INFO] (/home/meteo/dev/redist/fwidbmgr/include/Grid.h:1595) Configuring grid: idi
2018-10-07 05:08:23,295 null [INFO] (/home/meteo/dev/redist/fwidbmgr/include/Grid.h:1695) Grid idi configured.
2018-10-07 05:08:30,773 null [INFO] (../src/fwidbmgr.cpp:2081) Storing FWI indexes ...
2018-10-07 05:08:55,048 null [INFO] (../src/fwidbmgr.cpp:5555) OK --> 20181006 data imported.
2018-10-07 05:08:55,048 null [INFO] (../src/fwidbmgr.cpp:5695) action out took about 32 seconds.
2018-10-07 05:08:55,049 null [INFO] (../src/fwidbmgr.cpp:5699) Disconnected from database.
2018-10-07 05:08:55,466 null [INFO] (../src/fwidbmgr.cpp:5361) fwi db manager
2018-10-07 05:08:55,466 null [INFO] (../src/fwidbmgr.cpp:5365) Program home: /home/meteo/dev/redist/fwidbmgr
2018-10-07 05:08:55,466 null [INFO] (../src/fwidbmgr.cpp:5369) Auto convert: 1
2018-10-07 05:08:55,466 null [INFO] (../src/fwidbmgr.cpp:446) action: computeidx.
2018-10-07 05:08:55,466 null [INFO] (../src/fwidbmgr.cpp:470) date: 20181006.
2018-10-07 05:08:55,466 null [INFO] (../src/fwidbmgr.cpp:322) Try to read: /home/meteo/dev/redist/fwidbmgr/config/fwidbmgr.conf.
2018-10-07 05:08:55,472 null [INFO] (../src/fwidbmgr.cpp:5393) Configuration parsing: OK.
2018-10-07 05:08:55,493 null [INFO] (../src/fwidbmgr.cpp:5478) Connected to database
2018-10-07 05:08:55,493 null [INFO] (../src/fwidbmgr.cpp:5480) Manage data for date: 20181006.
2018-10-07 05:08:55,493 null [INFO] (../src/fwidbmgr.cpp:5656) Computing indexes.
2018-10-07 05:08:55,495 null [INFO] (/home/meteo/dev/redist/fwidbmgr/include/Grid.h:1595) Configuring grid: isi
2018-10-07 05:08:55,495 null [INFO] (/home/meteo/dev/redist/fwidbmgr/include/Grid.h:1695) Grid isi configured.
2018-10-07 05:08:55,496 null [INFO] (/home/meteo/dev/redist/fwidbmgr/include/Grid.h:1595) Configuring grid: fwi
2018-10-07 05:08:55,496 null [INFO] (/home/meteo/dev/redist/fwidbmgr/include/Grid.h:1695) Grid fwi configured.
2018-10-07 05:08:55,498 null [INFO] (/home/meteo/dev/redist/fwidbmgr/include/Grid.h:1595) Configuring grid: ffmc
2018-10-07 05:08:55,510 null [INFO] (/home/meteo/dev/redist/fwidbmgr/include/Grid.h:1695) Grid ffmc configured.
2018-10-07 05:08:55,511 null [INFO] (/home/meteo/dev/redist/fwidbmgr/include/Grid.h:1595) Configuring grid: dmc
2018-10-07 05:08:55,511 null [INFO] (/home/meteo/dev/redist/fwidbmgr/include/Grid.h:1695) Grid dmc configured.
2018-10-07 05:08:55,512 null [INFO] (/home/meteo/dev/redist/fwidbmgr/include/Grid.h:1595) Configuring grid: dc
2018-10-07 05:08:55,512 null [INFO] (/home/meteo/dev/redist/fwidbmgr/include/Grid.h:1695) Grid dc configured.
2018-10-07 05:08:55,514 null [INFO] (/home/meteo/dev/redist/fwidbmgr/include/Grid.h:1595) Configuring grid: bui
2018-10-07 05:08:55,514 null [INFO] (/home/meteo/dev/redist/fwidbmgr/include/Grid.h:1695) Grid bui configured.
2018-10-07 05:08:55,515 null [INFO] (/home/meteo/dev/redist/fwidbmgr/include/Grid.h:1595) Configuring grid: ffmc_tmp
2018-10-07 05:08:55,515 null [INFO] (/home/meteo/dev/redist/fwidbmgr/include/Grid.h:1695) Grid ffmc_tmp configured.
2018-10-07 05:08:55,516 null [INFO] (/home/meteo/dev/redist/fwidbmgr/include/Grid.h:1595) Configuring grid: dmc_tmp
2018-10-07 05:08:55,516 null [INFO] (/home/meteo/dev/redist/fwidbmgr/include/Grid.h:1695) Grid dmc_tmp configured.
2018-10-07 05:08:55,518 null [INFO] (/home/meteo/dev/redist/fwidbmgr/include/Grid.h:1595) Configuring grid: dc_tmp
2018-10-07 05:08:55,518 null [INFO] (/home/meteo/dev/redist/fwidbmgr/include/Grid.h:1695) Grid dc_tmp configured.
2018-10-07 05:08:55,519 null [INFO] (/home/meteo/dev/redist/fwidbmgr/include/Grid.h:1595) Configuring grid: idi
2018-10-07 05:08:55,519 null [INFO] (/home/meteo/dev/redist/fwidbmgr/include/Grid.h:1695) Grid idi configured.
2018-10-07 05:08:55,520 null [INFO] (/home/meteo/dev/redist/fwidbmgr/include/Grid.h:1595) Configuring grid: angstrom
2018-10-07 05:08:55,520 null [INFO] (/home/meteo/dev/redist/fwidbmgr/include/Grid.h:1695) Grid angstrom configured.
2018-10-07 05:08:55,522 null [INFO] (/home/meteo/dev/redist/fwidbmgr/include/Grid.h:1595) Configuring grid: fmi
2018-10-07 05:08:55,522 null [INFO] (/home/meteo/dev/redist/fwidbmgr/include/Grid.h:1695) Grid fmi configured.
2018-10-07 05:08:55,523 null [INFO] (/home/meteo/dev/redist/fwidbmgr/include/Grid.h:1595) Configuring grid: sharples
2018-10-07 05:08:55,523 null [INFO] (/home/meteo/dev/redist/fwidbmgr/include/Grid.h:1695) Grid sharples configured.
2018-10-07 05:09:04,878 null [INFO] (/home/meteo/dev/redist/fwidbmgr/include/Grid.h:1595) Configuring grid: snow
2018-10-07 05:09:04,878 null [INFO] (/home/meteo/dev/redist/fwidbmgr/include/Grid.h:1695) Grid snow configured.
2018-10-07 05:09:04,878 null [INFO] (/home/meteo/dev/redist/fwidbmgr/include/Grid.h:1595) Configuring grid: snow_covering
2018-10-07 05:09:04,879 null [INFO] (/home/meteo/dev/redist/fwidbmgr/include/Grid.h:1695) Grid snow_covering configured.
2018-10-07 05:09:04,879 null [INFO] (/home/meteo/dev/redist/fwidbmgr/include/Grid.h:1595) Configuring grid: snow_dissolution
2018-10-07 05:09:04,879 null [INFO] (/home/meteo/dev/redist/fwidbmgr/include/Grid.h:1695) Grid snow_dissolution configured.
2018-10-07 05:09:04,879 null [INFO] (/home/meteo/dev/redist/fwidbmgr/include/Grid.h:1595) Configuring grid: temperature
2018-10-07 05:09:04,879 null [INFO] (/home/meteo/dev/redist/fwidbmgr/include/Grid.h:1695) Grid temperature configured.
2018-10-07 05:09:04,879 null [INFO] (/home/meteo/dev/redist/fwidbmgr/include/Grid.h:1595) Configuring grid: humidity
2018-10-07 05:09:04,879 null [INFO] (/home/meteo/dev/redist/fwidbmgr/include/Grid.h:1695) Grid humidity configured.
2018-10-07 05:09:04,879 null [INFO] (/home/meteo/dev/redist/fwidbmgr/include/Grid.h:1595) Configuring grid: windspeed
2018-10-07 05:09:04,879 null [INFO] (/home/meteo/dev/redist/fwidbmgr/include/Grid.h:1695) Grid windspeed configured.
2018-10-07 05:09:04,879 null [INFO] (/home/meteo/dev/redist/fwidbmgr/include/Grid.h:1595) Configuring grid: rain
2018-10-07 05:09:04,880 null [INFO] (/home/meteo/dev/redist/fwidbmgr/include/Grid.h:1695) Grid rain configured.
2018-10-07 05:09:04,880 null [INFO] (/home/meteo/dev/redist/fwidbmgr/include/Grid.h:1595) Configuring grid: cum_rain
2018-10-07 05:09:04,880 null [INFO] (/home/meteo/dev/redist/fwidbmgr/include/Grid.h:1695) Grid cum_rain configured.
2018-10-07 05:11:25,191 null [INFO] (../src/fwidbmgr.cpp:5660) OK --> 20181006 indexes computed.
2018-10-07 05:11:25,191 null [INFO] (../src/fwidbmgr.cpp:5695) action computeidx took about 150 seconds.
2018-10-07 05:11:25,191 null [INFO] (../src/fwidbmgr.cpp:5699) Disconnected from database.
2018-10-07 05:11:25,335 null [INFO] (../src/fwidbmgr.cpp:5361) fwi db manager
2018-10-07 05:11:25,335 null [INFO] (../src/fwidbmgr.cpp:5365) Program home: /home/meteo/dev/redist/fwidbmgr
2018-10-07 05:11:25,335 null [INFO] (../src/fwidbmgr.cpp:5369) Auto convert: 1
2018-10-07 05:11:25,335 null [INFO] (../src/fwidbmgr.cpp:446) action: exportidx.
2018-10-07 05:11:25,335 null [INFO] (../src/fwidbmgr.cpp:470) date: 20181006.
2018-10-07 05:11:25,335 null [INFO] (../src/fwidbmgr.cpp:322) Try to read: /home/meteo/dev/redist/fwidbmgr/config/fwidbmgr.conf.
2018-10-07 05:11:25,340 null [INFO] (../src/fwidbmgr.cpp:5393) Configuration parsing: OK.
2018-10-07 05:11:25,439 null [INFO] (../src/fwidbmgr.cpp:5478) Connected to database
2018-10-07 05:11:25,439 null [INFO] (../src/fwidbmgr.cpp:5480) Manage data for date: 20181006.
2018-10-07 05:11:25,439 null [INFO] (../src/fwidbmgr.cpp:5596) Exporting indexes.
2018-10-07 05:11:25,441 null [INFO] (/home/meteo/dev/redist/fwidbmgr/include/Grid.h:1595) Configuring grid: isi
2018-10-07 05:11:25,441 null [INFO] (/home/meteo/dev/redist/fwidbmgr/include/Grid.h:1695) Grid isi configured.
2018-10-07 05:11:25,442 null [INFO] (/home/meteo/dev/redist/fwidbmgr/include/Grid.h:1595) Configuring grid: fwi
2018-10-07 05:11:25,443 null [INFO] (/home/meteo/dev/redist/fwidbmgr/include/Grid.h:1695) Grid fwi configured.
2018-10-07 05:11:25,444 null [INFO] (/home/meteo/dev/redist/fwidbmgr/include/Grid.h:1595) Configuring grid: ffmc
2018-10-07 05:11:25,444 null [INFO] (/home/meteo/dev/redist/fwidbmgr/include/Grid.h:1695) Grid ffmc configured.
2018-10-07 05:11:25,445 null [INFO] (/home/meteo/dev/redist/fwidbmgr/include/Grid.h:1595) Configuring grid: dmc
2018-10-07 05:11:25,445 null [INFO] (/home/meteo/dev/redist/fwidbmgr/include/Grid.h:1695) Grid dmc configured.
2018-10-07 05:11:25,447 null [INFO] (/home/meteo/dev/redist/fwidbmgr/include/Grid.h:1595) Configuring grid: dc
2018-10-07 05:11:25,447 null [INFO] (/home/meteo/dev/redist/fwidbmgr/include/Grid.h:1695) Grid dc configured.
2018-10-07 05:11:25,448 null [INFO] (/home/meteo/dev/redist/fwidbmgr/include/Grid.h:1595) Configuring grid: bui
2018-10-07 05:11:25,448 null [INFO] (/home/meteo/dev/redist/fwidbmgr/include/Grid.h:1695) Grid bui configured.
2018-10-07 05:11:25,449 null [INFO] (/home/meteo/dev/redist/fwidbmgr/include/Grid.h:1595) Configuring grid: ffmc_tmp
2018-10-07 05:11:25,449 null [INFO] (/home/meteo/dev/redist/fwidbmgr/include/Grid.h:1695) Grid ffmc_tmp configured.
2018-10-07 05:11:25,451 null [INFO] (/home/meteo/dev/redist/fwidbmgr/include/Grid.h:1595) Configuring grid: dmc_tmp
2018-10-07 05:11:25,451 null [INFO] (/home/meteo/dev/redist/fwidbmgr/include/Grid.h:1695) Grid dmc_tmp configured.
2018-10-07 05:11:25,452 null [INFO] (/home/meteo/dev/redist/fwidbmgr/include/Grid.h:1595) Configuring grid: dc_tmp
2018-10-07 05:11:25,452 null [INFO] (/home/meteo/dev/redist/fwidbmgr/include/Grid.h:1695) Grid dc_tmp configured.
2018-10-07 05:11:25,453 null [INFO] (/home/meteo/dev/redist/fwidbmgr/include/Grid.h:1595) Configuring grid: idi
2018-10-07 05:11:25,453 null [INFO] (/home/meteo/dev/redist/fwidbmgr/include/Grid.h:1695) Grid idi configured.
2018-10-07 05:11:25,455 null [INFO] (/home/meteo/dev/redist/fwidbmgr/include/Grid.h:1595) Configuring grid: angstrom
2018-10-07 05:11:25,455 null [INFO] (/home/meteo/dev/redist/fwidbmgr/include/Grid.h:1695) Grid angstrom configured.
2018-10-07 05:11:25,456 null [INFO] (/home/meteo/dev/redist/fwidbmgr/include/Grid.h:1595) Configuring grid: fmi
2018-10-07 05:11:25,456 null [INFO] (/home/meteo/dev/redist/fwidbmgr/include/Grid.h:1695) Grid fmi configured.
2018-10-07 05:11:25,458 null [INFO] (/home/meteo/dev/redist/fwidbmgr/include/Grid.h:1595) Configuring grid: sharples
2018-10-07 05:11:25,458 null [INFO] (/home/meteo/dev/redist/fwidbmgr/include/Grid.h:1695) Grid sharples configured.
2018-10-07 05:11:34,404 null [INFO] (/home/meteo/dev/redist/fwidbmgr/include/Grid.h:1595) Configuring grid: isi
2018-10-07 05:11:34,412 null [INFO] (/home/meteo/dev/redist/fwidbmgr/include/Grid.h:1695) Grid isi configured.
2018-10-07 05:11:34,462 null [INFO] (/home/meteo/dev/redist/fwidbmgr/include/Grid.h:1595) Configuring grid: fwi
2018-10-07 05:11:34,462 null [INFO] (/home/meteo/dev/redist/fwidbmgr/include/Grid.h:1695) Grid fwi configured.
2018-10-07 05:11:34,500 null [INFO] (/home/meteo/dev/redist/fwidbmgr/include/Grid.h:1595) Configuring grid: ffmc
2018-10-07 05:11:34,500 null [INFO] (/home/meteo/dev/redist/fwidbmgr/include/Grid.h:1695) Grid ffmc configured.
2018-10-07 05:11:34,538 null [INFO] (/home/meteo/dev/redist/fwidbmgr/include/Grid.h:1595) Configuring grid: dmc
2018-10-07 05:11:34,539 null [INFO] (/home/meteo/dev/redist/fwidbmgr/include/Grid.h:1695) Grid dmc configured.
2018-10-07 05:11:34,578 null [INFO] (/home/meteo/dev/redist/fwidbmgr/include/Grid.h:1595) Configuring grid: dc
2018-10-07 05:11:34,578 null [INFO] (/home/meteo/dev/redist/fwidbmgr/include/Grid.h:1695) Grid dc configured.
2018-10-07 05:11:34,617 null [INFO] (/home/meteo/dev/redist/fwidbmgr/include/Grid.h:1595) Configuring grid: bui
2018-10-07 05:11:34,617 null [INFO] (/home/meteo/dev/redist/fwidbmgr/include/Grid.h:1695) Grid bui configured.
2018-10-07 05:11:34,655 null [INFO] (/home/meteo/dev/redist/fwidbmgr/include/Grid.h:1595) Configuring grid: ffmc_tmp
2018-10-07 05:11:34,655 null [INFO] (/home/meteo/dev/redist/fwidbmgr/include/Grid.h:1695) Grid ffmc_tmp configured.
2018-10-07 05:11:34,695 null [INFO] (/home/meteo/dev/redist/fwidbmgr/include/Grid.h:1595) Configuring grid: dmc_tmp
2018-10-07 05:11:34,695 null [INFO] (/home/meteo/dev/redist/fwidbmgr/include/Grid.h:1695) Grid dmc_tmp configured.
2018-10-07 05:11:34,731 null [INFO] (/home/meteo/dev/redist/fwidbmgr/include/Grid.h:1595) Configuring grid: dc_tmp
2018-10-07 05:11:34,732 null [INFO] (/home/meteo/dev/redist/fwidbmgr/include/Grid.h:1695) Grid dc_tmp configured.
2018-10-07 05:11:34,769 null [INFO] (/home/meteo/dev/redist/fwidbmgr/include/Grid.h:1595) Configuring grid: angstrom
2018-10-07 05:11:34,769 null [INFO] (/home/meteo/dev/redist/fwidbmgr/include/Grid.h:1695) Grid angstrom configured.
2018-10-07 05:11:34,839 null [INFO] (/home/meteo/dev/redist/fwidbmgr/include/Grid.h:1595) Configuring grid: sharples
2018-10-07 05:11:34,839 null [INFO] (/home/meteo/dev/redist/fwidbmgr/include/Grid.h:1695) Grid sharples configured.
2018-10-07 05:11:34,882 null [INFO] (/home/meteo/dev/redist/fwidbmgr/include/Grid.h:1595) Configuring grid: fmi
2018-10-07 05:11:34,882 null [INFO] (/home/meteo/dev/redist/fwidbmgr/include/Grid.h:1695) Grid fmi configured.
2018-10-07 05:11:34,940 null [INFO] (../src/fwidbmgr.cpp:5600) OK --> 20181006 indexes exported to files.
2018-10-07 05:11:34,940 null [INFO] (../src/fwidbmgr.cpp:5695) action exportidx took about 9 seconds.
2018-10-07 05:11:34,940 null [INFO] (../src/fwidbmgr.cpp:5699) Disconnected from database.
2018-10-07 05:12:05,180 null [INFO] (../src/fwidbmgr.cpp:5361) fwi db manager
2018-10-07 05:12:05,180 null [INFO] (../src/fwidbmgr.cpp:5365) Program home: /home/meteo/dev/redist/fwidbmgr
2018-10-07 05:12:05,180 null [INFO] (../src/fwidbmgr.cpp:5369) Auto convert: 1
2018-10-07 05:12:05,180 null [INFO] (../src/fwidbmgr.cpp:446) action: outimg.
2018-10-07 05:12:05,180 null [INFO] (../src/fwidbmgr.cpp:470) date: 20181006.
2018-10-07 05:12:05,180 null [INFO] (../src/fwidbmgr.cpp:322) Try to read: /home/meteo/dev/redist/fwidbmgr/config/fwidbmgr.conf.
2018-10-07 05:12:05,188 null [INFO] (../src/fwidbmgr.cpp:5393) Configuration parsing: OK.
2018-10-07 05:12:05,214 null [INFO] (../src/fwidbmgr.cpp:5478) Connected to database
2018-10-07 05:12:05,215 null [INFO] (../src/fwidbmgr.cpp:5480) Manage data for date: 20181006.
2018-10-07 05:12:05,215 null [INFO] (../src/fwidbmgr.cpp:5566) Importing fwi indexes images in database.
2018-10-07 05:12:05,646 null [INFO] (../src/fwidbmgr.cpp:5570) OK --> 20181006 images imported.
2018-10-07 05:12:05,647 null [INFO] (../src/fwidbmgr.cpp:5695) action outimg took about 0 seconds.
2018-10-07 05:12:05,647 null [INFO] (../src/fwidbmgr.cpp:5699) Disconnected from database.
2018-10-07 05:37:01,567 null [INFO] (../src/fwidbmgr.cpp:5361) fwi db manager
2018-10-07 05:37:01,567 null [INFO] (../src/fwidbmgr.cpp:5365) Program home: /home/meteo/dev/redist/fwidbmgr
2018-10-07 05:37:01,567 null [INFO] (../src/fwidbmgr.cpp:5369) Auto convert: 1
2018-10-07 05:37:01,567 null [INFO] (../src/fwidbmgr.cpp:446) action: outimg.
2018-10-07 05:37:01,567 null [INFO] (../src/fwidbmgr.cpp:470) date: 20181006.
2018-10-07 05:37:01,567 null [INFO] (../src/fwidbmgr.cpp:322) Try to read: /home/meteo/dev/redist/fwidbmgr/config/fwidbmgr.conf.
2018-10-07 05:37:01,574 null [INFO] (../src/fwidbmgr.cpp:5393) Configuration parsing: OK.
2018-10-07 05:37:01,579 null [INFO] (../src/fwidbmgr.cpp:5478) Connected to database
2018-10-07 05:37:01,579 null [INFO] (../src/fwidbmgr.cpp:5480) Manage data for date: 20181006.
2018-10-07 05:37:01,579 null [INFO] (../src/fwidbmgr.cpp:5566) Importing fwi indexes images in database.
2018-10-07 05:37:01,694 null [INFO] (../src/fwidbmgr.cpp:5570) OK --> 20181006 images imported.
2018-10-07 05:37:01,695 null [INFO] (../src/fwidbmgr.cpp:5695) action outimg took about 0 seconds.
2018-10-07 05:37:01,695 null [INFO] (../src/fwidbmgr.cpp:5699) Disconnected from database.
2018-10-07 06:05:01,875 null [INFO] (../src/fwidbmgr.cpp:5361) fwi db manager
2018-10-07 06:05:01,875 null [INFO] (../src/fwidbmgr.cpp:5365) Program home: /home/meteo/dev/redist/fwidbmgr
2018-10-07 06:05:01,875 null [INFO] (../src/fwidbmgr.cpp:5369) Auto convert: 1
2018-10-07 06:05:01,875 null [INFO] (../src/fwidbmgr.cpp:446) action: outimg.
2018-10-07 06:05:01,875 null [INFO] (../src/fwidbmgr.cpp:470) date: 20181006.
2018-10-07 06:05:01,875 null [INFO] (../src/fwidbmgr.cpp:322) Try to read: /home/meteo/dev/redist/fwidbmgr/config/fwidbmgr.conf.
2018-10-07 06:05:01,877 null [INFO] (../src/fwidbmgr.cpp:5393) Configuration parsing: OK.
2018-10-07 06:05:01,883 null [INFO] (../src/fwidbmgr.cpp:5478) Connected to database
2018-10-07 06:05:01,883 null [INFO] (../src/fwidbmgr.cpp:5480) Manage data for date: 20181006.
2018-10-07 06:05:01,883 null [INFO] (../src/fwidbmgr.cpp:5566) Importing fwi indexes images in database.
2018-10-07 06:05:01,953 null [INFO] (../src/fwidbmgr.cpp:5570) OK --> 20181006 images imported.
2018-10-07 06:05:01,953 null [INFO] (../src/fwidbmgr.cpp:5695) action outimg took about 0 seconds.
2018-10-07 06:05:01,954 null [INFO] (../src/fwidbmgr.cpp:5699) Disconnected from database.
2018-10-07 06:37:01,088 null [INFO] (../src/fwidbmgr.cpp:5361) fwi db manager
2018-10-07 06:37:01,088 null [INFO] (../src/fwidbmgr.cpp:5365) Program home: /home/meteo/dev/redist/fwidbmgr
2018-10-07 06:37:01,089 null [INFO] (../src/fwidbmgr.cpp:5369) Auto convert: 1
2018-10-07 06:37:01,089 null [INFO] (../src/fwidbmgr.cpp:446) action: outimg.
2018-10-07 06:37:01,089 null [INFO] (../src/fwidbmgr.cpp:470) date: 20181006.
2018-10-07 06:37:01,089 null [INFO] (../src/fwidbmgr.cpp:322) Try to read: /home/meteo/dev/redist/fwidbmgr/config/fwidbmgr.conf.
2018-10-07 06:37:01,090 null [INFO] (../src/fwidbmgr.cpp:5393) Configuration parsing: OK.
2018-10-07 06:37:01,096 null [INFO] (../src/fwidbmgr.cpp:5478) Connected to database
2018-10-07 06:37:01,096 null [INFO] (../src/fwidbmgr.cpp:5480) Manage data for date: 20181006.
2018-10-07 06:37:01,096 null [INFO] (../src/fwidbmgr.cpp:5566) Importing fwi indexes images in database.
2018-10-07 06:37:01,175 null [INFO] (../src/fwidbmgr.cpp:5570) OK --> 20181006 images imported.
2018-10-07 06:37:01,175 null [INFO] (../src/fwidbmgr.cpp:5695) action outimg took about 0 seconds.
2018-10-07 06:37:01,175 null [INFO] (../src/fwidbmgr.cpp:5699) Disconnected from database.
2018-10-07 07:05:01,084 null [INFO] (../src/fwidbmgr.cpp:5361) fwi db manager
2018-10-07 07:05:01,085 null [INFO] (../src/fwidbmgr.cpp:5365) Program home: /home/meteo/dev/redist/fwidbmgr
2018-10-07 07:05:01,087 null [INFO] (../src/fwidbmgr.cpp:5369) Auto convert: 1
2018-10-07 07:05:01,087 null [INFO] (../src/fwidbmgr.cpp:446) action: outimg.
2018-10-07 07:05:01,087 null [INFO] (../src/fwidbmgr.cpp:470) date: 20181006.
2018-10-07 07:05:01,088 null [INFO] (../src/fwidbmgr.cpp:322) Try to read: /home/meteo/dev/redist/fwidbmgr/config/fwidbmgr.conf.
2018-10-07 07:05:01,089 null [INFO] (../src/fwidbmgr.cpp:5393) Configuration parsing: OK.
2018-10-07 07:05:01,101 null [INFO] (../src/fwidbmgr.cpp:5478) Connected to database
2018-10-07 07:05:01,101 null [INFO] (../src/fwidbmgr.cpp:5480) Manage data for date: 20181006.
2018-10-07 07:05:01,102 null [INFO] (../src/fwidbmgr.cpp:5566) Importing fwi indexes images in database.
2018-10-07 07:05:01,188 null [INFO] (../src/fwidbmgr.cpp:5570) OK --> 20181006 images imported.
2018-10-07 07:05:01,188 null [INFO] (../src/fwidbmgr.cpp:5695) action outimg took about 0 seconds.
2018-10-07 07:05:01,188 null [INFO] (../src/fwidbmgr.cpp:5699) Disconnected from database.
2018-10-07 07:37:01,327 null [INFO] (../src/fwidbmgr.cpp:5361) fwi db manager
2018-10-07 07:37:01,327 null [INFO] (../src/fwidbmgr.cpp:5365) Program home: /home/meteo/dev/redist/fwidbmgr
2018-10-07 07:37:01,327 null [INFO] (../src/fwidbmgr.cpp:5369) Auto convert: 1
2018-10-07 07:37:01,327 null [INFO] (../src/fwidbmgr.cpp:446) action: outimg.
2018-10-07 07:37:01,327 null [INFO] (../src/fwidbmgr.cpp:470) date: 20181006.
2018-10-07 07:37:01,327 null [INFO] (../src/fwidbmgr.cpp:322) Try to read: /home/meteo/dev/redist/fwidbmgr/config/fwidbmgr.conf.
2018-10-07 07:37:01,329 null [INFO] (../src/fwidbmgr.cpp:5393) Configuration parsing: OK.
2018-10-07 07:37:01,334 null [INFO] (../src/fwidbmgr.cpp:5478) Connected to database
2018-10-07 07:37:01,335 null [INFO] (../src/fwidbmgr.cpp:5480) Manage data for date: 20181006.
2018-10-07 07:37:01,335 null [INFO] (../src/fwidbmgr.cpp:5566) Importing fwi indexes images in database.
2018-10-07 07:37:01,401 null [INFO] (../src/fwidbmgr.cpp:5570) OK --> 20181006 images imported.
2018-10-07 07:37:01,401 null [INFO] (../src/fwidbmgr.cpp:5695) action outimg took about 0 seconds.
2018-10-07 07:37:01,402 null [INFO] (../src/fwidbmgr.cpp:5699) Disconnected from database.
