2017-01-01 05:06:36,218 null [INFO] (../src/fwidbmgr.cpp:5207) fwi db manager
2017-01-01 05:06:36,218 null [INFO] (../src/fwidbmgr.cpp:5209) Program home: /home/meteo/dev/redist/fwidbmgr
2017-01-01 05:06:36,218 null [INFO] (../src/fwidbmgr.cpp:5211) Auto convert: 1
2017-01-01 05:06:36,218 null [INFO] (../src/fwidbmgr.cpp:458) action: in.
2017-01-01 05:06:36,218 null [INFO] (../src/fwidbmgr.cpp:482) date: 20161231.
2017-01-01 05:06:36,218 null [INFO] (../src/fwidbmgr.cpp:319) Try to read: /home/meteo/dev/redist/fwidbmgr/config/fwidbmgr.conf.
2017-01-01 05:06:36,311 null [INFO] (../src/fwidbmgr.cpp:5240) Configuration parsing: OK.
2017-01-01 05:06:36,674 null [INFO] (../src/fwidbmgr.cpp:5322) Connected to database
2017-01-01 05:06:36,674 null [INFO] (../src/fwidbmgr.cpp:5323) Manage data for date: 20161231.
2017-01-01 05:06:36,674 null [INFO] (../src/fwidbmgr.cpp:5367) Importing meteo data in database for day: 20161231.
2017-01-01 05:06:36,675 null [INFO] (/home/meteo/dev/redist/fwidbmgr/include/Grid.h:1595) Configuring grid: snow
2017-01-01 05:06:36,675 null [INFO] (/home/meteo/dev/redist/fwidbmgr/include/Grid.h:1695) Grid snow configured.
2017-01-01 05:06:36,681 null [INFO] (/home/meteo/dev/redist/fwidbmgr/include/Grid.h:1595) Configuring grid: snow_covering
2017-01-01 05:06:36,681 null [INFO] (/home/meteo/dev/redist/fwidbmgr/include/Grid.h:1695) Grid snow_covering configured.
2017-01-01 05:06:36,687 null [INFO] (/home/meteo/dev/redist/fwidbmgr/include/Grid.h:1595) Configuring grid: snow_dissolution
2017-01-01 05:06:36,687 null [INFO] (/home/meteo/dev/redist/fwidbmgr/include/Grid.h:1695) Grid snow_dissolution configured.
2017-01-01 05:06:36,700 null [INFO] (/home/meteo/dev/redist/fwidbmgr/include/Grid.h:1595) Configuring grid: temperature
2017-01-01 05:06:36,700 null [INFO] (/home/meteo/dev/redist/fwidbmgr/include/Grid.h:1695) Grid temperature configured.
2017-01-01 05:06:36,703 null [INFO] (/home/meteo/dev/redist/fwidbmgr/include/Grid.h:1595) Configuring grid: humidity
2017-01-01 05:06:36,703 null [INFO] (/home/meteo/dev/redist/fwidbmgr/include/Grid.h:1695) Grid humidity configured.
2017-01-01 05:06:36,709 null [INFO] (/home/meteo/dev/redist/fwidbmgr/include/Grid.h:1595) Configuring grid: windspeed
2017-01-01 05:06:36,709 null [INFO] (/home/meteo/dev/redist/fwidbmgr/include/Grid.h:1695) Grid windspeed configured.
2017-01-01 05:06:36,722 null [INFO] (/home/meteo/dev/redist/fwidbmgr/include/Grid.h:1595) Configuring grid: rain
2017-01-01 05:06:36,723 null [INFO] (/home/meteo/dev/redist/fwidbmgr/include/Grid.h:1695) Grid rain configured.
2017-01-01 05:06:36,724 null [INFO] (/home/meteo/dev/redist/fwidbmgr/include/Grid.h:1595) Configuring grid: cum_rain
2017-01-01 05:06:36,724 null [INFO] (/home/meteo/dev/redist/fwidbmgr/include/Grid.h:1695) Grid cum_rain configured.
2017-01-01 05:06:48,532 null [INFO] (../src/fwidbmgr.cpp:1502) Storing meteo input ...
2017-01-01 05:07:18,072 null [INFO] (../src/fwidbmgr.cpp:5370) OK --> 20161231 data imported.
2017-01-01 05:07:18,144 null [INFO] (../src/fwidbmgr.cpp:5496) action in took about 42 seconds.
2017-01-01 05:07:18,363 null [INFO] (../src/fwidbmgr.cpp:5499) Disconnected from database.
2017-01-01 05:08:19,582 null [INFO] (../src/fwidbmgr.cpp:5207) fwi db manager
2017-01-01 05:08:19,583 null [INFO] (../src/fwidbmgr.cpp:5209) Program home: /home/meteo/dev/redist/fwidbmgr
2017-01-01 05:08:19,583 null [INFO] (../src/fwidbmgr.cpp:5211) Auto convert: 1
2017-01-01 05:08:19,583 null [INFO] (../src/fwidbmgr.cpp:458) action: out.
2017-01-01 05:08:19,583 null [INFO] (../src/fwidbmgr.cpp:482) date: 20161231.
2017-01-01 05:08:19,583 null [INFO] (../src/fwidbmgr.cpp:319) Try to read: /home/meteo/dev/redist/fwidbmgr/config/fwidbmgr.conf.
2017-01-01 05:08:19,630 null [INFO] (../src/fwidbmgr.cpp:5240) Configuration parsing: OK.
2017-01-01 05:08:19,688 null [INFO] (../src/fwidbmgr.cpp:5322) Connected to database
2017-01-01 05:08:19,688 null [INFO] (../src/fwidbmgr.cpp:5323) Manage data for date: 20161231.
2017-01-01 05:08:19,688 null [INFO] (../src/fwidbmgr.cpp:5379) Importing fwi indexes data in database for day: 20161231.
2017-01-01 05:08:19,697 null [INFO] (/home/meteo/dev/redist/fwidbmgr/include/Grid.h:1595) Configuring grid: isi
2017-01-01 05:08:19,697 null [INFO] (/home/meteo/dev/redist/fwidbmgr/include/Grid.h:1695) Grid isi configured.
2017-01-01 05:08:19,704 null [INFO] (/home/meteo/dev/redist/fwidbmgr/include/Grid.h:1595) Configuring grid: fwi
2017-01-01 05:08:19,704 null [INFO] (/home/meteo/dev/redist/fwidbmgr/include/Grid.h:1695) Grid fwi configured.
2017-01-01 05:08:19,710 null [INFO] (/home/meteo/dev/redist/fwidbmgr/include/Grid.h:1595) Configuring grid: ffmc
2017-01-01 05:08:19,711 null [INFO] (/home/meteo/dev/redist/fwidbmgr/include/Grid.h:1695) Grid ffmc configured.
2017-01-01 05:08:19,717 null [INFO] (/home/meteo/dev/redist/fwidbmgr/include/Grid.h:1595) Configuring grid: dmc
2017-01-01 05:08:19,717 null [INFO] (/home/meteo/dev/redist/fwidbmgr/include/Grid.h:1695) Grid dmc configured.
2017-01-01 05:08:19,724 null [INFO] (/home/meteo/dev/redist/fwidbmgr/include/Grid.h:1595) Configuring grid: dc
2017-01-01 05:08:19,724 null [INFO] (/home/meteo/dev/redist/fwidbmgr/include/Grid.h:1695) Grid dc configured.
2017-01-01 05:08:19,731 null [INFO] (/home/meteo/dev/redist/fwidbmgr/include/Grid.h:1595) Configuring grid: bui
2017-01-01 05:08:19,731 null [INFO] (/home/meteo/dev/redist/fwidbmgr/include/Grid.h:1695) Grid bui configured.
2017-01-01 05:08:19,737 null [INFO] (/home/meteo/dev/redist/fwidbmgr/include/Grid.h:1595) Configuring grid: ffmc_tmp
2017-01-01 05:08:19,737 null [INFO] (/home/meteo/dev/redist/fwidbmgr/include/Grid.h:1695) Grid ffmc_tmp configured.
2017-01-01 05:08:19,856 null [INFO] (/home/meteo/dev/redist/fwidbmgr/include/Grid.h:1595) Configuring grid: dmc_tmp
2017-01-01 05:08:19,856 null [INFO] (/home/meteo/dev/redist/fwidbmgr/include/Grid.h:1695) Grid dmc_tmp configured.
2017-01-01 05:08:19,898 null [INFO] (/home/meteo/dev/redist/fwidbmgr/include/Grid.h:1595) Configuring grid: dc_tmp
2017-01-01 05:08:19,898 null [INFO] (/home/meteo/dev/redist/fwidbmgr/include/Grid.h:1695) Grid dc_tmp configured.
2017-01-01 05:08:19,951 null [INFO] (/home/meteo/dev/redist/fwidbmgr/include/Grid.h:1595) Configuring grid: idi
2017-01-01 05:08:19,951 null [INFO] (/home/meteo/dev/redist/fwidbmgr/include/Grid.h:1695) Grid idi configured.
2017-01-01 05:09:39,909 null [INFO] (../src/fwidbmgr.cpp:2045) Storing FWI indexes ...
2017-01-01 05:11:33,363 null [INFO] (../src/fwidbmgr.cpp:5382) OK --> 20161231 data imported.
2017-01-01 05:11:33,364 null [INFO] (../src/fwidbmgr.cpp:5496) action out took about 194 seconds.
2017-01-01 05:11:33,364 null [INFO] (../src/fwidbmgr.cpp:5499) Disconnected from database.
2017-01-01 05:11:34,534 null [INFO] (../src/fwidbmgr.cpp:5207) fwi db manager
2017-01-01 05:11:34,534 null [INFO] (../src/fwidbmgr.cpp:5209) Program home: /home/meteo/dev/redist/fwidbmgr
2017-01-01 05:11:34,534 null [INFO] (../src/fwidbmgr.cpp:5211) Auto convert: 1
2017-01-01 05:11:34,534 null [INFO] (../src/fwidbmgr.cpp:458) action: computeidx.
2017-01-01 05:11:34,534 null [INFO] (../src/fwidbmgr.cpp:482) date: 20161231.
2017-01-01 05:11:34,534 null [INFO] (../src/fwidbmgr.cpp:319) Try to read: /home/meteo/dev/redist/fwidbmgr/config/fwidbmgr.conf.
2017-01-01 05:11:34,569 null [INFO] (../src/fwidbmgr.cpp:5240) Configuration parsing: OK.
2017-01-01 05:11:34,617 null [INFO] (../src/fwidbmgr.cpp:5322) Connected to database
2017-01-01 05:11:34,617 null [INFO] (../src/fwidbmgr.cpp:5323) Manage data for date: 20161231.
2017-01-01 05:11:34,617 null [INFO] (../src/fwidbmgr.cpp:5463) Computing indexes.
2017-01-01 05:11:34,618 null [INFO] (/home/meteo/dev/redist/fwidbmgr/include/Grid.h:1595) Configuring grid: isi
2017-01-01 05:11:34,618 null [INFO] (/home/meteo/dev/redist/fwidbmgr/include/Grid.h:1695) Grid isi configured.
2017-01-01 05:11:34,619 null [INFO] (/home/meteo/dev/redist/fwidbmgr/include/Grid.h:1595) Configuring grid: fwi
2017-01-01 05:11:34,619 null [INFO] (/home/meteo/dev/redist/fwidbmgr/include/Grid.h:1695) Grid fwi configured.
2017-01-01 05:11:34,620 null [INFO] (/home/meteo/dev/redist/fwidbmgr/include/Grid.h:1595) Configuring grid: ffmc
2017-01-01 05:11:34,626 null [INFO] (/home/meteo/dev/redist/fwidbmgr/include/Grid.h:1695) Grid ffmc configured.
2017-01-01 05:11:34,627 null [INFO] (/home/meteo/dev/redist/fwidbmgr/include/Grid.h:1595) Configuring grid: dmc
2017-01-01 05:11:34,627 null [INFO] (/home/meteo/dev/redist/fwidbmgr/include/Grid.h:1695) Grid dmc configured.
2017-01-01 05:11:34,628 null [INFO] (/home/meteo/dev/redist/fwidbmgr/include/Grid.h:1595) Configuring grid: dc
2017-01-01 05:11:34,628 null [INFO] (/home/meteo/dev/redist/fwidbmgr/include/Grid.h:1695) Grid dc configured.
2017-01-01 05:11:34,629 null [INFO] (/home/meteo/dev/redist/fwidbmgr/include/Grid.h:1595) Configuring grid: bui
2017-01-01 05:11:34,629 null [INFO] (/home/meteo/dev/redist/fwidbmgr/include/Grid.h:1695) Grid bui configured.
2017-01-01 05:11:34,630 null [INFO] (/home/meteo/dev/redist/fwidbmgr/include/Grid.h:1595) Configuring grid: ffmc_tmp
2017-01-01 05:11:34,630 null [INFO] (/home/meteo/dev/redist/fwidbmgr/include/Grid.h:1695) Grid ffmc_tmp configured.
2017-01-01 05:11:34,631 null [INFO] (/home/meteo/dev/redist/fwidbmgr/include/Grid.h:1595) Configuring grid: dmc_tmp
2017-01-01 05:11:34,631 null [INFO] (/home/meteo/dev/redist/fwidbmgr/include/Grid.h:1695) Grid dmc_tmp configured.
2017-01-01 05:11:34,632 null [INFO] (/home/meteo/dev/redist/fwidbmgr/include/Grid.h:1595) Configuring grid: dc_tmp
2017-01-01 05:11:34,632 null [INFO] (/home/meteo/dev/redist/fwidbmgr/include/Grid.h:1695) Grid dc_tmp configured.
2017-01-01 05:11:34,633 null [INFO] (/home/meteo/dev/redist/fwidbmgr/include/Grid.h:1595) Configuring grid: idi
2017-01-01 05:11:34,633 null [INFO] (/home/meteo/dev/redist/fwidbmgr/include/Grid.h:1695) Grid idi configured.
2017-01-01 05:11:34,634 null [INFO] (/home/meteo/dev/redist/fwidbmgr/include/Grid.h:1595) Configuring grid: angstrom
2017-01-01 05:11:34,634 null [INFO] (/home/meteo/dev/redist/fwidbmgr/include/Grid.h:1695) Grid angstrom configured.
2017-01-01 05:11:34,635 null [INFO] (/home/meteo/dev/redist/fwidbmgr/include/Grid.h:1595) Configuring grid: fmi
2017-01-01 05:11:34,635 null [INFO] (/home/meteo/dev/redist/fwidbmgr/include/Grid.h:1695) Grid fmi configured.
2017-01-01 05:11:34,636 null [INFO] (/home/meteo/dev/redist/fwidbmgr/include/Grid.h:1595) Configuring grid: sharples
2017-01-01 05:11:34,636 null [INFO] (/home/meteo/dev/redist/fwidbmgr/include/Grid.h:1695) Grid sharples configured.
2017-01-01 05:12:47,626 null [INFO] (/home/meteo/dev/redist/fwidbmgr/include/Grid.h:1595) Configuring grid: snow
2017-01-01 05:12:47,628 null [INFO] (/home/meteo/dev/redist/fwidbmgr/include/Grid.h:1695) Grid snow configured.
2017-01-01 05:12:47,628 null [INFO] (/home/meteo/dev/redist/fwidbmgr/include/Grid.h:1595) Configuring grid: snow_covering
2017-01-01 05:12:47,628 null [INFO] (/home/meteo/dev/redist/fwidbmgr/include/Grid.h:1695) Grid snow_covering configured.
2017-01-01 05:12:47,628 null [INFO] (/home/meteo/dev/redist/fwidbmgr/include/Grid.h:1595) Configuring grid: snow_dissolution
2017-01-01 05:12:47,628 null [INFO] (/home/meteo/dev/redist/fwidbmgr/include/Grid.h:1695) Grid snow_dissolution configured.
2017-01-01 05:12:47,628 null [INFO] (/home/meteo/dev/redist/fwidbmgr/include/Grid.h:1595) Configuring grid: temperature
2017-01-01 05:12:47,628 null [INFO] (/home/meteo/dev/redist/fwidbmgr/include/Grid.h:1695) Grid temperature configured.
2017-01-01 05:12:47,628 null [INFO] (/home/meteo/dev/redist/fwidbmgr/include/Grid.h:1595) Configuring grid: humidity
2017-01-01 05:12:47,628 null [INFO] (/home/meteo/dev/redist/fwidbmgr/include/Grid.h:1695) Grid humidity configured.
2017-01-01 05:12:47,628 null [INFO] (/home/meteo/dev/redist/fwidbmgr/include/Grid.h:1595) Configuring grid: windspeed
2017-01-01 05:12:47,628 null [INFO] (/home/meteo/dev/redist/fwidbmgr/include/Grid.h:1695) Grid windspeed configured.
2017-01-01 05:12:47,628 null [INFO] (/home/meteo/dev/redist/fwidbmgr/include/Grid.h:1595) Configuring grid: rain
2017-01-01 05:12:47,629 null [INFO] (/home/meteo/dev/redist/fwidbmgr/include/Grid.h:1695) Grid rain configured.
2017-01-01 05:12:47,629 null [INFO] (/home/meteo/dev/redist/fwidbmgr/include/Grid.h:1595) Configuring grid: cum_rain
2017-01-01 05:12:47,629 null [INFO] (/home/meteo/dev/redist/fwidbmgr/include/Grid.h:1695) Grid cum_rain configured.
2017-01-01 05:15:59,707 null [INFO] (../src/fwidbmgr.cpp:5466) OK --> 20161231 indexes computed.
2017-01-01 05:15:59,711 null [INFO] (../src/fwidbmgr.cpp:5496) action computeidx took about 265 seconds.
2017-01-01 05:15:59,711 null [INFO] (../src/fwidbmgr.cpp:5499) Disconnected from database.
2017-01-01 05:16:00,437 null [INFO] (../src/fwidbmgr.cpp:5207) fwi db manager
2017-01-01 05:16:00,437 null [INFO] (../src/fwidbmgr.cpp:5209) Program home: /home/meteo/dev/redist/fwidbmgr
2017-01-01 05:16:00,437 null [INFO] (../src/fwidbmgr.cpp:5211) Auto convert: 1
2017-01-01 05:16:00,437 null [INFO] (../src/fwidbmgr.cpp:458) action: exportidx.
2017-01-01 05:16:00,437 null [INFO] (../src/fwidbmgr.cpp:482) date: 20161231.
2017-01-01 05:16:00,437 null [INFO] (../src/fwidbmgr.cpp:319) Try to read: /home/meteo/dev/redist/fwidbmgr/config/fwidbmgr.conf.
2017-01-01 05:16:00,467 null [INFO] (../src/fwidbmgr.cpp:5240) Configuration parsing: OK.
2017-01-01 05:16:00,594 null [INFO] (../src/fwidbmgr.cpp:5322) Connected to database
2017-01-01 05:16:00,594 null [INFO] (../src/fwidbmgr.cpp:5323) Manage data for date: 20161231.
2017-01-01 05:16:00,594 null [INFO] (../src/fwidbmgr.cpp:5415) Exporting indexes.
2017-01-01 05:16:00,595 null [INFO] (/home/meteo/dev/redist/fwidbmgr/include/Grid.h:1595) Configuring grid: isi
2017-01-01 05:16:00,595 null [INFO] (/home/meteo/dev/redist/fwidbmgr/include/Grid.h:1695) Grid isi configured.
2017-01-01 05:16:00,596 null [INFO] (/home/meteo/dev/redist/fwidbmgr/include/Grid.h:1595) Configuring grid: fwi
2017-01-01 05:16:00,596 null [INFO] (/home/meteo/dev/redist/fwidbmgr/include/Grid.h:1695) Grid fwi configured.
2017-01-01 05:16:00,597 null [INFO] (/home/meteo/dev/redist/fwidbmgr/include/Grid.h:1595) Configuring grid: ffmc
2017-01-01 05:16:00,597 null [INFO] (/home/meteo/dev/redist/fwidbmgr/include/Grid.h:1695) Grid ffmc configured.
2017-01-01 05:16:00,598 null [INFO] (/home/meteo/dev/redist/fwidbmgr/include/Grid.h:1595) Configuring grid: dmc
2017-01-01 05:16:00,598 null [INFO] (/home/meteo/dev/redist/fwidbmgr/include/Grid.h:1695) Grid dmc configured.
2017-01-01 05:16:00,599 null [INFO] (/home/meteo/dev/redist/fwidbmgr/include/Grid.h:1595) Configuring grid: dc
2017-01-01 05:16:00,599 null [INFO] (/home/meteo/dev/redist/fwidbmgr/include/Grid.h:1695) Grid dc configured.
2017-01-01 05:16:00,600 null [INFO] (/home/meteo/dev/redist/fwidbmgr/include/Grid.h:1595) Configuring grid: bui
2017-01-01 05:16:00,600 null [INFO] (/home/meteo/dev/redist/fwidbmgr/include/Grid.h:1695) Grid bui configured.
2017-01-01 05:16:00,601 null [INFO] (/home/meteo/dev/redist/fwidbmgr/include/Grid.h:1595) Configuring grid: ffmc_tmp
2017-01-01 05:16:00,601 null [INFO] (/home/meteo/dev/redist/fwidbmgr/include/Grid.h:1695) Grid ffmc_tmp configured.
2017-01-01 05:16:00,602 null [INFO] (/home/meteo/dev/redist/fwidbmgr/include/Grid.h:1595) Configuring grid: dmc_tmp
2017-01-01 05:16:00,602 null [INFO] (/home/meteo/dev/redist/fwidbmgr/include/Grid.h:1695) Grid dmc_tmp configured.
2017-01-01 05:16:00,603 null [INFO] (/home/meteo/dev/redist/fwidbmgr/include/Grid.h:1595) Configuring grid: dc_tmp
2017-01-01 05:16:00,603 null [INFO] (/home/meteo/dev/redist/fwidbmgr/include/Grid.h:1695) Grid dc_tmp configured.
2017-01-01 05:16:00,604 null [INFO] (/home/meteo/dev/redist/fwidbmgr/include/Grid.h:1595) Configuring grid: idi
2017-01-01 05:16:00,604 null [INFO] (/home/meteo/dev/redist/fwidbmgr/include/Grid.h:1695) Grid idi configured.
2017-01-01 05:16:00,605 null [INFO] (/home/meteo/dev/redist/fwidbmgr/include/Grid.h:1595) Configuring grid: angstrom
2017-01-01 05:16:00,605 null [INFO] (/home/meteo/dev/redist/fwidbmgr/include/Grid.h:1695) Grid angstrom configured.
2017-01-01 05:16:00,606 null [INFO] (/home/meteo/dev/redist/fwidbmgr/include/Grid.h:1595) Configuring grid: fmi
2017-01-01 05:16:00,606 null [INFO] (/home/meteo/dev/redist/fwidbmgr/include/Grid.h:1695) Grid fmi configured.
2017-01-01 05:16:00,608 null [INFO] (/home/meteo/dev/redist/fwidbmgr/include/Grid.h:1595) Configuring grid: sharples
2017-01-01 05:16:00,608 null [INFO] (/home/meteo/dev/redist/fwidbmgr/include/Grid.h:1695) Grid sharples configured.
2017-01-01 05:17:03,417 null [INFO] (/home/meteo/dev/redist/fwidbmgr/include/Grid.h:1595) Configuring grid: isi
2017-01-01 05:17:03,421 null [INFO] (/home/meteo/dev/redist/fwidbmgr/include/Grid.h:1695) Grid isi configured.
2017-01-01 05:17:03,476 null [INFO] (/home/meteo/dev/redist/fwidbmgr/include/Grid.h:1595) Configuring grid: fwi
2017-01-01 05:17:03,476 null [INFO] (/home/meteo/dev/redist/fwidbmgr/include/Grid.h:1695) Grid fwi configured.
2017-01-01 05:17:03,494 null [INFO] (/home/meteo/dev/redist/fwidbmgr/include/Grid.h:1595) Configuring grid: ffmc
2017-01-01 05:17:03,494 null [INFO] (/home/meteo/dev/redist/fwidbmgr/include/Grid.h:1695) Grid ffmc configured.
2017-01-01 05:17:03,513 null [INFO] (/home/meteo/dev/redist/fwidbmgr/include/Grid.h:1595) Configuring grid: dmc
2017-01-01 05:17:03,513 null [INFO] (/home/meteo/dev/redist/fwidbmgr/include/Grid.h:1695) Grid dmc configured.
2017-01-01 05:17:03,531 null [INFO] (/home/meteo/dev/redist/fwidbmgr/include/Grid.h:1595) Configuring grid: dc
2017-01-01 05:17:03,532 null [INFO] (/home/meteo/dev/redist/fwidbmgr/include/Grid.h:1695) Grid dc configured.
2017-01-01 05:17:03,550 null [INFO] (/home/meteo/dev/redist/fwidbmgr/include/Grid.h:1595) Configuring grid: bui
2017-01-01 05:17:03,551 null [INFO] (/home/meteo/dev/redist/fwidbmgr/include/Grid.h:1695) Grid bui configured.
2017-01-01 05:17:03,569 null [INFO] (/home/meteo/dev/redist/fwidbmgr/include/Grid.h:1595) Configuring grid: ffmc_tmp
2017-01-01 05:17:03,569 null [INFO] (/home/meteo/dev/redist/fwidbmgr/include/Grid.h:1695) Grid ffmc_tmp configured.
2017-01-01 05:17:03,587 null [INFO] (/home/meteo/dev/redist/fwidbmgr/include/Grid.h:1595) Configuring grid: dmc_tmp
2017-01-01 05:17:03,587 null [INFO] (/home/meteo/dev/redist/fwidbmgr/include/Grid.h:1695) Grid dmc_tmp configured.
2017-01-01 05:17:03,604 null [INFO] (/home/meteo/dev/redist/fwidbmgr/include/Grid.h:1595) Configuring grid: dc_tmp
2017-01-01 05:17:03,604 null [INFO] (/home/meteo/dev/redist/fwidbmgr/include/Grid.h:1695) Grid dc_tmp configured.
2017-01-01 05:17:03,622 null [INFO] (/home/meteo/dev/redist/fwidbmgr/include/Grid.h:1595) Configuring grid: angstrom
2017-01-01 05:17:03,622 null [INFO] (/home/meteo/dev/redist/fwidbmgr/include/Grid.h:1695) Grid angstrom configured.
2017-01-01 05:17:03,819 null [INFO] (/home/meteo/dev/redist/fwidbmgr/include/Grid.h:1595) Configuring grid: sharples
2017-01-01 05:17:03,819 null [INFO] (/home/meteo/dev/redist/fwidbmgr/include/Grid.h:1695) Grid sharples configured.
2017-01-01 05:17:03,848 null [INFO] (/home/meteo/dev/redist/fwidbmgr/include/Grid.h:1595) Configuring grid: fmi
2017-01-01 05:17:03,848 null [INFO] (/home/meteo/dev/redist/fwidbmgr/include/Grid.h:1695) Grid fmi configured.
2017-01-01 05:17:03,884 null [INFO] (../src/fwidbmgr.cpp:5418) OK --> 20161231 indexes exported to files.
2017-01-01 05:17:03,884 null [INFO] (../src/fwidbmgr.cpp:5496) action exportidx took about 63 seconds.
2017-01-01 05:17:03,884 null [INFO] (../src/fwidbmgr.cpp:5499) Disconnected from database.
2017-01-01 05:17:26,476 null [INFO] (../src/fwidbmgr.cpp:5207) fwi db manager
2017-01-01 05:17:26,476 null [INFO] (../src/fwidbmgr.cpp:5209) Program home: /home/meteo/dev/redist/fwidbmgr
2017-01-01 05:17:26,476 null [INFO] (../src/fwidbmgr.cpp:5211) Auto convert: 1
2017-01-01 05:17:26,476 null [INFO] (../src/fwidbmgr.cpp:458) action: outimg.
2017-01-01 05:17:26,476 null [INFO] (../src/fwidbmgr.cpp:482) date: 20161231.
2017-01-01 05:17:26,476 null [INFO] (../src/fwidbmgr.cpp:319) Try to read: /home/meteo/dev/redist/fwidbmgr/config/fwidbmgr.conf.
2017-01-01 05:17:26,500 null [INFO] (../src/fwidbmgr.cpp:5240) Configuration parsing: OK.
2017-01-01 05:17:26,570 null [INFO] (../src/fwidbmgr.cpp:5322) Connected to database
2017-01-01 05:17:26,570 null [INFO] (../src/fwidbmgr.cpp:5323) Manage data for date: 20161231.
2017-01-01 05:17:26,570 null [INFO] (../src/fwidbmgr.cpp:5391) Importing fwi indexes images in database.
2017-01-01 05:17:27,985 null [INFO] (../src/fwidbmgr.cpp:5394) OK --> 20161231 images imported.
2017-01-01 05:17:27,985 null [INFO] (../src/fwidbmgr.cpp:5496) action outimg took about 1 seconds.
2017-01-01 05:17:27,985 null [INFO] (../src/fwidbmgr.cpp:5499) Disconnected from database.
2017-01-01 05:37:02,147 null [INFO] (../src/fwidbmgr.cpp:5207) fwi db manager
2017-01-01 05:37:02,147 null [INFO] (../src/fwidbmgr.cpp:5209) Program home: /home/meteo/dev/redist/fwidbmgr
2017-01-01 05:37:02,147 null [INFO] (../src/fwidbmgr.cpp:5211) Auto convert: 1
2017-01-01 05:37:02,147 null [INFO] (../src/fwidbmgr.cpp:458) action: outimg.
2017-01-01 05:37:02,147 null [INFO] (../src/fwidbmgr.cpp:482) date: 20161231.
2017-01-01 05:37:02,147 null [INFO] (../src/fwidbmgr.cpp:319) Try to read: /home/meteo/dev/redist/fwidbmgr/config/fwidbmgr.conf.
2017-01-01 05:37:02,148 null [INFO] (../src/fwidbmgr.cpp:5240) Configuration parsing: OK.
2017-01-01 05:37:02,150 null [INFO] (../src/fwidbmgr.cpp:5322) Connected to database
2017-01-01 05:37:02,150 null [INFO] (../src/fwidbmgr.cpp:5323) Manage data for date: 20161231.
2017-01-01 05:37:02,150 null [INFO] (../src/fwidbmgr.cpp:5391) Importing fwi indexes images in database.
2017-01-01 05:37:02,854 null [INFO] (../src/fwidbmgr.cpp:5394) OK --> 20161231 images imported.
2017-01-01 05:37:02,854 null [INFO] (../src/fwidbmgr.cpp:5496) action outimg took about 0 seconds.
2017-01-01 05:37:02,854 null [INFO] (../src/fwidbmgr.cpp:5499) Disconnected from database.
2017-01-01 06:05:01,990 null [INFO] (../src/fwidbmgr.cpp:5207) fwi db manager
2017-01-01 06:05:01,990 null [INFO] (../src/fwidbmgr.cpp:5209) Program home: /home/meteo/dev/redist/fwidbmgr
2017-01-01 06:05:01,990 null [INFO] (../src/fwidbmgr.cpp:5211) Auto convert: 1
2017-01-01 06:05:01,990 null [INFO] (../src/fwidbmgr.cpp:458) action: outimg.
2017-01-01 06:05:01,990 null [INFO] (../src/fwidbmgr.cpp:482) date: 20161231.
2017-01-01 06:05:01,990 null [INFO] (../src/fwidbmgr.cpp:319) Try to read: /home/meteo/dev/redist/fwidbmgr/config/fwidbmgr.conf.
2017-01-01 06:05:01,991 null [INFO] (../src/fwidbmgr.cpp:5240) Configuration parsing: OK.
2017-01-01 06:05:01,993 null [INFO] (../src/fwidbmgr.cpp:5322) Connected to database
2017-01-01 06:05:01,993 null [INFO] (../src/fwidbmgr.cpp:5323) Manage data for date: 20161231.
2017-01-01 06:05:01,993 null [INFO] (../src/fwidbmgr.cpp:5391) Importing fwi indexes images in database.
2017-01-01 06:05:02,026 null [INFO] (../src/fwidbmgr.cpp:5394) OK --> 20161231 images imported.
2017-01-01 06:05:02,027 null [INFO] (../src/fwidbmgr.cpp:5496) action outimg took about 1 seconds.
2017-01-01 06:05:02,027 null [INFO] (../src/fwidbmgr.cpp:5499) Disconnected from database.
2017-01-01 06:37:01,161 null [INFO] (../src/fwidbmgr.cpp:5207) fwi db manager
2017-01-01 06:37:01,161 null [INFO] (../src/fwidbmgr.cpp:5209) Program home: /home/meteo/dev/redist/fwidbmgr
2017-01-01 06:37:01,161 null [INFO] (../src/fwidbmgr.cpp:5211) Auto convert: 1
2017-01-01 06:37:01,161 null [INFO] (../src/fwidbmgr.cpp:458) action: outimg.
2017-01-01 06:37:01,161 null [INFO] (../src/fwidbmgr.cpp:482) date: 20161231.
2017-01-01 06:37:01,161 null [INFO] (../src/fwidbmgr.cpp:319) Try to read: /home/meteo/dev/redist/fwidbmgr/config/fwidbmgr.conf.
2017-01-01 06:37:01,162 null [INFO] (../src/fwidbmgr.cpp:5240) Configuration parsing: OK.
2017-01-01 06:37:01,166 null [INFO] (../src/fwidbmgr.cpp:5322) Connected to database
2017-01-01 06:37:01,166 null [INFO] (../src/fwidbmgr.cpp:5323) Manage data for date: 20161231.
2017-01-01 06:37:01,166 null [INFO] (../src/fwidbmgr.cpp:5391) Importing fwi indexes images in database.
2017-01-01 06:37:01,200 null [INFO] (../src/fwidbmgr.cpp:5394) OK --> 20161231 images imported.
2017-01-01 06:37:01,200 null [INFO] (../src/fwidbmgr.cpp:5496) action outimg took about 0 seconds.
2017-01-01 06:37:01,200 null [INFO] (../src/fwidbmgr.cpp:5499) Disconnected from database.
2017-01-01 07:05:01,256 null [INFO] (../src/fwidbmgr.cpp:5207) fwi db manager
2017-01-01 07:05:01,256 null [INFO] (../src/fwidbmgr.cpp:5209) Program home: /home/meteo/dev/redist/fwidbmgr
2017-01-01 07:05:01,256 null [INFO] (../src/fwidbmgr.cpp:5211) Auto convert: 1
2017-01-01 07:05:01,256 null [INFO] (../src/fwidbmgr.cpp:458) action: outimg.
2017-01-01 07:05:01,256 null [INFO] (../src/fwidbmgr.cpp:482) date: 20161231.
2017-01-01 07:05:01,256 null [INFO] (../src/fwidbmgr.cpp:319) Try to read: /home/meteo/dev/redist/fwidbmgr/config/fwidbmgr.conf.
2017-01-01 07:05:01,257 null [INFO] (../src/fwidbmgr.cpp:5240) Configuration parsing: OK.
2017-01-01 07:05:01,259 null [INFO] (../src/fwidbmgr.cpp:5322) Connected to database
2017-01-01 07:05:01,259 null [INFO] (../src/fwidbmgr.cpp:5323) Manage data for date: 20161231.
2017-01-01 07:05:01,259 null [INFO] (../src/fwidbmgr.cpp:5391) Importing fwi indexes images in database.
2017-01-01 07:05:01,293 null [INFO] (../src/fwidbmgr.cpp:5394) OK --> 20161231 images imported.
2017-01-01 07:05:01,293 null [INFO] (../src/fwidbmgr.cpp:5496) action outimg took about 0 seconds.
2017-01-01 07:05:01,293 null [INFO] (../src/fwidbmgr.cpp:5499) Disconnected from database.
2017-01-01 07:37:01,412 null [INFO] (../src/fwidbmgr.cpp:5207) fwi db manager
2017-01-01 07:37:01,412 null [INFO] (../src/fwidbmgr.cpp:5209) Program home: /home/meteo/dev/redist/fwidbmgr
2017-01-01 07:37:01,412 null [INFO] (../src/fwidbmgr.cpp:5211) Auto convert: 1
2017-01-01 07:37:01,412 null [INFO] (../src/fwidbmgr.cpp:458) action: outimg.
2017-01-01 07:37:01,412 null [INFO] (../src/fwidbmgr.cpp:482) date: 20161231.
2017-01-01 07:37:01,412 null [INFO] (../src/fwidbmgr.cpp:319) Try to read: /home/meteo/dev/redist/fwidbmgr/config/fwidbmgr.conf.
2017-01-01 07:37:01,413 null [INFO] (../src/fwidbmgr.cpp:5240) Configuration parsing: OK.
2017-01-01 07:37:01,415 null [INFO] (../src/fwidbmgr.cpp:5322) Connected to database
2017-01-01 07:37:01,415 null [INFO] (../src/fwidbmgr.cpp:5323) Manage data for date: 20161231.
2017-01-01 07:37:01,415 null [INFO] (../src/fwidbmgr.cpp:5391) Importing fwi indexes images in database.
2017-01-01 07:37:01,461 null [INFO] (../src/fwidbmgr.cpp:5394) OK --> 20161231 images imported.
2017-01-01 07:37:01,461 null [INFO] (../src/fwidbmgr.cpp:5496) action outimg took about 0 seconds.
2017-01-01 07:37:01,461 null [INFO] (../src/fwidbmgr.cpp:5499) Disconnected from database.
