2017-04-23 05:06:26,823 null [INFO] (../src/fwidbmgr.cpp:5361) fwi db manager
2017-04-23 05:06:26,824 null [INFO] (../src/fwidbmgr.cpp:5365) Program home: /home/meteo/dev/redist/fwidbmgr
2017-04-23 05:06:26,824 null [INFO] (../src/fwidbmgr.cpp:5369) Auto convert: 1
2017-04-23 05:06:26,824 null [INFO] (../src/fwidbmgr.cpp:446) action: in.
2017-04-23 05:06:26,824 null [INFO] (../src/fwidbmgr.cpp:470) date: 20170422.
2017-04-23 05:06:26,824 null [INFO] (../src/fwidbmgr.cpp:322) Try to read: /home/meteo/dev/redist/fwidbmgr/config/fwidbmgr.conf.
2017-04-23 05:06:26,895 null [INFO] (../src/fwidbmgr.cpp:5393) Configuration parsing: OK.
2017-04-23 05:06:27,021 null [INFO] (../src/fwidbmgr.cpp:5478) Connected to database
2017-04-23 05:06:27,021 null [INFO] (../src/fwidbmgr.cpp:5480) Manage data for date: 20170422.
2017-04-23 05:06:27,021 null [INFO] (../src/fwidbmgr.cpp:5536) Importing meteo data in database for day: 20170422.
2017-04-23 05:06:27,030 null [INFO] (/home/meteo/dev/redist/fwidbmgr/include/Grid.h:1595) Configuring grid: snow
2017-04-23 05:06:27,030 null [INFO] (/home/meteo/dev/redist/fwidbmgr/include/Grid.h:1695) Grid snow configured.
2017-04-23 05:06:27,035 null [INFO] (/home/meteo/dev/redist/fwidbmgr/include/Grid.h:1595) Configuring grid: snow_covering
2017-04-23 05:06:27,035 null [INFO] (/home/meteo/dev/redist/fwidbmgr/include/Grid.h:1695) Grid snow_covering configured.
2017-04-23 05:06:27,042 null [INFO] (/home/meteo/dev/redist/fwidbmgr/include/Grid.h:1595) Configuring grid: snow_dissolution
2017-04-23 05:06:27,042 null [INFO] (/home/meteo/dev/redist/fwidbmgr/include/Grid.h:1695) Grid snow_dissolution configured.
2017-04-23 05:06:27,053 null [INFO] (/home/meteo/dev/redist/fwidbmgr/include/Grid.h:1595) Configuring grid: temperature
2017-04-23 05:06:27,053 null [INFO] (/home/meteo/dev/redist/fwidbmgr/include/Grid.h:1695) Grid temperature configured.
2017-04-23 05:06:27,056 null [INFO] (/home/meteo/dev/redist/fwidbmgr/include/Grid.h:1595) Configuring grid: humidity
2017-04-23 05:06:27,056 null [INFO] (/home/meteo/dev/redist/fwidbmgr/include/Grid.h:1695) Grid humidity configured.
2017-04-23 05:06:27,062 null [INFO] (/home/meteo/dev/redist/fwidbmgr/include/Grid.h:1595) Configuring grid: windspeed
2017-04-23 05:06:27,063 null [INFO] (/home/meteo/dev/redist/fwidbmgr/include/Grid.h:1695) Grid windspeed configured.
2017-04-23 05:06:27,076 null [INFO] (/home/meteo/dev/redist/fwidbmgr/include/Grid.h:1595) Configuring grid: rain
2017-04-23 05:06:27,076 null [INFO] (/home/meteo/dev/redist/fwidbmgr/include/Grid.h:1695) Grid rain configured.
2017-04-23 05:06:27,077 null [INFO] (/home/meteo/dev/redist/fwidbmgr/include/Grid.h:1595) Configuring grid: cum_rain
2017-04-23 05:06:27,078 null [INFO] (/home/meteo/dev/redist/fwidbmgr/include/Grid.h:1695) Grid cum_rain configured.
2017-04-23 05:06:42,175 null [INFO] (../src/fwidbmgr.cpp:1518) Storing meteo input ...
2017-04-23 05:07:09,114 null [INFO] (../src/fwidbmgr.cpp:5540) OK --> 20170422 data imported.
2017-04-23 05:07:09,153 null [INFO] (../src/fwidbmgr.cpp:5695) action in took about 42 seconds.
2017-04-23 05:07:09,435 null [INFO] (../src/fwidbmgr.cpp:5699) Disconnected from database.
2017-04-23 05:07:55,305 null [INFO] (../src/fwidbmgr.cpp:5361) fwi db manager
2017-04-23 05:07:55,305 null [INFO] (../src/fwidbmgr.cpp:5365) Program home: /home/meteo/dev/redist/fwidbmgr
2017-04-23 05:07:55,305 null [INFO] (../src/fwidbmgr.cpp:5369) Auto convert: 1
2017-04-23 05:07:55,305 null [INFO] (../src/fwidbmgr.cpp:446) action: out.
2017-04-23 05:07:55,305 null [INFO] (../src/fwidbmgr.cpp:470) date: 20170422.
2017-04-23 05:07:55,305 null [INFO] (../src/fwidbmgr.cpp:322) Try to read: /home/meteo/dev/redist/fwidbmgr/config/fwidbmgr.conf.
2017-04-23 05:07:55,345 null [INFO] (../src/fwidbmgr.cpp:5393) Configuration parsing: OK.
2017-04-23 05:07:55,392 null [INFO] (../src/fwidbmgr.cpp:5478) Connected to database
2017-04-23 05:07:55,392 null [INFO] (../src/fwidbmgr.cpp:5480) Manage data for date: 20170422.
2017-04-23 05:07:55,392 null [INFO] (../src/fwidbmgr.cpp:5551) Importing fwi indexes data in database for day: 20170422.
2017-04-23 05:07:55,401 null [INFO] (/home/meteo/dev/redist/fwidbmgr/include/Grid.h:1595) Configuring grid: isi
2017-04-23 05:07:55,401 null [INFO] (/home/meteo/dev/redist/fwidbmgr/include/Grid.h:1695) Grid isi configured.
2017-04-23 05:07:55,408 null [INFO] (/home/meteo/dev/redist/fwidbmgr/include/Grid.h:1595) Configuring grid: fwi
2017-04-23 05:07:55,408 null [INFO] (/home/meteo/dev/redist/fwidbmgr/include/Grid.h:1695) Grid fwi configured.
2017-04-23 05:07:55,415 null [INFO] (/home/meteo/dev/redist/fwidbmgr/include/Grid.h:1595) Configuring grid: ffmc
2017-04-23 05:07:55,415 null [INFO] (/home/meteo/dev/redist/fwidbmgr/include/Grid.h:1695) Grid ffmc configured.
2017-04-23 05:07:55,422 null [INFO] (/home/meteo/dev/redist/fwidbmgr/include/Grid.h:1595) Configuring grid: dmc
2017-04-23 05:07:55,422 null [INFO] (/home/meteo/dev/redist/fwidbmgr/include/Grid.h:1695) Grid dmc configured.
2017-04-23 05:07:55,430 null [INFO] (/home/meteo/dev/redist/fwidbmgr/include/Grid.h:1595) Configuring grid: dc
2017-04-23 05:07:55,430 null [INFO] (/home/meteo/dev/redist/fwidbmgr/include/Grid.h:1695) Grid dc configured.
2017-04-23 05:07:55,437 null [INFO] (/home/meteo/dev/redist/fwidbmgr/include/Grid.h:1595) Configuring grid: bui
2017-04-23 05:07:55,437 null [INFO] (/home/meteo/dev/redist/fwidbmgr/include/Grid.h:1695) Grid bui configured.
2017-04-23 05:07:55,444 null [INFO] (/home/meteo/dev/redist/fwidbmgr/include/Grid.h:1595) Configuring grid: ffmc_tmp
2017-04-23 05:07:55,444 null [INFO] (/home/meteo/dev/redist/fwidbmgr/include/Grid.h:1695) Grid ffmc_tmp configured.
2017-04-23 05:07:55,509 null [INFO] (/home/meteo/dev/redist/fwidbmgr/include/Grid.h:1595) Configuring grid: dmc_tmp
2017-04-23 05:07:55,509 null [INFO] (/home/meteo/dev/redist/fwidbmgr/include/Grid.h:1695) Grid dmc_tmp configured.
2017-04-23 05:07:55,655 null [INFO] (/home/meteo/dev/redist/fwidbmgr/include/Grid.h:1595) Configuring grid: dc_tmp
2017-04-23 05:07:55,656 null [INFO] (/home/meteo/dev/redist/fwidbmgr/include/Grid.h:1695) Grid dc_tmp configured.
2017-04-23 05:07:55,835 null [INFO] (/home/meteo/dev/redist/fwidbmgr/include/Grid.h:1595) Configuring grid: idi
2017-04-23 05:07:55,835 null [INFO] (/home/meteo/dev/redist/fwidbmgr/include/Grid.h:1695) Grid idi configured.
2017-04-23 05:08:14,068 null [INFO] (../src/fwidbmgr.cpp:2081) Storing FWI indexes ...
2017-04-23 05:08:27,720 null [INFO] (../src/fwidbmgr.cpp:5555) OK --> 20170422 data imported.
2017-04-23 05:08:27,720 null [INFO] (../src/fwidbmgr.cpp:5695) action out took about 32 seconds.
2017-04-23 05:08:27,720 null [INFO] (../src/fwidbmgr.cpp:5699) Disconnected from database.
2017-04-23 05:08:28,430 null [INFO] (../src/fwidbmgr.cpp:5361) fwi db manager
2017-04-23 05:08:28,430 null [INFO] (../src/fwidbmgr.cpp:5365) Program home: /home/meteo/dev/redist/fwidbmgr
2017-04-23 05:08:28,430 null [INFO] (../src/fwidbmgr.cpp:5369) Auto convert: 1
2017-04-23 05:08:28,430 null [INFO] (../src/fwidbmgr.cpp:446) action: computeidx.
2017-04-23 05:08:28,430 null [INFO] (../src/fwidbmgr.cpp:470) date: 20170422.
2017-04-23 05:08:28,430 null [INFO] (../src/fwidbmgr.cpp:322) Try to read: /home/meteo/dev/redist/fwidbmgr/config/fwidbmgr.conf.
2017-04-23 05:08:28,431 null [INFO] (../src/fwidbmgr.cpp:5393) Configuration parsing: OK.
2017-04-23 05:08:28,461 null [INFO] (../src/fwidbmgr.cpp:5478) Connected to database
2017-04-23 05:08:28,461 null [INFO] (../src/fwidbmgr.cpp:5480) Manage data for date: 20170422.
2017-04-23 05:08:28,461 null [INFO] (../src/fwidbmgr.cpp:5656) Computing indexes.
2017-04-23 05:08:28,493 null [INFO] (/home/meteo/dev/redist/fwidbmgr/include/Grid.h:1595) Configuring grid: isi
2017-04-23 05:08:28,493 null [INFO] (/home/meteo/dev/redist/fwidbmgr/include/Grid.h:1695) Grid isi configured.
2017-04-23 05:08:28,494 null [INFO] (/home/meteo/dev/redist/fwidbmgr/include/Grid.h:1595) Configuring grid: fwi
2017-04-23 05:08:28,494 null [INFO] (/home/meteo/dev/redist/fwidbmgr/include/Grid.h:1695) Grid fwi configured.
2017-04-23 05:08:28,495 null [INFO] (/home/meteo/dev/redist/fwidbmgr/include/Grid.h:1595) Configuring grid: ffmc
2017-04-23 05:08:28,496 null [INFO] (/home/meteo/dev/redist/fwidbmgr/include/Grid.h:1695) Grid ffmc configured.
2017-04-23 05:08:28,522 null [INFO] (/home/meteo/dev/redist/fwidbmgr/include/Grid.h:1595) Configuring grid: dmc
2017-04-23 05:08:28,522 null [INFO] (/home/meteo/dev/redist/fwidbmgr/include/Grid.h:1695) Grid dmc configured.
2017-04-23 05:08:28,523 null [INFO] (/home/meteo/dev/redist/fwidbmgr/include/Grid.h:1595) Configuring grid: dc
2017-04-23 05:08:28,523 null [INFO] (/home/meteo/dev/redist/fwidbmgr/include/Grid.h:1695) Grid dc configured.
2017-04-23 05:08:28,524 null [INFO] (/home/meteo/dev/redist/fwidbmgr/include/Grid.h:1595) Configuring grid: bui
2017-04-23 05:08:28,524 null [INFO] (/home/meteo/dev/redist/fwidbmgr/include/Grid.h:1695) Grid bui configured.
2017-04-23 05:08:28,525 null [INFO] (/home/meteo/dev/redist/fwidbmgr/include/Grid.h:1595) Configuring grid: ffmc_tmp
2017-04-23 05:08:28,525 null [INFO] (/home/meteo/dev/redist/fwidbmgr/include/Grid.h:1695) Grid ffmc_tmp configured.
2017-04-23 05:08:28,526 null [INFO] (/home/meteo/dev/redist/fwidbmgr/include/Grid.h:1595) Configuring grid: dmc_tmp
2017-04-23 05:08:28,526 null [INFO] (/home/meteo/dev/redist/fwidbmgr/include/Grid.h:1695) Grid dmc_tmp configured.
2017-04-23 05:08:28,527 null [INFO] (/home/meteo/dev/redist/fwidbmgr/include/Grid.h:1595) Configuring grid: dc_tmp
2017-04-23 05:08:28,527 null [INFO] (/home/meteo/dev/redist/fwidbmgr/include/Grid.h:1695) Grid dc_tmp configured.
2017-04-23 05:08:28,528 null [INFO] (/home/meteo/dev/redist/fwidbmgr/include/Grid.h:1595) Configuring grid: idi
2017-04-23 05:08:28,528 null [INFO] (/home/meteo/dev/redist/fwidbmgr/include/Grid.h:1695) Grid idi configured.
2017-04-23 05:08:28,528 null [INFO] (/home/meteo/dev/redist/fwidbmgr/include/Grid.h:1595) Configuring grid: angstrom
2017-04-23 05:08:28,528 null [INFO] (/home/meteo/dev/redist/fwidbmgr/include/Grid.h:1695) Grid angstrom configured.
2017-04-23 05:08:28,529 null [INFO] (/home/meteo/dev/redist/fwidbmgr/include/Grid.h:1595) Configuring grid: fmi
2017-04-23 05:08:28,529 null [INFO] (/home/meteo/dev/redist/fwidbmgr/include/Grid.h:1695) Grid fmi configured.
2017-04-23 05:08:28,530 null [INFO] (/home/meteo/dev/redist/fwidbmgr/include/Grid.h:1595) Configuring grid: sharples
2017-04-23 05:08:28,530 null [INFO] (/home/meteo/dev/redist/fwidbmgr/include/Grid.h:1695) Grid sharples configured.
2017-04-23 05:08:34,151 null [INFO] (/home/meteo/dev/redist/fwidbmgr/include/Grid.h:1595) Configuring grid: snow
2017-04-23 05:08:34,151 null [INFO] (/home/meteo/dev/redist/fwidbmgr/include/Grid.h:1695) Grid snow configured.
2017-04-23 05:08:34,151 null [INFO] (/home/meteo/dev/redist/fwidbmgr/include/Grid.h:1595) Configuring grid: snow_covering
2017-04-23 05:08:34,151 null [INFO] (/home/meteo/dev/redist/fwidbmgr/include/Grid.h:1695) Grid snow_covering configured.
2017-04-23 05:08:34,151 null [INFO] (/home/meteo/dev/redist/fwidbmgr/include/Grid.h:1595) Configuring grid: snow_dissolution
2017-04-23 05:08:34,151 null [INFO] (/home/meteo/dev/redist/fwidbmgr/include/Grid.h:1695) Grid snow_dissolution configured.
2017-04-23 05:08:34,151 null [INFO] (/home/meteo/dev/redist/fwidbmgr/include/Grid.h:1595) Configuring grid: temperature
2017-04-23 05:08:34,152 null [INFO] (/home/meteo/dev/redist/fwidbmgr/include/Grid.h:1695) Grid temperature configured.
2017-04-23 05:08:34,152 null [INFO] (/home/meteo/dev/redist/fwidbmgr/include/Grid.h:1595) Configuring grid: humidity
2017-04-23 05:08:34,152 null [INFO] (/home/meteo/dev/redist/fwidbmgr/include/Grid.h:1695) Grid humidity configured.
2017-04-23 05:08:34,152 null [INFO] (/home/meteo/dev/redist/fwidbmgr/include/Grid.h:1595) Configuring grid: windspeed
2017-04-23 05:08:34,152 null [INFO] (/home/meteo/dev/redist/fwidbmgr/include/Grid.h:1695) Grid windspeed configured.
2017-04-23 05:08:34,152 null [INFO] (/home/meteo/dev/redist/fwidbmgr/include/Grid.h:1595) Configuring grid: rain
2017-04-23 05:08:34,152 null [INFO] (/home/meteo/dev/redist/fwidbmgr/include/Grid.h:1695) Grid rain configured.
2017-04-23 05:08:34,152 null [INFO] (/home/meteo/dev/redist/fwidbmgr/include/Grid.h:1595) Configuring grid: cum_rain
2017-04-23 05:08:34,152 null [INFO] (/home/meteo/dev/redist/fwidbmgr/include/Grid.h:1695) Grid cum_rain configured.
2017-04-23 05:10:08,289 null [INFO] (../src/fwidbmgr.cpp:5660) OK --> 20170422 indexes computed.
2017-04-23 05:10:08,304 null [INFO] (../src/fwidbmgr.cpp:5695) action computeidx took about 100 seconds.
2017-04-23 05:10:08,304 null [INFO] (../src/fwidbmgr.cpp:5699) Disconnected from database.
2017-04-23 05:10:08,826 null [INFO] (../src/fwidbmgr.cpp:5361) fwi db manager
2017-04-23 05:10:08,826 null [INFO] (../src/fwidbmgr.cpp:5365) Program home: /home/meteo/dev/redist/fwidbmgr
2017-04-23 05:10:08,826 null [INFO] (../src/fwidbmgr.cpp:5369) Auto convert: 1
2017-04-23 05:10:08,826 null [INFO] (../src/fwidbmgr.cpp:446) action: exportidx.
2017-04-23 05:10:08,826 null [INFO] (../src/fwidbmgr.cpp:470) date: 20170422.
2017-04-23 05:10:08,826 null [INFO] (../src/fwidbmgr.cpp:322) Try to read: /home/meteo/dev/redist/fwidbmgr/config/fwidbmgr.conf.
2017-04-23 05:10:08,827 null [INFO] (../src/fwidbmgr.cpp:5393) Configuration parsing: OK.
2017-04-23 05:10:08,839 null [INFO] (../src/fwidbmgr.cpp:5478) Connected to database
2017-04-23 05:10:08,839 null [INFO] (../src/fwidbmgr.cpp:5480) Manage data for date: 20170422.
2017-04-23 05:10:08,839 null [INFO] (../src/fwidbmgr.cpp:5596) Exporting indexes.
2017-04-23 05:10:08,852 null [INFO] (/home/meteo/dev/redist/fwidbmgr/include/Grid.h:1595) Configuring grid: isi
2017-04-23 05:10:08,852 null [INFO] (/home/meteo/dev/redist/fwidbmgr/include/Grid.h:1695) Grid isi configured.
2017-04-23 05:10:08,853 null [INFO] (/home/meteo/dev/redist/fwidbmgr/include/Grid.h:1595) Configuring grid: fwi
2017-04-23 05:10:08,853 null [INFO] (/home/meteo/dev/redist/fwidbmgr/include/Grid.h:1695) Grid fwi configured.
2017-04-23 05:10:08,854 null [INFO] (/home/meteo/dev/redist/fwidbmgr/include/Grid.h:1595) Configuring grid: ffmc
2017-04-23 05:10:08,854 null [INFO] (/home/meteo/dev/redist/fwidbmgr/include/Grid.h:1695) Grid ffmc configured.
2017-04-23 05:10:08,855 null [INFO] (/home/meteo/dev/redist/fwidbmgr/include/Grid.h:1595) Configuring grid: dmc
2017-04-23 05:10:08,855 null [INFO] (/home/meteo/dev/redist/fwidbmgr/include/Grid.h:1695) Grid dmc configured.
2017-04-23 05:10:08,856 null [INFO] (/home/meteo/dev/redist/fwidbmgr/include/Grid.h:1595) Configuring grid: dc
2017-04-23 05:10:08,856 null [INFO] (/home/meteo/dev/redist/fwidbmgr/include/Grid.h:1695) Grid dc configured.
2017-04-23 05:10:08,856 null [INFO] (/home/meteo/dev/redist/fwidbmgr/include/Grid.h:1595) Configuring grid: bui
2017-04-23 05:10:08,857 null [INFO] (/home/meteo/dev/redist/fwidbmgr/include/Grid.h:1695) Grid bui configured.
2017-04-23 05:10:08,857 null [INFO] (/home/meteo/dev/redist/fwidbmgr/include/Grid.h:1595) Configuring grid: ffmc_tmp
2017-04-23 05:10:08,857 null [INFO] (/home/meteo/dev/redist/fwidbmgr/include/Grid.h:1695) Grid ffmc_tmp configured.
2017-04-23 05:10:08,858 null [INFO] (/home/meteo/dev/redist/fwidbmgr/include/Grid.h:1595) Configuring grid: dmc_tmp
2017-04-23 05:10:08,858 null [INFO] (/home/meteo/dev/redist/fwidbmgr/include/Grid.h:1695) Grid dmc_tmp configured.
2017-04-23 05:10:08,862 null [INFO] (/home/meteo/dev/redist/fwidbmgr/include/Grid.h:1595) Configuring grid: dc_tmp
2017-04-23 05:10:08,862 null [INFO] (/home/meteo/dev/redist/fwidbmgr/include/Grid.h:1695) Grid dc_tmp configured.
2017-04-23 05:10:08,863 null [INFO] (/home/meteo/dev/redist/fwidbmgr/include/Grid.h:1595) Configuring grid: idi
2017-04-23 05:10:08,863 null [INFO] (/home/meteo/dev/redist/fwidbmgr/include/Grid.h:1695) Grid idi configured.
2017-04-23 05:10:08,864 null [INFO] (/home/meteo/dev/redist/fwidbmgr/include/Grid.h:1595) Configuring grid: angstrom
2017-04-23 05:10:08,864 null [INFO] (/home/meteo/dev/redist/fwidbmgr/include/Grid.h:1695) Grid angstrom configured.
2017-04-23 05:10:08,864 null [INFO] (/home/meteo/dev/redist/fwidbmgr/include/Grid.h:1595) Configuring grid: fmi
2017-04-23 05:10:08,864 null [INFO] (/home/meteo/dev/redist/fwidbmgr/include/Grid.h:1695) Grid fmi configured.
2017-04-23 05:10:08,865 null [INFO] (/home/meteo/dev/redist/fwidbmgr/include/Grid.h:1595) Configuring grid: sharples
2017-04-23 05:10:08,865 null [INFO] (/home/meteo/dev/redist/fwidbmgr/include/Grid.h:1695) Grid sharples configured.
2017-04-23 05:10:10,859 null [INFO] (/home/meteo/dev/redist/fwidbmgr/include/Grid.h:1595) Configuring grid: isi
2017-04-23 05:10:10,859 null [INFO] (/home/meteo/dev/redist/fwidbmgr/include/Grid.h:1695) Grid isi configured.
2017-04-23 05:10:10,898 null [INFO] (/home/meteo/dev/redist/fwidbmgr/include/Grid.h:1595) Configuring grid: fwi
2017-04-23 05:10:10,898 null [INFO] (/home/meteo/dev/redist/fwidbmgr/include/Grid.h:1695) Grid fwi configured.
2017-04-23 05:10:10,917 null [INFO] (/home/meteo/dev/redist/fwidbmgr/include/Grid.h:1595) Configuring grid: ffmc
2017-04-23 05:10:10,917 null [INFO] (/home/meteo/dev/redist/fwidbmgr/include/Grid.h:1695) Grid ffmc configured.
2017-04-23 05:10:10,941 null [INFO] (/home/meteo/dev/redist/fwidbmgr/include/Grid.h:1595) Configuring grid: dmc
2017-04-23 05:10:10,941 null [INFO] (/home/meteo/dev/redist/fwidbmgr/include/Grid.h:1695) Grid dmc configured.
2017-04-23 05:10:10,960 null [INFO] (/home/meteo/dev/redist/fwidbmgr/include/Grid.h:1595) Configuring grid: dc
2017-04-23 05:10:10,960 null [INFO] (/home/meteo/dev/redist/fwidbmgr/include/Grid.h:1695) Grid dc configured.
2017-04-23 05:10:10,980 null [INFO] (/home/meteo/dev/redist/fwidbmgr/include/Grid.h:1595) Configuring grid: bui
2017-04-23 05:10:10,980 null [INFO] (/home/meteo/dev/redist/fwidbmgr/include/Grid.h:1695) Grid bui configured.
2017-04-23 05:10:11,035 null [INFO] (/home/meteo/dev/redist/fwidbmgr/include/Grid.h:1595) Configuring grid: ffmc_tmp
2017-04-23 05:10:11,035 null [INFO] (/home/meteo/dev/redist/fwidbmgr/include/Grid.h:1695) Grid ffmc_tmp configured.
2017-04-23 05:10:11,056 null [INFO] (/home/meteo/dev/redist/fwidbmgr/include/Grid.h:1595) Configuring grid: dmc_tmp
2017-04-23 05:10:11,056 null [INFO] (/home/meteo/dev/redist/fwidbmgr/include/Grid.h:1695) Grid dmc_tmp configured.
2017-04-23 05:10:11,103 null [INFO] (/home/meteo/dev/redist/fwidbmgr/include/Grid.h:1595) Configuring grid: dc_tmp
2017-04-23 05:10:11,103 null [INFO] (/home/meteo/dev/redist/fwidbmgr/include/Grid.h:1695) Grid dc_tmp configured.
2017-04-23 05:10:11,122 null [INFO] (/home/meteo/dev/redist/fwidbmgr/include/Grid.h:1595) Configuring grid: angstrom
2017-04-23 05:10:11,122 null [INFO] (/home/meteo/dev/redist/fwidbmgr/include/Grid.h:1695) Grid angstrom configured.
2017-04-23 05:10:11,156 null [INFO] (/home/meteo/dev/redist/fwidbmgr/include/Grid.h:1595) Configuring grid: sharples
2017-04-23 05:10:11,156 null [INFO] (/home/meteo/dev/redist/fwidbmgr/include/Grid.h:1695) Grid sharples configured.
2017-04-23 05:10:11,182 null [INFO] (/home/meteo/dev/redist/fwidbmgr/include/Grid.h:1595) Configuring grid: fmi
2017-04-23 05:10:11,182 null [INFO] (/home/meteo/dev/redist/fwidbmgr/include/Grid.h:1695) Grid fmi configured.
2017-04-23 05:10:11,219 null [INFO] (../src/fwidbmgr.cpp:5600) OK --> 20170422 indexes exported to files.
2017-04-23 05:10:11,219 null [INFO] (../src/fwidbmgr.cpp:5695) action exportidx took about 3 seconds.
2017-04-23 05:10:11,219 null [INFO] (../src/fwidbmgr.cpp:5699) Disconnected from database.
2017-04-23 05:10:35,328 null [INFO] (../src/fwidbmgr.cpp:5361) fwi db manager
2017-04-23 05:10:35,328 null [INFO] (../src/fwidbmgr.cpp:5365) Program home: /home/meteo/dev/redist/fwidbmgr
2017-04-23 05:10:35,328 null [INFO] (../src/fwidbmgr.cpp:5369) Auto convert: 1
2017-04-23 05:10:35,328 null [INFO] (../src/fwidbmgr.cpp:446) action: outimg.
2017-04-23 05:10:35,328 null [INFO] (../src/fwidbmgr.cpp:470) date: 20170422.
2017-04-23 05:10:35,328 null [INFO] (../src/fwidbmgr.cpp:322) Try to read: /home/meteo/dev/redist/fwidbmgr/config/fwidbmgr.conf.
2017-04-23 05:10:35,329 null [INFO] (../src/fwidbmgr.cpp:5393) Configuration parsing: OK.
2017-04-23 05:10:35,331 null [INFO] (../src/fwidbmgr.cpp:5478) Connected to database
2017-04-23 05:10:35,331 null [INFO] (../src/fwidbmgr.cpp:5480) Manage data for date: 20170422.
2017-04-23 05:10:35,331 null [INFO] (../src/fwidbmgr.cpp:5566) Importing fwi indexes images in database.
2017-04-23 05:10:35,576 null [INFO] (../src/fwidbmgr.cpp:5570) OK --> 20170422 images imported.
2017-04-23 05:10:35,576 null [INFO] (../src/fwidbmgr.cpp:5695) action outimg took about 0 seconds.
2017-04-23 05:10:35,576 null [INFO] (../src/fwidbmgr.cpp:5699) Disconnected from database.
2017-04-23 05:37:01,702 null [INFO] (../src/fwidbmgr.cpp:5361) fwi db manager
2017-04-23 05:37:01,702 null [INFO] (../src/fwidbmgr.cpp:5365) Program home: /home/meteo/dev/redist/fwidbmgr
2017-04-23 05:37:01,702 null [INFO] (../src/fwidbmgr.cpp:5369) Auto convert: 1
2017-04-23 05:37:01,702 null [INFO] (../src/fwidbmgr.cpp:446) action: outimg.
2017-04-23 05:37:01,702 null [INFO] (../src/fwidbmgr.cpp:470) date: 20170422.
2017-04-23 05:37:01,702 null [INFO] (../src/fwidbmgr.cpp:322) Try to read: /home/meteo/dev/redist/fwidbmgr/config/fwidbmgr.conf.
2017-04-23 05:37:01,703 null [INFO] (../src/fwidbmgr.cpp:5393) Configuration parsing: OK.
2017-04-23 05:37:01,707 null [INFO] (../src/fwidbmgr.cpp:5478) Connected to database
2017-04-23 05:37:01,707 null [INFO] (../src/fwidbmgr.cpp:5480) Manage data for date: 20170422.
2017-04-23 05:37:01,707 null [INFO] (../src/fwidbmgr.cpp:5566) Importing fwi indexes images in database.
2017-04-23 05:37:01,752 null [INFO] (../src/fwidbmgr.cpp:5570) OK --> 20170422 images imported.
2017-04-23 05:37:01,753 null [INFO] (../src/fwidbmgr.cpp:5695) action outimg took about 0 seconds.
2017-04-23 05:37:01,753 null [INFO] (../src/fwidbmgr.cpp:5699) Disconnected from database.
2017-04-23 06:05:01,908 null [INFO] (../src/fwidbmgr.cpp:5361) fwi db manager
2017-04-23 06:05:01,908 null [INFO] (../src/fwidbmgr.cpp:5365) Program home: /home/meteo/dev/redist/fwidbmgr
2017-04-23 06:05:01,908 null [INFO] (../src/fwidbmgr.cpp:5369) Auto convert: 1
2017-04-23 06:05:01,908 null [INFO] (../src/fwidbmgr.cpp:446) action: outimg.
2017-04-23 06:05:01,908 null [INFO] (../src/fwidbmgr.cpp:470) date: 20170422.
2017-04-23 06:05:01,908 null [INFO] (../src/fwidbmgr.cpp:322) Try to read: /home/meteo/dev/redist/fwidbmgr/config/fwidbmgr.conf.
2017-04-23 06:05:01,926 null [INFO] (../src/fwidbmgr.cpp:5393) Configuration parsing: OK.
2017-04-23 06:05:01,928 null [INFO] (../src/fwidbmgr.cpp:5478) Connected to database
2017-04-23 06:05:01,928 null [INFO] (../src/fwidbmgr.cpp:5480) Manage data for date: 20170422.
2017-04-23 06:05:01,928 null [INFO] (../src/fwidbmgr.cpp:5566) Importing fwi indexes images in database.
2017-04-23 06:05:01,960 null [INFO] (../src/fwidbmgr.cpp:5570) OK --> 20170422 images imported.
2017-04-23 06:05:01,960 null [INFO] (../src/fwidbmgr.cpp:5695) action outimg took about 0 seconds.
2017-04-23 06:05:01,960 null [INFO] (../src/fwidbmgr.cpp:5699) Disconnected from database.
2017-04-23 06:37:01,098 null [INFO] (../src/fwidbmgr.cpp:5361) fwi db manager
2017-04-23 06:37:01,098 null [INFO] (../src/fwidbmgr.cpp:5365) Program home: /home/meteo/dev/redist/fwidbmgr
2017-04-23 06:37:01,098 null [INFO] (../src/fwidbmgr.cpp:5369) Auto convert: 1
2017-04-23 06:37:01,098 null [INFO] (../src/fwidbmgr.cpp:446) action: outimg.
2017-04-23 06:37:01,098 null [INFO] (../src/fwidbmgr.cpp:470) date: 20170422.
2017-04-23 06:37:01,098 null [INFO] (../src/fwidbmgr.cpp:322) Try to read: /home/meteo/dev/redist/fwidbmgr/config/fwidbmgr.conf.
2017-04-23 06:37:01,099 null [INFO] (../src/fwidbmgr.cpp:5393) Configuration parsing: OK.
2017-04-23 06:37:01,101 null [INFO] (../src/fwidbmgr.cpp:5478) Connected to database
2017-04-23 06:37:01,101 null [INFO] (../src/fwidbmgr.cpp:5480) Manage data for date: 20170422.
2017-04-23 06:37:01,101 null [INFO] (../src/fwidbmgr.cpp:5566) Importing fwi indexes images in database.
2017-04-23 06:37:01,133 null [INFO] (../src/fwidbmgr.cpp:5570) OK --> 20170422 images imported.
2017-04-23 06:37:01,133 null [INFO] (../src/fwidbmgr.cpp:5695) action outimg took about 0 seconds.
2017-04-23 06:37:01,133 null [INFO] (../src/fwidbmgr.cpp:5699) Disconnected from database.
2017-04-23 07:05:01,268 null [INFO] (../src/fwidbmgr.cpp:5361) fwi db manager
2017-04-23 07:05:01,268 null [INFO] (../src/fwidbmgr.cpp:5365) Program home: /home/meteo/dev/redist/fwidbmgr
2017-04-23 07:05:01,269 null [INFO] (../src/fwidbmgr.cpp:5369) Auto convert: 1
2017-04-23 07:05:01,269 null [INFO] (../src/fwidbmgr.cpp:446) action: outimg.
2017-04-23 07:05:01,269 null [INFO] (../src/fwidbmgr.cpp:470) date: 20170422.
2017-04-23 07:05:01,269 null [INFO] (../src/fwidbmgr.cpp:322) Try to read: /home/meteo/dev/redist/fwidbmgr/config/fwidbmgr.conf.
2017-04-23 07:05:01,269 null [INFO] (../src/fwidbmgr.cpp:5393) Configuration parsing: OK.
2017-04-23 07:05:01,271 null [INFO] (../src/fwidbmgr.cpp:5478) Connected to database
2017-04-23 07:05:01,272 null [INFO] (../src/fwidbmgr.cpp:5480) Manage data for date: 20170422.
2017-04-23 07:05:01,272 null [INFO] (../src/fwidbmgr.cpp:5566) Importing fwi indexes images in database.
2017-04-23 07:05:01,304 null [INFO] (../src/fwidbmgr.cpp:5570) OK --> 20170422 images imported.
2017-04-23 07:05:01,304 null [INFO] (../src/fwidbmgr.cpp:5695) action outimg took about 0 seconds.
2017-04-23 07:05:01,304 null [INFO] (../src/fwidbmgr.cpp:5699) Disconnected from database.
2017-04-23 07:37:01,529 null [INFO] (../src/fwidbmgr.cpp:5361) fwi db manager
2017-04-23 07:37:01,529 null [INFO] (../src/fwidbmgr.cpp:5365) Program home: /home/meteo/dev/redist/fwidbmgr
2017-04-23 07:37:01,529 null [INFO] (../src/fwidbmgr.cpp:5369) Auto convert: 1
2017-04-23 07:37:01,529 null [INFO] (../src/fwidbmgr.cpp:446) action: outimg.
2017-04-23 07:37:01,529 null [INFO] (../src/fwidbmgr.cpp:470) date: 20170422.
2017-04-23 07:37:01,529 null [INFO] (../src/fwidbmgr.cpp:322) Try to read: /home/meteo/dev/redist/fwidbmgr/config/fwidbmgr.conf.
2017-04-23 07:37:01,530 null [INFO] (../src/fwidbmgr.cpp:5393) Configuration parsing: OK.
2017-04-23 07:37:01,532 null [INFO] (../src/fwidbmgr.cpp:5478) Connected to database
2017-04-23 07:37:01,532 null [INFO] (../src/fwidbmgr.cpp:5480) Manage data for date: 20170422.
2017-04-23 07:37:01,532 null [INFO] (../src/fwidbmgr.cpp:5566) Importing fwi indexes images in database.
2017-04-23 07:37:01,563 null [INFO] (../src/fwidbmgr.cpp:5570) OK --> 20170422 images imported.
2017-04-23 07:37:01,563 null [INFO] (../src/fwidbmgr.cpp:5695) action outimg took about 0 seconds.
2017-04-23 07:37:01,563 null [INFO] (../src/fwidbmgr.cpp:5699) Disconnected from database.
