2018-07-02 05:07:14,081 null [INFO] (../src/fwidbmgr.cpp:5361) fwi db manager
2018-07-02 05:07:14,081 null [INFO] (../src/fwidbmgr.cpp:5365) Program home: /home/meteo/dev/redist/fwidbmgr
2018-07-02 05:07:14,081 null [INFO] (../src/fwidbmgr.cpp:5369) Auto convert: 1
2018-07-02 05:07:14,081 null [INFO] (../src/fwidbmgr.cpp:446) action: in.
2018-07-02 05:07:14,081 null [INFO] (../src/fwidbmgr.cpp:470) date: 20180701.
2018-07-02 05:07:14,081 null [INFO] (../src/fwidbmgr.cpp:322) Try to read: /home/meteo/dev/redist/fwidbmgr/config/fwidbmgr.conf.
2018-07-02 05:07:14,091 null [INFO] (../src/fwidbmgr.cpp:5393) Configuration parsing: OK.
2018-07-02 05:07:14,136 null [INFO] (../src/fwidbmgr.cpp:5478) Connected to database
2018-07-02 05:07:14,136 null [INFO] (../src/fwidbmgr.cpp:5480) Manage data for date: 20180701.
2018-07-02 05:07:14,136 null [INFO] (../src/fwidbmgr.cpp:5536) Importing meteo data in database for day: 20180701.
2018-07-02 05:07:14,149 null [INFO] (/home/meteo/dev/redist/fwidbmgr/include/Grid.h:1595) Configuring grid: snow
2018-07-02 05:07:14,149 null [INFO] (/home/meteo/dev/redist/fwidbmgr/include/Grid.h:1695) Grid snow configured.
2018-07-02 05:07:14,174 null [INFO] (/home/meteo/dev/redist/fwidbmgr/include/Grid.h:1595) Configuring grid: snow_covering
2018-07-02 05:07:14,175 null [INFO] (/home/meteo/dev/redist/fwidbmgr/include/Grid.h:1695) Grid snow_covering configured.
2018-07-02 05:07:14,203 null [INFO] (/home/meteo/dev/redist/fwidbmgr/include/Grid.h:1595) Configuring grid: snow_dissolution
2018-07-02 05:07:14,203 null [INFO] (/home/meteo/dev/redist/fwidbmgr/include/Grid.h:1695) Grid snow_dissolution configured.
2018-07-02 05:07:14,253 null [INFO] (/home/meteo/dev/redist/fwidbmgr/include/Grid.h:1595) Configuring grid: temperature
2018-07-02 05:07:14,253 null [INFO] (/home/meteo/dev/redist/fwidbmgr/include/Grid.h:1695) Grid temperature configured.
2018-07-02 05:07:14,265 null [INFO] (/home/meteo/dev/redist/fwidbmgr/include/Grid.h:1595) Configuring grid: humidity
2018-07-02 05:07:14,265 null [INFO] (/home/meteo/dev/redist/fwidbmgr/include/Grid.h:1695) Grid humidity configured.
2018-07-02 05:07:14,287 null [INFO] (/home/meteo/dev/redist/fwidbmgr/include/Grid.h:1595) Configuring grid: windspeed
2018-07-02 05:07:14,288 null [INFO] (/home/meteo/dev/redist/fwidbmgr/include/Grid.h:1695) Grid windspeed configured.
2018-07-02 05:07:14,336 null [INFO] (/home/meteo/dev/redist/fwidbmgr/include/Grid.h:1595) Configuring grid: rain
2018-07-02 05:07:14,337 null [INFO] (/home/meteo/dev/redist/fwidbmgr/include/Grid.h:1695) Grid rain configured.
2018-07-02 05:07:14,343 null [INFO] (/home/meteo/dev/redist/fwidbmgr/include/Grid.h:1595) Configuring grid: cum_rain
2018-07-02 05:07:14,343 null [INFO] (/home/meteo/dev/redist/fwidbmgr/include/Grid.h:1695) Grid cum_rain configured.
2018-07-02 05:07:24,137 null [INFO] (../src/fwidbmgr.cpp:1518) Storing meteo input ...
2018-07-02 05:08:01,649 null [INFO] (../src/fwidbmgr.cpp:5540) OK --> 20180701 data imported.
2018-07-02 05:08:01,692 null [INFO] (../src/fwidbmgr.cpp:5695) action in took about 47 seconds.
2018-07-02 05:08:01,903 null [INFO] (../src/fwidbmgr.cpp:5699) Disconnected from database.
2018-07-02 05:10:13,265 null [INFO] (../src/fwidbmgr.cpp:5361) fwi db manager
2018-07-02 05:10:13,265 null [INFO] (../src/fwidbmgr.cpp:5365) Program home: /home/meteo/dev/redist/fwidbmgr
2018-07-02 05:10:13,265 null [INFO] (../src/fwidbmgr.cpp:5369) Auto convert: 1
2018-07-02 05:10:13,265 null [INFO] (../src/fwidbmgr.cpp:446) action: out.
2018-07-02 05:10:13,265 null [INFO] (../src/fwidbmgr.cpp:470) date: 20180701.
2018-07-02 05:10:13,265 null [INFO] (../src/fwidbmgr.cpp:322) Try to read: /home/meteo/dev/redist/fwidbmgr/config/fwidbmgr.conf.
2018-07-02 05:10:13,274 null [INFO] (../src/fwidbmgr.cpp:5393) Configuration parsing: OK.
2018-07-02 05:10:13,312 null [INFO] (../src/fwidbmgr.cpp:5478) Connected to database
2018-07-02 05:10:13,312 null [INFO] (../src/fwidbmgr.cpp:5480) Manage data for date: 20180701.
2018-07-02 05:10:13,313 null [INFO] (../src/fwidbmgr.cpp:5551) Importing fwi indexes data in database for day: 20180701.
2018-07-02 05:10:13,327 null [INFO] (/home/meteo/dev/redist/fwidbmgr/include/Grid.h:1595) Configuring grid: isi
2018-07-02 05:10:13,328 null [INFO] (/home/meteo/dev/redist/fwidbmgr/include/Grid.h:1695) Grid isi configured.
2018-07-02 05:10:13,376 null [INFO] (/home/meteo/dev/redist/fwidbmgr/include/Grid.h:1595) Configuring grid: fwi
2018-07-02 05:10:13,377 null [INFO] (/home/meteo/dev/redist/fwidbmgr/include/Grid.h:1695) Grid fwi configured.
2018-07-02 05:10:13,408 null [INFO] (/home/meteo/dev/redist/fwidbmgr/include/Grid.h:1595) Configuring grid: ffmc
2018-07-02 05:10:13,408 null [INFO] (/home/meteo/dev/redist/fwidbmgr/include/Grid.h:1695) Grid ffmc configured.
2018-07-02 05:10:13,438 null [INFO] (/home/meteo/dev/redist/fwidbmgr/include/Grid.h:1595) Configuring grid: dmc
2018-07-02 05:10:13,438 null [INFO] (/home/meteo/dev/redist/fwidbmgr/include/Grid.h:1695) Grid dmc configured.
2018-07-02 05:10:13,468 null [INFO] (/home/meteo/dev/redist/fwidbmgr/include/Grid.h:1595) Configuring grid: dc
2018-07-02 05:10:13,468 null [INFO] (/home/meteo/dev/redist/fwidbmgr/include/Grid.h:1695) Grid dc configured.
2018-07-02 05:10:13,500 null [INFO] (/home/meteo/dev/redist/fwidbmgr/include/Grid.h:1595) Configuring grid: bui
2018-07-02 05:10:13,500 null [INFO] (/home/meteo/dev/redist/fwidbmgr/include/Grid.h:1695) Grid bui configured.
2018-07-02 05:10:13,530 null [INFO] (/home/meteo/dev/redist/fwidbmgr/include/Grid.h:1595) Configuring grid: ffmc_tmp
2018-07-02 05:10:13,530 null [INFO] (/home/meteo/dev/redist/fwidbmgr/include/Grid.h:1695) Grid ffmc_tmp configured.
2018-07-02 05:10:13,591 null [INFO] (/home/meteo/dev/redist/fwidbmgr/include/Grid.h:1595) Configuring grid: dmc_tmp
2018-07-02 05:10:13,591 null [INFO] (/home/meteo/dev/redist/fwidbmgr/include/Grid.h:1695) Grid dmc_tmp configured.
2018-07-02 05:10:13,650 null [INFO] (/home/meteo/dev/redist/fwidbmgr/include/Grid.h:1595) Configuring grid: dc_tmp
2018-07-02 05:10:13,651 null [INFO] (/home/meteo/dev/redist/fwidbmgr/include/Grid.h:1695) Grid dc_tmp configured.
2018-07-02 05:10:13,698 null [INFO] (/home/meteo/dev/redist/fwidbmgr/include/Grid.h:1595) Configuring grid: idi
2018-07-02 05:10:13,698 null [INFO] (/home/meteo/dev/redist/fwidbmgr/include/Grid.h:1695) Grid idi configured.
2018-07-02 05:10:20,325 null [INFO] (../src/fwidbmgr.cpp:2081) Storing FWI indexes ...
2018-07-02 05:10:46,410 null [INFO] (../src/fwidbmgr.cpp:5555) OK --> 20180701 data imported.
2018-07-02 05:10:46,422 null [INFO] (../src/fwidbmgr.cpp:5695) action out took about 33 seconds.
2018-07-02 05:10:46,429 null [INFO] (../src/fwidbmgr.cpp:5699) Disconnected from database.
2018-07-02 05:10:46,846 null [INFO] (../src/fwidbmgr.cpp:5361) fwi db manager
2018-07-02 05:10:46,847 null [INFO] (../src/fwidbmgr.cpp:5365) Program home: /home/meteo/dev/redist/fwidbmgr
2018-07-02 05:10:46,847 null [INFO] (../src/fwidbmgr.cpp:5369) Auto convert: 1
2018-07-02 05:10:46,847 null [INFO] (../src/fwidbmgr.cpp:446) action: computeidx.
2018-07-02 05:10:46,847 null [INFO] (../src/fwidbmgr.cpp:470) date: 20180701.
2018-07-02 05:10:46,847 null [INFO] (../src/fwidbmgr.cpp:322) Try to read: /home/meteo/dev/redist/fwidbmgr/config/fwidbmgr.conf.
2018-07-02 05:10:46,854 null [INFO] (../src/fwidbmgr.cpp:5393) Configuration parsing: OK.
2018-07-02 05:10:46,897 null [INFO] (../src/fwidbmgr.cpp:5478) Connected to database
2018-07-02 05:10:46,897 null [INFO] (../src/fwidbmgr.cpp:5480) Manage data for date: 20180701.
2018-07-02 05:10:46,897 null [INFO] (../src/fwidbmgr.cpp:5656) Computing indexes.
2018-07-02 05:10:46,901 null [INFO] (/home/meteo/dev/redist/fwidbmgr/include/Grid.h:1595) Configuring grid: isi
2018-07-02 05:10:46,901 null [INFO] (/home/meteo/dev/redist/fwidbmgr/include/Grid.h:1695) Grid isi configured.
2018-07-02 05:10:46,904 null [INFO] (/home/meteo/dev/redist/fwidbmgr/include/Grid.h:1595) Configuring grid: fwi
2018-07-02 05:10:46,904 null [INFO] (/home/meteo/dev/redist/fwidbmgr/include/Grid.h:1695) Grid fwi configured.
2018-07-02 05:10:46,907 null [INFO] (/home/meteo/dev/redist/fwidbmgr/include/Grid.h:1595) Configuring grid: ffmc
2018-07-02 05:10:46,911 null [INFO] (/home/meteo/dev/redist/fwidbmgr/include/Grid.h:1695) Grid ffmc configured.
2018-07-02 05:10:46,914 null [INFO] (/home/meteo/dev/redist/fwidbmgr/include/Grid.h:1595) Configuring grid: dmc
2018-07-02 05:10:46,925 null [INFO] (/home/meteo/dev/redist/fwidbmgr/include/Grid.h:1695) Grid dmc configured.
2018-07-02 05:10:46,928 null [INFO] (/home/meteo/dev/redist/fwidbmgr/include/Grid.h:1595) Configuring grid: dc
2018-07-02 05:10:46,928 null [INFO] (/home/meteo/dev/redist/fwidbmgr/include/Grid.h:1695) Grid dc configured.
2018-07-02 05:10:46,931 null [INFO] (/home/meteo/dev/redist/fwidbmgr/include/Grid.h:1595) Configuring grid: bui
2018-07-02 05:10:46,931 null [INFO] (/home/meteo/dev/redist/fwidbmgr/include/Grid.h:1695) Grid bui configured.
2018-07-02 05:10:46,934 null [INFO] (/home/meteo/dev/redist/fwidbmgr/include/Grid.h:1595) Configuring grid: ffmc_tmp
2018-07-02 05:10:46,934 null [INFO] (/home/meteo/dev/redist/fwidbmgr/include/Grid.h:1695) Grid ffmc_tmp configured.
2018-07-02 05:10:46,937 null [INFO] (/home/meteo/dev/redist/fwidbmgr/include/Grid.h:1595) Configuring grid: dmc_tmp
2018-07-02 05:10:46,937 null [INFO] (/home/meteo/dev/redist/fwidbmgr/include/Grid.h:1695) Grid dmc_tmp configured.
2018-07-02 05:10:46,939 null [INFO] (/home/meteo/dev/redist/fwidbmgr/include/Grid.h:1595) Configuring grid: dc_tmp
2018-07-02 05:10:46,940 null [INFO] (/home/meteo/dev/redist/fwidbmgr/include/Grid.h:1695) Grid dc_tmp configured.
2018-07-02 05:10:46,942 null [INFO] (/home/meteo/dev/redist/fwidbmgr/include/Grid.h:1595) Configuring grid: idi
2018-07-02 05:10:46,943 null [INFO] (/home/meteo/dev/redist/fwidbmgr/include/Grid.h:1695) Grid idi configured.
2018-07-02 05:10:46,945 null [INFO] (/home/meteo/dev/redist/fwidbmgr/include/Grid.h:1595) Configuring grid: angstrom
2018-07-02 05:10:46,945 null [INFO] (/home/meteo/dev/redist/fwidbmgr/include/Grid.h:1695) Grid angstrom configured.
2018-07-02 05:10:46,948 null [INFO] (/home/meteo/dev/redist/fwidbmgr/include/Grid.h:1595) Configuring grid: fmi
2018-07-02 05:10:46,948 null [INFO] (/home/meteo/dev/redist/fwidbmgr/include/Grid.h:1695) Grid fmi configured.
2018-07-02 05:10:46,951 null [INFO] (/home/meteo/dev/redist/fwidbmgr/include/Grid.h:1595) Configuring grid: sharples
2018-07-02 05:10:46,951 null [INFO] (/home/meteo/dev/redist/fwidbmgr/include/Grid.h:1695) Grid sharples configured.
2018-07-02 05:10:52,252 null [INFO] (/home/meteo/dev/redist/fwidbmgr/include/Grid.h:1595) Configuring grid: snow
2018-07-02 05:10:52,253 null [INFO] (/home/meteo/dev/redist/fwidbmgr/include/Grid.h:1695) Grid snow configured.
2018-07-02 05:10:52,253 null [INFO] (/home/meteo/dev/redist/fwidbmgr/include/Grid.h:1595) Configuring grid: snow_covering
2018-07-02 05:10:52,253 null [INFO] (/home/meteo/dev/redist/fwidbmgr/include/Grid.h:1695) Grid snow_covering configured.
2018-07-02 05:10:52,253 null [INFO] (/home/meteo/dev/redist/fwidbmgr/include/Grid.h:1595) Configuring grid: snow_dissolution
2018-07-02 05:10:52,253 null [INFO] (/home/meteo/dev/redist/fwidbmgr/include/Grid.h:1695) Grid snow_dissolution configured.
2018-07-02 05:10:52,253 null [INFO] (/home/meteo/dev/redist/fwidbmgr/include/Grid.h:1595) Configuring grid: temperature
2018-07-02 05:10:52,254 null [INFO] (/home/meteo/dev/redist/fwidbmgr/include/Grid.h:1695) Grid temperature configured.
2018-07-02 05:10:52,254 null [INFO] (/home/meteo/dev/redist/fwidbmgr/include/Grid.h:1595) Configuring grid: humidity
2018-07-02 05:10:52,254 null [INFO] (/home/meteo/dev/redist/fwidbmgr/include/Grid.h:1695) Grid humidity configured.
2018-07-02 05:10:52,254 null [INFO] (/home/meteo/dev/redist/fwidbmgr/include/Grid.h:1595) Configuring grid: windspeed
2018-07-02 05:10:52,255 null [INFO] (/home/meteo/dev/redist/fwidbmgr/include/Grid.h:1695) Grid windspeed configured.
2018-07-02 05:10:52,255 null [INFO] (/home/meteo/dev/redist/fwidbmgr/include/Grid.h:1595) Configuring grid: rain
2018-07-02 05:10:52,255 null [INFO] (/home/meteo/dev/redist/fwidbmgr/include/Grid.h:1695) Grid rain configured.
2018-07-02 05:10:52,255 null [INFO] (/home/meteo/dev/redist/fwidbmgr/include/Grid.h:1595) Configuring grid: cum_rain
2018-07-02 05:10:52,256 null [INFO] (/home/meteo/dev/redist/fwidbmgr/include/Grid.h:1695) Grid cum_rain configured.
2018-07-02 05:13:19,097 null [INFO] (../src/fwidbmgr.cpp:5660) OK --> 20180701 indexes computed.
2018-07-02 05:13:19,105 null [INFO] (../src/fwidbmgr.cpp:5695) action computeidx took about 153 seconds.
2018-07-02 05:13:19,106 null [INFO] (../src/fwidbmgr.cpp:5699) Disconnected from database.
2018-07-02 05:13:19,382 null [INFO] (../src/fwidbmgr.cpp:5361) fwi db manager
2018-07-02 05:13:19,382 null [INFO] (../src/fwidbmgr.cpp:5365) Program home: /home/meteo/dev/redist/fwidbmgr
2018-07-02 05:13:19,383 null [INFO] (../src/fwidbmgr.cpp:5369) Auto convert: 1
2018-07-02 05:13:19,383 null [INFO] (../src/fwidbmgr.cpp:446) action: exportidx.
2018-07-02 05:13:19,383 null [INFO] (../src/fwidbmgr.cpp:470) date: 20180701.
2018-07-02 05:13:19,383 null [INFO] (../src/fwidbmgr.cpp:322) Try to read: /home/meteo/dev/redist/fwidbmgr/config/fwidbmgr.conf.
2018-07-02 05:13:19,391 null [INFO] (../src/fwidbmgr.cpp:5393) Configuration parsing: OK.
2018-07-02 05:13:19,416 null [INFO] (../src/fwidbmgr.cpp:5478) Connected to database
2018-07-02 05:13:19,416 null [INFO] (../src/fwidbmgr.cpp:5480) Manage data for date: 20180701.
2018-07-02 05:13:19,416 null [INFO] (../src/fwidbmgr.cpp:5596) Exporting indexes.
2018-07-02 05:13:19,420 null [INFO] (/home/meteo/dev/redist/fwidbmgr/include/Grid.h:1595) Configuring grid: isi
2018-07-02 05:13:19,420 null [INFO] (/home/meteo/dev/redist/fwidbmgr/include/Grid.h:1695) Grid isi configured.
2018-07-02 05:13:19,423 null [INFO] (/home/meteo/dev/redist/fwidbmgr/include/Grid.h:1595) Configuring grid: fwi
2018-07-02 05:13:19,423 null [INFO] (/home/meteo/dev/redist/fwidbmgr/include/Grid.h:1695) Grid fwi configured.
2018-07-02 05:13:19,426 null [INFO] (/home/meteo/dev/redist/fwidbmgr/include/Grid.h:1595) Configuring grid: ffmc
2018-07-02 05:13:19,426 null [INFO] (/home/meteo/dev/redist/fwidbmgr/include/Grid.h:1695) Grid ffmc configured.
2018-07-02 05:13:19,429 null [INFO] (/home/meteo/dev/redist/fwidbmgr/include/Grid.h:1595) Configuring grid: dmc
2018-07-02 05:13:19,429 null [INFO] (/home/meteo/dev/redist/fwidbmgr/include/Grid.h:1695) Grid dmc configured.
2018-07-02 05:13:19,432 null [INFO] (/home/meteo/dev/redist/fwidbmgr/include/Grid.h:1595) Configuring grid: dc
2018-07-02 05:13:19,432 null [INFO] (/home/meteo/dev/redist/fwidbmgr/include/Grid.h:1695) Grid dc configured.
2018-07-02 05:13:19,435 null [INFO] (/home/meteo/dev/redist/fwidbmgr/include/Grid.h:1595) Configuring grid: bui
2018-07-02 05:13:19,435 null [INFO] (/home/meteo/dev/redist/fwidbmgr/include/Grid.h:1695) Grid bui configured.
2018-07-02 05:13:19,438 null [INFO] (/home/meteo/dev/redist/fwidbmgr/include/Grid.h:1595) Configuring grid: ffmc_tmp
2018-07-02 05:13:19,438 null [INFO] (/home/meteo/dev/redist/fwidbmgr/include/Grid.h:1695) Grid ffmc_tmp configured.
2018-07-02 05:13:19,441 null [INFO] (/home/meteo/dev/redist/fwidbmgr/include/Grid.h:1595) Configuring grid: dmc_tmp
2018-07-02 05:13:19,441 null [INFO] (/home/meteo/dev/redist/fwidbmgr/include/Grid.h:1695) Grid dmc_tmp configured.
2018-07-02 05:13:19,444 null [INFO] (/home/meteo/dev/redist/fwidbmgr/include/Grid.h:1595) Configuring grid: dc_tmp
2018-07-02 05:13:19,444 null [INFO] (/home/meteo/dev/redist/fwidbmgr/include/Grid.h:1695) Grid dc_tmp configured.
2018-07-02 05:13:19,447 null [INFO] (/home/meteo/dev/redist/fwidbmgr/include/Grid.h:1595) Configuring grid: idi
2018-07-02 05:13:19,447 null [INFO] (/home/meteo/dev/redist/fwidbmgr/include/Grid.h:1695) Grid idi configured.
2018-07-02 05:13:19,450 null [INFO] (/home/meteo/dev/redist/fwidbmgr/include/Grid.h:1595) Configuring grid: angstrom
2018-07-02 05:13:19,450 null [INFO] (/home/meteo/dev/redist/fwidbmgr/include/Grid.h:1695) Grid angstrom configured.
2018-07-02 05:13:19,453 null [INFO] (/home/meteo/dev/redist/fwidbmgr/include/Grid.h:1595) Configuring grid: fmi
2018-07-02 05:13:19,453 null [INFO] (/home/meteo/dev/redist/fwidbmgr/include/Grid.h:1695) Grid fmi configured.
2018-07-02 05:13:19,456 null [INFO] (/home/meteo/dev/redist/fwidbmgr/include/Grid.h:1595) Configuring grid: sharples
2018-07-02 05:13:19,456 null [INFO] (/home/meteo/dev/redist/fwidbmgr/include/Grid.h:1695) Grid sharples configured.
2018-07-02 05:13:23,707 null [INFO] (/home/meteo/dev/redist/fwidbmgr/include/Grid.h:1595) Configuring grid: isi
2018-07-02 05:13:23,707 null [INFO] (/home/meteo/dev/redist/fwidbmgr/include/Grid.h:1695) Grid isi configured.
2018-07-02 05:13:23,801 null [INFO] (/home/meteo/dev/redist/fwidbmgr/include/Grid.h:1595) Configuring grid: fwi
2018-07-02 05:13:23,801 null [INFO] (/home/meteo/dev/redist/fwidbmgr/include/Grid.h:1695) Grid fwi configured.
2018-07-02 05:13:23,912 null [INFO] (/home/meteo/dev/redist/fwidbmgr/include/Grid.h:1595) Configuring grid: ffmc
2018-07-02 05:13:23,912 null [INFO] (/home/meteo/dev/redist/fwidbmgr/include/Grid.h:1695) Grid ffmc configured.
2018-07-02 05:13:24,001 null [INFO] (/home/meteo/dev/redist/fwidbmgr/include/Grid.h:1595) Configuring grid: dmc
2018-07-02 05:13:24,001 null [INFO] (/home/meteo/dev/redist/fwidbmgr/include/Grid.h:1695) Grid dmc configured.
2018-07-02 05:13:24,089 null [INFO] (/home/meteo/dev/redist/fwidbmgr/include/Grid.h:1595) Configuring grid: dc
2018-07-02 05:13:24,089 null [INFO] (/home/meteo/dev/redist/fwidbmgr/include/Grid.h:1695) Grid dc configured.
2018-07-02 05:13:24,193 null [INFO] (/home/meteo/dev/redist/fwidbmgr/include/Grid.h:1595) Configuring grid: bui
2018-07-02 05:13:24,193 null [INFO] (/home/meteo/dev/redist/fwidbmgr/include/Grid.h:1695) Grid bui configured.
2018-07-02 05:13:24,278 null [INFO] (/home/meteo/dev/redist/fwidbmgr/include/Grid.h:1595) Configuring grid: ffmc_tmp
2018-07-02 05:13:24,278 null [INFO] (/home/meteo/dev/redist/fwidbmgr/include/Grid.h:1695) Grid ffmc_tmp configured.
2018-07-02 05:13:24,373 null [INFO] (/home/meteo/dev/redist/fwidbmgr/include/Grid.h:1595) Configuring grid: dmc_tmp
2018-07-02 05:13:24,374 null [INFO] (/home/meteo/dev/redist/fwidbmgr/include/Grid.h:1695) Grid dmc_tmp configured.
2018-07-02 05:13:24,433 null [INFO] (/home/meteo/dev/redist/fwidbmgr/include/Grid.h:1595) Configuring grid: dc_tmp
2018-07-02 05:13:24,433 null [INFO] (/home/meteo/dev/redist/fwidbmgr/include/Grid.h:1695) Grid dc_tmp configured.
2018-07-02 05:13:24,478 null [INFO] (/home/meteo/dev/redist/fwidbmgr/include/Grid.h:1595) Configuring grid: angstrom
2018-07-02 05:13:24,478 null [INFO] (/home/meteo/dev/redist/fwidbmgr/include/Grid.h:1695) Grid angstrom configured.
2018-07-02 05:13:24,551 null [INFO] (/home/meteo/dev/redist/fwidbmgr/include/Grid.h:1595) Configuring grid: sharples
2018-07-02 05:13:24,551 null [INFO] (/home/meteo/dev/redist/fwidbmgr/include/Grid.h:1695) Grid sharples configured.
2018-07-02 05:13:24,597 null [INFO] (/home/meteo/dev/redist/fwidbmgr/include/Grid.h:1595) Configuring grid: fmi
2018-07-02 05:13:24,597 null [INFO] (/home/meteo/dev/redist/fwidbmgr/include/Grid.h:1695) Grid fmi configured.
2018-07-02 05:13:24,655 null [INFO] (../src/fwidbmgr.cpp:5600) OK --> 20180701 indexes exported to files.
2018-07-02 05:13:24,655 null [INFO] (../src/fwidbmgr.cpp:5695) action exportidx took about 5 seconds.
2018-07-02 05:13:24,655 null [INFO] (../src/fwidbmgr.cpp:5699) Disconnected from database.
2018-07-02 05:14:13,220 null [INFO] (../src/fwidbmgr.cpp:5361) fwi db manager
2018-07-02 05:14:13,220 null [INFO] (../src/fwidbmgr.cpp:5365) Program home: /home/meteo/dev/redist/fwidbmgr
2018-07-02 05:14:13,220 null [INFO] (../src/fwidbmgr.cpp:5369) Auto convert: 1
2018-07-02 05:14:13,220 null [INFO] (../src/fwidbmgr.cpp:446) action: outimg.
2018-07-02 05:14:13,220 null [INFO] (../src/fwidbmgr.cpp:470) date: 20180701.
2018-07-02 05:14:13,220 null [INFO] (../src/fwidbmgr.cpp:322) Try to read: /home/meteo/dev/redist/fwidbmgr/config/fwidbmgr.conf.
2018-07-02 05:14:13,224 null [INFO] (../src/fwidbmgr.cpp:5393) Configuration parsing: OK.
2018-07-02 05:14:13,230 null [INFO] (../src/fwidbmgr.cpp:5478) Connected to database
2018-07-02 05:14:13,230 null [INFO] (../src/fwidbmgr.cpp:5480) Manage data for date: 20180701.
2018-07-02 05:14:13,231 null [INFO] (../src/fwidbmgr.cpp:5566) Importing fwi indexes images in database.
2018-07-02 05:14:13,415 null [INFO] (../src/fwidbmgr.cpp:5570) OK --> 20180701 images imported.
2018-07-02 05:14:13,415 null [INFO] (../src/fwidbmgr.cpp:5695) action outimg took about 0 seconds.
2018-07-02 05:14:13,415 null [INFO] (../src/fwidbmgr.cpp:5699) Disconnected from database.
2018-07-02 05:37:01,290 null [INFO] (../src/fwidbmgr.cpp:5361) fwi db manager
2018-07-02 05:37:01,291 null [INFO] (../src/fwidbmgr.cpp:5365) Program home: /home/meteo/dev/redist/fwidbmgr
2018-07-02 05:37:01,291 null [INFO] (../src/fwidbmgr.cpp:5369) Auto convert: 1
2018-07-02 05:37:01,291 null [INFO] (../src/fwidbmgr.cpp:446) action: outimg.
2018-07-02 05:37:01,291 null [INFO] (../src/fwidbmgr.cpp:470) date: 20180701.
2018-07-02 05:37:01,291 null [INFO] (../src/fwidbmgr.cpp:322) Try to read: /home/meteo/dev/redist/fwidbmgr/config/fwidbmgr.conf.
2018-07-02 05:37:01,295 null [INFO] (../src/fwidbmgr.cpp:5393) Configuration parsing: OK.
2018-07-02 05:37:01,304 null [INFO] (../src/fwidbmgr.cpp:5478) Connected to database
2018-07-02 05:37:01,305 null [INFO] (../src/fwidbmgr.cpp:5480) Manage data for date: 20180701.
2018-07-02 05:37:01,305 null [INFO] (../src/fwidbmgr.cpp:5566) Importing fwi indexes images in database.
2018-07-02 05:37:01,519 null [INFO] (../src/fwidbmgr.cpp:5570) OK --> 20180701 images imported.
2018-07-02 05:37:01,519 null [INFO] (../src/fwidbmgr.cpp:5695) action outimg took about 0 seconds.
2018-07-02 05:37:01,520 null [INFO] (../src/fwidbmgr.cpp:5699) Disconnected from database.
2018-07-02 06:05:01,807 null [INFO] (../src/fwidbmgr.cpp:5361) fwi db manager
2018-07-02 06:05:01,807 null [INFO] (../src/fwidbmgr.cpp:5365) Program home: /home/meteo/dev/redist/fwidbmgr
2018-07-02 06:05:01,808 null [INFO] (../src/fwidbmgr.cpp:5369) Auto convert: 1
2018-07-02 06:05:01,808 null [INFO] (../src/fwidbmgr.cpp:446) action: outimg.
2018-07-02 06:05:01,808 null [INFO] (../src/fwidbmgr.cpp:470) date: 20180701.
2018-07-02 06:05:01,808 null [INFO] (../src/fwidbmgr.cpp:322) Try to read: /home/meteo/dev/redist/fwidbmgr/config/fwidbmgr.conf.
2018-07-02 06:05:01,812 null [INFO] (../src/fwidbmgr.cpp:5393) Configuration parsing: OK.
2018-07-02 06:05:01,821 null [INFO] (../src/fwidbmgr.cpp:5478) Connected to database
2018-07-02 06:05:01,822 null [INFO] (../src/fwidbmgr.cpp:5480) Manage data for date: 20180701.
2018-07-02 06:05:01,822 null [INFO] (../src/fwidbmgr.cpp:5566) Importing fwi indexes images in database.
2018-07-02 06:05:01,960 null [INFO] (../src/fwidbmgr.cpp:5570) OK --> 20180701 images imported.
2018-07-02 06:05:01,961 null [INFO] (../src/fwidbmgr.cpp:5695) action outimg took about 0 seconds.
2018-07-02 06:05:01,961 null [INFO] (../src/fwidbmgr.cpp:5699) Disconnected from database.
2018-07-02 06:37:01,510 null [INFO] (../src/fwidbmgr.cpp:5361) fwi db manager
2018-07-02 06:37:01,511 null [INFO] (../src/fwidbmgr.cpp:5365) Program home: /home/meteo/dev/redist/fwidbmgr
2018-07-02 06:37:01,513 null [INFO] (../src/fwidbmgr.cpp:5369) Auto convert: 1
2018-07-02 06:37:01,513 null [INFO] (../src/fwidbmgr.cpp:446) action: outimg.
2018-07-02 06:37:01,513 null [INFO] (../src/fwidbmgr.cpp:470) date: 20180701.
2018-07-02 06:37:01,513 null [INFO] (../src/fwidbmgr.cpp:322) Try to read: /home/meteo/dev/redist/fwidbmgr/config/fwidbmgr.conf.
2018-07-02 06:37:01,517 null [INFO] (../src/fwidbmgr.cpp:5393) Configuration parsing: OK.
2018-07-02 06:37:01,530 null [INFO] (../src/fwidbmgr.cpp:5478) Connected to database
2018-07-02 06:37:01,530 null [INFO] (../src/fwidbmgr.cpp:5480) Manage data for date: 20180701.
2018-07-02 06:37:01,531 null [INFO] (../src/fwidbmgr.cpp:5566) Importing fwi indexes images in database.
2018-07-02 06:37:01,964 null [INFO] (../src/fwidbmgr.cpp:5570) OK --> 20180701 images imported.
2018-07-02 06:37:01,964 null [INFO] (../src/fwidbmgr.cpp:5695) action outimg took about 0 seconds.
2018-07-02 06:37:01,964 null [INFO] (../src/fwidbmgr.cpp:5699) Disconnected from database.
2018-07-02 07:05:01,570 null [INFO] (../src/fwidbmgr.cpp:5361) fwi db manager
2018-07-02 07:05:01,570 null [INFO] (../src/fwidbmgr.cpp:5365) Program home: /home/meteo/dev/redist/fwidbmgr
2018-07-02 07:05:01,571 null [INFO] (../src/fwidbmgr.cpp:5369) Auto convert: 1
2018-07-02 07:05:01,571 null [INFO] (../src/fwidbmgr.cpp:446) action: outimg.
2018-07-02 07:05:01,571 null [INFO] (../src/fwidbmgr.cpp:470) date: 20180701.
2018-07-02 07:05:01,571 null [INFO] (../src/fwidbmgr.cpp:322) Try to read: /home/meteo/dev/redist/fwidbmgr/config/fwidbmgr.conf.
2018-07-02 07:05:01,575 null [INFO] (../src/fwidbmgr.cpp:5393) Configuration parsing: OK.
2018-07-02 07:05:01,591 null [INFO] (../src/fwidbmgr.cpp:5478) Connected to database
2018-07-02 07:05:01,591 null [INFO] (../src/fwidbmgr.cpp:5480) Manage data for date: 20180701.
2018-07-02 07:05:01,591 null [INFO] (../src/fwidbmgr.cpp:5566) Importing fwi indexes images in database.
2018-07-02 07:05:01,823 null [INFO] (../src/fwidbmgr.cpp:5570) OK --> 20180701 images imported.
2018-07-02 07:05:01,824 null [INFO] (../src/fwidbmgr.cpp:5695) action outimg took about 0 seconds.
2018-07-02 07:05:01,824 null [INFO] (../src/fwidbmgr.cpp:5699) Disconnected from database.
2018-07-02 07:37:01,195 null [INFO] (../src/fwidbmgr.cpp:5361) fwi db manager
2018-07-02 07:37:01,196 null [INFO] (../src/fwidbmgr.cpp:5365) Program home: /home/meteo/dev/redist/fwidbmgr
2018-07-02 07:37:01,197 null [INFO] (../src/fwidbmgr.cpp:5369) Auto convert: 1
2018-07-02 07:37:01,198 null [INFO] (../src/fwidbmgr.cpp:446) action: outimg.
2018-07-02 07:37:01,198 null [INFO] (../src/fwidbmgr.cpp:470) date: 20180701.
2018-07-02 07:37:01,198 null [INFO] (../src/fwidbmgr.cpp:322) Try to read: /home/meteo/dev/redist/fwidbmgr/config/fwidbmgr.conf.
2018-07-02 07:37:01,211 null [INFO] (../src/fwidbmgr.cpp:5393) Configuration parsing: OK.
2018-07-02 07:37:01,225 null [INFO] (../src/fwidbmgr.cpp:5478) Connected to database
2018-07-02 07:37:01,225 null [INFO] (../src/fwidbmgr.cpp:5480) Manage data for date: 20180701.
2018-07-02 07:37:01,225 null [INFO] (../src/fwidbmgr.cpp:5566) Importing fwi indexes images in database.
2018-07-02 07:37:01,370 null [INFO] (../src/fwidbmgr.cpp:5570) OK --> 20180701 images imported.
2018-07-02 07:37:01,370 null [INFO] (../src/fwidbmgr.cpp:5695) action outimg took about 0 seconds.
2018-07-02 07:37:01,371 null [INFO] (../src/fwidbmgr.cpp:5699) Disconnected from database.
