2019-12-04 05:05:03,734 null [INFO] (../src/fwidbmgr.cpp:5361) fwi db manager
2019-12-04 05:05:03,735 null [INFO] (../src/fwidbmgr.cpp:5365) Program home: /home/meteo/dev/redist/fwidbmgr
2019-12-04 05:05:03,735 null [INFO] (../src/fwidbmgr.cpp:5369) Auto convert: 1
2019-12-04 05:05:03,735 null [INFO] (../src/fwidbmgr.cpp:446) action: in.
2019-12-04 05:05:03,735 null [INFO] (../src/fwidbmgr.cpp:470) date: 20191203.
2019-12-04 05:05:03,735 null [INFO] (../src/fwidbmgr.cpp:322) Try to read: /home/meteo/dev/redist/fwidbmgr/config/fwidbmgr.conf.
2019-12-04 05:05:03,736 null [INFO] (../src/fwidbmgr.cpp:5393) Configuration parsing: OK.
2019-12-04 05:05:03,741 null [INFO] (../src/fwidbmgr.cpp:5478) Connected to database
2019-12-04 05:05:03,741 null [INFO] (../src/fwidbmgr.cpp:5480) Manage data for date: 20191203.
2019-12-04 05:05:03,741 null [INFO] (../src/fwidbmgr.cpp:5536) Importing meteo data in database for day: 20191203.
2019-12-04 05:05:03,743 null [INFO] (/home/meteo/dev/redist/fwidbmgr/include/Grid.h:1595) Configuring grid: snow
2019-12-04 05:05:03,743 null [INFO] (/home/meteo/dev/redist/fwidbmgr/include/Grid.h:1695) Grid snow configured.
2019-12-04 05:05:03,752 null [INFO] (/home/meteo/dev/redist/fwidbmgr/include/Grid.h:1595) Configuring grid: snow_covering
2019-12-04 05:05:03,752 null [INFO] (/home/meteo/dev/redist/fwidbmgr/include/Grid.h:1695) Grid snow_covering configured.
2019-12-04 05:05:03,759 null [INFO] (/home/meteo/dev/redist/fwidbmgr/include/Grid.h:1595) Configuring grid: snow_dissolution
2019-12-04 05:05:03,759 null [INFO] (/home/meteo/dev/redist/fwidbmgr/include/Grid.h:1695) Grid snow_dissolution configured.
2019-12-04 05:05:03,771 null [INFO] (/home/meteo/dev/redist/fwidbmgr/include/Grid.h:1595) Configuring grid: temperature
2019-12-04 05:05:03,771 null [INFO] (/home/meteo/dev/redist/fwidbmgr/include/Grid.h:1695) Grid temperature configured.
2019-12-04 05:05:03,773 null [INFO] (/home/meteo/dev/redist/fwidbmgr/include/Grid.h:1595) Configuring grid: humidity
2019-12-04 05:05:03,773 null [INFO] (/home/meteo/dev/redist/fwidbmgr/include/Grid.h:1695) Grid humidity configured.
2019-12-04 05:05:03,775 null [INFO] (/home/meteo/dev/redist/fwidbmgr/include/Grid.h:1595) Configuring grid: windspeed
2019-12-04 05:05:03,775 null [INFO] (/home/meteo/dev/redist/fwidbmgr/include/Grid.h:1695) Grid windspeed configured.
2019-12-04 05:05:03,781 null [INFO] (/home/meteo/dev/redist/fwidbmgr/include/Grid.h:1595) Configuring grid: rain
2019-12-04 05:05:03,781 null [INFO] (/home/meteo/dev/redist/fwidbmgr/include/Grid.h:1695) Grid rain configured.
2019-12-04 05:05:03,783 null [INFO] (/home/meteo/dev/redist/fwidbmgr/include/Grid.h:1595) Configuring grid: cum_rain
2019-12-04 05:05:03,783 null [INFO] (/home/meteo/dev/redist/fwidbmgr/include/Grid.h:1695) Grid cum_rain configured.
2019-12-04 05:05:04,862 null [INFO] (../src/fwidbmgr.cpp:1518) Storing meteo input ...
2019-12-04 05:05:11,635 null [INFO] (../src/fwidbmgr.cpp:5540) OK --> 20191203 data imported.
2019-12-04 05:05:11,645 null [INFO] (../src/fwidbmgr.cpp:5695) action in took about 8 seconds.
2019-12-04 05:05:11,657 null [INFO] (../src/fwidbmgr.cpp:5699) Disconnected from database.
2019-12-04 05:05:46,024 null [INFO] (../src/fwidbmgr.cpp:5361) fwi db manager
2019-12-04 05:05:46,024 null [INFO] (../src/fwidbmgr.cpp:5365) Program home: /home/meteo/dev/redist/fwidbmgr
2019-12-04 05:05:46,024 null [INFO] (../src/fwidbmgr.cpp:5369) Auto convert: 1
2019-12-04 05:05:46,024 null [INFO] (../src/fwidbmgr.cpp:446) action: out.
2019-12-04 05:05:46,024 null [INFO] (../src/fwidbmgr.cpp:470) date: 20191203.
2019-12-04 05:05:46,024 null [INFO] (../src/fwidbmgr.cpp:322) Try to read: /home/meteo/dev/redist/fwidbmgr/config/fwidbmgr.conf.
2019-12-04 05:05:46,027 null [INFO] (../src/fwidbmgr.cpp:5393) Configuration parsing: OK.
2019-12-04 05:05:46,037 null [INFO] (../src/fwidbmgr.cpp:5478) Connected to database
2019-12-04 05:05:46,037 null [INFO] (../src/fwidbmgr.cpp:5480) Manage data for date: 20191203.
2019-12-04 05:05:46,037 null [INFO] (../src/fwidbmgr.cpp:5551) Importing fwi indexes data in database for day: 20191203.
2019-12-04 05:05:46,049 null [INFO] (/home/meteo/dev/redist/fwidbmgr/include/Grid.h:1595) Configuring grid: isi
2019-12-04 05:05:46,049 null [INFO] (/home/meteo/dev/redist/fwidbmgr/include/Grid.h:1695) Grid isi configured.
2019-12-04 05:05:46,063 null [INFO] (/home/meteo/dev/redist/fwidbmgr/include/Grid.h:1595) Configuring grid: fwi
2019-12-04 05:05:46,063 null [INFO] (/home/meteo/dev/redist/fwidbmgr/include/Grid.h:1695) Grid fwi configured.
2019-12-04 05:05:46,070 null [INFO] (/home/meteo/dev/redist/fwidbmgr/include/Grid.h:1595) Configuring grid: ffmc
2019-12-04 05:05:46,070 null [INFO] (/home/meteo/dev/redist/fwidbmgr/include/Grid.h:1695) Grid ffmc configured.
2019-12-04 05:05:46,076 null [INFO] (/home/meteo/dev/redist/fwidbmgr/include/Grid.h:1595) Configuring grid: dmc
2019-12-04 05:05:46,076 null [INFO] (/home/meteo/dev/redist/fwidbmgr/include/Grid.h:1695) Grid dmc configured.
2019-12-04 05:05:46,083 null [INFO] (/home/meteo/dev/redist/fwidbmgr/include/Grid.h:1595) Configuring grid: dc
2019-12-04 05:05:46,083 null [INFO] (/home/meteo/dev/redist/fwidbmgr/include/Grid.h:1695) Grid dc configured.
2019-12-04 05:05:46,090 null [INFO] (/home/meteo/dev/redist/fwidbmgr/include/Grid.h:1595) Configuring grid: bui
2019-12-04 05:05:46,090 null [INFO] (/home/meteo/dev/redist/fwidbmgr/include/Grid.h:1695) Grid bui configured.
2019-12-04 05:05:46,096 null [INFO] (/home/meteo/dev/redist/fwidbmgr/include/Grid.h:1595) Configuring grid: ffmc_tmp
2019-12-04 05:05:46,096 null [INFO] (/home/meteo/dev/redist/fwidbmgr/include/Grid.h:1695) Grid ffmc_tmp configured.
2019-12-04 05:05:46,108 null [INFO] (/home/meteo/dev/redist/fwidbmgr/include/Grid.h:1595) Configuring grid: dmc_tmp
2019-12-04 05:05:46,108 null [INFO] (/home/meteo/dev/redist/fwidbmgr/include/Grid.h:1695) Grid dmc_tmp configured.
2019-12-04 05:05:46,119 null [INFO] (/home/meteo/dev/redist/fwidbmgr/include/Grid.h:1595) Configuring grid: dc_tmp
2019-12-04 05:05:46,119 null [INFO] (/home/meteo/dev/redist/fwidbmgr/include/Grid.h:1695) Grid dc_tmp configured.
2019-12-04 05:05:46,132 null [INFO] (/home/meteo/dev/redist/fwidbmgr/include/Grid.h:1595) Configuring grid: idi
2019-12-04 05:05:46,132 null [INFO] (/home/meteo/dev/redist/fwidbmgr/include/Grid.h:1695) Grid idi configured.
2019-12-04 05:05:58,087 null [INFO] (../src/fwidbmgr.cpp:2081) Storing FWI indexes ...
2019-12-04 05:06:12,046 null [INFO] (../src/fwidbmgr.cpp:5555) OK --> 20191203 data imported.
2019-12-04 05:06:12,046 null [INFO] (../src/fwidbmgr.cpp:5695) action out took about 26 seconds.
2019-12-04 05:06:12,047 null [INFO] (../src/fwidbmgr.cpp:5699) Disconnected from database.
2019-12-04 05:06:12,124 null [INFO] (../src/fwidbmgr.cpp:5361) fwi db manager
2019-12-04 05:06:12,124 null [INFO] (../src/fwidbmgr.cpp:5365) Program home: /home/meteo/dev/redist/fwidbmgr
2019-12-04 05:06:12,125 null [INFO] (../src/fwidbmgr.cpp:5369) Auto convert: 1
2019-12-04 05:06:12,125 null [INFO] (../src/fwidbmgr.cpp:446) action: computeidx.
2019-12-04 05:06:12,125 null [INFO] (../src/fwidbmgr.cpp:470) date: 20191203.
2019-12-04 05:06:12,125 null [INFO] (../src/fwidbmgr.cpp:322) Try to read: /home/meteo/dev/redist/fwidbmgr/config/fwidbmgr.conf.
2019-12-04 05:06:12,128 null [INFO] (../src/fwidbmgr.cpp:5393) Configuration parsing: OK.
2019-12-04 05:06:12,136 null [INFO] (../src/fwidbmgr.cpp:5478) Connected to database
2019-12-04 05:06:12,136 null [INFO] (../src/fwidbmgr.cpp:5480) Manage data for date: 20191203.
2019-12-04 05:06:12,136 null [INFO] (../src/fwidbmgr.cpp:5656) Computing indexes.
2019-12-04 05:06:12,148 null [INFO] (/home/meteo/dev/redist/fwidbmgr/include/Grid.h:1595) Configuring grid: isi
2019-12-04 05:06:12,148 null [INFO] (/home/meteo/dev/redist/fwidbmgr/include/Grid.h:1695) Grid isi configured.
2019-12-04 05:06:12,152 null [INFO] (/home/meteo/dev/redist/fwidbmgr/include/Grid.h:1595) Configuring grid: fwi
2019-12-04 05:06:12,152 null [INFO] (/home/meteo/dev/redist/fwidbmgr/include/Grid.h:1695) Grid fwi configured.
2019-12-04 05:06:12,155 null [INFO] (/home/meteo/dev/redist/fwidbmgr/include/Grid.h:1595) Configuring grid: ffmc
2019-12-04 05:06:12,155 null [INFO] (/home/meteo/dev/redist/fwidbmgr/include/Grid.h:1695) Grid ffmc configured.
2019-12-04 05:06:12,158 null [INFO] (/home/meteo/dev/redist/fwidbmgr/include/Grid.h:1595) Configuring grid: dmc
2019-12-04 05:06:12,158 null [INFO] (/home/meteo/dev/redist/fwidbmgr/include/Grid.h:1695) Grid dmc configured.
2019-12-04 05:06:12,159 null [INFO] (/home/meteo/dev/redist/fwidbmgr/include/Grid.h:1595) Configuring grid: dc
2019-12-04 05:06:12,159 null [INFO] (/home/meteo/dev/redist/fwidbmgr/include/Grid.h:1695) Grid dc configured.
2019-12-04 05:06:12,160 null [INFO] (/home/meteo/dev/redist/fwidbmgr/include/Grid.h:1595) Configuring grid: bui
2019-12-04 05:06:12,160 null [INFO] (/home/meteo/dev/redist/fwidbmgr/include/Grid.h:1695) Grid bui configured.
2019-12-04 05:06:12,161 null [INFO] (/home/meteo/dev/redist/fwidbmgr/include/Grid.h:1595) Configuring grid: ffmc_tmp
2019-12-04 05:06:12,161 null [INFO] (/home/meteo/dev/redist/fwidbmgr/include/Grid.h:1695) Grid ffmc_tmp configured.
2019-12-04 05:06:12,162 null [INFO] (/home/meteo/dev/redist/fwidbmgr/include/Grid.h:1595) Configuring grid: dmc_tmp
2019-12-04 05:06:12,162 null [INFO] (/home/meteo/dev/redist/fwidbmgr/include/Grid.h:1695) Grid dmc_tmp configured.
2019-12-04 05:06:12,163 null [INFO] (/home/meteo/dev/redist/fwidbmgr/include/Grid.h:1595) Configuring grid: dc_tmp
2019-12-04 05:06:12,163 null [INFO] (/home/meteo/dev/redist/fwidbmgr/include/Grid.h:1695) Grid dc_tmp configured.
2019-12-04 05:06:12,164 null [INFO] (/home/meteo/dev/redist/fwidbmgr/include/Grid.h:1595) Configuring grid: idi
2019-12-04 05:06:12,164 null [INFO] (/home/meteo/dev/redist/fwidbmgr/include/Grid.h:1695) Grid idi configured.
2019-12-04 05:06:12,165 null [INFO] (/home/meteo/dev/redist/fwidbmgr/include/Grid.h:1595) Configuring grid: angstrom
2019-12-04 05:06:12,165 null [INFO] (/home/meteo/dev/redist/fwidbmgr/include/Grid.h:1695) Grid angstrom configured.
2019-12-04 05:06:12,166 null [INFO] (/home/meteo/dev/redist/fwidbmgr/include/Grid.h:1595) Configuring grid: fmi
2019-12-04 05:06:12,166 null [INFO] (/home/meteo/dev/redist/fwidbmgr/include/Grid.h:1695) Grid fmi configured.
2019-12-04 05:06:12,167 null [INFO] (/home/meteo/dev/redist/fwidbmgr/include/Grid.h:1595) Configuring grid: sharples
2019-12-04 05:06:12,167 null [INFO] (/home/meteo/dev/redist/fwidbmgr/include/Grid.h:1695) Grid sharples configured.
2019-12-04 05:06:20,889 null [INFO] (/home/meteo/dev/redist/fwidbmgr/include/Grid.h:1595) Configuring grid: snow
2019-12-04 05:06:20,889 null [INFO] (/home/meteo/dev/redist/fwidbmgr/include/Grid.h:1695) Grid snow configured.
2019-12-04 05:06:20,889 null [INFO] (/home/meteo/dev/redist/fwidbmgr/include/Grid.h:1595) Configuring grid: snow_covering
2019-12-04 05:06:20,889 null [INFO] (/home/meteo/dev/redist/fwidbmgr/include/Grid.h:1695) Grid snow_covering configured.
2019-12-04 05:06:20,889 null [INFO] (/home/meteo/dev/redist/fwidbmgr/include/Grid.h:1595) Configuring grid: snow_dissolution
2019-12-04 05:06:20,889 null [INFO] (/home/meteo/dev/redist/fwidbmgr/include/Grid.h:1695) Grid snow_dissolution configured.
2019-12-04 05:06:20,889 null [INFO] (/home/meteo/dev/redist/fwidbmgr/include/Grid.h:1595) Configuring grid: temperature
2019-12-04 05:06:20,889 null [INFO] (/home/meteo/dev/redist/fwidbmgr/include/Grid.h:1695) Grid temperature configured.
2019-12-04 05:06:20,889 null [INFO] (/home/meteo/dev/redist/fwidbmgr/include/Grid.h:1595) Configuring grid: humidity
2019-12-04 05:06:20,889 null [INFO] (/home/meteo/dev/redist/fwidbmgr/include/Grid.h:1695) Grid humidity configured.
2019-12-04 05:06:20,889 null [INFO] (/home/meteo/dev/redist/fwidbmgr/include/Grid.h:1595) Configuring grid: windspeed
2019-12-04 05:06:20,889 null [INFO] (/home/meteo/dev/redist/fwidbmgr/include/Grid.h:1695) Grid windspeed configured.
2019-12-04 05:06:20,890 null [INFO] (/home/meteo/dev/redist/fwidbmgr/include/Grid.h:1595) Configuring grid: rain
2019-12-04 05:06:20,890 null [INFO] (/home/meteo/dev/redist/fwidbmgr/include/Grid.h:1695) Grid rain configured.
2019-12-04 05:06:20,890 null [INFO] (/home/meteo/dev/redist/fwidbmgr/include/Grid.h:1595) Configuring grid: cum_rain
2019-12-04 05:06:20,890 null [INFO] (/home/meteo/dev/redist/fwidbmgr/include/Grid.h:1695) Grid cum_rain configured.
2019-12-04 05:07:27,161 null [INFO] (../src/fwidbmgr.cpp:5660) OK --> 20191203 indexes computed.
2019-12-04 05:07:27,162 null [INFO] (../src/fwidbmgr.cpp:5695) action computeidx took about 75 seconds.
2019-12-04 05:07:27,162 null [INFO] (../src/fwidbmgr.cpp:5699) Disconnected from database.
2019-12-04 05:07:27,232 null [INFO] (../src/fwidbmgr.cpp:5361) fwi db manager
2019-12-04 05:07:27,232 null [INFO] (../src/fwidbmgr.cpp:5365) Program home: /home/meteo/dev/redist/fwidbmgr
2019-12-04 05:07:27,232 null [INFO] (../src/fwidbmgr.cpp:5369) Auto convert: 1
2019-12-04 05:07:27,232 null [INFO] (../src/fwidbmgr.cpp:446) action: exportidx.
2019-12-04 05:07:27,232 null [INFO] (../src/fwidbmgr.cpp:470) date: 20191203.
2019-12-04 05:07:27,232 null [INFO] (../src/fwidbmgr.cpp:322) Try to read: /home/meteo/dev/redist/fwidbmgr/config/fwidbmgr.conf.
2019-12-04 05:07:27,235 null [INFO] (../src/fwidbmgr.cpp:5393) Configuration parsing: OK.
2019-12-04 05:07:27,251 null [INFO] (../src/fwidbmgr.cpp:5478) Connected to database
2019-12-04 05:07:27,251 null [INFO] (../src/fwidbmgr.cpp:5480) Manage data for date: 20191203.
2019-12-04 05:07:27,251 null [INFO] (../src/fwidbmgr.cpp:5596) Exporting indexes.
2019-12-04 05:07:27,262 null [INFO] (/home/meteo/dev/redist/fwidbmgr/include/Grid.h:1595) Configuring grid: isi
2019-12-04 05:07:27,262 null [INFO] (/home/meteo/dev/redist/fwidbmgr/include/Grid.h:1695) Grid isi configured.
2019-12-04 05:07:27,265 null [INFO] (/home/meteo/dev/redist/fwidbmgr/include/Grid.h:1595) Configuring grid: fwi
2019-12-04 05:07:27,265 null [INFO] (/home/meteo/dev/redist/fwidbmgr/include/Grid.h:1695) Grid fwi configured.
2019-12-04 05:07:27,268 null [INFO] (/home/meteo/dev/redist/fwidbmgr/include/Grid.h:1595) Configuring grid: ffmc
2019-12-04 05:07:27,269 null [INFO] (/home/meteo/dev/redist/fwidbmgr/include/Grid.h:1695) Grid ffmc configured.
2019-12-04 05:07:27,270 null [INFO] (/home/meteo/dev/redist/fwidbmgr/include/Grid.h:1595) Configuring grid: dmc
2019-12-04 05:07:27,270 null [INFO] (/home/meteo/dev/redist/fwidbmgr/include/Grid.h:1695) Grid dmc configured.
2019-12-04 05:07:27,271 null [INFO] (/home/meteo/dev/redist/fwidbmgr/include/Grid.h:1595) Configuring grid: dc
2019-12-04 05:07:27,271 null [INFO] (/home/meteo/dev/redist/fwidbmgr/include/Grid.h:1695) Grid dc configured.
2019-12-04 05:07:27,272 null [INFO] (/home/meteo/dev/redist/fwidbmgr/include/Grid.h:1595) Configuring grid: bui
2019-12-04 05:07:27,272 null [INFO] (/home/meteo/dev/redist/fwidbmgr/include/Grid.h:1695) Grid bui configured.
2019-12-04 05:07:27,273 null [INFO] (/home/meteo/dev/redist/fwidbmgr/include/Grid.h:1595) Configuring grid: ffmc_tmp
2019-12-04 05:07:27,274 null [INFO] (/home/meteo/dev/redist/fwidbmgr/include/Grid.h:1695) Grid ffmc_tmp configured.
2019-12-04 05:07:27,275 null [INFO] (/home/meteo/dev/redist/fwidbmgr/include/Grid.h:1595) Configuring grid: dmc_tmp
2019-12-04 05:07:27,275 null [INFO] (/home/meteo/dev/redist/fwidbmgr/include/Grid.h:1695) Grid dmc_tmp configured.
2019-12-04 05:07:27,276 null [INFO] (/home/meteo/dev/redist/fwidbmgr/include/Grid.h:1595) Configuring grid: dc_tmp
2019-12-04 05:07:27,276 null [INFO] (/home/meteo/dev/redist/fwidbmgr/include/Grid.h:1695) Grid dc_tmp configured.
2019-12-04 05:07:27,277 null [INFO] (/home/meteo/dev/redist/fwidbmgr/include/Grid.h:1595) Configuring grid: idi
2019-12-04 05:07:27,277 null [INFO] (/home/meteo/dev/redist/fwidbmgr/include/Grid.h:1695) Grid idi configured.
2019-12-04 05:07:27,278 null [INFO] (/home/meteo/dev/redist/fwidbmgr/include/Grid.h:1595) Configuring grid: angstrom
2019-12-04 05:07:27,278 null [INFO] (/home/meteo/dev/redist/fwidbmgr/include/Grid.h:1695) Grid angstrom configured.
2019-12-04 05:07:27,279 null [INFO] (/home/meteo/dev/redist/fwidbmgr/include/Grid.h:1595) Configuring grid: fmi
2019-12-04 05:07:27,279 null [INFO] (/home/meteo/dev/redist/fwidbmgr/include/Grid.h:1695) Grid fmi configured.
2019-12-04 05:07:27,280 null [INFO] (/home/meteo/dev/redist/fwidbmgr/include/Grid.h:1595) Configuring grid: sharples
2019-12-04 05:07:27,280 null [INFO] (/home/meteo/dev/redist/fwidbmgr/include/Grid.h:1695) Grid sharples configured.
2019-12-04 05:07:34,283 null [INFO] (/home/meteo/dev/redist/fwidbmgr/include/Grid.h:1595) Configuring grid: isi
2019-12-04 05:07:34,283 null [INFO] (/home/meteo/dev/redist/fwidbmgr/include/Grid.h:1695) Grid isi configured.
2019-12-04 05:07:34,304 null [INFO] (/home/meteo/dev/redist/fwidbmgr/include/Grid.h:1595) Configuring grid: fwi
2019-12-04 05:07:34,304 null [INFO] (/home/meteo/dev/redist/fwidbmgr/include/Grid.h:1695) Grid fwi configured.
2019-12-04 05:07:34,323 null [INFO] (/home/meteo/dev/redist/fwidbmgr/include/Grid.h:1595) Configuring grid: ffmc
2019-12-04 05:07:34,323 null [INFO] (/home/meteo/dev/redist/fwidbmgr/include/Grid.h:1695) Grid ffmc configured.
2019-12-04 05:07:34,343 null [INFO] (/home/meteo/dev/redist/fwidbmgr/include/Grid.h:1595) Configuring grid: dmc
2019-12-04 05:07:34,343 null [INFO] (/home/meteo/dev/redist/fwidbmgr/include/Grid.h:1695) Grid dmc configured.
2019-12-04 05:07:34,362 null [INFO] (/home/meteo/dev/redist/fwidbmgr/include/Grid.h:1595) Configuring grid: dc
2019-12-04 05:07:34,362 null [INFO] (/home/meteo/dev/redist/fwidbmgr/include/Grid.h:1695) Grid dc configured.
2019-12-04 05:07:34,381 null [INFO] (/home/meteo/dev/redist/fwidbmgr/include/Grid.h:1595) Configuring grid: bui
2019-12-04 05:07:34,381 null [INFO] (/home/meteo/dev/redist/fwidbmgr/include/Grid.h:1695) Grid bui configured.
2019-12-04 05:07:34,400 null [INFO] (/home/meteo/dev/redist/fwidbmgr/include/Grid.h:1595) Configuring grid: ffmc_tmp
2019-12-04 05:07:34,401 null [INFO] (/home/meteo/dev/redist/fwidbmgr/include/Grid.h:1695) Grid ffmc_tmp configured.
2019-12-04 05:07:34,420 null [INFO] (/home/meteo/dev/redist/fwidbmgr/include/Grid.h:1595) Configuring grid: dmc_tmp
2019-12-04 05:07:34,420 null [INFO] (/home/meteo/dev/redist/fwidbmgr/include/Grid.h:1695) Grid dmc_tmp configured.
2019-12-04 05:07:34,438 null [INFO] (/home/meteo/dev/redist/fwidbmgr/include/Grid.h:1595) Configuring grid: dc_tmp
2019-12-04 05:07:34,438 null [INFO] (/home/meteo/dev/redist/fwidbmgr/include/Grid.h:1695) Grid dc_tmp configured.
2019-12-04 05:07:34,456 null [INFO] (/home/meteo/dev/redist/fwidbmgr/include/Grid.h:1595) Configuring grid: angstrom
2019-12-04 05:07:34,456 null [INFO] (/home/meteo/dev/redist/fwidbmgr/include/Grid.h:1695) Grid angstrom configured.
2019-12-04 05:07:34,479 null [INFO] (/home/meteo/dev/redist/fwidbmgr/include/Grid.h:1595) Configuring grid: sharples
2019-12-04 05:07:34,479 null [INFO] (/home/meteo/dev/redist/fwidbmgr/include/Grid.h:1695) Grid sharples configured.
2019-12-04 05:07:34,499 null [INFO] (/home/meteo/dev/redist/fwidbmgr/include/Grid.h:1595) Configuring grid: fmi
2019-12-04 05:07:34,499 null [INFO] (/home/meteo/dev/redist/fwidbmgr/include/Grid.h:1695) Grid fmi configured.
2019-12-04 05:07:34,517 null [INFO] (../src/fwidbmgr.cpp:5600) OK --> 20191203 indexes exported to files.
2019-12-04 05:07:34,517 null [INFO] (../src/fwidbmgr.cpp:5695) action exportidx took about 7 seconds.
2019-12-04 05:07:34,517 null [INFO] (../src/fwidbmgr.cpp:5699) Disconnected from database.
2019-12-04 05:07:48,073 null [INFO] (../src/fwidbmgr.cpp:5361) fwi db manager
2019-12-04 05:07:48,073 null [INFO] (../src/fwidbmgr.cpp:5365) Program home: /home/meteo/dev/redist/fwidbmgr
2019-12-04 05:07:48,073 null [INFO] (../src/fwidbmgr.cpp:5369) Auto convert: 1
2019-12-04 05:07:48,074 null [INFO] (../src/fwidbmgr.cpp:446) action: outimg.
2019-12-04 05:07:48,074 null [INFO] (../src/fwidbmgr.cpp:470) date: 20191203.
2019-12-04 05:07:48,074 null [INFO] (../src/fwidbmgr.cpp:322) Try to read: /home/meteo/dev/redist/fwidbmgr/config/fwidbmgr.conf.
2019-12-04 05:07:48,076 null [INFO] (../src/fwidbmgr.cpp:5393) Configuration parsing: OK.
2019-12-04 05:07:48,081 null [INFO] (../src/fwidbmgr.cpp:5478) Connected to database
2019-12-04 05:07:48,081 null [INFO] (../src/fwidbmgr.cpp:5480) Manage data for date: 20191203.
2019-12-04 05:07:48,081 null [INFO] (../src/fwidbmgr.cpp:5566) Importing fwi indexes images in database.
2019-12-04 05:07:48,200 null [INFO] (../src/fwidbmgr.cpp:5570) OK --> 20191203 images imported.
2019-12-04 05:07:48,200 null [INFO] (../src/fwidbmgr.cpp:5695) action outimg took about 0 seconds.
2019-12-04 05:07:48,200 null [INFO] (../src/fwidbmgr.cpp:5699) Disconnected from database.
2019-12-04 05:37:01,705 null [INFO] (../src/fwidbmgr.cpp:5361) fwi db manager
2019-12-04 05:37:01,705 null [INFO] (../src/fwidbmgr.cpp:5365) Program home: /home/meteo/dev/redist/fwidbmgr
2019-12-04 05:37:01,705 null [INFO] (../src/fwidbmgr.cpp:5369) Auto convert: 1
2019-12-04 05:37:01,705 null [INFO] (../src/fwidbmgr.cpp:446) action: outimg.
2019-12-04 05:37:01,705 null [INFO] (../src/fwidbmgr.cpp:470) date: 20191203.
2019-12-04 05:37:01,705 null [INFO] (../src/fwidbmgr.cpp:322) Try to read: /home/meteo/dev/redist/fwidbmgr/config/fwidbmgr.conf.
2019-12-04 05:37:01,707 null [INFO] (../src/fwidbmgr.cpp:5393) Configuration parsing: OK.
2019-12-04 05:37:01,711 null [INFO] (../src/fwidbmgr.cpp:5478) Connected to database
2019-12-04 05:37:01,711 null [INFO] (../src/fwidbmgr.cpp:5480) Manage data for date: 20191203.
2019-12-04 05:37:01,711 null [INFO] (../src/fwidbmgr.cpp:5566) Importing fwi indexes images in database.
2019-12-04 05:37:01,814 null [INFO] (../src/fwidbmgr.cpp:5570) OK --> 20191203 images imported.
2019-12-04 05:37:01,814 null [INFO] (../src/fwidbmgr.cpp:5695) action outimg took about 0 seconds.
2019-12-04 05:37:01,814 null [INFO] (../src/fwidbmgr.cpp:5699) Disconnected from database.
2019-12-04 06:05:01,962 null [INFO] (../src/fwidbmgr.cpp:5361) fwi db manager
2019-12-04 06:05:01,962 null [INFO] (../src/fwidbmgr.cpp:5365) Program home: /home/meteo/dev/redist/fwidbmgr
2019-12-04 06:05:01,962 null [INFO] (../src/fwidbmgr.cpp:5369) Auto convert: 1
2019-12-04 06:05:01,962 null [INFO] (../src/fwidbmgr.cpp:446) action: outimg.
2019-12-04 06:05:01,962 null [INFO] (../src/fwidbmgr.cpp:470) date: 20191203.
2019-12-04 06:05:01,962 null [INFO] (../src/fwidbmgr.cpp:322) Try to read: /home/meteo/dev/redist/fwidbmgr/config/fwidbmgr.conf.
2019-12-04 06:05:01,966 null [INFO] (../src/fwidbmgr.cpp:5393) Configuration parsing: OK.
2019-12-04 06:05:01,971 null [INFO] (../src/fwidbmgr.cpp:5478) Connected to database
2019-12-04 06:05:01,971 null [INFO] (../src/fwidbmgr.cpp:5480) Manage data for date: 20191203.
2019-12-04 06:05:01,971 null [INFO] (../src/fwidbmgr.cpp:5566) Importing fwi indexes images in database.
2019-12-04 06:05:02,021 null [INFO] (../src/fwidbmgr.cpp:5570) OK --> 20191203 images imported.
2019-12-04 06:05:02,022 null [INFO] (../src/fwidbmgr.cpp:5695) action outimg took about 1 seconds.
2019-12-04 06:05:02,022 null [INFO] (../src/fwidbmgr.cpp:5699) Disconnected from database.
2019-12-04 06:37:01,174 null [INFO] (../src/fwidbmgr.cpp:5361) fwi db manager
2019-12-04 06:37:01,174 null [INFO] (../src/fwidbmgr.cpp:5365) Program home: /home/meteo/dev/redist/fwidbmgr
2019-12-04 06:37:01,174 null [INFO] (../src/fwidbmgr.cpp:5369) Auto convert: 1
2019-12-04 06:37:01,174 null [INFO] (../src/fwidbmgr.cpp:446) action: outimg.
2019-12-04 06:37:01,174 null [INFO] (../src/fwidbmgr.cpp:470) date: 20191203.
2019-12-04 06:37:01,174 null [INFO] (../src/fwidbmgr.cpp:322) Try to read: /home/meteo/dev/redist/fwidbmgr/config/fwidbmgr.conf.
2019-12-04 06:37:01,176 null [INFO] (../src/fwidbmgr.cpp:5393) Configuration parsing: OK.
2019-12-04 06:37:01,181 null [INFO] (../src/fwidbmgr.cpp:5478) Connected to database
2019-12-04 06:37:01,181 null [INFO] (../src/fwidbmgr.cpp:5480) Manage data for date: 20191203.
2019-12-04 06:37:01,182 null [INFO] (../src/fwidbmgr.cpp:5566) Importing fwi indexes images in database.
2019-12-04 06:37:01,234 null [INFO] (../src/fwidbmgr.cpp:5570) OK --> 20191203 images imported.
2019-12-04 06:37:01,235 null [INFO] (../src/fwidbmgr.cpp:5695) action outimg took about 0 seconds.
2019-12-04 06:37:01,235 null [INFO] (../src/fwidbmgr.cpp:5699) Disconnected from database.
2019-12-04 07:05:01,973 null [INFO] (../src/fwidbmgr.cpp:5361) fwi db manager
2019-12-04 07:05:01,973 null [INFO] (../src/fwidbmgr.cpp:5365) Program home: /home/meteo/dev/redist/fwidbmgr
2019-12-04 07:05:01,973 null [INFO] (../src/fwidbmgr.cpp:5369) Auto convert: 1
2019-12-04 07:05:01,973 null [INFO] (../src/fwidbmgr.cpp:446) action: outimg.
2019-12-04 07:05:01,973 null [INFO] (../src/fwidbmgr.cpp:470) date: 20191203.
2019-12-04 07:05:01,973 null [INFO] (../src/fwidbmgr.cpp:322) Try to read: /home/meteo/dev/redist/fwidbmgr/config/fwidbmgr.conf.
2019-12-04 07:05:01,974 null [INFO] (../src/fwidbmgr.cpp:5393) Configuration parsing: OK.
2019-12-04 07:05:01,978 null [INFO] (../src/fwidbmgr.cpp:5478) Connected to database
2019-12-04 07:05:01,979 null [INFO] (../src/fwidbmgr.cpp:5480) Manage data for date: 20191203.
2019-12-04 07:05:01,979 null [INFO] (../src/fwidbmgr.cpp:5566) Importing fwi indexes images in database.
2019-12-04 07:05:02,028 null [INFO] (../src/fwidbmgr.cpp:5570) OK --> 20191203 images imported.
2019-12-04 07:05:02,028 null [INFO] (../src/fwidbmgr.cpp:5695) action outimg took about 1 seconds.
2019-12-04 07:05:02,029 null [INFO] (../src/fwidbmgr.cpp:5699) Disconnected from database.
2019-12-04 07:37:01,201 null [INFO] (../src/fwidbmgr.cpp:5361) fwi db manager
2019-12-04 07:37:01,201 null [INFO] (../src/fwidbmgr.cpp:5365) Program home: /home/meteo/dev/redist/fwidbmgr
2019-12-04 07:37:01,202 null [INFO] (../src/fwidbmgr.cpp:5369) Auto convert: 1
2019-12-04 07:37:01,202 null [INFO] (../src/fwidbmgr.cpp:446) action: outimg.
2019-12-04 07:37:01,202 null [INFO] (../src/fwidbmgr.cpp:470) date: 20191203.
2019-12-04 07:37:01,202 null [INFO] (../src/fwidbmgr.cpp:322) Try to read: /home/meteo/dev/redist/fwidbmgr/config/fwidbmgr.conf.
2019-12-04 07:37:01,205 null [INFO] (../src/fwidbmgr.cpp:5393) Configuration parsing: OK.
2019-12-04 07:37:01,211 null [INFO] (../src/fwidbmgr.cpp:5478) Connected to database
2019-12-04 07:37:01,211 null [INFO] (../src/fwidbmgr.cpp:5480) Manage data for date: 20191203.
2019-12-04 07:37:01,211 null [INFO] (../src/fwidbmgr.cpp:5566) Importing fwi indexes images in database.
2019-12-04 07:37:01,268 null [INFO] (../src/fwidbmgr.cpp:5570) OK --> 20191203 images imported.
2019-12-04 07:37:01,268 null [INFO] (../src/fwidbmgr.cpp:5695) action outimg took about 0 seconds.
2019-12-04 07:37:01,268 null [INFO] (../src/fwidbmgr.cpp:5699) Disconnected from database.
