2018-08-06 05:07:28,222 null [INFO] (../src/fwidbmgr.cpp:5361) fwi db manager
2018-08-06 05:07:28,222 null [INFO] (../src/fwidbmgr.cpp:5365) Program home: /home/meteo/dev/redist/fwidbmgr
2018-08-06 05:07:28,222 null [INFO] (../src/fwidbmgr.cpp:5369) Auto convert: 1
2018-08-06 05:07:28,222 null [INFO] (../src/fwidbmgr.cpp:446) action: in.
2018-08-06 05:07:28,222 null [INFO] (../src/fwidbmgr.cpp:470) date: 20180805.
2018-08-06 05:07:28,223 null [INFO] (../src/fwidbmgr.cpp:322) Try to read: /home/meteo/dev/redist/fwidbmgr/config/fwidbmgr.conf.
2018-08-06 05:07:28,236 null [INFO] (../src/fwidbmgr.cpp:5393) Configuration parsing: OK.
2018-08-06 05:07:28,277 null [INFO] (../src/fwidbmgr.cpp:5478) Connected to database
2018-08-06 05:07:28,277 null [INFO] (../src/fwidbmgr.cpp:5480) Manage data for date: 20180805.
2018-08-06 05:07:28,277 null [INFO] (../src/fwidbmgr.cpp:5536) Importing meteo data in database for day: 20180805.
2018-08-06 05:07:28,284 null [INFO] (/home/meteo/dev/redist/fwidbmgr/include/Grid.h:1595) Configuring grid: snow
2018-08-06 05:07:28,284 null [INFO] (/home/meteo/dev/redist/fwidbmgr/include/Grid.h:1695) Grid snow configured.
2018-08-06 05:07:28,299 null [INFO] (/home/meteo/dev/redist/fwidbmgr/include/Grid.h:1595) Configuring grid: snow_covering
2018-08-06 05:07:28,299 null [INFO] (/home/meteo/dev/redist/fwidbmgr/include/Grid.h:1695) Grid snow_covering configured.
2018-08-06 05:07:28,316 null [INFO] (/home/meteo/dev/redist/fwidbmgr/include/Grid.h:1595) Configuring grid: snow_dissolution
2018-08-06 05:07:28,316 null [INFO] (/home/meteo/dev/redist/fwidbmgr/include/Grid.h:1695) Grid snow_dissolution configured.
2018-08-06 05:07:28,354 null [INFO] (/home/meteo/dev/redist/fwidbmgr/include/Grid.h:1595) Configuring grid: temperature
2018-08-06 05:07:28,355 null [INFO] (/home/meteo/dev/redist/fwidbmgr/include/Grid.h:1695) Grid temperature configured.
2018-08-06 05:07:28,365 null [INFO] (/home/meteo/dev/redist/fwidbmgr/include/Grid.h:1595) Configuring grid: humidity
2018-08-06 05:07:28,366 null [INFO] (/home/meteo/dev/redist/fwidbmgr/include/Grid.h:1695) Grid humidity configured.
2018-08-06 05:07:28,388 null [INFO] (/home/meteo/dev/redist/fwidbmgr/include/Grid.h:1595) Configuring grid: windspeed
2018-08-06 05:07:28,389 null [INFO] (/home/meteo/dev/redist/fwidbmgr/include/Grid.h:1695) Grid windspeed configured.
2018-08-06 05:07:28,448 null [INFO] (/home/meteo/dev/redist/fwidbmgr/include/Grid.h:1595) Configuring grid: rain
2018-08-06 05:07:28,448 null [INFO] (/home/meteo/dev/redist/fwidbmgr/include/Grid.h:1695) Grid rain configured.
2018-08-06 05:07:28,455 null [INFO] (/home/meteo/dev/redist/fwidbmgr/include/Grid.h:1595) Configuring grid: cum_rain
2018-08-06 05:07:28,455 null [INFO] (/home/meteo/dev/redist/fwidbmgr/include/Grid.h:1695) Grid cum_rain configured.
2018-08-06 05:07:38,412 null [INFO] (../src/fwidbmgr.cpp:1518) Storing meteo input ...
2018-08-06 05:08:19,132 null [INFO] (../src/fwidbmgr.cpp:5540) OK --> 20180805 data imported.
2018-08-06 05:08:19,200 null [INFO] (../src/fwidbmgr.cpp:5695) action in took about 51 seconds.
2018-08-06 05:08:19,405 null [INFO] (../src/fwidbmgr.cpp:5699) Disconnected from database.
2018-08-06 05:10:21,773 null [INFO] (../src/fwidbmgr.cpp:5361) fwi db manager
2018-08-06 05:10:21,773 null [INFO] (../src/fwidbmgr.cpp:5365) Program home: /home/meteo/dev/redist/fwidbmgr
2018-08-06 05:10:21,773 null [INFO] (../src/fwidbmgr.cpp:5369) Auto convert: 1
2018-08-06 05:10:21,773 null [INFO] (../src/fwidbmgr.cpp:446) action: out.
2018-08-06 05:10:21,773 null [INFO] (../src/fwidbmgr.cpp:470) date: 20180805.
2018-08-06 05:10:21,773 null [INFO] (../src/fwidbmgr.cpp:322) Try to read: /home/meteo/dev/redist/fwidbmgr/config/fwidbmgr.conf.
2018-08-06 05:10:21,782 null [INFO] (../src/fwidbmgr.cpp:5393) Configuration parsing: OK.
2018-08-06 05:10:21,808 null [INFO] (../src/fwidbmgr.cpp:5478) Connected to database
2018-08-06 05:10:21,808 null [INFO] (../src/fwidbmgr.cpp:5480) Manage data for date: 20180805.
2018-08-06 05:10:21,808 null [INFO] (../src/fwidbmgr.cpp:5551) Importing fwi indexes data in database for day: 20180805.
2018-08-06 05:10:21,823 null [INFO] (/home/meteo/dev/redist/fwidbmgr/include/Grid.h:1595) Configuring grid: isi
2018-08-06 05:10:21,823 null [INFO] (/home/meteo/dev/redist/fwidbmgr/include/Grid.h:1695) Grid isi configured.
2018-08-06 05:10:21,859 null [INFO] (/home/meteo/dev/redist/fwidbmgr/include/Grid.h:1595) Configuring grid: fwi
2018-08-06 05:10:21,859 null [INFO] (/home/meteo/dev/redist/fwidbmgr/include/Grid.h:1695) Grid fwi configured.
2018-08-06 05:10:21,893 null [INFO] (/home/meteo/dev/redist/fwidbmgr/include/Grid.h:1595) Configuring grid: ffmc
2018-08-06 05:10:21,893 null [INFO] (/home/meteo/dev/redist/fwidbmgr/include/Grid.h:1695) Grid ffmc configured.
2018-08-06 05:10:21,923 null [INFO] (/home/meteo/dev/redist/fwidbmgr/include/Grid.h:1595) Configuring grid: dmc
2018-08-06 05:10:21,924 null [INFO] (/home/meteo/dev/redist/fwidbmgr/include/Grid.h:1695) Grid dmc configured.
2018-08-06 05:10:21,955 null [INFO] (/home/meteo/dev/redist/fwidbmgr/include/Grid.h:1595) Configuring grid: dc
2018-08-06 05:10:21,955 null [INFO] (/home/meteo/dev/redist/fwidbmgr/include/Grid.h:1695) Grid dc configured.
2018-08-06 05:10:21,994 null [INFO] (/home/meteo/dev/redist/fwidbmgr/include/Grid.h:1595) Configuring grid: bui
2018-08-06 05:10:21,994 null [INFO] (/home/meteo/dev/redist/fwidbmgr/include/Grid.h:1695) Grid bui configured.
2018-08-06 05:10:22,042 null [INFO] (/home/meteo/dev/redist/fwidbmgr/include/Grid.h:1595) Configuring grid: ffmc_tmp
2018-08-06 05:10:22,043 null [INFO] (/home/meteo/dev/redist/fwidbmgr/include/Grid.h:1695) Grid ffmc_tmp configured.
2018-08-06 05:10:22,102 null [INFO] (/home/meteo/dev/redist/fwidbmgr/include/Grid.h:1595) Configuring grid: dmc_tmp
2018-08-06 05:10:22,103 null [INFO] (/home/meteo/dev/redist/fwidbmgr/include/Grid.h:1695) Grid dmc_tmp configured.
2018-08-06 05:10:22,147 null [INFO] (/home/meteo/dev/redist/fwidbmgr/include/Grid.h:1595) Configuring grid: dc_tmp
2018-08-06 05:10:22,147 null [INFO] (/home/meteo/dev/redist/fwidbmgr/include/Grid.h:1695) Grid dc_tmp configured.
2018-08-06 05:10:22,198 null [INFO] (/home/meteo/dev/redist/fwidbmgr/include/Grid.h:1595) Configuring grid: idi
2018-08-06 05:10:22,198 null [INFO] (/home/meteo/dev/redist/fwidbmgr/include/Grid.h:1695) Grid idi configured.
2018-08-06 05:10:30,877 null [INFO] (../src/fwidbmgr.cpp:2081) Storing FWI indexes ...
2018-08-06 05:11:03,814 null [INFO] (../src/fwidbmgr.cpp:5555) OK --> 20180805 data imported.
2018-08-06 05:11:03,814 null [INFO] (../src/fwidbmgr.cpp:5695) action out took about 42 seconds.
2018-08-06 05:11:03,816 null [INFO] (../src/fwidbmgr.cpp:5699) Disconnected from database.
2018-08-06 05:11:04,121 null [INFO] (../src/fwidbmgr.cpp:5361) fwi db manager
2018-08-06 05:11:04,121 null [INFO] (../src/fwidbmgr.cpp:5365) Program home: /home/meteo/dev/redist/fwidbmgr
2018-08-06 05:11:04,122 null [INFO] (../src/fwidbmgr.cpp:5369) Auto convert: 1
2018-08-06 05:11:04,122 null [INFO] (../src/fwidbmgr.cpp:446) action: computeidx.
2018-08-06 05:11:04,122 null [INFO] (../src/fwidbmgr.cpp:470) date: 20180805.
2018-08-06 05:11:04,122 null [INFO] (../src/fwidbmgr.cpp:322) Try to read: /home/meteo/dev/redist/fwidbmgr/config/fwidbmgr.conf.
2018-08-06 05:11:04,131 null [INFO] (../src/fwidbmgr.cpp:5393) Configuration parsing: OK.
2018-08-06 05:11:04,156 null [INFO] (../src/fwidbmgr.cpp:5478) Connected to database
2018-08-06 05:11:04,156 null [INFO] (../src/fwidbmgr.cpp:5480) Manage data for date: 20180805.
2018-08-06 05:11:04,157 null [INFO] (../src/fwidbmgr.cpp:5656) Computing indexes.
2018-08-06 05:11:04,160 null [INFO] (/home/meteo/dev/redist/fwidbmgr/include/Grid.h:1595) Configuring grid: isi
2018-08-06 05:11:04,160 null [INFO] (/home/meteo/dev/redist/fwidbmgr/include/Grid.h:1695) Grid isi configured.
2018-08-06 05:11:04,163 null [INFO] (/home/meteo/dev/redist/fwidbmgr/include/Grid.h:1595) Configuring grid: fwi
2018-08-06 05:11:04,163 null [INFO] (/home/meteo/dev/redist/fwidbmgr/include/Grid.h:1695) Grid fwi configured.
2018-08-06 05:11:04,166 null [INFO] (/home/meteo/dev/redist/fwidbmgr/include/Grid.h:1595) Configuring grid: ffmc
2018-08-06 05:11:04,166 null [INFO] (/home/meteo/dev/redist/fwidbmgr/include/Grid.h:1695) Grid ffmc configured.
2018-08-06 05:11:04,169 null [INFO] (/home/meteo/dev/redist/fwidbmgr/include/Grid.h:1595) Configuring grid: dmc
2018-08-06 05:11:04,169 null [INFO] (/home/meteo/dev/redist/fwidbmgr/include/Grid.h:1695) Grid dmc configured.
2018-08-06 05:11:04,172 null [INFO] (/home/meteo/dev/redist/fwidbmgr/include/Grid.h:1595) Configuring grid: dc
2018-08-06 05:11:04,172 null [INFO] (/home/meteo/dev/redist/fwidbmgr/include/Grid.h:1695) Grid dc configured.
2018-08-06 05:11:04,175 null [INFO] (/home/meteo/dev/redist/fwidbmgr/include/Grid.h:1595) Configuring grid: bui
2018-08-06 05:11:04,175 null [INFO] (/home/meteo/dev/redist/fwidbmgr/include/Grid.h:1695) Grid bui configured.
2018-08-06 05:11:04,178 null [INFO] (/home/meteo/dev/redist/fwidbmgr/include/Grid.h:1595) Configuring grid: ffmc_tmp
2018-08-06 05:11:04,178 null [INFO] (/home/meteo/dev/redist/fwidbmgr/include/Grid.h:1695) Grid ffmc_tmp configured.
2018-08-06 05:11:04,181 null [INFO] (/home/meteo/dev/redist/fwidbmgr/include/Grid.h:1595) Configuring grid: dmc_tmp
2018-08-06 05:11:04,181 null [INFO] (/home/meteo/dev/redist/fwidbmgr/include/Grid.h:1695) Grid dmc_tmp configured.
2018-08-06 05:11:04,183 null [INFO] (/home/meteo/dev/redist/fwidbmgr/include/Grid.h:1595) Configuring grid: dc_tmp
2018-08-06 05:11:04,184 null [INFO] (/home/meteo/dev/redist/fwidbmgr/include/Grid.h:1695) Grid dc_tmp configured.
2018-08-06 05:11:04,186 null [INFO] (/home/meteo/dev/redist/fwidbmgr/include/Grid.h:1595) Configuring grid: idi
2018-08-06 05:11:04,187 null [INFO] (/home/meteo/dev/redist/fwidbmgr/include/Grid.h:1695) Grid idi configured.
2018-08-06 05:11:04,189 null [INFO] (/home/meteo/dev/redist/fwidbmgr/include/Grid.h:1595) Configuring grid: angstrom
2018-08-06 05:11:04,189 null [INFO] (/home/meteo/dev/redist/fwidbmgr/include/Grid.h:1695) Grid angstrom configured.
2018-08-06 05:11:04,192 null [INFO] (/home/meteo/dev/redist/fwidbmgr/include/Grid.h:1595) Configuring grid: fmi
2018-08-06 05:11:04,192 null [INFO] (/home/meteo/dev/redist/fwidbmgr/include/Grid.h:1695) Grid fmi configured.
2018-08-06 05:11:04,195 null [INFO] (/home/meteo/dev/redist/fwidbmgr/include/Grid.h:1595) Configuring grid: sharples
2018-08-06 05:11:04,195 null [INFO] (/home/meteo/dev/redist/fwidbmgr/include/Grid.h:1695) Grid sharples configured.
2018-08-06 05:11:13,575 null [INFO] (/home/meteo/dev/redist/fwidbmgr/include/Grid.h:1595) Configuring grid: snow
2018-08-06 05:11:13,576 null [INFO] (/home/meteo/dev/redist/fwidbmgr/include/Grid.h:1695) Grid snow configured.
2018-08-06 05:11:13,576 null [INFO] (/home/meteo/dev/redist/fwidbmgr/include/Grid.h:1595) Configuring grid: snow_covering
2018-08-06 05:11:13,576 null [INFO] (/home/meteo/dev/redist/fwidbmgr/include/Grid.h:1695) Grid snow_covering configured.
2018-08-06 05:11:13,576 null [INFO] (/home/meteo/dev/redist/fwidbmgr/include/Grid.h:1595) Configuring grid: snow_dissolution
2018-08-06 05:11:13,576 null [INFO] (/home/meteo/dev/redist/fwidbmgr/include/Grid.h:1695) Grid snow_dissolution configured.
2018-08-06 05:11:13,576 null [INFO] (/home/meteo/dev/redist/fwidbmgr/include/Grid.h:1595) Configuring grid: temperature
2018-08-06 05:11:13,577 null [INFO] (/home/meteo/dev/redist/fwidbmgr/include/Grid.h:1695) Grid temperature configured.
2018-08-06 05:11:13,577 null [INFO] (/home/meteo/dev/redist/fwidbmgr/include/Grid.h:1595) Configuring grid: humidity
2018-08-06 05:11:13,577 null [INFO] (/home/meteo/dev/redist/fwidbmgr/include/Grid.h:1695) Grid humidity configured.
2018-08-06 05:11:13,577 null [INFO] (/home/meteo/dev/redist/fwidbmgr/include/Grid.h:1595) Configuring grid: windspeed
2018-08-06 05:11:13,578 null [INFO] (/home/meteo/dev/redist/fwidbmgr/include/Grid.h:1695) Grid windspeed configured.
2018-08-06 05:11:13,578 null [INFO] (/home/meteo/dev/redist/fwidbmgr/include/Grid.h:1595) Configuring grid: rain
2018-08-06 05:11:13,578 null [INFO] (/home/meteo/dev/redist/fwidbmgr/include/Grid.h:1695) Grid rain configured.
2018-08-06 05:11:13,578 null [INFO] (/home/meteo/dev/redist/fwidbmgr/include/Grid.h:1595) Configuring grid: cum_rain
2018-08-06 05:11:13,579 null [INFO] (/home/meteo/dev/redist/fwidbmgr/include/Grid.h:1695) Grid cum_rain configured.
2018-08-06 05:13:51,978 null [INFO] (../src/fwidbmgr.cpp:5660) OK --> 20180805 indexes computed.
2018-08-06 05:13:51,979 null [INFO] (../src/fwidbmgr.cpp:5695) action computeidx took about 167 seconds.
2018-08-06 05:13:51,979 null [INFO] (../src/fwidbmgr.cpp:5699) Disconnected from database.
2018-08-06 05:13:52,230 null [INFO] (../src/fwidbmgr.cpp:5361) fwi db manager
2018-08-06 05:13:52,230 null [INFO] (../src/fwidbmgr.cpp:5365) Program home: /home/meteo/dev/redist/fwidbmgr
2018-08-06 05:13:52,230 null [INFO] (../src/fwidbmgr.cpp:5369) Auto convert: 1
2018-08-06 05:13:52,230 null [INFO] (../src/fwidbmgr.cpp:446) action: exportidx.
2018-08-06 05:13:52,230 null [INFO] (../src/fwidbmgr.cpp:470) date: 20180805.
2018-08-06 05:13:52,230 null [INFO] (../src/fwidbmgr.cpp:322) Try to read: /home/meteo/dev/redist/fwidbmgr/config/fwidbmgr.conf.
2018-08-06 05:13:52,238 null [INFO] (../src/fwidbmgr.cpp:5393) Configuration parsing: OK.
2018-08-06 05:13:52,251 null [INFO] (../src/fwidbmgr.cpp:5478) Connected to database
2018-08-06 05:13:52,252 null [INFO] (../src/fwidbmgr.cpp:5480) Manage data for date: 20180805.
2018-08-06 05:13:52,252 null [INFO] (../src/fwidbmgr.cpp:5596) Exporting indexes.
2018-08-06 05:13:52,253 null [INFO] (/home/meteo/dev/redist/fwidbmgr/include/Grid.h:1595) Configuring grid: isi
2018-08-06 05:13:52,253 null [INFO] (/home/meteo/dev/redist/fwidbmgr/include/Grid.h:1695) Grid isi configured.
2018-08-06 05:13:52,255 null [INFO] (/home/meteo/dev/redist/fwidbmgr/include/Grid.h:1595) Configuring grid: fwi
2018-08-06 05:13:52,255 null [INFO] (/home/meteo/dev/redist/fwidbmgr/include/Grid.h:1695) Grid fwi configured.
2018-08-06 05:13:52,274 null [INFO] (/home/meteo/dev/redist/fwidbmgr/include/Grid.h:1595) Configuring grid: ffmc
2018-08-06 05:13:52,274 null [INFO] (/home/meteo/dev/redist/fwidbmgr/include/Grid.h:1695) Grid ffmc configured.
2018-08-06 05:13:52,277 null [INFO] (/home/meteo/dev/redist/fwidbmgr/include/Grid.h:1595) Configuring grid: dmc
2018-08-06 05:13:52,277 null [INFO] (/home/meteo/dev/redist/fwidbmgr/include/Grid.h:1695) Grid dmc configured.
2018-08-06 05:13:52,279 null [INFO] (/home/meteo/dev/redist/fwidbmgr/include/Grid.h:1595) Configuring grid: dc
2018-08-06 05:13:52,280 null [INFO] (/home/meteo/dev/redist/fwidbmgr/include/Grid.h:1695) Grid dc configured.
2018-08-06 05:13:52,282 null [INFO] (/home/meteo/dev/redist/fwidbmgr/include/Grid.h:1595) Configuring grid: bui
2018-08-06 05:13:52,282 null [INFO] (/home/meteo/dev/redist/fwidbmgr/include/Grid.h:1695) Grid bui configured.
2018-08-06 05:13:52,285 null [INFO] (/home/meteo/dev/redist/fwidbmgr/include/Grid.h:1595) Configuring grid: ffmc_tmp
2018-08-06 05:13:52,285 null [INFO] (/home/meteo/dev/redist/fwidbmgr/include/Grid.h:1695) Grid ffmc_tmp configured.
2018-08-06 05:13:52,288 null [INFO] (/home/meteo/dev/redist/fwidbmgr/include/Grid.h:1595) Configuring grid: dmc_tmp
2018-08-06 05:13:52,288 null [INFO] (/home/meteo/dev/redist/fwidbmgr/include/Grid.h:1695) Grid dmc_tmp configured.
2018-08-06 05:13:52,291 null [INFO] (/home/meteo/dev/redist/fwidbmgr/include/Grid.h:1595) Configuring grid: dc_tmp
2018-08-06 05:13:52,291 null [INFO] (/home/meteo/dev/redist/fwidbmgr/include/Grid.h:1695) Grid dc_tmp configured.
2018-08-06 05:13:52,294 null [INFO] (/home/meteo/dev/redist/fwidbmgr/include/Grid.h:1595) Configuring grid: idi
2018-08-06 05:13:52,294 null [INFO] (/home/meteo/dev/redist/fwidbmgr/include/Grid.h:1695) Grid idi configured.
2018-08-06 05:13:52,296 null [INFO] (/home/meteo/dev/redist/fwidbmgr/include/Grid.h:1595) Configuring grid: angstrom
2018-08-06 05:13:52,297 null [INFO] (/home/meteo/dev/redist/fwidbmgr/include/Grid.h:1695) Grid angstrom configured.
2018-08-06 05:13:52,299 null [INFO] (/home/meteo/dev/redist/fwidbmgr/include/Grid.h:1595) Configuring grid: fmi
2018-08-06 05:13:52,299 null [INFO] (/home/meteo/dev/redist/fwidbmgr/include/Grid.h:1695) Grid fmi configured.
2018-08-06 05:13:52,302 null [INFO] (/home/meteo/dev/redist/fwidbmgr/include/Grid.h:1595) Configuring grid: sharples
2018-08-06 05:13:52,302 null [INFO] (/home/meteo/dev/redist/fwidbmgr/include/Grid.h:1695) Grid sharples configured.
2018-08-06 05:14:00,594 null [INFO] (/home/meteo/dev/redist/fwidbmgr/include/Grid.h:1595) Configuring grid: isi
2018-08-06 05:14:00,594 null [INFO] (/home/meteo/dev/redist/fwidbmgr/include/Grid.h:1695) Grid isi configured.
2018-08-06 05:14:00,703 null [INFO] (/home/meteo/dev/redist/fwidbmgr/include/Grid.h:1595) Configuring grid: fwi
2018-08-06 05:14:00,703 null [INFO] (/home/meteo/dev/redist/fwidbmgr/include/Grid.h:1695) Grid fwi configured.
2018-08-06 05:14:00,800 null [INFO] (/home/meteo/dev/redist/fwidbmgr/include/Grid.h:1595) Configuring grid: ffmc
2018-08-06 05:14:00,800 null [INFO] (/home/meteo/dev/redist/fwidbmgr/include/Grid.h:1695) Grid ffmc configured.
2018-08-06 05:14:00,883 null [INFO] (/home/meteo/dev/redist/fwidbmgr/include/Grid.h:1595) Configuring grid: dmc
2018-08-06 05:14:00,883 null [INFO] (/home/meteo/dev/redist/fwidbmgr/include/Grid.h:1695) Grid dmc configured.
2018-08-06 05:14:00,963 null [INFO] (/home/meteo/dev/redist/fwidbmgr/include/Grid.h:1595) Configuring grid: dc
2018-08-06 05:14:00,963 null [INFO] (/home/meteo/dev/redist/fwidbmgr/include/Grid.h:1695) Grid dc configured.
2018-08-06 05:14:01,040 null [INFO] (/home/meteo/dev/redist/fwidbmgr/include/Grid.h:1595) Configuring grid: bui
2018-08-06 05:14:01,040 null [INFO] (/home/meteo/dev/redist/fwidbmgr/include/Grid.h:1695) Grid bui configured.
2018-08-06 05:14:01,078 null [INFO] (/home/meteo/dev/redist/fwidbmgr/include/Grid.h:1595) Configuring grid: ffmc_tmp
2018-08-06 05:14:01,078 null [INFO] (/home/meteo/dev/redist/fwidbmgr/include/Grid.h:1695) Grid ffmc_tmp configured.
2018-08-06 05:14:01,114 null [INFO] (/home/meteo/dev/redist/fwidbmgr/include/Grid.h:1595) Configuring grid: dmc_tmp
2018-08-06 05:14:01,114 null [INFO] (/home/meteo/dev/redist/fwidbmgr/include/Grid.h:1695) Grid dmc_tmp configured.
2018-08-06 05:14:01,149 null [INFO] (/home/meteo/dev/redist/fwidbmgr/include/Grid.h:1595) Configuring grid: dc_tmp
2018-08-06 05:14:01,149 null [INFO] (/home/meteo/dev/redist/fwidbmgr/include/Grid.h:1695) Grid dc_tmp configured.
2018-08-06 05:14:01,185 null [INFO] (/home/meteo/dev/redist/fwidbmgr/include/Grid.h:1595) Configuring grid: angstrom
2018-08-06 05:14:01,185 null [INFO] (/home/meteo/dev/redist/fwidbmgr/include/Grid.h:1695) Grid angstrom configured.
2018-08-06 05:14:01,254 null [INFO] (/home/meteo/dev/redist/fwidbmgr/include/Grid.h:1595) Configuring grid: sharples
2018-08-06 05:14:01,254 null [INFO] (/home/meteo/dev/redist/fwidbmgr/include/Grid.h:1695) Grid sharples configured.
2018-08-06 05:14:01,315 null [INFO] (/home/meteo/dev/redist/fwidbmgr/include/Grid.h:1595) Configuring grid: fmi
2018-08-06 05:14:01,316 null [INFO] (/home/meteo/dev/redist/fwidbmgr/include/Grid.h:1695) Grid fmi configured.
2018-08-06 05:14:01,363 null [INFO] (../src/fwidbmgr.cpp:5600) OK --> 20180805 indexes exported to files.
2018-08-06 05:14:01,363 null [INFO] (../src/fwidbmgr.cpp:5695) action exportidx took about 9 seconds.
2018-08-06 05:14:01,363 null [INFO] (../src/fwidbmgr.cpp:5699) Disconnected from database.
2018-08-06 05:14:46,294 null [INFO] (../src/fwidbmgr.cpp:5361) fwi db manager
2018-08-06 05:14:46,294 null [INFO] (../src/fwidbmgr.cpp:5365) Program home: /home/meteo/dev/redist/fwidbmgr
2018-08-06 05:14:46,294 null [INFO] (../src/fwidbmgr.cpp:5369) Auto convert: 1
2018-08-06 05:14:46,294 null [INFO] (../src/fwidbmgr.cpp:446) action: outimg.
2018-08-06 05:14:46,294 null [INFO] (../src/fwidbmgr.cpp:470) date: 20180805.
2018-08-06 05:14:46,294 null [INFO] (../src/fwidbmgr.cpp:322) Try to read: /home/meteo/dev/redist/fwidbmgr/config/fwidbmgr.conf.
2018-08-06 05:14:46,304 null [INFO] (../src/fwidbmgr.cpp:5393) Configuration parsing: OK.
2018-08-06 05:14:46,315 null [INFO] (../src/fwidbmgr.cpp:5478) Connected to database
2018-08-06 05:14:46,315 null [INFO] (../src/fwidbmgr.cpp:5480) Manage data for date: 20180805.
2018-08-06 05:14:46,315 null [INFO] (../src/fwidbmgr.cpp:5566) Importing fwi indexes images in database.
2018-08-06 05:14:46,498 null [INFO] (../src/fwidbmgr.cpp:5570) OK --> 20180805 images imported.
2018-08-06 05:14:46,499 null [INFO] (../src/fwidbmgr.cpp:5695) action outimg took about 0 seconds.
2018-08-06 05:14:46,499 null [INFO] (../src/fwidbmgr.cpp:5699) Disconnected from database.
2018-08-06 05:37:01,310 null [INFO] (../src/fwidbmgr.cpp:5361) fwi db manager
2018-08-06 05:37:01,310 null [INFO] (../src/fwidbmgr.cpp:5365) Program home: /home/meteo/dev/redist/fwidbmgr
2018-08-06 05:37:01,310 null [INFO] (../src/fwidbmgr.cpp:5369) Auto convert: 1
2018-08-06 05:37:01,311 null [INFO] (../src/fwidbmgr.cpp:446) action: outimg.
2018-08-06 05:37:01,311 null [INFO] (../src/fwidbmgr.cpp:470) date: 20180805.
2018-08-06 05:37:01,311 null [INFO] (../src/fwidbmgr.cpp:322) Try to read: /home/meteo/dev/redist/fwidbmgr/config/fwidbmgr.conf.
2018-08-06 05:37:01,315 null [INFO] (../src/fwidbmgr.cpp:5393) Configuration parsing: OK.
2018-08-06 05:37:01,341 null [INFO] (../src/fwidbmgr.cpp:5478) Connected to database
2018-08-06 05:37:01,341 null [INFO] (../src/fwidbmgr.cpp:5480) Manage data for date: 20180805.
2018-08-06 05:37:01,341 null [INFO] (../src/fwidbmgr.cpp:5566) Importing fwi indexes images in database.
2018-08-06 05:37:01,520 null [INFO] (../src/fwidbmgr.cpp:5570) OK --> 20180805 images imported.
2018-08-06 05:37:01,520 null [INFO] (../src/fwidbmgr.cpp:5695) action outimg took about 0 seconds.
2018-08-06 05:37:01,520 null [INFO] (../src/fwidbmgr.cpp:5699) Disconnected from database.
2018-08-06 06:05:01,793 null [INFO] (../src/fwidbmgr.cpp:5361) fwi db manager
2018-08-06 06:05:01,793 null [INFO] (../src/fwidbmgr.cpp:5365) Program home: /home/meteo/dev/redist/fwidbmgr
2018-08-06 06:05:01,794 null [INFO] (../src/fwidbmgr.cpp:5369) Auto convert: 1
2018-08-06 06:05:01,794 null [INFO] (../src/fwidbmgr.cpp:446) action: outimg.
2018-08-06 06:05:01,794 null [INFO] (../src/fwidbmgr.cpp:470) date: 20180805.
2018-08-06 06:05:01,794 null [INFO] (../src/fwidbmgr.cpp:322) Try to read: /home/meteo/dev/redist/fwidbmgr/config/fwidbmgr.conf.
2018-08-06 06:05:01,798 null [INFO] (../src/fwidbmgr.cpp:5393) Configuration parsing: OK.
2018-08-06 06:05:01,806 null [INFO] (../src/fwidbmgr.cpp:5478) Connected to database
2018-08-06 06:05:01,806 null [INFO] (../src/fwidbmgr.cpp:5480) Manage data for date: 20180805.
2018-08-06 06:05:01,806 null [INFO] (../src/fwidbmgr.cpp:5566) Importing fwi indexes images in database.
2018-08-06 06:05:01,984 null [INFO] (../src/fwidbmgr.cpp:5570) OK --> 20180805 images imported.
2018-08-06 06:05:01,984 null [INFO] (../src/fwidbmgr.cpp:5695) action outimg took about 0 seconds.
2018-08-06 06:05:01,985 null [INFO] (../src/fwidbmgr.cpp:5699) Disconnected from database.
2018-08-06 06:37:01,273 null [INFO] (../src/fwidbmgr.cpp:5361) fwi db manager
2018-08-06 06:37:01,274 null [INFO] (../src/fwidbmgr.cpp:5365) Program home: /home/meteo/dev/redist/fwidbmgr
2018-08-06 06:37:01,274 null [INFO] (../src/fwidbmgr.cpp:5369) Auto convert: 1
2018-08-06 06:37:01,274 null [INFO] (../src/fwidbmgr.cpp:446) action: outimg.
2018-08-06 06:37:01,274 null [INFO] (../src/fwidbmgr.cpp:470) date: 20180805.
2018-08-06 06:37:01,274 null [INFO] (../src/fwidbmgr.cpp:322) Try to read: /home/meteo/dev/redist/fwidbmgr/config/fwidbmgr.conf.
2018-08-06 06:37:01,278 null [INFO] (../src/fwidbmgr.cpp:5393) Configuration parsing: OK.
2018-08-06 06:37:01,289 null [INFO] (../src/fwidbmgr.cpp:5478) Connected to database
2018-08-06 06:37:01,289 null [INFO] (../src/fwidbmgr.cpp:5480) Manage data for date: 20180805.
2018-08-06 06:37:01,289 null [INFO] (../src/fwidbmgr.cpp:5566) Importing fwi indexes images in database.
2018-08-06 06:37:01,429 null [INFO] (../src/fwidbmgr.cpp:5570) OK --> 20180805 images imported.
2018-08-06 06:37:01,429 null [INFO] (../src/fwidbmgr.cpp:5695) action outimg took about 0 seconds.
2018-08-06 06:37:01,429 null [INFO] (../src/fwidbmgr.cpp:5699) Disconnected from database.
2018-08-06 07:05:01,723 null [INFO] (../src/fwidbmgr.cpp:5361) fwi db manager
2018-08-06 07:05:01,723 null [INFO] (../src/fwidbmgr.cpp:5365) Program home: /home/meteo/dev/redist/fwidbmgr
2018-08-06 07:05:01,724 null [INFO] (../src/fwidbmgr.cpp:5369) Auto convert: 1
2018-08-06 07:05:01,724 null [INFO] (../src/fwidbmgr.cpp:446) action: outimg.
2018-08-06 07:05:01,724 null [INFO] (../src/fwidbmgr.cpp:470) date: 20180805.
2018-08-06 07:05:01,724 null [INFO] (../src/fwidbmgr.cpp:322) Try to read: /home/meteo/dev/redist/fwidbmgr/config/fwidbmgr.conf.
2018-08-06 07:05:01,735 null [INFO] (../src/fwidbmgr.cpp:5393) Configuration parsing: OK.
2018-08-06 07:05:01,753 null [INFO] (../src/fwidbmgr.cpp:5478) Connected to database
2018-08-06 07:05:01,753 null [INFO] (../src/fwidbmgr.cpp:5480) Manage data for date: 20180805.
2018-08-06 07:05:01,753 null [INFO] (../src/fwidbmgr.cpp:5566) Importing fwi indexes images in database.
2018-08-06 07:05:01,962 null [INFO] (../src/fwidbmgr.cpp:5570) OK --> 20180805 images imported.
2018-08-06 07:05:01,962 null [INFO] (../src/fwidbmgr.cpp:5695) action outimg took about 0 seconds.
2018-08-06 07:05:01,963 null [INFO] (../src/fwidbmgr.cpp:5699) Disconnected from database.
2018-08-06 07:37:01,490 null [INFO] (../src/fwidbmgr.cpp:5361) fwi db manager
2018-08-06 07:37:01,490 null [INFO] (../src/fwidbmgr.cpp:5365) Program home: /home/meteo/dev/redist/fwidbmgr
2018-08-06 07:37:01,491 null [INFO] (../src/fwidbmgr.cpp:5369) Auto convert: 1
2018-08-06 07:37:01,491 null [INFO] (../src/fwidbmgr.cpp:446) action: outimg.
2018-08-06 07:37:01,491 null [INFO] (../src/fwidbmgr.cpp:470) date: 20180805.
2018-08-06 07:37:01,491 null [INFO] (../src/fwidbmgr.cpp:322) Try to read: /home/meteo/dev/redist/fwidbmgr/config/fwidbmgr.conf.
2018-08-06 07:37:01,499 null [INFO] (../src/fwidbmgr.cpp:5393) Configuration parsing: OK.
2018-08-06 07:37:01,529 null [INFO] (../src/fwidbmgr.cpp:5478) Connected to database
2018-08-06 07:37:01,529 null [INFO] (../src/fwidbmgr.cpp:5480) Manage data for date: 20180805.
2018-08-06 07:37:01,530 null [INFO] (../src/fwidbmgr.cpp:5566) Importing fwi indexes images in database.
2018-08-06 07:37:01,735 null [INFO] (../src/fwidbmgr.cpp:5570) OK --> 20180805 images imported.
2018-08-06 07:37:01,735 null [INFO] (../src/fwidbmgr.cpp:5695) action outimg took about 0 seconds.
2018-08-06 07:37:01,736 null [INFO] (../src/fwidbmgr.cpp:5699) Disconnected from database.
