2018-06-22 05:07:10,921 null [INFO] (../src/fwidbmgr.cpp:5361) fwi db manager
2018-06-22 05:07:10,922 null [INFO] (../src/fwidbmgr.cpp:5365) Program home: /home/meteo/dev/redist/fwidbmgr
2018-06-22 05:07:10,922 null [INFO] (../src/fwidbmgr.cpp:5369) Auto convert: 1
2018-06-22 05:07:10,922 null [INFO] (../src/fwidbmgr.cpp:446) action: in.
2018-06-22 05:07:10,922 null [INFO] (../src/fwidbmgr.cpp:470) date: 20180621.
2018-06-22 05:07:10,922 null [INFO] (../src/fwidbmgr.cpp:322) Try to read: /home/meteo/dev/redist/fwidbmgr/config/fwidbmgr.conf.
2018-06-22 05:07:10,939 null [INFO] (../src/fwidbmgr.cpp:5393) Configuration parsing: OK.
2018-06-22 05:07:10,975 null [INFO] (../src/fwidbmgr.cpp:5478) Connected to database
2018-06-22 05:07:10,975 null [INFO] (../src/fwidbmgr.cpp:5480) Manage data for date: 20180621.
2018-06-22 05:07:10,975 null [INFO] (../src/fwidbmgr.cpp:5536) Importing meteo data in database for day: 20180621.
2018-06-22 05:07:10,987 null [INFO] (/home/meteo/dev/redist/fwidbmgr/include/Grid.h:1595) Configuring grid: snow
2018-06-22 05:07:10,987 null [INFO] (/home/meteo/dev/redist/fwidbmgr/include/Grid.h:1695) Grid snow configured.
2018-06-22 05:07:11,011 null [INFO] (/home/meteo/dev/redist/fwidbmgr/include/Grid.h:1595) Configuring grid: snow_covering
2018-06-22 05:07:11,011 null [INFO] (/home/meteo/dev/redist/fwidbmgr/include/Grid.h:1695) Grid snow_covering configured.
2018-06-22 05:07:11,051 null [INFO] (/home/meteo/dev/redist/fwidbmgr/include/Grid.h:1595) Configuring grid: snow_dissolution
2018-06-22 05:07:11,055 null [INFO] (/home/meteo/dev/redist/fwidbmgr/include/Grid.h:1695) Grid snow_dissolution configured.
2018-06-22 05:07:11,108 null [INFO] (/home/meteo/dev/redist/fwidbmgr/include/Grid.h:1595) Configuring grid: temperature
2018-06-22 05:07:11,108 null [INFO] (/home/meteo/dev/redist/fwidbmgr/include/Grid.h:1695) Grid temperature configured.
2018-06-22 05:07:11,119 null [INFO] (/home/meteo/dev/redist/fwidbmgr/include/Grid.h:1595) Configuring grid: humidity
2018-06-22 05:07:11,119 null [INFO] (/home/meteo/dev/redist/fwidbmgr/include/Grid.h:1695) Grid humidity configured.
2018-06-22 05:07:11,141 null [INFO] (/home/meteo/dev/redist/fwidbmgr/include/Grid.h:1595) Configuring grid: windspeed
2018-06-22 05:07:11,141 null [INFO] (/home/meteo/dev/redist/fwidbmgr/include/Grid.h:1695) Grid windspeed configured.
2018-06-22 05:07:11,188 null [INFO] (/home/meteo/dev/redist/fwidbmgr/include/Grid.h:1595) Configuring grid: rain
2018-06-22 05:07:11,188 null [INFO] (/home/meteo/dev/redist/fwidbmgr/include/Grid.h:1695) Grid rain configured.
2018-06-22 05:07:11,194 null [INFO] (/home/meteo/dev/redist/fwidbmgr/include/Grid.h:1595) Configuring grid: cum_rain
2018-06-22 05:07:11,194 null [INFO] (/home/meteo/dev/redist/fwidbmgr/include/Grid.h:1695) Grid cum_rain configured.
2018-06-22 05:07:20,346 null [INFO] (../src/fwidbmgr.cpp:1518) Storing meteo input ...
2018-06-22 05:07:52,688 null [INFO] (../src/fwidbmgr.cpp:5540) OK --> 20180621 data imported.
2018-06-22 05:07:52,732 null [INFO] (../src/fwidbmgr.cpp:5695) action in took about 42 seconds.
2018-06-22 05:07:52,935 null [INFO] (../src/fwidbmgr.cpp:5699) Disconnected from database.
2018-06-22 05:09:52,483 null [INFO] (../src/fwidbmgr.cpp:5361) fwi db manager
2018-06-22 05:09:52,483 null [INFO] (../src/fwidbmgr.cpp:5365) Program home: /home/meteo/dev/redist/fwidbmgr
2018-06-22 05:09:52,483 null [INFO] (../src/fwidbmgr.cpp:5369) Auto convert: 1
2018-06-22 05:09:52,483 null [INFO] (../src/fwidbmgr.cpp:446) action: out.
2018-06-22 05:09:52,483 null [INFO] (../src/fwidbmgr.cpp:470) date: 20180621.
2018-06-22 05:09:52,483 null [INFO] (../src/fwidbmgr.cpp:322) Try to read: /home/meteo/dev/redist/fwidbmgr/config/fwidbmgr.conf.
2018-06-22 05:09:52,494 null [INFO] (../src/fwidbmgr.cpp:5393) Configuration parsing: OK.
2018-06-22 05:09:52,516 null [INFO] (../src/fwidbmgr.cpp:5478) Connected to database
2018-06-22 05:09:52,516 null [INFO] (../src/fwidbmgr.cpp:5480) Manage data for date: 20180621.
2018-06-22 05:09:52,516 null [INFO] (../src/fwidbmgr.cpp:5551) Importing fwi indexes data in database for day: 20180621.
2018-06-22 05:09:52,523 null [INFO] (/home/meteo/dev/redist/fwidbmgr/include/Grid.h:1595) Configuring grid: isi
2018-06-22 05:09:52,524 null [INFO] (/home/meteo/dev/redist/fwidbmgr/include/Grid.h:1695) Grid isi configured.
2018-06-22 05:09:52,569 null [INFO] (/home/meteo/dev/redist/fwidbmgr/include/Grid.h:1595) Configuring grid: fwi
2018-06-22 05:09:52,569 null [INFO] (/home/meteo/dev/redist/fwidbmgr/include/Grid.h:1695) Grid fwi configured.
2018-06-22 05:09:52,603 null [INFO] (/home/meteo/dev/redist/fwidbmgr/include/Grid.h:1595) Configuring grid: ffmc
2018-06-22 05:09:52,603 null [INFO] (/home/meteo/dev/redist/fwidbmgr/include/Grid.h:1695) Grid ffmc configured.
2018-06-22 05:09:52,638 null [INFO] (/home/meteo/dev/redist/fwidbmgr/include/Grid.h:1595) Configuring grid: dmc
2018-06-22 05:09:52,638 null [INFO] (/home/meteo/dev/redist/fwidbmgr/include/Grid.h:1695) Grid dmc configured.
2018-06-22 05:09:52,667 null [INFO] (/home/meteo/dev/redist/fwidbmgr/include/Grid.h:1595) Configuring grid: dc
2018-06-22 05:09:52,667 null [INFO] (/home/meteo/dev/redist/fwidbmgr/include/Grid.h:1695) Grid dc configured.
2018-06-22 05:09:52,696 null [INFO] (/home/meteo/dev/redist/fwidbmgr/include/Grid.h:1595) Configuring grid: bui
2018-06-22 05:09:52,696 null [INFO] (/home/meteo/dev/redist/fwidbmgr/include/Grid.h:1695) Grid bui configured.
2018-06-22 05:09:52,725 null [INFO] (/home/meteo/dev/redist/fwidbmgr/include/Grid.h:1595) Configuring grid: ffmc_tmp
2018-06-22 05:09:52,725 null [INFO] (/home/meteo/dev/redist/fwidbmgr/include/Grid.h:1695) Grid ffmc_tmp configured.
2018-06-22 05:09:52,778 null [INFO] (/home/meteo/dev/redist/fwidbmgr/include/Grid.h:1595) Configuring grid: dmc_tmp
2018-06-22 05:09:52,778 null [INFO] (/home/meteo/dev/redist/fwidbmgr/include/Grid.h:1695) Grid dmc_tmp configured.
2018-06-22 05:09:52,822 null [INFO] (/home/meteo/dev/redist/fwidbmgr/include/Grid.h:1595) Configuring grid: dc_tmp
2018-06-22 05:09:52,822 null [INFO] (/home/meteo/dev/redist/fwidbmgr/include/Grid.h:1695) Grid dc_tmp configured.
2018-06-22 05:09:52,843 null [INFO] (/home/meteo/dev/redist/fwidbmgr/include/Grid.h:1595) Configuring grid: idi
2018-06-22 05:09:52,843 null [INFO] (/home/meteo/dev/redist/fwidbmgr/include/Grid.h:1695) Grid idi configured.
2018-06-22 05:09:59,160 null [INFO] (../src/fwidbmgr.cpp:2081) Storing FWI indexes ...
2018-06-22 05:10:25,081 null [INFO] (../src/fwidbmgr.cpp:5555) OK --> 20180621 data imported.
2018-06-22 05:10:25,092 null [INFO] (../src/fwidbmgr.cpp:5695) action out took about 33 seconds.
2018-06-22 05:10:25,093 null [INFO] (../src/fwidbmgr.cpp:5699) Disconnected from database.
2018-06-22 05:10:25,621 null [INFO] (../src/fwidbmgr.cpp:5361) fwi db manager
2018-06-22 05:10:25,621 null [INFO] (../src/fwidbmgr.cpp:5365) Program home: /home/meteo/dev/redist/fwidbmgr
2018-06-22 05:10:25,621 null [INFO] (../src/fwidbmgr.cpp:5369) Auto convert: 1
2018-06-22 05:10:25,621 null [INFO] (../src/fwidbmgr.cpp:446) action: computeidx.
2018-06-22 05:10:25,621 null [INFO] (../src/fwidbmgr.cpp:470) date: 20180621.
2018-06-22 05:10:25,621 null [INFO] (../src/fwidbmgr.cpp:322) Try to read: /home/meteo/dev/redist/fwidbmgr/config/fwidbmgr.conf.
2018-06-22 05:10:25,631 null [INFO] (../src/fwidbmgr.cpp:5393) Configuration parsing: OK.
2018-06-22 05:10:25,656 null [INFO] (../src/fwidbmgr.cpp:5478) Connected to database
2018-06-22 05:10:25,656 null [INFO] (../src/fwidbmgr.cpp:5480) Manage data for date: 20180621.
2018-06-22 05:10:25,656 null [INFO] (../src/fwidbmgr.cpp:5656) Computing indexes.
2018-06-22 05:10:25,659 null [INFO] (/home/meteo/dev/redist/fwidbmgr/include/Grid.h:1595) Configuring grid: isi
2018-06-22 05:10:25,660 null [INFO] (/home/meteo/dev/redist/fwidbmgr/include/Grid.h:1695) Grid isi configured.
2018-06-22 05:10:25,663 null [INFO] (/home/meteo/dev/redist/fwidbmgr/include/Grid.h:1595) Configuring grid: fwi
2018-06-22 05:10:25,663 null [INFO] (/home/meteo/dev/redist/fwidbmgr/include/Grid.h:1695) Grid fwi configured.
2018-06-22 05:10:25,665 null [INFO] (/home/meteo/dev/redist/fwidbmgr/include/Grid.h:1595) Configuring grid: ffmc
2018-06-22 05:10:25,671 null [INFO] (/home/meteo/dev/redist/fwidbmgr/include/Grid.h:1695) Grid ffmc configured.
2018-06-22 05:10:25,673 null [INFO] (/home/meteo/dev/redist/fwidbmgr/include/Grid.h:1595) Configuring grid: dmc
2018-06-22 05:10:25,673 null [INFO] (/home/meteo/dev/redist/fwidbmgr/include/Grid.h:1695) Grid dmc configured.
2018-06-22 05:10:25,676 null [INFO] (/home/meteo/dev/redist/fwidbmgr/include/Grid.h:1595) Configuring grid: dc
2018-06-22 05:10:25,676 null [INFO] (/home/meteo/dev/redist/fwidbmgr/include/Grid.h:1695) Grid dc configured.
2018-06-22 05:10:25,685 null [INFO] (/home/meteo/dev/redist/fwidbmgr/include/Grid.h:1595) Configuring grid: bui
2018-06-22 05:10:25,685 null [INFO] (/home/meteo/dev/redist/fwidbmgr/include/Grid.h:1695) Grid bui configured.
2018-06-22 05:10:25,688 null [INFO] (/home/meteo/dev/redist/fwidbmgr/include/Grid.h:1595) Configuring grid: ffmc_tmp
2018-06-22 05:10:25,688 null [INFO] (/home/meteo/dev/redist/fwidbmgr/include/Grid.h:1695) Grid ffmc_tmp configured.
2018-06-22 05:10:25,691 null [INFO] (/home/meteo/dev/redist/fwidbmgr/include/Grid.h:1595) Configuring grid: dmc_tmp
2018-06-22 05:10:25,691 null [INFO] (/home/meteo/dev/redist/fwidbmgr/include/Grid.h:1695) Grid dmc_tmp configured.
2018-06-22 05:10:25,693 null [INFO] (/home/meteo/dev/redist/fwidbmgr/include/Grid.h:1595) Configuring grid: dc_tmp
2018-06-22 05:10:25,694 null [INFO] (/home/meteo/dev/redist/fwidbmgr/include/Grid.h:1695) Grid dc_tmp configured.
2018-06-22 05:10:25,696 null [INFO] (/home/meteo/dev/redist/fwidbmgr/include/Grid.h:1595) Configuring grid: idi
2018-06-22 05:10:25,697 null [INFO] (/home/meteo/dev/redist/fwidbmgr/include/Grid.h:1695) Grid idi configured.
2018-06-22 05:10:25,699 null [INFO] (/home/meteo/dev/redist/fwidbmgr/include/Grid.h:1595) Configuring grid: angstrom
2018-06-22 05:10:25,699 null [INFO] (/home/meteo/dev/redist/fwidbmgr/include/Grid.h:1695) Grid angstrom configured.
2018-06-22 05:10:25,702 null [INFO] (/home/meteo/dev/redist/fwidbmgr/include/Grid.h:1595) Configuring grid: fmi
2018-06-22 05:10:25,702 null [INFO] (/home/meteo/dev/redist/fwidbmgr/include/Grid.h:1695) Grid fmi configured.
2018-06-22 05:10:25,705 null [INFO] (/home/meteo/dev/redist/fwidbmgr/include/Grid.h:1595) Configuring grid: sharples
2018-06-22 05:10:25,705 null [INFO] (/home/meteo/dev/redist/fwidbmgr/include/Grid.h:1695) Grid sharples configured.
2018-06-22 05:10:31,153 null [INFO] (/home/meteo/dev/redist/fwidbmgr/include/Grid.h:1595) Configuring grid: snow
2018-06-22 05:10:31,154 null [INFO] (/home/meteo/dev/redist/fwidbmgr/include/Grid.h:1695) Grid snow configured.
2018-06-22 05:10:31,154 null [INFO] (/home/meteo/dev/redist/fwidbmgr/include/Grid.h:1595) Configuring grid: snow_covering
2018-06-22 05:10:31,154 null [INFO] (/home/meteo/dev/redist/fwidbmgr/include/Grid.h:1695) Grid snow_covering configured.
2018-06-22 05:10:31,154 null [INFO] (/home/meteo/dev/redist/fwidbmgr/include/Grid.h:1595) Configuring grid: snow_dissolution
2018-06-22 05:10:31,154 null [INFO] (/home/meteo/dev/redist/fwidbmgr/include/Grid.h:1695) Grid snow_dissolution configured.
2018-06-22 05:10:31,155 null [INFO] (/home/meteo/dev/redist/fwidbmgr/include/Grid.h:1595) Configuring grid: temperature
2018-06-22 05:10:31,155 null [INFO] (/home/meteo/dev/redist/fwidbmgr/include/Grid.h:1695) Grid temperature configured.
2018-06-22 05:10:31,155 null [INFO] (/home/meteo/dev/redist/fwidbmgr/include/Grid.h:1595) Configuring grid: humidity
2018-06-22 05:10:31,155 null [INFO] (/home/meteo/dev/redist/fwidbmgr/include/Grid.h:1695) Grid humidity configured.
2018-06-22 05:10:31,156 null [INFO] (/home/meteo/dev/redist/fwidbmgr/include/Grid.h:1595) Configuring grid: windspeed
2018-06-22 05:10:31,156 null [INFO] (/home/meteo/dev/redist/fwidbmgr/include/Grid.h:1695) Grid windspeed configured.
2018-06-22 05:10:31,156 null [INFO] (/home/meteo/dev/redist/fwidbmgr/include/Grid.h:1595) Configuring grid: rain
2018-06-22 05:10:31,157 null [INFO] (/home/meteo/dev/redist/fwidbmgr/include/Grid.h:1695) Grid rain configured.
2018-06-22 05:10:31,157 null [INFO] (/home/meteo/dev/redist/fwidbmgr/include/Grid.h:1595) Configuring grid: cum_rain
2018-06-22 05:10:31,157 null [INFO] (/home/meteo/dev/redist/fwidbmgr/include/Grid.h:1695) Grid cum_rain configured.
2018-06-22 05:12:52,712 null [INFO] (../src/fwidbmgr.cpp:5660) OK --> 20180621 indexes computed.
2018-06-22 05:12:52,714 null [INFO] (../src/fwidbmgr.cpp:5695) action computeidx took about 147 seconds.
2018-06-22 05:12:52,714 null [INFO] (../src/fwidbmgr.cpp:5699) Disconnected from database.
2018-06-22 05:12:53,020 null [INFO] (../src/fwidbmgr.cpp:5361) fwi db manager
2018-06-22 05:12:53,020 null [INFO] (../src/fwidbmgr.cpp:5365) Program home: /home/meteo/dev/redist/fwidbmgr
2018-06-22 05:12:53,020 null [INFO] (../src/fwidbmgr.cpp:5369) Auto convert: 1
2018-06-22 05:12:53,021 null [INFO] (../src/fwidbmgr.cpp:446) action: exportidx.
2018-06-22 05:12:53,021 null [INFO] (../src/fwidbmgr.cpp:470) date: 20180621.
2018-06-22 05:12:53,021 null [INFO] (../src/fwidbmgr.cpp:322) Try to read: /home/meteo/dev/redist/fwidbmgr/config/fwidbmgr.conf.
2018-06-22 05:12:53,028 null [INFO] (../src/fwidbmgr.cpp:5393) Configuration parsing: OK.
2018-06-22 05:12:53,070 null [INFO] (../src/fwidbmgr.cpp:5478) Connected to database
2018-06-22 05:12:53,070 null [INFO] (../src/fwidbmgr.cpp:5480) Manage data for date: 20180621.
2018-06-22 05:12:53,071 null [INFO] (../src/fwidbmgr.cpp:5596) Exporting indexes.
2018-06-22 05:12:53,074 null [INFO] (/home/meteo/dev/redist/fwidbmgr/include/Grid.h:1595) Configuring grid: isi
2018-06-22 05:12:53,074 null [INFO] (/home/meteo/dev/redist/fwidbmgr/include/Grid.h:1695) Grid isi configured.
2018-06-22 05:12:53,077 null [INFO] (/home/meteo/dev/redist/fwidbmgr/include/Grid.h:1595) Configuring grid: fwi
2018-06-22 05:12:53,077 null [INFO] (/home/meteo/dev/redist/fwidbmgr/include/Grid.h:1695) Grid fwi configured.
2018-06-22 05:12:53,080 null [INFO] (/home/meteo/dev/redist/fwidbmgr/include/Grid.h:1595) Configuring grid: ffmc
2018-06-22 05:12:53,080 null [INFO] (/home/meteo/dev/redist/fwidbmgr/include/Grid.h:1695) Grid ffmc configured.
2018-06-22 05:12:53,083 null [INFO] (/home/meteo/dev/redist/fwidbmgr/include/Grid.h:1595) Configuring grid: dmc
2018-06-22 05:12:53,083 null [INFO] (/home/meteo/dev/redist/fwidbmgr/include/Grid.h:1695) Grid dmc configured.
2018-06-22 05:12:53,086 null [INFO] (/home/meteo/dev/redist/fwidbmgr/include/Grid.h:1595) Configuring grid: dc
2018-06-22 05:12:53,086 null [INFO] (/home/meteo/dev/redist/fwidbmgr/include/Grid.h:1695) Grid dc configured.
2018-06-22 05:12:53,089 null [INFO] (/home/meteo/dev/redist/fwidbmgr/include/Grid.h:1595) Configuring grid: bui
2018-06-22 05:12:53,089 null [INFO] (/home/meteo/dev/redist/fwidbmgr/include/Grid.h:1695) Grid bui configured.
2018-06-22 05:12:53,091 null [INFO] (/home/meteo/dev/redist/fwidbmgr/include/Grid.h:1595) Configuring grid: ffmc_tmp
2018-06-22 05:12:53,092 null [INFO] (/home/meteo/dev/redist/fwidbmgr/include/Grid.h:1695) Grid ffmc_tmp configured.
2018-06-22 05:12:53,094 null [INFO] (/home/meteo/dev/redist/fwidbmgr/include/Grid.h:1595) Configuring grid: dmc_tmp
2018-06-22 05:12:53,094 null [INFO] (/home/meteo/dev/redist/fwidbmgr/include/Grid.h:1695) Grid dmc_tmp configured.
2018-06-22 05:12:53,097 null [INFO] (/home/meteo/dev/redist/fwidbmgr/include/Grid.h:1595) Configuring grid: dc_tmp
2018-06-22 05:12:53,097 null [INFO] (/home/meteo/dev/redist/fwidbmgr/include/Grid.h:1695) Grid dc_tmp configured.
2018-06-22 05:12:53,100 null [INFO] (/home/meteo/dev/redist/fwidbmgr/include/Grid.h:1595) Configuring grid: idi
2018-06-22 05:12:53,100 null [INFO] (/home/meteo/dev/redist/fwidbmgr/include/Grid.h:1695) Grid idi configured.
2018-06-22 05:12:53,103 null [INFO] (/home/meteo/dev/redist/fwidbmgr/include/Grid.h:1595) Configuring grid: angstrom
2018-06-22 05:12:53,103 null [INFO] (/home/meteo/dev/redist/fwidbmgr/include/Grid.h:1695) Grid angstrom configured.
2018-06-22 05:12:53,106 null [INFO] (/home/meteo/dev/redist/fwidbmgr/include/Grid.h:1595) Configuring grid: fmi
2018-06-22 05:12:53,106 null [INFO] (/home/meteo/dev/redist/fwidbmgr/include/Grid.h:1695) Grid fmi configured.
2018-06-22 05:12:53,109 null [INFO] (/home/meteo/dev/redist/fwidbmgr/include/Grid.h:1595) Configuring grid: sharples
2018-06-22 05:12:53,109 null [INFO] (/home/meteo/dev/redist/fwidbmgr/include/Grid.h:1695) Grid sharples configured.
2018-06-22 05:12:57,165 null [INFO] (/home/meteo/dev/redist/fwidbmgr/include/Grid.h:1595) Configuring grid: isi
2018-06-22 05:12:57,165 null [INFO] (/home/meteo/dev/redist/fwidbmgr/include/Grid.h:1695) Grid isi configured.
2018-06-22 05:12:57,265 null [INFO] (/home/meteo/dev/redist/fwidbmgr/include/Grid.h:1595) Configuring grid: fwi
2018-06-22 05:12:57,265 null [INFO] (/home/meteo/dev/redist/fwidbmgr/include/Grid.h:1695) Grid fwi configured.
2018-06-22 05:12:57,417 null [INFO] (/home/meteo/dev/redist/fwidbmgr/include/Grid.h:1595) Configuring grid: ffmc
2018-06-22 05:12:57,417 null [INFO] (/home/meteo/dev/redist/fwidbmgr/include/Grid.h:1695) Grid ffmc configured.
2018-06-22 05:12:57,511 null [INFO] (/home/meteo/dev/redist/fwidbmgr/include/Grid.h:1595) Configuring grid: dmc
2018-06-22 05:12:57,511 null [INFO] (/home/meteo/dev/redist/fwidbmgr/include/Grid.h:1695) Grid dmc configured.
2018-06-22 05:12:57,608 null [INFO] (/home/meteo/dev/redist/fwidbmgr/include/Grid.h:1595) Configuring grid: dc
2018-06-22 05:12:57,608 null [INFO] (/home/meteo/dev/redist/fwidbmgr/include/Grid.h:1695) Grid dc configured.
2018-06-22 05:12:57,701 null [INFO] (/home/meteo/dev/redist/fwidbmgr/include/Grid.h:1595) Configuring grid: bui
2018-06-22 05:12:57,701 null [INFO] (/home/meteo/dev/redist/fwidbmgr/include/Grid.h:1695) Grid bui configured.
2018-06-22 05:12:57,793 null [INFO] (/home/meteo/dev/redist/fwidbmgr/include/Grid.h:1595) Configuring grid: ffmc_tmp
2018-06-22 05:12:57,793 null [INFO] (/home/meteo/dev/redist/fwidbmgr/include/Grid.h:1695) Grid ffmc_tmp configured.
2018-06-22 05:12:57,889 null [INFO] (/home/meteo/dev/redist/fwidbmgr/include/Grid.h:1595) Configuring grid: dmc_tmp
2018-06-22 05:12:57,890 null [INFO] (/home/meteo/dev/redist/fwidbmgr/include/Grid.h:1695) Grid dmc_tmp configured.
2018-06-22 05:12:57,969 null [INFO] (/home/meteo/dev/redist/fwidbmgr/include/Grid.h:1595) Configuring grid: dc_tmp
2018-06-22 05:12:57,969 null [INFO] (/home/meteo/dev/redist/fwidbmgr/include/Grid.h:1695) Grid dc_tmp configured.
2018-06-22 05:12:58,048 null [INFO] (/home/meteo/dev/redist/fwidbmgr/include/Grid.h:1595) Configuring grid: angstrom
2018-06-22 05:12:58,049 null [INFO] (/home/meteo/dev/redist/fwidbmgr/include/Grid.h:1695) Grid angstrom configured.
2018-06-22 05:12:58,147 null [INFO] (/home/meteo/dev/redist/fwidbmgr/include/Grid.h:1595) Configuring grid: sharples
2018-06-22 05:12:58,147 null [INFO] (/home/meteo/dev/redist/fwidbmgr/include/Grid.h:1695) Grid sharples configured.
2018-06-22 05:12:58,189 null [INFO] (/home/meteo/dev/redist/fwidbmgr/include/Grid.h:1595) Configuring grid: fmi
2018-06-22 05:12:58,189 null [INFO] (/home/meteo/dev/redist/fwidbmgr/include/Grid.h:1695) Grid fmi configured.
2018-06-22 05:12:58,235 null [INFO] (../src/fwidbmgr.cpp:5600) OK --> 20180621 indexes exported to files.
2018-06-22 05:12:58,235 null [INFO] (../src/fwidbmgr.cpp:5695) action exportidx took about 5 seconds.
2018-06-22 05:12:58,235 null [INFO] (../src/fwidbmgr.cpp:5699) Disconnected from database.
2018-06-22 05:13:44,662 null [INFO] (../src/fwidbmgr.cpp:5361) fwi db manager
2018-06-22 05:13:44,663 null [INFO] (../src/fwidbmgr.cpp:5365) Program home: /home/meteo/dev/redist/fwidbmgr
2018-06-22 05:13:44,663 null [INFO] (../src/fwidbmgr.cpp:5369) Auto convert: 1
2018-06-22 05:13:44,663 null [INFO] (../src/fwidbmgr.cpp:446) action: outimg.
2018-06-22 05:13:44,663 null [INFO] (../src/fwidbmgr.cpp:470) date: 20180621.
2018-06-22 05:13:44,663 null [INFO] (../src/fwidbmgr.cpp:322) Try to read: /home/meteo/dev/redist/fwidbmgr/config/fwidbmgr.conf.
2018-06-22 05:13:44,667 null [INFO] (../src/fwidbmgr.cpp:5393) Configuration parsing: OK.
2018-06-22 05:13:44,673 null [INFO] (../src/fwidbmgr.cpp:5478) Connected to database
2018-06-22 05:13:44,674 null [INFO] (../src/fwidbmgr.cpp:5480) Manage data for date: 20180621.
2018-06-22 05:13:44,674 null [INFO] (../src/fwidbmgr.cpp:5566) Importing fwi indexes images in database.
2018-06-22 05:13:44,880 null [INFO] (../src/fwidbmgr.cpp:5570) OK --> 20180621 images imported.
2018-06-22 05:13:44,880 null [INFO] (../src/fwidbmgr.cpp:5695) action outimg took about 0 seconds.
2018-06-22 05:13:44,881 null [INFO] (../src/fwidbmgr.cpp:5699) Disconnected from database.
2018-06-22 05:37:01,637 null [INFO] (../src/fwidbmgr.cpp:5361) fwi db manager
2018-06-22 05:37:01,637 null [INFO] (../src/fwidbmgr.cpp:5365) Program home: /home/meteo/dev/redist/fwidbmgr
2018-06-22 05:37:01,637 null [INFO] (../src/fwidbmgr.cpp:5369) Auto convert: 1
2018-06-22 05:37:01,638 null [INFO] (../src/fwidbmgr.cpp:446) action: outimg.
2018-06-22 05:37:01,638 null [INFO] (../src/fwidbmgr.cpp:470) date: 20180621.
2018-06-22 05:37:01,638 null [INFO] (../src/fwidbmgr.cpp:322) Try to read: /home/meteo/dev/redist/fwidbmgr/config/fwidbmgr.conf.
2018-06-22 05:37:01,642 null [INFO] (../src/fwidbmgr.cpp:5393) Configuration parsing: OK.
2018-06-22 05:37:01,655 null [INFO] (../src/fwidbmgr.cpp:5478) Connected to database
2018-06-22 05:37:01,655 null [INFO] (../src/fwidbmgr.cpp:5480) Manage data for date: 20180621.
2018-06-22 05:37:01,655 null [INFO] (../src/fwidbmgr.cpp:5566) Importing fwi indexes images in database.
2018-06-22 05:37:01,837 null [INFO] (../src/fwidbmgr.cpp:5570) OK --> 20180621 images imported.
2018-06-22 05:37:01,838 null [INFO] (../src/fwidbmgr.cpp:5695) action outimg took about 0 seconds.
2018-06-22 05:37:01,838 null [INFO] (../src/fwidbmgr.cpp:5699) Disconnected from database.
2018-06-22 06:05:01,273 null [INFO] (../src/fwidbmgr.cpp:5361) fwi db manager
2018-06-22 06:05:01,276 null [INFO] (../src/fwidbmgr.cpp:5365) Program home: /home/meteo/dev/redist/fwidbmgr
2018-06-22 06:05:01,276 null [INFO] (../src/fwidbmgr.cpp:5369) Auto convert: 1
2018-06-22 06:05:01,276 null [INFO] (../src/fwidbmgr.cpp:446) action: outimg.
2018-06-22 06:05:01,276 null [INFO] (../src/fwidbmgr.cpp:470) date: 20180621.
2018-06-22 06:05:01,276 null [INFO] (../src/fwidbmgr.cpp:322) Try to read: /home/meteo/dev/redist/fwidbmgr/config/fwidbmgr.conf.
2018-06-22 06:05:01,280 null [INFO] (../src/fwidbmgr.cpp:5393) Configuration parsing: OK.
2018-06-22 06:05:01,317 null [INFO] (../src/fwidbmgr.cpp:5478) Connected to database
2018-06-22 06:05:01,317 null [INFO] (../src/fwidbmgr.cpp:5480) Manage data for date: 20180621.
2018-06-22 06:05:01,317 null [INFO] (../src/fwidbmgr.cpp:5566) Importing fwi indexes images in database.
2018-06-22 06:05:01,576 null [INFO] (../src/fwidbmgr.cpp:5570) OK --> 20180621 images imported.
2018-06-22 06:05:01,576 null [INFO] (../src/fwidbmgr.cpp:5695) action outimg took about 0 seconds.
2018-06-22 06:05:01,576 null [INFO] (../src/fwidbmgr.cpp:5699) Disconnected from database.
2018-06-22 06:37:01,927 null [INFO] (../src/fwidbmgr.cpp:5361) fwi db manager
2018-06-22 06:37:01,927 null [INFO] (../src/fwidbmgr.cpp:5365) Program home: /home/meteo/dev/redist/fwidbmgr
2018-06-22 06:37:01,927 null [INFO] (../src/fwidbmgr.cpp:5369) Auto convert: 1
2018-06-22 06:37:01,927 null [INFO] (../src/fwidbmgr.cpp:446) action: outimg.
2018-06-22 06:37:01,928 null [INFO] (../src/fwidbmgr.cpp:470) date: 20180621.
2018-06-22 06:37:01,928 null [INFO] (../src/fwidbmgr.cpp:322) Try to read: /home/meteo/dev/redist/fwidbmgr/config/fwidbmgr.conf.
2018-06-22 06:37:01,931 null [INFO] (../src/fwidbmgr.cpp:5393) Configuration parsing: OK.
2018-06-22 06:37:01,963 null [INFO] (../src/fwidbmgr.cpp:5478) Connected to database
2018-06-22 06:37:01,963 null [INFO] (../src/fwidbmgr.cpp:5480) Manage data for date: 20180621.
2018-06-22 06:37:01,964 null [INFO] (../src/fwidbmgr.cpp:5566) Importing fwi indexes images in database.
2018-06-22 06:37:02,264 null [INFO] (../src/fwidbmgr.cpp:5570) OK --> 20180621 images imported.
2018-06-22 06:37:02,264 null [INFO] (../src/fwidbmgr.cpp:5695) action outimg took about 1 seconds.
2018-06-22 06:37:02,264 null [INFO] (../src/fwidbmgr.cpp:5699) Disconnected from database.
2018-06-22 07:05:01,746 null [INFO] (../src/fwidbmgr.cpp:5361) fwi db manager
2018-06-22 07:05:01,747 null [INFO] (../src/fwidbmgr.cpp:5365) Program home: /home/meteo/dev/redist/fwidbmgr
2018-06-22 07:05:01,747 null [INFO] (../src/fwidbmgr.cpp:5369) Auto convert: 1
2018-06-22 07:05:01,747 null [INFO] (../src/fwidbmgr.cpp:446) action: outimg.
2018-06-22 07:05:01,747 null [INFO] (../src/fwidbmgr.cpp:470) date: 20180621.
2018-06-22 07:05:01,747 null [INFO] (../src/fwidbmgr.cpp:322) Try to read: /home/meteo/dev/redist/fwidbmgr/config/fwidbmgr.conf.
2018-06-22 07:05:01,752 null [INFO] (../src/fwidbmgr.cpp:5393) Configuration parsing: OK.
2018-06-22 07:05:01,764 null [INFO] (../src/fwidbmgr.cpp:5478) Connected to database
2018-06-22 07:05:01,764 null [INFO] (../src/fwidbmgr.cpp:5480) Manage data for date: 20180621.
2018-06-22 07:05:01,764 null [INFO] (../src/fwidbmgr.cpp:5566) Importing fwi indexes images in database.
2018-06-22 07:05:01,938 null [INFO] (../src/fwidbmgr.cpp:5570) OK --> 20180621 images imported.
2018-06-22 07:05:01,939 null [INFO] (../src/fwidbmgr.cpp:5695) action outimg took about 0 seconds.
2018-06-22 07:05:01,939 null [INFO] (../src/fwidbmgr.cpp:5699) Disconnected from database.
2018-06-22 07:37:01,315 null [INFO] (../src/fwidbmgr.cpp:5361) fwi db manager
2018-06-22 07:37:01,321 null [INFO] (../src/fwidbmgr.cpp:5365) Program home: /home/meteo/dev/redist/fwidbmgr
2018-06-22 07:37:01,322 null [INFO] (../src/fwidbmgr.cpp:5369) Auto convert: 1
2018-06-22 07:37:01,322 null [INFO] (../src/fwidbmgr.cpp:446) action: outimg.
2018-06-22 07:37:01,322 null [INFO] (../src/fwidbmgr.cpp:470) date: 20180621.
2018-06-22 07:37:01,322 null [INFO] (../src/fwidbmgr.cpp:322) Try to read: /home/meteo/dev/redist/fwidbmgr/config/fwidbmgr.conf.
2018-06-22 07:37:01,328 null [INFO] (../src/fwidbmgr.cpp:5393) Configuration parsing: OK.
2018-06-22 07:37:01,356 null [INFO] (../src/fwidbmgr.cpp:5478) Connected to database
2018-06-22 07:37:01,356 null [INFO] (../src/fwidbmgr.cpp:5480) Manage data for date: 20180621.
2018-06-22 07:37:01,356 null [INFO] (../src/fwidbmgr.cpp:5566) Importing fwi indexes images in database.
2018-06-22 07:37:01,536 null [INFO] (../src/fwidbmgr.cpp:5570) OK --> 20180621 images imported.
2018-06-22 07:37:01,536 null [INFO] (../src/fwidbmgr.cpp:5695) action outimg took about 0 seconds.
2018-06-22 07:37:01,537 null [INFO] (../src/fwidbmgr.cpp:5699) Disconnected from database.
