2020-02-18 05:05:03,983 null [INFO] (../src/fwidbmgr.cpp:5361) fwi db manager
2020-02-18 05:05:03,983 null [INFO] (../src/fwidbmgr.cpp:5365) Program home: /home/meteo/dev/redist/fwidbmgr
2020-02-18 05:05:03,983 null [INFO] (../src/fwidbmgr.cpp:5369) Auto convert: 1
2020-02-18 05:05:03,983 null [INFO] (../src/fwidbmgr.cpp:446) action: in.
2020-02-18 05:05:03,983 null [INFO] (../src/fwidbmgr.cpp:470) date: 20200217.
2020-02-18 05:05:03,983 null [INFO] (../src/fwidbmgr.cpp:322) Try to read: /home/meteo/dev/redist/fwidbmgr/config/fwidbmgr.conf.
2020-02-18 05:05:03,984 null [INFO] (../src/fwidbmgr.cpp:5393) Configuration parsing: OK.
2020-02-18 05:05:03,989 null [INFO] (../src/fwidbmgr.cpp:5478) Connected to database
2020-02-18 05:05:03,989 null [INFO] (../src/fwidbmgr.cpp:5480) Manage data for date: 20200217.
2020-02-18 05:05:03,989 null [INFO] (../src/fwidbmgr.cpp:5536) Importing meteo data in database for day: 20200217.
2020-02-18 05:05:03,993 null [INFO] (/home/meteo/dev/redist/fwidbmgr/include/Grid.h:1595) Configuring grid: snow
2020-02-18 05:05:03,993 null [INFO] (/home/meteo/dev/redist/fwidbmgr/include/Grid.h:1695) Grid snow configured.
2020-02-18 05:05:04,006 null [INFO] (/home/meteo/dev/redist/fwidbmgr/include/Grid.h:1595) Configuring grid: snow_covering
2020-02-18 05:05:04,006 null [INFO] (/home/meteo/dev/redist/fwidbmgr/include/Grid.h:1695) Grid snow_covering configured.
2020-02-18 05:05:04,013 null [INFO] (/home/meteo/dev/redist/fwidbmgr/include/Grid.h:1595) Configuring grid: snow_dissolution
2020-02-18 05:05:04,013 null [INFO] (/home/meteo/dev/redist/fwidbmgr/include/Grid.h:1695) Grid snow_dissolution configured.
2020-02-18 05:05:04,026 null [INFO] (/home/meteo/dev/redist/fwidbmgr/include/Grid.h:1595) Configuring grid: temperature
2020-02-18 05:05:04,026 null [INFO] (/home/meteo/dev/redist/fwidbmgr/include/Grid.h:1695) Grid temperature configured.
2020-02-18 05:05:04,027 null [INFO] (/home/meteo/dev/redist/fwidbmgr/include/Grid.h:1595) Configuring grid: humidity
2020-02-18 05:05:04,028 null [INFO] (/home/meteo/dev/redist/fwidbmgr/include/Grid.h:1695) Grid humidity configured.
2020-02-18 05:05:04,030 null [INFO] (/home/meteo/dev/redist/fwidbmgr/include/Grid.h:1595) Configuring grid: windspeed
2020-02-18 05:05:04,030 null [INFO] (/home/meteo/dev/redist/fwidbmgr/include/Grid.h:1695) Grid windspeed configured.
2020-02-18 05:05:04,036 null [INFO] (/home/meteo/dev/redist/fwidbmgr/include/Grid.h:1595) Configuring grid: rain
2020-02-18 05:05:04,036 null [INFO] (/home/meteo/dev/redist/fwidbmgr/include/Grid.h:1695) Grid rain configured.
2020-02-18 05:05:04,038 null [INFO] (/home/meteo/dev/redist/fwidbmgr/include/Grid.h:1595) Configuring grid: cum_rain
2020-02-18 05:05:04,038 null [INFO] (/home/meteo/dev/redist/fwidbmgr/include/Grid.h:1695) Grid cum_rain configured.
2020-02-18 05:05:04,177 null [INFO] (../src/fwidbmgr.cpp:1518) Storing meteo input ...
2020-02-18 05:05:09,153 null [INFO] (../src/fwidbmgr.cpp:5540) OK --> 20200217 data imported.
2020-02-18 05:05:09,159 null [INFO] (../src/fwidbmgr.cpp:5695) action in took about 6 seconds.
2020-02-18 05:05:09,183 null [INFO] (../src/fwidbmgr.cpp:5699) Disconnected from database.
2020-02-18 05:05:53,699 null [INFO] (../src/fwidbmgr.cpp:5361) fwi db manager
2020-02-18 05:05:53,699 null [INFO] (../src/fwidbmgr.cpp:5365) Program home: /home/meteo/dev/redist/fwidbmgr
2020-02-18 05:05:53,699 null [INFO] (../src/fwidbmgr.cpp:5369) Auto convert: 1
2020-02-18 05:05:53,699 null [INFO] (../src/fwidbmgr.cpp:446) action: out.
2020-02-18 05:05:53,699 null [INFO] (../src/fwidbmgr.cpp:470) date: 20200217.
2020-02-18 05:05:53,699 null [INFO] (../src/fwidbmgr.cpp:322) Try to read: /home/meteo/dev/redist/fwidbmgr/config/fwidbmgr.conf.
2020-02-18 05:05:53,703 null [INFO] (../src/fwidbmgr.cpp:5393) Configuration parsing: OK.
2020-02-18 05:05:53,717 null [INFO] (../src/fwidbmgr.cpp:5478) Connected to database
2020-02-18 05:05:53,717 null [INFO] (../src/fwidbmgr.cpp:5480) Manage data for date: 20200217.
2020-02-18 05:05:53,717 null [INFO] (../src/fwidbmgr.cpp:5551) Importing fwi indexes data in database for day: 20200217.
2020-02-18 05:05:53,719 null [INFO] (/home/meteo/dev/redist/fwidbmgr/include/Grid.h:1595) Configuring grid: isi
2020-02-18 05:05:53,719 null [INFO] (/home/meteo/dev/redist/fwidbmgr/include/Grid.h:1695) Grid isi configured.
2020-02-18 05:05:53,729 null [INFO] (/home/meteo/dev/redist/fwidbmgr/include/Grid.h:1595) Configuring grid: fwi
2020-02-18 05:05:53,729 null [INFO] (/home/meteo/dev/redist/fwidbmgr/include/Grid.h:1695) Grid fwi configured.
2020-02-18 05:05:53,737 null [INFO] (/home/meteo/dev/redist/fwidbmgr/include/Grid.h:1595) Configuring grid: ffmc
2020-02-18 05:05:53,737 null [INFO] (/home/meteo/dev/redist/fwidbmgr/include/Grid.h:1695) Grid ffmc configured.
2020-02-18 05:05:53,744 null [INFO] (/home/meteo/dev/redist/fwidbmgr/include/Grid.h:1595) Configuring grid: dmc
2020-02-18 05:05:53,744 null [INFO] (/home/meteo/dev/redist/fwidbmgr/include/Grid.h:1695) Grid dmc configured.
2020-02-18 05:05:53,751 null [INFO] (/home/meteo/dev/redist/fwidbmgr/include/Grid.h:1595) Configuring grid: dc
2020-02-18 05:05:53,751 null [INFO] (/home/meteo/dev/redist/fwidbmgr/include/Grid.h:1695) Grid dc configured.
2020-02-18 05:05:53,758 null [INFO] (/home/meteo/dev/redist/fwidbmgr/include/Grid.h:1595) Configuring grid: bui
2020-02-18 05:05:53,758 null [INFO] (/home/meteo/dev/redist/fwidbmgr/include/Grid.h:1695) Grid bui configured.
2020-02-18 05:05:53,765 null [INFO] (/home/meteo/dev/redist/fwidbmgr/include/Grid.h:1595) Configuring grid: ffmc_tmp
2020-02-18 05:05:53,765 null [INFO] (/home/meteo/dev/redist/fwidbmgr/include/Grid.h:1695) Grid ffmc_tmp configured.
2020-02-18 05:05:53,780 null [INFO] (/home/meteo/dev/redist/fwidbmgr/include/Grid.h:1595) Configuring grid: dmc_tmp
2020-02-18 05:05:53,780 null [INFO] (/home/meteo/dev/redist/fwidbmgr/include/Grid.h:1695) Grid dmc_tmp configured.
2020-02-18 05:05:53,792 null [INFO] (/home/meteo/dev/redist/fwidbmgr/include/Grid.h:1595) Configuring grid: dc_tmp
2020-02-18 05:05:53,792 null [INFO] (/home/meteo/dev/redist/fwidbmgr/include/Grid.h:1695) Grid dc_tmp configured.
2020-02-18 05:05:53,803 null [INFO] (/home/meteo/dev/redist/fwidbmgr/include/Grid.h:1595) Configuring grid: idi
2020-02-18 05:05:53,804 null [INFO] (/home/meteo/dev/redist/fwidbmgr/include/Grid.h:1695) Grid idi configured.
2020-02-18 05:05:53,970 null [INFO] (../src/fwidbmgr.cpp:2081) Storing FWI indexes ...
2020-02-18 05:05:57,068 null [INFO] (../src/fwidbmgr.cpp:5555) OK --> 20200217 data imported.
2020-02-18 05:05:57,068 null [INFO] (../src/fwidbmgr.cpp:5695) action out took about 4 seconds.
2020-02-18 05:05:57,070 null [INFO] (../src/fwidbmgr.cpp:5699) Disconnected from database.
2020-02-18 05:05:57,087 null [INFO] (../src/fwidbmgr.cpp:5361) fwi db manager
2020-02-18 05:05:57,087 null [INFO] (../src/fwidbmgr.cpp:5365) Program home: /home/meteo/dev/redist/fwidbmgr
2020-02-18 05:05:57,087 null [INFO] (../src/fwidbmgr.cpp:5369) Auto convert: 1
2020-02-18 05:05:57,087 null [INFO] (../src/fwidbmgr.cpp:446) action: computeidx.
2020-02-18 05:05:57,087 null [INFO] (../src/fwidbmgr.cpp:470) date: 20200217.
2020-02-18 05:05:57,087 null [INFO] (../src/fwidbmgr.cpp:322) Try to read: /home/meteo/dev/redist/fwidbmgr/config/fwidbmgr.conf.
2020-02-18 05:05:57,088 null [INFO] (../src/fwidbmgr.cpp:5393) Configuration parsing: OK.
2020-02-18 05:05:57,091 null [INFO] (../src/fwidbmgr.cpp:5478) Connected to database
2020-02-18 05:05:57,091 null [INFO] (../src/fwidbmgr.cpp:5480) Manage data for date: 20200217.
2020-02-18 05:05:57,091 null [INFO] (../src/fwidbmgr.cpp:5656) Computing indexes.
2020-02-18 05:05:57,093 null [INFO] (/home/meteo/dev/redist/fwidbmgr/include/Grid.h:1595) Configuring grid: isi
2020-02-18 05:05:57,093 null [INFO] (/home/meteo/dev/redist/fwidbmgr/include/Grid.h:1695) Grid isi configured.
2020-02-18 05:05:57,095 null [INFO] (/home/meteo/dev/redist/fwidbmgr/include/Grid.h:1595) Configuring grid: fwi
2020-02-18 05:05:57,095 null [INFO] (/home/meteo/dev/redist/fwidbmgr/include/Grid.h:1695) Grid fwi configured.
2020-02-18 05:05:57,097 null [INFO] (/home/meteo/dev/redist/fwidbmgr/include/Grid.h:1595) Configuring grid: ffmc
2020-02-18 05:05:57,097 null [INFO] (/home/meteo/dev/redist/fwidbmgr/include/Grid.h:1695) Grid ffmc configured.
2020-02-18 05:05:57,099 null [INFO] (/home/meteo/dev/redist/fwidbmgr/include/Grid.h:1595) Configuring grid: dmc
2020-02-18 05:05:57,099 null [INFO] (/home/meteo/dev/redist/fwidbmgr/include/Grid.h:1695) Grid dmc configured.
2020-02-18 05:05:57,100 null [INFO] (/home/meteo/dev/redist/fwidbmgr/include/Grid.h:1595) Configuring grid: dc
2020-02-18 05:05:57,100 null [INFO] (/home/meteo/dev/redist/fwidbmgr/include/Grid.h:1695) Grid dc configured.
2020-02-18 05:05:57,102 null [INFO] (/home/meteo/dev/redist/fwidbmgr/include/Grid.h:1595) Configuring grid: bui
2020-02-18 05:05:57,102 null [INFO] (/home/meteo/dev/redist/fwidbmgr/include/Grid.h:1695) Grid bui configured.
2020-02-18 05:05:57,103 null [INFO] (/home/meteo/dev/redist/fwidbmgr/include/Grid.h:1595) Configuring grid: ffmc_tmp
2020-02-18 05:05:57,103 null [INFO] (/home/meteo/dev/redist/fwidbmgr/include/Grid.h:1695) Grid ffmc_tmp configured.
2020-02-18 05:05:57,104 null [INFO] (/home/meteo/dev/redist/fwidbmgr/include/Grid.h:1595) Configuring grid: dmc_tmp
2020-02-18 05:05:57,104 null [INFO] (/home/meteo/dev/redist/fwidbmgr/include/Grid.h:1695) Grid dmc_tmp configured.
2020-02-18 05:05:57,105 null [INFO] (/home/meteo/dev/redist/fwidbmgr/include/Grid.h:1595) Configuring grid: dc_tmp
2020-02-18 05:05:57,105 null [INFO] (/home/meteo/dev/redist/fwidbmgr/include/Grid.h:1695) Grid dc_tmp configured.
2020-02-18 05:05:57,105 null [INFO] (/home/meteo/dev/redist/fwidbmgr/include/Grid.h:1595) Configuring grid: idi
2020-02-18 05:05:57,106 null [INFO] (/home/meteo/dev/redist/fwidbmgr/include/Grid.h:1695) Grid idi configured.
2020-02-18 05:05:57,106 null [INFO] (/home/meteo/dev/redist/fwidbmgr/include/Grid.h:1595) Configuring grid: angstrom
2020-02-18 05:05:57,106 null [INFO] (/home/meteo/dev/redist/fwidbmgr/include/Grid.h:1695) Grid angstrom configured.
2020-02-18 05:05:57,107 null [INFO] (/home/meteo/dev/redist/fwidbmgr/include/Grid.h:1595) Configuring grid: fmi
2020-02-18 05:05:57,107 null [INFO] (/home/meteo/dev/redist/fwidbmgr/include/Grid.h:1695) Grid fmi configured.
2020-02-18 05:05:57,109 null [INFO] (/home/meteo/dev/redist/fwidbmgr/include/Grid.h:1595) Configuring grid: sharples
2020-02-18 05:05:57,109 null [INFO] (/home/meteo/dev/redist/fwidbmgr/include/Grid.h:1695) Grid sharples configured.
2020-02-18 05:05:57,452 null [INFO] (/home/meteo/dev/redist/fwidbmgr/include/Grid.h:1595) Configuring grid: snow
2020-02-18 05:05:57,452 null [INFO] (/home/meteo/dev/redist/fwidbmgr/include/Grid.h:1695) Grid snow configured.
2020-02-18 05:05:57,452 null [INFO] (/home/meteo/dev/redist/fwidbmgr/include/Grid.h:1595) Configuring grid: snow_covering
2020-02-18 05:05:57,452 null [INFO] (/home/meteo/dev/redist/fwidbmgr/include/Grid.h:1695) Grid snow_covering configured.
2020-02-18 05:05:57,452 null [INFO] (/home/meteo/dev/redist/fwidbmgr/include/Grid.h:1595) Configuring grid: snow_dissolution
2020-02-18 05:05:57,452 null [INFO] (/home/meteo/dev/redist/fwidbmgr/include/Grid.h:1695) Grid snow_dissolution configured.
2020-02-18 05:05:57,452 null [INFO] (/home/meteo/dev/redist/fwidbmgr/include/Grid.h:1595) Configuring grid: temperature
2020-02-18 05:05:57,452 null [INFO] (/home/meteo/dev/redist/fwidbmgr/include/Grid.h:1695) Grid temperature configured.
2020-02-18 05:05:57,452 null [INFO] (/home/meteo/dev/redist/fwidbmgr/include/Grid.h:1595) Configuring grid: humidity
2020-02-18 05:05:57,453 null [INFO] (/home/meteo/dev/redist/fwidbmgr/include/Grid.h:1695) Grid humidity configured.
2020-02-18 05:05:57,453 null [INFO] (/home/meteo/dev/redist/fwidbmgr/include/Grid.h:1595) Configuring grid: windspeed
2020-02-18 05:05:57,453 null [INFO] (/home/meteo/dev/redist/fwidbmgr/include/Grid.h:1695) Grid windspeed configured.
2020-02-18 05:05:57,453 null [INFO] (/home/meteo/dev/redist/fwidbmgr/include/Grid.h:1595) Configuring grid: rain
2020-02-18 05:05:57,453 null [INFO] (/home/meteo/dev/redist/fwidbmgr/include/Grid.h:1695) Grid rain configured.
2020-02-18 05:05:57,453 null [INFO] (/home/meteo/dev/redist/fwidbmgr/include/Grid.h:1595) Configuring grid: cum_rain
2020-02-18 05:05:57,453 null [INFO] (/home/meteo/dev/redist/fwidbmgr/include/Grid.h:1695) Grid cum_rain configured.
2020-02-18 05:06:51,607 null [INFO] (../src/fwidbmgr.cpp:5660) OK --> 20200217 indexes computed.
2020-02-18 05:06:51,607 null [INFO] (../src/fwidbmgr.cpp:5695) action computeidx took about 54 seconds.
2020-02-18 05:06:51,608 null [INFO] (../src/fwidbmgr.cpp:5699) Disconnected from database.
2020-02-18 05:06:51,628 null [INFO] (../src/fwidbmgr.cpp:5361) fwi db manager
2020-02-18 05:06:51,628 null [INFO] (../src/fwidbmgr.cpp:5365) Program home: /home/meteo/dev/redist/fwidbmgr
2020-02-18 05:06:51,628 null [INFO] (../src/fwidbmgr.cpp:5369) Auto convert: 1
2020-02-18 05:06:51,628 null [INFO] (../src/fwidbmgr.cpp:446) action: exportidx.
2020-02-18 05:06:51,628 null [INFO] (../src/fwidbmgr.cpp:470) date: 20200217.
2020-02-18 05:06:51,628 null [INFO] (../src/fwidbmgr.cpp:322) Try to read: /home/meteo/dev/redist/fwidbmgr/config/fwidbmgr.conf.
2020-02-18 05:06:51,629 null [INFO] (../src/fwidbmgr.cpp:5393) Configuration parsing: OK.
2020-02-18 05:06:51,634 null [INFO] (../src/fwidbmgr.cpp:5478) Connected to database
2020-02-18 05:06:51,634 null [INFO] (../src/fwidbmgr.cpp:5480) Manage data for date: 20200217.
2020-02-18 05:06:51,634 null [INFO] (../src/fwidbmgr.cpp:5596) Exporting indexes.
2020-02-18 05:06:51,637 null [INFO] (/home/meteo/dev/redist/fwidbmgr/include/Grid.h:1595) Configuring grid: isi
2020-02-18 05:06:51,637 null [INFO] (/home/meteo/dev/redist/fwidbmgr/include/Grid.h:1695) Grid isi configured.
2020-02-18 05:06:51,639 null [INFO] (/home/meteo/dev/redist/fwidbmgr/include/Grid.h:1595) Configuring grid: fwi
2020-02-18 05:06:51,639 null [INFO] (/home/meteo/dev/redist/fwidbmgr/include/Grid.h:1695) Grid fwi configured.
2020-02-18 05:06:51,641 null [INFO] (/home/meteo/dev/redist/fwidbmgr/include/Grid.h:1595) Configuring grid: ffmc
2020-02-18 05:06:51,641 null [INFO] (/home/meteo/dev/redist/fwidbmgr/include/Grid.h:1695) Grid ffmc configured.
2020-02-18 05:06:51,643 null [INFO] (/home/meteo/dev/redist/fwidbmgr/include/Grid.h:1595) Configuring grid: dmc
2020-02-18 05:06:51,643 null [INFO] (/home/meteo/dev/redist/fwidbmgr/include/Grid.h:1695) Grid dmc configured.
2020-02-18 05:06:51,645 null [INFO] (/home/meteo/dev/redist/fwidbmgr/include/Grid.h:1595) Configuring grid: dc
2020-02-18 05:06:51,645 null [INFO] (/home/meteo/dev/redist/fwidbmgr/include/Grid.h:1695) Grid dc configured.
2020-02-18 05:06:51,646 null [INFO] (/home/meteo/dev/redist/fwidbmgr/include/Grid.h:1595) Configuring grid: bui
2020-02-18 05:06:51,646 null [INFO] (/home/meteo/dev/redist/fwidbmgr/include/Grid.h:1695) Grid bui configured.
2020-02-18 05:06:51,647 null [INFO] (/home/meteo/dev/redist/fwidbmgr/include/Grid.h:1595) Configuring grid: ffmc_tmp
2020-02-18 05:06:51,647 null [INFO] (/home/meteo/dev/redist/fwidbmgr/include/Grid.h:1695) Grid ffmc_tmp configured.
2020-02-18 05:06:51,648 null [INFO] (/home/meteo/dev/redist/fwidbmgr/include/Grid.h:1595) Configuring grid: dmc_tmp
2020-02-18 05:06:51,648 null [INFO] (/home/meteo/dev/redist/fwidbmgr/include/Grid.h:1695) Grid dmc_tmp configured.
2020-02-18 05:06:51,649 null [INFO] (/home/meteo/dev/redist/fwidbmgr/include/Grid.h:1595) Configuring grid: dc_tmp
2020-02-18 05:06:51,649 null [INFO] (/home/meteo/dev/redist/fwidbmgr/include/Grid.h:1695) Grid dc_tmp configured.
2020-02-18 05:06:51,650 null [INFO] (/home/meteo/dev/redist/fwidbmgr/include/Grid.h:1595) Configuring grid: idi
2020-02-18 05:06:51,650 null [INFO] (/home/meteo/dev/redist/fwidbmgr/include/Grid.h:1695) Grid idi configured.
2020-02-18 05:06:51,651 null [INFO] (/home/meteo/dev/redist/fwidbmgr/include/Grid.h:1595) Configuring grid: angstrom
2020-02-18 05:06:51,651 null [INFO] (/home/meteo/dev/redist/fwidbmgr/include/Grid.h:1695) Grid angstrom configured.
2020-02-18 05:06:51,652 null [INFO] (/home/meteo/dev/redist/fwidbmgr/include/Grid.h:1595) Configuring grid: fmi
2020-02-18 05:06:51,652 null [INFO] (/home/meteo/dev/redist/fwidbmgr/include/Grid.h:1695) Grid fmi configured.
2020-02-18 05:06:51,653 null [INFO] (/home/meteo/dev/redist/fwidbmgr/include/Grid.h:1595) Configuring grid: sharples
2020-02-18 05:06:51,653 null [INFO] (/home/meteo/dev/redist/fwidbmgr/include/Grid.h:1695) Grid sharples configured.
2020-02-18 05:06:52,011 null [INFO] (/home/meteo/dev/redist/fwidbmgr/include/Grid.h:1595) Configuring grid: isi
2020-02-18 05:06:52,011 null [INFO] (/home/meteo/dev/redist/fwidbmgr/include/Grid.h:1695) Grid isi configured.
2020-02-18 05:06:52,031 null [INFO] (/home/meteo/dev/redist/fwidbmgr/include/Grid.h:1595) Configuring grid: fwi
2020-02-18 05:06:52,031 null [INFO] (/home/meteo/dev/redist/fwidbmgr/include/Grid.h:1695) Grid fwi configured.
2020-02-18 05:06:52,051 null [INFO] (/home/meteo/dev/redist/fwidbmgr/include/Grid.h:1595) Configuring grid: ffmc
2020-02-18 05:06:52,051 null [INFO] (/home/meteo/dev/redist/fwidbmgr/include/Grid.h:1695) Grid ffmc configured.
2020-02-18 05:06:52,072 null [INFO] (/home/meteo/dev/redist/fwidbmgr/include/Grid.h:1595) Configuring grid: dmc
2020-02-18 05:06:52,072 null [INFO] (/home/meteo/dev/redist/fwidbmgr/include/Grid.h:1695) Grid dmc configured.
2020-02-18 05:06:52,092 null [INFO] (/home/meteo/dev/redist/fwidbmgr/include/Grid.h:1595) Configuring grid: dc
2020-02-18 05:06:52,092 null [INFO] (/home/meteo/dev/redist/fwidbmgr/include/Grid.h:1695) Grid dc configured.
2020-02-18 05:06:52,112 null [INFO] (/home/meteo/dev/redist/fwidbmgr/include/Grid.h:1595) Configuring grid: bui
2020-02-18 05:06:52,112 null [INFO] (/home/meteo/dev/redist/fwidbmgr/include/Grid.h:1695) Grid bui configured.
2020-02-18 05:06:52,132 null [INFO] (/home/meteo/dev/redist/fwidbmgr/include/Grid.h:1595) Configuring grid: ffmc_tmp
2020-02-18 05:06:52,132 null [INFO] (/home/meteo/dev/redist/fwidbmgr/include/Grid.h:1695) Grid ffmc_tmp configured.
2020-02-18 05:06:52,153 null [INFO] (/home/meteo/dev/redist/fwidbmgr/include/Grid.h:1595) Configuring grid: dmc_tmp
2020-02-18 05:06:52,154 null [INFO] (/home/meteo/dev/redist/fwidbmgr/include/Grid.h:1695) Grid dmc_tmp configured.
2020-02-18 05:06:52,174 null [INFO] (/home/meteo/dev/redist/fwidbmgr/include/Grid.h:1595) Configuring grid: dc_tmp
2020-02-18 05:06:52,174 null [INFO] (/home/meteo/dev/redist/fwidbmgr/include/Grid.h:1695) Grid dc_tmp configured.
2020-02-18 05:06:52,194 null [INFO] (/home/meteo/dev/redist/fwidbmgr/include/Grid.h:1595) Configuring grid: angstrom
2020-02-18 05:06:52,195 null [INFO] (/home/meteo/dev/redist/fwidbmgr/include/Grid.h:1695) Grid angstrom configured.
2020-02-18 05:06:52,218 null [INFO] (/home/meteo/dev/redist/fwidbmgr/include/Grid.h:1595) Configuring grid: sharples
2020-02-18 05:06:52,218 null [INFO] (/home/meteo/dev/redist/fwidbmgr/include/Grid.h:1695) Grid sharples configured.
2020-02-18 05:06:52,240 null [INFO] (/home/meteo/dev/redist/fwidbmgr/include/Grid.h:1595) Configuring grid: fmi
2020-02-18 05:06:52,240 null [INFO] (/home/meteo/dev/redist/fwidbmgr/include/Grid.h:1695) Grid fmi configured.
2020-02-18 05:06:52,259 null [INFO] (../src/fwidbmgr.cpp:5600) OK --> 20200217 indexes exported to files.
2020-02-18 05:06:52,259 null [INFO] (../src/fwidbmgr.cpp:5695) action exportidx took about 1 seconds.
2020-02-18 05:06:52,262 null [INFO] (../src/fwidbmgr.cpp:5699) Disconnected from database.
2020-02-18 05:07:08,285 null [INFO] (../src/fwidbmgr.cpp:5361) fwi db manager
2020-02-18 05:07:08,285 null [INFO] (../src/fwidbmgr.cpp:5365) Program home: /home/meteo/dev/redist/fwidbmgr
2020-02-18 05:07:08,285 null [INFO] (../src/fwidbmgr.cpp:5369) Auto convert: 1
2020-02-18 05:07:08,285 null [INFO] (../src/fwidbmgr.cpp:446) action: outimg.
2020-02-18 05:07:08,286 null [INFO] (../src/fwidbmgr.cpp:470) date: 20200217.
2020-02-18 05:07:08,286 null [INFO] (../src/fwidbmgr.cpp:322) Try to read: /home/meteo/dev/redist/fwidbmgr/config/fwidbmgr.conf.
2020-02-18 05:07:08,287 null [INFO] (../src/fwidbmgr.cpp:5393) Configuration parsing: OK.
2020-02-18 05:07:08,291 null [INFO] (../src/fwidbmgr.cpp:5478) Connected to database
2020-02-18 05:07:08,291 null [INFO] (../src/fwidbmgr.cpp:5480) Manage data for date: 20200217.
2020-02-18 05:07:08,291 null [INFO] (../src/fwidbmgr.cpp:5566) Importing fwi indexes images in database.
2020-02-18 05:07:08,335 null [INFO] (../src/fwidbmgr.cpp:5570) OK --> 20200217 images imported.
2020-02-18 05:07:08,336 null [INFO] (../src/fwidbmgr.cpp:5695) action outimg took about 0 seconds.
2020-02-18 05:07:08,336 null [INFO] (../src/fwidbmgr.cpp:5699) Disconnected from database.
2020-02-18 05:37:01,053 null [INFO] (../src/fwidbmgr.cpp:5361) fwi db manager
2020-02-18 05:37:01,053 null [INFO] (../src/fwidbmgr.cpp:5365) Program home: /home/meteo/dev/redist/fwidbmgr
2020-02-18 05:37:01,053 null [INFO] (../src/fwidbmgr.cpp:5369) Auto convert: 1
2020-02-18 05:37:01,053 null [INFO] (../src/fwidbmgr.cpp:446) action: outimg.
2020-02-18 05:37:01,053 null [INFO] (../src/fwidbmgr.cpp:470) date: 20200217.
2020-02-18 05:37:01,053 null [INFO] (../src/fwidbmgr.cpp:322) Try to read: /home/meteo/dev/redist/fwidbmgr/config/fwidbmgr.conf.
2020-02-18 05:37:01,054 null [INFO] (../src/fwidbmgr.cpp:5393) Configuration parsing: OK.
2020-02-18 05:37:01,057 null [INFO] (../src/fwidbmgr.cpp:5478) Connected to database
2020-02-18 05:37:01,057 null [INFO] (../src/fwidbmgr.cpp:5480) Manage data for date: 20200217.
2020-02-18 05:37:01,057 null [INFO] (../src/fwidbmgr.cpp:5566) Importing fwi indexes images in database.
2020-02-18 05:37:01,111 null [INFO] (../src/fwidbmgr.cpp:5570) OK --> 20200217 images imported.
2020-02-18 05:37:01,111 null [INFO] (../src/fwidbmgr.cpp:5695) action outimg took about 0 seconds.
2020-02-18 05:37:01,111 null [INFO] (../src/fwidbmgr.cpp:5699) Disconnected from database.
2020-02-18 06:05:01,208 null [INFO] (../src/fwidbmgr.cpp:5361) fwi db manager
2020-02-18 06:05:01,208 null [INFO] (../src/fwidbmgr.cpp:5365) Program home: /home/meteo/dev/redist/fwidbmgr
2020-02-18 06:05:01,208 null [INFO] (../src/fwidbmgr.cpp:5369) Auto convert: 1
2020-02-18 06:05:01,208 null [INFO] (../src/fwidbmgr.cpp:446) action: outimg.
2020-02-18 06:05:01,208 null [INFO] (../src/fwidbmgr.cpp:470) date: 20200217.
2020-02-18 06:05:01,208 null [INFO] (../src/fwidbmgr.cpp:322) Try to read: /home/meteo/dev/redist/fwidbmgr/config/fwidbmgr.conf.
2020-02-18 06:05:01,209 null [INFO] (../src/fwidbmgr.cpp:5393) Configuration parsing: OK.
2020-02-18 06:05:01,213 null [INFO] (../src/fwidbmgr.cpp:5478) Connected to database
2020-02-18 06:05:01,213 null [INFO] (../src/fwidbmgr.cpp:5480) Manage data for date: 20200217.
2020-02-18 06:05:01,213 null [INFO] (../src/fwidbmgr.cpp:5566) Importing fwi indexes images in database.
2020-02-18 06:05:01,258 null [INFO] (../src/fwidbmgr.cpp:5570) OK --> 20200217 images imported.
2020-02-18 06:05:01,258 null [INFO] (../src/fwidbmgr.cpp:5695) action outimg took about 0 seconds.
2020-02-18 06:05:01,258 null [INFO] (../src/fwidbmgr.cpp:5699) Disconnected from database.
2020-02-18 06:37:01,377 null [INFO] (../src/fwidbmgr.cpp:5361) fwi db manager
2020-02-18 06:37:01,378 null [INFO] (../src/fwidbmgr.cpp:5365) Program home: /home/meteo/dev/redist/fwidbmgr
2020-02-18 06:37:01,378 null [INFO] (../src/fwidbmgr.cpp:5369) Auto convert: 1
2020-02-18 06:37:01,378 null [INFO] (../src/fwidbmgr.cpp:446) action: outimg.
2020-02-18 06:37:01,378 null [INFO] (../src/fwidbmgr.cpp:470) date: 20200217.
2020-02-18 06:37:01,378 null [INFO] (../src/fwidbmgr.cpp:322) Try to read: /home/meteo/dev/redist/fwidbmgr/config/fwidbmgr.conf.
2020-02-18 06:37:01,379 null [INFO] (../src/fwidbmgr.cpp:5393) Configuration parsing: OK.
2020-02-18 06:37:01,384 null [INFO] (../src/fwidbmgr.cpp:5478) Connected to database
2020-02-18 06:37:01,384 null [INFO] (../src/fwidbmgr.cpp:5480) Manage data for date: 20200217.
2020-02-18 06:37:01,384 null [INFO] (../src/fwidbmgr.cpp:5566) Importing fwi indexes images in database.
2020-02-18 06:37:01,431 null [INFO] (../src/fwidbmgr.cpp:5570) OK --> 20200217 images imported.
2020-02-18 06:37:01,431 null [INFO] (../src/fwidbmgr.cpp:5695) action outimg took about 0 seconds.
2020-02-18 06:37:01,431 null [INFO] (../src/fwidbmgr.cpp:5699) Disconnected from database.
2020-02-18 07:05:01,053 null [INFO] (../src/fwidbmgr.cpp:5361) fwi db manager
2020-02-18 07:05:01,053 null [INFO] (../src/fwidbmgr.cpp:5365) Program home: /home/meteo/dev/redist/fwidbmgr
2020-02-18 07:05:01,053 null [INFO] (../src/fwidbmgr.cpp:5369) Auto convert: 1
2020-02-18 07:05:01,053 null [INFO] (../src/fwidbmgr.cpp:446) action: outimg.
2020-02-18 07:05:01,053 null [INFO] (../src/fwidbmgr.cpp:470) date: 20200217.
2020-02-18 07:05:01,053 null [INFO] (../src/fwidbmgr.cpp:322) Try to read: /home/meteo/dev/redist/fwidbmgr/config/fwidbmgr.conf.
2020-02-18 07:05:01,054 null [INFO] (../src/fwidbmgr.cpp:5393) Configuration parsing: OK.
2020-02-18 07:05:01,057 null [INFO] (../src/fwidbmgr.cpp:5478) Connected to database
2020-02-18 07:05:01,057 null [INFO] (../src/fwidbmgr.cpp:5480) Manage data for date: 20200217.
2020-02-18 07:05:01,057 null [INFO] (../src/fwidbmgr.cpp:5566) Importing fwi indexes images in database.
2020-02-18 07:05:01,103 null [INFO] (../src/fwidbmgr.cpp:5570) OK --> 20200217 images imported.
2020-02-18 07:05:01,104 null [INFO] (../src/fwidbmgr.cpp:5695) action outimg took about 0 seconds.
2020-02-18 07:05:01,104 null [INFO] (../src/fwidbmgr.cpp:5699) Disconnected from database.
2020-02-18 07:37:01,216 null [INFO] (../src/fwidbmgr.cpp:5361) fwi db manager
2020-02-18 07:37:01,216 null [INFO] (../src/fwidbmgr.cpp:5365) Program home: /home/meteo/dev/redist/fwidbmgr
2020-02-18 07:37:01,216 null [INFO] (../src/fwidbmgr.cpp:5369) Auto convert: 1
2020-02-18 07:37:01,216 null [INFO] (../src/fwidbmgr.cpp:446) action: outimg.
2020-02-18 07:37:01,216 null [INFO] (../src/fwidbmgr.cpp:470) date: 20200217.
2020-02-18 07:37:01,216 null [INFO] (../src/fwidbmgr.cpp:322) Try to read: /home/meteo/dev/redist/fwidbmgr/config/fwidbmgr.conf.
2020-02-18 07:37:01,217 null [INFO] (../src/fwidbmgr.cpp:5393) Configuration parsing: OK.
2020-02-18 07:37:01,222 null [INFO] (../src/fwidbmgr.cpp:5478) Connected to database
2020-02-18 07:37:01,222 null [INFO] (../src/fwidbmgr.cpp:5480) Manage data for date: 20200217.
2020-02-18 07:37:01,222 null [INFO] (../src/fwidbmgr.cpp:5566) Importing fwi indexes images in database.
2020-02-18 07:37:01,265 null [INFO] (../src/fwidbmgr.cpp:5570) OK --> 20200217 images imported.
2020-02-18 07:37:01,265 null [INFO] (../src/fwidbmgr.cpp:5695) action outimg took about 0 seconds.
2020-02-18 07:37:01,265 null [INFO] (../src/fwidbmgr.cpp:5699) Disconnected from database.
