2019-10-30 05:05:03,778 null [INFO] (../src/fwidbmgr.cpp:5361) fwi db manager
2019-10-30 05:05:03,778 null [INFO] (../src/fwidbmgr.cpp:5365) Program home: /home/meteo/dev/redist/fwidbmgr
2019-10-30 05:05:03,778 null [INFO] (../src/fwidbmgr.cpp:5369) Auto convert: 1
2019-10-30 05:05:03,778 null [INFO] (../src/fwidbmgr.cpp:446) action: in.
2019-10-30 05:05:03,778 null [INFO] (../src/fwidbmgr.cpp:470) date: 20191029.
2019-10-30 05:05:03,778 null [INFO] (../src/fwidbmgr.cpp:322) Try to read: /home/meteo/dev/redist/fwidbmgr/config/fwidbmgr.conf.
2019-10-30 05:05:03,783 null [INFO] (../src/fwidbmgr.cpp:5393) Configuration parsing: OK.
2019-10-30 05:05:03,792 null [INFO] (../src/fwidbmgr.cpp:5478) Connected to database
2019-10-30 05:05:03,792 null [INFO] (../src/fwidbmgr.cpp:5480) Manage data for date: 20191029.
2019-10-30 05:05:03,792 null [INFO] (../src/fwidbmgr.cpp:5536) Importing meteo data in database for day: 20191029.
2019-10-30 05:05:03,801 null [INFO] (/home/meteo/dev/redist/fwidbmgr/include/Grid.h:1595) Configuring grid: snow
2019-10-30 05:05:03,801 null [INFO] (/home/meteo/dev/redist/fwidbmgr/include/Grid.h:1695) Grid snow configured.
2019-10-30 05:05:03,809 null [INFO] (/home/meteo/dev/redist/fwidbmgr/include/Grid.h:1595) Configuring grid: snow_covering
2019-10-30 05:05:03,809 null [INFO] (/home/meteo/dev/redist/fwidbmgr/include/Grid.h:1695) Grid snow_covering configured.
2019-10-30 05:05:03,821 null [INFO] (/home/meteo/dev/redist/fwidbmgr/include/Grid.h:1595) Configuring grid: snow_dissolution
2019-10-30 05:05:03,821 null [INFO] (/home/meteo/dev/redist/fwidbmgr/include/Grid.h:1695) Grid snow_dissolution configured.
2019-10-30 05:05:03,843 null [INFO] (/home/meteo/dev/redist/fwidbmgr/include/Grid.h:1595) Configuring grid: temperature
2019-10-30 05:05:03,843 null [INFO] (/home/meteo/dev/redist/fwidbmgr/include/Grid.h:1695) Grid temperature configured.
2019-10-30 05:05:03,844 null [INFO] (/home/meteo/dev/redist/fwidbmgr/include/Grid.h:1595) Configuring grid: humidity
2019-10-30 05:05:03,844 null [INFO] (/home/meteo/dev/redist/fwidbmgr/include/Grid.h:1695) Grid humidity configured.
2019-10-30 05:05:03,847 null [INFO] (/home/meteo/dev/redist/fwidbmgr/include/Grid.h:1595) Configuring grid: windspeed
2019-10-30 05:05:03,847 null [INFO] (/home/meteo/dev/redist/fwidbmgr/include/Grid.h:1695) Grid windspeed configured.
2019-10-30 05:05:03,854 null [INFO] (/home/meteo/dev/redist/fwidbmgr/include/Grid.h:1595) Configuring grid: rain
2019-10-30 05:05:03,854 null [INFO] (/home/meteo/dev/redist/fwidbmgr/include/Grid.h:1695) Grid rain configured.
2019-10-30 05:05:03,856 null [INFO] (/home/meteo/dev/redist/fwidbmgr/include/Grid.h:1595) Configuring grid: cum_rain
2019-10-30 05:05:03,856 null [INFO] (/home/meteo/dev/redist/fwidbmgr/include/Grid.h:1695) Grid cum_rain configured.
2019-10-30 05:05:04,841 null [INFO] (../src/fwidbmgr.cpp:1518) Storing meteo input ...
2019-10-30 05:05:11,772 null [INFO] (../src/fwidbmgr.cpp:5540) OK --> 20191029 data imported.
2019-10-30 05:05:11,783 null [INFO] (../src/fwidbmgr.cpp:5695) action in took about 8 seconds.
2019-10-30 05:05:11,803 null [INFO] (../src/fwidbmgr.cpp:5699) Disconnected from database.
2019-10-30 05:05:49,361 null [INFO] (../src/fwidbmgr.cpp:5361) fwi db manager
2019-10-30 05:05:49,361 null [INFO] (../src/fwidbmgr.cpp:5365) Program home: /home/meteo/dev/redist/fwidbmgr
2019-10-30 05:05:49,361 null [INFO] (../src/fwidbmgr.cpp:5369) Auto convert: 1
2019-10-30 05:05:49,361 null [INFO] (../src/fwidbmgr.cpp:446) action: out.
2019-10-30 05:05:49,361 null [INFO] (../src/fwidbmgr.cpp:470) date: 20191029.
2019-10-30 05:05:49,361 null [INFO] (../src/fwidbmgr.cpp:322) Try to read: /home/meteo/dev/redist/fwidbmgr/config/fwidbmgr.conf.
2019-10-30 05:05:49,363 null [INFO] (../src/fwidbmgr.cpp:5393) Configuration parsing: OK.
2019-10-30 05:05:49,365 null [INFO] (../src/fwidbmgr.cpp:5478) Connected to database
2019-10-30 05:05:49,365 null [INFO] (../src/fwidbmgr.cpp:5480) Manage data for date: 20191029.
2019-10-30 05:05:49,365 null [INFO] (../src/fwidbmgr.cpp:5551) Importing fwi indexes data in database for day: 20191029.
2019-10-30 05:05:49,367 null [INFO] (/home/meteo/dev/redist/fwidbmgr/include/Grid.h:1595) Configuring grid: isi
2019-10-30 05:05:49,367 null [INFO] (/home/meteo/dev/redist/fwidbmgr/include/Grid.h:1695) Grid isi configured.
2019-10-30 05:05:49,377 null [INFO] (/home/meteo/dev/redist/fwidbmgr/include/Grid.h:1595) Configuring grid: fwi
2019-10-30 05:05:49,377 null [INFO] (/home/meteo/dev/redist/fwidbmgr/include/Grid.h:1695) Grid fwi configured.
2019-10-30 05:05:49,385 null [INFO] (/home/meteo/dev/redist/fwidbmgr/include/Grid.h:1595) Configuring grid: ffmc
2019-10-30 05:05:49,385 null [INFO] (/home/meteo/dev/redist/fwidbmgr/include/Grid.h:1695) Grid ffmc configured.
2019-10-30 05:05:49,393 null [INFO] (/home/meteo/dev/redist/fwidbmgr/include/Grid.h:1595) Configuring grid: dmc
2019-10-30 05:05:49,393 null [INFO] (/home/meteo/dev/redist/fwidbmgr/include/Grid.h:1695) Grid dmc configured.
2019-10-30 05:05:49,400 null [INFO] (/home/meteo/dev/redist/fwidbmgr/include/Grid.h:1595) Configuring grid: dc
2019-10-30 05:05:49,400 null [INFO] (/home/meteo/dev/redist/fwidbmgr/include/Grid.h:1695) Grid dc configured.
2019-10-30 05:05:49,407 null [INFO] (/home/meteo/dev/redist/fwidbmgr/include/Grid.h:1595) Configuring grid: bui
2019-10-30 05:05:49,407 null [INFO] (/home/meteo/dev/redist/fwidbmgr/include/Grid.h:1695) Grid bui configured.
2019-10-30 05:05:49,414 null [INFO] (/home/meteo/dev/redist/fwidbmgr/include/Grid.h:1595) Configuring grid: ffmc_tmp
2019-10-30 05:05:49,414 null [INFO] (/home/meteo/dev/redist/fwidbmgr/include/Grid.h:1695) Grid ffmc_tmp configured.
2019-10-30 05:05:49,426 null [INFO] (/home/meteo/dev/redist/fwidbmgr/include/Grid.h:1595) Configuring grid: dmc_tmp
2019-10-30 05:05:49,426 null [INFO] (/home/meteo/dev/redist/fwidbmgr/include/Grid.h:1695) Grid dmc_tmp configured.
2019-10-30 05:05:49,436 null [INFO] (/home/meteo/dev/redist/fwidbmgr/include/Grid.h:1595) Configuring grid: dc_tmp
2019-10-30 05:05:49,436 null [INFO] (/home/meteo/dev/redist/fwidbmgr/include/Grid.h:1695) Grid dc_tmp configured.
2019-10-30 05:05:49,448 null [INFO] (/home/meteo/dev/redist/fwidbmgr/include/Grid.h:1595) Configuring grid: idi
2019-10-30 05:05:49,448 null [INFO] (/home/meteo/dev/redist/fwidbmgr/include/Grid.h:1695) Grid idi configured.
2019-10-30 05:05:57,807 null [INFO] (../src/fwidbmgr.cpp:2081) Storing FWI indexes ...
2019-10-30 05:06:10,849 null [INFO] (../src/fwidbmgr.cpp:5555) OK --> 20191029 data imported.
2019-10-30 05:06:10,849 null [INFO] (../src/fwidbmgr.cpp:5695) action out took about 21 seconds.
2019-10-30 05:06:10,850 null [INFO] (../src/fwidbmgr.cpp:5699) Disconnected from database.
2019-10-30 05:06:10,963 null [INFO] (../src/fwidbmgr.cpp:5361) fwi db manager
2019-10-30 05:06:10,963 null [INFO] (../src/fwidbmgr.cpp:5365) Program home: /home/meteo/dev/redist/fwidbmgr
2019-10-30 05:06:10,963 null [INFO] (../src/fwidbmgr.cpp:5369) Auto convert: 1
2019-10-30 05:06:10,963 null [INFO] (../src/fwidbmgr.cpp:446) action: computeidx.
2019-10-30 05:06:10,963 null [INFO] (../src/fwidbmgr.cpp:470) date: 20191029.
2019-10-30 05:06:10,963 null [INFO] (../src/fwidbmgr.cpp:322) Try to read: /home/meteo/dev/redist/fwidbmgr/config/fwidbmgr.conf.
2019-10-30 05:06:10,965 null [INFO] (../src/fwidbmgr.cpp:5393) Configuration parsing: OK.
2019-10-30 05:06:10,981 null [INFO] (../src/fwidbmgr.cpp:5478) Connected to database
2019-10-30 05:06:10,981 null [INFO] (../src/fwidbmgr.cpp:5480) Manage data for date: 20191029.
2019-10-30 05:06:10,981 null [INFO] (../src/fwidbmgr.cpp:5656) Computing indexes.
2019-10-30 05:06:10,982 null [INFO] (/home/meteo/dev/redist/fwidbmgr/include/Grid.h:1595) Configuring grid: isi
2019-10-30 05:06:10,982 null [INFO] (/home/meteo/dev/redist/fwidbmgr/include/Grid.h:1695) Grid isi configured.
2019-10-30 05:06:10,984 null [INFO] (/home/meteo/dev/redist/fwidbmgr/include/Grid.h:1595) Configuring grid: fwi
2019-10-30 05:06:10,984 null [INFO] (/home/meteo/dev/redist/fwidbmgr/include/Grid.h:1695) Grid fwi configured.
2019-10-30 05:06:10,986 null [INFO] (/home/meteo/dev/redist/fwidbmgr/include/Grid.h:1595) Configuring grid: ffmc
2019-10-30 05:06:10,986 null [INFO] (/home/meteo/dev/redist/fwidbmgr/include/Grid.h:1695) Grid ffmc configured.
2019-10-30 05:06:10,987 null [INFO] (/home/meteo/dev/redist/fwidbmgr/include/Grid.h:1595) Configuring grid: dmc
2019-10-30 05:06:10,987 null [INFO] (/home/meteo/dev/redist/fwidbmgr/include/Grid.h:1695) Grid dmc configured.
2019-10-30 05:06:10,988 null [INFO] (/home/meteo/dev/redist/fwidbmgr/include/Grid.h:1595) Configuring grid: dc
2019-10-30 05:06:10,988 null [INFO] (/home/meteo/dev/redist/fwidbmgr/include/Grid.h:1695) Grid dc configured.
2019-10-30 05:06:10,990 null [INFO] (/home/meteo/dev/redist/fwidbmgr/include/Grid.h:1595) Configuring grid: bui
2019-10-30 05:06:10,990 null [INFO] (/home/meteo/dev/redist/fwidbmgr/include/Grid.h:1695) Grid bui configured.
2019-10-30 05:06:10,991 null [INFO] (/home/meteo/dev/redist/fwidbmgr/include/Grid.h:1595) Configuring grid: ffmc_tmp
2019-10-30 05:06:10,991 null [INFO] (/home/meteo/dev/redist/fwidbmgr/include/Grid.h:1695) Grid ffmc_tmp configured.
2019-10-30 05:06:10,992 null [INFO] (/home/meteo/dev/redist/fwidbmgr/include/Grid.h:1595) Configuring grid: dmc_tmp
2019-10-30 05:06:10,992 null [INFO] (/home/meteo/dev/redist/fwidbmgr/include/Grid.h:1695) Grid dmc_tmp configured.
2019-10-30 05:06:10,993 null [INFO] (/home/meteo/dev/redist/fwidbmgr/include/Grid.h:1595) Configuring grid: dc_tmp
2019-10-30 05:06:10,993 null [INFO] (/home/meteo/dev/redist/fwidbmgr/include/Grid.h:1695) Grid dc_tmp configured.
2019-10-30 05:06:10,994 null [INFO] (/home/meteo/dev/redist/fwidbmgr/include/Grid.h:1595) Configuring grid: idi
2019-10-30 05:06:10,995 null [INFO] (/home/meteo/dev/redist/fwidbmgr/include/Grid.h:1695) Grid idi configured.
2019-10-30 05:06:10,996 null [INFO] (/home/meteo/dev/redist/fwidbmgr/include/Grid.h:1595) Configuring grid: angstrom
2019-10-30 05:06:10,996 null [INFO] (/home/meteo/dev/redist/fwidbmgr/include/Grid.h:1695) Grid angstrom configured.
2019-10-30 05:06:10,997 null [INFO] (/home/meteo/dev/redist/fwidbmgr/include/Grid.h:1595) Configuring grid: fmi
2019-10-30 05:06:10,997 null [INFO] (/home/meteo/dev/redist/fwidbmgr/include/Grid.h:1695) Grid fmi configured.
2019-10-30 05:06:10,997 null [INFO] (/home/meteo/dev/redist/fwidbmgr/include/Grid.h:1595) Configuring grid: sharples
2019-10-30 05:06:10,998 null [INFO] (/home/meteo/dev/redist/fwidbmgr/include/Grid.h:1695) Grid sharples configured.
2019-10-30 05:06:17,492 null [INFO] (/home/meteo/dev/redist/fwidbmgr/include/Grid.h:1595) Configuring grid: snow
2019-10-30 05:06:17,493 null [INFO] (/home/meteo/dev/redist/fwidbmgr/include/Grid.h:1695) Grid snow configured.
2019-10-30 05:06:17,493 null [INFO] (/home/meteo/dev/redist/fwidbmgr/include/Grid.h:1595) Configuring grid: snow_covering
2019-10-30 05:06:17,493 null [INFO] (/home/meteo/dev/redist/fwidbmgr/include/Grid.h:1695) Grid snow_covering configured.
2019-10-30 05:06:17,493 null [INFO] (/home/meteo/dev/redist/fwidbmgr/include/Grid.h:1595) Configuring grid: snow_dissolution
2019-10-30 05:06:17,493 null [INFO] (/home/meteo/dev/redist/fwidbmgr/include/Grid.h:1695) Grid snow_dissolution configured.
2019-10-30 05:06:17,493 null [INFO] (/home/meteo/dev/redist/fwidbmgr/include/Grid.h:1595) Configuring grid: temperature
2019-10-30 05:06:17,493 null [INFO] (/home/meteo/dev/redist/fwidbmgr/include/Grid.h:1695) Grid temperature configured.
2019-10-30 05:06:17,493 null [INFO] (/home/meteo/dev/redist/fwidbmgr/include/Grid.h:1595) Configuring grid: humidity
2019-10-30 05:06:17,493 null [INFO] (/home/meteo/dev/redist/fwidbmgr/include/Grid.h:1695) Grid humidity configured.
2019-10-30 05:06:17,493 null [INFO] (/home/meteo/dev/redist/fwidbmgr/include/Grid.h:1595) Configuring grid: windspeed
2019-10-30 05:06:17,493 null [INFO] (/home/meteo/dev/redist/fwidbmgr/include/Grid.h:1695) Grid windspeed configured.
2019-10-30 05:06:17,493 null [INFO] (/home/meteo/dev/redist/fwidbmgr/include/Grid.h:1595) Configuring grid: rain
2019-10-30 05:06:17,493 null [INFO] (/home/meteo/dev/redist/fwidbmgr/include/Grid.h:1695) Grid rain configured.
2019-10-30 05:06:17,493 null [INFO] (/home/meteo/dev/redist/fwidbmgr/include/Grid.h:1595) Configuring grid: cum_rain
2019-10-30 05:06:17,493 null [INFO] (/home/meteo/dev/redist/fwidbmgr/include/Grid.h:1695) Grid cum_rain configured.
2019-10-30 05:07:24,472 null [INFO] (../src/fwidbmgr.cpp:5660) OK --> 20191029 indexes computed.
2019-10-30 05:07:24,472 null [INFO] (../src/fwidbmgr.cpp:5695) action computeidx took about 74 seconds.
2019-10-30 05:07:24,473 null [INFO] (../src/fwidbmgr.cpp:5699) Disconnected from database.
2019-10-30 05:07:24,533 null [INFO] (../src/fwidbmgr.cpp:5361) fwi db manager
2019-10-30 05:07:24,534 null [INFO] (../src/fwidbmgr.cpp:5365) Program home: /home/meteo/dev/redist/fwidbmgr
2019-10-30 05:07:24,534 null [INFO] (../src/fwidbmgr.cpp:5369) Auto convert: 1
2019-10-30 05:07:24,534 null [INFO] (../src/fwidbmgr.cpp:446) action: exportidx.
2019-10-30 05:07:24,534 null [INFO] (../src/fwidbmgr.cpp:470) date: 20191029.
2019-10-30 05:07:24,534 null [INFO] (../src/fwidbmgr.cpp:322) Try to read: /home/meteo/dev/redist/fwidbmgr/config/fwidbmgr.conf.
2019-10-30 05:07:24,536 null [INFO] (../src/fwidbmgr.cpp:5393) Configuration parsing: OK.
2019-10-30 05:07:24,552 null [INFO] (../src/fwidbmgr.cpp:5478) Connected to database
2019-10-30 05:07:24,552 null [INFO] (../src/fwidbmgr.cpp:5480) Manage data for date: 20191029.
2019-10-30 05:07:24,553 null [INFO] (../src/fwidbmgr.cpp:5596) Exporting indexes.
2019-10-30 05:07:24,555 null [INFO] (/home/meteo/dev/redist/fwidbmgr/include/Grid.h:1595) Configuring grid: isi
2019-10-30 05:07:24,555 null [INFO] (/home/meteo/dev/redist/fwidbmgr/include/Grid.h:1695) Grid isi configured.
2019-10-30 05:07:24,558 null [INFO] (/home/meteo/dev/redist/fwidbmgr/include/Grid.h:1595) Configuring grid: fwi
2019-10-30 05:07:24,559 null [INFO] (/home/meteo/dev/redist/fwidbmgr/include/Grid.h:1695) Grid fwi configured.
2019-10-30 05:07:24,562 null [INFO] (/home/meteo/dev/redist/fwidbmgr/include/Grid.h:1595) Configuring grid: ffmc
2019-10-30 05:07:24,562 null [INFO] (/home/meteo/dev/redist/fwidbmgr/include/Grid.h:1695) Grid ffmc configured.
2019-10-30 05:07:24,565 null [INFO] (/home/meteo/dev/redist/fwidbmgr/include/Grid.h:1595) Configuring grid: dmc
2019-10-30 05:07:24,565 null [INFO] (/home/meteo/dev/redist/fwidbmgr/include/Grid.h:1695) Grid dmc configured.
2019-10-30 05:07:24,567 null [INFO] (/home/meteo/dev/redist/fwidbmgr/include/Grid.h:1595) Configuring grid: dc
2019-10-30 05:07:24,568 null [INFO] (/home/meteo/dev/redist/fwidbmgr/include/Grid.h:1695) Grid dc configured.
2019-10-30 05:07:24,570 null [INFO] (/home/meteo/dev/redist/fwidbmgr/include/Grid.h:1595) Configuring grid: bui
2019-10-30 05:07:24,570 null [INFO] (/home/meteo/dev/redist/fwidbmgr/include/Grid.h:1695) Grid bui configured.
2019-10-30 05:07:24,572 null [INFO] (/home/meteo/dev/redist/fwidbmgr/include/Grid.h:1595) Configuring grid: ffmc_tmp
2019-10-30 05:07:24,572 null [INFO] (/home/meteo/dev/redist/fwidbmgr/include/Grid.h:1695) Grid ffmc_tmp configured.
2019-10-30 05:07:24,574 null [INFO] (/home/meteo/dev/redist/fwidbmgr/include/Grid.h:1595) Configuring grid: dmc_tmp
2019-10-30 05:07:24,574 null [INFO] (/home/meteo/dev/redist/fwidbmgr/include/Grid.h:1695) Grid dmc_tmp configured.
2019-10-30 05:07:24,575 null [INFO] (/home/meteo/dev/redist/fwidbmgr/include/Grid.h:1595) Configuring grid: dc_tmp
2019-10-30 05:07:24,575 null [INFO] (/home/meteo/dev/redist/fwidbmgr/include/Grid.h:1695) Grid dc_tmp configured.
2019-10-30 05:07:24,576 null [INFO] (/home/meteo/dev/redist/fwidbmgr/include/Grid.h:1595) Configuring grid: idi
2019-10-30 05:07:24,577 null [INFO] (/home/meteo/dev/redist/fwidbmgr/include/Grid.h:1695) Grid idi configured.
2019-10-30 05:07:24,578 null [INFO] (/home/meteo/dev/redist/fwidbmgr/include/Grid.h:1595) Configuring grid: angstrom
2019-10-30 05:07:24,578 null [INFO] (/home/meteo/dev/redist/fwidbmgr/include/Grid.h:1695) Grid angstrom configured.
2019-10-30 05:07:24,579 null [INFO] (/home/meteo/dev/redist/fwidbmgr/include/Grid.h:1595) Configuring grid: fmi
2019-10-30 05:07:24,579 null [INFO] (/home/meteo/dev/redist/fwidbmgr/include/Grid.h:1695) Grid fmi configured.
2019-10-30 05:07:24,581 null [INFO] (/home/meteo/dev/redist/fwidbmgr/include/Grid.h:1595) Configuring grid: sharples
2019-10-30 05:07:24,581 null [INFO] (/home/meteo/dev/redist/fwidbmgr/include/Grid.h:1695) Grid sharples configured.
2019-10-30 05:07:29,132 null [INFO] (/home/meteo/dev/redist/fwidbmgr/include/Grid.h:1595) Configuring grid: isi
2019-10-30 05:07:29,132 null [INFO] (/home/meteo/dev/redist/fwidbmgr/include/Grid.h:1695) Grid isi configured.
2019-10-30 05:07:29,155 null [INFO] (/home/meteo/dev/redist/fwidbmgr/include/Grid.h:1595) Configuring grid: fwi
2019-10-30 05:07:29,155 null [INFO] (/home/meteo/dev/redist/fwidbmgr/include/Grid.h:1695) Grid fwi configured.
2019-10-30 05:07:29,183 null [INFO] (/home/meteo/dev/redist/fwidbmgr/include/Grid.h:1595) Configuring grid: ffmc
2019-10-30 05:07:29,183 null [INFO] (/home/meteo/dev/redist/fwidbmgr/include/Grid.h:1695) Grid ffmc configured.
2019-10-30 05:07:29,204 null [INFO] (/home/meteo/dev/redist/fwidbmgr/include/Grid.h:1595) Configuring grid: dmc
2019-10-30 05:07:29,204 null [INFO] (/home/meteo/dev/redist/fwidbmgr/include/Grid.h:1695) Grid dmc configured.
2019-10-30 05:07:29,224 null [INFO] (/home/meteo/dev/redist/fwidbmgr/include/Grid.h:1595) Configuring grid: dc
2019-10-30 05:07:29,224 null [INFO] (/home/meteo/dev/redist/fwidbmgr/include/Grid.h:1695) Grid dc configured.
2019-10-30 05:07:29,244 null [INFO] (/home/meteo/dev/redist/fwidbmgr/include/Grid.h:1595) Configuring grid: bui
2019-10-30 05:07:29,244 null [INFO] (/home/meteo/dev/redist/fwidbmgr/include/Grid.h:1695) Grid bui configured.
2019-10-30 05:07:29,264 null [INFO] (/home/meteo/dev/redist/fwidbmgr/include/Grid.h:1595) Configuring grid: ffmc_tmp
2019-10-30 05:07:29,264 null [INFO] (/home/meteo/dev/redist/fwidbmgr/include/Grid.h:1695) Grid ffmc_tmp configured.
2019-10-30 05:07:29,284 null [INFO] (/home/meteo/dev/redist/fwidbmgr/include/Grid.h:1595) Configuring grid: dmc_tmp
2019-10-30 05:07:29,284 null [INFO] (/home/meteo/dev/redist/fwidbmgr/include/Grid.h:1695) Grid dmc_tmp configured.
2019-10-30 05:07:29,304 null [INFO] (/home/meteo/dev/redist/fwidbmgr/include/Grid.h:1595) Configuring grid: dc_tmp
2019-10-30 05:07:29,304 null [INFO] (/home/meteo/dev/redist/fwidbmgr/include/Grid.h:1695) Grid dc_tmp configured.
2019-10-30 05:07:29,324 null [INFO] (/home/meteo/dev/redist/fwidbmgr/include/Grid.h:1595) Configuring grid: angstrom
2019-10-30 05:07:29,324 null [INFO] (/home/meteo/dev/redist/fwidbmgr/include/Grid.h:1695) Grid angstrom configured.
2019-10-30 05:07:29,347 null [INFO] (/home/meteo/dev/redist/fwidbmgr/include/Grid.h:1595) Configuring grid: sharples
2019-10-30 05:07:29,347 null [INFO] (/home/meteo/dev/redist/fwidbmgr/include/Grid.h:1695) Grid sharples configured.
2019-10-30 05:07:29,369 null [INFO] (/home/meteo/dev/redist/fwidbmgr/include/Grid.h:1595) Configuring grid: fmi
2019-10-30 05:07:29,369 null [INFO] (/home/meteo/dev/redist/fwidbmgr/include/Grid.h:1695) Grid fmi configured.
2019-10-30 05:07:29,388 null [INFO] (../src/fwidbmgr.cpp:5600) OK --> 20191029 indexes exported to files.
2019-10-30 05:07:29,388 null [INFO] (../src/fwidbmgr.cpp:5695) action exportidx took about 5 seconds.
2019-10-30 05:07:29,388 null [INFO] (../src/fwidbmgr.cpp:5699) Disconnected from database.
2019-10-30 05:07:43,885 null [INFO] (../src/fwidbmgr.cpp:5361) fwi db manager
2019-10-30 05:07:43,885 null [INFO] (../src/fwidbmgr.cpp:5365) Program home: /home/meteo/dev/redist/fwidbmgr
2019-10-30 05:07:43,885 null [INFO] (../src/fwidbmgr.cpp:5369) Auto convert: 1
2019-10-30 05:07:43,885 null [INFO] (../src/fwidbmgr.cpp:446) action: outimg.
2019-10-30 05:07:43,885 null [INFO] (../src/fwidbmgr.cpp:470) date: 20191029.
2019-10-30 05:07:43,885 null [INFO] (../src/fwidbmgr.cpp:322) Try to read: /home/meteo/dev/redist/fwidbmgr/config/fwidbmgr.conf.
2019-10-30 05:07:43,887 null [INFO] (../src/fwidbmgr.cpp:5393) Configuration parsing: OK.
2019-10-30 05:07:43,891 null [INFO] (../src/fwidbmgr.cpp:5478) Connected to database
2019-10-30 05:07:43,891 null [INFO] (../src/fwidbmgr.cpp:5480) Manage data for date: 20191029.
2019-10-30 05:07:43,891 null [INFO] (../src/fwidbmgr.cpp:5566) Importing fwi indexes images in database.
2019-10-30 05:07:43,992 null [INFO] (../src/fwidbmgr.cpp:5570) OK --> 20191029 images imported.
2019-10-30 05:07:43,993 null [INFO] (../src/fwidbmgr.cpp:5695) action outimg took about 0 seconds.
2019-10-30 05:07:43,993 null [INFO] (../src/fwidbmgr.cpp:5699) Disconnected from database.
2019-10-30 05:37:01,615 null [INFO] (../src/fwidbmgr.cpp:5361) fwi db manager
2019-10-30 05:37:01,615 null [INFO] (../src/fwidbmgr.cpp:5365) Program home: /home/meteo/dev/redist/fwidbmgr
2019-10-30 05:37:01,615 null [INFO] (../src/fwidbmgr.cpp:5369) Auto convert: 1
2019-10-30 05:37:01,615 null [INFO] (../src/fwidbmgr.cpp:446) action: outimg.
2019-10-30 05:37:01,615 null [INFO] (../src/fwidbmgr.cpp:470) date: 20191029.
2019-10-30 05:37:01,615 null [INFO] (../src/fwidbmgr.cpp:322) Try to read: /home/meteo/dev/redist/fwidbmgr/config/fwidbmgr.conf.
2019-10-30 05:37:01,617 null [INFO] (../src/fwidbmgr.cpp:5393) Configuration parsing: OK.
2019-10-30 05:37:01,622 null [INFO] (../src/fwidbmgr.cpp:5478) Connected to database
2019-10-30 05:37:01,622 null [INFO] (../src/fwidbmgr.cpp:5480) Manage data for date: 20191029.
2019-10-30 05:37:01,622 null [INFO] (../src/fwidbmgr.cpp:5566) Importing fwi indexes images in database.
2019-10-30 05:37:01,670 null [INFO] (../src/fwidbmgr.cpp:5570) OK --> 20191029 images imported.
2019-10-30 05:37:01,670 null [INFO] (../src/fwidbmgr.cpp:5695) action outimg took about 0 seconds.
2019-10-30 05:37:01,671 null [INFO] (../src/fwidbmgr.cpp:5699) Disconnected from database.
2019-10-30 06:05:01,778 null [INFO] (../src/fwidbmgr.cpp:5361) fwi db manager
2019-10-30 06:05:01,778 null [INFO] (../src/fwidbmgr.cpp:5365) Program home: /home/meteo/dev/redist/fwidbmgr
2019-10-30 06:05:01,779 null [INFO] (../src/fwidbmgr.cpp:5369) Auto convert: 1
2019-10-30 06:05:01,779 null [INFO] (../src/fwidbmgr.cpp:446) action: outimg.
2019-10-30 06:05:01,779 null [INFO] (../src/fwidbmgr.cpp:470) date: 20191029.
2019-10-30 06:05:01,779 null [INFO] (../src/fwidbmgr.cpp:322) Try to read: /home/meteo/dev/redist/fwidbmgr/config/fwidbmgr.conf.
2019-10-30 06:05:01,780 null [INFO] (../src/fwidbmgr.cpp:5393) Configuration parsing: OK.
2019-10-30 06:05:01,783 null [INFO] (../src/fwidbmgr.cpp:5478) Connected to database
2019-10-30 06:05:01,783 null [INFO] (../src/fwidbmgr.cpp:5480) Manage data for date: 20191029.
2019-10-30 06:05:01,783 null [INFO] (../src/fwidbmgr.cpp:5566) Importing fwi indexes images in database.
2019-10-30 06:05:01,828 null [INFO] (../src/fwidbmgr.cpp:5570) OK --> 20191029 images imported.
2019-10-30 06:05:01,828 null [INFO] (../src/fwidbmgr.cpp:5695) action outimg took about 0 seconds.
2019-10-30 06:05:01,828 null [INFO] (../src/fwidbmgr.cpp:5699) Disconnected from database.
2019-10-30 06:37:01,933 null [INFO] (../src/fwidbmgr.cpp:5361) fwi db manager
2019-10-30 06:37:01,933 null [INFO] (../src/fwidbmgr.cpp:5365) Program home: /home/meteo/dev/redist/fwidbmgr
2019-10-30 06:37:01,933 null [INFO] (../src/fwidbmgr.cpp:5369) Auto convert: 1
2019-10-30 06:37:01,933 null [INFO] (../src/fwidbmgr.cpp:446) action: outimg.
2019-10-30 06:37:01,933 null [INFO] (../src/fwidbmgr.cpp:470) date: 20191029.
2019-10-30 06:37:01,933 null [INFO] (../src/fwidbmgr.cpp:322) Try to read: /home/meteo/dev/redist/fwidbmgr/config/fwidbmgr.conf.
2019-10-30 06:37:01,934 null [INFO] (../src/fwidbmgr.cpp:5393) Configuration parsing: OK.
2019-10-30 06:37:01,938 null [INFO] (../src/fwidbmgr.cpp:5478) Connected to database
2019-10-30 06:37:01,939 null [INFO] (../src/fwidbmgr.cpp:5480) Manage data for date: 20191029.
2019-10-30 06:37:01,939 null [INFO] (../src/fwidbmgr.cpp:5566) Importing fwi indexes images in database.
2019-10-30 06:37:01,976 null [INFO] (../src/fwidbmgr.cpp:5570) OK --> 20191029 images imported.
2019-10-30 06:37:01,976 null [INFO] (../src/fwidbmgr.cpp:5695) action outimg took about 0 seconds.
2019-10-30 06:37:01,976 null [INFO] (../src/fwidbmgr.cpp:5699) Disconnected from database.
2019-10-30 07:05:01,636 null [INFO] (../src/fwidbmgr.cpp:5361) fwi db manager
2019-10-30 07:05:01,636 null [INFO] (../src/fwidbmgr.cpp:5365) Program home: /home/meteo/dev/redist/fwidbmgr
2019-10-30 07:05:01,636 null [INFO] (../src/fwidbmgr.cpp:5369) Auto convert: 1
2019-10-30 07:05:01,636 null [INFO] (../src/fwidbmgr.cpp:446) action: outimg.
2019-10-30 07:05:01,637 null [INFO] (../src/fwidbmgr.cpp:470) date: 20191029.
2019-10-30 07:05:01,637 null [INFO] (../src/fwidbmgr.cpp:322) Try to read: /home/meteo/dev/redist/fwidbmgr/config/fwidbmgr.conf.
2019-10-30 07:05:01,638 null [INFO] (../src/fwidbmgr.cpp:5393) Configuration parsing: OK.
2019-10-30 07:05:01,642 null [INFO] (../src/fwidbmgr.cpp:5478) Connected to database
2019-10-30 07:05:01,642 null [INFO] (../src/fwidbmgr.cpp:5480) Manage data for date: 20191029.
2019-10-30 07:05:01,642 null [INFO] (../src/fwidbmgr.cpp:5566) Importing fwi indexes images in database.
2019-10-30 07:05:01,680 null [INFO] (../src/fwidbmgr.cpp:5570) OK --> 20191029 images imported.
2019-10-30 07:05:01,680 null [INFO] (../src/fwidbmgr.cpp:5695) action outimg took about 0 seconds.
2019-10-30 07:05:01,680 null [INFO] (../src/fwidbmgr.cpp:5699) Disconnected from database.
2019-10-30 07:37:01,798 null [INFO] (../src/fwidbmgr.cpp:5361) fwi db manager
2019-10-30 07:37:01,798 null [INFO] (../src/fwidbmgr.cpp:5365) Program home: /home/meteo/dev/redist/fwidbmgr
2019-10-30 07:37:01,798 null [INFO] (../src/fwidbmgr.cpp:5369) Auto convert: 1
2019-10-30 07:37:01,798 null [INFO] (../src/fwidbmgr.cpp:446) action: outimg.
2019-10-30 07:37:01,798 null [INFO] (../src/fwidbmgr.cpp:470) date: 20191029.
2019-10-30 07:37:01,798 null [INFO] (../src/fwidbmgr.cpp:322) Try to read: /home/meteo/dev/redist/fwidbmgr/config/fwidbmgr.conf.
2019-10-30 07:37:01,800 null [INFO] (../src/fwidbmgr.cpp:5393) Configuration parsing: OK.
2019-10-30 07:37:01,802 null [INFO] (../src/fwidbmgr.cpp:5478) Connected to database
2019-10-30 07:37:01,802 null [INFO] (../src/fwidbmgr.cpp:5480) Manage data for date: 20191029.
2019-10-30 07:37:01,802 null [INFO] (../src/fwidbmgr.cpp:5566) Importing fwi indexes images in database.
2019-10-30 07:37:01,839 null [INFO] (../src/fwidbmgr.cpp:5570) OK --> 20191029 images imported.
2019-10-30 07:37:01,839 null [INFO] (../src/fwidbmgr.cpp:5695) action outimg took about 0 seconds.
2019-10-30 07:37:01,839 null [INFO] (../src/fwidbmgr.cpp:5699) Disconnected from database.
