2017-11-05 04:06:46,306 null [INFO] (../src/fwidbmgr.cpp:5361) fwi db manager
2017-11-05 04:06:46,306 null [INFO] (../src/fwidbmgr.cpp:5365) Program home: /home/meteo/dev/redist/fwidbmgr
2017-11-05 04:06:46,306 null [INFO] (../src/fwidbmgr.cpp:5369) Auto convert: 1
2017-11-05 04:06:46,306 null [INFO] (../src/fwidbmgr.cpp:446) action: in.
2017-11-05 04:06:46,306 null [INFO] (../src/fwidbmgr.cpp:470) date: 20171104.
2017-11-05 04:06:46,306 null [INFO] (../src/fwidbmgr.cpp:322) Try to read: /home/meteo/dev/redist/fwidbmgr/config/fwidbmgr.conf.
2017-11-05 04:06:46,331 null [INFO] (../src/fwidbmgr.cpp:5393) Configuration parsing: OK.
2017-11-05 04:06:46,374 null [INFO] (../src/fwidbmgr.cpp:5478) Connected to database
2017-11-05 04:06:46,374 null [INFO] (../src/fwidbmgr.cpp:5480) Manage data for date: 20171104.
2017-11-05 04:06:46,374 null [INFO] (../src/fwidbmgr.cpp:5536) Importing meteo data in database for day: 20171104.
2017-11-05 04:06:46,384 null [INFO] (/home/meteo/dev/redist/fwidbmgr/include/Grid.h:1595) Configuring grid: snow
2017-11-05 04:06:46,384 null [INFO] (/home/meteo/dev/redist/fwidbmgr/include/Grid.h:1695) Grid snow configured.
2017-11-05 04:06:46,395 null [INFO] (/home/meteo/dev/redist/fwidbmgr/include/Grid.h:1595) Configuring grid: snow_covering
2017-11-05 04:06:46,395 null [INFO] (/home/meteo/dev/redist/fwidbmgr/include/Grid.h:1695) Grid snow_covering configured.
2017-11-05 04:06:46,408 null [INFO] (/home/meteo/dev/redist/fwidbmgr/include/Grid.h:1595) Configuring grid: snow_dissolution
2017-11-05 04:06:46,408 null [INFO] (/home/meteo/dev/redist/fwidbmgr/include/Grid.h:1695) Grid snow_dissolution configured.
2017-11-05 04:06:46,431 null [INFO] (/home/meteo/dev/redist/fwidbmgr/include/Grid.h:1595) Configuring grid: temperature
2017-11-05 04:06:46,431 null [INFO] (/home/meteo/dev/redist/fwidbmgr/include/Grid.h:1695) Grid temperature configured.
2017-11-05 04:06:46,436 null [INFO] (/home/meteo/dev/redist/fwidbmgr/include/Grid.h:1595) Configuring grid: humidity
2017-11-05 04:06:46,436 null [INFO] (/home/meteo/dev/redist/fwidbmgr/include/Grid.h:1695) Grid humidity configured.
2017-11-05 04:06:46,446 null [INFO] (/home/meteo/dev/redist/fwidbmgr/include/Grid.h:1595) Configuring grid: windspeed
2017-11-05 04:06:46,446 null [INFO] (/home/meteo/dev/redist/fwidbmgr/include/Grid.h:1695) Grid windspeed configured.
2017-11-05 04:06:46,468 null [INFO] (/home/meteo/dev/redist/fwidbmgr/include/Grid.h:1595) Configuring grid: rain
2017-11-05 04:06:46,468 null [INFO] (/home/meteo/dev/redist/fwidbmgr/include/Grid.h:1695) Grid rain configured.
2017-11-05 04:06:46,471 null [INFO] (/home/meteo/dev/redist/fwidbmgr/include/Grid.h:1595) Configuring grid: cum_rain
2017-11-05 04:06:46,471 null [INFO] (/home/meteo/dev/redist/fwidbmgr/include/Grid.h:1695) Grid cum_rain configured.
2017-11-05 04:06:54,254 null [INFO] (../src/fwidbmgr.cpp:1518) Storing meteo input ...
2017-11-05 04:07:09,666 null [INFO] (../src/fwidbmgr.cpp:5540) OK --> 20171104 data imported.
2017-11-05 04:07:09,727 null [INFO] (../src/fwidbmgr.cpp:5695) action in took about 23 seconds.
2017-11-05 04:07:09,806 null [INFO] (../src/fwidbmgr.cpp:5699) Disconnected from database.
2017-11-05 04:08:18,143 null [INFO] (../src/fwidbmgr.cpp:5361) fwi db manager
2017-11-05 04:08:18,143 null [INFO] (../src/fwidbmgr.cpp:5365) Program home: /home/meteo/dev/redist/fwidbmgr
2017-11-05 04:08:18,143 null [INFO] (../src/fwidbmgr.cpp:5369) Auto convert: 1
2017-11-05 04:08:18,143 null [INFO] (../src/fwidbmgr.cpp:446) action: out.
2017-11-05 04:08:18,144 null [INFO] (../src/fwidbmgr.cpp:470) date: 20171104.
2017-11-05 04:08:18,144 null [INFO] (../src/fwidbmgr.cpp:322) Try to read: /home/meteo/dev/redist/fwidbmgr/config/fwidbmgr.conf.
2017-11-05 04:08:18,152 null [INFO] (../src/fwidbmgr.cpp:5393) Configuration parsing: OK.
2017-11-05 04:08:18,170 null [INFO] (../src/fwidbmgr.cpp:5478) Connected to database
2017-11-05 04:08:18,170 null [INFO] (../src/fwidbmgr.cpp:5480) Manage data for date: 20171104.
2017-11-05 04:08:18,170 null [INFO] (../src/fwidbmgr.cpp:5551) Importing fwi indexes data in database for day: 20171104.
2017-11-05 04:08:18,178 null [INFO] (/home/meteo/dev/redist/fwidbmgr/include/Grid.h:1595) Configuring grid: isi
2017-11-05 04:08:18,178 null [INFO] (/home/meteo/dev/redist/fwidbmgr/include/Grid.h:1695) Grid isi configured.
2017-11-05 04:08:18,192 null [INFO] (/home/meteo/dev/redist/fwidbmgr/include/Grid.h:1595) Configuring grid: fwi
2017-11-05 04:08:18,192 null [INFO] (/home/meteo/dev/redist/fwidbmgr/include/Grid.h:1695) Grid fwi configured.
2017-11-05 04:08:18,206 null [INFO] (/home/meteo/dev/redist/fwidbmgr/include/Grid.h:1595) Configuring grid: ffmc
2017-11-05 04:08:18,207 null [INFO] (/home/meteo/dev/redist/fwidbmgr/include/Grid.h:1695) Grid ffmc configured.
2017-11-05 04:08:18,221 null [INFO] (/home/meteo/dev/redist/fwidbmgr/include/Grid.h:1595) Configuring grid: dmc
2017-11-05 04:08:18,221 null [INFO] (/home/meteo/dev/redist/fwidbmgr/include/Grid.h:1695) Grid dmc configured.
2017-11-05 04:08:18,235 null [INFO] (/home/meteo/dev/redist/fwidbmgr/include/Grid.h:1595) Configuring grid: dc
2017-11-05 04:08:18,235 null [INFO] (/home/meteo/dev/redist/fwidbmgr/include/Grid.h:1695) Grid dc configured.
2017-11-05 04:08:18,249 null [INFO] (/home/meteo/dev/redist/fwidbmgr/include/Grid.h:1595) Configuring grid: bui
2017-11-05 04:08:18,249 null [INFO] (/home/meteo/dev/redist/fwidbmgr/include/Grid.h:1695) Grid bui configured.
2017-11-05 04:08:18,262 null [INFO] (/home/meteo/dev/redist/fwidbmgr/include/Grid.h:1595) Configuring grid: ffmc_tmp
2017-11-05 04:08:18,262 null [INFO] (/home/meteo/dev/redist/fwidbmgr/include/Grid.h:1695) Grid ffmc_tmp configured.
2017-11-05 04:08:18,292 null [INFO] (/home/meteo/dev/redist/fwidbmgr/include/Grid.h:1595) Configuring grid: dmc_tmp
2017-11-05 04:08:18,293 null [INFO] (/home/meteo/dev/redist/fwidbmgr/include/Grid.h:1695) Grid dmc_tmp configured.
2017-11-05 04:08:18,313 null [INFO] (/home/meteo/dev/redist/fwidbmgr/include/Grid.h:1595) Configuring grid: dc_tmp
2017-11-05 04:08:18,313 null [INFO] (/home/meteo/dev/redist/fwidbmgr/include/Grid.h:1695) Grid dc_tmp configured.
2017-11-05 04:08:18,335 null [INFO] (/home/meteo/dev/redist/fwidbmgr/include/Grid.h:1595) Configuring grid: idi
2017-11-05 04:08:18,335 null [INFO] (/home/meteo/dev/redist/fwidbmgr/include/Grid.h:1695) Grid idi configured.
2017-11-05 04:08:27,081 null [INFO] (../src/fwidbmgr.cpp:2081) Storing FWI indexes ...
2017-11-05 04:08:59,375 null [INFO] (../src/fwidbmgr.cpp:5555) OK --> 20171104 data imported.
2017-11-05 04:08:59,375 null [INFO] (../src/fwidbmgr.cpp:5695) action out took about 41 seconds.
2017-11-05 04:08:59,376 null [INFO] (../src/fwidbmgr.cpp:5699) Disconnected from database.
2017-11-05 04:08:59,660 null [INFO] (../src/fwidbmgr.cpp:5361) fwi db manager
2017-11-05 04:08:59,660 null [INFO] (../src/fwidbmgr.cpp:5365) Program home: /home/meteo/dev/redist/fwidbmgr
2017-11-05 04:08:59,660 null [INFO] (../src/fwidbmgr.cpp:5369) Auto convert: 1
2017-11-05 04:08:59,660 null [INFO] (../src/fwidbmgr.cpp:446) action: computeidx.
2017-11-05 04:08:59,660 null [INFO] (../src/fwidbmgr.cpp:470) date: 20171104.
2017-11-05 04:08:59,660 null [INFO] (../src/fwidbmgr.cpp:322) Try to read: /home/meteo/dev/redist/fwidbmgr/config/fwidbmgr.conf.
2017-11-05 04:08:59,670 null [INFO] (../src/fwidbmgr.cpp:5393) Configuration parsing: OK.
2017-11-05 04:08:59,708 null [INFO] (../src/fwidbmgr.cpp:5478) Connected to database
2017-11-05 04:08:59,708 null [INFO] (../src/fwidbmgr.cpp:5480) Manage data for date: 20171104.
2017-11-05 04:08:59,708 null [INFO] (../src/fwidbmgr.cpp:5656) Computing indexes.
2017-11-05 04:08:59,709 null [INFO] (/home/meteo/dev/redist/fwidbmgr/include/Grid.h:1595) Configuring grid: isi
2017-11-05 04:08:59,709 null [INFO] (/home/meteo/dev/redist/fwidbmgr/include/Grid.h:1695) Grid isi configured.
2017-11-05 04:08:59,711 null [INFO] (/home/meteo/dev/redist/fwidbmgr/include/Grid.h:1595) Configuring grid: fwi
2017-11-05 04:08:59,711 null [INFO] (/home/meteo/dev/redist/fwidbmgr/include/Grid.h:1695) Grid fwi configured.
2017-11-05 04:08:59,712 null [INFO] (/home/meteo/dev/redist/fwidbmgr/include/Grid.h:1595) Configuring grid: ffmc
2017-11-05 04:08:59,712 null [INFO] (/home/meteo/dev/redist/fwidbmgr/include/Grid.h:1695) Grid ffmc configured.
2017-11-05 04:08:59,714 null [INFO] (/home/meteo/dev/redist/fwidbmgr/include/Grid.h:1595) Configuring grid: dmc
2017-11-05 04:08:59,714 null [INFO] (/home/meteo/dev/redist/fwidbmgr/include/Grid.h:1695) Grid dmc configured.
2017-11-05 04:08:59,715 null [INFO] (/home/meteo/dev/redist/fwidbmgr/include/Grid.h:1595) Configuring grid: dc
2017-11-05 04:08:59,715 null [INFO] (/home/meteo/dev/redist/fwidbmgr/include/Grid.h:1695) Grid dc configured.
2017-11-05 04:08:59,716 null [INFO] (/home/meteo/dev/redist/fwidbmgr/include/Grid.h:1595) Configuring grid: bui
2017-11-05 04:08:59,717 null [INFO] (/home/meteo/dev/redist/fwidbmgr/include/Grid.h:1695) Grid bui configured.
2017-11-05 04:08:59,718 null [INFO] (/home/meteo/dev/redist/fwidbmgr/include/Grid.h:1595) Configuring grid: ffmc_tmp
2017-11-05 04:08:59,718 null [INFO] (/home/meteo/dev/redist/fwidbmgr/include/Grid.h:1695) Grid ffmc_tmp configured.
2017-11-05 04:08:59,719 null [INFO] (/home/meteo/dev/redist/fwidbmgr/include/Grid.h:1595) Configuring grid: dmc_tmp
2017-11-05 04:08:59,719 null [INFO] (/home/meteo/dev/redist/fwidbmgr/include/Grid.h:1695) Grid dmc_tmp configured.
2017-11-05 04:08:59,721 null [INFO] (/home/meteo/dev/redist/fwidbmgr/include/Grid.h:1595) Configuring grid: dc_tmp
2017-11-05 04:08:59,721 null [INFO] (/home/meteo/dev/redist/fwidbmgr/include/Grid.h:1695) Grid dc_tmp configured.
2017-11-05 04:08:59,722 null [INFO] (/home/meteo/dev/redist/fwidbmgr/include/Grid.h:1595) Configuring grid: idi
2017-11-05 04:08:59,722 null [INFO] (/home/meteo/dev/redist/fwidbmgr/include/Grid.h:1695) Grid idi configured.
2017-11-05 04:08:59,724 null [INFO] (/home/meteo/dev/redist/fwidbmgr/include/Grid.h:1595) Configuring grid: angstrom
2017-11-05 04:08:59,724 null [INFO] (/home/meteo/dev/redist/fwidbmgr/include/Grid.h:1695) Grid angstrom configured.
2017-11-05 04:08:59,725 null [INFO] (/home/meteo/dev/redist/fwidbmgr/include/Grid.h:1595) Configuring grid: fmi
2017-11-05 04:08:59,725 null [INFO] (/home/meteo/dev/redist/fwidbmgr/include/Grid.h:1695) Grid fmi configured.
2017-11-05 04:08:59,726 null [INFO] (/home/meteo/dev/redist/fwidbmgr/include/Grid.h:1595) Configuring grid: sharples
2017-11-05 04:08:59,726 null [INFO] (/home/meteo/dev/redist/fwidbmgr/include/Grid.h:1695) Grid sharples configured.
2017-11-05 04:09:08,373 null [INFO] (/home/meteo/dev/redist/fwidbmgr/include/Grid.h:1595) Configuring grid: snow
2017-11-05 04:09:08,374 null [INFO] (/home/meteo/dev/redist/fwidbmgr/include/Grid.h:1695) Grid snow configured.
2017-11-05 04:09:08,374 null [INFO] (/home/meteo/dev/redist/fwidbmgr/include/Grid.h:1595) Configuring grid: snow_covering
2017-11-05 04:09:08,374 null [INFO] (/home/meteo/dev/redist/fwidbmgr/include/Grid.h:1695) Grid snow_covering configured.
2017-11-05 04:09:08,374 null [INFO] (/home/meteo/dev/redist/fwidbmgr/include/Grid.h:1595) Configuring grid: snow_dissolution
2017-11-05 04:09:08,374 null [INFO] (/home/meteo/dev/redist/fwidbmgr/include/Grid.h:1695) Grid snow_dissolution configured.
2017-11-05 04:09:08,374 null [INFO] (/home/meteo/dev/redist/fwidbmgr/include/Grid.h:1595) Configuring grid: temperature
2017-11-05 04:09:08,374 null [INFO] (/home/meteo/dev/redist/fwidbmgr/include/Grid.h:1695) Grid temperature configured.
2017-11-05 04:09:08,374 null [INFO] (/home/meteo/dev/redist/fwidbmgr/include/Grid.h:1595) Configuring grid: humidity
2017-11-05 04:09:08,374 null [INFO] (/home/meteo/dev/redist/fwidbmgr/include/Grid.h:1695) Grid humidity configured.
2017-11-05 04:09:08,374 null [INFO] (/home/meteo/dev/redist/fwidbmgr/include/Grid.h:1595) Configuring grid: windspeed
2017-11-05 04:09:08,375 null [INFO] (/home/meteo/dev/redist/fwidbmgr/include/Grid.h:1695) Grid windspeed configured.
2017-11-05 04:09:08,375 null [INFO] (/home/meteo/dev/redist/fwidbmgr/include/Grid.h:1595) Configuring grid: rain
2017-11-05 04:09:08,375 null [INFO] (/home/meteo/dev/redist/fwidbmgr/include/Grid.h:1695) Grid rain configured.
2017-11-05 04:09:08,375 null [INFO] (/home/meteo/dev/redist/fwidbmgr/include/Grid.h:1595) Configuring grid: cum_rain
2017-11-05 04:09:08,375 null [INFO] (/home/meteo/dev/redist/fwidbmgr/include/Grid.h:1695) Grid cum_rain configured.
2017-11-05 04:11:19,658 null [INFO] (../src/fwidbmgr.cpp:5660) OK --> 20171104 indexes computed.
2017-11-05 04:11:19,659 null [INFO] (../src/fwidbmgr.cpp:5695) action computeidx took about 140 seconds.
2017-11-05 04:11:19,659 null [INFO] (../src/fwidbmgr.cpp:5699) Disconnected from database.
2017-11-05 04:11:19,811 null [INFO] (../src/fwidbmgr.cpp:5361) fwi db manager
2017-11-05 04:11:19,811 null [INFO] (../src/fwidbmgr.cpp:5365) Program home: /home/meteo/dev/redist/fwidbmgr
2017-11-05 04:11:19,811 null [INFO] (../src/fwidbmgr.cpp:5369) Auto convert: 1
2017-11-05 04:11:19,811 null [INFO] (../src/fwidbmgr.cpp:446) action: exportidx.
2017-11-05 04:11:19,811 null [INFO] (../src/fwidbmgr.cpp:470) date: 20171104.
2017-11-05 04:11:19,811 null [INFO] (../src/fwidbmgr.cpp:322) Try to read: /home/meteo/dev/redist/fwidbmgr/config/fwidbmgr.conf.
2017-11-05 04:11:19,819 null [INFO] (../src/fwidbmgr.cpp:5393) Configuration parsing: OK.
2017-11-05 04:11:19,845 null [INFO] (../src/fwidbmgr.cpp:5478) Connected to database
2017-11-05 04:11:19,845 null [INFO] (../src/fwidbmgr.cpp:5480) Manage data for date: 20171104.
2017-11-05 04:11:19,845 null [INFO] (../src/fwidbmgr.cpp:5596) Exporting indexes.
2017-11-05 04:11:19,847 null [INFO] (/home/meteo/dev/redist/fwidbmgr/include/Grid.h:1595) Configuring grid: isi
2017-11-05 04:11:19,847 null [INFO] (/home/meteo/dev/redist/fwidbmgr/include/Grid.h:1695) Grid isi configured.
2017-11-05 04:11:19,848 null [INFO] (/home/meteo/dev/redist/fwidbmgr/include/Grid.h:1595) Configuring grid: fwi
2017-11-05 04:11:19,848 null [INFO] (/home/meteo/dev/redist/fwidbmgr/include/Grid.h:1695) Grid fwi configured.
2017-11-05 04:11:19,849 null [INFO] (/home/meteo/dev/redist/fwidbmgr/include/Grid.h:1595) Configuring grid: ffmc
2017-11-05 04:11:19,850 null [INFO] (/home/meteo/dev/redist/fwidbmgr/include/Grid.h:1695) Grid ffmc configured.
2017-11-05 04:11:19,851 null [INFO] (/home/meteo/dev/redist/fwidbmgr/include/Grid.h:1595) Configuring grid: dmc
2017-11-05 04:11:19,851 null [INFO] (/home/meteo/dev/redist/fwidbmgr/include/Grid.h:1695) Grid dmc configured.
2017-11-05 04:11:19,852 null [INFO] (/home/meteo/dev/redist/fwidbmgr/include/Grid.h:1595) Configuring grid: dc
2017-11-05 04:11:19,852 null [INFO] (/home/meteo/dev/redist/fwidbmgr/include/Grid.h:1695) Grid dc configured.
2017-11-05 04:11:19,854 null [INFO] (/home/meteo/dev/redist/fwidbmgr/include/Grid.h:1595) Configuring grid: bui
2017-11-05 04:11:19,854 null [INFO] (/home/meteo/dev/redist/fwidbmgr/include/Grid.h:1695) Grid bui configured.
2017-11-05 04:11:19,855 null [INFO] (/home/meteo/dev/redist/fwidbmgr/include/Grid.h:1595) Configuring grid: ffmc_tmp
2017-11-05 04:11:19,855 null [INFO] (/home/meteo/dev/redist/fwidbmgr/include/Grid.h:1695) Grid ffmc_tmp configured.
2017-11-05 04:11:19,856 null [INFO] (/home/meteo/dev/redist/fwidbmgr/include/Grid.h:1595) Configuring grid: dmc_tmp
2017-11-05 04:11:19,856 null [INFO] (/home/meteo/dev/redist/fwidbmgr/include/Grid.h:1695) Grid dmc_tmp configured.
2017-11-05 04:11:19,858 null [INFO] (/home/meteo/dev/redist/fwidbmgr/include/Grid.h:1595) Configuring grid: dc_tmp
2017-11-05 04:11:19,858 null [INFO] (/home/meteo/dev/redist/fwidbmgr/include/Grid.h:1695) Grid dc_tmp configured.
2017-11-05 04:11:19,859 null [INFO] (/home/meteo/dev/redist/fwidbmgr/include/Grid.h:1595) Configuring grid: idi
2017-11-05 04:11:19,859 null [INFO] (/home/meteo/dev/redist/fwidbmgr/include/Grid.h:1695) Grid idi configured.
2017-11-05 04:11:19,860 null [INFO] (/home/meteo/dev/redist/fwidbmgr/include/Grid.h:1595) Configuring grid: angstrom
2017-11-05 04:11:19,860 null [INFO] (/home/meteo/dev/redist/fwidbmgr/include/Grid.h:1695) Grid angstrom configured.
2017-11-05 04:11:19,862 null [INFO] (/home/meteo/dev/redist/fwidbmgr/include/Grid.h:1595) Configuring grid: fmi
2017-11-05 04:11:19,862 null [INFO] (/home/meteo/dev/redist/fwidbmgr/include/Grid.h:1695) Grid fmi configured.
2017-11-05 04:11:19,863 null [INFO] (/home/meteo/dev/redist/fwidbmgr/include/Grid.h:1595) Configuring grid: sharples
2017-11-05 04:11:19,863 null [INFO] (/home/meteo/dev/redist/fwidbmgr/include/Grid.h:1695) Grid sharples configured.
2017-11-05 04:11:31,531 null [INFO] (/home/meteo/dev/redist/fwidbmgr/include/Grid.h:1595) Configuring grid: isi
2017-11-05 04:11:31,531 null [INFO] (/home/meteo/dev/redist/fwidbmgr/include/Grid.h:1695) Grid isi configured.
2017-11-05 04:11:31,610 null [INFO] (/home/meteo/dev/redist/fwidbmgr/include/Grid.h:1595) Configuring grid: fwi
2017-11-05 04:11:31,611 null [INFO] (/home/meteo/dev/redist/fwidbmgr/include/Grid.h:1695) Grid fwi configured.
2017-11-05 04:11:31,647 null [INFO] (/home/meteo/dev/redist/fwidbmgr/include/Grid.h:1595) Configuring grid: ffmc
2017-11-05 04:11:31,648 null [INFO] (/home/meteo/dev/redist/fwidbmgr/include/Grid.h:1695) Grid ffmc configured.
2017-11-05 04:11:31,685 null [INFO] (/home/meteo/dev/redist/fwidbmgr/include/Grid.h:1595) Configuring grid: dmc
2017-11-05 04:11:31,685 null [INFO] (/home/meteo/dev/redist/fwidbmgr/include/Grid.h:1695) Grid dmc configured.
2017-11-05 04:11:31,723 null [INFO] (/home/meteo/dev/redist/fwidbmgr/include/Grid.h:1595) Configuring grid: dc
2017-11-05 04:11:31,723 null [INFO] (/home/meteo/dev/redist/fwidbmgr/include/Grid.h:1695) Grid dc configured.
2017-11-05 04:11:31,761 null [INFO] (/home/meteo/dev/redist/fwidbmgr/include/Grid.h:1595) Configuring grid: bui
2017-11-05 04:11:31,762 null [INFO] (/home/meteo/dev/redist/fwidbmgr/include/Grid.h:1695) Grid bui configured.
2017-11-05 04:11:31,800 null [INFO] (/home/meteo/dev/redist/fwidbmgr/include/Grid.h:1595) Configuring grid: ffmc_tmp
2017-11-05 04:11:31,800 null [INFO] (/home/meteo/dev/redist/fwidbmgr/include/Grid.h:1695) Grid ffmc_tmp configured.
2017-11-05 04:11:31,836 null [INFO] (/home/meteo/dev/redist/fwidbmgr/include/Grid.h:1595) Configuring grid: dmc_tmp
2017-11-05 04:11:31,836 null [INFO] (/home/meteo/dev/redist/fwidbmgr/include/Grid.h:1695) Grid dmc_tmp configured.
2017-11-05 04:11:31,871 null [INFO] (/home/meteo/dev/redist/fwidbmgr/include/Grid.h:1595) Configuring grid: dc_tmp
2017-11-05 04:11:31,871 null [INFO] (/home/meteo/dev/redist/fwidbmgr/include/Grid.h:1695) Grid dc_tmp configured.
2017-11-05 04:11:31,908 null [INFO] (/home/meteo/dev/redist/fwidbmgr/include/Grid.h:1595) Configuring grid: angstrom
2017-11-05 04:11:31,908 null [INFO] (/home/meteo/dev/redist/fwidbmgr/include/Grid.h:1695) Grid angstrom configured.
2017-11-05 04:11:31,962 null [INFO] (/home/meteo/dev/redist/fwidbmgr/include/Grid.h:1595) Configuring grid: sharples
2017-11-05 04:11:31,962 null [INFO] (/home/meteo/dev/redist/fwidbmgr/include/Grid.h:1695) Grid sharples configured.
2017-11-05 04:11:32,010 null [INFO] (/home/meteo/dev/redist/fwidbmgr/include/Grid.h:1595) Configuring grid: fmi
2017-11-05 04:11:32,010 null [INFO] (/home/meteo/dev/redist/fwidbmgr/include/Grid.h:1695) Grid fmi configured.
2017-11-05 04:11:32,058 null [INFO] (../src/fwidbmgr.cpp:5600) OK --> 20171104 indexes exported to files.
2017-11-05 04:11:32,058 null [INFO] (../src/fwidbmgr.cpp:5695) action exportidx took about 13 seconds.
2017-11-05 04:11:32,059 null [INFO] (../src/fwidbmgr.cpp:5699) Disconnected from database.
2017-11-05 04:11:59,975 null [INFO] (../src/fwidbmgr.cpp:5361) fwi db manager
2017-11-05 04:11:59,975 null [INFO] (../src/fwidbmgr.cpp:5365) Program home: /home/meteo/dev/redist/fwidbmgr
2017-11-05 04:11:59,975 null [INFO] (../src/fwidbmgr.cpp:5369) Auto convert: 1
2017-11-05 04:11:59,975 null [INFO] (../src/fwidbmgr.cpp:446) action: outimg.
2017-11-05 04:11:59,975 null [INFO] (../src/fwidbmgr.cpp:470) date: 20171104.
2017-11-05 04:11:59,975 null [INFO] (../src/fwidbmgr.cpp:322) Try to read: /home/meteo/dev/redist/fwidbmgr/config/fwidbmgr.conf.
2017-11-05 04:11:59,981 null [INFO] (../src/fwidbmgr.cpp:5393) Configuration parsing: OK.
2017-11-05 04:11:59,991 null [INFO] (../src/fwidbmgr.cpp:5478) Connected to database
2017-11-05 04:11:59,991 null [INFO] (../src/fwidbmgr.cpp:5480) Manage data for date: 20171104.
2017-11-05 04:11:59,991 null [INFO] (../src/fwidbmgr.cpp:5566) Importing fwi indexes images in database.
2017-11-05 04:12:00,364 null [INFO] (../src/fwidbmgr.cpp:5570) OK --> 20171104 images imported.
2017-11-05 04:12:00,364 null [INFO] (../src/fwidbmgr.cpp:5695) action outimg took about 1 seconds.
2017-11-05 04:12:00,364 null [INFO] (../src/fwidbmgr.cpp:5699) Disconnected from database.
2017-11-05 04:37:02,004 null [INFO] (../src/fwidbmgr.cpp:5361) fwi db manager
2017-11-05 04:37:02,004 null [INFO] (../src/fwidbmgr.cpp:5365) Program home: /home/meteo/dev/redist/fwidbmgr
2017-11-05 04:37:02,004 null [INFO] (../src/fwidbmgr.cpp:5369) Auto convert: 1
2017-11-05 04:37:02,004 null [INFO] (../src/fwidbmgr.cpp:446) action: outimg.
2017-11-05 04:37:02,004 null [INFO] (../src/fwidbmgr.cpp:470) date: 20171104.
2017-11-05 04:37:02,004 null [INFO] (../src/fwidbmgr.cpp:322) Try to read: /home/meteo/dev/redist/fwidbmgr/config/fwidbmgr.conf.
2017-11-05 04:37:02,006 null [INFO] (../src/fwidbmgr.cpp:5393) Configuration parsing: OK.
2017-11-05 04:37:02,013 null [INFO] (../src/fwidbmgr.cpp:5478) Connected to database
2017-11-05 04:37:02,013 null [INFO] (../src/fwidbmgr.cpp:5480) Manage data for date: 20171104.
2017-11-05 04:37:02,013 null [INFO] (../src/fwidbmgr.cpp:5566) Importing fwi indexes images in database.
2017-11-05 04:37:02,098 null [INFO] (../src/fwidbmgr.cpp:5570) OK --> 20171104 images imported.
2017-11-05 04:37:02,098 null [INFO] (../src/fwidbmgr.cpp:5695) action outimg took about 0 seconds.
2017-11-05 04:37:02,098 null [INFO] (../src/fwidbmgr.cpp:5699) Disconnected from database.
2017-11-05 05:05:01,237 null [INFO] (../src/fwidbmgr.cpp:5361) fwi db manager
2017-11-05 05:05:01,237 null [INFO] (../src/fwidbmgr.cpp:5365) Program home: /home/meteo/dev/redist/fwidbmgr
2017-11-05 05:05:01,237 null [INFO] (../src/fwidbmgr.cpp:5369) Auto convert: 1
2017-11-05 05:05:01,237 null [INFO] (../src/fwidbmgr.cpp:446) action: outimg.
2017-11-05 05:05:01,237 null [INFO] (../src/fwidbmgr.cpp:470) date: 20171104.
2017-11-05 05:05:01,237 null [INFO] (../src/fwidbmgr.cpp:322) Try to read: /home/meteo/dev/redist/fwidbmgr/config/fwidbmgr.conf.
2017-11-05 05:05:01,239 null [INFO] (../src/fwidbmgr.cpp:5393) Configuration parsing: OK.
2017-11-05 05:05:01,244 null [INFO] (../src/fwidbmgr.cpp:5478) Connected to database
2017-11-05 05:05:01,244 null [INFO] (../src/fwidbmgr.cpp:5480) Manage data for date: 20171104.
2017-11-05 05:05:01,244 null [INFO] (../src/fwidbmgr.cpp:5566) Importing fwi indexes images in database.
2017-11-05 05:05:01,315 null [INFO] (../src/fwidbmgr.cpp:5570) OK --> 20171104 images imported.
2017-11-05 05:05:01,316 null [INFO] (../src/fwidbmgr.cpp:5695) action outimg took about 0 seconds.
2017-11-05 05:05:01,316 null [INFO] (../src/fwidbmgr.cpp:5699) Disconnected from database.
2017-11-05 05:37:01,459 null [INFO] (../src/fwidbmgr.cpp:5361) fwi db manager
2017-11-05 05:37:01,459 null [INFO] (../src/fwidbmgr.cpp:5365) Program home: /home/meteo/dev/redist/fwidbmgr
2017-11-05 05:37:01,459 null [INFO] (../src/fwidbmgr.cpp:5369) Auto convert: 1
2017-11-05 05:37:01,459 null [INFO] (../src/fwidbmgr.cpp:446) action: outimg.
2017-11-05 05:37:01,459 null [INFO] (../src/fwidbmgr.cpp:470) date: 20171104.
2017-11-05 05:37:01,459 null [INFO] (../src/fwidbmgr.cpp:322) Try to read: /home/meteo/dev/redist/fwidbmgr/config/fwidbmgr.conf.
2017-11-05 05:37:01,461 null [INFO] (../src/fwidbmgr.cpp:5393) Configuration parsing: OK.
2017-11-05 05:37:01,467 null [INFO] (../src/fwidbmgr.cpp:5478) Connected to database
2017-11-05 05:37:01,467 null [INFO] (../src/fwidbmgr.cpp:5480) Manage data for date: 20171104.
2017-11-05 05:37:01,467 null [INFO] (../src/fwidbmgr.cpp:5566) Importing fwi indexes images in database.
2017-11-05 05:37:01,542 null [INFO] (../src/fwidbmgr.cpp:5570) OK --> 20171104 images imported.
2017-11-05 05:37:01,543 null [INFO] (../src/fwidbmgr.cpp:5695) action outimg took about 0 seconds.
2017-11-05 05:37:01,543 null [INFO] (../src/fwidbmgr.cpp:5699) Disconnected from database.
2017-11-05 06:05:01,131 null [INFO] (../src/fwidbmgr.cpp:5361) fwi db manager
2017-11-05 06:05:01,131 null [INFO] (../src/fwidbmgr.cpp:5365) Program home: /home/meteo/dev/redist/fwidbmgr
2017-11-05 06:05:01,131 null [INFO] (../src/fwidbmgr.cpp:5369) Auto convert: 1
2017-11-05 06:05:01,131 null [INFO] (../src/fwidbmgr.cpp:446) action: outimg.
2017-11-05 06:05:01,131 null [INFO] (../src/fwidbmgr.cpp:470) date: 20171104.
2017-11-05 06:05:01,131 null [INFO] (../src/fwidbmgr.cpp:322) Try to read: /home/meteo/dev/redist/fwidbmgr/config/fwidbmgr.conf.
2017-11-05 06:05:01,133 null [INFO] (../src/fwidbmgr.cpp:5393) Configuration parsing: OK.
2017-11-05 06:05:01,138 null [INFO] (../src/fwidbmgr.cpp:5478) Connected to database
2017-11-05 06:05:01,138 null [INFO] (../src/fwidbmgr.cpp:5480) Manage data for date: 20171104.
2017-11-05 06:05:01,138 null [INFO] (../src/fwidbmgr.cpp:5566) Importing fwi indexes images in database.
2017-11-05 06:05:01,220 null [INFO] (../src/fwidbmgr.cpp:5570) OK --> 20171104 images imported.
2017-11-05 06:05:01,220 null [INFO] (../src/fwidbmgr.cpp:5695) action outimg took about 0 seconds.
2017-11-05 06:05:01,220 null [INFO] (../src/fwidbmgr.cpp:5699) Disconnected from database.
2017-11-05 06:37:01,356 null [INFO] (../src/fwidbmgr.cpp:5361) fwi db manager
2017-11-05 06:37:01,356 null [INFO] (../src/fwidbmgr.cpp:5365) Program home: /home/meteo/dev/redist/fwidbmgr
2017-11-05 06:37:01,357 null [INFO] (../src/fwidbmgr.cpp:5369) Auto convert: 1
2017-11-05 06:37:01,357 null [INFO] (../src/fwidbmgr.cpp:446) action: outimg.
2017-11-05 06:37:01,357 null [INFO] (../src/fwidbmgr.cpp:470) date: 20171104.
2017-11-05 06:37:01,357 null [INFO] (../src/fwidbmgr.cpp:322) Try to read: /home/meteo/dev/redist/fwidbmgr/config/fwidbmgr.conf.
2017-11-05 06:37:01,359 null [INFO] (../src/fwidbmgr.cpp:5393) Configuration parsing: OK.
2017-11-05 06:37:01,363 null [INFO] (../src/fwidbmgr.cpp:5478) Connected to database
2017-11-05 06:37:01,363 null [INFO] (../src/fwidbmgr.cpp:5480) Manage data for date: 20171104.
2017-11-05 06:37:01,363 null [INFO] (../src/fwidbmgr.cpp:5566) Importing fwi indexes images in database.
2017-11-05 06:37:01,441 null [INFO] (../src/fwidbmgr.cpp:5570) OK --> 20171104 images imported.
2017-11-05 06:37:01,441 null [INFO] (../src/fwidbmgr.cpp:5695) action outimg took about 0 seconds.
2017-11-05 06:37:01,441 null [INFO] (../src/fwidbmgr.cpp:5699) Disconnected from database.
