2017-12-23 04:06:54,245 null [INFO] (../src/fwidbmgr.cpp:5361) fwi db manager
2017-12-23 04:06:54,245 null [INFO] (../src/fwidbmgr.cpp:5365) Program home: /home/meteo/dev/redist/fwidbmgr
2017-12-23 04:06:54,245 null [INFO] (../src/fwidbmgr.cpp:5369) Auto convert: 1
2017-12-23 04:06:54,245 null [INFO] (../src/fwidbmgr.cpp:446) action: in.
2017-12-23 04:06:54,245 null [INFO] (../src/fwidbmgr.cpp:470) date: 20171222.
2017-12-23 04:06:54,245 null [INFO] (../src/fwidbmgr.cpp:322) Try to read: /home/meteo/dev/redist/fwidbmgr/config/fwidbmgr.conf.
2017-12-23 04:06:54,263 null [INFO] (../src/fwidbmgr.cpp:5393) Configuration parsing: OK.
2017-12-23 04:06:54,285 null [INFO] (../src/fwidbmgr.cpp:5478) Connected to database
2017-12-23 04:06:54,286 null [INFO] (../src/fwidbmgr.cpp:5480) Manage data for date: 20171222.
2017-12-23 04:06:54,286 null [INFO] (../src/fwidbmgr.cpp:5536) Importing meteo data in database for day: 20171222.
2017-12-23 04:06:54,294 null [INFO] (/home/meteo/dev/redist/fwidbmgr/include/Grid.h:1595) Configuring grid: snow
2017-12-23 04:06:54,295 null [INFO] (/home/meteo/dev/redist/fwidbmgr/include/Grid.h:1695) Grid snow configured.
2017-12-23 04:06:54,306 null [INFO] (/home/meteo/dev/redist/fwidbmgr/include/Grid.h:1595) Configuring grid: snow_covering
2017-12-23 04:06:54,306 null [INFO] (/home/meteo/dev/redist/fwidbmgr/include/Grid.h:1695) Grid snow_covering configured.
2017-12-23 04:06:54,319 null [INFO] (/home/meteo/dev/redist/fwidbmgr/include/Grid.h:1595) Configuring grid: snow_dissolution
2017-12-23 04:06:54,319 null [INFO] (/home/meteo/dev/redist/fwidbmgr/include/Grid.h:1695) Grid snow_dissolution configured.
2017-12-23 04:06:54,342 null [INFO] (/home/meteo/dev/redist/fwidbmgr/include/Grid.h:1595) Configuring grid: temperature
2017-12-23 04:06:54,342 null [INFO] (/home/meteo/dev/redist/fwidbmgr/include/Grid.h:1695) Grid temperature configured.
2017-12-23 04:06:54,347 null [INFO] (/home/meteo/dev/redist/fwidbmgr/include/Grid.h:1595) Configuring grid: humidity
2017-12-23 04:06:54,348 null [INFO] (/home/meteo/dev/redist/fwidbmgr/include/Grid.h:1695) Grid humidity configured.
2017-12-23 04:06:54,358 null [INFO] (/home/meteo/dev/redist/fwidbmgr/include/Grid.h:1595) Configuring grid: windspeed
2017-12-23 04:06:54,358 null [INFO] (/home/meteo/dev/redist/fwidbmgr/include/Grid.h:1695) Grid windspeed configured.
2017-12-23 04:06:54,379 null [INFO] (/home/meteo/dev/redist/fwidbmgr/include/Grid.h:1595) Configuring grid: rain
2017-12-23 04:06:54,379 null [INFO] (/home/meteo/dev/redist/fwidbmgr/include/Grid.h:1695) Grid rain configured.
2017-12-23 04:06:54,382 null [INFO] (/home/meteo/dev/redist/fwidbmgr/include/Grid.h:1595) Configuring grid: cum_rain
2017-12-23 04:06:54,382 null [INFO] (/home/meteo/dev/redist/fwidbmgr/include/Grid.h:1695) Grid cum_rain configured.
2017-12-23 04:07:00,951 null [INFO] (../src/fwidbmgr.cpp:1518) Storing meteo input ...
2017-12-23 04:07:18,951 null [INFO] (../src/fwidbmgr.cpp:5540) OK --> 20171222 data imported.
2017-12-23 04:07:19,005 null [INFO] (../src/fwidbmgr.cpp:5695) action in took about 25 seconds.
2017-12-23 04:07:19,157 null [INFO] (../src/fwidbmgr.cpp:5699) Disconnected from database.
2017-12-23 04:08:29,551 null [INFO] (../src/fwidbmgr.cpp:5361) fwi db manager
2017-12-23 04:08:29,551 null [INFO] (../src/fwidbmgr.cpp:5365) Program home: /home/meteo/dev/redist/fwidbmgr
2017-12-23 04:08:29,551 null [INFO] (../src/fwidbmgr.cpp:5369) Auto convert: 1
2017-12-23 04:08:29,551 null [INFO] (../src/fwidbmgr.cpp:446) action: out.
2017-12-23 04:08:29,551 null [INFO] (../src/fwidbmgr.cpp:470) date: 20171222.
2017-12-23 04:08:29,551 null [INFO] (../src/fwidbmgr.cpp:322) Try to read: /home/meteo/dev/redist/fwidbmgr/config/fwidbmgr.conf.
2017-12-23 04:08:29,560 null [INFO] (../src/fwidbmgr.cpp:5393) Configuration parsing: OK.
2017-12-23 04:08:29,645 null [INFO] (../src/fwidbmgr.cpp:5478) Connected to database
2017-12-23 04:08:29,645 null [INFO] (../src/fwidbmgr.cpp:5480) Manage data for date: 20171222.
2017-12-23 04:08:29,645 null [INFO] (../src/fwidbmgr.cpp:5551) Importing fwi indexes data in database for day: 20171222.
2017-12-23 04:08:29,653 null [INFO] (/home/meteo/dev/redist/fwidbmgr/include/Grid.h:1595) Configuring grid: isi
2017-12-23 04:08:29,653 null [INFO] (/home/meteo/dev/redist/fwidbmgr/include/Grid.h:1695) Grid isi configured.
2017-12-23 04:08:29,667 null [INFO] (/home/meteo/dev/redist/fwidbmgr/include/Grid.h:1595) Configuring grid: fwi
2017-12-23 04:08:29,667 null [INFO] (/home/meteo/dev/redist/fwidbmgr/include/Grid.h:1695) Grid fwi configured.
2017-12-23 04:08:29,682 null [INFO] (/home/meteo/dev/redist/fwidbmgr/include/Grid.h:1595) Configuring grid: ffmc
2017-12-23 04:08:29,682 null [INFO] (/home/meteo/dev/redist/fwidbmgr/include/Grid.h:1695) Grid ffmc configured.
2017-12-23 04:08:29,695 null [INFO] (/home/meteo/dev/redist/fwidbmgr/include/Grid.h:1595) Configuring grid: dmc
2017-12-23 04:08:29,695 null [INFO] (/home/meteo/dev/redist/fwidbmgr/include/Grid.h:1695) Grid dmc configured.
2017-12-23 04:08:29,708 null [INFO] (/home/meteo/dev/redist/fwidbmgr/include/Grid.h:1595) Configuring grid: dc
2017-12-23 04:08:29,708 null [INFO] (/home/meteo/dev/redist/fwidbmgr/include/Grid.h:1695) Grid dc configured.
2017-12-23 04:08:29,721 null [INFO] (/home/meteo/dev/redist/fwidbmgr/include/Grid.h:1595) Configuring grid: bui
2017-12-23 04:08:29,721 null [INFO] (/home/meteo/dev/redist/fwidbmgr/include/Grid.h:1695) Grid bui configured.
2017-12-23 04:08:29,734 null [INFO] (/home/meteo/dev/redist/fwidbmgr/include/Grid.h:1595) Configuring grid: ffmc_tmp
2017-12-23 04:08:29,734 null [INFO] (/home/meteo/dev/redist/fwidbmgr/include/Grid.h:1695) Grid ffmc_tmp configured.
2017-12-23 04:08:29,783 null [INFO] (/home/meteo/dev/redist/fwidbmgr/include/Grid.h:1595) Configuring grid: dmc_tmp
2017-12-23 04:08:29,783 null [INFO] (/home/meteo/dev/redist/fwidbmgr/include/Grid.h:1695) Grid dmc_tmp configured.
2017-12-23 04:08:29,804 null [INFO] (/home/meteo/dev/redist/fwidbmgr/include/Grid.h:1595) Configuring grid: dc_tmp
2017-12-23 04:08:29,804 null [INFO] (/home/meteo/dev/redist/fwidbmgr/include/Grid.h:1695) Grid dc_tmp configured.
2017-12-23 04:08:29,824 null [INFO] (/home/meteo/dev/redist/fwidbmgr/include/Grid.h:1595) Configuring grid: idi
2017-12-23 04:08:29,824 null [INFO] (/home/meteo/dev/redist/fwidbmgr/include/Grid.h:1695) Grid idi configured.
2017-12-23 04:08:41,810 null [INFO] (../src/fwidbmgr.cpp:2081) Storing FWI indexes ...
2017-12-23 04:09:15,997 null [INFO] (../src/fwidbmgr.cpp:5555) OK --> 20171222 data imported.
2017-12-23 04:09:15,997 null [INFO] (../src/fwidbmgr.cpp:5695) action out took about 46 seconds.
2017-12-23 04:09:15,998 null [INFO] (../src/fwidbmgr.cpp:5699) Disconnected from database.
2017-12-23 04:09:16,275 null [INFO] (../src/fwidbmgr.cpp:5361) fwi db manager
2017-12-23 04:09:16,275 null [INFO] (../src/fwidbmgr.cpp:5365) Program home: /home/meteo/dev/redist/fwidbmgr
2017-12-23 04:09:16,275 null [INFO] (../src/fwidbmgr.cpp:5369) Auto convert: 1
2017-12-23 04:09:16,275 null [INFO] (../src/fwidbmgr.cpp:446) action: computeidx.
2017-12-23 04:09:16,275 null [INFO] (../src/fwidbmgr.cpp:470) date: 20171222.
2017-12-23 04:09:16,275 null [INFO] (../src/fwidbmgr.cpp:322) Try to read: /home/meteo/dev/redist/fwidbmgr/config/fwidbmgr.conf.
2017-12-23 04:09:16,281 null [INFO] (../src/fwidbmgr.cpp:5393) Configuration parsing: OK.
2017-12-23 04:09:16,306 null [INFO] (../src/fwidbmgr.cpp:5478) Connected to database
2017-12-23 04:09:16,306 null [INFO] (../src/fwidbmgr.cpp:5480) Manage data for date: 20171222.
2017-12-23 04:09:16,306 null [INFO] (../src/fwidbmgr.cpp:5656) Computing indexes.
2017-12-23 04:09:16,308 null [INFO] (/home/meteo/dev/redist/fwidbmgr/include/Grid.h:1595) Configuring grid: isi
2017-12-23 04:09:16,308 null [INFO] (/home/meteo/dev/redist/fwidbmgr/include/Grid.h:1695) Grid isi configured.
2017-12-23 04:09:16,309 null [INFO] (/home/meteo/dev/redist/fwidbmgr/include/Grid.h:1595) Configuring grid: fwi
2017-12-23 04:09:16,309 null [INFO] (/home/meteo/dev/redist/fwidbmgr/include/Grid.h:1695) Grid fwi configured.
2017-12-23 04:09:16,311 null [INFO] (/home/meteo/dev/redist/fwidbmgr/include/Grid.h:1595) Configuring grid: ffmc
2017-12-23 04:09:16,324 null [INFO] (/home/meteo/dev/redist/fwidbmgr/include/Grid.h:1695) Grid ffmc configured.
2017-12-23 04:09:16,325 null [INFO] (/home/meteo/dev/redist/fwidbmgr/include/Grid.h:1595) Configuring grid: dmc
2017-12-23 04:09:16,325 null [INFO] (/home/meteo/dev/redist/fwidbmgr/include/Grid.h:1695) Grid dmc configured.
2017-12-23 04:09:16,326 null [INFO] (/home/meteo/dev/redist/fwidbmgr/include/Grid.h:1595) Configuring grid: dc
2017-12-23 04:09:16,326 null [INFO] (/home/meteo/dev/redist/fwidbmgr/include/Grid.h:1695) Grid dc configured.
2017-12-23 04:09:16,328 null [INFO] (/home/meteo/dev/redist/fwidbmgr/include/Grid.h:1595) Configuring grid: bui
2017-12-23 04:09:16,328 null [INFO] (/home/meteo/dev/redist/fwidbmgr/include/Grid.h:1695) Grid bui configured.
2017-12-23 04:09:16,329 null [INFO] (/home/meteo/dev/redist/fwidbmgr/include/Grid.h:1595) Configuring grid: ffmc_tmp
2017-12-23 04:09:16,329 null [INFO] (/home/meteo/dev/redist/fwidbmgr/include/Grid.h:1695) Grid ffmc_tmp configured.
2017-12-23 04:09:16,330 null [INFO] (/home/meteo/dev/redist/fwidbmgr/include/Grid.h:1595) Configuring grid: dmc_tmp
2017-12-23 04:09:16,330 null [INFO] (/home/meteo/dev/redist/fwidbmgr/include/Grid.h:1695) Grid dmc_tmp configured.
2017-12-23 04:09:16,332 null [INFO] (/home/meteo/dev/redist/fwidbmgr/include/Grid.h:1595) Configuring grid: dc_tmp
2017-12-23 04:09:16,332 null [INFO] (/home/meteo/dev/redist/fwidbmgr/include/Grid.h:1695) Grid dc_tmp configured.
2017-12-23 04:09:16,333 null [INFO] (/home/meteo/dev/redist/fwidbmgr/include/Grid.h:1595) Configuring grid: idi
2017-12-23 04:09:16,333 null [INFO] (/home/meteo/dev/redist/fwidbmgr/include/Grid.h:1695) Grid idi configured.
2017-12-23 04:09:16,334 null [INFO] (/home/meteo/dev/redist/fwidbmgr/include/Grid.h:1595) Configuring grid: angstrom
2017-12-23 04:09:16,334 null [INFO] (/home/meteo/dev/redist/fwidbmgr/include/Grid.h:1695) Grid angstrom configured.
2017-12-23 04:09:16,336 null [INFO] (/home/meteo/dev/redist/fwidbmgr/include/Grid.h:1595) Configuring grid: fmi
2017-12-23 04:09:16,336 null [INFO] (/home/meteo/dev/redist/fwidbmgr/include/Grid.h:1695) Grid fmi configured.
2017-12-23 04:09:16,337 null [INFO] (/home/meteo/dev/redist/fwidbmgr/include/Grid.h:1595) Configuring grid: sharples
2017-12-23 04:09:16,337 null [INFO] (/home/meteo/dev/redist/fwidbmgr/include/Grid.h:1695) Grid sharples configured.
2017-12-23 04:09:29,312 null [INFO] (/home/meteo/dev/redist/fwidbmgr/include/Grid.h:1595) Configuring grid: snow
2017-12-23 04:09:29,313 null [INFO] (/home/meteo/dev/redist/fwidbmgr/include/Grid.h:1695) Grid snow configured.
2017-12-23 04:09:29,313 null [INFO] (/home/meteo/dev/redist/fwidbmgr/include/Grid.h:1595) Configuring grid: snow_covering
2017-12-23 04:09:29,313 null [INFO] (/home/meteo/dev/redist/fwidbmgr/include/Grid.h:1695) Grid snow_covering configured.
2017-12-23 04:09:29,313 null [INFO] (/home/meteo/dev/redist/fwidbmgr/include/Grid.h:1595) Configuring grid: snow_dissolution
2017-12-23 04:09:29,313 null [INFO] (/home/meteo/dev/redist/fwidbmgr/include/Grid.h:1695) Grid snow_dissolution configured.
2017-12-23 04:09:29,313 null [INFO] (/home/meteo/dev/redist/fwidbmgr/include/Grid.h:1595) Configuring grid: temperature
2017-12-23 04:09:29,313 null [INFO] (/home/meteo/dev/redist/fwidbmgr/include/Grid.h:1695) Grid temperature configured.
2017-12-23 04:09:29,313 null [INFO] (/home/meteo/dev/redist/fwidbmgr/include/Grid.h:1595) Configuring grid: humidity
2017-12-23 04:09:29,313 null [INFO] (/home/meteo/dev/redist/fwidbmgr/include/Grid.h:1695) Grid humidity configured.
2017-12-23 04:09:29,313 null [INFO] (/home/meteo/dev/redist/fwidbmgr/include/Grid.h:1595) Configuring grid: windspeed
2017-12-23 04:09:29,314 null [INFO] (/home/meteo/dev/redist/fwidbmgr/include/Grid.h:1695) Grid windspeed configured.
2017-12-23 04:09:29,314 null [INFO] (/home/meteo/dev/redist/fwidbmgr/include/Grid.h:1595) Configuring grid: rain
2017-12-23 04:09:29,314 null [INFO] (/home/meteo/dev/redist/fwidbmgr/include/Grid.h:1695) Grid rain configured.
2017-12-23 04:09:29,314 null [INFO] (/home/meteo/dev/redist/fwidbmgr/include/Grid.h:1595) Configuring grid: cum_rain
2017-12-23 04:09:29,314 null [INFO] (/home/meteo/dev/redist/fwidbmgr/include/Grid.h:1695) Grid cum_rain configured.
2017-12-23 04:11:58,722 null [INFO] (../src/fwidbmgr.cpp:5660) OK --> 20171222 indexes computed.
2017-12-23 04:11:58,723 null [INFO] (../src/fwidbmgr.cpp:5695) action computeidx took about 162 seconds.
2017-12-23 04:11:58,723 null [INFO] (../src/fwidbmgr.cpp:5699) Disconnected from database.
2017-12-23 04:11:58,913 null [INFO] (../src/fwidbmgr.cpp:5361) fwi db manager
2017-12-23 04:11:58,913 null [INFO] (../src/fwidbmgr.cpp:5365) Program home: /home/meteo/dev/redist/fwidbmgr
2017-12-23 04:11:58,913 null [INFO] (../src/fwidbmgr.cpp:5369) Auto convert: 1
2017-12-23 04:11:58,913 null [INFO] (../src/fwidbmgr.cpp:446) action: exportidx.
2017-12-23 04:11:58,913 null [INFO] (../src/fwidbmgr.cpp:470) date: 20171222.
2017-12-23 04:11:58,913 null [INFO] (../src/fwidbmgr.cpp:322) Try to read: /home/meteo/dev/redist/fwidbmgr/config/fwidbmgr.conf.
2017-12-23 04:11:58,922 null [INFO] (../src/fwidbmgr.cpp:5393) Configuration parsing: OK.
2017-12-23 04:11:58,945 null [INFO] (../src/fwidbmgr.cpp:5478) Connected to database
2017-12-23 04:11:58,945 null [INFO] (../src/fwidbmgr.cpp:5480) Manage data for date: 20171222.
2017-12-23 04:11:58,946 null [INFO] (../src/fwidbmgr.cpp:5596) Exporting indexes.
2017-12-23 04:11:58,947 null [INFO] (/home/meteo/dev/redist/fwidbmgr/include/Grid.h:1595) Configuring grid: isi
2017-12-23 04:11:58,947 null [INFO] (/home/meteo/dev/redist/fwidbmgr/include/Grid.h:1695) Grid isi configured.
2017-12-23 04:11:58,949 null [INFO] (/home/meteo/dev/redist/fwidbmgr/include/Grid.h:1595) Configuring grid: fwi
2017-12-23 04:11:58,949 null [INFO] (/home/meteo/dev/redist/fwidbmgr/include/Grid.h:1695) Grid fwi configured.
2017-12-23 04:11:58,950 null [INFO] (/home/meteo/dev/redist/fwidbmgr/include/Grid.h:1595) Configuring grid: ffmc
2017-12-23 04:11:58,951 null [INFO] (/home/meteo/dev/redist/fwidbmgr/include/Grid.h:1695) Grid ffmc configured.
2017-12-23 04:11:58,952 null [INFO] (/home/meteo/dev/redist/fwidbmgr/include/Grid.h:1595) Configuring grid: dmc
2017-12-23 04:11:58,952 null [INFO] (/home/meteo/dev/redist/fwidbmgr/include/Grid.h:1695) Grid dmc configured.
2017-12-23 04:11:58,953 null [INFO] (/home/meteo/dev/redist/fwidbmgr/include/Grid.h:1595) Configuring grid: dc
2017-12-23 04:11:58,953 null [INFO] (/home/meteo/dev/redist/fwidbmgr/include/Grid.h:1695) Grid dc configured.
2017-12-23 04:11:58,955 null [INFO] (/home/meteo/dev/redist/fwidbmgr/include/Grid.h:1595) Configuring grid: bui
2017-12-23 04:11:58,955 null [INFO] (/home/meteo/dev/redist/fwidbmgr/include/Grid.h:1695) Grid bui configured.
2017-12-23 04:11:58,956 null [INFO] (/home/meteo/dev/redist/fwidbmgr/include/Grid.h:1595) Configuring grid: ffmc_tmp
2017-12-23 04:11:58,956 null [INFO] (/home/meteo/dev/redist/fwidbmgr/include/Grid.h:1695) Grid ffmc_tmp configured.
2017-12-23 04:11:58,958 null [INFO] (/home/meteo/dev/redist/fwidbmgr/include/Grid.h:1595) Configuring grid: dmc_tmp
2017-12-23 04:11:58,958 null [INFO] (/home/meteo/dev/redist/fwidbmgr/include/Grid.h:1695) Grid dmc_tmp configured.
2017-12-23 04:11:58,959 null [INFO] (/home/meteo/dev/redist/fwidbmgr/include/Grid.h:1595) Configuring grid: dc_tmp
2017-12-23 04:11:58,959 null [INFO] (/home/meteo/dev/redist/fwidbmgr/include/Grid.h:1695) Grid dc_tmp configured.
2017-12-23 04:11:58,961 null [INFO] (/home/meteo/dev/redist/fwidbmgr/include/Grid.h:1595) Configuring grid: idi
2017-12-23 04:11:58,961 null [INFO] (/home/meteo/dev/redist/fwidbmgr/include/Grid.h:1695) Grid idi configured.
2017-12-23 04:11:58,962 null [INFO] (/home/meteo/dev/redist/fwidbmgr/include/Grid.h:1595) Configuring grid: angstrom
2017-12-23 04:11:58,962 null [INFO] (/home/meteo/dev/redist/fwidbmgr/include/Grid.h:1695) Grid angstrom configured.
2017-12-23 04:11:58,964 null [INFO] (/home/meteo/dev/redist/fwidbmgr/include/Grid.h:1595) Configuring grid: fmi
2017-12-23 04:11:58,964 null [INFO] (/home/meteo/dev/redist/fwidbmgr/include/Grid.h:1695) Grid fmi configured.
2017-12-23 04:11:58,965 null [INFO] (/home/meteo/dev/redist/fwidbmgr/include/Grid.h:1595) Configuring grid: sharples
2017-12-23 04:11:58,965 null [INFO] (/home/meteo/dev/redist/fwidbmgr/include/Grid.h:1695) Grid sharples configured.
2017-12-23 04:12:09,263 null [INFO] (/home/meteo/dev/redist/fwidbmgr/include/Grid.h:1595) Configuring grid: isi
2017-12-23 04:12:09,268 null [INFO] (/home/meteo/dev/redist/fwidbmgr/include/Grid.h:1695) Grid isi configured.
2017-12-23 04:12:09,331 null [INFO] (/home/meteo/dev/redist/fwidbmgr/include/Grid.h:1595) Configuring grid: fwi
2017-12-23 04:12:09,331 null [INFO] (/home/meteo/dev/redist/fwidbmgr/include/Grid.h:1695) Grid fwi configured.
2017-12-23 04:12:09,368 null [INFO] (/home/meteo/dev/redist/fwidbmgr/include/Grid.h:1595) Configuring grid: ffmc
2017-12-23 04:12:09,368 null [INFO] (/home/meteo/dev/redist/fwidbmgr/include/Grid.h:1695) Grid ffmc configured.
2017-12-23 04:12:09,407 null [INFO] (/home/meteo/dev/redist/fwidbmgr/include/Grid.h:1595) Configuring grid: dmc
2017-12-23 04:12:09,407 null [INFO] (/home/meteo/dev/redist/fwidbmgr/include/Grid.h:1695) Grid dmc configured.
2017-12-23 04:12:09,445 null [INFO] (/home/meteo/dev/redist/fwidbmgr/include/Grid.h:1595) Configuring grid: dc
2017-12-23 04:12:09,445 null [INFO] (/home/meteo/dev/redist/fwidbmgr/include/Grid.h:1695) Grid dc configured.
2017-12-23 04:12:09,483 null [INFO] (/home/meteo/dev/redist/fwidbmgr/include/Grid.h:1595) Configuring grid: bui
2017-12-23 04:12:09,483 null [INFO] (/home/meteo/dev/redist/fwidbmgr/include/Grid.h:1695) Grid bui configured.
2017-12-23 04:12:09,520 null [INFO] (/home/meteo/dev/redist/fwidbmgr/include/Grid.h:1595) Configuring grid: ffmc_tmp
2017-12-23 04:12:09,520 null [INFO] (/home/meteo/dev/redist/fwidbmgr/include/Grid.h:1695) Grid ffmc_tmp configured.
2017-12-23 04:12:09,557 null [INFO] (/home/meteo/dev/redist/fwidbmgr/include/Grid.h:1595) Configuring grid: dmc_tmp
2017-12-23 04:12:09,557 null [INFO] (/home/meteo/dev/redist/fwidbmgr/include/Grid.h:1695) Grid dmc_tmp configured.
2017-12-23 04:12:09,591 null [INFO] (/home/meteo/dev/redist/fwidbmgr/include/Grid.h:1595) Configuring grid: dc_tmp
2017-12-23 04:12:09,592 null [INFO] (/home/meteo/dev/redist/fwidbmgr/include/Grid.h:1695) Grid dc_tmp configured.
2017-12-23 04:12:09,628 null [INFO] (/home/meteo/dev/redist/fwidbmgr/include/Grid.h:1595) Configuring grid: angstrom
2017-12-23 04:12:09,628 null [INFO] (/home/meteo/dev/redist/fwidbmgr/include/Grid.h:1695) Grid angstrom configured.
2017-12-23 04:12:09,684 null [INFO] (/home/meteo/dev/redist/fwidbmgr/include/Grid.h:1595) Configuring grid: sharples
2017-12-23 04:12:09,685 null [INFO] (/home/meteo/dev/redist/fwidbmgr/include/Grid.h:1695) Grid sharples configured.
2017-12-23 04:12:09,727 null [INFO] (/home/meteo/dev/redist/fwidbmgr/include/Grid.h:1595) Configuring grid: fmi
2017-12-23 04:12:09,727 null [INFO] (/home/meteo/dev/redist/fwidbmgr/include/Grid.h:1695) Grid fmi configured.
2017-12-23 04:12:09,770 null [INFO] (../src/fwidbmgr.cpp:5600) OK --> 20171222 indexes exported to files.
2017-12-23 04:12:09,770 null [INFO] (../src/fwidbmgr.cpp:5695) action exportidx took about 11 seconds.
2017-12-23 04:12:09,770 null [INFO] (../src/fwidbmgr.cpp:5699) Disconnected from database.
2017-12-23 04:12:37,631 null [INFO] (../src/fwidbmgr.cpp:5361) fwi db manager
2017-12-23 04:12:37,631 null [INFO] (../src/fwidbmgr.cpp:5365) Program home: /home/meteo/dev/redist/fwidbmgr
2017-12-23 04:12:37,631 null [INFO] (../src/fwidbmgr.cpp:5369) Auto convert: 1
2017-12-23 04:12:37,631 null [INFO] (../src/fwidbmgr.cpp:446) action: outimg.
2017-12-23 04:12:37,631 null [INFO] (../src/fwidbmgr.cpp:470) date: 20171222.
2017-12-23 04:12:37,631 null [INFO] (../src/fwidbmgr.cpp:322) Try to read: /home/meteo/dev/redist/fwidbmgr/config/fwidbmgr.conf.
2017-12-23 04:12:37,637 null [INFO] (../src/fwidbmgr.cpp:5393) Configuration parsing: OK.
2017-12-23 04:12:37,648 null [INFO] (../src/fwidbmgr.cpp:5478) Connected to database
2017-12-23 04:12:37,648 null [INFO] (../src/fwidbmgr.cpp:5480) Manage data for date: 20171222.
2017-12-23 04:12:37,648 null [INFO] (../src/fwidbmgr.cpp:5566) Importing fwi indexes images in database.
2017-12-23 04:12:38,026 null [INFO] (../src/fwidbmgr.cpp:5570) OK --> 20171222 images imported.
2017-12-23 04:12:38,026 null [INFO] (../src/fwidbmgr.cpp:5695) action outimg took about 1 seconds.
2017-12-23 04:12:38,027 null [INFO] (../src/fwidbmgr.cpp:5699) Disconnected from database.
2017-12-23 04:37:01,733 null [INFO] (../src/fwidbmgr.cpp:5361) fwi db manager
2017-12-23 04:37:01,733 null [INFO] (../src/fwidbmgr.cpp:5365) Program home: /home/meteo/dev/redist/fwidbmgr
2017-12-23 04:37:01,733 null [INFO] (../src/fwidbmgr.cpp:5369) Auto convert: 1
2017-12-23 04:37:01,733 null [INFO] (../src/fwidbmgr.cpp:446) action: outimg.
2017-12-23 04:37:01,733 null [INFO] (../src/fwidbmgr.cpp:470) date: 20171222.
2017-12-23 04:37:01,733 null [INFO] (../src/fwidbmgr.cpp:322) Try to read: /home/meteo/dev/redist/fwidbmgr/config/fwidbmgr.conf.
2017-12-23 04:37:01,735 null [INFO] (../src/fwidbmgr.cpp:5393) Configuration parsing: OK.
2017-12-23 04:37:01,740 null [INFO] (../src/fwidbmgr.cpp:5478) Connected to database
2017-12-23 04:37:01,740 null [INFO] (../src/fwidbmgr.cpp:5480) Manage data for date: 20171222.
2017-12-23 04:37:01,740 null [INFO] (../src/fwidbmgr.cpp:5566) Importing fwi indexes images in database.
2017-12-23 04:37:01,844 null [INFO] (../src/fwidbmgr.cpp:5570) OK --> 20171222 images imported.
2017-12-23 04:37:01,844 null [INFO] (../src/fwidbmgr.cpp:5695) action outimg took about 0 seconds.
2017-12-23 04:37:01,844 null [INFO] (../src/fwidbmgr.cpp:5699) Disconnected from database.
2017-12-23 05:05:01,979 null [INFO] (../src/fwidbmgr.cpp:5361) fwi db manager
2017-12-23 05:05:01,979 null [INFO] (../src/fwidbmgr.cpp:5365) Program home: /home/meteo/dev/redist/fwidbmgr
2017-12-23 05:05:01,979 null [INFO] (../src/fwidbmgr.cpp:5369) Auto convert: 1
2017-12-23 05:05:01,979 null [INFO] (../src/fwidbmgr.cpp:446) action: outimg.
2017-12-23 05:05:01,979 null [INFO] (../src/fwidbmgr.cpp:470) date: 20171222.
2017-12-23 05:05:01,979 null [INFO] (../src/fwidbmgr.cpp:322) Try to read: /home/meteo/dev/redist/fwidbmgr/config/fwidbmgr.conf.
2017-12-23 05:05:01,981 null [INFO] (../src/fwidbmgr.cpp:5393) Configuration parsing: OK.
2017-12-23 05:05:01,986 null [INFO] (../src/fwidbmgr.cpp:5478) Connected to database
2017-12-23 05:05:01,987 null [INFO] (../src/fwidbmgr.cpp:5480) Manage data for date: 20171222.
2017-12-23 05:05:01,987 null [INFO] (../src/fwidbmgr.cpp:5566) Importing fwi indexes images in database.
2017-12-23 05:05:02,065 null [INFO] (../src/fwidbmgr.cpp:5570) OK --> 20171222 images imported.
2017-12-23 05:05:02,065 null [INFO] (../src/fwidbmgr.cpp:5695) action outimg took about 1 seconds.
2017-12-23 05:05:02,066 null [INFO] (../src/fwidbmgr.cpp:5699) Disconnected from database.
2017-12-23 05:37:01,209 null [INFO] (../src/fwidbmgr.cpp:5361) fwi db manager
2017-12-23 05:37:01,210 null [INFO] (../src/fwidbmgr.cpp:5365) Program home: /home/meteo/dev/redist/fwidbmgr
2017-12-23 05:37:01,210 null [INFO] (../src/fwidbmgr.cpp:5369) Auto convert: 1
2017-12-23 05:37:01,210 null [INFO] (../src/fwidbmgr.cpp:446) action: outimg.
2017-12-23 05:37:01,210 null [INFO] (../src/fwidbmgr.cpp:470) date: 20171222.
2017-12-23 05:37:01,210 null [INFO] (../src/fwidbmgr.cpp:322) Try to read: /home/meteo/dev/redist/fwidbmgr/config/fwidbmgr.conf.
2017-12-23 05:37:01,212 null [INFO] (../src/fwidbmgr.cpp:5393) Configuration parsing: OK.
2017-12-23 05:37:01,217 null [INFO] (../src/fwidbmgr.cpp:5478) Connected to database
2017-12-23 05:37:01,217 null [INFO] (../src/fwidbmgr.cpp:5480) Manage data for date: 20171222.
2017-12-23 05:37:01,217 null [INFO] (../src/fwidbmgr.cpp:5566) Importing fwi indexes images in database.
2017-12-23 05:37:01,298 null [INFO] (../src/fwidbmgr.cpp:5570) OK --> 20171222 images imported.
2017-12-23 05:37:01,298 null [INFO] (../src/fwidbmgr.cpp:5695) action outimg took about 0 seconds.
2017-12-23 05:37:01,299 null [INFO] (../src/fwidbmgr.cpp:5699) Disconnected from database.
2017-12-23 06:05:01,862 null [INFO] (../src/fwidbmgr.cpp:5361) fwi db manager
2017-12-23 06:05:01,862 null [INFO] (../src/fwidbmgr.cpp:5365) Program home: /home/meteo/dev/redist/fwidbmgr
2017-12-23 06:05:01,862 null [INFO] (../src/fwidbmgr.cpp:5369) Auto convert: 1
2017-12-23 06:05:01,862 null [INFO] (../src/fwidbmgr.cpp:446) action: outimg.
2017-12-23 06:05:01,862 null [INFO] (../src/fwidbmgr.cpp:470) date: 20171222.
2017-12-23 06:05:01,862 null [INFO] (../src/fwidbmgr.cpp:322) Try to read: /home/meteo/dev/redist/fwidbmgr/config/fwidbmgr.conf.
2017-12-23 06:05:01,864 null [INFO] (../src/fwidbmgr.cpp:5393) Configuration parsing: OK.
2017-12-23 06:05:01,870 null [INFO] (../src/fwidbmgr.cpp:5478) Connected to database
2017-12-23 06:05:01,870 null [INFO] (../src/fwidbmgr.cpp:5480) Manage data for date: 20171222.
2017-12-23 06:05:01,870 null [INFO] (../src/fwidbmgr.cpp:5566) Importing fwi indexes images in database.
2017-12-23 06:05:01,982 null [INFO] (../src/fwidbmgr.cpp:5570) OK --> 20171222 images imported.
2017-12-23 06:05:01,982 null [INFO] (../src/fwidbmgr.cpp:5695) action outimg took about 0 seconds.
2017-12-23 06:05:01,983 null [INFO] (../src/fwidbmgr.cpp:5699) Disconnected from database.
2017-12-23 06:37:01,130 null [INFO] (../src/fwidbmgr.cpp:5361) fwi db manager
2017-12-23 06:37:01,131 null [INFO] (../src/fwidbmgr.cpp:5365) Program home: /home/meteo/dev/redist/fwidbmgr
2017-12-23 06:37:01,131 null [INFO] (../src/fwidbmgr.cpp:5369) Auto convert: 1
2017-12-23 06:37:01,131 null [INFO] (../src/fwidbmgr.cpp:446) action: outimg.
2017-12-23 06:37:01,131 null [INFO] (../src/fwidbmgr.cpp:470) date: 20171222.
2017-12-23 06:37:01,131 null [INFO] (../src/fwidbmgr.cpp:322) Try to read: /home/meteo/dev/redist/fwidbmgr/config/fwidbmgr.conf.
2017-12-23 06:37:01,133 null [INFO] (../src/fwidbmgr.cpp:5393) Configuration parsing: OK.
2017-12-23 06:37:01,138 null [INFO] (../src/fwidbmgr.cpp:5478) Connected to database
2017-12-23 06:37:01,138 null [INFO] (../src/fwidbmgr.cpp:5480) Manage data for date: 20171222.
2017-12-23 06:37:01,138 null [INFO] (../src/fwidbmgr.cpp:5566) Importing fwi indexes images in database.
2017-12-23 06:37:01,217 null [INFO] (../src/fwidbmgr.cpp:5570) OK --> 20171222 images imported.
2017-12-23 06:37:01,217 null [INFO] (../src/fwidbmgr.cpp:5695) action outimg took about 0 seconds.
2017-12-23 06:37:01,218 null [INFO] (../src/fwidbmgr.cpp:5699) Disconnected from database.
