2019-03-01 05:05:57,903 null [INFO] (../src/fwidbmgr.cpp:5361) fwi db manager
2019-03-01 05:05:57,903 null [INFO] (../src/fwidbmgr.cpp:5365) Program home: /home/meteo/dev/redist/fwidbmgr
2019-03-01 05:05:57,903 null [INFO] (../src/fwidbmgr.cpp:5369) Auto convert: 1
2019-03-01 05:05:57,903 null [INFO] (../src/fwidbmgr.cpp:446) action: in.
2019-03-01 05:05:57,903 null [INFO] (../src/fwidbmgr.cpp:470) date: 20190228.
2019-03-01 05:05:57,903 null [INFO] (../src/fwidbmgr.cpp:322) Try to read: /home/meteo/dev/redist/fwidbmgr/config/fwidbmgr.conf.
2019-03-01 05:05:57,907 null [INFO] (../src/fwidbmgr.cpp:5393) Configuration parsing: OK.
2019-03-01 05:05:57,920 null [INFO] (../src/fwidbmgr.cpp:5478) Connected to database
2019-03-01 05:05:57,920 null [INFO] (../src/fwidbmgr.cpp:5480) Manage data for date: 20190228.
2019-03-01 05:05:57,920 null [INFO] (../src/fwidbmgr.cpp:5536) Importing meteo data in database for day: 20190228.
2019-03-01 05:05:57,924 null [INFO] (/home/meteo/dev/redist/fwidbmgr/include/Grid.h:1595) Configuring grid: snow
2019-03-01 05:05:57,924 null [INFO] (/home/meteo/dev/redist/fwidbmgr/include/Grid.h:1695) Grid snow configured.
2019-03-01 05:05:57,936 null [INFO] (/home/meteo/dev/redist/fwidbmgr/include/Grid.h:1595) Configuring grid: snow_covering
2019-03-01 05:05:57,936 null [INFO] (/home/meteo/dev/redist/fwidbmgr/include/Grid.h:1695) Grid snow_covering configured.
2019-03-01 05:05:57,943 null [INFO] (/home/meteo/dev/redist/fwidbmgr/include/Grid.h:1595) Configuring grid: snow_dissolution
2019-03-01 05:05:57,943 null [INFO] (/home/meteo/dev/redist/fwidbmgr/include/Grid.h:1695) Grid snow_dissolution configured.
2019-03-01 05:05:57,955 null [INFO] (/home/meteo/dev/redist/fwidbmgr/include/Grid.h:1595) Configuring grid: temperature
2019-03-01 05:05:57,955 null [INFO] (/home/meteo/dev/redist/fwidbmgr/include/Grid.h:1695) Grid temperature configured.
2019-03-01 05:05:57,958 null [INFO] (/home/meteo/dev/redist/fwidbmgr/include/Grid.h:1595) Configuring grid: humidity
2019-03-01 05:05:57,959 null [INFO] (/home/meteo/dev/redist/fwidbmgr/include/Grid.h:1695) Grid humidity configured.
2019-03-01 05:05:57,965 null [INFO] (/home/meteo/dev/redist/fwidbmgr/include/Grid.h:1595) Configuring grid: windspeed
2019-03-01 05:05:57,965 null [INFO] (/home/meteo/dev/redist/fwidbmgr/include/Grid.h:1695) Grid windspeed configured.
2019-03-01 05:05:57,978 null [INFO] (/home/meteo/dev/redist/fwidbmgr/include/Grid.h:1595) Configuring grid: rain
2019-03-01 05:05:57,978 null [INFO] (/home/meteo/dev/redist/fwidbmgr/include/Grid.h:1695) Grid rain configured.
2019-03-01 05:05:57,980 null [INFO] (/home/meteo/dev/redist/fwidbmgr/include/Grid.h:1595) Configuring grid: cum_rain
2019-03-01 05:05:57,980 null [INFO] (/home/meteo/dev/redist/fwidbmgr/include/Grid.h:1695) Grid cum_rain configured.
2019-03-01 05:05:58,108 null [INFO] (../src/fwidbmgr.cpp:1518) Storing meteo input ...
2019-03-01 05:06:03,731 null [INFO] (../src/fwidbmgr.cpp:5540) OK --> 20190228 data imported.
2019-03-01 05:06:03,740 null [INFO] (../src/fwidbmgr.cpp:5695) action in took about 6 seconds.
2019-03-01 05:06:03,771 null [INFO] (../src/fwidbmgr.cpp:5699) Disconnected from database.
2019-03-01 05:06:42,998 null [INFO] (../src/fwidbmgr.cpp:5361) fwi db manager
2019-03-01 05:06:42,998 null [INFO] (../src/fwidbmgr.cpp:5365) Program home: /home/meteo/dev/redist/fwidbmgr
2019-03-01 05:06:42,998 null [INFO] (../src/fwidbmgr.cpp:5369) Auto convert: 1
2019-03-01 05:06:42,998 null [INFO] (../src/fwidbmgr.cpp:446) action: out.
2019-03-01 05:06:42,998 null [INFO] (../src/fwidbmgr.cpp:470) date: 20190228.
2019-03-01 05:06:42,998 null [INFO] (../src/fwidbmgr.cpp:322) Try to read: /home/meteo/dev/redist/fwidbmgr/config/fwidbmgr.conf.
2019-03-01 05:06:43,000 null [INFO] (../src/fwidbmgr.cpp:5393) Configuration parsing: OK.
2019-03-01 05:06:43,020 null [INFO] (../src/fwidbmgr.cpp:5478) Connected to database
2019-03-01 05:06:43,021 null [INFO] (../src/fwidbmgr.cpp:5480) Manage data for date: 20190228.
2019-03-01 05:06:43,021 null [INFO] (../src/fwidbmgr.cpp:5551) Importing fwi indexes data in database for day: 20190228.
2019-03-01 05:06:43,022 null [INFO] (/home/meteo/dev/redist/fwidbmgr/include/Grid.h:1595) Configuring grid: isi
2019-03-01 05:06:43,022 null [INFO] (/home/meteo/dev/redist/fwidbmgr/include/Grid.h:1695) Grid isi configured.
2019-03-01 05:06:43,029 null [INFO] (/home/meteo/dev/redist/fwidbmgr/include/Grid.h:1595) Configuring grid: fwi
2019-03-01 05:06:43,029 null [INFO] (/home/meteo/dev/redist/fwidbmgr/include/Grid.h:1695) Grid fwi configured.
2019-03-01 05:06:43,036 null [INFO] (/home/meteo/dev/redist/fwidbmgr/include/Grid.h:1595) Configuring grid: ffmc
2019-03-01 05:06:43,036 null [INFO] (/home/meteo/dev/redist/fwidbmgr/include/Grid.h:1695) Grid ffmc configured.
2019-03-01 05:06:43,043 null [INFO] (/home/meteo/dev/redist/fwidbmgr/include/Grid.h:1595) Configuring grid: dmc
2019-03-01 05:06:43,043 null [INFO] (/home/meteo/dev/redist/fwidbmgr/include/Grid.h:1695) Grid dmc configured.
2019-03-01 05:06:43,050 null [INFO] (/home/meteo/dev/redist/fwidbmgr/include/Grid.h:1595) Configuring grid: dc
2019-03-01 05:06:43,050 null [INFO] (/home/meteo/dev/redist/fwidbmgr/include/Grid.h:1695) Grid dc configured.
2019-03-01 05:06:43,057 null [INFO] (/home/meteo/dev/redist/fwidbmgr/include/Grid.h:1595) Configuring grid: bui
2019-03-01 05:06:43,057 null [INFO] (/home/meteo/dev/redist/fwidbmgr/include/Grid.h:1695) Grid bui configured.
2019-03-01 05:06:43,064 null [INFO] (/home/meteo/dev/redist/fwidbmgr/include/Grid.h:1595) Configuring grid: ffmc_tmp
2019-03-01 05:06:43,064 null [INFO] (/home/meteo/dev/redist/fwidbmgr/include/Grid.h:1695) Grid ffmc_tmp configured.
2019-03-01 05:06:43,075 null [INFO] (/home/meteo/dev/redist/fwidbmgr/include/Grid.h:1595) Configuring grid: dmc_tmp
2019-03-01 05:06:43,075 null [INFO] (/home/meteo/dev/redist/fwidbmgr/include/Grid.h:1695) Grid dmc_tmp configured.
2019-03-01 05:06:43,087 null [INFO] (/home/meteo/dev/redist/fwidbmgr/include/Grid.h:1595) Configuring grid: dc_tmp
2019-03-01 05:06:43,087 null [INFO] (/home/meteo/dev/redist/fwidbmgr/include/Grid.h:1695) Grid dc_tmp configured.
2019-03-01 05:06:43,097 null [INFO] (/home/meteo/dev/redist/fwidbmgr/include/Grid.h:1595) Configuring grid: idi
2019-03-01 05:06:43,097 null [INFO] (/home/meteo/dev/redist/fwidbmgr/include/Grid.h:1695) Grid idi configured.
2019-03-01 05:06:43,234 null [INFO] (../src/fwidbmgr.cpp:2081) Storing FWI indexes ...
2019-03-01 05:06:46,422 null [INFO] (../src/fwidbmgr.cpp:5555) OK --> 20190228 data imported.
2019-03-01 05:06:46,422 null [INFO] (../src/fwidbmgr.cpp:5695) action out took about 3 seconds.
2019-03-01 05:06:46,424 null [INFO] (../src/fwidbmgr.cpp:5699) Disconnected from database.
2019-03-01 05:06:46,436 null [INFO] (../src/fwidbmgr.cpp:5361) fwi db manager
2019-03-01 05:06:46,436 null [INFO] (../src/fwidbmgr.cpp:5365) Program home: /home/meteo/dev/redist/fwidbmgr
2019-03-01 05:06:46,437 null [INFO] (../src/fwidbmgr.cpp:5369) Auto convert: 1
2019-03-01 05:06:46,437 null [INFO] (../src/fwidbmgr.cpp:446) action: computeidx.
2019-03-01 05:06:46,437 null [INFO] (../src/fwidbmgr.cpp:470) date: 20190228.
2019-03-01 05:06:46,437 null [INFO] (../src/fwidbmgr.cpp:322) Try to read: /home/meteo/dev/redist/fwidbmgr/config/fwidbmgr.conf.
2019-03-01 05:06:46,438 null [INFO] (../src/fwidbmgr.cpp:5393) Configuration parsing: OK.
2019-03-01 05:06:46,442 null [INFO] (../src/fwidbmgr.cpp:5478) Connected to database
2019-03-01 05:06:46,442 null [INFO] (../src/fwidbmgr.cpp:5480) Manage data for date: 20190228.
2019-03-01 05:06:46,442 null [INFO] (../src/fwidbmgr.cpp:5656) Computing indexes.
2019-03-01 05:06:46,445 null [INFO] (/home/meteo/dev/redist/fwidbmgr/include/Grid.h:1595) Configuring grid: isi
2019-03-01 05:06:46,445 null [INFO] (/home/meteo/dev/redist/fwidbmgr/include/Grid.h:1695) Grid isi configured.
2019-03-01 05:06:46,449 null [INFO] (/home/meteo/dev/redist/fwidbmgr/include/Grid.h:1595) Configuring grid: fwi
2019-03-01 05:06:46,449 null [INFO] (/home/meteo/dev/redist/fwidbmgr/include/Grid.h:1695) Grid fwi configured.
2019-03-01 05:06:46,450 null [INFO] (/home/meteo/dev/redist/fwidbmgr/include/Grid.h:1595) Configuring grid: ffmc
2019-03-01 05:06:46,450 null [INFO] (/home/meteo/dev/redist/fwidbmgr/include/Grid.h:1695) Grid ffmc configured.
2019-03-01 05:06:46,451 null [INFO] (/home/meteo/dev/redist/fwidbmgr/include/Grid.h:1595) Configuring grid: dmc
2019-03-01 05:06:46,451 null [INFO] (/home/meteo/dev/redist/fwidbmgr/include/Grid.h:1695) Grid dmc configured.
2019-03-01 05:06:46,452 null [INFO] (/home/meteo/dev/redist/fwidbmgr/include/Grid.h:1595) Configuring grid: dc
2019-03-01 05:06:46,452 null [INFO] (/home/meteo/dev/redist/fwidbmgr/include/Grid.h:1695) Grid dc configured.
2019-03-01 05:06:46,453 null [INFO] (/home/meteo/dev/redist/fwidbmgr/include/Grid.h:1595) Configuring grid: bui
2019-03-01 05:06:46,453 null [INFO] (/home/meteo/dev/redist/fwidbmgr/include/Grid.h:1695) Grid bui configured.
2019-03-01 05:06:46,455 null [INFO] (/home/meteo/dev/redist/fwidbmgr/include/Grid.h:1595) Configuring grid: ffmc_tmp
2019-03-01 05:06:46,455 null [INFO] (/home/meteo/dev/redist/fwidbmgr/include/Grid.h:1695) Grid ffmc_tmp configured.
2019-03-01 05:06:46,456 null [INFO] (/home/meteo/dev/redist/fwidbmgr/include/Grid.h:1595) Configuring grid: dmc_tmp
2019-03-01 05:06:46,456 null [INFO] (/home/meteo/dev/redist/fwidbmgr/include/Grid.h:1695) Grid dmc_tmp configured.
2019-03-01 05:06:46,457 null [INFO] (/home/meteo/dev/redist/fwidbmgr/include/Grid.h:1595) Configuring grid: dc_tmp
2019-03-01 05:06:46,457 null [INFO] (/home/meteo/dev/redist/fwidbmgr/include/Grid.h:1695) Grid dc_tmp configured.
2019-03-01 05:06:46,458 null [INFO] (/home/meteo/dev/redist/fwidbmgr/include/Grid.h:1595) Configuring grid: idi
2019-03-01 05:06:46,458 null [INFO] (/home/meteo/dev/redist/fwidbmgr/include/Grid.h:1695) Grid idi configured.
2019-03-01 05:06:46,459 null [INFO] (/home/meteo/dev/redist/fwidbmgr/include/Grid.h:1595) Configuring grid: angstrom
2019-03-01 05:06:46,459 null [INFO] (/home/meteo/dev/redist/fwidbmgr/include/Grid.h:1695) Grid angstrom configured.
2019-03-01 05:06:46,460 null [INFO] (/home/meteo/dev/redist/fwidbmgr/include/Grid.h:1595) Configuring grid: fmi
2019-03-01 05:06:46,460 null [INFO] (/home/meteo/dev/redist/fwidbmgr/include/Grid.h:1695) Grid fmi configured.
2019-03-01 05:06:46,461 null [INFO] (/home/meteo/dev/redist/fwidbmgr/include/Grid.h:1595) Configuring grid: sharples
2019-03-01 05:06:46,461 null [INFO] (/home/meteo/dev/redist/fwidbmgr/include/Grid.h:1695) Grid sharples configured.
2019-03-01 05:06:46,807 null [INFO] (/home/meteo/dev/redist/fwidbmgr/include/Grid.h:1595) Configuring grid: snow
2019-03-01 05:06:46,807 null [INFO] (/home/meteo/dev/redist/fwidbmgr/include/Grid.h:1695) Grid snow configured.
2019-03-01 05:06:46,808 null [INFO] (/home/meteo/dev/redist/fwidbmgr/include/Grid.h:1595) Configuring grid: snow_covering
2019-03-01 05:06:46,808 null [INFO] (/home/meteo/dev/redist/fwidbmgr/include/Grid.h:1695) Grid snow_covering configured.
2019-03-01 05:06:46,808 null [INFO] (/home/meteo/dev/redist/fwidbmgr/include/Grid.h:1595) Configuring grid: snow_dissolution
2019-03-01 05:06:46,808 null [INFO] (/home/meteo/dev/redist/fwidbmgr/include/Grid.h:1695) Grid snow_dissolution configured.
2019-03-01 05:06:46,808 null [INFO] (/home/meteo/dev/redist/fwidbmgr/include/Grid.h:1595) Configuring grid: temperature
2019-03-01 05:06:46,808 null [INFO] (/home/meteo/dev/redist/fwidbmgr/include/Grid.h:1695) Grid temperature configured.
2019-03-01 05:06:46,808 null [INFO] (/home/meteo/dev/redist/fwidbmgr/include/Grid.h:1595) Configuring grid: humidity
2019-03-01 05:06:46,808 null [INFO] (/home/meteo/dev/redist/fwidbmgr/include/Grid.h:1695) Grid humidity configured.
2019-03-01 05:06:46,808 null [INFO] (/home/meteo/dev/redist/fwidbmgr/include/Grid.h:1595) Configuring grid: windspeed
2019-03-01 05:06:46,808 null [INFO] (/home/meteo/dev/redist/fwidbmgr/include/Grid.h:1695) Grid windspeed configured.
2019-03-01 05:06:46,808 null [INFO] (/home/meteo/dev/redist/fwidbmgr/include/Grid.h:1595) Configuring grid: rain
2019-03-01 05:06:46,808 null [INFO] (/home/meteo/dev/redist/fwidbmgr/include/Grid.h:1695) Grid rain configured.
2019-03-01 05:06:46,808 null [INFO] (/home/meteo/dev/redist/fwidbmgr/include/Grid.h:1595) Configuring grid: cum_rain
2019-03-01 05:06:46,808 null [INFO] (/home/meteo/dev/redist/fwidbmgr/include/Grid.h:1695) Grid cum_rain configured.
2019-03-01 05:07:41,512 null [INFO] (../src/fwidbmgr.cpp:5660) OK --> 20190228 indexes computed.
2019-03-01 05:07:41,513 null [INFO] (../src/fwidbmgr.cpp:5695) action computeidx took about 55 seconds.
2019-03-01 05:07:41,513 null [INFO] (../src/fwidbmgr.cpp:5699) Disconnected from database.
2019-03-01 05:07:41,525 null [INFO] (../src/fwidbmgr.cpp:5361) fwi db manager
2019-03-01 05:07:41,525 null [INFO] (../src/fwidbmgr.cpp:5365) Program home: /home/meteo/dev/redist/fwidbmgr
2019-03-01 05:07:41,526 null [INFO] (../src/fwidbmgr.cpp:5369) Auto convert: 1
2019-03-01 05:07:41,526 null [INFO] (../src/fwidbmgr.cpp:446) action: exportidx.
2019-03-01 05:07:41,526 null [INFO] (../src/fwidbmgr.cpp:470) date: 20190228.
2019-03-01 05:07:41,526 null [INFO] (../src/fwidbmgr.cpp:322) Try to read: /home/meteo/dev/redist/fwidbmgr/config/fwidbmgr.conf.
2019-03-01 05:07:41,526 null [INFO] (../src/fwidbmgr.cpp:5393) Configuration parsing: OK.
2019-03-01 05:07:41,531 null [INFO] (../src/fwidbmgr.cpp:5478) Connected to database
2019-03-01 05:07:41,531 null [INFO] (../src/fwidbmgr.cpp:5480) Manage data for date: 20190228.
2019-03-01 05:07:41,531 null [INFO] (../src/fwidbmgr.cpp:5596) Exporting indexes.
2019-03-01 05:07:41,534 null [INFO] (/home/meteo/dev/redist/fwidbmgr/include/Grid.h:1595) Configuring grid: isi
2019-03-01 05:07:41,534 null [INFO] (/home/meteo/dev/redist/fwidbmgr/include/Grid.h:1695) Grid isi configured.
2019-03-01 05:07:41,536 null [INFO] (/home/meteo/dev/redist/fwidbmgr/include/Grid.h:1595) Configuring grid: fwi
2019-03-01 05:07:41,536 null [INFO] (/home/meteo/dev/redist/fwidbmgr/include/Grid.h:1695) Grid fwi configured.
2019-03-01 05:07:41,539 null [INFO] (/home/meteo/dev/redist/fwidbmgr/include/Grid.h:1595) Configuring grid: ffmc
2019-03-01 05:07:41,539 null [INFO] (/home/meteo/dev/redist/fwidbmgr/include/Grid.h:1695) Grid ffmc configured.
2019-03-01 05:07:41,541 null [INFO] (/home/meteo/dev/redist/fwidbmgr/include/Grid.h:1595) Configuring grid: dmc
2019-03-01 05:07:41,541 null [INFO] (/home/meteo/dev/redist/fwidbmgr/include/Grid.h:1695) Grid dmc configured.
2019-03-01 05:07:41,543 null [INFO] (/home/meteo/dev/redist/fwidbmgr/include/Grid.h:1595) Configuring grid: dc
2019-03-01 05:07:41,543 null [INFO] (/home/meteo/dev/redist/fwidbmgr/include/Grid.h:1695) Grid dc configured.
2019-03-01 05:07:41,544 null [INFO] (/home/meteo/dev/redist/fwidbmgr/include/Grid.h:1595) Configuring grid: bui
2019-03-01 05:07:41,544 null [INFO] (/home/meteo/dev/redist/fwidbmgr/include/Grid.h:1695) Grid bui configured.
2019-03-01 05:07:41,545 null [INFO] (/home/meteo/dev/redist/fwidbmgr/include/Grid.h:1595) Configuring grid: ffmc_tmp
2019-03-01 05:07:41,545 null [INFO] (/home/meteo/dev/redist/fwidbmgr/include/Grid.h:1695) Grid ffmc_tmp configured.
2019-03-01 05:07:41,546 null [INFO] (/home/meteo/dev/redist/fwidbmgr/include/Grid.h:1595) Configuring grid: dmc_tmp
2019-03-01 05:07:41,546 null [INFO] (/home/meteo/dev/redist/fwidbmgr/include/Grid.h:1695) Grid dmc_tmp configured.
2019-03-01 05:07:41,547 null [INFO] (/home/meteo/dev/redist/fwidbmgr/include/Grid.h:1595) Configuring grid: dc_tmp
2019-03-01 05:07:41,547 null [INFO] (/home/meteo/dev/redist/fwidbmgr/include/Grid.h:1695) Grid dc_tmp configured.
2019-03-01 05:07:41,548 null [INFO] (/home/meteo/dev/redist/fwidbmgr/include/Grid.h:1595) Configuring grid: idi
2019-03-01 05:07:41,548 null [INFO] (/home/meteo/dev/redist/fwidbmgr/include/Grid.h:1695) Grid idi configured.
2019-03-01 05:07:41,549 null [INFO] (/home/meteo/dev/redist/fwidbmgr/include/Grid.h:1595) Configuring grid: angstrom
2019-03-01 05:07:41,549 null [INFO] (/home/meteo/dev/redist/fwidbmgr/include/Grid.h:1695) Grid angstrom configured.
2019-03-01 05:07:41,550 null [INFO] (/home/meteo/dev/redist/fwidbmgr/include/Grid.h:1595) Configuring grid: fmi
2019-03-01 05:07:41,550 null [INFO] (/home/meteo/dev/redist/fwidbmgr/include/Grid.h:1695) Grid fmi configured.
2019-03-01 05:07:41,551 null [INFO] (/home/meteo/dev/redist/fwidbmgr/include/Grid.h:1595) Configuring grid: sharples
2019-03-01 05:07:41,551 null [INFO] (/home/meteo/dev/redist/fwidbmgr/include/Grid.h:1695) Grid sharples configured.
2019-03-01 05:07:41,916 null [INFO] (/home/meteo/dev/redist/fwidbmgr/include/Grid.h:1595) Configuring grid: isi
2019-03-01 05:07:41,916 null [INFO] (/home/meteo/dev/redist/fwidbmgr/include/Grid.h:1695) Grid isi configured.
2019-03-01 05:07:41,935 null [INFO] (/home/meteo/dev/redist/fwidbmgr/include/Grid.h:1595) Configuring grid: fwi
2019-03-01 05:07:41,935 null [INFO] (/home/meteo/dev/redist/fwidbmgr/include/Grid.h:1695) Grid fwi configured.
2019-03-01 05:07:41,955 null [INFO] (/home/meteo/dev/redist/fwidbmgr/include/Grid.h:1595) Configuring grid: ffmc
2019-03-01 05:07:41,955 null [INFO] (/home/meteo/dev/redist/fwidbmgr/include/Grid.h:1695) Grid ffmc configured.
2019-03-01 05:07:41,975 null [INFO] (/home/meteo/dev/redist/fwidbmgr/include/Grid.h:1595) Configuring grid: dmc
2019-03-01 05:07:41,975 null [INFO] (/home/meteo/dev/redist/fwidbmgr/include/Grid.h:1695) Grid dmc configured.
2019-03-01 05:07:41,995 null [INFO] (/home/meteo/dev/redist/fwidbmgr/include/Grid.h:1595) Configuring grid: dc
2019-03-01 05:07:41,995 null [INFO] (/home/meteo/dev/redist/fwidbmgr/include/Grid.h:1695) Grid dc configured.
2019-03-01 05:07:42,015 null [INFO] (/home/meteo/dev/redist/fwidbmgr/include/Grid.h:1595) Configuring grid: bui
2019-03-01 05:07:42,015 null [INFO] (/home/meteo/dev/redist/fwidbmgr/include/Grid.h:1695) Grid bui configured.
2019-03-01 05:07:42,035 null [INFO] (/home/meteo/dev/redist/fwidbmgr/include/Grid.h:1595) Configuring grid: ffmc_tmp
2019-03-01 05:07:42,035 null [INFO] (/home/meteo/dev/redist/fwidbmgr/include/Grid.h:1695) Grid ffmc_tmp configured.
2019-03-01 05:07:42,055 null [INFO] (/home/meteo/dev/redist/fwidbmgr/include/Grid.h:1595) Configuring grid: dmc_tmp
2019-03-01 05:07:42,055 null [INFO] (/home/meteo/dev/redist/fwidbmgr/include/Grid.h:1695) Grid dmc_tmp configured.
2019-03-01 05:07:42,074 null [INFO] (/home/meteo/dev/redist/fwidbmgr/include/Grid.h:1595) Configuring grid: dc_tmp
2019-03-01 05:07:42,074 null [INFO] (/home/meteo/dev/redist/fwidbmgr/include/Grid.h:1695) Grid dc_tmp configured.
2019-03-01 05:07:42,094 null [INFO] (/home/meteo/dev/redist/fwidbmgr/include/Grid.h:1595) Configuring grid: angstrom
2019-03-01 05:07:42,094 null [INFO] (/home/meteo/dev/redist/fwidbmgr/include/Grid.h:1695) Grid angstrom configured.
2019-03-01 05:07:42,117 null [INFO] (/home/meteo/dev/redist/fwidbmgr/include/Grid.h:1595) Configuring grid: sharples
2019-03-01 05:07:42,117 null [INFO] (/home/meteo/dev/redist/fwidbmgr/include/Grid.h:1695) Grid sharples configured.
2019-03-01 05:07:42,138 null [INFO] (/home/meteo/dev/redist/fwidbmgr/include/Grid.h:1595) Configuring grid: fmi
2019-03-01 05:07:42,138 null [INFO] (/home/meteo/dev/redist/fwidbmgr/include/Grid.h:1695) Grid fmi configured.
2019-03-01 05:07:42,162 null [INFO] (../src/fwidbmgr.cpp:5600) OK --> 20190228 indexes exported to files.
2019-03-01 05:07:42,162 null [INFO] (../src/fwidbmgr.cpp:5695) action exportidx took about 1 seconds.
2019-03-01 05:07:42,162 null [INFO] (../src/fwidbmgr.cpp:5699) Disconnected from database.
2019-03-01 05:07:55,732 null [INFO] (../src/fwidbmgr.cpp:5361) fwi db manager
2019-03-01 05:07:55,732 null [INFO] (../src/fwidbmgr.cpp:5365) Program home: /home/meteo/dev/redist/fwidbmgr
2019-03-01 05:07:55,732 null [INFO] (../src/fwidbmgr.cpp:5369) Auto convert: 1
2019-03-01 05:07:55,732 null [INFO] (../src/fwidbmgr.cpp:446) action: outimg.
2019-03-01 05:07:55,732 null [INFO] (../src/fwidbmgr.cpp:470) date: 20190228.
2019-03-01 05:07:55,732 null [INFO] (../src/fwidbmgr.cpp:322) Try to read: /home/meteo/dev/redist/fwidbmgr/config/fwidbmgr.conf.
2019-03-01 05:07:55,733 null [INFO] (../src/fwidbmgr.cpp:5393) Configuration parsing: OK.
2019-03-01 05:07:55,737 null [INFO] (../src/fwidbmgr.cpp:5478) Connected to database
2019-03-01 05:07:55,737 null [INFO] (../src/fwidbmgr.cpp:5480) Manage data for date: 20190228.
2019-03-01 05:07:55,737 null [INFO] (../src/fwidbmgr.cpp:5566) Importing fwi indexes images in database.
2019-03-01 05:07:55,782 null [INFO] (../src/fwidbmgr.cpp:5570) OK --> 20190228 images imported.
2019-03-01 05:07:55,782 null [INFO] (../src/fwidbmgr.cpp:5695) action outimg took about 0 seconds.
2019-03-01 05:07:55,782 null [INFO] (../src/fwidbmgr.cpp:5699) Disconnected from database.
2019-03-01 05:37:01,370 null [INFO] (../src/fwidbmgr.cpp:5361) fwi db manager
2019-03-01 05:37:01,370 null [INFO] (../src/fwidbmgr.cpp:5365) Program home: /home/meteo/dev/redist/fwidbmgr
2019-03-01 05:37:01,370 null [INFO] (../src/fwidbmgr.cpp:5369) Auto convert: 1
2019-03-01 05:37:01,370 null [INFO] (../src/fwidbmgr.cpp:446) action: outimg.
2019-03-01 05:37:01,370 null [INFO] (../src/fwidbmgr.cpp:470) date: 20190228.
2019-03-01 05:37:01,370 null [INFO] (../src/fwidbmgr.cpp:322) Try to read: /home/meteo/dev/redist/fwidbmgr/config/fwidbmgr.conf.
2019-03-01 05:37:01,371 null [INFO] (../src/fwidbmgr.cpp:5393) Configuration parsing: OK.
2019-03-01 05:37:01,376 null [INFO] (../src/fwidbmgr.cpp:5478) Connected to database
2019-03-01 05:37:01,376 null [INFO] (../src/fwidbmgr.cpp:5480) Manage data for date: 20190228.
2019-03-01 05:37:01,376 null [INFO] (../src/fwidbmgr.cpp:5566) Importing fwi indexes images in database.
2019-03-01 05:37:01,429 null [INFO] (../src/fwidbmgr.cpp:5570) OK --> 20190228 images imported.
2019-03-01 05:37:01,429 null [INFO] (../src/fwidbmgr.cpp:5695) action outimg took about 0 seconds.
2019-03-01 05:37:01,429 null [INFO] (../src/fwidbmgr.cpp:5699) Disconnected from database.
2019-03-01 06:05:01,571 null [INFO] (../src/fwidbmgr.cpp:5361) fwi db manager
2019-03-01 06:05:01,571 null [INFO] (../src/fwidbmgr.cpp:5365) Program home: /home/meteo/dev/redist/fwidbmgr
2019-03-01 06:05:01,571 null [INFO] (../src/fwidbmgr.cpp:5369) Auto convert: 1
2019-03-01 06:05:01,571 null [INFO] (../src/fwidbmgr.cpp:446) action: outimg.
2019-03-01 06:05:01,571 null [INFO] (../src/fwidbmgr.cpp:470) date: 20190228.
2019-03-01 06:05:01,571 null [INFO] (../src/fwidbmgr.cpp:322) Try to read: /home/meteo/dev/redist/fwidbmgr/config/fwidbmgr.conf.
2019-03-01 06:05:01,572 null [INFO] (../src/fwidbmgr.cpp:5393) Configuration parsing: OK.
2019-03-01 06:05:01,580 null [INFO] (../src/fwidbmgr.cpp:5478) Connected to database
2019-03-01 06:05:01,580 null [INFO] (../src/fwidbmgr.cpp:5480) Manage data for date: 20190228.
2019-03-01 06:05:01,580 null [INFO] (../src/fwidbmgr.cpp:5566) Importing fwi indexes images in database.
2019-03-01 06:05:01,643 null [INFO] (../src/fwidbmgr.cpp:5570) OK --> 20190228 images imported.
2019-03-01 06:05:01,643 null [INFO] (../src/fwidbmgr.cpp:5695) action outimg took about 0 seconds.
2019-03-01 06:05:01,644 null [INFO] (../src/fwidbmgr.cpp:5699) Disconnected from database.
2019-03-01 06:37:01,780 null [INFO] (../src/fwidbmgr.cpp:5361) fwi db manager
2019-03-01 06:37:01,780 null [INFO] (../src/fwidbmgr.cpp:5365) Program home: /home/meteo/dev/redist/fwidbmgr
2019-03-01 06:37:01,780 null [INFO] (../src/fwidbmgr.cpp:5369) Auto convert: 1
2019-03-01 06:37:01,780 null [INFO] (../src/fwidbmgr.cpp:446) action: outimg.
2019-03-01 06:37:01,780 null [INFO] (../src/fwidbmgr.cpp:470) date: 20190228.
2019-03-01 06:37:01,781 null [INFO] (../src/fwidbmgr.cpp:322) Try to read: /home/meteo/dev/redist/fwidbmgr/config/fwidbmgr.conf.
2019-03-01 06:37:01,782 null [INFO] (../src/fwidbmgr.cpp:5393) Configuration parsing: OK.
2019-03-01 06:37:01,786 null [INFO] (../src/fwidbmgr.cpp:5478) Connected to database
2019-03-01 06:37:01,786 null [INFO] (../src/fwidbmgr.cpp:5480) Manage data for date: 20190228.
2019-03-01 06:37:01,786 null [INFO] (../src/fwidbmgr.cpp:5566) Importing fwi indexes images in database.
2019-03-01 06:37:01,840 null [INFO] (../src/fwidbmgr.cpp:5570) OK --> 20190228 images imported.
2019-03-01 06:37:01,841 null [INFO] (../src/fwidbmgr.cpp:5695) action outimg took about 0 seconds.
2019-03-01 06:37:01,841 null [INFO] (../src/fwidbmgr.cpp:5699) Disconnected from database.
2019-03-01 07:05:01,537 null [INFO] (../src/fwidbmgr.cpp:5361) fwi db manager
2019-03-01 07:05:01,537 null [INFO] (../src/fwidbmgr.cpp:5365) Program home: /home/meteo/dev/redist/fwidbmgr
2019-03-01 07:05:01,537 null [INFO] (../src/fwidbmgr.cpp:5369) Auto convert: 1
2019-03-01 07:05:01,537 null [INFO] (../src/fwidbmgr.cpp:446) action: outimg.
2019-03-01 07:05:01,537 null [INFO] (../src/fwidbmgr.cpp:470) date: 20190228.
2019-03-01 07:05:01,537 null [INFO] (../src/fwidbmgr.cpp:322) Try to read: /home/meteo/dev/redist/fwidbmgr/config/fwidbmgr.conf.
2019-03-01 07:05:01,538 null [INFO] (../src/fwidbmgr.cpp:5393) Configuration parsing: OK.
2019-03-01 07:05:01,542 null [INFO] (../src/fwidbmgr.cpp:5478) Connected to database
2019-03-01 07:05:01,542 null [INFO] (../src/fwidbmgr.cpp:5480) Manage data for date: 20190228.
2019-03-01 07:05:01,542 null [INFO] (../src/fwidbmgr.cpp:5566) Importing fwi indexes images in database.
2019-03-01 07:05:01,614 null [INFO] (../src/fwidbmgr.cpp:5570) OK --> 20190228 images imported.
2019-03-01 07:05:01,614 null [INFO] (../src/fwidbmgr.cpp:5695) action outimg took about 0 seconds.
2019-03-01 07:05:01,614 null [INFO] (../src/fwidbmgr.cpp:5699) Disconnected from database.
2019-03-01 07:37:01,756 null [INFO] (../src/fwidbmgr.cpp:5361) fwi db manager
2019-03-01 07:37:01,756 null [INFO] (../src/fwidbmgr.cpp:5365) Program home: /home/meteo/dev/redist/fwidbmgr
2019-03-01 07:37:01,756 null [INFO] (../src/fwidbmgr.cpp:5369) Auto convert: 1
2019-03-01 07:37:01,756 null [INFO] (../src/fwidbmgr.cpp:446) action: outimg.
2019-03-01 07:37:01,756 null [INFO] (../src/fwidbmgr.cpp:470) date: 20190228.
2019-03-01 07:37:01,756 null [INFO] (../src/fwidbmgr.cpp:322) Try to read: /home/meteo/dev/redist/fwidbmgr/config/fwidbmgr.conf.
2019-03-01 07:37:01,757 null [INFO] (../src/fwidbmgr.cpp:5393) Configuration parsing: OK.
2019-03-01 07:37:01,760 null [INFO] (../src/fwidbmgr.cpp:5478) Connected to database
2019-03-01 07:37:01,760 null [INFO] (../src/fwidbmgr.cpp:5480) Manage data for date: 20190228.
2019-03-01 07:37:01,760 null [INFO] (../src/fwidbmgr.cpp:5566) Importing fwi indexes images in database.
2019-03-01 07:37:01,812 null [INFO] (../src/fwidbmgr.cpp:5570) OK --> 20190228 images imported.
2019-03-01 07:37:01,812 null [INFO] (../src/fwidbmgr.cpp:5695) action outimg took about 0 seconds.
2019-03-01 07:37:01,813 null [INFO] (../src/fwidbmgr.cpp:5699) Disconnected from database.
