2016-12-11 05:06:39,242 null [INFO] (../src/fwidbmgr.cpp:5207) fwi db manager
2016-12-11 05:06:39,242 null [INFO] (../src/fwidbmgr.cpp:5209) Program home: /home/meteo/dev/redist/fwidbmgr
2016-12-11 05:06:39,243 null [INFO] (../src/fwidbmgr.cpp:5211) Auto convert: 1
2016-12-11 05:06:39,243 null [INFO] (../src/fwidbmgr.cpp:458) action: in.
2016-12-11 05:06:39,243 null [INFO] (../src/fwidbmgr.cpp:482) date: 20161210.
2016-12-11 05:06:39,243 null [INFO] (../src/fwidbmgr.cpp:319) Try to read: /home/meteo/dev/redist/fwidbmgr/config/fwidbmgr.conf.
2016-12-11 05:06:39,292 null [INFO] (../src/fwidbmgr.cpp:5240) Configuration parsing: OK.
2016-12-11 05:06:39,432 null [INFO] (../src/fwidbmgr.cpp:5322) Connected to database
2016-12-11 05:06:39,441 null [INFO] (../src/fwidbmgr.cpp:5323) Manage data for date: 20161210.
2016-12-11 05:06:39,486 null [INFO] (../src/fwidbmgr.cpp:5367) Importing meteo data in database for day: 20161210.
2016-12-11 05:06:39,487 null [INFO] (/home/meteo/dev/redist/fwidbmgr/include/Grid.h:1595) Configuring grid: snow
2016-12-11 05:06:39,487 null [INFO] (/home/meteo/dev/redist/fwidbmgr/include/Grid.h:1695) Grid snow configured.
2016-12-11 05:06:39,494 null [INFO] (/home/meteo/dev/redist/fwidbmgr/include/Grid.h:1595) Configuring grid: snow_covering
2016-12-11 05:06:39,494 null [INFO] (/home/meteo/dev/redist/fwidbmgr/include/Grid.h:1695) Grid snow_covering configured.
2016-12-11 05:06:39,501 null [INFO] (/home/meteo/dev/redist/fwidbmgr/include/Grid.h:1595) Configuring grid: snow_dissolution
2016-12-11 05:06:39,501 null [INFO] (/home/meteo/dev/redist/fwidbmgr/include/Grid.h:1695) Grid snow_dissolution configured.
2016-12-11 05:06:39,514 null [INFO] (/home/meteo/dev/redist/fwidbmgr/include/Grid.h:1595) Configuring grid: temperature
2016-12-11 05:06:39,514 null [INFO] (/home/meteo/dev/redist/fwidbmgr/include/Grid.h:1695) Grid temperature configured.
2016-12-11 05:06:39,518 null [INFO] (/home/meteo/dev/redist/fwidbmgr/include/Grid.h:1595) Configuring grid: humidity
2016-12-11 05:06:39,518 null [INFO] (/home/meteo/dev/redist/fwidbmgr/include/Grid.h:1695) Grid humidity configured.
2016-12-11 05:06:39,524 null [INFO] (/home/meteo/dev/redist/fwidbmgr/include/Grid.h:1595) Configuring grid: windspeed
2016-12-11 05:06:39,524 null [INFO] (/home/meteo/dev/redist/fwidbmgr/include/Grid.h:1695) Grid windspeed configured.
2016-12-11 05:06:39,537 null [INFO] (/home/meteo/dev/redist/fwidbmgr/include/Grid.h:1595) Configuring grid: rain
2016-12-11 05:06:39,538 null [INFO] (/home/meteo/dev/redist/fwidbmgr/include/Grid.h:1695) Grid rain configured.
2016-12-11 05:06:39,540 null [INFO] (/home/meteo/dev/redist/fwidbmgr/include/Grid.h:1595) Configuring grid: cum_rain
2016-12-11 05:06:39,540 null [INFO] (/home/meteo/dev/redist/fwidbmgr/include/Grid.h:1695) Grid cum_rain configured.
2016-12-11 05:06:45,929 null [INFO] (../src/fwidbmgr.cpp:1502) Storing meteo input ...
2016-12-11 05:07:09,059 null [INFO] (../src/fwidbmgr.cpp:5370) OK --> 20161210 data imported.
2016-12-11 05:07:09,091 null [INFO] (../src/fwidbmgr.cpp:5496) action in took about 30 seconds.
2016-12-11 05:07:09,325 null [INFO] (../src/fwidbmgr.cpp:5499) Disconnected from database.
2016-12-11 05:07:58,417 null [INFO] (../src/fwidbmgr.cpp:5207) fwi db manager
2016-12-11 05:07:58,417 null [INFO] (../src/fwidbmgr.cpp:5209) Program home: /home/meteo/dev/redist/fwidbmgr
2016-12-11 05:07:58,417 null [INFO] (../src/fwidbmgr.cpp:5211) Auto convert: 1
2016-12-11 05:07:58,417 null [INFO] (../src/fwidbmgr.cpp:458) action: out.
2016-12-11 05:07:58,417 null [INFO] (../src/fwidbmgr.cpp:482) date: 20161210.
2016-12-11 05:07:58,417 null [INFO] (../src/fwidbmgr.cpp:319) Try to read: /home/meteo/dev/redist/fwidbmgr/config/fwidbmgr.conf.
2016-12-11 05:07:58,514 null [INFO] (../src/fwidbmgr.cpp:5240) Configuration parsing: OK.
2016-12-11 05:07:58,632 null [INFO] (../src/fwidbmgr.cpp:5322) Connected to database
2016-12-11 05:07:58,632 null [INFO] (../src/fwidbmgr.cpp:5323) Manage data for date: 20161210.
2016-12-11 05:07:58,633 null [INFO] (../src/fwidbmgr.cpp:5379) Importing fwi indexes data in database for day: 20161210.
2016-12-11 05:07:58,643 null [INFO] (/home/meteo/dev/redist/fwidbmgr/include/Grid.h:1595) Configuring grid: isi
2016-12-11 05:07:58,643 null [INFO] (/home/meteo/dev/redist/fwidbmgr/include/Grid.h:1695) Grid isi configured.
2016-12-11 05:07:58,650 null [INFO] (/home/meteo/dev/redist/fwidbmgr/include/Grid.h:1595) Configuring grid: fwi
2016-12-11 05:07:58,650 null [INFO] (/home/meteo/dev/redist/fwidbmgr/include/Grid.h:1695) Grid fwi configured.
2016-12-11 05:07:58,657 null [INFO] (/home/meteo/dev/redist/fwidbmgr/include/Grid.h:1595) Configuring grid: ffmc
2016-12-11 05:07:58,657 null [INFO] (/home/meteo/dev/redist/fwidbmgr/include/Grid.h:1695) Grid ffmc configured.
2016-12-11 05:07:58,663 null [INFO] (/home/meteo/dev/redist/fwidbmgr/include/Grid.h:1595) Configuring grid: dmc
2016-12-11 05:07:58,663 null [INFO] (/home/meteo/dev/redist/fwidbmgr/include/Grid.h:1695) Grid dmc configured.
2016-12-11 05:07:58,670 null [INFO] (/home/meteo/dev/redist/fwidbmgr/include/Grid.h:1595) Configuring grid: dc
2016-12-11 05:07:58,670 null [INFO] (/home/meteo/dev/redist/fwidbmgr/include/Grid.h:1695) Grid dc configured.
2016-12-11 05:07:58,677 null [INFO] (/home/meteo/dev/redist/fwidbmgr/include/Grid.h:1595) Configuring grid: bui
2016-12-11 05:07:58,677 null [INFO] (/home/meteo/dev/redist/fwidbmgr/include/Grid.h:1695) Grid bui configured.
2016-12-11 05:07:58,683 null [INFO] (/home/meteo/dev/redist/fwidbmgr/include/Grid.h:1595) Configuring grid: ffmc_tmp
2016-12-11 05:07:58,683 null [INFO] (/home/meteo/dev/redist/fwidbmgr/include/Grid.h:1695) Grid ffmc_tmp configured.
2016-12-11 05:07:58,851 null [INFO] (/home/meteo/dev/redist/fwidbmgr/include/Grid.h:1595) Configuring grid: dmc_tmp
2016-12-11 05:07:58,851 null [INFO] (/home/meteo/dev/redist/fwidbmgr/include/Grid.h:1695) Grid dmc_tmp configured.
2016-12-11 05:07:58,913 null [INFO] (/home/meteo/dev/redist/fwidbmgr/include/Grid.h:1595) Configuring grid: dc_tmp
2016-12-11 05:07:58,913 null [INFO] (/home/meteo/dev/redist/fwidbmgr/include/Grid.h:1695) Grid dc_tmp configured.
2016-12-11 05:07:58,976 null [INFO] (/home/meteo/dev/redist/fwidbmgr/include/Grid.h:1595) Configuring grid: idi
2016-12-11 05:07:58,976 null [INFO] (/home/meteo/dev/redist/fwidbmgr/include/Grid.h:1695) Grid idi configured.
2016-12-11 05:08:59,661 null [INFO] (../src/fwidbmgr.cpp:2045) Storing FWI indexes ...
2016-12-11 05:10:33,192 null [INFO] (../src/fwidbmgr.cpp:5382) OK --> 20161210 data imported.
2016-12-11 05:10:33,193 null [INFO] (../src/fwidbmgr.cpp:5496) action out took about 155 seconds.
2016-12-11 05:10:33,194 null [INFO] (../src/fwidbmgr.cpp:5499) Disconnected from database.
2016-12-11 05:10:34,400 null [INFO] (../src/fwidbmgr.cpp:5207) fwi db manager
2016-12-11 05:10:34,400 null [INFO] (../src/fwidbmgr.cpp:5209) Program home: /home/meteo/dev/redist/fwidbmgr
2016-12-11 05:10:34,400 null [INFO] (../src/fwidbmgr.cpp:5211) Auto convert: 1
2016-12-11 05:10:34,401 null [INFO] (../src/fwidbmgr.cpp:458) action: computeidx.
2016-12-11 05:10:34,401 null [INFO] (../src/fwidbmgr.cpp:482) date: 20161210.
2016-12-11 05:10:34,401 null [INFO] (../src/fwidbmgr.cpp:319) Try to read: /home/meteo/dev/redist/fwidbmgr/config/fwidbmgr.conf.
2016-12-11 05:10:34,435 null [INFO] (../src/fwidbmgr.cpp:5240) Configuration parsing: OK.
2016-12-11 05:10:34,544 null [INFO] (../src/fwidbmgr.cpp:5322) Connected to database
2016-12-11 05:10:34,544 null [INFO] (../src/fwidbmgr.cpp:5323) Manage data for date: 20161210.
2016-12-11 05:10:34,544 null [INFO] (../src/fwidbmgr.cpp:5463) Computing indexes.
2016-12-11 05:10:34,545 null [INFO] (/home/meteo/dev/redist/fwidbmgr/include/Grid.h:1595) Configuring grid: isi
2016-12-11 05:10:34,546 null [INFO] (/home/meteo/dev/redist/fwidbmgr/include/Grid.h:1695) Grid isi configured.
2016-12-11 05:10:34,547 null [INFO] (/home/meteo/dev/redist/fwidbmgr/include/Grid.h:1595) Configuring grid: fwi
2016-12-11 05:10:34,547 null [INFO] (/home/meteo/dev/redist/fwidbmgr/include/Grid.h:1695) Grid fwi configured.
2016-12-11 05:10:34,548 null [INFO] (/home/meteo/dev/redist/fwidbmgr/include/Grid.h:1595) Configuring grid: ffmc
2016-12-11 05:10:34,553 null [INFO] (/home/meteo/dev/redist/fwidbmgr/include/Grid.h:1695) Grid ffmc configured.
2016-12-11 05:10:34,554 null [INFO] (/home/meteo/dev/redist/fwidbmgr/include/Grid.h:1595) Configuring grid: dmc
2016-12-11 05:10:34,554 null [INFO] (/home/meteo/dev/redist/fwidbmgr/include/Grid.h:1695) Grid dmc configured.
2016-12-11 05:10:34,555 null [INFO] (/home/meteo/dev/redist/fwidbmgr/include/Grid.h:1595) Configuring grid: dc
2016-12-11 05:10:34,555 null [INFO] (/home/meteo/dev/redist/fwidbmgr/include/Grid.h:1695) Grid dc configured.
2016-12-11 05:10:34,556 null [INFO] (/home/meteo/dev/redist/fwidbmgr/include/Grid.h:1595) Configuring grid: bui
2016-12-11 05:10:34,556 null [INFO] (/home/meteo/dev/redist/fwidbmgr/include/Grid.h:1695) Grid bui configured.
2016-12-11 05:10:34,557 null [INFO] (/home/meteo/dev/redist/fwidbmgr/include/Grid.h:1595) Configuring grid: ffmc_tmp
2016-12-11 05:10:34,557 null [INFO] (/home/meteo/dev/redist/fwidbmgr/include/Grid.h:1695) Grid ffmc_tmp configured.
2016-12-11 05:10:34,558 null [INFO] (/home/meteo/dev/redist/fwidbmgr/include/Grid.h:1595) Configuring grid: dmc_tmp
2016-12-11 05:10:34,558 null [INFO] (/home/meteo/dev/redist/fwidbmgr/include/Grid.h:1695) Grid dmc_tmp configured.
2016-12-11 05:10:34,559 null [INFO] (/home/meteo/dev/redist/fwidbmgr/include/Grid.h:1595) Configuring grid: dc_tmp
2016-12-11 05:10:34,559 null [INFO] (/home/meteo/dev/redist/fwidbmgr/include/Grid.h:1695) Grid dc_tmp configured.
2016-12-11 05:10:34,560 null [INFO] (/home/meteo/dev/redist/fwidbmgr/include/Grid.h:1595) Configuring grid: idi
2016-12-11 05:10:34,560 null [INFO] (/home/meteo/dev/redist/fwidbmgr/include/Grid.h:1695) Grid idi configured.
2016-12-11 05:10:34,561 null [INFO] (/home/meteo/dev/redist/fwidbmgr/include/Grid.h:1595) Configuring grid: angstrom
2016-12-11 05:10:34,561 null [INFO] (/home/meteo/dev/redist/fwidbmgr/include/Grid.h:1695) Grid angstrom configured.
2016-12-11 05:10:34,562 null [INFO] (/home/meteo/dev/redist/fwidbmgr/include/Grid.h:1595) Configuring grid: fmi
2016-12-11 05:10:34,562 null [INFO] (/home/meteo/dev/redist/fwidbmgr/include/Grid.h:1695) Grid fmi configured.
2016-12-11 05:10:34,563 null [INFO] (/home/meteo/dev/redist/fwidbmgr/include/Grid.h:1595) Configuring grid: sharples
2016-12-11 05:10:34,563 null [INFO] (/home/meteo/dev/redist/fwidbmgr/include/Grid.h:1695) Grid sharples configured.
2016-12-11 05:11:28,497 null [INFO] (/home/meteo/dev/redist/fwidbmgr/include/Grid.h:1595) Configuring grid: snow
2016-12-11 05:11:28,498 null [INFO] (/home/meteo/dev/redist/fwidbmgr/include/Grid.h:1695) Grid snow configured.
2016-12-11 05:11:28,498 null [INFO] (/home/meteo/dev/redist/fwidbmgr/include/Grid.h:1595) Configuring grid: snow_covering
2016-12-11 05:11:28,498 null [INFO] (/home/meteo/dev/redist/fwidbmgr/include/Grid.h:1695) Grid snow_covering configured.
2016-12-11 05:11:28,498 null [INFO] (/home/meteo/dev/redist/fwidbmgr/include/Grid.h:1595) Configuring grid: snow_dissolution
2016-12-11 05:11:28,498 null [INFO] (/home/meteo/dev/redist/fwidbmgr/include/Grid.h:1695) Grid snow_dissolution configured.
2016-12-11 05:11:28,498 null [INFO] (/home/meteo/dev/redist/fwidbmgr/include/Grid.h:1595) Configuring grid: temperature
2016-12-11 05:11:28,498 null [INFO] (/home/meteo/dev/redist/fwidbmgr/include/Grid.h:1695) Grid temperature configured.
2016-12-11 05:11:28,500 null [INFO] (/home/meteo/dev/redist/fwidbmgr/include/Grid.h:1595) Configuring grid: humidity
2016-12-11 05:11:28,500 null [INFO] (/home/meteo/dev/redist/fwidbmgr/include/Grid.h:1695) Grid humidity configured.
2016-12-11 05:11:28,500 null [INFO] (/home/meteo/dev/redist/fwidbmgr/include/Grid.h:1595) Configuring grid: windspeed
2016-12-11 05:11:28,500 null [INFO] (/home/meteo/dev/redist/fwidbmgr/include/Grid.h:1695) Grid windspeed configured.
2016-12-11 05:11:28,500 null [INFO] (/home/meteo/dev/redist/fwidbmgr/include/Grid.h:1595) Configuring grid: rain
2016-12-11 05:11:28,500 null [INFO] (/home/meteo/dev/redist/fwidbmgr/include/Grid.h:1695) Grid rain configured.
2016-12-11 05:11:28,500 null [INFO] (/home/meteo/dev/redist/fwidbmgr/include/Grid.h:1595) Configuring grid: cum_rain
2016-12-11 05:11:28,500 null [INFO] (/home/meteo/dev/redist/fwidbmgr/include/Grid.h:1695) Grid cum_rain configured.
2016-12-11 05:13:28,886 null [INFO] (../src/fwidbmgr.cpp:5466) OK --> 20161210 indexes computed.
2016-12-11 05:13:28,887 null [INFO] (../src/fwidbmgr.cpp:5496) action computeidx took about 174 seconds.
2016-12-11 05:13:28,887 null [INFO] (../src/fwidbmgr.cpp:5499) Disconnected from database.
2016-12-11 05:13:29,631 null [INFO] (../src/fwidbmgr.cpp:5207) fwi db manager
2016-12-11 05:13:29,631 null [INFO] (../src/fwidbmgr.cpp:5209) Program home: /home/meteo/dev/redist/fwidbmgr
2016-12-11 05:13:29,631 null [INFO] (../src/fwidbmgr.cpp:5211) Auto convert: 1
2016-12-11 05:13:29,631 null [INFO] (../src/fwidbmgr.cpp:458) action: exportidx.
2016-12-11 05:13:29,631 null [INFO] (../src/fwidbmgr.cpp:482) date: 20161210.
2016-12-11 05:13:29,631 null [INFO] (../src/fwidbmgr.cpp:319) Try to read: /home/meteo/dev/redist/fwidbmgr/config/fwidbmgr.conf.
2016-12-11 05:13:29,664 null [INFO] (../src/fwidbmgr.cpp:5240) Configuration parsing: OK.
2016-12-11 05:13:29,776 null [INFO] (../src/fwidbmgr.cpp:5322) Connected to database
2016-12-11 05:13:29,776 null [INFO] (../src/fwidbmgr.cpp:5323) Manage data for date: 20161210.
2016-12-11 05:13:29,776 null [INFO] (../src/fwidbmgr.cpp:5415) Exporting indexes.
2016-12-11 05:13:29,777 null [INFO] (/home/meteo/dev/redist/fwidbmgr/include/Grid.h:1595) Configuring grid: isi
2016-12-11 05:13:29,777 null [INFO] (/home/meteo/dev/redist/fwidbmgr/include/Grid.h:1695) Grid isi configured.
2016-12-11 05:13:29,778 null [INFO] (/home/meteo/dev/redist/fwidbmgr/include/Grid.h:1595) Configuring grid: fwi
2016-12-11 05:13:29,778 null [INFO] (/home/meteo/dev/redist/fwidbmgr/include/Grid.h:1695) Grid fwi configured.
2016-12-11 05:13:29,779 null [INFO] (/home/meteo/dev/redist/fwidbmgr/include/Grid.h:1595) Configuring grid: ffmc
2016-12-11 05:13:29,779 null [INFO] (/home/meteo/dev/redist/fwidbmgr/include/Grid.h:1695) Grid ffmc configured.
2016-12-11 05:13:29,780 null [INFO] (/home/meteo/dev/redist/fwidbmgr/include/Grid.h:1595) Configuring grid: dmc
2016-12-11 05:13:29,780 null [INFO] (/home/meteo/dev/redist/fwidbmgr/include/Grid.h:1695) Grid dmc configured.
2016-12-11 05:13:29,781 null [INFO] (/home/meteo/dev/redist/fwidbmgr/include/Grid.h:1595) Configuring grid: dc
2016-12-11 05:13:29,781 null [INFO] (/home/meteo/dev/redist/fwidbmgr/include/Grid.h:1695) Grid dc configured.
2016-12-11 05:13:29,782 null [INFO] (/home/meteo/dev/redist/fwidbmgr/include/Grid.h:1595) Configuring grid: bui
2016-12-11 05:13:29,782 null [INFO] (/home/meteo/dev/redist/fwidbmgr/include/Grid.h:1695) Grid bui configured.
2016-12-11 05:13:29,783 null [INFO] (/home/meteo/dev/redist/fwidbmgr/include/Grid.h:1595) Configuring grid: ffmc_tmp
2016-12-11 05:13:29,783 null [INFO] (/home/meteo/dev/redist/fwidbmgr/include/Grid.h:1695) Grid ffmc_tmp configured.
2016-12-11 05:13:29,784 null [INFO] (/home/meteo/dev/redist/fwidbmgr/include/Grid.h:1595) Configuring grid: dmc_tmp
2016-12-11 05:13:29,784 null [INFO] (/home/meteo/dev/redist/fwidbmgr/include/Grid.h:1695) Grid dmc_tmp configured.
2016-12-11 05:13:29,785 null [INFO] (/home/meteo/dev/redist/fwidbmgr/include/Grid.h:1595) Configuring grid: dc_tmp
2016-12-11 05:13:29,785 null [INFO] (/home/meteo/dev/redist/fwidbmgr/include/Grid.h:1695) Grid dc_tmp configured.
2016-12-11 05:13:29,786 null [INFO] (/home/meteo/dev/redist/fwidbmgr/include/Grid.h:1595) Configuring grid: idi
2016-12-11 05:13:29,786 null [INFO] (/home/meteo/dev/redist/fwidbmgr/include/Grid.h:1695) Grid idi configured.
2016-12-11 05:13:29,787 null [INFO] (/home/meteo/dev/redist/fwidbmgr/include/Grid.h:1595) Configuring grid: angstrom
2016-12-11 05:13:29,787 null [INFO] (/home/meteo/dev/redist/fwidbmgr/include/Grid.h:1695) Grid angstrom configured.
2016-12-11 05:13:29,788 null [INFO] (/home/meteo/dev/redist/fwidbmgr/include/Grid.h:1595) Configuring grid: fmi
2016-12-11 05:13:29,788 null [INFO] (/home/meteo/dev/redist/fwidbmgr/include/Grid.h:1695) Grid fmi configured.
2016-12-11 05:13:29,789 null [INFO] (/home/meteo/dev/redist/fwidbmgr/include/Grid.h:1595) Configuring grid: sharples
2016-12-11 05:13:29,789 null [INFO] (/home/meteo/dev/redist/fwidbmgr/include/Grid.h:1695) Grid sharples configured.
2016-12-11 05:14:21,129 null [INFO] (/home/meteo/dev/redist/fwidbmgr/include/Grid.h:1595) Configuring grid: isi
2016-12-11 05:14:21,129 null [INFO] (/home/meteo/dev/redist/fwidbmgr/include/Grid.h:1695) Grid isi configured.
2016-12-11 05:14:21,200 null [INFO] (/home/meteo/dev/redist/fwidbmgr/include/Grid.h:1595) Configuring grid: fwi
2016-12-11 05:14:21,200 null [INFO] (/home/meteo/dev/redist/fwidbmgr/include/Grid.h:1695) Grid fwi configured.
2016-12-11 05:14:21,218 null [INFO] (/home/meteo/dev/redist/fwidbmgr/include/Grid.h:1595) Configuring grid: ffmc
2016-12-11 05:14:21,218 null [INFO] (/home/meteo/dev/redist/fwidbmgr/include/Grid.h:1695) Grid ffmc configured.
2016-12-11 05:14:21,237 null [INFO] (/home/meteo/dev/redist/fwidbmgr/include/Grid.h:1595) Configuring grid: dmc
2016-12-11 05:14:21,237 null [INFO] (/home/meteo/dev/redist/fwidbmgr/include/Grid.h:1695) Grid dmc configured.
2016-12-11 05:14:21,256 null [INFO] (/home/meteo/dev/redist/fwidbmgr/include/Grid.h:1595) Configuring grid: dc
2016-12-11 05:14:21,256 null [INFO] (/home/meteo/dev/redist/fwidbmgr/include/Grid.h:1695) Grid dc configured.
2016-12-11 05:14:21,274 null [INFO] (/home/meteo/dev/redist/fwidbmgr/include/Grid.h:1595) Configuring grid: bui
2016-12-11 05:14:21,274 null [INFO] (/home/meteo/dev/redist/fwidbmgr/include/Grid.h:1695) Grid bui configured.
2016-12-11 05:14:21,292 null [INFO] (/home/meteo/dev/redist/fwidbmgr/include/Grid.h:1595) Configuring grid: ffmc_tmp
2016-12-11 05:14:21,292 null [INFO] (/home/meteo/dev/redist/fwidbmgr/include/Grid.h:1695) Grid ffmc_tmp configured.
2016-12-11 05:14:21,319 null [INFO] (/home/meteo/dev/redist/fwidbmgr/include/Grid.h:1595) Configuring grid: dmc_tmp
2016-12-11 05:14:21,320 null [INFO] (/home/meteo/dev/redist/fwidbmgr/include/Grid.h:1695) Grid dmc_tmp configured.
2016-12-11 05:14:21,347 null [INFO] (/home/meteo/dev/redist/fwidbmgr/include/Grid.h:1595) Configuring grid: dc_tmp
2016-12-11 05:14:21,347 null [INFO] (/home/meteo/dev/redist/fwidbmgr/include/Grid.h:1695) Grid dc_tmp configured.
2016-12-11 05:14:21,375 null [INFO] (/home/meteo/dev/redist/fwidbmgr/include/Grid.h:1595) Configuring grid: angstrom
2016-12-11 05:14:21,375 null [INFO] (/home/meteo/dev/redist/fwidbmgr/include/Grid.h:1695) Grid angstrom configured.
2016-12-11 05:14:21,533 null [INFO] (/home/meteo/dev/redist/fwidbmgr/include/Grid.h:1595) Configuring grid: sharples
2016-12-11 05:14:21,533 null [INFO] (/home/meteo/dev/redist/fwidbmgr/include/Grid.h:1695) Grid sharples configured.
2016-12-11 05:14:21,553 null [INFO] (/home/meteo/dev/redist/fwidbmgr/include/Grid.h:1595) Configuring grid: fmi
2016-12-11 05:14:21,553 null [INFO] (/home/meteo/dev/redist/fwidbmgr/include/Grid.h:1695) Grid fmi configured.
2016-12-11 05:14:21,585 null [INFO] (../src/fwidbmgr.cpp:5418) OK --> 20161210 indexes exported to files.
2016-12-11 05:14:21,585 null [INFO] (../src/fwidbmgr.cpp:5496) action exportidx took about 52 seconds.
2016-12-11 05:14:21,585 null [INFO] (../src/fwidbmgr.cpp:5499) Disconnected from database.
2016-12-11 05:14:46,560 null [INFO] (../src/fwidbmgr.cpp:5207) fwi db manager
2016-12-11 05:14:46,560 null [INFO] (../src/fwidbmgr.cpp:5209) Program home: /home/meteo/dev/redist/fwidbmgr
2016-12-11 05:14:46,560 null [INFO] (../src/fwidbmgr.cpp:5211) Auto convert: 1
2016-12-11 05:14:46,560 null [INFO] (../src/fwidbmgr.cpp:458) action: outimg.
2016-12-11 05:14:46,560 null [INFO] (../src/fwidbmgr.cpp:482) date: 20161210.
2016-12-11 05:14:46,560 null [INFO] (../src/fwidbmgr.cpp:319) Try to read: /home/meteo/dev/redist/fwidbmgr/config/fwidbmgr.conf.
2016-12-11 05:14:46,580 null [INFO] (../src/fwidbmgr.cpp:5240) Configuration parsing: OK.
2016-12-11 05:14:46,596 null [INFO] (../src/fwidbmgr.cpp:5322) Connected to database
2016-12-11 05:14:46,596 null [INFO] (../src/fwidbmgr.cpp:5323) Manage data for date: 20161210.
2016-12-11 05:14:46,596 null [INFO] (../src/fwidbmgr.cpp:5391) Importing fwi indexes images in database.
2016-12-11 05:14:47,594 null [INFO] (../src/fwidbmgr.cpp:5394) OK --> 20161210 images imported.
2016-12-11 05:14:47,594 null [INFO] (../src/fwidbmgr.cpp:5496) action outimg took about 1 seconds.
2016-12-11 05:14:47,594 null [INFO] (../src/fwidbmgr.cpp:5499) Disconnected from database.
2016-12-11 05:37:01,598 null [INFO] (../src/fwidbmgr.cpp:5207) fwi db manager
2016-12-11 05:37:01,598 null [INFO] (../src/fwidbmgr.cpp:5209) Program home: /home/meteo/dev/redist/fwidbmgr
2016-12-11 05:37:01,598 null [INFO] (../src/fwidbmgr.cpp:5211) Auto convert: 1
2016-12-11 05:37:01,598 null [INFO] (../src/fwidbmgr.cpp:458) action: outimg.
2016-12-11 05:37:01,598 null [INFO] (../src/fwidbmgr.cpp:482) date: 20161210.
2016-12-11 05:37:01,598 null [INFO] (../src/fwidbmgr.cpp:319) Try to read: /home/meteo/dev/redist/fwidbmgr/config/fwidbmgr.conf.
2016-12-11 05:37:01,599 null [INFO] (../src/fwidbmgr.cpp:5240) Configuration parsing: OK.
2016-12-11 05:37:01,601 null [INFO] (../src/fwidbmgr.cpp:5322) Connected to database
2016-12-11 05:37:01,601 null [INFO] (../src/fwidbmgr.cpp:5323) Manage data for date: 20161210.
2016-12-11 05:37:01,601 null [INFO] (../src/fwidbmgr.cpp:5391) Importing fwi indexes images in database.
2016-12-11 05:37:01,690 null [INFO] (../src/fwidbmgr.cpp:5394) OK --> 20161210 images imported.
2016-12-11 05:37:01,690 null [INFO] (../src/fwidbmgr.cpp:5496) action outimg took about 0 seconds.
2016-12-11 05:37:01,690 null [INFO] (../src/fwidbmgr.cpp:5499) Disconnected from database.
2016-12-11 06:05:01,818 null [INFO] (../src/fwidbmgr.cpp:5207) fwi db manager
2016-12-11 06:05:01,818 null [INFO] (../src/fwidbmgr.cpp:5209) Program home: /home/meteo/dev/redist/fwidbmgr
2016-12-11 06:05:01,818 null [INFO] (../src/fwidbmgr.cpp:5211) Auto convert: 1
2016-12-11 06:05:01,818 null [INFO] (../src/fwidbmgr.cpp:458) action: outimg.
2016-12-11 06:05:01,818 null [INFO] (../src/fwidbmgr.cpp:482) date: 20161210.
2016-12-11 06:05:01,818 null [INFO] (../src/fwidbmgr.cpp:319) Try to read: /home/meteo/dev/redist/fwidbmgr/config/fwidbmgr.conf.
2016-12-11 06:05:01,835 null [INFO] (../src/fwidbmgr.cpp:5240) Configuration parsing: OK.
2016-12-11 06:05:01,837 null [INFO] (../src/fwidbmgr.cpp:5322) Connected to database
2016-12-11 06:05:01,837 null [INFO] (../src/fwidbmgr.cpp:5323) Manage data for date: 20161210.
2016-12-11 06:05:01,837 null [INFO] (../src/fwidbmgr.cpp:5391) Importing fwi indexes images in database.
2016-12-11 06:05:01,882 null [INFO] (../src/fwidbmgr.cpp:5394) OK --> 20161210 images imported.
2016-12-11 06:05:01,882 null [INFO] (../src/fwidbmgr.cpp:5496) action outimg took about 0 seconds.
2016-12-11 06:05:01,882 null [INFO] (../src/fwidbmgr.cpp:5499) Disconnected from database.
2016-12-11 06:37:01,973 null [INFO] (../src/fwidbmgr.cpp:5207) fwi db manager
2016-12-11 06:37:01,973 null [INFO] (../src/fwidbmgr.cpp:5209) Program home: /home/meteo/dev/redist/fwidbmgr
2016-12-11 06:37:01,973 null [INFO] (../src/fwidbmgr.cpp:5211) Auto convert: 1
2016-12-11 06:37:01,973 null [INFO] (../src/fwidbmgr.cpp:458) action: outimg.
2016-12-11 06:37:01,973 null [INFO] (../src/fwidbmgr.cpp:482) date: 20161210.
2016-12-11 06:37:01,973 null [INFO] (../src/fwidbmgr.cpp:319) Try to read: /home/meteo/dev/redist/fwidbmgr/config/fwidbmgr.conf.
2016-12-11 06:37:01,974 null [INFO] (../src/fwidbmgr.cpp:5240) Configuration parsing: OK.
2016-12-11 06:37:01,976 null [INFO] (../src/fwidbmgr.cpp:5322) Connected to database
2016-12-11 06:37:01,976 null [INFO] (../src/fwidbmgr.cpp:5323) Manage data for date: 20161210.
2016-12-11 06:37:01,976 null [INFO] (../src/fwidbmgr.cpp:5391) Importing fwi indexes images in database.
2016-12-11 06:37:02,010 null [INFO] (../src/fwidbmgr.cpp:5394) OK --> 20161210 images imported.
2016-12-11 06:37:02,010 null [INFO] (../src/fwidbmgr.cpp:5496) action outimg took about 1 seconds.
2016-12-11 06:37:02,010 null [INFO] (../src/fwidbmgr.cpp:5499) Disconnected from database.
2016-12-11 07:05:01,077 null [INFO] (../src/fwidbmgr.cpp:5207) fwi db manager
2016-12-11 07:05:01,077 null [INFO] (../src/fwidbmgr.cpp:5209) Program home: /home/meteo/dev/redist/fwidbmgr
2016-12-11 07:05:01,077 null [INFO] (../src/fwidbmgr.cpp:5211) Auto convert: 1
2016-12-11 07:05:01,077 null [INFO] (../src/fwidbmgr.cpp:458) action: outimg.
2016-12-11 07:05:01,077 null [INFO] (../src/fwidbmgr.cpp:482) date: 20161210.
2016-12-11 07:05:01,077 null [INFO] (../src/fwidbmgr.cpp:319) Try to read: /home/meteo/dev/redist/fwidbmgr/config/fwidbmgr.conf.
2016-12-11 07:05:01,078 null [INFO] (../src/fwidbmgr.cpp:5240) Configuration parsing: OK.
2016-12-11 07:05:01,080 null [INFO] (../src/fwidbmgr.cpp:5322) Connected to database
2016-12-11 07:05:01,080 null [INFO] (../src/fwidbmgr.cpp:5323) Manage data for date: 20161210.
2016-12-11 07:05:01,080 null [INFO] (../src/fwidbmgr.cpp:5391) Importing fwi indexes images in database.
2016-12-11 07:05:01,116 null [INFO] (../src/fwidbmgr.cpp:5394) OK --> 20161210 images imported.
2016-12-11 07:05:01,116 null [INFO] (../src/fwidbmgr.cpp:5496) action outimg took about 0 seconds.
2016-12-11 07:05:01,116 null [INFO] (../src/fwidbmgr.cpp:5499) Disconnected from database.
2016-12-11 07:37:01,180 null [INFO] (../src/fwidbmgr.cpp:5207) fwi db manager
2016-12-11 07:37:01,180 null [INFO] (../src/fwidbmgr.cpp:5209) Program home: /home/meteo/dev/redist/fwidbmgr
2016-12-11 07:37:01,180 null [INFO] (../src/fwidbmgr.cpp:5211) Auto convert: 1
2016-12-11 07:37:01,180 null [INFO] (../src/fwidbmgr.cpp:458) action: outimg.
2016-12-11 07:37:01,180 null [INFO] (../src/fwidbmgr.cpp:482) date: 20161210.
2016-12-11 07:37:01,180 null [INFO] (../src/fwidbmgr.cpp:319) Try to read: /home/meteo/dev/redist/fwidbmgr/config/fwidbmgr.conf.
2016-12-11 07:37:01,181 null [INFO] (../src/fwidbmgr.cpp:5240) Configuration parsing: OK.
2016-12-11 07:37:01,184 null [INFO] (../src/fwidbmgr.cpp:5322) Connected to database
2016-12-11 07:37:01,184 null [INFO] (../src/fwidbmgr.cpp:5323) Manage data for date: 20161210.
2016-12-11 07:37:01,184 null [INFO] (../src/fwidbmgr.cpp:5391) Importing fwi indexes images in database.
2016-12-11 07:37:01,231 null [INFO] (../src/fwidbmgr.cpp:5394) OK --> 20161210 images imported.
2016-12-11 07:37:01,231 null [INFO] (../src/fwidbmgr.cpp:5496) action outimg took about 0 seconds.
2016-12-11 07:37:01,231 null [INFO] (../src/fwidbmgr.cpp:5499) Disconnected from database.
