2018-07-30 05:07:23,782 null [INFO] (../src/fwidbmgr.cpp:5361) fwi db manager
2018-07-30 05:07:23,782 null [INFO] (../src/fwidbmgr.cpp:5365) Program home: /home/meteo/dev/redist/fwidbmgr
2018-07-30 05:07:23,782 null [INFO] (../src/fwidbmgr.cpp:5369) Auto convert: 1
2018-07-30 05:07:23,782 null [INFO] (../src/fwidbmgr.cpp:446) action: in.
2018-07-30 05:07:23,782 null [INFO] (../src/fwidbmgr.cpp:470) date: 20180729.
2018-07-30 05:07:23,783 null [INFO] (../src/fwidbmgr.cpp:322) Try to read: /home/meteo/dev/redist/fwidbmgr/config/fwidbmgr.conf.
2018-07-30 05:07:23,793 null [INFO] (../src/fwidbmgr.cpp:5393) Configuration parsing: OK.
2018-07-30 05:07:23,818 null [INFO] (../src/fwidbmgr.cpp:5478) Connected to database
2018-07-30 05:07:23,818 null [INFO] (../src/fwidbmgr.cpp:5480) Manage data for date: 20180729.
2018-07-30 05:07:23,818 null [INFO] (../src/fwidbmgr.cpp:5536) Importing meteo data in database for day: 20180729.
2018-07-30 05:07:23,827 null [INFO] (/home/meteo/dev/redist/fwidbmgr/include/Grid.h:1595) Configuring grid: snow
2018-07-30 05:07:23,827 null [INFO] (/home/meteo/dev/redist/fwidbmgr/include/Grid.h:1695) Grid snow configured.
2018-07-30 05:07:23,843 null [INFO] (/home/meteo/dev/redist/fwidbmgr/include/Grid.h:1595) Configuring grid: snow_covering
2018-07-30 05:07:23,843 null [INFO] (/home/meteo/dev/redist/fwidbmgr/include/Grid.h:1695) Grid snow_covering configured.
2018-07-30 05:07:23,876 null [INFO] (/home/meteo/dev/redist/fwidbmgr/include/Grid.h:1595) Configuring grid: snow_dissolution
2018-07-30 05:07:23,876 null [INFO] (/home/meteo/dev/redist/fwidbmgr/include/Grid.h:1695) Grid snow_dissolution configured.
2018-07-30 05:07:23,910 null [INFO] (/home/meteo/dev/redist/fwidbmgr/include/Grid.h:1595) Configuring grid: temperature
2018-07-30 05:07:23,910 null [INFO] (/home/meteo/dev/redist/fwidbmgr/include/Grid.h:1695) Grid temperature configured.
2018-07-30 05:07:23,918 null [INFO] (/home/meteo/dev/redist/fwidbmgr/include/Grid.h:1595) Configuring grid: humidity
2018-07-30 05:07:23,918 null [INFO] (/home/meteo/dev/redist/fwidbmgr/include/Grid.h:1695) Grid humidity configured.
2018-07-30 05:07:23,935 null [INFO] (/home/meteo/dev/redist/fwidbmgr/include/Grid.h:1595) Configuring grid: windspeed
2018-07-30 05:07:23,935 null [INFO] (/home/meteo/dev/redist/fwidbmgr/include/Grid.h:1695) Grid windspeed configured.
2018-07-30 05:07:23,970 null [INFO] (/home/meteo/dev/redist/fwidbmgr/include/Grid.h:1595) Configuring grid: rain
2018-07-30 05:07:23,970 null [INFO] (/home/meteo/dev/redist/fwidbmgr/include/Grid.h:1695) Grid rain configured.
2018-07-30 05:07:23,975 null [INFO] (/home/meteo/dev/redist/fwidbmgr/include/Grid.h:1595) Configuring grid: cum_rain
2018-07-30 05:07:23,975 null [INFO] (/home/meteo/dev/redist/fwidbmgr/include/Grid.h:1695) Grid cum_rain configured.
2018-07-30 05:07:34,257 null [INFO] (../src/fwidbmgr.cpp:1518) Storing meteo input ...
2018-07-30 05:08:12,445 null [INFO] (../src/fwidbmgr.cpp:5540) OK --> 20180729 data imported.
2018-07-30 05:08:12,518 null [INFO] (../src/fwidbmgr.cpp:5695) action in took about 49 seconds.
2018-07-30 05:08:12,690 null [INFO] (../src/fwidbmgr.cpp:5699) Disconnected from database.
2018-07-30 05:10:02,948 null [INFO] (../src/fwidbmgr.cpp:5361) fwi db manager
2018-07-30 05:10:02,948 null [INFO] (../src/fwidbmgr.cpp:5365) Program home: /home/meteo/dev/redist/fwidbmgr
2018-07-30 05:10:02,948 null [INFO] (../src/fwidbmgr.cpp:5369) Auto convert: 1
2018-07-30 05:10:02,948 null [INFO] (../src/fwidbmgr.cpp:446) action: out.
2018-07-30 05:10:02,948 null [INFO] (../src/fwidbmgr.cpp:470) date: 20180729.
2018-07-30 05:10:02,948 null [INFO] (../src/fwidbmgr.cpp:322) Try to read: /home/meteo/dev/redist/fwidbmgr/config/fwidbmgr.conf.
2018-07-30 05:10:02,956 null [INFO] (../src/fwidbmgr.cpp:5393) Configuration parsing: OK.
2018-07-30 05:10:02,989 null [INFO] (../src/fwidbmgr.cpp:5478) Connected to database
2018-07-30 05:10:02,989 null [INFO] (../src/fwidbmgr.cpp:5480) Manage data for date: 20180729.
2018-07-30 05:10:02,990 null [INFO] (../src/fwidbmgr.cpp:5551) Importing fwi indexes data in database for day: 20180729.
2018-07-30 05:10:03,003 null [INFO] (/home/meteo/dev/redist/fwidbmgr/include/Grid.h:1595) Configuring grid: isi
2018-07-30 05:10:03,003 null [INFO] (/home/meteo/dev/redist/fwidbmgr/include/Grid.h:1695) Grid isi configured.
2018-07-30 05:10:03,020 null [INFO] (/home/meteo/dev/redist/fwidbmgr/include/Grid.h:1595) Configuring grid: fwi
2018-07-30 05:10:03,020 null [INFO] (/home/meteo/dev/redist/fwidbmgr/include/Grid.h:1695) Grid fwi configured.
2018-07-30 05:10:03,037 null [INFO] (/home/meteo/dev/redist/fwidbmgr/include/Grid.h:1595) Configuring grid: ffmc
2018-07-30 05:10:03,037 null [INFO] (/home/meteo/dev/redist/fwidbmgr/include/Grid.h:1695) Grid ffmc configured.
2018-07-30 05:10:03,054 null [INFO] (/home/meteo/dev/redist/fwidbmgr/include/Grid.h:1595) Configuring grid: dmc
2018-07-30 05:10:03,054 null [INFO] (/home/meteo/dev/redist/fwidbmgr/include/Grid.h:1695) Grid dmc configured.
2018-07-30 05:10:03,071 null [INFO] (/home/meteo/dev/redist/fwidbmgr/include/Grid.h:1595) Configuring grid: dc
2018-07-30 05:10:03,072 null [INFO] (/home/meteo/dev/redist/fwidbmgr/include/Grid.h:1695) Grid dc configured.
2018-07-30 05:10:03,090 null [INFO] (/home/meteo/dev/redist/fwidbmgr/include/Grid.h:1595) Configuring grid: bui
2018-07-30 05:10:03,090 null [INFO] (/home/meteo/dev/redist/fwidbmgr/include/Grid.h:1695) Grid bui configured.
2018-07-30 05:10:03,120 null [INFO] (/home/meteo/dev/redist/fwidbmgr/include/Grid.h:1595) Configuring grid: ffmc_tmp
2018-07-30 05:10:03,120 null [INFO] (/home/meteo/dev/redist/fwidbmgr/include/Grid.h:1695) Grid ffmc_tmp configured.
2018-07-30 05:10:03,168 null [INFO] (/home/meteo/dev/redist/fwidbmgr/include/Grid.h:1595) Configuring grid: dmc_tmp
2018-07-30 05:10:03,168 null [INFO] (/home/meteo/dev/redist/fwidbmgr/include/Grid.h:1695) Grid dmc_tmp configured.
2018-07-30 05:10:03,210 null [INFO] (/home/meteo/dev/redist/fwidbmgr/include/Grid.h:1595) Configuring grid: dc_tmp
2018-07-30 05:10:03,210 null [INFO] (/home/meteo/dev/redist/fwidbmgr/include/Grid.h:1695) Grid dc_tmp configured.
2018-07-30 05:10:03,236 null [INFO] (/home/meteo/dev/redist/fwidbmgr/include/Grid.h:1595) Configuring grid: idi
2018-07-30 05:10:03,236 null [INFO] (/home/meteo/dev/redist/fwidbmgr/include/Grid.h:1695) Grid idi configured.
2018-07-30 05:10:14,580 null [INFO] (../src/fwidbmgr.cpp:2081) Storing FWI indexes ...
2018-07-30 05:10:41,747 null [INFO] (../src/fwidbmgr.cpp:5555) OK --> 20180729 data imported.
2018-07-30 05:10:41,747 null [INFO] (../src/fwidbmgr.cpp:5695) action out took about 39 seconds.
2018-07-30 05:10:41,748 null [INFO] (../src/fwidbmgr.cpp:5699) Disconnected from database.
2018-07-30 05:10:42,515 null [INFO] (../src/fwidbmgr.cpp:5361) fwi db manager
2018-07-30 05:10:42,516 null [INFO] (../src/fwidbmgr.cpp:5365) Program home: /home/meteo/dev/redist/fwidbmgr
2018-07-30 05:10:42,516 null [INFO] (../src/fwidbmgr.cpp:5369) Auto convert: 1
2018-07-30 05:10:42,516 null [INFO] (../src/fwidbmgr.cpp:446) action: computeidx.
2018-07-30 05:10:42,516 null [INFO] (../src/fwidbmgr.cpp:470) date: 20180729.
2018-07-30 05:10:42,516 null [INFO] (../src/fwidbmgr.cpp:322) Try to read: /home/meteo/dev/redist/fwidbmgr/config/fwidbmgr.conf.
2018-07-30 05:10:42,531 null [INFO] (../src/fwidbmgr.cpp:5393) Configuration parsing: OK.
2018-07-30 05:10:42,568 null [INFO] (../src/fwidbmgr.cpp:5478) Connected to database
2018-07-30 05:10:42,568 null [INFO] (../src/fwidbmgr.cpp:5480) Manage data for date: 20180729.
2018-07-30 05:10:42,568 null [INFO] (../src/fwidbmgr.cpp:5656) Computing indexes.
2018-07-30 05:10:42,572 null [INFO] (/home/meteo/dev/redist/fwidbmgr/include/Grid.h:1595) Configuring grid: isi
2018-07-30 05:10:42,572 null [INFO] (/home/meteo/dev/redist/fwidbmgr/include/Grid.h:1695) Grid isi configured.
2018-07-30 05:10:42,575 null [INFO] (/home/meteo/dev/redist/fwidbmgr/include/Grid.h:1595) Configuring grid: fwi
2018-07-30 05:10:42,575 null [INFO] (/home/meteo/dev/redist/fwidbmgr/include/Grid.h:1695) Grid fwi configured.
2018-07-30 05:10:42,578 null [INFO] (/home/meteo/dev/redist/fwidbmgr/include/Grid.h:1595) Configuring grid: ffmc
2018-07-30 05:10:42,582 null [INFO] (/home/meteo/dev/redist/fwidbmgr/include/Grid.h:1695) Grid ffmc configured.
2018-07-30 05:10:42,585 null [INFO] (/home/meteo/dev/redist/fwidbmgr/include/Grid.h:1595) Configuring grid: dmc
2018-07-30 05:10:42,585 null [INFO] (/home/meteo/dev/redist/fwidbmgr/include/Grid.h:1695) Grid dmc configured.
2018-07-30 05:10:42,588 null [INFO] (/home/meteo/dev/redist/fwidbmgr/include/Grid.h:1595) Configuring grid: dc
2018-07-30 05:10:42,588 null [INFO] (/home/meteo/dev/redist/fwidbmgr/include/Grid.h:1695) Grid dc configured.
2018-07-30 05:10:42,591 null [INFO] (/home/meteo/dev/redist/fwidbmgr/include/Grid.h:1595) Configuring grid: bui
2018-07-30 05:10:42,591 null [INFO] (/home/meteo/dev/redist/fwidbmgr/include/Grid.h:1695) Grid bui configured.
2018-07-30 05:10:42,594 null [INFO] (/home/meteo/dev/redist/fwidbmgr/include/Grid.h:1595) Configuring grid: ffmc_tmp
2018-07-30 05:10:42,594 null [INFO] (/home/meteo/dev/redist/fwidbmgr/include/Grid.h:1695) Grid ffmc_tmp configured.
2018-07-30 05:10:42,597 null [INFO] (/home/meteo/dev/redist/fwidbmgr/include/Grid.h:1595) Configuring grid: dmc_tmp
2018-07-30 05:10:42,597 null [INFO] (/home/meteo/dev/redist/fwidbmgr/include/Grid.h:1695) Grid dmc_tmp configured.
2018-07-30 05:10:42,600 null [INFO] (/home/meteo/dev/redist/fwidbmgr/include/Grid.h:1595) Configuring grid: dc_tmp
2018-07-30 05:10:42,600 null [INFO] (/home/meteo/dev/redist/fwidbmgr/include/Grid.h:1695) Grid dc_tmp configured.
2018-07-30 05:10:42,603 null [INFO] (/home/meteo/dev/redist/fwidbmgr/include/Grid.h:1595) Configuring grid: idi
2018-07-30 05:10:42,603 null [INFO] (/home/meteo/dev/redist/fwidbmgr/include/Grid.h:1695) Grid idi configured.
2018-07-30 05:10:42,606 null [INFO] (/home/meteo/dev/redist/fwidbmgr/include/Grid.h:1595) Configuring grid: angstrom
2018-07-30 05:10:42,613 null [INFO] (/home/meteo/dev/redist/fwidbmgr/include/Grid.h:1695) Grid angstrom configured.
2018-07-30 05:10:42,624 null [INFO] (/home/meteo/dev/redist/fwidbmgr/include/Grid.h:1595) Configuring grid: fmi
2018-07-30 05:10:42,624 null [INFO] (/home/meteo/dev/redist/fwidbmgr/include/Grid.h:1695) Grid fmi configured.
2018-07-30 05:10:42,627 null [INFO] (/home/meteo/dev/redist/fwidbmgr/include/Grid.h:1595) Configuring grid: sharples
2018-07-30 05:10:42,628 null [INFO] (/home/meteo/dev/redist/fwidbmgr/include/Grid.h:1695) Grid sharples configured.
2018-07-30 05:10:53,759 null [INFO] (/home/meteo/dev/redist/fwidbmgr/include/Grid.h:1595) Configuring grid: snow
2018-07-30 05:10:53,759 null [INFO] (/home/meteo/dev/redist/fwidbmgr/include/Grid.h:1695) Grid snow configured.
2018-07-30 05:10:53,759 null [INFO] (/home/meteo/dev/redist/fwidbmgr/include/Grid.h:1595) Configuring grid: snow_covering
2018-07-30 05:10:53,759 null [INFO] (/home/meteo/dev/redist/fwidbmgr/include/Grid.h:1695) Grid snow_covering configured.
2018-07-30 05:10:53,759 null [INFO] (/home/meteo/dev/redist/fwidbmgr/include/Grid.h:1595) Configuring grid: snow_dissolution
2018-07-30 05:10:53,760 null [INFO] (/home/meteo/dev/redist/fwidbmgr/include/Grid.h:1695) Grid snow_dissolution configured.
2018-07-30 05:10:53,760 null [INFO] (/home/meteo/dev/redist/fwidbmgr/include/Grid.h:1595) Configuring grid: temperature
2018-07-30 05:10:53,760 null [INFO] (/home/meteo/dev/redist/fwidbmgr/include/Grid.h:1695) Grid temperature configured.
2018-07-30 05:10:53,760 null [INFO] (/home/meteo/dev/redist/fwidbmgr/include/Grid.h:1595) Configuring grid: humidity
2018-07-30 05:10:53,760 null [INFO] (/home/meteo/dev/redist/fwidbmgr/include/Grid.h:1695) Grid humidity configured.
2018-07-30 05:10:53,760 null [INFO] (/home/meteo/dev/redist/fwidbmgr/include/Grid.h:1595) Configuring grid: windspeed
2018-07-30 05:10:53,761 null [INFO] (/home/meteo/dev/redist/fwidbmgr/include/Grid.h:1695) Grid windspeed configured.
2018-07-30 05:10:53,761 null [INFO] (/home/meteo/dev/redist/fwidbmgr/include/Grid.h:1595) Configuring grid: rain
2018-07-30 05:10:53,761 null [INFO] (/home/meteo/dev/redist/fwidbmgr/include/Grid.h:1695) Grid rain configured.
2018-07-30 05:10:53,761 null [INFO] (/home/meteo/dev/redist/fwidbmgr/include/Grid.h:1595) Configuring grid: cum_rain
2018-07-30 05:10:53,761 null [INFO] (/home/meteo/dev/redist/fwidbmgr/include/Grid.h:1695) Grid cum_rain configured.
2018-07-30 05:13:35,804 null [INFO] (../src/fwidbmgr.cpp:5660) OK --> 20180729 indexes computed.
2018-07-30 05:13:35,809 null [INFO] (../src/fwidbmgr.cpp:5695) action computeidx took about 173 seconds.
2018-07-30 05:13:35,809 null [INFO] (../src/fwidbmgr.cpp:5699) Disconnected from database.
2018-07-30 05:13:36,002 null [INFO] (../src/fwidbmgr.cpp:5361) fwi db manager
2018-07-30 05:13:36,002 null [INFO] (../src/fwidbmgr.cpp:5365) Program home: /home/meteo/dev/redist/fwidbmgr
2018-07-30 05:13:36,003 null [INFO] (../src/fwidbmgr.cpp:5369) Auto convert: 1
2018-07-30 05:13:36,003 null [INFO] (../src/fwidbmgr.cpp:446) action: exportidx.
2018-07-30 05:13:36,003 null [INFO] (../src/fwidbmgr.cpp:470) date: 20180729.
2018-07-30 05:13:36,003 null [INFO] (../src/fwidbmgr.cpp:322) Try to read: /home/meteo/dev/redist/fwidbmgr/config/fwidbmgr.conf.
2018-07-30 05:13:36,008 null [INFO] (../src/fwidbmgr.cpp:5393) Configuration parsing: OK.
2018-07-30 05:13:36,036 null [INFO] (../src/fwidbmgr.cpp:5478) Connected to database
2018-07-30 05:13:36,036 null [INFO] (../src/fwidbmgr.cpp:5480) Manage data for date: 20180729.
2018-07-30 05:13:36,036 null [INFO] (../src/fwidbmgr.cpp:5596) Exporting indexes.
2018-07-30 05:13:36,038 null [INFO] (/home/meteo/dev/redist/fwidbmgr/include/Grid.h:1595) Configuring grid: isi
2018-07-30 05:13:36,038 null [INFO] (/home/meteo/dev/redist/fwidbmgr/include/Grid.h:1695) Grid isi configured.
2018-07-30 05:13:36,040 null [INFO] (/home/meteo/dev/redist/fwidbmgr/include/Grid.h:1595) Configuring grid: fwi
2018-07-30 05:13:36,040 null [INFO] (/home/meteo/dev/redist/fwidbmgr/include/Grid.h:1695) Grid fwi configured.
2018-07-30 05:13:36,041 null [INFO] (/home/meteo/dev/redist/fwidbmgr/include/Grid.h:1595) Configuring grid: ffmc
2018-07-30 05:13:36,041 null [INFO] (/home/meteo/dev/redist/fwidbmgr/include/Grid.h:1695) Grid ffmc configured.
2018-07-30 05:13:36,043 null [INFO] (/home/meteo/dev/redist/fwidbmgr/include/Grid.h:1595) Configuring grid: dmc
2018-07-30 05:13:36,043 null [INFO] (/home/meteo/dev/redist/fwidbmgr/include/Grid.h:1695) Grid dmc configured.
2018-07-30 05:13:36,045 null [INFO] (/home/meteo/dev/redist/fwidbmgr/include/Grid.h:1595) Configuring grid: dc
2018-07-30 05:13:36,045 null [INFO] (/home/meteo/dev/redist/fwidbmgr/include/Grid.h:1695) Grid dc configured.
2018-07-30 05:13:36,046 null [INFO] (/home/meteo/dev/redist/fwidbmgr/include/Grid.h:1595) Configuring grid: bui
2018-07-30 05:13:36,046 null [INFO] (/home/meteo/dev/redist/fwidbmgr/include/Grid.h:1695) Grid bui configured.
2018-07-30 05:13:36,048 null [INFO] (/home/meteo/dev/redist/fwidbmgr/include/Grid.h:1595) Configuring grid: ffmc_tmp
2018-07-30 05:13:36,048 null [INFO] (/home/meteo/dev/redist/fwidbmgr/include/Grid.h:1695) Grid ffmc_tmp configured.
2018-07-30 05:13:36,049 null [INFO] (/home/meteo/dev/redist/fwidbmgr/include/Grid.h:1595) Configuring grid: dmc_tmp
2018-07-30 05:13:36,049 null [INFO] (/home/meteo/dev/redist/fwidbmgr/include/Grid.h:1695) Grid dmc_tmp configured.
2018-07-30 05:13:36,051 null [INFO] (/home/meteo/dev/redist/fwidbmgr/include/Grid.h:1595) Configuring grid: dc_tmp
2018-07-30 05:13:36,051 null [INFO] (/home/meteo/dev/redist/fwidbmgr/include/Grid.h:1695) Grid dc_tmp configured.
2018-07-30 05:13:36,052 null [INFO] (/home/meteo/dev/redist/fwidbmgr/include/Grid.h:1595) Configuring grid: idi
2018-07-30 05:13:36,053 null [INFO] (/home/meteo/dev/redist/fwidbmgr/include/Grid.h:1695) Grid idi configured.
2018-07-30 05:13:36,054 null [INFO] (/home/meteo/dev/redist/fwidbmgr/include/Grid.h:1595) Configuring grid: angstrom
2018-07-30 05:13:36,054 null [INFO] (/home/meteo/dev/redist/fwidbmgr/include/Grid.h:1695) Grid angstrom configured.
2018-07-30 05:13:36,056 null [INFO] (/home/meteo/dev/redist/fwidbmgr/include/Grid.h:1595) Configuring grid: fmi
2018-07-30 05:13:36,056 null [INFO] (/home/meteo/dev/redist/fwidbmgr/include/Grid.h:1695) Grid fmi configured.
2018-07-30 05:13:36,057 null [INFO] (/home/meteo/dev/redist/fwidbmgr/include/Grid.h:1595) Configuring grid: sharples
2018-07-30 05:13:36,057 null [INFO] (/home/meteo/dev/redist/fwidbmgr/include/Grid.h:1695) Grid sharples configured.
2018-07-30 05:13:44,139 null [INFO] (/home/meteo/dev/redist/fwidbmgr/include/Grid.h:1595) Configuring grid: isi
2018-07-30 05:13:44,139 null [INFO] (/home/meteo/dev/redist/fwidbmgr/include/Grid.h:1695) Grid isi configured.
2018-07-30 05:13:44,191 null [INFO] (/home/meteo/dev/redist/fwidbmgr/include/Grid.h:1595) Configuring grid: fwi
2018-07-30 05:13:44,191 null [INFO] (/home/meteo/dev/redist/fwidbmgr/include/Grid.h:1695) Grid fwi configured.
2018-07-30 05:13:44,230 null [INFO] (/home/meteo/dev/redist/fwidbmgr/include/Grid.h:1595) Configuring grid: ffmc
2018-07-30 05:13:44,230 null [INFO] (/home/meteo/dev/redist/fwidbmgr/include/Grid.h:1695) Grid ffmc configured.
2018-07-30 05:13:44,269 null [INFO] (/home/meteo/dev/redist/fwidbmgr/include/Grid.h:1595) Configuring grid: dmc
2018-07-30 05:13:44,269 null [INFO] (/home/meteo/dev/redist/fwidbmgr/include/Grid.h:1695) Grid dmc configured.
2018-07-30 05:13:44,307 null [INFO] (/home/meteo/dev/redist/fwidbmgr/include/Grid.h:1595) Configuring grid: dc
2018-07-30 05:13:44,307 null [INFO] (/home/meteo/dev/redist/fwidbmgr/include/Grid.h:1695) Grid dc configured.
2018-07-30 05:13:44,346 null [INFO] (/home/meteo/dev/redist/fwidbmgr/include/Grid.h:1595) Configuring grid: bui
2018-07-30 05:13:44,346 null [INFO] (/home/meteo/dev/redist/fwidbmgr/include/Grid.h:1695) Grid bui configured.
2018-07-30 05:13:44,400 null [INFO] (/home/meteo/dev/redist/fwidbmgr/include/Grid.h:1595) Configuring grid: ffmc_tmp
2018-07-30 05:13:44,400 null [INFO] (/home/meteo/dev/redist/fwidbmgr/include/Grid.h:1695) Grid ffmc_tmp configured.
2018-07-30 05:13:44,437 null [INFO] (/home/meteo/dev/redist/fwidbmgr/include/Grid.h:1595) Configuring grid: dmc_tmp
2018-07-30 05:13:44,437 null [INFO] (/home/meteo/dev/redist/fwidbmgr/include/Grid.h:1695) Grid dmc_tmp configured.
2018-07-30 05:13:44,472 null [INFO] (/home/meteo/dev/redist/fwidbmgr/include/Grid.h:1595) Configuring grid: dc_tmp
2018-07-30 05:13:44,472 null [INFO] (/home/meteo/dev/redist/fwidbmgr/include/Grid.h:1695) Grid dc_tmp configured.
2018-07-30 05:13:44,508 null [INFO] (/home/meteo/dev/redist/fwidbmgr/include/Grid.h:1595) Configuring grid: angstrom
2018-07-30 05:13:44,508 null [INFO] (/home/meteo/dev/redist/fwidbmgr/include/Grid.h:1695) Grid angstrom configured.
2018-07-30 05:13:44,572 null [INFO] (/home/meteo/dev/redist/fwidbmgr/include/Grid.h:1595) Configuring grid: sharples
2018-07-30 05:13:44,573 null [INFO] (/home/meteo/dev/redist/fwidbmgr/include/Grid.h:1695) Grid sharples configured.
2018-07-30 05:13:44,629 null [INFO] (/home/meteo/dev/redist/fwidbmgr/include/Grid.h:1595) Configuring grid: fmi
2018-07-30 05:13:44,630 null [INFO] (/home/meteo/dev/redist/fwidbmgr/include/Grid.h:1695) Grid fmi configured.
2018-07-30 05:13:44,680 null [INFO] (../src/fwidbmgr.cpp:5600) OK --> 20180729 indexes exported to files.
2018-07-30 05:13:44,681 null [INFO] (../src/fwidbmgr.cpp:5695) action exportidx took about 8 seconds.
2018-07-30 05:13:44,681 null [INFO] (../src/fwidbmgr.cpp:5699) Disconnected from database.
2018-07-30 05:14:28,891 null [INFO] (../src/fwidbmgr.cpp:5361) fwi db manager
2018-07-30 05:14:28,891 null [INFO] (../src/fwidbmgr.cpp:5365) Program home: /home/meteo/dev/redist/fwidbmgr
2018-07-30 05:14:28,891 null [INFO] (../src/fwidbmgr.cpp:5369) Auto convert: 1
2018-07-30 05:14:28,891 null [INFO] (../src/fwidbmgr.cpp:446) action: outimg.
2018-07-30 05:14:28,892 null [INFO] (../src/fwidbmgr.cpp:470) date: 20180729.
2018-07-30 05:14:28,892 null [INFO] (../src/fwidbmgr.cpp:322) Try to read: /home/meteo/dev/redist/fwidbmgr/config/fwidbmgr.conf.
2018-07-30 05:14:28,898 null [INFO] (../src/fwidbmgr.cpp:5393) Configuration parsing: OK.
2018-07-30 05:14:28,933 null [INFO] (../src/fwidbmgr.cpp:5478) Connected to database
2018-07-30 05:14:28,933 null [INFO] (../src/fwidbmgr.cpp:5480) Manage data for date: 20180729.
2018-07-30 05:14:28,933 null [INFO] (../src/fwidbmgr.cpp:5566) Importing fwi indexes images in database.
2018-07-30 05:14:29,083 null [INFO] (../src/fwidbmgr.cpp:5570) OK --> 20180729 images imported.
2018-07-30 05:14:29,084 null [INFO] (../src/fwidbmgr.cpp:5695) action outimg took about 1 seconds.
2018-07-30 05:14:29,084 null [INFO] (../src/fwidbmgr.cpp:5699) Disconnected from database.
2018-07-30 05:37:01,317 null [INFO] (../src/fwidbmgr.cpp:5361) fwi db manager
2018-07-30 05:37:01,318 null [INFO] (../src/fwidbmgr.cpp:5365) Program home: /home/meteo/dev/redist/fwidbmgr
2018-07-30 05:37:01,318 null [INFO] (../src/fwidbmgr.cpp:5369) Auto convert: 1
2018-07-30 05:37:01,318 null [INFO] (../src/fwidbmgr.cpp:446) action: outimg.
2018-07-30 05:37:01,318 null [INFO] (../src/fwidbmgr.cpp:470) date: 20180729.
2018-07-30 05:37:01,318 null [INFO] (../src/fwidbmgr.cpp:322) Try to read: /home/meteo/dev/redist/fwidbmgr/config/fwidbmgr.conf.
2018-07-30 05:37:01,322 null [INFO] (../src/fwidbmgr.cpp:5393) Configuration parsing: OK.
2018-07-30 05:37:01,330 null [INFO] (../src/fwidbmgr.cpp:5478) Connected to database
2018-07-30 05:37:01,331 null [INFO] (../src/fwidbmgr.cpp:5480) Manage data for date: 20180729.
2018-07-30 05:37:01,331 null [INFO] (../src/fwidbmgr.cpp:5566) Importing fwi indexes images in database.
2018-07-30 05:37:01,531 null [INFO] (../src/fwidbmgr.cpp:5570) OK --> 20180729 images imported.
2018-07-30 05:37:01,531 null [INFO] (../src/fwidbmgr.cpp:5695) action outimg took about 0 seconds.
2018-07-30 05:37:01,532 null [INFO] (../src/fwidbmgr.cpp:5699) Disconnected from database.
2018-07-30 06:05:01,847 null [INFO] (../src/fwidbmgr.cpp:5361) fwi db manager
2018-07-30 06:05:01,848 null [INFO] (../src/fwidbmgr.cpp:5365) Program home: /home/meteo/dev/redist/fwidbmgr
2018-07-30 06:05:01,848 null [INFO] (../src/fwidbmgr.cpp:5369) Auto convert: 1
2018-07-30 06:05:01,848 null [INFO] (../src/fwidbmgr.cpp:446) action: outimg.
2018-07-30 06:05:01,848 null [INFO] (../src/fwidbmgr.cpp:470) date: 20180729.
2018-07-30 06:05:01,848 null [INFO] (../src/fwidbmgr.cpp:322) Try to read: /home/meteo/dev/redist/fwidbmgr/config/fwidbmgr.conf.
2018-07-30 06:05:01,857 null [INFO] (../src/fwidbmgr.cpp:5393) Configuration parsing: OK.
2018-07-30 06:05:01,867 null [INFO] (../src/fwidbmgr.cpp:5478) Connected to database
2018-07-30 06:05:01,868 null [INFO] (../src/fwidbmgr.cpp:5480) Manage data for date: 20180729.
2018-07-30 06:05:01,868 null [INFO] (../src/fwidbmgr.cpp:5566) Importing fwi indexes images in database.
2018-07-30 06:05:02,038 null [INFO] (../src/fwidbmgr.cpp:5570) OK --> 20180729 images imported.
2018-07-30 06:05:02,038 null [INFO] (../src/fwidbmgr.cpp:5695) action outimg took about 1 seconds.
2018-07-30 06:05:02,039 null [INFO] (../src/fwidbmgr.cpp:5699) Disconnected from database.
2018-07-30 06:37:01,549 null [INFO] (../src/fwidbmgr.cpp:5361) fwi db manager
2018-07-30 06:37:01,551 null [INFO] (../src/fwidbmgr.cpp:5365) Program home: /home/meteo/dev/redist/fwidbmgr
2018-07-30 06:37:01,552 null [INFO] (../src/fwidbmgr.cpp:5369) Auto convert: 1
2018-07-30 06:37:01,552 null [INFO] (../src/fwidbmgr.cpp:446) action: outimg.
2018-07-30 06:37:01,552 null [INFO] (../src/fwidbmgr.cpp:470) date: 20180729.
2018-07-30 06:37:01,552 null [INFO] (../src/fwidbmgr.cpp:322) Try to read: /home/meteo/dev/redist/fwidbmgr/config/fwidbmgr.conf.
2018-07-30 06:37:01,556 null [INFO] (../src/fwidbmgr.cpp:5393) Configuration parsing: OK.
2018-07-30 06:37:01,572 null [INFO] (../src/fwidbmgr.cpp:5478) Connected to database
2018-07-30 06:37:01,572 null [INFO] (../src/fwidbmgr.cpp:5480) Manage data for date: 20180729.
2018-07-30 06:37:01,573 null [INFO] (../src/fwidbmgr.cpp:5566) Importing fwi indexes images in database.
2018-07-30 06:37:01,788 null [INFO] (../src/fwidbmgr.cpp:5570) OK --> 20180729 images imported.
2018-07-30 06:37:01,788 null [INFO] (../src/fwidbmgr.cpp:5695) action outimg took about 0 seconds.
2018-07-30 06:37:01,789 null [INFO] (../src/fwidbmgr.cpp:5699) Disconnected from database.
2018-07-30 07:05:01,928 null [INFO] (../src/fwidbmgr.cpp:5361) fwi db manager
2018-07-30 07:05:01,930 null [INFO] (../src/fwidbmgr.cpp:5365) Program home: /home/meteo/dev/redist/fwidbmgr
2018-07-30 07:05:01,931 null [INFO] (../src/fwidbmgr.cpp:5369) Auto convert: 1
2018-07-30 07:05:01,931 null [INFO] (../src/fwidbmgr.cpp:446) action: outimg.
2018-07-30 07:05:01,931 null [INFO] (../src/fwidbmgr.cpp:470) date: 20180729.
2018-07-30 07:05:01,931 null [INFO] (../src/fwidbmgr.cpp:322) Try to read: /home/meteo/dev/redist/fwidbmgr/config/fwidbmgr.conf.
2018-07-30 07:05:01,937 null [INFO] (../src/fwidbmgr.cpp:5393) Configuration parsing: OK.
2018-07-30 07:05:01,997 null [INFO] (../src/fwidbmgr.cpp:5478) Connected to database
2018-07-30 07:05:01,997 null [INFO] (../src/fwidbmgr.cpp:5480) Manage data for date: 20180729.
2018-07-30 07:05:01,998 null [INFO] (../src/fwidbmgr.cpp:5566) Importing fwi indexes images in database.
2018-07-30 07:05:02,283 null [INFO] (../src/fwidbmgr.cpp:5570) OK --> 20180729 images imported.
2018-07-30 07:05:02,283 null [INFO] (../src/fwidbmgr.cpp:5695) action outimg took about 1 seconds.
2018-07-30 07:05:02,284 null [INFO] (../src/fwidbmgr.cpp:5699) Disconnected from database.
2018-07-30 07:37:01,938 null [INFO] (../src/fwidbmgr.cpp:5361) fwi db manager
2018-07-30 07:37:01,938 null [INFO] (../src/fwidbmgr.cpp:5365) Program home: /home/meteo/dev/redist/fwidbmgr
2018-07-30 07:37:01,939 null [INFO] (../src/fwidbmgr.cpp:5369) Auto convert: 1
2018-07-30 07:37:01,939 null [INFO] (../src/fwidbmgr.cpp:446) action: outimg.
2018-07-30 07:37:01,939 null [INFO] (../src/fwidbmgr.cpp:470) date: 20180729.
2018-07-30 07:37:01,939 null [INFO] (../src/fwidbmgr.cpp:322) Try to read: /home/meteo/dev/redist/fwidbmgr/config/fwidbmgr.conf.
2018-07-30 07:37:01,944 null [INFO] (../src/fwidbmgr.cpp:5393) Configuration parsing: OK.
2018-07-30 07:37:01,979 null [INFO] (../src/fwidbmgr.cpp:5478) Connected to database
2018-07-30 07:37:01,980 null [INFO] (../src/fwidbmgr.cpp:5480) Manage data for date: 20180729.
2018-07-30 07:37:01,981 null [INFO] (../src/fwidbmgr.cpp:5566) Importing fwi indexes images in database.
2018-07-30 07:37:02,202 null [INFO] (../src/fwidbmgr.cpp:5570) OK --> 20180729 images imported.
2018-07-30 07:37:02,203 null [INFO] (../src/fwidbmgr.cpp:5695) action outimg took about 1 seconds.
2018-07-30 07:37:02,203 null [INFO] (../src/fwidbmgr.cpp:5699) Disconnected from database.
