2017-01-22 05:06:40,617 null [INFO] (../src/fwidbmgr.cpp:5207) fwi db manager
2017-01-22 05:06:40,617 null [INFO] (../src/fwidbmgr.cpp:5209) Program home: /home/meteo/dev/redist/fwidbmgr
2017-01-22 05:06:40,617 null [INFO] (../src/fwidbmgr.cpp:5211) Auto convert: 1
2017-01-22 05:06:40,617 null [INFO] (../src/fwidbmgr.cpp:458) action: in.
2017-01-22 05:06:40,617 null [INFO] (../src/fwidbmgr.cpp:482) date: 20170121.
2017-01-22 05:06:40,617 null [INFO] (../src/fwidbmgr.cpp:319) Try to read: /home/meteo/dev/redist/fwidbmgr/config/fwidbmgr.conf.
2017-01-22 05:06:40,735 null [INFO] (../src/fwidbmgr.cpp:5240) Configuration parsing: OK.
2017-01-22 05:06:40,772 null [INFO] (../src/fwidbmgr.cpp:5322) Connected to database
2017-01-22 05:06:40,772 null [INFO] (../src/fwidbmgr.cpp:5323) Manage data for date: 20170121.
2017-01-22 05:06:40,772 null [INFO] (../src/fwidbmgr.cpp:5367) Importing meteo data in database for day: 20170121.
2017-01-22 05:06:40,773 null [INFO] (/home/meteo/dev/redist/fwidbmgr/include/Grid.h:1595) Configuring grid: snow
2017-01-22 05:06:40,773 null [INFO] (/home/meteo/dev/redist/fwidbmgr/include/Grid.h:1695) Grid snow configured.
2017-01-22 05:06:40,778 null [INFO] (/home/meteo/dev/redist/fwidbmgr/include/Grid.h:1595) Configuring grid: snow_covering
2017-01-22 05:06:40,778 null [INFO] (/home/meteo/dev/redist/fwidbmgr/include/Grid.h:1695) Grid snow_covering configured.
2017-01-22 05:06:40,785 null [INFO] (/home/meteo/dev/redist/fwidbmgr/include/Grid.h:1595) Configuring grid: snow_dissolution
2017-01-22 05:06:40,785 null [INFO] (/home/meteo/dev/redist/fwidbmgr/include/Grid.h:1695) Grid snow_dissolution configured.
2017-01-22 05:06:40,797 null [INFO] (/home/meteo/dev/redist/fwidbmgr/include/Grid.h:1595) Configuring grid: temperature
2017-01-22 05:06:40,797 null [INFO] (/home/meteo/dev/redist/fwidbmgr/include/Grid.h:1695) Grid temperature configured.
2017-01-22 05:06:40,800 null [INFO] (/home/meteo/dev/redist/fwidbmgr/include/Grid.h:1595) Configuring grid: humidity
2017-01-22 05:06:40,800 null [INFO] (/home/meteo/dev/redist/fwidbmgr/include/Grid.h:1695) Grid humidity configured.
2017-01-22 05:06:40,806 null [INFO] (/home/meteo/dev/redist/fwidbmgr/include/Grid.h:1595) Configuring grid: windspeed
2017-01-22 05:06:40,806 null [INFO] (/home/meteo/dev/redist/fwidbmgr/include/Grid.h:1695) Grid windspeed configured.
2017-01-22 05:06:40,820 null [INFO] (/home/meteo/dev/redist/fwidbmgr/include/Grid.h:1595) Configuring grid: rain
2017-01-22 05:06:40,820 null [INFO] (/home/meteo/dev/redist/fwidbmgr/include/Grid.h:1695) Grid rain configured.
2017-01-22 05:06:40,822 null [INFO] (/home/meteo/dev/redist/fwidbmgr/include/Grid.h:1595) Configuring grid: cum_rain
2017-01-22 05:06:40,822 null [INFO] (/home/meteo/dev/redist/fwidbmgr/include/Grid.h:1695) Grid cum_rain configured.
2017-01-22 05:06:41,085 null [INFO] (../src/fwidbmgr.cpp:1502) Storing meteo input ...
2017-01-22 05:06:47,936 null [INFO] (../src/fwidbmgr.cpp:5370) OK --> 20170121 data imported.
2017-01-22 05:06:47,963 null [INFO] (../src/fwidbmgr.cpp:5496) action in took about 7 seconds.
2017-01-22 05:06:48,016 null [INFO] (../src/fwidbmgr.cpp:5499) Disconnected from database.
2017-01-22 05:07:53,891 null [INFO] (../src/fwidbmgr.cpp:5207) fwi db manager
2017-01-22 05:07:53,891 null [INFO] (../src/fwidbmgr.cpp:5209) Program home: /home/meteo/dev/redist/fwidbmgr
2017-01-22 05:07:53,891 null [INFO] (../src/fwidbmgr.cpp:5211) Auto convert: 1
2017-01-22 05:07:53,891 null [INFO] (../src/fwidbmgr.cpp:458) action: out.
2017-01-22 05:07:53,891 null [INFO] (../src/fwidbmgr.cpp:482) date: 20170121.
2017-01-22 05:07:53,891 null [INFO] (../src/fwidbmgr.cpp:319) Try to read: /home/meteo/dev/redist/fwidbmgr/config/fwidbmgr.conf.
2017-01-22 05:07:53,934 null [INFO] (../src/fwidbmgr.cpp:5240) Configuration parsing: OK.
2017-01-22 05:07:53,956 null [INFO] (../src/fwidbmgr.cpp:5322) Connected to database
2017-01-22 05:07:53,956 null [INFO] (../src/fwidbmgr.cpp:5323) Manage data for date: 20170121.
2017-01-22 05:07:53,956 null [INFO] (../src/fwidbmgr.cpp:5379) Importing fwi indexes data in database for day: 20170121.
2017-01-22 05:07:53,957 null [INFO] (/home/meteo/dev/redist/fwidbmgr/include/Grid.h:1595) Configuring grid: isi
2017-01-22 05:07:53,957 null [INFO] (/home/meteo/dev/redist/fwidbmgr/include/Grid.h:1695) Grid isi configured.
2017-01-22 05:07:53,964 null [INFO] (/home/meteo/dev/redist/fwidbmgr/include/Grid.h:1595) Configuring grid: fwi
2017-01-22 05:07:53,964 null [INFO] (/home/meteo/dev/redist/fwidbmgr/include/Grid.h:1695) Grid fwi configured.
2017-01-22 05:07:53,971 null [INFO] (/home/meteo/dev/redist/fwidbmgr/include/Grid.h:1595) Configuring grid: ffmc
2017-01-22 05:07:53,971 null [INFO] (/home/meteo/dev/redist/fwidbmgr/include/Grid.h:1695) Grid ffmc configured.
2017-01-22 05:07:53,977 null [INFO] (/home/meteo/dev/redist/fwidbmgr/include/Grid.h:1595) Configuring grid: dmc
2017-01-22 05:07:53,977 null [INFO] (/home/meteo/dev/redist/fwidbmgr/include/Grid.h:1695) Grid dmc configured.
2017-01-22 05:07:53,984 null [INFO] (/home/meteo/dev/redist/fwidbmgr/include/Grid.h:1595) Configuring grid: dc
2017-01-22 05:07:53,984 null [INFO] (/home/meteo/dev/redist/fwidbmgr/include/Grid.h:1695) Grid dc configured.
2017-01-22 05:07:53,991 null [INFO] (/home/meteo/dev/redist/fwidbmgr/include/Grid.h:1595) Configuring grid: bui
2017-01-22 05:07:53,991 null [INFO] (/home/meteo/dev/redist/fwidbmgr/include/Grid.h:1695) Grid bui configured.
2017-01-22 05:07:53,998 null [INFO] (/home/meteo/dev/redist/fwidbmgr/include/Grid.h:1595) Configuring grid: ffmc_tmp
2017-01-22 05:07:53,998 null [INFO] (/home/meteo/dev/redist/fwidbmgr/include/Grid.h:1695) Grid ffmc_tmp configured.
2017-01-22 05:07:54,242 null [INFO] (/home/meteo/dev/redist/fwidbmgr/include/Grid.h:1595) Configuring grid: dmc_tmp
2017-01-22 05:07:54,242 null [INFO] (/home/meteo/dev/redist/fwidbmgr/include/Grid.h:1695) Grid dmc_tmp configured.
2017-01-22 05:07:54,394 null [INFO] (/home/meteo/dev/redist/fwidbmgr/include/Grid.h:1595) Configuring grid: dc_tmp
2017-01-22 05:07:54,394 null [INFO] (/home/meteo/dev/redist/fwidbmgr/include/Grid.h:1695) Grid dc_tmp configured.
2017-01-22 05:07:54,406 null [INFO] (/home/meteo/dev/redist/fwidbmgr/include/Grid.h:1595) Configuring grid: idi
2017-01-22 05:07:54,406 null [INFO] (/home/meteo/dev/redist/fwidbmgr/include/Grid.h:1695) Grid idi configured.
2017-01-22 05:07:54,642 null [INFO] (../src/fwidbmgr.cpp:2045) Storing FWI indexes ...
2017-01-22 05:07:59,107 null [INFO] (../src/fwidbmgr.cpp:5382) OK --> 20170121 data imported.
2017-01-22 05:07:59,107 null [INFO] (../src/fwidbmgr.cpp:5496) action out took about 6 seconds.
2017-01-22 05:07:59,108 null [INFO] (../src/fwidbmgr.cpp:5499) Disconnected from database.
2017-01-22 05:07:59,115 null [INFO] (../src/fwidbmgr.cpp:5207) fwi db manager
2017-01-22 05:07:59,115 null [INFO] (../src/fwidbmgr.cpp:5209) Program home: /home/meteo/dev/redist/fwidbmgr
2017-01-22 05:07:59,115 null [INFO] (../src/fwidbmgr.cpp:5211) Auto convert: 1
2017-01-22 05:07:59,115 null [INFO] (../src/fwidbmgr.cpp:458) action: computeidx.
2017-01-22 05:07:59,115 null [INFO] (../src/fwidbmgr.cpp:482) date: 20170121.
2017-01-22 05:07:59,115 null [INFO] (../src/fwidbmgr.cpp:319) Try to read: /home/meteo/dev/redist/fwidbmgr/config/fwidbmgr.conf.
2017-01-22 05:07:59,116 null [INFO] (../src/fwidbmgr.cpp:5240) Configuration parsing: OK.
2017-01-22 05:07:59,118 null [INFO] (../src/fwidbmgr.cpp:5322) Connected to database
2017-01-22 05:07:59,118 null [INFO] (../src/fwidbmgr.cpp:5323) Manage data for date: 20170121.
2017-01-22 05:07:59,118 null [INFO] (../src/fwidbmgr.cpp:5463) Computing indexes.
2017-01-22 05:07:59,119 null [INFO] (/home/meteo/dev/redist/fwidbmgr/include/Grid.h:1595) Configuring grid: isi
2017-01-22 05:07:59,119 null [INFO] (/home/meteo/dev/redist/fwidbmgr/include/Grid.h:1695) Grid isi configured.
2017-01-22 05:07:59,120 null [INFO] (/home/meteo/dev/redist/fwidbmgr/include/Grid.h:1595) Configuring grid: fwi
2017-01-22 05:07:59,120 null [INFO] (/home/meteo/dev/redist/fwidbmgr/include/Grid.h:1695) Grid fwi configured.
2017-01-22 05:07:59,121 null [INFO] (/home/meteo/dev/redist/fwidbmgr/include/Grid.h:1595) Configuring grid: ffmc
2017-01-22 05:07:59,121 null [INFO] (/home/meteo/dev/redist/fwidbmgr/include/Grid.h:1695) Grid ffmc configured.
2017-01-22 05:07:59,122 null [INFO] (/home/meteo/dev/redist/fwidbmgr/include/Grid.h:1595) Configuring grid: dmc
2017-01-22 05:07:59,122 null [INFO] (/home/meteo/dev/redist/fwidbmgr/include/Grid.h:1695) Grid dmc configured.
2017-01-22 05:07:59,123 null [INFO] (/home/meteo/dev/redist/fwidbmgr/include/Grid.h:1595) Configuring grid: dc
2017-01-22 05:07:59,123 null [INFO] (/home/meteo/dev/redist/fwidbmgr/include/Grid.h:1695) Grid dc configured.
2017-01-22 05:07:59,124 null [INFO] (/home/meteo/dev/redist/fwidbmgr/include/Grid.h:1595) Configuring grid: bui
2017-01-22 05:07:59,124 null [INFO] (/home/meteo/dev/redist/fwidbmgr/include/Grid.h:1695) Grid bui configured.
2017-01-22 05:07:59,125 null [INFO] (/home/meteo/dev/redist/fwidbmgr/include/Grid.h:1595) Configuring grid: ffmc_tmp
2017-01-22 05:07:59,125 null [INFO] (/home/meteo/dev/redist/fwidbmgr/include/Grid.h:1695) Grid ffmc_tmp configured.
2017-01-22 05:07:59,126 null [INFO] (/home/meteo/dev/redist/fwidbmgr/include/Grid.h:1595) Configuring grid: dmc_tmp
2017-01-22 05:07:59,126 null [INFO] (/home/meteo/dev/redist/fwidbmgr/include/Grid.h:1695) Grid dmc_tmp configured.
2017-01-22 05:07:59,127 null [INFO] (/home/meteo/dev/redist/fwidbmgr/include/Grid.h:1595) Configuring grid: dc_tmp
2017-01-22 05:07:59,127 null [INFO] (/home/meteo/dev/redist/fwidbmgr/include/Grid.h:1695) Grid dc_tmp configured.
2017-01-22 05:07:59,128 null [INFO] (/home/meteo/dev/redist/fwidbmgr/include/Grid.h:1595) Configuring grid: idi
2017-01-22 05:07:59,128 null [INFO] (/home/meteo/dev/redist/fwidbmgr/include/Grid.h:1695) Grid idi configured.
2017-01-22 05:07:59,129 null [INFO] (/home/meteo/dev/redist/fwidbmgr/include/Grid.h:1595) Configuring grid: angstrom
2017-01-22 05:07:59,129 null [INFO] (/home/meteo/dev/redist/fwidbmgr/include/Grid.h:1695) Grid angstrom configured.
2017-01-22 05:07:59,130 null [INFO] (/home/meteo/dev/redist/fwidbmgr/include/Grid.h:1595) Configuring grid: fmi
2017-01-22 05:07:59,130 null [INFO] (/home/meteo/dev/redist/fwidbmgr/include/Grid.h:1695) Grid fmi configured.
2017-01-22 05:07:59,131 null [INFO] (/home/meteo/dev/redist/fwidbmgr/include/Grid.h:1595) Configuring grid: sharples
2017-01-22 05:07:59,131 null [INFO] (/home/meteo/dev/redist/fwidbmgr/include/Grid.h:1695) Grid sharples configured.
2017-01-22 05:07:59,402 null [INFO] (/home/meteo/dev/redist/fwidbmgr/include/Grid.h:1595) Configuring grid: snow
2017-01-22 05:07:59,402 null [INFO] (/home/meteo/dev/redist/fwidbmgr/include/Grid.h:1695) Grid snow configured.
2017-01-22 05:07:59,402 null [INFO] (/home/meteo/dev/redist/fwidbmgr/include/Grid.h:1595) Configuring grid: snow_covering
2017-01-22 05:07:59,402 null [INFO] (/home/meteo/dev/redist/fwidbmgr/include/Grid.h:1695) Grid snow_covering configured.
2017-01-22 05:07:59,402 null [INFO] (/home/meteo/dev/redist/fwidbmgr/include/Grid.h:1595) Configuring grid: snow_dissolution
2017-01-22 05:07:59,402 null [INFO] (/home/meteo/dev/redist/fwidbmgr/include/Grid.h:1695) Grid snow_dissolution configured.
2017-01-22 05:07:59,402 null [INFO] (/home/meteo/dev/redist/fwidbmgr/include/Grid.h:1595) Configuring grid: temperature
2017-01-22 05:07:59,402 null [INFO] (/home/meteo/dev/redist/fwidbmgr/include/Grid.h:1695) Grid temperature configured.
2017-01-22 05:07:59,402 null [INFO] (/home/meteo/dev/redist/fwidbmgr/include/Grid.h:1595) Configuring grid: humidity
2017-01-22 05:07:59,402 null [INFO] (/home/meteo/dev/redist/fwidbmgr/include/Grid.h:1695) Grid humidity configured.
2017-01-22 05:07:59,402 null [INFO] (/home/meteo/dev/redist/fwidbmgr/include/Grid.h:1595) Configuring grid: windspeed
2017-01-22 05:07:59,402 null [INFO] (/home/meteo/dev/redist/fwidbmgr/include/Grid.h:1695) Grid windspeed configured.
2017-01-22 05:07:59,402 null [INFO] (/home/meteo/dev/redist/fwidbmgr/include/Grid.h:1595) Configuring grid: rain
2017-01-22 05:07:59,402 null [INFO] (/home/meteo/dev/redist/fwidbmgr/include/Grid.h:1695) Grid rain configured.
2017-01-22 05:07:59,402 null [INFO] (/home/meteo/dev/redist/fwidbmgr/include/Grid.h:1595) Configuring grid: cum_rain
2017-01-22 05:07:59,402 null [INFO] (/home/meteo/dev/redist/fwidbmgr/include/Grid.h:1695) Grid cum_rain configured.
2017-01-22 05:08:52,739 null [INFO] (../src/fwidbmgr.cpp:5466) OK --> 20170121 indexes computed.
2017-01-22 05:08:52,739 null [INFO] (../src/fwidbmgr.cpp:5496) action computeidx took about 53 seconds.
2017-01-22 05:08:52,739 null [INFO] (../src/fwidbmgr.cpp:5499) Disconnected from database.
2017-01-22 05:08:52,748 null [INFO] (../src/fwidbmgr.cpp:5207) fwi db manager
2017-01-22 05:08:52,748 null [INFO] (../src/fwidbmgr.cpp:5209) Program home: /home/meteo/dev/redist/fwidbmgr
2017-01-22 05:08:52,748 null [INFO] (../src/fwidbmgr.cpp:5211) Auto convert: 1
2017-01-22 05:08:52,748 null [INFO] (../src/fwidbmgr.cpp:458) action: exportidx.
2017-01-22 05:08:52,748 null [INFO] (../src/fwidbmgr.cpp:482) date: 20170121.
2017-01-22 05:08:52,748 null [INFO] (../src/fwidbmgr.cpp:319) Try to read: /home/meteo/dev/redist/fwidbmgr/config/fwidbmgr.conf.
2017-01-22 05:08:52,749 null [INFO] (../src/fwidbmgr.cpp:5240) Configuration parsing: OK.
2017-01-22 05:08:52,751 null [INFO] (../src/fwidbmgr.cpp:5322) Connected to database
2017-01-22 05:08:52,751 null [INFO] (../src/fwidbmgr.cpp:5323) Manage data for date: 20170121.
2017-01-22 05:08:52,751 null [INFO] (../src/fwidbmgr.cpp:5415) Exporting indexes.
2017-01-22 05:08:52,752 null [INFO] (/home/meteo/dev/redist/fwidbmgr/include/Grid.h:1595) Configuring grid: isi
2017-01-22 05:08:52,752 null [INFO] (/home/meteo/dev/redist/fwidbmgr/include/Grid.h:1695) Grid isi configured.
2017-01-22 05:08:52,753 null [INFO] (/home/meteo/dev/redist/fwidbmgr/include/Grid.h:1595) Configuring grid: fwi
2017-01-22 05:08:52,753 null [INFO] (/home/meteo/dev/redist/fwidbmgr/include/Grid.h:1695) Grid fwi configured.
2017-01-22 05:08:52,754 null [INFO] (/home/meteo/dev/redist/fwidbmgr/include/Grid.h:1595) Configuring grid: ffmc
2017-01-22 05:08:52,754 null [INFO] (/home/meteo/dev/redist/fwidbmgr/include/Grid.h:1695) Grid ffmc configured.
2017-01-22 05:08:52,755 null [INFO] (/home/meteo/dev/redist/fwidbmgr/include/Grid.h:1595) Configuring grid: dmc
2017-01-22 05:08:52,755 null [INFO] (/home/meteo/dev/redist/fwidbmgr/include/Grid.h:1695) Grid dmc configured.
2017-01-22 05:08:52,756 null [INFO] (/home/meteo/dev/redist/fwidbmgr/include/Grid.h:1595) Configuring grid: dc
2017-01-22 05:08:52,756 null [INFO] (/home/meteo/dev/redist/fwidbmgr/include/Grid.h:1695) Grid dc configured.
2017-01-22 05:08:52,757 null [INFO] (/home/meteo/dev/redist/fwidbmgr/include/Grid.h:1595) Configuring grid: bui
2017-01-22 05:08:52,757 null [INFO] (/home/meteo/dev/redist/fwidbmgr/include/Grid.h:1695) Grid bui configured.
2017-01-22 05:08:52,758 null [INFO] (/home/meteo/dev/redist/fwidbmgr/include/Grid.h:1595) Configuring grid: ffmc_tmp
2017-01-22 05:08:52,758 null [INFO] (/home/meteo/dev/redist/fwidbmgr/include/Grid.h:1695) Grid ffmc_tmp configured.
2017-01-22 05:08:52,759 null [INFO] (/home/meteo/dev/redist/fwidbmgr/include/Grid.h:1595) Configuring grid: dmc_tmp
2017-01-22 05:08:52,759 null [INFO] (/home/meteo/dev/redist/fwidbmgr/include/Grid.h:1695) Grid dmc_tmp configured.
2017-01-22 05:08:52,760 null [INFO] (/home/meteo/dev/redist/fwidbmgr/include/Grid.h:1595) Configuring grid: dc_tmp
2017-01-22 05:08:52,760 null [INFO] (/home/meteo/dev/redist/fwidbmgr/include/Grid.h:1695) Grid dc_tmp configured.
2017-01-22 05:08:52,761 null [INFO] (/home/meteo/dev/redist/fwidbmgr/include/Grid.h:1595) Configuring grid: idi
2017-01-22 05:08:52,761 null [INFO] (/home/meteo/dev/redist/fwidbmgr/include/Grid.h:1695) Grid idi configured.
2017-01-22 05:08:52,762 null [INFO] (/home/meteo/dev/redist/fwidbmgr/include/Grid.h:1595) Configuring grid: angstrom
2017-01-22 05:08:52,762 null [INFO] (/home/meteo/dev/redist/fwidbmgr/include/Grid.h:1695) Grid angstrom configured.
2017-01-22 05:08:52,763 null [INFO] (/home/meteo/dev/redist/fwidbmgr/include/Grid.h:1595) Configuring grid: fmi
2017-01-22 05:08:52,763 null [INFO] (/home/meteo/dev/redist/fwidbmgr/include/Grid.h:1695) Grid fmi configured.
2017-01-22 05:08:52,764 null [INFO] (/home/meteo/dev/redist/fwidbmgr/include/Grid.h:1595) Configuring grid: sharples
2017-01-22 05:08:52,764 null [INFO] (/home/meteo/dev/redist/fwidbmgr/include/Grid.h:1695) Grid sharples configured.
2017-01-22 05:08:53,075 null [INFO] (/home/meteo/dev/redist/fwidbmgr/include/Grid.h:1595) Configuring grid: isi
2017-01-22 05:08:53,075 null [INFO] (/home/meteo/dev/redist/fwidbmgr/include/Grid.h:1695) Grid isi configured.
2017-01-22 05:08:53,094 null [INFO] (/home/meteo/dev/redist/fwidbmgr/include/Grid.h:1595) Configuring grid: fwi
2017-01-22 05:08:53,094 null [INFO] (/home/meteo/dev/redist/fwidbmgr/include/Grid.h:1695) Grid fwi configured.
2017-01-22 05:08:53,113 null [INFO] (/home/meteo/dev/redist/fwidbmgr/include/Grid.h:1595) Configuring grid: ffmc
2017-01-22 05:08:53,113 null [INFO] (/home/meteo/dev/redist/fwidbmgr/include/Grid.h:1695) Grid ffmc configured.
2017-01-22 05:08:53,132 null [INFO] (/home/meteo/dev/redist/fwidbmgr/include/Grid.h:1595) Configuring grid: dmc
2017-01-22 05:08:53,132 null [INFO] (/home/meteo/dev/redist/fwidbmgr/include/Grid.h:1695) Grid dmc configured.
2017-01-22 05:08:53,151 null [INFO] (/home/meteo/dev/redist/fwidbmgr/include/Grid.h:1595) Configuring grid: dc
2017-01-22 05:08:53,151 null [INFO] (/home/meteo/dev/redist/fwidbmgr/include/Grid.h:1695) Grid dc configured.
2017-01-22 05:08:53,170 null [INFO] (/home/meteo/dev/redist/fwidbmgr/include/Grid.h:1595) Configuring grid: bui
2017-01-22 05:08:53,170 null [INFO] (/home/meteo/dev/redist/fwidbmgr/include/Grid.h:1695) Grid bui configured.
2017-01-22 05:08:53,188 null [INFO] (/home/meteo/dev/redist/fwidbmgr/include/Grid.h:1595) Configuring grid: ffmc_tmp
2017-01-22 05:08:53,188 null [INFO] (/home/meteo/dev/redist/fwidbmgr/include/Grid.h:1695) Grid ffmc_tmp configured.
2017-01-22 05:08:53,207 null [INFO] (/home/meteo/dev/redist/fwidbmgr/include/Grid.h:1595) Configuring grid: dmc_tmp
2017-01-22 05:08:53,207 null [INFO] (/home/meteo/dev/redist/fwidbmgr/include/Grid.h:1695) Grid dmc_tmp configured.
2017-01-22 05:08:53,224 null [INFO] (/home/meteo/dev/redist/fwidbmgr/include/Grid.h:1595) Configuring grid: dc_tmp
2017-01-22 05:08:53,224 null [INFO] (/home/meteo/dev/redist/fwidbmgr/include/Grid.h:1695) Grid dc_tmp configured.
2017-01-22 05:08:53,241 null [INFO] (/home/meteo/dev/redist/fwidbmgr/include/Grid.h:1595) Configuring grid: angstrom
2017-01-22 05:08:53,241 null [INFO] (/home/meteo/dev/redist/fwidbmgr/include/Grid.h:1695) Grid angstrom configured.
2017-01-22 05:08:53,284 null [INFO] (/home/meteo/dev/redist/fwidbmgr/include/Grid.h:1595) Configuring grid: sharples
2017-01-22 05:08:53,284 null [INFO] (/home/meteo/dev/redist/fwidbmgr/include/Grid.h:1695) Grid sharples configured.
2017-01-22 05:08:53,318 null [INFO] (/home/meteo/dev/redist/fwidbmgr/include/Grid.h:1595) Configuring grid: fmi
2017-01-22 05:08:53,318 null [INFO] (/home/meteo/dev/redist/fwidbmgr/include/Grid.h:1695) Grid fmi configured.
2017-01-22 05:08:53,337 null [INFO] (../src/fwidbmgr.cpp:5418) OK --> 20170121 indexes exported to files.
2017-01-22 05:08:53,337 null [INFO] (../src/fwidbmgr.cpp:5496) action exportidx took about 1 seconds.
2017-01-22 05:08:53,337 null [INFO] (../src/fwidbmgr.cpp:5499) Disconnected from database.
2017-01-22 05:09:09,855 null [INFO] (../src/fwidbmgr.cpp:5207) fwi db manager
2017-01-22 05:09:09,855 null [INFO] (../src/fwidbmgr.cpp:5209) Program home: /home/meteo/dev/redist/fwidbmgr
2017-01-22 05:09:09,855 null [INFO] (../src/fwidbmgr.cpp:5211) Auto convert: 1
2017-01-22 05:09:09,855 null [INFO] (../src/fwidbmgr.cpp:458) action: outimg.
2017-01-22 05:09:09,855 null [INFO] (../src/fwidbmgr.cpp:482) date: 20170121.
2017-01-22 05:09:09,855 null [INFO] (../src/fwidbmgr.cpp:319) Try to read: /home/meteo/dev/redist/fwidbmgr/config/fwidbmgr.conf.
2017-01-22 05:09:09,856 null [INFO] (../src/fwidbmgr.cpp:5240) Configuration parsing: OK.
2017-01-22 05:09:09,857 null [INFO] (../src/fwidbmgr.cpp:5322) Connected to database
2017-01-22 05:09:09,857 null [INFO] (../src/fwidbmgr.cpp:5323) Manage data for date: 20170121.
2017-01-22 05:09:09,857 null [INFO] (../src/fwidbmgr.cpp:5391) Importing fwi indexes images in database.
2017-01-22 05:09:09,903 null [INFO] (../src/fwidbmgr.cpp:5394) OK --> 20170121 images imported.
2017-01-22 05:09:09,903 null [INFO] (../src/fwidbmgr.cpp:5496) action outimg took about 0 seconds.
2017-01-22 05:09:09,903 null [INFO] (../src/fwidbmgr.cpp:5499) Disconnected from database.
2017-01-22 05:37:01,227 null [INFO] (../src/fwidbmgr.cpp:5207) fwi db manager
2017-01-22 05:37:01,227 null [INFO] (../src/fwidbmgr.cpp:5209) Program home: /home/meteo/dev/redist/fwidbmgr
2017-01-22 05:37:01,227 null [INFO] (../src/fwidbmgr.cpp:5211) Auto convert: 1
2017-01-22 05:37:01,227 null [INFO] (../src/fwidbmgr.cpp:458) action: outimg.
2017-01-22 05:37:01,227 null [INFO] (../src/fwidbmgr.cpp:482) date: 20170121.
2017-01-22 05:37:01,227 null [INFO] (../src/fwidbmgr.cpp:319) Try to read: /home/meteo/dev/redist/fwidbmgr/config/fwidbmgr.conf.
2017-01-22 05:37:01,228 null [INFO] (../src/fwidbmgr.cpp:5240) Configuration parsing: OK.
2017-01-22 05:37:01,230 null [INFO] (../src/fwidbmgr.cpp:5322) Connected to database
2017-01-22 05:37:01,230 null [INFO] (../src/fwidbmgr.cpp:5323) Manage data for date: 20170121.
2017-01-22 05:37:01,230 null [INFO] (../src/fwidbmgr.cpp:5391) Importing fwi indexes images in database.
2017-01-22 05:37:01,517 null [INFO] (../src/fwidbmgr.cpp:5394) OK --> 20170121 images imported.
2017-01-22 05:37:01,517 null [INFO] (../src/fwidbmgr.cpp:5496) action outimg took about 0 seconds.
2017-01-22 05:37:01,517 null [INFO] (../src/fwidbmgr.cpp:5499) Disconnected from database.
2017-01-22 06:05:01,595 null [INFO] (../src/fwidbmgr.cpp:5207) fwi db manager
2017-01-22 06:05:01,595 null [INFO] (../src/fwidbmgr.cpp:5209) Program home: /home/meteo/dev/redist/fwidbmgr
2017-01-22 06:05:01,595 null [INFO] (../src/fwidbmgr.cpp:5211) Auto convert: 1
2017-01-22 06:05:01,595 null [INFO] (../src/fwidbmgr.cpp:458) action: outimg.
2017-01-22 06:05:01,595 null [INFO] (../src/fwidbmgr.cpp:482) date: 20170121.
2017-01-22 06:05:01,595 null [INFO] (../src/fwidbmgr.cpp:319) Try to read: /home/meteo/dev/redist/fwidbmgr/config/fwidbmgr.conf.
2017-01-22 06:05:01,596 null [INFO] (../src/fwidbmgr.cpp:5240) Configuration parsing: OK.
2017-01-22 06:05:01,598 null [INFO] (../src/fwidbmgr.cpp:5322) Connected to database
2017-01-22 06:05:01,598 null [INFO] (../src/fwidbmgr.cpp:5323) Manage data for date: 20170121.
2017-01-22 06:05:01,598 null [INFO] (../src/fwidbmgr.cpp:5391) Importing fwi indexes images in database.
2017-01-22 06:05:01,635 null [INFO] (../src/fwidbmgr.cpp:5394) OK --> 20170121 images imported.
2017-01-22 06:05:01,635 null [INFO] (../src/fwidbmgr.cpp:5496) action outimg took about 0 seconds.
2017-01-22 06:05:01,635 null [INFO] (../src/fwidbmgr.cpp:5499) Disconnected from database.
2017-01-22 06:37:01,687 null [INFO] (../src/fwidbmgr.cpp:5207) fwi db manager
2017-01-22 06:37:01,687 null [INFO] (../src/fwidbmgr.cpp:5209) Program home: /home/meteo/dev/redist/fwidbmgr
2017-01-22 06:37:01,687 null [INFO] (../src/fwidbmgr.cpp:5211) Auto convert: 1
2017-01-22 06:37:01,687 null [INFO] (../src/fwidbmgr.cpp:458) action: outimg.
2017-01-22 06:37:01,687 null [INFO] (../src/fwidbmgr.cpp:482) date: 20170121.
2017-01-22 06:37:01,687 null [INFO] (../src/fwidbmgr.cpp:319) Try to read: /home/meteo/dev/redist/fwidbmgr/config/fwidbmgr.conf.
2017-01-22 06:37:01,703 null [INFO] (../src/fwidbmgr.cpp:5240) Configuration parsing: OK.
2017-01-22 06:37:01,705 null [INFO] (../src/fwidbmgr.cpp:5322) Connected to database
2017-01-22 06:37:01,705 null [INFO] (../src/fwidbmgr.cpp:5323) Manage data for date: 20170121.
2017-01-22 06:37:01,705 null [INFO] (../src/fwidbmgr.cpp:5391) Importing fwi indexes images in database.
2017-01-22 06:37:01,831 null [INFO] (../src/fwidbmgr.cpp:5394) OK --> 20170121 images imported.
2017-01-22 06:37:01,831 null [INFO] (../src/fwidbmgr.cpp:5496) action outimg took about 0 seconds.
2017-01-22 06:37:01,831 null [INFO] (../src/fwidbmgr.cpp:5499) Disconnected from database.
2017-01-22 07:05:02,137 null [INFO] (../src/fwidbmgr.cpp:5207) fwi db manager
2017-01-22 07:05:02,137 null [INFO] (../src/fwidbmgr.cpp:5209) Program home: /home/meteo/dev/redist/fwidbmgr
2017-01-22 07:05:02,137 null [INFO] (../src/fwidbmgr.cpp:5211) Auto convert: 1
2017-01-22 07:05:02,137 null [INFO] (../src/fwidbmgr.cpp:458) action: outimg.
2017-01-22 07:05:02,137 null [INFO] (../src/fwidbmgr.cpp:482) date: 20170121.
2017-01-22 07:05:02,137 null [INFO] (../src/fwidbmgr.cpp:319) Try to read: /home/meteo/dev/redist/fwidbmgr/config/fwidbmgr.conf.
2017-01-22 07:05:02,138 null [INFO] (../src/fwidbmgr.cpp:5240) Configuration parsing: OK.
2017-01-22 07:05:02,140 null [INFO] (../src/fwidbmgr.cpp:5322) Connected to database
2017-01-22 07:05:02,140 null [INFO] (../src/fwidbmgr.cpp:5323) Manage data for date: 20170121.
2017-01-22 07:05:02,140 null [INFO] (../src/fwidbmgr.cpp:5391) Importing fwi indexes images in database.
2017-01-22 07:05:02,176 null [INFO] (../src/fwidbmgr.cpp:5394) OK --> 20170121 images imported.
2017-01-22 07:05:02,176 null [INFO] (../src/fwidbmgr.cpp:5496) action outimg took about 0 seconds.
2017-01-22 07:05:02,176 null [INFO] (../src/fwidbmgr.cpp:5499) Disconnected from database.
2017-01-22 07:37:01,318 null [INFO] (../src/fwidbmgr.cpp:5207) fwi db manager
2017-01-22 07:37:01,318 null [INFO] (../src/fwidbmgr.cpp:5209) Program home: /home/meteo/dev/redist/fwidbmgr
2017-01-22 07:37:01,318 null [INFO] (../src/fwidbmgr.cpp:5211) Auto convert: 1
2017-01-22 07:37:01,318 null [INFO] (../src/fwidbmgr.cpp:458) action: outimg.
2017-01-22 07:37:01,318 null [INFO] (../src/fwidbmgr.cpp:482) date: 20170121.
2017-01-22 07:37:01,318 null [INFO] (../src/fwidbmgr.cpp:319) Try to read: /home/meteo/dev/redist/fwidbmgr/config/fwidbmgr.conf.
2017-01-22 07:37:01,319 null [INFO] (../src/fwidbmgr.cpp:5240) Configuration parsing: OK.
2017-01-22 07:37:01,322 null [INFO] (../src/fwidbmgr.cpp:5322) Connected to database
2017-01-22 07:37:01,322 null [INFO] (../src/fwidbmgr.cpp:5323) Manage data for date: 20170121.
2017-01-22 07:37:01,322 null [INFO] (../src/fwidbmgr.cpp:5391) Importing fwi indexes images in database.
2017-01-22 07:37:01,370 null [INFO] (../src/fwidbmgr.cpp:5394) OK --> 20170121 images imported.
2017-01-22 07:37:01,370 null [INFO] (../src/fwidbmgr.cpp:5496) action outimg took about 0 seconds.
2017-01-22 07:37:01,370 null [INFO] (../src/fwidbmgr.cpp:5499) Disconnected from database.
