2014-07-15 05:07:34,136 null [INFO] (../src/fwidbmgr.cpp:5207) fwi db manager
2014-07-15 05:07:34,143 null [INFO] (../src/fwidbmgr.cpp:5209) Program home: /home/meteo/dev/redist/fwidbmgr
2014-07-15 05:07:34,143 null [INFO] (../src/fwidbmgr.cpp:5211) Auto convert: 1
2014-07-15 05:07:34,143 null [INFO] (../src/fwidbmgr.cpp:458) action: in.
2014-07-15 05:07:34,143 null [INFO] (../src/fwidbmgr.cpp:482) date: 20140714.
2014-07-15 05:07:34,144 null [INFO] (../src/fwidbmgr.cpp:319) Try to read: /home/meteo/dev/redist/fwidbmgr/config/fwidbmgr.conf.
2014-07-15 05:07:34,172 null [INFO] (../src/fwidbmgr.cpp:5240) Configuration parsing: OK.
2014-07-15 05:07:34,212 null [INFO] (../src/fwidbmgr.cpp:5322) Connected to database
2014-07-15 05:07:34,212 null [INFO] (../src/fwidbmgr.cpp:5323) Manage data for date: 20140714.
2014-07-15 05:07:34,212 null [INFO] (../src/fwidbmgr.cpp:5367) Importing meteo data in database for day: 20140714.
2014-07-15 05:07:34,215 null [INFO] (/home/meteo/dev/redist/fwidbmgr/include/Grid.h:1595) Configuring grid: snow
2014-07-15 05:07:34,216 null [INFO] (/home/meteo/dev/redist/fwidbmgr/include/Grid.h:1695) Grid snow configured.
2014-07-15 05:07:34,240 null [INFO] (/home/meteo/dev/redist/fwidbmgr/include/Grid.h:1595) Configuring grid: snow_covering
2014-07-15 05:07:34,240 null [INFO] (/home/meteo/dev/redist/fwidbmgr/include/Grid.h:1695) Grid snow_covering configured.
2014-07-15 05:07:34,269 null [INFO] (/home/meteo/dev/redist/fwidbmgr/include/Grid.h:1595) Configuring grid: snow_dissolution
2014-07-15 05:07:34,269 null [INFO] (/home/meteo/dev/redist/fwidbmgr/include/Grid.h:1695) Grid snow_dissolution configured.
2014-07-15 05:07:34,325 null [INFO] (/home/meteo/dev/redist/fwidbmgr/include/Grid.h:1595) Configuring grid: temperature
2014-07-15 05:07:34,326 null [INFO] (/home/meteo/dev/redist/fwidbmgr/include/Grid.h:1695) Grid temperature configured.
2014-07-15 05:07:34,348 null [INFO] (/home/meteo/dev/redist/fwidbmgr/include/Grid.h:1595) Configuring grid: humidity
2014-07-15 05:07:34,348 null [INFO] (/home/meteo/dev/redist/fwidbmgr/include/Grid.h:1695) Grid humidity configured.
2014-07-15 05:07:34,371 null [INFO] (/home/meteo/dev/redist/fwidbmgr/include/Grid.h:1595) Configuring grid: windspeed
2014-07-15 05:07:34,372 null [INFO] (/home/meteo/dev/redist/fwidbmgr/include/Grid.h:1695) Grid windspeed configured.
2014-07-15 05:07:34,422 null [INFO] (/home/meteo/dev/redist/fwidbmgr/include/Grid.h:1595) Configuring grid: rain
2014-07-15 05:07:34,422 null [INFO] (/home/meteo/dev/redist/fwidbmgr/include/Grid.h:1695) Grid rain configured.
2014-07-15 05:07:34,429 null [INFO] (/home/meteo/dev/redist/fwidbmgr/include/Grid.h:1595) Configuring grid: cum_rain
2014-07-15 05:07:34,429 null [INFO] (/home/meteo/dev/redist/fwidbmgr/include/Grid.h:1695) Grid cum_rain configured.
2014-07-15 05:07:43,047 null [INFO] (../src/fwidbmgr.cpp:1502) Storing meteo input ...
2014-07-15 05:08:15,173 null [INFO] (../src/fwidbmgr.cpp:5370) OK --> 20140714 data imported.
2014-07-15 05:08:15,225 null [INFO] (../src/fwidbmgr.cpp:5496) action in took about 41 seconds.
2014-07-15 05:08:15,323 null [INFO] (../src/fwidbmgr.cpp:5499) Disconnected from database.
2014-07-15 05:10:47,202 null [INFO] (../src/fwidbmgr.cpp:5207) fwi db manager
2014-07-15 05:10:47,202 null [INFO] (../src/fwidbmgr.cpp:5209) Program home: /home/meteo/dev/redist/fwidbmgr
2014-07-15 05:10:47,202 null [INFO] (../src/fwidbmgr.cpp:5211) Auto convert: 1
2014-07-15 05:10:47,202 null [INFO] (../src/fwidbmgr.cpp:458) action: out.
2014-07-15 05:10:47,202 null [INFO] (../src/fwidbmgr.cpp:482) date: 20140714.
2014-07-15 05:10:47,202 null [INFO] (../src/fwidbmgr.cpp:319) Try to read: /home/meteo/dev/redist/fwidbmgr/config/fwidbmgr.conf.
2014-07-15 05:10:47,228 null [INFO] (../src/fwidbmgr.cpp:5240) Configuration parsing: OK.
2014-07-15 05:10:47,263 null [INFO] (../src/fwidbmgr.cpp:5322) Connected to database
2014-07-15 05:10:47,264 null [INFO] (../src/fwidbmgr.cpp:5323) Manage data for date: 20140714.
2014-07-15 05:10:47,264 null [INFO] (../src/fwidbmgr.cpp:5379) Importing fwi indexes data in database for day: 20140714.
2014-07-15 05:10:47,274 null [INFO] (/home/meteo/dev/redist/fwidbmgr/include/Grid.h:1595) Configuring grid: isi
2014-07-15 05:10:47,274 null [INFO] (/home/meteo/dev/redist/fwidbmgr/include/Grid.h:1695) Grid isi configured.
2014-07-15 05:10:47,307 null [INFO] (/home/meteo/dev/redist/fwidbmgr/include/Grid.h:1595) Configuring grid: fwi
2014-07-15 05:10:47,308 null [INFO] (/home/meteo/dev/redist/fwidbmgr/include/Grid.h:1695) Grid fwi configured.
2014-07-15 05:10:47,327 null [INFO] (/home/meteo/dev/redist/fwidbmgr/include/Grid.h:1595) Configuring grid: ffmc
2014-07-15 05:10:47,327 null [INFO] (/home/meteo/dev/redist/fwidbmgr/include/Grid.h:1695) Grid ffmc configured.
2014-07-15 05:10:47,355 null [INFO] (/home/meteo/dev/redist/fwidbmgr/include/Grid.h:1595) Configuring grid: dmc
2014-07-15 05:10:47,355 null [INFO] (/home/meteo/dev/redist/fwidbmgr/include/Grid.h:1695) Grid dmc configured.
2014-07-15 05:10:47,389 null [INFO] (/home/meteo/dev/redist/fwidbmgr/include/Grid.h:1595) Configuring grid: dc
2014-07-15 05:10:47,389 null [INFO] (/home/meteo/dev/redist/fwidbmgr/include/Grid.h:1695) Grid dc configured.
2014-07-15 05:10:47,424 null [INFO] (/home/meteo/dev/redist/fwidbmgr/include/Grid.h:1595) Configuring grid: bui
2014-07-15 05:10:47,424 null [INFO] (/home/meteo/dev/redist/fwidbmgr/include/Grid.h:1695) Grid bui configured.
2014-07-15 05:10:47,461 null [INFO] (/home/meteo/dev/redist/fwidbmgr/include/Grid.h:1595) Configuring grid: ffmc_tmp
2014-07-15 05:10:47,461 null [INFO] (/home/meteo/dev/redist/fwidbmgr/include/Grid.h:1695) Grid ffmc_tmp configured.
2014-07-15 05:10:47,511 null [INFO] (/home/meteo/dev/redist/fwidbmgr/include/Grid.h:1595) Configuring grid: dmc_tmp
2014-07-15 05:10:47,511 null [INFO] (/home/meteo/dev/redist/fwidbmgr/include/Grid.h:1695) Grid dmc_tmp configured.
2014-07-15 05:10:47,562 null [INFO] (/home/meteo/dev/redist/fwidbmgr/include/Grid.h:1595) Configuring grid: dc_tmp
2014-07-15 05:10:47,562 null [INFO] (/home/meteo/dev/redist/fwidbmgr/include/Grid.h:1695) Grid dc_tmp configured.
2014-07-15 05:10:47,623 null [INFO] (/home/meteo/dev/redist/fwidbmgr/include/Grid.h:1595) Configuring grid: idi
2014-07-15 05:10:47,624 null [INFO] (/home/meteo/dev/redist/fwidbmgr/include/Grid.h:1695) Grid idi configured.
2014-07-15 05:10:57,885 null [INFO] (../src/fwidbmgr.cpp:2045) Storing FWI indexes ...
2014-07-15 05:11:23,999 null [INFO] (../src/fwidbmgr.cpp:5382) OK --> 20140714 data imported.
2014-07-15 05:11:23,999 null [INFO] (../src/fwidbmgr.cpp:5496) action out took about 36 seconds.
2014-07-15 05:11:24,001 null [INFO] (../src/fwidbmgr.cpp:5499) Disconnected from database.
