2018-05-18 05:06:52,396 null [INFO] (../src/fwidbmgr.cpp:5361) fwi db manager
2018-05-18 05:06:52,396 null [INFO] (../src/fwidbmgr.cpp:5365) Program home: /home/meteo/dev/redist/fwidbmgr
2018-05-18 05:06:52,396 null [INFO] (../src/fwidbmgr.cpp:5369) Auto convert: 1
2018-05-18 05:06:52,396 null [INFO] (../src/fwidbmgr.cpp:446) action: in.
2018-05-18 05:06:52,396 null [INFO] (../src/fwidbmgr.cpp:470) date: 20180517.
2018-05-18 05:06:52,397 null [INFO] (../src/fwidbmgr.cpp:322) Try to read: /home/meteo/dev/redist/fwidbmgr/config/fwidbmgr.conf.
2018-05-18 05:06:52,406 null [INFO] (../src/fwidbmgr.cpp:5393) Configuration parsing: OK.
2018-05-18 05:06:52,410 null [INFO] (../src/fwidbmgr.cpp:5478) Connected to database
2018-05-18 05:06:52,410 null [INFO] (../src/fwidbmgr.cpp:5480) Manage data for date: 20180517.
2018-05-18 05:06:52,411 null [INFO] (../src/fwidbmgr.cpp:5536) Importing meteo data in database for day: 20180517.
2018-05-18 05:06:52,412 null [INFO] (/home/meteo/dev/redist/fwidbmgr/include/Grid.h:1595) Configuring grid: snow
2018-05-18 05:06:52,413 null [INFO] (/home/meteo/dev/redist/fwidbmgr/include/Grid.h:1695) Grid snow configured.
2018-05-18 05:06:52,424 null [INFO] (/home/meteo/dev/redist/fwidbmgr/include/Grid.h:1595) Configuring grid: snow_covering
2018-05-18 05:06:52,424 null [INFO] (/home/meteo/dev/redist/fwidbmgr/include/Grid.h:1695) Grid snow_covering configured.
2018-05-18 05:06:52,437 null [INFO] (/home/meteo/dev/redist/fwidbmgr/include/Grid.h:1595) Configuring grid: snow_dissolution
2018-05-18 05:06:52,437 null [INFO] (/home/meteo/dev/redist/fwidbmgr/include/Grid.h:1695) Grid snow_dissolution configured.
2018-05-18 05:06:52,460 null [INFO] (/home/meteo/dev/redist/fwidbmgr/include/Grid.h:1595) Configuring grid: temperature
2018-05-18 05:06:52,461 null [INFO] (/home/meteo/dev/redist/fwidbmgr/include/Grid.h:1695) Grid temperature configured.
2018-05-18 05:06:52,467 null [INFO] (/home/meteo/dev/redist/fwidbmgr/include/Grid.h:1595) Configuring grid: humidity
2018-05-18 05:06:52,467 null [INFO] (/home/meteo/dev/redist/fwidbmgr/include/Grid.h:1695) Grid humidity configured.
2018-05-18 05:06:52,477 null [INFO] (/home/meteo/dev/redist/fwidbmgr/include/Grid.h:1595) Configuring grid: windspeed
2018-05-18 05:06:52,478 null [INFO] (/home/meteo/dev/redist/fwidbmgr/include/Grid.h:1695) Grid windspeed configured.
2018-05-18 05:06:52,500 null [INFO] (/home/meteo/dev/redist/fwidbmgr/include/Grid.h:1595) Configuring grid: rain
2018-05-18 05:06:52,500 null [INFO] (/home/meteo/dev/redist/fwidbmgr/include/Grid.h:1695) Grid rain configured.
2018-05-18 05:06:52,502 null [INFO] (/home/meteo/dev/redist/fwidbmgr/include/Grid.h:1595) Configuring grid: cum_rain
2018-05-18 05:06:52,503 null [INFO] (/home/meteo/dev/redist/fwidbmgr/include/Grid.h:1695) Grid cum_rain configured.
2018-05-18 05:06:58,103 null [INFO] (../src/fwidbmgr.cpp:1518) Storing meteo input ...
2018-05-18 05:07:18,417 null [INFO] (../src/fwidbmgr.cpp:5540) OK --> 20180517 data imported.
2018-05-18 05:07:18,487 null [INFO] (../src/fwidbmgr.cpp:5695) action in took about 26 seconds.
2018-05-18 05:07:18,574 null [INFO] (../src/fwidbmgr.cpp:5699) Disconnected from database.
2018-05-18 05:08:29,739 null [INFO] (../src/fwidbmgr.cpp:5361) fwi db manager
2018-05-18 05:08:29,739 null [INFO] (../src/fwidbmgr.cpp:5365) Program home: /home/meteo/dev/redist/fwidbmgr
2018-05-18 05:08:29,739 null [INFO] (../src/fwidbmgr.cpp:5369) Auto convert: 1
2018-05-18 05:08:29,739 null [INFO] (../src/fwidbmgr.cpp:446) action: out.
2018-05-18 05:08:29,739 null [INFO] (../src/fwidbmgr.cpp:470) date: 20180517.
2018-05-18 05:08:29,739 null [INFO] (../src/fwidbmgr.cpp:322) Try to read: /home/meteo/dev/redist/fwidbmgr/config/fwidbmgr.conf.
2018-05-18 05:08:29,748 null [INFO] (../src/fwidbmgr.cpp:5393) Configuration parsing: OK.
2018-05-18 05:08:29,774 null [INFO] (../src/fwidbmgr.cpp:5478) Connected to database
2018-05-18 05:08:29,774 null [INFO] (../src/fwidbmgr.cpp:5480) Manage data for date: 20180517.
2018-05-18 05:08:29,774 null [INFO] (../src/fwidbmgr.cpp:5551) Importing fwi indexes data in database for day: 20180517.
2018-05-18 05:08:29,788 null [INFO] (/home/meteo/dev/redist/fwidbmgr/include/Grid.h:1595) Configuring grid: isi
2018-05-18 05:08:29,788 null [INFO] (/home/meteo/dev/redist/fwidbmgr/include/Grid.h:1695) Grid isi configured.
2018-05-18 05:08:29,802 null [INFO] (/home/meteo/dev/redist/fwidbmgr/include/Grid.h:1595) Configuring grid: fwi
2018-05-18 05:08:29,802 null [INFO] (/home/meteo/dev/redist/fwidbmgr/include/Grid.h:1695) Grid fwi configured.
2018-05-18 05:08:29,815 null [INFO] (/home/meteo/dev/redist/fwidbmgr/include/Grid.h:1595) Configuring grid: ffmc
2018-05-18 05:08:29,815 null [INFO] (/home/meteo/dev/redist/fwidbmgr/include/Grid.h:1695) Grid ffmc configured.
2018-05-18 05:08:29,830 null [INFO] (/home/meteo/dev/redist/fwidbmgr/include/Grid.h:1595) Configuring grid: dmc
2018-05-18 05:08:29,830 null [INFO] (/home/meteo/dev/redist/fwidbmgr/include/Grid.h:1695) Grid dmc configured.
2018-05-18 05:08:29,844 null [INFO] (/home/meteo/dev/redist/fwidbmgr/include/Grid.h:1595) Configuring grid: dc
2018-05-18 05:08:29,844 null [INFO] (/home/meteo/dev/redist/fwidbmgr/include/Grid.h:1695) Grid dc configured.
2018-05-18 05:08:29,858 null [INFO] (/home/meteo/dev/redist/fwidbmgr/include/Grid.h:1595) Configuring grid: bui
2018-05-18 05:08:29,858 null [INFO] (/home/meteo/dev/redist/fwidbmgr/include/Grid.h:1695) Grid bui configured.
2018-05-18 05:08:29,872 null [INFO] (/home/meteo/dev/redist/fwidbmgr/include/Grid.h:1595) Configuring grid: ffmc_tmp
2018-05-18 05:08:29,872 null [INFO] (/home/meteo/dev/redist/fwidbmgr/include/Grid.h:1695) Grid ffmc_tmp configured.
2018-05-18 05:08:29,913 null [INFO] (/home/meteo/dev/redist/fwidbmgr/include/Grid.h:1595) Configuring grid: dmc_tmp
2018-05-18 05:08:29,913 null [INFO] (/home/meteo/dev/redist/fwidbmgr/include/Grid.h:1695) Grid dmc_tmp configured.
2018-05-18 05:08:29,946 null [INFO] (/home/meteo/dev/redist/fwidbmgr/include/Grid.h:1595) Configuring grid: dc_tmp
2018-05-18 05:08:29,946 null [INFO] (/home/meteo/dev/redist/fwidbmgr/include/Grid.h:1695) Grid dc_tmp configured.
2018-05-18 05:08:29,969 null [INFO] (/home/meteo/dev/redist/fwidbmgr/include/Grid.h:1595) Configuring grid: idi
2018-05-18 05:08:29,969 null [INFO] (/home/meteo/dev/redist/fwidbmgr/include/Grid.h:1695) Grid idi configured.
2018-05-18 05:08:33,969 null [INFO] (../src/fwidbmgr.cpp:2081) Storing FWI indexes ...
2018-05-18 05:08:46,143 null [INFO] (../src/fwidbmgr.cpp:5555) OK --> 20180517 data imported.
2018-05-18 05:08:46,148 null [INFO] (../src/fwidbmgr.cpp:5695) action out took about 17 seconds.
2018-05-18 05:08:46,149 null [INFO] (../src/fwidbmgr.cpp:5699) Disconnected from database.
2018-05-18 05:08:46,464 null [INFO] (../src/fwidbmgr.cpp:5361) fwi db manager
2018-05-18 05:08:46,465 null [INFO] (../src/fwidbmgr.cpp:5365) Program home: /home/meteo/dev/redist/fwidbmgr
2018-05-18 05:08:46,465 null [INFO] (../src/fwidbmgr.cpp:5369) Auto convert: 1
2018-05-18 05:08:46,465 null [INFO] (../src/fwidbmgr.cpp:446) action: computeidx.
2018-05-18 05:08:46,465 null [INFO] (../src/fwidbmgr.cpp:470) date: 20180517.
2018-05-18 05:08:46,465 null [INFO] (../src/fwidbmgr.cpp:322) Try to read: /home/meteo/dev/redist/fwidbmgr/config/fwidbmgr.conf.
2018-05-18 05:08:46,478 null [INFO] (../src/fwidbmgr.cpp:5393) Configuration parsing: OK.
2018-05-18 05:08:46,496 null [INFO] (../src/fwidbmgr.cpp:5478) Connected to database
2018-05-18 05:08:46,496 null [INFO] (../src/fwidbmgr.cpp:5480) Manage data for date: 20180517.
2018-05-18 05:08:46,496 null [INFO] (../src/fwidbmgr.cpp:5656) Computing indexes.
2018-05-18 05:08:46,515 null [INFO] (/home/meteo/dev/redist/fwidbmgr/include/Grid.h:1595) Configuring grid: isi
2018-05-18 05:08:46,515 null [INFO] (/home/meteo/dev/redist/fwidbmgr/include/Grid.h:1695) Grid isi configured.
2018-05-18 05:08:46,516 null [INFO] (/home/meteo/dev/redist/fwidbmgr/include/Grid.h:1595) Configuring grid: fwi
2018-05-18 05:08:46,516 null [INFO] (/home/meteo/dev/redist/fwidbmgr/include/Grid.h:1695) Grid fwi configured.
2018-05-18 05:08:46,517 null [INFO] (/home/meteo/dev/redist/fwidbmgr/include/Grid.h:1595) Configuring grid: ffmc
2018-05-18 05:08:46,521 null [INFO] (/home/meteo/dev/redist/fwidbmgr/include/Grid.h:1695) Grid ffmc configured.
2018-05-18 05:08:46,522 null [INFO] (/home/meteo/dev/redist/fwidbmgr/include/Grid.h:1595) Configuring grid: dmc
2018-05-18 05:08:46,522 null [INFO] (/home/meteo/dev/redist/fwidbmgr/include/Grid.h:1695) Grid dmc configured.
2018-05-18 05:08:46,523 null [INFO] (/home/meteo/dev/redist/fwidbmgr/include/Grid.h:1595) Configuring grid: dc
2018-05-18 05:08:46,523 null [INFO] (/home/meteo/dev/redist/fwidbmgr/include/Grid.h:1695) Grid dc configured.
2018-05-18 05:08:46,525 null [INFO] (/home/meteo/dev/redist/fwidbmgr/include/Grid.h:1595) Configuring grid: bui
2018-05-18 05:08:46,525 null [INFO] (/home/meteo/dev/redist/fwidbmgr/include/Grid.h:1695) Grid bui configured.
2018-05-18 05:08:46,526 null [INFO] (/home/meteo/dev/redist/fwidbmgr/include/Grid.h:1595) Configuring grid: ffmc_tmp
2018-05-18 05:08:46,526 null [INFO] (/home/meteo/dev/redist/fwidbmgr/include/Grid.h:1695) Grid ffmc_tmp configured.
2018-05-18 05:08:46,527 null [INFO] (/home/meteo/dev/redist/fwidbmgr/include/Grid.h:1595) Configuring grid: dmc_tmp
2018-05-18 05:08:46,527 null [INFO] (/home/meteo/dev/redist/fwidbmgr/include/Grid.h:1695) Grid dmc_tmp configured.
2018-05-18 05:08:46,529 null [INFO] (/home/meteo/dev/redist/fwidbmgr/include/Grid.h:1595) Configuring grid: dc_tmp
2018-05-18 05:08:46,529 null [INFO] (/home/meteo/dev/redist/fwidbmgr/include/Grid.h:1695) Grid dc_tmp configured.
2018-05-18 05:08:46,530 null [INFO] (/home/meteo/dev/redist/fwidbmgr/include/Grid.h:1595) Configuring grid: idi
2018-05-18 05:08:46,530 null [INFO] (/home/meteo/dev/redist/fwidbmgr/include/Grid.h:1695) Grid idi configured.
2018-05-18 05:08:46,531 null [INFO] (/home/meteo/dev/redist/fwidbmgr/include/Grid.h:1595) Configuring grid: angstrom
2018-05-18 05:08:46,531 null [INFO] (/home/meteo/dev/redist/fwidbmgr/include/Grid.h:1695) Grid angstrom configured.
2018-05-18 05:08:46,532 null [INFO] (/home/meteo/dev/redist/fwidbmgr/include/Grid.h:1595) Configuring grid: fmi
2018-05-18 05:08:46,533 null [INFO] (/home/meteo/dev/redist/fwidbmgr/include/Grid.h:1695) Grid fmi configured.
2018-05-18 05:08:46,534 null [INFO] (/home/meteo/dev/redist/fwidbmgr/include/Grid.h:1595) Configuring grid: sharples
2018-05-18 05:08:46,534 null [INFO] (/home/meteo/dev/redist/fwidbmgr/include/Grid.h:1695) Grid sharples configured.
2018-05-18 05:08:49,158 null [INFO] (/home/meteo/dev/redist/fwidbmgr/include/Grid.h:1595) Configuring grid: snow
2018-05-18 05:08:49,159 null [INFO] (/home/meteo/dev/redist/fwidbmgr/include/Grid.h:1695) Grid snow configured.
2018-05-18 05:08:49,159 null [INFO] (/home/meteo/dev/redist/fwidbmgr/include/Grid.h:1595) Configuring grid: snow_covering
2018-05-18 05:08:49,159 null [INFO] (/home/meteo/dev/redist/fwidbmgr/include/Grid.h:1695) Grid snow_covering configured.
2018-05-18 05:08:49,159 null [INFO] (/home/meteo/dev/redist/fwidbmgr/include/Grid.h:1595) Configuring grid: snow_dissolution
2018-05-18 05:08:49,159 null [INFO] (/home/meteo/dev/redist/fwidbmgr/include/Grid.h:1695) Grid snow_dissolution configured.
2018-05-18 05:08:49,159 null [INFO] (/home/meteo/dev/redist/fwidbmgr/include/Grid.h:1595) Configuring grid: temperature
2018-05-18 05:08:49,159 null [INFO] (/home/meteo/dev/redist/fwidbmgr/include/Grid.h:1695) Grid temperature configured.
2018-05-18 05:08:49,159 null [INFO] (/home/meteo/dev/redist/fwidbmgr/include/Grid.h:1595) Configuring grid: humidity
2018-05-18 05:08:49,159 null [INFO] (/home/meteo/dev/redist/fwidbmgr/include/Grid.h:1695) Grid humidity configured.
2018-05-18 05:08:49,159 null [INFO] (/home/meteo/dev/redist/fwidbmgr/include/Grid.h:1595) Configuring grid: windspeed
2018-05-18 05:08:49,160 null [INFO] (/home/meteo/dev/redist/fwidbmgr/include/Grid.h:1695) Grid windspeed configured.
2018-05-18 05:08:49,160 null [INFO] (/home/meteo/dev/redist/fwidbmgr/include/Grid.h:1595) Configuring grid: rain
2018-05-18 05:08:49,160 null [INFO] (/home/meteo/dev/redist/fwidbmgr/include/Grid.h:1695) Grid rain configured.
2018-05-18 05:08:49,160 null [INFO] (/home/meteo/dev/redist/fwidbmgr/include/Grid.h:1595) Configuring grid: cum_rain
2018-05-18 05:08:49,160 null [INFO] (/home/meteo/dev/redist/fwidbmgr/include/Grid.h:1695) Grid cum_rain configured.
2018-05-18 05:10:50,672 null [INFO] (../src/fwidbmgr.cpp:5660) OK --> 20180517 indexes computed.
2018-05-18 05:10:50,672 null [INFO] (../src/fwidbmgr.cpp:5695) action computeidx took about 124 seconds.
2018-05-18 05:10:50,673 null [INFO] (../src/fwidbmgr.cpp:5699) Disconnected from database.
2018-05-18 05:10:50,830 null [INFO] (../src/fwidbmgr.cpp:5361) fwi db manager
2018-05-18 05:10:50,830 null [INFO] (../src/fwidbmgr.cpp:5365) Program home: /home/meteo/dev/redist/fwidbmgr
2018-05-18 05:10:50,830 null [INFO] (../src/fwidbmgr.cpp:5369) Auto convert: 1
2018-05-18 05:10:50,830 null [INFO] (../src/fwidbmgr.cpp:446) action: exportidx.
2018-05-18 05:10:50,830 null [INFO] (../src/fwidbmgr.cpp:470) date: 20180517.
2018-05-18 05:10:50,830 null [INFO] (../src/fwidbmgr.cpp:322) Try to read: /home/meteo/dev/redist/fwidbmgr/config/fwidbmgr.conf.
2018-05-18 05:10:50,838 null [INFO] (../src/fwidbmgr.cpp:5393) Configuration parsing: OK.
2018-05-18 05:10:50,847 null [INFO] (../src/fwidbmgr.cpp:5478) Connected to database
2018-05-18 05:10:50,847 null [INFO] (../src/fwidbmgr.cpp:5480) Manage data for date: 20180517.
2018-05-18 05:10:50,847 null [INFO] (../src/fwidbmgr.cpp:5596) Exporting indexes.
2018-05-18 05:10:50,865 null [INFO] (/home/meteo/dev/redist/fwidbmgr/include/Grid.h:1595) Configuring grid: isi
2018-05-18 05:10:50,865 null [INFO] (/home/meteo/dev/redist/fwidbmgr/include/Grid.h:1695) Grid isi configured.
2018-05-18 05:10:50,866 null [INFO] (/home/meteo/dev/redist/fwidbmgr/include/Grid.h:1595) Configuring grid: fwi
2018-05-18 05:10:50,866 null [INFO] (/home/meteo/dev/redist/fwidbmgr/include/Grid.h:1695) Grid fwi configured.
2018-05-18 05:10:50,868 null [INFO] (/home/meteo/dev/redist/fwidbmgr/include/Grid.h:1595) Configuring grid: ffmc
2018-05-18 05:10:50,868 null [INFO] (/home/meteo/dev/redist/fwidbmgr/include/Grid.h:1695) Grid ffmc configured.
2018-05-18 05:10:50,869 null [INFO] (/home/meteo/dev/redist/fwidbmgr/include/Grid.h:1595) Configuring grid: dmc
2018-05-18 05:10:50,869 null [INFO] (/home/meteo/dev/redist/fwidbmgr/include/Grid.h:1695) Grid dmc configured.
2018-05-18 05:10:50,870 null [INFO] (/home/meteo/dev/redist/fwidbmgr/include/Grid.h:1595) Configuring grid: dc
2018-05-18 05:10:50,870 null [INFO] (/home/meteo/dev/redist/fwidbmgr/include/Grid.h:1695) Grid dc configured.
2018-05-18 05:10:50,872 null [INFO] (/home/meteo/dev/redist/fwidbmgr/include/Grid.h:1595) Configuring grid: bui
2018-05-18 05:10:50,872 null [INFO] (/home/meteo/dev/redist/fwidbmgr/include/Grid.h:1695) Grid bui configured.
2018-05-18 05:10:50,873 null [INFO] (/home/meteo/dev/redist/fwidbmgr/include/Grid.h:1595) Configuring grid: ffmc_tmp
2018-05-18 05:10:50,873 null [INFO] (/home/meteo/dev/redist/fwidbmgr/include/Grid.h:1695) Grid ffmc_tmp configured.
2018-05-18 05:10:50,874 null [INFO] (/home/meteo/dev/redist/fwidbmgr/include/Grid.h:1595) Configuring grid: dmc_tmp
2018-05-18 05:10:50,875 null [INFO] (/home/meteo/dev/redist/fwidbmgr/include/Grid.h:1695) Grid dmc_tmp configured.
2018-05-18 05:10:50,876 null [INFO] (/home/meteo/dev/redist/fwidbmgr/include/Grid.h:1595) Configuring grid: dc_tmp
2018-05-18 05:10:50,876 null [INFO] (/home/meteo/dev/redist/fwidbmgr/include/Grid.h:1695) Grid dc_tmp configured.
2018-05-18 05:10:50,877 null [INFO] (/home/meteo/dev/redist/fwidbmgr/include/Grid.h:1595) Configuring grid: idi
2018-05-18 05:10:50,877 null [INFO] (/home/meteo/dev/redist/fwidbmgr/include/Grid.h:1695) Grid idi configured.
2018-05-18 05:10:50,879 null [INFO] (/home/meteo/dev/redist/fwidbmgr/include/Grid.h:1595) Configuring grid: angstrom
2018-05-18 05:10:50,879 null [INFO] (/home/meteo/dev/redist/fwidbmgr/include/Grid.h:1695) Grid angstrom configured.
2018-05-18 05:10:50,880 null [INFO] (/home/meteo/dev/redist/fwidbmgr/include/Grid.h:1595) Configuring grid: fmi
2018-05-18 05:10:50,880 null [INFO] (/home/meteo/dev/redist/fwidbmgr/include/Grid.h:1695) Grid fmi configured.
2018-05-18 05:10:50,882 null [INFO] (/home/meteo/dev/redist/fwidbmgr/include/Grid.h:1595) Configuring grid: sharples
2018-05-18 05:10:50,882 null [INFO] (/home/meteo/dev/redist/fwidbmgr/include/Grid.h:1695) Grid sharples configured.
2018-05-18 05:10:53,192 null [INFO] (/home/meteo/dev/redist/fwidbmgr/include/Grid.h:1595) Configuring grid: isi
2018-05-18 05:10:53,193 null [INFO] (/home/meteo/dev/redist/fwidbmgr/include/Grid.h:1695) Grid isi configured.
2018-05-18 05:10:53,238 null [INFO] (/home/meteo/dev/redist/fwidbmgr/include/Grid.h:1595) Configuring grid: fwi
2018-05-18 05:10:53,238 null [INFO] (/home/meteo/dev/redist/fwidbmgr/include/Grid.h:1695) Grid fwi configured.
2018-05-18 05:10:53,277 null [INFO] (/home/meteo/dev/redist/fwidbmgr/include/Grid.h:1595) Configuring grid: ffmc
2018-05-18 05:10:53,277 null [INFO] (/home/meteo/dev/redist/fwidbmgr/include/Grid.h:1695) Grid ffmc configured.
2018-05-18 05:10:53,321 null [INFO] (/home/meteo/dev/redist/fwidbmgr/include/Grid.h:1595) Configuring grid: dmc
2018-05-18 05:10:53,321 null [INFO] (/home/meteo/dev/redist/fwidbmgr/include/Grid.h:1695) Grid dmc configured.
2018-05-18 05:10:53,359 null [INFO] (/home/meteo/dev/redist/fwidbmgr/include/Grid.h:1595) Configuring grid: dc
2018-05-18 05:10:53,359 null [INFO] (/home/meteo/dev/redist/fwidbmgr/include/Grid.h:1695) Grid dc configured.
2018-05-18 05:10:53,398 null [INFO] (/home/meteo/dev/redist/fwidbmgr/include/Grid.h:1595) Configuring grid: bui
2018-05-18 05:10:53,398 null [INFO] (/home/meteo/dev/redist/fwidbmgr/include/Grid.h:1695) Grid bui configured.
2018-05-18 05:10:53,444 null [INFO] (/home/meteo/dev/redist/fwidbmgr/include/Grid.h:1595) Configuring grid: ffmc_tmp
2018-05-18 05:10:53,444 null [INFO] (/home/meteo/dev/redist/fwidbmgr/include/Grid.h:1695) Grid ffmc_tmp configured.
2018-05-18 05:10:53,483 null [INFO] (/home/meteo/dev/redist/fwidbmgr/include/Grid.h:1595) Configuring grid: dmc_tmp
2018-05-18 05:10:53,483 null [INFO] (/home/meteo/dev/redist/fwidbmgr/include/Grid.h:1695) Grid dmc_tmp configured.
2018-05-18 05:10:53,523 null [INFO] (/home/meteo/dev/redist/fwidbmgr/include/Grid.h:1595) Configuring grid: dc_tmp
2018-05-18 05:10:53,523 null [INFO] (/home/meteo/dev/redist/fwidbmgr/include/Grid.h:1695) Grid dc_tmp configured.
2018-05-18 05:10:53,561 null [INFO] (/home/meteo/dev/redist/fwidbmgr/include/Grid.h:1595) Configuring grid: angstrom
2018-05-18 05:10:53,561 null [INFO] (/home/meteo/dev/redist/fwidbmgr/include/Grid.h:1695) Grid angstrom configured.
2018-05-18 05:10:53,622 null [INFO] (/home/meteo/dev/redist/fwidbmgr/include/Grid.h:1595) Configuring grid: sharples
2018-05-18 05:10:53,622 null [INFO] (/home/meteo/dev/redist/fwidbmgr/include/Grid.h:1695) Grid sharples configured.
2018-05-18 05:10:53,665 null [INFO] (/home/meteo/dev/redist/fwidbmgr/include/Grid.h:1595) Configuring grid: fmi
2018-05-18 05:10:53,665 null [INFO] (/home/meteo/dev/redist/fwidbmgr/include/Grid.h:1695) Grid fmi configured.
2018-05-18 05:10:53,708 null [INFO] (../src/fwidbmgr.cpp:5600) OK --> 20180517 indexes exported to files.
2018-05-18 05:10:53,708 null [INFO] (../src/fwidbmgr.cpp:5695) action exportidx took about 3 seconds.
2018-05-18 05:10:53,709 null [INFO] (../src/fwidbmgr.cpp:5699) Disconnected from database.
2018-05-18 05:11:21,597 null [INFO] (../src/fwidbmgr.cpp:5361) fwi db manager
2018-05-18 05:11:21,597 null [INFO] (../src/fwidbmgr.cpp:5365) Program home: /home/meteo/dev/redist/fwidbmgr
2018-05-18 05:11:21,597 null [INFO] (../src/fwidbmgr.cpp:5369) Auto convert: 1
2018-05-18 05:11:21,597 null [INFO] (../src/fwidbmgr.cpp:446) action: outimg.
2018-05-18 05:11:21,597 null [INFO] (../src/fwidbmgr.cpp:470) date: 20180517.
2018-05-18 05:11:21,597 null [INFO] (../src/fwidbmgr.cpp:322) Try to read: /home/meteo/dev/redist/fwidbmgr/config/fwidbmgr.conf.
2018-05-18 05:11:21,599 null [INFO] (../src/fwidbmgr.cpp:5393) Configuration parsing: OK.
2018-05-18 05:11:21,603 null [INFO] (../src/fwidbmgr.cpp:5478) Connected to database
2018-05-18 05:11:21,603 null [INFO] (../src/fwidbmgr.cpp:5480) Manage data for date: 20180517.
2018-05-18 05:11:21,603 null [INFO] (../src/fwidbmgr.cpp:5566) Importing fwi indexes images in database.
2018-05-18 05:11:21,762 null [INFO] (../src/fwidbmgr.cpp:5570) OK --> 20180517 images imported.
2018-05-18 05:11:21,762 null [INFO] (../src/fwidbmgr.cpp:5695) action outimg took about 0 seconds.
2018-05-18 05:11:21,762 null [INFO] (../src/fwidbmgr.cpp:5699) Disconnected from database.
2018-05-18 05:37:01,417 null [INFO] (../src/fwidbmgr.cpp:5361) fwi db manager
2018-05-18 05:37:01,417 null [INFO] (../src/fwidbmgr.cpp:5365) Program home: /home/meteo/dev/redist/fwidbmgr
2018-05-18 05:37:01,417 null [INFO] (../src/fwidbmgr.cpp:5369) Auto convert: 1
2018-05-18 05:37:01,417 null [INFO] (../src/fwidbmgr.cpp:446) action: outimg.
2018-05-18 05:37:01,417 null [INFO] (../src/fwidbmgr.cpp:470) date: 20180517.
2018-05-18 05:37:01,417 null [INFO] (../src/fwidbmgr.cpp:322) Try to read: /home/meteo/dev/redist/fwidbmgr/config/fwidbmgr.conf.
2018-05-18 05:37:01,419 null [INFO] (../src/fwidbmgr.cpp:5393) Configuration parsing: OK.
2018-05-18 05:37:01,424 null [INFO] (../src/fwidbmgr.cpp:5478) Connected to database
2018-05-18 05:37:01,424 null [INFO] (../src/fwidbmgr.cpp:5480) Manage data for date: 20180517.
2018-05-18 05:37:01,424 null [INFO] (../src/fwidbmgr.cpp:5566) Importing fwi indexes images in database.
2018-05-18 05:37:01,537 null [INFO] (../src/fwidbmgr.cpp:5570) OK --> 20180517 images imported.
2018-05-18 05:37:01,538 null [INFO] (../src/fwidbmgr.cpp:5695) action outimg took about 0 seconds.
2018-05-18 05:37:01,538 null [INFO] (../src/fwidbmgr.cpp:5699) Disconnected from database.
2018-05-18 06:05:01,738 null [INFO] (../src/fwidbmgr.cpp:5361) fwi db manager
2018-05-18 06:05:01,739 null [INFO] (../src/fwidbmgr.cpp:5365) Program home: /home/meteo/dev/redist/fwidbmgr
2018-05-18 06:05:01,739 null [INFO] (../src/fwidbmgr.cpp:5369) Auto convert: 1
2018-05-18 06:05:01,739 null [INFO] (../src/fwidbmgr.cpp:446) action: outimg.
2018-05-18 06:05:01,739 null [INFO] (../src/fwidbmgr.cpp:470) date: 20180517.
2018-05-18 06:05:01,739 null [INFO] (../src/fwidbmgr.cpp:322) Try to read: /home/meteo/dev/redist/fwidbmgr/config/fwidbmgr.conf.
2018-05-18 06:05:01,741 null [INFO] (../src/fwidbmgr.cpp:5393) Configuration parsing: OK.
2018-05-18 06:05:01,754 null [INFO] (../src/fwidbmgr.cpp:5478) Connected to database
2018-05-18 06:05:01,754 null [INFO] (../src/fwidbmgr.cpp:5480) Manage data for date: 20180517.
2018-05-18 06:05:01,754 null [INFO] (../src/fwidbmgr.cpp:5566) Importing fwi indexes images in database.
2018-05-18 06:05:01,834 null [INFO] (../src/fwidbmgr.cpp:5570) OK --> 20180517 images imported.
2018-05-18 06:05:01,835 null [INFO] (../src/fwidbmgr.cpp:5695) action outimg took about 0 seconds.
2018-05-18 06:05:01,835 null [INFO] (../src/fwidbmgr.cpp:5699) Disconnected from database.
2018-05-18 06:37:01,120 null [INFO] (../src/fwidbmgr.cpp:5361) fwi db manager
2018-05-18 06:37:01,120 null [INFO] (../src/fwidbmgr.cpp:5365) Program home: /home/meteo/dev/redist/fwidbmgr
2018-05-18 06:37:01,120 null [INFO] (../src/fwidbmgr.cpp:5369) Auto convert: 1
2018-05-18 06:37:01,120 null [INFO] (../src/fwidbmgr.cpp:446) action: outimg.
2018-05-18 06:37:01,120 null [INFO] (../src/fwidbmgr.cpp:470) date: 20180517.
2018-05-18 06:37:01,120 null [INFO] (../src/fwidbmgr.cpp:322) Try to read: /home/meteo/dev/redist/fwidbmgr/config/fwidbmgr.conf.
2018-05-18 06:37:01,122 null [INFO] (../src/fwidbmgr.cpp:5393) Configuration parsing: OK.
2018-05-18 06:37:01,128 null [INFO] (../src/fwidbmgr.cpp:5478) Connected to database
2018-05-18 06:37:01,128 null [INFO] (../src/fwidbmgr.cpp:5480) Manage data for date: 20180517.
2018-05-18 06:37:01,128 null [INFO] (../src/fwidbmgr.cpp:5566) Importing fwi indexes images in database.
2018-05-18 06:37:01,269 null [INFO] (../src/fwidbmgr.cpp:5570) OK --> 20180517 images imported.
2018-05-18 06:37:01,269 null [INFO] (../src/fwidbmgr.cpp:5695) action outimg took about 0 seconds.
2018-05-18 06:37:01,270 null [INFO] (../src/fwidbmgr.cpp:5699) Disconnected from database.
2018-05-18 07:05:01,080 null [INFO] (../src/fwidbmgr.cpp:5361) fwi db manager
2018-05-18 07:05:01,081 null [INFO] (../src/fwidbmgr.cpp:5365) Program home: /home/meteo/dev/redist/fwidbmgr
2018-05-18 07:05:01,081 null [INFO] (../src/fwidbmgr.cpp:5369) Auto convert: 1
2018-05-18 07:05:01,081 null [INFO] (../src/fwidbmgr.cpp:446) action: outimg.
2018-05-18 07:05:01,081 null [INFO] (../src/fwidbmgr.cpp:470) date: 20180517.
2018-05-18 07:05:01,081 null [INFO] (../src/fwidbmgr.cpp:322) Try to read: /home/meteo/dev/redist/fwidbmgr/config/fwidbmgr.conf.
2018-05-18 07:05:01,085 null [INFO] (../src/fwidbmgr.cpp:5393) Configuration parsing: OK.
2018-05-18 07:05:01,091 null [INFO] (../src/fwidbmgr.cpp:5478) Connected to database
2018-05-18 07:05:01,091 null [INFO] (../src/fwidbmgr.cpp:5480) Manage data for date: 20180517.
2018-05-18 07:05:01,091 null [INFO] (../src/fwidbmgr.cpp:5566) Importing fwi indexes images in database.
2018-05-18 07:05:01,194 null [INFO] (../src/fwidbmgr.cpp:5570) OK --> 20180517 images imported.
2018-05-18 07:05:01,194 null [INFO] (../src/fwidbmgr.cpp:5695) action outimg took about 0 seconds.
2018-05-18 07:05:01,195 null [INFO] (../src/fwidbmgr.cpp:5699) Disconnected from database.
2018-05-18 07:37:01,378 null [INFO] (../src/fwidbmgr.cpp:5361) fwi db manager
2018-05-18 07:37:01,378 null [INFO] (../src/fwidbmgr.cpp:5365) Program home: /home/meteo/dev/redist/fwidbmgr
2018-05-18 07:37:01,378 null [INFO] (../src/fwidbmgr.cpp:5369) Auto convert: 1
2018-05-18 07:37:01,379 null [INFO] (../src/fwidbmgr.cpp:446) action: outimg.
2018-05-18 07:37:01,379 null [INFO] (../src/fwidbmgr.cpp:470) date: 20180517.
2018-05-18 07:37:01,379 null [INFO] (../src/fwidbmgr.cpp:322) Try to read: /home/meteo/dev/redist/fwidbmgr/config/fwidbmgr.conf.
2018-05-18 07:37:01,382 null [INFO] (../src/fwidbmgr.cpp:5393) Configuration parsing: OK.
2018-05-18 07:37:01,390 null [INFO] (../src/fwidbmgr.cpp:5478) Connected to database
2018-05-18 07:37:01,390 null [INFO] (../src/fwidbmgr.cpp:5480) Manage data for date: 20180517.
2018-05-18 07:37:01,391 null [INFO] (../src/fwidbmgr.cpp:5566) Importing fwi indexes images in database.
2018-05-18 07:37:01,492 null [INFO] (../src/fwidbmgr.cpp:5570) OK --> 20180517 images imported.
2018-05-18 07:37:01,492 null [INFO] (../src/fwidbmgr.cpp:5695) action outimg took about 0 seconds.
2018-05-18 07:37:01,492 null [INFO] (../src/fwidbmgr.cpp:5699) Disconnected from database.
