2018-03-06 05:06:45,297 null [INFO] (../src/fwidbmgr.cpp:5361) fwi db manager
2018-03-06 05:06:45,297 null [INFO] (../src/fwidbmgr.cpp:5365) Program home: /home/meteo/dev/redist/fwidbmgr
2018-03-06 05:06:45,297 null [INFO] (../src/fwidbmgr.cpp:5369) Auto convert: 1
2018-03-06 05:06:45,297 null [INFO] (../src/fwidbmgr.cpp:446) action: in.
2018-03-06 05:06:45,297 null [INFO] (../src/fwidbmgr.cpp:470) date: 20180305.
2018-03-06 05:06:45,297 null [INFO] (../src/fwidbmgr.cpp:322) Try to read: /home/meteo/dev/redist/fwidbmgr/config/fwidbmgr.conf.
2018-03-06 05:06:45,306 null [INFO] (../src/fwidbmgr.cpp:5393) Configuration parsing: OK.
2018-03-06 05:06:45,334 null [INFO] (../src/fwidbmgr.cpp:5478) Connected to database
2018-03-06 05:06:45,334 null [INFO] (../src/fwidbmgr.cpp:5480) Manage data for date: 20180305.
2018-03-06 05:06:45,334 null [INFO] (../src/fwidbmgr.cpp:5536) Importing meteo data in database for day: 20180305.
2018-03-06 05:06:45,336 null [INFO] (/home/meteo/dev/redist/fwidbmgr/include/Grid.h:1595) Configuring grid: snow
2018-03-06 05:06:45,336 null [INFO] (/home/meteo/dev/redist/fwidbmgr/include/Grid.h:1695) Grid snow configured.
2018-03-06 05:06:45,347 null [INFO] (/home/meteo/dev/redist/fwidbmgr/include/Grid.h:1595) Configuring grid: snow_covering
2018-03-06 05:06:45,347 null [INFO] (/home/meteo/dev/redist/fwidbmgr/include/Grid.h:1695) Grid snow_covering configured.
2018-03-06 05:06:45,360 null [INFO] (/home/meteo/dev/redist/fwidbmgr/include/Grid.h:1595) Configuring grid: snow_dissolution
2018-03-06 05:06:45,360 null [INFO] (/home/meteo/dev/redist/fwidbmgr/include/Grid.h:1695) Grid snow_dissolution configured.
2018-03-06 05:06:45,383 null [INFO] (/home/meteo/dev/redist/fwidbmgr/include/Grid.h:1595) Configuring grid: temperature
2018-03-06 05:06:45,383 null [INFO] (/home/meteo/dev/redist/fwidbmgr/include/Grid.h:1695) Grid temperature configured.
2018-03-06 05:06:45,388 null [INFO] (/home/meteo/dev/redist/fwidbmgr/include/Grid.h:1595) Configuring grid: humidity
2018-03-06 05:06:45,388 null [INFO] (/home/meteo/dev/redist/fwidbmgr/include/Grid.h:1695) Grid humidity configured.
2018-03-06 05:06:45,399 null [INFO] (/home/meteo/dev/redist/fwidbmgr/include/Grid.h:1595) Configuring grid: windspeed
2018-03-06 05:06:45,399 null [INFO] (/home/meteo/dev/redist/fwidbmgr/include/Grid.h:1695) Grid windspeed configured.
2018-03-06 05:06:45,427 null [INFO] (/home/meteo/dev/redist/fwidbmgr/include/Grid.h:1595) Configuring grid: rain
2018-03-06 05:06:45,427 null [INFO] (/home/meteo/dev/redist/fwidbmgr/include/Grid.h:1695) Grid rain configured.
2018-03-06 05:06:45,433 null [INFO] (/home/meteo/dev/redist/fwidbmgr/include/Grid.h:1595) Configuring grid: cum_rain
2018-03-06 05:06:45,433 null [INFO] (/home/meteo/dev/redist/fwidbmgr/include/Grid.h:1695) Grid cum_rain configured.
2018-03-06 05:06:45,744 null [INFO] (../src/fwidbmgr.cpp:1518) Storing meteo input ...
2018-03-06 05:07:01,449 null [INFO] (../src/fwidbmgr.cpp:5540) OK --> 20180305 data imported.
2018-03-06 05:07:01,512 null [INFO] (../src/fwidbmgr.cpp:5695) action in took about 16 seconds.
2018-03-06 05:07:01,527 null [INFO] (../src/fwidbmgr.cpp:5699) Disconnected from database.
2018-03-06 05:08:14,889 null [INFO] (../src/fwidbmgr.cpp:5361) fwi db manager
2018-03-06 05:08:14,889 null [INFO] (../src/fwidbmgr.cpp:5365) Program home: /home/meteo/dev/redist/fwidbmgr
2018-03-06 05:08:14,889 null [INFO] (../src/fwidbmgr.cpp:5369) Auto convert: 1
2018-03-06 05:08:14,889 null [INFO] (../src/fwidbmgr.cpp:446) action: out.
2018-03-06 05:08:14,889 null [INFO] (../src/fwidbmgr.cpp:470) date: 20180305.
2018-03-06 05:08:14,889 null [INFO] (../src/fwidbmgr.cpp:322) Try to read: /home/meteo/dev/redist/fwidbmgr/config/fwidbmgr.conf.
2018-03-06 05:08:14,895 null [INFO] (../src/fwidbmgr.cpp:5393) Configuration parsing: OK.
2018-03-06 05:08:14,908 null [INFO] (../src/fwidbmgr.cpp:5478) Connected to database
2018-03-06 05:08:14,908 null [INFO] (../src/fwidbmgr.cpp:5480) Manage data for date: 20180305.
2018-03-06 05:08:14,909 null [INFO] (../src/fwidbmgr.cpp:5551) Importing fwi indexes data in database for day: 20180305.
2018-03-06 05:08:14,918 null [INFO] (/home/meteo/dev/redist/fwidbmgr/include/Grid.h:1595) Configuring grid: isi
2018-03-06 05:08:14,918 null [INFO] (/home/meteo/dev/redist/fwidbmgr/include/Grid.h:1695) Grid isi configured.
2018-03-06 05:08:14,931 null [INFO] (/home/meteo/dev/redist/fwidbmgr/include/Grid.h:1595) Configuring grid: fwi
2018-03-06 05:08:14,931 null [INFO] (/home/meteo/dev/redist/fwidbmgr/include/Grid.h:1695) Grid fwi configured.
2018-03-06 05:08:14,944 null [INFO] (/home/meteo/dev/redist/fwidbmgr/include/Grid.h:1595) Configuring grid: ffmc
2018-03-06 05:08:14,944 null [INFO] (/home/meteo/dev/redist/fwidbmgr/include/Grid.h:1695) Grid ffmc configured.
2018-03-06 05:08:14,958 null [INFO] (/home/meteo/dev/redist/fwidbmgr/include/Grid.h:1595) Configuring grid: dmc
2018-03-06 05:08:14,958 null [INFO] (/home/meteo/dev/redist/fwidbmgr/include/Grid.h:1695) Grid dmc configured.
2018-03-06 05:08:14,971 null [INFO] (/home/meteo/dev/redist/fwidbmgr/include/Grid.h:1595) Configuring grid: dc
2018-03-06 05:08:14,971 null [INFO] (/home/meteo/dev/redist/fwidbmgr/include/Grid.h:1695) Grid dc configured.
2018-03-06 05:08:14,985 null [INFO] (/home/meteo/dev/redist/fwidbmgr/include/Grid.h:1595) Configuring grid: bui
2018-03-06 05:08:14,985 null [INFO] (/home/meteo/dev/redist/fwidbmgr/include/Grid.h:1695) Grid bui configured.
2018-03-06 05:08:14,998 null [INFO] (/home/meteo/dev/redist/fwidbmgr/include/Grid.h:1595) Configuring grid: ffmc_tmp
2018-03-06 05:08:14,998 null [INFO] (/home/meteo/dev/redist/fwidbmgr/include/Grid.h:1695) Grid ffmc_tmp configured.
2018-03-06 05:08:15,025 null [INFO] (/home/meteo/dev/redist/fwidbmgr/include/Grid.h:1595) Configuring grid: dmc_tmp
2018-03-06 05:08:15,025 null [INFO] (/home/meteo/dev/redist/fwidbmgr/include/Grid.h:1695) Grid dmc_tmp configured.
2018-03-06 05:08:15,045 null [INFO] (/home/meteo/dev/redist/fwidbmgr/include/Grid.h:1595) Configuring grid: dc_tmp
2018-03-06 05:08:15,045 null [INFO] (/home/meteo/dev/redist/fwidbmgr/include/Grid.h:1695) Grid dc_tmp configured.
2018-03-06 05:08:15,070 null [INFO] (/home/meteo/dev/redist/fwidbmgr/include/Grid.h:1595) Configuring grid: idi
2018-03-06 05:08:15,071 null [INFO] (/home/meteo/dev/redist/fwidbmgr/include/Grid.h:1695) Grid idi configured.
2018-03-06 05:08:15,293 null [INFO] (../src/fwidbmgr.cpp:2081) Storing FWI indexes ...
2018-03-06 05:08:22,700 null [INFO] (../src/fwidbmgr.cpp:5555) OK --> 20180305 data imported.
2018-03-06 05:08:22,700 null [INFO] (../src/fwidbmgr.cpp:5695) action out took about 8 seconds.
2018-03-06 05:08:22,701 null [INFO] (../src/fwidbmgr.cpp:5699) Disconnected from database.
2018-03-06 05:08:22,837 null [INFO] (../src/fwidbmgr.cpp:5361) fwi db manager
2018-03-06 05:08:22,837 null [INFO] (../src/fwidbmgr.cpp:5365) Program home: /home/meteo/dev/redist/fwidbmgr
2018-03-06 05:08:22,838 null [INFO] (../src/fwidbmgr.cpp:5369) Auto convert: 1
2018-03-06 05:08:22,838 null [INFO] (../src/fwidbmgr.cpp:446) action: computeidx.
2018-03-06 05:08:22,838 null [INFO] (../src/fwidbmgr.cpp:470) date: 20180305.
2018-03-06 05:08:22,838 null [INFO] (../src/fwidbmgr.cpp:322) Try to read: /home/meteo/dev/redist/fwidbmgr/config/fwidbmgr.conf.
2018-03-06 05:08:22,839 null [INFO] (../src/fwidbmgr.cpp:5393) Configuration parsing: OK.
2018-03-06 05:08:22,843 null [INFO] (../src/fwidbmgr.cpp:5478) Connected to database
2018-03-06 05:08:22,843 null [INFO] (../src/fwidbmgr.cpp:5480) Manage data for date: 20180305.
2018-03-06 05:08:22,843 null [INFO] (../src/fwidbmgr.cpp:5656) Computing indexes.
2018-03-06 05:08:22,852 null [INFO] (/home/meteo/dev/redist/fwidbmgr/include/Grid.h:1595) Configuring grid: isi
2018-03-06 05:08:22,852 null [INFO] (/home/meteo/dev/redist/fwidbmgr/include/Grid.h:1695) Grid isi configured.
2018-03-06 05:08:22,854 null [INFO] (/home/meteo/dev/redist/fwidbmgr/include/Grid.h:1595) Configuring grid: fwi
2018-03-06 05:08:22,854 null [INFO] (/home/meteo/dev/redist/fwidbmgr/include/Grid.h:1695) Grid fwi configured.
2018-03-06 05:08:22,855 null [INFO] (/home/meteo/dev/redist/fwidbmgr/include/Grid.h:1595) Configuring grid: ffmc
2018-03-06 05:08:22,855 null [INFO] (/home/meteo/dev/redist/fwidbmgr/include/Grid.h:1695) Grid ffmc configured.
2018-03-06 05:08:22,856 null [INFO] (/home/meteo/dev/redist/fwidbmgr/include/Grid.h:1595) Configuring grid: dmc
2018-03-06 05:08:22,856 null [INFO] (/home/meteo/dev/redist/fwidbmgr/include/Grid.h:1695) Grid dmc configured.
2018-03-06 05:08:22,858 null [INFO] (/home/meteo/dev/redist/fwidbmgr/include/Grid.h:1595) Configuring grid: dc
2018-03-06 05:08:22,858 null [INFO] (/home/meteo/dev/redist/fwidbmgr/include/Grid.h:1695) Grid dc configured.
2018-03-06 05:08:22,859 null [INFO] (/home/meteo/dev/redist/fwidbmgr/include/Grid.h:1595) Configuring grid: bui
2018-03-06 05:08:22,859 null [INFO] (/home/meteo/dev/redist/fwidbmgr/include/Grid.h:1695) Grid bui configured.
2018-03-06 05:08:22,860 null [INFO] (/home/meteo/dev/redist/fwidbmgr/include/Grid.h:1595) Configuring grid: ffmc_tmp
2018-03-06 05:08:22,860 null [INFO] (/home/meteo/dev/redist/fwidbmgr/include/Grid.h:1695) Grid ffmc_tmp configured.
2018-03-06 05:08:22,862 null [INFO] (/home/meteo/dev/redist/fwidbmgr/include/Grid.h:1595) Configuring grid: dmc_tmp
2018-03-06 05:08:22,862 null [INFO] (/home/meteo/dev/redist/fwidbmgr/include/Grid.h:1695) Grid dmc_tmp configured.
2018-03-06 05:08:22,863 null [INFO] (/home/meteo/dev/redist/fwidbmgr/include/Grid.h:1595) Configuring grid: dc_tmp
2018-03-06 05:08:22,863 null [INFO] (/home/meteo/dev/redist/fwidbmgr/include/Grid.h:1695) Grid dc_tmp configured.
2018-03-06 05:08:22,864 null [INFO] (/home/meteo/dev/redist/fwidbmgr/include/Grid.h:1595) Configuring grid: idi
2018-03-06 05:08:22,864 null [INFO] (/home/meteo/dev/redist/fwidbmgr/include/Grid.h:1695) Grid idi configured.
2018-03-06 05:08:22,866 null [INFO] (/home/meteo/dev/redist/fwidbmgr/include/Grid.h:1595) Configuring grid: angstrom
2018-03-06 05:08:22,866 null [INFO] (/home/meteo/dev/redist/fwidbmgr/include/Grid.h:1695) Grid angstrom configured.
2018-03-06 05:08:22,867 null [INFO] (/home/meteo/dev/redist/fwidbmgr/include/Grid.h:1595) Configuring grid: fmi
2018-03-06 05:08:22,867 null [INFO] (/home/meteo/dev/redist/fwidbmgr/include/Grid.h:1695) Grid fmi configured.
2018-03-06 05:08:22,868 null [INFO] (/home/meteo/dev/redist/fwidbmgr/include/Grid.h:1595) Configuring grid: sharples
2018-03-06 05:08:22,868 null [INFO] (/home/meteo/dev/redist/fwidbmgr/include/Grid.h:1695) Grid sharples configured.
2018-03-06 05:08:23,547 null [INFO] (/home/meteo/dev/redist/fwidbmgr/include/Grid.h:1595) Configuring grid: snow
2018-03-06 05:08:23,547 null [INFO] (/home/meteo/dev/redist/fwidbmgr/include/Grid.h:1695) Grid snow configured.
2018-03-06 05:08:23,547 null [INFO] (/home/meteo/dev/redist/fwidbmgr/include/Grid.h:1595) Configuring grid: snow_covering
2018-03-06 05:08:23,547 null [INFO] (/home/meteo/dev/redist/fwidbmgr/include/Grid.h:1695) Grid snow_covering configured.
2018-03-06 05:08:23,547 null [INFO] (/home/meteo/dev/redist/fwidbmgr/include/Grid.h:1595) Configuring grid: snow_dissolution
2018-03-06 05:08:23,548 null [INFO] (/home/meteo/dev/redist/fwidbmgr/include/Grid.h:1695) Grid snow_dissolution configured.
2018-03-06 05:08:23,548 null [INFO] (/home/meteo/dev/redist/fwidbmgr/include/Grid.h:1595) Configuring grid: temperature
2018-03-06 05:08:23,548 null [INFO] (/home/meteo/dev/redist/fwidbmgr/include/Grid.h:1695) Grid temperature configured.
2018-03-06 05:08:23,548 null [INFO] (/home/meteo/dev/redist/fwidbmgr/include/Grid.h:1595) Configuring grid: humidity
2018-03-06 05:08:23,548 null [INFO] (/home/meteo/dev/redist/fwidbmgr/include/Grid.h:1695) Grid humidity configured.
2018-03-06 05:08:23,548 null [INFO] (/home/meteo/dev/redist/fwidbmgr/include/Grid.h:1595) Configuring grid: windspeed
2018-03-06 05:08:23,548 null [INFO] (/home/meteo/dev/redist/fwidbmgr/include/Grid.h:1695) Grid windspeed configured.
2018-03-06 05:08:23,548 null [INFO] (/home/meteo/dev/redist/fwidbmgr/include/Grid.h:1595) Configuring grid: rain
2018-03-06 05:08:23,548 null [INFO] (/home/meteo/dev/redist/fwidbmgr/include/Grid.h:1695) Grid rain configured.
2018-03-06 05:08:23,548 null [INFO] (/home/meteo/dev/redist/fwidbmgr/include/Grid.h:1595) Configuring grid: cum_rain
2018-03-06 05:08:23,549 null [INFO] (/home/meteo/dev/redist/fwidbmgr/include/Grid.h:1695) Grid cum_rain configured.
2018-03-06 05:10:12,405 null [INFO] (../src/fwidbmgr.cpp:5660) OK --> 20180305 indexes computed.
2018-03-06 05:10:12,405 null [INFO] (../src/fwidbmgr.cpp:5695) action computeidx took about 110 seconds.
2018-03-06 05:10:12,405 null [INFO] (../src/fwidbmgr.cpp:5699) Disconnected from database.
2018-03-06 05:10:12,423 null [INFO] (../src/fwidbmgr.cpp:5361) fwi db manager
2018-03-06 05:10:12,423 null [INFO] (../src/fwidbmgr.cpp:5365) Program home: /home/meteo/dev/redist/fwidbmgr
2018-03-06 05:10:12,423 null [INFO] (../src/fwidbmgr.cpp:5369) Auto convert: 1
2018-03-06 05:10:12,423 null [INFO] (../src/fwidbmgr.cpp:446) action: exportidx.
2018-03-06 05:10:12,423 null [INFO] (../src/fwidbmgr.cpp:470) date: 20180305.
2018-03-06 05:10:12,423 null [INFO] (../src/fwidbmgr.cpp:322) Try to read: /home/meteo/dev/redist/fwidbmgr/config/fwidbmgr.conf.
2018-03-06 05:10:12,425 null [INFO] (../src/fwidbmgr.cpp:5393) Configuration parsing: OK.
2018-03-06 05:10:12,429 null [INFO] (../src/fwidbmgr.cpp:5478) Connected to database
2018-03-06 05:10:12,429 null [INFO] (../src/fwidbmgr.cpp:5480) Manage data for date: 20180305.
2018-03-06 05:10:12,429 null [INFO] (../src/fwidbmgr.cpp:5596) Exporting indexes.
2018-03-06 05:10:12,431 null [INFO] (/home/meteo/dev/redist/fwidbmgr/include/Grid.h:1595) Configuring grid: isi
2018-03-06 05:10:12,431 null [INFO] (/home/meteo/dev/redist/fwidbmgr/include/Grid.h:1695) Grid isi configured.
2018-03-06 05:10:12,432 null [INFO] (/home/meteo/dev/redist/fwidbmgr/include/Grid.h:1595) Configuring grid: fwi
2018-03-06 05:10:12,432 null [INFO] (/home/meteo/dev/redist/fwidbmgr/include/Grid.h:1695) Grid fwi configured.
2018-03-06 05:10:12,433 null [INFO] (/home/meteo/dev/redist/fwidbmgr/include/Grid.h:1595) Configuring grid: ffmc
2018-03-06 05:10:12,433 null [INFO] (/home/meteo/dev/redist/fwidbmgr/include/Grid.h:1695) Grid ffmc configured.
2018-03-06 05:10:12,435 null [INFO] (/home/meteo/dev/redist/fwidbmgr/include/Grid.h:1595) Configuring grid: dmc
2018-03-06 05:10:12,435 null [INFO] (/home/meteo/dev/redist/fwidbmgr/include/Grid.h:1695) Grid dmc configured.
2018-03-06 05:10:12,436 null [INFO] (/home/meteo/dev/redist/fwidbmgr/include/Grid.h:1595) Configuring grid: dc
2018-03-06 05:10:12,436 null [INFO] (/home/meteo/dev/redist/fwidbmgr/include/Grid.h:1695) Grid dc configured.
2018-03-06 05:10:12,437 null [INFO] (/home/meteo/dev/redist/fwidbmgr/include/Grid.h:1595) Configuring grid: bui
2018-03-06 05:10:12,437 null [INFO] (/home/meteo/dev/redist/fwidbmgr/include/Grid.h:1695) Grid bui configured.
2018-03-06 05:10:12,439 null [INFO] (/home/meteo/dev/redist/fwidbmgr/include/Grid.h:1595) Configuring grid: ffmc_tmp
2018-03-06 05:10:12,439 null [INFO] (/home/meteo/dev/redist/fwidbmgr/include/Grid.h:1695) Grid ffmc_tmp configured.
2018-03-06 05:10:12,440 null [INFO] (/home/meteo/dev/redist/fwidbmgr/include/Grid.h:1595) Configuring grid: dmc_tmp
2018-03-06 05:10:12,440 null [INFO] (/home/meteo/dev/redist/fwidbmgr/include/Grid.h:1695) Grid dmc_tmp configured.
2018-03-06 05:10:12,441 null [INFO] (/home/meteo/dev/redist/fwidbmgr/include/Grid.h:1595) Configuring grid: dc_tmp
2018-03-06 05:10:12,441 null [INFO] (/home/meteo/dev/redist/fwidbmgr/include/Grid.h:1695) Grid dc_tmp configured.
2018-03-06 05:10:12,443 null [INFO] (/home/meteo/dev/redist/fwidbmgr/include/Grid.h:1595) Configuring grid: idi
2018-03-06 05:10:12,443 null [INFO] (/home/meteo/dev/redist/fwidbmgr/include/Grid.h:1695) Grid idi configured.
2018-03-06 05:10:12,444 null [INFO] (/home/meteo/dev/redist/fwidbmgr/include/Grid.h:1595) Configuring grid: angstrom
2018-03-06 05:10:12,444 null [INFO] (/home/meteo/dev/redist/fwidbmgr/include/Grid.h:1695) Grid angstrom configured.
2018-03-06 05:10:12,445 null [INFO] (/home/meteo/dev/redist/fwidbmgr/include/Grid.h:1595) Configuring grid: fmi
2018-03-06 05:10:12,445 null [INFO] (/home/meteo/dev/redist/fwidbmgr/include/Grid.h:1695) Grid fmi configured.
2018-03-06 05:10:12,447 null [INFO] (/home/meteo/dev/redist/fwidbmgr/include/Grid.h:1595) Configuring grid: sharples
2018-03-06 05:10:12,447 null [INFO] (/home/meteo/dev/redist/fwidbmgr/include/Grid.h:1695) Grid sharples configured.
2018-03-06 05:10:13,188 null [INFO] (/home/meteo/dev/redist/fwidbmgr/include/Grid.h:1595) Configuring grid: isi
2018-03-06 05:10:13,188 null [INFO] (/home/meteo/dev/redist/fwidbmgr/include/Grid.h:1695) Grid isi configured.
2018-03-06 05:10:13,225 null [INFO] (/home/meteo/dev/redist/fwidbmgr/include/Grid.h:1595) Configuring grid: fwi
2018-03-06 05:10:13,225 null [INFO] (/home/meteo/dev/redist/fwidbmgr/include/Grid.h:1695) Grid fwi configured.
2018-03-06 05:10:13,262 null [INFO] (/home/meteo/dev/redist/fwidbmgr/include/Grid.h:1595) Configuring grid: ffmc
2018-03-06 05:10:13,262 null [INFO] (/home/meteo/dev/redist/fwidbmgr/include/Grid.h:1695) Grid ffmc configured.
2018-03-06 05:10:13,300 null [INFO] (/home/meteo/dev/redist/fwidbmgr/include/Grid.h:1595) Configuring grid: dmc
2018-03-06 05:10:13,300 null [INFO] (/home/meteo/dev/redist/fwidbmgr/include/Grid.h:1695) Grid dmc configured.
2018-03-06 05:10:13,337 null [INFO] (/home/meteo/dev/redist/fwidbmgr/include/Grid.h:1595) Configuring grid: dc
2018-03-06 05:10:13,337 null [INFO] (/home/meteo/dev/redist/fwidbmgr/include/Grid.h:1695) Grid dc configured.
2018-03-06 05:10:13,375 null [INFO] (/home/meteo/dev/redist/fwidbmgr/include/Grid.h:1595) Configuring grid: bui
2018-03-06 05:10:13,375 null [INFO] (/home/meteo/dev/redist/fwidbmgr/include/Grid.h:1695) Grid bui configured.
2018-03-06 05:10:13,412 null [INFO] (/home/meteo/dev/redist/fwidbmgr/include/Grid.h:1595) Configuring grid: ffmc_tmp
2018-03-06 05:10:13,412 null [INFO] (/home/meteo/dev/redist/fwidbmgr/include/Grid.h:1695) Grid ffmc_tmp configured.
2018-03-06 05:10:13,448 null [INFO] (/home/meteo/dev/redist/fwidbmgr/include/Grid.h:1595) Configuring grid: dmc_tmp
2018-03-06 05:10:13,448 null [INFO] (/home/meteo/dev/redist/fwidbmgr/include/Grid.h:1695) Grid dmc_tmp configured.
2018-03-06 05:10:13,482 null [INFO] (/home/meteo/dev/redist/fwidbmgr/include/Grid.h:1595) Configuring grid: dc_tmp
2018-03-06 05:10:13,482 null [INFO] (/home/meteo/dev/redist/fwidbmgr/include/Grid.h:1695) Grid dc_tmp configured.
2018-03-06 05:10:13,517 null [INFO] (/home/meteo/dev/redist/fwidbmgr/include/Grid.h:1595) Configuring grid: angstrom
2018-03-06 05:10:13,517 null [INFO] (/home/meteo/dev/redist/fwidbmgr/include/Grid.h:1695) Grid angstrom configured.
2018-03-06 05:10:13,583 null [INFO] (/home/meteo/dev/redist/fwidbmgr/include/Grid.h:1595) Configuring grid: sharples
2018-03-06 05:10:13,583 null [INFO] (/home/meteo/dev/redist/fwidbmgr/include/Grid.h:1695) Grid sharples configured.
2018-03-06 05:10:13,625 null [INFO] (/home/meteo/dev/redist/fwidbmgr/include/Grid.h:1595) Configuring grid: fmi
2018-03-06 05:10:13,625 null [INFO] (/home/meteo/dev/redist/fwidbmgr/include/Grid.h:1695) Grid fmi configured.
2018-03-06 05:10:13,666 null [INFO] (../src/fwidbmgr.cpp:5600) OK --> 20180305 indexes exported to files.
2018-03-06 05:10:13,666 null [INFO] (../src/fwidbmgr.cpp:5695) action exportidx took about 1 seconds.
2018-03-06 05:10:13,666 null [INFO] (../src/fwidbmgr.cpp:5699) Disconnected from database.
2018-03-06 05:10:39,236 null [INFO] (../src/fwidbmgr.cpp:5361) fwi db manager
2018-03-06 05:10:39,237 null [INFO] (../src/fwidbmgr.cpp:5365) Program home: /home/meteo/dev/redist/fwidbmgr
2018-03-06 05:10:39,237 null [INFO] (../src/fwidbmgr.cpp:5369) Auto convert: 1
2018-03-06 05:10:39,237 null [INFO] (../src/fwidbmgr.cpp:446) action: outimg.
2018-03-06 05:10:39,237 null [INFO] (../src/fwidbmgr.cpp:470) date: 20180305.
2018-03-06 05:10:39,237 null [INFO] (../src/fwidbmgr.cpp:322) Try to read: /home/meteo/dev/redist/fwidbmgr/config/fwidbmgr.conf.
2018-03-06 05:10:39,238 null [INFO] (../src/fwidbmgr.cpp:5393) Configuration parsing: OK.
2018-03-06 05:10:39,241 null [INFO] (../src/fwidbmgr.cpp:5478) Connected to database
2018-03-06 05:10:39,241 null [INFO] (../src/fwidbmgr.cpp:5480) Manage data for date: 20180305.
2018-03-06 05:10:39,241 null [INFO] (../src/fwidbmgr.cpp:5566) Importing fwi indexes images in database.
2018-03-06 05:10:39,333 null [INFO] (../src/fwidbmgr.cpp:5570) OK --> 20180305 images imported.
2018-03-06 05:10:39,333 null [INFO] (../src/fwidbmgr.cpp:5695) action outimg took about 0 seconds.
2018-03-06 05:10:39,333 null [INFO] (../src/fwidbmgr.cpp:5699) Disconnected from database.
2018-03-06 05:37:01,974 null [INFO] (../src/fwidbmgr.cpp:5361) fwi db manager
2018-03-06 05:37:01,974 null [INFO] (../src/fwidbmgr.cpp:5365) Program home: /home/meteo/dev/redist/fwidbmgr
2018-03-06 05:37:01,974 null [INFO] (../src/fwidbmgr.cpp:5369) Auto convert: 1
2018-03-06 05:37:01,974 null [INFO] (../src/fwidbmgr.cpp:446) action: outimg.
2018-03-06 05:37:01,974 null [INFO] (../src/fwidbmgr.cpp:470) date: 20180305.
2018-03-06 05:37:01,974 null [INFO] (../src/fwidbmgr.cpp:322) Try to read: /home/meteo/dev/redist/fwidbmgr/config/fwidbmgr.conf.
2018-03-06 05:37:01,976 null [INFO] (../src/fwidbmgr.cpp:5393) Configuration parsing: OK.
2018-03-06 05:37:01,980 null [INFO] (../src/fwidbmgr.cpp:5478) Connected to database
2018-03-06 05:37:01,981 null [INFO] (../src/fwidbmgr.cpp:5480) Manage data for date: 20180305.
2018-03-06 05:37:01,981 null [INFO] (../src/fwidbmgr.cpp:5566) Importing fwi indexes images in database.
2018-03-06 05:37:02,108 null [INFO] (../src/fwidbmgr.cpp:5570) OK --> 20180305 images imported.
2018-03-06 05:37:02,109 null [INFO] (../src/fwidbmgr.cpp:5695) action outimg took about 1 seconds.
2018-03-06 05:37:02,109 null [INFO] (../src/fwidbmgr.cpp:5699) Disconnected from database.
2018-03-06 06:05:01,953 null [INFO] (../src/fwidbmgr.cpp:5361) fwi db manager
2018-03-06 06:05:01,953 null [INFO] (../src/fwidbmgr.cpp:5365) Program home: /home/meteo/dev/redist/fwidbmgr
2018-03-06 06:05:01,953 null [INFO] (../src/fwidbmgr.cpp:5369) Auto convert: 1
2018-03-06 06:05:01,953 null [INFO] (../src/fwidbmgr.cpp:446) action: outimg.
2018-03-06 06:05:01,953 null [INFO] (../src/fwidbmgr.cpp:470) date: 20180305.
2018-03-06 06:05:01,953 null [INFO] (../src/fwidbmgr.cpp:322) Try to read: /home/meteo/dev/redist/fwidbmgr/config/fwidbmgr.conf.
2018-03-06 06:05:01,955 null [INFO] (../src/fwidbmgr.cpp:5393) Configuration parsing: OK.
2018-03-06 06:05:01,960 null [INFO] (../src/fwidbmgr.cpp:5478) Connected to database
2018-03-06 06:05:01,960 null [INFO] (../src/fwidbmgr.cpp:5480) Manage data for date: 20180305.
2018-03-06 06:05:01,960 null [INFO] (../src/fwidbmgr.cpp:5566) Importing fwi indexes images in database.
2018-03-06 06:05:02,064 null [INFO] (../src/fwidbmgr.cpp:5570) OK --> 20180305 images imported.
2018-03-06 06:05:02,064 null [INFO] (../src/fwidbmgr.cpp:5695) action outimg took about 1 seconds.
2018-03-06 06:05:02,064 null [INFO] (../src/fwidbmgr.cpp:5699) Disconnected from database.
2018-03-06 06:37:01,195 null [INFO] (../src/fwidbmgr.cpp:5361) fwi db manager
2018-03-06 06:37:01,196 null [INFO] (../src/fwidbmgr.cpp:5365) Program home: /home/meteo/dev/redist/fwidbmgr
2018-03-06 06:37:01,196 null [INFO] (../src/fwidbmgr.cpp:5369) Auto convert: 1
2018-03-06 06:37:01,196 null [INFO] (../src/fwidbmgr.cpp:446) action: outimg.
2018-03-06 06:37:01,196 null [INFO] (../src/fwidbmgr.cpp:470) date: 20180305.
2018-03-06 06:37:01,196 null [INFO] (../src/fwidbmgr.cpp:322) Try to read: /home/meteo/dev/redist/fwidbmgr/config/fwidbmgr.conf.
2018-03-06 06:37:01,198 null [INFO] (../src/fwidbmgr.cpp:5393) Configuration parsing: OK.
2018-03-06 06:37:01,202 null [INFO] (../src/fwidbmgr.cpp:5478) Connected to database
2018-03-06 06:37:01,202 null [INFO] (../src/fwidbmgr.cpp:5480) Manage data for date: 20180305.
2018-03-06 06:37:01,202 null [INFO] (../src/fwidbmgr.cpp:5566) Importing fwi indexes images in database.
2018-03-06 06:37:01,287 null [INFO] (../src/fwidbmgr.cpp:5570) OK --> 20180305 images imported.
2018-03-06 06:37:01,288 null [INFO] (../src/fwidbmgr.cpp:5695) action outimg took about 0 seconds.
2018-03-06 06:37:01,288 null [INFO] (../src/fwidbmgr.cpp:5699) Disconnected from database.
2018-03-06 07:05:01,930 null [INFO] (../src/fwidbmgr.cpp:5361) fwi db manager
2018-03-06 07:05:01,930 null [INFO] (../src/fwidbmgr.cpp:5365) Program home: /home/meteo/dev/redist/fwidbmgr
2018-03-06 07:05:01,931 null [INFO] (../src/fwidbmgr.cpp:5369) Auto convert: 1
2018-03-06 07:05:01,931 null [INFO] (../src/fwidbmgr.cpp:446) action: outimg.
2018-03-06 07:05:01,931 null [INFO] (../src/fwidbmgr.cpp:470) date: 20180305.
2018-03-06 07:05:01,931 null [INFO] (../src/fwidbmgr.cpp:322) Try to read: /home/meteo/dev/redist/fwidbmgr/config/fwidbmgr.conf.
2018-03-06 07:05:01,933 null [INFO] (../src/fwidbmgr.cpp:5393) Configuration parsing: OK.
2018-03-06 07:05:01,938 null [INFO] (../src/fwidbmgr.cpp:5478) Connected to database
2018-03-06 07:05:01,939 null [INFO] (../src/fwidbmgr.cpp:5480) Manage data for date: 20180305.
2018-03-06 07:05:01,939 null [INFO] (../src/fwidbmgr.cpp:5566) Importing fwi indexes images in database.
2018-03-06 07:05:02,029 null [INFO] (../src/fwidbmgr.cpp:5570) OK --> 20180305 images imported.
2018-03-06 07:05:02,029 null [INFO] (../src/fwidbmgr.cpp:5695) action outimg took about 1 seconds.
2018-03-06 07:05:02,029 null [INFO] (../src/fwidbmgr.cpp:5699) Disconnected from database.
2018-03-06 07:37:01,312 null [INFO] (../src/fwidbmgr.cpp:5361) fwi db manager
2018-03-06 07:37:01,312 null [INFO] (../src/fwidbmgr.cpp:5365) Program home: /home/meteo/dev/redist/fwidbmgr
2018-03-06 07:37:01,312 null [INFO] (../src/fwidbmgr.cpp:5369) Auto convert: 1
2018-03-06 07:37:01,312 null [INFO] (../src/fwidbmgr.cpp:446) action: outimg.
2018-03-06 07:37:01,312 null [INFO] (../src/fwidbmgr.cpp:470) date: 20180305.
2018-03-06 07:37:01,312 null [INFO] (../src/fwidbmgr.cpp:322) Try to read: /home/meteo/dev/redist/fwidbmgr/config/fwidbmgr.conf.
2018-03-06 07:37:01,316 null [INFO] (../src/fwidbmgr.cpp:5393) Configuration parsing: OK.
2018-03-06 07:37:01,336 null [INFO] (../src/fwidbmgr.cpp:5478) Connected to database
2018-03-06 07:37:01,336 null [INFO] (../src/fwidbmgr.cpp:5480) Manage data for date: 20180305.
2018-03-06 07:37:01,336 null [INFO] (../src/fwidbmgr.cpp:5566) Importing fwi indexes images in database.
2018-03-06 07:37:01,464 null [INFO] (../src/fwidbmgr.cpp:5570) OK --> 20180305 images imported.
2018-03-06 07:37:01,464 null [INFO] (../src/fwidbmgr.cpp:5695) action outimg took about 0 seconds.
2018-03-06 07:37:01,464 null [INFO] (../src/fwidbmgr.cpp:5699) Disconnected from database.
