2018-03-28 05:07:20,762 null [INFO] (../src/fwidbmgr.cpp:5361) fwi db manager
2018-03-28 05:07:20,762 null [INFO] (../src/fwidbmgr.cpp:5365) Program home: /home/meteo/dev/redist/fwidbmgr
2018-03-28 05:07:20,762 null [INFO] (../src/fwidbmgr.cpp:5369) Auto convert: 1
2018-03-28 05:07:20,762 null [INFO] (../src/fwidbmgr.cpp:446) action: in.
2018-03-28 05:07:20,762 null [INFO] (../src/fwidbmgr.cpp:470) date: 20180327.
2018-03-28 05:07:20,762 null [INFO] (../src/fwidbmgr.cpp:322) Try to read: /home/meteo/dev/redist/fwidbmgr/config/fwidbmgr.conf.
2018-03-28 05:07:20,785 null [INFO] (../src/fwidbmgr.cpp:5393) Configuration parsing: OK.
2018-03-28 05:07:20,804 null [INFO] (../src/fwidbmgr.cpp:5478) Connected to database
2018-03-28 05:07:20,804 null [INFO] (../src/fwidbmgr.cpp:5480) Manage data for date: 20180327.
2018-03-28 05:07:20,804 null [INFO] (../src/fwidbmgr.cpp:5536) Importing meteo data in database for day: 20180327.
2018-03-28 05:07:20,811 null [INFO] (/home/meteo/dev/redist/fwidbmgr/include/Grid.h:1595) Configuring grid: snow
2018-03-28 05:07:20,812 null [INFO] (/home/meteo/dev/redist/fwidbmgr/include/Grid.h:1695) Grid snow configured.
2018-03-28 05:07:20,824 null [INFO] (/home/meteo/dev/redist/fwidbmgr/include/Grid.h:1595) Configuring grid: snow_covering
2018-03-28 05:07:20,825 null [INFO] (/home/meteo/dev/redist/fwidbmgr/include/Grid.h:1695) Grid snow_covering configured.
2018-03-28 05:07:20,839 null [INFO] (/home/meteo/dev/redist/fwidbmgr/include/Grid.h:1595) Configuring grid: snow_dissolution
2018-03-28 05:07:20,839 null [INFO] (/home/meteo/dev/redist/fwidbmgr/include/Grid.h:1695) Grid snow_dissolution configured.
2018-03-28 05:07:20,865 null [INFO] (/home/meteo/dev/redist/fwidbmgr/include/Grid.h:1595) Configuring grid: temperature
2018-03-28 05:07:20,865 null [INFO] (/home/meteo/dev/redist/fwidbmgr/include/Grid.h:1695) Grid temperature configured.
2018-03-28 05:07:20,870 null [INFO] (/home/meteo/dev/redist/fwidbmgr/include/Grid.h:1595) Configuring grid: humidity
2018-03-28 05:07:20,870 null [INFO] (/home/meteo/dev/redist/fwidbmgr/include/Grid.h:1695) Grid humidity configured.
2018-03-28 05:07:20,884 null [INFO] (/home/meteo/dev/redist/fwidbmgr/include/Grid.h:1595) Configuring grid: windspeed
2018-03-28 05:07:20,884 null [INFO] (/home/meteo/dev/redist/fwidbmgr/include/Grid.h:1695) Grid windspeed configured.
2018-03-28 05:07:20,911 null [INFO] (/home/meteo/dev/redist/fwidbmgr/include/Grid.h:1595) Configuring grid: rain
2018-03-28 05:07:20,911 null [INFO] (/home/meteo/dev/redist/fwidbmgr/include/Grid.h:1695) Grid rain configured.
2018-03-28 05:07:20,914 null [INFO] (/home/meteo/dev/redist/fwidbmgr/include/Grid.h:1595) Configuring grid: cum_rain
2018-03-28 05:07:20,914 null [INFO] (/home/meteo/dev/redist/fwidbmgr/include/Grid.h:1695) Grid cum_rain configured.
2018-03-28 05:07:21,338 null [INFO] (../src/fwidbmgr.cpp:1518) Storing meteo input ...
2018-03-28 05:07:36,686 null [INFO] (../src/fwidbmgr.cpp:5540) OK --> 20180327 data imported.
2018-03-28 05:07:36,755 null [INFO] (../src/fwidbmgr.cpp:5695) action in took about 16 seconds.
2018-03-28 05:07:36,932 null [INFO] (../src/fwidbmgr.cpp:5699) Disconnected from database.
2018-03-28 05:09:18,210 null [INFO] (../src/fwidbmgr.cpp:5361) fwi db manager
2018-03-28 05:09:18,210 null [INFO] (../src/fwidbmgr.cpp:5365) Program home: /home/meteo/dev/redist/fwidbmgr
2018-03-28 05:09:18,210 null [INFO] (../src/fwidbmgr.cpp:5369) Auto convert: 1
2018-03-28 05:09:18,210 null [INFO] (../src/fwidbmgr.cpp:446) action: out.
2018-03-28 05:09:18,210 null [INFO] (../src/fwidbmgr.cpp:470) date: 20180327.
2018-03-28 05:09:18,210 null [INFO] (../src/fwidbmgr.cpp:322) Try to read: /home/meteo/dev/redist/fwidbmgr/config/fwidbmgr.conf.
2018-03-28 05:09:18,219 null [INFO] (../src/fwidbmgr.cpp:5393) Configuration parsing: OK.
2018-03-28 05:09:18,248 null [INFO] (../src/fwidbmgr.cpp:5478) Connected to database
2018-03-28 05:09:18,248 null [INFO] (../src/fwidbmgr.cpp:5480) Manage data for date: 20180327.
2018-03-28 05:09:18,248 null [INFO] (../src/fwidbmgr.cpp:5551) Importing fwi indexes data in database for day: 20180327.
2018-03-28 05:09:18,250 null [INFO] (/home/meteo/dev/redist/fwidbmgr/include/Grid.h:1595) Configuring grid: isi
2018-03-28 05:09:18,250 null [INFO] (/home/meteo/dev/redist/fwidbmgr/include/Grid.h:1695) Grid isi configured.
2018-03-28 05:09:18,267 null [INFO] (/home/meteo/dev/redist/fwidbmgr/include/Grid.h:1595) Configuring grid: fwi
2018-03-28 05:09:18,267 null [INFO] (/home/meteo/dev/redist/fwidbmgr/include/Grid.h:1695) Grid fwi configured.
2018-03-28 05:09:18,283 null [INFO] (/home/meteo/dev/redist/fwidbmgr/include/Grid.h:1595) Configuring grid: ffmc
2018-03-28 05:09:18,283 null [INFO] (/home/meteo/dev/redist/fwidbmgr/include/Grid.h:1695) Grid ffmc configured.
2018-03-28 05:09:18,299 null [INFO] (/home/meteo/dev/redist/fwidbmgr/include/Grid.h:1595) Configuring grid: dmc
2018-03-28 05:09:18,299 null [INFO] (/home/meteo/dev/redist/fwidbmgr/include/Grid.h:1695) Grid dmc configured.
2018-03-28 05:09:18,316 null [INFO] (/home/meteo/dev/redist/fwidbmgr/include/Grid.h:1595) Configuring grid: dc
2018-03-28 05:09:18,316 null [INFO] (/home/meteo/dev/redist/fwidbmgr/include/Grid.h:1695) Grid dc configured.
2018-03-28 05:09:18,343 null [INFO] (/home/meteo/dev/redist/fwidbmgr/include/Grid.h:1595) Configuring grid: bui
2018-03-28 05:09:18,343 null [INFO] (/home/meteo/dev/redist/fwidbmgr/include/Grid.h:1695) Grid bui configured.
2018-03-28 05:09:18,369 null [INFO] (/home/meteo/dev/redist/fwidbmgr/include/Grid.h:1595) Configuring grid: ffmc_tmp
2018-03-28 05:09:18,369 null [INFO] (/home/meteo/dev/redist/fwidbmgr/include/Grid.h:1695) Grid ffmc_tmp configured.
2018-03-28 05:09:18,407 null [INFO] (/home/meteo/dev/redist/fwidbmgr/include/Grid.h:1595) Configuring grid: dmc_tmp
2018-03-28 05:09:18,407 null [INFO] (/home/meteo/dev/redist/fwidbmgr/include/Grid.h:1695) Grid dmc_tmp configured.
2018-03-28 05:09:18,447 null [INFO] (/home/meteo/dev/redist/fwidbmgr/include/Grid.h:1595) Configuring grid: dc_tmp
2018-03-28 05:09:18,447 null [INFO] (/home/meteo/dev/redist/fwidbmgr/include/Grid.h:1695) Grid dc_tmp configured.
2018-03-28 05:09:18,493 null [INFO] (/home/meteo/dev/redist/fwidbmgr/include/Grid.h:1595) Configuring grid: idi
2018-03-28 05:09:18,493 null [INFO] (/home/meteo/dev/redist/fwidbmgr/include/Grid.h:1695) Grid idi configured.
2018-03-28 05:09:18,935 null [INFO] (../src/fwidbmgr.cpp:2081) Storing FWI indexes ...
2018-03-28 05:09:27,846 null [INFO] (../src/fwidbmgr.cpp:5555) OK --> 20180327 data imported.
2018-03-28 05:09:27,846 null [INFO] (../src/fwidbmgr.cpp:5695) action out took about 9 seconds.
2018-03-28 05:09:27,847 null [INFO] (../src/fwidbmgr.cpp:5699) Disconnected from database.
2018-03-28 05:09:27,869 null [INFO] (../src/fwidbmgr.cpp:5361) fwi db manager
2018-03-28 05:09:27,869 null [INFO] (../src/fwidbmgr.cpp:5365) Program home: /home/meteo/dev/redist/fwidbmgr
2018-03-28 05:09:27,869 null [INFO] (../src/fwidbmgr.cpp:5369) Auto convert: 1
2018-03-28 05:09:27,869 null [INFO] (../src/fwidbmgr.cpp:446) action: computeidx.
2018-03-28 05:09:27,869 null [INFO] (../src/fwidbmgr.cpp:470) date: 20180327.
2018-03-28 05:09:27,869 null [INFO] (../src/fwidbmgr.cpp:322) Try to read: /home/meteo/dev/redist/fwidbmgr/config/fwidbmgr.conf.
2018-03-28 05:09:27,871 null [INFO] (../src/fwidbmgr.cpp:5393) Configuration parsing: OK.
2018-03-28 05:09:27,874 null [INFO] (../src/fwidbmgr.cpp:5478) Connected to database
2018-03-28 05:09:27,875 null [INFO] (../src/fwidbmgr.cpp:5480) Manage data for date: 20180327.
2018-03-28 05:09:27,875 null [INFO] (../src/fwidbmgr.cpp:5656) Computing indexes.
2018-03-28 05:09:27,876 null [INFO] (/home/meteo/dev/redist/fwidbmgr/include/Grid.h:1595) Configuring grid: isi
2018-03-28 05:09:27,876 null [INFO] (/home/meteo/dev/redist/fwidbmgr/include/Grid.h:1695) Grid isi configured.
2018-03-28 05:09:27,878 null [INFO] (/home/meteo/dev/redist/fwidbmgr/include/Grid.h:1595) Configuring grid: fwi
2018-03-28 05:09:27,878 null [INFO] (/home/meteo/dev/redist/fwidbmgr/include/Grid.h:1695) Grid fwi configured.
2018-03-28 05:09:27,879 null [INFO] (/home/meteo/dev/redist/fwidbmgr/include/Grid.h:1595) Configuring grid: ffmc
2018-03-28 05:09:27,879 null [INFO] (/home/meteo/dev/redist/fwidbmgr/include/Grid.h:1695) Grid ffmc configured.
2018-03-28 05:09:27,881 null [INFO] (/home/meteo/dev/redist/fwidbmgr/include/Grid.h:1595) Configuring grid: dmc
2018-03-28 05:09:27,881 null [INFO] (/home/meteo/dev/redist/fwidbmgr/include/Grid.h:1695) Grid dmc configured.
2018-03-28 05:09:27,882 null [INFO] (/home/meteo/dev/redist/fwidbmgr/include/Grid.h:1595) Configuring grid: dc
2018-03-28 05:09:27,882 null [INFO] (/home/meteo/dev/redist/fwidbmgr/include/Grid.h:1695) Grid dc configured.
2018-03-28 05:09:27,884 null [INFO] (/home/meteo/dev/redist/fwidbmgr/include/Grid.h:1595) Configuring grid: bui
2018-03-28 05:09:27,884 null [INFO] (/home/meteo/dev/redist/fwidbmgr/include/Grid.h:1695) Grid bui configured.
2018-03-28 05:09:27,885 null [INFO] (/home/meteo/dev/redist/fwidbmgr/include/Grid.h:1595) Configuring grid: ffmc_tmp
2018-03-28 05:09:27,885 null [INFO] (/home/meteo/dev/redist/fwidbmgr/include/Grid.h:1695) Grid ffmc_tmp configured.
2018-03-28 05:09:27,887 null [INFO] (/home/meteo/dev/redist/fwidbmgr/include/Grid.h:1595) Configuring grid: dmc_tmp
2018-03-28 05:09:27,887 null [INFO] (/home/meteo/dev/redist/fwidbmgr/include/Grid.h:1695) Grid dmc_tmp configured.
2018-03-28 05:09:27,888 null [INFO] (/home/meteo/dev/redist/fwidbmgr/include/Grid.h:1595) Configuring grid: dc_tmp
2018-03-28 05:09:27,888 null [INFO] (/home/meteo/dev/redist/fwidbmgr/include/Grid.h:1695) Grid dc_tmp configured.
2018-03-28 05:09:27,889 null [INFO] (/home/meteo/dev/redist/fwidbmgr/include/Grid.h:1595) Configuring grid: idi
2018-03-28 05:09:27,889 null [INFO] (/home/meteo/dev/redist/fwidbmgr/include/Grid.h:1695) Grid idi configured.
2018-03-28 05:09:27,891 null [INFO] (/home/meteo/dev/redist/fwidbmgr/include/Grid.h:1595) Configuring grid: angstrom
2018-03-28 05:09:27,891 null [INFO] (/home/meteo/dev/redist/fwidbmgr/include/Grid.h:1695) Grid angstrom configured.
2018-03-28 05:09:27,892 null [INFO] (/home/meteo/dev/redist/fwidbmgr/include/Grid.h:1595) Configuring grid: fmi
2018-03-28 05:09:27,892 null [INFO] (/home/meteo/dev/redist/fwidbmgr/include/Grid.h:1695) Grid fmi configured.
2018-03-28 05:09:27,893 null [INFO] (/home/meteo/dev/redist/fwidbmgr/include/Grid.h:1595) Configuring grid: sharples
2018-03-28 05:09:27,893 null [INFO] (/home/meteo/dev/redist/fwidbmgr/include/Grid.h:1695) Grid sharples configured.
2018-03-28 05:09:28,780 null [INFO] (/home/meteo/dev/redist/fwidbmgr/include/Grid.h:1595) Configuring grid: snow
2018-03-28 05:09:28,780 null [INFO] (/home/meteo/dev/redist/fwidbmgr/include/Grid.h:1695) Grid snow configured.
2018-03-28 05:09:28,780 null [INFO] (/home/meteo/dev/redist/fwidbmgr/include/Grid.h:1595) Configuring grid: snow_covering
2018-03-28 05:09:28,780 null [INFO] (/home/meteo/dev/redist/fwidbmgr/include/Grid.h:1695) Grid snow_covering configured.
2018-03-28 05:09:28,780 null [INFO] (/home/meteo/dev/redist/fwidbmgr/include/Grid.h:1595) Configuring grid: snow_dissolution
2018-03-28 05:09:28,781 null [INFO] (/home/meteo/dev/redist/fwidbmgr/include/Grid.h:1695) Grid snow_dissolution configured.
2018-03-28 05:09:28,781 null [INFO] (/home/meteo/dev/redist/fwidbmgr/include/Grid.h:1595) Configuring grid: temperature
2018-03-28 05:09:28,781 null [INFO] (/home/meteo/dev/redist/fwidbmgr/include/Grid.h:1695) Grid temperature configured.
2018-03-28 05:09:28,781 null [INFO] (/home/meteo/dev/redist/fwidbmgr/include/Grid.h:1595) Configuring grid: humidity
2018-03-28 05:09:28,781 null [INFO] (/home/meteo/dev/redist/fwidbmgr/include/Grid.h:1695) Grid humidity configured.
2018-03-28 05:09:28,781 null [INFO] (/home/meteo/dev/redist/fwidbmgr/include/Grid.h:1595) Configuring grid: windspeed
2018-03-28 05:09:28,781 null [INFO] (/home/meteo/dev/redist/fwidbmgr/include/Grid.h:1695) Grid windspeed configured.
2018-03-28 05:09:28,782 null [INFO] (/home/meteo/dev/redist/fwidbmgr/include/Grid.h:1595) Configuring grid: rain
2018-03-28 05:09:28,782 null [INFO] (/home/meteo/dev/redist/fwidbmgr/include/Grid.h:1695) Grid rain configured.
2018-03-28 05:09:28,782 null [INFO] (/home/meteo/dev/redist/fwidbmgr/include/Grid.h:1595) Configuring grid: cum_rain
2018-03-28 05:09:28,782 null [INFO] (/home/meteo/dev/redist/fwidbmgr/include/Grid.h:1695) Grid cum_rain configured.
2018-03-28 05:11:39,371 null [INFO] (../src/fwidbmgr.cpp:5660) OK --> 20180327 indexes computed.
2018-03-28 05:11:39,372 null [INFO] (../src/fwidbmgr.cpp:5695) action computeidx took about 132 seconds.
2018-03-28 05:11:39,372 null [INFO] (../src/fwidbmgr.cpp:5699) Disconnected from database.
2018-03-28 05:11:39,393 null [INFO] (../src/fwidbmgr.cpp:5361) fwi db manager
2018-03-28 05:11:39,393 null [INFO] (../src/fwidbmgr.cpp:5365) Program home: /home/meteo/dev/redist/fwidbmgr
2018-03-28 05:11:39,393 null [INFO] (../src/fwidbmgr.cpp:5369) Auto convert: 1
2018-03-28 05:11:39,393 null [INFO] (../src/fwidbmgr.cpp:446) action: exportidx.
2018-03-28 05:11:39,394 null [INFO] (../src/fwidbmgr.cpp:470) date: 20180327.
2018-03-28 05:11:39,394 null [INFO] (../src/fwidbmgr.cpp:322) Try to read: /home/meteo/dev/redist/fwidbmgr/config/fwidbmgr.conf.
2018-03-28 05:11:39,395 null [INFO] (../src/fwidbmgr.cpp:5393) Configuration parsing: OK.
2018-03-28 05:11:39,399 null [INFO] (../src/fwidbmgr.cpp:5478) Connected to database
2018-03-28 05:11:39,399 null [INFO] (../src/fwidbmgr.cpp:5480) Manage data for date: 20180327.
2018-03-28 05:11:39,400 null [INFO] (../src/fwidbmgr.cpp:5596) Exporting indexes.
2018-03-28 05:11:39,401 null [INFO] (/home/meteo/dev/redist/fwidbmgr/include/Grid.h:1595) Configuring grid: isi
2018-03-28 05:11:39,401 null [INFO] (/home/meteo/dev/redist/fwidbmgr/include/Grid.h:1695) Grid isi configured.
2018-03-28 05:11:39,403 null [INFO] (/home/meteo/dev/redist/fwidbmgr/include/Grid.h:1595) Configuring grid: fwi
2018-03-28 05:11:39,403 null [INFO] (/home/meteo/dev/redist/fwidbmgr/include/Grid.h:1695) Grid fwi configured.
2018-03-28 05:11:39,404 null [INFO] (/home/meteo/dev/redist/fwidbmgr/include/Grid.h:1595) Configuring grid: ffmc
2018-03-28 05:11:39,404 null [INFO] (/home/meteo/dev/redist/fwidbmgr/include/Grid.h:1695) Grid ffmc configured.
2018-03-28 05:11:39,406 null [INFO] (/home/meteo/dev/redist/fwidbmgr/include/Grid.h:1595) Configuring grid: dmc
2018-03-28 05:11:39,406 null [INFO] (/home/meteo/dev/redist/fwidbmgr/include/Grid.h:1695) Grid dmc configured.
2018-03-28 05:11:39,408 null [INFO] (/home/meteo/dev/redist/fwidbmgr/include/Grid.h:1595) Configuring grid: dc
2018-03-28 05:11:39,408 null [INFO] (/home/meteo/dev/redist/fwidbmgr/include/Grid.h:1695) Grid dc configured.
2018-03-28 05:11:39,409 null [INFO] (/home/meteo/dev/redist/fwidbmgr/include/Grid.h:1595) Configuring grid: bui
2018-03-28 05:11:39,409 null [INFO] (/home/meteo/dev/redist/fwidbmgr/include/Grid.h:1695) Grid bui configured.
2018-03-28 05:11:39,411 null [INFO] (/home/meteo/dev/redist/fwidbmgr/include/Grid.h:1595) Configuring grid: ffmc_tmp
2018-03-28 05:11:39,411 null [INFO] (/home/meteo/dev/redist/fwidbmgr/include/Grid.h:1695) Grid ffmc_tmp configured.
2018-03-28 05:11:39,412 null [INFO] (/home/meteo/dev/redist/fwidbmgr/include/Grid.h:1595) Configuring grid: dmc_tmp
2018-03-28 05:11:39,412 null [INFO] (/home/meteo/dev/redist/fwidbmgr/include/Grid.h:1695) Grid dmc_tmp configured.
2018-03-28 05:11:39,414 null [INFO] (/home/meteo/dev/redist/fwidbmgr/include/Grid.h:1595) Configuring grid: dc_tmp
2018-03-28 05:11:39,414 null [INFO] (/home/meteo/dev/redist/fwidbmgr/include/Grid.h:1695) Grid dc_tmp configured.
2018-03-28 05:11:39,415 null [INFO] (/home/meteo/dev/redist/fwidbmgr/include/Grid.h:1595) Configuring grid: idi
2018-03-28 05:11:39,415 null [INFO] (/home/meteo/dev/redist/fwidbmgr/include/Grid.h:1695) Grid idi configured.
2018-03-28 05:11:39,417 null [INFO] (/home/meteo/dev/redist/fwidbmgr/include/Grid.h:1595) Configuring grid: angstrom
2018-03-28 05:11:39,417 null [INFO] (/home/meteo/dev/redist/fwidbmgr/include/Grid.h:1695) Grid angstrom configured.
2018-03-28 05:11:39,418 null [INFO] (/home/meteo/dev/redist/fwidbmgr/include/Grid.h:1595) Configuring grid: fmi
2018-03-28 05:11:39,418 null [INFO] (/home/meteo/dev/redist/fwidbmgr/include/Grid.h:1695) Grid fmi configured.
2018-03-28 05:11:39,420 null [INFO] (/home/meteo/dev/redist/fwidbmgr/include/Grid.h:1595) Configuring grid: sharples
2018-03-28 05:11:39,420 null [INFO] (/home/meteo/dev/redist/fwidbmgr/include/Grid.h:1695) Grid sharples configured.
2018-03-28 05:11:40,255 null [INFO] (/home/meteo/dev/redist/fwidbmgr/include/Grid.h:1595) Configuring grid: isi
2018-03-28 05:11:40,255 null [INFO] (/home/meteo/dev/redist/fwidbmgr/include/Grid.h:1695) Grid isi configured.
2018-03-28 05:11:40,296 null [INFO] (/home/meteo/dev/redist/fwidbmgr/include/Grid.h:1595) Configuring grid: fwi
2018-03-28 05:11:40,296 null [INFO] (/home/meteo/dev/redist/fwidbmgr/include/Grid.h:1695) Grid fwi configured.
2018-03-28 05:11:40,335 null [INFO] (/home/meteo/dev/redist/fwidbmgr/include/Grid.h:1595) Configuring grid: ffmc
2018-03-28 05:11:40,335 null [INFO] (/home/meteo/dev/redist/fwidbmgr/include/Grid.h:1695) Grid ffmc configured.
2018-03-28 05:11:40,375 null [INFO] (/home/meteo/dev/redist/fwidbmgr/include/Grid.h:1595) Configuring grid: dmc
2018-03-28 05:11:40,375 null [INFO] (/home/meteo/dev/redist/fwidbmgr/include/Grid.h:1695) Grid dmc configured.
2018-03-28 05:11:40,413 null [INFO] (/home/meteo/dev/redist/fwidbmgr/include/Grid.h:1595) Configuring grid: dc
2018-03-28 05:11:40,413 null [INFO] (/home/meteo/dev/redist/fwidbmgr/include/Grid.h:1695) Grid dc configured.
2018-03-28 05:11:40,451 null [INFO] (/home/meteo/dev/redist/fwidbmgr/include/Grid.h:1595) Configuring grid: bui
2018-03-28 05:11:40,451 null [INFO] (/home/meteo/dev/redist/fwidbmgr/include/Grid.h:1695) Grid bui configured.
2018-03-28 05:11:40,490 null [INFO] (/home/meteo/dev/redist/fwidbmgr/include/Grid.h:1595) Configuring grid: ffmc_tmp
2018-03-28 05:11:40,490 null [INFO] (/home/meteo/dev/redist/fwidbmgr/include/Grid.h:1695) Grid ffmc_tmp configured.
2018-03-28 05:11:40,530 null [INFO] (/home/meteo/dev/redist/fwidbmgr/include/Grid.h:1595) Configuring grid: dmc_tmp
2018-03-28 05:11:40,530 null [INFO] (/home/meteo/dev/redist/fwidbmgr/include/Grid.h:1695) Grid dmc_tmp configured.
2018-03-28 05:11:40,567 null [INFO] (/home/meteo/dev/redist/fwidbmgr/include/Grid.h:1595) Configuring grid: dc_tmp
2018-03-28 05:11:40,567 null [INFO] (/home/meteo/dev/redist/fwidbmgr/include/Grid.h:1695) Grid dc_tmp configured.
2018-03-28 05:11:40,606 null [INFO] (/home/meteo/dev/redist/fwidbmgr/include/Grid.h:1595) Configuring grid: angstrom
2018-03-28 05:11:40,606 null [INFO] (/home/meteo/dev/redist/fwidbmgr/include/Grid.h:1695) Grid angstrom configured.
2018-03-28 05:11:40,682 null [INFO] (/home/meteo/dev/redist/fwidbmgr/include/Grid.h:1595) Configuring grid: sharples
2018-03-28 05:11:40,683 null [INFO] (/home/meteo/dev/redist/fwidbmgr/include/Grid.h:1695) Grid sharples configured.
2018-03-28 05:11:40,732 null [INFO] (/home/meteo/dev/redist/fwidbmgr/include/Grid.h:1595) Configuring grid: fmi
2018-03-28 05:11:40,732 null [INFO] (/home/meteo/dev/redist/fwidbmgr/include/Grid.h:1695) Grid fmi configured.
2018-03-28 05:11:40,777 null [INFO] (../src/fwidbmgr.cpp:5600) OK --> 20180327 indexes exported to files.
2018-03-28 05:11:40,777 null [INFO] (../src/fwidbmgr.cpp:5695) action exportidx took about 1 seconds.
2018-03-28 05:11:40,777 null [INFO] (../src/fwidbmgr.cpp:5699) Disconnected from database.
2018-03-28 05:12:13,204 null [INFO] (../src/fwidbmgr.cpp:5361) fwi db manager
2018-03-28 05:12:13,204 null [INFO] (../src/fwidbmgr.cpp:5365) Program home: /home/meteo/dev/redist/fwidbmgr
2018-03-28 05:12:13,204 null [INFO] (../src/fwidbmgr.cpp:5369) Auto convert: 1
2018-03-28 05:12:13,204 null [INFO] (../src/fwidbmgr.cpp:446) action: outimg.
2018-03-28 05:12:13,204 null [INFO] (../src/fwidbmgr.cpp:470) date: 20180327.
2018-03-28 05:12:13,204 null [INFO] (../src/fwidbmgr.cpp:322) Try to read: /home/meteo/dev/redist/fwidbmgr/config/fwidbmgr.conf.
2018-03-28 05:12:13,206 null [INFO] (../src/fwidbmgr.cpp:5393) Configuration parsing: OK.
2018-03-28 05:12:13,209 null [INFO] (../src/fwidbmgr.cpp:5478) Connected to database
2018-03-28 05:12:13,209 null [INFO] (../src/fwidbmgr.cpp:5480) Manage data for date: 20180327.
2018-03-28 05:12:13,209 null [INFO] (../src/fwidbmgr.cpp:5566) Importing fwi indexes images in database.
2018-03-28 05:12:13,307 null [INFO] (../src/fwidbmgr.cpp:5570) OK --> 20180327 images imported.
2018-03-28 05:12:13,307 null [INFO] (../src/fwidbmgr.cpp:5695) action outimg took about 0 seconds.
2018-03-28 05:12:13,307 null [INFO] (../src/fwidbmgr.cpp:5699) Disconnected from database.
2018-03-28 05:37:01,321 null [INFO] (../src/fwidbmgr.cpp:5361) fwi db manager
2018-03-28 05:37:01,321 null [INFO] (../src/fwidbmgr.cpp:5365) Program home: /home/meteo/dev/redist/fwidbmgr
2018-03-28 05:37:01,321 null [INFO] (../src/fwidbmgr.cpp:5369) Auto convert: 1
2018-03-28 05:37:01,321 null [INFO] (../src/fwidbmgr.cpp:446) action: outimg.
2018-03-28 05:37:01,321 null [INFO] (../src/fwidbmgr.cpp:470) date: 20180327.
2018-03-28 05:37:01,321 null [INFO] (../src/fwidbmgr.cpp:322) Try to read: /home/meteo/dev/redist/fwidbmgr/config/fwidbmgr.conf.
2018-03-28 05:37:01,323 null [INFO] (../src/fwidbmgr.cpp:5393) Configuration parsing: OK.
2018-03-28 05:37:01,328 null [INFO] (../src/fwidbmgr.cpp:5478) Connected to database
2018-03-28 05:37:01,328 null [INFO] (../src/fwidbmgr.cpp:5480) Manage data for date: 20180327.
2018-03-28 05:37:01,328 null [INFO] (../src/fwidbmgr.cpp:5566) Importing fwi indexes images in database.
2018-03-28 05:37:01,468 null [INFO] (../src/fwidbmgr.cpp:5570) OK --> 20180327 images imported.
2018-03-28 05:37:01,469 null [INFO] (../src/fwidbmgr.cpp:5695) action outimg took about 0 seconds.
2018-03-28 05:37:01,469 null [INFO] (../src/fwidbmgr.cpp:5699) Disconnected from database.
2018-03-28 06:05:01,639 null [INFO] (../src/fwidbmgr.cpp:5361) fwi db manager
2018-03-28 06:05:01,639 null [INFO] (../src/fwidbmgr.cpp:5365) Program home: /home/meteo/dev/redist/fwidbmgr
2018-03-28 06:05:01,639 null [INFO] (../src/fwidbmgr.cpp:5369) Auto convert: 1
2018-03-28 06:05:01,639 null [INFO] (../src/fwidbmgr.cpp:446) action: outimg.
2018-03-28 06:05:01,640 null [INFO] (../src/fwidbmgr.cpp:470) date: 20180327.
2018-03-28 06:05:01,640 null [INFO] (../src/fwidbmgr.cpp:322) Try to read: /home/meteo/dev/redist/fwidbmgr/config/fwidbmgr.conf.
2018-03-28 06:05:01,641 null [INFO] (../src/fwidbmgr.cpp:5393) Configuration parsing: OK.
2018-03-28 06:05:01,646 null [INFO] (../src/fwidbmgr.cpp:5478) Connected to database
2018-03-28 06:05:01,646 null [INFO] (../src/fwidbmgr.cpp:5480) Manage data for date: 20180327.
2018-03-28 06:05:01,646 null [INFO] (../src/fwidbmgr.cpp:5566) Importing fwi indexes images in database.
2018-03-28 06:05:01,754 null [INFO] (../src/fwidbmgr.cpp:5570) OK --> 20180327 images imported.
2018-03-28 06:05:01,754 null [INFO] (../src/fwidbmgr.cpp:5695) action outimg took about 0 seconds.
2018-03-28 06:05:01,754 null [INFO] (../src/fwidbmgr.cpp:5699) Disconnected from database.
2018-03-28 06:37:01,938 null [INFO] (../src/fwidbmgr.cpp:5361) fwi db manager
2018-03-28 06:37:01,938 null [INFO] (../src/fwidbmgr.cpp:5365) Program home: /home/meteo/dev/redist/fwidbmgr
2018-03-28 06:37:01,938 null [INFO] (../src/fwidbmgr.cpp:5369) Auto convert: 1
2018-03-28 06:37:01,938 null [INFO] (../src/fwidbmgr.cpp:446) action: outimg.
2018-03-28 06:37:01,938 null [INFO] (../src/fwidbmgr.cpp:470) date: 20180327.
2018-03-28 06:37:01,938 null [INFO] (../src/fwidbmgr.cpp:322) Try to read: /home/meteo/dev/redist/fwidbmgr/config/fwidbmgr.conf.
2018-03-28 06:37:01,946 null [INFO] (../src/fwidbmgr.cpp:5393) Configuration parsing: OK.
2018-03-28 06:37:01,968 null [INFO] (../src/fwidbmgr.cpp:5478) Connected to database
2018-03-28 06:37:01,968 null [INFO] (../src/fwidbmgr.cpp:5480) Manage data for date: 20180327.
2018-03-28 06:37:01,968 null [INFO] (../src/fwidbmgr.cpp:5566) Importing fwi indexes images in database.
2018-03-28 06:37:02,054 null [INFO] (../src/fwidbmgr.cpp:5570) OK --> 20180327 images imported.
2018-03-28 06:37:02,054 null [INFO] (../src/fwidbmgr.cpp:5695) action outimg took about 1 seconds.
2018-03-28 06:37:02,054 null [INFO] (../src/fwidbmgr.cpp:5699) Disconnected from database.
2018-03-28 07:05:01,242 null [INFO] (../src/fwidbmgr.cpp:5361) fwi db manager
2018-03-28 07:05:01,243 null [INFO] (../src/fwidbmgr.cpp:5365) Program home: /home/meteo/dev/redist/fwidbmgr
2018-03-28 07:05:01,243 null [INFO] (../src/fwidbmgr.cpp:5369) Auto convert: 1
2018-03-28 07:05:01,243 null [INFO] (../src/fwidbmgr.cpp:446) action: outimg.
2018-03-28 07:05:01,243 null [INFO] (../src/fwidbmgr.cpp:470) date: 20180327.
2018-03-28 07:05:01,243 null [INFO] (../src/fwidbmgr.cpp:322) Try to read: /home/meteo/dev/redist/fwidbmgr/config/fwidbmgr.conf.
2018-03-28 07:05:01,245 null [INFO] (../src/fwidbmgr.cpp:5393) Configuration parsing: OK.
2018-03-28 07:05:01,257 null [INFO] (../src/fwidbmgr.cpp:5478) Connected to database
2018-03-28 07:05:01,257 null [INFO] (../src/fwidbmgr.cpp:5480) Manage data for date: 20180327.
2018-03-28 07:05:01,257 null [INFO] (../src/fwidbmgr.cpp:5566) Importing fwi indexes images in database.
2018-03-28 07:05:01,373 null [INFO] (../src/fwidbmgr.cpp:5570) OK --> 20180327 images imported.
2018-03-28 07:05:01,373 null [INFO] (../src/fwidbmgr.cpp:5695) action outimg took about 0 seconds.
2018-03-28 07:05:01,373 null [INFO] (../src/fwidbmgr.cpp:5699) Disconnected from database.
2018-03-28 07:37:01,674 null [INFO] (../src/fwidbmgr.cpp:5361) fwi db manager
2018-03-28 07:37:01,675 null [INFO] (../src/fwidbmgr.cpp:5365) Program home: /home/meteo/dev/redist/fwidbmgr
2018-03-28 07:37:01,675 null [INFO] (../src/fwidbmgr.cpp:5369) Auto convert: 1
2018-03-28 07:37:01,675 null [INFO] (../src/fwidbmgr.cpp:446) action: outimg.
2018-03-28 07:37:01,675 null [INFO] (../src/fwidbmgr.cpp:470) date: 20180327.
2018-03-28 07:37:01,675 null [INFO] (../src/fwidbmgr.cpp:322) Try to read: /home/meteo/dev/redist/fwidbmgr/config/fwidbmgr.conf.
2018-03-28 07:37:01,677 null [INFO] (../src/fwidbmgr.cpp:5393) Configuration parsing: OK.
2018-03-28 07:37:01,695 null [INFO] (../src/fwidbmgr.cpp:5478) Connected to database
2018-03-28 07:37:01,696 null [INFO] (../src/fwidbmgr.cpp:5480) Manage data for date: 20180327.
2018-03-28 07:37:01,696 null [INFO] (../src/fwidbmgr.cpp:5566) Importing fwi indexes images in database.
2018-03-28 07:37:01,846 null [INFO] (../src/fwidbmgr.cpp:5570) OK --> 20180327 images imported.
2018-03-28 07:37:01,846 null [INFO] (../src/fwidbmgr.cpp:5695) action outimg took about 0 seconds.
2018-03-28 07:37:01,846 null [INFO] (../src/fwidbmgr.cpp:5699) Disconnected from database.
