2018-03-12 05:06:40,873 null [INFO] (../src/fwidbmgr.cpp:5361) fwi db manager
2018-03-12 05:06:40,874 null [INFO] (../src/fwidbmgr.cpp:5365) Program home: /home/meteo/dev/redist/fwidbmgr
2018-03-12 05:06:40,874 null [INFO] (../src/fwidbmgr.cpp:5369) Auto convert: 1
2018-03-12 05:06:40,874 null [INFO] (../src/fwidbmgr.cpp:446) action: in.
2018-03-12 05:06:40,874 null [INFO] (../src/fwidbmgr.cpp:470) date: 20180311.
2018-03-12 05:06:40,874 null [INFO] (../src/fwidbmgr.cpp:322) Try to read: /home/meteo/dev/redist/fwidbmgr/config/fwidbmgr.conf.
2018-03-12 05:06:40,876 null [INFO] (../src/fwidbmgr.cpp:5393) Configuration parsing: OK.
2018-03-12 05:06:40,915 null [INFO] (../src/fwidbmgr.cpp:5478) Connected to database
2018-03-12 05:06:40,915 null [INFO] (../src/fwidbmgr.cpp:5480) Manage data for date: 20180311.
2018-03-12 05:06:40,915 null [INFO] (../src/fwidbmgr.cpp:5536) Importing meteo data in database for day: 20180311.
2018-03-12 05:06:40,917 null [INFO] (/home/meteo/dev/redist/fwidbmgr/include/Grid.h:1595) Configuring grid: snow
2018-03-12 05:06:40,917 null [INFO] (/home/meteo/dev/redist/fwidbmgr/include/Grid.h:1695) Grid snow configured.
2018-03-12 05:06:40,937 null [INFO] (/home/meteo/dev/redist/fwidbmgr/include/Grid.h:1595) Configuring grid: snow_covering
2018-03-12 05:06:40,938 null [INFO] (/home/meteo/dev/redist/fwidbmgr/include/Grid.h:1695) Grid snow_covering configured.
2018-03-12 05:06:40,952 null [INFO] (/home/meteo/dev/redist/fwidbmgr/include/Grid.h:1595) Configuring grid: snow_dissolution
2018-03-12 05:06:40,953 null [INFO] (/home/meteo/dev/redist/fwidbmgr/include/Grid.h:1695) Grid snow_dissolution configured.
2018-03-12 05:06:40,975 null [INFO] (/home/meteo/dev/redist/fwidbmgr/include/Grid.h:1595) Configuring grid: temperature
2018-03-12 05:06:40,975 null [INFO] (/home/meteo/dev/redist/fwidbmgr/include/Grid.h:1695) Grid temperature configured.
2018-03-12 05:06:40,980 null [INFO] (/home/meteo/dev/redist/fwidbmgr/include/Grid.h:1595) Configuring grid: humidity
2018-03-12 05:06:40,981 null [INFO] (/home/meteo/dev/redist/fwidbmgr/include/Grid.h:1695) Grid humidity configured.
2018-03-12 05:06:40,990 null [INFO] (/home/meteo/dev/redist/fwidbmgr/include/Grid.h:1595) Configuring grid: windspeed
2018-03-12 05:06:40,991 null [INFO] (/home/meteo/dev/redist/fwidbmgr/include/Grid.h:1695) Grid windspeed configured.
2018-03-12 05:06:41,013 null [INFO] (/home/meteo/dev/redist/fwidbmgr/include/Grid.h:1595) Configuring grid: rain
2018-03-12 05:06:41,013 null [INFO] (/home/meteo/dev/redist/fwidbmgr/include/Grid.h:1695) Grid rain configured.
2018-03-12 05:06:41,016 null [INFO] (/home/meteo/dev/redist/fwidbmgr/include/Grid.h:1595) Configuring grid: cum_rain
2018-03-12 05:06:41,016 null [INFO] (/home/meteo/dev/redist/fwidbmgr/include/Grid.h:1695) Grid cum_rain configured.
2018-03-12 05:06:41,306 null [INFO] (../src/fwidbmgr.cpp:1518) Storing meteo input ...
2018-03-12 05:06:56,916 null [INFO] (../src/fwidbmgr.cpp:5540) OK --> 20180311 data imported.
2018-03-12 05:06:56,968 null [INFO] (../src/fwidbmgr.cpp:5695) action in took about 16 seconds.
2018-03-12 05:06:57,115 null [INFO] (../src/fwidbmgr.cpp:5699) Disconnected from database.
2018-03-12 05:08:10,354 null [INFO] (../src/fwidbmgr.cpp:5361) fwi db manager
2018-03-12 05:08:10,354 null [INFO] (../src/fwidbmgr.cpp:5365) Program home: /home/meteo/dev/redist/fwidbmgr
2018-03-12 05:08:10,354 null [INFO] (../src/fwidbmgr.cpp:5369) Auto convert: 1
2018-03-12 05:08:10,354 null [INFO] (../src/fwidbmgr.cpp:446) action: out.
2018-03-12 05:08:10,354 null [INFO] (../src/fwidbmgr.cpp:470) date: 20180311.
2018-03-12 05:08:10,354 null [INFO] (../src/fwidbmgr.cpp:322) Try to read: /home/meteo/dev/redist/fwidbmgr/config/fwidbmgr.conf.
2018-03-12 05:08:10,368 null [INFO] (../src/fwidbmgr.cpp:5393) Configuration parsing: OK.
2018-03-12 05:08:10,381 null [INFO] (../src/fwidbmgr.cpp:5478) Connected to database
2018-03-12 05:08:10,381 null [INFO] (../src/fwidbmgr.cpp:5480) Manage data for date: 20180311.
2018-03-12 05:08:10,381 null [INFO] (../src/fwidbmgr.cpp:5551) Importing fwi indexes data in database for day: 20180311.
2018-03-12 05:08:10,390 null [INFO] (/home/meteo/dev/redist/fwidbmgr/include/Grid.h:1595) Configuring grid: isi
2018-03-12 05:08:10,390 null [INFO] (/home/meteo/dev/redist/fwidbmgr/include/Grid.h:1695) Grid isi configured.
2018-03-12 05:08:10,405 null [INFO] (/home/meteo/dev/redist/fwidbmgr/include/Grid.h:1595) Configuring grid: fwi
2018-03-12 05:08:10,405 null [INFO] (/home/meteo/dev/redist/fwidbmgr/include/Grid.h:1695) Grid fwi configured.
2018-03-12 05:08:10,419 null [INFO] (/home/meteo/dev/redist/fwidbmgr/include/Grid.h:1595) Configuring grid: ffmc
2018-03-12 05:08:10,419 null [INFO] (/home/meteo/dev/redist/fwidbmgr/include/Grid.h:1695) Grid ffmc configured.
2018-03-12 05:08:10,432 null [INFO] (/home/meteo/dev/redist/fwidbmgr/include/Grid.h:1595) Configuring grid: dmc
2018-03-12 05:08:10,433 null [INFO] (/home/meteo/dev/redist/fwidbmgr/include/Grid.h:1695) Grid dmc configured.
2018-03-12 05:08:10,446 null [INFO] (/home/meteo/dev/redist/fwidbmgr/include/Grid.h:1595) Configuring grid: dc
2018-03-12 05:08:10,446 null [INFO] (/home/meteo/dev/redist/fwidbmgr/include/Grid.h:1695) Grid dc configured.
2018-03-12 05:08:10,461 null [INFO] (/home/meteo/dev/redist/fwidbmgr/include/Grid.h:1595) Configuring grid: bui
2018-03-12 05:08:10,461 null [INFO] (/home/meteo/dev/redist/fwidbmgr/include/Grid.h:1695) Grid bui configured.
2018-03-12 05:08:10,474 null [INFO] (/home/meteo/dev/redist/fwidbmgr/include/Grid.h:1595) Configuring grid: ffmc_tmp
2018-03-12 05:08:10,475 null [INFO] (/home/meteo/dev/redist/fwidbmgr/include/Grid.h:1695) Grid ffmc_tmp configured.
2018-03-12 05:08:10,502 null [INFO] (/home/meteo/dev/redist/fwidbmgr/include/Grid.h:1595) Configuring grid: dmc_tmp
2018-03-12 05:08:10,502 null [INFO] (/home/meteo/dev/redist/fwidbmgr/include/Grid.h:1695) Grid dmc_tmp configured.
2018-03-12 05:08:10,523 null [INFO] (/home/meteo/dev/redist/fwidbmgr/include/Grid.h:1595) Configuring grid: dc_tmp
2018-03-12 05:08:10,523 null [INFO] (/home/meteo/dev/redist/fwidbmgr/include/Grid.h:1695) Grid dc_tmp configured.
2018-03-12 05:08:10,545 null [INFO] (/home/meteo/dev/redist/fwidbmgr/include/Grid.h:1595) Configuring grid: idi
2018-03-12 05:08:10,545 null [INFO] (/home/meteo/dev/redist/fwidbmgr/include/Grid.h:1695) Grid idi configured.
2018-03-12 05:08:10,799 null [INFO] (../src/fwidbmgr.cpp:2081) Storing FWI indexes ...
2018-03-12 05:08:18,246 null [INFO] (../src/fwidbmgr.cpp:5555) OK --> 20180311 data imported.
2018-03-12 05:08:18,246 null [INFO] (../src/fwidbmgr.cpp:5695) action out took about 8 seconds.
2018-03-12 05:08:18,247 null [INFO] (../src/fwidbmgr.cpp:5699) Disconnected from database.
2018-03-12 05:08:18,421 null [INFO] (../src/fwidbmgr.cpp:5361) fwi db manager
2018-03-12 05:08:18,421 null [INFO] (../src/fwidbmgr.cpp:5365) Program home: /home/meteo/dev/redist/fwidbmgr
2018-03-12 05:08:18,421 null [INFO] (../src/fwidbmgr.cpp:5369) Auto convert: 1
2018-03-12 05:08:18,421 null [INFO] (../src/fwidbmgr.cpp:446) action: computeidx.
2018-03-12 05:08:18,421 null [INFO] (../src/fwidbmgr.cpp:470) date: 20180311.
2018-03-12 05:08:18,421 null [INFO] (../src/fwidbmgr.cpp:322) Try to read: /home/meteo/dev/redist/fwidbmgr/config/fwidbmgr.conf.
2018-03-12 05:08:18,423 null [INFO] (../src/fwidbmgr.cpp:5393) Configuration parsing: OK.
2018-03-12 05:08:18,427 null [INFO] (../src/fwidbmgr.cpp:5478) Connected to database
2018-03-12 05:08:18,427 null [INFO] (../src/fwidbmgr.cpp:5480) Manage data for date: 20180311.
2018-03-12 05:08:18,427 null [INFO] (../src/fwidbmgr.cpp:5656) Computing indexes.
2018-03-12 05:08:18,432 null [INFO] (/home/meteo/dev/redist/fwidbmgr/include/Grid.h:1595) Configuring grid: isi
2018-03-12 05:08:18,433 null [INFO] (/home/meteo/dev/redist/fwidbmgr/include/Grid.h:1695) Grid isi configured.
2018-03-12 05:08:18,434 null [INFO] (/home/meteo/dev/redist/fwidbmgr/include/Grid.h:1595) Configuring grid: fwi
2018-03-12 05:08:18,434 null [INFO] (/home/meteo/dev/redist/fwidbmgr/include/Grid.h:1695) Grid fwi configured.
2018-03-12 05:08:18,435 null [INFO] (/home/meteo/dev/redist/fwidbmgr/include/Grid.h:1595) Configuring grid: ffmc
2018-03-12 05:08:18,435 null [INFO] (/home/meteo/dev/redist/fwidbmgr/include/Grid.h:1695) Grid ffmc configured.
2018-03-12 05:08:18,437 null [INFO] (/home/meteo/dev/redist/fwidbmgr/include/Grid.h:1595) Configuring grid: dmc
2018-03-12 05:08:18,437 null [INFO] (/home/meteo/dev/redist/fwidbmgr/include/Grid.h:1695) Grid dmc configured.
2018-03-12 05:08:18,438 null [INFO] (/home/meteo/dev/redist/fwidbmgr/include/Grid.h:1595) Configuring grid: dc
2018-03-12 05:08:18,438 null [INFO] (/home/meteo/dev/redist/fwidbmgr/include/Grid.h:1695) Grid dc configured.
2018-03-12 05:08:18,439 null [INFO] (/home/meteo/dev/redist/fwidbmgr/include/Grid.h:1595) Configuring grid: bui
2018-03-12 05:08:18,439 null [INFO] (/home/meteo/dev/redist/fwidbmgr/include/Grid.h:1695) Grid bui configured.
2018-03-12 05:08:18,441 null [INFO] (/home/meteo/dev/redist/fwidbmgr/include/Grid.h:1595) Configuring grid: ffmc_tmp
2018-03-12 05:08:18,441 null [INFO] (/home/meteo/dev/redist/fwidbmgr/include/Grid.h:1695) Grid ffmc_tmp configured.
2018-03-12 05:08:18,442 null [INFO] (/home/meteo/dev/redist/fwidbmgr/include/Grid.h:1595) Configuring grid: dmc_tmp
2018-03-12 05:08:18,442 null [INFO] (/home/meteo/dev/redist/fwidbmgr/include/Grid.h:1695) Grid dmc_tmp configured.
2018-03-12 05:08:18,443 null [INFO] (/home/meteo/dev/redist/fwidbmgr/include/Grid.h:1595) Configuring grid: dc_tmp
2018-03-12 05:08:18,443 null [INFO] (/home/meteo/dev/redist/fwidbmgr/include/Grid.h:1695) Grid dc_tmp configured.
2018-03-12 05:08:18,445 null [INFO] (/home/meteo/dev/redist/fwidbmgr/include/Grid.h:1595) Configuring grid: idi
2018-03-12 05:08:18,445 null [INFO] (/home/meteo/dev/redist/fwidbmgr/include/Grid.h:1695) Grid idi configured.
2018-03-12 05:08:18,446 null [INFO] (/home/meteo/dev/redist/fwidbmgr/include/Grid.h:1595) Configuring grid: angstrom
2018-03-12 05:08:18,446 null [INFO] (/home/meteo/dev/redist/fwidbmgr/include/Grid.h:1695) Grid angstrom configured.
2018-03-12 05:08:18,447 null [INFO] (/home/meteo/dev/redist/fwidbmgr/include/Grid.h:1595) Configuring grid: fmi
2018-03-12 05:08:18,447 null [INFO] (/home/meteo/dev/redist/fwidbmgr/include/Grid.h:1695) Grid fmi configured.
2018-03-12 05:08:18,449 null [INFO] (/home/meteo/dev/redist/fwidbmgr/include/Grid.h:1595) Configuring grid: sharples
2018-03-12 05:08:18,449 null [INFO] (/home/meteo/dev/redist/fwidbmgr/include/Grid.h:1695) Grid sharples configured.
2018-03-12 05:08:19,131 null [INFO] (/home/meteo/dev/redist/fwidbmgr/include/Grid.h:1595) Configuring grid: snow
2018-03-12 05:08:19,131 null [INFO] (/home/meteo/dev/redist/fwidbmgr/include/Grid.h:1695) Grid snow configured.
2018-03-12 05:08:19,131 null [INFO] (/home/meteo/dev/redist/fwidbmgr/include/Grid.h:1595) Configuring grid: snow_covering
2018-03-12 05:08:19,131 null [INFO] (/home/meteo/dev/redist/fwidbmgr/include/Grid.h:1695) Grid snow_covering configured.
2018-03-12 05:08:19,131 null [INFO] (/home/meteo/dev/redist/fwidbmgr/include/Grid.h:1595) Configuring grid: snow_dissolution
2018-03-12 05:08:19,131 null [INFO] (/home/meteo/dev/redist/fwidbmgr/include/Grid.h:1695) Grid snow_dissolution configured.
2018-03-12 05:08:19,131 null [INFO] (/home/meteo/dev/redist/fwidbmgr/include/Grid.h:1595) Configuring grid: temperature
2018-03-12 05:08:19,131 null [INFO] (/home/meteo/dev/redist/fwidbmgr/include/Grid.h:1695) Grid temperature configured.
2018-03-12 05:08:19,131 null [INFO] (/home/meteo/dev/redist/fwidbmgr/include/Grid.h:1595) Configuring grid: humidity
2018-03-12 05:08:19,132 null [INFO] (/home/meteo/dev/redist/fwidbmgr/include/Grid.h:1695) Grid humidity configured.
2018-03-12 05:08:19,132 null [INFO] (/home/meteo/dev/redist/fwidbmgr/include/Grid.h:1595) Configuring grid: windspeed
2018-03-12 05:08:19,132 null [INFO] (/home/meteo/dev/redist/fwidbmgr/include/Grid.h:1695) Grid windspeed configured.
2018-03-12 05:08:19,132 null [INFO] (/home/meteo/dev/redist/fwidbmgr/include/Grid.h:1595) Configuring grid: rain
2018-03-12 05:08:19,132 null [INFO] (/home/meteo/dev/redist/fwidbmgr/include/Grid.h:1695) Grid rain configured.
2018-03-12 05:08:19,132 null [INFO] (/home/meteo/dev/redist/fwidbmgr/include/Grid.h:1595) Configuring grid: cum_rain
2018-03-12 05:08:19,132 null [INFO] (/home/meteo/dev/redist/fwidbmgr/include/Grid.h:1695) Grid cum_rain configured.
2018-03-12 05:10:10,033 null [INFO] (../src/fwidbmgr.cpp:5660) OK --> 20180311 indexes computed.
2018-03-12 05:10:10,034 null [INFO] (../src/fwidbmgr.cpp:5695) action computeidx took about 112 seconds.
2018-03-12 05:10:10,034 null [INFO] (../src/fwidbmgr.cpp:5699) Disconnected from database.
2018-03-12 05:10:10,052 null [INFO] (../src/fwidbmgr.cpp:5361) fwi db manager
2018-03-12 05:10:10,052 null [INFO] (../src/fwidbmgr.cpp:5365) Program home: /home/meteo/dev/redist/fwidbmgr
2018-03-12 05:10:10,052 null [INFO] (../src/fwidbmgr.cpp:5369) Auto convert: 1
2018-03-12 05:10:10,052 null [INFO] (../src/fwidbmgr.cpp:446) action: exportidx.
2018-03-12 05:10:10,052 null [INFO] (../src/fwidbmgr.cpp:470) date: 20180311.
2018-03-12 05:10:10,053 null [INFO] (../src/fwidbmgr.cpp:322) Try to read: /home/meteo/dev/redist/fwidbmgr/config/fwidbmgr.conf.
2018-03-12 05:10:10,054 null [INFO] (../src/fwidbmgr.cpp:5393) Configuration parsing: OK.
2018-03-12 05:10:10,058 null [INFO] (../src/fwidbmgr.cpp:5478) Connected to database
2018-03-12 05:10:10,058 null [INFO] (../src/fwidbmgr.cpp:5480) Manage data for date: 20180311.
2018-03-12 05:10:10,058 null [INFO] (../src/fwidbmgr.cpp:5596) Exporting indexes.
2018-03-12 05:10:10,060 null [INFO] (/home/meteo/dev/redist/fwidbmgr/include/Grid.h:1595) Configuring grid: isi
2018-03-12 05:10:10,060 null [INFO] (/home/meteo/dev/redist/fwidbmgr/include/Grid.h:1695) Grid isi configured.
2018-03-12 05:10:10,061 null [INFO] (/home/meteo/dev/redist/fwidbmgr/include/Grid.h:1595) Configuring grid: fwi
2018-03-12 05:10:10,061 null [INFO] (/home/meteo/dev/redist/fwidbmgr/include/Grid.h:1695) Grid fwi configured.
2018-03-12 05:10:10,062 null [INFO] (/home/meteo/dev/redist/fwidbmgr/include/Grid.h:1595) Configuring grid: ffmc
2018-03-12 05:10:10,063 null [INFO] (/home/meteo/dev/redist/fwidbmgr/include/Grid.h:1695) Grid ffmc configured.
2018-03-12 05:10:10,064 null [INFO] (/home/meteo/dev/redist/fwidbmgr/include/Grid.h:1595) Configuring grid: dmc
2018-03-12 05:10:10,064 null [INFO] (/home/meteo/dev/redist/fwidbmgr/include/Grid.h:1695) Grid dmc configured.
2018-03-12 05:10:10,065 null [INFO] (/home/meteo/dev/redist/fwidbmgr/include/Grid.h:1595) Configuring grid: dc
2018-03-12 05:10:10,065 null [INFO] (/home/meteo/dev/redist/fwidbmgr/include/Grid.h:1695) Grid dc configured.
2018-03-12 05:10:10,067 null [INFO] (/home/meteo/dev/redist/fwidbmgr/include/Grid.h:1595) Configuring grid: bui
2018-03-12 05:10:10,067 null [INFO] (/home/meteo/dev/redist/fwidbmgr/include/Grid.h:1695) Grid bui configured.
2018-03-12 05:10:10,068 null [INFO] (/home/meteo/dev/redist/fwidbmgr/include/Grid.h:1595) Configuring grid: ffmc_tmp
2018-03-12 05:10:10,068 null [INFO] (/home/meteo/dev/redist/fwidbmgr/include/Grid.h:1695) Grid ffmc_tmp configured.
2018-03-12 05:10:10,069 null [INFO] (/home/meteo/dev/redist/fwidbmgr/include/Grid.h:1595) Configuring grid: dmc_tmp
2018-03-12 05:10:10,069 null [INFO] (/home/meteo/dev/redist/fwidbmgr/include/Grid.h:1695) Grid dmc_tmp configured.
2018-03-12 05:10:10,071 null [INFO] (/home/meteo/dev/redist/fwidbmgr/include/Grid.h:1595) Configuring grid: dc_tmp
2018-03-12 05:10:10,071 null [INFO] (/home/meteo/dev/redist/fwidbmgr/include/Grid.h:1695) Grid dc_tmp configured.
2018-03-12 05:10:10,072 null [INFO] (/home/meteo/dev/redist/fwidbmgr/include/Grid.h:1595) Configuring grid: idi
2018-03-12 05:10:10,072 null [INFO] (/home/meteo/dev/redist/fwidbmgr/include/Grid.h:1695) Grid idi configured.
2018-03-12 05:10:10,073 null [INFO] (/home/meteo/dev/redist/fwidbmgr/include/Grid.h:1595) Configuring grid: angstrom
2018-03-12 05:10:10,073 null [INFO] (/home/meteo/dev/redist/fwidbmgr/include/Grid.h:1695) Grid angstrom configured.
2018-03-12 05:10:10,075 null [INFO] (/home/meteo/dev/redist/fwidbmgr/include/Grid.h:1595) Configuring grid: fmi
2018-03-12 05:10:10,075 null [INFO] (/home/meteo/dev/redist/fwidbmgr/include/Grid.h:1695) Grid fmi configured.
2018-03-12 05:10:10,076 null [INFO] (/home/meteo/dev/redist/fwidbmgr/include/Grid.h:1595) Configuring grid: sharples
2018-03-12 05:10:10,076 null [INFO] (/home/meteo/dev/redist/fwidbmgr/include/Grid.h:1695) Grid sharples configured.
2018-03-12 05:10:10,854 null [INFO] (/home/meteo/dev/redist/fwidbmgr/include/Grid.h:1595) Configuring grid: isi
2018-03-12 05:10:10,854 null [INFO] (/home/meteo/dev/redist/fwidbmgr/include/Grid.h:1695) Grid isi configured.
2018-03-12 05:10:10,892 null [INFO] (/home/meteo/dev/redist/fwidbmgr/include/Grid.h:1595) Configuring grid: fwi
2018-03-12 05:10:10,892 null [INFO] (/home/meteo/dev/redist/fwidbmgr/include/Grid.h:1695) Grid fwi configured.
2018-03-12 05:10:10,930 null [INFO] (/home/meteo/dev/redist/fwidbmgr/include/Grid.h:1595) Configuring grid: ffmc
2018-03-12 05:10:10,930 null [INFO] (/home/meteo/dev/redist/fwidbmgr/include/Grid.h:1695) Grid ffmc configured.
2018-03-12 05:10:10,969 null [INFO] (/home/meteo/dev/redist/fwidbmgr/include/Grid.h:1595) Configuring grid: dmc
2018-03-12 05:10:10,969 null [INFO] (/home/meteo/dev/redist/fwidbmgr/include/Grid.h:1695) Grid dmc configured.
2018-03-12 05:10:11,007 null [INFO] (/home/meteo/dev/redist/fwidbmgr/include/Grid.h:1595) Configuring grid: dc
2018-03-12 05:10:11,007 null [INFO] (/home/meteo/dev/redist/fwidbmgr/include/Grid.h:1695) Grid dc configured.
2018-03-12 05:10:11,045 null [INFO] (/home/meteo/dev/redist/fwidbmgr/include/Grid.h:1595) Configuring grid: bui
2018-03-12 05:10:11,045 null [INFO] (/home/meteo/dev/redist/fwidbmgr/include/Grid.h:1695) Grid bui configured.
2018-03-12 05:10:11,083 null [INFO] (/home/meteo/dev/redist/fwidbmgr/include/Grid.h:1595) Configuring grid: ffmc_tmp
2018-03-12 05:10:11,083 null [INFO] (/home/meteo/dev/redist/fwidbmgr/include/Grid.h:1695) Grid ffmc_tmp configured.
2018-03-12 05:10:11,119 null [INFO] (/home/meteo/dev/redist/fwidbmgr/include/Grid.h:1595) Configuring grid: dmc_tmp
2018-03-12 05:10:11,119 null [INFO] (/home/meteo/dev/redist/fwidbmgr/include/Grid.h:1695) Grid dmc_tmp configured.
2018-03-12 05:10:11,154 null [INFO] (/home/meteo/dev/redist/fwidbmgr/include/Grid.h:1595) Configuring grid: dc_tmp
2018-03-12 05:10:11,154 null [INFO] (/home/meteo/dev/redist/fwidbmgr/include/Grid.h:1695) Grid dc_tmp configured.
2018-03-12 05:10:11,190 null [INFO] (/home/meteo/dev/redist/fwidbmgr/include/Grid.h:1595) Configuring grid: angstrom
2018-03-12 05:10:11,190 null [INFO] (/home/meteo/dev/redist/fwidbmgr/include/Grid.h:1695) Grid angstrom configured.
2018-03-12 05:10:11,262 null [INFO] (/home/meteo/dev/redist/fwidbmgr/include/Grid.h:1595) Configuring grid: sharples
2018-03-12 05:10:11,262 null [INFO] (/home/meteo/dev/redist/fwidbmgr/include/Grid.h:1695) Grid sharples configured.
2018-03-12 05:10:11,311 null [INFO] (/home/meteo/dev/redist/fwidbmgr/include/Grid.h:1595) Configuring grid: fmi
2018-03-12 05:10:11,311 null [INFO] (/home/meteo/dev/redist/fwidbmgr/include/Grid.h:1695) Grid fmi configured.
2018-03-12 05:10:11,353 null [INFO] (../src/fwidbmgr.cpp:5600) OK --> 20180311 indexes exported to files.
2018-03-12 05:10:11,353 null [INFO] (../src/fwidbmgr.cpp:5695) action exportidx took about 1 seconds.
2018-03-12 05:10:11,353 null [INFO] (../src/fwidbmgr.cpp:5699) Disconnected from database.
2018-03-12 05:10:37,178 null [INFO] (../src/fwidbmgr.cpp:5361) fwi db manager
2018-03-12 05:10:37,178 null [INFO] (../src/fwidbmgr.cpp:5365) Program home: /home/meteo/dev/redist/fwidbmgr
2018-03-12 05:10:37,178 null [INFO] (../src/fwidbmgr.cpp:5369) Auto convert: 1
2018-03-12 05:10:37,178 null [INFO] (../src/fwidbmgr.cpp:446) action: outimg.
2018-03-12 05:10:37,178 null [INFO] (../src/fwidbmgr.cpp:470) date: 20180311.
2018-03-12 05:10:37,179 null [INFO] (../src/fwidbmgr.cpp:322) Try to read: /home/meteo/dev/redist/fwidbmgr/config/fwidbmgr.conf.
2018-03-12 05:10:37,180 null [INFO] (../src/fwidbmgr.cpp:5393) Configuration parsing: OK.
2018-03-12 05:10:37,183 null [INFO] (../src/fwidbmgr.cpp:5478) Connected to database
2018-03-12 05:10:37,183 null [INFO] (../src/fwidbmgr.cpp:5480) Manage data for date: 20180311.
2018-03-12 05:10:37,183 null [INFO] (../src/fwidbmgr.cpp:5566) Importing fwi indexes images in database.
2018-03-12 05:10:37,302 null [INFO] (../src/fwidbmgr.cpp:5570) OK --> 20180311 images imported.
2018-03-12 05:10:37,302 null [INFO] (../src/fwidbmgr.cpp:5695) action outimg took about 0 seconds.
2018-03-12 05:10:37,302 null [INFO] (../src/fwidbmgr.cpp:5699) Disconnected from database.
2018-03-12 05:37:01,940 null [INFO] (../src/fwidbmgr.cpp:5361) fwi db manager
2018-03-12 05:37:01,940 null [INFO] (../src/fwidbmgr.cpp:5365) Program home: /home/meteo/dev/redist/fwidbmgr
2018-03-12 05:37:01,940 null [INFO] (../src/fwidbmgr.cpp:5369) Auto convert: 1
2018-03-12 05:37:01,940 null [INFO] (../src/fwidbmgr.cpp:446) action: outimg.
2018-03-12 05:37:01,940 null [INFO] (../src/fwidbmgr.cpp:470) date: 20180311.
2018-03-12 05:37:01,940 null [INFO] (../src/fwidbmgr.cpp:322) Try to read: /home/meteo/dev/redist/fwidbmgr/config/fwidbmgr.conf.
2018-03-12 05:37:01,942 null [INFO] (../src/fwidbmgr.cpp:5393) Configuration parsing: OK.
2018-03-12 05:37:01,948 null [INFO] (../src/fwidbmgr.cpp:5478) Connected to database
2018-03-12 05:37:01,948 null [INFO] (../src/fwidbmgr.cpp:5480) Manage data for date: 20180311.
2018-03-12 05:37:01,948 null [INFO] (../src/fwidbmgr.cpp:5566) Importing fwi indexes images in database.
2018-03-12 05:37:02,053 null [INFO] (../src/fwidbmgr.cpp:5570) OK --> 20180311 images imported.
2018-03-12 05:37:02,054 null [INFO] (../src/fwidbmgr.cpp:5695) action outimg took about 1 seconds.
2018-03-12 05:37:02,054 null [INFO] (../src/fwidbmgr.cpp:5699) Disconnected from database.
2018-03-12 06:05:01,996 null [INFO] (../src/fwidbmgr.cpp:5361) fwi db manager
2018-03-12 06:05:01,996 null [INFO] (../src/fwidbmgr.cpp:5365) Program home: /home/meteo/dev/redist/fwidbmgr
2018-03-12 06:05:01,996 null [INFO] (../src/fwidbmgr.cpp:5369) Auto convert: 1
2018-03-12 06:05:01,996 null [INFO] (../src/fwidbmgr.cpp:446) action: outimg.
2018-03-12 06:05:01,996 null [INFO] (../src/fwidbmgr.cpp:470) date: 20180311.
2018-03-12 06:05:01,996 null [INFO] (../src/fwidbmgr.cpp:322) Try to read: /home/meteo/dev/redist/fwidbmgr/config/fwidbmgr.conf.
2018-03-12 06:05:01,998 null [INFO] (../src/fwidbmgr.cpp:5393) Configuration parsing: OK.
2018-03-12 06:05:02,003 null [INFO] (../src/fwidbmgr.cpp:5478) Connected to database
2018-03-12 06:05:02,003 null [INFO] (../src/fwidbmgr.cpp:5480) Manage data for date: 20180311.
2018-03-12 06:05:02,004 null [INFO] (../src/fwidbmgr.cpp:5566) Importing fwi indexes images in database.
2018-03-12 06:05:02,099 null [INFO] (../src/fwidbmgr.cpp:5570) OK --> 20180311 images imported.
2018-03-12 06:05:02,099 null [INFO] (../src/fwidbmgr.cpp:5695) action outimg took about 0 seconds.
2018-03-12 06:05:02,099 null [INFO] (../src/fwidbmgr.cpp:5699) Disconnected from database.
2018-03-12 06:37:01,280 null [INFO] (../src/fwidbmgr.cpp:5361) fwi db manager
2018-03-12 06:37:01,280 null [INFO] (../src/fwidbmgr.cpp:5365) Program home: /home/meteo/dev/redist/fwidbmgr
2018-03-12 06:37:01,280 null [INFO] (../src/fwidbmgr.cpp:5369) Auto convert: 1
2018-03-12 06:37:01,280 null [INFO] (../src/fwidbmgr.cpp:446) action: outimg.
2018-03-12 06:37:01,280 null [INFO] (../src/fwidbmgr.cpp:470) date: 20180311.
2018-03-12 06:37:01,280 null [INFO] (../src/fwidbmgr.cpp:322) Try to read: /home/meteo/dev/redist/fwidbmgr/config/fwidbmgr.conf.
2018-03-12 06:37:01,287 null [INFO] (../src/fwidbmgr.cpp:5393) Configuration parsing: OK.
2018-03-12 06:37:01,301 null [INFO] (../src/fwidbmgr.cpp:5478) Connected to database
2018-03-12 06:37:01,301 null [INFO] (../src/fwidbmgr.cpp:5480) Manage data for date: 20180311.
2018-03-12 06:37:01,301 null [INFO] (../src/fwidbmgr.cpp:5566) Importing fwi indexes images in database.
2018-03-12 06:37:01,433 null [INFO] (../src/fwidbmgr.cpp:5570) OK --> 20180311 images imported.
2018-03-12 06:37:01,433 null [INFO] (../src/fwidbmgr.cpp:5695) action outimg took about 0 seconds.
2018-03-12 06:37:01,433 null [INFO] (../src/fwidbmgr.cpp:5699) Disconnected from database.
2018-03-12 07:05:01,268 null [INFO] (../src/fwidbmgr.cpp:5361) fwi db manager
2018-03-12 07:05:01,271 null [INFO] (../src/fwidbmgr.cpp:5365) Program home: /home/meteo/dev/redist/fwidbmgr
2018-03-12 07:05:01,271 null [INFO] (../src/fwidbmgr.cpp:5369) Auto convert: 1
2018-03-12 07:05:01,271 null [INFO] (../src/fwidbmgr.cpp:446) action: outimg.
2018-03-12 07:05:01,271 null [INFO] (../src/fwidbmgr.cpp:470) date: 20180311.
2018-03-12 07:05:01,271 null [INFO] (../src/fwidbmgr.cpp:322) Try to read: /home/meteo/dev/redist/fwidbmgr/config/fwidbmgr.conf.
2018-03-12 07:05:01,273 null [INFO] (../src/fwidbmgr.cpp:5393) Configuration parsing: OK.
2018-03-12 07:05:01,284 null [INFO] (../src/fwidbmgr.cpp:5478) Connected to database
2018-03-12 07:05:01,284 null [INFO] (../src/fwidbmgr.cpp:5480) Manage data for date: 20180311.
2018-03-12 07:05:01,285 null [INFO] (../src/fwidbmgr.cpp:5566) Importing fwi indexes images in database.
2018-03-12 07:05:01,435 null [INFO] (../src/fwidbmgr.cpp:5570) OK --> 20180311 images imported.
2018-03-12 07:05:01,436 null [INFO] (../src/fwidbmgr.cpp:5695) action outimg took about 0 seconds.
2018-03-12 07:05:01,437 null [INFO] (../src/fwidbmgr.cpp:5699) Disconnected from database.
2018-03-12 07:37:01,656 null [INFO] (../src/fwidbmgr.cpp:5361) fwi db manager
2018-03-12 07:37:01,656 null [INFO] (../src/fwidbmgr.cpp:5365) Program home: /home/meteo/dev/redist/fwidbmgr
2018-03-12 07:37:01,656 null [INFO] (../src/fwidbmgr.cpp:5369) Auto convert: 1
2018-03-12 07:37:01,656 null [INFO] (../src/fwidbmgr.cpp:446) action: outimg.
2018-03-12 07:37:01,656 null [INFO] (../src/fwidbmgr.cpp:470) date: 20180311.
2018-03-12 07:37:01,656 null [INFO] (../src/fwidbmgr.cpp:322) Try to read: /home/meteo/dev/redist/fwidbmgr/config/fwidbmgr.conf.
2018-03-12 07:37:01,658 null [INFO] (../src/fwidbmgr.cpp:5393) Configuration parsing: OK.
2018-03-12 07:37:01,665 null [INFO] (../src/fwidbmgr.cpp:5478) Connected to database
2018-03-12 07:37:01,666 null [INFO] (../src/fwidbmgr.cpp:5480) Manage data for date: 20180311.
2018-03-12 07:37:01,666 null [INFO] (../src/fwidbmgr.cpp:5566) Importing fwi indexes images in database.
2018-03-12 07:37:01,824 null [INFO] (../src/fwidbmgr.cpp:5570) OK --> 20180311 images imported.
2018-03-12 07:37:01,824 null [INFO] (../src/fwidbmgr.cpp:5695) action outimg took about 0 seconds.
2018-03-12 07:37:01,824 null [INFO] (../src/fwidbmgr.cpp:5699) Disconnected from database.
