2015-01-14 05:11:15,527 null [INFO] (../src/fwidbmgr.cpp:5207) fwi db manager
2015-01-14 05:11:15,573 null [INFO] (../src/fwidbmgr.cpp:5209) Program home: /home/meteo/dev/redist/fwidbmgr
2015-01-14 05:11:15,573 null [INFO] (../src/fwidbmgr.cpp:5211) Auto convert: 1
2015-01-14 05:11:15,573 null [INFO] (../src/fwidbmgr.cpp:458) action: in.
2015-01-14 05:11:15,573 null [INFO] (../src/fwidbmgr.cpp:482) date: 20150113.
2015-01-14 05:11:15,573 null [INFO] (../src/fwidbmgr.cpp:319) Try to read: /home/meteo/dev/redist/fwidbmgr/config/fwidbmgr.conf.
2015-01-14 05:11:16,639 null [INFO] (../src/fwidbmgr.cpp:5240) Configuration parsing: OK.
2015-01-14 05:11:17,219 null [INFO] (../src/fwidbmgr.cpp:5322) Connected to database
2015-01-14 05:11:17,577 null [INFO] (../src/fwidbmgr.cpp:5323) Manage data for date: 20150113.
2015-01-14 05:11:20,872 null [INFO] (../src/fwidbmgr.cpp:5367) Importing meteo data in database for day: 20150113.
2015-01-14 05:11:20,874 null [INFO] (/home/meteo/dev/redist/fwidbmgr/include/Grid.h:1595) Configuring grid: snow
2015-01-14 05:11:20,874 null [INFO] (/home/meteo/dev/redist/fwidbmgr/include/Grid.h:1695) Grid snow configured.
2015-01-14 05:11:20,886 null [INFO] (/home/meteo/dev/redist/fwidbmgr/include/Grid.h:1595) Configuring grid: snow_covering
2015-01-14 05:11:20,886 null [INFO] (/home/meteo/dev/redist/fwidbmgr/include/Grid.h:1695) Grid snow_covering configured.
2015-01-14 05:11:20,899 null [INFO] (/home/meteo/dev/redist/fwidbmgr/include/Grid.h:1595) Configuring grid: snow_dissolution
2015-01-14 05:11:20,899 null [INFO] (/home/meteo/dev/redist/fwidbmgr/include/Grid.h:1695) Grid snow_dissolution configured.
2015-01-14 05:11:20,923 null [INFO] (/home/meteo/dev/redist/fwidbmgr/include/Grid.h:1595) Configuring grid: temperature
2015-01-14 05:11:20,923 null [INFO] (/home/meteo/dev/redist/fwidbmgr/include/Grid.h:1695) Grid temperature configured.
2015-01-14 05:11:20,928 null [INFO] (/home/meteo/dev/redist/fwidbmgr/include/Grid.h:1595) Configuring grid: humidity
2015-01-14 05:11:20,928 null [INFO] (/home/meteo/dev/redist/fwidbmgr/include/Grid.h:1695) Grid humidity configured.
2015-01-14 05:11:20,938 null [INFO] (/home/meteo/dev/redist/fwidbmgr/include/Grid.h:1595) Configuring grid: windspeed
2015-01-14 05:11:20,939 null [INFO] (/home/meteo/dev/redist/fwidbmgr/include/Grid.h:1695) Grid windspeed configured.
2015-01-14 05:11:20,960 null [INFO] (/home/meteo/dev/redist/fwidbmgr/include/Grid.h:1595) Configuring grid: rain
2015-01-14 05:11:20,961 null [INFO] (/home/meteo/dev/redist/fwidbmgr/include/Grid.h:1695) Grid rain configured.
2015-01-14 05:11:20,964 null [INFO] (/home/meteo/dev/redist/fwidbmgr/include/Grid.h:1595) Configuring grid: cum_rain
2015-01-14 05:11:20,964 null [INFO] (/home/meteo/dev/redist/fwidbmgr/include/Grid.h:1695) Grid cum_rain configured.
2015-01-14 05:11:23,565 null [INFO] (../src/fwidbmgr.cpp:1502) Storing meteo input ...
2015-01-14 05:12:28,263 null [INFO] (../src/fwidbmgr.cpp:5370) OK --> 20150113 data imported.
2015-01-14 05:12:28,297 null [INFO] (../src/fwidbmgr.cpp:5496) action in took about 68 seconds.
2015-01-14 05:12:29,004 null [INFO] (../src/fwidbmgr.cpp:5499) Disconnected from database.
2015-01-14 05:18:07,228 null [INFO] (../src/fwidbmgr.cpp:5207) fwi db manager
2015-01-14 05:18:07,228 null [INFO] (../src/fwidbmgr.cpp:5209) Program home: /home/meteo/dev/redist/fwidbmgr
2015-01-14 05:18:07,228 null [INFO] (../src/fwidbmgr.cpp:5211) Auto convert: 1
2015-01-14 05:18:07,228 null [INFO] (../src/fwidbmgr.cpp:458) action: out.
2015-01-14 05:18:07,228 null [INFO] (../src/fwidbmgr.cpp:482) date: 20150113.
2015-01-14 05:18:07,228 null [INFO] (../src/fwidbmgr.cpp:319) Try to read: /home/meteo/dev/redist/fwidbmgr/config/fwidbmgr.conf.
2015-01-14 05:18:08,713 null [INFO] (../src/fwidbmgr.cpp:5240) Configuration parsing: OK.
2015-01-14 05:18:09,742 null [INFO] (../src/fwidbmgr.cpp:5322) Connected to database
2015-01-14 05:18:09,742 null [INFO] (../src/fwidbmgr.cpp:5323) Manage data for date: 20150113.
2015-01-14 05:18:09,742 null [INFO] (../src/fwidbmgr.cpp:5379) Importing fwi indexes data in database for day: 20150113.
2015-01-14 05:18:09,814 null [INFO] (/home/meteo/dev/redist/fwidbmgr/include/Grid.h:1595) Configuring grid: isi
2015-01-14 05:18:09,814 null [INFO] (/home/meteo/dev/redist/fwidbmgr/include/Grid.h:1695) Grid isi configured.
2015-01-14 05:18:09,830 null [INFO] (/home/meteo/dev/redist/fwidbmgr/include/Grid.h:1595) Configuring grid: fwi
2015-01-14 05:18:09,830 null [INFO] (/home/meteo/dev/redist/fwidbmgr/include/Grid.h:1695) Grid fwi configured.
2015-01-14 05:18:09,845 null [INFO] (/home/meteo/dev/redist/fwidbmgr/include/Grid.h:1595) Configuring grid: ffmc
2015-01-14 05:18:09,845 null [INFO] (/home/meteo/dev/redist/fwidbmgr/include/Grid.h:1695) Grid ffmc configured.
2015-01-14 05:18:09,858 null [INFO] (/home/meteo/dev/redist/fwidbmgr/include/Grid.h:1595) Configuring grid: dmc
2015-01-14 05:18:09,858 null [INFO] (/home/meteo/dev/redist/fwidbmgr/include/Grid.h:1695) Grid dmc configured.
2015-01-14 05:18:09,872 null [INFO] (/home/meteo/dev/redist/fwidbmgr/include/Grid.h:1595) Configuring grid: dc
2015-01-14 05:18:09,872 null [INFO] (/home/meteo/dev/redist/fwidbmgr/include/Grid.h:1695) Grid dc configured.
2015-01-14 05:18:09,885 null [INFO] (/home/meteo/dev/redist/fwidbmgr/include/Grid.h:1595) Configuring grid: bui
2015-01-14 05:18:09,885 null [INFO] (/home/meteo/dev/redist/fwidbmgr/include/Grid.h:1695) Grid bui configured.
2015-01-14 05:18:09,898 null [INFO] (/home/meteo/dev/redist/fwidbmgr/include/Grid.h:1595) Configuring grid: ffmc_tmp
2015-01-14 05:18:09,898 null [INFO] (/home/meteo/dev/redist/fwidbmgr/include/Grid.h:1695) Grid ffmc_tmp configured.
2015-01-14 05:18:10,530 null [INFO] (/home/meteo/dev/redist/fwidbmgr/include/Grid.h:1595) Configuring grid: dmc_tmp
2015-01-14 05:18:10,530 null [INFO] (/home/meteo/dev/redist/fwidbmgr/include/Grid.h:1695) Grid dmc_tmp configured.
2015-01-14 05:18:10,809 null [INFO] (/home/meteo/dev/redist/fwidbmgr/include/Grid.h:1595) Configuring grid: dc_tmp
2015-01-14 05:18:10,809 null [INFO] (/home/meteo/dev/redist/fwidbmgr/include/Grid.h:1695) Grid dc_tmp configured.
2015-01-14 05:18:11,385 null [INFO] (/home/meteo/dev/redist/fwidbmgr/include/Grid.h:1595) Configuring grid: idi
2015-01-14 05:18:11,385 null [INFO] (/home/meteo/dev/redist/fwidbmgr/include/Grid.h:1695) Grid idi configured.
2015-01-14 05:18:16,199 null [INFO] (../src/fwidbmgr.cpp:2045) Storing FWI indexes ...
2015-01-14 05:18:42,335 null [INFO] (../src/fwidbmgr.cpp:5382) OK --> 20150113 data imported.
2015-01-14 05:18:42,336 null [INFO] (../src/fwidbmgr.cpp:5496) action out took about 33 seconds.
2015-01-14 05:18:42,336 null [INFO] (../src/fwidbmgr.cpp:5499) Disconnected from database.
2015-01-14 05:18:42,351 null [INFO] (../src/fwidbmgr.cpp:5207) fwi db manager
2015-01-14 05:18:42,352 null [INFO] (../src/fwidbmgr.cpp:5209) Program home: /home/meteo/dev/redist/fwidbmgr
2015-01-14 05:18:42,352 null [INFO] (../src/fwidbmgr.cpp:5211) Auto convert: 1
2015-01-14 05:18:42,352 null [INFO] (../src/fwidbmgr.cpp:458) action: computeidx.
2015-01-14 05:18:42,352 null [INFO] (../src/fwidbmgr.cpp:482) date: 20150113.
2015-01-14 05:18:42,352 null [INFO] (../src/fwidbmgr.cpp:319) Try to read: /home/meteo/dev/redist/fwidbmgr/config/fwidbmgr.conf.
2015-01-14 05:18:42,354 null [INFO] (../src/fwidbmgr.cpp:5240) Configuration parsing: OK.
2015-01-14 05:18:42,357 null [INFO] (../src/fwidbmgr.cpp:5322) Connected to database
2015-01-14 05:18:42,357 null [INFO] (../src/fwidbmgr.cpp:5323) Manage data for date: 20150113.
2015-01-14 05:18:42,357 null [INFO] (../src/fwidbmgr.cpp:5463) Computing indexes.
2015-01-14 05:18:42,359 null [INFO] (/home/meteo/dev/redist/fwidbmgr/include/Grid.h:1595) Configuring grid: isi
2015-01-14 05:18:42,359 null [INFO] (/home/meteo/dev/redist/fwidbmgr/include/Grid.h:1695) Grid isi configured.
2015-01-14 05:18:42,360 null [INFO] (/home/meteo/dev/redist/fwidbmgr/include/Grid.h:1595) Configuring grid: fwi
2015-01-14 05:18:42,360 null [INFO] (/home/meteo/dev/redist/fwidbmgr/include/Grid.h:1695) Grid fwi configured.
2015-01-14 05:18:42,361 null [INFO] (/home/meteo/dev/redist/fwidbmgr/include/Grid.h:1595) Configuring grid: ffmc
2015-01-14 05:18:42,362 null [INFO] (/home/meteo/dev/redist/fwidbmgr/include/Grid.h:1695) Grid ffmc configured.
2015-01-14 05:18:42,363 null [INFO] (/home/meteo/dev/redist/fwidbmgr/include/Grid.h:1595) Configuring grid: dmc
2015-01-14 05:18:42,363 null [INFO] (/home/meteo/dev/redist/fwidbmgr/include/Grid.h:1695) Grid dmc configured.
2015-01-14 05:18:42,364 null [INFO] (/home/meteo/dev/redist/fwidbmgr/include/Grid.h:1595) Configuring grid: dc
2015-01-14 05:18:42,364 null [INFO] (/home/meteo/dev/redist/fwidbmgr/include/Grid.h:1695) Grid dc configured.
2015-01-14 05:18:42,366 null [INFO] (/home/meteo/dev/redist/fwidbmgr/include/Grid.h:1595) Configuring grid: bui
2015-01-14 05:18:42,366 null [INFO] (/home/meteo/dev/redist/fwidbmgr/include/Grid.h:1695) Grid bui configured.
2015-01-14 05:18:42,367 null [INFO] (/home/meteo/dev/redist/fwidbmgr/include/Grid.h:1595) Configuring grid: ffmc_tmp
2015-01-14 05:18:42,367 null [INFO] (/home/meteo/dev/redist/fwidbmgr/include/Grid.h:1695) Grid ffmc_tmp configured.
2015-01-14 05:18:42,369 null [INFO] (/home/meteo/dev/redist/fwidbmgr/include/Grid.h:1595) Configuring grid: dmc_tmp
2015-01-14 05:18:42,369 null [INFO] (/home/meteo/dev/redist/fwidbmgr/include/Grid.h:1695) Grid dmc_tmp configured.
2015-01-14 05:18:42,370 null [INFO] (/home/meteo/dev/redist/fwidbmgr/include/Grid.h:1595) Configuring grid: dc_tmp
2015-01-14 05:18:42,370 null [INFO] (/home/meteo/dev/redist/fwidbmgr/include/Grid.h:1695) Grid dc_tmp configured.
2015-01-14 05:18:42,372 null [INFO] (/home/meteo/dev/redist/fwidbmgr/include/Grid.h:1595) Configuring grid: idi
2015-01-14 05:18:42,372 null [INFO] (/home/meteo/dev/redist/fwidbmgr/include/Grid.h:1695) Grid idi configured.
2015-01-14 05:18:42,373 null [INFO] (/home/meteo/dev/redist/fwidbmgr/include/Grid.h:1595) Configuring grid: angstrom
2015-01-14 05:18:42,373 null [INFO] (/home/meteo/dev/redist/fwidbmgr/include/Grid.h:1695) Grid angstrom configured.
2015-01-14 05:18:42,374 null [INFO] (/home/meteo/dev/redist/fwidbmgr/include/Grid.h:1595) Configuring grid: fmi
2015-01-14 05:18:42,375 null [INFO] (/home/meteo/dev/redist/fwidbmgr/include/Grid.h:1695) Grid fmi configured.
2015-01-14 05:18:42,376 null [INFO] (/home/meteo/dev/redist/fwidbmgr/include/Grid.h:1595) Configuring grid: sharples
2015-01-14 05:18:42,376 null [INFO] (/home/meteo/dev/redist/fwidbmgr/include/Grid.h:1695) Grid sharples configured.
2015-01-14 05:18:43,215 null [INFO] (/home/meteo/dev/redist/fwidbmgr/include/Grid.h:1595) Configuring grid: snow
2015-01-14 05:18:43,215 null [INFO] (/home/meteo/dev/redist/fwidbmgr/include/Grid.h:1695) Grid snow configured.
2015-01-14 05:18:43,215 null [INFO] (/home/meteo/dev/redist/fwidbmgr/include/Grid.h:1595) Configuring grid: snow_covering
2015-01-14 05:18:43,215 null [INFO] (/home/meteo/dev/redist/fwidbmgr/include/Grid.h:1695) Grid snow_covering configured.
2015-01-14 05:18:43,215 null [INFO] (/home/meteo/dev/redist/fwidbmgr/include/Grid.h:1595) Configuring grid: snow_dissolution
2015-01-14 05:18:43,215 null [INFO] (/home/meteo/dev/redist/fwidbmgr/include/Grid.h:1695) Grid snow_dissolution configured.
2015-01-14 05:18:43,215 null [INFO] (/home/meteo/dev/redist/fwidbmgr/include/Grid.h:1595) Configuring grid: temperature
2015-01-14 05:18:43,215 null [INFO] (/home/meteo/dev/redist/fwidbmgr/include/Grid.h:1695) Grid temperature configured.
2015-01-14 05:18:43,215 null [INFO] (/home/meteo/dev/redist/fwidbmgr/include/Grid.h:1595) Configuring grid: humidity
2015-01-14 05:18:43,215 null [INFO] (/home/meteo/dev/redist/fwidbmgr/include/Grid.h:1695) Grid humidity configured.
2015-01-14 05:18:43,215 null [INFO] (/home/meteo/dev/redist/fwidbmgr/include/Grid.h:1595) Configuring grid: windspeed
2015-01-14 05:18:43,216 null [INFO] (/home/meteo/dev/redist/fwidbmgr/include/Grid.h:1695) Grid windspeed configured.
2015-01-14 05:18:43,216 null [INFO] (/home/meteo/dev/redist/fwidbmgr/include/Grid.h:1595) Configuring grid: rain
2015-01-14 05:18:43,216 null [INFO] (/home/meteo/dev/redist/fwidbmgr/include/Grid.h:1695) Grid rain configured.
2015-01-14 05:18:43,216 null [INFO] (/home/meteo/dev/redist/fwidbmgr/include/Grid.h:1595) Configuring grid: cum_rain
2015-01-14 05:18:43,216 null [INFO] (/home/meteo/dev/redist/fwidbmgr/include/Grid.h:1695) Grid cum_rain configured.
2015-01-14 05:22:08,041 null [INFO] (../src/fwidbmgr.cpp:5466) OK --> 20150113 indexes computed.
2015-01-14 05:22:08,041 null [INFO] (../src/fwidbmgr.cpp:5496) action computeidx took about 206 seconds.
2015-01-14 05:22:08,042 null [INFO] (../src/fwidbmgr.cpp:5499) Disconnected from database.
2015-01-14 05:22:08,059 null [INFO] (../src/fwidbmgr.cpp:5207) fwi db manager
2015-01-14 05:22:08,059 null [INFO] (../src/fwidbmgr.cpp:5209) Program home: /home/meteo/dev/redist/fwidbmgr
2015-01-14 05:22:08,059 null [INFO] (../src/fwidbmgr.cpp:5211) Auto convert: 1
2015-01-14 05:22:08,059 null [INFO] (../src/fwidbmgr.cpp:458) action: exportidx.
2015-01-14 05:22:08,060 null [INFO] (../src/fwidbmgr.cpp:482) date: 20150113.
2015-01-14 05:22:08,060 null [INFO] (../src/fwidbmgr.cpp:319) Try to read: /home/meteo/dev/redist/fwidbmgr/config/fwidbmgr.conf.
2015-01-14 05:22:08,061 null [INFO] (../src/fwidbmgr.cpp:5240) Configuration parsing: OK.
2015-01-14 05:22:08,192 null [INFO] (../src/fwidbmgr.cpp:5322) Connected to database
2015-01-14 05:22:08,192 null [INFO] (../src/fwidbmgr.cpp:5323) Manage data for date: 20150113.
2015-01-14 05:22:08,192 null [INFO] (../src/fwidbmgr.cpp:5415) Exporting indexes.
2015-01-14 05:22:08,194 null [INFO] (/home/meteo/dev/redist/fwidbmgr/include/Grid.h:1595) Configuring grid: isi
2015-01-14 05:22:08,194 null [INFO] (/home/meteo/dev/redist/fwidbmgr/include/Grid.h:1695) Grid isi configured.
2015-01-14 05:22:08,195 null [INFO] (/home/meteo/dev/redist/fwidbmgr/include/Grid.h:1595) Configuring grid: fwi
2015-01-14 05:22:08,195 null [INFO] (/home/meteo/dev/redist/fwidbmgr/include/Grid.h:1695) Grid fwi configured.
2015-01-14 05:22:08,197 null [INFO] (/home/meteo/dev/redist/fwidbmgr/include/Grid.h:1595) Configuring grid: ffmc
2015-01-14 05:22:08,197 null [INFO] (/home/meteo/dev/redist/fwidbmgr/include/Grid.h:1695) Grid ffmc configured.
2015-01-14 05:22:08,198 null [INFO] (/home/meteo/dev/redist/fwidbmgr/include/Grid.h:1595) Configuring grid: dmc
2015-01-14 05:22:08,198 null [INFO] (/home/meteo/dev/redist/fwidbmgr/include/Grid.h:1695) Grid dmc configured.
2015-01-14 05:22:08,200 null [INFO] (/home/meteo/dev/redist/fwidbmgr/include/Grid.h:1595) Configuring grid: dc
2015-01-14 05:22:08,200 null [INFO] (/home/meteo/dev/redist/fwidbmgr/include/Grid.h:1695) Grid dc configured.
2015-01-14 05:22:08,201 null [INFO] (/home/meteo/dev/redist/fwidbmgr/include/Grid.h:1595) Configuring grid: bui
2015-01-14 05:22:08,201 null [INFO] (/home/meteo/dev/redist/fwidbmgr/include/Grid.h:1695) Grid bui configured.
2015-01-14 05:22:08,202 null [INFO] (/home/meteo/dev/redist/fwidbmgr/include/Grid.h:1595) Configuring grid: ffmc_tmp
2015-01-14 05:22:08,202 null [INFO] (/home/meteo/dev/redist/fwidbmgr/include/Grid.h:1695) Grid ffmc_tmp configured.
2015-01-14 05:22:08,204 null [INFO] (/home/meteo/dev/redist/fwidbmgr/include/Grid.h:1595) Configuring grid: dmc_tmp
2015-01-14 05:22:08,204 null [INFO] (/home/meteo/dev/redist/fwidbmgr/include/Grid.h:1695) Grid dmc_tmp configured.
2015-01-14 05:22:08,205 null [INFO] (/home/meteo/dev/redist/fwidbmgr/include/Grid.h:1595) Configuring grid: dc_tmp
2015-01-14 05:22:08,205 null [INFO] (/home/meteo/dev/redist/fwidbmgr/include/Grid.h:1695) Grid dc_tmp configured.
2015-01-14 05:22:08,207 null [INFO] (/home/meteo/dev/redist/fwidbmgr/include/Grid.h:1595) Configuring grid: idi
2015-01-14 05:22:08,207 null [INFO] (/home/meteo/dev/redist/fwidbmgr/include/Grid.h:1695) Grid idi configured.
2015-01-14 05:22:08,208 null [INFO] (/home/meteo/dev/redist/fwidbmgr/include/Grid.h:1595) Configuring grid: angstrom
2015-01-14 05:22:08,208 null [INFO] (/home/meteo/dev/redist/fwidbmgr/include/Grid.h:1695) Grid angstrom configured.
2015-01-14 05:22:08,209 null [INFO] (/home/meteo/dev/redist/fwidbmgr/include/Grid.h:1595) Configuring grid: fmi
2015-01-14 05:22:08,210 null [INFO] (/home/meteo/dev/redist/fwidbmgr/include/Grid.h:1695) Grid fmi configured.
2015-01-14 05:22:08,211 null [INFO] (/home/meteo/dev/redist/fwidbmgr/include/Grid.h:1595) Configuring grid: sharples
2015-01-14 05:22:08,211 null [INFO] (/home/meteo/dev/redist/fwidbmgr/include/Grid.h:1695) Grid sharples configured.
2015-01-14 05:22:09,105 null [INFO] (/home/meteo/dev/redist/fwidbmgr/include/Grid.h:1595) Configuring grid: isi
2015-01-14 05:22:09,105 null [INFO] (/home/meteo/dev/redist/fwidbmgr/include/Grid.h:1695) Grid isi configured.
2015-01-14 05:22:09,142 null [INFO] (/home/meteo/dev/redist/fwidbmgr/include/Grid.h:1595) Configuring grid: fwi
2015-01-14 05:22:09,143 null [INFO] (/home/meteo/dev/redist/fwidbmgr/include/Grid.h:1695) Grid fwi configured.
2015-01-14 05:22:09,180 null [INFO] (/home/meteo/dev/redist/fwidbmgr/include/Grid.h:1595) Configuring grid: ffmc
2015-01-14 05:22:09,180 null [INFO] (/home/meteo/dev/redist/fwidbmgr/include/Grid.h:1695) Grid ffmc configured.
2015-01-14 05:22:09,219 null [INFO] (/home/meteo/dev/redist/fwidbmgr/include/Grid.h:1595) Configuring grid: dmc
2015-01-14 05:22:09,219 null [INFO] (/home/meteo/dev/redist/fwidbmgr/include/Grid.h:1695) Grid dmc configured.
2015-01-14 05:22:09,257 null [INFO] (/home/meteo/dev/redist/fwidbmgr/include/Grid.h:1595) Configuring grid: dc
2015-01-14 05:22:09,257 null [INFO] (/home/meteo/dev/redist/fwidbmgr/include/Grid.h:1695) Grid dc configured.
2015-01-14 05:22:09,294 null [INFO] (/home/meteo/dev/redist/fwidbmgr/include/Grid.h:1595) Configuring grid: bui
2015-01-14 05:22:09,294 null [INFO] (/home/meteo/dev/redist/fwidbmgr/include/Grid.h:1695) Grid bui configured.
2015-01-14 05:22:09,331 null [INFO] (/home/meteo/dev/redist/fwidbmgr/include/Grid.h:1595) Configuring grid: ffmc_tmp
2015-01-14 05:22:09,331 null [INFO] (/home/meteo/dev/redist/fwidbmgr/include/Grid.h:1695) Grid ffmc_tmp configured.
2015-01-14 05:22:09,368 null [INFO] (/home/meteo/dev/redist/fwidbmgr/include/Grid.h:1595) Configuring grid: dmc_tmp
2015-01-14 05:22:09,368 null [INFO] (/home/meteo/dev/redist/fwidbmgr/include/Grid.h:1695) Grid dmc_tmp configured.
2015-01-14 05:22:09,402 null [INFO] (/home/meteo/dev/redist/fwidbmgr/include/Grid.h:1595) Configuring grid: dc_tmp
2015-01-14 05:22:09,402 null [INFO] (/home/meteo/dev/redist/fwidbmgr/include/Grid.h:1695) Grid dc_tmp configured.
2015-01-14 05:22:09,437 null [INFO] (/home/meteo/dev/redist/fwidbmgr/include/Grid.h:1595) Configuring grid: angstrom
2015-01-14 05:22:09,438 null [INFO] (/home/meteo/dev/redist/fwidbmgr/include/Grid.h:1695) Grid angstrom configured.
2015-01-14 05:22:10,292 null [INFO] (/home/meteo/dev/redist/fwidbmgr/include/Grid.h:1595) Configuring grid: sharples
2015-01-14 05:22:10,292 null [INFO] (/home/meteo/dev/redist/fwidbmgr/include/Grid.h:1695) Grid sharples configured.
2015-01-14 05:22:10,449 null [INFO] (/home/meteo/dev/redist/fwidbmgr/include/Grid.h:1595) Configuring grid: fmi
2015-01-14 05:22:10,449 null [INFO] (/home/meteo/dev/redist/fwidbmgr/include/Grid.h:1695) Grid fmi configured.
2015-01-14 05:22:10,565 null [INFO] (../src/fwidbmgr.cpp:5418) OK --> 20150113 indexes exported to files.
2015-01-14 05:22:10,565 null [INFO] (../src/fwidbmgr.cpp:5496) action exportidx took about 2 seconds.
2015-01-14 05:22:10,565 null [INFO] (../src/fwidbmgr.cpp:5499) Disconnected from database.
