2018-11-04 05:06:57,729 null [INFO] (../src/fwidbmgr.cpp:5361) fwi db manager
2018-11-04 05:06:57,729 null [INFO] (../src/fwidbmgr.cpp:5365) Program home: /home/meteo/dev/redist/fwidbmgr
2018-11-04 05:06:57,729 null [INFO] (../src/fwidbmgr.cpp:5369) Auto convert: 1
2018-11-04 05:06:57,729 null [INFO] (../src/fwidbmgr.cpp:446) action: in.
2018-11-04 05:06:57,729 null [INFO] (../src/fwidbmgr.cpp:470) date: 20181103.
2018-11-04 05:06:57,729 null [INFO] (../src/fwidbmgr.cpp:322) Try to read: /home/meteo/dev/redist/fwidbmgr/config/fwidbmgr.conf.
2018-11-04 05:06:57,749 null [INFO] (../src/fwidbmgr.cpp:5393) Configuration parsing: OK.
2018-11-04 05:06:57,773 null [INFO] (../src/fwidbmgr.cpp:5478) Connected to database
2018-11-04 05:06:57,773 null [INFO] (../src/fwidbmgr.cpp:5480) Manage data for date: 20181103.
2018-11-04 05:06:57,773 null [INFO] (../src/fwidbmgr.cpp:5536) Importing meteo data in database for day: 20181103.
2018-11-04 05:06:57,781 null [INFO] (/home/meteo/dev/redist/fwidbmgr/include/Grid.h:1595) Configuring grid: snow
2018-11-04 05:06:57,781 null [INFO] (/home/meteo/dev/redist/fwidbmgr/include/Grid.h:1695) Grid snow configured.
2018-11-04 05:06:57,805 null [INFO] (/home/meteo/dev/redist/fwidbmgr/include/Grid.h:1595) Configuring grid: snow_covering
2018-11-04 05:06:57,806 null [INFO] (/home/meteo/dev/redist/fwidbmgr/include/Grid.h:1695) Grid snow_covering configured.
2018-11-04 05:06:57,834 null [INFO] (/home/meteo/dev/redist/fwidbmgr/include/Grid.h:1595) Configuring grid: snow_dissolution
2018-11-04 05:06:57,834 null [INFO] (/home/meteo/dev/redist/fwidbmgr/include/Grid.h:1695) Grid snow_dissolution configured.
2018-11-04 05:06:57,887 null [INFO] (/home/meteo/dev/redist/fwidbmgr/include/Grid.h:1595) Configuring grid: temperature
2018-11-04 05:06:57,888 null [INFO] (/home/meteo/dev/redist/fwidbmgr/include/Grid.h:1695) Grid temperature configured.
2018-11-04 05:06:57,898 null [INFO] (/home/meteo/dev/redist/fwidbmgr/include/Grid.h:1595) Configuring grid: humidity
2018-11-04 05:06:57,899 null [INFO] (/home/meteo/dev/redist/fwidbmgr/include/Grid.h:1695) Grid humidity configured.
2018-11-04 05:06:57,919 null [INFO] (/home/meteo/dev/redist/fwidbmgr/include/Grid.h:1595) Configuring grid: windspeed
2018-11-04 05:06:57,920 null [INFO] (/home/meteo/dev/redist/fwidbmgr/include/Grid.h:1695) Grid windspeed configured.
2018-11-04 05:06:57,966 null [INFO] (/home/meteo/dev/redist/fwidbmgr/include/Grid.h:1595) Configuring grid: rain
2018-11-04 05:06:57,967 null [INFO] (/home/meteo/dev/redist/fwidbmgr/include/Grid.h:1695) Grid rain configured.
2018-11-04 05:06:57,973 null [INFO] (/home/meteo/dev/redist/fwidbmgr/include/Grid.h:1595) Configuring grid: cum_rain
2018-11-04 05:06:57,973 null [INFO] (/home/meteo/dev/redist/fwidbmgr/include/Grid.h:1695) Grid cum_rain configured.
2018-11-04 05:07:02,234 null [INFO] (../src/fwidbmgr.cpp:1518) Storing meteo input ...
2018-11-04 05:07:26,742 null [INFO] (../src/fwidbmgr.cpp:5540) OK --> 20181103 data imported.
2018-11-04 05:07:26,845 null [INFO] (../src/fwidbmgr.cpp:5695) action in took about 29 seconds.
2018-11-04 05:07:27,229 null [INFO] (../src/fwidbmgr.cpp:5699) Disconnected from database.
2018-11-04 05:09:17,779 null [INFO] (../src/fwidbmgr.cpp:5361) fwi db manager
2018-11-04 05:09:17,780 null [INFO] (../src/fwidbmgr.cpp:5365) Program home: /home/meteo/dev/redist/fwidbmgr
2018-11-04 05:09:17,780 null [INFO] (../src/fwidbmgr.cpp:5369) Auto convert: 1
2018-11-04 05:09:17,780 null [INFO] (../src/fwidbmgr.cpp:446) action: out.
2018-11-04 05:09:17,780 null [INFO] (../src/fwidbmgr.cpp:470) date: 20181103.
2018-11-04 05:09:17,780 null [INFO] (../src/fwidbmgr.cpp:322) Try to read: /home/meteo/dev/redist/fwidbmgr/config/fwidbmgr.conf.
2018-11-04 05:09:17,787 null [INFO] (../src/fwidbmgr.cpp:5393) Configuration parsing: OK.
2018-11-04 05:09:17,805 null [INFO] (../src/fwidbmgr.cpp:5478) Connected to database
2018-11-04 05:09:17,805 null [INFO] (../src/fwidbmgr.cpp:5480) Manage data for date: 20181103.
2018-11-04 05:09:17,805 null [INFO] (../src/fwidbmgr.cpp:5551) Importing fwi indexes data in database for day: 20181103.
2018-11-04 05:09:17,819 null [INFO] (/home/meteo/dev/redist/fwidbmgr/include/Grid.h:1595) Configuring grid: isi
2018-11-04 05:09:17,820 null [INFO] (/home/meteo/dev/redist/fwidbmgr/include/Grid.h:1695) Grid isi configured.
2018-11-04 05:09:17,847 null [INFO] (/home/meteo/dev/redist/fwidbmgr/include/Grid.h:1595) Configuring grid: fwi
2018-11-04 05:09:17,848 null [INFO] (/home/meteo/dev/redist/fwidbmgr/include/Grid.h:1695) Grid fwi configured.
2018-11-04 05:09:17,875 null [INFO] (/home/meteo/dev/redist/fwidbmgr/include/Grid.h:1595) Configuring grid: ffmc
2018-11-04 05:09:17,875 null [INFO] (/home/meteo/dev/redist/fwidbmgr/include/Grid.h:1695) Grid ffmc configured.
2018-11-04 05:09:17,904 null [INFO] (/home/meteo/dev/redist/fwidbmgr/include/Grid.h:1595) Configuring grid: dmc
2018-11-04 05:09:17,904 null [INFO] (/home/meteo/dev/redist/fwidbmgr/include/Grid.h:1695) Grid dmc configured.
2018-11-04 05:09:17,931 null [INFO] (/home/meteo/dev/redist/fwidbmgr/include/Grid.h:1595) Configuring grid: dc
2018-11-04 05:09:17,931 null [INFO] (/home/meteo/dev/redist/fwidbmgr/include/Grid.h:1695) Grid dc configured.
2018-11-04 05:09:17,960 null [INFO] (/home/meteo/dev/redist/fwidbmgr/include/Grid.h:1595) Configuring grid: bui
2018-11-04 05:09:17,960 null [INFO] (/home/meteo/dev/redist/fwidbmgr/include/Grid.h:1695) Grid bui configured.
2018-11-04 05:09:17,987 null [INFO] (/home/meteo/dev/redist/fwidbmgr/include/Grid.h:1595) Configuring grid: ffmc_tmp
2018-11-04 05:09:17,987 null [INFO] (/home/meteo/dev/redist/fwidbmgr/include/Grid.h:1695) Grid ffmc_tmp configured.
2018-11-04 05:09:18,038 null [INFO] (/home/meteo/dev/redist/fwidbmgr/include/Grid.h:1595) Configuring grid: dmc_tmp
2018-11-04 05:09:18,038 null [INFO] (/home/meteo/dev/redist/fwidbmgr/include/Grid.h:1695) Grid dmc_tmp configured.
2018-11-04 05:09:18,078 null [INFO] (/home/meteo/dev/redist/fwidbmgr/include/Grid.h:1595) Configuring grid: dc_tmp
2018-11-04 05:09:18,078 null [INFO] (/home/meteo/dev/redist/fwidbmgr/include/Grid.h:1695) Grid dc_tmp configured.
2018-11-04 05:09:18,099 null [INFO] (/home/meteo/dev/redist/fwidbmgr/include/Grid.h:1595) Configuring grid: idi
2018-11-04 05:09:18,099 null [INFO] (/home/meteo/dev/redist/fwidbmgr/include/Grid.h:1695) Grid idi configured.
2018-11-04 05:09:28,833 null [INFO] (../src/fwidbmgr.cpp:2081) Storing FWI indexes ...
2018-11-04 05:10:05,555 null [INFO] (../src/fwidbmgr.cpp:5555) OK --> 20181103 data imported.
2018-11-04 05:10:05,561 null [INFO] (../src/fwidbmgr.cpp:5695) action out took about 48 seconds.
2018-11-04 05:10:05,563 null [INFO] (../src/fwidbmgr.cpp:5699) Disconnected from database.
2018-11-04 05:10:05,870 null [INFO] (../src/fwidbmgr.cpp:5361) fwi db manager
2018-11-04 05:10:05,871 null [INFO] (../src/fwidbmgr.cpp:5365) Program home: /home/meteo/dev/redist/fwidbmgr
2018-11-04 05:10:05,871 null [INFO] (../src/fwidbmgr.cpp:5369) Auto convert: 1
2018-11-04 05:10:05,871 null [INFO] (../src/fwidbmgr.cpp:446) action: computeidx.
2018-11-04 05:10:05,871 null [INFO] (../src/fwidbmgr.cpp:470) date: 20181103.
2018-11-04 05:10:05,871 null [INFO] (../src/fwidbmgr.cpp:322) Try to read: /home/meteo/dev/redist/fwidbmgr/config/fwidbmgr.conf.
2018-11-04 05:10:05,880 null [INFO] (../src/fwidbmgr.cpp:5393) Configuration parsing: OK.
2018-11-04 05:10:05,920 null [INFO] (../src/fwidbmgr.cpp:5478) Connected to database
2018-11-04 05:10:05,920 null [INFO] (../src/fwidbmgr.cpp:5480) Manage data for date: 20181103.
2018-11-04 05:10:05,920 null [INFO] (../src/fwidbmgr.cpp:5656) Computing indexes.
2018-11-04 05:10:05,923 null [INFO] (/home/meteo/dev/redist/fwidbmgr/include/Grid.h:1595) Configuring grid: isi
2018-11-04 05:10:05,923 null [INFO] (/home/meteo/dev/redist/fwidbmgr/include/Grid.h:1695) Grid isi configured.
2018-11-04 05:10:05,926 null [INFO] (/home/meteo/dev/redist/fwidbmgr/include/Grid.h:1595) Configuring grid: fwi
2018-11-04 05:10:05,926 null [INFO] (/home/meteo/dev/redist/fwidbmgr/include/Grid.h:1695) Grid fwi configured.
2018-11-04 05:10:05,929 null [INFO] (/home/meteo/dev/redist/fwidbmgr/include/Grid.h:1595) Configuring grid: ffmc
2018-11-04 05:10:05,929 null [INFO] (/home/meteo/dev/redist/fwidbmgr/include/Grid.h:1695) Grid ffmc configured.
2018-11-04 05:10:05,932 null [INFO] (/home/meteo/dev/redist/fwidbmgr/include/Grid.h:1595) Configuring grid: dmc
2018-11-04 05:10:05,932 null [INFO] (/home/meteo/dev/redist/fwidbmgr/include/Grid.h:1695) Grid dmc configured.
2018-11-04 05:10:05,935 null [INFO] (/home/meteo/dev/redist/fwidbmgr/include/Grid.h:1595) Configuring grid: dc
2018-11-04 05:10:05,935 null [INFO] (/home/meteo/dev/redist/fwidbmgr/include/Grid.h:1695) Grid dc configured.
2018-11-04 05:10:05,938 null [INFO] (/home/meteo/dev/redist/fwidbmgr/include/Grid.h:1595) Configuring grid: bui
2018-11-04 05:10:05,938 null [INFO] (/home/meteo/dev/redist/fwidbmgr/include/Grid.h:1695) Grid bui configured.
2018-11-04 05:10:05,940 null [INFO] (/home/meteo/dev/redist/fwidbmgr/include/Grid.h:1595) Configuring grid: ffmc_tmp
2018-11-04 05:10:05,941 null [INFO] (/home/meteo/dev/redist/fwidbmgr/include/Grid.h:1695) Grid ffmc_tmp configured.
2018-11-04 05:10:05,943 null [INFO] (/home/meteo/dev/redist/fwidbmgr/include/Grid.h:1595) Configuring grid: dmc_tmp
2018-11-04 05:10:05,943 null [INFO] (/home/meteo/dev/redist/fwidbmgr/include/Grid.h:1695) Grid dmc_tmp configured.
2018-11-04 05:10:05,946 null [INFO] (/home/meteo/dev/redist/fwidbmgr/include/Grid.h:1595) Configuring grid: dc_tmp
2018-11-04 05:10:05,946 null [INFO] (/home/meteo/dev/redist/fwidbmgr/include/Grid.h:1695) Grid dc_tmp configured.
2018-11-04 05:10:05,949 null [INFO] (/home/meteo/dev/redist/fwidbmgr/include/Grid.h:1595) Configuring grid: idi
2018-11-04 05:10:05,949 null [INFO] (/home/meteo/dev/redist/fwidbmgr/include/Grid.h:1695) Grid idi configured.
2018-11-04 05:10:05,952 null [INFO] (/home/meteo/dev/redist/fwidbmgr/include/Grid.h:1595) Configuring grid: angstrom
2018-11-04 05:10:05,952 null [INFO] (/home/meteo/dev/redist/fwidbmgr/include/Grid.h:1695) Grid angstrom configured.
2018-11-04 05:10:05,955 null [INFO] (/home/meteo/dev/redist/fwidbmgr/include/Grid.h:1595) Configuring grid: fmi
2018-11-04 05:10:05,955 null [INFO] (/home/meteo/dev/redist/fwidbmgr/include/Grid.h:1695) Grid fmi configured.
2018-11-04 05:10:05,957 null [INFO] (/home/meteo/dev/redist/fwidbmgr/include/Grid.h:1595) Configuring grid: sharples
2018-11-04 05:10:05,958 null [INFO] (/home/meteo/dev/redist/fwidbmgr/include/Grid.h:1695) Grid sharples configured.
2018-11-04 05:10:17,331 null [INFO] (/home/meteo/dev/redist/fwidbmgr/include/Grid.h:1595) Configuring grid: snow
2018-11-04 05:10:17,331 null [INFO] (/home/meteo/dev/redist/fwidbmgr/include/Grid.h:1695) Grid snow configured.
2018-11-04 05:10:17,331 null [INFO] (/home/meteo/dev/redist/fwidbmgr/include/Grid.h:1595) Configuring grid: snow_covering
2018-11-04 05:10:17,331 null [INFO] (/home/meteo/dev/redist/fwidbmgr/include/Grid.h:1695) Grid snow_covering configured.
2018-11-04 05:10:17,331 null [INFO] (/home/meteo/dev/redist/fwidbmgr/include/Grid.h:1595) Configuring grid: snow_dissolution
2018-11-04 05:10:17,332 null [INFO] (/home/meteo/dev/redist/fwidbmgr/include/Grid.h:1695) Grid snow_dissolution configured.
2018-11-04 05:10:17,332 null [INFO] (/home/meteo/dev/redist/fwidbmgr/include/Grid.h:1595) Configuring grid: temperature
2018-11-04 05:10:17,332 null [INFO] (/home/meteo/dev/redist/fwidbmgr/include/Grid.h:1695) Grid temperature configured.
2018-11-04 05:10:17,332 null [INFO] (/home/meteo/dev/redist/fwidbmgr/include/Grid.h:1595) Configuring grid: humidity
2018-11-04 05:10:17,332 null [INFO] (/home/meteo/dev/redist/fwidbmgr/include/Grid.h:1695) Grid humidity configured.
2018-11-04 05:10:17,333 null [INFO] (/home/meteo/dev/redist/fwidbmgr/include/Grid.h:1595) Configuring grid: windspeed
2018-11-04 05:10:17,333 null [INFO] (/home/meteo/dev/redist/fwidbmgr/include/Grid.h:1695) Grid windspeed configured.
2018-11-04 05:10:17,333 null [INFO] (/home/meteo/dev/redist/fwidbmgr/include/Grid.h:1595) Configuring grid: rain
2018-11-04 05:10:17,333 null [INFO] (/home/meteo/dev/redist/fwidbmgr/include/Grid.h:1695) Grid rain configured.
2018-11-04 05:10:17,334 null [INFO] (/home/meteo/dev/redist/fwidbmgr/include/Grid.h:1595) Configuring grid: cum_rain
2018-11-04 05:10:17,334 null [INFO] (/home/meteo/dev/redist/fwidbmgr/include/Grid.h:1695) Grid cum_rain configured.
2018-11-04 05:12:40,850 null [INFO] (../src/fwidbmgr.cpp:5660) OK --> 20181103 indexes computed.
2018-11-04 05:12:40,857 null [INFO] (../src/fwidbmgr.cpp:5695) action computeidx took about 155 seconds.
2018-11-04 05:12:40,857 null [INFO] (../src/fwidbmgr.cpp:5699) Disconnected from database.
2018-11-04 05:12:41,245 null [INFO] (../src/fwidbmgr.cpp:5361) fwi db manager
2018-11-04 05:12:41,245 null [INFO] (../src/fwidbmgr.cpp:5365) Program home: /home/meteo/dev/redist/fwidbmgr
2018-11-04 05:12:41,245 null [INFO] (../src/fwidbmgr.cpp:5369) Auto convert: 1
2018-11-04 05:12:41,245 null [INFO] (../src/fwidbmgr.cpp:446) action: exportidx.
2018-11-04 05:12:41,245 null [INFO] (../src/fwidbmgr.cpp:470) date: 20181103.
2018-11-04 05:12:41,245 null [INFO] (../src/fwidbmgr.cpp:322) Try to read: /home/meteo/dev/redist/fwidbmgr/config/fwidbmgr.conf.
2018-11-04 05:12:41,252 null [INFO] (../src/fwidbmgr.cpp:5393) Configuration parsing: OK.
2018-11-04 05:12:41,306 null [INFO] (../src/fwidbmgr.cpp:5478) Connected to database
2018-11-04 05:12:41,307 null [INFO] (../src/fwidbmgr.cpp:5480) Manage data for date: 20181103.
2018-11-04 05:12:41,307 null [INFO] (../src/fwidbmgr.cpp:5596) Exporting indexes.
2018-11-04 05:12:41,310 null [INFO] (/home/meteo/dev/redist/fwidbmgr/include/Grid.h:1595) Configuring grid: isi
2018-11-04 05:12:41,310 null [INFO] (/home/meteo/dev/redist/fwidbmgr/include/Grid.h:1695) Grid isi configured.
2018-11-04 05:12:41,313 null [INFO] (/home/meteo/dev/redist/fwidbmgr/include/Grid.h:1595) Configuring grid: fwi
2018-11-04 05:12:41,313 null [INFO] (/home/meteo/dev/redist/fwidbmgr/include/Grid.h:1695) Grid fwi configured.
2018-11-04 05:12:41,316 null [INFO] (/home/meteo/dev/redist/fwidbmgr/include/Grid.h:1595) Configuring grid: ffmc
2018-11-04 05:12:41,316 null [INFO] (/home/meteo/dev/redist/fwidbmgr/include/Grid.h:1695) Grid ffmc configured.
2018-11-04 05:12:41,319 null [INFO] (/home/meteo/dev/redist/fwidbmgr/include/Grid.h:1595) Configuring grid: dmc
2018-11-04 05:12:41,319 null [INFO] (/home/meteo/dev/redist/fwidbmgr/include/Grid.h:1695) Grid dmc configured.
2018-11-04 05:12:41,321 null [INFO] (/home/meteo/dev/redist/fwidbmgr/include/Grid.h:1595) Configuring grid: dc
2018-11-04 05:12:41,322 null [INFO] (/home/meteo/dev/redist/fwidbmgr/include/Grid.h:1695) Grid dc configured.
2018-11-04 05:12:41,324 null [INFO] (/home/meteo/dev/redist/fwidbmgr/include/Grid.h:1595) Configuring grid: bui
2018-11-04 05:12:41,324 null [INFO] (/home/meteo/dev/redist/fwidbmgr/include/Grid.h:1695) Grid bui configured.
2018-11-04 05:12:41,327 null [INFO] (/home/meteo/dev/redist/fwidbmgr/include/Grid.h:1595) Configuring grid: ffmc_tmp
2018-11-04 05:12:41,327 null [INFO] (/home/meteo/dev/redist/fwidbmgr/include/Grid.h:1695) Grid ffmc_tmp configured.
2018-11-04 05:12:41,330 null [INFO] (/home/meteo/dev/redist/fwidbmgr/include/Grid.h:1595) Configuring grid: dmc_tmp
2018-11-04 05:12:41,330 null [INFO] (/home/meteo/dev/redist/fwidbmgr/include/Grid.h:1695) Grid dmc_tmp configured.
2018-11-04 05:12:41,333 null [INFO] (/home/meteo/dev/redist/fwidbmgr/include/Grid.h:1595) Configuring grid: dc_tmp
2018-11-04 05:12:41,333 null [INFO] (/home/meteo/dev/redist/fwidbmgr/include/Grid.h:1695) Grid dc_tmp configured.
2018-11-04 05:12:41,336 null [INFO] (/home/meteo/dev/redist/fwidbmgr/include/Grid.h:1595) Configuring grid: idi
2018-11-04 05:12:41,336 null [INFO] (/home/meteo/dev/redist/fwidbmgr/include/Grid.h:1695) Grid idi configured.
2018-11-04 05:12:41,339 null [INFO] (/home/meteo/dev/redist/fwidbmgr/include/Grid.h:1595) Configuring grid: angstrom
2018-11-04 05:12:41,339 null [INFO] (/home/meteo/dev/redist/fwidbmgr/include/Grid.h:1695) Grid angstrom configured.
2018-11-04 05:12:41,341 null [INFO] (/home/meteo/dev/redist/fwidbmgr/include/Grid.h:1595) Configuring grid: fmi
2018-11-04 05:12:41,342 null [INFO] (/home/meteo/dev/redist/fwidbmgr/include/Grid.h:1695) Grid fmi configured.
2018-11-04 05:12:41,344 null [INFO] (/home/meteo/dev/redist/fwidbmgr/include/Grid.h:1595) Configuring grid: sharples
2018-11-04 05:12:41,345 null [INFO] (/home/meteo/dev/redist/fwidbmgr/include/Grid.h:1695) Grid sharples configured.
2018-11-04 05:12:53,646 null [INFO] (/home/meteo/dev/redist/fwidbmgr/include/Grid.h:1595) Configuring grid: isi
2018-11-04 05:12:53,646 null [INFO] (/home/meteo/dev/redist/fwidbmgr/include/Grid.h:1695) Grid isi configured.
2018-11-04 05:12:53,736 null [INFO] (/home/meteo/dev/redist/fwidbmgr/include/Grid.h:1595) Configuring grid: fwi
2018-11-04 05:12:53,737 null [INFO] (/home/meteo/dev/redist/fwidbmgr/include/Grid.h:1695) Grid fwi configured.
2018-11-04 05:12:53,815 null [INFO] (/home/meteo/dev/redist/fwidbmgr/include/Grid.h:1595) Configuring grid: ffmc
2018-11-04 05:12:53,815 null [INFO] (/home/meteo/dev/redist/fwidbmgr/include/Grid.h:1695) Grid ffmc configured.
2018-11-04 05:12:53,862 null [INFO] (/home/meteo/dev/redist/fwidbmgr/include/Grid.h:1595) Configuring grid: dmc
2018-11-04 05:12:53,862 null [INFO] (/home/meteo/dev/redist/fwidbmgr/include/Grid.h:1695) Grid dmc configured.
2018-11-04 05:12:53,898 null [INFO] (/home/meteo/dev/redist/fwidbmgr/include/Grid.h:1595) Configuring grid: dc
2018-11-04 05:12:53,898 null [INFO] (/home/meteo/dev/redist/fwidbmgr/include/Grid.h:1695) Grid dc configured.
2018-11-04 05:12:53,935 null [INFO] (/home/meteo/dev/redist/fwidbmgr/include/Grid.h:1595) Configuring grid: bui
2018-11-04 05:12:53,935 null [INFO] (/home/meteo/dev/redist/fwidbmgr/include/Grid.h:1695) Grid bui configured.
2018-11-04 05:12:53,971 null [INFO] (/home/meteo/dev/redist/fwidbmgr/include/Grid.h:1595) Configuring grid: ffmc_tmp
2018-11-04 05:12:53,971 null [INFO] (/home/meteo/dev/redist/fwidbmgr/include/Grid.h:1695) Grid ffmc_tmp configured.
2018-11-04 05:12:54,006 null [INFO] (/home/meteo/dev/redist/fwidbmgr/include/Grid.h:1595) Configuring grid: dmc_tmp
2018-11-04 05:12:54,006 null [INFO] (/home/meteo/dev/redist/fwidbmgr/include/Grid.h:1695) Grid dmc_tmp configured.
2018-11-04 05:12:54,039 null [INFO] (/home/meteo/dev/redist/fwidbmgr/include/Grid.h:1595) Configuring grid: dc_tmp
2018-11-04 05:12:54,039 null [INFO] (/home/meteo/dev/redist/fwidbmgr/include/Grid.h:1695) Grid dc_tmp configured.
2018-11-04 05:12:54,074 null [INFO] (/home/meteo/dev/redist/fwidbmgr/include/Grid.h:1595) Configuring grid: angstrom
2018-11-04 05:12:54,074 null [INFO] (/home/meteo/dev/redist/fwidbmgr/include/Grid.h:1695) Grid angstrom configured.
2018-11-04 05:12:54,147 null [INFO] (/home/meteo/dev/redist/fwidbmgr/include/Grid.h:1595) Configuring grid: sharples
2018-11-04 05:12:54,147 null [INFO] (/home/meteo/dev/redist/fwidbmgr/include/Grid.h:1695) Grid sharples configured.
2018-11-04 05:12:54,194 null [INFO] (/home/meteo/dev/redist/fwidbmgr/include/Grid.h:1595) Configuring grid: fmi
2018-11-04 05:12:54,194 null [INFO] (/home/meteo/dev/redist/fwidbmgr/include/Grid.h:1695) Grid fmi configured.
2018-11-04 05:12:54,236 null [INFO] (../src/fwidbmgr.cpp:5600) OK --> 20181103 indexes exported to files.
2018-11-04 05:12:54,236 null [INFO] (../src/fwidbmgr.cpp:5695) action exportidx took about 13 seconds.
2018-11-04 05:12:54,236 null [INFO] (../src/fwidbmgr.cpp:5699) Disconnected from database.
2018-11-04 05:13:34,356 null [INFO] (../src/fwidbmgr.cpp:5361) fwi db manager
2018-11-04 05:13:34,356 null [INFO] (../src/fwidbmgr.cpp:5365) Program home: /home/meteo/dev/redist/fwidbmgr
2018-11-04 05:13:34,357 null [INFO] (../src/fwidbmgr.cpp:5369) Auto convert: 1
2018-11-04 05:13:34,357 null [INFO] (../src/fwidbmgr.cpp:446) action: outimg.
2018-11-04 05:13:34,357 null [INFO] (../src/fwidbmgr.cpp:470) date: 20181103.
2018-11-04 05:13:34,357 null [INFO] (../src/fwidbmgr.cpp:322) Try to read: /home/meteo/dev/redist/fwidbmgr/config/fwidbmgr.conf.
2018-11-04 05:13:34,365 null [INFO] (../src/fwidbmgr.cpp:5393) Configuration parsing: OK.
2018-11-04 05:13:34,393 null [INFO] (../src/fwidbmgr.cpp:5478) Connected to database
2018-11-04 05:13:34,393 null [INFO] (../src/fwidbmgr.cpp:5480) Manage data for date: 20181103.
2018-11-04 05:13:34,393 null [INFO] (../src/fwidbmgr.cpp:5566) Importing fwi indexes images in database.
2018-11-04 05:13:34,889 null [INFO] (../src/fwidbmgr.cpp:5570) OK --> 20181103 images imported.
2018-11-04 05:13:34,889 null [INFO] (../src/fwidbmgr.cpp:5695) action outimg took about 0 seconds.
2018-11-04 05:13:34,889 null [INFO] (../src/fwidbmgr.cpp:5699) Disconnected from database.
2018-11-04 05:37:01,673 null [INFO] (../src/fwidbmgr.cpp:5361) fwi db manager
2018-11-04 05:37:01,673 null [INFO] (../src/fwidbmgr.cpp:5365) Program home: /home/meteo/dev/redist/fwidbmgr
2018-11-04 05:37:01,673 null [INFO] (../src/fwidbmgr.cpp:5369) Auto convert: 1
2018-11-04 05:37:01,673 null [INFO] (../src/fwidbmgr.cpp:446) action: outimg.
2018-11-04 05:37:01,673 null [INFO] (../src/fwidbmgr.cpp:470) date: 20181103.
2018-11-04 05:37:01,673 null [INFO] (../src/fwidbmgr.cpp:322) Try to read: /home/meteo/dev/redist/fwidbmgr/config/fwidbmgr.conf.
2018-11-04 05:37:01,678 null [INFO] (../src/fwidbmgr.cpp:5393) Configuration parsing: OK.
2018-11-04 05:37:01,690 null [INFO] (../src/fwidbmgr.cpp:5478) Connected to database
2018-11-04 05:37:01,690 null [INFO] (../src/fwidbmgr.cpp:5480) Manage data for date: 20181103.
2018-11-04 05:37:01,690 null [INFO] (../src/fwidbmgr.cpp:5566) Importing fwi indexes images in database.
2018-11-04 05:37:01,860 null [INFO] (../src/fwidbmgr.cpp:5570) OK --> 20181103 images imported.
2018-11-04 05:37:01,861 null [INFO] (../src/fwidbmgr.cpp:5695) action outimg took about 0 seconds.
2018-11-04 05:37:01,861 null [INFO] (../src/fwidbmgr.cpp:5699) Disconnected from database.
2018-11-04 06:05:01,135 null [INFO] (../src/fwidbmgr.cpp:5361) fwi db manager
2018-11-04 06:05:01,135 null [INFO] (../src/fwidbmgr.cpp:5365) Program home: /home/meteo/dev/redist/fwidbmgr
2018-11-04 06:05:01,135 null [INFO] (../src/fwidbmgr.cpp:5369) Auto convert: 1
2018-11-04 06:05:01,135 null [INFO] (../src/fwidbmgr.cpp:446) action: outimg.
2018-11-04 06:05:01,135 null [INFO] (../src/fwidbmgr.cpp:470) date: 20181103.
2018-11-04 06:05:01,135 null [INFO] (../src/fwidbmgr.cpp:322) Try to read: /home/meteo/dev/redist/fwidbmgr/config/fwidbmgr.conf.
2018-11-04 06:05:01,137 null [INFO] (../src/fwidbmgr.cpp:5393) Configuration parsing: OK.
2018-11-04 06:05:01,145 null [INFO] (../src/fwidbmgr.cpp:5478) Connected to database
2018-11-04 06:05:01,145 null [INFO] (../src/fwidbmgr.cpp:5480) Manage data for date: 20181103.
2018-11-04 06:05:01,145 null [INFO] (../src/fwidbmgr.cpp:5566) Importing fwi indexes images in database.
2018-11-04 06:05:01,283 null [INFO] (../src/fwidbmgr.cpp:5570) OK --> 20181103 images imported.
2018-11-04 06:05:01,284 null [INFO] (../src/fwidbmgr.cpp:5695) action outimg took about 0 seconds.
2018-11-04 06:05:01,284 null [INFO] (../src/fwidbmgr.cpp:5699) Disconnected from database.
2018-11-04 06:37:01,583 null [INFO] (../src/fwidbmgr.cpp:5361) fwi db manager
2018-11-04 06:37:01,584 null [INFO] (../src/fwidbmgr.cpp:5365) Program home: /home/meteo/dev/redist/fwidbmgr
2018-11-04 06:37:01,584 null [INFO] (../src/fwidbmgr.cpp:5369) Auto convert: 1
2018-11-04 06:37:01,584 null [INFO] (../src/fwidbmgr.cpp:446) action: outimg.
2018-11-04 06:37:01,584 null [INFO] (../src/fwidbmgr.cpp:470) date: 20181103.
2018-11-04 06:37:01,584 null [INFO] (../src/fwidbmgr.cpp:322) Try to read: /home/meteo/dev/redist/fwidbmgr/config/fwidbmgr.conf.
2018-11-04 06:37:01,601 null [INFO] (../src/fwidbmgr.cpp:5393) Configuration parsing: OK.
2018-11-04 06:37:01,607 null [INFO] (../src/fwidbmgr.cpp:5478) Connected to database
2018-11-04 06:37:01,607 null [INFO] (../src/fwidbmgr.cpp:5480) Manage data for date: 20181103.
2018-11-04 06:37:01,607 null [INFO] (../src/fwidbmgr.cpp:5566) Importing fwi indexes images in database.
2018-11-04 06:37:01,682 null [INFO] (../src/fwidbmgr.cpp:5570) OK --> 20181103 images imported.
2018-11-04 06:37:01,682 null [INFO] (../src/fwidbmgr.cpp:5695) action outimg took about 0 seconds.
2018-11-04 06:37:01,682 null [INFO] (../src/fwidbmgr.cpp:5699) Disconnected from database.
2018-11-04 07:05:01,902 null [INFO] (../src/fwidbmgr.cpp:5361) fwi db manager
2018-11-04 07:05:01,902 null [INFO] (../src/fwidbmgr.cpp:5365) Program home: /home/meteo/dev/redist/fwidbmgr
2018-11-04 07:05:01,903 null [INFO] (../src/fwidbmgr.cpp:5369) Auto convert: 1
2018-11-04 07:05:01,903 null [INFO] (../src/fwidbmgr.cpp:446) action: outimg.
2018-11-04 07:05:01,903 null [INFO] (../src/fwidbmgr.cpp:470) date: 20181103.
2018-11-04 07:05:01,903 null [INFO] (../src/fwidbmgr.cpp:322) Try to read: /home/meteo/dev/redist/fwidbmgr/config/fwidbmgr.conf.
2018-11-04 07:05:01,907 null [INFO] (../src/fwidbmgr.cpp:5393) Configuration parsing: OK.
2018-11-04 07:05:01,916 null [INFO] (../src/fwidbmgr.cpp:5478) Connected to database
2018-11-04 07:05:01,916 null [INFO] (../src/fwidbmgr.cpp:5480) Manage data for date: 20181103.
2018-11-04 07:05:01,916 null [INFO] (../src/fwidbmgr.cpp:5566) Importing fwi indexes images in database.
2018-11-04 07:05:02,050 null [INFO] (../src/fwidbmgr.cpp:5570) OK --> 20181103 images imported.
2018-11-04 07:05:02,050 null [INFO] (../src/fwidbmgr.cpp:5695) action outimg took about 1 seconds.
2018-11-04 07:05:02,050 null [INFO] (../src/fwidbmgr.cpp:5699) Disconnected from database.
2018-11-04 07:37:01,337 null [INFO] (../src/fwidbmgr.cpp:5361) fwi db manager
2018-11-04 07:37:01,338 null [INFO] (../src/fwidbmgr.cpp:5365) Program home: /home/meteo/dev/redist/fwidbmgr
2018-11-04 07:37:01,338 null [INFO] (../src/fwidbmgr.cpp:5369) Auto convert: 1
2018-11-04 07:37:01,338 null [INFO] (../src/fwidbmgr.cpp:446) action: outimg.
2018-11-04 07:37:01,338 null [INFO] (../src/fwidbmgr.cpp:470) date: 20181103.
2018-11-04 07:37:01,338 null [INFO] (../src/fwidbmgr.cpp:322) Try to read: /home/meteo/dev/redist/fwidbmgr/config/fwidbmgr.conf.
2018-11-04 07:37:01,343 null [INFO] (../src/fwidbmgr.cpp:5393) Configuration parsing: OK.
2018-11-04 07:37:01,361 null [INFO] (../src/fwidbmgr.cpp:5478) Connected to database
2018-11-04 07:37:01,362 null [INFO] (../src/fwidbmgr.cpp:5480) Manage data for date: 20181103.
2018-11-04 07:37:01,363 null [INFO] (../src/fwidbmgr.cpp:5566) Importing fwi indexes images in database.
2018-11-04 07:37:01,520 null [INFO] (../src/fwidbmgr.cpp:5570) OK --> 20181103 images imported.
2018-11-04 07:37:01,520 null [INFO] (../src/fwidbmgr.cpp:5695) action outimg took about 0 seconds.
2018-11-04 07:37:01,521 null [INFO] (../src/fwidbmgr.cpp:5699) Disconnected from database.
