2017-05-15 05:06:18,474 null [INFO] (../src/fwidbmgr.cpp:5361) fwi db manager
2017-05-15 05:06:18,474 null [INFO] (../src/fwidbmgr.cpp:5365) Program home: /home/meteo/dev/redist/fwidbmgr
2017-05-15 05:06:18,474 null [INFO] (../src/fwidbmgr.cpp:5369) Auto convert: 1
2017-05-15 05:06:18,474 null [INFO] (../src/fwidbmgr.cpp:446) action: in.
2017-05-15 05:06:18,474 null [INFO] (../src/fwidbmgr.cpp:470) date: 20170514.
2017-05-15 05:06:18,474 null [INFO] (../src/fwidbmgr.cpp:322) Try to read: /home/meteo/dev/redist/fwidbmgr/config/fwidbmgr.conf.
2017-05-15 05:06:18,515 null [INFO] (../src/fwidbmgr.cpp:5393) Configuration parsing: OK.
2017-05-15 05:06:18,674 null [INFO] (../src/fwidbmgr.cpp:5478) Connected to database
2017-05-15 05:06:18,674 null [INFO] (../src/fwidbmgr.cpp:5480) Manage data for date: 20170514.
2017-05-15 05:06:18,674 null [INFO] (../src/fwidbmgr.cpp:5536) Importing meteo data in database for day: 20170514.
2017-05-15 05:06:18,682 null [INFO] (/home/meteo/dev/redist/fwidbmgr/include/Grid.h:1595) Configuring grid: snow
2017-05-15 05:06:18,683 null [INFO] (/home/meteo/dev/redist/fwidbmgr/include/Grid.h:1695) Grid snow configured.
2017-05-15 05:06:18,688 null [INFO] (/home/meteo/dev/redist/fwidbmgr/include/Grid.h:1595) Configuring grid: snow_covering
2017-05-15 05:06:18,688 null [INFO] (/home/meteo/dev/redist/fwidbmgr/include/Grid.h:1695) Grid snow_covering configured.
2017-05-15 05:06:18,695 null [INFO] (/home/meteo/dev/redist/fwidbmgr/include/Grid.h:1595) Configuring grid: snow_dissolution
2017-05-15 05:06:18,695 null [INFO] (/home/meteo/dev/redist/fwidbmgr/include/Grid.h:1695) Grid snow_dissolution configured.
2017-05-15 05:06:18,706 null [INFO] (/home/meteo/dev/redist/fwidbmgr/include/Grid.h:1595) Configuring grid: temperature
2017-05-15 05:06:18,706 null [INFO] (/home/meteo/dev/redist/fwidbmgr/include/Grid.h:1695) Grid temperature configured.
2017-05-15 05:06:18,709 null [INFO] (/home/meteo/dev/redist/fwidbmgr/include/Grid.h:1595) Configuring grid: humidity
2017-05-15 05:06:18,710 null [INFO] (/home/meteo/dev/redist/fwidbmgr/include/Grid.h:1695) Grid humidity configured.
2017-05-15 05:06:18,716 null [INFO] (/home/meteo/dev/redist/fwidbmgr/include/Grid.h:1595) Configuring grid: windspeed
2017-05-15 05:06:18,716 null [INFO] (/home/meteo/dev/redist/fwidbmgr/include/Grid.h:1695) Grid windspeed configured.
2017-05-15 05:06:18,729 null [INFO] (/home/meteo/dev/redist/fwidbmgr/include/Grid.h:1595) Configuring grid: rain
2017-05-15 05:06:18,729 null [INFO] (/home/meteo/dev/redist/fwidbmgr/include/Grid.h:1695) Grid rain configured.
2017-05-15 05:06:18,731 null [INFO] (/home/meteo/dev/redist/fwidbmgr/include/Grid.h:1595) Configuring grid: cum_rain
2017-05-15 05:06:18,731 null [INFO] (/home/meteo/dev/redist/fwidbmgr/include/Grid.h:1695) Grid cum_rain configured.
2017-05-15 05:06:31,067 null [INFO] (../src/fwidbmgr.cpp:1518) Storing meteo input ...
2017-05-15 05:06:56,425 null [INFO] (../src/fwidbmgr.cpp:5540) OK --> 20170514 data imported.
2017-05-15 05:06:56,435 null [INFO] (../src/fwidbmgr.cpp:5695) action in took about 38 seconds.
2017-05-15 05:06:56,718 null [INFO] (../src/fwidbmgr.cpp:5699) Disconnected from database.
2017-05-15 05:07:36,718 null [INFO] (../src/fwidbmgr.cpp:5361) fwi db manager
2017-05-15 05:07:36,718 null [INFO] (../src/fwidbmgr.cpp:5365) Program home: /home/meteo/dev/redist/fwidbmgr
2017-05-15 05:07:36,718 null [INFO] (../src/fwidbmgr.cpp:5369) Auto convert: 1
2017-05-15 05:07:36,718 null [INFO] (../src/fwidbmgr.cpp:446) action: out.
2017-05-15 05:07:36,718 null [INFO] (../src/fwidbmgr.cpp:470) date: 20170514.
2017-05-15 05:07:36,718 null [INFO] (../src/fwidbmgr.cpp:322) Try to read: /home/meteo/dev/redist/fwidbmgr/config/fwidbmgr.conf.
2017-05-15 05:07:36,744 null [INFO] (../src/fwidbmgr.cpp:5393) Configuration parsing: OK.
2017-05-15 05:07:36,822 null [INFO] (../src/fwidbmgr.cpp:5478) Connected to database
2017-05-15 05:07:36,822 null [INFO] (../src/fwidbmgr.cpp:5480) Manage data for date: 20170514.
2017-05-15 05:07:36,822 null [INFO] (../src/fwidbmgr.cpp:5551) Importing fwi indexes data in database for day: 20170514.
2017-05-15 05:07:36,831 null [INFO] (/home/meteo/dev/redist/fwidbmgr/include/Grid.h:1595) Configuring grid: isi
2017-05-15 05:07:36,831 null [INFO] (/home/meteo/dev/redist/fwidbmgr/include/Grid.h:1695) Grid isi configured.
2017-05-15 05:07:36,838 null [INFO] (/home/meteo/dev/redist/fwidbmgr/include/Grid.h:1595) Configuring grid: fwi
2017-05-15 05:07:36,838 null [INFO] (/home/meteo/dev/redist/fwidbmgr/include/Grid.h:1695) Grid fwi configured.
2017-05-15 05:07:36,844 null [INFO] (/home/meteo/dev/redist/fwidbmgr/include/Grid.h:1595) Configuring grid: ffmc
2017-05-15 05:07:36,844 null [INFO] (/home/meteo/dev/redist/fwidbmgr/include/Grid.h:1695) Grid ffmc configured.
2017-05-15 05:07:36,851 null [INFO] (/home/meteo/dev/redist/fwidbmgr/include/Grid.h:1595) Configuring grid: dmc
2017-05-15 05:07:36,851 null [INFO] (/home/meteo/dev/redist/fwidbmgr/include/Grid.h:1695) Grid dmc configured.
2017-05-15 05:07:36,857 null [INFO] (/home/meteo/dev/redist/fwidbmgr/include/Grid.h:1595) Configuring grid: dc
2017-05-15 05:07:36,858 null [INFO] (/home/meteo/dev/redist/fwidbmgr/include/Grid.h:1695) Grid dc configured.
2017-05-15 05:07:36,864 null [INFO] (/home/meteo/dev/redist/fwidbmgr/include/Grid.h:1595) Configuring grid: bui
2017-05-15 05:07:36,864 null [INFO] (/home/meteo/dev/redist/fwidbmgr/include/Grid.h:1695) Grid bui configured.
2017-05-15 05:07:36,871 null [INFO] (/home/meteo/dev/redist/fwidbmgr/include/Grid.h:1595) Configuring grid: ffmc_tmp
2017-05-15 05:07:36,871 null [INFO] (/home/meteo/dev/redist/fwidbmgr/include/Grid.h:1695) Grid ffmc_tmp configured.
2017-05-15 05:07:36,943 null [INFO] (/home/meteo/dev/redist/fwidbmgr/include/Grid.h:1595) Configuring grid: dmc_tmp
2017-05-15 05:07:36,943 null [INFO] (/home/meteo/dev/redist/fwidbmgr/include/Grid.h:1695) Grid dmc_tmp configured.
2017-05-15 05:07:36,960 null [INFO] (/home/meteo/dev/redist/fwidbmgr/include/Grid.h:1595) Configuring grid: dc_tmp
2017-05-15 05:07:36,960 null [INFO] (/home/meteo/dev/redist/fwidbmgr/include/Grid.h:1695) Grid dc_tmp configured.
2017-05-15 05:07:37,012 null [INFO] (/home/meteo/dev/redist/fwidbmgr/include/Grid.h:1595) Configuring grid: idi
2017-05-15 05:07:37,012 null [INFO] (/home/meteo/dev/redist/fwidbmgr/include/Grid.h:1695) Grid idi configured.
2017-05-15 05:07:46,461 null [INFO] (../src/fwidbmgr.cpp:2081) Storing FWI indexes ...
2017-05-15 05:07:56,081 null [INFO] (../src/fwidbmgr.cpp:5555) OK --> 20170514 data imported.
2017-05-15 05:07:56,082 null [INFO] (../src/fwidbmgr.cpp:5695) action out took about 20 seconds.
2017-05-15 05:07:56,082 null [INFO] (../src/fwidbmgr.cpp:5699) Disconnected from database.
2017-05-15 05:07:56,495 null [INFO] (../src/fwidbmgr.cpp:5361) fwi db manager
2017-05-15 05:07:56,495 null [INFO] (../src/fwidbmgr.cpp:5365) Program home: /home/meteo/dev/redist/fwidbmgr
2017-05-15 05:07:56,495 null [INFO] (../src/fwidbmgr.cpp:5369) Auto convert: 1
2017-05-15 05:07:56,495 null [INFO] (../src/fwidbmgr.cpp:446) action: computeidx.
2017-05-15 05:07:56,495 null [INFO] (../src/fwidbmgr.cpp:470) date: 20170514.
2017-05-15 05:07:56,495 null [INFO] (../src/fwidbmgr.cpp:322) Try to read: /home/meteo/dev/redist/fwidbmgr/config/fwidbmgr.conf.
2017-05-15 05:07:56,521 null [INFO] (../src/fwidbmgr.cpp:5393) Configuration parsing: OK.
2017-05-15 05:07:56,550 null [INFO] (../src/fwidbmgr.cpp:5478) Connected to database
2017-05-15 05:07:56,550 null [INFO] (../src/fwidbmgr.cpp:5480) Manage data for date: 20170514.
2017-05-15 05:07:56,550 null [INFO] (../src/fwidbmgr.cpp:5656) Computing indexes.
2017-05-15 05:07:56,577 null [INFO] (/home/meteo/dev/redist/fwidbmgr/include/Grid.h:1595) Configuring grid: isi
2017-05-15 05:07:56,577 null [INFO] (/home/meteo/dev/redist/fwidbmgr/include/Grid.h:1695) Grid isi configured.
2017-05-15 05:07:56,578 null [INFO] (/home/meteo/dev/redist/fwidbmgr/include/Grid.h:1595) Configuring grid: fwi
2017-05-15 05:07:56,578 null [INFO] (/home/meteo/dev/redist/fwidbmgr/include/Grid.h:1695) Grid fwi configured.
2017-05-15 05:07:56,579 null [INFO] (/home/meteo/dev/redist/fwidbmgr/include/Grid.h:1595) Configuring grid: ffmc
2017-05-15 05:07:56,580 null [INFO] (/home/meteo/dev/redist/fwidbmgr/include/Grid.h:1695) Grid ffmc configured.
2017-05-15 05:07:56,581 null [INFO] (/home/meteo/dev/redist/fwidbmgr/include/Grid.h:1595) Configuring grid: dmc
2017-05-15 05:07:56,581 null [INFO] (/home/meteo/dev/redist/fwidbmgr/include/Grid.h:1695) Grid dmc configured.
2017-05-15 05:07:56,582 null [INFO] (/home/meteo/dev/redist/fwidbmgr/include/Grid.h:1595) Configuring grid: dc
2017-05-15 05:07:56,582 null [INFO] (/home/meteo/dev/redist/fwidbmgr/include/Grid.h:1695) Grid dc configured.
2017-05-15 05:07:56,583 null [INFO] (/home/meteo/dev/redist/fwidbmgr/include/Grid.h:1595) Configuring grid: bui
2017-05-15 05:07:56,583 null [INFO] (/home/meteo/dev/redist/fwidbmgr/include/Grid.h:1695) Grid bui configured.
2017-05-15 05:07:56,584 null [INFO] (/home/meteo/dev/redist/fwidbmgr/include/Grid.h:1595) Configuring grid: ffmc_tmp
2017-05-15 05:07:56,584 null [INFO] (/home/meteo/dev/redist/fwidbmgr/include/Grid.h:1695) Grid ffmc_tmp configured.
2017-05-15 05:07:56,584 null [INFO] (/home/meteo/dev/redist/fwidbmgr/include/Grid.h:1595) Configuring grid: dmc_tmp
2017-05-15 05:07:56,584 null [INFO] (/home/meteo/dev/redist/fwidbmgr/include/Grid.h:1695) Grid dmc_tmp configured.
2017-05-15 05:07:56,585 null [INFO] (/home/meteo/dev/redist/fwidbmgr/include/Grid.h:1595) Configuring grid: dc_tmp
2017-05-15 05:07:56,585 null [INFO] (/home/meteo/dev/redist/fwidbmgr/include/Grid.h:1695) Grid dc_tmp configured.
2017-05-15 05:07:56,586 null [INFO] (/home/meteo/dev/redist/fwidbmgr/include/Grid.h:1595) Configuring grid: idi
2017-05-15 05:07:56,586 null [INFO] (/home/meteo/dev/redist/fwidbmgr/include/Grid.h:1695) Grid idi configured.
2017-05-15 05:07:56,587 null [INFO] (/home/meteo/dev/redist/fwidbmgr/include/Grid.h:1595) Configuring grid: angstrom
2017-05-15 05:07:56,587 null [INFO] (/home/meteo/dev/redist/fwidbmgr/include/Grid.h:1695) Grid angstrom configured.
2017-05-15 05:07:56,588 null [INFO] (/home/meteo/dev/redist/fwidbmgr/include/Grid.h:1595) Configuring grid: fmi
2017-05-15 05:07:56,588 null [INFO] (/home/meteo/dev/redist/fwidbmgr/include/Grid.h:1695) Grid fmi configured.
2017-05-15 05:07:56,589 null [INFO] (/home/meteo/dev/redist/fwidbmgr/include/Grid.h:1595) Configuring grid: sharples
2017-05-15 05:07:56,589 null [INFO] (/home/meteo/dev/redist/fwidbmgr/include/Grid.h:1695) Grid sharples configured.
2017-05-15 05:08:04,837 null [INFO] (/home/meteo/dev/redist/fwidbmgr/include/Grid.h:1595) Configuring grid: snow
2017-05-15 05:08:04,837 null [INFO] (/home/meteo/dev/redist/fwidbmgr/include/Grid.h:1695) Grid snow configured.
2017-05-15 05:08:04,837 null [INFO] (/home/meteo/dev/redist/fwidbmgr/include/Grid.h:1595) Configuring grid: snow_covering
2017-05-15 05:08:04,837 null [INFO] (/home/meteo/dev/redist/fwidbmgr/include/Grid.h:1695) Grid snow_covering configured.
2017-05-15 05:08:04,837 null [INFO] (/home/meteo/dev/redist/fwidbmgr/include/Grid.h:1595) Configuring grid: snow_dissolution
2017-05-15 05:08:04,837 null [INFO] (/home/meteo/dev/redist/fwidbmgr/include/Grid.h:1695) Grid snow_dissolution configured.
2017-05-15 05:08:04,837 null [INFO] (/home/meteo/dev/redist/fwidbmgr/include/Grid.h:1595) Configuring grid: temperature
2017-05-15 05:08:04,837 null [INFO] (/home/meteo/dev/redist/fwidbmgr/include/Grid.h:1695) Grid temperature configured.
2017-05-15 05:08:04,837 null [INFO] (/home/meteo/dev/redist/fwidbmgr/include/Grid.h:1595) Configuring grid: humidity
2017-05-15 05:08:04,837 null [INFO] (/home/meteo/dev/redist/fwidbmgr/include/Grid.h:1695) Grid humidity configured.
2017-05-15 05:08:04,837 null [INFO] (/home/meteo/dev/redist/fwidbmgr/include/Grid.h:1595) Configuring grid: windspeed
2017-05-15 05:08:04,838 null [INFO] (/home/meteo/dev/redist/fwidbmgr/include/Grid.h:1695) Grid windspeed configured.
2017-05-15 05:08:04,838 null [INFO] (/home/meteo/dev/redist/fwidbmgr/include/Grid.h:1595) Configuring grid: rain
2017-05-15 05:08:04,838 null [INFO] (/home/meteo/dev/redist/fwidbmgr/include/Grid.h:1695) Grid rain configured.
2017-05-15 05:08:04,838 null [INFO] (/home/meteo/dev/redist/fwidbmgr/include/Grid.h:1595) Configuring grid: cum_rain
2017-05-15 05:08:04,838 null [INFO] (/home/meteo/dev/redist/fwidbmgr/include/Grid.h:1695) Grid cum_rain configured.
2017-05-15 05:09:53,645 null [INFO] (../src/fwidbmgr.cpp:5660) OK --> 20170514 indexes computed.
2017-05-15 05:09:53,675 null [INFO] (../src/fwidbmgr.cpp:5695) action computeidx took about 117 seconds.
2017-05-15 05:09:53,675 null [INFO] (../src/fwidbmgr.cpp:5699) Disconnected from database.
2017-05-15 05:09:53,843 null [INFO] (../src/fwidbmgr.cpp:5361) fwi db manager
2017-05-15 05:09:53,843 null [INFO] (../src/fwidbmgr.cpp:5365) Program home: /home/meteo/dev/redist/fwidbmgr
2017-05-15 05:09:53,843 null [INFO] (../src/fwidbmgr.cpp:5369) Auto convert: 1
2017-05-15 05:09:53,843 null [INFO] (../src/fwidbmgr.cpp:446) action: exportidx.
2017-05-15 05:09:53,843 null [INFO] (../src/fwidbmgr.cpp:470) date: 20170514.
2017-05-15 05:09:53,843 null [INFO] (../src/fwidbmgr.cpp:322) Try to read: /home/meteo/dev/redist/fwidbmgr/config/fwidbmgr.conf.
2017-05-15 05:09:53,846 null [INFO] (../src/fwidbmgr.cpp:5393) Configuration parsing: OK.
2017-05-15 05:09:53,848 null [INFO] (../src/fwidbmgr.cpp:5478) Connected to database
2017-05-15 05:09:53,848 null [INFO] (../src/fwidbmgr.cpp:5480) Manage data for date: 20170514.
2017-05-15 05:09:53,848 null [INFO] (../src/fwidbmgr.cpp:5596) Exporting indexes.
2017-05-15 05:09:53,852 null [INFO] (/home/meteo/dev/redist/fwidbmgr/include/Grid.h:1595) Configuring grid: isi
2017-05-15 05:09:53,852 null [INFO] (/home/meteo/dev/redist/fwidbmgr/include/Grid.h:1695) Grid isi configured.
2017-05-15 05:09:53,852 null [INFO] (/home/meteo/dev/redist/fwidbmgr/include/Grid.h:1595) Configuring grid: fwi
2017-05-15 05:09:53,853 null [INFO] (/home/meteo/dev/redist/fwidbmgr/include/Grid.h:1695) Grid fwi configured.
2017-05-15 05:09:53,853 null [INFO] (/home/meteo/dev/redist/fwidbmgr/include/Grid.h:1595) Configuring grid: ffmc
2017-05-15 05:09:53,853 null [INFO] (/home/meteo/dev/redist/fwidbmgr/include/Grid.h:1695) Grid ffmc configured.
2017-05-15 05:09:53,854 null [INFO] (/home/meteo/dev/redist/fwidbmgr/include/Grid.h:1595) Configuring grid: dmc
2017-05-15 05:09:53,854 null [INFO] (/home/meteo/dev/redist/fwidbmgr/include/Grid.h:1695) Grid dmc configured.
2017-05-15 05:09:53,855 null [INFO] (/home/meteo/dev/redist/fwidbmgr/include/Grid.h:1595) Configuring grid: dc
2017-05-15 05:09:53,855 null [INFO] (/home/meteo/dev/redist/fwidbmgr/include/Grid.h:1695) Grid dc configured.
2017-05-15 05:09:53,856 null [INFO] (/home/meteo/dev/redist/fwidbmgr/include/Grid.h:1595) Configuring grid: bui
2017-05-15 05:09:53,856 null [INFO] (/home/meteo/dev/redist/fwidbmgr/include/Grid.h:1695) Grid bui configured.
2017-05-15 05:09:53,857 null [INFO] (/home/meteo/dev/redist/fwidbmgr/include/Grid.h:1595) Configuring grid: ffmc_tmp
2017-05-15 05:09:53,857 null [INFO] (/home/meteo/dev/redist/fwidbmgr/include/Grid.h:1695) Grid ffmc_tmp configured.
2017-05-15 05:09:53,858 null [INFO] (/home/meteo/dev/redist/fwidbmgr/include/Grid.h:1595) Configuring grid: dmc_tmp
2017-05-15 05:09:53,858 null [INFO] (/home/meteo/dev/redist/fwidbmgr/include/Grid.h:1695) Grid dmc_tmp configured.
2017-05-15 05:09:53,860 null [INFO] (/home/meteo/dev/redist/fwidbmgr/include/Grid.h:1595) Configuring grid: dc_tmp
2017-05-15 05:09:53,860 null [INFO] (/home/meteo/dev/redist/fwidbmgr/include/Grid.h:1695) Grid dc_tmp configured.
2017-05-15 05:09:53,861 null [INFO] (/home/meteo/dev/redist/fwidbmgr/include/Grid.h:1595) Configuring grid: idi
2017-05-15 05:09:53,861 null [INFO] (/home/meteo/dev/redist/fwidbmgr/include/Grid.h:1695) Grid idi configured.
2017-05-15 05:09:53,861 null [INFO] (/home/meteo/dev/redist/fwidbmgr/include/Grid.h:1595) Configuring grid: angstrom
2017-05-15 05:09:53,861 null [INFO] (/home/meteo/dev/redist/fwidbmgr/include/Grid.h:1695) Grid angstrom configured.
2017-05-15 05:09:53,862 null [INFO] (/home/meteo/dev/redist/fwidbmgr/include/Grid.h:1595) Configuring grid: fmi
2017-05-15 05:09:53,862 null [INFO] (/home/meteo/dev/redist/fwidbmgr/include/Grid.h:1695) Grid fmi configured.
2017-05-15 05:09:53,863 null [INFO] (/home/meteo/dev/redist/fwidbmgr/include/Grid.h:1595) Configuring grid: sharples
2017-05-15 05:09:53,863 null [INFO] (/home/meteo/dev/redist/fwidbmgr/include/Grid.h:1695) Grid sharples configured.
2017-05-15 05:09:58,453 null [INFO] (/home/meteo/dev/redist/fwidbmgr/include/Grid.h:1595) Configuring grid: isi
2017-05-15 05:09:58,453 null [INFO] (/home/meteo/dev/redist/fwidbmgr/include/Grid.h:1695) Grid isi configured.
2017-05-15 05:09:58,487 null [INFO] (/home/meteo/dev/redist/fwidbmgr/include/Grid.h:1595) Configuring grid: fwi
2017-05-15 05:09:58,487 null [INFO] (/home/meteo/dev/redist/fwidbmgr/include/Grid.h:1695) Grid fwi configured.
2017-05-15 05:09:58,505 null [INFO] (/home/meteo/dev/redist/fwidbmgr/include/Grid.h:1595) Configuring grid: ffmc
2017-05-15 05:09:58,505 null [INFO] (/home/meteo/dev/redist/fwidbmgr/include/Grid.h:1695) Grid ffmc configured.
2017-05-15 05:09:58,525 null [INFO] (/home/meteo/dev/redist/fwidbmgr/include/Grid.h:1595) Configuring grid: dmc
2017-05-15 05:09:58,525 null [INFO] (/home/meteo/dev/redist/fwidbmgr/include/Grid.h:1695) Grid dmc configured.
2017-05-15 05:09:58,560 null [INFO] (/home/meteo/dev/redist/fwidbmgr/include/Grid.h:1595) Configuring grid: dc
2017-05-15 05:09:58,560 null [INFO] (/home/meteo/dev/redist/fwidbmgr/include/Grid.h:1695) Grid dc configured.
2017-05-15 05:09:58,601 null [INFO] (/home/meteo/dev/redist/fwidbmgr/include/Grid.h:1595) Configuring grid: bui
2017-05-15 05:09:58,601 null [INFO] (/home/meteo/dev/redist/fwidbmgr/include/Grid.h:1695) Grid bui configured.
2017-05-15 05:09:58,677 null [INFO] (/home/meteo/dev/redist/fwidbmgr/include/Grid.h:1595) Configuring grid: ffmc_tmp
2017-05-15 05:09:58,678 null [INFO] (/home/meteo/dev/redist/fwidbmgr/include/Grid.h:1695) Grid ffmc_tmp configured.
2017-05-15 05:09:58,698 null [INFO] (/home/meteo/dev/redist/fwidbmgr/include/Grid.h:1595) Configuring grid: dmc_tmp
2017-05-15 05:09:58,698 null [INFO] (/home/meteo/dev/redist/fwidbmgr/include/Grid.h:1695) Grid dmc_tmp configured.
2017-05-15 05:09:58,716 null [INFO] (/home/meteo/dev/redist/fwidbmgr/include/Grid.h:1595) Configuring grid: dc_tmp
2017-05-15 05:09:58,716 null [INFO] (/home/meteo/dev/redist/fwidbmgr/include/Grid.h:1695) Grid dc_tmp configured.
2017-05-15 05:09:58,734 null [INFO] (/home/meteo/dev/redist/fwidbmgr/include/Grid.h:1595) Configuring grid: angstrom
2017-05-15 05:09:58,734 null [INFO] (/home/meteo/dev/redist/fwidbmgr/include/Grid.h:1695) Grid angstrom configured.
2017-05-15 05:09:58,775 null [INFO] (/home/meteo/dev/redist/fwidbmgr/include/Grid.h:1595) Configuring grid: sharples
2017-05-15 05:09:58,775 null [INFO] (/home/meteo/dev/redist/fwidbmgr/include/Grid.h:1695) Grid sharples configured.
2017-05-15 05:09:58,793 null [INFO] (/home/meteo/dev/redist/fwidbmgr/include/Grid.h:1595) Configuring grid: fmi
2017-05-15 05:09:58,793 null [INFO] (/home/meteo/dev/redist/fwidbmgr/include/Grid.h:1695) Grid fmi configured.
2017-05-15 05:09:58,813 null [INFO] (../src/fwidbmgr.cpp:5600) OK --> 20170514 indexes exported to files.
2017-05-15 05:09:58,813 null [INFO] (../src/fwidbmgr.cpp:5695) action exportidx took about 5 seconds.
2017-05-15 05:09:58,815 null [INFO] (../src/fwidbmgr.cpp:5699) Disconnected from database.
2017-05-15 05:10:17,691 null [INFO] (../src/fwidbmgr.cpp:5361) fwi db manager
2017-05-15 05:10:17,692 null [INFO] (../src/fwidbmgr.cpp:5365) Program home: /home/meteo/dev/redist/fwidbmgr
2017-05-15 05:10:17,692 null [INFO] (../src/fwidbmgr.cpp:5369) Auto convert: 1
2017-05-15 05:10:17,692 null [INFO] (../src/fwidbmgr.cpp:446) action: outimg.
2017-05-15 05:10:17,692 null [INFO] (../src/fwidbmgr.cpp:470) date: 20170514.
2017-05-15 05:10:17,692 null [INFO] (../src/fwidbmgr.cpp:322) Try to read: /home/meteo/dev/redist/fwidbmgr/config/fwidbmgr.conf.
2017-05-15 05:10:17,692 null [INFO] (../src/fwidbmgr.cpp:5393) Configuration parsing: OK.
2017-05-15 05:10:17,694 null [INFO] (../src/fwidbmgr.cpp:5478) Connected to database
2017-05-15 05:10:17,694 null [INFO] (../src/fwidbmgr.cpp:5480) Manage data for date: 20170514.
2017-05-15 05:10:17,694 null [INFO] (../src/fwidbmgr.cpp:5566) Importing fwi indexes images in database.
2017-05-15 05:10:17,782 null [INFO] (../src/fwidbmgr.cpp:5570) OK --> 20170514 images imported.
2017-05-15 05:10:17,782 null [INFO] (../src/fwidbmgr.cpp:5695) action outimg took about 0 seconds.
2017-05-15 05:10:17,782 null [INFO] (../src/fwidbmgr.cpp:5699) Disconnected from database.
2017-05-15 05:37:01,959 null [INFO] (../src/fwidbmgr.cpp:5361) fwi db manager
2017-05-15 05:37:01,959 null [INFO] (../src/fwidbmgr.cpp:5365) Program home: /home/meteo/dev/redist/fwidbmgr
2017-05-15 05:37:01,959 null [INFO] (../src/fwidbmgr.cpp:5369) Auto convert: 1
2017-05-15 05:37:01,959 null [INFO] (../src/fwidbmgr.cpp:446) action: outimg.
2017-05-15 05:37:01,959 null [INFO] (../src/fwidbmgr.cpp:470) date: 20170514.
2017-05-15 05:37:01,959 null [INFO] (../src/fwidbmgr.cpp:322) Try to read: /home/meteo/dev/redist/fwidbmgr/config/fwidbmgr.conf.
2017-05-15 05:37:01,960 null [INFO] (../src/fwidbmgr.cpp:5393) Configuration parsing: OK.
2017-05-15 05:37:01,962 null [INFO] (../src/fwidbmgr.cpp:5478) Connected to database
2017-05-15 05:37:01,962 null [INFO] (../src/fwidbmgr.cpp:5480) Manage data for date: 20170514.
2017-05-15 05:37:01,962 null [INFO] (../src/fwidbmgr.cpp:5566) Importing fwi indexes images in database.
2017-05-15 05:37:02,068 null [INFO] (../src/fwidbmgr.cpp:5570) OK --> 20170514 images imported.
2017-05-15 05:37:02,068 null [INFO] (../src/fwidbmgr.cpp:5695) action outimg took about 1 seconds.
2017-05-15 05:37:02,068 null [INFO] (../src/fwidbmgr.cpp:5699) Disconnected from database.
2017-05-15 06:05:01,146 null [INFO] (../src/fwidbmgr.cpp:5361) fwi db manager
2017-05-15 06:05:01,146 null [INFO] (../src/fwidbmgr.cpp:5365) Program home: /home/meteo/dev/redist/fwidbmgr
2017-05-15 06:05:01,146 null [INFO] (../src/fwidbmgr.cpp:5369) Auto convert: 1
2017-05-15 06:05:01,146 null [INFO] (../src/fwidbmgr.cpp:446) action: outimg.
2017-05-15 06:05:01,146 null [INFO] (../src/fwidbmgr.cpp:470) date: 20170514.
2017-05-15 06:05:01,146 null [INFO] (../src/fwidbmgr.cpp:322) Try to read: /home/meteo/dev/redist/fwidbmgr/config/fwidbmgr.conf.
2017-05-15 06:05:01,154 null [INFO] (../src/fwidbmgr.cpp:5393) Configuration parsing: OK.
2017-05-15 06:05:01,156 null [INFO] (../src/fwidbmgr.cpp:5478) Connected to database
2017-05-15 06:05:01,156 null [INFO] (../src/fwidbmgr.cpp:5480) Manage data for date: 20170514.
2017-05-15 06:05:01,156 null [INFO] (../src/fwidbmgr.cpp:5566) Importing fwi indexes images in database.
2017-05-15 06:05:01,188 null [INFO] (../src/fwidbmgr.cpp:5570) OK --> 20170514 images imported.
2017-05-15 06:05:01,188 null [INFO] (../src/fwidbmgr.cpp:5695) action outimg took about 0 seconds.
2017-05-15 06:05:01,188 null [INFO] (../src/fwidbmgr.cpp:5699) Disconnected from database.
2017-05-15 06:37:01,301 null [INFO] (../src/fwidbmgr.cpp:5361) fwi db manager
2017-05-15 06:37:01,301 null [INFO] (../src/fwidbmgr.cpp:5365) Program home: /home/meteo/dev/redist/fwidbmgr
2017-05-15 06:37:01,301 null [INFO] (../src/fwidbmgr.cpp:5369) Auto convert: 1
2017-05-15 06:37:01,301 null [INFO] (../src/fwidbmgr.cpp:446) action: outimg.
2017-05-15 06:37:01,301 null [INFO] (../src/fwidbmgr.cpp:470) date: 20170514.
2017-05-15 06:37:01,301 null [INFO] (../src/fwidbmgr.cpp:322) Try to read: /home/meteo/dev/redist/fwidbmgr/config/fwidbmgr.conf.
2017-05-15 06:37:01,302 null [INFO] (../src/fwidbmgr.cpp:5393) Configuration parsing: OK.
2017-05-15 06:37:01,304 null [INFO] (../src/fwidbmgr.cpp:5478) Connected to database
2017-05-15 06:37:01,304 null [INFO] (../src/fwidbmgr.cpp:5480) Manage data for date: 20170514.
2017-05-15 06:37:01,304 null [INFO] (../src/fwidbmgr.cpp:5566) Importing fwi indexes images in database.
2017-05-15 06:37:01,366 null [INFO] (../src/fwidbmgr.cpp:5570) OK --> 20170514 images imported.
2017-05-15 06:37:01,366 null [INFO] (../src/fwidbmgr.cpp:5695) action outimg took about 0 seconds.
2017-05-15 06:37:01,367 null [INFO] (../src/fwidbmgr.cpp:5699) Disconnected from database.
2017-05-15 07:05:01,492 null [INFO] (../src/fwidbmgr.cpp:5361) fwi db manager
2017-05-15 07:05:01,492 null [INFO] (../src/fwidbmgr.cpp:5365) Program home: /home/meteo/dev/redist/fwidbmgr
2017-05-15 07:05:01,492 null [INFO] (../src/fwidbmgr.cpp:5369) Auto convert: 1
2017-05-15 07:05:01,492 null [INFO] (../src/fwidbmgr.cpp:446) action: outimg.
2017-05-15 07:05:01,492 null [INFO] (../src/fwidbmgr.cpp:470) date: 20170514.
2017-05-15 07:05:01,492 null [INFO] (../src/fwidbmgr.cpp:322) Try to read: /home/meteo/dev/redist/fwidbmgr/config/fwidbmgr.conf.
2017-05-15 07:05:01,493 null [INFO] (../src/fwidbmgr.cpp:5393) Configuration parsing: OK.
2017-05-15 07:05:01,520 null [INFO] (../src/fwidbmgr.cpp:5478) Connected to database
2017-05-15 07:05:01,520 null [INFO] (../src/fwidbmgr.cpp:5480) Manage data for date: 20170514.
2017-05-15 07:05:01,520 null [INFO] (../src/fwidbmgr.cpp:5566) Importing fwi indexes images in database.
2017-05-15 07:05:01,581 null [INFO] (../src/fwidbmgr.cpp:5570) OK --> 20170514 images imported.
2017-05-15 07:05:01,581 null [INFO] (../src/fwidbmgr.cpp:5695) action outimg took about 0 seconds.
2017-05-15 07:05:01,582 null [INFO] (../src/fwidbmgr.cpp:5699) Disconnected from database.
2017-05-15 07:37:01,679 null [INFO] (../src/fwidbmgr.cpp:5361) fwi db manager
2017-05-15 07:37:01,679 null [INFO] (../src/fwidbmgr.cpp:5365) Program home: /home/meteo/dev/redist/fwidbmgr
2017-05-15 07:37:01,679 null [INFO] (../src/fwidbmgr.cpp:5369) Auto convert: 1
2017-05-15 07:37:01,679 null [INFO] (../src/fwidbmgr.cpp:446) action: outimg.
2017-05-15 07:37:01,679 null [INFO] (../src/fwidbmgr.cpp:470) date: 20170514.
2017-05-15 07:37:01,679 null [INFO] (../src/fwidbmgr.cpp:322) Try to read: /home/meteo/dev/redist/fwidbmgr/config/fwidbmgr.conf.
2017-05-15 07:37:01,680 null [INFO] (../src/fwidbmgr.cpp:5393) Configuration parsing: OK.
2017-05-15 07:37:01,682 null [INFO] (../src/fwidbmgr.cpp:5478) Connected to database
2017-05-15 07:37:01,682 null [INFO] (../src/fwidbmgr.cpp:5480) Manage data for date: 20170514.
2017-05-15 07:37:01,682 null [INFO] (../src/fwidbmgr.cpp:5566) Importing fwi indexes images in database.
2017-05-15 07:37:01,721 null [INFO] (../src/fwidbmgr.cpp:5570) OK --> 20170514 images imported.
2017-05-15 07:37:01,721 null [INFO] (../src/fwidbmgr.cpp:5695) action outimg took about 0 seconds.
2017-05-15 07:37:01,722 null [INFO] (../src/fwidbmgr.cpp:5699) Disconnected from database.
