2019-09-23 05:05:03,605 null [INFO] (../src/fwidbmgr.cpp:5361) fwi db manager
2019-09-23 05:05:03,605 null [INFO] (../src/fwidbmgr.cpp:5365) Program home: /home/meteo/dev/redist/fwidbmgr
2019-09-23 05:05:03,605 null [INFO] (../src/fwidbmgr.cpp:5369) Auto convert: 1
2019-09-23 05:05:03,605 null [INFO] (../src/fwidbmgr.cpp:446) action: in.
2019-09-23 05:05:03,605 null [INFO] (../src/fwidbmgr.cpp:470) date: 20190922.
2019-09-23 05:05:03,605 null [INFO] (../src/fwidbmgr.cpp:322) Try to read: /home/meteo/dev/redist/fwidbmgr/config/fwidbmgr.conf.
2019-09-23 05:05:03,608 null [INFO] (../src/fwidbmgr.cpp:5393) Configuration parsing: OK.
2019-09-23 05:05:03,611 null [INFO] (../src/fwidbmgr.cpp:5478) Connected to database
2019-09-23 05:05:03,611 null [INFO] (../src/fwidbmgr.cpp:5480) Manage data for date: 20190922.
2019-09-23 05:05:03,612 null [INFO] (../src/fwidbmgr.cpp:5536) Importing meteo data in database for day: 20190922.
2019-09-23 05:05:03,613 null [INFO] (/home/meteo/dev/redist/fwidbmgr/include/Grid.h:1595) Configuring grid: snow
2019-09-23 05:05:03,614 null [INFO] (/home/meteo/dev/redist/fwidbmgr/include/Grid.h:1695) Grid snow configured.
2019-09-23 05:05:03,623 null [INFO] (/home/meteo/dev/redist/fwidbmgr/include/Grid.h:1595) Configuring grid: snow_covering
2019-09-23 05:05:03,623 null [INFO] (/home/meteo/dev/redist/fwidbmgr/include/Grid.h:1695) Grid snow_covering configured.
2019-09-23 05:05:03,633 null [INFO] (/home/meteo/dev/redist/fwidbmgr/include/Grid.h:1595) Configuring grid: snow_dissolution
2019-09-23 05:05:03,633 null [INFO] (/home/meteo/dev/redist/fwidbmgr/include/Grid.h:1695) Grid snow_dissolution configured.
2019-09-23 05:05:03,654 null [INFO] (/home/meteo/dev/redist/fwidbmgr/include/Grid.h:1595) Configuring grid: temperature
2019-09-23 05:05:03,655 null [INFO] (/home/meteo/dev/redist/fwidbmgr/include/Grid.h:1695) Grid temperature configured.
2019-09-23 05:05:03,657 null [INFO] (/home/meteo/dev/redist/fwidbmgr/include/Grid.h:1595) Configuring grid: humidity
2019-09-23 05:05:03,657 null [INFO] (/home/meteo/dev/redist/fwidbmgr/include/Grid.h:1695) Grid humidity configured.
2019-09-23 05:05:03,661 null [INFO] (/home/meteo/dev/redist/fwidbmgr/include/Grid.h:1595) Configuring grid: windspeed
2019-09-23 05:05:03,661 null [INFO] (/home/meteo/dev/redist/fwidbmgr/include/Grid.h:1695) Grid windspeed configured.
2019-09-23 05:05:03,670 null [INFO] (/home/meteo/dev/redist/fwidbmgr/include/Grid.h:1595) Configuring grid: rain
2019-09-23 05:05:03,670 null [INFO] (/home/meteo/dev/redist/fwidbmgr/include/Grid.h:1695) Grid rain configured.
2019-09-23 05:05:03,673 null [INFO] (/home/meteo/dev/redist/fwidbmgr/include/Grid.h:1595) Configuring grid: cum_rain
2019-09-23 05:05:03,673 null [INFO] (/home/meteo/dev/redist/fwidbmgr/include/Grid.h:1695) Grid cum_rain configured.
2019-09-23 05:05:12,355 null [INFO] (../src/fwidbmgr.cpp:1518) Storing meteo input ...
2019-09-23 05:05:25,682 null [INFO] (../src/fwidbmgr.cpp:5540) OK --> 20190922 data imported.
2019-09-23 05:05:25,693 null [INFO] (../src/fwidbmgr.cpp:5695) action in took about 22 seconds.
2019-09-23 05:05:25,728 null [INFO] (../src/fwidbmgr.cpp:5699) Disconnected from database.
2019-09-23 05:06:00,540 null [INFO] (../src/fwidbmgr.cpp:5361) fwi db manager
2019-09-23 05:06:00,540 null [INFO] (../src/fwidbmgr.cpp:5365) Program home: /home/meteo/dev/redist/fwidbmgr
2019-09-23 05:06:00,540 null [INFO] (../src/fwidbmgr.cpp:5369) Auto convert: 1
2019-09-23 05:06:00,540 null [INFO] (../src/fwidbmgr.cpp:446) action: out.
2019-09-23 05:06:00,540 null [INFO] (../src/fwidbmgr.cpp:470) date: 20190922.
2019-09-23 05:06:00,540 null [INFO] (../src/fwidbmgr.cpp:322) Try to read: /home/meteo/dev/redist/fwidbmgr/config/fwidbmgr.conf.
2019-09-23 05:06:00,541 null [INFO] (../src/fwidbmgr.cpp:5393) Configuration parsing: OK.
2019-09-23 05:06:00,543 null [INFO] (../src/fwidbmgr.cpp:5478) Connected to database
2019-09-23 05:06:00,543 null [INFO] (../src/fwidbmgr.cpp:5480) Manage data for date: 20190922.
2019-09-23 05:06:00,543 null [INFO] (../src/fwidbmgr.cpp:5551) Importing fwi indexes data in database for day: 20190922.
2019-09-23 05:06:00,545 null [INFO] (/home/meteo/dev/redist/fwidbmgr/include/Grid.h:1595) Configuring grid: isi
2019-09-23 05:06:00,546 null [INFO] (/home/meteo/dev/redist/fwidbmgr/include/Grid.h:1695) Grid isi configured.
2019-09-23 05:06:00,556 null [INFO] (/home/meteo/dev/redist/fwidbmgr/include/Grid.h:1595) Configuring grid: fwi
2019-09-23 05:06:00,556 null [INFO] (/home/meteo/dev/redist/fwidbmgr/include/Grid.h:1695) Grid fwi configured.
2019-09-23 05:06:00,563 null [INFO] (/home/meteo/dev/redist/fwidbmgr/include/Grid.h:1595) Configuring grid: ffmc
2019-09-23 05:06:00,563 null [INFO] (/home/meteo/dev/redist/fwidbmgr/include/Grid.h:1695) Grid ffmc configured.
2019-09-23 05:06:00,570 null [INFO] (/home/meteo/dev/redist/fwidbmgr/include/Grid.h:1595) Configuring grid: dmc
2019-09-23 05:06:00,570 null [INFO] (/home/meteo/dev/redist/fwidbmgr/include/Grid.h:1695) Grid dmc configured.
2019-09-23 05:06:00,576 null [INFO] (/home/meteo/dev/redist/fwidbmgr/include/Grid.h:1595) Configuring grid: dc
2019-09-23 05:06:00,576 null [INFO] (/home/meteo/dev/redist/fwidbmgr/include/Grid.h:1695) Grid dc configured.
2019-09-23 05:06:00,583 null [INFO] (/home/meteo/dev/redist/fwidbmgr/include/Grid.h:1595) Configuring grid: bui
2019-09-23 05:06:00,583 null [INFO] (/home/meteo/dev/redist/fwidbmgr/include/Grid.h:1695) Grid bui configured.
2019-09-23 05:06:00,590 null [INFO] (/home/meteo/dev/redist/fwidbmgr/include/Grid.h:1595) Configuring grid: ffmc_tmp
2019-09-23 05:06:00,590 null [INFO] (/home/meteo/dev/redist/fwidbmgr/include/Grid.h:1695) Grid ffmc_tmp configured.
2019-09-23 05:06:00,601 null [INFO] (/home/meteo/dev/redist/fwidbmgr/include/Grid.h:1595) Configuring grid: dmc_tmp
2019-09-23 05:06:00,601 null [INFO] (/home/meteo/dev/redist/fwidbmgr/include/Grid.h:1695) Grid dmc_tmp configured.
2019-09-23 05:06:00,611 null [INFO] (/home/meteo/dev/redist/fwidbmgr/include/Grid.h:1595) Configuring grid: dc_tmp
2019-09-23 05:06:00,611 null [INFO] (/home/meteo/dev/redist/fwidbmgr/include/Grid.h:1695) Grid dc_tmp configured.
2019-09-23 05:06:00,622 null [INFO] (/home/meteo/dev/redist/fwidbmgr/include/Grid.h:1595) Configuring grid: idi
2019-09-23 05:06:00,622 null [INFO] (/home/meteo/dev/redist/fwidbmgr/include/Grid.h:1695) Grid idi configured.
2019-09-23 05:06:06,189 null [INFO] (../src/fwidbmgr.cpp:2081) Storing FWI indexes ...
2019-09-23 05:06:17,176 null [INFO] (../src/fwidbmgr.cpp:5555) OK --> 20190922 data imported.
2019-09-23 05:06:17,176 null [INFO] (../src/fwidbmgr.cpp:5695) action out took about 17 seconds.
2019-09-23 05:06:17,177 null [INFO] (../src/fwidbmgr.cpp:5699) Disconnected from database.
2019-09-23 05:06:17,271 null [INFO] (../src/fwidbmgr.cpp:5361) fwi db manager
2019-09-23 05:06:17,271 null [INFO] (../src/fwidbmgr.cpp:5365) Program home: /home/meteo/dev/redist/fwidbmgr
2019-09-23 05:06:17,271 null [INFO] (../src/fwidbmgr.cpp:5369) Auto convert: 1
2019-09-23 05:06:17,271 null [INFO] (../src/fwidbmgr.cpp:446) action: computeidx.
2019-09-23 05:06:17,271 null [INFO] (../src/fwidbmgr.cpp:470) date: 20190922.
2019-09-23 05:06:17,271 null [INFO] (../src/fwidbmgr.cpp:322) Try to read: /home/meteo/dev/redist/fwidbmgr/config/fwidbmgr.conf.
2019-09-23 05:06:17,274 null [INFO] (../src/fwidbmgr.cpp:5393) Configuration parsing: OK.
2019-09-23 05:06:17,279 null [INFO] (../src/fwidbmgr.cpp:5478) Connected to database
2019-09-23 05:06:17,279 null [INFO] (../src/fwidbmgr.cpp:5480) Manage data for date: 20190922.
2019-09-23 05:06:17,280 null [INFO] (../src/fwidbmgr.cpp:5656) Computing indexes.
2019-09-23 05:06:17,283 null [INFO] (/home/meteo/dev/redist/fwidbmgr/include/Grid.h:1595) Configuring grid: isi
2019-09-23 05:06:17,284 null [INFO] (/home/meteo/dev/redist/fwidbmgr/include/Grid.h:1695) Grid isi configured.
2019-09-23 05:06:17,287 null [INFO] (/home/meteo/dev/redist/fwidbmgr/include/Grid.h:1595) Configuring grid: fwi
2019-09-23 05:06:17,287 null [INFO] (/home/meteo/dev/redist/fwidbmgr/include/Grid.h:1695) Grid fwi configured.
2019-09-23 05:06:17,289 null [INFO] (/home/meteo/dev/redist/fwidbmgr/include/Grid.h:1595) Configuring grid: ffmc
2019-09-23 05:06:17,289 null [INFO] (/home/meteo/dev/redist/fwidbmgr/include/Grid.h:1695) Grid ffmc configured.
2019-09-23 05:06:17,290 null [INFO] (/home/meteo/dev/redist/fwidbmgr/include/Grid.h:1595) Configuring grid: dmc
2019-09-23 05:06:17,290 null [INFO] (/home/meteo/dev/redist/fwidbmgr/include/Grid.h:1695) Grid dmc configured.
2019-09-23 05:06:17,292 null [INFO] (/home/meteo/dev/redist/fwidbmgr/include/Grid.h:1595) Configuring grid: dc
2019-09-23 05:06:17,292 null [INFO] (/home/meteo/dev/redist/fwidbmgr/include/Grid.h:1695) Grid dc configured.
2019-09-23 05:06:17,293 null [INFO] (/home/meteo/dev/redist/fwidbmgr/include/Grid.h:1595) Configuring grid: bui
2019-09-23 05:06:17,293 null [INFO] (/home/meteo/dev/redist/fwidbmgr/include/Grid.h:1695) Grid bui configured.
2019-09-23 05:06:17,294 null [INFO] (/home/meteo/dev/redist/fwidbmgr/include/Grid.h:1595) Configuring grid: ffmc_tmp
2019-09-23 05:06:17,295 null [INFO] (/home/meteo/dev/redist/fwidbmgr/include/Grid.h:1695) Grid ffmc_tmp configured.
2019-09-23 05:06:17,296 null [INFO] (/home/meteo/dev/redist/fwidbmgr/include/Grid.h:1595) Configuring grid: dmc_tmp
2019-09-23 05:06:17,296 null [INFO] (/home/meteo/dev/redist/fwidbmgr/include/Grid.h:1695) Grid dmc_tmp configured.
2019-09-23 05:06:17,297 null [INFO] (/home/meteo/dev/redist/fwidbmgr/include/Grid.h:1595) Configuring grid: dc_tmp
2019-09-23 05:06:17,297 null [INFO] (/home/meteo/dev/redist/fwidbmgr/include/Grid.h:1695) Grid dc_tmp configured.
2019-09-23 05:06:17,299 null [INFO] (/home/meteo/dev/redist/fwidbmgr/include/Grid.h:1595) Configuring grid: idi
2019-09-23 05:06:17,299 null [INFO] (/home/meteo/dev/redist/fwidbmgr/include/Grid.h:1695) Grid idi configured.
2019-09-23 05:06:17,300 null [INFO] (/home/meteo/dev/redist/fwidbmgr/include/Grid.h:1595) Configuring grid: angstrom
2019-09-23 05:06:17,300 null [INFO] (/home/meteo/dev/redist/fwidbmgr/include/Grid.h:1695) Grid angstrom configured.
2019-09-23 05:06:17,301 null [INFO] (/home/meteo/dev/redist/fwidbmgr/include/Grid.h:1595) Configuring grid: fmi
2019-09-23 05:06:17,301 null [INFO] (/home/meteo/dev/redist/fwidbmgr/include/Grid.h:1695) Grid fmi configured.
2019-09-23 05:06:17,301 null [INFO] (/home/meteo/dev/redist/fwidbmgr/include/Grid.h:1595) Configuring grid: sharples
2019-09-23 05:06:17,302 null [INFO] (/home/meteo/dev/redist/fwidbmgr/include/Grid.h:1695) Grid sharples configured.
2019-09-23 05:06:21,172 null [INFO] (/home/meteo/dev/redist/fwidbmgr/include/Grid.h:1595) Configuring grid: snow
2019-09-23 05:06:21,172 null [INFO] (/home/meteo/dev/redist/fwidbmgr/include/Grid.h:1695) Grid snow configured.
2019-09-23 05:06:21,172 null [INFO] (/home/meteo/dev/redist/fwidbmgr/include/Grid.h:1595) Configuring grid: snow_covering
2019-09-23 05:06:21,172 null [INFO] (/home/meteo/dev/redist/fwidbmgr/include/Grid.h:1695) Grid snow_covering configured.
2019-09-23 05:06:21,172 null [INFO] (/home/meteo/dev/redist/fwidbmgr/include/Grid.h:1595) Configuring grid: snow_dissolution
2019-09-23 05:06:21,172 null [INFO] (/home/meteo/dev/redist/fwidbmgr/include/Grid.h:1695) Grid snow_dissolution configured.
2019-09-23 05:06:21,172 null [INFO] (/home/meteo/dev/redist/fwidbmgr/include/Grid.h:1595) Configuring grid: temperature
2019-09-23 05:06:21,172 null [INFO] (/home/meteo/dev/redist/fwidbmgr/include/Grid.h:1695) Grid temperature configured.
2019-09-23 05:06:21,172 null [INFO] (/home/meteo/dev/redist/fwidbmgr/include/Grid.h:1595) Configuring grid: humidity
2019-09-23 05:06:21,172 null [INFO] (/home/meteo/dev/redist/fwidbmgr/include/Grid.h:1695) Grid humidity configured.
2019-09-23 05:06:21,172 null [INFO] (/home/meteo/dev/redist/fwidbmgr/include/Grid.h:1595) Configuring grid: windspeed
2019-09-23 05:06:21,172 null [INFO] (/home/meteo/dev/redist/fwidbmgr/include/Grid.h:1695) Grid windspeed configured.
2019-09-23 05:06:21,172 null [INFO] (/home/meteo/dev/redist/fwidbmgr/include/Grid.h:1595) Configuring grid: rain
2019-09-23 05:06:21,172 null [INFO] (/home/meteo/dev/redist/fwidbmgr/include/Grid.h:1695) Grid rain configured.
2019-09-23 05:06:21,172 null [INFO] (/home/meteo/dev/redist/fwidbmgr/include/Grid.h:1595) Configuring grid: cum_rain
2019-09-23 05:06:21,172 null [INFO] (/home/meteo/dev/redist/fwidbmgr/include/Grid.h:1695) Grid cum_rain configured.
2019-09-23 05:07:28,736 null [INFO] (../src/fwidbmgr.cpp:5660) OK --> 20190922 indexes computed.
2019-09-23 05:07:28,736 null [INFO] (../src/fwidbmgr.cpp:5695) action computeidx took about 71 seconds.
2019-09-23 05:07:28,736 null [INFO] (../src/fwidbmgr.cpp:5699) Disconnected from database.
2019-09-23 05:07:28,797 null [INFO] (../src/fwidbmgr.cpp:5361) fwi db manager
2019-09-23 05:07:28,797 null [INFO] (../src/fwidbmgr.cpp:5365) Program home: /home/meteo/dev/redist/fwidbmgr
2019-09-23 05:07:28,797 null [INFO] (../src/fwidbmgr.cpp:5369) Auto convert: 1
2019-09-23 05:07:28,797 null [INFO] (../src/fwidbmgr.cpp:446) action: exportidx.
2019-09-23 05:07:28,797 null [INFO] (../src/fwidbmgr.cpp:470) date: 20190922.
2019-09-23 05:07:28,797 null [INFO] (../src/fwidbmgr.cpp:322) Try to read: /home/meteo/dev/redist/fwidbmgr/config/fwidbmgr.conf.
2019-09-23 05:07:28,799 null [INFO] (../src/fwidbmgr.cpp:5393) Configuration parsing: OK.
2019-09-23 05:07:28,809 null [INFO] (../src/fwidbmgr.cpp:5478) Connected to database
2019-09-23 05:07:28,809 null [INFO] (../src/fwidbmgr.cpp:5480) Manage data for date: 20190922.
2019-09-23 05:07:28,809 null [INFO] (../src/fwidbmgr.cpp:5596) Exporting indexes.
2019-09-23 05:07:28,813 null [INFO] (/home/meteo/dev/redist/fwidbmgr/include/Grid.h:1595) Configuring grid: isi
2019-09-23 05:07:28,813 null [INFO] (/home/meteo/dev/redist/fwidbmgr/include/Grid.h:1695) Grid isi configured.
2019-09-23 05:07:28,815 null [INFO] (/home/meteo/dev/redist/fwidbmgr/include/Grid.h:1595) Configuring grid: fwi
2019-09-23 05:07:28,815 null [INFO] (/home/meteo/dev/redist/fwidbmgr/include/Grid.h:1695) Grid fwi configured.
2019-09-23 05:07:28,817 null [INFO] (/home/meteo/dev/redist/fwidbmgr/include/Grid.h:1595) Configuring grid: ffmc
2019-09-23 05:07:28,817 null [INFO] (/home/meteo/dev/redist/fwidbmgr/include/Grid.h:1695) Grid ffmc configured.
2019-09-23 05:07:28,819 null [INFO] (/home/meteo/dev/redist/fwidbmgr/include/Grid.h:1595) Configuring grid: dmc
2019-09-23 05:07:28,819 null [INFO] (/home/meteo/dev/redist/fwidbmgr/include/Grid.h:1695) Grid dmc configured.
2019-09-23 05:07:28,820 null [INFO] (/home/meteo/dev/redist/fwidbmgr/include/Grid.h:1595) Configuring grid: dc
2019-09-23 05:07:28,820 null [INFO] (/home/meteo/dev/redist/fwidbmgr/include/Grid.h:1695) Grid dc configured.
2019-09-23 05:07:28,822 null [INFO] (/home/meteo/dev/redist/fwidbmgr/include/Grid.h:1595) Configuring grid: bui
2019-09-23 05:07:28,822 null [INFO] (/home/meteo/dev/redist/fwidbmgr/include/Grid.h:1695) Grid bui configured.
2019-09-23 05:07:28,824 null [INFO] (/home/meteo/dev/redist/fwidbmgr/include/Grid.h:1595) Configuring grid: ffmc_tmp
2019-09-23 05:07:28,824 null [INFO] (/home/meteo/dev/redist/fwidbmgr/include/Grid.h:1695) Grid ffmc_tmp configured.
2019-09-23 05:07:28,825 null [INFO] (/home/meteo/dev/redist/fwidbmgr/include/Grid.h:1595) Configuring grid: dmc_tmp
2019-09-23 05:07:28,825 null [INFO] (/home/meteo/dev/redist/fwidbmgr/include/Grid.h:1695) Grid dmc_tmp configured.
2019-09-23 05:07:28,826 null [INFO] (/home/meteo/dev/redist/fwidbmgr/include/Grid.h:1595) Configuring grid: dc_tmp
2019-09-23 05:07:28,826 null [INFO] (/home/meteo/dev/redist/fwidbmgr/include/Grid.h:1695) Grid dc_tmp configured.
2019-09-23 05:07:28,827 null [INFO] (/home/meteo/dev/redist/fwidbmgr/include/Grid.h:1595) Configuring grid: idi
2019-09-23 05:07:28,827 null [INFO] (/home/meteo/dev/redist/fwidbmgr/include/Grid.h:1695) Grid idi configured.
2019-09-23 05:07:28,828 null [INFO] (/home/meteo/dev/redist/fwidbmgr/include/Grid.h:1595) Configuring grid: angstrom
2019-09-23 05:07:28,828 null [INFO] (/home/meteo/dev/redist/fwidbmgr/include/Grid.h:1695) Grid angstrom configured.
2019-09-23 05:07:28,829 null [INFO] (/home/meteo/dev/redist/fwidbmgr/include/Grid.h:1595) Configuring grid: fmi
2019-09-23 05:07:28,829 null [INFO] (/home/meteo/dev/redist/fwidbmgr/include/Grid.h:1695) Grid fmi configured.
2019-09-23 05:07:28,830 null [INFO] (/home/meteo/dev/redist/fwidbmgr/include/Grid.h:1595) Configuring grid: sharples
2019-09-23 05:07:28,830 null [INFO] (/home/meteo/dev/redist/fwidbmgr/include/Grid.h:1695) Grid sharples configured.
2019-09-23 05:07:32,835 null [INFO] (/home/meteo/dev/redist/fwidbmgr/include/Grid.h:1595) Configuring grid: isi
2019-09-23 05:07:32,836 null [INFO] (/home/meteo/dev/redist/fwidbmgr/include/Grid.h:1695) Grid isi configured.
2019-09-23 05:07:32,856 null [INFO] (/home/meteo/dev/redist/fwidbmgr/include/Grid.h:1595) Configuring grid: fwi
2019-09-23 05:07:32,856 null [INFO] (/home/meteo/dev/redist/fwidbmgr/include/Grid.h:1695) Grid fwi configured.
2019-09-23 05:07:32,878 null [INFO] (/home/meteo/dev/redist/fwidbmgr/include/Grid.h:1595) Configuring grid: ffmc
2019-09-23 05:07:32,878 null [INFO] (/home/meteo/dev/redist/fwidbmgr/include/Grid.h:1695) Grid ffmc configured.
2019-09-23 05:07:32,898 null [INFO] (/home/meteo/dev/redist/fwidbmgr/include/Grid.h:1595) Configuring grid: dmc
2019-09-23 05:07:32,898 null [INFO] (/home/meteo/dev/redist/fwidbmgr/include/Grid.h:1695) Grid dmc configured.
2019-09-23 05:07:32,918 null [INFO] (/home/meteo/dev/redist/fwidbmgr/include/Grid.h:1595) Configuring grid: dc
2019-09-23 05:07:32,918 null [INFO] (/home/meteo/dev/redist/fwidbmgr/include/Grid.h:1695) Grid dc configured.
2019-09-23 05:07:32,938 null [INFO] (/home/meteo/dev/redist/fwidbmgr/include/Grid.h:1595) Configuring grid: bui
2019-09-23 05:07:32,939 null [INFO] (/home/meteo/dev/redist/fwidbmgr/include/Grid.h:1695) Grid bui configured.
2019-09-23 05:07:32,959 null [INFO] (/home/meteo/dev/redist/fwidbmgr/include/Grid.h:1595) Configuring grid: ffmc_tmp
2019-09-23 05:07:32,959 null [INFO] (/home/meteo/dev/redist/fwidbmgr/include/Grid.h:1695) Grid ffmc_tmp configured.
2019-09-23 05:07:32,979 null [INFO] (/home/meteo/dev/redist/fwidbmgr/include/Grid.h:1595) Configuring grid: dmc_tmp
2019-09-23 05:07:32,979 null [INFO] (/home/meteo/dev/redist/fwidbmgr/include/Grid.h:1695) Grid dmc_tmp configured.
2019-09-23 05:07:32,998 null [INFO] (/home/meteo/dev/redist/fwidbmgr/include/Grid.h:1595) Configuring grid: dc_tmp
2019-09-23 05:07:32,998 null [INFO] (/home/meteo/dev/redist/fwidbmgr/include/Grid.h:1695) Grid dc_tmp configured.
2019-09-23 05:07:33,018 null [INFO] (/home/meteo/dev/redist/fwidbmgr/include/Grid.h:1595) Configuring grid: angstrom
2019-09-23 05:07:33,018 null [INFO] (/home/meteo/dev/redist/fwidbmgr/include/Grid.h:1695) Grid angstrom configured.
2019-09-23 05:07:33,046 null [INFO] (/home/meteo/dev/redist/fwidbmgr/include/Grid.h:1595) Configuring grid: sharples
2019-09-23 05:07:33,046 null [INFO] (/home/meteo/dev/redist/fwidbmgr/include/Grid.h:1695) Grid sharples configured.
2019-09-23 05:07:33,066 null [INFO] (/home/meteo/dev/redist/fwidbmgr/include/Grid.h:1595) Configuring grid: fmi
2019-09-23 05:07:33,066 null [INFO] (/home/meteo/dev/redist/fwidbmgr/include/Grid.h:1695) Grid fmi configured.
2019-09-23 05:07:33,085 null [INFO] (../src/fwidbmgr.cpp:5600) OK --> 20190922 indexes exported to files.
2019-09-23 05:07:33,085 null [INFO] (../src/fwidbmgr.cpp:5695) action exportidx took about 5 seconds.
2019-09-23 05:07:33,086 null [INFO] (../src/fwidbmgr.cpp:5699) Disconnected from database.
2019-09-23 05:07:47,139 null [INFO] (../src/fwidbmgr.cpp:5361) fwi db manager
2019-09-23 05:07:47,139 null [INFO] (../src/fwidbmgr.cpp:5365) Program home: /home/meteo/dev/redist/fwidbmgr
2019-09-23 05:07:47,139 null [INFO] (../src/fwidbmgr.cpp:5369) Auto convert: 1
2019-09-23 05:07:47,139 null [INFO] (../src/fwidbmgr.cpp:446) action: outimg.
2019-09-23 05:07:47,139 null [INFO] (../src/fwidbmgr.cpp:470) date: 20190922.
2019-09-23 05:07:47,139 null [INFO] (../src/fwidbmgr.cpp:322) Try to read: /home/meteo/dev/redist/fwidbmgr/config/fwidbmgr.conf.
2019-09-23 05:07:47,141 null [INFO] (../src/fwidbmgr.cpp:5393) Configuration parsing: OK.
2019-09-23 05:07:47,144 null [INFO] (../src/fwidbmgr.cpp:5478) Connected to database
2019-09-23 05:07:47,144 null [INFO] (../src/fwidbmgr.cpp:5480) Manage data for date: 20190922.
2019-09-23 05:07:47,145 null [INFO] (../src/fwidbmgr.cpp:5566) Importing fwi indexes images in database.
2019-09-23 05:07:47,249 null [INFO] (../src/fwidbmgr.cpp:5570) OK --> 20190922 images imported.
2019-09-23 05:07:47,249 null [INFO] (../src/fwidbmgr.cpp:5695) action outimg took about 0 seconds.
2019-09-23 05:07:47,250 null [INFO] (../src/fwidbmgr.cpp:5699) Disconnected from database.
2019-09-23 05:37:01,581 null [INFO] (../src/fwidbmgr.cpp:5361) fwi db manager
2019-09-23 05:37:01,581 null [INFO] (../src/fwidbmgr.cpp:5365) Program home: /home/meteo/dev/redist/fwidbmgr
2019-09-23 05:37:01,581 null [INFO] (../src/fwidbmgr.cpp:5369) Auto convert: 1
2019-09-23 05:37:01,582 null [INFO] (../src/fwidbmgr.cpp:446) action: outimg.
2019-09-23 05:37:01,582 null [INFO] (../src/fwidbmgr.cpp:470) date: 20190922.
2019-09-23 05:37:01,582 null [INFO] (../src/fwidbmgr.cpp:322) Try to read: /home/meteo/dev/redist/fwidbmgr/config/fwidbmgr.conf.
2019-09-23 05:37:01,583 null [INFO] (../src/fwidbmgr.cpp:5393) Configuration parsing: OK.
2019-09-23 05:37:01,589 null [INFO] (../src/fwidbmgr.cpp:5478) Connected to database
2019-09-23 05:37:01,589 null [INFO] (../src/fwidbmgr.cpp:5480) Manage data for date: 20190922.
2019-09-23 05:37:01,589 null [INFO] (../src/fwidbmgr.cpp:5566) Importing fwi indexes images in database.
2019-09-23 05:37:01,639 null [INFO] (../src/fwidbmgr.cpp:5570) OK --> 20190922 images imported.
2019-09-23 05:37:01,639 null [INFO] (../src/fwidbmgr.cpp:5695) action outimg took about 0 seconds.
2019-09-23 05:37:01,639 null [INFO] (../src/fwidbmgr.cpp:5699) Disconnected from database.
2019-09-23 06:05:01,817 null [INFO] (../src/fwidbmgr.cpp:5361) fwi db manager
2019-09-23 06:05:01,817 null [INFO] (../src/fwidbmgr.cpp:5365) Program home: /home/meteo/dev/redist/fwidbmgr
2019-09-23 06:05:01,817 null [INFO] (../src/fwidbmgr.cpp:5369) Auto convert: 1
2019-09-23 06:05:01,817 null [INFO] (../src/fwidbmgr.cpp:446) action: outimg.
2019-09-23 06:05:01,817 null [INFO] (../src/fwidbmgr.cpp:470) date: 20190922.
2019-09-23 06:05:01,817 null [INFO] (../src/fwidbmgr.cpp:322) Try to read: /home/meteo/dev/redist/fwidbmgr/config/fwidbmgr.conf.
2019-09-23 06:05:01,818 null [INFO] (../src/fwidbmgr.cpp:5393) Configuration parsing: OK.
2019-09-23 06:05:01,821 null [INFO] (../src/fwidbmgr.cpp:5478) Connected to database
2019-09-23 06:05:01,821 null [INFO] (../src/fwidbmgr.cpp:5480) Manage data for date: 20190922.
2019-09-23 06:05:01,821 null [INFO] (../src/fwidbmgr.cpp:5566) Importing fwi indexes images in database.
2019-09-23 06:05:01,862 null [INFO] (../src/fwidbmgr.cpp:5570) OK --> 20190922 images imported.
2019-09-23 06:05:01,862 null [INFO] (../src/fwidbmgr.cpp:5695) action outimg took about 0 seconds.
2019-09-23 06:05:01,862 null [INFO] (../src/fwidbmgr.cpp:5699) Disconnected from database.
2019-09-23 06:37:02,041 null [INFO] (../src/fwidbmgr.cpp:5361) fwi db manager
2019-09-23 06:37:02,041 null [INFO] (../src/fwidbmgr.cpp:5365) Program home: /home/meteo/dev/redist/fwidbmgr
2019-09-23 06:37:02,041 null [INFO] (../src/fwidbmgr.cpp:5369) Auto convert: 1
2019-09-23 06:37:02,041 null [INFO] (../src/fwidbmgr.cpp:446) action: outimg.
2019-09-23 06:37:02,041 null [INFO] (../src/fwidbmgr.cpp:470) date: 20190922.
2019-09-23 06:37:02,041 null [INFO] (../src/fwidbmgr.cpp:322) Try to read: /home/meteo/dev/redist/fwidbmgr/config/fwidbmgr.conf.
2019-09-23 06:37:02,042 null [INFO] (../src/fwidbmgr.cpp:5393) Configuration parsing: OK.
2019-09-23 06:37:02,045 null [INFO] (../src/fwidbmgr.cpp:5478) Connected to database
2019-09-23 06:37:02,045 null [INFO] (../src/fwidbmgr.cpp:5480) Manage data for date: 20190922.
2019-09-23 06:37:02,045 null [INFO] (../src/fwidbmgr.cpp:5566) Importing fwi indexes images in database.
2019-09-23 06:37:02,087 null [INFO] (../src/fwidbmgr.cpp:5570) OK --> 20190922 images imported.
2019-09-23 06:37:02,087 null [INFO] (../src/fwidbmgr.cpp:5695) action outimg took about 0 seconds.
2019-09-23 06:37:02,087 null [INFO] (../src/fwidbmgr.cpp:5699) Disconnected from database.
2019-09-23 07:05:01,769 null [INFO] (../src/fwidbmgr.cpp:5361) fwi db manager
2019-09-23 07:05:01,769 null [INFO] (../src/fwidbmgr.cpp:5365) Program home: /home/meteo/dev/redist/fwidbmgr
2019-09-23 07:05:01,769 null [INFO] (../src/fwidbmgr.cpp:5369) Auto convert: 1
2019-09-23 07:05:01,769 null [INFO] (../src/fwidbmgr.cpp:446) action: outimg.
2019-09-23 07:05:01,769 null [INFO] (../src/fwidbmgr.cpp:470) date: 20190922.
2019-09-23 07:05:01,769 null [INFO] (../src/fwidbmgr.cpp:322) Try to read: /home/meteo/dev/redist/fwidbmgr/config/fwidbmgr.conf.
2019-09-23 07:05:01,771 null [INFO] (../src/fwidbmgr.cpp:5393) Configuration parsing: OK.
2019-09-23 07:05:01,775 null [INFO] (../src/fwidbmgr.cpp:5478) Connected to database
2019-09-23 07:05:01,775 null [INFO] (../src/fwidbmgr.cpp:5480) Manage data for date: 20190922.
2019-09-23 07:05:01,775 null [INFO] (../src/fwidbmgr.cpp:5566) Importing fwi indexes images in database.
2019-09-23 07:05:01,809 null [INFO] (../src/fwidbmgr.cpp:5570) OK --> 20190922 images imported.
2019-09-23 07:05:01,809 null [INFO] (../src/fwidbmgr.cpp:5695) action outimg took about 0 seconds.
2019-09-23 07:05:01,810 null [INFO] (../src/fwidbmgr.cpp:5699) Disconnected from database.
2019-09-23 07:37:01,979 null [INFO] (../src/fwidbmgr.cpp:5361) fwi db manager
2019-09-23 07:37:01,979 null [INFO] (../src/fwidbmgr.cpp:5365) Program home: /home/meteo/dev/redist/fwidbmgr
2019-09-23 07:37:01,980 null [INFO] (../src/fwidbmgr.cpp:5369) Auto convert: 1
2019-09-23 07:37:01,980 null [INFO] (../src/fwidbmgr.cpp:446) action: outimg.
2019-09-23 07:37:01,980 null [INFO] (../src/fwidbmgr.cpp:470) date: 20190922.
2019-09-23 07:37:01,980 null [INFO] (../src/fwidbmgr.cpp:322) Try to read: /home/meteo/dev/redist/fwidbmgr/config/fwidbmgr.conf.
2019-09-23 07:37:01,982 null [INFO] (../src/fwidbmgr.cpp:5393) Configuration parsing: OK.
2019-09-23 07:37:01,988 null [INFO] (../src/fwidbmgr.cpp:5478) Connected to database
2019-09-23 07:37:01,988 null [INFO] (../src/fwidbmgr.cpp:5480) Manage data for date: 20190922.
2019-09-23 07:37:01,989 null [INFO] (../src/fwidbmgr.cpp:5566) Importing fwi indexes images in database.
2019-09-23 07:37:02,027 null [INFO] (../src/fwidbmgr.cpp:5570) OK --> 20190922 images imported.
2019-09-23 07:37:02,027 null [INFO] (../src/fwidbmgr.cpp:5695) action outimg took about 1 seconds.
2019-09-23 07:37:02,027 null [INFO] (../src/fwidbmgr.cpp:5699) Disconnected from database.
