2018-01-13 04:06:48,877 null [INFO] (../src/fwidbmgr.cpp:5361) fwi db manager
2018-01-13 04:06:48,877 null [INFO] (../src/fwidbmgr.cpp:5365) Program home: /home/meteo/dev/redist/fwidbmgr
2018-01-13 04:06:48,877 null [INFO] (../src/fwidbmgr.cpp:5369) Auto convert: 1
2018-01-13 04:06:48,877 null [INFO] (../src/fwidbmgr.cpp:446) action: in.
2018-01-13 04:06:48,877 null [INFO] (../src/fwidbmgr.cpp:470) date: 20180112.
2018-01-13 04:06:48,877 null [INFO] (../src/fwidbmgr.cpp:322) Try to read: /home/meteo/dev/redist/fwidbmgr/config/fwidbmgr.conf.
2018-01-13 04:06:48,895 null [INFO] (../src/fwidbmgr.cpp:5393) Configuration parsing: OK.
2018-01-13 04:06:48,900 null [INFO] (../src/fwidbmgr.cpp:5478) Connected to database
2018-01-13 04:06:48,900 null [INFO] (../src/fwidbmgr.cpp:5480) Manage data for date: 20180112.
2018-01-13 04:06:48,900 null [INFO] (../src/fwidbmgr.cpp:5536) Importing meteo data in database for day: 20180112.
2018-01-13 04:06:48,902 null [INFO] (/home/meteo/dev/redist/fwidbmgr/include/Grid.h:1595) Configuring grid: snow
2018-01-13 04:06:48,902 null [INFO] (/home/meteo/dev/redist/fwidbmgr/include/Grid.h:1695) Grid snow configured.
2018-01-13 04:06:48,914 null [INFO] (/home/meteo/dev/redist/fwidbmgr/include/Grid.h:1595) Configuring grid: snow_covering
2018-01-13 04:06:48,914 null [INFO] (/home/meteo/dev/redist/fwidbmgr/include/Grid.h:1695) Grid snow_covering configured.
2018-01-13 04:06:48,928 null [INFO] (/home/meteo/dev/redist/fwidbmgr/include/Grid.h:1595) Configuring grid: snow_dissolution
2018-01-13 04:06:48,928 null [INFO] (/home/meteo/dev/redist/fwidbmgr/include/Grid.h:1695) Grid snow_dissolution configured.
2018-01-13 04:06:48,952 null [INFO] (/home/meteo/dev/redist/fwidbmgr/include/Grid.h:1595) Configuring grid: temperature
2018-01-13 04:06:48,952 null [INFO] (/home/meteo/dev/redist/fwidbmgr/include/Grid.h:1695) Grid temperature configured.
2018-01-13 04:06:48,957 null [INFO] (/home/meteo/dev/redist/fwidbmgr/include/Grid.h:1595) Configuring grid: humidity
2018-01-13 04:06:48,957 null [INFO] (/home/meteo/dev/redist/fwidbmgr/include/Grid.h:1695) Grid humidity configured.
2018-01-13 04:06:48,968 null [INFO] (/home/meteo/dev/redist/fwidbmgr/include/Grid.h:1595) Configuring grid: windspeed
2018-01-13 04:06:48,968 null [INFO] (/home/meteo/dev/redist/fwidbmgr/include/Grid.h:1695) Grid windspeed configured.
2018-01-13 04:06:48,991 null [INFO] (/home/meteo/dev/redist/fwidbmgr/include/Grid.h:1595) Configuring grid: rain
2018-01-13 04:06:48,991 null [INFO] (/home/meteo/dev/redist/fwidbmgr/include/Grid.h:1695) Grid rain configured.
2018-01-13 04:06:48,994 null [INFO] (/home/meteo/dev/redist/fwidbmgr/include/Grid.h:1595) Configuring grid: cum_rain
2018-01-13 04:06:48,994 null [INFO] (/home/meteo/dev/redist/fwidbmgr/include/Grid.h:1695) Grid cum_rain configured.
2018-01-13 04:06:49,603 null [INFO] (../src/fwidbmgr.cpp:1518) Storing meteo input ...
2018-01-13 04:07:01,972 null [INFO] (../src/fwidbmgr.cpp:5540) OK --> 20180112 data imported.
2018-01-13 04:07:01,999 null [INFO] (../src/fwidbmgr.cpp:5695) action in took about 13 seconds.
2018-01-13 04:07:02,069 null [INFO] (../src/fwidbmgr.cpp:5699) Disconnected from database.
2018-01-13 04:08:20,751 null [INFO] (../src/fwidbmgr.cpp:5361) fwi db manager
2018-01-13 04:08:20,752 null [INFO] (../src/fwidbmgr.cpp:5365) Program home: /home/meteo/dev/redist/fwidbmgr
2018-01-13 04:08:20,752 null [INFO] (../src/fwidbmgr.cpp:5369) Auto convert: 1
2018-01-13 04:08:20,752 null [INFO] (../src/fwidbmgr.cpp:446) action: out.
2018-01-13 04:08:20,752 null [INFO] (../src/fwidbmgr.cpp:470) date: 20180112.
2018-01-13 04:08:20,752 null [INFO] (../src/fwidbmgr.cpp:322) Try to read: /home/meteo/dev/redist/fwidbmgr/config/fwidbmgr.conf.
2018-01-13 04:08:20,757 null [INFO] (../src/fwidbmgr.cpp:5393) Configuration parsing: OK.
2018-01-13 04:08:20,776 null [INFO] (../src/fwidbmgr.cpp:5478) Connected to database
2018-01-13 04:08:20,776 null [INFO] (../src/fwidbmgr.cpp:5480) Manage data for date: 20180112.
2018-01-13 04:08:20,776 null [INFO] (../src/fwidbmgr.cpp:5551) Importing fwi indexes data in database for day: 20180112.
2018-01-13 04:08:20,778 null [INFO] (/home/meteo/dev/redist/fwidbmgr/include/Grid.h:1595) Configuring grid: isi
2018-01-13 04:08:20,778 null [INFO] (/home/meteo/dev/redist/fwidbmgr/include/Grid.h:1695) Grid isi configured.
2018-01-13 04:08:20,792 null [INFO] (/home/meteo/dev/redist/fwidbmgr/include/Grid.h:1595) Configuring grid: fwi
2018-01-13 04:08:20,792 null [INFO] (/home/meteo/dev/redist/fwidbmgr/include/Grid.h:1695) Grid fwi configured.
2018-01-13 04:08:20,805 null [INFO] (/home/meteo/dev/redist/fwidbmgr/include/Grid.h:1595) Configuring grid: ffmc
2018-01-13 04:08:20,805 null [INFO] (/home/meteo/dev/redist/fwidbmgr/include/Grid.h:1695) Grid ffmc configured.
2018-01-13 04:08:20,820 null [INFO] (/home/meteo/dev/redist/fwidbmgr/include/Grid.h:1595) Configuring grid: dmc
2018-01-13 04:08:20,821 null [INFO] (/home/meteo/dev/redist/fwidbmgr/include/Grid.h:1695) Grid dmc configured.
2018-01-13 04:08:20,833 null [INFO] (/home/meteo/dev/redist/fwidbmgr/include/Grid.h:1595) Configuring grid: dc
2018-01-13 04:08:20,834 null [INFO] (/home/meteo/dev/redist/fwidbmgr/include/Grid.h:1695) Grid dc configured.
2018-01-13 04:08:20,850 null [INFO] (/home/meteo/dev/redist/fwidbmgr/include/Grid.h:1595) Configuring grid: bui
2018-01-13 04:08:20,850 null [INFO] (/home/meteo/dev/redist/fwidbmgr/include/Grid.h:1695) Grid bui configured.
2018-01-13 04:08:20,863 null [INFO] (/home/meteo/dev/redist/fwidbmgr/include/Grid.h:1595) Configuring grid: ffmc_tmp
2018-01-13 04:08:20,863 null [INFO] (/home/meteo/dev/redist/fwidbmgr/include/Grid.h:1695) Grid ffmc_tmp configured.
2018-01-13 04:08:20,890 null [INFO] (/home/meteo/dev/redist/fwidbmgr/include/Grid.h:1595) Configuring grid: dmc_tmp
2018-01-13 04:08:20,890 null [INFO] (/home/meteo/dev/redist/fwidbmgr/include/Grid.h:1695) Grid dmc_tmp configured.
2018-01-13 04:08:20,910 null [INFO] (/home/meteo/dev/redist/fwidbmgr/include/Grid.h:1595) Configuring grid: dc_tmp
2018-01-13 04:08:20,910 null [INFO] (/home/meteo/dev/redist/fwidbmgr/include/Grid.h:1695) Grid dc_tmp configured.
2018-01-13 04:08:20,931 null [INFO] (/home/meteo/dev/redist/fwidbmgr/include/Grid.h:1595) Configuring grid: idi
2018-01-13 04:08:20,931 null [INFO] (/home/meteo/dev/redist/fwidbmgr/include/Grid.h:1695) Grid idi configured.
2018-01-13 04:08:21,471 null [INFO] (../src/fwidbmgr.cpp:2081) Storing FWI indexes ...
2018-01-13 04:08:28,142 null [INFO] (../src/fwidbmgr.cpp:5555) OK --> 20180112 data imported.
2018-01-13 04:08:28,142 null [INFO] (../src/fwidbmgr.cpp:5695) action out took about 8 seconds.
2018-01-13 04:08:28,143 null [INFO] (../src/fwidbmgr.cpp:5699) Disconnected from database.
2018-01-13 04:08:28,158 null [INFO] (../src/fwidbmgr.cpp:5361) fwi db manager
2018-01-13 04:08:28,159 null [INFO] (../src/fwidbmgr.cpp:5365) Program home: /home/meteo/dev/redist/fwidbmgr
2018-01-13 04:08:28,159 null [INFO] (../src/fwidbmgr.cpp:5369) Auto convert: 1
2018-01-13 04:08:28,159 null [INFO] (../src/fwidbmgr.cpp:446) action: computeidx.
2018-01-13 04:08:28,159 null [INFO] (../src/fwidbmgr.cpp:470) date: 20180112.
2018-01-13 04:08:28,159 null [INFO] (../src/fwidbmgr.cpp:322) Try to read: /home/meteo/dev/redist/fwidbmgr/config/fwidbmgr.conf.
2018-01-13 04:08:28,161 null [INFO] (../src/fwidbmgr.cpp:5393) Configuration parsing: OK.
2018-01-13 04:08:28,164 null [INFO] (../src/fwidbmgr.cpp:5478) Connected to database
2018-01-13 04:08:28,164 null [INFO] (../src/fwidbmgr.cpp:5480) Manage data for date: 20180112.
2018-01-13 04:08:28,164 null [INFO] (../src/fwidbmgr.cpp:5656) Computing indexes.
2018-01-13 04:08:28,166 null [INFO] (/home/meteo/dev/redist/fwidbmgr/include/Grid.h:1595) Configuring grid: isi
2018-01-13 04:08:28,166 null [INFO] (/home/meteo/dev/redist/fwidbmgr/include/Grid.h:1695) Grid isi configured.
2018-01-13 04:08:28,167 null [INFO] (/home/meteo/dev/redist/fwidbmgr/include/Grid.h:1595) Configuring grid: fwi
2018-01-13 04:08:28,167 null [INFO] (/home/meteo/dev/redist/fwidbmgr/include/Grid.h:1695) Grid fwi configured.
2018-01-13 04:08:28,169 null [INFO] (/home/meteo/dev/redist/fwidbmgr/include/Grid.h:1595) Configuring grid: ffmc
2018-01-13 04:08:28,169 null [INFO] (/home/meteo/dev/redist/fwidbmgr/include/Grid.h:1695) Grid ffmc configured.
2018-01-13 04:08:28,171 null [INFO] (/home/meteo/dev/redist/fwidbmgr/include/Grid.h:1595) Configuring grid: dmc
2018-01-13 04:08:28,171 null [INFO] (/home/meteo/dev/redist/fwidbmgr/include/Grid.h:1695) Grid dmc configured.
2018-01-13 04:08:28,172 null [INFO] (/home/meteo/dev/redist/fwidbmgr/include/Grid.h:1595) Configuring grid: dc
2018-01-13 04:08:28,173 null [INFO] (/home/meteo/dev/redist/fwidbmgr/include/Grid.h:1695) Grid dc configured.
2018-01-13 04:08:28,174 null [INFO] (/home/meteo/dev/redist/fwidbmgr/include/Grid.h:1595) Configuring grid: bui
2018-01-13 04:08:28,174 null [INFO] (/home/meteo/dev/redist/fwidbmgr/include/Grid.h:1695) Grid bui configured.
2018-01-13 04:08:28,176 null [INFO] (/home/meteo/dev/redist/fwidbmgr/include/Grid.h:1595) Configuring grid: ffmc_tmp
2018-01-13 04:08:28,176 null [INFO] (/home/meteo/dev/redist/fwidbmgr/include/Grid.h:1695) Grid ffmc_tmp configured.
2018-01-13 04:08:28,177 null [INFO] (/home/meteo/dev/redist/fwidbmgr/include/Grid.h:1595) Configuring grid: dmc_tmp
2018-01-13 04:08:28,177 null [INFO] (/home/meteo/dev/redist/fwidbmgr/include/Grid.h:1695) Grid dmc_tmp configured.
2018-01-13 04:08:28,179 null [INFO] (/home/meteo/dev/redist/fwidbmgr/include/Grid.h:1595) Configuring grid: dc_tmp
2018-01-13 04:08:28,179 null [INFO] (/home/meteo/dev/redist/fwidbmgr/include/Grid.h:1695) Grid dc_tmp configured.
2018-01-13 04:08:28,181 null [INFO] (/home/meteo/dev/redist/fwidbmgr/include/Grid.h:1595) Configuring grid: idi
2018-01-13 04:08:28,181 null [INFO] (/home/meteo/dev/redist/fwidbmgr/include/Grid.h:1695) Grid idi configured.
2018-01-13 04:08:28,182 null [INFO] (/home/meteo/dev/redist/fwidbmgr/include/Grid.h:1595) Configuring grid: angstrom
2018-01-13 04:08:28,182 null [INFO] (/home/meteo/dev/redist/fwidbmgr/include/Grid.h:1695) Grid angstrom configured.
2018-01-13 04:08:28,183 null [INFO] (/home/meteo/dev/redist/fwidbmgr/include/Grid.h:1595) Configuring grid: fmi
2018-01-13 04:08:28,184 null [INFO] (/home/meteo/dev/redist/fwidbmgr/include/Grid.h:1695) Grid fmi configured.
2018-01-13 04:08:28,185 null [INFO] (/home/meteo/dev/redist/fwidbmgr/include/Grid.h:1595) Configuring grid: sharples
2018-01-13 04:08:28,185 null [INFO] (/home/meteo/dev/redist/fwidbmgr/include/Grid.h:1695) Grid sharples configured.
2018-01-13 04:08:28,817 null [INFO] (/home/meteo/dev/redist/fwidbmgr/include/Grid.h:1595) Configuring grid: snow
2018-01-13 04:08:28,817 null [INFO] (/home/meteo/dev/redist/fwidbmgr/include/Grid.h:1695) Grid snow configured.
2018-01-13 04:08:28,817 null [INFO] (/home/meteo/dev/redist/fwidbmgr/include/Grid.h:1595) Configuring grid: snow_covering
2018-01-13 04:08:28,817 null [INFO] (/home/meteo/dev/redist/fwidbmgr/include/Grid.h:1695) Grid snow_covering configured.
2018-01-13 04:08:28,817 null [INFO] (/home/meteo/dev/redist/fwidbmgr/include/Grid.h:1595) Configuring grid: snow_dissolution
2018-01-13 04:08:28,817 null [INFO] (/home/meteo/dev/redist/fwidbmgr/include/Grid.h:1695) Grid snow_dissolution configured.
2018-01-13 04:08:28,817 null [INFO] (/home/meteo/dev/redist/fwidbmgr/include/Grid.h:1595) Configuring grid: temperature
2018-01-13 04:08:28,817 null [INFO] (/home/meteo/dev/redist/fwidbmgr/include/Grid.h:1695) Grid temperature configured.
2018-01-13 04:08:28,817 null [INFO] (/home/meteo/dev/redist/fwidbmgr/include/Grid.h:1595) Configuring grid: humidity
2018-01-13 04:08:28,817 null [INFO] (/home/meteo/dev/redist/fwidbmgr/include/Grid.h:1695) Grid humidity configured.
2018-01-13 04:08:28,817 null [INFO] (/home/meteo/dev/redist/fwidbmgr/include/Grid.h:1595) Configuring grid: windspeed
2018-01-13 04:08:28,818 null [INFO] (/home/meteo/dev/redist/fwidbmgr/include/Grid.h:1695) Grid windspeed configured.
2018-01-13 04:08:28,818 null [INFO] (/home/meteo/dev/redist/fwidbmgr/include/Grid.h:1595) Configuring grid: rain
2018-01-13 04:08:28,818 null [INFO] (/home/meteo/dev/redist/fwidbmgr/include/Grid.h:1695) Grid rain configured.
2018-01-13 04:08:28,818 null [INFO] (/home/meteo/dev/redist/fwidbmgr/include/Grid.h:1595) Configuring grid: cum_rain
2018-01-13 04:08:28,818 null [INFO] (/home/meteo/dev/redist/fwidbmgr/include/Grid.h:1695) Grid cum_rain configured.
2018-01-13 04:10:27,810 null [INFO] (../src/fwidbmgr.cpp:5660) OK --> 20180112 indexes computed.
2018-01-13 04:10:27,811 null [INFO] (../src/fwidbmgr.cpp:5695) action computeidx took about 119 seconds.
2018-01-13 04:10:27,811 null [INFO] (../src/fwidbmgr.cpp:5699) Disconnected from database.
2018-01-13 04:10:27,834 null [INFO] (../src/fwidbmgr.cpp:5361) fwi db manager
2018-01-13 04:10:27,834 null [INFO] (../src/fwidbmgr.cpp:5365) Program home: /home/meteo/dev/redist/fwidbmgr
2018-01-13 04:10:27,834 null [INFO] (../src/fwidbmgr.cpp:5369) Auto convert: 1
2018-01-13 04:10:27,834 null [INFO] (../src/fwidbmgr.cpp:446) action: exportidx.
2018-01-13 04:10:27,834 null [INFO] (../src/fwidbmgr.cpp:470) date: 20180112.
2018-01-13 04:10:27,834 null [INFO] (../src/fwidbmgr.cpp:322) Try to read: /home/meteo/dev/redist/fwidbmgr/config/fwidbmgr.conf.
2018-01-13 04:10:27,836 null [INFO] (../src/fwidbmgr.cpp:5393) Configuration parsing: OK.
2018-01-13 04:10:27,840 null [INFO] (../src/fwidbmgr.cpp:5478) Connected to database
2018-01-13 04:10:27,840 null [INFO] (../src/fwidbmgr.cpp:5480) Manage data for date: 20180112.
2018-01-13 04:10:27,840 null [INFO] (../src/fwidbmgr.cpp:5596) Exporting indexes.
2018-01-13 04:10:27,842 null [INFO] (/home/meteo/dev/redist/fwidbmgr/include/Grid.h:1595) Configuring grid: isi
2018-01-13 04:10:27,842 null [INFO] (/home/meteo/dev/redist/fwidbmgr/include/Grid.h:1695) Grid isi configured.
2018-01-13 04:10:27,844 null [INFO] (/home/meteo/dev/redist/fwidbmgr/include/Grid.h:1595) Configuring grid: fwi
2018-01-13 04:10:27,844 null [INFO] (/home/meteo/dev/redist/fwidbmgr/include/Grid.h:1695) Grid fwi configured.
2018-01-13 04:10:27,845 null [INFO] (/home/meteo/dev/redist/fwidbmgr/include/Grid.h:1595) Configuring grid: ffmc
2018-01-13 04:10:27,845 null [INFO] (/home/meteo/dev/redist/fwidbmgr/include/Grid.h:1695) Grid ffmc configured.
2018-01-13 04:10:27,847 null [INFO] (/home/meteo/dev/redist/fwidbmgr/include/Grid.h:1595) Configuring grid: dmc
2018-01-13 04:10:27,847 null [INFO] (/home/meteo/dev/redist/fwidbmgr/include/Grid.h:1695) Grid dmc configured.
2018-01-13 04:10:27,848 null [INFO] (/home/meteo/dev/redist/fwidbmgr/include/Grid.h:1595) Configuring grid: dc
2018-01-13 04:10:27,848 null [INFO] (/home/meteo/dev/redist/fwidbmgr/include/Grid.h:1695) Grid dc configured.
2018-01-13 04:10:27,850 null [INFO] (/home/meteo/dev/redist/fwidbmgr/include/Grid.h:1595) Configuring grid: bui
2018-01-13 04:10:27,850 null [INFO] (/home/meteo/dev/redist/fwidbmgr/include/Grid.h:1695) Grid bui configured.
2018-01-13 04:10:27,851 null [INFO] (/home/meteo/dev/redist/fwidbmgr/include/Grid.h:1595) Configuring grid: ffmc_tmp
2018-01-13 04:10:27,851 null [INFO] (/home/meteo/dev/redist/fwidbmgr/include/Grid.h:1695) Grid ffmc_tmp configured.
2018-01-13 04:10:27,853 null [INFO] (/home/meteo/dev/redist/fwidbmgr/include/Grid.h:1595) Configuring grid: dmc_tmp
2018-01-13 04:10:27,853 null [INFO] (/home/meteo/dev/redist/fwidbmgr/include/Grid.h:1695) Grid dmc_tmp configured.
2018-01-13 04:10:27,854 null [INFO] (/home/meteo/dev/redist/fwidbmgr/include/Grid.h:1595) Configuring grid: dc_tmp
2018-01-13 04:10:27,854 null [INFO] (/home/meteo/dev/redist/fwidbmgr/include/Grid.h:1695) Grid dc_tmp configured.
2018-01-13 04:10:27,856 null [INFO] (/home/meteo/dev/redist/fwidbmgr/include/Grid.h:1595) Configuring grid: idi
2018-01-13 04:10:27,856 null [INFO] (/home/meteo/dev/redist/fwidbmgr/include/Grid.h:1695) Grid idi configured.
2018-01-13 04:10:27,857 null [INFO] (/home/meteo/dev/redist/fwidbmgr/include/Grid.h:1595) Configuring grid: angstrom
2018-01-13 04:10:27,857 null [INFO] (/home/meteo/dev/redist/fwidbmgr/include/Grid.h:1695) Grid angstrom configured.
2018-01-13 04:10:27,858 null [INFO] (/home/meteo/dev/redist/fwidbmgr/include/Grid.h:1595) Configuring grid: fmi
2018-01-13 04:10:27,859 null [INFO] (/home/meteo/dev/redist/fwidbmgr/include/Grid.h:1695) Grid fmi configured.
2018-01-13 04:10:27,860 null [INFO] (/home/meteo/dev/redist/fwidbmgr/include/Grid.h:1595) Configuring grid: sharples
2018-01-13 04:10:27,860 null [INFO] (/home/meteo/dev/redist/fwidbmgr/include/Grid.h:1695) Grid sharples configured.
2018-01-13 04:10:28,742 null [INFO] (/home/meteo/dev/redist/fwidbmgr/include/Grid.h:1595) Configuring grid: isi
2018-01-13 04:10:28,742 null [INFO] (/home/meteo/dev/redist/fwidbmgr/include/Grid.h:1695) Grid isi configured.
2018-01-13 04:10:28,789 null [INFO] (/home/meteo/dev/redist/fwidbmgr/include/Grid.h:1595) Configuring grid: fwi
2018-01-13 04:10:28,789 null [INFO] (/home/meteo/dev/redist/fwidbmgr/include/Grid.h:1695) Grid fwi configured.
2018-01-13 04:10:28,836 null [INFO] (/home/meteo/dev/redist/fwidbmgr/include/Grid.h:1595) Configuring grid: ffmc
2018-01-13 04:10:28,836 null [INFO] (/home/meteo/dev/redist/fwidbmgr/include/Grid.h:1695) Grid ffmc configured.
2018-01-13 04:10:28,917 null [INFO] (/home/meteo/dev/redist/fwidbmgr/include/Grid.h:1595) Configuring grid: dmc
2018-01-13 04:10:28,917 null [INFO] (/home/meteo/dev/redist/fwidbmgr/include/Grid.h:1695) Grid dmc configured.
2018-01-13 04:10:28,967 null [INFO] (/home/meteo/dev/redist/fwidbmgr/include/Grid.h:1595) Configuring grid: dc
2018-01-13 04:10:28,967 null [INFO] (/home/meteo/dev/redist/fwidbmgr/include/Grid.h:1695) Grid dc configured.
2018-01-13 04:10:29,009 null [INFO] (/home/meteo/dev/redist/fwidbmgr/include/Grid.h:1595) Configuring grid: bui
2018-01-13 04:10:29,009 null [INFO] (/home/meteo/dev/redist/fwidbmgr/include/Grid.h:1695) Grid bui configured.
2018-01-13 04:10:29,050 null [INFO] (/home/meteo/dev/redist/fwidbmgr/include/Grid.h:1595) Configuring grid: ffmc_tmp
2018-01-13 04:10:29,051 null [INFO] (/home/meteo/dev/redist/fwidbmgr/include/Grid.h:1695) Grid ffmc_tmp configured.
2018-01-13 04:10:29,091 null [INFO] (/home/meteo/dev/redist/fwidbmgr/include/Grid.h:1595) Configuring grid: dmc_tmp
2018-01-13 04:10:29,091 null [INFO] (/home/meteo/dev/redist/fwidbmgr/include/Grid.h:1695) Grid dmc_tmp configured.
2018-01-13 04:10:29,129 null [INFO] (/home/meteo/dev/redist/fwidbmgr/include/Grid.h:1595) Configuring grid: dc_tmp
2018-01-13 04:10:29,129 null [INFO] (/home/meteo/dev/redist/fwidbmgr/include/Grid.h:1695) Grid dc_tmp configured.
2018-01-13 04:10:29,178 null [INFO] (/home/meteo/dev/redist/fwidbmgr/include/Grid.h:1595) Configuring grid: angstrom
2018-01-13 04:10:29,178 null [INFO] (/home/meteo/dev/redist/fwidbmgr/include/Grid.h:1695) Grid angstrom configured.
2018-01-13 04:10:29,269 null [INFO] (/home/meteo/dev/redist/fwidbmgr/include/Grid.h:1595) Configuring grid: sharples
2018-01-13 04:10:29,269 null [INFO] (/home/meteo/dev/redist/fwidbmgr/include/Grid.h:1695) Grid sharples configured.
2018-01-13 04:10:29,330 null [INFO] (/home/meteo/dev/redist/fwidbmgr/include/Grid.h:1595) Configuring grid: fmi
2018-01-13 04:10:29,330 null [INFO] (/home/meteo/dev/redist/fwidbmgr/include/Grid.h:1695) Grid fmi configured.
2018-01-13 04:10:29,375 null [INFO] (../src/fwidbmgr.cpp:5600) OK --> 20180112 indexes exported to files.
2018-01-13 04:10:29,375 null [INFO] (../src/fwidbmgr.cpp:5695) action exportidx took about 2 seconds.
2018-01-13 04:10:29,375 null [INFO] (../src/fwidbmgr.cpp:5699) Disconnected from database.
2018-01-13 04:10:58,341 null [INFO] (../src/fwidbmgr.cpp:5361) fwi db manager
2018-01-13 04:10:58,341 null [INFO] (../src/fwidbmgr.cpp:5365) Program home: /home/meteo/dev/redist/fwidbmgr
2018-01-13 04:10:58,341 null [INFO] (../src/fwidbmgr.cpp:5369) Auto convert: 1
2018-01-13 04:10:58,341 null [INFO] (../src/fwidbmgr.cpp:446) action: outimg.
2018-01-13 04:10:58,341 null [INFO] (../src/fwidbmgr.cpp:470) date: 20180112.
2018-01-13 04:10:58,341 null [INFO] (../src/fwidbmgr.cpp:322) Try to read: /home/meteo/dev/redist/fwidbmgr/config/fwidbmgr.conf.
2018-01-13 04:10:58,343 null [INFO] (../src/fwidbmgr.cpp:5393) Configuration parsing: OK.
2018-01-13 04:10:58,347 null [INFO] (../src/fwidbmgr.cpp:5478) Connected to database
2018-01-13 04:10:58,347 null [INFO] (../src/fwidbmgr.cpp:5480) Manage data for date: 20180112.
2018-01-13 04:10:58,347 null [INFO] (../src/fwidbmgr.cpp:5566) Importing fwi indexes images in database.
2018-01-13 04:10:58,562 null [INFO] (../src/fwidbmgr.cpp:5570) OK --> 20180112 images imported.
2018-01-13 04:10:58,562 null [INFO] (../src/fwidbmgr.cpp:5695) action outimg took about 0 seconds.
2018-01-13 04:10:58,563 null [INFO] (../src/fwidbmgr.cpp:5699) Disconnected from database.
2018-01-13 04:37:01,856 null [INFO] (../src/fwidbmgr.cpp:5361) fwi db manager
2018-01-13 04:37:01,856 null [INFO] (../src/fwidbmgr.cpp:5365) Program home: /home/meteo/dev/redist/fwidbmgr
2018-01-13 04:37:01,856 null [INFO] (../src/fwidbmgr.cpp:5369) Auto convert: 1
2018-01-13 04:37:01,856 null [INFO] (../src/fwidbmgr.cpp:446) action: outimg.
2018-01-13 04:37:01,857 null [INFO] (../src/fwidbmgr.cpp:470) date: 20180112.
2018-01-13 04:37:01,857 null [INFO] (../src/fwidbmgr.cpp:322) Try to read: /home/meteo/dev/redist/fwidbmgr/config/fwidbmgr.conf.
2018-01-13 04:37:01,858 null [INFO] (../src/fwidbmgr.cpp:5393) Configuration parsing: OK.
2018-01-13 04:37:01,864 null [INFO] (../src/fwidbmgr.cpp:5478) Connected to database
2018-01-13 04:37:01,864 null [INFO] (../src/fwidbmgr.cpp:5480) Manage data for date: 20180112.
2018-01-13 04:37:01,864 null [INFO] (../src/fwidbmgr.cpp:5566) Importing fwi indexes images in database.
2018-01-13 04:37:01,972 null [INFO] (../src/fwidbmgr.cpp:5570) OK --> 20180112 images imported.
2018-01-13 04:37:01,972 null [INFO] (../src/fwidbmgr.cpp:5695) action outimg took about 0 seconds.
2018-01-13 04:37:01,973 null [INFO] (../src/fwidbmgr.cpp:5699) Disconnected from database.
2018-01-13 05:05:01,112 null [INFO] (../src/fwidbmgr.cpp:5361) fwi db manager
2018-01-13 05:05:01,112 null [INFO] (../src/fwidbmgr.cpp:5365) Program home: /home/meteo/dev/redist/fwidbmgr
2018-01-13 05:05:01,112 null [INFO] (../src/fwidbmgr.cpp:5369) Auto convert: 1
2018-01-13 05:05:01,112 null [INFO] (../src/fwidbmgr.cpp:446) action: outimg.
2018-01-13 05:05:01,112 null [INFO] (../src/fwidbmgr.cpp:470) date: 20180112.
2018-01-13 05:05:01,113 null [INFO] (../src/fwidbmgr.cpp:322) Try to read: /home/meteo/dev/redist/fwidbmgr/config/fwidbmgr.conf.
2018-01-13 05:05:01,115 null [INFO] (../src/fwidbmgr.cpp:5393) Configuration parsing: OK.
2018-01-13 05:05:01,120 null [INFO] (../src/fwidbmgr.cpp:5478) Connected to database
2018-01-13 05:05:01,120 null [INFO] (../src/fwidbmgr.cpp:5480) Manage data for date: 20180112.
2018-01-13 05:05:01,120 null [INFO] (../src/fwidbmgr.cpp:5566) Importing fwi indexes images in database.
2018-01-13 05:05:01,205 null [INFO] (../src/fwidbmgr.cpp:5570) OK --> 20180112 images imported.
2018-01-13 05:05:01,205 null [INFO] (../src/fwidbmgr.cpp:5695) action outimg took about 0 seconds.
2018-01-13 05:05:01,206 null [INFO] (../src/fwidbmgr.cpp:5699) Disconnected from database.
2018-01-13 05:37:01,348 null [INFO] (../src/fwidbmgr.cpp:5361) fwi db manager
2018-01-13 05:37:01,348 null [INFO] (../src/fwidbmgr.cpp:5365) Program home: /home/meteo/dev/redist/fwidbmgr
2018-01-13 05:37:01,348 null [INFO] (../src/fwidbmgr.cpp:5369) Auto convert: 1
2018-01-13 05:37:01,348 null [INFO] (../src/fwidbmgr.cpp:446) action: outimg.
2018-01-13 05:37:01,348 null [INFO] (../src/fwidbmgr.cpp:470) date: 20180112.
2018-01-13 05:37:01,348 null [INFO] (../src/fwidbmgr.cpp:322) Try to read: /home/meteo/dev/redist/fwidbmgr/config/fwidbmgr.conf.
2018-01-13 05:37:01,350 null [INFO] (../src/fwidbmgr.cpp:5393) Configuration parsing: OK.
2018-01-13 05:37:01,356 null [INFO] (../src/fwidbmgr.cpp:5478) Connected to database
2018-01-13 05:37:01,356 null [INFO] (../src/fwidbmgr.cpp:5480) Manage data for date: 20180112.
2018-01-13 05:37:01,356 null [INFO] (../src/fwidbmgr.cpp:5566) Importing fwi indexes images in database.
2018-01-13 05:37:01,445 null [INFO] (../src/fwidbmgr.cpp:5570) OK --> 20180112 images imported.
2018-01-13 05:37:01,446 null [INFO] (../src/fwidbmgr.cpp:5695) action outimg took about 0 seconds.
2018-01-13 05:37:01,446 null [INFO] (../src/fwidbmgr.cpp:5699) Disconnected from database.
2018-01-13 06:05:01,712 null [INFO] (../src/fwidbmgr.cpp:5361) fwi db manager
2018-01-13 06:05:01,712 null [INFO] (../src/fwidbmgr.cpp:5365) Program home: /home/meteo/dev/redist/fwidbmgr
2018-01-13 06:05:01,712 null [INFO] (../src/fwidbmgr.cpp:5369) Auto convert: 1
2018-01-13 06:05:01,712 null [INFO] (../src/fwidbmgr.cpp:446) action: outimg.
2018-01-13 06:05:01,712 null [INFO] (../src/fwidbmgr.cpp:470) date: 20180112.
2018-01-13 06:05:01,712 null [INFO] (../src/fwidbmgr.cpp:322) Try to read: /home/meteo/dev/redist/fwidbmgr/config/fwidbmgr.conf.
2018-01-13 06:05:01,715 null [INFO] (../src/fwidbmgr.cpp:5393) Configuration parsing: OK.
2018-01-13 06:05:01,723 null [INFO] (../src/fwidbmgr.cpp:5478) Connected to database
2018-01-13 06:05:01,724 null [INFO] (../src/fwidbmgr.cpp:5480) Manage data for date: 20180112.
2018-01-13 06:05:01,724 null [INFO] (../src/fwidbmgr.cpp:5566) Importing fwi indexes images in database.
2018-01-13 06:05:01,827 null [INFO] (../src/fwidbmgr.cpp:5570) OK --> 20180112 images imported.
2018-01-13 06:05:01,827 null [INFO] (../src/fwidbmgr.cpp:5695) action outimg took about 0 seconds.
2018-01-13 06:05:01,827 null [INFO] (../src/fwidbmgr.cpp:5699) Disconnected from database.
2018-01-13 06:37:02,017 null [INFO] (../src/fwidbmgr.cpp:5361) fwi db manager
2018-01-13 06:37:02,017 null [INFO] (../src/fwidbmgr.cpp:5365) Program home: /home/meteo/dev/redist/fwidbmgr
2018-01-13 06:37:02,017 null [INFO] (../src/fwidbmgr.cpp:5369) Auto convert: 1
2018-01-13 06:37:02,017 null [INFO] (../src/fwidbmgr.cpp:446) action: outimg.
2018-01-13 06:37:02,017 null [INFO] (../src/fwidbmgr.cpp:470) date: 20180112.
2018-01-13 06:37:02,017 null [INFO] (../src/fwidbmgr.cpp:322) Try to read: /home/meteo/dev/redist/fwidbmgr/config/fwidbmgr.conf.
2018-01-13 06:37:02,020 null [INFO] (../src/fwidbmgr.cpp:5393) Configuration parsing: OK.
2018-01-13 06:37:02,024 null [INFO] (../src/fwidbmgr.cpp:5478) Connected to database
2018-01-13 06:37:02,024 null [INFO] (../src/fwidbmgr.cpp:5480) Manage data for date: 20180112.
2018-01-13 06:37:02,025 null [INFO] (../src/fwidbmgr.cpp:5566) Importing fwi indexes images in database.
2018-01-13 06:37:02,101 null [INFO] (../src/fwidbmgr.cpp:5570) OK --> 20180112 images imported.
2018-01-13 06:37:02,101 null [INFO] (../src/fwidbmgr.cpp:5695) action outimg took about 0 seconds.
2018-01-13 06:37:02,101 null [INFO] (../src/fwidbmgr.cpp:5699) Disconnected from database.
