2017-08-19 05:06:57,562 null [INFO] (../src/fwidbmgr.cpp:5361) fwi db manager
2017-08-19 05:06:57,566 null [INFO] (../src/fwidbmgr.cpp:5365) Program home: /home/meteo/dev/redist/fwidbmgr
2017-08-19 05:06:57,566 null [INFO] (../src/fwidbmgr.cpp:5369) Auto convert: 1
2017-08-19 05:06:57,566 null [INFO] (../src/fwidbmgr.cpp:446) action: in.
2017-08-19 05:06:57,566 null [INFO] (../src/fwidbmgr.cpp:470) date: 20170818.
2017-08-19 05:06:57,566 null [INFO] (../src/fwidbmgr.cpp:322) Try to read: /home/meteo/dev/redist/fwidbmgr/config/fwidbmgr.conf.
2017-08-19 05:06:57,581 null [INFO] (../src/fwidbmgr.cpp:5393) Configuration parsing: OK.
2017-08-19 05:06:57,627 null [INFO] (../src/fwidbmgr.cpp:5478) Connected to database
2017-08-19 05:06:57,627 null [INFO] (../src/fwidbmgr.cpp:5480) Manage data for date: 20170818.
2017-08-19 05:06:57,627 null [INFO] (../src/fwidbmgr.cpp:5536) Importing meteo data in database for day: 20170818.
2017-08-19 05:06:57,636 null [INFO] (/home/meteo/dev/redist/fwidbmgr/include/Grid.h:1595) Configuring grid: snow
2017-08-19 05:06:57,637 null [INFO] (/home/meteo/dev/redist/fwidbmgr/include/Grid.h:1695) Grid snow configured.
2017-08-19 05:06:57,648 null [INFO] (/home/meteo/dev/redist/fwidbmgr/include/Grid.h:1595) Configuring grid: snow_covering
2017-08-19 05:06:57,648 null [INFO] (/home/meteo/dev/redist/fwidbmgr/include/Grid.h:1695) Grid snow_covering configured.
2017-08-19 05:06:57,660 null [INFO] (/home/meteo/dev/redist/fwidbmgr/include/Grid.h:1595) Configuring grid: snow_dissolution
2017-08-19 05:06:57,660 null [INFO] (/home/meteo/dev/redist/fwidbmgr/include/Grid.h:1695) Grid snow_dissolution configured.
2017-08-19 05:06:57,684 null [INFO] (/home/meteo/dev/redist/fwidbmgr/include/Grid.h:1595) Configuring grid: temperature
2017-08-19 05:06:57,685 null [INFO] (/home/meteo/dev/redist/fwidbmgr/include/Grid.h:1695) Grid temperature configured.
2017-08-19 05:06:57,689 null [INFO] (/home/meteo/dev/redist/fwidbmgr/include/Grid.h:1595) Configuring grid: humidity
2017-08-19 05:06:57,690 null [INFO] (/home/meteo/dev/redist/fwidbmgr/include/Grid.h:1695) Grid humidity configured.
2017-08-19 05:06:57,700 null [INFO] (/home/meteo/dev/redist/fwidbmgr/include/Grid.h:1595) Configuring grid: windspeed
2017-08-19 05:06:57,700 null [INFO] (/home/meteo/dev/redist/fwidbmgr/include/Grid.h:1695) Grid windspeed configured.
2017-08-19 05:06:57,722 null [INFO] (/home/meteo/dev/redist/fwidbmgr/include/Grid.h:1595) Configuring grid: rain
2017-08-19 05:06:57,722 null [INFO] (/home/meteo/dev/redist/fwidbmgr/include/Grid.h:1695) Grid rain configured.
2017-08-19 05:06:57,725 null [INFO] (/home/meteo/dev/redist/fwidbmgr/include/Grid.h:1595) Configuring grid: cum_rain
2017-08-19 05:06:57,725 null [INFO] (/home/meteo/dev/redist/fwidbmgr/include/Grid.h:1695) Grid cum_rain configured.
2017-08-19 05:07:07,045 null [INFO] (../src/fwidbmgr.cpp:1518) Storing meteo input ...
2017-08-19 05:07:32,886 null [INFO] (../src/fwidbmgr.cpp:5540) OK --> 20170818 data imported.
2017-08-19 05:07:32,918 null [INFO] (../src/fwidbmgr.cpp:5695) action in took about 35 seconds.
2017-08-19 05:07:32,982 null [INFO] (../src/fwidbmgr.cpp:5699) Disconnected from database.
2017-08-19 05:08:42,992 null [INFO] (../src/fwidbmgr.cpp:5361) fwi db manager
2017-08-19 05:08:42,992 null [INFO] (../src/fwidbmgr.cpp:5365) Program home: /home/meteo/dev/redist/fwidbmgr
2017-08-19 05:08:42,992 null [INFO] (../src/fwidbmgr.cpp:5369) Auto convert: 1
2017-08-19 05:08:42,992 null [INFO] (../src/fwidbmgr.cpp:446) action: out.
2017-08-19 05:08:42,992 null [INFO] (../src/fwidbmgr.cpp:470) date: 20170818.
2017-08-19 05:08:42,992 null [INFO] (../src/fwidbmgr.cpp:322) Try to read: /home/meteo/dev/redist/fwidbmgr/config/fwidbmgr.conf.
2017-08-19 05:08:43,011 null [INFO] (../src/fwidbmgr.cpp:5393) Configuration parsing: OK.
2017-08-19 05:08:43,014 null [INFO] (../src/fwidbmgr.cpp:5478) Connected to database
2017-08-19 05:08:43,014 null [INFO] (../src/fwidbmgr.cpp:5480) Manage data for date: 20170818.
2017-08-19 05:08:43,014 null [INFO] (../src/fwidbmgr.cpp:5551) Importing fwi indexes data in database for day: 20170818.
2017-08-19 05:08:43,019 null [INFO] (/home/meteo/dev/redist/fwidbmgr/include/Grid.h:1595) Configuring grid: isi
2017-08-19 05:08:43,019 null [INFO] (/home/meteo/dev/redist/fwidbmgr/include/Grid.h:1695) Grid isi configured.
2017-08-19 05:08:43,032 null [INFO] (/home/meteo/dev/redist/fwidbmgr/include/Grid.h:1595) Configuring grid: fwi
2017-08-19 05:08:43,032 null [INFO] (/home/meteo/dev/redist/fwidbmgr/include/Grid.h:1695) Grid fwi configured.
2017-08-19 05:08:43,045 null [INFO] (/home/meteo/dev/redist/fwidbmgr/include/Grid.h:1595) Configuring grid: ffmc
2017-08-19 05:08:43,045 null [INFO] (/home/meteo/dev/redist/fwidbmgr/include/Grid.h:1695) Grid ffmc configured.
2017-08-19 05:08:43,059 null [INFO] (/home/meteo/dev/redist/fwidbmgr/include/Grid.h:1595) Configuring grid: dmc
2017-08-19 05:08:43,059 null [INFO] (/home/meteo/dev/redist/fwidbmgr/include/Grid.h:1695) Grid dmc configured.
2017-08-19 05:08:43,072 null [INFO] (/home/meteo/dev/redist/fwidbmgr/include/Grid.h:1595) Configuring grid: dc
2017-08-19 05:08:43,072 null [INFO] (/home/meteo/dev/redist/fwidbmgr/include/Grid.h:1695) Grid dc configured.
2017-08-19 05:08:43,086 null [INFO] (/home/meteo/dev/redist/fwidbmgr/include/Grid.h:1595) Configuring grid: bui
2017-08-19 05:08:43,086 null [INFO] (/home/meteo/dev/redist/fwidbmgr/include/Grid.h:1695) Grid bui configured.
2017-08-19 05:08:43,099 null [INFO] (/home/meteo/dev/redist/fwidbmgr/include/Grid.h:1595) Configuring grid: ffmc_tmp
2017-08-19 05:08:43,100 null [INFO] (/home/meteo/dev/redist/fwidbmgr/include/Grid.h:1695) Grid ffmc_tmp configured.
2017-08-19 05:08:43,119 null [INFO] (/home/meteo/dev/redist/fwidbmgr/include/Grid.h:1595) Configuring grid: dmc_tmp
2017-08-19 05:08:43,119 null [INFO] (/home/meteo/dev/redist/fwidbmgr/include/Grid.h:1695) Grid dmc_tmp configured.
2017-08-19 05:08:43,139 null [INFO] (/home/meteo/dev/redist/fwidbmgr/include/Grid.h:1595) Configuring grid: dc_tmp
2017-08-19 05:08:43,139 null [INFO] (/home/meteo/dev/redist/fwidbmgr/include/Grid.h:1695) Grid dc_tmp configured.
2017-08-19 05:08:43,159 null [INFO] (/home/meteo/dev/redist/fwidbmgr/include/Grid.h:1595) Configuring grid: idi
2017-08-19 05:08:43,159 null [INFO] (/home/meteo/dev/redist/fwidbmgr/include/Grid.h:1695) Grid idi configured.
2017-08-19 05:08:50,179 null [INFO] (../src/fwidbmgr.cpp:2081) Storing FWI indexes ...
2017-08-19 05:09:11,308 null [INFO] (../src/fwidbmgr.cpp:5555) OK --> 20170818 data imported.
2017-08-19 05:09:11,309 null [INFO] (../src/fwidbmgr.cpp:5695) action out took about 28 seconds.
2017-08-19 05:09:11,310 null [INFO] (../src/fwidbmgr.cpp:5699) Disconnected from database.
2017-08-19 05:09:11,618 null [INFO] (../src/fwidbmgr.cpp:5361) fwi db manager
2017-08-19 05:09:11,619 null [INFO] (../src/fwidbmgr.cpp:5365) Program home: /home/meteo/dev/redist/fwidbmgr
2017-08-19 05:09:11,619 null [INFO] (../src/fwidbmgr.cpp:5369) Auto convert: 1
2017-08-19 05:09:11,619 null [INFO] (../src/fwidbmgr.cpp:446) action: computeidx.
2017-08-19 05:09:11,619 null [INFO] (../src/fwidbmgr.cpp:470) date: 20170818.
2017-08-19 05:09:11,619 null [INFO] (../src/fwidbmgr.cpp:322) Try to read: /home/meteo/dev/redist/fwidbmgr/config/fwidbmgr.conf.
2017-08-19 05:09:11,631 null [INFO] (../src/fwidbmgr.cpp:5393) Configuration parsing: OK.
2017-08-19 05:09:11,672 null [INFO] (../src/fwidbmgr.cpp:5478) Connected to database
2017-08-19 05:09:11,672 null [INFO] (../src/fwidbmgr.cpp:5480) Manage data for date: 20170818.
2017-08-19 05:09:11,672 null [INFO] (../src/fwidbmgr.cpp:5656) Computing indexes.
2017-08-19 05:09:11,674 null [INFO] (/home/meteo/dev/redist/fwidbmgr/include/Grid.h:1595) Configuring grid: isi
2017-08-19 05:09:11,674 null [INFO] (/home/meteo/dev/redist/fwidbmgr/include/Grid.h:1695) Grid isi configured.
2017-08-19 05:09:11,675 null [INFO] (/home/meteo/dev/redist/fwidbmgr/include/Grid.h:1595) Configuring grid: fwi
2017-08-19 05:09:11,675 null [INFO] (/home/meteo/dev/redist/fwidbmgr/include/Grid.h:1695) Grid fwi configured.
2017-08-19 05:09:11,676 null [INFO] (/home/meteo/dev/redist/fwidbmgr/include/Grid.h:1595) Configuring grid: ffmc
2017-08-19 05:09:11,676 null [INFO] (/home/meteo/dev/redist/fwidbmgr/include/Grid.h:1695) Grid ffmc configured.
2017-08-19 05:09:11,678 null [INFO] (/home/meteo/dev/redist/fwidbmgr/include/Grid.h:1595) Configuring grid: dmc
2017-08-19 05:09:11,678 null [INFO] (/home/meteo/dev/redist/fwidbmgr/include/Grid.h:1695) Grid dmc configured.
2017-08-19 05:09:11,679 null [INFO] (/home/meteo/dev/redist/fwidbmgr/include/Grid.h:1595) Configuring grid: dc
2017-08-19 05:09:11,679 null [INFO] (/home/meteo/dev/redist/fwidbmgr/include/Grid.h:1695) Grid dc configured.
2017-08-19 05:09:11,680 null [INFO] (/home/meteo/dev/redist/fwidbmgr/include/Grid.h:1595) Configuring grid: bui
2017-08-19 05:09:11,680 null [INFO] (/home/meteo/dev/redist/fwidbmgr/include/Grid.h:1695) Grid bui configured.
2017-08-19 05:09:11,682 null [INFO] (/home/meteo/dev/redist/fwidbmgr/include/Grid.h:1595) Configuring grid: ffmc_tmp
2017-08-19 05:09:11,682 null [INFO] (/home/meteo/dev/redist/fwidbmgr/include/Grid.h:1695) Grid ffmc_tmp configured.
2017-08-19 05:09:11,683 null [INFO] (/home/meteo/dev/redist/fwidbmgr/include/Grid.h:1595) Configuring grid: dmc_tmp
2017-08-19 05:09:11,683 null [INFO] (/home/meteo/dev/redist/fwidbmgr/include/Grid.h:1695) Grid dmc_tmp configured.
2017-08-19 05:09:11,684 null [INFO] (/home/meteo/dev/redist/fwidbmgr/include/Grid.h:1595) Configuring grid: dc_tmp
2017-08-19 05:09:11,684 null [INFO] (/home/meteo/dev/redist/fwidbmgr/include/Grid.h:1695) Grid dc_tmp configured.
2017-08-19 05:09:11,686 null [INFO] (/home/meteo/dev/redist/fwidbmgr/include/Grid.h:1595) Configuring grid: idi
2017-08-19 05:09:11,686 null [INFO] (/home/meteo/dev/redist/fwidbmgr/include/Grid.h:1695) Grid idi configured.
2017-08-19 05:09:11,687 null [INFO] (/home/meteo/dev/redist/fwidbmgr/include/Grid.h:1595) Configuring grid: angstrom
2017-08-19 05:09:11,687 null [INFO] (/home/meteo/dev/redist/fwidbmgr/include/Grid.h:1695) Grid angstrom configured.
2017-08-19 05:09:11,688 null [INFO] (/home/meteo/dev/redist/fwidbmgr/include/Grid.h:1595) Configuring grid: fmi
2017-08-19 05:09:11,688 null [INFO] (/home/meteo/dev/redist/fwidbmgr/include/Grid.h:1695) Grid fmi configured.
2017-08-19 05:09:11,690 null [INFO] (/home/meteo/dev/redist/fwidbmgr/include/Grid.h:1595) Configuring grid: sharples
2017-08-19 05:09:11,690 null [INFO] (/home/meteo/dev/redist/fwidbmgr/include/Grid.h:1695) Grid sharples configured.
2017-08-19 05:09:19,772 null [INFO] (/home/meteo/dev/redist/fwidbmgr/include/Grid.h:1595) Configuring grid: snow
2017-08-19 05:09:19,772 null [INFO] (/home/meteo/dev/redist/fwidbmgr/include/Grid.h:1695) Grid snow configured.
2017-08-19 05:09:19,773 null [INFO] (/home/meteo/dev/redist/fwidbmgr/include/Grid.h:1595) Configuring grid: snow_covering
2017-08-19 05:09:19,773 null [INFO] (/home/meteo/dev/redist/fwidbmgr/include/Grid.h:1695) Grid snow_covering configured.
2017-08-19 05:09:19,773 null [INFO] (/home/meteo/dev/redist/fwidbmgr/include/Grid.h:1595) Configuring grid: snow_dissolution
2017-08-19 05:09:19,773 null [INFO] (/home/meteo/dev/redist/fwidbmgr/include/Grid.h:1695) Grid snow_dissolution configured.
2017-08-19 05:09:19,773 null [INFO] (/home/meteo/dev/redist/fwidbmgr/include/Grid.h:1595) Configuring grid: temperature
2017-08-19 05:09:19,773 null [INFO] (/home/meteo/dev/redist/fwidbmgr/include/Grid.h:1695) Grid temperature configured.
2017-08-19 05:09:19,773 null [INFO] (/home/meteo/dev/redist/fwidbmgr/include/Grid.h:1595) Configuring grid: humidity
2017-08-19 05:09:19,773 null [INFO] (/home/meteo/dev/redist/fwidbmgr/include/Grid.h:1695) Grid humidity configured.
2017-08-19 05:09:19,773 null [INFO] (/home/meteo/dev/redist/fwidbmgr/include/Grid.h:1595) Configuring grid: windspeed
2017-08-19 05:09:19,774 null [INFO] (/home/meteo/dev/redist/fwidbmgr/include/Grid.h:1695) Grid windspeed configured.
2017-08-19 05:09:19,774 null [INFO] (/home/meteo/dev/redist/fwidbmgr/include/Grid.h:1595) Configuring grid: rain
2017-08-19 05:09:19,774 null [INFO] (/home/meteo/dev/redist/fwidbmgr/include/Grid.h:1695) Grid rain configured.
2017-08-19 05:09:19,774 null [INFO] (/home/meteo/dev/redist/fwidbmgr/include/Grid.h:1595) Configuring grid: cum_rain
2017-08-19 05:09:19,774 null [INFO] (/home/meteo/dev/redist/fwidbmgr/include/Grid.h:1695) Grid cum_rain configured.
2017-08-19 05:11:29,487 null [INFO] (../src/fwidbmgr.cpp:5660) OK --> 20170818 indexes computed.
2017-08-19 05:11:29,498 null [INFO] (../src/fwidbmgr.cpp:5695) action computeidx took about 138 seconds.
2017-08-19 05:11:29,498 null [INFO] (../src/fwidbmgr.cpp:5699) Disconnected from database.
2017-08-19 05:11:29,667 null [INFO] (../src/fwidbmgr.cpp:5361) fwi db manager
2017-08-19 05:11:29,667 null [INFO] (../src/fwidbmgr.cpp:5365) Program home: /home/meteo/dev/redist/fwidbmgr
2017-08-19 05:11:29,667 null [INFO] (../src/fwidbmgr.cpp:5369) Auto convert: 1
2017-08-19 05:11:29,667 null [INFO] (../src/fwidbmgr.cpp:446) action: exportidx.
2017-08-19 05:11:29,667 null [INFO] (../src/fwidbmgr.cpp:470) date: 20170818.
2017-08-19 05:11:29,667 null [INFO] (../src/fwidbmgr.cpp:322) Try to read: /home/meteo/dev/redist/fwidbmgr/config/fwidbmgr.conf.
2017-08-19 05:11:29,686 null [INFO] (../src/fwidbmgr.cpp:5393) Configuration parsing: OK.
2017-08-19 05:11:29,709 null [INFO] (../src/fwidbmgr.cpp:5478) Connected to database
2017-08-19 05:11:29,709 null [INFO] (../src/fwidbmgr.cpp:5480) Manage data for date: 20170818.
2017-08-19 05:11:29,709 null [INFO] (../src/fwidbmgr.cpp:5596) Exporting indexes.
2017-08-19 05:11:29,725 null [INFO] (/home/meteo/dev/redist/fwidbmgr/include/Grid.h:1595) Configuring grid: isi
2017-08-19 05:11:29,725 null [INFO] (/home/meteo/dev/redist/fwidbmgr/include/Grid.h:1695) Grid isi configured.
2017-08-19 05:11:29,727 null [INFO] (/home/meteo/dev/redist/fwidbmgr/include/Grid.h:1595) Configuring grid: fwi
2017-08-19 05:11:29,727 null [INFO] (/home/meteo/dev/redist/fwidbmgr/include/Grid.h:1695) Grid fwi configured.
2017-08-19 05:11:29,728 null [INFO] (/home/meteo/dev/redist/fwidbmgr/include/Grid.h:1595) Configuring grid: ffmc
2017-08-19 05:11:29,728 null [INFO] (/home/meteo/dev/redist/fwidbmgr/include/Grid.h:1695) Grid ffmc configured.
2017-08-19 05:11:29,729 null [INFO] (/home/meteo/dev/redist/fwidbmgr/include/Grid.h:1595) Configuring grid: dmc
2017-08-19 05:11:29,730 null [INFO] (/home/meteo/dev/redist/fwidbmgr/include/Grid.h:1695) Grid dmc configured.
2017-08-19 05:11:29,731 null [INFO] (/home/meteo/dev/redist/fwidbmgr/include/Grid.h:1595) Configuring grid: dc
2017-08-19 05:11:29,731 null [INFO] (/home/meteo/dev/redist/fwidbmgr/include/Grid.h:1695) Grid dc configured.
2017-08-19 05:11:29,732 null [INFO] (/home/meteo/dev/redist/fwidbmgr/include/Grid.h:1595) Configuring grid: bui
2017-08-19 05:11:29,732 null [INFO] (/home/meteo/dev/redist/fwidbmgr/include/Grid.h:1695) Grid bui configured.
2017-08-19 05:11:29,733 null [INFO] (/home/meteo/dev/redist/fwidbmgr/include/Grid.h:1595) Configuring grid: ffmc_tmp
2017-08-19 05:11:29,734 null [INFO] (/home/meteo/dev/redist/fwidbmgr/include/Grid.h:1695) Grid ffmc_tmp configured.
2017-08-19 05:11:29,735 null [INFO] (/home/meteo/dev/redist/fwidbmgr/include/Grid.h:1595) Configuring grid: dmc_tmp
2017-08-19 05:11:29,735 null [INFO] (/home/meteo/dev/redist/fwidbmgr/include/Grid.h:1695) Grid dmc_tmp configured.
2017-08-19 05:11:29,736 null [INFO] (/home/meteo/dev/redist/fwidbmgr/include/Grid.h:1595) Configuring grid: dc_tmp
2017-08-19 05:11:29,736 null [INFO] (/home/meteo/dev/redist/fwidbmgr/include/Grid.h:1695) Grid dc_tmp configured.
2017-08-19 05:11:29,738 null [INFO] (/home/meteo/dev/redist/fwidbmgr/include/Grid.h:1595) Configuring grid: idi
2017-08-19 05:11:29,738 null [INFO] (/home/meteo/dev/redist/fwidbmgr/include/Grid.h:1695) Grid idi configured.
2017-08-19 05:11:29,739 null [INFO] (/home/meteo/dev/redist/fwidbmgr/include/Grid.h:1595) Configuring grid: angstrom
2017-08-19 05:11:29,739 null [INFO] (/home/meteo/dev/redist/fwidbmgr/include/Grid.h:1695) Grid angstrom configured.
2017-08-19 05:11:29,740 null [INFO] (/home/meteo/dev/redist/fwidbmgr/include/Grid.h:1595) Configuring grid: fmi
2017-08-19 05:11:29,740 null [INFO] (/home/meteo/dev/redist/fwidbmgr/include/Grid.h:1695) Grid fmi configured.
2017-08-19 05:11:29,742 null [INFO] (/home/meteo/dev/redist/fwidbmgr/include/Grid.h:1595) Configuring grid: sharples
2017-08-19 05:11:29,742 null [INFO] (/home/meteo/dev/redist/fwidbmgr/include/Grid.h:1695) Grid sharples configured.
2017-08-19 05:11:37,029 null [INFO] (/home/meteo/dev/redist/fwidbmgr/include/Grid.h:1595) Configuring grid: isi
2017-08-19 05:11:37,029 null [INFO] (/home/meteo/dev/redist/fwidbmgr/include/Grid.h:1695) Grid isi configured.
2017-08-19 05:11:37,085 null [INFO] (/home/meteo/dev/redist/fwidbmgr/include/Grid.h:1595) Configuring grid: fwi
2017-08-19 05:11:37,085 null [INFO] (/home/meteo/dev/redist/fwidbmgr/include/Grid.h:1695) Grid fwi configured.
2017-08-19 05:11:37,123 null [INFO] (/home/meteo/dev/redist/fwidbmgr/include/Grid.h:1595) Configuring grid: ffmc
2017-08-19 05:11:37,123 null [INFO] (/home/meteo/dev/redist/fwidbmgr/include/Grid.h:1695) Grid ffmc configured.
2017-08-19 05:11:37,161 null [INFO] (/home/meteo/dev/redist/fwidbmgr/include/Grid.h:1595) Configuring grid: dmc
2017-08-19 05:11:37,161 null [INFO] (/home/meteo/dev/redist/fwidbmgr/include/Grid.h:1695) Grid dmc configured.
2017-08-19 05:11:37,199 null [INFO] (/home/meteo/dev/redist/fwidbmgr/include/Grid.h:1595) Configuring grid: dc
2017-08-19 05:11:37,199 null [INFO] (/home/meteo/dev/redist/fwidbmgr/include/Grid.h:1695) Grid dc configured.
2017-08-19 05:11:37,239 null [INFO] (/home/meteo/dev/redist/fwidbmgr/include/Grid.h:1595) Configuring grid: bui
2017-08-19 05:11:37,239 null [INFO] (/home/meteo/dev/redist/fwidbmgr/include/Grid.h:1695) Grid bui configured.
2017-08-19 05:11:37,276 null [INFO] (/home/meteo/dev/redist/fwidbmgr/include/Grid.h:1595) Configuring grid: ffmc_tmp
2017-08-19 05:11:37,276 null [INFO] (/home/meteo/dev/redist/fwidbmgr/include/Grid.h:1695) Grid ffmc_tmp configured.
2017-08-19 05:11:37,312 null [INFO] (/home/meteo/dev/redist/fwidbmgr/include/Grid.h:1595) Configuring grid: dmc_tmp
2017-08-19 05:11:37,312 null [INFO] (/home/meteo/dev/redist/fwidbmgr/include/Grid.h:1695) Grid dmc_tmp configured.
2017-08-19 05:11:37,348 null [INFO] (/home/meteo/dev/redist/fwidbmgr/include/Grid.h:1595) Configuring grid: dc_tmp
2017-08-19 05:11:37,348 null [INFO] (/home/meteo/dev/redist/fwidbmgr/include/Grid.h:1695) Grid dc_tmp configured.
2017-08-19 05:11:37,384 null [INFO] (/home/meteo/dev/redist/fwidbmgr/include/Grid.h:1595) Configuring grid: angstrom
2017-08-19 05:11:37,384 null [INFO] (/home/meteo/dev/redist/fwidbmgr/include/Grid.h:1695) Grid angstrom configured.
2017-08-19 05:11:37,466 null [INFO] (/home/meteo/dev/redist/fwidbmgr/include/Grid.h:1595) Configuring grid: sharples
2017-08-19 05:11:37,466 null [INFO] (/home/meteo/dev/redist/fwidbmgr/include/Grid.h:1695) Grid sharples configured.
2017-08-19 05:11:37,504 null [INFO] (/home/meteo/dev/redist/fwidbmgr/include/Grid.h:1595) Configuring grid: fmi
2017-08-19 05:11:37,504 null [INFO] (/home/meteo/dev/redist/fwidbmgr/include/Grid.h:1695) Grid fmi configured.
2017-08-19 05:11:37,545 null [INFO] (../src/fwidbmgr.cpp:5600) OK --> 20170818 indexes exported to files.
2017-08-19 05:11:37,545 null [INFO] (../src/fwidbmgr.cpp:5695) action exportidx took about 8 seconds.
2017-08-19 05:11:37,545 null [INFO] (../src/fwidbmgr.cpp:5699) Disconnected from database.
2017-08-19 05:12:05,901 null [INFO] (../src/fwidbmgr.cpp:5361) fwi db manager
2017-08-19 05:12:05,901 null [INFO] (../src/fwidbmgr.cpp:5365) Program home: /home/meteo/dev/redist/fwidbmgr
2017-08-19 05:12:05,901 null [INFO] (../src/fwidbmgr.cpp:5369) Auto convert: 1
2017-08-19 05:12:05,901 null [INFO] (../src/fwidbmgr.cpp:446) action: outimg.
2017-08-19 05:12:05,901 null [INFO] (../src/fwidbmgr.cpp:470) date: 20170818.
2017-08-19 05:12:05,901 null [INFO] (../src/fwidbmgr.cpp:322) Try to read: /home/meteo/dev/redist/fwidbmgr/config/fwidbmgr.conf.
2017-08-19 05:12:05,915 null [INFO] (../src/fwidbmgr.cpp:5393) Configuration parsing: OK.
2017-08-19 05:12:05,918 null [INFO] (../src/fwidbmgr.cpp:5478) Connected to database
2017-08-19 05:12:05,918 null [INFO] (../src/fwidbmgr.cpp:5480) Manage data for date: 20170818.
2017-08-19 05:12:05,918 null [INFO] (../src/fwidbmgr.cpp:5566) Importing fwi indexes images in database.
2017-08-19 05:12:06,104 null [INFO] (../src/fwidbmgr.cpp:5570) OK --> 20170818 images imported.
2017-08-19 05:12:06,104 null [INFO] (../src/fwidbmgr.cpp:5695) action outimg took about 1 seconds.
2017-08-19 05:12:06,104 null [INFO] (../src/fwidbmgr.cpp:5699) Disconnected from database.
2017-08-19 05:37:01,525 null [INFO] (../src/fwidbmgr.cpp:5361) fwi db manager
2017-08-19 05:37:01,525 null [INFO] (../src/fwidbmgr.cpp:5365) Program home: /home/meteo/dev/redist/fwidbmgr
2017-08-19 05:37:01,525 null [INFO] (../src/fwidbmgr.cpp:5369) Auto convert: 1
2017-08-19 05:37:01,525 null [INFO] (../src/fwidbmgr.cpp:446) action: outimg.
2017-08-19 05:37:01,525 null [INFO] (../src/fwidbmgr.cpp:470) date: 20170818.
2017-08-19 05:37:01,525 null [INFO] (../src/fwidbmgr.cpp:322) Try to read: /home/meteo/dev/redist/fwidbmgr/config/fwidbmgr.conf.
2017-08-19 05:37:01,527 null [INFO] (../src/fwidbmgr.cpp:5393) Configuration parsing: OK.
2017-08-19 05:37:01,566 null [INFO] (../src/fwidbmgr.cpp:5478) Connected to database
2017-08-19 05:37:01,566 null [INFO] (../src/fwidbmgr.cpp:5480) Manage data for date: 20170818.
2017-08-19 05:37:01,566 null [INFO] (../src/fwidbmgr.cpp:5566) Importing fwi indexes images in database.
2017-08-19 05:37:01,693 null [INFO] (../src/fwidbmgr.cpp:5570) OK --> 20170818 images imported.
2017-08-19 05:37:01,694 null [INFO] (../src/fwidbmgr.cpp:5695) action outimg took about 0 seconds.
2017-08-19 05:37:01,694 null [INFO] (../src/fwidbmgr.cpp:5699) Disconnected from database.
2017-08-19 06:05:01,817 null [INFO] (../src/fwidbmgr.cpp:5361) fwi db manager
2017-08-19 06:05:01,818 null [INFO] (../src/fwidbmgr.cpp:5365) Program home: /home/meteo/dev/redist/fwidbmgr
2017-08-19 06:05:01,818 null [INFO] (../src/fwidbmgr.cpp:5369) Auto convert: 1
2017-08-19 06:05:01,818 null [INFO] (../src/fwidbmgr.cpp:446) action: outimg.
2017-08-19 06:05:01,818 null [INFO] (../src/fwidbmgr.cpp:470) date: 20170818.
2017-08-19 06:05:01,818 null [INFO] (../src/fwidbmgr.cpp:322) Try to read: /home/meteo/dev/redist/fwidbmgr/config/fwidbmgr.conf.
2017-08-19 06:05:01,820 null [INFO] (../src/fwidbmgr.cpp:5393) Configuration parsing: OK.
2017-08-19 06:05:01,825 null [INFO] (../src/fwidbmgr.cpp:5478) Connected to database
2017-08-19 06:05:01,825 null [INFO] (../src/fwidbmgr.cpp:5480) Manage data for date: 20170818.
2017-08-19 06:05:01,825 null [INFO] (../src/fwidbmgr.cpp:5566) Importing fwi indexes images in database.
2017-08-19 06:05:01,893 null [INFO] (../src/fwidbmgr.cpp:5570) OK --> 20170818 images imported.
2017-08-19 06:05:01,894 null [INFO] (../src/fwidbmgr.cpp:5695) action outimg took about 0 seconds.
2017-08-19 06:05:01,894 null [INFO] (../src/fwidbmgr.cpp:5699) Disconnected from database.
2017-08-19 06:37:02,026 null [INFO] (../src/fwidbmgr.cpp:5361) fwi db manager
2017-08-19 06:37:02,027 null [INFO] (../src/fwidbmgr.cpp:5365) Program home: /home/meteo/dev/redist/fwidbmgr
2017-08-19 06:37:02,027 null [INFO] (../src/fwidbmgr.cpp:5369) Auto convert: 1
2017-08-19 06:37:02,027 null [INFO] (../src/fwidbmgr.cpp:446) action: outimg.
2017-08-19 06:37:02,027 null [INFO] (../src/fwidbmgr.cpp:470) date: 20170818.
2017-08-19 06:37:02,027 null [INFO] (../src/fwidbmgr.cpp:322) Try to read: /home/meteo/dev/redist/fwidbmgr/config/fwidbmgr.conf.
2017-08-19 06:37:02,029 null [INFO] (../src/fwidbmgr.cpp:5393) Configuration parsing: OK.
2017-08-19 06:37:02,034 null [INFO] (../src/fwidbmgr.cpp:5478) Connected to database
2017-08-19 06:37:02,034 null [INFO] (../src/fwidbmgr.cpp:5480) Manage data for date: 20170818.
2017-08-19 06:37:02,034 null [INFO] (../src/fwidbmgr.cpp:5566) Importing fwi indexes images in database.
2017-08-19 06:37:02,110 null [INFO] (../src/fwidbmgr.cpp:5570) OK --> 20170818 images imported.
2017-08-19 06:37:02,110 null [INFO] (../src/fwidbmgr.cpp:5695) action outimg took about 0 seconds.
2017-08-19 06:37:02,111 null [INFO] (../src/fwidbmgr.cpp:5699) Disconnected from database.
2017-08-19 07:05:01,816 null [INFO] (../src/fwidbmgr.cpp:5361) fwi db manager
2017-08-19 07:05:01,817 null [INFO] (../src/fwidbmgr.cpp:5365) Program home: /home/meteo/dev/redist/fwidbmgr
2017-08-19 07:05:01,817 null [INFO] (../src/fwidbmgr.cpp:5369) Auto convert: 1
2017-08-19 07:05:01,817 null [INFO] (../src/fwidbmgr.cpp:446) action: outimg.
2017-08-19 07:05:01,817 null [INFO] (../src/fwidbmgr.cpp:470) date: 20170818.
2017-08-19 07:05:01,817 null [INFO] (../src/fwidbmgr.cpp:322) Try to read: /home/meteo/dev/redist/fwidbmgr/config/fwidbmgr.conf.
2017-08-19 07:05:01,819 null [INFO] (../src/fwidbmgr.cpp:5393) Configuration parsing: OK.
2017-08-19 07:05:01,824 null [INFO] (../src/fwidbmgr.cpp:5478) Connected to database
2017-08-19 07:05:01,824 null [INFO] (../src/fwidbmgr.cpp:5480) Manage data for date: 20170818.
2017-08-19 07:05:01,824 null [INFO] (../src/fwidbmgr.cpp:5566) Importing fwi indexes images in database.
2017-08-19 07:05:01,901 null [INFO] (../src/fwidbmgr.cpp:5570) OK --> 20170818 images imported.
2017-08-19 07:05:01,901 null [INFO] (../src/fwidbmgr.cpp:5695) action outimg took about 0 seconds.
2017-08-19 07:05:01,901 null [INFO] (../src/fwidbmgr.cpp:5699) Disconnected from database.
2017-08-19 07:37:02,035 null [INFO] (../src/fwidbmgr.cpp:5361) fwi db manager
2017-08-19 07:37:02,035 null [INFO] (../src/fwidbmgr.cpp:5365) Program home: /home/meteo/dev/redist/fwidbmgr
2017-08-19 07:37:02,036 null [INFO] (../src/fwidbmgr.cpp:5369) Auto convert: 1
2017-08-19 07:37:02,036 null [INFO] (../src/fwidbmgr.cpp:446) action: outimg.
2017-08-19 07:37:02,036 null [INFO] (../src/fwidbmgr.cpp:470) date: 20170818.
2017-08-19 07:37:02,036 null [INFO] (../src/fwidbmgr.cpp:322) Try to read: /home/meteo/dev/redist/fwidbmgr/config/fwidbmgr.conf.
2017-08-19 07:37:02,038 null [INFO] (../src/fwidbmgr.cpp:5393) Configuration parsing: OK.
2017-08-19 07:37:02,043 null [INFO] (../src/fwidbmgr.cpp:5478) Connected to database
2017-08-19 07:37:02,043 null [INFO] (../src/fwidbmgr.cpp:5480) Manage data for date: 20170818.
2017-08-19 07:37:02,043 null [INFO] (../src/fwidbmgr.cpp:5566) Importing fwi indexes images in database.
2017-08-19 07:37:02,112 null [INFO] (../src/fwidbmgr.cpp:5570) OK --> 20170818 images imported.
2017-08-19 07:37:02,112 null [INFO] (../src/fwidbmgr.cpp:5695) action outimg took about 0 seconds.
2017-08-19 07:37:02,112 null [INFO] (../src/fwidbmgr.cpp:5699) Disconnected from database.
