2018-06-05 05:06:50,062 null [INFO] (../src/fwidbmgr.cpp:5361) fwi db manager
2018-06-05 05:06:50,062 null [INFO] (../src/fwidbmgr.cpp:5365) Program home: /home/meteo/dev/redist/fwidbmgr
2018-06-05 05:06:50,062 null [INFO] (../src/fwidbmgr.cpp:5369) Auto convert: 1
2018-06-05 05:06:50,062 null [INFO] (../src/fwidbmgr.cpp:446) action: in.
2018-06-05 05:06:50,062 null [INFO] (../src/fwidbmgr.cpp:470) date: 20180604.
2018-06-05 05:06:50,062 null [INFO] (../src/fwidbmgr.cpp:322) Try to read: /home/meteo/dev/redist/fwidbmgr/config/fwidbmgr.conf.
2018-06-05 05:06:50,077 null [INFO] (../src/fwidbmgr.cpp:5393) Configuration parsing: OK.
2018-06-05 05:06:50,081 null [INFO] (../src/fwidbmgr.cpp:5478) Connected to database
2018-06-05 05:06:50,081 null [INFO] (../src/fwidbmgr.cpp:5480) Manage data for date: 20180604.
2018-06-05 05:06:50,082 null [INFO] (../src/fwidbmgr.cpp:5536) Importing meteo data in database for day: 20180604.
2018-06-05 05:06:50,084 null [INFO] (/home/meteo/dev/redist/fwidbmgr/include/Grid.h:1595) Configuring grid: snow
2018-06-05 05:06:50,084 null [INFO] (/home/meteo/dev/redist/fwidbmgr/include/Grid.h:1695) Grid snow configured.
2018-06-05 05:06:50,095 null [INFO] (/home/meteo/dev/redist/fwidbmgr/include/Grid.h:1595) Configuring grid: snow_covering
2018-06-05 05:06:50,095 null [INFO] (/home/meteo/dev/redist/fwidbmgr/include/Grid.h:1695) Grid snow_covering configured.
2018-06-05 05:06:50,109 null [INFO] (/home/meteo/dev/redist/fwidbmgr/include/Grid.h:1595) Configuring grid: snow_dissolution
2018-06-05 05:06:50,109 null [INFO] (/home/meteo/dev/redist/fwidbmgr/include/Grid.h:1695) Grid snow_dissolution configured.
2018-06-05 05:06:50,137 null [INFO] (/home/meteo/dev/redist/fwidbmgr/include/Grid.h:1595) Configuring grid: temperature
2018-06-05 05:06:50,137 null [INFO] (/home/meteo/dev/redist/fwidbmgr/include/Grid.h:1695) Grid temperature configured.
2018-06-05 05:06:50,142 null [INFO] (/home/meteo/dev/redist/fwidbmgr/include/Grid.h:1595) Configuring grid: humidity
2018-06-05 05:06:50,143 null [INFO] (/home/meteo/dev/redist/fwidbmgr/include/Grid.h:1695) Grid humidity configured.
2018-06-05 05:06:50,153 null [INFO] (/home/meteo/dev/redist/fwidbmgr/include/Grid.h:1595) Configuring grid: windspeed
2018-06-05 05:06:50,153 null [INFO] (/home/meteo/dev/redist/fwidbmgr/include/Grid.h:1695) Grid windspeed configured.
2018-06-05 05:06:50,176 null [INFO] (/home/meteo/dev/redist/fwidbmgr/include/Grid.h:1595) Configuring grid: rain
2018-06-05 05:06:50,176 null [INFO] (/home/meteo/dev/redist/fwidbmgr/include/Grid.h:1695) Grid rain configured.
2018-06-05 05:06:50,179 null [INFO] (/home/meteo/dev/redist/fwidbmgr/include/Grid.h:1595) Configuring grid: cum_rain
2018-06-05 05:06:50,179 null [INFO] (/home/meteo/dev/redist/fwidbmgr/include/Grid.h:1695) Grid cum_rain configured.
2018-06-05 05:06:55,821 null [INFO] (../src/fwidbmgr.cpp:1518) Storing meteo input ...
2018-06-05 05:07:18,471 null [INFO] (../src/fwidbmgr.cpp:5540) OK --> 20180604 data imported.
2018-06-05 05:07:18,514 null [INFO] (../src/fwidbmgr.cpp:5695) action in took about 28 seconds.
2018-06-05 05:07:18,587 null [INFO] (../src/fwidbmgr.cpp:5699) Disconnected from database.
2018-06-05 05:08:33,375 null [INFO] (../src/fwidbmgr.cpp:5361) fwi db manager
2018-06-05 05:08:33,375 null [INFO] (../src/fwidbmgr.cpp:5365) Program home: /home/meteo/dev/redist/fwidbmgr
2018-06-05 05:08:33,375 null [INFO] (../src/fwidbmgr.cpp:5369) Auto convert: 1
2018-06-05 05:08:33,375 null [INFO] (../src/fwidbmgr.cpp:446) action: out.
2018-06-05 05:08:33,375 null [INFO] (../src/fwidbmgr.cpp:470) date: 20180604.
2018-06-05 05:08:33,375 null [INFO] (../src/fwidbmgr.cpp:322) Try to read: /home/meteo/dev/redist/fwidbmgr/config/fwidbmgr.conf.
2018-06-05 05:08:33,381 null [INFO] (../src/fwidbmgr.cpp:5393) Configuration parsing: OK.
2018-06-05 05:08:33,406 null [INFO] (../src/fwidbmgr.cpp:5478) Connected to database
2018-06-05 05:08:33,406 null [INFO] (../src/fwidbmgr.cpp:5480) Manage data for date: 20180604.
2018-06-05 05:08:33,406 null [INFO] (../src/fwidbmgr.cpp:5551) Importing fwi indexes data in database for day: 20180604.
2018-06-05 05:08:33,418 null [INFO] (/home/meteo/dev/redist/fwidbmgr/include/Grid.h:1595) Configuring grid: isi
2018-06-05 05:08:33,419 null [INFO] (/home/meteo/dev/redist/fwidbmgr/include/Grid.h:1695) Grid isi configured.
2018-06-05 05:08:33,436 null [INFO] (/home/meteo/dev/redist/fwidbmgr/include/Grid.h:1595) Configuring grid: fwi
2018-06-05 05:08:33,436 null [INFO] (/home/meteo/dev/redist/fwidbmgr/include/Grid.h:1695) Grid fwi configured.
2018-06-05 05:08:33,449 null [INFO] (/home/meteo/dev/redist/fwidbmgr/include/Grid.h:1595) Configuring grid: ffmc
2018-06-05 05:08:33,449 null [INFO] (/home/meteo/dev/redist/fwidbmgr/include/Grid.h:1695) Grid ffmc configured.
2018-06-05 05:08:33,463 null [INFO] (/home/meteo/dev/redist/fwidbmgr/include/Grid.h:1595) Configuring grid: dmc
2018-06-05 05:08:33,463 null [INFO] (/home/meteo/dev/redist/fwidbmgr/include/Grid.h:1695) Grid dmc configured.
2018-06-05 05:08:33,477 null [INFO] (/home/meteo/dev/redist/fwidbmgr/include/Grid.h:1595) Configuring grid: dc
2018-06-05 05:08:33,477 null [INFO] (/home/meteo/dev/redist/fwidbmgr/include/Grid.h:1695) Grid dc configured.
2018-06-05 05:08:33,491 null [INFO] (/home/meteo/dev/redist/fwidbmgr/include/Grid.h:1595) Configuring grid: bui
2018-06-05 05:08:33,491 null [INFO] (/home/meteo/dev/redist/fwidbmgr/include/Grid.h:1695) Grid bui configured.
2018-06-05 05:08:33,504 null [INFO] (/home/meteo/dev/redist/fwidbmgr/include/Grid.h:1595) Configuring grid: ffmc_tmp
2018-06-05 05:08:33,504 null [INFO] (/home/meteo/dev/redist/fwidbmgr/include/Grid.h:1695) Grid ffmc_tmp configured.
2018-06-05 05:08:33,569 null [INFO] (/home/meteo/dev/redist/fwidbmgr/include/Grid.h:1595) Configuring grid: dmc_tmp
2018-06-05 05:08:33,569 null [INFO] (/home/meteo/dev/redist/fwidbmgr/include/Grid.h:1695) Grid dmc_tmp configured.
2018-06-05 05:08:33,590 null [INFO] (/home/meteo/dev/redist/fwidbmgr/include/Grid.h:1595) Configuring grid: dc_tmp
2018-06-05 05:08:33,590 null [INFO] (/home/meteo/dev/redist/fwidbmgr/include/Grid.h:1695) Grid dc_tmp configured.
2018-06-05 05:08:33,611 null [INFO] (/home/meteo/dev/redist/fwidbmgr/include/Grid.h:1595) Configuring grid: idi
2018-06-05 05:08:33,612 null [INFO] (/home/meteo/dev/redist/fwidbmgr/include/Grid.h:1695) Grid idi configured.
2018-06-05 05:08:38,887 null [INFO] (../src/fwidbmgr.cpp:2081) Storing FWI indexes ...
2018-06-05 05:08:53,816 null [INFO] (../src/fwidbmgr.cpp:5555) OK --> 20180604 data imported.
2018-06-05 05:08:53,833 null [INFO] (../src/fwidbmgr.cpp:5695) action out took about 20 seconds.
2018-06-05 05:08:53,834 null [INFO] (../src/fwidbmgr.cpp:5699) Disconnected from database.
2018-06-05 05:08:54,119 null [INFO] (../src/fwidbmgr.cpp:5361) fwi db manager
2018-06-05 05:08:54,120 null [INFO] (../src/fwidbmgr.cpp:5365) Program home: /home/meteo/dev/redist/fwidbmgr
2018-06-05 05:08:54,120 null [INFO] (../src/fwidbmgr.cpp:5369) Auto convert: 1
2018-06-05 05:08:54,120 null [INFO] (../src/fwidbmgr.cpp:446) action: computeidx.
2018-06-05 05:08:54,120 null [INFO] (../src/fwidbmgr.cpp:470) date: 20180604.
2018-06-05 05:08:54,120 null [INFO] (../src/fwidbmgr.cpp:322) Try to read: /home/meteo/dev/redist/fwidbmgr/config/fwidbmgr.conf.
2018-06-05 05:08:54,134 null [INFO] (../src/fwidbmgr.cpp:5393) Configuration parsing: OK.
2018-06-05 05:08:54,153 null [INFO] (../src/fwidbmgr.cpp:5478) Connected to database
2018-06-05 05:08:54,153 null [INFO] (../src/fwidbmgr.cpp:5480) Manage data for date: 20180604.
2018-06-05 05:08:54,154 null [INFO] (../src/fwidbmgr.cpp:5656) Computing indexes.
2018-06-05 05:08:54,170 null [INFO] (/home/meteo/dev/redist/fwidbmgr/include/Grid.h:1595) Configuring grid: isi
2018-06-05 05:08:54,170 null [INFO] (/home/meteo/dev/redist/fwidbmgr/include/Grid.h:1695) Grid isi configured.
2018-06-05 05:08:54,172 null [INFO] (/home/meteo/dev/redist/fwidbmgr/include/Grid.h:1595) Configuring grid: fwi
2018-06-05 05:08:54,172 null [INFO] (/home/meteo/dev/redist/fwidbmgr/include/Grid.h:1695) Grid fwi configured.
2018-06-05 05:08:54,173 null [INFO] (/home/meteo/dev/redist/fwidbmgr/include/Grid.h:1595) Configuring grid: ffmc
2018-06-05 05:08:54,173 null [INFO] (/home/meteo/dev/redist/fwidbmgr/include/Grid.h:1695) Grid ffmc configured.
2018-06-05 05:08:54,174 null [INFO] (/home/meteo/dev/redist/fwidbmgr/include/Grid.h:1595) Configuring grid: dmc
2018-06-05 05:08:54,175 null [INFO] (/home/meteo/dev/redist/fwidbmgr/include/Grid.h:1695) Grid dmc configured.
2018-06-05 05:08:54,176 null [INFO] (/home/meteo/dev/redist/fwidbmgr/include/Grid.h:1595) Configuring grid: dc
2018-06-05 05:08:54,176 null [INFO] (/home/meteo/dev/redist/fwidbmgr/include/Grid.h:1695) Grid dc configured.
2018-06-05 05:08:54,177 null [INFO] (/home/meteo/dev/redist/fwidbmgr/include/Grid.h:1595) Configuring grid: bui
2018-06-05 05:08:54,177 null [INFO] (/home/meteo/dev/redist/fwidbmgr/include/Grid.h:1695) Grid bui configured.
2018-06-05 05:08:54,179 null [INFO] (/home/meteo/dev/redist/fwidbmgr/include/Grid.h:1595) Configuring grid: ffmc_tmp
2018-06-05 05:08:54,179 null [INFO] (/home/meteo/dev/redist/fwidbmgr/include/Grid.h:1695) Grid ffmc_tmp configured.
2018-06-05 05:08:54,181 null [INFO] (/home/meteo/dev/redist/fwidbmgr/include/Grid.h:1595) Configuring grid: dmc_tmp
2018-06-05 05:08:54,181 null [INFO] (/home/meteo/dev/redist/fwidbmgr/include/Grid.h:1695) Grid dmc_tmp configured.
2018-06-05 05:08:54,182 null [INFO] (/home/meteo/dev/redist/fwidbmgr/include/Grid.h:1595) Configuring grid: dc_tmp
2018-06-05 05:08:54,182 null [INFO] (/home/meteo/dev/redist/fwidbmgr/include/Grid.h:1695) Grid dc_tmp configured.
2018-06-05 05:08:54,183 null [INFO] (/home/meteo/dev/redist/fwidbmgr/include/Grid.h:1595) Configuring grid: idi
2018-06-05 05:08:54,184 null [INFO] (/home/meteo/dev/redist/fwidbmgr/include/Grid.h:1695) Grid idi configured.
2018-06-05 05:08:54,185 null [INFO] (/home/meteo/dev/redist/fwidbmgr/include/Grid.h:1595) Configuring grid: angstrom
2018-06-05 05:08:54,185 null [INFO] (/home/meteo/dev/redist/fwidbmgr/include/Grid.h:1695) Grid angstrom configured.
2018-06-05 05:08:54,186 null [INFO] (/home/meteo/dev/redist/fwidbmgr/include/Grid.h:1595) Configuring grid: fmi
2018-06-05 05:08:54,186 null [INFO] (/home/meteo/dev/redist/fwidbmgr/include/Grid.h:1695) Grid fmi configured.
2018-06-05 05:08:54,188 null [INFO] (/home/meteo/dev/redist/fwidbmgr/include/Grid.h:1595) Configuring grid: sharples
2018-06-05 05:08:54,188 null [INFO] (/home/meteo/dev/redist/fwidbmgr/include/Grid.h:1695) Grid sharples configured.
2018-06-05 05:08:58,361 null [INFO] (/home/meteo/dev/redist/fwidbmgr/include/Grid.h:1595) Configuring grid: snow
2018-06-05 05:08:58,361 null [INFO] (/home/meteo/dev/redist/fwidbmgr/include/Grid.h:1695) Grid snow configured.
2018-06-05 05:08:58,361 null [INFO] (/home/meteo/dev/redist/fwidbmgr/include/Grid.h:1595) Configuring grid: snow_covering
2018-06-05 05:08:58,361 null [INFO] (/home/meteo/dev/redist/fwidbmgr/include/Grid.h:1695) Grid snow_covering configured.
2018-06-05 05:08:58,361 null [INFO] (/home/meteo/dev/redist/fwidbmgr/include/Grid.h:1595) Configuring grid: snow_dissolution
2018-06-05 05:08:58,361 null [INFO] (/home/meteo/dev/redist/fwidbmgr/include/Grid.h:1695) Grid snow_dissolution configured.
2018-06-05 05:08:58,361 null [INFO] (/home/meteo/dev/redist/fwidbmgr/include/Grid.h:1595) Configuring grid: temperature
2018-06-05 05:08:58,361 null [INFO] (/home/meteo/dev/redist/fwidbmgr/include/Grid.h:1695) Grid temperature configured.
2018-06-05 05:08:58,362 null [INFO] (/home/meteo/dev/redist/fwidbmgr/include/Grid.h:1595) Configuring grid: humidity
2018-06-05 05:08:58,362 null [INFO] (/home/meteo/dev/redist/fwidbmgr/include/Grid.h:1695) Grid humidity configured.
2018-06-05 05:08:58,362 null [INFO] (/home/meteo/dev/redist/fwidbmgr/include/Grid.h:1595) Configuring grid: windspeed
2018-06-05 05:08:58,362 null [INFO] (/home/meteo/dev/redist/fwidbmgr/include/Grid.h:1695) Grid windspeed configured.
2018-06-05 05:08:58,362 null [INFO] (/home/meteo/dev/redist/fwidbmgr/include/Grid.h:1595) Configuring grid: rain
2018-06-05 05:08:58,362 null [INFO] (/home/meteo/dev/redist/fwidbmgr/include/Grid.h:1695) Grid rain configured.
2018-06-05 05:08:58,362 null [INFO] (/home/meteo/dev/redist/fwidbmgr/include/Grid.h:1595) Configuring grid: cum_rain
2018-06-05 05:08:58,362 null [INFO] (/home/meteo/dev/redist/fwidbmgr/include/Grid.h:1695) Grid cum_rain configured.
2018-06-05 05:11:05,586 null [INFO] (../src/fwidbmgr.cpp:5660) OK --> 20180604 indexes computed.
2018-06-05 05:11:05,594 null [INFO] (../src/fwidbmgr.cpp:5695) action computeidx took about 131 seconds.
2018-06-05 05:11:05,594 null [INFO] (../src/fwidbmgr.cpp:5699) Disconnected from database.
2018-06-05 05:11:05,781 null [INFO] (../src/fwidbmgr.cpp:5361) fwi db manager
2018-06-05 05:11:05,782 null [INFO] (../src/fwidbmgr.cpp:5365) Program home: /home/meteo/dev/redist/fwidbmgr
2018-06-05 05:11:05,782 null [INFO] (../src/fwidbmgr.cpp:5369) Auto convert: 1
2018-06-05 05:11:05,782 null [INFO] (../src/fwidbmgr.cpp:446) action: exportidx.
2018-06-05 05:11:05,782 null [INFO] (../src/fwidbmgr.cpp:470) date: 20180604.
2018-06-05 05:11:05,782 null [INFO] (../src/fwidbmgr.cpp:322) Try to read: /home/meteo/dev/redist/fwidbmgr/config/fwidbmgr.conf.
2018-06-05 05:11:05,790 null [INFO] (../src/fwidbmgr.cpp:5393) Configuration parsing: OK.
2018-06-05 05:11:05,800 null [INFO] (../src/fwidbmgr.cpp:5478) Connected to database
2018-06-05 05:11:05,800 null [INFO] (../src/fwidbmgr.cpp:5480) Manage data for date: 20180604.
2018-06-05 05:11:05,800 null [INFO] (../src/fwidbmgr.cpp:5596) Exporting indexes.
2018-06-05 05:11:05,820 null [INFO] (/home/meteo/dev/redist/fwidbmgr/include/Grid.h:1595) Configuring grid: isi
2018-06-05 05:11:05,820 null [INFO] (/home/meteo/dev/redist/fwidbmgr/include/Grid.h:1695) Grid isi configured.
2018-06-05 05:11:05,822 null [INFO] (/home/meteo/dev/redist/fwidbmgr/include/Grid.h:1595) Configuring grid: fwi
2018-06-05 05:11:05,822 null [INFO] (/home/meteo/dev/redist/fwidbmgr/include/Grid.h:1695) Grid fwi configured.
2018-06-05 05:11:05,823 null [INFO] (/home/meteo/dev/redist/fwidbmgr/include/Grid.h:1595) Configuring grid: ffmc
2018-06-05 05:11:05,823 null [INFO] (/home/meteo/dev/redist/fwidbmgr/include/Grid.h:1695) Grid ffmc configured.
2018-06-05 05:11:05,824 null [INFO] (/home/meteo/dev/redist/fwidbmgr/include/Grid.h:1595) Configuring grid: dmc
2018-06-05 05:11:05,824 null [INFO] (/home/meteo/dev/redist/fwidbmgr/include/Grid.h:1695) Grid dmc configured.
2018-06-05 05:11:05,826 null [INFO] (/home/meteo/dev/redist/fwidbmgr/include/Grid.h:1595) Configuring grid: dc
2018-06-05 05:11:05,826 null [INFO] (/home/meteo/dev/redist/fwidbmgr/include/Grid.h:1695) Grid dc configured.
2018-06-05 05:11:05,827 null [INFO] (/home/meteo/dev/redist/fwidbmgr/include/Grid.h:1595) Configuring grid: bui
2018-06-05 05:11:05,827 null [INFO] (/home/meteo/dev/redist/fwidbmgr/include/Grid.h:1695) Grid bui configured.
2018-06-05 05:11:05,828 null [INFO] (/home/meteo/dev/redist/fwidbmgr/include/Grid.h:1595) Configuring grid: ffmc_tmp
2018-06-05 05:11:05,829 null [INFO] (/home/meteo/dev/redist/fwidbmgr/include/Grid.h:1695) Grid ffmc_tmp configured.
2018-06-05 05:11:05,830 null [INFO] (/home/meteo/dev/redist/fwidbmgr/include/Grid.h:1595) Configuring grid: dmc_tmp
2018-06-05 05:11:05,830 null [INFO] (/home/meteo/dev/redist/fwidbmgr/include/Grid.h:1695) Grid dmc_tmp configured.
2018-06-05 05:11:05,831 null [INFO] (/home/meteo/dev/redist/fwidbmgr/include/Grid.h:1595) Configuring grid: dc_tmp
2018-06-05 05:11:05,831 null [INFO] (/home/meteo/dev/redist/fwidbmgr/include/Grid.h:1695) Grid dc_tmp configured.
2018-06-05 05:11:05,832 null [INFO] (/home/meteo/dev/redist/fwidbmgr/include/Grid.h:1595) Configuring grid: idi
2018-06-05 05:11:05,833 null [INFO] (/home/meteo/dev/redist/fwidbmgr/include/Grid.h:1695) Grid idi configured.
2018-06-05 05:11:05,834 null [INFO] (/home/meteo/dev/redist/fwidbmgr/include/Grid.h:1595) Configuring grid: angstrom
2018-06-05 05:11:05,834 null [INFO] (/home/meteo/dev/redist/fwidbmgr/include/Grid.h:1695) Grid angstrom configured.
2018-06-05 05:11:05,835 null [INFO] (/home/meteo/dev/redist/fwidbmgr/include/Grid.h:1595) Configuring grid: fmi
2018-06-05 05:11:05,835 null [INFO] (/home/meteo/dev/redist/fwidbmgr/include/Grid.h:1695) Grid fmi configured.
2018-06-05 05:11:05,836 null [INFO] (/home/meteo/dev/redist/fwidbmgr/include/Grid.h:1595) Configuring grid: sharples
2018-06-05 05:11:05,836 null [INFO] (/home/meteo/dev/redist/fwidbmgr/include/Grid.h:1695) Grid sharples configured.
2018-06-05 05:11:08,602 null [INFO] (/home/meteo/dev/redist/fwidbmgr/include/Grid.h:1595) Configuring grid: isi
2018-06-05 05:11:08,602 null [INFO] (/home/meteo/dev/redist/fwidbmgr/include/Grid.h:1695) Grid isi configured.
2018-06-05 05:11:08,654 null [INFO] (/home/meteo/dev/redist/fwidbmgr/include/Grid.h:1595) Configuring grid: fwi
2018-06-05 05:11:08,654 null [INFO] (/home/meteo/dev/redist/fwidbmgr/include/Grid.h:1695) Grid fwi configured.
2018-06-05 05:11:08,701 null [INFO] (/home/meteo/dev/redist/fwidbmgr/include/Grid.h:1595) Configuring grid: ffmc
2018-06-05 05:11:08,701 null [INFO] (/home/meteo/dev/redist/fwidbmgr/include/Grid.h:1695) Grid ffmc configured.
2018-06-05 05:11:08,743 null [INFO] (/home/meteo/dev/redist/fwidbmgr/include/Grid.h:1595) Configuring grid: dmc
2018-06-05 05:11:08,743 null [INFO] (/home/meteo/dev/redist/fwidbmgr/include/Grid.h:1695) Grid dmc configured.
2018-06-05 05:11:08,789 null [INFO] (/home/meteo/dev/redist/fwidbmgr/include/Grid.h:1595) Configuring grid: dc
2018-06-05 05:11:08,789 null [INFO] (/home/meteo/dev/redist/fwidbmgr/include/Grid.h:1695) Grid dc configured.
2018-06-05 05:11:08,828 null [INFO] (/home/meteo/dev/redist/fwidbmgr/include/Grid.h:1595) Configuring grid: bui
2018-06-05 05:11:08,828 null [INFO] (/home/meteo/dev/redist/fwidbmgr/include/Grid.h:1695) Grid bui configured.
2018-06-05 05:11:08,867 null [INFO] (/home/meteo/dev/redist/fwidbmgr/include/Grid.h:1595) Configuring grid: ffmc_tmp
2018-06-05 05:11:08,867 null [INFO] (/home/meteo/dev/redist/fwidbmgr/include/Grid.h:1695) Grid ffmc_tmp configured.
2018-06-05 05:11:08,906 null [INFO] (/home/meteo/dev/redist/fwidbmgr/include/Grid.h:1595) Configuring grid: dmc_tmp
2018-06-05 05:11:08,906 null [INFO] (/home/meteo/dev/redist/fwidbmgr/include/Grid.h:1695) Grid dmc_tmp configured.
2018-06-05 05:11:08,942 null [INFO] (/home/meteo/dev/redist/fwidbmgr/include/Grid.h:1595) Configuring grid: dc_tmp
2018-06-05 05:11:08,942 null [INFO] (/home/meteo/dev/redist/fwidbmgr/include/Grid.h:1695) Grid dc_tmp configured.
2018-06-05 05:11:08,979 null [INFO] (/home/meteo/dev/redist/fwidbmgr/include/Grid.h:1595) Configuring grid: angstrom
2018-06-05 05:11:08,979 null [INFO] (/home/meteo/dev/redist/fwidbmgr/include/Grid.h:1695) Grid angstrom configured.
2018-06-05 05:11:09,077 null [INFO] (/home/meteo/dev/redist/fwidbmgr/include/Grid.h:1595) Configuring grid: sharples
2018-06-05 05:11:09,077 null [INFO] (/home/meteo/dev/redist/fwidbmgr/include/Grid.h:1695) Grid sharples configured.
2018-06-05 05:11:09,118 null [INFO] (/home/meteo/dev/redist/fwidbmgr/include/Grid.h:1595) Configuring grid: fmi
2018-06-05 05:11:09,118 null [INFO] (/home/meteo/dev/redist/fwidbmgr/include/Grid.h:1695) Grid fmi configured.
2018-06-05 05:11:09,162 null [INFO] (../src/fwidbmgr.cpp:5600) OK --> 20180604 indexes exported to files.
2018-06-05 05:11:09,162 null [INFO] (../src/fwidbmgr.cpp:5695) action exportidx took about 4 seconds.
2018-06-05 05:11:09,162 null [INFO] (../src/fwidbmgr.cpp:5699) Disconnected from database.
2018-06-05 05:11:42,272 null [INFO] (../src/fwidbmgr.cpp:5361) fwi db manager
2018-06-05 05:11:42,272 null [INFO] (../src/fwidbmgr.cpp:5365) Program home: /home/meteo/dev/redist/fwidbmgr
2018-06-05 05:11:42,272 null [INFO] (../src/fwidbmgr.cpp:5369) Auto convert: 1
2018-06-05 05:11:42,272 null [INFO] (../src/fwidbmgr.cpp:446) action: outimg.
2018-06-05 05:11:42,272 null [INFO] (../src/fwidbmgr.cpp:470) date: 20180604.
2018-06-05 05:11:42,272 null [INFO] (../src/fwidbmgr.cpp:322) Try to read: /home/meteo/dev/redist/fwidbmgr/config/fwidbmgr.conf.
2018-06-05 05:11:42,274 null [INFO] (../src/fwidbmgr.cpp:5393) Configuration parsing: OK.
2018-06-05 05:11:42,277 null [INFO] (../src/fwidbmgr.cpp:5478) Connected to database
2018-06-05 05:11:42,277 null [INFO] (../src/fwidbmgr.cpp:5480) Manage data for date: 20180604.
2018-06-05 05:11:42,277 null [INFO] (../src/fwidbmgr.cpp:5566) Importing fwi indexes images in database.
2018-06-05 05:11:42,449 null [INFO] (../src/fwidbmgr.cpp:5570) OK --> 20180604 images imported.
2018-06-05 05:11:42,449 null [INFO] (../src/fwidbmgr.cpp:5695) action outimg took about 0 seconds.
2018-06-05 05:11:42,449 null [INFO] (../src/fwidbmgr.cpp:5699) Disconnected from database.
2018-06-05 05:37:01,896 null [INFO] (../src/fwidbmgr.cpp:5361) fwi db manager
2018-06-05 05:37:01,896 null [INFO] (../src/fwidbmgr.cpp:5365) Program home: /home/meteo/dev/redist/fwidbmgr
2018-06-05 05:37:01,896 null [INFO] (../src/fwidbmgr.cpp:5369) Auto convert: 1
2018-06-05 05:37:01,896 null [INFO] (../src/fwidbmgr.cpp:446) action: outimg.
2018-06-05 05:37:01,896 null [INFO] (../src/fwidbmgr.cpp:470) date: 20180604.
2018-06-05 05:37:01,896 null [INFO] (../src/fwidbmgr.cpp:322) Try to read: /home/meteo/dev/redist/fwidbmgr/config/fwidbmgr.conf.
2018-06-05 05:37:01,898 null [INFO] (../src/fwidbmgr.cpp:5393) Configuration parsing: OK.
2018-06-05 05:37:01,903 null [INFO] (../src/fwidbmgr.cpp:5478) Connected to database
2018-06-05 05:37:01,903 null [INFO] (../src/fwidbmgr.cpp:5480) Manage data for date: 20180604.
2018-06-05 05:37:01,903 null [INFO] (../src/fwidbmgr.cpp:5566) Importing fwi indexes images in database.
2018-06-05 05:37:02,030 null [INFO] (../src/fwidbmgr.cpp:5570) OK --> 20180604 images imported.
2018-06-05 05:37:02,030 null [INFO] (../src/fwidbmgr.cpp:5695) action outimg took about 1 seconds.
2018-06-05 05:37:02,030 null [INFO] (../src/fwidbmgr.cpp:5699) Disconnected from database.
2018-06-05 06:05:01,187 null [INFO] (../src/fwidbmgr.cpp:5361) fwi db manager
2018-06-05 06:05:01,187 null [INFO] (../src/fwidbmgr.cpp:5365) Program home: /home/meteo/dev/redist/fwidbmgr
2018-06-05 06:05:01,187 null [INFO] (../src/fwidbmgr.cpp:5369) Auto convert: 1
2018-06-05 06:05:01,187 null [INFO] (../src/fwidbmgr.cpp:446) action: outimg.
2018-06-05 06:05:01,187 null [INFO] (../src/fwidbmgr.cpp:470) date: 20180604.
2018-06-05 06:05:01,187 null [INFO] (../src/fwidbmgr.cpp:322) Try to read: /home/meteo/dev/redist/fwidbmgr/config/fwidbmgr.conf.
2018-06-05 06:05:01,189 null [INFO] (../src/fwidbmgr.cpp:5393) Configuration parsing: OK.
2018-06-05 06:05:01,195 null [INFO] (../src/fwidbmgr.cpp:5478) Connected to database
2018-06-05 06:05:01,195 null [INFO] (../src/fwidbmgr.cpp:5480) Manage data for date: 20180604.
2018-06-05 06:05:01,195 null [INFO] (../src/fwidbmgr.cpp:5566) Importing fwi indexes images in database.
2018-06-05 06:05:01,284 null [INFO] (../src/fwidbmgr.cpp:5570) OK --> 20180604 images imported.
2018-06-05 06:05:01,284 null [INFO] (../src/fwidbmgr.cpp:5695) action outimg took about 0 seconds.
2018-06-05 06:05:01,284 null [INFO] (../src/fwidbmgr.cpp:5699) Disconnected from database.
2018-06-05 06:37:01,436 null [INFO] (../src/fwidbmgr.cpp:5361) fwi db manager
2018-06-05 06:37:01,436 null [INFO] (../src/fwidbmgr.cpp:5365) Program home: /home/meteo/dev/redist/fwidbmgr
2018-06-05 06:37:01,436 null [INFO] (../src/fwidbmgr.cpp:5369) Auto convert: 1
2018-06-05 06:37:01,436 null [INFO] (../src/fwidbmgr.cpp:446) action: outimg.
2018-06-05 06:37:01,436 null [INFO] (../src/fwidbmgr.cpp:470) date: 20180604.
2018-06-05 06:37:01,436 null [INFO] (../src/fwidbmgr.cpp:322) Try to read: /home/meteo/dev/redist/fwidbmgr/config/fwidbmgr.conf.
2018-06-05 06:37:01,438 null [INFO] (../src/fwidbmgr.cpp:5393) Configuration parsing: OK.
2018-06-05 06:37:01,443 null [INFO] (../src/fwidbmgr.cpp:5478) Connected to database
2018-06-05 06:37:01,443 null [INFO] (../src/fwidbmgr.cpp:5480) Manage data for date: 20180604.
2018-06-05 06:37:01,443 null [INFO] (../src/fwidbmgr.cpp:5566) Importing fwi indexes images in database.
2018-06-05 06:37:01,527 null [INFO] (../src/fwidbmgr.cpp:5570) OK --> 20180604 images imported.
2018-06-05 06:37:01,527 null [INFO] (../src/fwidbmgr.cpp:5695) action outimg took about 0 seconds.
2018-06-05 06:37:01,527 null [INFO] (../src/fwidbmgr.cpp:5699) Disconnected from database.
2018-06-05 07:05:01,581 null [INFO] (../src/fwidbmgr.cpp:5361) fwi db manager
2018-06-05 07:05:01,582 null [INFO] (../src/fwidbmgr.cpp:5365) Program home: /home/meteo/dev/redist/fwidbmgr
2018-06-05 07:05:01,582 null [INFO] (../src/fwidbmgr.cpp:5369) Auto convert: 1
2018-06-05 07:05:01,582 null [INFO] (../src/fwidbmgr.cpp:446) action: outimg.
2018-06-05 07:05:01,582 null [INFO] (../src/fwidbmgr.cpp:470) date: 20180604.
2018-06-05 07:05:01,582 null [INFO] (../src/fwidbmgr.cpp:322) Try to read: /home/meteo/dev/redist/fwidbmgr/config/fwidbmgr.conf.
2018-06-05 07:05:01,591 null [INFO] (../src/fwidbmgr.cpp:5393) Configuration parsing: OK.
2018-06-05 07:05:01,597 null [INFO] (../src/fwidbmgr.cpp:5478) Connected to database
2018-06-05 07:05:01,597 null [INFO] (../src/fwidbmgr.cpp:5480) Manage data for date: 20180604.
2018-06-05 07:05:01,597 null [INFO] (../src/fwidbmgr.cpp:5566) Importing fwi indexes images in database.
2018-06-05 07:05:01,703 null [INFO] (../src/fwidbmgr.cpp:5570) OK --> 20180604 images imported.
2018-06-05 07:05:01,703 null [INFO] (../src/fwidbmgr.cpp:5695) action outimg took about 0 seconds.
2018-06-05 07:05:01,703 null [INFO] (../src/fwidbmgr.cpp:5699) Disconnected from database.
2018-06-05 07:37:01,983 null [INFO] (../src/fwidbmgr.cpp:5361) fwi db manager
2018-06-05 07:37:01,983 null [INFO] (../src/fwidbmgr.cpp:5365) Program home: /home/meteo/dev/redist/fwidbmgr
2018-06-05 07:37:01,983 null [INFO] (../src/fwidbmgr.cpp:5369) Auto convert: 1
2018-06-05 07:37:01,983 null [INFO] (../src/fwidbmgr.cpp:446) action: outimg.
2018-06-05 07:37:01,983 null [INFO] (../src/fwidbmgr.cpp:470) date: 20180604.
2018-06-05 07:37:01,983 null [INFO] (../src/fwidbmgr.cpp:322) Try to read: /home/meteo/dev/redist/fwidbmgr/config/fwidbmgr.conf.
2018-06-05 07:37:01,986 null [INFO] (../src/fwidbmgr.cpp:5393) Configuration parsing: OK.
2018-06-05 07:37:01,992 null [INFO] (../src/fwidbmgr.cpp:5478) Connected to database
2018-06-05 07:37:01,992 null [INFO] (../src/fwidbmgr.cpp:5480) Manage data for date: 20180604.
2018-06-05 07:37:01,992 null [INFO] (../src/fwidbmgr.cpp:5566) Importing fwi indexes images in database.
2018-06-05 07:37:02,125 null [INFO] (../src/fwidbmgr.cpp:5570) OK --> 20180604 images imported.
2018-06-05 07:37:02,125 null [INFO] (../src/fwidbmgr.cpp:5695) action outimg took about 1 seconds.
2018-06-05 07:37:02,125 null [INFO] (../src/fwidbmgr.cpp:5699) Disconnected from database.
