2019-08-07 05:05:03,496 null [INFO] (../src/fwidbmgr.cpp:5361) fwi db manager
2019-08-07 05:05:03,496 null [INFO] (../src/fwidbmgr.cpp:5365) Program home: /home/meteo/dev/redist/fwidbmgr
2019-08-07 05:05:03,496 null [INFO] (../src/fwidbmgr.cpp:5369) Auto convert: 1
2019-08-07 05:05:03,496 null [INFO] (../src/fwidbmgr.cpp:446) action: in.
2019-08-07 05:05:03,496 null [INFO] (../src/fwidbmgr.cpp:470) date: 20190806.
2019-08-07 05:05:03,496 null [INFO] (../src/fwidbmgr.cpp:322) Try to read: /home/meteo/dev/redist/fwidbmgr/config/fwidbmgr.conf.
2019-08-07 05:05:03,501 null [INFO] (../src/fwidbmgr.cpp:5393) Configuration parsing: OK.
2019-08-07 05:05:03,506 null [INFO] (../src/fwidbmgr.cpp:5478) Connected to database
2019-08-07 05:05:03,506 null [INFO] (../src/fwidbmgr.cpp:5480) Manage data for date: 20190806.
2019-08-07 05:05:03,506 null [INFO] (../src/fwidbmgr.cpp:5536) Importing meteo data in database for day: 20190806.
2019-08-07 05:05:03,508 null [INFO] (/home/meteo/dev/redist/fwidbmgr/include/Grid.h:1595) Configuring grid: snow
2019-08-07 05:05:03,508 null [INFO] (/home/meteo/dev/redist/fwidbmgr/include/Grid.h:1695) Grid snow configured.
2019-08-07 05:05:03,515 null [INFO] (/home/meteo/dev/redist/fwidbmgr/include/Grid.h:1595) Configuring grid: snow_covering
2019-08-07 05:05:03,515 null [INFO] (/home/meteo/dev/redist/fwidbmgr/include/Grid.h:1695) Grid snow_covering configured.
2019-08-07 05:05:03,523 null [INFO] (/home/meteo/dev/redist/fwidbmgr/include/Grid.h:1595) Configuring grid: snow_dissolution
2019-08-07 05:05:03,523 null [INFO] (/home/meteo/dev/redist/fwidbmgr/include/Grid.h:1695) Grid snow_dissolution configured.
2019-08-07 05:05:03,542 null [INFO] (/home/meteo/dev/redist/fwidbmgr/include/Grid.h:1595) Configuring grid: temperature
2019-08-07 05:05:03,542 null [INFO] (/home/meteo/dev/redist/fwidbmgr/include/Grid.h:1695) Grid temperature configured.
2019-08-07 05:05:03,544 null [INFO] (/home/meteo/dev/redist/fwidbmgr/include/Grid.h:1595) Configuring grid: humidity
2019-08-07 05:05:03,544 null [INFO] (/home/meteo/dev/redist/fwidbmgr/include/Grid.h:1695) Grid humidity configured.
2019-08-07 05:05:03,548 null [INFO] (/home/meteo/dev/redist/fwidbmgr/include/Grid.h:1595) Configuring grid: windspeed
2019-08-07 05:05:03,549 null [INFO] (/home/meteo/dev/redist/fwidbmgr/include/Grid.h:1695) Grid windspeed configured.
2019-08-07 05:05:03,561 null [INFO] (/home/meteo/dev/redist/fwidbmgr/include/Grid.h:1595) Configuring grid: rain
2019-08-07 05:05:03,561 null [INFO] (/home/meteo/dev/redist/fwidbmgr/include/Grid.h:1695) Grid rain configured.
2019-08-07 05:05:03,565 null [INFO] (/home/meteo/dev/redist/fwidbmgr/include/Grid.h:1595) Configuring grid: cum_rain
2019-08-07 05:05:03,565 null [INFO] (/home/meteo/dev/redist/fwidbmgr/include/Grid.h:1695) Grid cum_rain configured.
2019-08-07 05:05:12,070 null [INFO] (../src/fwidbmgr.cpp:1518) Storing meteo input ...
2019-08-07 05:05:26,291 null [INFO] (../src/fwidbmgr.cpp:5540) OK --> 20190806 data imported.
2019-08-07 05:05:26,300 null [INFO] (../src/fwidbmgr.cpp:5695) action in took about 23 seconds.
2019-08-07 05:05:26,310 null [INFO] (../src/fwidbmgr.cpp:5699) Disconnected from database.
2019-08-07 05:06:05,557 null [INFO] (../src/fwidbmgr.cpp:5361) fwi db manager
2019-08-07 05:06:05,557 null [INFO] (../src/fwidbmgr.cpp:5365) Program home: /home/meteo/dev/redist/fwidbmgr
2019-08-07 05:06:05,557 null [INFO] (../src/fwidbmgr.cpp:5369) Auto convert: 1
2019-08-07 05:06:05,557 null [INFO] (../src/fwidbmgr.cpp:446) action: out.
2019-08-07 05:06:05,557 null [INFO] (../src/fwidbmgr.cpp:470) date: 20190806.
2019-08-07 05:06:05,557 null [INFO] (../src/fwidbmgr.cpp:322) Try to read: /home/meteo/dev/redist/fwidbmgr/config/fwidbmgr.conf.
2019-08-07 05:06:05,561 null [INFO] (../src/fwidbmgr.cpp:5393) Configuration parsing: OK.
2019-08-07 05:06:05,564 null [INFO] (../src/fwidbmgr.cpp:5478) Connected to database
2019-08-07 05:06:05,564 null [INFO] (../src/fwidbmgr.cpp:5480) Manage data for date: 20190806.
2019-08-07 05:06:05,564 null [INFO] (../src/fwidbmgr.cpp:5551) Importing fwi indexes data in database for day: 20190806.
2019-08-07 05:06:05,565 null [INFO] (/home/meteo/dev/redist/fwidbmgr/include/Grid.h:1595) Configuring grid: isi
2019-08-07 05:06:05,565 null [INFO] (/home/meteo/dev/redist/fwidbmgr/include/Grid.h:1695) Grid isi configured.
2019-08-07 05:06:05,573 null [INFO] (/home/meteo/dev/redist/fwidbmgr/include/Grid.h:1595) Configuring grid: fwi
2019-08-07 05:06:05,573 null [INFO] (/home/meteo/dev/redist/fwidbmgr/include/Grid.h:1695) Grid fwi configured.
2019-08-07 05:06:05,580 null [INFO] (/home/meteo/dev/redist/fwidbmgr/include/Grid.h:1595) Configuring grid: ffmc
2019-08-07 05:06:05,580 null [INFO] (/home/meteo/dev/redist/fwidbmgr/include/Grid.h:1695) Grid ffmc configured.
2019-08-07 05:06:05,587 null [INFO] (/home/meteo/dev/redist/fwidbmgr/include/Grid.h:1595) Configuring grid: dmc
2019-08-07 05:06:05,587 null [INFO] (/home/meteo/dev/redist/fwidbmgr/include/Grid.h:1695) Grid dmc configured.
2019-08-07 05:06:05,594 null [INFO] (/home/meteo/dev/redist/fwidbmgr/include/Grid.h:1595) Configuring grid: dc
2019-08-07 05:06:05,594 null [INFO] (/home/meteo/dev/redist/fwidbmgr/include/Grid.h:1695) Grid dc configured.
2019-08-07 05:06:05,601 null [INFO] (/home/meteo/dev/redist/fwidbmgr/include/Grid.h:1595) Configuring grid: bui
2019-08-07 05:06:05,601 null [INFO] (/home/meteo/dev/redist/fwidbmgr/include/Grid.h:1695) Grid bui configured.
2019-08-07 05:06:05,608 null [INFO] (/home/meteo/dev/redist/fwidbmgr/include/Grid.h:1595) Configuring grid: ffmc_tmp
2019-08-07 05:06:05,608 null [INFO] (/home/meteo/dev/redist/fwidbmgr/include/Grid.h:1695) Grid ffmc_tmp configured.
2019-08-07 05:06:05,619 null [INFO] (/home/meteo/dev/redist/fwidbmgr/include/Grid.h:1595) Configuring grid: dmc_tmp
2019-08-07 05:06:05,619 null [INFO] (/home/meteo/dev/redist/fwidbmgr/include/Grid.h:1695) Grid dmc_tmp configured.
2019-08-07 05:06:05,629 null [INFO] (/home/meteo/dev/redist/fwidbmgr/include/Grid.h:1595) Configuring grid: dc_tmp
2019-08-07 05:06:05,629 null [INFO] (/home/meteo/dev/redist/fwidbmgr/include/Grid.h:1695) Grid dc_tmp configured.
2019-08-07 05:06:05,640 null [INFO] (/home/meteo/dev/redist/fwidbmgr/include/Grid.h:1595) Configuring grid: idi
2019-08-07 05:06:05,640 null [INFO] (/home/meteo/dev/redist/fwidbmgr/include/Grid.h:1695) Grid idi configured.
2019-08-07 05:06:10,325 null [INFO] (../src/fwidbmgr.cpp:2081) Storing FWI indexes ...
2019-08-07 05:06:20,172 null [INFO] (../src/fwidbmgr.cpp:5555) OK --> 20190806 data imported.
2019-08-07 05:06:20,172 null [INFO] (../src/fwidbmgr.cpp:5695) action out took about 15 seconds.
2019-08-07 05:06:20,173 null [INFO] (../src/fwidbmgr.cpp:5699) Disconnected from database.
2019-08-07 05:06:20,248 null [INFO] (../src/fwidbmgr.cpp:5361) fwi db manager
2019-08-07 05:06:20,248 null [INFO] (../src/fwidbmgr.cpp:5365) Program home: /home/meteo/dev/redist/fwidbmgr
2019-08-07 05:06:20,248 null [INFO] (../src/fwidbmgr.cpp:5369) Auto convert: 1
2019-08-07 05:06:20,248 null [INFO] (../src/fwidbmgr.cpp:446) action: computeidx.
2019-08-07 05:06:20,248 null [INFO] (../src/fwidbmgr.cpp:470) date: 20190806.
2019-08-07 05:06:20,248 null [INFO] (../src/fwidbmgr.cpp:322) Try to read: /home/meteo/dev/redist/fwidbmgr/config/fwidbmgr.conf.
2019-08-07 05:06:20,250 null [INFO] (../src/fwidbmgr.cpp:5393) Configuration parsing: OK.
2019-08-07 05:06:20,262 null [INFO] (../src/fwidbmgr.cpp:5478) Connected to database
2019-08-07 05:06:20,262 null [INFO] (../src/fwidbmgr.cpp:5480) Manage data for date: 20190806.
2019-08-07 05:06:20,262 null [INFO] (../src/fwidbmgr.cpp:5656) Computing indexes.
2019-08-07 05:06:20,265 null [INFO] (/home/meteo/dev/redist/fwidbmgr/include/Grid.h:1595) Configuring grid: isi
2019-08-07 05:06:20,266 null [INFO] (/home/meteo/dev/redist/fwidbmgr/include/Grid.h:1695) Grid isi configured.
2019-08-07 05:06:20,267 null [INFO] (/home/meteo/dev/redist/fwidbmgr/include/Grid.h:1595) Configuring grid: fwi
2019-08-07 05:06:20,267 null [INFO] (/home/meteo/dev/redist/fwidbmgr/include/Grid.h:1695) Grid fwi configured.
2019-08-07 05:06:20,269 null [INFO] (/home/meteo/dev/redist/fwidbmgr/include/Grid.h:1595) Configuring grid: ffmc
2019-08-07 05:06:20,269 null [INFO] (/home/meteo/dev/redist/fwidbmgr/include/Grid.h:1695) Grid ffmc configured.
2019-08-07 05:06:20,271 null [INFO] (/home/meteo/dev/redist/fwidbmgr/include/Grid.h:1595) Configuring grid: dmc
2019-08-07 05:06:20,271 null [INFO] (/home/meteo/dev/redist/fwidbmgr/include/Grid.h:1695) Grid dmc configured.
2019-08-07 05:06:20,273 null [INFO] (/home/meteo/dev/redist/fwidbmgr/include/Grid.h:1595) Configuring grid: dc
2019-08-07 05:06:20,273 null [INFO] (/home/meteo/dev/redist/fwidbmgr/include/Grid.h:1695) Grid dc configured.
2019-08-07 05:06:20,274 null [INFO] (/home/meteo/dev/redist/fwidbmgr/include/Grid.h:1595) Configuring grid: bui
2019-08-07 05:06:20,274 null [INFO] (/home/meteo/dev/redist/fwidbmgr/include/Grid.h:1695) Grid bui configured.
2019-08-07 05:06:20,276 null [INFO] (/home/meteo/dev/redist/fwidbmgr/include/Grid.h:1595) Configuring grid: ffmc_tmp
2019-08-07 05:06:20,276 null [INFO] (/home/meteo/dev/redist/fwidbmgr/include/Grid.h:1695) Grid ffmc_tmp configured.
2019-08-07 05:06:20,277 null [INFO] (/home/meteo/dev/redist/fwidbmgr/include/Grid.h:1595) Configuring grid: dmc_tmp
2019-08-07 05:06:20,277 null [INFO] (/home/meteo/dev/redist/fwidbmgr/include/Grid.h:1695) Grid dmc_tmp configured.
2019-08-07 05:06:20,278 null [INFO] (/home/meteo/dev/redist/fwidbmgr/include/Grid.h:1595) Configuring grid: dc_tmp
2019-08-07 05:06:20,278 null [INFO] (/home/meteo/dev/redist/fwidbmgr/include/Grid.h:1695) Grid dc_tmp configured.
2019-08-07 05:06:20,279 null [INFO] (/home/meteo/dev/redist/fwidbmgr/include/Grid.h:1595) Configuring grid: idi
2019-08-07 05:06:20,279 null [INFO] (/home/meteo/dev/redist/fwidbmgr/include/Grid.h:1695) Grid idi configured.
2019-08-07 05:06:20,280 null [INFO] (/home/meteo/dev/redist/fwidbmgr/include/Grid.h:1595) Configuring grid: angstrom
2019-08-07 05:06:20,280 null [INFO] (/home/meteo/dev/redist/fwidbmgr/include/Grid.h:1695) Grid angstrom configured.
2019-08-07 05:06:20,281 null [INFO] (/home/meteo/dev/redist/fwidbmgr/include/Grid.h:1595) Configuring grid: fmi
2019-08-07 05:06:20,281 null [INFO] (/home/meteo/dev/redist/fwidbmgr/include/Grid.h:1695) Grid fmi configured.
2019-08-07 05:06:20,282 null [INFO] (/home/meteo/dev/redist/fwidbmgr/include/Grid.h:1595) Configuring grid: sharples
2019-08-07 05:06:20,282 null [INFO] (/home/meteo/dev/redist/fwidbmgr/include/Grid.h:1695) Grid sharples configured.
2019-08-07 05:06:23,452 null [INFO] (/home/meteo/dev/redist/fwidbmgr/include/Grid.h:1595) Configuring grid: snow
2019-08-07 05:06:23,452 null [INFO] (/home/meteo/dev/redist/fwidbmgr/include/Grid.h:1695) Grid snow configured.
2019-08-07 05:06:23,452 null [INFO] (/home/meteo/dev/redist/fwidbmgr/include/Grid.h:1595) Configuring grid: snow_covering
2019-08-07 05:06:23,452 null [INFO] (/home/meteo/dev/redist/fwidbmgr/include/Grid.h:1695) Grid snow_covering configured.
2019-08-07 05:06:23,452 null [INFO] (/home/meteo/dev/redist/fwidbmgr/include/Grid.h:1595) Configuring grid: snow_dissolution
2019-08-07 05:06:23,452 null [INFO] (/home/meteo/dev/redist/fwidbmgr/include/Grid.h:1695) Grid snow_dissolution configured.
2019-08-07 05:06:23,452 null [INFO] (/home/meteo/dev/redist/fwidbmgr/include/Grid.h:1595) Configuring grid: temperature
2019-08-07 05:06:23,452 null [INFO] (/home/meteo/dev/redist/fwidbmgr/include/Grid.h:1695) Grid temperature configured.
2019-08-07 05:06:23,453 null [INFO] (/home/meteo/dev/redist/fwidbmgr/include/Grid.h:1595) Configuring grid: humidity
2019-08-07 05:06:23,453 null [INFO] (/home/meteo/dev/redist/fwidbmgr/include/Grid.h:1695) Grid humidity configured.
2019-08-07 05:06:23,453 null [INFO] (/home/meteo/dev/redist/fwidbmgr/include/Grid.h:1595) Configuring grid: windspeed
2019-08-07 05:06:23,453 null [INFO] (/home/meteo/dev/redist/fwidbmgr/include/Grid.h:1695) Grid windspeed configured.
2019-08-07 05:06:23,453 null [INFO] (/home/meteo/dev/redist/fwidbmgr/include/Grid.h:1595) Configuring grid: rain
2019-08-07 05:06:23,453 null [INFO] (/home/meteo/dev/redist/fwidbmgr/include/Grid.h:1695) Grid rain configured.
2019-08-07 05:06:23,453 null [INFO] (/home/meteo/dev/redist/fwidbmgr/include/Grid.h:1595) Configuring grid: cum_rain
2019-08-07 05:06:23,453 null [INFO] (/home/meteo/dev/redist/fwidbmgr/include/Grid.h:1695) Grid cum_rain configured.
2019-08-07 05:07:30,348 null [INFO] (../src/fwidbmgr.cpp:5660) OK --> 20190806 indexes computed.
2019-08-07 05:07:30,349 null [INFO] (../src/fwidbmgr.cpp:5695) action computeidx took about 70 seconds.
2019-08-07 05:07:30,349 null [INFO] (../src/fwidbmgr.cpp:5699) Disconnected from database.
2019-08-07 05:07:30,415 null [INFO] (../src/fwidbmgr.cpp:5361) fwi db manager
2019-08-07 05:07:30,415 null [INFO] (../src/fwidbmgr.cpp:5365) Program home: /home/meteo/dev/redist/fwidbmgr
2019-08-07 05:07:30,415 null [INFO] (../src/fwidbmgr.cpp:5369) Auto convert: 1
2019-08-07 05:07:30,415 null [INFO] (../src/fwidbmgr.cpp:446) action: exportidx.
2019-08-07 05:07:30,415 null [INFO] (../src/fwidbmgr.cpp:470) date: 20190806.
2019-08-07 05:07:30,415 null [INFO] (../src/fwidbmgr.cpp:322) Try to read: /home/meteo/dev/redist/fwidbmgr/config/fwidbmgr.conf.
2019-08-07 05:07:30,419 null [INFO] (../src/fwidbmgr.cpp:5393) Configuration parsing: OK.
2019-08-07 05:07:30,429 null [INFO] (../src/fwidbmgr.cpp:5478) Connected to database
2019-08-07 05:07:30,429 null [INFO] (../src/fwidbmgr.cpp:5480) Manage data for date: 20190806.
2019-08-07 05:07:30,429 null [INFO] (../src/fwidbmgr.cpp:5596) Exporting indexes.
2019-08-07 05:07:30,433 null [INFO] (/home/meteo/dev/redist/fwidbmgr/include/Grid.h:1595) Configuring grid: isi
2019-08-07 05:07:30,433 null [INFO] (/home/meteo/dev/redist/fwidbmgr/include/Grid.h:1695) Grid isi configured.
2019-08-07 05:07:30,436 null [INFO] (/home/meteo/dev/redist/fwidbmgr/include/Grid.h:1595) Configuring grid: fwi
2019-08-07 05:07:30,436 null [INFO] (/home/meteo/dev/redist/fwidbmgr/include/Grid.h:1695) Grid fwi configured.
2019-08-07 05:07:30,439 null [INFO] (/home/meteo/dev/redist/fwidbmgr/include/Grid.h:1595) Configuring grid: ffmc
2019-08-07 05:07:30,439 null [INFO] (/home/meteo/dev/redist/fwidbmgr/include/Grid.h:1695) Grid ffmc configured.
2019-08-07 05:07:30,441 null [INFO] (/home/meteo/dev/redist/fwidbmgr/include/Grid.h:1595) Configuring grid: dmc
2019-08-07 05:07:30,441 null [INFO] (/home/meteo/dev/redist/fwidbmgr/include/Grid.h:1695) Grid dmc configured.
2019-08-07 05:07:30,443 null [INFO] (/home/meteo/dev/redist/fwidbmgr/include/Grid.h:1595) Configuring grid: dc
2019-08-07 05:07:30,443 null [INFO] (/home/meteo/dev/redist/fwidbmgr/include/Grid.h:1695) Grid dc configured.
2019-08-07 05:07:30,444 null [INFO] (/home/meteo/dev/redist/fwidbmgr/include/Grid.h:1595) Configuring grid: bui
2019-08-07 05:07:30,444 null [INFO] (/home/meteo/dev/redist/fwidbmgr/include/Grid.h:1695) Grid bui configured.
2019-08-07 05:07:30,445 null [INFO] (/home/meteo/dev/redist/fwidbmgr/include/Grid.h:1595) Configuring grid: ffmc_tmp
2019-08-07 05:07:30,445 null [INFO] (/home/meteo/dev/redist/fwidbmgr/include/Grid.h:1695) Grid ffmc_tmp configured.
2019-08-07 05:07:30,446 null [INFO] (/home/meteo/dev/redist/fwidbmgr/include/Grid.h:1595) Configuring grid: dmc_tmp
2019-08-07 05:07:30,446 null [INFO] (/home/meteo/dev/redist/fwidbmgr/include/Grid.h:1695) Grid dmc_tmp configured.
2019-08-07 05:07:30,447 null [INFO] (/home/meteo/dev/redist/fwidbmgr/include/Grid.h:1595) Configuring grid: dc_tmp
2019-08-07 05:07:30,447 null [INFO] (/home/meteo/dev/redist/fwidbmgr/include/Grid.h:1695) Grid dc_tmp configured.
2019-08-07 05:07:30,448 null [INFO] (/home/meteo/dev/redist/fwidbmgr/include/Grid.h:1595) Configuring grid: idi
2019-08-07 05:07:30,448 null [INFO] (/home/meteo/dev/redist/fwidbmgr/include/Grid.h:1695) Grid idi configured.
2019-08-07 05:07:30,449 null [INFO] (/home/meteo/dev/redist/fwidbmgr/include/Grid.h:1595) Configuring grid: angstrom
2019-08-07 05:07:30,449 null [INFO] (/home/meteo/dev/redist/fwidbmgr/include/Grid.h:1695) Grid angstrom configured.
2019-08-07 05:07:30,450 null [INFO] (/home/meteo/dev/redist/fwidbmgr/include/Grid.h:1595) Configuring grid: fmi
2019-08-07 05:07:30,450 null [INFO] (/home/meteo/dev/redist/fwidbmgr/include/Grid.h:1695) Grid fmi configured.
2019-08-07 05:07:30,451 null [INFO] (/home/meteo/dev/redist/fwidbmgr/include/Grid.h:1595) Configuring grid: sharples
2019-08-07 05:07:30,451 null [INFO] (/home/meteo/dev/redist/fwidbmgr/include/Grid.h:1695) Grid sharples configured.
2019-08-07 05:07:34,920 null [INFO] (/home/meteo/dev/redist/fwidbmgr/include/Grid.h:1595) Configuring grid: isi
2019-08-07 05:07:34,920 null [INFO] (/home/meteo/dev/redist/fwidbmgr/include/Grid.h:1695) Grid isi configured.
2019-08-07 05:07:34,942 null [INFO] (/home/meteo/dev/redist/fwidbmgr/include/Grid.h:1595) Configuring grid: fwi
2019-08-07 05:07:34,942 null [INFO] (/home/meteo/dev/redist/fwidbmgr/include/Grid.h:1695) Grid fwi configured.
2019-08-07 05:07:34,962 null [INFO] (/home/meteo/dev/redist/fwidbmgr/include/Grid.h:1595) Configuring grid: ffmc
2019-08-07 05:07:34,962 null [INFO] (/home/meteo/dev/redist/fwidbmgr/include/Grid.h:1695) Grid ffmc configured.
2019-08-07 05:07:34,982 null [INFO] (/home/meteo/dev/redist/fwidbmgr/include/Grid.h:1595) Configuring grid: dmc
2019-08-07 05:07:34,982 null [INFO] (/home/meteo/dev/redist/fwidbmgr/include/Grid.h:1695) Grid dmc configured.
2019-08-07 05:07:35,002 null [INFO] (/home/meteo/dev/redist/fwidbmgr/include/Grid.h:1595) Configuring grid: dc
2019-08-07 05:07:35,002 null [INFO] (/home/meteo/dev/redist/fwidbmgr/include/Grid.h:1695) Grid dc configured.
2019-08-07 05:07:35,023 null [INFO] (/home/meteo/dev/redist/fwidbmgr/include/Grid.h:1595) Configuring grid: bui
2019-08-07 05:07:35,023 null [INFO] (/home/meteo/dev/redist/fwidbmgr/include/Grid.h:1695) Grid bui configured.
2019-08-07 05:07:35,043 null [INFO] (/home/meteo/dev/redist/fwidbmgr/include/Grid.h:1595) Configuring grid: ffmc_tmp
2019-08-07 05:07:35,043 null [INFO] (/home/meteo/dev/redist/fwidbmgr/include/Grid.h:1695) Grid ffmc_tmp configured.
2019-08-07 05:07:35,063 null [INFO] (/home/meteo/dev/redist/fwidbmgr/include/Grid.h:1595) Configuring grid: dmc_tmp
2019-08-07 05:07:35,063 null [INFO] (/home/meteo/dev/redist/fwidbmgr/include/Grid.h:1695) Grid dmc_tmp configured.
2019-08-07 05:07:35,083 null [INFO] (/home/meteo/dev/redist/fwidbmgr/include/Grid.h:1595) Configuring grid: dc_tmp
2019-08-07 05:07:35,083 null [INFO] (/home/meteo/dev/redist/fwidbmgr/include/Grid.h:1695) Grid dc_tmp configured.
2019-08-07 05:07:35,103 null [INFO] (/home/meteo/dev/redist/fwidbmgr/include/Grid.h:1595) Configuring grid: angstrom
2019-08-07 05:07:35,103 null [INFO] (/home/meteo/dev/redist/fwidbmgr/include/Grid.h:1695) Grid angstrom configured.
2019-08-07 05:07:35,125 null [INFO] (/home/meteo/dev/redist/fwidbmgr/include/Grid.h:1595) Configuring grid: sharples
2019-08-07 05:07:35,126 null [INFO] (/home/meteo/dev/redist/fwidbmgr/include/Grid.h:1695) Grid sharples configured.
2019-08-07 05:07:35,145 null [INFO] (/home/meteo/dev/redist/fwidbmgr/include/Grid.h:1595) Configuring grid: fmi
2019-08-07 05:07:35,145 null [INFO] (/home/meteo/dev/redist/fwidbmgr/include/Grid.h:1695) Grid fmi configured.
2019-08-07 05:07:35,164 null [INFO] (../src/fwidbmgr.cpp:5600) OK --> 20190806 indexes exported to files.
2019-08-07 05:07:35,164 null [INFO] (../src/fwidbmgr.cpp:5695) action exportidx took about 5 seconds.
2019-08-07 05:07:35,165 null [INFO] (../src/fwidbmgr.cpp:5699) Disconnected from database.
2019-08-07 05:07:49,397 null [INFO] (../src/fwidbmgr.cpp:5361) fwi db manager
2019-08-07 05:07:49,397 null [INFO] (../src/fwidbmgr.cpp:5365) Program home: /home/meteo/dev/redist/fwidbmgr
2019-08-07 05:07:49,397 null [INFO] (../src/fwidbmgr.cpp:5369) Auto convert: 1
2019-08-07 05:07:49,397 null [INFO] (../src/fwidbmgr.cpp:446) action: outimg.
2019-08-07 05:07:49,397 null [INFO] (../src/fwidbmgr.cpp:470) date: 20190806.
2019-08-07 05:07:49,397 null [INFO] (../src/fwidbmgr.cpp:322) Try to read: /home/meteo/dev/redist/fwidbmgr/config/fwidbmgr.conf.
2019-08-07 05:07:49,399 null [INFO] (../src/fwidbmgr.cpp:5393) Configuration parsing: OK.
2019-08-07 05:07:49,404 null [INFO] (../src/fwidbmgr.cpp:5478) Connected to database
2019-08-07 05:07:49,404 null [INFO] (../src/fwidbmgr.cpp:5480) Manage data for date: 20190806.
2019-08-07 05:07:49,404 null [INFO] (../src/fwidbmgr.cpp:5566) Importing fwi indexes images in database.
2019-08-07 05:07:49,466 null [INFO] (../src/fwidbmgr.cpp:5570) OK --> 20190806 images imported.
2019-08-07 05:07:49,466 null [INFO] (../src/fwidbmgr.cpp:5695) action outimg took about 0 seconds.
2019-08-07 05:07:49,466 null [INFO] (../src/fwidbmgr.cpp:5699) Disconnected from database.
2019-08-07 05:37:01,705 null [INFO] (../src/fwidbmgr.cpp:5361) fwi db manager
2019-08-07 05:37:01,705 null [INFO] (../src/fwidbmgr.cpp:5365) Program home: /home/meteo/dev/redist/fwidbmgr
2019-08-07 05:37:01,705 null [INFO] (../src/fwidbmgr.cpp:5369) Auto convert: 1
2019-08-07 05:37:01,705 null [INFO] (../src/fwidbmgr.cpp:446) action: outimg.
2019-08-07 05:37:01,705 null [INFO] (../src/fwidbmgr.cpp:470) date: 20190806.
2019-08-07 05:37:01,705 null [INFO] (../src/fwidbmgr.cpp:322) Try to read: /home/meteo/dev/redist/fwidbmgr/config/fwidbmgr.conf.
2019-08-07 05:37:01,706 null [INFO] (../src/fwidbmgr.cpp:5393) Configuration parsing: OK.
2019-08-07 05:37:01,712 null [INFO] (../src/fwidbmgr.cpp:5478) Connected to database
2019-08-07 05:37:01,712 null [INFO] (../src/fwidbmgr.cpp:5480) Manage data for date: 20190806.
2019-08-07 05:37:01,712 null [INFO] (../src/fwidbmgr.cpp:5566) Importing fwi indexes images in database.
2019-08-07 05:37:01,757 null [INFO] (../src/fwidbmgr.cpp:5570) OK --> 20190806 images imported.
2019-08-07 05:37:01,757 null [INFO] (../src/fwidbmgr.cpp:5695) action outimg took about 0 seconds.
2019-08-07 05:37:01,757 null [INFO] (../src/fwidbmgr.cpp:5699) Disconnected from database.
2019-08-07 06:05:01,870 null [INFO] (../src/fwidbmgr.cpp:5361) fwi db manager
2019-08-07 06:05:01,870 null [INFO] (../src/fwidbmgr.cpp:5365) Program home: /home/meteo/dev/redist/fwidbmgr
2019-08-07 06:05:01,870 null [INFO] (../src/fwidbmgr.cpp:5369) Auto convert: 1
2019-08-07 06:05:01,870 null [INFO] (../src/fwidbmgr.cpp:446) action: outimg.
2019-08-07 06:05:01,870 null [INFO] (../src/fwidbmgr.cpp:470) date: 20190806.
2019-08-07 06:05:01,870 null [INFO] (../src/fwidbmgr.cpp:322) Try to read: /home/meteo/dev/redist/fwidbmgr/config/fwidbmgr.conf.
2019-08-07 06:05:01,871 null [INFO] (../src/fwidbmgr.cpp:5393) Configuration parsing: OK.
2019-08-07 06:05:01,876 null [INFO] (../src/fwidbmgr.cpp:5478) Connected to database
2019-08-07 06:05:01,876 null [INFO] (../src/fwidbmgr.cpp:5480) Manage data for date: 20190806.
2019-08-07 06:05:01,876 null [INFO] (../src/fwidbmgr.cpp:5566) Importing fwi indexes images in database.
2019-08-07 06:05:01,918 null [INFO] (../src/fwidbmgr.cpp:5570) OK --> 20190806 images imported.
2019-08-07 06:05:01,919 null [INFO] (../src/fwidbmgr.cpp:5695) action outimg took about 0 seconds.
2019-08-07 06:05:01,919 null [INFO] (../src/fwidbmgr.cpp:5699) Disconnected from database.
2019-08-07 06:37:01,053 null [INFO] (../src/fwidbmgr.cpp:5361) fwi db manager
2019-08-07 06:37:01,053 null [INFO] (../src/fwidbmgr.cpp:5365) Program home: /home/meteo/dev/redist/fwidbmgr
2019-08-07 06:37:01,053 null [INFO] (../src/fwidbmgr.cpp:5369) Auto convert: 1
2019-08-07 06:37:01,053 null [INFO] (../src/fwidbmgr.cpp:446) action: outimg.
2019-08-07 06:37:01,053 null [INFO] (../src/fwidbmgr.cpp:470) date: 20190806.
2019-08-07 06:37:01,053 null [INFO] (../src/fwidbmgr.cpp:322) Try to read: /home/meteo/dev/redist/fwidbmgr/config/fwidbmgr.conf.
2019-08-07 06:37:01,054 null [INFO] (../src/fwidbmgr.cpp:5393) Configuration parsing: OK.
2019-08-07 06:37:01,061 null [INFO] (../src/fwidbmgr.cpp:5478) Connected to database
2019-08-07 06:37:01,061 null [INFO] (../src/fwidbmgr.cpp:5480) Manage data for date: 20190806.
2019-08-07 06:37:01,061 null [INFO] (../src/fwidbmgr.cpp:5566) Importing fwi indexes images in database.
2019-08-07 06:37:01,101 null [INFO] (../src/fwidbmgr.cpp:5570) OK --> 20190806 images imported.
2019-08-07 06:37:01,101 null [INFO] (../src/fwidbmgr.cpp:5695) action outimg took about 0 seconds.
2019-08-07 06:37:01,101 null [INFO] (../src/fwidbmgr.cpp:5699) Disconnected from database.
2019-08-07 07:05:01,758 null [INFO] (../src/fwidbmgr.cpp:5361) fwi db manager
2019-08-07 07:05:01,758 null [INFO] (../src/fwidbmgr.cpp:5365) Program home: /home/meteo/dev/redist/fwidbmgr
2019-08-07 07:05:01,758 null [INFO] (../src/fwidbmgr.cpp:5369) Auto convert: 1
2019-08-07 07:05:01,758 null [INFO] (../src/fwidbmgr.cpp:446) action: outimg.
2019-08-07 07:05:01,758 null [INFO] (../src/fwidbmgr.cpp:470) date: 20190806.
2019-08-07 07:05:01,758 null [INFO] (../src/fwidbmgr.cpp:322) Try to read: /home/meteo/dev/redist/fwidbmgr/config/fwidbmgr.conf.
2019-08-07 07:05:01,759 null [INFO] (../src/fwidbmgr.cpp:5393) Configuration parsing: OK.
2019-08-07 07:05:01,764 null [INFO] (../src/fwidbmgr.cpp:5478) Connected to database
2019-08-07 07:05:01,764 null [INFO] (../src/fwidbmgr.cpp:5480) Manage data for date: 20190806.
2019-08-07 07:05:01,764 null [INFO] (../src/fwidbmgr.cpp:5566) Importing fwi indexes images in database.
2019-08-07 07:05:01,803 null [INFO] (../src/fwidbmgr.cpp:5570) OK --> 20190806 images imported.
2019-08-07 07:05:01,803 null [INFO] (../src/fwidbmgr.cpp:5695) action outimg took about 0 seconds.
2019-08-07 07:05:01,804 null [INFO] (../src/fwidbmgr.cpp:5699) Disconnected from database.
2019-08-07 07:37:01,937 null [INFO] (../src/fwidbmgr.cpp:5361) fwi db manager
2019-08-07 07:37:01,937 null [INFO] (../src/fwidbmgr.cpp:5365) Program home: /home/meteo/dev/redist/fwidbmgr
2019-08-07 07:37:01,937 null [INFO] (../src/fwidbmgr.cpp:5369) Auto convert: 1
2019-08-07 07:37:01,937 null [INFO] (../src/fwidbmgr.cpp:446) action: outimg.
2019-08-07 07:37:01,938 null [INFO] (../src/fwidbmgr.cpp:470) date: 20190806.
2019-08-07 07:37:01,938 null [INFO] (../src/fwidbmgr.cpp:322) Try to read: /home/meteo/dev/redist/fwidbmgr/config/fwidbmgr.conf.
2019-08-07 07:37:01,938 null [INFO] (../src/fwidbmgr.cpp:5393) Configuration parsing: OK.
2019-08-07 07:37:01,943 null [INFO] (../src/fwidbmgr.cpp:5478) Connected to database
2019-08-07 07:37:01,943 null [INFO] (../src/fwidbmgr.cpp:5480) Manage data for date: 20190806.
2019-08-07 07:37:01,943 null [INFO] (../src/fwidbmgr.cpp:5566) Importing fwi indexes images in database.
2019-08-07 07:37:01,983 null [INFO] (../src/fwidbmgr.cpp:5570) OK --> 20190806 images imported.
2019-08-07 07:37:01,983 null [INFO] (../src/fwidbmgr.cpp:5695) action outimg took about 0 seconds.
2019-08-07 07:37:01,983 null [INFO] (../src/fwidbmgr.cpp:5699) Disconnected from database.
