2015-12-15 05:07:07,001 null [INFO] (../src/fwidbmgr.cpp:5207) fwi db manager
2015-12-15 05:07:07,002 null [INFO] (../src/fwidbmgr.cpp:5209) Program home: /home/meteo/dev/redist/fwidbmgr
2015-12-15 05:07:07,002 null [INFO] (../src/fwidbmgr.cpp:5211) Auto convert: 1
2015-12-15 05:07:07,002 null [INFO] (../src/fwidbmgr.cpp:458) action: in.
2015-12-15 05:07:07,002 null [INFO] (../src/fwidbmgr.cpp:482) date: 20151214.
2015-12-15 05:07:07,002 null [INFO] (../src/fwidbmgr.cpp:319) Try to read: /home/meteo/dev/redist/fwidbmgr/config/fwidbmgr.conf.
2015-12-15 05:07:07,034 null [INFO] (../src/fwidbmgr.cpp:5240) Configuration parsing: OK.
2015-12-15 05:07:07,143 null [INFO] (../src/fwidbmgr.cpp:5322) Connected to database
2015-12-15 05:07:07,143 null [INFO] (../src/fwidbmgr.cpp:5323) Manage data for date: 20151214.
2015-12-15 05:07:07,143 null [INFO] (../src/fwidbmgr.cpp:5367) Importing meteo data in database for day: 20151214.
2015-12-15 05:07:07,145 null [INFO] (/home/meteo/dev/redist/fwidbmgr/include/Grid.h:1595) Configuring grid: snow
2015-12-15 05:07:07,145 null [INFO] (/home/meteo/dev/redist/fwidbmgr/include/Grid.h:1695) Grid snow configured.
2015-12-15 05:07:07,158 null [INFO] (/home/meteo/dev/redist/fwidbmgr/include/Grid.h:1595) Configuring grid: snow_covering
2015-12-15 05:07:07,158 null [INFO] (/home/meteo/dev/redist/fwidbmgr/include/Grid.h:1695) Grid snow_covering configured.
2015-12-15 05:07:07,172 null [INFO] (/home/meteo/dev/redist/fwidbmgr/include/Grid.h:1595) Configuring grid: snow_dissolution
2015-12-15 05:07:07,173 null [INFO] (/home/meteo/dev/redist/fwidbmgr/include/Grid.h:1695) Grid snow_dissolution configured.
2015-12-15 05:07:07,198 null [INFO] (/home/meteo/dev/redist/fwidbmgr/include/Grid.h:1595) Configuring grid: temperature
2015-12-15 05:07:07,198 null [INFO] (/home/meteo/dev/redist/fwidbmgr/include/Grid.h:1695) Grid temperature configured.
2015-12-15 05:07:07,203 null [INFO] (/home/meteo/dev/redist/fwidbmgr/include/Grid.h:1595) Configuring grid: humidity
2015-12-15 05:07:07,204 null [INFO] (/home/meteo/dev/redist/fwidbmgr/include/Grid.h:1695) Grid humidity configured.
2015-12-15 05:07:07,214 null [INFO] (/home/meteo/dev/redist/fwidbmgr/include/Grid.h:1595) Configuring grid: windspeed
2015-12-15 05:07:07,214 null [INFO] (/home/meteo/dev/redist/fwidbmgr/include/Grid.h:1695) Grid windspeed configured.
2015-12-15 05:07:07,239 null [INFO] (/home/meteo/dev/redist/fwidbmgr/include/Grid.h:1595) Configuring grid: rain
2015-12-15 05:07:07,239 null [INFO] (/home/meteo/dev/redist/fwidbmgr/include/Grid.h:1695) Grid rain configured.
2015-12-15 05:07:07,243 null [INFO] (/home/meteo/dev/redist/fwidbmgr/include/Grid.h:1595) Configuring grid: cum_rain
2015-12-15 05:07:07,243 null [INFO] (/home/meteo/dev/redist/fwidbmgr/include/Grid.h:1695) Grid cum_rain configured.
2015-12-15 05:07:36,457 null [INFO] (../src/fwidbmgr.cpp:1502) Storing meteo input ...
2015-12-15 05:08:49,489 null [INFO] (../src/fwidbmgr.cpp:5370) OK --> 20151214 data imported.
2015-12-15 05:08:49,560 null [INFO] (../src/fwidbmgr.cpp:5496) action in took about 102 seconds.
2015-12-15 05:08:49,634 null [INFO] (../src/fwidbmgr.cpp:5499) Disconnected from database.
2015-12-15 05:10:25,089 null [INFO] (../src/fwidbmgr.cpp:5207) fwi db manager
2015-12-15 05:10:25,089 null [INFO] (../src/fwidbmgr.cpp:5209) Program home: /home/meteo/dev/redist/fwidbmgr
2015-12-15 05:10:25,089 null [INFO] (../src/fwidbmgr.cpp:5211) Auto convert: 1
2015-12-15 05:10:25,089 null [INFO] (../src/fwidbmgr.cpp:458) action: out.
2015-12-15 05:10:25,089 null [INFO] (../src/fwidbmgr.cpp:482) date: 20151214.
2015-12-15 05:10:25,089 null [INFO] (../src/fwidbmgr.cpp:319) Try to read: /home/meteo/dev/redist/fwidbmgr/config/fwidbmgr.conf.
2015-12-15 05:10:25,127 null [INFO] (../src/fwidbmgr.cpp:5240) Configuration parsing: OK.
2015-12-15 05:10:25,202 null [INFO] (../src/fwidbmgr.cpp:5322) Connected to database
2015-12-15 05:10:25,202 null [INFO] (../src/fwidbmgr.cpp:5323) Manage data for date: 20151214.
2015-12-15 05:10:25,202 null [INFO] (../src/fwidbmgr.cpp:5379) Importing fwi indexes data in database for day: 20151214.
2015-12-15 05:10:25,207 null [INFO] (/home/meteo/dev/redist/fwidbmgr/include/Grid.h:1595) Configuring grid: isi
2015-12-15 05:10:25,207 null [INFO] (/home/meteo/dev/redist/fwidbmgr/include/Grid.h:1695) Grid isi configured.
2015-12-15 05:10:25,220 null [INFO] (/home/meteo/dev/redist/fwidbmgr/include/Grid.h:1595) Configuring grid: fwi
2015-12-15 05:10:25,221 null [INFO] (/home/meteo/dev/redist/fwidbmgr/include/Grid.h:1695) Grid fwi configured.
2015-12-15 05:10:25,234 null [INFO] (/home/meteo/dev/redist/fwidbmgr/include/Grid.h:1595) Configuring grid: ffmc
2015-12-15 05:10:25,234 null [INFO] (/home/meteo/dev/redist/fwidbmgr/include/Grid.h:1695) Grid ffmc configured.
2015-12-15 05:10:25,248 null [INFO] (/home/meteo/dev/redist/fwidbmgr/include/Grid.h:1595) Configuring grid: dmc
2015-12-15 05:10:25,248 null [INFO] (/home/meteo/dev/redist/fwidbmgr/include/Grid.h:1695) Grid dmc configured.
2015-12-15 05:10:25,262 null [INFO] (/home/meteo/dev/redist/fwidbmgr/include/Grid.h:1595) Configuring grid: dc
2015-12-15 05:10:25,262 null [INFO] (/home/meteo/dev/redist/fwidbmgr/include/Grid.h:1695) Grid dc configured.
2015-12-15 05:10:25,277 null [INFO] (/home/meteo/dev/redist/fwidbmgr/include/Grid.h:1595) Configuring grid: bui
2015-12-15 05:10:25,278 null [INFO] (/home/meteo/dev/redist/fwidbmgr/include/Grid.h:1695) Grid bui configured.
2015-12-15 05:10:25,292 null [INFO] (/home/meteo/dev/redist/fwidbmgr/include/Grid.h:1595) Configuring grid: ffmc_tmp
2015-12-15 05:10:25,292 null [INFO] (/home/meteo/dev/redist/fwidbmgr/include/Grid.h:1695) Grid ffmc_tmp configured.
2015-12-15 05:10:25,344 null [INFO] (/home/meteo/dev/redist/fwidbmgr/include/Grid.h:1595) Configuring grid: dmc_tmp
2015-12-15 05:10:25,344 null [INFO] (/home/meteo/dev/redist/fwidbmgr/include/Grid.h:1695) Grid dmc_tmp configured.
2015-12-15 05:10:25,382 null [INFO] (/home/meteo/dev/redist/fwidbmgr/include/Grid.h:1595) Configuring grid: dc_tmp
2015-12-15 05:10:25,382 null [INFO] (/home/meteo/dev/redist/fwidbmgr/include/Grid.h:1695) Grid dc_tmp configured.
2015-12-15 05:10:25,412 null [INFO] (/home/meteo/dev/redist/fwidbmgr/include/Grid.h:1595) Configuring grid: idi
2015-12-15 05:10:25,412 null [INFO] (/home/meteo/dev/redist/fwidbmgr/include/Grid.h:1695) Grid idi configured.
2015-12-15 05:11:15,540 null [INFO] (../src/fwidbmgr.cpp:2045) Storing FWI indexes ...
2015-12-15 05:12:53,632 null [INFO] (../src/fwidbmgr.cpp:5382) OK --> 20151214 data imported.
2015-12-15 05:12:53,632 null [INFO] (../src/fwidbmgr.cpp:5496) action out took about 148 seconds.
2015-12-15 05:12:53,633 null [INFO] (../src/fwidbmgr.cpp:5499) Disconnected from database.
2015-12-15 05:12:53,983 null [INFO] (../src/fwidbmgr.cpp:5207) fwi db manager
2015-12-15 05:12:53,983 null [INFO] (../src/fwidbmgr.cpp:5209) Program home: /home/meteo/dev/redist/fwidbmgr
2015-12-15 05:12:53,983 null [INFO] (../src/fwidbmgr.cpp:5211) Auto convert: 1
2015-12-15 05:12:53,983 null [INFO] (../src/fwidbmgr.cpp:458) action: computeidx.
2015-12-15 05:12:53,983 null [INFO] (../src/fwidbmgr.cpp:482) date: 20151214.
2015-12-15 05:12:53,983 null [INFO] (../src/fwidbmgr.cpp:319) Try to read: /home/meteo/dev/redist/fwidbmgr/config/fwidbmgr.conf.
2015-12-15 05:12:54,020 null [INFO] (../src/fwidbmgr.cpp:5240) Configuration parsing: OK.
2015-12-15 05:12:54,054 null [INFO] (../src/fwidbmgr.cpp:5322) Connected to database
2015-12-15 05:12:54,054 null [INFO] (../src/fwidbmgr.cpp:5323) Manage data for date: 20151214.
2015-12-15 05:12:54,054 null [INFO] (../src/fwidbmgr.cpp:5463) Computing indexes.
2015-12-15 05:12:54,055 null [INFO] (/home/meteo/dev/redist/fwidbmgr/include/Grid.h:1595) Configuring grid: isi
2015-12-15 05:12:54,056 null [INFO] (/home/meteo/dev/redist/fwidbmgr/include/Grid.h:1695) Grid isi configured.
2015-12-15 05:12:54,057 null [INFO] (/home/meteo/dev/redist/fwidbmgr/include/Grid.h:1595) Configuring grid: fwi
2015-12-15 05:12:54,057 null [INFO] (/home/meteo/dev/redist/fwidbmgr/include/Grid.h:1695) Grid fwi configured.
2015-12-15 05:12:54,059 null [INFO] (/home/meteo/dev/redist/fwidbmgr/include/Grid.h:1595) Configuring grid: ffmc
2015-12-15 05:12:54,064 null [INFO] (/home/meteo/dev/redist/fwidbmgr/include/Grid.h:1695) Grid ffmc configured.
2015-12-15 05:12:54,065 null [INFO] (/home/meteo/dev/redist/fwidbmgr/include/Grid.h:1595) Configuring grid: dmc
2015-12-15 05:12:54,065 null [INFO] (/home/meteo/dev/redist/fwidbmgr/include/Grid.h:1695) Grid dmc configured.
2015-12-15 05:12:54,067 null [INFO] (/home/meteo/dev/redist/fwidbmgr/include/Grid.h:1595) Configuring grid: dc
2015-12-15 05:12:54,067 null [INFO] (/home/meteo/dev/redist/fwidbmgr/include/Grid.h:1695) Grid dc configured.
2015-12-15 05:12:54,068 null [INFO] (/home/meteo/dev/redist/fwidbmgr/include/Grid.h:1595) Configuring grid: bui
2015-12-15 05:12:54,068 null [INFO] (/home/meteo/dev/redist/fwidbmgr/include/Grid.h:1695) Grid bui configured.
2015-12-15 05:12:54,070 null [INFO] (/home/meteo/dev/redist/fwidbmgr/include/Grid.h:1595) Configuring grid: ffmc_tmp
2015-12-15 05:12:54,070 null [INFO] (/home/meteo/dev/redist/fwidbmgr/include/Grid.h:1695) Grid ffmc_tmp configured.
2015-12-15 05:12:54,071 null [INFO] (/home/meteo/dev/redist/fwidbmgr/include/Grid.h:1595) Configuring grid: dmc_tmp
2015-12-15 05:12:54,071 null [INFO] (/home/meteo/dev/redist/fwidbmgr/include/Grid.h:1695) Grid dmc_tmp configured.
2015-12-15 05:12:54,073 null [INFO] (/home/meteo/dev/redist/fwidbmgr/include/Grid.h:1595) Configuring grid: dc_tmp
2015-12-15 05:12:54,073 null [INFO] (/home/meteo/dev/redist/fwidbmgr/include/Grid.h:1695) Grid dc_tmp configured.
2015-12-15 05:12:54,075 null [INFO] (/home/meteo/dev/redist/fwidbmgr/include/Grid.h:1595) Configuring grid: idi
2015-12-15 05:12:54,075 null [INFO] (/home/meteo/dev/redist/fwidbmgr/include/Grid.h:1695) Grid idi configured.
2015-12-15 05:12:54,076 null [INFO] (/home/meteo/dev/redist/fwidbmgr/include/Grid.h:1595) Configuring grid: angstrom
2015-12-15 05:12:54,076 null [INFO] (/home/meteo/dev/redist/fwidbmgr/include/Grid.h:1695) Grid angstrom configured.
2015-12-15 05:12:54,078 null [INFO] (/home/meteo/dev/redist/fwidbmgr/include/Grid.h:1595) Configuring grid: fmi
2015-12-15 05:12:54,078 null [INFO] (/home/meteo/dev/redist/fwidbmgr/include/Grid.h:1695) Grid fmi configured.
2015-12-15 05:12:54,079 null [INFO] (/home/meteo/dev/redist/fwidbmgr/include/Grid.h:1595) Configuring grid: sharples
2015-12-15 05:12:54,079 null [INFO] (/home/meteo/dev/redist/fwidbmgr/include/Grid.h:1695) Grid sharples configured.
2015-12-15 05:13:25,086 null [INFO] (/home/meteo/dev/redist/fwidbmgr/include/Grid.h:1595) Configuring grid: snow
2015-12-15 05:13:25,086 null [INFO] (/home/meteo/dev/redist/fwidbmgr/include/Grid.h:1695) Grid snow configured.
2015-12-15 05:13:25,086 null [INFO] (/home/meteo/dev/redist/fwidbmgr/include/Grid.h:1595) Configuring grid: snow_covering
2015-12-15 05:13:25,086 null [INFO] (/home/meteo/dev/redist/fwidbmgr/include/Grid.h:1695) Grid snow_covering configured.
2015-12-15 05:13:25,086 null [INFO] (/home/meteo/dev/redist/fwidbmgr/include/Grid.h:1595) Configuring grid: snow_dissolution
2015-12-15 05:13:25,086 null [INFO] (/home/meteo/dev/redist/fwidbmgr/include/Grid.h:1695) Grid snow_dissolution configured.
2015-12-15 05:13:25,086 null [INFO] (/home/meteo/dev/redist/fwidbmgr/include/Grid.h:1595) Configuring grid: temperature
2015-12-15 05:13:25,087 null [INFO] (/home/meteo/dev/redist/fwidbmgr/include/Grid.h:1695) Grid temperature configured.
2015-12-15 05:13:25,087 null [INFO] (/home/meteo/dev/redist/fwidbmgr/include/Grid.h:1595) Configuring grid: humidity
2015-12-15 05:13:25,087 null [INFO] (/home/meteo/dev/redist/fwidbmgr/include/Grid.h:1695) Grid humidity configured.
2015-12-15 05:13:25,087 null [INFO] (/home/meteo/dev/redist/fwidbmgr/include/Grid.h:1595) Configuring grid: windspeed
2015-12-15 05:13:25,087 null [INFO] (/home/meteo/dev/redist/fwidbmgr/include/Grid.h:1695) Grid windspeed configured.
2015-12-15 05:13:25,087 null [INFO] (/home/meteo/dev/redist/fwidbmgr/include/Grid.h:1595) Configuring grid: rain
2015-12-15 05:13:25,087 null [INFO] (/home/meteo/dev/redist/fwidbmgr/include/Grid.h:1695) Grid rain configured.
2015-12-15 05:13:25,087 null [INFO] (/home/meteo/dev/redist/fwidbmgr/include/Grid.h:1595) Configuring grid: cum_rain
2015-12-15 05:13:25,087 null [INFO] (/home/meteo/dev/redist/fwidbmgr/include/Grid.h:1695) Grid cum_rain configured.
2015-12-15 05:16:38,153 null [INFO] (../src/fwidbmgr.cpp:5466) OK --> 20151214 indexes computed.
2015-12-15 05:16:38,157 null [INFO] (../src/fwidbmgr.cpp:5496) action computeidx took about 224 seconds.
2015-12-15 05:16:38,157 null [INFO] (../src/fwidbmgr.cpp:5499) Disconnected from database.
2015-12-15 05:16:38,369 null [INFO] (../src/fwidbmgr.cpp:5207) fwi db manager
2015-12-15 05:16:38,369 null [INFO] (../src/fwidbmgr.cpp:5209) Program home: /home/meteo/dev/redist/fwidbmgr
2015-12-15 05:16:38,369 null [INFO] (../src/fwidbmgr.cpp:5211) Auto convert: 1
2015-12-15 05:16:38,369 null [INFO] (../src/fwidbmgr.cpp:458) action: exportidx.
2015-12-15 05:16:38,369 null [INFO] (../src/fwidbmgr.cpp:482) date: 20151214.
2015-12-15 05:16:38,369 null [INFO] (../src/fwidbmgr.cpp:319) Try to read: /home/meteo/dev/redist/fwidbmgr/config/fwidbmgr.conf.
2015-12-15 05:16:38,376 null [INFO] (../src/fwidbmgr.cpp:5240) Configuration parsing: OK.
2015-12-15 05:16:38,452 null [INFO] (../src/fwidbmgr.cpp:5322) Connected to database
2015-12-15 05:16:38,452 null [INFO] (../src/fwidbmgr.cpp:5323) Manage data for date: 20151214.
2015-12-15 05:16:38,452 null [INFO] (../src/fwidbmgr.cpp:5415) Exporting indexes.
2015-12-15 05:16:38,454 null [INFO] (/home/meteo/dev/redist/fwidbmgr/include/Grid.h:1595) Configuring grid: isi
2015-12-15 05:16:38,454 null [INFO] (/home/meteo/dev/redist/fwidbmgr/include/Grid.h:1695) Grid isi configured.
2015-12-15 05:16:38,455 null [INFO] (/home/meteo/dev/redist/fwidbmgr/include/Grid.h:1595) Configuring grid: fwi
2015-12-15 05:16:38,456 null [INFO] (/home/meteo/dev/redist/fwidbmgr/include/Grid.h:1695) Grid fwi configured.
2015-12-15 05:16:38,457 null [INFO] (/home/meteo/dev/redist/fwidbmgr/include/Grid.h:1595) Configuring grid: ffmc
2015-12-15 05:16:38,457 null [INFO] (/home/meteo/dev/redist/fwidbmgr/include/Grid.h:1695) Grid ffmc configured.
2015-12-15 05:16:38,458 null [INFO] (/home/meteo/dev/redist/fwidbmgr/include/Grid.h:1595) Configuring grid: dmc
2015-12-15 05:16:38,458 null [INFO] (/home/meteo/dev/redist/fwidbmgr/include/Grid.h:1695) Grid dmc configured.
2015-12-15 05:16:38,460 null [INFO] (/home/meteo/dev/redist/fwidbmgr/include/Grid.h:1595) Configuring grid: dc
2015-12-15 05:16:38,460 null [INFO] (/home/meteo/dev/redist/fwidbmgr/include/Grid.h:1695) Grid dc configured.
2015-12-15 05:16:38,461 null [INFO] (/home/meteo/dev/redist/fwidbmgr/include/Grid.h:1595) Configuring grid: bui
2015-12-15 05:16:38,461 null [INFO] (/home/meteo/dev/redist/fwidbmgr/include/Grid.h:1695) Grid bui configured.
2015-12-15 05:16:38,463 null [INFO] (/home/meteo/dev/redist/fwidbmgr/include/Grid.h:1595) Configuring grid: ffmc_tmp
2015-12-15 05:16:38,463 null [INFO] (/home/meteo/dev/redist/fwidbmgr/include/Grid.h:1695) Grid ffmc_tmp configured.
2015-12-15 05:16:38,465 null [INFO] (/home/meteo/dev/redist/fwidbmgr/include/Grid.h:1595) Configuring grid: dmc_tmp
2015-12-15 05:16:38,465 null [INFO] (/home/meteo/dev/redist/fwidbmgr/include/Grid.h:1695) Grid dmc_tmp configured.
2015-12-15 05:16:38,467 null [INFO] (/home/meteo/dev/redist/fwidbmgr/include/Grid.h:1595) Configuring grid: dc_tmp
2015-12-15 05:16:38,467 null [INFO] (/home/meteo/dev/redist/fwidbmgr/include/Grid.h:1695) Grid dc_tmp configured.
2015-12-15 05:16:38,468 null [INFO] (/home/meteo/dev/redist/fwidbmgr/include/Grid.h:1595) Configuring grid: idi
2015-12-15 05:16:38,469 null [INFO] (/home/meteo/dev/redist/fwidbmgr/include/Grid.h:1695) Grid idi configured.
2015-12-15 05:16:38,470 null [INFO] (/home/meteo/dev/redist/fwidbmgr/include/Grid.h:1595) Configuring grid: angstrom
2015-12-15 05:16:38,470 null [INFO] (/home/meteo/dev/redist/fwidbmgr/include/Grid.h:1695) Grid angstrom configured.
2015-12-15 05:16:38,472 null [INFO] (/home/meteo/dev/redist/fwidbmgr/include/Grid.h:1595) Configuring grid: fmi
2015-12-15 05:16:38,472 null [INFO] (/home/meteo/dev/redist/fwidbmgr/include/Grid.h:1695) Grid fmi configured.
2015-12-15 05:16:38,475 null [INFO] (/home/meteo/dev/redist/fwidbmgr/include/Grid.h:1595) Configuring grid: sharples
2015-12-15 05:16:38,475 null [INFO] (/home/meteo/dev/redist/fwidbmgr/include/Grid.h:1695) Grid sharples configured.
2015-12-15 05:17:04,860 null [INFO] (/home/meteo/dev/redist/fwidbmgr/include/Grid.h:1595) Configuring grid: isi
2015-12-15 05:17:04,860 null [INFO] (/home/meteo/dev/redist/fwidbmgr/include/Grid.h:1695) Grid isi configured.
2015-12-15 05:17:04,905 null [INFO] (/home/meteo/dev/redist/fwidbmgr/include/Grid.h:1595) Configuring grid: fwi
2015-12-15 05:17:04,905 null [INFO] (/home/meteo/dev/redist/fwidbmgr/include/Grid.h:1695) Grid fwi configured.
2015-12-15 05:17:04,945 null [INFO] (/home/meteo/dev/redist/fwidbmgr/include/Grid.h:1595) Configuring grid: ffmc
2015-12-15 05:17:04,945 null [INFO] (/home/meteo/dev/redist/fwidbmgr/include/Grid.h:1695) Grid ffmc configured.
2015-12-15 05:17:04,986 null [INFO] (/home/meteo/dev/redist/fwidbmgr/include/Grid.h:1595) Configuring grid: dmc
2015-12-15 05:17:04,987 null [INFO] (/home/meteo/dev/redist/fwidbmgr/include/Grid.h:1695) Grid dmc configured.
2015-12-15 05:17:05,027 null [INFO] (/home/meteo/dev/redist/fwidbmgr/include/Grid.h:1595) Configuring grid: dc
2015-12-15 05:17:05,027 null [INFO] (/home/meteo/dev/redist/fwidbmgr/include/Grid.h:1695) Grid dc configured.
2015-12-15 05:17:05,070 null [INFO] (/home/meteo/dev/redist/fwidbmgr/include/Grid.h:1595) Configuring grid: bui
2015-12-15 05:17:05,070 null [INFO] (/home/meteo/dev/redist/fwidbmgr/include/Grid.h:1695) Grid bui configured.
2015-12-15 05:17:05,108 null [INFO] (/home/meteo/dev/redist/fwidbmgr/include/Grid.h:1595) Configuring grid: ffmc_tmp
2015-12-15 05:17:05,108 null [INFO] (/home/meteo/dev/redist/fwidbmgr/include/Grid.h:1695) Grid ffmc_tmp configured.
2015-12-15 05:17:05,147 null [INFO] (/home/meteo/dev/redist/fwidbmgr/include/Grid.h:1595) Configuring grid: dmc_tmp
2015-12-15 05:17:05,147 null [INFO] (/home/meteo/dev/redist/fwidbmgr/include/Grid.h:1695) Grid dmc_tmp configured.
2015-12-15 05:17:05,181 null [INFO] (/home/meteo/dev/redist/fwidbmgr/include/Grid.h:1595) Configuring grid: dc_tmp
2015-12-15 05:17:05,182 null [INFO] (/home/meteo/dev/redist/fwidbmgr/include/Grid.h:1695) Grid dc_tmp configured.
2015-12-15 05:17:05,219 null [INFO] (/home/meteo/dev/redist/fwidbmgr/include/Grid.h:1595) Configuring grid: angstrom
2015-12-15 05:17:05,219 null [INFO] (/home/meteo/dev/redist/fwidbmgr/include/Grid.h:1695) Grid angstrom configured.
2015-12-15 05:17:05,305 null [INFO] (/home/meteo/dev/redist/fwidbmgr/include/Grid.h:1595) Configuring grid: sharples
2015-12-15 05:17:05,305 null [INFO] (/home/meteo/dev/redist/fwidbmgr/include/Grid.h:1695) Grid sharples configured.
2015-12-15 05:17:05,348 null [INFO] (/home/meteo/dev/redist/fwidbmgr/include/Grid.h:1595) Configuring grid: fmi
2015-12-15 05:17:05,348 null [INFO] (/home/meteo/dev/redist/fwidbmgr/include/Grid.h:1695) Grid fmi configured.
2015-12-15 05:17:05,395 null [INFO] (../src/fwidbmgr.cpp:5418) OK --> 20151214 indexes exported to files.
2015-12-15 05:17:05,396 null [INFO] (../src/fwidbmgr.cpp:5496) action exportidx took about 27 seconds.
2015-12-15 05:17:05,396 null [INFO] (../src/fwidbmgr.cpp:5499) Disconnected from database.
