2015-08-17 05:07:20,349 null [INFO] (../src/fwidbmgr.cpp:5207) fwi db manager
2015-08-17 05:07:20,351 null [INFO] (../src/fwidbmgr.cpp:5209) Program home: /home/meteo/dev/redist/fwidbmgr
2015-08-17 05:07:20,351 null [INFO] (../src/fwidbmgr.cpp:5211) Auto convert: 1
2015-08-17 05:07:20,351 null [INFO] (../src/fwidbmgr.cpp:458) action: in.
2015-08-17 05:07:20,351 null [INFO] (../src/fwidbmgr.cpp:482) date: 20150816.
2015-08-17 05:07:20,351 null [INFO] (../src/fwidbmgr.cpp:319) Try to read: /home/meteo/dev/redist/fwidbmgr/config/fwidbmgr.conf.
2015-08-17 05:07:20,402 null [INFO] (../src/fwidbmgr.cpp:5240) Configuration parsing: OK.
2015-08-17 05:07:20,649 null [INFO] (../src/fwidbmgr.cpp:5322) Connected to database
2015-08-17 05:07:20,650 null [INFO] (../src/fwidbmgr.cpp:5323) Manage data for date: 20150816.
2015-08-17 05:07:20,650 null [INFO] (../src/fwidbmgr.cpp:5367) Importing meteo data in database for day: 20150816.
2015-08-17 05:07:20,651 null [INFO] (/home/meteo/dev/redist/fwidbmgr/include/Grid.h:1595) Configuring grid: snow
2015-08-17 05:07:20,651 null [INFO] (/home/meteo/dev/redist/fwidbmgr/include/Grid.h:1695) Grid snow configured.
2015-08-17 05:07:20,663 null [INFO] (/home/meteo/dev/redist/fwidbmgr/include/Grid.h:1595) Configuring grid: snow_covering
2015-08-17 05:07:20,663 null [INFO] (/home/meteo/dev/redist/fwidbmgr/include/Grid.h:1695) Grid snow_covering configured.
2015-08-17 05:07:20,677 null [INFO] (/home/meteo/dev/redist/fwidbmgr/include/Grid.h:1595) Configuring grid: snow_dissolution
2015-08-17 05:07:20,677 null [INFO] (/home/meteo/dev/redist/fwidbmgr/include/Grid.h:1695) Grid snow_dissolution configured.
2015-08-17 05:07:20,702 null [INFO] (/home/meteo/dev/redist/fwidbmgr/include/Grid.h:1595) Configuring grid: temperature
2015-08-17 05:07:20,702 null [INFO] (/home/meteo/dev/redist/fwidbmgr/include/Grid.h:1695) Grid temperature configured.
2015-08-17 05:07:20,707 null [INFO] (/home/meteo/dev/redist/fwidbmgr/include/Grid.h:1595) Configuring grid: humidity
2015-08-17 05:07:20,707 null [INFO] (/home/meteo/dev/redist/fwidbmgr/include/Grid.h:1695) Grid humidity configured.
2015-08-17 05:07:20,718 null [INFO] (/home/meteo/dev/redist/fwidbmgr/include/Grid.h:1595) Configuring grid: windspeed
2015-08-17 05:07:20,718 null [INFO] (/home/meteo/dev/redist/fwidbmgr/include/Grid.h:1695) Grid windspeed configured.
2015-08-17 05:07:20,741 null [INFO] (/home/meteo/dev/redist/fwidbmgr/include/Grid.h:1595) Configuring grid: rain
2015-08-17 05:07:20,742 null [INFO] (/home/meteo/dev/redist/fwidbmgr/include/Grid.h:1695) Grid rain configured.
2015-08-17 05:07:20,745 null [INFO] (/home/meteo/dev/redist/fwidbmgr/include/Grid.h:1595) Configuring grid: cum_rain
2015-08-17 05:07:20,745 null [INFO] (/home/meteo/dev/redist/fwidbmgr/include/Grid.h:1695) Grid cum_rain configured.
2015-08-17 05:07:52,268 null [INFO] (../src/fwidbmgr.cpp:1502) Storing meteo input ...
2015-08-17 05:09:42,595 null [INFO] (../src/fwidbmgr.cpp:5370) OK --> 20150816 data imported.
2015-08-17 05:09:42,705 null [INFO] (../src/fwidbmgr.cpp:5496) action in took about 142 seconds.
2015-08-17 05:09:42,755 null [INFO] (../src/fwidbmgr.cpp:5499) Disconnected from database.
2015-08-17 05:11:42,956 null [INFO] (../src/fwidbmgr.cpp:5207) fwi db manager
2015-08-17 05:11:42,957 null [INFO] (../src/fwidbmgr.cpp:5209) Program home: /home/meteo/dev/redist/fwidbmgr
2015-08-17 05:11:42,957 null [INFO] (../src/fwidbmgr.cpp:5211) Auto convert: 1
2015-08-17 05:11:42,957 null [INFO] (../src/fwidbmgr.cpp:458) action: out.
2015-08-17 05:11:42,957 null [INFO] (../src/fwidbmgr.cpp:482) date: 20150816.
2015-08-17 05:11:42,957 null [INFO] (../src/fwidbmgr.cpp:319) Try to read: /home/meteo/dev/redist/fwidbmgr/config/fwidbmgr.conf.
2015-08-17 05:11:43,016 null [INFO] (../src/fwidbmgr.cpp:5240) Configuration parsing: OK.
2015-08-17 05:11:43,248 null [INFO] (../src/fwidbmgr.cpp:5322) Connected to database
2015-08-17 05:11:43,248 null [INFO] (../src/fwidbmgr.cpp:5323) Manage data for date: 20150816.
2015-08-17 05:11:43,248 null [INFO] (../src/fwidbmgr.cpp:5379) Importing fwi indexes data in database for day: 20150816.
2015-08-17 05:11:43,252 null [INFO] (/home/meteo/dev/redist/fwidbmgr/include/Grid.h:1595) Configuring grid: isi
2015-08-17 05:11:43,252 null [INFO] (/home/meteo/dev/redist/fwidbmgr/include/Grid.h:1695) Grid isi configured.
2015-08-17 05:11:43,270 null [INFO] (/home/meteo/dev/redist/fwidbmgr/include/Grid.h:1595) Configuring grid: fwi
2015-08-17 05:11:43,270 null [INFO] (/home/meteo/dev/redist/fwidbmgr/include/Grid.h:1695) Grid fwi configured.
2015-08-17 05:11:43,287 null [INFO] (/home/meteo/dev/redist/fwidbmgr/include/Grid.h:1595) Configuring grid: ffmc
2015-08-17 05:11:43,287 null [INFO] (/home/meteo/dev/redist/fwidbmgr/include/Grid.h:1695) Grid ffmc configured.
2015-08-17 05:11:43,305 null [INFO] (/home/meteo/dev/redist/fwidbmgr/include/Grid.h:1595) Configuring grid: dmc
2015-08-17 05:11:43,305 null [INFO] (/home/meteo/dev/redist/fwidbmgr/include/Grid.h:1695) Grid dmc configured.
2015-08-17 05:11:43,320 null [INFO] (/home/meteo/dev/redist/fwidbmgr/include/Grid.h:1595) Configuring grid: dc
2015-08-17 05:11:43,320 null [INFO] (/home/meteo/dev/redist/fwidbmgr/include/Grid.h:1695) Grid dc configured.
2015-08-17 05:11:43,345 null [INFO] (/home/meteo/dev/redist/fwidbmgr/include/Grid.h:1595) Configuring grid: bui
2015-08-17 05:11:43,345 null [INFO] (/home/meteo/dev/redist/fwidbmgr/include/Grid.h:1695) Grid bui configured.
2015-08-17 05:11:43,370 null [INFO] (/home/meteo/dev/redist/fwidbmgr/include/Grid.h:1595) Configuring grid: ffmc_tmp
2015-08-17 05:11:43,370 null [INFO] (/home/meteo/dev/redist/fwidbmgr/include/Grid.h:1695) Grid ffmc_tmp configured.
2015-08-17 05:11:43,440 null [INFO] (/home/meteo/dev/redist/fwidbmgr/include/Grid.h:1595) Configuring grid: dmc_tmp
2015-08-17 05:11:43,440 null [INFO] (/home/meteo/dev/redist/fwidbmgr/include/Grid.h:1695) Grid dmc_tmp configured.
2015-08-17 05:11:43,462 null [INFO] (/home/meteo/dev/redist/fwidbmgr/include/Grid.h:1595) Configuring grid: dc_tmp
2015-08-17 05:11:43,462 null [INFO] (/home/meteo/dev/redist/fwidbmgr/include/Grid.h:1695) Grid dc_tmp configured.
2015-08-17 05:11:43,483 null [INFO] (/home/meteo/dev/redist/fwidbmgr/include/Grid.h:1595) Configuring grid: idi
2015-08-17 05:11:43,483 null [INFO] (/home/meteo/dev/redist/fwidbmgr/include/Grid.h:1695) Grid idi configured.
2015-08-17 05:12:05,057 null [INFO] (../src/fwidbmgr.cpp:2045) Storing FWI indexes ...
2015-08-17 05:13:32,156 null [INFO] (../src/fwidbmgr.cpp:5382) OK --> 20150816 data imported.
2015-08-17 05:13:32,160 null [INFO] (../src/fwidbmgr.cpp:5496) action out took about 109 seconds.
2015-08-17 05:13:32,166 null [INFO] (../src/fwidbmgr.cpp:5499) Disconnected from database.
2015-08-17 05:13:33,032 null [INFO] (../src/fwidbmgr.cpp:5207) fwi db manager
2015-08-17 05:13:33,033 null [INFO] (../src/fwidbmgr.cpp:5209) Program home: /home/meteo/dev/redist/fwidbmgr
2015-08-17 05:13:33,035 null [INFO] (../src/fwidbmgr.cpp:5211) Auto convert: 1
2015-08-17 05:13:33,035 null [INFO] (../src/fwidbmgr.cpp:458) action: computeidx.
2015-08-17 05:13:33,035 null [INFO] (../src/fwidbmgr.cpp:482) date: 20150816.
2015-08-17 05:13:33,036 null [INFO] (../src/fwidbmgr.cpp:319) Try to read: /home/meteo/dev/redist/fwidbmgr/config/fwidbmgr.conf.
2015-08-17 05:13:33,106 null [INFO] (../src/fwidbmgr.cpp:5240) Configuration parsing: OK.
2015-08-17 05:13:33,180 null [INFO] (../src/fwidbmgr.cpp:5322) Connected to database
2015-08-17 05:13:33,180 null [INFO] (../src/fwidbmgr.cpp:5323) Manage data for date: 20150816.
2015-08-17 05:13:33,180 null [INFO] (../src/fwidbmgr.cpp:5463) Computing indexes.
2015-08-17 05:13:33,182 null [INFO] (/home/meteo/dev/redist/fwidbmgr/include/Grid.h:1595) Configuring grid: isi
2015-08-17 05:13:33,182 null [INFO] (/home/meteo/dev/redist/fwidbmgr/include/Grid.h:1695) Grid isi configured.
2015-08-17 05:13:33,184 null [INFO] (/home/meteo/dev/redist/fwidbmgr/include/Grid.h:1595) Configuring grid: fwi
2015-08-17 05:13:33,184 null [INFO] (/home/meteo/dev/redist/fwidbmgr/include/Grid.h:1695) Grid fwi configured.
2015-08-17 05:13:33,186 null [INFO] (/home/meteo/dev/redist/fwidbmgr/include/Grid.h:1595) Configuring grid: ffmc
2015-08-17 05:13:33,186 null [INFO] (/home/meteo/dev/redist/fwidbmgr/include/Grid.h:1695) Grid ffmc configured.
2015-08-17 05:13:33,187 null [INFO] (/home/meteo/dev/redist/fwidbmgr/include/Grid.h:1595) Configuring grid: dmc
2015-08-17 05:13:33,188 null [INFO] (/home/meteo/dev/redist/fwidbmgr/include/Grid.h:1695) Grid dmc configured.
2015-08-17 05:13:33,189 null [INFO] (/home/meteo/dev/redist/fwidbmgr/include/Grid.h:1595) Configuring grid: dc
2015-08-17 05:13:33,189 null [INFO] (/home/meteo/dev/redist/fwidbmgr/include/Grid.h:1695) Grid dc configured.
2015-08-17 05:13:33,191 null [INFO] (/home/meteo/dev/redist/fwidbmgr/include/Grid.h:1595) Configuring grid: bui
2015-08-17 05:13:33,191 null [INFO] (/home/meteo/dev/redist/fwidbmgr/include/Grid.h:1695) Grid bui configured.
2015-08-17 05:13:33,193 null [INFO] (/home/meteo/dev/redist/fwidbmgr/include/Grid.h:1595) Configuring grid: ffmc_tmp
2015-08-17 05:13:33,193 null [INFO] (/home/meteo/dev/redist/fwidbmgr/include/Grid.h:1695) Grid ffmc_tmp configured.
2015-08-17 05:13:33,194 null [INFO] (/home/meteo/dev/redist/fwidbmgr/include/Grid.h:1595) Configuring grid: dmc_tmp
2015-08-17 05:13:33,194 null [INFO] (/home/meteo/dev/redist/fwidbmgr/include/Grid.h:1695) Grid dmc_tmp configured.
2015-08-17 05:13:33,196 null [INFO] (/home/meteo/dev/redist/fwidbmgr/include/Grid.h:1595) Configuring grid: dc_tmp
2015-08-17 05:13:33,196 null [INFO] (/home/meteo/dev/redist/fwidbmgr/include/Grid.h:1695) Grid dc_tmp configured.
2015-08-17 05:13:33,198 null [INFO] (/home/meteo/dev/redist/fwidbmgr/include/Grid.h:1595) Configuring grid: idi
2015-08-17 05:13:33,198 null [INFO] (/home/meteo/dev/redist/fwidbmgr/include/Grid.h:1695) Grid idi configured.
2015-08-17 05:13:33,199 null [INFO] (/home/meteo/dev/redist/fwidbmgr/include/Grid.h:1595) Configuring grid: angstrom
2015-08-17 05:13:33,199 null [INFO] (/home/meteo/dev/redist/fwidbmgr/include/Grid.h:1695) Grid angstrom configured.
2015-08-17 05:13:33,201 null [INFO] (/home/meteo/dev/redist/fwidbmgr/include/Grid.h:1595) Configuring grid: fmi
2015-08-17 05:13:33,201 null [INFO] (/home/meteo/dev/redist/fwidbmgr/include/Grid.h:1695) Grid fmi configured.
2015-08-17 05:13:33,203 null [INFO] (/home/meteo/dev/redist/fwidbmgr/include/Grid.h:1595) Configuring grid: sharples
2015-08-17 05:13:33,203 null [INFO] (/home/meteo/dev/redist/fwidbmgr/include/Grid.h:1695) Grid sharples configured.
2015-08-17 05:13:51,887 null [INFO] (/home/meteo/dev/redist/fwidbmgr/include/Grid.h:1595) Configuring grid: snow
2015-08-17 05:13:51,893 null [INFO] (/home/meteo/dev/redist/fwidbmgr/include/Grid.h:1695) Grid snow configured.
2015-08-17 05:13:51,894 null [INFO] (/home/meteo/dev/redist/fwidbmgr/include/Grid.h:1595) Configuring grid: snow_covering
2015-08-17 05:13:51,894 null [INFO] (/home/meteo/dev/redist/fwidbmgr/include/Grid.h:1695) Grid snow_covering configured.
2015-08-17 05:13:51,894 null [INFO] (/home/meteo/dev/redist/fwidbmgr/include/Grid.h:1595) Configuring grid: snow_dissolution
2015-08-17 05:13:51,894 null [INFO] (/home/meteo/dev/redist/fwidbmgr/include/Grid.h:1695) Grid snow_dissolution configured.
2015-08-17 05:13:51,894 null [INFO] (/home/meteo/dev/redist/fwidbmgr/include/Grid.h:1595) Configuring grid: temperature
2015-08-17 05:13:51,894 null [INFO] (/home/meteo/dev/redist/fwidbmgr/include/Grid.h:1695) Grid temperature configured.
2015-08-17 05:13:51,894 null [INFO] (/home/meteo/dev/redist/fwidbmgr/include/Grid.h:1595) Configuring grid: humidity
2015-08-17 05:13:51,894 null [INFO] (/home/meteo/dev/redist/fwidbmgr/include/Grid.h:1695) Grid humidity configured.
2015-08-17 05:13:51,894 null [INFO] (/home/meteo/dev/redist/fwidbmgr/include/Grid.h:1595) Configuring grid: windspeed
2015-08-17 05:13:51,895 null [INFO] (/home/meteo/dev/redist/fwidbmgr/include/Grid.h:1695) Grid windspeed configured.
2015-08-17 05:13:51,895 null [INFO] (/home/meteo/dev/redist/fwidbmgr/include/Grid.h:1595) Configuring grid: rain
2015-08-17 05:13:51,895 null [INFO] (/home/meteo/dev/redist/fwidbmgr/include/Grid.h:1695) Grid rain configured.
2015-08-17 05:13:51,895 null [INFO] (/home/meteo/dev/redist/fwidbmgr/include/Grid.h:1595) Configuring grid: cum_rain
2015-08-17 05:13:51,895 null [INFO] (/home/meteo/dev/redist/fwidbmgr/include/Grid.h:1695) Grid cum_rain configured.
2015-08-17 05:16:58,342 null [INFO] (../src/fwidbmgr.cpp:5466) OK --> 20150816 indexes computed.
2015-08-17 05:16:58,363 null [INFO] (../src/fwidbmgr.cpp:5496) action computeidx took about 205 seconds.
2015-08-17 05:16:58,363 null [INFO] (../src/fwidbmgr.cpp:5499) Disconnected from database.
2015-08-17 05:16:58,531 null [INFO] (../src/fwidbmgr.cpp:5207) fwi db manager
2015-08-17 05:16:58,531 null [INFO] (../src/fwidbmgr.cpp:5209) Program home: /home/meteo/dev/redist/fwidbmgr
2015-08-17 05:16:58,531 null [INFO] (../src/fwidbmgr.cpp:5211) Auto convert: 1
2015-08-17 05:16:58,531 null [INFO] (../src/fwidbmgr.cpp:458) action: exportidx.
2015-08-17 05:16:58,531 null [INFO] (../src/fwidbmgr.cpp:482) date: 20150816.
2015-08-17 05:16:58,531 null [INFO] (../src/fwidbmgr.cpp:319) Try to read: /home/meteo/dev/redist/fwidbmgr/config/fwidbmgr.conf.
2015-08-17 05:16:58,537 null [INFO] (../src/fwidbmgr.cpp:5240) Configuration parsing: OK.
2015-08-17 05:16:58,568 null [INFO] (../src/fwidbmgr.cpp:5322) Connected to database
2015-08-17 05:16:58,568 null [INFO] (../src/fwidbmgr.cpp:5323) Manage data for date: 20150816.
2015-08-17 05:16:58,568 null [INFO] (../src/fwidbmgr.cpp:5415) Exporting indexes.
2015-08-17 05:16:58,571 null [INFO] (/home/meteo/dev/redist/fwidbmgr/include/Grid.h:1595) Configuring grid: isi
2015-08-17 05:16:58,571 null [INFO] (/home/meteo/dev/redist/fwidbmgr/include/Grid.h:1695) Grid isi configured.
2015-08-17 05:16:58,572 null [INFO] (/home/meteo/dev/redist/fwidbmgr/include/Grid.h:1595) Configuring grid: fwi
2015-08-17 05:16:58,572 null [INFO] (/home/meteo/dev/redist/fwidbmgr/include/Grid.h:1695) Grid fwi configured.
2015-08-17 05:16:58,574 null [INFO] (/home/meteo/dev/redist/fwidbmgr/include/Grid.h:1595) Configuring grid: ffmc
2015-08-17 05:16:58,574 null [INFO] (/home/meteo/dev/redist/fwidbmgr/include/Grid.h:1695) Grid ffmc configured.
2015-08-17 05:16:58,576 null [INFO] (/home/meteo/dev/redist/fwidbmgr/include/Grid.h:1595) Configuring grid: dmc
2015-08-17 05:16:58,576 null [INFO] (/home/meteo/dev/redist/fwidbmgr/include/Grid.h:1695) Grid dmc configured.
2015-08-17 05:16:58,577 null [INFO] (/home/meteo/dev/redist/fwidbmgr/include/Grid.h:1595) Configuring grid: dc
2015-08-17 05:16:58,578 null [INFO] (/home/meteo/dev/redist/fwidbmgr/include/Grid.h:1695) Grid dc configured.
2015-08-17 05:16:58,579 null [INFO] (/home/meteo/dev/redist/fwidbmgr/include/Grid.h:1595) Configuring grid: bui
2015-08-17 05:16:58,579 null [INFO] (/home/meteo/dev/redist/fwidbmgr/include/Grid.h:1695) Grid bui configured.
2015-08-17 05:16:58,581 null [INFO] (/home/meteo/dev/redist/fwidbmgr/include/Grid.h:1595) Configuring grid: ffmc_tmp
2015-08-17 05:16:58,581 null [INFO] (/home/meteo/dev/redist/fwidbmgr/include/Grid.h:1695) Grid ffmc_tmp configured.
2015-08-17 05:16:58,583 null [INFO] (/home/meteo/dev/redist/fwidbmgr/include/Grid.h:1595) Configuring grid: dmc_tmp
2015-08-17 05:16:58,583 null [INFO] (/home/meteo/dev/redist/fwidbmgr/include/Grid.h:1695) Grid dmc_tmp configured.
2015-08-17 05:16:58,584 null [INFO] (/home/meteo/dev/redist/fwidbmgr/include/Grid.h:1595) Configuring grid: dc_tmp
2015-08-17 05:16:58,584 null [INFO] (/home/meteo/dev/redist/fwidbmgr/include/Grid.h:1695) Grid dc_tmp configured.
2015-08-17 05:16:58,586 null [INFO] (/home/meteo/dev/redist/fwidbmgr/include/Grid.h:1595) Configuring grid: idi
2015-08-17 05:16:58,586 null [INFO] (/home/meteo/dev/redist/fwidbmgr/include/Grid.h:1695) Grid idi configured.
2015-08-17 05:16:58,588 null [INFO] (/home/meteo/dev/redist/fwidbmgr/include/Grid.h:1595) Configuring grid: angstrom
2015-08-17 05:16:58,588 null [INFO] (/home/meteo/dev/redist/fwidbmgr/include/Grid.h:1695) Grid angstrom configured.
2015-08-17 05:16:58,589 null [INFO] (/home/meteo/dev/redist/fwidbmgr/include/Grid.h:1595) Configuring grid: fmi
2015-08-17 05:16:58,589 null [INFO] (/home/meteo/dev/redist/fwidbmgr/include/Grid.h:1695) Grid fmi configured.
2015-08-17 05:16:58,591 null [INFO] (/home/meteo/dev/redist/fwidbmgr/include/Grid.h:1595) Configuring grid: sharples
2015-08-17 05:16:58,591 null [INFO] (/home/meteo/dev/redist/fwidbmgr/include/Grid.h:1695) Grid sharples configured.
2015-08-17 05:17:15,706 null [INFO] (/home/meteo/dev/redist/fwidbmgr/include/Grid.h:1595) Configuring grid: isi
2015-08-17 05:17:15,710 null [INFO] (/home/meteo/dev/redist/fwidbmgr/include/Grid.h:1695) Grid isi configured.
2015-08-17 05:17:15,776 null [INFO] (/home/meteo/dev/redist/fwidbmgr/include/Grid.h:1595) Configuring grid: fwi
2015-08-17 05:17:15,776 null [INFO] (/home/meteo/dev/redist/fwidbmgr/include/Grid.h:1695) Grid fwi configured.
2015-08-17 05:17:15,828 null [INFO] (/home/meteo/dev/redist/fwidbmgr/include/Grid.h:1595) Configuring grid: ffmc
2015-08-17 05:17:15,828 null [INFO] (/home/meteo/dev/redist/fwidbmgr/include/Grid.h:1695) Grid ffmc configured.
2015-08-17 05:17:15,901 null [INFO] (/home/meteo/dev/redist/fwidbmgr/include/Grid.h:1595) Configuring grid: dmc
2015-08-17 05:17:15,902 null [INFO] (/home/meteo/dev/redist/fwidbmgr/include/Grid.h:1695) Grid dmc configured.
2015-08-17 05:17:15,941 null [INFO] (/home/meteo/dev/redist/fwidbmgr/include/Grid.h:1595) Configuring grid: dc
2015-08-17 05:17:15,941 null [INFO] (/home/meteo/dev/redist/fwidbmgr/include/Grid.h:1695) Grid dc configured.
2015-08-17 05:17:15,980 null [INFO] (/home/meteo/dev/redist/fwidbmgr/include/Grid.h:1595) Configuring grid: bui
2015-08-17 05:17:15,980 null [INFO] (/home/meteo/dev/redist/fwidbmgr/include/Grid.h:1695) Grid bui configured.
2015-08-17 05:17:16,019 null [INFO] (/home/meteo/dev/redist/fwidbmgr/include/Grid.h:1595) Configuring grid: ffmc_tmp
2015-08-17 05:17:16,019 null [INFO] (/home/meteo/dev/redist/fwidbmgr/include/Grid.h:1695) Grid ffmc_tmp configured.
2015-08-17 05:17:16,080 null [INFO] (/home/meteo/dev/redist/fwidbmgr/include/Grid.h:1595) Configuring grid: dmc_tmp
2015-08-17 05:17:16,081 null [INFO] (/home/meteo/dev/redist/fwidbmgr/include/Grid.h:1695) Grid dmc_tmp configured.
2015-08-17 05:17:16,134 null [INFO] (/home/meteo/dev/redist/fwidbmgr/include/Grid.h:1595) Configuring grid: dc_tmp
2015-08-17 05:17:16,134 null [INFO] (/home/meteo/dev/redist/fwidbmgr/include/Grid.h:1695) Grid dc_tmp configured.
2015-08-17 05:17:16,172 null [INFO] (/home/meteo/dev/redist/fwidbmgr/include/Grid.h:1595) Configuring grid: angstrom
2015-08-17 05:17:16,172 null [INFO] (/home/meteo/dev/redist/fwidbmgr/include/Grid.h:1695) Grid angstrom configured.
2015-08-17 05:17:16,314 null [INFO] (/home/meteo/dev/redist/fwidbmgr/include/Grid.h:1595) Configuring grid: sharples
2015-08-17 05:17:16,314 null [INFO] (/home/meteo/dev/redist/fwidbmgr/include/Grid.h:1695) Grid sharples configured.
2015-08-17 05:17:16,367 null [INFO] (/home/meteo/dev/redist/fwidbmgr/include/Grid.h:1595) Configuring grid: fmi
2015-08-17 05:17:16,367 null [INFO] (/home/meteo/dev/redist/fwidbmgr/include/Grid.h:1695) Grid fmi configured.
2015-08-17 05:17:16,410 null [INFO] (../src/fwidbmgr.cpp:5418) OK --> 20150816 indexes exported to files.
2015-08-17 05:17:16,410 null [INFO] (../src/fwidbmgr.cpp:5496) action exportidx took about 18 seconds.
2015-08-17 05:17:16,411 null [INFO] (../src/fwidbmgr.cpp:5499) Disconnected from database.
