2018-03-23 05:06:45,988 null [INFO] (../src/fwidbmgr.cpp:5361) fwi db manager
2018-03-23 05:06:45,988 null [INFO] (../src/fwidbmgr.cpp:5365) Program home: /home/meteo/dev/redist/fwidbmgr
2018-03-23 05:06:45,988 null [INFO] (../src/fwidbmgr.cpp:5369) Auto convert: 1
2018-03-23 05:06:45,988 null [INFO] (../src/fwidbmgr.cpp:446) action: in.
2018-03-23 05:06:45,988 null [INFO] (../src/fwidbmgr.cpp:470) date: 20180322.
2018-03-23 05:06:45,988 null [INFO] (../src/fwidbmgr.cpp:322) Try to read: /home/meteo/dev/redist/fwidbmgr/config/fwidbmgr.conf.
2018-03-23 05:06:45,999 null [INFO] (../src/fwidbmgr.cpp:5393) Configuration parsing: OK.
2018-03-23 05:06:46,003 null [INFO] (../src/fwidbmgr.cpp:5478) Connected to database
2018-03-23 05:06:46,003 null [INFO] (../src/fwidbmgr.cpp:5480) Manage data for date: 20180322.
2018-03-23 05:06:46,003 null [INFO] (../src/fwidbmgr.cpp:5536) Importing meteo data in database for day: 20180322.
2018-03-23 05:06:46,006 null [INFO] (/home/meteo/dev/redist/fwidbmgr/include/Grid.h:1595) Configuring grid: snow
2018-03-23 05:06:46,006 null [INFO] (/home/meteo/dev/redist/fwidbmgr/include/Grid.h:1695) Grid snow configured.
2018-03-23 05:06:46,017 null [INFO] (/home/meteo/dev/redist/fwidbmgr/include/Grid.h:1595) Configuring grid: snow_covering
2018-03-23 05:06:46,017 null [INFO] (/home/meteo/dev/redist/fwidbmgr/include/Grid.h:1695) Grid snow_covering configured.
2018-03-23 05:06:46,030 null [INFO] (/home/meteo/dev/redist/fwidbmgr/include/Grid.h:1595) Configuring grid: snow_dissolution
2018-03-23 05:06:46,030 null [INFO] (/home/meteo/dev/redist/fwidbmgr/include/Grid.h:1695) Grid snow_dissolution configured.
2018-03-23 05:06:46,055 null [INFO] (/home/meteo/dev/redist/fwidbmgr/include/Grid.h:1595) Configuring grid: temperature
2018-03-23 05:06:46,055 null [INFO] (/home/meteo/dev/redist/fwidbmgr/include/Grid.h:1695) Grid temperature configured.
2018-03-23 05:06:46,060 null [INFO] (/home/meteo/dev/redist/fwidbmgr/include/Grid.h:1595) Configuring grid: humidity
2018-03-23 05:06:46,060 null [INFO] (/home/meteo/dev/redist/fwidbmgr/include/Grid.h:1695) Grid humidity configured.
2018-03-23 05:06:46,070 null [INFO] (/home/meteo/dev/redist/fwidbmgr/include/Grid.h:1595) Configuring grid: windspeed
2018-03-23 05:06:46,070 null [INFO] (/home/meteo/dev/redist/fwidbmgr/include/Grid.h:1695) Grid windspeed configured.
2018-03-23 05:06:46,093 null [INFO] (/home/meteo/dev/redist/fwidbmgr/include/Grid.h:1595) Configuring grid: rain
2018-03-23 05:06:46,093 null [INFO] (/home/meteo/dev/redist/fwidbmgr/include/Grid.h:1695) Grid rain configured.
2018-03-23 05:06:46,096 null [INFO] (/home/meteo/dev/redist/fwidbmgr/include/Grid.h:1595) Configuring grid: cum_rain
2018-03-23 05:06:46,096 null [INFO] (/home/meteo/dev/redist/fwidbmgr/include/Grid.h:1695) Grid cum_rain configured.
2018-03-23 05:06:46,402 null [INFO] (../src/fwidbmgr.cpp:1518) Storing meteo input ...
2018-03-23 05:06:59,576 null [INFO] (../src/fwidbmgr.cpp:5540) OK --> 20180322 data imported.
2018-03-23 05:06:59,628 null [INFO] (../src/fwidbmgr.cpp:5695) action in took about 13 seconds.
2018-03-23 05:06:59,669 null [INFO] (../src/fwidbmgr.cpp:5699) Disconnected from database.
2018-03-23 05:08:13,557 null [INFO] (../src/fwidbmgr.cpp:5361) fwi db manager
2018-03-23 05:08:13,557 null [INFO] (../src/fwidbmgr.cpp:5365) Program home: /home/meteo/dev/redist/fwidbmgr
2018-03-23 05:08:13,557 null [INFO] (../src/fwidbmgr.cpp:5369) Auto convert: 1
2018-03-23 05:08:13,557 null [INFO] (../src/fwidbmgr.cpp:446) action: out.
2018-03-23 05:08:13,557 null [INFO] (../src/fwidbmgr.cpp:470) date: 20180322.
2018-03-23 05:08:13,557 null [INFO] (../src/fwidbmgr.cpp:322) Try to read: /home/meteo/dev/redist/fwidbmgr/config/fwidbmgr.conf.
2018-03-23 05:08:13,562 null [INFO] (../src/fwidbmgr.cpp:5393) Configuration parsing: OK.
2018-03-23 05:08:13,577 null [INFO] (../src/fwidbmgr.cpp:5478) Connected to database
2018-03-23 05:08:13,577 null [INFO] (../src/fwidbmgr.cpp:5480) Manage data for date: 20180322.
2018-03-23 05:08:13,577 null [INFO] (../src/fwidbmgr.cpp:5551) Importing fwi indexes data in database for day: 20180322.
2018-03-23 05:08:13,589 null [INFO] (/home/meteo/dev/redist/fwidbmgr/include/Grid.h:1595) Configuring grid: isi
2018-03-23 05:08:13,589 null [INFO] (/home/meteo/dev/redist/fwidbmgr/include/Grid.h:1695) Grid isi configured.
2018-03-23 05:08:13,603 null [INFO] (/home/meteo/dev/redist/fwidbmgr/include/Grid.h:1595) Configuring grid: fwi
2018-03-23 05:08:13,603 null [INFO] (/home/meteo/dev/redist/fwidbmgr/include/Grid.h:1695) Grid fwi configured.
2018-03-23 05:08:13,616 null [INFO] (/home/meteo/dev/redist/fwidbmgr/include/Grid.h:1595) Configuring grid: ffmc
2018-03-23 05:08:13,616 null [INFO] (/home/meteo/dev/redist/fwidbmgr/include/Grid.h:1695) Grid ffmc configured.
2018-03-23 05:08:13,630 null [INFO] (/home/meteo/dev/redist/fwidbmgr/include/Grid.h:1595) Configuring grid: dmc
2018-03-23 05:08:13,630 null [INFO] (/home/meteo/dev/redist/fwidbmgr/include/Grid.h:1695) Grid dmc configured.
2018-03-23 05:08:13,643 null [INFO] (/home/meteo/dev/redist/fwidbmgr/include/Grid.h:1595) Configuring grid: dc
2018-03-23 05:08:13,644 null [INFO] (/home/meteo/dev/redist/fwidbmgr/include/Grid.h:1695) Grid dc configured.
2018-03-23 05:08:13,658 null [INFO] (/home/meteo/dev/redist/fwidbmgr/include/Grid.h:1595) Configuring grid: bui
2018-03-23 05:08:13,658 null [INFO] (/home/meteo/dev/redist/fwidbmgr/include/Grid.h:1695) Grid bui configured.
2018-03-23 05:08:13,671 null [INFO] (/home/meteo/dev/redist/fwidbmgr/include/Grid.h:1595) Configuring grid: ffmc_tmp
2018-03-23 05:08:13,671 null [INFO] (/home/meteo/dev/redist/fwidbmgr/include/Grid.h:1695) Grid ffmc_tmp configured.
2018-03-23 05:08:13,700 null [INFO] (/home/meteo/dev/redist/fwidbmgr/include/Grid.h:1595) Configuring grid: dmc_tmp
2018-03-23 05:08:13,700 null [INFO] (/home/meteo/dev/redist/fwidbmgr/include/Grid.h:1695) Grid dmc_tmp configured.
2018-03-23 05:08:13,721 null [INFO] (/home/meteo/dev/redist/fwidbmgr/include/Grid.h:1595) Configuring grid: dc_tmp
2018-03-23 05:08:13,722 null [INFO] (/home/meteo/dev/redist/fwidbmgr/include/Grid.h:1695) Grid dc_tmp configured.
2018-03-23 05:08:13,742 null [INFO] (/home/meteo/dev/redist/fwidbmgr/include/Grid.h:1595) Configuring grid: idi
2018-03-23 05:08:13,742 null [INFO] (/home/meteo/dev/redist/fwidbmgr/include/Grid.h:1695) Grid idi configured.
2018-03-23 05:08:14,077 null [INFO] (../src/fwidbmgr.cpp:2081) Storing FWI indexes ...
2018-03-23 05:08:21,400 null [INFO] (../src/fwidbmgr.cpp:5555) OK --> 20180322 data imported.
2018-03-23 05:08:21,400 null [INFO] (../src/fwidbmgr.cpp:5695) action out took about 8 seconds.
2018-03-23 05:08:21,402 null [INFO] (../src/fwidbmgr.cpp:5699) Disconnected from database.
2018-03-23 05:08:21,416 null [INFO] (../src/fwidbmgr.cpp:5361) fwi db manager
2018-03-23 05:08:21,416 null [INFO] (../src/fwidbmgr.cpp:5365) Program home: /home/meteo/dev/redist/fwidbmgr
2018-03-23 05:08:21,416 null [INFO] (../src/fwidbmgr.cpp:5369) Auto convert: 1
2018-03-23 05:08:21,416 null [INFO] (../src/fwidbmgr.cpp:446) action: computeidx.
2018-03-23 05:08:21,416 null [INFO] (../src/fwidbmgr.cpp:470) date: 20180322.
2018-03-23 05:08:21,416 null [INFO] (../src/fwidbmgr.cpp:322) Try to read: /home/meteo/dev/redist/fwidbmgr/config/fwidbmgr.conf.
2018-03-23 05:08:21,418 null [INFO] (../src/fwidbmgr.cpp:5393) Configuration parsing: OK.
2018-03-23 05:08:21,421 null [INFO] (../src/fwidbmgr.cpp:5478) Connected to database
2018-03-23 05:08:21,422 null [INFO] (../src/fwidbmgr.cpp:5480) Manage data for date: 20180322.
2018-03-23 05:08:21,422 null [INFO] (../src/fwidbmgr.cpp:5656) Computing indexes.
2018-03-23 05:08:21,423 null [INFO] (/home/meteo/dev/redist/fwidbmgr/include/Grid.h:1595) Configuring grid: isi
2018-03-23 05:08:21,423 null [INFO] (/home/meteo/dev/redist/fwidbmgr/include/Grid.h:1695) Grid isi configured.
2018-03-23 05:08:21,424 null [INFO] (/home/meteo/dev/redist/fwidbmgr/include/Grid.h:1595) Configuring grid: fwi
2018-03-23 05:08:21,424 null [INFO] (/home/meteo/dev/redist/fwidbmgr/include/Grid.h:1695) Grid fwi configured.
2018-03-23 05:08:21,426 null [INFO] (/home/meteo/dev/redist/fwidbmgr/include/Grid.h:1595) Configuring grid: ffmc
2018-03-23 05:08:21,426 null [INFO] (/home/meteo/dev/redist/fwidbmgr/include/Grid.h:1695) Grid ffmc configured.
2018-03-23 05:08:21,427 null [INFO] (/home/meteo/dev/redist/fwidbmgr/include/Grid.h:1595) Configuring grid: dmc
2018-03-23 05:08:21,427 null [INFO] (/home/meteo/dev/redist/fwidbmgr/include/Grid.h:1695) Grid dmc configured.
2018-03-23 05:08:21,428 null [INFO] (/home/meteo/dev/redist/fwidbmgr/include/Grid.h:1595) Configuring grid: dc
2018-03-23 05:08:21,428 null [INFO] (/home/meteo/dev/redist/fwidbmgr/include/Grid.h:1695) Grid dc configured.
2018-03-23 05:08:21,430 null [INFO] (/home/meteo/dev/redist/fwidbmgr/include/Grid.h:1595) Configuring grid: bui
2018-03-23 05:08:21,430 null [INFO] (/home/meteo/dev/redist/fwidbmgr/include/Grid.h:1695) Grid bui configured.
2018-03-23 05:08:21,431 null [INFO] (/home/meteo/dev/redist/fwidbmgr/include/Grid.h:1595) Configuring grid: ffmc_tmp
2018-03-23 05:08:21,431 null [INFO] (/home/meteo/dev/redist/fwidbmgr/include/Grid.h:1695) Grid ffmc_tmp configured.
2018-03-23 05:08:21,432 null [INFO] (/home/meteo/dev/redist/fwidbmgr/include/Grid.h:1595) Configuring grid: dmc_tmp
2018-03-23 05:08:21,432 null [INFO] (/home/meteo/dev/redist/fwidbmgr/include/Grid.h:1695) Grid dmc_tmp configured.
2018-03-23 05:08:21,434 null [INFO] (/home/meteo/dev/redist/fwidbmgr/include/Grid.h:1595) Configuring grid: dc_tmp
2018-03-23 05:08:21,434 null [INFO] (/home/meteo/dev/redist/fwidbmgr/include/Grid.h:1695) Grid dc_tmp configured.
2018-03-23 05:08:21,435 null [INFO] (/home/meteo/dev/redist/fwidbmgr/include/Grid.h:1595) Configuring grid: idi
2018-03-23 05:08:21,435 null [INFO] (/home/meteo/dev/redist/fwidbmgr/include/Grid.h:1695) Grid idi configured.
2018-03-23 05:08:21,436 null [INFO] (/home/meteo/dev/redist/fwidbmgr/include/Grid.h:1595) Configuring grid: angstrom
2018-03-23 05:08:21,436 null [INFO] (/home/meteo/dev/redist/fwidbmgr/include/Grid.h:1695) Grid angstrom configured.
2018-03-23 05:08:21,438 null [INFO] (/home/meteo/dev/redist/fwidbmgr/include/Grid.h:1595) Configuring grid: fmi
2018-03-23 05:08:21,438 null [INFO] (/home/meteo/dev/redist/fwidbmgr/include/Grid.h:1695) Grid fmi configured.
2018-03-23 05:08:21,439 null [INFO] (/home/meteo/dev/redist/fwidbmgr/include/Grid.h:1595) Configuring grid: sharples
2018-03-23 05:08:21,439 null [INFO] (/home/meteo/dev/redist/fwidbmgr/include/Grid.h:1695) Grid sharples configured.
2018-03-23 05:08:22,144 null [INFO] (/home/meteo/dev/redist/fwidbmgr/include/Grid.h:1595) Configuring grid: snow
2018-03-23 05:08:22,145 null [INFO] (/home/meteo/dev/redist/fwidbmgr/include/Grid.h:1695) Grid snow configured.
2018-03-23 05:08:22,145 null [INFO] (/home/meteo/dev/redist/fwidbmgr/include/Grid.h:1595) Configuring grid: snow_covering
2018-03-23 05:08:22,145 null [INFO] (/home/meteo/dev/redist/fwidbmgr/include/Grid.h:1695) Grid snow_covering configured.
2018-03-23 05:08:22,145 null [INFO] (/home/meteo/dev/redist/fwidbmgr/include/Grid.h:1595) Configuring grid: snow_dissolution
2018-03-23 05:08:22,145 null [INFO] (/home/meteo/dev/redist/fwidbmgr/include/Grid.h:1695) Grid snow_dissolution configured.
2018-03-23 05:08:22,145 null [INFO] (/home/meteo/dev/redist/fwidbmgr/include/Grid.h:1595) Configuring grid: temperature
2018-03-23 05:08:22,145 null [INFO] (/home/meteo/dev/redist/fwidbmgr/include/Grid.h:1695) Grid temperature configured.
2018-03-23 05:08:22,145 null [INFO] (/home/meteo/dev/redist/fwidbmgr/include/Grid.h:1595) Configuring grid: humidity
2018-03-23 05:08:22,145 null [INFO] (/home/meteo/dev/redist/fwidbmgr/include/Grid.h:1695) Grid humidity configured.
2018-03-23 05:08:22,145 null [INFO] (/home/meteo/dev/redist/fwidbmgr/include/Grid.h:1595) Configuring grid: windspeed
2018-03-23 05:08:22,146 null [INFO] (/home/meteo/dev/redist/fwidbmgr/include/Grid.h:1695) Grid windspeed configured.
2018-03-23 05:08:22,146 null [INFO] (/home/meteo/dev/redist/fwidbmgr/include/Grid.h:1595) Configuring grid: rain
2018-03-23 05:08:22,146 null [INFO] (/home/meteo/dev/redist/fwidbmgr/include/Grid.h:1695) Grid rain configured.
2018-03-23 05:08:22,146 null [INFO] (/home/meteo/dev/redist/fwidbmgr/include/Grid.h:1595) Configuring grid: cum_rain
2018-03-23 05:08:22,146 null [INFO] (/home/meteo/dev/redist/fwidbmgr/include/Grid.h:1695) Grid cum_rain configured.
2018-03-23 05:10:11,259 null [INFO] (../src/fwidbmgr.cpp:5660) OK --> 20180322 indexes computed.
2018-03-23 05:10:11,259 null [INFO] (../src/fwidbmgr.cpp:5695) action computeidx took about 110 seconds.
2018-03-23 05:10:11,259 null [INFO] (../src/fwidbmgr.cpp:5699) Disconnected from database.
2018-03-23 05:10:11,277 null [INFO] (../src/fwidbmgr.cpp:5361) fwi db manager
2018-03-23 05:10:11,277 null [INFO] (../src/fwidbmgr.cpp:5365) Program home: /home/meteo/dev/redist/fwidbmgr
2018-03-23 05:10:11,277 null [INFO] (../src/fwidbmgr.cpp:5369) Auto convert: 1
2018-03-23 05:10:11,277 null [INFO] (../src/fwidbmgr.cpp:446) action: exportidx.
2018-03-23 05:10:11,277 null [INFO] (../src/fwidbmgr.cpp:470) date: 20180322.
2018-03-23 05:10:11,277 null [INFO] (../src/fwidbmgr.cpp:322) Try to read: /home/meteo/dev/redist/fwidbmgr/config/fwidbmgr.conf.
2018-03-23 05:10:11,279 null [INFO] (../src/fwidbmgr.cpp:5393) Configuration parsing: OK.
2018-03-23 05:10:11,282 null [INFO] (../src/fwidbmgr.cpp:5478) Connected to database
2018-03-23 05:10:11,282 null [INFO] (../src/fwidbmgr.cpp:5480) Manage data for date: 20180322.
2018-03-23 05:10:11,283 null [INFO] (../src/fwidbmgr.cpp:5596) Exporting indexes.
2018-03-23 05:10:11,284 null [INFO] (/home/meteo/dev/redist/fwidbmgr/include/Grid.h:1595) Configuring grid: isi
2018-03-23 05:10:11,284 null [INFO] (/home/meteo/dev/redist/fwidbmgr/include/Grid.h:1695) Grid isi configured.
2018-03-23 05:10:11,286 null [INFO] (/home/meteo/dev/redist/fwidbmgr/include/Grid.h:1595) Configuring grid: fwi
2018-03-23 05:10:11,286 null [INFO] (/home/meteo/dev/redist/fwidbmgr/include/Grid.h:1695) Grid fwi configured.
2018-03-23 05:10:11,287 null [INFO] (/home/meteo/dev/redist/fwidbmgr/include/Grid.h:1595) Configuring grid: ffmc
2018-03-23 05:10:11,287 null [INFO] (/home/meteo/dev/redist/fwidbmgr/include/Grid.h:1695) Grid ffmc configured.
2018-03-23 05:10:11,288 null [INFO] (/home/meteo/dev/redist/fwidbmgr/include/Grid.h:1595) Configuring grid: dmc
2018-03-23 05:10:11,288 null [INFO] (/home/meteo/dev/redist/fwidbmgr/include/Grid.h:1695) Grid dmc configured.
2018-03-23 05:10:11,290 null [INFO] (/home/meteo/dev/redist/fwidbmgr/include/Grid.h:1595) Configuring grid: dc
2018-03-23 05:10:11,290 null [INFO] (/home/meteo/dev/redist/fwidbmgr/include/Grid.h:1695) Grid dc configured.
2018-03-23 05:10:11,291 null [INFO] (/home/meteo/dev/redist/fwidbmgr/include/Grid.h:1595) Configuring grid: bui
2018-03-23 05:10:11,291 null [INFO] (/home/meteo/dev/redist/fwidbmgr/include/Grid.h:1695) Grid bui configured.
2018-03-23 05:10:11,292 null [INFO] (/home/meteo/dev/redist/fwidbmgr/include/Grid.h:1595) Configuring grid: ffmc_tmp
2018-03-23 05:10:11,292 null [INFO] (/home/meteo/dev/redist/fwidbmgr/include/Grid.h:1695) Grid ffmc_tmp configured.
2018-03-23 05:10:11,294 null [INFO] (/home/meteo/dev/redist/fwidbmgr/include/Grid.h:1595) Configuring grid: dmc_tmp
2018-03-23 05:10:11,294 null [INFO] (/home/meteo/dev/redist/fwidbmgr/include/Grid.h:1695) Grid dmc_tmp configured.
2018-03-23 05:10:11,295 null [INFO] (/home/meteo/dev/redist/fwidbmgr/include/Grid.h:1595) Configuring grid: dc_tmp
2018-03-23 05:10:11,295 null [INFO] (/home/meteo/dev/redist/fwidbmgr/include/Grid.h:1695) Grid dc_tmp configured.
2018-03-23 05:10:11,296 null [INFO] (/home/meteo/dev/redist/fwidbmgr/include/Grid.h:1595) Configuring grid: idi
2018-03-23 05:10:11,296 null [INFO] (/home/meteo/dev/redist/fwidbmgr/include/Grid.h:1695) Grid idi configured.
2018-03-23 05:10:11,297 null [INFO] (/home/meteo/dev/redist/fwidbmgr/include/Grid.h:1595) Configuring grid: angstrom
2018-03-23 05:10:11,298 null [INFO] (/home/meteo/dev/redist/fwidbmgr/include/Grid.h:1695) Grid angstrom configured.
2018-03-23 05:10:11,299 null [INFO] (/home/meteo/dev/redist/fwidbmgr/include/Grid.h:1595) Configuring grid: fmi
2018-03-23 05:10:11,299 null [INFO] (/home/meteo/dev/redist/fwidbmgr/include/Grid.h:1695) Grid fmi configured.
2018-03-23 05:10:11,300 null [INFO] (/home/meteo/dev/redist/fwidbmgr/include/Grid.h:1595) Configuring grid: sharples
2018-03-23 05:10:11,300 null [INFO] (/home/meteo/dev/redist/fwidbmgr/include/Grid.h:1695) Grid sharples configured.
2018-03-23 05:10:12,086 null [INFO] (/home/meteo/dev/redist/fwidbmgr/include/Grid.h:1595) Configuring grid: isi
2018-03-23 05:10:12,087 null [INFO] (/home/meteo/dev/redist/fwidbmgr/include/Grid.h:1695) Grid isi configured.
2018-03-23 05:10:12,124 null [INFO] (/home/meteo/dev/redist/fwidbmgr/include/Grid.h:1595) Configuring grid: fwi
2018-03-23 05:10:12,124 null [INFO] (/home/meteo/dev/redist/fwidbmgr/include/Grid.h:1695) Grid fwi configured.
2018-03-23 05:10:12,161 null [INFO] (/home/meteo/dev/redist/fwidbmgr/include/Grid.h:1595) Configuring grid: ffmc
2018-03-23 05:10:12,161 null [INFO] (/home/meteo/dev/redist/fwidbmgr/include/Grid.h:1695) Grid ffmc configured.
2018-03-23 05:10:12,199 null [INFO] (/home/meteo/dev/redist/fwidbmgr/include/Grid.h:1595) Configuring grid: dmc
2018-03-23 05:10:12,199 null [INFO] (/home/meteo/dev/redist/fwidbmgr/include/Grid.h:1695) Grid dmc configured.
2018-03-23 05:10:12,236 null [INFO] (/home/meteo/dev/redist/fwidbmgr/include/Grid.h:1595) Configuring grid: dc
2018-03-23 05:10:12,237 null [INFO] (/home/meteo/dev/redist/fwidbmgr/include/Grid.h:1695) Grid dc configured.
2018-03-23 05:10:12,274 null [INFO] (/home/meteo/dev/redist/fwidbmgr/include/Grid.h:1595) Configuring grid: bui
2018-03-23 05:10:12,274 null [INFO] (/home/meteo/dev/redist/fwidbmgr/include/Grid.h:1695) Grid bui configured.
2018-03-23 05:10:12,316 null [INFO] (/home/meteo/dev/redist/fwidbmgr/include/Grid.h:1595) Configuring grid: ffmc_tmp
2018-03-23 05:10:12,316 null [INFO] (/home/meteo/dev/redist/fwidbmgr/include/Grid.h:1695) Grid ffmc_tmp configured.
2018-03-23 05:10:12,354 null [INFO] (/home/meteo/dev/redist/fwidbmgr/include/Grid.h:1595) Configuring grid: dmc_tmp
2018-03-23 05:10:12,354 null [INFO] (/home/meteo/dev/redist/fwidbmgr/include/Grid.h:1695) Grid dmc_tmp configured.
2018-03-23 05:10:12,388 null [INFO] (/home/meteo/dev/redist/fwidbmgr/include/Grid.h:1595) Configuring grid: dc_tmp
2018-03-23 05:10:12,388 null [INFO] (/home/meteo/dev/redist/fwidbmgr/include/Grid.h:1695) Grid dc_tmp configured.
2018-03-23 05:10:12,423 null [INFO] (/home/meteo/dev/redist/fwidbmgr/include/Grid.h:1595) Configuring grid: angstrom
2018-03-23 05:10:12,423 null [INFO] (/home/meteo/dev/redist/fwidbmgr/include/Grid.h:1695) Grid angstrom configured.
2018-03-23 05:10:12,492 null [INFO] (/home/meteo/dev/redist/fwidbmgr/include/Grid.h:1595) Configuring grid: sharples
2018-03-23 05:10:12,492 null [INFO] (/home/meteo/dev/redist/fwidbmgr/include/Grid.h:1695) Grid sharples configured.
2018-03-23 05:10:12,534 null [INFO] (/home/meteo/dev/redist/fwidbmgr/include/Grid.h:1595) Configuring grid: fmi
2018-03-23 05:10:12,534 null [INFO] (/home/meteo/dev/redist/fwidbmgr/include/Grid.h:1695) Grid fmi configured.
2018-03-23 05:10:12,577 null [INFO] (../src/fwidbmgr.cpp:5600) OK --> 20180322 indexes exported to files.
2018-03-23 05:10:12,577 null [INFO] (../src/fwidbmgr.cpp:5695) action exportidx took about 1 seconds.
2018-03-23 05:10:12,579 null [INFO] (../src/fwidbmgr.cpp:5699) Disconnected from database.
2018-03-23 05:10:39,620 null [INFO] (../src/fwidbmgr.cpp:5361) fwi db manager
2018-03-23 05:10:39,620 null [INFO] (../src/fwidbmgr.cpp:5365) Program home: /home/meteo/dev/redist/fwidbmgr
2018-03-23 05:10:39,620 null [INFO] (../src/fwidbmgr.cpp:5369) Auto convert: 1
2018-03-23 05:10:39,620 null [INFO] (../src/fwidbmgr.cpp:446) action: outimg.
2018-03-23 05:10:39,620 null [INFO] (../src/fwidbmgr.cpp:470) date: 20180322.
2018-03-23 05:10:39,620 null [INFO] (../src/fwidbmgr.cpp:322) Try to read: /home/meteo/dev/redist/fwidbmgr/config/fwidbmgr.conf.
2018-03-23 05:10:39,622 null [INFO] (../src/fwidbmgr.cpp:5393) Configuration parsing: OK.
2018-03-23 05:10:39,624 null [INFO] (../src/fwidbmgr.cpp:5478) Connected to database
2018-03-23 05:10:39,625 null [INFO] (../src/fwidbmgr.cpp:5480) Manage data for date: 20180322.
2018-03-23 05:10:39,625 null [INFO] (../src/fwidbmgr.cpp:5566) Importing fwi indexes images in database.
2018-03-23 05:10:39,715 null [INFO] (../src/fwidbmgr.cpp:5570) OK --> 20180322 images imported.
2018-03-23 05:10:39,715 null [INFO] (../src/fwidbmgr.cpp:5695) action outimg took about 0 seconds.
2018-03-23 05:10:39,715 null [INFO] (../src/fwidbmgr.cpp:5699) Disconnected from database.
2018-03-23 05:37:01,433 null [INFO] (../src/fwidbmgr.cpp:5361) fwi db manager
2018-03-23 05:37:01,433 null [INFO] (../src/fwidbmgr.cpp:5365) Program home: /home/meteo/dev/redist/fwidbmgr
2018-03-23 05:37:01,433 null [INFO] (../src/fwidbmgr.cpp:5369) Auto convert: 1
2018-03-23 05:37:01,433 null [INFO] (../src/fwidbmgr.cpp:446) action: outimg.
2018-03-23 05:37:01,433 null [INFO] (../src/fwidbmgr.cpp:470) date: 20180322.
2018-03-23 05:37:01,433 null [INFO] (../src/fwidbmgr.cpp:322) Try to read: /home/meteo/dev/redist/fwidbmgr/config/fwidbmgr.conf.
2018-03-23 05:37:01,435 null [INFO] (../src/fwidbmgr.cpp:5393) Configuration parsing: OK.
2018-03-23 05:37:01,439 null [INFO] (../src/fwidbmgr.cpp:5478) Connected to database
2018-03-23 05:37:01,439 null [INFO] (../src/fwidbmgr.cpp:5480) Manage data for date: 20180322.
2018-03-23 05:37:01,439 null [INFO] (../src/fwidbmgr.cpp:5566) Importing fwi indexes images in database.
2018-03-23 05:37:01,618 null [INFO] (../src/fwidbmgr.cpp:5570) OK --> 20180322 images imported.
2018-03-23 05:37:01,618 null [INFO] (../src/fwidbmgr.cpp:5695) action outimg took about 0 seconds.
2018-03-23 05:37:01,618 null [INFO] (../src/fwidbmgr.cpp:5699) Disconnected from database.
2018-03-23 06:05:01,378 null [INFO] (../src/fwidbmgr.cpp:5361) fwi db manager
2018-03-23 06:05:01,378 null [INFO] (../src/fwidbmgr.cpp:5365) Program home: /home/meteo/dev/redist/fwidbmgr
2018-03-23 06:05:01,378 null [INFO] (../src/fwidbmgr.cpp:5369) Auto convert: 1
2018-03-23 06:05:01,378 null [INFO] (../src/fwidbmgr.cpp:446) action: outimg.
2018-03-23 06:05:01,378 null [INFO] (../src/fwidbmgr.cpp:470) date: 20180322.
2018-03-23 06:05:01,378 null [INFO] (../src/fwidbmgr.cpp:322) Try to read: /home/meteo/dev/redist/fwidbmgr/config/fwidbmgr.conf.
2018-03-23 06:05:01,380 null [INFO] (../src/fwidbmgr.cpp:5393) Configuration parsing: OK.
2018-03-23 06:05:01,385 null [INFO] (../src/fwidbmgr.cpp:5478) Connected to database
2018-03-23 06:05:01,385 null [INFO] (../src/fwidbmgr.cpp:5480) Manage data for date: 20180322.
2018-03-23 06:05:01,385 null [INFO] (../src/fwidbmgr.cpp:5566) Importing fwi indexes images in database.
2018-03-23 06:05:01,471 null [INFO] (../src/fwidbmgr.cpp:5570) OK --> 20180322 images imported.
2018-03-23 06:05:01,471 null [INFO] (../src/fwidbmgr.cpp:5695) action outimg took about 0 seconds.
2018-03-23 06:05:01,472 null [INFO] (../src/fwidbmgr.cpp:5699) Disconnected from database.
2018-03-23 06:37:01,621 null [INFO] (../src/fwidbmgr.cpp:5361) fwi db manager
2018-03-23 06:37:01,621 null [INFO] (../src/fwidbmgr.cpp:5365) Program home: /home/meteo/dev/redist/fwidbmgr
2018-03-23 06:37:01,621 null [INFO] (../src/fwidbmgr.cpp:5369) Auto convert: 1
2018-03-23 06:37:01,621 null [INFO] (../src/fwidbmgr.cpp:446) action: outimg.
2018-03-23 06:37:01,621 null [INFO] (../src/fwidbmgr.cpp:470) date: 20180322.
2018-03-23 06:37:01,621 null [INFO] (../src/fwidbmgr.cpp:322) Try to read: /home/meteo/dev/redist/fwidbmgr/config/fwidbmgr.conf.
2018-03-23 06:37:01,628 null [INFO] (../src/fwidbmgr.cpp:5393) Configuration parsing: OK.
2018-03-23 06:37:01,637 null [INFO] (../src/fwidbmgr.cpp:5478) Connected to database
2018-03-23 06:37:01,637 null [INFO] (../src/fwidbmgr.cpp:5480) Manage data for date: 20180322.
2018-03-23 06:37:01,637 null [INFO] (../src/fwidbmgr.cpp:5566) Importing fwi indexes images in database.
2018-03-23 06:37:01,722 null [INFO] (../src/fwidbmgr.cpp:5570) OK --> 20180322 images imported.
2018-03-23 06:37:01,722 null [INFO] (../src/fwidbmgr.cpp:5695) action outimg took about 0 seconds.
2018-03-23 06:37:01,722 null [INFO] (../src/fwidbmgr.cpp:5699) Disconnected from database.
2018-03-23 07:05:01,353 null [INFO] (../src/fwidbmgr.cpp:5361) fwi db manager
2018-03-23 07:05:01,353 null [INFO] (../src/fwidbmgr.cpp:5365) Program home: /home/meteo/dev/redist/fwidbmgr
2018-03-23 07:05:01,353 null [INFO] (../src/fwidbmgr.cpp:5369) Auto convert: 1
2018-03-23 07:05:01,353 null [INFO] (../src/fwidbmgr.cpp:446) action: outimg.
2018-03-23 07:05:01,353 null [INFO] (../src/fwidbmgr.cpp:470) date: 20180322.
2018-03-23 07:05:01,353 null [INFO] (../src/fwidbmgr.cpp:322) Try to read: /home/meteo/dev/redist/fwidbmgr/config/fwidbmgr.conf.
2018-03-23 07:05:01,355 null [INFO] (../src/fwidbmgr.cpp:5393) Configuration parsing: OK.
2018-03-23 07:05:01,360 null [INFO] (../src/fwidbmgr.cpp:5478) Connected to database
2018-03-23 07:05:01,360 null [INFO] (../src/fwidbmgr.cpp:5480) Manage data for date: 20180322.
2018-03-23 07:05:01,360 null [INFO] (../src/fwidbmgr.cpp:5566) Importing fwi indexes images in database.
2018-03-23 07:05:01,451 null [INFO] (../src/fwidbmgr.cpp:5570) OK --> 20180322 images imported.
2018-03-23 07:05:01,452 null [INFO] (../src/fwidbmgr.cpp:5695) action outimg took about 0 seconds.
2018-03-23 07:05:01,452 null [INFO] (../src/fwidbmgr.cpp:5699) Disconnected from database.
2018-03-23 07:37:01,626 null [INFO] (../src/fwidbmgr.cpp:5361) fwi db manager
2018-03-23 07:37:01,626 null [INFO] (../src/fwidbmgr.cpp:5365) Program home: /home/meteo/dev/redist/fwidbmgr
2018-03-23 07:37:01,626 null [INFO] (../src/fwidbmgr.cpp:5369) Auto convert: 1
2018-03-23 07:37:01,626 null [INFO] (../src/fwidbmgr.cpp:446) action: outimg.
2018-03-23 07:37:01,626 null [INFO] (../src/fwidbmgr.cpp:470) date: 20180322.
2018-03-23 07:37:01,626 null [INFO] (../src/fwidbmgr.cpp:322) Try to read: /home/meteo/dev/redist/fwidbmgr/config/fwidbmgr.conf.
2018-03-23 07:37:01,628 null [INFO] (../src/fwidbmgr.cpp:5393) Configuration parsing: OK.
2018-03-23 07:37:01,635 null [INFO] (../src/fwidbmgr.cpp:5478) Connected to database
2018-03-23 07:37:01,635 null [INFO] (../src/fwidbmgr.cpp:5480) Manage data for date: 20180322.
2018-03-23 07:37:01,635 null [INFO] (../src/fwidbmgr.cpp:5566) Importing fwi indexes images in database.
2018-03-23 07:37:01,726 null [INFO] (../src/fwidbmgr.cpp:5570) OK --> 20180322 images imported.
2018-03-23 07:37:01,726 null [INFO] (../src/fwidbmgr.cpp:5695) action outimg took about 0 seconds.
2018-03-23 07:37:01,726 null [INFO] (../src/fwidbmgr.cpp:5699) Disconnected from database.
2018-03-23 08:34:16,992 null [INFO] (../src/fwidbmgr.cpp:5361) fwi db manager
2018-03-23 08:34:16,992 null [INFO] (../src/fwidbmgr.cpp:5365) Program home: /home/meteo/dev/redist/fwidbmgr
2018-03-23 08:34:16,992 null [INFO] (../src/fwidbmgr.cpp:5369) Auto convert: 1
2018-03-23 08:34:16,993 null [FATAL] (../src/fwidbmgr.cpp:428) Wrong number of arguments.
2018-03-23 08:34:16,993 null [FATAL] (../src/fwidbmgr.cpp:5374) Unable to parse command line arguments.
2018-03-23 08:34:17,034 null [INFO] (../src/fwidbmgr.cpp:5361) fwi db manager
2018-03-23 08:34:17,034 null [INFO] (../src/fwidbmgr.cpp:5365) Program home: /home/meteo/dev/redist/fwidbmgr
2018-03-23 08:34:17,034 null [INFO] (../src/fwidbmgr.cpp:5369) Auto convert: 1
2018-03-23 08:34:17,034 null [FATAL] (../src/fwidbmgr.cpp:428) Wrong number of arguments.
2018-03-23 08:34:17,035 null [FATAL] (../src/fwidbmgr.cpp:5374) Unable to parse command line arguments.
