2015-12-31 05:07:51,725 null [INFO] (../src/fwidbmgr.cpp:5207) fwi db manager
2015-12-31 05:07:51,727 null [INFO] (../src/fwidbmgr.cpp:5209) Program home: /home/meteo/dev/redist/fwidbmgr
2015-12-31 05:07:51,727 null [INFO] (../src/fwidbmgr.cpp:5211) Auto convert: 1
2015-12-31 05:07:51,727 null [INFO] (../src/fwidbmgr.cpp:458) action: in.
2015-12-31 05:07:51,727 null [INFO] (../src/fwidbmgr.cpp:482) date: 20151230.
2015-12-31 05:07:51,727 null [INFO] (../src/fwidbmgr.cpp:319) Try to read: /home/meteo/dev/redist/fwidbmgr/config/fwidbmgr.conf.
2015-12-31 05:07:51,736 null [INFO] (../src/fwidbmgr.cpp:5240) Configuration parsing: OK.
2015-12-31 05:07:52,426 null [INFO] (../src/fwidbmgr.cpp:5322) Connected to database
2015-12-31 05:07:52,426 null [INFO] (../src/fwidbmgr.cpp:5323) Manage data for date: 20151230.
2015-12-31 05:07:52,426 null [INFO] (../src/fwidbmgr.cpp:5367) Importing meteo data in database for day: 20151230.
2015-12-31 05:07:52,427 null [INFO] (/home/meteo/dev/redist/fwidbmgr/include/Grid.h:1595) Configuring grid: snow
2015-12-31 05:07:52,428 null [INFO] (/home/meteo/dev/redist/fwidbmgr/include/Grid.h:1695) Grid snow configured.
2015-12-31 05:07:52,440 null [INFO] (/home/meteo/dev/redist/fwidbmgr/include/Grid.h:1595) Configuring grid: snow_covering
2015-12-31 05:07:52,440 null [INFO] (/home/meteo/dev/redist/fwidbmgr/include/Grid.h:1695) Grid snow_covering configured.
2015-12-31 05:07:52,454 null [INFO] (/home/meteo/dev/redist/fwidbmgr/include/Grid.h:1595) Configuring grid: snow_dissolution
2015-12-31 05:07:52,455 null [INFO] (/home/meteo/dev/redist/fwidbmgr/include/Grid.h:1695) Grid snow_dissolution configured.
2015-12-31 05:07:52,479 null [INFO] (/home/meteo/dev/redist/fwidbmgr/include/Grid.h:1595) Configuring grid: temperature
2015-12-31 05:07:52,480 null [INFO] (/home/meteo/dev/redist/fwidbmgr/include/Grid.h:1695) Grid temperature configured.
2015-12-31 05:07:52,485 null [INFO] (/home/meteo/dev/redist/fwidbmgr/include/Grid.h:1595) Configuring grid: humidity
2015-12-31 05:07:52,485 null [INFO] (/home/meteo/dev/redist/fwidbmgr/include/Grid.h:1695) Grid humidity configured.
2015-12-31 05:07:52,496 null [INFO] (/home/meteo/dev/redist/fwidbmgr/include/Grid.h:1595) Configuring grid: windspeed
2015-12-31 05:07:52,496 null [INFO] (/home/meteo/dev/redist/fwidbmgr/include/Grid.h:1695) Grid windspeed configured.
2015-12-31 05:07:52,520 null [INFO] (/home/meteo/dev/redist/fwidbmgr/include/Grid.h:1595) Configuring grid: rain
2015-12-31 05:07:52,521 null [INFO] (/home/meteo/dev/redist/fwidbmgr/include/Grid.h:1695) Grid rain configured.
2015-12-31 05:07:52,524 null [INFO] (/home/meteo/dev/redist/fwidbmgr/include/Grid.h:1595) Configuring grid: cum_rain
2015-12-31 05:07:52,524 null [INFO] (/home/meteo/dev/redist/fwidbmgr/include/Grid.h:1695) Grid cum_rain configured.
2015-12-31 05:08:18,171 null [INFO] (../src/fwidbmgr.cpp:1502) Storing meteo input ...
2015-12-31 05:08:46,278 null [INFO] (../src/fwidbmgr.cpp:5370) OK --> 20151230 data imported.
2015-12-31 05:08:46,448 null [INFO] (../src/fwidbmgr.cpp:5496) action in took about 54 seconds.
2015-12-31 05:08:46,616 null [INFO] (../src/fwidbmgr.cpp:5499) Disconnected from database.
2015-12-31 05:10:02,139 null [INFO] (../src/fwidbmgr.cpp:5207) fwi db manager
2015-12-31 05:10:02,140 null [INFO] (../src/fwidbmgr.cpp:5209) Program home: /home/meteo/dev/redist/fwidbmgr
2015-12-31 05:10:02,140 null [INFO] (../src/fwidbmgr.cpp:5211) Auto convert: 1
2015-12-31 05:10:02,140 null [INFO] (../src/fwidbmgr.cpp:458) action: out.
2015-12-31 05:10:02,140 null [INFO] (../src/fwidbmgr.cpp:482) date: 20151230.
2015-12-31 05:10:02,140 null [INFO] (../src/fwidbmgr.cpp:319) Try to read: /home/meteo/dev/redist/fwidbmgr/config/fwidbmgr.conf.
2015-12-31 05:10:02,149 null [INFO] (../src/fwidbmgr.cpp:5240) Configuration parsing: OK.
2015-12-31 05:10:02,186 null [INFO] (../src/fwidbmgr.cpp:5322) Connected to database
2015-12-31 05:10:02,186 null [INFO] (../src/fwidbmgr.cpp:5323) Manage data for date: 20151230.
2015-12-31 05:10:02,186 null [INFO] (../src/fwidbmgr.cpp:5379) Importing fwi indexes data in database for day: 20151230.
2015-12-31 05:10:02,188 null [INFO] (/home/meteo/dev/redist/fwidbmgr/include/Grid.h:1595) Configuring grid: isi
2015-12-31 05:10:02,188 null [INFO] (/home/meteo/dev/redist/fwidbmgr/include/Grid.h:1695) Grid isi configured.
2015-12-31 05:10:02,204 null [INFO] (/home/meteo/dev/redist/fwidbmgr/include/Grid.h:1595) Configuring grid: fwi
2015-12-31 05:10:02,204 null [INFO] (/home/meteo/dev/redist/fwidbmgr/include/Grid.h:1695) Grid fwi configured.
2015-12-31 05:10:02,220 null [INFO] (/home/meteo/dev/redist/fwidbmgr/include/Grid.h:1595) Configuring grid: ffmc
2015-12-31 05:10:02,220 null [INFO] (/home/meteo/dev/redist/fwidbmgr/include/Grid.h:1695) Grid ffmc configured.
2015-12-31 05:10:02,234 null [INFO] (/home/meteo/dev/redist/fwidbmgr/include/Grid.h:1595) Configuring grid: dmc
2015-12-31 05:10:02,234 null [INFO] (/home/meteo/dev/redist/fwidbmgr/include/Grid.h:1695) Grid dmc configured.
2015-12-31 05:10:02,251 null [INFO] (/home/meteo/dev/redist/fwidbmgr/include/Grid.h:1595) Configuring grid: dc
2015-12-31 05:10:02,251 null [INFO] (/home/meteo/dev/redist/fwidbmgr/include/Grid.h:1695) Grid dc configured.
2015-12-31 05:10:02,268 null [INFO] (/home/meteo/dev/redist/fwidbmgr/include/Grid.h:1595) Configuring grid: bui
2015-12-31 05:10:02,268 null [INFO] (/home/meteo/dev/redist/fwidbmgr/include/Grid.h:1695) Grid bui configured.
2015-12-31 05:10:02,283 null [INFO] (/home/meteo/dev/redist/fwidbmgr/include/Grid.h:1595) Configuring grid: ffmc_tmp
2015-12-31 05:10:02,283 null [INFO] (/home/meteo/dev/redist/fwidbmgr/include/Grid.h:1695) Grid ffmc_tmp configured.
2015-12-31 05:10:02,356 null [INFO] (/home/meteo/dev/redist/fwidbmgr/include/Grid.h:1595) Configuring grid: dmc_tmp
2015-12-31 05:10:02,356 null [INFO] (/home/meteo/dev/redist/fwidbmgr/include/Grid.h:1695) Grid dmc_tmp configured.
2015-12-31 05:10:02,380 null [INFO] (/home/meteo/dev/redist/fwidbmgr/include/Grid.h:1595) Configuring grid: dc_tmp
2015-12-31 05:10:02,380 null [INFO] (/home/meteo/dev/redist/fwidbmgr/include/Grid.h:1695) Grid dc_tmp configured.
2015-12-31 05:10:02,407 null [INFO] (/home/meteo/dev/redist/fwidbmgr/include/Grid.h:1595) Configuring grid: idi
2015-12-31 05:10:02,407 null [INFO] (/home/meteo/dev/redist/fwidbmgr/include/Grid.h:1695) Grid idi configured.
2015-12-31 05:11:14,546 null [INFO] (../src/fwidbmgr.cpp:2045) Storing FWI indexes ...
2015-12-31 05:12:12,809 null [INFO] (../src/fwidbmgr.cpp:5382) OK --> 20151230 data imported.
2015-12-31 05:12:12,809 null [INFO] (../src/fwidbmgr.cpp:5496) action out took about 130 seconds.
2015-12-31 05:12:12,810 null [INFO] (../src/fwidbmgr.cpp:5499) Disconnected from database.
2015-12-31 05:12:13,329 null [INFO] (../src/fwidbmgr.cpp:5207) fwi db manager
2015-12-31 05:12:13,329 null [INFO] (../src/fwidbmgr.cpp:5209) Program home: /home/meteo/dev/redist/fwidbmgr
2015-12-31 05:12:13,329 null [INFO] (../src/fwidbmgr.cpp:5211) Auto convert: 1
2015-12-31 05:12:13,329 null [INFO] (../src/fwidbmgr.cpp:458) action: computeidx.
2015-12-31 05:12:13,329 null [INFO] (../src/fwidbmgr.cpp:482) date: 20151230.
2015-12-31 05:12:13,329 null [INFO] (../src/fwidbmgr.cpp:319) Try to read: /home/meteo/dev/redist/fwidbmgr/config/fwidbmgr.conf.
2015-12-31 05:12:13,334 null [INFO] (../src/fwidbmgr.cpp:5240) Configuration parsing: OK.
2015-12-31 05:12:13,358 null [INFO] (../src/fwidbmgr.cpp:5322) Connected to database
2015-12-31 05:12:13,358 null [INFO] (../src/fwidbmgr.cpp:5323) Manage data for date: 20151230.
2015-12-31 05:12:13,358 null [INFO] (../src/fwidbmgr.cpp:5463) Computing indexes.
2015-12-31 05:12:13,359 null [INFO] (/home/meteo/dev/redist/fwidbmgr/include/Grid.h:1595) Configuring grid: isi
2015-12-31 05:12:13,359 null [INFO] (/home/meteo/dev/redist/fwidbmgr/include/Grid.h:1695) Grid isi configured.
2015-12-31 05:12:13,361 null [INFO] (/home/meteo/dev/redist/fwidbmgr/include/Grid.h:1595) Configuring grid: fwi
2015-12-31 05:12:13,361 null [INFO] (/home/meteo/dev/redist/fwidbmgr/include/Grid.h:1695) Grid fwi configured.
2015-12-31 05:12:13,362 null [INFO] (/home/meteo/dev/redist/fwidbmgr/include/Grid.h:1595) Configuring grid: ffmc
2015-12-31 05:12:13,362 null [INFO] (/home/meteo/dev/redist/fwidbmgr/include/Grid.h:1695) Grid ffmc configured.
2015-12-31 05:12:13,364 null [INFO] (/home/meteo/dev/redist/fwidbmgr/include/Grid.h:1595) Configuring grid: dmc
2015-12-31 05:12:13,364 null [INFO] (/home/meteo/dev/redist/fwidbmgr/include/Grid.h:1695) Grid dmc configured.
2015-12-31 05:12:13,365 null [INFO] (/home/meteo/dev/redist/fwidbmgr/include/Grid.h:1595) Configuring grid: dc
2015-12-31 05:12:13,365 null [INFO] (/home/meteo/dev/redist/fwidbmgr/include/Grid.h:1695) Grid dc configured.
2015-12-31 05:12:13,366 null [INFO] (/home/meteo/dev/redist/fwidbmgr/include/Grid.h:1595) Configuring grid: bui
2015-12-31 05:12:13,367 null [INFO] (/home/meteo/dev/redist/fwidbmgr/include/Grid.h:1695) Grid bui configured.
2015-12-31 05:12:13,368 null [INFO] (/home/meteo/dev/redist/fwidbmgr/include/Grid.h:1595) Configuring grid: ffmc_tmp
2015-12-31 05:12:13,368 null [INFO] (/home/meteo/dev/redist/fwidbmgr/include/Grid.h:1695) Grid ffmc_tmp configured.
2015-12-31 05:12:13,369 null [INFO] (/home/meteo/dev/redist/fwidbmgr/include/Grid.h:1595) Configuring grid: dmc_tmp
2015-12-31 05:12:13,370 null [INFO] (/home/meteo/dev/redist/fwidbmgr/include/Grid.h:1695) Grid dmc_tmp configured.
2015-12-31 05:12:13,371 null [INFO] (/home/meteo/dev/redist/fwidbmgr/include/Grid.h:1595) Configuring grid: dc_tmp
2015-12-31 05:12:13,371 null [INFO] (/home/meteo/dev/redist/fwidbmgr/include/Grid.h:1695) Grid dc_tmp configured.
2015-12-31 05:12:13,372 null [INFO] (/home/meteo/dev/redist/fwidbmgr/include/Grid.h:1595) Configuring grid: idi
2015-12-31 05:12:13,372 null [INFO] (/home/meteo/dev/redist/fwidbmgr/include/Grid.h:1695) Grid idi configured.
2015-12-31 05:12:13,374 null [INFO] (/home/meteo/dev/redist/fwidbmgr/include/Grid.h:1595) Configuring grid: angstrom
2015-12-31 05:12:13,374 null [INFO] (/home/meteo/dev/redist/fwidbmgr/include/Grid.h:1695) Grid angstrom configured.
2015-12-31 05:12:13,375 null [INFO] (/home/meteo/dev/redist/fwidbmgr/include/Grid.h:1595) Configuring grid: fmi
2015-12-31 05:12:13,375 null [INFO] (/home/meteo/dev/redist/fwidbmgr/include/Grid.h:1695) Grid fmi configured.
2015-12-31 05:12:13,377 null [INFO] (/home/meteo/dev/redist/fwidbmgr/include/Grid.h:1595) Configuring grid: sharples
2015-12-31 05:12:13,377 null [INFO] (/home/meteo/dev/redist/fwidbmgr/include/Grid.h:1695) Grid sharples configured.
2015-12-31 05:12:47,023 null [INFO] (/home/meteo/dev/redist/fwidbmgr/include/Grid.h:1595) Configuring grid: snow
2015-12-31 05:12:47,024 null [INFO] (/home/meteo/dev/redist/fwidbmgr/include/Grid.h:1695) Grid snow configured.
2015-12-31 05:12:47,024 null [INFO] (/home/meteo/dev/redist/fwidbmgr/include/Grid.h:1595) Configuring grid: snow_covering
2015-12-31 05:12:47,024 null [INFO] (/home/meteo/dev/redist/fwidbmgr/include/Grid.h:1695) Grid snow_covering configured.
2015-12-31 05:12:47,024 null [INFO] (/home/meteo/dev/redist/fwidbmgr/include/Grid.h:1595) Configuring grid: snow_dissolution
2015-12-31 05:12:47,024 null [INFO] (/home/meteo/dev/redist/fwidbmgr/include/Grid.h:1695) Grid snow_dissolution configured.
2015-12-31 05:12:47,024 null [INFO] (/home/meteo/dev/redist/fwidbmgr/include/Grid.h:1595) Configuring grid: temperature
2015-12-31 05:12:47,024 null [INFO] (/home/meteo/dev/redist/fwidbmgr/include/Grid.h:1695) Grid temperature configured.
2015-12-31 05:12:47,024 null [INFO] (/home/meteo/dev/redist/fwidbmgr/include/Grid.h:1595) Configuring grid: humidity
2015-12-31 05:12:47,024 null [INFO] (/home/meteo/dev/redist/fwidbmgr/include/Grid.h:1695) Grid humidity configured.
2015-12-31 05:12:47,024 null [INFO] (/home/meteo/dev/redist/fwidbmgr/include/Grid.h:1595) Configuring grid: windspeed
2015-12-31 05:12:47,025 null [INFO] (/home/meteo/dev/redist/fwidbmgr/include/Grid.h:1695) Grid windspeed configured.
2015-12-31 05:12:47,025 null [INFO] (/home/meteo/dev/redist/fwidbmgr/include/Grid.h:1595) Configuring grid: rain
2015-12-31 05:12:47,025 null [INFO] (/home/meteo/dev/redist/fwidbmgr/include/Grid.h:1695) Grid rain configured.
2015-12-31 05:12:47,025 null [INFO] (/home/meteo/dev/redist/fwidbmgr/include/Grid.h:1595) Configuring grid: cum_rain
2015-12-31 05:12:47,025 null [INFO] (/home/meteo/dev/redist/fwidbmgr/include/Grid.h:1695) Grid cum_rain configured.
2015-12-31 05:15:49,473 null [INFO] (../src/fwidbmgr.cpp:5466) OK --> 20151230 indexes computed.
2015-12-31 05:15:49,510 null [INFO] (../src/fwidbmgr.cpp:5496) action computeidx took about 216 seconds.
2015-12-31 05:15:49,510 null [INFO] (../src/fwidbmgr.cpp:5499) Disconnected from database.
2015-12-31 05:15:49,829 null [INFO] (../src/fwidbmgr.cpp:5207) fwi db manager
2015-12-31 05:15:49,829 null [INFO] (../src/fwidbmgr.cpp:5209) Program home: /home/meteo/dev/redist/fwidbmgr
2015-12-31 05:15:49,830 null [INFO] (../src/fwidbmgr.cpp:5211) Auto convert: 1
2015-12-31 05:15:49,830 null [INFO] (../src/fwidbmgr.cpp:458) action: exportidx.
2015-12-31 05:15:49,830 null [INFO] (../src/fwidbmgr.cpp:482) date: 20151230.
2015-12-31 05:15:49,830 null [INFO] (../src/fwidbmgr.cpp:319) Try to read: /home/meteo/dev/redist/fwidbmgr/config/fwidbmgr.conf.
2015-12-31 05:15:49,835 null [INFO] (../src/fwidbmgr.cpp:5240) Configuration parsing: OK.
2015-12-31 05:15:49,874 null [INFO] (../src/fwidbmgr.cpp:5322) Connected to database
2015-12-31 05:15:49,874 null [INFO] (../src/fwidbmgr.cpp:5323) Manage data for date: 20151230.
2015-12-31 05:15:49,874 null [INFO] (../src/fwidbmgr.cpp:5415) Exporting indexes.
2015-12-31 05:15:49,876 null [INFO] (/home/meteo/dev/redist/fwidbmgr/include/Grid.h:1595) Configuring grid: isi
2015-12-31 05:15:49,876 null [INFO] (/home/meteo/dev/redist/fwidbmgr/include/Grid.h:1695) Grid isi configured.
2015-12-31 05:15:49,878 null [INFO] (/home/meteo/dev/redist/fwidbmgr/include/Grid.h:1595) Configuring grid: fwi
2015-12-31 05:15:49,878 null [INFO] (/home/meteo/dev/redist/fwidbmgr/include/Grid.h:1695) Grid fwi configured.
2015-12-31 05:15:49,880 null [INFO] (/home/meteo/dev/redist/fwidbmgr/include/Grid.h:1595) Configuring grid: ffmc
2015-12-31 05:15:49,880 null [INFO] (/home/meteo/dev/redist/fwidbmgr/include/Grid.h:1695) Grid ffmc configured.
2015-12-31 05:15:49,881 null [INFO] (/home/meteo/dev/redist/fwidbmgr/include/Grid.h:1595) Configuring grid: dmc
2015-12-31 05:15:49,881 null [INFO] (/home/meteo/dev/redist/fwidbmgr/include/Grid.h:1695) Grid dmc configured.
2015-12-31 05:15:49,883 null [INFO] (/home/meteo/dev/redist/fwidbmgr/include/Grid.h:1595) Configuring grid: dc
2015-12-31 05:15:49,883 null [INFO] (/home/meteo/dev/redist/fwidbmgr/include/Grid.h:1695) Grid dc configured.
2015-12-31 05:15:49,885 null [INFO] (/home/meteo/dev/redist/fwidbmgr/include/Grid.h:1595) Configuring grid: bui
2015-12-31 05:15:49,885 null [INFO] (/home/meteo/dev/redist/fwidbmgr/include/Grid.h:1695) Grid bui configured.
2015-12-31 05:15:49,886 null [INFO] (/home/meteo/dev/redist/fwidbmgr/include/Grid.h:1595) Configuring grid: ffmc_tmp
2015-12-31 05:15:49,886 null [INFO] (/home/meteo/dev/redist/fwidbmgr/include/Grid.h:1695) Grid ffmc_tmp configured.
2015-12-31 05:15:49,888 null [INFO] (/home/meteo/dev/redist/fwidbmgr/include/Grid.h:1595) Configuring grid: dmc_tmp
2015-12-31 05:15:49,888 null [INFO] (/home/meteo/dev/redist/fwidbmgr/include/Grid.h:1695) Grid dmc_tmp configured.
2015-12-31 05:15:49,890 null [INFO] (/home/meteo/dev/redist/fwidbmgr/include/Grid.h:1595) Configuring grid: dc_tmp
2015-12-31 05:15:49,890 null [INFO] (/home/meteo/dev/redist/fwidbmgr/include/Grid.h:1695) Grid dc_tmp configured.
2015-12-31 05:15:49,891 null [INFO] (/home/meteo/dev/redist/fwidbmgr/include/Grid.h:1595) Configuring grid: idi
2015-12-31 05:15:49,892 null [INFO] (/home/meteo/dev/redist/fwidbmgr/include/Grid.h:1695) Grid idi configured.
2015-12-31 05:15:49,893 null [INFO] (/home/meteo/dev/redist/fwidbmgr/include/Grid.h:1595) Configuring grid: angstrom
2015-12-31 05:15:49,893 null [INFO] (/home/meteo/dev/redist/fwidbmgr/include/Grid.h:1695) Grid angstrom configured.
2015-12-31 05:15:49,895 null [INFO] (/home/meteo/dev/redist/fwidbmgr/include/Grid.h:1595) Configuring grid: fmi
2015-12-31 05:15:49,895 null [INFO] (/home/meteo/dev/redist/fwidbmgr/include/Grid.h:1695) Grid fmi configured.
2015-12-31 05:15:49,897 null [INFO] (/home/meteo/dev/redist/fwidbmgr/include/Grid.h:1595) Configuring grid: sharples
2015-12-31 05:15:49,897 null [INFO] (/home/meteo/dev/redist/fwidbmgr/include/Grid.h:1695) Grid sharples configured.
2015-12-31 05:16:13,877 null [INFO] (/home/meteo/dev/redist/fwidbmgr/include/Grid.h:1595) Configuring grid: isi
2015-12-31 05:16:13,878 null [INFO] (/home/meteo/dev/redist/fwidbmgr/include/Grid.h:1695) Grid isi configured.
2015-12-31 05:16:13,945 null [INFO] (/home/meteo/dev/redist/fwidbmgr/include/Grid.h:1595) Configuring grid: fwi
2015-12-31 05:16:13,945 null [INFO] (/home/meteo/dev/redist/fwidbmgr/include/Grid.h:1695) Grid fwi configured.
2015-12-31 05:16:13,988 null [INFO] (/home/meteo/dev/redist/fwidbmgr/include/Grid.h:1595) Configuring grid: ffmc
2015-12-31 05:16:13,988 null [INFO] (/home/meteo/dev/redist/fwidbmgr/include/Grid.h:1695) Grid ffmc configured.
2015-12-31 05:16:14,031 null [INFO] (/home/meteo/dev/redist/fwidbmgr/include/Grid.h:1595) Configuring grid: dmc
2015-12-31 05:16:14,031 null [INFO] (/home/meteo/dev/redist/fwidbmgr/include/Grid.h:1695) Grid dmc configured.
2015-12-31 05:16:14,073 null [INFO] (/home/meteo/dev/redist/fwidbmgr/include/Grid.h:1595) Configuring grid: dc
2015-12-31 05:16:14,073 null [INFO] (/home/meteo/dev/redist/fwidbmgr/include/Grid.h:1695) Grid dc configured.
2015-12-31 05:16:14,115 null [INFO] (/home/meteo/dev/redist/fwidbmgr/include/Grid.h:1595) Configuring grid: bui
2015-12-31 05:16:14,116 null [INFO] (/home/meteo/dev/redist/fwidbmgr/include/Grid.h:1695) Grid bui configured.
2015-12-31 05:16:14,161 null [INFO] (/home/meteo/dev/redist/fwidbmgr/include/Grid.h:1595) Configuring grid: ffmc_tmp
2015-12-31 05:16:14,161 null [INFO] (/home/meteo/dev/redist/fwidbmgr/include/Grid.h:1695) Grid ffmc_tmp configured.
2015-12-31 05:16:14,204 null [INFO] (/home/meteo/dev/redist/fwidbmgr/include/Grid.h:1595) Configuring grid: dmc_tmp
2015-12-31 05:16:14,205 null [INFO] (/home/meteo/dev/redist/fwidbmgr/include/Grid.h:1695) Grid dmc_tmp configured.
2015-12-31 05:16:14,242 null [INFO] (/home/meteo/dev/redist/fwidbmgr/include/Grid.h:1595) Configuring grid: dc_tmp
2015-12-31 05:16:14,242 null [INFO] (/home/meteo/dev/redist/fwidbmgr/include/Grid.h:1695) Grid dc_tmp configured.
2015-12-31 05:16:14,280 null [INFO] (/home/meteo/dev/redist/fwidbmgr/include/Grid.h:1595) Configuring grid: angstrom
2015-12-31 05:16:14,280 null [INFO] (/home/meteo/dev/redist/fwidbmgr/include/Grid.h:1695) Grid angstrom configured.
2015-12-31 05:16:14,353 null [INFO] (/home/meteo/dev/redist/fwidbmgr/include/Grid.h:1595) Configuring grid: sharples
2015-12-31 05:16:14,353 null [INFO] (/home/meteo/dev/redist/fwidbmgr/include/Grid.h:1695) Grid sharples configured.
2015-12-31 05:16:14,409 null [INFO] (/home/meteo/dev/redist/fwidbmgr/include/Grid.h:1595) Configuring grid: fmi
2015-12-31 05:16:14,409 null [INFO] (/home/meteo/dev/redist/fwidbmgr/include/Grid.h:1695) Grid fmi configured.
2015-12-31 05:16:14,452 null [INFO] (../src/fwidbmgr.cpp:5418) OK --> 20151230 indexes exported to files.
2015-12-31 05:16:14,452 null [INFO] (../src/fwidbmgr.cpp:5496) action exportidx took about 25 seconds.
2015-12-31 05:16:14,452 null [INFO] (../src/fwidbmgr.cpp:5499) Disconnected from database.
