2019-09-30 05:05:03,819 null [INFO] (../src/fwidbmgr.cpp:5361) fwi db manager
2019-09-30 05:05:03,819 null [INFO] (../src/fwidbmgr.cpp:5365) Program home: /home/meteo/dev/redist/fwidbmgr
2019-09-30 05:05:03,819 null [INFO] (../src/fwidbmgr.cpp:5369) Auto convert: 1
2019-09-30 05:05:03,819 null [INFO] (../src/fwidbmgr.cpp:446) action: in.
2019-09-30 05:05:03,819 null [INFO] (../src/fwidbmgr.cpp:470) date: 20190929.
2019-09-30 05:05:03,819 null [INFO] (../src/fwidbmgr.cpp:322) Try to read: /home/meteo/dev/redist/fwidbmgr/config/fwidbmgr.conf.
2019-09-30 05:05:03,822 null [INFO] (../src/fwidbmgr.cpp:5393) Configuration parsing: OK.
2019-09-30 05:05:03,831 null [INFO] (../src/fwidbmgr.cpp:5478) Connected to database
2019-09-30 05:05:03,831 null [INFO] (../src/fwidbmgr.cpp:5480) Manage data for date: 20190929.
2019-09-30 05:05:03,831 null [INFO] (../src/fwidbmgr.cpp:5536) Importing meteo data in database for day: 20190929.
2019-09-30 05:05:03,839 null [INFO] (/home/meteo/dev/redist/fwidbmgr/include/Grid.h:1595) Configuring grid: snow
2019-09-30 05:05:03,839 null [INFO] (/home/meteo/dev/redist/fwidbmgr/include/Grid.h:1695) Grid snow configured.
2019-09-30 05:05:03,847 null [INFO] (/home/meteo/dev/redist/fwidbmgr/include/Grid.h:1595) Configuring grid: snow_covering
2019-09-30 05:05:03,847 null [INFO] (/home/meteo/dev/redist/fwidbmgr/include/Grid.h:1695) Grid snow_covering configured.
2019-09-30 05:05:03,856 null [INFO] (/home/meteo/dev/redist/fwidbmgr/include/Grid.h:1595) Configuring grid: snow_dissolution
2019-09-30 05:05:03,856 null [INFO] (/home/meteo/dev/redist/fwidbmgr/include/Grid.h:1695) Grid snow_dissolution configured.
2019-09-30 05:05:03,878 null [INFO] (/home/meteo/dev/redist/fwidbmgr/include/Grid.h:1595) Configuring grid: temperature
2019-09-30 05:05:03,878 null [INFO] (/home/meteo/dev/redist/fwidbmgr/include/Grid.h:1695) Grid temperature configured.
2019-09-30 05:05:03,880 null [INFO] (/home/meteo/dev/redist/fwidbmgr/include/Grid.h:1595) Configuring grid: humidity
2019-09-30 05:05:03,880 null [INFO] (/home/meteo/dev/redist/fwidbmgr/include/Grid.h:1695) Grid humidity configured.
2019-09-30 05:05:03,882 null [INFO] (/home/meteo/dev/redist/fwidbmgr/include/Grid.h:1595) Configuring grid: windspeed
2019-09-30 05:05:03,883 null [INFO] (/home/meteo/dev/redist/fwidbmgr/include/Grid.h:1695) Grid windspeed configured.
2019-09-30 05:05:03,888 null [INFO] (/home/meteo/dev/redist/fwidbmgr/include/Grid.h:1595) Configuring grid: rain
2019-09-30 05:05:03,888 null [INFO] (/home/meteo/dev/redist/fwidbmgr/include/Grid.h:1695) Grid rain configured.
2019-09-30 05:05:03,891 null [INFO] (/home/meteo/dev/redist/fwidbmgr/include/Grid.h:1595) Configuring grid: cum_rain
2019-09-30 05:05:03,891 null [INFO] (/home/meteo/dev/redist/fwidbmgr/include/Grid.h:1695) Grid cum_rain configured.
2019-09-30 05:05:13,632 null [INFO] (../src/fwidbmgr.cpp:1518) Storing meteo input ...
2019-09-30 05:05:28,169 null [INFO] (../src/fwidbmgr.cpp:5540) OK --> 20190929 data imported.
2019-09-30 05:05:28,176 null [INFO] (../src/fwidbmgr.cpp:5695) action in took about 25 seconds.
2019-09-30 05:05:28,209 null [INFO] (../src/fwidbmgr.cpp:5699) Disconnected from database.
2019-09-30 05:06:04,879 null [INFO] (../src/fwidbmgr.cpp:5361) fwi db manager
2019-09-30 05:06:04,879 null [INFO] (../src/fwidbmgr.cpp:5365) Program home: /home/meteo/dev/redist/fwidbmgr
2019-09-30 05:06:04,879 null [INFO] (../src/fwidbmgr.cpp:5369) Auto convert: 1
2019-09-30 05:06:04,879 null [INFO] (../src/fwidbmgr.cpp:446) action: out.
2019-09-30 05:06:04,879 null [INFO] (../src/fwidbmgr.cpp:470) date: 20190929.
2019-09-30 05:06:04,879 null [INFO] (../src/fwidbmgr.cpp:322) Try to read: /home/meteo/dev/redist/fwidbmgr/config/fwidbmgr.conf.
2019-09-30 05:06:04,881 null [INFO] (../src/fwidbmgr.cpp:5393) Configuration parsing: OK.
2019-09-30 05:06:04,882 null [INFO] (../src/fwidbmgr.cpp:5478) Connected to database
2019-09-30 05:06:04,882 null [INFO] (../src/fwidbmgr.cpp:5480) Manage data for date: 20190929.
2019-09-30 05:06:04,883 null [INFO] (../src/fwidbmgr.cpp:5551) Importing fwi indexes data in database for day: 20190929.
2019-09-30 05:06:04,885 null [INFO] (/home/meteo/dev/redist/fwidbmgr/include/Grid.h:1595) Configuring grid: isi
2019-09-30 05:06:04,885 null [INFO] (/home/meteo/dev/redist/fwidbmgr/include/Grid.h:1695) Grid isi configured.
2019-09-30 05:06:04,893 null [INFO] (/home/meteo/dev/redist/fwidbmgr/include/Grid.h:1595) Configuring grid: fwi
2019-09-30 05:06:04,893 null [INFO] (/home/meteo/dev/redist/fwidbmgr/include/Grid.h:1695) Grid fwi configured.
2019-09-30 05:06:04,900 null [INFO] (/home/meteo/dev/redist/fwidbmgr/include/Grid.h:1595) Configuring grid: ffmc
2019-09-30 05:06:04,900 null [INFO] (/home/meteo/dev/redist/fwidbmgr/include/Grid.h:1695) Grid ffmc configured.
2019-09-30 05:06:04,909 null [INFO] (/home/meteo/dev/redist/fwidbmgr/include/Grid.h:1595) Configuring grid: dmc
2019-09-30 05:06:04,909 null [INFO] (/home/meteo/dev/redist/fwidbmgr/include/Grid.h:1695) Grid dmc configured.
2019-09-30 05:06:04,917 null [INFO] (/home/meteo/dev/redist/fwidbmgr/include/Grid.h:1595) Configuring grid: dc
2019-09-30 05:06:04,917 null [INFO] (/home/meteo/dev/redist/fwidbmgr/include/Grid.h:1695) Grid dc configured.
2019-09-30 05:06:04,925 null [INFO] (/home/meteo/dev/redist/fwidbmgr/include/Grid.h:1595) Configuring grid: bui
2019-09-30 05:06:04,925 null [INFO] (/home/meteo/dev/redist/fwidbmgr/include/Grid.h:1695) Grid bui configured.
2019-09-30 05:06:04,932 null [INFO] (/home/meteo/dev/redist/fwidbmgr/include/Grid.h:1595) Configuring grid: ffmc_tmp
2019-09-30 05:06:04,932 null [INFO] (/home/meteo/dev/redist/fwidbmgr/include/Grid.h:1695) Grid ffmc_tmp configured.
2019-09-30 05:06:04,946 null [INFO] (/home/meteo/dev/redist/fwidbmgr/include/Grid.h:1595) Configuring grid: dmc_tmp
2019-09-30 05:06:04,946 null [INFO] (/home/meteo/dev/redist/fwidbmgr/include/Grid.h:1695) Grid dmc_tmp configured.
2019-09-30 05:06:04,961 null [INFO] (/home/meteo/dev/redist/fwidbmgr/include/Grid.h:1595) Configuring grid: dc_tmp
2019-09-30 05:06:04,961 null [INFO] (/home/meteo/dev/redist/fwidbmgr/include/Grid.h:1695) Grid dc_tmp configured.
2019-09-30 05:06:04,972 null [INFO] (/home/meteo/dev/redist/fwidbmgr/include/Grid.h:1595) Configuring grid: idi
2019-09-30 05:06:04,972 null [INFO] (/home/meteo/dev/redist/fwidbmgr/include/Grid.h:1695) Grid idi configured.
2019-09-30 05:06:12,567 null [INFO] (../src/fwidbmgr.cpp:2081) Storing FWI indexes ...
2019-09-30 05:06:23,641 null [INFO] (../src/fwidbmgr.cpp:5555) OK --> 20190929 data imported.
2019-09-30 05:06:23,642 null [INFO] (../src/fwidbmgr.cpp:5695) action out took about 19 seconds.
2019-09-30 05:06:23,642 null [INFO] (../src/fwidbmgr.cpp:5699) Disconnected from database.
2019-09-30 05:06:23,745 null [INFO] (../src/fwidbmgr.cpp:5361) fwi db manager
2019-09-30 05:06:23,746 null [INFO] (../src/fwidbmgr.cpp:5365) Program home: /home/meteo/dev/redist/fwidbmgr
2019-09-30 05:06:23,746 null [INFO] (../src/fwidbmgr.cpp:5369) Auto convert: 1
2019-09-30 05:06:23,746 null [INFO] (../src/fwidbmgr.cpp:446) action: computeidx.
2019-09-30 05:06:23,746 null [INFO] (../src/fwidbmgr.cpp:470) date: 20190929.
2019-09-30 05:06:23,746 null [INFO] (../src/fwidbmgr.cpp:322) Try to read: /home/meteo/dev/redist/fwidbmgr/config/fwidbmgr.conf.
2019-09-30 05:06:23,747 null [INFO] (../src/fwidbmgr.cpp:5393) Configuration parsing: OK.
2019-09-30 05:06:23,752 null [INFO] (../src/fwidbmgr.cpp:5478) Connected to database
2019-09-30 05:06:23,752 null [INFO] (../src/fwidbmgr.cpp:5480) Manage data for date: 20190929.
2019-09-30 05:06:23,752 null [INFO] (../src/fwidbmgr.cpp:5656) Computing indexes.
2019-09-30 05:06:23,756 null [INFO] (/home/meteo/dev/redist/fwidbmgr/include/Grid.h:1595) Configuring grid: isi
2019-09-30 05:06:23,756 null [INFO] (/home/meteo/dev/redist/fwidbmgr/include/Grid.h:1695) Grid isi configured.
2019-09-30 05:06:23,758 null [INFO] (/home/meteo/dev/redist/fwidbmgr/include/Grid.h:1595) Configuring grid: fwi
2019-09-30 05:06:23,758 null [INFO] (/home/meteo/dev/redist/fwidbmgr/include/Grid.h:1695) Grid fwi configured.
2019-09-30 05:06:23,759 null [INFO] (/home/meteo/dev/redist/fwidbmgr/include/Grid.h:1595) Configuring grid: ffmc
2019-09-30 05:06:23,759 null [INFO] (/home/meteo/dev/redist/fwidbmgr/include/Grid.h:1695) Grid ffmc configured.
2019-09-30 05:06:23,761 null [INFO] (/home/meteo/dev/redist/fwidbmgr/include/Grid.h:1595) Configuring grid: dmc
2019-09-30 05:06:23,761 null [INFO] (/home/meteo/dev/redist/fwidbmgr/include/Grid.h:1695) Grid dmc configured.
2019-09-30 05:06:23,762 null [INFO] (/home/meteo/dev/redist/fwidbmgr/include/Grid.h:1595) Configuring grid: dc
2019-09-30 05:06:23,762 null [INFO] (/home/meteo/dev/redist/fwidbmgr/include/Grid.h:1695) Grid dc configured.
2019-09-30 05:06:23,763 null [INFO] (/home/meteo/dev/redist/fwidbmgr/include/Grid.h:1595) Configuring grid: bui
2019-09-30 05:06:23,764 null [INFO] (/home/meteo/dev/redist/fwidbmgr/include/Grid.h:1695) Grid bui configured.
2019-09-30 05:06:23,765 null [INFO] (/home/meteo/dev/redist/fwidbmgr/include/Grid.h:1595) Configuring grid: ffmc_tmp
2019-09-30 05:06:23,765 null [INFO] (/home/meteo/dev/redist/fwidbmgr/include/Grid.h:1695) Grid ffmc_tmp configured.
2019-09-30 05:06:23,768 null [INFO] (/home/meteo/dev/redist/fwidbmgr/include/Grid.h:1595) Configuring grid: dmc_tmp
2019-09-30 05:06:23,769 null [INFO] (/home/meteo/dev/redist/fwidbmgr/include/Grid.h:1695) Grid dmc_tmp configured.
2019-09-30 05:06:23,772 null [INFO] (/home/meteo/dev/redist/fwidbmgr/include/Grid.h:1595) Configuring grid: dc_tmp
2019-09-30 05:06:23,772 null [INFO] (/home/meteo/dev/redist/fwidbmgr/include/Grid.h:1695) Grid dc_tmp configured.
2019-09-30 05:06:23,776 null [INFO] (/home/meteo/dev/redist/fwidbmgr/include/Grid.h:1595) Configuring grid: idi
2019-09-30 05:06:23,776 null [INFO] (/home/meteo/dev/redist/fwidbmgr/include/Grid.h:1695) Grid idi configured.
2019-09-30 05:06:23,777 null [INFO] (/home/meteo/dev/redist/fwidbmgr/include/Grid.h:1595) Configuring grid: angstrom
2019-09-30 05:06:23,777 null [INFO] (/home/meteo/dev/redist/fwidbmgr/include/Grid.h:1695) Grid angstrom configured.
2019-09-30 05:06:23,778 null [INFO] (/home/meteo/dev/redist/fwidbmgr/include/Grid.h:1595) Configuring grid: fmi
2019-09-30 05:06:23,778 null [INFO] (/home/meteo/dev/redist/fwidbmgr/include/Grid.h:1695) Grid fmi configured.
2019-09-30 05:06:23,780 null [INFO] (/home/meteo/dev/redist/fwidbmgr/include/Grid.h:1595) Configuring grid: sharples
2019-09-30 05:06:23,780 null [INFO] (/home/meteo/dev/redist/fwidbmgr/include/Grid.h:1695) Grid sharples configured.
2019-09-30 05:06:29,109 null [INFO] (/home/meteo/dev/redist/fwidbmgr/include/Grid.h:1595) Configuring grid: snow
2019-09-30 05:06:29,110 null [INFO] (/home/meteo/dev/redist/fwidbmgr/include/Grid.h:1695) Grid snow configured.
2019-09-30 05:06:29,110 null [INFO] (/home/meteo/dev/redist/fwidbmgr/include/Grid.h:1595) Configuring grid: snow_covering
2019-09-30 05:06:29,110 null [INFO] (/home/meteo/dev/redist/fwidbmgr/include/Grid.h:1695) Grid snow_covering configured.
2019-09-30 05:06:29,110 null [INFO] (/home/meteo/dev/redist/fwidbmgr/include/Grid.h:1595) Configuring grid: snow_dissolution
2019-09-30 05:06:29,110 null [INFO] (/home/meteo/dev/redist/fwidbmgr/include/Grid.h:1695) Grid snow_dissolution configured.
2019-09-30 05:06:29,110 null [INFO] (/home/meteo/dev/redist/fwidbmgr/include/Grid.h:1595) Configuring grid: temperature
2019-09-30 05:06:29,110 null [INFO] (/home/meteo/dev/redist/fwidbmgr/include/Grid.h:1695) Grid temperature configured.
2019-09-30 05:06:29,110 null [INFO] (/home/meteo/dev/redist/fwidbmgr/include/Grid.h:1595) Configuring grid: humidity
2019-09-30 05:06:29,110 null [INFO] (/home/meteo/dev/redist/fwidbmgr/include/Grid.h:1695) Grid humidity configured.
2019-09-30 05:06:29,110 null [INFO] (/home/meteo/dev/redist/fwidbmgr/include/Grid.h:1595) Configuring grid: windspeed
2019-09-30 05:06:29,110 null [INFO] (/home/meteo/dev/redist/fwidbmgr/include/Grid.h:1695) Grid windspeed configured.
2019-09-30 05:06:29,110 null [INFO] (/home/meteo/dev/redist/fwidbmgr/include/Grid.h:1595) Configuring grid: rain
2019-09-30 05:06:29,110 null [INFO] (/home/meteo/dev/redist/fwidbmgr/include/Grid.h:1695) Grid rain configured.
2019-09-30 05:06:29,110 null [INFO] (/home/meteo/dev/redist/fwidbmgr/include/Grid.h:1595) Configuring grid: cum_rain
2019-09-30 05:06:29,110 null [INFO] (/home/meteo/dev/redist/fwidbmgr/include/Grid.h:1695) Grid cum_rain configured.
2019-09-30 05:07:43,258 null [INFO] (../src/fwidbmgr.cpp:5660) OK --> 20190929 indexes computed.
2019-09-30 05:07:43,260 null [INFO] (../src/fwidbmgr.cpp:5695) action computeidx took about 80 seconds.
2019-09-30 05:07:43,260 null [INFO] (../src/fwidbmgr.cpp:5699) Disconnected from database.
2019-09-30 05:07:43,371 null [INFO] (../src/fwidbmgr.cpp:5361) fwi db manager
2019-09-30 05:07:43,371 null [INFO] (../src/fwidbmgr.cpp:5365) Program home: /home/meteo/dev/redist/fwidbmgr
2019-09-30 05:07:43,371 null [INFO] (../src/fwidbmgr.cpp:5369) Auto convert: 1
2019-09-30 05:07:43,371 null [INFO] (../src/fwidbmgr.cpp:446) action: exportidx.
2019-09-30 05:07:43,371 null [INFO] (../src/fwidbmgr.cpp:470) date: 20190929.
2019-09-30 05:07:43,371 null [INFO] (../src/fwidbmgr.cpp:322) Try to read: /home/meteo/dev/redist/fwidbmgr/config/fwidbmgr.conf.
2019-09-30 05:07:43,373 null [INFO] (../src/fwidbmgr.cpp:5393) Configuration parsing: OK.
2019-09-30 05:07:43,395 null [INFO] (../src/fwidbmgr.cpp:5478) Connected to database
2019-09-30 05:07:43,395 null [INFO] (../src/fwidbmgr.cpp:5480) Manage data for date: 20190929.
2019-09-30 05:07:43,395 null [INFO] (../src/fwidbmgr.cpp:5596) Exporting indexes.
2019-09-30 05:07:43,399 null [INFO] (/home/meteo/dev/redist/fwidbmgr/include/Grid.h:1595) Configuring grid: isi
2019-09-30 05:07:43,399 null [INFO] (/home/meteo/dev/redist/fwidbmgr/include/Grid.h:1695) Grid isi configured.
2019-09-30 05:07:43,402 null [INFO] (/home/meteo/dev/redist/fwidbmgr/include/Grid.h:1595) Configuring grid: fwi
2019-09-30 05:07:43,402 null [INFO] (/home/meteo/dev/redist/fwidbmgr/include/Grid.h:1695) Grid fwi configured.
2019-09-30 05:07:43,405 null [INFO] (/home/meteo/dev/redist/fwidbmgr/include/Grid.h:1595) Configuring grid: ffmc
2019-09-30 05:07:43,405 null [INFO] (/home/meteo/dev/redist/fwidbmgr/include/Grid.h:1695) Grid ffmc configured.
2019-09-30 05:07:43,408 null [INFO] (/home/meteo/dev/redist/fwidbmgr/include/Grid.h:1595) Configuring grid: dmc
2019-09-30 05:07:43,408 null [INFO] (/home/meteo/dev/redist/fwidbmgr/include/Grid.h:1695) Grid dmc configured.
2019-09-30 05:07:43,409 null [INFO] (/home/meteo/dev/redist/fwidbmgr/include/Grid.h:1595) Configuring grid: dc
2019-09-30 05:07:43,409 null [INFO] (/home/meteo/dev/redist/fwidbmgr/include/Grid.h:1695) Grid dc configured.
2019-09-30 05:07:43,410 null [INFO] (/home/meteo/dev/redist/fwidbmgr/include/Grid.h:1595) Configuring grid: bui
2019-09-30 05:07:43,410 null [INFO] (/home/meteo/dev/redist/fwidbmgr/include/Grid.h:1695) Grid bui configured.
2019-09-30 05:07:43,411 null [INFO] (/home/meteo/dev/redist/fwidbmgr/include/Grid.h:1595) Configuring grid: ffmc_tmp
2019-09-30 05:07:43,411 null [INFO] (/home/meteo/dev/redist/fwidbmgr/include/Grid.h:1695) Grid ffmc_tmp configured.
2019-09-30 05:07:43,412 null [INFO] (/home/meteo/dev/redist/fwidbmgr/include/Grid.h:1595) Configuring grid: dmc_tmp
2019-09-30 05:07:43,412 null [INFO] (/home/meteo/dev/redist/fwidbmgr/include/Grid.h:1695) Grid dmc_tmp configured.
2019-09-30 05:07:43,413 null [INFO] (/home/meteo/dev/redist/fwidbmgr/include/Grid.h:1595) Configuring grid: dc_tmp
2019-09-30 05:07:43,413 null [INFO] (/home/meteo/dev/redist/fwidbmgr/include/Grid.h:1695) Grid dc_tmp configured.
2019-09-30 05:07:43,414 null [INFO] (/home/meteo/dev/redist/fwidbmgr/include/Grid.h:1595) Configuring grid: idi
2019-09-30 05:07:43,414 null [INFO] (/home/meteo/dev/redist/fwidbmgr/include/Grid.h:1695) Grid idi configured.
2019-09-30 05:07:43,415 null [INFO] (/home/meteo/dev/redist/fwidbmgr/include/Grid.h:1595) Configuring grid: angstrom
2019-09-30 05:07:43,415 null [INFO] (/home/meteo/dev/redist/fwidbmgr/include/Grid.h:1695) Grid angstrom configured.
2019-09-30 05:07:43,416 null [INFO] (/home/meteo/dev/redist/fwidbmgr/include/Grid.h:1595) Configuring grid: fmi
2019-09-30 05:07:43,416 null [INFO] (/home/meteo/dev/redist/fwidbmgr/include/Grid.h:1695) Grid fmi configured.
2019-09-30 05:07:43,417 null [INFO] (/home/meteo/dev/redist/fwidbmgr/include/Grid.h:1595) Configuring grid: sharples
2019-09-30 05:07:43,417 null [INFO] (/home/meteo/dev/redist/fwidbmgr/include/Grid.h:1695) Grid sharples configured.
2019-09-30 05:07:47,307 null [INFO] (/home/meteo/dev/redist/fwidbmgr/include/Grid.h:1595) Configuring grid: isi
2019-09-30 05:07:47,308 null [INFO] (/home/meteo/dev/redist/fwidbmgr/include/Grid.h:1695) Grid isi configured.
2019-09-30 05:07:47,329 null [INFO] (/home/meteo/dev/redist/fwidbmgr/include/Grid.h:1595) Configuring grid: fwi
2019-09-30 05:07:47,330 null [INFO] (/home/meteo/dev/redist/fwidbmgr/include/Grid.h:1695) Grid fwi configured.
2019-09-30 05:07:47,350 null [INFO] (/home/meteo/dev/redist/fwidbmgr/include/Grid.h:1595) Configuring grid: ffmc
2019-09-30 05:07:47,350 null [INFO] (/home/meteo/dev/redist/fwidbmgr/include/Grid.h:1695) Grid ffmc configured.
2019-09-30 05:07:47,370 null [INFO] (/home/meteo/dev/redist/fwidbmgr/include/Grid.h:1595) Configuring grid: dmc
2019-09-30 05:07:47,370 null [INFO] (/home/meteo/dev/redist/fwidbmgr/include/Grid.h:1695) Grid dmc configured.
2019-09-30 05:07:47,390 null [INFO] (/home/meteo/dev/redist/fwidbmgr/include/Grid.h:1595) Configuring grid: dc
2019-09-30 05:07:47,390 null [INFO] (/home/meteo/dev/redist/fwidbmgr/include/Grid.h:1695) Grid dc configured.
2019-09-30 05:07:47,411 null [INFO] (/home/meteo/dev/redist/fwidbmgr/include/Grid.h:1595) Configuring grid: bui
2019-09-30 05:07:47,411 null [INFO] (/home/meteo/dev/redist/fwidbmgr/include/Grid.h:1695) Grid bui configured.
2019-09-30 05:07:47,438 null [INFO] (/home/meteo/dev/redist/fwidbmgr/include/Grid.h:1595) Configuring grid: ffmc_tmp
2019-09-30 05:07:47,438 null [INFO] (/home/meteo/dev/redist/fwidbmgr/include/Grid.h:1695) Grid ffmc_tmp configured.
2019-09-30 05:07:47,465 null [INFO] (/home/meteo/dev/redist/fwidbmgr/include/Grid.h:1595) Configuring grid: dmc_tmp
2019-09-30 05:07:47,465 null [INFO] (/home/meteo/dev/redist/fwidbmgr/include/Grid.h:1695) Grid dmc_tmp configured.
2019-09-30 05:07:47,495 null [INFO] (/home/meteo/dev/redist/fwidbmgr/include/Grid.h:1595) Configuring grid: dc_tmp
2019-09-30 05:07:47,495 null [INFO] (/home/meteo/dev/redist/fwidbmgr/include/Grid.h:1695) Grid dc_tmp configured.
2019-09-30 05:07:47,515 null [INFO] (/home/meteo/dev/redist/fwidbmgr/include/Grid.h:1595) Configuring grid: angstrom
2019-09-30 05:07:47,515 null [INFO] (/home/meteo/dev/redist/fwidbmgr/include/Grid.h:1695) Grid angstrom configured.
2019-09-30 05:07:47,538 null [INFO] (/home/meteo/dev/redist/fwidbmgr/include/Grid.h:1595) Configuring grid: sharples
2019-09-30 05:07:47,538 null [INFO] (/home/meteo/dev/redist/fwidbmgr/include/Grid.h:1695) Grid sharples configured.
2019-09-30 05:07:47,559 null [INFO] (/home/meteo/dev/redist/fwidbmgr/include/Grid.h:1595) Configuring grid: fmi
2019-09-30 05:07:47,559 null [INFO] (/home/meteo/dev/redist/fwidbmgr/include/Grid.h:1695) Grid fmi configured.
2019-09-30 05:07:47,579 null [INFO] (../src/fwidbmgr.cpp:5600) OK --> 20190929 indexes exported to files.
2019-09-30 05:07:47,579 null [INFO] (../src/fwidbmgr.cpp:5695) action exportidx took about 4 seconds.
2019-09-30 05:07:47,579 null [INFO] (../src/fwidbmgr.cpp:5699) Disconnected from database.
2019-09-30 05:08:01,929 null [INFO] (../src/fwidbmgr.cpp:5361) fwi db manager
2019-09-30 05:08:01,930 null [INFO] (../src/fwidbmgr.cpp:5365) Program home: /home/meteo/dev/redist/fwidbmgr
2019-09-30 05:08:01,930 null [INFO] (../src/fwidbmgr.cpp:5369) Auto convert: 1
2019-09-30 05:08:01,930 null [INFO] (../src/fwidbmgr.cpp:446) action: outimg.
2019-09-30 05:08:01,930 null [INFO] (../src/fwidbmgr.cpp:470) date: 20190929.
2019-09-30 05:08:01,930 null [INFO] (../src/fwidbmgr.cpp:322) Try to read: /home/meteo/dev/redist/fwidbmgr/config/fwidbmgr.conf.
2019-09-30 05:08:01,932 null [INFO] (../src/fwidbmgr.cpp:5393) Configuration parsing: OK.
2019-09-30 05:08:01,934 null [INFO] (../src/fwidbmgr.cpp:5478) Connected to database
2019-09-30 05:08:01,934 null [INFO] (../src/fwidbmgr.cpp:5480) Manage data for date: 20190929.
2019-09-30 05:08:01,934 null [INFO] (../src/fwidbmgr.cpp:5566) Importing fwi indexes images in database.
2019-09-30 05:08:02,041 null [INFO] (../src/fwidbmgr.cpp:5570) OK --> 20190929 images imported.
2019-09-30 05:08:02,041 null [INFO] (../src/fwidbmgr.cpp:5695) action outimg took about 1 seconds.
2019-09-30 05:08:02,041 null [INFO] (../src/fwidbmgr.cpp:5699) Disconnected from database.
2019-09-30 05:37:01,081 null [INFO] (../src/fwidbmgr.cpp:5361) fwi db manager
2019-09-30 05:37:01,081 null [INFO] (../src/fwidbmgr.cpp:5365) Program home: /home/meteo/dev/redist/fwidbmgr
2019-09-30 05:37:01,081 null [INFO] (../src/fwidbmgr.cpp:5369) Auto convert: 1
2019-09-30 05:37:01,081 null [INFO] (../src/fwidbmgr.cpp:446) action: outimg.
2019-09-30 05:37:01,081 null [INFO] (../src/fwidbmgr.cpp:470) date: 20190929.
2019-09-30 05:37:01,081 null [INFO] (../src/fwidbmgr.cpp:322) Try to read: /home/meteo/dev/redist/fwidbmgr/config/fwidbmgr.conf.
2019-09-30 05:37:01,082 null [INFO] (../src/fwidbmgr.cpp:5393) Configuration parsing: OK.
2019-09-30 05:37:01,086 null [INFO] (../src/fwidbmgr.cpp:5478) Connected to database
2019-09-30 05:37:01,086 null [INFO] (../src/fwidbmgr.cpp:5480) Manage data for date: 20190929.
2019-09-30 05:37:01,087 null [INFO] (../src/fwidbmgr.cpp:5566) Importing fwi indexes images in database.
2019-09-30 05:37:01,132 null [INFO] (../src/fwidbmgr.cpp:5570) OK --> 20190929 images imported.
2019-09-30 05:37:01,133 null [INFO] (../src/fwidbmgr.cpp:5695) action outimg took about 0 seconds.
2019-09-30 05:37:01,133 null [INFO] (../src/fwidbmgr.cpp:5699) Disconnected from database.
2019-09-30 06:05:01,240 null [INFO] (../src/fwidbmgr.cpp:5361) fwi db manager
2019-09-30 06:05:01,240 null [INFO] (../src/fwidbmgr.cpp:5365) Program home: /home/meteo/dev/redist/fwidbmgr
2019-09-30 06:05:01,241 null [INFO] (../src/fwidbmgr.cpp:5369) Auto convert: 1
2019-09-30 06:05:01,241 null [INFO] (../src/fwidbmgr.cpp:446) action: outimg.
2019-09-30 06:05:01,241 null [INFO] (../src/fwidbmgr.cpp:470) date: 20190929.
2019-09-30 06:05:01,241 null [INFO] (../src/fwidbmgr.cpp:322) Try to read: /home/meteo/dev/redist/fwidbmgr/config/fwidbmgr.conf.
2019-09-30 06:05:01,242 null [INFO] (../src/fwidbmgr.cpp:5393) Configuration parsing: OK.
2019-09-30 06:05:01,245 null [INFO] (../src/fwidbmgr.cpp:5478) Connected to database
2019-09-30 06:05:01,245 null [INFO] (../src/fwidbmgr.cpp:5480) Manage data for date: 20190929.
2019-09-30 06:05:01,245 null [INFO] (../src/fwidbmgr.cpp:5566) Importing fwi indexes images in database.
2019-09-30 06:05:01,282 null [INFO] (../src/fwidbmgr.cpp:5570) OK --> 20190929 images imported.
2019-09-30 06:05:01,282 null [INFO] (../src/fwidbmgr.cpp:5695) action outimg took about 0 seconds.
2019-09-30 06:05:01,283 null [INFO] (../src/fwidbmgr.cpp:5699) Disconnected from database.
2019-09-30 06:37:01,385 null [INFO] (../src/fwidbmgr.cpp:5361) fwi db manager
2019-09-30 06:37:01,385 null [INFO] (../src/fwidbmgr.cpp:5365) Program home: /home/meteo/dev/redist/fwidbmgr
2019-09-30 06:37:01,385 null [INFO] (../src/fwidbmgr.cpp:5369) Auto convert: 1
2019-09-30 06:37:01,385 null [INFO] (../src/fwidbmgr.cpp:446) action: outimg.
2019-09-30 06:37:01,385 null [INFO] (../src/fwidbmgr.cpp:470) date: 20190929.
2019-09-30 06:37:01,386 null [INFO] (../src/fwidbmgr.cpp:322) Try to read: /home/meteo/dev/redist/fwidbmgr/config/fwidbmgr.conf.
2019-09-30 06:37:01,387 null [INFO] (../src/fwidbmgr.cpp:5393) Configuration parsing: OK.
2019-09-30 06:37:01,390 null [INFO] (../src/fwidbmgr.cpp:5478) Connected to database
2019-09-30 06:37:01,390 null [INFO] (../src/fwidbmgr.cpp:5480) Manage data for date: 20190929.
2019-09-30 06:37:01,390 null [INFO] (../src/fwidbmgr.cpp:5566) Importing fwi indexes images in database.
2019-09-30 06:37:01,437 null [INFO] (../src/fwidbmgr.cpp:5570) OK --> 20190929 images imported.
2019-09-30 06:37:01,438 null [INFO] (../src/fwidbmgr.cpp:5695) action outimg took about 0 seconds.
2019-09-30 06:37:01,438 null [INFO] (../src/fwidbmgr.cpp:5699) Disconnected from database.
2019-09-30 07:05:02,024 null [INFO] (../src/fwidbmgr.cpp:5361) fwi db manager
2019-09-30 07:05:02,024 null [INFO] (../src/fwidbmgr.cpp:5365) Program home: /home/meteo/dev/redist/fwidbmgr
2019-09-30 07:05:02,024 null [INFO] (../src/fwidbmgr.cpp:5369) Auto convert: 1
2019-09-30 07:05:02,024 null [INFO] (../src/fwidbmgr.cpp:446) action: outimg.
2019-09-30 07:05:02,024 null [INFO] (../src/fwidbmgr.cpp:470) date: 20190929.
2019-09-30 07:05:02,024 null [INFO] (../src/fwidbmgr.cpp:322) Try to read: /home/meteo/dev/redist/fwidbmgr/config/fwidbmgr.conf.
2019-09-30 07:05:02,025 null [INFO] (../src/fwidbmgr.cpp:5393) Configuration parsing: OK.
2019-09-30 07:05:02,030 null [INFO] (../src/fwidbmgr.cpp:5478) Connected to database
2019-09-30 07:05:02,030 null [INFO] (../src/fwidbmgr.cpp:5480) Manage data for date: 20190929.
2019-09-30 07:05:02,031 null [INFO] (../src/fwidbmgr.cpp:5566) Importing fwi indexes images in database.
2019-09-30 07:05:02,067 null [INFO] (../src/fwidbmgr.cpp:5570) OK --> 20190929 images imported.
2019-09-30 07:05:02,067 null [INFO] (../src/fwidbmgr.cpp:5695) action outimg took about 0 seconds.
2019-09-30 07:05:02,067 null [INFO] (../src/fwidbmgr.cpp:5699) Disconnected from database.
2019-09-30 07:37:01,182 null [INFO] (../src/fwidbmgr.cpp:5361) fwi db manager
2019-09-30 07:37:01,182 null [INFO] (../src/fwidbmgr.cpp:5365) Program home: /home/meteo/dev/redist/fwidbmgr
2019-09-30 07:37:01,182 null [INFO] (../src/fwidbmgr.cpp:5369) Auto convert: 1
2019-09-30 07:37:01,182 null [INFO] (../src/fwidbmgr.cpp:446) action: outimg.
2019-09-30 07:37:01,182 null [INFO] (../src/fwidbmgr.cpp:470) date: 20190929.
2019-09-30 07:37:01,182 null [INFO] (../src/fwidbmgr.cpp:322) Try to read: /home/meteo/dev/redist/fwidbmgr/config/fwidbmgr.conf.
2019-09-30 07:37:01,183 null [INFO] (../src/fwidbmgr.cpp:5393) Configuration parsing: OK.
2019-09-30 07:37:01,187 null [INFO] (../src/fwidbmgr.cpp:5478) Connected to database
2019-09-30 07:37:01,187 null [INFO] (../src/fwidbmgr.cpp:5480) Manage data for date: 20190929.
2019-09-30 07:37:01,187 null [INFO] (../src/fwidbmgr.cpp:5566) Importing fwi indexes images in database.
2019-09-30 07:37:01,232 null [INFO] (../src/fwidbmgr.cpp:5570) OK --> 20190929 images imported.
2019-09-30 07:37:01,232 null [INFO] (../src/fwidbmgr.cpp:5695) action outimg took about 0 seconds.
2019-09-30 07:37:01,232 null [INFO] (../src/fwidbmgr.cpp:5699) Disconnected from database.
