2019-07-16 05:05:03,272 null [INFO] (../src/fwidbmgr.cpp:5361) fwi db manager
2019-07-16 05:05:03,272 null [INFO] (../src/fwidbmgr.cpp:5365) Program home: /home/meteo/dev/redist/fwidbmgr
2019-07-16 05:05:03,272 null [INFO] (../src/fwidbmgr.cpp:5369) Auto convert: 1
2019-07-16 05:05:03,272 null [INFO] (../src/fwidbmgr.cpp:446) action: in.
2019-07-16 05:05:03,272 null [INFO] (../src/fwidbmgr.cpp:470) date: 20190715.
2019-07-16 05:05:03,272 null [INFO] (../src/fwidbmgr.cpp:322) Try to read: /home/meteo/dev/redist/fwidbmgr/config/fwidbmgr.conf.
2019-07-16 05:05:03,276 null [INFO] (../src/fwidbmgr.cpp:5393) Configuration parsing: OK.
2019-07-16 05:05:03,281 null [INFO] (../src/fwidbmgr.cpp:5478) Connected to database
2019-07-16 05:05:03,281 null [INFO] (../src/fwidbmgr.cpp:5480) Manage data for date: 20190715.
2019-07-16 05:05:03,281 null [INFO] (../src/fwidbmgr.cpp:5536) Importing meteo data in database for day: 20190715.
2019-07-16 05:05:03,285 null [INFO] (/home/meteo/dev/redist/fwidbmgr/include/Grid.h:1595) Configuring grid: snow
2019-07-16 05:05:03,285 null [INFO] (/home/meteo/dev/redist/fwidbmgr/include/Grid.h:1695) Grid snow configured.
2019-07-16 05:05:03,296 null [INFO] (/home/meteo/dev/redist/fwidbmgr/include/Grid.h:1595) Configuring grid: snow_covering
2019-07-16 05:05:03,296 null [INFO] (/home/meteo/dev/redist/fwidbmgr/include/Grid.h:1695) Grid snow_covering configured.
2019-07-16 05:05:03,303 null [INFO] (/home/meteo/dev/redist/fwidbmgr/include/Grid.h:1595) Configuring grid: snow_dissolution
2019-07-16 05:05:03,303 null [INFO] (/home/meteo/dev/redist/fwidbmgr/include/Grid.h:1695) Grid snow_dissolution configured.
2019-07-16 05:05:03,318 null [INFO] (/home/meteo/dev/redist/fwidbmgr/include/Grid.h:1595) Configuring grid: temperature
2019-07-16 05:05:03,318 null [INFO] (/home/meteo/dev/redist/fwidbmgr/include/Grid.h:1695) Grid temperature configured.
2019-07-16 05:05:03,319 null [INFO] (/home/meteo/dev/redist/fwidbmgr/include/Grid.h:1595) Configuring grid: humidity
2019-07-16 05:05:03,319 null [INFO] (/home/meteo/dev/redist/fwidbmgr/include/Grid.h:1695) Grid humidity configured.
2019-07-16 05:05:03,322 null [INFO] (/home/meteo/dev/redist/fwidbmgr/include/Grid.h:1595) Configuring grid: windspeed
2019-07-16 05:05:03,322 null [INFO] (/home/meteo/dev/redist/fwidbmgr/include/Grid.h:1695) Grid windspeed configured.
2019-07-16 05:05:03,327 null [INFO] (/home/meteo/dev/redist/fwidbmgr/include/Grid.h:1595) Configuring grid: rain
2019-07-16 05:05:03,327 null [INFO] (/home/meteo/dev/redist/fwidbmgr/include/Grid.h:1695) Grid rain configured.
2019-07-16 05:05:03,329 null [INFO] (/home/meteo/dev/redist/fwidbmgr/include/Grid.h:1595) Configuring grid: cum_rain
2019-07-16 05:05:03,329 null [INFO] (/home/meteo/dev/redist/fwidbmgr/include/Grid.h:1695) Grid cum_rain configured.
2019-07-16 05:05:10,139 null [INFO] (../src/fwidbmgr.cpp:1518) Storing meteo input ...
2019-07-16 05:05:24,181 null [INFO] (../src/fwidbmgr.cpp:5540) OK --> 20190715 data imported.
2019-07-16 05:05:24,188 null [INFO] (../src/fwidbmgr.cpp:5695) action in took about 21 seconds.
2019-07-16 05:05:24,199 null [INFO] (../src/fwidbmgr.cpp:5699) Disconnected from database.
2019-07-16 05:06:01,561 null [INFO] (../src/fwidbmgr.cpp:5361) fwi db manager
2019-07-16 05:06:01,561 null [INFO] (../src/fwidbmgr.cpp:5365) Program home: /home/meteo/dev/redist/fwidbmgr
2019-07-16 05:06:01,561 null [INFO] (../src/fwidbmgr.cpp:5369) Auto convert: 1
2019-07-16 05:06:01,561 null [INFO] (../src/fwidbmgr.cpp:446) action: out.
2019-07-16 05:06:01,561 null [INFO] (../src/fwidbmgr.cpp:470) date: 20190715.
2019-07-16 05:06:01,562 null [INFO] (../src/fwidbmgr.cpp:322) Try to read: /home/meteo/dev/redist/fwidbmgr/config/fwidbmgr.conf.
2019-07-16 05:06:01,564 null [INFO] (../src/fwidbmgr.cpp:5393) Configuration parsing: OK.
2019-07-16 05:06:01,567 null [INFO] (../src/fwidbmgr.cpp:5478) Connected to database
2019-07-16 05:06:01,567 null [INFO] (../src/fwidbmgr.cpp:5480) Manage data for date: 20190715.
2019-07-16 05:06:01,567 null [INFO] (../src/fwidbmgr.cpp:5551) Importing fwi indexes data in database for day: 20190715.
2019-07-16 05:06:01,569 null [INFO] (/home/meteo/dev/redist/fwidbmgr/include/Grid.h:1595) Configuring grid: isi
2019-07-16 05:06:01,569 null [INFO] (/home/meteo/dev/redist/fwidbmgr/include/Grid.h:1695) Grid isi configured.
2019-07-16 05:06:01,581 null [INFO] (/home/meteo/dev/redist/fwidbmgr/include/Grid.h:1595) Configuring grid: fwi
2019-07-16 05:06:01,581 null [INFO] (/home/meteo/dev/redist/fwidbmgr/include/Grid.h:1695) Grid fwi configured.
2019-07-16 05:06:01,587 null [INFO] (/home/meteo/dev/redist/fwidbmgr/include/Grid.h:1595) Configuring grid: ffmc
2019-07-16 05:06:01,587 null [INFO] (/home/meteo/dev/redist/fwidbmgr/include/Grid.h:1695) Grid ffmc configured.
2019-07-16 05:06:01,594 null [INFO] (/home/meteo/dev/redist/fwidbmgr/include/Grid.h:1595) Configuring grid: dmc
2019-07-16 05:06:01,594 null [INFO] (/home/meteo/dev/redist/fwidbmgr/include/Grid.h:1695) Grid dmc configured.
2019-07-16 05:06:01,601 null [INFO] (/home/meteo/dev/redist/fwidbmgr/include/Grid.h:1595) Configuring grid: dc
2019-07-16 05:06:01,601 null [INFO] (/home/meteo/dev/redist/fwidbmgr/include/Grid.h:1695) Grid dc configured.
2019-07-16 05:06:01,608 null [INFO] (/home/meteo/dev/redist/fwidbmgr/include/Grid.h:1595) Configuring grid: bui
2019-07-16 05:06:01,609 null [INFO] (/home/meteo/dev/redist/fwidbmgr/include/Grid.h:1695) Grid bui configured.
2019-07-16 05:06:01,615 null [INFO] (/home/meteo/dev/redist/fwidbmgr/include/Grid.h:1595) Configuring grid: ffmc_tmp
2019-07-16 05:06:01,615 null [INFO] (/home/meteo/dev/redist/fwidbmgr/include/Grid.h:1695) Grid ffmc_tmp configured.
2019-07-16 05:06:01,626 null [INFO] (/home/meteo/dev/redist/fwidbmgr/include/Grid.h:1595) Configuring grid: dmc_tmp
2019-07-16 05:06:01,626 null [INFO] (/home/meteo/dev/redist/fwidbmgr/include/Grid.h:1695) Grid dmc_tmp configured.
2019-07-16 05:06:01,637 null [INFO] (/home/meteo/dev/redist/fwidbmgr/include/Grid.h:1595) Configuring grid: dc_tmp
2019-07-16 05:06:01,637 null [INFO] (/home/meteo/dev/redist/fwidbmgr/include/Grid.h:1695) Grid dc_tmp configured.
2019-07-16 05:06:01,648 null [INFO] (/home/meteo/dev/redist/fwidbmgr/include/Grid.h:1595) Configuring grid: idi
2019-07-16 05:06:01,648 null [INFO] (/home/meteo/dev/redist/fwidbmgr/include/Grid.h:1695) Grid idi configured.
2019-07-16 05:06:05,952 null [INFO] (../src/fwidbmgr.cpp:2081) Storing FWI indexes ...
2019-07-16 05:06:15,489 null [INFO] (../src/fwidbmgr.cpp:5555) OK --> 20190715 data imported.
2019-07-16 05:06:15,489 null [INFO] (../src/fwidbmgr.cpp:5695) action out took about 14 seconds.
2019-07-16 05:06:15,489 null [INFO] (../src/fwidbmgr.cpp:5699) Disconnected from database.
2019-07-16 05:06:15,582 null [INFO] (../src/fwidbmgr.cpp:5361) fwi db manager
2019-07-16 05:06:15,582 null [INFO] (../src/fwidbmgr.cpp:5365) Program home: /home/meteo/dev/redist/fwidbmgr
2019-07-16 05:06:15,582 null [INFO] (../src/fwidbmgr.cpp:5369) Auto convert: 1
2019-07-16 05:06:15,582 null [INFO] (../src/fwidbmgr.cpp:446) action: computeidx.
2019-07-16 05:06:15,582 null [INFO] (../src/fwidbmgr.cpp:470) date: 20190715.
2019-07-16 05:06:15,582 null [INFO] (../src/fwidbmgr.cpp:322) Try to read: /home/meteo/dev/redist/fwidbmgr/config/fwidbmgr.conf.
2019-07-16 05:06:15,584 null [INFO] (../src/fwidbmgr.cpp:5393) Configuration parsing: OK.
2019-07-16 05:06:15,587 null [INFO] (../src/fwidbmgr.cpp:5478) Connected to database
2019-07-16 05:06:15,587 null [INFO] (../src/fwidbmgr.cpp:5480) Manage data for date: 20190715.
2019-07-16 05:06:15,587 null [INFO] (../src/fwidbmgr.cpp:5656) Computing indexes.
2019-07-16 05:06:15,588 null [INFO] (/home/meteo/dev/redist/fwidbmgr/include/Grid.h:1595) Configuring grid: isi
2019-07-16 05:06:15,588 null [INFO] (/home/meteo/dev/redist/fwidbmgr/include/Grid.h:1695) Grid isi configured.
2019-07-16 05:06:15,589 null [INFO] (/home/meteo/dev/redist/fwidbmgr/include/Grid.h:1595) Configuring grid: fwi
2019-07-16 05:06:15,589 null [INFO] (/home/meteo/dev/redist/fwidbmgr/include/Grid.h:1695) Grid fwi configured.
2019-07-16 05:06:15,590 null [INFO] (/home/meteo/dev/redist/fwidbmgr/include/Grid.h:1595) Configuring grid: ffmc
2019-07-16 05:06:15,590 null [INFO] (/home/meteo/dev/redist/fwidbmgr/include/Grid.h:1695) Grid ffmc configured.
2019-07-16 05:06:15,591 null [INFO] (/home/meteo/dev/redist/fwidbmgr/include/Grid.h:1595) Configuring grid: dmc
2019-07-16 05:06:15,591 null [INFO] (/home/meteo/dev/redist/fwidbmgr/include/Grid.h:1695) Grid dmc configured.
2019-07-16 05:06:15,592 null [INFO] (/home/meteo/dev/redist/fwidbmgr/include/Grid.h:1595) Configuring grid: dc
2019-07-16 05:06:15,592 null [INFO] (/home/meteo/dev/redist/fwidbmgr/include/Grid.h:1695) Grid dc configured.
2019-07-16 05:06:15,593 null [INFO] (/home/meteo/dev/redist/fwidbmgr/include/Grid.h:1595) Configuring grid: bui
2019-07-16 05:06:15,593 null [INFO] (/home/meteo/dev/redist/fwidbmgr/include/Grid.h:1695) Grid bui configured.
2019-07-16 05:06:15,594 null [INFO] (/home/meteo/dev/redist/fwidbmgr/include/Grid.h:1595) Configuring grid: ffmc_tmp
2019-07-16 05:06:15,594 null [INFO] (/home/meteo/dev/redist/fwidbmgr/include/Grid.h:1695) Grid ffmc_tmp configured.
2019-07-16 05:06:15,595 null [INFO] (/home/meteo/dev/redist/fwidbmgr/include/Grid.h:1595) Configuring grid: dmc_tmp
2019-07-16 05:06:15,595 null [INFO] (/home/meteo/dev/redist/fwidbmgr/include/Grid.h:1695) Grid dmc_tmp configured.
2019-07-16 05:06:15,596 null [INFO] (/home/meteo/dev/redist/fwidbmgr/include/Grid.h:1595) Configuring grid: dc_tmp
2019-07-16 05:06:15,596 null [INFO] (/home/meteo/dev/redist/fwidbmgr/include/Grid.h:1695) Grid dc_tmp configured.
2019-07-16 05:06:15,597 null [INFO] (/home/meteo/dev/redist/fwidbmgr/include/Grid.h:1595) Configuring grid: idi
2019-07-16 05:06:15,597 null [INFO] (/home/meteo/dev/redist/fwidbmgr/include/Grid.h:1695) Grid idi configured.
2019-07-16 05:06:15,598 null [INFO] (/home/meteo/dev/redist/fwidbmgr/include/Grid.h:1595) Configuring grid: angstrom
2019-07-16 05:06:15,598 null [INFO] (/home/meteo/dev/redist/fwidbmgr/include/Grid.h:1695) Grid angstrom configured.
2019-07-16 05:06:15,599 null [INFO] (/home/meteo/dev/redist/fwidbmgr/include/Grid.h:1595) Configuring grid: fmi
2019-07-16 05:06:15,599 null [INFO] (/home/meteo/dev/redist/fwidbmgr/include/Grid.h:1695) Grid fmi configured.
2019-07-16 05:06:15,600 null [INFO] (/home/meteo/dev/redist/fwidbmgr/include/Grid.h:1595) Configuring grid: sharples
2019-07-16 05:06:15,600 null [INFO] (/home/meteo/dev/redist/fwidbmgr/include/Grid.h:1695) Grid sharples configured.
2019-07-16 05:06:19,379 null [INFO] (/home/meteo/dev/redist/fwidbmgr/include/Grid.h:1595) Configuring grid: snow
2019-07-16 05:06:19,379 null [INFO] (/home/meteo/dev/redist/fwidbmgr/include/Grid.h:1695) Grid snow configured.
2019-07-16 05:06:19,379 null [INFO] (/home/meteo/dev/redist/fwidbmgr/include/Grid.h:1595) Configuring grid: snow_covering
2019-07-16 05:06:19,379 null [INFO] (/home/meteo/dev/redist/fwidbmgr/include/Grid.h:1695) Grid snow_covering configured.
2019-07-16 05:06:19,379 null [INFO] (/home/meteo/dev/redist/fwidbmgr/include/Grid.h:1595) Configuring grid: snow_dissolution
2019-07-16 05:06:19,379 null [INFO] (/home/meteo/dev/redist/fwidbmgr/include/Grid.h:1695) Grid snow_dissolution configured.
2019-07-16 05:06:19,379 null [INFO] (/home/meteo/dev/redist/fwidbmgr/include/Grid.h:1595) Configuring grid: temperature
2019-07-16 05:06:19,379 null [INFO] (/home/meteo/dev/redist/fwidbmgr/include/Grid.h:1695) Grid temperature configured.
2019-07-16 05:06:19,379 null [INFO] (/home/meteo/dev/redist/fwidbmgr/include/Grid.h:1595) Configuring grid: humidity
2019-07-16 05:06:19,379 null [INFO] (/home/meteo/dev/redist/fwidbmgr/include/Grid.h:1695) Grid humidity configured.
2019-07-16 05:06:19,379 null [INFO] (/home/meteo/dev/redist/fwidbmgr/include/Grid.h:1595) Configuring grid: windspeed
2019-07-16 05:06:19,380 null [INFO] (/home/meteo/dev/redist/fwidbmgr/include/Grid.h:1695) Grid windspeed configured.
2019-07-16 05:06:19,380 null [INFO] (/home/meteo/dev/redist/fwidbmgr/include/Grid.h:1595) Configuring grid: rain
2019-07-16 05:06:19,380 null [INFO] (/home/meteo/dev/redist/fwidbmgr/include/Grid.h:1695) Grid rain configured.
2019-07-16 05:06:19,380 null [INFO] (/home/meteo/dev/redist/fwidbmgr/include/Grid.h:1595) Configuring grid: cum_rain
2019-07-16 05:06:19,380 null [INFO] (/home/meteo/dev/redist/fwidbmgr/include/Grid.h:1695) Grid cum_rain configured.
2019-07-16 05:07:25,805 null [INFO] (../src/fwidbmgr.cpp:5660) OK --> 20190715 indexes computed.
2019-07-16 05:07:25,805 null [INFO] (../src/fwidbmgr.cpp:5695) action computeidx took about 70 seconds.
2019-07-16 05:07:25,806 null [INFO] (../src/fwidbmgr.cpp:5699) Disconnected from database.
2019-07-16 05:07:25,872 null [INFO] (../src/fwidbmgr.cpp:5361) fwi db manager
2019-07-16 05:07:25,872 null [INFO] (../src/fwidbmgr.cpp:5365) Program home: /home/meteo/dev/redist/fwidbmgr
2019-07-16 05:07:25,872 null [INFO] (../src/fwidbmgr.cpp:5369) Auto convert: 1
2019-07-16 05:07:25,872 null [INFO] (../src/fwidbmgr.cpp:446) action: exportidx.
2019-07-16 05:07:25,872 null [INFO] (../src/fwidbmgr.cpp:470) date: 20190715.
2019-07-16 05:07:25,872 null [INFO] (../src/fwidbmgr.cpp:322) Try to read: /home/meteo/dev/redist/fwidbmgr/config/fwidbmgr.conf.
2019-07-16 05:07:25,873 null [INFO] (../src/fwidbmgr.cpp:5393) Configuration parsing: OK.
2019-07-16 05:07:25,878 null [INFO] (../src/fwidbmgr.cpp:5478) Connected to database
2019-07-16 05:07:25,878 null [INFO] (../src/fwidbmgr.cpp:5480) Manage data for date: 20190715.
2019-07-16 05:07:25,879 null [INFO] (../src/fwidbmgr.cpp:5596) Exporting indexes.
2019-07-16 05:07:25,882 null [INFO] (/home/meteo/dev/redist/fwidbmgr/include/Grid.h:1595) Configuring grid: isi
2019-07-16 05:07:25,882 null [INFO] (/home/meteo/dev/redist/fwidbmgr/include/Grid.h:1695) Grid isi configured.
2019-07-16 05:07:25,884 null [INFO] (/home/meteo/dev/redist/fwidbmgr/include/Grid.h:1595) Configuring grid: fwi
2019-07-16 05:07:25,884 null [INFO] (/home/meteo/dev/redist/fwidbmgr/include/Grid.h:1695) Grid fwi configured.
2019-07-16 05:07:25,886 null [INFO] (/home/meteo/dev/redist/fwidbmgr/include/Grid.h:1595) Configuring grid: ffmc
2019-07-16 05:07:25,886 null [INFO] (/home/meteo/dev/redist/fwidbmgr/include/Grid.h:1695) Grid ffmc configured.
2019-07-16 05:07:25,887 null [INFO] (/home/meteo/dev/redist/fwidbmgr/include/Grid.h:1595) Configuring grid: dmc
2019-07-16 05:07:25,888 null [INFO] (/home/meteo/dev/redist/fwidbmgr/include/Grid.h:1695) Grid dmc configured.
2019-07-16 05:07:25,889 null [INFO] (/home/meteo/dev/redist/fwidbmgr/include/Grid.h:1595) Configuring grid: dc
2019-07-16 05:07:25,889 null [INFO] (/home/meteo/dev/redist/fwidbmgr/include/Grid.h:1695) Grid dc configured.
2019-07-16 05:07:25,891 null [INFO] (/home/meteo/dev/redist/fwidbmgr/include/Grid.h:1595) Configuring grid: bui
2019-07-16 05:07:25,891 null [INFO] (/home/meteo/dev/redist/fwidbmgr/include/Grid.h:1695) Grid bui configured.
2019-07-16 05:07:25,892 null [INFO] (/home/meteo/dev/redist/fwidbmgr/include/Grid.h:1595) Configuring grid: ffmc_tmp
2019-07-16 05:07:25,892 null [INFO] (/home/meteo/dev/redist/fwidbmgr/include/Grid.h:1695) Grid ffmc_tmp configured.
2019-07-16 05:07:25,893 null [INFO] (/home/meteo/dev/redist/fwidbmgr/include/Grid.h:1595) Configuring grid: dmc_tmp
2019-07-16 05:07:25,893 null [INFO] (/home/meteo/dev/redist/fwidbmgr/include/Grid.h:1695) Grid dmc_tmp configured.
2019-07-16 05:07:25,894 null [INFO] (/home/meteo/dev/redist/fwidbmgr/include/Grid.h:1595) Configuring grid: dc_tmp
2019-07-16 05:07:25,894 null [INFO] (/home/meteo/dev/redist/fwidbmgr/include/Grid.h:1695) Grid dc_tmp configured.
2019-07-16 05:07:25,895 null [INFO] (/home/meteo/dev/redist/fwidbmgr/include/Grid.h:1595) Configuring grid: idi
2019-07-16 05:07:25,895 null [INFO] (/home/meteo/dev/redist/fwidbmgr/include/Grid.h:1695) Grid idi configured.
2019-07-16 05:07:25,896 null [INFO] (/home/meteo/dev/redist/fwidbmgr/include/Grid.h:1595) Configuring grid: angstrom
2019-07-16 05:07:25,896 null [INFO] (/home/meteo/dev/redist/fwidbmgr/include/Grid.h:1695) Grid angstrom configured.
2019-07-16 05:07:25,897 null [INFO] (/home/meteo/dev/redist/fwidbmgr/include/Grid.h:1595) Configuring grid: fmi
2019-07-16 05:07:25,897 null [INFO] (/home/meteo/dev/redist/fwidbmgr/include/Grid.h:1695) Grid fmi configured.
2019-07-16 05:07:25,898 null [INFO] (/home/meteo/dev/redist/fwidbmgr/include/Grid.h:1595) Configuring grid: sharples
2019-07-16 05:07:25,898 null [INFO] (/home/meteo/dev/redist/fwidbmgr/include/Grid.h:1695) Grid sharples configured.
2019-07-16 05:07:30,419 null [INFO] (/home/meteo/dev/redist/fwidbmgr/include/Grid.h:1595) Configuring grid: isi
2019-07-16 05:07:30,419 null [INFO] (/home/meteo/dev/redist/fwidbmgr/include/Grid.h:1695) Grid isi configured.
2019-07-16 05:07:30,441 null [INFO] (/home/meteo/dev/redist/fwidbmgr/include/Grid.h:1595) Configuring grid: fwi
2019-07-16 05:07:30,441 null [INFO] (/home/meteo/dev/redist/fwidbmgr/include/Grid.h:1695) Grid fwi configured.
2019-07-16 05:07:30,461 null [INFO] (/home/meteo/dev/redist/fwidbmgr/include/Grid.h:1595) Configuring grid: ffmc
2019-07-16 05:07:30,461 null [INFO] (/home/meteo/dev/redist/fwidbmgr/include/Grid.h:1695) Grid ffmc configured.
2019-07-16 05:07:30,481 null [INFO] (/home/meteo/dev/redist/fwidbmgr/include/Grid.h:1595) Configuring grid: dmc
2019-07-16 05:07:30,481 null [INFO] (/home/meteo/dev/redist/fwidbmgr/include/Grid.h:1695) Grid dmc configured.
2019-07-16 05:07:30,501 null [INFO] (/home/meteo/dev/redist/fwidbmgr/include/Grid.h:1595) Configuring grid: dc
2019-07-16 05:07:30,501 null [INFO] (/home/meteo/dev/redist/fwidbmgr/include/Grid.h:1695) Grid dc configured.
2019-07-16 05:07:30,521 null [INFO] (/home/meteo/dev/redist/fwidbmgr/include/Grid.h:1595) Configuring grid: bui
2019-07-16 05:07:30,521 null [INFO] (/home/meteo/dev/redist/fwidbmgr/include/Grid.h:1695) Grid bui configured.
2019-07-16 05:07:30,541 null [INFO] (/home/meteo/dev/redist/fwidbmgr/include/Grid.h:1595) Configuring grid: ffmc_tmp
2019-07-16 05:07:30,541 null [INFO] (/home/meteo/dev/redist/fwidbmgr/include/Grid.h:1695) Grid ffmc_tmp configured.
2019-07-16 05:07:30,561 null [INFO] (/home/meteo/dev/redist/fwidbmgr/include/Grid.h:1595) Configuring grid: dmc_tmp
2019-07-16 05:07:30,561 null [INFO] (/home/meteo/dev/redist/fwidbmgr/include/Grid.h:1695) Grid dmc_tmp configured.
2019-07-16 05:07:30,581 null [INFO] (/home/meteo/dev/redist/fwidbmgr/include/Grid.h:1595) Configuring grid: dc_tmp
2019-07-16 05:07:30,581 null [INFO] (/home/meteo/dev/redist/fwidbmgr/include/Grid.h:1695) Grid dc_tmp configured.
2019-07-16 05:07:30,600 null [INFO] (/home/meteo/dev/redist/fwidbmgr/include/Grid.h:1595) Configuring grid: angstrom
2019-07-16 05:07:30,600 null [INFO] (/home/meteo/dev/redist/fwidbmgr/include/Grid.h:1695) Grid angstrom configured.
2019-07-16 05:07:30,622 null [INFO] (/home/meteo/dev/redist/fwidbmgr/include/Grid.h:1595) Configuring grid: sharples
2019-07-16 05:07:30,622 null [INFO] (/home/meteo/dev/redist/fwidbmgr/include/Grid.h:1695) Grid sharples configured.
2019-07-16 05:07:30,642 null [INFO] (/home/meteo/dev/redist/fwidbmgr/include/Grid.h:1595) Configuring grid: fmi
2019-07-16 05:07:30,642 null [INFO] (/home/meteo/dev/redist/fwidbmgr/include/Grid.h:1695) Grid fmi configured.
2019-07-16 05:07:30,661 null [INFO] (../src/fwidbmgr.cpp:5600) OK --> 20190715 indexes exported to files.
2019-07-16 05:07:30,662 null [INFO] (../src/fwidbmgr.cpp:5695) action exportidx took about 5 seconds.
2019-07-16 05:07:30,662 null [INFO] (../src/fwidbmgr.cpp:5699) Disconnected from database.
2019-07-16 05:07:45,725 null [INFO] (../src/fwidbmgr.cpp:5361) fwi db manager
2019-07-16 05:07:45,725 null [INFO] (../src/fwidbmgr.cpp:5365) Program home: /home/meteo/dev/redist/fwidbmgr
2019-07-16 05:07:45,725 null [INFO] (../src/fwidbmgr.cpp:5369) Auto convert: 1
2019-07-16 05:07:45,725 null [INFO] (../src/fwidbmgr.cpp:446) action: outimg.
2019-07-16 05:07:45,725 null [INFO] (../src/fwidbmgr.cpp:470) date: 20190715.
2019-07-16 05:07:45,725 null [INFO] (../src/fwidbmgr.cpp:322) Try to read: /home/meteo/dev/redist/fwidbmgr/config/fwidbmgr.conf.
2019-07-16 05:07:45,727 null [INFO] (../src/fwidbmgr.cpp:5393) Configuration parsing: OK.
2019-07-16 05:07:45,731 null [INFO] (../src/fwidbmgr.cpp:5478) Connected to database
2019-07-16 05:07:45,731 null [INFO] (../src/fwidbmgr.cpp:5480) Manage data for date: 20190715.
2019-07-16 05:07:45,731 null [INFO] (../src/fwidbmgr.cpp:5566) Importing fwi indexes images in database.
2019-07-16 05:07:45,798 null [INFO] (../src/fwidbmgr.cpp:5570) OK --> 20190715 images imported.
2019-07-16 05:07:45,798 null [INFO] (../src/fwidbmgr.cpp:5695) action outimg took about 0 seconds.
2019-07-16 05:07:45,799 null [INFO] (../src/fwidbmgr.cpp:5699) Disconnected from database.
2019-07-16 05:37:01,671 null [INFO] (../src/fwidbmgr.cpp:5361) fwi db manager
2019-07-16 05:37:01,671 null [INFO] (../src/fwidbmgr.cpp:5365) Program home: /home/meteo/dev/redist/fwidbmgr
2019-07-16 05:37:01,671 null [INFO] (../src/fwidbmgr.cpp:5369) Auto convert: 1
2019-07-16 05:37:01,672 null [INFO] (../src/fwidbmgr.cpp:446) action: outimg.
2019-07-16 05:37:01,672 null [INFO] (../src/fwidbmgr.cpp:470) date: 20190715.
2019-07-16 05:37:01,672 null [INFO] (../src/fwidbmgr.cpp:322) Try to read: /home/meteo/dev/redist/fwidbmgr/config/fwidbmgr.conf.
2019-07-16 05:37:01,673 null [INFO] (../src/fwidbmgr.cpp:5393) Configuration parsing: OK.
2019-07-16 05:37:01,678 null [INFO] (../src/fwidbmgr.cpp:5478) Connected to database
2019-07-16 05:37:01,678 null [INFO] (../src/fwidbmgr.cpp:5480) Manage data for date: 20190715.
2019-07-16 05:37:01,679 null [INFO] (../src/fwidbmgr.cpp:5566) Importing fwi indexes images in database.
2019-07-16 05:37:01,719 null [INFO] (../src/fwidbmgr.cpp:5570) OK --> 20190715 images imported.
2019-07-16 05:37:01,719 null [INFO] (../src/fwidbmgr.cpp:5695) action outimg took about 0 seconds.
2019-07-16 05:37:01,720 null [INFO] (../src/fwidbmgr.cpp:5699) Disconnected from database.
2019-07-16 06:05:01,851 null [INFO] (../src/fwidbmgr.cpp:5361) fwi db manager
2019-07-16 06:05:01,851 null [INFO] (../src/fwidbmgr.cpp:5365) Program home: /home/meteo/dev/redist/fwidbmgr
2019-07-16 06:05:01,851 null [INFO] (../src/fwidbmgr.cpp:5369) Auto convert: 1
2019-07-16 06:05:01,851 null [INFO] (../src/fwidbmgr.cpp:446) action: outimg.
2019-07-16 06:05:01,851 null [INFO] (../src/fwidbmgr.cpp:470) date: 20190715.
2019-07-16 06:05:01,851 null [INFO] (../src/fwidbmgr.cpp:322) Try to read: /home/meteo/dev/redist/fwidbmgr/config/fwidbmgr.conf.
2019-07-16 06:05:01,852 null [INFO] (../src/fwidbmgr.cpp:5393) Configuration parsing: OK.
2019-07-16 06:05:01,856 null [INFO] (../src/fwidbmgr.cpp:5478) Connected to database
2019-07-16 06:05:01,856 null [INFO] (../src/fwidbmgr.cpp:5480) Manage data for date: 20190715.
2019-07-16 06:05:01,857 null [INFO] (../src/fwidbmgr.cpp:5566) Importing fwi indexes images in database.
2019-07-16 06:05:01,907 null [INFO] (../src/fwidbmgr.cpp:5570) OK --> 20190715 images imported.
2019-07-16 06:05:01,907 null [INFO] (../src/fwidbmgr.cpp:5695) action outimg took about 0 seconds.
2019-07-16 06:05:01,907 null [INFO] (../src/fwidbmgr.cpp:5699) Disconnected from database.
2019-07-16 06:37:01,054 null [INFO] (../src/fwidbmgr.cpp:5361) fwi db manager
2019-07-16 06:37:01,054 null [INFO] (../src/fwidbmgr.cpp:5365) Program home: /home/meteo/dev/redist/fwidbmgr
2019-07-16 06:37:01,054 null [INFO] (../src/fwidbmgr.cpp:5369) Auto convert: 1
2019-07-16 06:37:01,054 null [INFO] (../src/fwidbmgr.cpp:446) action: outimg.
2019-07-16 06:37:01,054 null [INFO] (../src/fwidbmgr.cpp:470) date: 20190715.
2019-07-16 06:37:01,054 null [INFO] (../src/fwidbmgr.cpp:322) Try to read: /home/meteo/dev/redist/fwidbmgr/config/fwidbmgr.conf.
2019-07-16 06:37:01,055 null [INFO] (../src/fwidbmgr.cpp:5393) Configuration parsing: OK.
2019-07-16 06:37:01,061 null [INFO] (../src/fwidbmgr.cpp:5478) Connected to database
2019-07-16 06:37:01,061 null [INFO] (../src/fwidbmgr.cpp:5480) Manage data for date: 20190715.
2019-07-16 06:37:01,061 null [INFO] (../src/fwidbmgr.cpp:5566) Importing fwi indexes images in database.
2019-07-16 06:37:01,106 null [INFO] (../src/fwidbmgr.cpp:5570) OK --> 20190715 images imported.
2019-07-16 06:37:01,106 null [INFO] (../src/fwidbmgr.cpp:5695) action outimg took about 0 seconds.
2019-07-16 06:37:01,106 null [INFO] (../src/fwidbmgr.cpp:5699) Disconnected from database.
2019-07-16 07:05:01,855 null [INFO] (../src/fwidbmgr.cpp:5361) fwi db manager
2019-07-16 07:05:01,855 null [INFO] (../src/fwidbmgr.cpp:5365) Program home: /home/meteo/dev/redist/fwidbmgr
2019-07-16 07:05:01,855 null [INFO] (../src/fwidbmgr.cpp:5369) Auto convert: 1
2019-07-16 07:05:01,855 null [INFO] (../src/fwidbmgr.cpp:446) action: outimg.
2019-07-16 07:05:01,855 null [INFO] (../src/fwidbmgr.cpp:470) date: 20190715.
2019-07-16 07:05:01,855 null [INFO] (../src/fwidbmgr.cpp:322) Try to read: /home/meteo/dev/redist/fwidbmgr/config/fwidbmgr.conf.
2019-07-16 07:05:01,856 null [INFO] (../src/fwidbmgr.cpp:5393) Configuration parsing: OK.
2019-07-16 07:05:01,861 null [INFO] (../src/fwidbmgr.cpp:5478) Connected to database
2019-07-16 07:05:01,861 null [INFO] (../src/fwidbmgr.cpp:5480) Manage data for date: 20190715.
2019-07-16 07:05:01,861 null [INFO] (../src/fwidbmgr.cpp:5566) Importing fwi indexes images in database.
2019-07-16 07:05:01,899 null [INFO] (../src/fwidbmgr.cpp:5570) OK --> 20190715 images imported.
2019-07-16 07:05:01,899 null [INFO] (../src/fwidbmgr.cpp:5695) action outimg took about 0 seconds.
2019-07-16 07:05:01,900 null [INFO] (../src/fwidbmgr.cpp:5699) Disconnected from database.
2019-07-16 07:37:02,017 null [INFO] (../src/fwidbmgr.cpp:5361) fwi db manager
2019-07-16 07:37:02,017 null [INFO] (../src/fwidbmgr.cpp:5365) Program home: /home/meteo/dev/redist/fwidbmgr
2019-07-16 07:37:02,017 null [INFO] (../src/fwidbmgr.cpp:5369) Auto convert: 1
2019-07-16 07:37:02,017 null [INFO] (../src/fwidbmgr.cpp:446) action: outimg.
2019-07-16 07:37:02,017 null [INFO] (../src/fwidbmgr.cpp:470) date: 20190715.
2019-07-16 07:37:02,017 null [INFO] (../src/fwidbmgr.cpp:322) Try to read: /home/meteo/dev/redist/fwidbmgr/config/fwidbmgr.conf.
2019-07-16 07:37:02,018 null [INFO] (../src/fwidbmgr.cpp:5393) Configuration parsing: OK.
2019-07-16 07:37:02,022 null [INFO] (../src/fwidbmgr.cpp:5478) Connected to database
2019-07-16 07:37:02,022 null [INFO] (../src/fwidbmgr.cpp:5480) Manage data for date: 20190715.
2019-07-16 07:37:02,023 null [INFO] (../src/fwidbmgr.cpp:5566) Importing fwi indexes images in database.
2019-07-16 07:37:02,066 null [INFO] (../src/fwidbmgr.cpp:5570) OK --> 20190715 images imported.
2019-07-16 07:37:02,066 null [INFO] (../src/fwidbmgr.cpp:5695) action outimg took about 0 seconds.
2019-07-16 07:37:02,066 null [INFO] (../src/fwidbmgr.cpp:5699) Disconnected from database.
