2017-01-13 05:07:15,028 null [INFO] (../src/fwidbmgr.cpp:5207) fwi db manager
2017-01-13 05:07:15,030 null [INFO] (../src/fwidbmgr.cpp:5209) Program home: /home/meteo/dev/redist/fwidbmgr
2017-01-13 05:07:15,030 null [INFO] (../src/fwidbmgr.cpp:5211) Auto convert: 1
2017-01-13 05:07:15,030 null [INFO] (../src/fwidbmgr.cpp:458) action: in.
2017-01-13 05:07:15,030 null [INFO] (../src/fwidbmgr.cpp:482) date: 20170112.
2017-01-13 05:07:15,030 null [INFO] (../src/fwidbmgr.cpp:319) Try to read: /home/meteo/dev/redist/fwidbmgr/config/fwidbmgr.conf.
2017-01-13 05:07:15,105 null [INFO] (../src/fwidbmgr.cpp:5240) Configuration parsing: OK.
2017-01-13 05:07:15,750 null [INFO] (../src/fwidbmgr.cpp:5322) Connected to database
2017-01-13 05:07:16,492 null [INFO] (../src/fwidbmgr.cpp:5323) Manage data for date: 20170112.
2017-01-13 05:07:16,492 null [INFO] (../src/fwidbmgr.cpp:5367) Importing meteo data in database for day: 20170112.
2017-01-13 05:07:16,493 null [INFO] (/home/meteo/dev/redist/fwidbmgr/include/Grid.h:1595) Configuring grid: snow
2017-01-13 05:07:16,493 null [INFO] (/home/meteo/dev/redist/fwidbmgr/include/Grid.h:1695) Grid snow configured.
2017-01-13 05:07:16,499 null [INFO] (/home/meteo/dev/redist/fwidbmgr/include/Grid.h:1595) Configuring grid: snow_covering
2017-01-13 05:07:16,499 null [INFO] (/home/meteo/dev/redist/fwidbmgr/include/Grid.h:1695) Grid snow_covering configured.
2017-01-13 05:07:16,505 null [INFO] (/home/meteo/dev/redist/fwidbmgr/include/Grid.h:1595) Configuring grid: snow_dissolution
2017-01-13 05:07:16,505 null [INFO] (/home/meteo/dev/redist/fwidbmgr/include/Grid.h:1695) Grid snow_dissolution configured.
2017-01-13 05:07:16,517 null [INFO] (/home/meteo/dev/redist/fwidbmgr/include/Grid.h:1595) Configuring grid: temperature
2017-01-13 05:07:16,517 null [INFO] (/home/meteo/dev/redist/fwidbmgr/include/Grid.h:1695) Grid temperature configured.
2017-01-13 05:07:16,520 null [INFO] (/home/meteo/dev/redist/fwidbmgr/include/Grid.h:1595) Configuring grid: humidity
2017-01-13 05:07:16,520 null [INFO] (/home/meteo/dev/redist/fwidbmgr/include/Grid.h:1695) Grid humidity configured.
2017-01-13 05:07:16,526 null [INFO] (/home/meteo/dev/redist/fwidbmgr/include/Grid.h:1595) Configuring grid: windspeed
2017-01-13 05:07:16,527 null [INFO] (/home/meteo/dev/redist/fwidbmgr/include/Grid.h:1695) Grid windspeed configured.
2017-01-13 05:07:16,540 null [INFO] (/home/meteo/dev/redist/fwidbmgr/include/Grid.h:1595) Configuring grid: rain
2017-01-13 05:07:16,540 null [INFO] (/home/meteo/dev/redist/fwidbmgr/include/Grid.h:1695) Grid rain configured.
2017-01-13 05:07:16,542 null [INFO] (/home/meteo/dev/redist/fwidbmgr/include/Grid.h:1595) Configuring grid: cum_rain
2017-01-13 05:07:16,542 null [INFO] (/home/meteo/dev/redist/fwidbmgr/include/Grid.h:1695) Grid cum_rain configured.
2017-01-13 05:07:20,631 null [INFO] (../src/fwidbmgr.cpp:1502) Storing meteo input ...
2017-01-13 05:07:37,322 null [INFO] (../src/fwidbmgr.cpp:5370) OK --> 20170112 data imported.
2017-01-13 05:07:37,347 null [INFO] (../src/fwidbmgr.cpp:5496) action in took about 21 seconds.
2017-01-13 05:07:37,662 null [INFO] (../src/fwidbmgr.cpp:5499) Disconnected from database.
2017-01-13 05:09:49,277 null [INFO] (../src/fwidbmgr.cpp:5207) fwi db manager
2017-01-13 05:09:49,277 null [INFO] (../src/fwidbmgr.cpp:5209) Program home: /home/meteo/dev/redist/fwidbmgr
2017-01-13 05:09:49,277 null [INFO] (../src/fwidbmgr.cpp:5211) Auto convert: 1
2017-01-13 05:09:49,277 null [INFO] (../src/fwidbmgr.cpp:458) action: out.
2017-01-13 05:09:49,277 null [INFO] (../src/fwidbmgr.cpp:482) date: 20170112.
2017-01-13 05:09:49,277 null [INFO] (../src/fwidbmgr.cpp:319) Try to read: /home/meteo/dev/redist/fwidbmgr/config/fwidbmgr.conf.
2017-01-13 05:09:49,328 null [INFO] (../src/fwidbmgr.cpp:5240) Configuration parsing: OK.
2017-01-13 05:09:49,391 null [INFO] (../src/fwidbmgr.cpp:5322) Connected to database
2017-01-13 05:09:49,391 null [INFO] (../src/fwidbmgr.cpp:5323) Manage data for date: 20170112.
2017-01-13 05:09:49,391 null [INFO] (../src/fwidbmgr.cpp:5379) Importing fwi indexes data in database for day: 20170112.
2017-01-13 05:09:49,401 null [INFO] (/home/meteo/dev/redist/fwidbmgr/include/Grid.h:1595) Configuring grid: isi
2017-01-13 05:09:49,401 null [INFO] (/home/meteo/dev/redist/fwidbmgr/include/Grid.h:1695) Grid isi configured.
2017-01-13 05:09:49,407 null [INFO] (/home/meteo/dev/redist/fwidbmgr/include/Grid.h:1595) Configuring grid: fwi
2017-01-13 05:09:49,408 null [INFO] (/home/meteo/dev/redist/fwidbmgr/include/Grid.h:1695) Grid fwi configured.
2017-01-13 05:09:49,414 null [INFO] (/home/meteo/dev/redist/fwidbmgr/include/Grid.h:1595) Configuring grid: ffmc
2017-01-13 05:09:49,414 null [INFO] (/home/meteo/dev/redist/fwidbmgr/include/Grid.h:1695) Grid ffmc configured.
2017-01-13 05:09:49,421 null [INFO] (/home/meteo/dev/redist/fwidbmgr/include/Grid.h:1595) Configuring grid: dmc
2017-01-13 05:09:49,421 null [INFO] (/home/meteo/dev/redist/fwidbmgr/include/Grid.h:1695) Grid dmc configured.
2017-01-13 05:09:49,433 null [INFO] (/home/meteo/dev/redist/fwidbmgr/include/Grid.h:1595) Configuring grid: dc
2017-01-13 05:09:49,433 null [INFO] (/home/meteo/dev/redist/fwidbmgr/include/Grid.h:1695) Grid dc configured.
2017-01-13 05:09:49,441 null [INFO] (/home/meteo/dev/redist/fwidbmgr/include/Grid.h:1595) Configuring grid: bui
2017-01-13 05:09:49,441 null [INFO] (/home/meteo/dev/redist/fwidbmgr/include/Grid.h:1695) Grid bui configured.
2017-01-13 05:09:49,448 null [INFO] (/home/meteo/dev/redist/fwidbmgr/include/Grid.h:1595) Configuring grid: ffmc_tmp
2017-01-13 05:09:49,448 null [INFO] (/home/meteo/dev/redist/fwidbmgr/include/Grid.h:1695) Grid ffmc_tmp configured.
2017-01-13 05:09:50,105 null [INFO] (/home/meteo/dev/redist/fwidbmgr/include/Grid.h:1595) Configuring grid: dmc_tmp
2017-01-13 05:09:50,105 null [INFO] (/home/meteo/dev/redist/fwidbmgr/include/Grid.h:1695) Grid dmc_tmp configured.
2017-01-13 05:09:50,199 null [INFO] (/home/meteo/dev/redist/fwidbmgr/include/Grid.h:1595) Configuring grid: dc_tmp
2017-01-13 05:09:50,199 null [INFO] (/home/meteo/dev/redist/fwidbmgr/include/Grid.h:1695) Grid dc_tmp configured.
2017-01-13 05:09:50,397 null [INFO] (/home/meteo/dev/redist/fwidbmgr/include/Grid.h:1595) Configuring grid: idi
2017-01-13 05:09:50,397 null [INFO] (/home/meteo/dev/redist/fwidbmgr/include/Grid.h:1695) Grid idi configured.
2017-01-13 05:09:51,292 null [INFO] (../src/fwidbmgr.cpp:2045) Storing FWI indexes ...
2017-01-13 05:09:58,395 null [INFO] (../src/fwidbmgr.cpp:5382) OK --> 20170112 data imported.
2017-01-13 05:09:58,395 null [INFO] (../src/fwidbmgr.cpp:5496) action out took about 9 seconds.
2017-01-13 05:09:58,396 null [INFO] (../src/fwidbmgr.cpp:5499) Disconnected from database.
2017-01-13 05:09:58,404 null [INFO] (../src/fwidbmgr.cpp:5207) fwi db manager
2017-01-13 05:09:58,404 null [INFO] (../src/fwidbmgr.cpp:5209) Program home: /home/meteo/dev/redist/fwidbmgr
2017-01-13 05:09:58,404 null [INFO] (../src/fwidbmgr.cpp:5211) Auto convert: 1
2017-01-13 05:09:58,404 null [INFO] (../src/fwidbmgr.cpp:458) action: computeidx.
2017-01-13 05:09:58,404 null [INFO] (../src/fwidbmgr.cpp:482) date: 20170112.
2017-01-13 05:09:58,404 null [INFO] (../src/fwidbmgr.cpp:319) Try to read: /home/meteo/dev/redist/fwidbmgr/config/fwidbmgr.conf.
2017-01-13 05:09:58,405 null [INFO] (../src/fwidbmgr.cpp:5240) Configuration parsing: OK.
2017-01-13 05:09:58,406 null [INFO] (../src/fwidbmgr.cpp:5322) Connected to database
2017-01-13 05:09:58,406 null [INFO] (../src/fwidbmgr.cpp:5323) Manage data for date: 20170112.
2017-01-13 05:09:58,406 null [INFO] (../src/fwidbmgr.cpp:5463) Computing indexes.
2017-01-13 05:09:58,407 null [INFO] (/home/meteo/dev/redist/fwidbmgr/include/Grid.h:1595) Configuring grid: isi
2017-01-13 05:09:58,407 null [INFO] (/home/meteo/dev/redist/fwidbmgr/include/Grid.h:1695) Grid isi configured.
2017-01-13 05:09:58,408 null [INFO] (/home/meteo/dev/redist/fwidbmgr/include/Grid.h:1595) Configuring grid: fwi
2017-01-13 05:09:58,408 null [INFO] (/home/meteo/dev/redist/fwidbmgr/include/Grid.h:1695) Grid fwi configured.
2017-01-13 05:09:58,409 null [INFO] (/home/meteo/dev/redist/fwidbmgr/include/Grid.h:1595) Configuring grid: ffmc
2017-01-13 05:09:58,409 null [INFO] (/home/meteo/dev/redist/fwidbmgr/include/Grid.h:1695) Grid ffmc configured.
2017-01-13 05:09:58,410 null [INFO] (/home/meteo/dev/redist/fwidbmgr/include/Grid.h:1595) Configuring grid: dmc
2017-01-13 05:09:58,410 null [INFO] (/home/meteo/dev/redist/fwidbmgr/include/Grid.h:1695) Grid dmc configured.
2017-01-13 05:09:58,411 null [INFO] (/home/meteo/dev/redist/fwidbmgr/include/Grid.h:1595) Configuring grid: dc
2017-01-13 05:09:58,411 null [INFO] (/home/meteo/dev/redist/fwidbmgr/include/Grid.h:1695) Grid dc configured.
2017-01-13 05:09:58,412 null [INFO] (/home/meteo/dev/redist/fwidbmgr/include/Grid.h:1595) Configuring grid: bui
2017-01-13 05:09:58,412 null [INFO] (/home/meteo/dev/redist/fwidbmgr/include/Grid.h:1695) Grid bui configured.
2017-01-13 05:09:58,413 null [INFO] (/home/meteo/dev/redist/fwidbmgr/include/Grid.h:1595) Configuring grid: ffmc_tmp
2017-01-13 05:09:58,413 null [INFO] (/home/meteo/dev/redist/fwidbmgr/include/Grid.h:1695) Grid ffmc_tmp configured.
2017-01-13 05:09:58,414 null [INFO] (/home/meteo/dev/redist/fwidbmgr/include/Grid.h:1595) Configuring grid: dmc_tmp
2017-01-13 05:09:58,414 null [INFO] (/home/meteo/dev/redist/fwidbmgr/include/Grid.h:1695) Grid dmc_tmp configured.
2017-01-13 05:09:58,415 null [INFO] (/home/meteo/dev/redist/fwidbmgr/include/Grid.h:1595) Configuring grid: dc_tmp
2017-01-13 05:09:58,415 null [INFO] (/home/meteo/dev/redist/fwidbmgr/include/Grid.h:1695) Grid dc_tmp configured.
2017-01-13 05:09:58,416 null [INFO] (/home/meteo/dev/redist/fwidbmgr/include/Grid.h:1595) Configuring grid: idi
2017-01-13 05:09:58,416 null [INFO] (/home/meteo/dev/redist/fwidbmgr/include/Grid.h:1695) Grid idi configured.
2017-01-13 05:09:58,417 null [INFO] (/home/meteo/dev/redist/fwidbmgr/include/Grid.h:1595) Configuring grid: angstrom
2017-01-13 05:09:58,417 null [INFO] (/home/meteo/dev/redist/fwidbmgr/include/Grid.h:1695) Grid angstrom configured.
2017-01-13 05:09:58,418 null [INFO] (/home/meteo/dev/redist/fwidbmgr/include/Grid.h:1595) Configuring grid: fmi
2017-01-13 05:09:58,418 null [INFO] (/home/meteo/dev/redist/fwidbmgr/include/Grid.h:1695) Grid fmi configured.
2017-01-13 05:09:58,419 null [INFO] (/home/meteo/dev/redist/fwidbmgr/include/Grid.h:1595) Configuring grid: sharples
2017-01-13 05:09:58,419 null [INFO] (/home/meteo/dev/redist/fwidbmgr/include/Grid.h:1695) Grid sharples configured.
2017-01-13 05:09:59,389 null [INFO] (/home/meteo/dev/redist/fwidbmgr/include/Grid.h:1595) Configuring grid: snow
2017-01-13 05:09:59,389 null [INFO] (/home/meteo/dev/redist/fwidbmgr/include/Grid.h:1695) Grid snow configured.
2017-01-13 05:09:59,389 null [INFO] (/home/meteo/dev/redist/fwidbmgr/include/Grid.h:1595) Configuring grid: snow_covering
2017-01-13 05:09:59,390 null [INFO] (/home/meteo/dev/redist/fwidbmgr/include/Grid.h:1695) Grid snow_covering configured.
2017-01-13 05:09:59,390 null [INFO] (/home/meteo/dev/redist/fwidbmgr/include/Grid.h:1595) Configuring grid: snow_dissolution
2017-01-13 05:09:59,390 null [INFO] (/home/meteo/dev/redist/fwidbmgr/include/Grid.h:1695) Grid snow_dissolution configured.
2017-01-13 05:09:59,390 null [INFO] (/home/meteo/dev/redist/fwidbmgr/include/Grid.h:1595) Configuring grid: temperature
2017-01-13 05:09:59,390 null [INFO] (/home/meteo/dev/redist/fwidbmgr/include/Grid.h:1695) Grid temperature configured.
2017-01-13 05:09:59,390 null [INFO] (/home/meteo/dev/redist/fwidbmgr/include/Grid.h:1595) Configuring grid: humidity
2017-01-13 05:09:59,390 null [INFO] (/home/meteo/dev/redist/fwidbmgr/include/Grid.h:1695) Grid humidity configured.
2017-01-13 05:09:59,390 null [INFO] (/home/meteo/dev/redist/fwidbmgr/include/Grid.h:1595) Configuring grid: windspeed
2017-01-13 05:09:59,390 null [INFO] (/home/meteo/dev/redist/fwidbmgr/include/Grid.h:1695) Grid windspeed configured.
2017-01-13 05:09:59,390 null [INFO] (/home/meteo/dev/redist/fwidbmgr/include/Grid.h:1595) Configuring grid: rain
2017-01-13 05:09:59,390 null [INFO] (/home/meteo/dev/redist/fwidbmgr/include/Grid.h:1695) Grid rain configured.
2017-01-13 05:09:59,390 null [INFO] (/home/meteo/dev/redist/fwidbmgr/include/Grid.h:1595) Configuring grid: cum_rain
2017-01-13 05:09:59,390 null [INFO] (/home/meteo/dev/redist/fwidbmgr/include/Grid.h:1695) Grid cum_rain configured.
2017-01-13 05:11:13,391 null [INFO] (../src/fwidbmgr.cpp:5466) OK --> 20170112 indexes computed.
2017-01-13 05:11:13,391 null [INFO] (../src/fwidbmgr.cpp:5496) action computeidx took about 75 seconds.
2017-01-13 05:11:13,391 null [INFO] (../src/fwidbmgr.cpp:5499) Disconnected from database.
2017-01-13 05:11:13,403 null [INFO] (../src/fwidbmgr.cpp:5207) fwi db manager
2017-01-13 05:11:13,403 null [INFO] (../src/fwidbmgr.cpp:5209) Program home: /home/meteo/dev/redist/fwidbmgr
2017-01-13 05:11:13,403 null [INFO] (../src/fwidbmgr.cpp:5211) Auto convert: 1
2017-01-13 05:11:13,403 null [INFO] (../src/fwidbmgr.cpp:458) action: exportidx.
2017-01-13 05:11:13,403 null [INFO] (../src/fwidbmgr.cpp:482) date: 20170112.
2017-01-13 05:11:13,403 null [INFO] (../src/fwidbmgr.cpp:319) Try to read: /home/meteo/dev/redist/fwidbmgr/config/fwidbmgr.conf.
2017-01-13 05:11:13,404 null [INFO] (../src/fwidbmgr.cpp:5240) Configuration parsing: OK.
2017-01-13 05:11:13,406 null [INFO] (../src/fwidbmgr.cpp:5322) Connected to database
2017-01-13 05:11:13,406 null [INFO] (../src/fwidbmgr.cpp:5323) Manage data for date: 20170112.
2017-01-13 05:11:13,406 null [INFO] (../src/fwidbmgr.cpp:5415) Exporting indexes.
2017-01-13 05:11:13,407 null [INFO] (/home/meteo/dev/redist/fwidbmgr/include/Grid.h:1595) Configuring grid: isi
2017-01-13 05:11:13,407 null [INFO] (/home/meteo/dev/redist/fwidbmgr/include/Grid.h:1695) Grid isi configured.
2017-01-13 05:11:13,408 null [INFO] (/home/meteo/dev/redist/fwidbmgr/include/Grid.h:1595) Configuring grid: fwi
2017-01-13 05:11:13,408 null [INFO] (/home/meteo/dev/redist/fwidbmgr/include/Grid.h:1695) Grid fwi configured.
2017-01-13 05:11:13,409 null [INFO] (/home/meteo/dev/redist/fwidbmgr/include/Grid.h:1595) Configuring grid: ffmc
2017-01-13 05:11:13,409 null [INFO] (/home/meteo/dev/redist/fwidbmgr/include/Grid.h:1695) Grid ffmc configured.
2017-01-13 05:11:13,410 null [INFO] (/home/meteo/dev/redist/fwidbmgr/include/Grid.h:1595) Configuring grid: dmc
2017-01-13 05:11:13,410 null [INFO] (/home/meteo/dev/redist/fwidbmgr/include/Grid.h:1695) Grid dmc configured.
2017-01-13 05:11:13,411 null [INFO] (/home/meteo/dev/redist/fwidbmgr/include/Grid.h:1595) Configuring grid: dc
2017-01-13 05:11:13,411 null [INFO] (/home/meteo/dev/redist/fwidbmgr/include/Grid.h:1695) Grid dc configured.
2017-01-13 05:11:13,412 null [INFO] (/home/meteo/dev/redist/fwidbmgr/include/Grid.h:1595) Configuring grid: bui
2017-01-13 05:11:13,412 null [INFO] (/home/meteo/dev/redist/fwidbmgr/include/Grid.h:1695) Grid bui configured.
2017-01-13 05:11:13,413 null [INFO] (/home/meteo/dev/redist/fwidbmgr/include/Grid.h:1595) Configuring grid: ffmc_tmp
2017-01-13 05:11:13,413 null [INFO] (/home/meteo/dev/redist/fwidbmgr/include/Grid.h:1695) Grid ffmc_tmp configured.
2017-01-13 05:11:13,414 null [INFO] (/home/meteo/dev/redist/fwidbmgr/include/Grid.h:1595) Configuring grid: dmc_tmp
2017-01-13 05:11:13,414 null [INFO] (/home/meteo/dev/redist/fwidbmgr/include/Grid.h:1695) Grid dmc_tmp configured.
2017-01-13 05:11:13,415 null [INFO] (/home/meteo/dev/redist/fwidbmgr/include/Grid.h:1595) Configuring grid: dc_tmp
2017-01-13 05:11:13,415 null [INFO] (/home/meteo/dev/redist/fwidbmgr/include/Grid.h:1695) Grid dc_tmp configured.
2017-01-13 05:11:13,416 null [INFO] (/home/meteo/dev/redist/fwidbmgr/include/Grid.h:1595) Configuring grid: idi
2017-01-13 05:11:13,416 null [INFO] (/home/meteo/dev/redist/fwidbmgr/include/Grid.h:1695) Grid idi configured.
2017-01-13 05:11:13,417 null [INFO] (/home/meteo/dev/redist/fwidbmgr/include/Grid.h:1595) Configuring grid: angstrom
2017-01-13 05:11:13,417 null [INFO] (/home/meteo/dev/redist/fwidbmgr/include/Grid.h:1695) Grid angstrom configured.
2017-01-13 05:11:13,418 null [INFO] (/home/meteo/dev/redist/fwidbmgr/include/Grid.h:1595) Configuring grid: fmi
2017-01-13 05:11:13,418 null [INFO] (/home/meteo/dev/redist/fwidbmgr/include/Grid.h:1695) Grid fmi configured.
2017-01-13 05:11:13,419 null [INFO] (/home/meteo/dev/redist/fwidbmgr/include/Grid.h:1595) Configuring grid: sharples
2017-01-13 05:11:13,419 null [INFO] (/home/meteo/dev/redist/fwidbmgr/include/Grid.h:1695) Grid sharples configured.
2017-01-13 05:11:13,724 null [INFO] (/home/meteo/dev/redist/fwidbmgr/include/Grid.h:1595) Configuring grid: isi
2017-01-13 05:11:13,724 null [INFO] (/home/meteo/dev/redist/fwidbmgr/include/Grid.h:1695) Grid isi configured.
2017-01-13 05:11:13,743 null [INFO] (/home/meteo/dev/redist/fwidbmgr/include/Grid.h:1595) Configuring grid: fwi
2017-01-13 05:11:13,743 null [INFO] (/home/meteo/dev/redist/fwidbmgr/include/Grid.h:1695) Grid fwi configured.
2017-01-13 05:11:13,761 null [INFO] (/home/meteo/dev/redist/fwidbmgr/include/Grid.h:1595) Configuring grid: ffmc
2017-01-13 05:11:13,761 null [INFO] (/home/meteo/dev/redist/fwidbmgr/include/Grid.h:1695) Grid ffmc configured.
2017-01-13 05:11:13,780 null [INFO] (/home/meteo/dev/redist/fwidbmgr/include/Grid.h:1595) Configuring grid: dmc
2017-01-13 05:11:13,780 null [INFO] (/home/meteo/dev/redist/fwidbmgr/include/Grid.h:1695) Grid dmc configured.
2017-01-13 05:11:13,798 null [INFO] (/home/meteo/dev/redist/fwidbmgr/include/Grid.h:1595) Configuring grid: dc
2017-01-13 05:11:13,798 null [INFO] (/home/meteo/dev/redist/fwidbmgr/include/Grid.h:1695) Grid dc configured.
2017-01-13 05:11:13,817 null [INFO] (/home/meteo/dev/redist/fwidbmgr/include/Grid.h:1595) Configuring grid: bui
2017-01-13 05:11:13,817 null [INFO] (/home/meteo/dev/redist/fwidbmgr/include/Grid.h:1695) Grid bui configured.
2017-01-13 05:11:13,835 null [INFO] (/home/meteo/dev/redist/fwidbmgr/include/Grid.h:1595) Configuring grid: ffmc_tmp
2017-01-13 05:11:13,835 null [INFO] (/home/meteo/dev/redist/fwidbmgr/include/Grid.h:1695) Grid ffmc_tmp configured.
2017-01-13 05:11:13,854 null [INFO] (/home/meteo/dev/redist/fwidbmgr/include/Grid.h:1595) Configuring grid: dmc_tmp
2017-01-13 05:11:13,854 null [INFO] (/home/meteo/dev/redist/fwidbmgr/include/Grid.h:1695) Grid dmc_tmp configured.
2017-01-13 05:11:13,870 null [INFO] (/home/meteo/dev/redist/fwidbmgr/include/Grid.h:1595) Configuring grid: dc_tmp
2017-01-13 05:11:13,870 null [INFO] (/home/meteo/dev/redist/fwidbmgr/include/Grid.h:1695) Grid dc_tmp configured.
2017-01-13 05:11:13,887 null [INFO] (/home/meteo/dev/redist/fwidbmgr/include/Grid.h:1595) Configuring grid: angstrom
2017-01-13 05:11:13,887 null [INFO] (/home/meteo/dev/redist/fwidbmgr/include/Grid.h:1695) Grid angstrom configured.
2017-01-13 05:11:14,583 null [INFO] (/home/meteo/dev/redist/fwidbmgr/include/Grid.h:1595) Configuring grid: sharples
2017-01-13 05:11:14,584 null [INFO] (/home/meteo/dev/redist/fwidbmgr/include/Grid.h:1695) Grid sharples configured.
2017-01-13 05:11:14,616 null [INFO] (/home/meteo/dev/redist/fwidbmgr/include/Grid.h:1595) Configuring grid: fmi
2017-01-13 05:11:14,616 null [INFO] (/home/meteo/dev/redist/fwidbmgr/include/Grid.h:1695) Grid fmi configured.
2017-01-13 05:11:14,637 null [INFO] (../src/fwidbmgr.cpp:5418) OK --> 20170112 indexes exported to files.
2017-01-13 05:11:14,637 null [INFO] (../src/fwidbmgr.cpp:5496) action exportidx took about 1 seconds.
2017-01-13 05:11:14,637 null [INFO] (../src/fwidbmgr.cpp:5499) Disconnected from database.
2017-01-13 05:11:48,169 null [INFO] (../src/fwidbmgr.cpp:5207) fwi db manager
2017-01-13 05:11:48,169 null [INFO] (../src/fwidbmgr.cpp:5209) Program home: /home/meteo/dev/redist/fwidbmgr
2017-01-13 05:11:48,169 null [INFO] (../src/fwidbmgr.cpp:5211) Auto convert: 1
2017-01-13 05:11:48,169 null [INFO] (../src/fwidbmgr.cpp:458) action: outimg.
2017-01-13 05:11:48,169 null [INFO] (../src/fwidbmgr.cpp:482) date: 20170112.
2017-01-13 05:11:48,169 null [INFO] (../src/fwidbmgr.cpp:319) Try to read: /home/meteo/dev/redist/fwidbmgr/config/fwidbmgr.conf.
2017-01-13 05:11:48,170 null [INFO] (../src/fwidbmgr.cpp:5240) Configuration parsing: OK.
2017-01-13 05:11:48,171 null [INFO] (../src/fwidbmgr.cpp:5322) Connected to database
2017-01-13 05:11:48,171 null [INFO] (../src/fwidbmgr.cpp:5323) Manage data for date: 20170112.
2017-01-13 05:11:48,171 null [INFO] (../src/fwidbmgr.cpp:5391) Importing fwi indexes images in database.
2017-01-13 05:11:48,211 null [INFO] (../src/fwidbmgr.cpp:5394) OK --> 20170112 images imported.
2017-01-13 05:11:48,211 null [INFO] (../src/fwidbmgr.cpp:5496) action outimg took about 0 seconds.
2017-01-13 05:11:48,211 null [INFO] (../src/fwidbmgr.cpp:5499) Disconnected from database.
2017-01-13 05:37:01,489 null [INFO] (../src/fwidbmgr.cpp:5207) fwi db manager
2017-01-13 05:37:01,489 null [INFO] (../src/fwidbmgr.cpp:5209) Program home: /home/meteo/dev/redist/fwidbmgr
2017-01-13 05:37:01,489 null [INFO] (../src/fwidbmgr.cpp:5211) Auto convert: 1
2017-01-13 05:37:01,489 null [INFO] (../src/fwidbmgr.cpp:458) action: outimg.
2017-01-13 05:37:01,489 null [INFO] (../src/fwidbmgr.cpp:482) date: 20170112.
2017-01-13 05:37:01,489 null [INFO] (../src/fwidbmgr.cpp:319) Try to read: /home/meteo/dev/redist/fwidbmgr/config/fwidbmgr.conf.
2017-01-13 05:37:01,490 null [INFO] (../src/fwidbmgr.cpp:5240) Configuration parsing: OK.
2017-01-13 05:37:01,492 null [INFO] (../src/fwidbmgr.cpp:5322) Connected to database
2017-01-13 05:37:01,492 null [INFO] (../src/fwidbmgr.cpp:5323) Manage data for date: 20170112.
2017-01-13 05:37:01,492 null [INFO] (../src/fwidbmgr.cpp:5391) Importing fwi indexes images in database.
2017-01-13 05:37:01,686 null [INFO] (../src/fwidbmgr.cpp:5394) OK --> 20170112 images imported.
2017-01-13 05:37:01,686 null [INFO] (../src/fwidbmgr.cpp:5496) action outimg took about 0 seconds.
2017-01-13 05:37:01,686 null [INFO] (../src/fwidbmgr.cpp:5499) Disconnected from database.
2017-01-13 06:05:01,766 null [INFO] (../src/fwidbmgr.cpp:5207) fwi db manager
2017-01-13 06:05:01,766 null [INFO] (../src/fwidbmgr.cpp:5209) Program home: /home/meteo/dev/redist/fwidbmgr
2017-01-13 06:05:01,766 null [INFO] (../src/fwidbmgr.cpp:5211) Auto convert: 1
2017-01-13 06:05:01,766 null [INFO] (../src/fwidbmgr.cpp:458) action: outimg.
2017-01-13 06:05:01,766 null [INFO] (../src/fwidbmgr.cpp:482) date: 20170112.
2017-01-13 06:05:01,766 null [INFO] (../src/fwidbmgr.cpp:319) Try to read: /home/meteo/dev/redist/fwidbmgr/config/fwidbmgr.conf.
2017-01-13 06:05:01,767 null [INFO] (../src/fwidbmgr.cpp:5240) Configuration parsing: OK.
2017-01-13 06:05:01,769 null [INFO] (../src/fwidbmgr.cpp:5322) Connected to database
2017-01-13 06:05:01,769 null [INFO] (../src/fwidbmgr.cpp:5323) Manage data for date: 20170112.
2017-01-13 06:05:01,769 null [INFO] (../src/fwidbmgr.cpp:5391) Importing fwi indexes images in database.
2017-01-13 06:05:01,803 null [INFO] (../src/fwidbmgr.cpp:5394) OK --> 20170112 images imported.
2017-01-13 06:05:01,803 null [INFO] (../src/fwidbmgr.cpp:5496) action outimg took about 0 seconds.
2017-01-13 06:05:01,803 null [INFO] (../src/fwidbmgr.cpp:5499) Disconnected from database.
2017-01-13 06:37:01,891 null [INFO] (../src/fwidbmgr.cpp:5207) fwi db manager
2017-01-13 06:37:01,891 null [INFO] (../src/fwidbmgr.cpp:5209) Program home: /home/meteo/dev/redist/fwidbmgr
2017-01-13 06:37:01,891 null [INFO] (../src/fwidbmgr.cpp:5211) Auto convert: 1
2017-01-13 06:37:01,891 null [INFO] (../src/fwidbmgr.cpp:458) action: outimg.
2017-01-13 06:37:01,891 null [INFO] (../src/fwidbmgr.cpp:482) date: 20170112.
2017-01-13 06:37:01,891 null [INFO] (../src/fwidbmgr.cpp:319) Try to read: /home/meteo/dev/redist/fwidbmgr/config/fwidbmgr.conf.
2017-01-13 06:37:01,894 null [INFO] (../src/fwidbmgr.cpp:5240) Configuration parsing: OK.
2017-01-13 06:37:01,896 null [INFO] (../src/fwidbmgr.cpp:5322) Connected to database
2017-01-13 06:37:01,897 null [INFO] (../src/fwidbmgr.cpp:5323) Manage data for date: 20170112.
2017-01-13 06:37:01,897 null [INFO] (../src/fwidbmgr.cpp:5391) Importing fwi indexes images in database.
2017-01-13 06:37:01,932 null [INFO] (../src/fwidbmgr.cpp:5394) OK --> 20170112 images imported.
2017-01-13 06:37:01,932 null [INFO] (../src/fwidbmgr.cpp:5496) action outimg took about 0 seconds.
2017-01-13 06:37:01,932 null [INFO] (../src/fwidbmgr.cpp:5499) Disconnected from database.
2017-01-13 07:05:02,033 null [INFO] (../src/fwidbmgr.cpp:5207) fwi db manager
2017-01-13 07:05:02,033 null [INFO] (../src/fwidbmgr.cpp:5209) Program home: /home/meteo/dev/redist/fwidbmgr
2017-01-13 07:05:02,033 null [INFO] (../src/fwidbmgr.cpp:5211) Auto convert: 1
2017-01-13 07:05:02,033 null [INFO] (../src/fwidbmgr.cpp:458) action: outimg.
2017-01-13 07:05:02,033 null [INFO] (../src/fwidbmgr.cpp:482) date: 20170112.
2017-01-13 07:05:02,033 null [INFO] (../src/fwidbmgr.cpp:319) Try to read: /home/meteo/dev/redist/fwidbmgr/config/fwidbmgr.conf.
2017-01-13 07:05:02,034 null [INFO] (../src/fwidbmgr.cpp:5240) Configuration parsing: OK.
2017-01-13 07:05:02,036 null [INFO] (../src/fwidbmgr.cpp:5322) Connected to database
2017-01-13 07:05:02,036 null [INFO] (../src/fwidbmgr.cpp:5323) Manage data for date: 20170112.
2017-01-13 07:05:02,036 null [INFO] (../src/fwidbmgr.cpp:5391) Importing fwi indexes images in database.
2017-01-13 07:05:02,072 null [INFO] (../src/fwidbmgr.cpp:5394) OK --> 20170112 images imported.
2017-01-13 07:05:02,072 null [INFO] (../src/fwidbmgr.cpp:5496) action outimg took about 0 seconds.
2017-01-13 07:05:02,072 null [INFO] (../src/fwidbmgr.cpp:5499) Disconnected from database.
2017-01-13 07:37:01,616 null [INFO] (../src/fwidbmgr.cpp:5207) fwi db manager
2017-01-13 07:37:01,616 null [INFO] (../src/fwidbmgr.cpp:5209) Program home: /home/meteo/dev/redist/fwidbmgr
2017-01-13 07:37:01,616 null [INFO] (../src/fwidbmgr.cpp:5211) Auto convert: 1
2017-01-13 07:37:01,616 null [INFO] (../src/fwidbmgr.cpp:458) action: outimg.
2017-01-13 07:37:01,616 null [INFO] (../src/fwidbmgr.cpp:482) date: 20170112.
2017-01-13 07:37:01,617 null [INFO] (../src/fwidbmgr.cpp:319) Try to read: /home/meteo/dev/redist/fwidbmgr/config/fwidbmgr.conf.
2017-01-13 07:37:01,618 null [INFO] (../src/fwidbmgr.cpp:5240) Configuration parsing: OK.
2017-01-13 07:37:01,620 null [INFO] (../src/fwidbmgr.cpp:5322) Connected to database
2017-01-13 07:37:01,620 null [INFO] (../src/fwidbmgr.cpp:5323) Manage data for date: 20170112.
2017-01-13 07:37:01,620 null [INFO] (../src/fwidbmgr.cpp:5391) Importing fwi indexes images in database.
2017-01-13 07:37:01,709 null [INFO] (../src/fwidbmgr.cpp:5394) OK --> 20170112 images imported.
2017-01-13 07:37:01,709 null [INFO] (../src/fwidbmgr.cpp:5496) action outimg took about 0 seconds.
2017-01-13 07:37:01,709 null [INFO] (../src/fwidbmgr.cpp:5499) Disconnected from database.
