2016-06-17 05:08:22,945 null [INFO] (../src/fwidbmgr.cpp:5207) fwi db manager
2016-06-17 05:08:24,057 null [INFO] (../src/fwidbmgr.cpp:5209) Program home: /home/meteo/dev/redist/fwidbmgr
2016-06-17 05:08:24,057 null [INFO] (../src/fwidbmgr.cpp:5211) Auto convert: 1
2016-06-17 05:08:24,057 null [INFO] (../src/fwidbmgr.cpp:458) action: in.
2016-06-17 05:08:24,057 null [INFO] (../src/fwidbmgr.cpp:482) date: 20160616.
2016-06-17 05:08:24,057 null [INFO] (../src/fwidbmgr.cpp:319) Try to read: /home/meteo/dev/redist/fwidbmgr/config/fwidbmgr.conf.
2016-06-17 05:08:24,244 null [INFO] (../src/fwidbmgr.cpp:5240) Configuration parsing: OK.
2016-06-17 05:08:25,185 null [INFO] (../src/fwidbmgr.cpp:5322) Connected to database
2016-06-17 05:08:25,332 null [INFO] (../src/fwidbmgr.cpp:5323) Manage data for date: 20160616.
2016-06-17 05:08:25,383 null [INFO] (../src/fwidbmgr.cpp:5367) Importing meteo data in database for day: 20160616.
2016-06-17 05:08:25,385 null [INFO] (/home/meteo/dev/redist/fwidbmgr/include/Grid.h:1595) Configuring grid: snow
2016-06-17 05:08:25,385 null [INFO] (/home/meteo/dev/redist/fwidbmgr/include/Grid.h:1695) Grid snow configured.
2016-06-17 05:08:25,402 null [INFO] (/home/meteo/dev/redist/fwidbmgr/include/Grid.h:1595) Configuring grid: snow_covering
2016-06-17 05:08:25,402 null [INFO] (/home/meteo/dev/redist/fwidbmgr/include/Grid.h:1695) Grid snow_covering configured.
2016-06-17 05:08:25,420 null [INFO] (/home/meteo/dev/redist/fwidbmgr/include/Grid.h:1595) Configuring grid: snow_dissolution
2016-06-17 05:08:25,420 null [INFO] (/home/meteo/dev/redist/fwidbmgr/include/Grid.h:1695) Grid snow_dissolution configured.
2016-06-17 05:08:25,450 null [INFO] (/home/meteo/dev/redist/fwidbmgr/include/Grid.h:1595) Configuring grid: temperature
2016-06-17 05:08:25,451 null [INFO] (/home/meteo/dev/redist/fwidbmgr/include/Grid.h:1695) Grid temperature configured.
2016-06-17 05:08:25,458 null [INFO] (/home/meteo/dev/redist/fwidbmgr/include/Grid.h:1595) Configuring grid: humidity
2016-06-17 05:08:25,458 null [INFO] (/home/meteo/dev/redist/fwidbmgr/include/Grid.h:1695) Grid humidity configured.
2016-06-17 05:08:25,473 null [INFO] (/home/meteo/dev/redist/fwidbmgr/include/Grid.h:1595) Configuring grid: windspeed
2016-06-17 05:08:25,473 null [INFO] (/home/meteo/dev/redist/fwidbmgr/include/Grid.h:1695) Grid windspeed configured.
2016-06-17 05:08:25,508 null [INFO] (/home/meteo/dev/redist/fwidbmgr/include/Grid.h:1595) Configuring grid: rain
2016-06-17 05:08:25,508 null [INFO] (/home/meteo/dev/redist/fwidbmgr/include/Grid.h:1695) Grid rain configured.
2016-06-17 05:08:25,515 null [INFO] (/home/meteo/dev/redist/fwidbmgr/include/Grid.h:1595) Configuring grid: cum_rain
2016-06-17 05:08:25,515 null [INFO] (/home/meteo/dev/redist/fwidbmgr/include/Grid.h:1695) Grid cum_rain configured.
2016-06-17 05:10:20,933 null [INFO] (../src/fwidbmgr.cpp:1502) Storing meteo input ...
2016-06-17 05:15:11,146 null [INFO] (../src/fwidbmgr.cpp:5370) OK --> 20160616 data imported.
2016-06-17 05:15:12,295 null [INFO] (../src/fwidbmgr.cpp:5496) action in took about 407 seconds.
2016-06-17 05:15:14,479 null [INFO] (../src/fwidbmgr.cpp:5499) Disconnected from database.
2016-06-17 05:18:18,014 null [INFO] (../src/fwidbmgr.cpp:5207) fwi db manager
2016-06-17 05:18:18,015 null [INFO] (../src/fwidbmgr.cpp:5209) Program home: /home/meteo/dev/redist/fwidbmgr
2016-06-17 05:18:18,015 null [INFO] (../src/fwidbmgr.cpp:5211) Auto convert: 1
2016-06-17 05:18:18,015 null [INFO] (../src/fwidbmgr.cpp:458) action: out.
2016-06-17 05:18:18,015 null [INFO] (../src/fwidbmgr.cpp:482) date: 20160616.
2016-06-17 05:18:18,015 null [INFO] (../src/fwidbmgr.cpp:319) Try to read: /home/meteo/dev/redist/fwidbmgr/config/fwidbmgr.conf.
2016-06-17 05:18:18,091 null [INFO] (../src/fwidbmgr.cpp:5240) Configuration parsing: OK.
2016-06-17 05:18:18,141 null [INFO] (../src/fwidbmgr.cpp:5322) Connected to database
2016-06-17 05:18:18,141 null [INFO] (../src/fwidbmgr.cpp:5323) Manage data for date: 20160616.
2016-06-17 05:18:18,141 null [INFO] (../src/fwidbmgr.cpp:5379) Importing fwi indexes data in database for day: 20160616.
2016-06-17 05:18:18,143 null [INFO] (/home/meteo/dev/redist/fwidbmgr/include/Grid.h:1595) Configuring grid: isi
2016-06-17 05:18:18,143 null [INFO] (/home/meteo/dev/redist/fwidbmgr/include/Grid.h:1695) Grid isi configured.
2016-06-17 05:18:18,157 null [INFO] (/home/meteo/dev/redist/fwidbmgr/include/Grid.h:1595) Configuring grid: fwi
2016-06-17 05:18:18,157 null [INFO] (/home/meteo/dev/redist/fwidbmgr/include/Grid.h:1695) Grid fwi configured.
2016-06-17 05:18:18,170 null [INFO] (/home/meteo/dev/redist/fwidbmgr/include/Grid.h:1595) Configuring grid: ffmc
2016-06-17 05:18:18,170 null [INFO] (/home/meteo/dev/redist/fwidbmgr/include/Grid.h:1695) Grid ffmc configured.
2016-06-17 05:18:18,184 null [INFO] (/home/meteo/dev/redist/fwidbmgr/include/Grid.h:1595) Configuring grid: dmc
2016-06-17 05:18:18,184 null [INFO] (/home/meteo/dev/redist/fwidbmgr/include/Grid.h:1695) Grid dmc configured.
2016-06-17 05:18:18,199 null [INFO] (/home/meteo/dev/redist/fwidbmgr/include/Grid.h:1595) Configuring grid: dc
2016-06-17 05:18:18,200 null [INFO] (/home/meteo/dev/redist/fwidbmgr/include/Grid.h:1695) Grid dc configured.
2016-06-17 05:18:18,218 null [INFO] (/home/meteo/dev/redist/fwidbmgr/include/Grid.h:1595) Configuring grid: bui
2016-06-17 05:18:18,218 null [INFO] (/home/meteo/dev/redist/fwidbmgr/include/Grid.h:1695) Grid bui configured.
2016-06-17 05:18:18,233 null [INFO] (/home/meteo/dev/redist/fwidbmgr/include/Grid.h:1595) Configuring grid: ffmc_tmp
2016-06-17 05:18:18,233 null [INFO] (/home/meteo/dev/redist/fwidbmgr/include/Grid.h:1695) Grid ffmc_tmp configured.
2016-06-17 05:18:18,472 null [INFO] (/home/meteo/dev/redist/fwidbmgr/include/Grid.h:1595) Configuring grid: dmc_tmp
2016-06-17 05:18:18,472 null [INFO] (/home/meteo/dev/redist/fwidbmgr/include/Grid.h:1695) Grid dmc_tmp configured.
2016-06-17 05:18:19,001 null [INFO] (/home/meteo/dev/redist/fwidbmgr/include/Grid.h:1595) Configuring grid: dc_tmp
2016-06-17 05:18:19,001 null [INFO] (/home/meteo/dev/redist/fwidbmgr/include/Grid.h:1695) Grid dc_tmp configured.
2016-06-17 05:18:19,044 null [INFO] (/home/meteo/dev/redist/fwidbmgr/include/Grid.h:1595) Configuring grid: idi
2016-06-17 05:18:19,044 null [INFO] (/home/meteo/dev/redist/fwidbmgr/include/Grid.h:1695) Grid idi configured.
2016-06-17 05:19:30,742 null [INFO] (../src/fwidbmgr.cpp:2045) Storing FWI indexes ...
2016-06-17 05:22:39,643 null [INFO] (../src/fwidbmgr.cpp:5382) OK --> 20160616 data imported.
2016-06-17 05:22:39,654 null [INFO] (../src/fwidbmgr.cpp:5496) action out took about 261 seconds.
2016-06-17 05:22:39,718 null [INFO] (../src/fwidbmgr.cpp:5499) Disconnected from database.
2016-06-17 05:22:42,205 null [INFO] (../src/fwidbmgr.cpp:5207) fwi db manager
2016-06-17 05:22:42,205 null [INFO] (../src/fwidbmgr.cpp:5209) Program home: /home/meteo/dev/redist/fwidbmgr
2016-06-17 05:22:42,205 null [INFO] (../src/fwidbmgr.cpp:5211) Auto convert: 1
2016-06-17 05:22:42,205 null [INFO] (../src/fwidbmgr.cpp:458) action: computeidx.
2016-06-17 05:22:42,205 null [INFO] (../src/fwidbmgr.cpp:482) date: 20160616.
2016-06-17 05:22:42,205 null [INFO] (../src/fwidbmgr.cpp:319) Try to read: /home/meteo/dev/redist/fwidbmgr/config/fwidbmgr.conf.
2016-06-17 05:22:42,244 null [INFO] (../src/fwidbmgr.cpp:5240) Configuration parsing: OK.
2016-06-17 05:22:42,361 null [INFO] (../src/fwidbmgr.cpp:5322) Connected to database
2016-06-17 05:22:42,361 null [INFO] (../src/fwidbmgr.cpp:5323) Manage data for date: 20160616.
2016-06-17 05:22:42,361 null [INFO] (../src/fwidbmgr.cpp:5463) Computing indexes.
2016-06-17 05:22:42,363 null [INFO] (/home/meteo/dev/redist/fwidbmgr/include/Grid.h:1595) Configuring grid: isi
2016-06-17 05:22:42,363 null [INFO] (/home/meteo/dev/redist/fwidbmgr/include/Grid.h:1695) Grid isi configured.
2016-06-17 05:22:42,364 null [INFO] (/home/meteo/dev/redist/fwidbmgr/include/Grid.h:1595) Configuring grid: fwi
2016-06-17 05:22:42,365 null [INFO] (/home/meteo/dev/redist/fwidbmgr/include/Grid.h:1695) Grid fwi configured.
2016-06-17 05:22:42,366 null [INFO] (/home/meteo/dev/redist/fwidbmgr/include/Grid.h:1595) Configuring grid: ffmc
2016-06-17 05:22:42,370 null [INFO] (/home/meteo/dev/redist/fwidbmgr/include/Grid.h:1695) Grid ffmc configured.
2016-06-17 05:22:42,371 null [INFO] (/home/meteo/dev/redist/fwidbmgr/include/Grid.h:1595) Configuring grid: dmc
2016-06-17 05:22:42,371 null [INFO] (/home/meteo/dev/redist/fwidbmgr/include/Grid.h:1695) Grid dmc configured.
2016-06-17 05:22:42,373 null [INFO] (/home/meteo/dev/redist/fwidbmgr/include/Grid.h:1595) Configuring grid: dc
2016-06-17 05:22:42,373 null [INFO] (/home/meteo/dev/redist/fwidbmgr/include/Grid.h:1695) Grid dc configured.
2016-06-17 05:22:42,374 null [INFO] (/home/meteo/dev/redist/fwidbmgr/include/Grid.h:1595) Configuring grid: bui
2016-06-17 05:22:42,374 null [INFO] (/home/meteo/dev/redist/fwidbmgr/include/Grid.h:1695) Grid bui configured.
2016-06-17 05:22:42,376 null [INFO] (/home/meteo/dev/redist/fwidbmgr/include/Grid.h:1595) Configuring grid: ffmc_tmp
2016-06-17 05:22:42,376 null [INFO] (/home/meteo/dev/redist/fwidbmgr/include/Grid.h:1695) Grid ffmc_tmp configured.
2016-06-17 05:22:42,377 null [INFO] (/home/meteo/dev/redist/fwidbmgr/include/Grid.h:1595) Configuring grid: dmc_tmp
2016-06-17 05:22:42,377 null [INFO] (/home/meteo/dev/redist/fwidbmgr/include/Grid.h:1695) Grid dmc_tmp configured.
2016-06-17 05:22:42,379 null [INFO] (/home/meteo/dev/redist/fwidbmgr/include/Grid.h:1595) Configuring grid: dc_tmp
2016-06-17 05:22:42,379 null [INFO] (/home/meteo/dev/redist/fwidbmgr/include/Grid.h:1695) Grid dc_tmp configured.
2016-06-17 05:22:42,380 null [INFO] (/home/meteo/dev/redist/fwidbmgr/include/Grid.h:1595) Configuring grid: idi
2016-06-17 05:22:42,380 null [INFO] (/home/meteo/dev/redist/fwidbmgr/include/Grid.h:1695) Grid idi configured.
2016-06-17 05:22:42,381 null [INFO] (/home/meteo/dev/redist/fwidbmgr/include/Grid.h:1595) Configuring grid: angstrom
2016-06-17 05:22:42,382 null [INFO] (/home/meteo/dev/redist/fwidbmgr/include/Grid.h:1695) Grid angstrom configured.
2016-06-17 05:22:42,383 null [INFO] (/home/meteo/dev/redist/fwidbmgr/include/Grid.h:1595) Configuring grid: fmi
2016-06-17 05:22:42,383 null [INFO] (/home/meteo/dev/redist/fwidbmgr/include/Grid.h:1695) Grid fmi configured.
2016-06-17 05:22:42,384 null [INFO] (/home/meteo/dev/redist/fwidbmgr/include/Grid.h:1595) Configuring grid: sharples
2016-06-17 05:22:42,384 null [INFO] (/home/meteo/dev/redist/fwidbmgr/include/Grid.h:1695) Grid sharples configured.
2016-06-17 05:23:12,987 null [INFO] (/home/meteo/dev/redist/fwidbmgr/include/Grid.h:1595) Configuring grid: snow
2016-06-17 05:23:12,987 null [INFO] (/home/meteo/dev/redist/fwidbmgr/include/Grid.h:1695) Grid snow configured.
2016-06-17 05:23:12,987 null [INFO] (/home/meteo/dev/redist/fwidbmgr/include/Grid.h:1595) Configuring grid: snow_covering
2016-06-17 05:23:12,987 null [INFO] (/home/meteo/dev/redist/fwidbmgr/include/Grid.h:1695) Grid snow_covering configured.
2016-06-17 05:23:12,987 null [INFO] (/home/meteo/dev/redist/fwidbmgr/include/Grid.h:1595) Configuring grid: snow_dissolution
2016-06-17 05:23:12,987 null [INFO] (/home/meteo/dev/redist/fwidbmgr/include/Grid.h:1695) Grid snow_dissolution configured.
2016-06-17 05:23:12,987 null [INFO] (/home/meteo/dev/redist/fwidbmgr/include/Grid.h:1595) Configuring grid: temperature
2016-06-17 05:23:12,987 null [INFO] (/home/meteo/dev/redist/fwidbmgr/include/Grid.h:1695) Grid temperature configured.
2016-06-17 05:23:12,987 null [INFO] (/home/meteo/dev/redist/fwidbmgr/include/Grid.h:1595) Configuring grid: humidity
2016-06-17 05:23:12,988 null [INFO] (/home/meteo/dev/redist/fwidbmgr/include/Grid.h:1695) Grid humidity configured.
2016-06-17 05:23:12,988 null [INFO] (/home/meteo/dev/redist/fwidbmgr/include/Grid.h:1595) Configuring grid: windspeed
2016-06-17 05:23:12,988 null [INFO] (/home/meteo/dev/redist/fwidbmgr/include/Grid.h:1695) Grid windspeed configured.
2016-06-17 05:23:12,988 null [INFO] (/home/meteo/dev/redist/fwidbmgr/include/Grid.h:1595) Configuring grid: rain
2016-06-17 05:23:12,988 null [INFO] (/home/meteo/dev/redist/fwidbmgr/include/Grid.h:1695) Grid rain configured.
2016-06-17 05:23:12,988 null [INFO] (/home/meteo/dev/redist/fwidbmgr/include/Grid.h:1595) Configuring grid: cum_rain
2016-06-17 05:23:12,988 null [INFO] (/home/meteo/dev/redist/fwidbmgr/include/Grid.h:1695) Grid cum_rain configured.
2016-06-17 05:26:58,317 null [INFO] (../src/fwidbmgr.cpp:5466) OK --> 20160616 indexes computed.
2016-06-17 05:26:58,320 null [INFO] (../src/fwidbmgr.cpp:5496) action computeidx took about 256 seconds.
2016-06-17 05:26:58,320 null [INFO] (../src/fwidbmgr.cpp:5499) Disconnected from database.
2016-06-17 05:27:00,989 null [INFO] (../src/fwidbmgr.cpp:5207) fwi db manager
2016-06-17 05:27:00,989 null [INFO] (../src/fwidbmgr.cpp:5209) Program home: /home/meteo/dev/redist/fwidbmgr
2016-06-17 05:27:00,989 null [INFO] (../src/fwidbmgr.cpp:5211) Auto convert: 1
2016-06-17 05:27:00,991 null [INFO] (../src/fwidbmgr.cpp:458) action: exportidx.
2016-06-17 05:27:00,991 null [INFO] (../src/fwidbmgr.cpp:482) date: 20160616.
2016-06-17 05:27:00,991 null [INFO] (../src/fwidbmgr.cpp:319) Try to read: /home/meteo/dev/redist/fwidbmgr/config/fwidbmgr.conf.
2016-06-17 05:27:01,005 null [INFO] (../src/fwidbmgr.cpp:5240) Configuration parsing: OK.
2016-06-17 05:27:01,033 null [INFO] (../src/fwidbmgr.cpp:5322) Connected to database
2016-06-17 05:27:01,033 null [INFO] (../src/fwidbmgr.cpp:5323) Manage data for date: 20160616.
2016-06-17 05:27:01,033 null [INFO] (../src/fwidbmgr.cpp:5415) Exporting indexes.
2016-06-17 05:27:01,035 null [INFO] (/home/meteo/dev/redist/fwidbmgr/include/Grid.h:1595) Configuring grid: isi
2016-06-17 05:27:01,035 null [INFO] (/home/meteo/dev/redist/fwidbmgr/include/Grid.h:1695) Grid isi configured.
2016-06-17 05:27:01,036 null [INFO] (/home/meteo/dev/redist/fwidbmgr/include/Grid.h:1595) Configuring grid: fwi
2016-06-17 05:27:01,036 null [INFO] (/home/meteo/dev/redist/fwidbmgr/include/Grid.h:1695) Grid fwi configured.
2016-06-17 05:27:01,037 null [INFO] (/home/meteo/dev/redist/fwidbmgr/include/Grid.h:1595) Configuring grid: ffmc
2016-06-17 05:27:01,038 null [INFO] (/home/meteo/dev/redist/fwidbmgr/include/Grid.h:1695) Grid ffmc configured.
2016-06-17 05:27:01,039 null [INFO] (/home/meteo/dev/redist/fwidbmgr/include/Grid.h:1595) Configuring grid: dmc
2016-06-17 05:27:01,039 null [INFO] (/home/meteo/dev/redist/fwidbmgr/include/Grid.h:1695) Grid dmc configured.
2016-06-17 05:27:01,040 null [INFO] (/home/meteo/dev/redist/fwidbmgr/include/Grid.h:1595) Configuring grid: dc
2016-06-17 05:27:01,040 null [INFO] (/home/meteo/dev/redist/fwidbmgr/include/Grid.h:1695) Grid dc configured.
2016-06-17 05:27:01,042 null [INFO] (/home/meteo/dev/redist/fwidbmgr/include/Grid.h:1595) Configuring grid: bui
2016-06-17 05:27:01,042 null [INFO] (/home/meteo/dev/redist/fwidbmgr/include/Grid.h:1695) Grid bui configured.
2016-06-17 05:27:01,043 null [INFO] (/home/meteo/dev/redist/fwidbmgr/include/Grid.h:1595) Configuring grid: ffmc_tmp
2016-06-17 05:27:01,043 null [INFO] (/home/meteo/dev/redist/fwidbmgr/include/Grid.h:1695) Grid ffmc_tmp configured.
2016-06-17 05:27:01,045 null [INFO] (/home/meteo/dev/redist/fwidbmgr/include/Grid.h:1595) Configuring grid: dmc_tmp
2016-06-17 05:27:01,045 null [INFO] (/home/meteo/dev/redist/fwidbmgr/include/Grid.h:1695) Grid dmc_tmp configured.
2016-06-17 05:27:01,046 null [INFO] (/home/meteo/dev/redist/fwidbmgr/include/Grid.h:1595) Configuring grid: dc_tmp
2016-06-17 05:27:01,046 null [INFO] (/home/meteo/dev/redist/fwidbmgr/include/Grid.h:1695) Grid dc_tmp configured.
2016-06-17 05:27:01,047 null [INFO] (/home/meteo/dev/redist/fwidbmgr/include/Grid.h:1595) Configuring grid: idi
2016-06-17 05:27:01,048 null [INFO] (/home/meteo/dev/redist/fwidbmgr/include/Grid.h:1695) Grid idi configured.
2016-06-17 05:27:01,049 null [INFO] (/home/meteo/dev/redist/fwidbmgr/include/Grid.h:1595) Configuring grid: angstrom
2016-06-17 05:27:01,049 null [INFO] (/home/meteo/dev/redist/fwidbmgr/include/Grid.h:1695) Grid angstrom configured.
2016-06-17 05:27:01,050 null [INFO] (/home/meteo/dev/redist/fwidbmgr/include/Grid.h:1595) Configuring grid: fmi
2016-06-17 05:27:01,050 null [INFO] (/home/meteo/dev/redist/fwidbmgr/include/Grid.h:1695) Grid fmi configured.
2016-06-17 05:27:01,052 null [INFO] (/home/meteo/dev/redist/fwidbmgr/include/Grid.h:1595) Configuring grid: sharples
2016-06-17 05:27:01,052 null [INFO] (/home/meteo/dev/redist/fwidbmgr/include/Grid.h:1695) Grid sharples configured.
2016-06-17 05:27:56,977 null [INFO] (/home/meteo/dev/redist/fwidbmgr/include/Grid.h:1595) Configuring grid: isi
2016-06-17 05:27:56,977 null [INFO] (/home/meteo/dev/redist/fwidbmgr/include/Grid.h:1695) Grid isi configured.
2016-06-17 05:27:57,172 null [INFO] (/home/meteo/dev/redist/fwidbmgr/include/Grid.h:1595) Configuring grid: fwi
2016-06-17 05:27:57,172 null [INFO] (/home/meteo/dev/redist/fwidbmgr/include/Grid.h:1695) Grid fwi configured.
2016-06-17 05:27:57,226 null [INFO] (/home/meteo/dev/redist/fwidbmgr/include/Grid.h:1595) Configuring grid: ffmc
2016-06-17 05:27:57,226 null [INFO] (/home/meteo/dev/redist/fwidbmgr/include/Grid.h:1695) Grid ffmc configured.
2016-06-17 05:27:57,291 null [INFO] (/home/meteo/dev/redist/fwidbmgr/include/Grid.h:1595) Configuring grid: dmc
2016-06-17 05:27:57,291 null [INFO] (/home/meteo/dev/redist/fwidbmgr/include/Grid.h:1695) Grid dmc configured.
2016-06-17 05:27:57,332 null [INFO] (/home/meteo/dev/redist/fwidbmgr/include/Grid.h:1595) Configuring grid: dc
2016-06-17 05:27:57,332 null [INFO] (/home/meteo/dev/redist/fwidbmgr/include/Grid.h:1695) Grid dc configured.
2016-06-17 05:27:57,435 null [INFO] (/home/meteo/dev/redist/fwidbmgr/include/Grid.h:1595) Configuring grid: bui
2016-06-17 05:27:57,435 null [INFO] (/home/meteo/dev/redist/fwidbmgr/include/Grid.h:1695) Grid bui configured.
2016-06-17 05:27:57,493 null [INFO] (/home/meteo/dev/redist/fwidbmgr/include/Grid.h:1595) Configuring grid: ffmc_tmp
2016-06-17 05:27:57,493 null [INFO] (/home/meteo/dev/redist/fwidbmgr/include/Grid.h:1695) Grid ffmc_tmp configured.
2016-06-17 05:27:57,570 null [INFO] (/home/meteo/dev/redist/fwidbmgr/include/Grid.h:1595) Configuring grid: dmc_tmp
2016-06-17 05:27:57,570 null [INFO] (/home/meteo/dev/redist/fwidbmgr/include/Grid.h:1695) Grid dmc_tmp configured.
2016-06-17 05:27:57,623 null [INFO] (/home/meteo/dev/redist/fwidbmgr/include/Grid.h:1595) Configuring grid: dc_tmp
2016-06-17 05:27:57,623 null [INFO] (/home/meteo/dev/redist/fwidbmgr/include/Grid.h:1695) Grid dc_tmp configured.
2016-06-17 05:27:57,691 null [INFO] (/home/meteo/dev/redist/fwidbmgr/include/Grid.h:1595) Configuring grid: angstrom
2016-06-17 05:27:57,691 null [INFO] (/home/meteo/dev/redist/fwidbmgr/include/Grid.h:1695) Grid angstrom configured.
2016-06-17 05:27:57,913 null [INFO] (/home/meteo/dev/redist/fwidbmgr/include/Grid.h:1595) Configuring grid: sharples
2016-06-17 05:27:57,913 null [INFO] (/home/meteo/dev/redist/fwidbmgr/include/Grid.h:1695) Grid sharples configured.
2016-06-17 05:27:57,965 null [INFO] (/home/meteo/dev/redist/fwidbmgr/include/Grid.h:1595) Configuring grid: fmi
2016-06-17 05:27:57,965 null [INFO] (/home/meteo/dev/redist/fwidbmgr/include/Grid.h:1695) Grid fmi configured.
2016-06-17 05:27:58,206 null [INFO] (../src/fwidbmgr.cpp:5418) OK --> 20160616 indexes exported to files.
2016-06-17 05:27:58,316 null [INFO] (../src/fwidbmgr.cpp:5496) action exportidx took about 57 seconds.
2016-06-17 05:27:58,316 null [INFO] (../src/fwidbmgr.cpp:5499) Disconnected from database.
