2018-02-09 05:06:49,257 null [INFO] (../src/fwidbmgr.cpp:5361) fwi db manager
2018-02-09 05:06:49,257 null [INFO] (../src/fwidbmgr.cpp:5365) Program home: /home/meteo/dev/redist/fwidbmgr
2018-02-09 05:06:49,257 null [INFO] (../src/fwidbmgr.cpp:5369) Auto convert: 1
2018-02-09 05:06:49,257 null [INFO] (../src/fwidbmgr.cpp:446) action: in.
2018-02-09 05:06:49,257 null [INFO] (../src/fwidbmgr.cpp:470) date: 20180208.
2018-02-09 05:06:49,257 null [INFO] (../src/fwidbmgr.cpp:322) Try to read: /home/meteo/dev/redist/fwidbmgr/config/fwidbmgr.conf.
2018-02-09 05:06:49,281 null [INFO] (../src/fwidbmgr.cpp:5393) Configuration parsing: OK.
2018-02-09 05:06:49,330 null [INFO] (../src/fwidbmgr.cpp:5478) Connected to database
2018-02-09 05:06:49,330 null [INFO] (../src/fwidbmgr.cpp:5480) Manage data for date: 20180208.
2018-02-09 05:06:49,330 null [INFO] (../src/fwidbmgr.cpp:5536) Importing meteo data in database for day: 20180208.
2018-02-09 05:06:49,338 null [INFO] (/home/meteo/dev/redist/fwidbmgr/include/Grid.h:1595) Configuring grid: snow
2018-02-09 05:06:49,338 null [INFO] (/home/meteo/dev/redist/fwidbmgr/include/Grid.h:1695) Grid snow configured.
2018-02-09 05:06:49,352 null [INFO] (/home/meteo/dev/redist/fwidbmgr/include/Grid.h:1595) Configuring grid: snow_covering
2018-02-09 05:06:49,352 null [INFO] (/home/meteo/dev/redist/fwidbmgr/include/Grid.h:1695) Grid snow_covering configured.
2018-02-09 05:06:49,369 null [INFO] (/home/meteo/dev/redist/fwidbmgr/include/Grid.h:1595) Configuring grid: snow_dissolution
2018-02-09 05:06:49,369 null [INFO] (/home/meteo/dev/redist/fwidbmgr/include/Grid.h:1695) Grid snow_dissolution configured.
2018-02-09 05:06:49,398 null [INFO] (/home/meteo/dev/redist/fwidbmgr/include/Grid.h:1595) Configuring grid: temperature
2018-02-09 05:06:49,399 null [INFO] (/home/meteo/dev/redist/fwidbmgr/include/Grid.h:1695) Grid temperature configured.
2018-02-09 05:06:49,404 null [INFO] (/home/meteo/dev/redist/fwidbmgr/include/Grid.h:1595) Configuring grid: humidity
2018-02-09 05:06:49,404 null [INFO] (/home/meteo/dev/redist/fwidbmgr/include/Grid.h:1695) Grid humidity configured.
2018-02-09 05:06:49,414 null [INFO] (/home/meteo/dev/redist/fwidbmgr/include/Grid.h:1595) Configuring grid: windspeed
2018-02-09 05:06:49,414 null [INFO] (/home/meteo/dev/redist/fwidbmgr/include/Grid.h:1695) Grid windspeed configured.
2018-02-09 05:06:49,439 null [INFO] (/home/meteo/dev/redist/fwidbmgr/include/Grid.h:1595) Configuring grid: rain
2018-02-09 05:06:49,440 null [INFO] (/home/meteo/dev/redist/fwidbmgr/include/Grid.h:1695) Grid rain configured.
2018-02-09 05:06:49,444 null [INFO] (/home/meteo/dev/redist/fwidbmgr/include/Grid.h:1595) Configuring grid: cum_rain
2018-02-09 05:06:49,444 null [INFO] (/home/meteo/dev/redist/fwidbmgr/include/Grid.h:1695) Grid cum_rain configured.
2018-02-09 05:06:49,755 null [INFO] (../src/fwidbmgr.cpp:1518) Storing meteo input ...
2018-02-09 05:07:03,013 null [INFO] (../src/fwidbmgr.cpp:5540) OK --> 20180208 data imported.
2018-02-09 05:07:03,033 null [INFO] (../src/fwidbmgr.cpp:5695) action in took about 14 seconds.
2018-02-09 05:07:03,070 null [INFO] (../src/fwidbmgr.cpp:5699) Disconnected from database.
2018-02-09 05:08:18,351 null [INFO] (../src/fwidbmgr.cpp:5361) fwi db manager
2018-02-09 05:08:18,399 null [INFO] (../src/fwidbmgr.cpp:5365) Program home: /home/meteo/dev/redist/fwidbmgr
2018-02-09 05:08:18,400 null [INFO] (../src/fwidbmgr.cpp:5369) Auto convert: 1
2018-02-09 05:08:18,400 null [INFO] (../src/fwidbmgr.cpp:446) action: out.
2018-02-09 05:08:18,400 null [INFO] (../src/fwidbmgr.cpp:470) date: 20180208.
2018-02-09 05:08:18,400 null [INFO] (../src/fwidbmgr.cpp:322) Try to read: /home/meteo/dev/redist/fwidbmgr/config/fwidbmgr.conf.
2018-02-09 05:08:18,407 null [INFO] (../src/fwidbmgr.cpp:5393) Configuration parsing: OK.
2018-02-09 05:08:18,416 null [INFO] (../src/fwidbmgr.cpp:5478) Connected to database
2018-02-09 05:08:18,416 null [INFO] (../src/fwidbmgr.cpp:5480) Manage data for date: 20180208.
2018-02-09 05:08:18,417 null [INFO] (../src/fwidbmgr.cpp:5551) Importing fwi indexes data in database for day: 20180208.
2018-02-09 05:08:18,418 null [INFO] (/home/meteo/dev/redist/fwidbmgr/include/Grid.h:1595) Configuring grid: isi
2018-02-09 05:08:18,418 null [INFO] (/home/meteo/dev/redist/fwidbmgr/include/Grid.h:1695) Grid isi configured.
2018-02-09 05:08:18,432 null [INFO] (/home/meteo/dev/redist/fwidbmgr/include/Grid.h:1595) Configuring grid: fwi
2018-02-09 05:08:18,432 null [INFO] (/home/meteo/dev/redist/fwidbmgr/include/Grid.h:1695) Grid fwi configured.
2018-02-09 05:08:18,446 null [INFO] (/home/meteo/dev/redist/fwidbmgr/include/Grid.h:1595) Configuring grid: ffmc
2018-02-09 05:08:18,446 null [INFO] (/home/meteo/dev/redist/fwidbmgr/include/Grid.h:1695) Grid ffmc configured.
2018-02-09 05:08:18,459 null [INFO] (/home/meteo/dev/redist/fwidbmgr/include/Grid.h:1595) Configuring grid: dmc
2018-02-09 05:08:18,460 null [INFO] (/home/meteo/dev/redist/fwidbmgr/include/Grid.h:1695) Grid dmc configured.
2018-02-09 05:08:18,473 null [INFO] (/home/meteo/dev/redist/fwidbmgr/include/Grid.h:1595) Configuring grid: dc
2018-02-09 05:08:18,473 null [INFO] (/home/meteo/dev/redist/fwidbmgr/include/Grid.h:1695) Grid dc configured.
2018-02-09 05:08:18,487 null [INFO] (/home/meteo/dev/redist/fwidbmgr/include/Grid.h:1595) Configuring grid: bui
2018-02-09 05:08:18,487 null [INFO] (/home/meteo/dev/redist/fwidbmgr/include/Grid.h:1695) Grid bui configured.
2018-02-09 05:08:18,500 null [INFO] (/home/meteo/dev/redist/fwidbmgr/include/Grid.h:1595) Configuring grid: ffmc_tmp
2018-02-09 05:08:18,500 null [INFO] (/home/meteo/dev/redist/fwidbmgr/include/Grid.h:1695) Grid ffmc_tmp configured.
2018-02-09 05:08:18,531 null [INFO] (/home/meteo/dev/redist/fwidbmgr/include/Grid.h:1595) Configuring grid: dmc_tmp
2018-02-09 05:08:18,531 null [INFO] (/home/meteo/dev/redist/fwidbmgr/include/Grid.h:1695) Grid dmc_tmp configured.
2018-02-09 05:08:18,551 null [INFO] (/home/meteo/dev/redist/fwidbmgr/include/Grid.h:1595) Configuring grid: dc_tmp
2018-02-09 05:08:18,551 null [INFO] (/home/meteo/dev/redist/fwidbmgr/include/Grid.h:1695) Grid dc_tmp configured.
2018-02-09 05:08:18,572 null [INFO] (/home/meteo/dev/redist/fwidbmgr/include/Grid.h:1595) Configuring grid: idi
2018-02-09 05:08:18,572 null [INFO] (/home/meteo/dev/redist/fwidbmgr/include/Grid.h:1695) Grid idi configured.
2018-02-09 05:08:18,768 null [INFO] (../src/fwidbmgr.cpp:2081) Storing FWI indexes ...
2018-02-09 05:08:25,458 null [INFO] (../src/fwidbmgr.cpp:5555) OK --> 20180208 data imported.
2018-02-09 05:08:25,458 null [INFO] (../src/fwidbmgr.cpp:5695) action out took about 7 seconds.
2018-02-09 05:08:25,459 null [INFO] (../src/fwidbmgr.cpp:5699) Disconnected from database.
2018-02-09 05:08:25,473 null [INFO] (../src/fwidbmgr.cpp:5361) fwi db manager
2018-02-09 05:08:25,473 null [INFO] (../src/fwidbmgr.cpp:5365) Program home: /home/meteo/dev/redist/fwidbmgr
2018-02-09 05:08:25,473 null [INFO] (../src/fwidbmgr.cpp:5369) Auto convert: 1
2018-02-09 05:08:25,473 null [INFO] (../src/fwidbmgr.cpp:446) action: computeidx.
2018-02-09 05:08:25,473 null [INFO] (../src/fwidbmgr.cpp:470) date: 20180208.
2018-02-09 05:08:25,473 null [INFO] (../src/fwidbmgr.cpp:322) Try to read: /home/meteo/dev/redist/fwidbmgr/config/fwidbmgr.conf.
2018-02-09 05:08:25,475 null [INFO] (../src/fwidbmgr.cpp:5393) Configuration parsing: OK.
2018-02-09 05:08:25,478 null [INFO] (../src/fwidbmgr.cpp:5478) Connected to database
2018-02-09 05:08:25,478 null [INFO] (../src/fwidbmgr.cpp:5480) Manage data for date: 20180208.
2018-02-09 05:08:25,478 null [INFO] (../src/fwidbmgr.cpp:5656) Computing indexes.
2018-02-09 05:08:25,479 null [INFO] (/home/meteo/dev/redist/fwidbmgr/include/Grid.h:1595) Configuring grid: isi
2018-02-09 05:08:25,480 null [INFO] (/home/meteo/dev/redist/fwidbmgr/include/Grid.h:1695) Grid isi configured.
2018-02-09 05:08:25,481 null [INFO] (/home/meteo/dev/redist/fwidbmgr/include/Grid.h:1595) Configuring grid: fwi
2018-02-09 05:08:25,481 null [INFO] (/home/meteo/dev/redist/fwidbmgr/include/Grid.h:1695) Grid fwi configured.
2018-02-09 05:08:25,482 null [INFO] (/home/meteo/dev/redist/fwidbmgr/include/Grid.h:1595) Configuring grid: ffmc
2018-02-09 05:08:25,482 null [INFO] (/home/meteo/dev/redist/fwidbmgr/include/Grid.h:1695) Grid ffmc configured.
2018-02-09 05:08:25,483 null [INFO] (/home/meteo/dev/redist/fwidbmgr/include/Grid.h:1595) Configuring grid: dmc
2018-02-09 05:08:25,483 null [INFO] (/home/meteo/dev/redist/fwidbmgr/include/Grid.h:1695) Grid dmc configured.
2018-02-09 05:08:25,485 null [INFO] (/home/meteo/dev/redist/fwidbmgr/include/Grid.h:1595) Configuring grid: dc
2018-02-09 05:08:25,485 null [INFO] (/home/meteo/dev/redist/fwidbmgr/include/Grid.h:1695) Grid dc configured.
2018-02-09 05:08:25,486 null [INFO] (/home/meteo/dev/redist/fwidbmgr/include/Grid.h:1595) Configuring grid: bui
2018-02-09 05:08:25,486 null [INFO] (/home/meteo/dev/redist/fwidbmgr/include/Grid.h:1695) Grid bui configured.
2018-02-09 05:08:25,487 null [INFO] (/home/meteo/dev/redist/fwidbmgr/include/Grid.h:1595) Configuring grid: ffmc_tmp
2018-02-09 05:08:25,487 null [INFO] (/home/meteo/dev/redist/fwidbmgr/include/Grid.h:1695) Grid ffmc_tmp configured.
2018-02-09 05:08:25,488 null [INFO] (/home/meteo/dev/redist/fwidbmgr/include/Grid.h:1595) Configuring grid: dmc_tmp
2018-02-09 05:08:25,489 null [INFO] (/home/meteo/dev/redist/fwidbmgr/include/Grid.h:1695) Grid dmc_tmp configured.
2018-02-09 05:08:25,490 null [INFO] (/home/meteo/dev/redist/fwidbmgr/include/Grid.h:1595) Configuring grid: dc_tmp
2018-02-09 05:08:25,490 null [INFO] (/home/meteo/dev/redist/fwidbmgr/include/Grid.h:1695) Grid dc_tmp configured.
2018-02-09 05:08:25,491 null [INFO] (/home/meteo/dev/redist/fwidbmgr/include/Grid.h:1595) Configuring grid: idi
2018-02-09 05:08:25,491 null [INFO] (/home/meteo/dev/redist/fwidbmgr/include/Grid.h:1695) Grid idi configured.
2018-02-09 05:08:25,492 null [INFO] (/home/meteo/dev/redist/fwidbmgr/include/Grid.h:1595) Configuring grid: angstrom
2018-02-09 05:08:25,492 null [INFO] (/home/meteo/dev/redist/fwidbmgr/include/Grid.h:1695) Grid angstrom configured.
2018-02-09 05:08:25,494 null [INFO] (/home/meteo/dev/redist/fwidbmgr/include/Grid.h:1595) Configuring grid: fmi
2018-02-09 05:08:25,494 null [INFO] (/home/meteo/dev/redist/fwidbmgr/include/Grid.h:1695) Grid fmi configured.
2018-02-09 05:08:25,495 null [INFO] (/home/meteo/dev/redist/fwidbmgr/include/Grid.h:1595) Configuring grid: sharples
2018-02-09 05:08:25,495 null [INFO] (/home/meteo/dev/redist/fwidbmgr/include/Grid.h:1695) Grid sharples configured.
2018-02-09 05:08:26,092 null [INFO] (/home/meteo/dev/redist/fwidbmgr/include/Grid.h:1595) Configuring grid: snow
2018-02-09 05:08:26,092 null [INFO] (/home/meteo/dev/redist/fwidbmgr/include/Grid.h:1695) Grid snow configured.
2018-02-09 05:08:26,092 null [INFO] (/home/meteo/dev/redist/fwidbmgr/include/Grid.h:1595) Configuring grid: snow_covering
2018-02-09 05:08:26,092 null [INFO] (/home/meteo/dev/redist/fwidbmgr/include/Grid.h:1695) Grid snow_covering configured.
2018-02-09 05:08:26,092 null [INFO] (/home/meteo/dev/redist/fwidbmgr/include/Grid.h:1595) Configuring grid: snow_dissolution
2018-02-09 05:08:26,092 null [INFO] (/home/meteo/dev/redist/fwidbmgr/include/Grid.h:1695) Grid snow_dissolution configured.
2018-02-09 05:08:26,092 null [INFO] (/home/meteo/dev/redist/fwidbmgr/include/Grid.h:1595) Configuring grid: temperature
2018-02-09 05:08:26,092 null [INFO] (/home/meteo/dev/redist/fwidbmgr/include/Grid.h:1695) Grid temperature configured.
2018-02-09 05:08:26,092 null [INFO] (/home/meteo/dev/redist/fwidbmgr/include/Grid.h:1595) Configuring grid: humidity
2018-02-09 05:08:26,093 null [INFO] (/home/meteo/dev/redist/fwidbmgr/include/Grid.h:1695) Grid humidity configured.
2018-02-09 05:08:26,093 null [INFO] (/home/meteo/dev/redist/fwidbmgr/include/Grid.h:1595) Configuring grid: windspeed
2018-02-09 05:08:26,093 null [INFO] (/home/meteo/dev/redist/fwidbmgr/include/Grid.h:1695) Grid windspeed configured.
2018-02-09 05:08:26,093 null [INFO] (/home/meteo/dev/redist/fwidbmgr/include/Grid.h:1595) Configuring grid: rain
2018-02-09 05:08:26,093 null [INFO] (/home/meteo/dev/redist/fwidbmgr/include/Grid.h:1695) Grid rain configured.
2018-02-09 05:08:26,093 null [INFO] (/home/meteo/dev/redist/fwidbmgr/include/Grid.h:1595) Configuring grid: cum_rain
2018-02-09 05:08:26,093 null [INFO] (/home/meteo/dev/redist/fwidbmgr/include/Grid.h:1695) Grid cum_rain configured.
2018-02-09 05:10:21,876 null [INFO] (../src/fwidbmgr.cpp:5660) OK --> 20180208 indexes computed.
2018-02-09 05:10:21,877 null [INFO] (../src/fwidbmgr.cpp:5695) action computeidx took about 116 seconds.
2018-02-09 05:10:21,877 null [INFO] (../src/fwidbmgr.cpp:5699) Disconnected from database.
2018-02-09 05:10:21,895 null [INFO] (../src/fwidbmgr.cpp:5361) fwi db manager
2018-02-09 05:10:21,895 null [INFO] (../src/fwidbmgr.cpp:5365) Program home: /home/meteo/dev/redist/fwidbmgr
2018-02-09 05:10:21,895 null [INFO] (../src/fwidbmgr.cpp:5369) Auto convert: 1
2018-02-09 05:10:21,895 null [INFO] (../src/fwidbmgr.cpp:446) action: exportidx.
2018-02-09 05:10:21,895 null [INFO] (../src/fwidbmgr.cpp:470) date: 20180208.
2018-02-09 05:10:21,895 null [INFO] (../src/fwidbmgr.cpp:322) Try to read: /home/meteo/dev/redist/fwidbmgr/config/fwidbmgr.conf.
2018-02-09 05:10:21,897 null [INFO] (../src/fwidbmgr.cpp:5393) Configuration parsing: OK.
2018-02-09 05:10:21,900 null [INFO] (../src/fwidbmgr.cpp:5478) Connected to database
2018-02-09 05:10:21,900 null [INFO] (../src/fwidbmgr.cpp:5480) Manage data for date: 20180208.
2018-02-09 05:10:21,900 null [INFO] (../src/fwidbmgr.cpp:5596) Exporting indexes.
2018-02-09 05:10:21,902 null [INFO] (/home/meteo/dev/redist/fwidbmgr/include/Grid.h:1595) Configuring grid: isi
2018-02-09 05:10:21,902 null [INFO] (/home/meteo/dev/redist/fwidbmgr/include/Grid.h:1695) Grid isi configured.
2018-02-09 05:10:21,903 null [INFO] (/home/meteo/dev/redist/fwidbmgr/include/Grid.h:1595) Configuring grid: fwi
2018-02-09 05:10:21,903 null [INFO] (/home/meteo/dev/redist/fwidbmgr/include/Grid.h:1695) Grid fwi configured.
2018-02-09 05:10:21,904 null [INFO] (/home/meteo/dev/redist/fwidbmgr/include/Grid.h:1595) Configuring grid: ffmc
2018-02-09 05:10:21,904 null [INFO] (/home/meteo/dev/redist/fwidbmgr/include/Grid.h:1695) Grid ffmc configured.
2018-02-09 05:10:21,906 null [INFO] (/home/meteo/dev/redist/fwidbmgr/include/Grid.h:1595) Configuring grid: dmc
2018-02-09 05:10:21,906 null [INFO] (/home/meteo/dev/redist/fwidbmgr/include/Grid.h:1695) Grid dmc configured.
2018-02-09 05:10:21,907 null [INFO] (/home/meteo/dev/redist/fwidbmgr/include/Grid.h:1595) Configuring grid: dc
2018-02-09 05:10:21,907 null [INFO] (/home/meteo/dev/redist/fwidbmgr/include/Grid.h:1695) Grid dc configured.
2018-02-09 05:10:21,908 null [INFO] (/home/meteo/dev/redist/fwidbmgr/include/Grid.h:1595) Configuring grid: bui
2018-02-09 05:10:21,909 null [INFO] (/home/meteo/dev/redist/fwidbmgr/include/Grid.h:1695) Grid bui configured.
2018-02-09 05:10:21,910 null [INFO] (/home/meteo/dev/redist/fwidbmgr/include/Grid.h:1595) Configuring grid: ffmc_tmp
2018-02-09 05:10:21,910 null [INFO] (/home/meteo/dev/redist/fwidbmgr/include/Grid.h:1695) Grid ffmc_tmp configured.
2018-02-09 05:10:21,911 null [INFO] (/home/meteo/dev/redist/fwidbmgr/include/Grid.h:1595) Configuring grid: dmc_tmp
2018-02-09 05:10:21,911 null [INFO] (/home/meteo/dev/redist/fwidbmgr/include/Grid.h:1695) Grid dmc_tmp configured.
2018-02-09 05:10:21,912 null [INFO] (/home/meteo/dev/redist/fwidbmgr/include/Grid.h:1595) Configuring grid: dc_tmp
2018-02-09 05:10:21,913 null [INFO] (/home/meteo/dev/redist/fwidbmgr/include/Grid.h:1695) Grid dc_tmp configured.
2018-02-09 05:10:21,914 null [INFO] (/home/meteo/dev/redist/fwidbmgr/include/Grid.h:1595) Configuring grid: idi
2018-02-09 05:10:21,914 null [INFO] (/home/meteo/dev/redist/fwidbmgr/include/Grid.h:1695) Grid idi configured.
2018-02-09 05:10:21,915 null [INFO] (/home/meteo/dev/redist/fwidbmgr/include/Grid.h:1595) Configuring grid: angstrom
2018-02-09 05:10:21,915 null [INFO] (/home/meteo/dev/redist/fwidbmgr/include/Grid.h:1695) Grid angstrom configured.
2018-02-09 05:10:21,916 null [INFO] (/home/meteo/dev/redist/fwidbmgr/include/Grid.h:1595) Configuring grid: fmi
2018-02-09 05:10:21,917 null [INFO] (/home/meteo/dev/redist/fwidbmgr/include/Grid.h:1695) Grid fmi configured.
2018-02-09 05:10:21,918 null [INFO] (/home/meteo/dev/redist/fwidbmgr/include/Grid.h:1595) Configuring grid: sharples
2018-02-09 05:10:21,918 null [INFO] (/home/meteo/dev/redist/fwidbmgr/include/Grid.h:1695) Grid sharples configured.
2018-02-09 05:10:22,623 null [INFO] (/home/meteo/dev/redist/fwidbmgr/include/Grid.h:1595) Configuring grid: isi
2018-02-09 05:10:22,623 null [INFO] (/home/meteo/dev/redist/fwidbmgr/include/Grid.h:1695) Grid isi configured.
2018-02-09 05:10:22,661 null [INFO] (/home/meteo/dev/redist/fwidbmgr/include/Grid.h:1595) Configuring grid: fwi
2018-02-09 05:10:22,661 null [INFO] (/home/meteo/dev/redist/fwidbmgr/include/Grid.h:1695) Grid fwi configured.
2018-02-09 05:10:22,699 null [INFO] (/home/meteo/dev/redist/fwidbmgr/include/Grid.h:1595) Configuring grid: ffmc
2018-02-09 05:10:22,699 null [INFO] (/home/meteo/dev/redist/fwidbmgr/include/Grid.h:1695) Grid ffmc configured.
2018-02-09 05:10:22,739 null [INFO] (/home/meteo/dev/redist/fwidbmgr/include/Grid.h:1595) Configuring grid: dmc
2018-02-09 05:10:22,739 null [INFO] (/home/meteo/dev/redist/fwidbmgr/include/Grid.h:1695) Grid dmc configured.
2018-02-09 05:10:22,779 null [INFO] (/home/meteo/dev/redist/fwidbmgr/include/Grid.h:1595) Configuring grid: dc
2018-02-09 05:10:22,779 null [INFO] (/home/meteo/dev/redist/fwidbmgr/include/Grid.h:1695) Grid dc configured.
2018-02-09 05:10:22,818 null [INFO] (/home/meteo/dev/redist/fwidbmgr/include/Grid.h:1595) Configuring grid: bui
2018-02-09 05:10:22,818 null [INFO] (/home/meteo/dev/redist/fwidbmgr/include/Grid.h:1695) Grid bui configured.
2018-02-09 05:10:22,856 null [INFO] (/home/meteo/dev/redist/fwidbmgr/include/Grid.h:1595) Configuring grid: ffmc_tmp
2018-02-09 05:10:22,856 null [INFO] (/home/meteo/dev/redist/fwidbmgr/include/Grid.h:1695) Grid ffmc_tmp configured.
2018-02-09 05:10:22,892 null [INFO] (/home/meteo/dev/redist/fwidbmgr/include/Grid.h:1595) Configuring grid: dmc_tmp
2018-02-09 05:10:22,892 null [INFO] (/home/meteo/dev/redist/fwidbmgr/include/Grid.h:1695) Grid dmc_tmp configured.
2018-02-09 05:10:22,927 null [INFO] (/home/meteo/dev/redist/fwidbmgr/include/Grid.h:1595) Configuring grid: dc_tmp
2018-02-09 05:10:22,927 null [INFO] (/home/meteo/dev/redist/fwidbmgr/include/Grid.h:1695) Grid dc_tmp configured.
2018-02-09 05:10:22,963 null [INFO] (/home/meteo/dev/redist/fwidbmgr/include/Grid.h:1595) Configuring grid: angstrom
2018-02-09 05:10:22,963 null [INFO] (/home/meteo/dev/redist/fwidbmgr/include/Grid.h:1695) Grid angstrom configured.
2018-02-09 05:10:23,031 null [INFO] (/home/meteo/dev/redist/fwidbmgr/include/Grid.h:1595) Configuring grid: sharples
2018-02-09 05:10:23,031 null [INFO] (/home/meteo/dev/redist/fwidbmgr/include/Grid.h:1695) Grid sharples configured.
2018-02-09 05:10:23,074 null [INFO] (/home/meteo/dev/redist/fwidbmgr/include/Grid.h:1595) Configuring grid: fmi
2018-02-09 05:10:23,074 null [INFO] (/home/meteo/dev/redist/fwidbmgr/include/Grid.h:1695) Grid fmi configured.
2018-02-09 05:10:23,137 null [INFO] (../src/fwidbmgr.cpp:5600) OK --> 20180208 indexes exported to files.
2018-02-09 05:10:23,137 null [INFO] (../src/fwidbmgr.cpp:5695) action exportidx took about 2 seconds.
2018-02-09 05:10:23,137 null [INFO] (../src/fwidbmgr.cpp:5699) Disconnected from database.
2018-02-09 05:10:47,459 null [INFO] (../src/fwidbmgr.cpp:5361) fwi db manager
2018-02-09 05:10:47,460 null [INFO] (../src/fwidbmgr.cpp:5365) Program home: /home/meteo/dev/redist/fwidbmgr
2018-02-09 05:10:47,460 null [INFO] (../src/fwidbmgr.cpp:5369) Auto convert: 1
2018-02-09 05:10:47,460 null [INFO] (../src/fwidbmgr.cpp:446) action: outimg.
2018-02-09 05:10:47,460 null [INFO] (../src/fwidbmgr.cpp:470) date: 20180208.
2018-02-09 05:10:47,460 null [INFO] (../src/fwidbmgr.cpp:322) Try to read: /home/meteo/dev/redist/fwidbmgr/config/fwidbmgr.conf.
2018-02-09 05:10:47,462 null [INFO] (../src/fwidbmgr.cpp:5393) Configuration parsing: OK.
2018-02-09 05:10:47,464 null [INFO] (../src/fwidbmgr.cpp:5478) Connected to database
2018-02-09 05:10:47,464 null [INFO] (../src/fwidbmgr.cpp:5480) Manage data for date: 20180208.
2018-02-09 05:10:47,464 null [INFO] (../src/fwidbmgr.cpp:5566) Importing fwi indexes images in database.
2018-02-09 05:10:47,532 null [INFO] (../src/fwidbmgr.cpp:5570) OK --> 20180208 images imported.
2018-02-09 05:10:47,533 null [INFO] (../src/fwidbmgr.cpp:5695) action outimg took about 0 seconds.
2018-02-09 05:10:47,533 null [INFO] (../src/fwidbmgr.cpp:5699) Disconnected from database.
2018-02-09 05:37:01,991 null [INFO] (../src/fwidbmgr.cpp:5361) fwi db manager
2018-02-09 05:37:01,991 null [INFO] (../src/fwidbmgr.cpp:5365) Program home: /home/meteo/dev/redist/fwidbmgr
2018-02-09 05:37:01,991 null [INFO] (../src/fwidbmgr.cpp:5369) Auto convert: 1
2018-02-09 05:37:01,992 null [INFO] (../src/fwidbmgr.cpp:446) action: outimg.
2018-02-09 05:37:01,992 null [INFO] (../src/fwidbmgr.cpp:470) date: 20180208.
2018-02-09 05:37:01,992 null [INFO] (../src/fwidbmgr.cpp:322) Try to read: /home/meteo/dev/redist/fwidbmgr/config/fwidbmgr.conf.
2018-02-09 05:37:01,993 null [INFO] (../src/fwidbmgr.cpp:5393) Configuration parsing: OK.
2018-02-09 05:37:01,999 null [INFO] (../src/fwidbmgr.cpp:5478) Connected to database
2018-02-09 05:37:01,999 null [INFO] (../src/fwidbmgr.cpp:5480) Manage data for date: 20180208.
2018-02-09 05:37:01,999 null [INFO] (../src/fwidbmgr.cpp:5566) Importing fwi indexes images in database.
2018-02-09 05:37:02,103 null [INFO] (../src/fwidbmgr.cpp:5570) OK --> 20180208 images imported.
2018-02-09 05:37:02,104 null [INFO] (../src/fwidbmgr.cpp:5695) action outimg took about 1 seconds.
2018-02-09 05:37:02,104 null [INFO] (../src/fwidbmgr.cpp:5699) Disconnected from database.
2018-02-09 06:05:01,263 null [INFO] (../src/fwidbmgr.cpp:5361) fwi db manager
2018-02-09 06:05:01,263 null [INFO] (../src/fwidbmgr.cpp:5365) Program home: /home/meteo/dev/redist/fwidbmgr
2018-02-09 06:05:01,263 null [INFO] (../src/fwidbmgr.cpp:5369) Auto convert: 1
2018-02-09 06:05:01,263 null [INFO] (../src/fwidbmgr.cpp:446) action: outimg.
2018-02-09 06:05:01,263 null [INFO] (../src/fwidbmgr.cpp:470) date: 20180208.
2018-02-09 06:05:01,264 null [INFO] (../src/fwidbmgr.cpp:322) Try to read: /home/meteo/dev/redist/fwidbmgr/config/fwidbmgr.conf.
2018-02-09 06:05:01,265 null [INFO] (../src/fwidbmgr.cpp:5393) Configuration parsing: OK.
2018-02-09 06:05:01,271 null [INFO] (../src/fwidbmgr.cpp:5478) Connected to database
2018-02-09 06:05:01,271 null [INFO] (../src/fwidbmgr.cpp:5480) Manage data for date: 20180208.
2018-02-09 06:05:01,271 null [INFO] (../src/fwidbmgr.cpp:5566) Importing fwi indexes images in database.
2018-02-09 06:05:01,368 null [INFO] (../src/fwidbmgr.cpp:5570) OK --> 20180208 images imported.
2018-02-09 06:05:01,368 null [INFO] (../src/fwidbmgr.cpp:5695) action outimg took about 0 seconds.
2018-02-09 06:05:01,368 null [INFO] (../src/fwidbmgr.cpp:5699) Disconnected from database.
2018-02-09 06:37:01,509 null [INFO] (../src/fwidbmgr.cpp:5361) fwi db manager
2018-02-09 06:37:01,510 null [INFO] (../src/fwidbmgr.cpp:5365) Program home: /home/meteo/dev/redist/fwidbmgr
2018-02-09 06:37:01,510 null [INFO] (../src/fwidbmgr.cpp:5369) Auto convert: 1
2018-02-09 06:37:01,510 null [INFO] (../src/fwidbmgr.cpp:446) action: outimg.
2018-02-09 06:37:01,510 null [INFO] (../src/fwidbmgr.cpp:470) date: 20180208.
2018-02-09 06:37:01,510 null [INFO] (../src/fwidbmgr.cpp:322) Try to read: /home/meteo/dev/redist/fwidbmgr/config/fwidbmgr.conf.
2018-02-09 06:37:01,512 null [INFO] (../src/fwidbmgr.cpp:5393) Configuration parsing: OK.
2018-02-09 06:37:01,528 null [INFO] (../src/fwidbmgr.cpp:5478) Connected to database
2018-02-09 06:37:01,528 null [INFO] (../src/fwidbmgr.cpp:5480) Manage data for date: 20180208.
2018-02-09 06:37:01,528 null [INFO] (../src/fwidbmgr.cpp:5566) Importing fwi indexes images in database.
2018-02-09 06:37:01,638 null [INFO] (../src/fwidbmgr.cpp:5570) OK --> 20180208 images imported.
2018-02-09 06:37:01,638 null [INFO] (../src/fwidbmgr.cpp:5695) action outimg took about 0 seconds.
2018-02-09 06:37:01,638 null [INFO] (../src/fwidbmgr.cpp:5699) Disconnected from database.
2018-02-09 07:05:01,265 null [INFO] (../src/fwidbmgr.cpp:5361) fwi db manager
2018-02-09 07:05:01,265 null [INFO] (../src/fwidbmgr.cpp:5365) Program home: /home/meteo/dev/redist/fwidbmgr
2018-02-09 07:05:01,265 null [INFO] (../src/fwidbmgr.cpp:5369) Auto convert: 1
2018-02-09 07:05:01,266 null [INFO] (../src/fwidbmgr.cpp:446) action: outimg.
2018-02-09 07:05:01,266 null [INFO] (../src/fwidbmgr.cpp:470) date: 20180208.
2018-02-09 07:05:01,266 null [INFO] (../src/fwidbmgr.cpp:322) Try to read: /home/meteo/dev/redist/fwidbmgr/config/fwidbmgr.conf.
2018-02-09 07:05:01,268 null [INFO] (../src/fwidbmgr.cpp:5393) Configuration parsing: OK.
2018-02-09 07:05:01,277 null [INFO] (../src/fwidbmgr.cpp:5478) Connected to database
2018-02-09 07:05:01,277 null [INFO] (../src/fwidbmgr.cpp:5480) Manage data for date: 20180208.
2018-02-09 07:05:01,277 null [INFO] (../src/fwidbmgr.cpp:5566) Importing fwi indexes images in database.
2018-02-09 07:05:01,387 null [INFO] (../src/fwidbmgr.cpp:5570) OK --> 20180208 images imported.
2018-02-09 07:05:01,388 null [INFO] (../src/fwidbmgr.cpp:5695) action outimg took about 0 seconds.
2018-02-09 07:05:01,388 null [INFO] (../src/fwidbmgr.cpp:5699) Disconnected from database.
2018-02-09 07:37:01,606 null [INFO] (../src/fwidbmgr.cpp:5361) fwi db manager
2018-02-09 07:37:01,606 null [INFO] (../src/fwidbmgr.cpp:5365) Program home: /home/meteo/dev/redist/fwidbmgr
2018-02-09 07:37:01,607 null [INFO] (../src/fwidbmgr.cpp:5369) Auto convert: 1
2018-02-09 07:37:01,607 null [INFO] (../src/fwidbmgr.cpp:446) action: outimg.
2018-02-09 07:37:01,607 null [INFO] (../src/fwidbmgr.cpp:470) date: 20180208.
2018-02-09 07:37:01,608 null [INFO] (../src/fwidbmgr.cpp:322) Try to read: /home/meteo/dev/redist/fwidbmgr/config/fwidbmgr.conf.
2018-02-09 07:37:01,616 null [INFO] (../src/fwidbmgr.cpp:5393) Configuration parsing: OK.
2018-02-09 07:37:01,629 null [INFO] (../src/fwidbmgr.cpp:5478) Connected to database
2018-02-09 07:37:01,629 null [INFO] (../src/fwidbmgr.cpp:5480) Manage data for date: 20180208.
2018-02-09 07:37:01,629 null [INFO] (../src/fwidbmgr.cpp:5566) Importing fwi indexes images in database.
2018-02-09 07:37:01,758 null [INFO] (../src/fwidbmgr.cpp:5570) OK --> 20180208 images imported.
2018-02-09 07:37:01,758 null [INFO] (../src/fwidbmgr.cpp:5695) action outimg took about 0 seconds.
2018-02-09 07:37:01,758 null [INFO] (../src/fwidbmgr.cpp:5699) Disconnected from database.
