2015-02-20 05:07:29,570 null [INFO] (../src/fwidbmgr.cpp:5207) fwi db manager
2015-02-20 05:07:29,570 null [INFO] (../src/fwidbmgr.cpp:5209) Program home: /home/meteo/dev/redist/fwidbmgr
2015-02-20 05:07:29,570 null [INFO] (../src/fwidbmgr.cpp:5211) Auto convert: 1
2015-02-20 05:07:29,570 null [INFO] (../src/fwidbmgr.cpp:458) action: in.
2015-02-20 05:07:29,570 null [INFO] (../src/fwidbmgr.cpp:482) date: 20150219.
2015-02-20 05:07:29,570 null [INFO] (../src/fwidbmgr.cpp:319) Try to read: /home/meteo/dev/redist/fwidbmgr/config/fwidbmgr.conf.
2015-02-20 05:07:29,590 null [INFO] (../src/fwidbmgr.cpp:5240) Configuration parsing: OK.
2015-02-20 05:07:29,634 null [INFO] (../src/fwidbmgr.cpp:5322) Connected to database
2015-02-20 05:07:29,634 null [INFO] (../src/fwidbmgr.cpp:5323) Manage data for date: 20150219.
2015-02-20 05:07:29,634 null [INFO] (../src/fwidbmgr.cpp:5367) Importing meteo data in database for day: 20150219.
2015-02-20 05:07:29,635 null [INFO] (/home/meteo/dev/redist/fwidbmgr/include/Grid.h:1595) Configuring grid: snow
2015-02-20 05:07:29,636 null [INFO] (/home/meteo/dev/redist/fwidbmgr/include/Grid.h:1695) Grid snow configured.
2015-02-20 05:07:29,648 null [INFO] (/home/meteo/dev/redist/fwidbmgr/include/Grid.h:1595) Configuring grid: snow_covering
2015-02-20 05:07:29,648 null [INFO] (/home/meteo/dev/redist/fwidbmgr/include/Grid.h:1695) Grid snow_covering configured.
2015-02-20 05:07:29,662 null [INFO] (/home/meteo/dev/redist/fwidbmgr/include/Grid.h:1595) Configuring grid: snow_dissolution
2015-02-20 05:07:29,663 null [INFO] (/home/meteo/dev/redist/fwidbmgr/include/Grid.h:1695) Grid snow_dissolution configured.
2015-02-20 05:07:29,689 null [INFO] (/home/meteo/dev/redist/fwidbmgr/include/Grid.h:1595) Configuring grid: temperature
2015-02-20 05:07:29,689 null [INFO] (/home/meteo/dev/redist/fwidbmgr/include/Grid.h:1695) Grid temperature configured.
2015-02-20 05:07:29,696 null [INFO] (/home/meteo/dev/redist/fwidbmgr/include/Grid.h:1595) Configuring grid: humidity
2015-02-20 05:07:29,696 null [INFO] (/home/meteo/dev/redist/fwidbmgr/include/Grid.h:1695) Grid humidity configured.
2015-02-20 05:07:29,707 null [INFO] (/home/meteo/dev/redist/fwidbmgr/include/Grid.h:1595) Configuring grid: windspeed
2015-02-20 05:07:29,707 null [INFO] (/home/meteo/dev/redist/fwidbmgr/include/Grid.h:1695) Grid windspeed configured.
2015-02-20 05:07:29,732 null [INFO] (/home/meteo/dev/redist/fwidbmgr/include/Grid.h:1595) Configuring grid: rain
2015-02-20 05:07:29,732 null [INFO] (/home/meteo/dev/redist/fwidbmgr/include/Grid.h:1695) Grid rain configured.
2015-02-20 05:07:29,736 null [INFO] (/home/meteo/dev/redist/fwidbmgr/include/Grid.h:1595) Configuring grid: cum_rain
2015-02-20 05:07:29,736 null [INFO] (/home/meteo/dev/redist/fwidbmgr/include/Grid.h:1695) Grid cum_rain configured.
2015-02-20 05:07:30,162 null [INFO] (../src/fwidbmgr.cpp:1502) Storing meteo input ...
2015-02-20 05:07:46,046 null [INFO] (../src/fwidbmgr.cpp:5370) OK --> 20150219 data imported.
2015-02-20 05:07:46,051 null [INFO] (../src/fwidbmgr.cpp:5496) action in took about 17 seconds.
2015-02-20 05:07:46,075 null [INFO] (../src/fwidbmgr.cpp:5499) Disconnected from database.
2015-02-20 05:09:12,622 null [INFO] (../src/fwidbmgr.cpp:5207) fwi db manager
2015-02-20 05:09:12,622 null [INFO] (../src/fwidbmgr.cpp:5209) Program home: /home/meteo/dev/redist/fwidbmgr
2015-02-20 05:09:12,622 null [INFO] (../src/fwidbmgr.cpp:5211) Auto convert: 1
2015-02-20 05:09:12,622 null [INFO] (../src/fwidbmgr.cpp:458) action: out.
2015-02-20 05:09:12,622 null [INFO] (../src/fwidbmgr.cpp:482) date: 20150219.
2015-02-20 05:09:12,622 null [INFO] (../src/fwidbmgr.cpp:319) Try to read: /home/meteo/dev/redist/fwidbmgr/config/fwidbmgr.conf.
2015-02-20 05:09:12,646 null [INFO] (../src/fwidbmgr.cpp:5240) Configuration parsing: OK.
2015-02-20 05:09:12,696 null [INFO] (../src/fwidbmgr.cpp:5322) Connected to database
2015-02-20 05:09:12,697 null [INFO] (../src/fwidbmgr.cpp:5323) Manage data for date: 20150219.
2015-02-20 05:09:12,697 null [INFO] (../src/fwidbmgr.cpp:5379) Importing fwi indexes data in database for day: 20150219.
2015-02-20 05:09:12,718 null [INFO] (/home/meteo/dev/redist/fwidbmgr/include/Grid.h:1595) Configuring grid: isi
2015-02-20 05:09:12,718 null [INFO] (/home/meteo/dev/redist/fwidbmgr/include/Grid.h:1695) Grid isi configured.
2015-02-20 05:09:12,734 null [INFO] (/home/meteo/dev/redist/fwidbmgr/include/Grid.h:1595) Configuring grid: fwi
2015-02-20 05:09:12,734 null [INFO] (/home/meteo/dev/redist/fwidbmgr/include/Grid.h:1695) Grid fwi configured.
2015-02-20 05:09:12,748 null [INFO] (/home/meteo/dev/redist/fwidbmgr/include/Grid.h:1595) Configuring grid: ffmc
2015-02-20 05:09:12,748 null [INFO] (/home/meteo/dev/redist/fwidbmgr/include/Grid.h:1695) Grid ffmc configured.
2015-02-20 05:09:12,763 null [INFO] (/home/meteo/dev/redist/fwidbmgr/include/Grid.h:1595) Configuring grid: dmc
2015-02-20 05:09:12,763 null [INFO] (/home/meteo/dev/redist/fwidbmgr/include/Grid.h:1695) Grid dmc configured.
2015-02-20 05:09:12,778 null [INFO] (/home/meteo/dev/redist/fwidbmgr/include/Grid.h:1595) Configuring grid: dc
2015-02-20 05:09:12,778 null [INFO] (/home/meteo/dev/redist/fwidbmgr/include/Grid.h:1695) Grid dc configured.
2015-02-20 05:09:12,792 null [INFO] (/home/meteo/dev/redist/fwidbmgr/include/Grid.h:1595) Configuring grid: bui
2015-02-20 05:09:12,793 null [INFO] (/home/meteo/dev/redist/fwidbmgr/include/Grid.h:1695) Grid bui configured.
2015-02-20 05:09:12,807 null [INFO] (/home/meteo/dev/redist/fwidbmgr/include/Grid.h:1595) Configuring grid: ffmc_tmp
2015-02-20 05:09:12,807 null [INFO] (/home/meteo/dev/redist/fwidbmgr/include/Grid.h:1695) Grid ffmc_tmp configured.
2015-02-20 05:09:12,832 null [INFO] (/home/meteo/dev/redist/fwidbmgr/include/Grid.h:1595) Configuring grid: dmc_tmp
2015-02-20 05:09:12,833 null [INFO] (/home/meteo/dev/redist/fwidbmgr/include/Grid.h:1695) Grid dmc_tmp configured.
2015-02-20 05:09:12,854 null [INFO] (/home/meteo/dev/redist/fwidbmgr/include/Grid.h:1595) Configuring grid: dc_tmp
2015-02-20 05:09:12,854 null [INFO] (/home/meteo/dev/redist/fwidbmgr/include/Grid.h:1695) Grid dc_tmp configured.
2015-02-20 05:09:12,875 null [INFO] (/home/meteo/dev/redist/fwidbmgr/include/Grid.h:1595) Configuring grid: idi
2015-02-20 05:09:12,875 null [INFO] (/home/meteo/dev/redist/fwidbmgr/include/Grid.h:1695) Grid idi configured.
2015-02-20 05:09:16,269 null [INFO] (../src/fwidbmgr.cpp:2045) Storing FWI indexes ...
2015-02-20 05:09:25,710 null [INFO] (../src/fwidbmgr.cpp:5382) OK --> 20150219 data imported.
2015-02-20 05:09:25,710 null [INFO] (../src/fwidbmgr.cpp:5496) action out took about 13 seconds.
2015-02-20 05:09:25,711 null [INFO] (../src/fwidbmgr.cpp:5499) Disconnected from database.
2015-02-20 05:09:25,727 null [INFO] (../src/fwidbmgr.cpp:5207) fwi db manager
2015-02-20 05:09:25,727 null [INFO] (../src/fwidbmgr.cpp:5209) Program home: /home/meteo/dev/redist/fwidbmgr
2015-02-20 05:09:25,728 null [INFO] (../src/fwidbmgr.cpp:5211) Auto convert: 1
2015-02-20 05:09:25,728 null [INFO] (../src/fwidbmgr.cpp:458) action: computeidx.
2015-02-20 05:09:25,728 null [INFO] (../src/fwidbmgr.cpp:482) date: 20150219.
2015-02-20 05:09:25,728 null [INFO] (../src/fwidbmgr.cpp:319) Try to read: /home/meteo/dev/redist/fwidbmgr/config/fwidbmgr.conf.
2015-02-20 05:09:25,729 null [INFO] (../src/fwidbmgr.cpp:5240) Configuration parsing: OK.
2015-02-20 05:09:25,733 null [INFO] (../src/fwidbmgr.cpp:5322) Connected to database
2015-02-20 05:09:25,733 null [INFO] (../src/fwidbmgr.cpp:5323) Manage data for date: 20150219.
2015-02-20 05:09:25,733 null [INFO] (../src/fwidbmgr.cpp:5463) Computing indexes.
2015-02-20 05:09:25,735 null [INFO] (/home/meteo/dev/redist/fwidbmgr/include/Grid.h:1595) Configuring grid: isi
2015-02-20 05:09:25,735 null [INFO] (/home/meteo/dev/redist/fwidbmgr/include/Grid.h:1695) Grid isi configured.
2015-02-20 05:09:25,736 null [INFO] (/home/meteo/dev/redist/fwidbmgr/include/Grid.h:1595) Configuring grid: fwi
2015-02-20 05:09:25,736 null [INFO] (/home/meteo/dev/redist/fwidbmgr/include/Grid.h:1695) Grid fwi configured.
2015-02-20 05:09:25,738 null [INFO] (/home/meteo/dev/redist/fwidbmgr/include/Grid.h:1595) Configuring grid: ffmc
2015-02-20 05:09:25,738 null [INFO] (/home/meteo/dev/redist/fwidbmgr/include/Grid.h:1695) Grid ffmc configured.
2015-02-20 05:09:25,739 null [INFO] (/home/meteo/dev/redist/fwidbmgr/include/Grid.h:1595) Configuring grid: dmc
2015-02-20 05:09:25,739 null [INFO] (/home/meteo/dev/redist/fwidbmgr/include/Grid.h:1695) Grid dmc configured.
2015-02-20 05:09:25,741 null [INFO] (/home/meteo/dev/redist/fwidbmgr/include/Grid.h:1595) Configuring grid: dc
2015-02-20 05:09:25,741 null [INFO] (/home/meteo/dev/redist/fwidbmgr/include/Grid.h:1695) Grid dc configured.
2015-02-20 05:09:25,743 null [INFO] (/home/meteo/dev/redist/fwidbmgr/include/Grid.h:1595) Configuring grid: bui
2015-02-20 05:09:25,743 null [INFO] (/home/meteo/dev/redist/fwidbmgr/include/Grid.h:1695) Grid bui configured.
2015-02-20 05:09:25,744 null [INFO] (/home/meteo/dev/redist/fwidbmgr/include/Grid.h:1595) Configuring grid: ffmc_tmp
2015-02-20 05:09:25,744 null [INFO] (/home/meteo/dev/redist/fwidbmgr/include/Grid.h:1695) Grid ffmc_tmp configured.
2015-02-20 05:09:25,746 null [INFO] (/home/meteo/dev/redist/fwidbmgr/include/Grid.h:1595) Configuring grid: dmc_tmp
2015-02-20 05:09:25,746 null [INFO] (/home/meteo/dev/redist/fwidbmgr/include/Grid.h:1695) Grid dmc_tmp configured.
2015-02-20 05:09:25,747 null [INFO] (/home/meteo/dev/redist/fwidbmgr/include/Grid.h:1595) Configuring grid: dc_tmp
2015-02-20 05:09:25,747 null [INFO] (/home/meteo/dev/redist/fwidbmgr/include/Grid.h:1695) Grid dc_tmp configured.
2015-02-20 05:09:25,749 null [INFO] (/home/meteo/dev/redist/fwidbmgr/include/Grid.h:1595) Configuring grid: idi
2015-02-20 05:09:25,749 null [INFO] (/home/meteo/dev/redist/fwidbmgr/include/Grid.h:1695) Grid idi configured.
2015-02-20 05:09:25,750 null [INFO] (/home/meteo/dev/redist/fwidbmgr/include/Grid.h:1595) Configuring grid: angstrom
2015-02-20 05:09:25,751 null [INFO] (/home/meteo/dev/redist/fwidbmgr/include/Grid.h:1695) Grid angstrom configured.
2015-02-20 05:09:25,752 null [INFO] (/home/meteo/dev/redist/fwidbmgr/include/Grid.h:1595) Configuring grid: fmi
2015-02-20 05:09:25,752 null [INFO] (/home/meteo/dev/redist/fwidbmgr/include/Grid.h:1695) Grid fmi configured.
2015-02-20 05:09:25,753 null [INFO] (/home/meteo/dev/redist/fwidbmgr/include/Grid.h:1595) Configuring grid: sharples
2015-02-20 05:09:25,754 null [INFO] (/home/meteo/dev/redist/fwidbmgr/include/Grid.h:1695) Grid sharples configured.
2015-02-20 05:09:26,477 null [INFO] (/home/meteo/dev/redist/fwidbmgr/include/Grid.h:1595) Configuring grid: snow
2015-02-20 05:09:26,477 null [INFO] (/home/meteo/dev/redist/fwidbmgr/include/Grid.h:1695) Grid snow configured.
2015-02-20 05:09:26,477 null [INFO] (/home/meteo/dev/redist/fwidbmgr/include/Grid.h:1595) Configuring grid: snow_covering
2015-02-20 05:09:26,477 null [INFO] (/home/meteo/dev/redist/fwidbmgr/include/Grid.h:1695) Grid snow_covering configured.
2015-02-20 05:09:26,477 null [INFO] (/home/meteo/dev/redist/fwidbmgr/include/Grid.h:1595) Configuring grid: snow_dissolution
2015-02-20 05:09:26,477 null [INFO] (/home/meteo/dev/redist/fwidbmgr/include/Grid.h:1695) Grid snow_dissolution configured.
2015-02-20 05:09:26,477 null [INFO] (/home/meteo/dev/redist/fwidbmgr/include/Grid.h:1595) Configuring grid: temperature
2015-02-20 05:09:26,478 null [INFO] (/home/meteo/dev/redist/fwidbmgr/include/Grid.h:1695) Grid temperature configured.
2015-02-20 05:09:26,478 null [INFO] (/home/meteo/dev/redist/fwidbmgr/include/Grid.h:1595) Configuring grid: humidity
2015-02-20 05:09:26,478 null [INFO] (/home/meteo/dev/redist/fwidbmgr/include/Grid.h:1695) Grid humidity configured.
2015-02-20 05:09:26,478 null [INFO] (/home/meteo/dev/redist/fwidbmgr/include/Grid.h:1595) Configuring grid: windspeed
2015-02-20 05:09:26,478 null [INFO] (/home/meteo/dev/redist/fwidbmgr/include/Grid.h:1695) Grid windspeed configured.
2015-02-20 05:09:26,478 null [INFO] (/home/meteo/dev/redist/fwidbmgr/include/Grid.h:1595) Configuring grid: rain
2015-02-20 05:09:26,478 null [INFO] (/home/meteo/dev/redist/fwidbmgr/include/Grid.h:1695) Grid rain configured.
2015-02-20 05:09:26,478 null [INFO] (/home/meteo/dev/redist/fwidbmgr/include/Grid.h:1595) Configuring grid: cum_rain
2015-02-20 05:09:26,478 null [INFO] (/home/meteo/dev/redist/fwidbmgr/include/Grid.h:1695) Grid cum_rain configured.
2015-02-20 05:11:45,422 null [INFO] (../src/fwidbmgr.cpp:5466) OK --> 20150219 indexes computed.
2015-02-20 05:11:45,423 null [INFO] (../src/fwidbmgr.cpp:5496) action computeidx took about 140 seconds.
2015-02-20 05:11:45,423 null [INFO] (../src/fwidbmgr.cpp:5499) Disconnected from database.
2015-02-20 05:11:45,445 null [INFO] (../src/fwidbmgr.cpp:5207) fwi db manager
2015-02-20 05:11:45,445 null [INFO] (../src/fwidbmgr.cpp:5209) Program home: /home/meteo/dev/redist/fwidbmgr
2015-02-20 05:11:45,445 null [INFO] (../src/fwidbmgr.cpp:5211) Auto convert: 1
2015-02-20 05:11:45,445 null [INFO] (../src/fwidbmgr.cpp:458) action: exportidx.
2015-02-20 05:11:45,445 null [INFO] (../src/fwidbmgr.cpp:482) date: 20150219.
2015-02-20 05:11:45,445 null [INFO] (../src/fwidbmgr.cpp:319) Try to read: /home/meteo/dev/redist/fwidbmgr/config/fwidbmgr.conf.
2015-02-20 05:11:45,448 null [INFO] (../src/fwidbmgr.cpp:5240) Configuration parsing: OK.
2015-02-20 05:11:45,453 null [INFO] (../src/fwidbmgr.cpp:5322) Connected to database
2015-02-20 05:11:45,453 null [INFO] (../src/fwidbmgr.cpp:5323) Manage data for date: 20150219.
2015-02-20 05:11:45,453 null [INFO] (../src/fwidbmgr.cpp:5415) Exporting indexes.
2015-02-20 05:11:45,455 null [INFO] (/home/meteo/dev/redist/fwidbmgr/include/Grid.h:1595) Configuring grid: isi
2015-02-20 05:11:45,455 null [INFO] (/home/meteo/dev/redist/fwidbmgr/include/Grid.h:1695) Grid isi configured.
2015-02-20 05:11:45,457 null [INFO] (/home/meteo/dev/redist/fwidbmgr/include/Grid.h:1595) Configuring grid: fwi
2015-02-20 05:11:45,457 null [INFO] (/home/meteo/dev/redist/fwidbmgr/include/Grid.h:1695) Grid fwi configured.
2015-02-20 05:11:45,458 null [INFO] (/home/meteo/dev/redist/fwidbmgr/include/Grid.h:1595) Configuring grid: ffmc
2015-02-20 05:11:45,459 null [INFO] (/home/meteo/dev/redist/fwidbmgr/include/Grid.h:1695) Grid ffmc configured.
2015-02-20 05:11:45,460 null [INFO] (/home/meteo/dev/redist/fwidbmgr/include/Grid.h:1595) Configuring grid: dmc
2015-02-20 05:11:45,460 null [INFO] (/home/meteo/dev/redist/fwidbmgr/include/Grid.h:1695) Grid dmc configured.
2015-02-20 05:11:45,462 null [INFO] (/home/meteo/dev/redist/fwidbmgr/include/Grid.h:1595) Configuring grid: dc
2015-02-20 05:11:45,462 null [INFO] (/home/meteo/dev/redist/fwidbmgr/include/Grid.h:1695) Grid dc configured.
2015-02-20 05:11:45,464 null [INFO] (/home/meteo/dev/redist/fwidbmgr/include/Grid.h:1595) Configuring grid: bui
2015-02-20 05:11:45,464 null [INFO] (/home/meteo/dev/redist/fwidbmgr/include/Grid.h:1695) Grid bui configured.
2015-02-20 05:11:45,466 null [INFO] (/home/meteo/dev/redist/fwidbmgr/include/Grid.h:1595) Configuring grid: ffmc_tmp
2015-02-20 05:11:45,466 null [INFO] (/home/meteo/dev/redist/fwidbmgr/include/Grid.h:1695) Grid ffmc_tmp configured.
2015-02-20 05:11:45,467 null [INFO] (/home/meteo/dev/redist/fwidbmgr/include/Grid.h:1595) Configuring grid: dmc_tmp
2015-02-20 05:11:45,468 null [INFO] (/home/meteo/dev/redist/fwidbmgr/include/Grid.h:1695) Grid dmc_tmp configured.
2015-02-20 05:11:45,469 null [INFO] (/home/meteo/dev/redist/fwidbmgr/include/Grid.h:1595) Configuring grid: dc_tmp
2015-02-20 05:11:45,469 null [INFO] (/home/meteo/dev/redist/fwidbmgr/include/Grid.h:1695) Grid dc_tmp configured.
2015-02-20 05:11:45,471 null [INFO] (/home/meteo/dev/redist/fwidbmgr/include/Grid.h:1595) Configuring grid: idi
2015-02-20 05:11:45,471 null [INFO] (/home/meteo/dev/redist/fwidbmgr/include/Grid.h:1695) Grid idi configured.
2015-02-20 05:11:45,472 null [INFO] (/home/meteo/dev/redist/fwidbmgr/include/Grid.h:1595) Configuring grid: angstrom
2015-02-20 05:11:45,473 null [INFO] (/home/meteo/dev/redist/fwidbmgr/include/Grid.h:1695) Grid angstrom configured.
2015-02-20 05:11:45,474 null [INFO] (/home/meteo/dev/redist/fwidbmgr/include/Grid.h:1595) Configuring grid: fmi
2015-02-20 05:11:45,474 null [INFO] (/home/meteo/dev/redist/fwidbmgr/include/Grid.h:1695) Grid fmi configured.
2015-02-20 05:11:45,476 null [INFO] (/home/meteo/dev/redist/fwidbmgr/include/Grid.h:1595) Configuring grid: sharples
2015-02-20 05:11:45,476 null [INFO] (/home/meteo/dev/redist/fwidbmgr/include/Grid.h:1695) Grid sharples configured.
2015-02-20 05:11:46,632 null [INFO] (/home/meteo/dev/redist/fwidbmgr/include/Grid.h:1595) Configuring grid: isi
2015-02-20 05:11:46,633 null [INFO] (/home/meteo/dev/redist/fwidbmgr/include/Grid.h:1695) Grid isi configured.
2015-02-20 05:11:46,687 null [INFO] (/home/meteo/dev/redist/fwidbmgr/include/Grid.h:1595) Configuring grid: fwi
2015-02-20 05:11:46,687 null [INFO] (/home/meteo/dev/redist/fwidbmgr/include/Grid.h:1695) Grid fwi configured.
2015-02-20 05:11:46,742 null [INFO] (/home/meteo/dev/redist/fwidbmgr/include/Grid.h:1595) Configuring grid: ffmc
2015-02-20 05:11:46,742 null [INFO] (/home/meteo/dev/redist/fwidbmgr/include/Grid.h:1695) Grid ffmc configured.
2015-02-20 05:11:46,794 null [INFO] (/home/meteo/dev/redist/fwidbmgr/include/Grid.h:1595) Configuring grid: dmc
2015-02-20 05:11:46,794 null [INFO] (/home/meteo/dev/redist/fwidbmgr/include/Grid.h:1695) Grid dmc configured.
2015-02-20 05:11:46,845 null [INFO] (/home/meteo/dev/redist/fwidbmgr/include/Grid.h:1595) Configuring grid: dc
2015-02-20 05:11:46,845 null [INFO] (/home/meteo/dev/redist/fwidbmgr/include/Grid.h:1695) Grid dc configured.
2015-02-20 05:11:46,890 null [INFO] (/home/meteo/dev/redist/fwidbmgr/include/Grid.h:1595) Configuring grid: bui
2015-02-20 05:11:46,890 null [INFO] (/home/meteo/dev/redist/fwidbmgr/include/Grid.h:1695) Grid bui configured.
2015-02-20 05:11:46,936 null [INFO] (/home/meteo/dev/redist/fwidbmgr/include/Grid.h:1595) Configuring grid: ffmc_tmp
2015-02-20 05:11:46,936 null [INFO] (/home/meteo/dev/redist/fwidbmgr/include/Grid.h:1695) Grid ffmc_tmp configured.
2015-02-20 05:11:46,979 null [INFO] (/home/meteo/dev/redist/fwidbmgr/include/Grid.h:1595) Configuring grid: dmc_tmp
2015-02-20 05:11:46,979 null [INFO] (/home/meteo/dev/redist/fwidbmgr/include/Grid.h:1695) Grid dmc_tmp configured.
2015-02-20 05:11:47,020 null [INFO] (/home/meteo/dev/redist/fwidbmgr/include/Grid.h:1595) Configuring grid: dc_tmp
2015-02-20 05:11:47,021 null [INFO] (/home/meteo/dev/redist/fwidbmgr/include/Grid.h:1695) Grid dc_tmp configured.
2015-02-20 05:11:47,064 null [INFO] (/home/meteo/dev/redist/fwidbmgr/include/Grid.h:1595) Configuring grid: angstrom
2015-02-20 05:11:47,065 null [INFO] (/home/meteo/dev/redist/fwidbmgr/include/Grid.h:1695) Grid angstrom configured.
2015-02-20 05:11:47,190 null [INFO] (/home/meteo/dev/redist/fwidbmgr/include/Grid.h:1595) Configuring grid: sharples
2015-02-20 05:11:47,190 null [INFO] (/home/meteo/dev/redist/fwidbmgr/include/Grid.h:1695) Grid sharples configured.
2015-02-20 05:11:47,234 null [INFO] (/home/meteo/dev/redist/fwidbmgr/include/Grid.h:1595) Configuring grid: fmi
2015-02-20 05:11:47,234 null [INFO] (/home/meteo/dev/redist/fwidbmgr/include/Grid.h:1695) Grid fmi configured.
2015-02-20 05:11:47,296 null [INFO] (../src/fwidbmgr.cpp:5418) OK --> 20150219 indexes exported to files.
2015-02-20 05:11:47,296 null [INFO] (../src/fwidbmgr.cpp:5496) action exportidx took about 2 seconds.
2015-02-20 05:11:47,296 null [INFO] (../src/fwidbmgr.cpp:5499) Disconnected from database.
