2019-01-18 05:06:30,624 null [INFO] (../src/fwidbmgr.cpp:5361) fwi db manager
2019-01-18 05:06:30,624 null [INFO] (../src/fwidbmgr.cpp:5365) Program home: /home/meteo/dev/redist/fwidbmgr
2019-01-18 05:06:30,625 null [INFO] (../src/fwidbmgr.cpp:5369) Auto convert: 1
2019-01-18 05:06:30,625 null [INFO] (../src/fwidbmgr.cpp:446) action: in.
2019-01-18 05:06:30,625 null [INFO] (../src/fwidbmgr.cpp:470) date: 20190117.
2019-01-18 05:06:30,625 null [INFO] (../src/fwidbmgr.cpp:322) Try to read: /home/meteo/dev/redist/fwidbmgr/config/fwidbmgr.conf.
2019-01-18 05:06:30,627 null [INFO] (../src/fwidbmgr.cpp:5393) Configuration parsing: OK.
2019-01-18 05:06:30,631 null [INFO] (../src/fwidbmgr.cpp:5478) Connected to database
2019-01-18 05:06:30,631 null [INFO] (../src/fwidbmgr.cpp:5480) Manage data for date: 20190117.
2019-01-18 05:06:30,631 null [INFO] (../src/fwidbmgr.cpp:5536) Importing meteo data in database for day: 20190117.
2019-01-18 05:06:30,633 null [INFO] (/home/meteo/dev/redist/fwidbmgr/include/Grid.h:1595) Configuring grid: snow
2019-01-18 05:06:30,633 null [INFO] (/home/meteo/dev/redist/fwidbmgr/include/Grid.h:1695) Grid snow configured.
2019-01-18 05:06:30,646 null [INFO] (/home/meteo/dev/redist/fwidbmgr/include/Grid.h:1595) Configuring grid: snow_covering
2019-01-18 05:06:30,646 null [INFO] (/home/meteo/dev/redist/fwidbmgr/include/Grid.h:1695) Grid snow_covering configured.
2019-01-18 05:06:30,659 null [INFO] (/home/meteo/dev/redist/fwidbmgr/include/Grid.h:1595) Configuring grid: snow_dissolution
2019-01-18 05:06:30,659 null [INFO] (/home/meteo/dev/redist/fwidbmgr/include/Grid.h:1695) Grid snow_dissolution configured.
2019-01-18 05:06:30,682 null [INFO] (/home/meteo/dev/redist/fwidbmgr/include/Grid.h:1595) Configuring grid: temperature
2019-01-18 05:06:30,682 null [INFO] (/home/meteo/dev/redist/fwidbmgr/include/Grid.h:1695) Grid temperature configured.
2019-01-18 05:06:30,688 null [INFO] (/home/meteo/dev/redist/fwidbmgr/include/Grid.h:1595) Configuring grid: humidity
2019-01-18 05:06:30,688 null [INFO] (/home/meteo/dev/redist/fwidbmgr/include/Grid.h:1695) Grid humidity configured.
2019-01-18 05:06:30,698 null [INFO] (/home/meteo/dev/redist/fwidbmgr/include/Grid.h:1595) Configuring grid: windspeed
2019-01-18 05:06:30,698 null [INFO] (/home/meteo/dev/redist/fwidbmgr/include/Grid.h:1695) Grid windspeed configured.
2019-01-18 05:06:30,720 null [INFO] (/home/meteo/dev/redist/fwidbmgr/include/Grid.h:1595) Configuring grid: rain
2019-01-18 05:06:30,720 null [INFO] (/home/meteo/dev/redist/fwidbmgr/include/Grid.h:1695) Grid rain configured.
2019-01-18 05:06:30,723 null [INFO] (/home/meteo/dev/redist/fwidbmgr/include/Grid.h:1595) Configuring grid: cum_rain
2019-01-18 05:06:30,723 null [INFO] (/home/meteo/dev/redist/fwidbmgr/include/Grid.h:1695) Grid cum_rain configured.
2019-01-18 05:06:30,856 null [INFO] (../src/fwidbmgr.cpp:1518) Storing meteo input ...
2019-01-18 05:06:42,697 null [INFO] (../src/fwidbmgr.cpp:5540) OK --> 20190117 data imported.
2019-01-18 05:06:42,758 null [INFO] (../src/fwidbmgr.cpp:5695) action in took about 12 seconds.
2019-01-18 05:06:42,767 null [INFO] (../src/fwidbmgr.cpp:5699) Disconnected from database.
2019-01-18 05:07:51,920 null [INFO] (../src/fwidbmgr.cpp:5361) fwi db manager
2019-01-18 05:07:51,920 null [INFO] (../src/fwidbmgr.cpp:5365) Program home: /home/meteo/dev/redist/fwidbmgr
2019-01-18 05:07:51,920 null [INFO] (../src/fwidbmgr.cpp:5369) Auto convert: 1
2019-01-18 05:07:51,920 null [INFO] (../src/fwidbmgr.cpp:446) action: out.
2019-01-18 05:07:51,920 null [INFO] (../src/fwidbmgr.cpp:470) date: 20190117.
2019-01-18 05:07:51,920 null [INFO] (../src/fwidbmgr.cpp:322) Try to read: /home/meteo/dev/redist/fwidbmgr/config/fwidbmgr.conf.
2019-01-18 05:07:51,939 null [INFO] (../src/fwidbmgr.cpp:5393) Configuration parsing: OK.
2019-01-18 05:07:51,949 null [INFO] (../src/fwidbmgr.cpp:5478) Connected to database
2019-01-18 05:07:51,949 null [INFO] (../src/fwidbmgr.cpp:5480) Manage data for date: 20190117.
2019-01-18 05:07:51,949 null [INFO] (../src/fwidbmgr.cpp:5551) Importing fwi indexes data in database for day: 20190117.
2019-01-18 05:07:51,951 null [INFO] (/home/meteo/dev/redist/fwidbmgr/include/Grid.h:1595) Configuring grid: isi
2019-01-18 05:07:51,951 null [INFO] (/home/meteo/dev/redist/fwidbmgr/include/Grid.h:1695) Grid isi configured.
2019-01-18 05:07:51,965 null [INFO] (/home/meteo/dev/redist/fwidbmgr/include/Grid.h:1595) Configuring grid: fwi
2019-01-18 05:07:51,965 null [INFO] (/home/meteo/dev/redist/fwidbmgr/include/Grid.h:1695) Grid fwi configured.
2019-01-18 05:07:51,978 null [INFO] (/home/meteo/dev/redist/fwidbmgr/include/Grid.h:1595) Configuring grid: ffmc
2019-01-18 05:07:51,978 null [INFO] (/home/meteo/dev/redist/fwidbmgr/include/Grid.h:1695) Grid ffmc configured.
2019-01-18 05:07:51,992 null [INFO] (/home/meteo/dev/redist/fwidbmgr/include/Grid.h:1595) Configuring grid: dmc
2019-01-18 05:07:51,992 null [INFO] (/home/meteo/dev/redist/fwidbmgr/include/Grid.h:1695) Grid dmc configured.
2019-01-18 05:07:52,005 null [INFO] (/home/meteo/dev/redist/fwidbmgr/include/Grid.h:1595) Configuring grid: dc
2019-01-18 05:07:52,006 null [INFO] (/home/meteo/dev/redist/fwidbmgr/include/Grid.h:1695) Grid dc configured.
2019-01-18 05:07:52,020 null [INFO] (/home/meteo/dev/redist/fwidbmgr/include/Grid.h:1595) Configuring grid: bui
2019-01-18 05:07:52,020 null [INFO] (/home/meteo/dev/redist/fwidbmgr/include/Grid.h:1695) Grid bui configured.
2019-01-18 05:07:52,033 null [INFO] (/home/meteo/dev/redist/fwidbmgr/include/Grid.h:1595) Configuring grid: ffmc_tmp
2019-01-18 05:07:52,033 null [INFO] (/home/meteo/dev/redist/fwidbmgr/include/Grid.h:1695) Grid ffmc_tmp configured.
2019-01-18 05:07:52,069 null [INFO] (/home/meteo/dev/redist/fwidbmgr/include/Grid.h:1595) Configuring grid: dmc_tmp
2019-01-18 05:07:52,069 null [INFO] (/home/meteo/dev/redist/fwidbmgr/include/Grid.h:1695) Grid dmc_tmp configured.
2019-01-18 05:07:52,090 null [INFO] (/home/meteo/dev/redist/fwidbmgr/include/Grid.h:1595) Configuring grid: dc_tmp
2019-01-18 05:07:52,090 null [INFO] (/home/meteo/dev/redist/fwidbmgr/include/Grid.h:1695) Grid dc_tmp configured.
2019-01-18 05:07:52,114 null [INFO] (/home/meteo/dev/redist/fwidbmgr/include/Grid.h:1595) Configuring grid: idi
2019-01-18 05:07:52,114 null [INFO] (/home/meteo/dev/redist/fwidbmgr/include/Grid.h:1695) Grid idi configured.
2019-01-18 05:07:52,300 null [INFO] (../src/fwidbmgr.cpp:2081) Storing FWI indexes ...
2019-01-18 05:07:59,259 null [INFO] (../src/fwidbmgr.cpp:5555) OK --> 20190117 data imported.
2019-01-18 05:07:59,260 null [INFO] (../src/fwidbmgr.cpp:5695) action out took about 8 seconds.
2019-01-18 05:07:59,260 null [INFO] (../src/fwidbmgr.cpp:5699) Disconnected from database.
2019-01-18 05:07:59,274 null [INFO] (../src/fwidbmgr.cpp:5361) fwi db manager
2019-01-18 05:07:59,275 null [INFO] (../src/fwidbmgr.cpp:5365) Program home: /home/meteo/dev/redist/fwidbmgr
2019-01-18 05:07:59,275 null [INFO] (../src/fwidbmgr.cpp:5369) Auto convert: 1
2019-01-18 05:07:59,275 null [INFO] (../src/fwidbmgr.cpp:446) action: computeidx.
2019-01-18 05:07:59,275 null [INFO] (../src/fwidbmgr.cpp:470) date: 20190117.
2019-01-18 05:07:59,275 null [INFO] (../src/fwidbmgr.cpp:322) Try to read: /home/meteo/dev/redist/fwidbmgr/config/fwidbmgr.conf.
2019-01-18 05:07:59,277 null [INFO] (../src/fwidbmgr.cpp:5393) Configuration parsing: OK.
2019-01-18 05:07:59,280 null [INFO] (../src/fwidbmgr.cpp:5478) Connected to database
2019-01-18 05:07:59,280 null [INFO] (../src/fwidbmgr.cpp:5480) Manage data for date: 20190117.
2019-01-18 05:07:59,280 null [INFO] (../src/fwidbmgr.cpp:5656) Computing indexes.
2019-01-18 05:07:59,281 null [INFO] (/home/meteo/dev/redist/fwidbmgr/include/Grid.h:1595) Configuring grid: isi
2019-01-18 05:07:59,281 null [INFO] (/home/meteo/dev/redist/fwidbmgr/include/Grid.h:1695) Grid isi configured.
2019-01-18 05:07:59,283 null [INFO] (/home/meteo/dev/redist/fwidbmgr/include/Grid.h:1595) Configuring grid: fwi
2019-01-18 05:07:59,283 null [INFO] (/home/meteo/dev/redist/fwidbmgr/include/Grid.h:1695) Grid fwi configured.
2019-01-18 05:07:59,284 null [INFO] (/home/meteo/dev/redist/fwidbmgr/include/Grid.h:1595) Configuring grid: ffmc
2019-01-18 05:07:59,284 null [INFO] (/home/meteo/dev/redist/fwidbmgr/include/Grid.h:1695) Grid ffmc configured.
2019-01-18 05:07:59,285 null [INFO] (/home/meteo/dev/redist/fwidbmgr/include/Grid.h:1595) Configuring grid: dmc
2019-01-18 05:07:59,285 null [INFO] (/home/meteo/dev/redist/fwidbmgr/include/Grid.h:1695) Grid dmc configured.
2019-01-18 05:07:59,287 null [INFO] (/home/meteo/dev/redist/fwidbmgr/include/Grid.h:1595) Configuring grid: dc
2019-01-18 05:07:59,287 null [INFO] (/home/meteo/dev/redist/fwidbmgr/include/Grid.h:1695) Grid dc configured.
2019-01-18 05:07:59,288 null [INFO] (/home/meteo/dev/redist/fwidbmgr/include/Grid.h:1595) Configuring grid: bui
2019-01-18 05:07:59,288 null [INFO] (/home/meteo/dev/redist/fwidbmgr/include/Grid.h:1695) Grid bui configured.
2019-01-18 05:07:59,289 null [INFO] (/home/meteo/dev/redist/fwidbmgr/include/Grid.h:1595) Configuring grid: ffmc_tmp
2019-01-18 05:07:59,289 null [INFO] (/home/meteo/dev/redist/fwidbmgr/include/Grid.h:1695) Grid ffmc_tmp configured.
2019-01-18 05:07:59,290 null [INFO] (/home/meteo/dev/redist/fwidbmgr/include/Grid.h:1595) Configuring grid: dmc_tmp
2019-01-18 05:07:59,291 null [INFO] (/home/meteo/dev/redist/fwidbmgr/include/Grid.h:1695) Grid dmc_tmp configured.
2019-01-18 05:07:59,292 null [INFO] (/home/meteo/dev/redist/fwidbmgr/include/Grid.h:1595) Configuring grid: dc_tmp
2019-01-18 05:07:59,292 null [INFO] (/home/meteo/dev/redist/fwidbmgr/include/Grid.h:1695) Grid dc_tmp configured.
2019-01-18 05:07:59,293 null [INFO] (/home/meteo/dev/redist/fwidbmgr/include/Grid.h:1595) Configuring grid: idi
2019-01-18 05:07:59,293 null [INFO] (/home/meteo/dev/redist/fwidbmgr/include/Grid.h:1695) Grid idi configured.
2019-01-18 05:07:59,294 null [INFO] (/home/meteo/dev/redist/fwidbmgr/include/Grid.h:1595) Configuring grid: angstrom
2019-01-18 05:07:59,294 null [INFO] (/home/meteo/dev/redist/fwidbmgr/include/Grid.h:1695) Grid angstrom configured.
2019-01-18 05:07:59,296 null [INFO] (/home/meteo/dev/redist/fwidbmgr/include/Grid.h:1595) Configuring grid: fmi
2019-01-18 05:07:59,296 null [INFO] (/home/meteo/dev/redist/fwidbmgr/include/Grid.h:1695) Grid fmi configured.
2019-01-18 05:07:59,297 null [INFO] (/home/meteo/dev/redist/fwidbmgr/include/Grid.h:1595) Configuring grid: sharples
2019-01-18 05:07:59,297 null [INFO] (/home/meteo/dev/redist/fwidbmgr/include/Grid.h:1695) Grid sharples configured.
2019-01-18 05:07:59,933 null [INFO] (/home/meteo/dev/redist/fwidbmgr/include/Grid.h:1595) Configuring grid: snow
2019-01-18 05:07:59,933 null [INFO] (/home/meteo/dev/redist/fwidbmgr/include/Grid.h:1695) Grid snow configured.
2019-01-18 05:07:59,933 null [INFO] (/home/meteo/dev/redist/fwidbmgr/include/Grid.h:1595) Configuring grid: snow_covering
2019-01-18 05:07:59,934 null [INFO] (/home/meteo/dev/redist/fwidbmgr/include/Grid.h:1695) Grid snow_covering configured.
2019-01-18 05:07:59,934 null [INFO] (/home/meteo/dev/redist/fwidbmgr/include/Grid.h:1595) Configuring grid: snow_dissolution
2019-01-18 05:07:59,934 null [INFO] (/home/meteo/dev/redist/fwidbmgr/include/Grid.h:1695) Grid snow_dissolution configured.
2019-01-18 05:07:59,934 null [INFO] (/home/meteo/dev/redist/fwidbmgr/include/Grid.h:1595) Configuring grid: temperature
2019-01-18 05:07:59,934 null [INFO] (/home/meteo/dev/redist/fwidbmgr/include/Grid.h:1695) Grid temperature configured.
2019-01-18 05:07:59,934 null [INFO] (/home/meteo/dev/redist/fwidbmgr/include/Grid.h:1595) Configuring grid: humidity
2019-01-18 05:07:59,934 null [INFO] (/home/meteo/dev/redist/fwidbmgr/include/Grid.h:1695) Grid humidity configured.
2019-01-18 05:07:59,934 null [INFO] (/home/meteo/dev/redist/fwidbmgr/include/Grid.h:1595) Configuring grid: windspeed
2019-01-18 05:07:59,934 null [INFO] (/home/meteo/dev/redist/fwidbmgr/include/Grid.h:1695) Grid windspeed configured.
2019-01-18 05:07:59,934 null [INFO] (/home/meteo/dev/redist/fwidbmgr/include/Grid.h:1595) Configuring grid: rain
2019-01-18 05:07:59,935 null [INFO] (/home/meteo/dev/redist/fwidbmgr/include/Grid.h:1695) Grid rain configured.
2019-01-18 05:07:59,935 null [INFO] (/home/meteo/dev/redist/fwidbmgr/include/Grid.h:1595) Configuring grid: cum_rain
2019-01-18 05:07:59,935 null [INFO] (/home/meteo/dev/redist/fwidbmgr/include/Grid.h:1695) Grid cum_rain configured.
2019-01-18 05:09:53,675 null [INFO] (../src/fwidbmgr.cpp:5660) OK --> 20190117 indexes computed.
2019-01-18 05:09:53,675 null [INFO] (../src/fwidbmgr.cpp:5695) action computeidx took about 114 seconds.
2019-01-18 05:09:53,675 null [INFO] (../src/fwidbmgr.cpp:5699) Disconnected from database.
2019-01-18 05:09:53,693 null [INFO] (../src/fwidbmgr.cpp:5361) fwi db manager
2019-01-18 05:09:53,693 null [INFO] (../src/fwidbmgr.cpp:5365) Program home: /home/meteo/dev/redist/fwidbmgr
2019-01-18 05:09:53,693 null [INFO] (../src/fwidbmgr.cpp:5369) Auto convert: 1
2019-01-18 05:09:53,693 null [INFO] (../src/fwidbmgr.cpp:446) action: exportidx.
2019-01-18 05:09:53,693 null [INFO] (../src/fwidbmgr.cpp:470) date: 20190117.
2019-01-18 05:09:53,693 null [INFO] (../src/fwidbmgr.cpp:322) Try to read: /home/meteo/dev/redist/fwidbmgr/config/fwidbmgr.conf.
2019-01-18 05:09:53,695 null [INFO] (../src/fwidbmgr.cpp:5393) Configuration parsing: OK.
2019-01-18 05:09:53,698 null [INFO] (../src/fwidbmgr.cpp:5478) Connected to database
2019-01-18 05:09:53,698 null [INFO] (../src/fwidbmgr.cpp:5480) Manage data for date: 20190117.
2019-01-18 05:09:53,699 null [INFO] (../src/fwidbmgr.cpp:5596) Exporting indexes.
2019-01-18 05:09:53,700 null [INFO] (/home/meteo/dev/redist/fwidbmgr/include/Grid.h:1595) Configuring grid: isi
2019-01-18 05:09:53,700 null [INFO] (/home/meteo/dev/redist/fwidbmgr/include/Grid.h:1695) Grid isi configured.
2019-01-18 05:09:53,701 null [INFO] (/home/meteo/dev/redist/fwidbmgr/include/Grid.h:1595) Configuring grid: fwi
2019-01-18 05:09:53,702 null [INFO] (/home/meteo/dev/redist/fwidbmgr/include/Grid.h:1695) Grid fwi configured.
2019-01-18 05:09:53,703 null [INFO] (/home/meteo/dev/redist/fwidbmgr/include/Grid.h:1595) Configuring grid: ffmc
2019-01-18 05:09:53,703 null [INFO] (/home/meteo/dev/redist/fwidbmgr/include/Grid.h:1695) Grid ffmc configured.
2019-01-18 05:09:53,704 null [INFO] (/home/meteo/dev/redist/fwidbmgr/include/Grid.h:1595) Configuring grid: dmc
2019-01-18 05:09:53,704 null [INFO] (/home/meteo/dev/redist/fwidbmgr/include/Grid.h:1695) Grid dmc configured.
2019-01-18 05:09:53,706 null [INFO] (/home/meteo/dev/redist/fwidbmgr/include/Grid.h:1595) Configuring grid: dc
2019-01-18 05:09:53,706 null [INFO] (/home/meteo/dev/redist/fwidbmgr/include/Grid.h:1695) Grid dc configured.
2019-01-18 05:09:53,707 null [INFO] (/home/meteo/dev/redist/fwidbmgr/include/Grid.h:1595) Configuring grid: bui
2019-01-18 05:09:53,707 null [INFO] (/home/meteo/dev/redist/fwidbmgr/include/Grid.h:1695) Grid bui configured.
2019-01-18 05:09:53,708 null [INFO] (/home/meteo/dev/redist/fwidbmgr/include/Grid.h:1595) Configuring grid: ffmc_tmp
2019-01-18 05:09:53,708 null [INFO] (/home/meteo/dev/redist/fwidbmgr/include/Grid.h:1695) Grid ffmc_tmp configured.
2019-01-18 05:09:53,710 null [INFO] (/home/meteo/dev/redist/fwidbmgr/include/Grid.h:1595) Configuring grid: dmc_tmp
2019-01-18 05:09:53,710 null [INFO] (/home/meteo/dev/redist/fwidbmgr/include/Grid.h:1695) Grid dmc_tmp configured.
2019-01-18 05:09:53,711 null [INFO] (/home/meteo/dev/redist/fwidbmgr/include/Grid.h:1595) Configuring grid: dc_tmp
2019-01-18 05:09:53,711 null [INFO] (/home/meteo/dev/redist/fwidbmgr/include/Grid.h:1695) Grid dc_tmp configured.
2019-01-18 05:09:53,712 null [INFO] (/home/meteo/dev/redist/fwidbmgr/include/Grid.h:1595) Configuring grid: idi
2019-01-18 05:09:53,712 null [INFO] (/home/meteo/dev/redist/fwidbmgr/include/Grid.h:1695) Grid idi configured.
2019-01-18 05:09:53,714 null [INFO] (/home/meteo/dev/redist/fwidbmgr/include/Grid.h:1595) Configuring grid: angstrom
2019-01-18 05:09:53,714 null [INFO] (/home/meteo/dev/redist/fwidbmgr/include/Grid.h:1695) Grid angstrom configured.
2019-01-18 05:09:53,715 null [INFO] (/home/meteo/dev/redist/fwidbmgr/include/Grid.h:1595) Configuring grid: fmi
2019-01-18 05:09:53,715 null [INFO] (/home/meteo/dev/redist/fwidbmgr/include/Grid.h:1695) Grid fmi configured.
2019-01-18 05:09:53,716 null [INFO] (/home/meteo/dev/redist/fwidbmgr/include/Grid.h:1595) Configuring grid: sharples
2019-01-18 05:09:53,716 null [INFO] (/home/meteo/dev/redist/fwidbmgr/include/Grid.h:1695) Grid sharples configured.
2019-01-18 05:09:54,429 null [INFO] (/home/meteo/dev/redist/fwidbmgr/include/Grid.h:1595) Configuring grid: isi
2019-01-18 05:09:54,429 null [INFO] (/home/meteo/dev/redist/fwidbmgr/include/Grid.h:1695) Grid isi configured.
2019-01-18 05:09:54,467 null [INFO] (/home/meteo/dev/redist/fwidbmgr/include/Grid.h:1595) Configuring grid: fwi
2019-01-18 05:09:54,468 null [INFO] (/home/meteo/dev/redist/fwidbmgr/include/Grid.h:1695) Grid fwi configured.
2019-01-18 05:09:54,505 null [INFO] (/home/meteo/dev/redist/fwidbmgr/include/Grid.h:1595) Configuring grid: ffmc
2019-01-18 05:09:54,505 null [INFO] (/home/meteo/dev/redist/fwidbmgr/include/Grid.h:1695) Grid ffmc configured.
2019-01-18 05:09:54,544 null [INFO] (/home/meteo/dev/redist/fwidbmgr/include/Grid.h:1595) Configuring grid: dmc
2019-01-18 05:09:54,544 null [INFO] (/home/meteo/dev/redist/fwidbmgr/include/Grid.h:1695) Grid dmc configured.
2019-01-18 05:09:54,582 null [INFO] (/home/meteo/dev/redist/fwidbmgr/include/Grid.h:1595) Configuring grid: dc
2019-01-18 05:09:54,582 null [INFO] (/home/meteo/dev/redist/fwidbmgr/include/Grid.h:1695) Grid dc configured.
2019-01-18 05:09:54,622 null [INFO] (/home/meteo/dev/redist/fwidbmgr/include/Grid.h:1595) Configuring grid: bui
2019-01-18 05:09:54,622 null [INFO] (/home/meteo/dev/redist/fwidbmgr/include/Grid.h:1695) Grid bui configured.
2019-01-18 05:09:54,660 null [INFO] (/home/meteo/dev/redist/fwidbmgr/include/Grid.h:1595) Configuring grid: ffmc_tmp
2019-01-18 05:09:54,660 null [INFO] (/home/meteo/dev/redist/fwidbmgr/include/Grid.h:1695) Grid ffmc_tmp configured.
2019-01-18 05:09:54,697 null [INFO] (/home/meteo/dev/redist/fwidbmgr/include/Grid.h:1595) Configuring grid: dmc_tmp
2019-01-18 05:09:54,697 null [INFO] (/home/meteo/dev/redist/fwidbmgr/include/Grid.h:1695) Grid dmc_tmp configured.
2019-01-18 05:09:54,731 null [INFO] (/home/meteo/dev/redist/fwidbmgr/include/Grid.h:1595) Configuring grid: dc_tmp
2019-01-18 05:09:54,731 null [INFO] (/home/meteo/dev/redist/fwidbmgr/include/Grid.h:1695) Grid dc_tmp configured.
2019-01-18 05:09:54,767 null [INFO] (/home/meteo/dev/redist/fwidbmgr/include/Grid.h:1595) Configuring grid: angstrom
2019-01-18 05:09:54,768 null [INFO] (/home/meteo/dev/redist/fwidbmgr/include/Grid.h:1695) Grid angstrom configured.
2019-01-18 05:09:54,821 null [INFO] (/home/meteo/dev/redist/fwidbmgr/include/Grid.h:1595) Configuring grid: sharples
2019-01-18 05:09:54,821 null [INFO] (/home/meteo/dev/redist/fwidbmgr/include/Grid.h:1695) Grid sharples configured.
2019-01-18 05:09:54,860 null [INFO] (/home/meteo/dev/redist/fwidbmgr/include/Grid.h:1595) Configuring grid: fmi
2019-01-18 05:09:54,860 null [INFO] (/home/meteo/dev/redist/fwidbmgr/include/Grid.h:1695) Grid fmi configured.
2019-01-18 05:09:54,902 null [INFO] (../src/fwidbmgr.cpp:5600) OK --> 20190117 indexes exported to files.
2019-01-18 05:09:54,902 null [INFO] (../src/fwidbmgr.cpp:5695) action exportidx took about 1 seconds.
2019-01-18 05:09:54,902 null [INFO] (../src/fwidbmgr.cpp:5699) Disconnected from database.
2019-01-18 05:10:21,085 null [INFO] (../src/fwidbmgr.cpp:5361) fwi db manager
2019-01-18 05:10:21,085 null [INFO] (../src/fwidbmgr.cpp:5365) Program home: /home/meteo/dev/redist/fwidbmgr
2019-01-18 05:10:21,085 null [INFO] (../src/fwidbmgr.cpp:5369) Auto convert: 1
2019-01-18 05:10:21,085 null [INFO] (../src/fwidbmgr.cpp:446) action: outimg.
2019-01-18 05:10:21,085 null [INFO] (../src/fwidbmgr.cpp:470) date: 20190117.
2019-01-18 05:10:21,085 null [INFO] (../src/fwidbmgr.cpp:322) Try to read: /home/meteo/dev/redist/fwidbmgr/config/fwidbmgr.conf.
2019-01-18 05:10:21,087 null [INFO] (../src/fwidbmgr.cpp:5393) Configuration parsing: OK.
2019-01-18 05:10:21,091 null [INFO] (../src/fwidbmgr.cpp:5478) Connected to database
2019-01-18 05:10:21,091 null [INFO] (../src/fwidbmgr.cpp:5480) Manage data for date: 20190117.
2019-01-18 05:10:21,091 null [INFO] (../src/fwidbmgr.cpp:5566) Importing fwi indexes images in database.
2019-01-18 05:10:21,183 null [INFO] (../src/fwidbmgr.cpp:5570) OK --> 20190117 images imported.
2019-01-18 05:10:21,183 null [INFO] (../src/fwidbmgr.cpp:5695) action outimg took about 0 seconds.
2019-01-18 05:10:21,183 null [INFO] (../src/fwidbmgr.cpp:5699) Disconnected from database.
2019-01-18 05:37:01,986 null [INFO] (../src/fwidbmgr.cpp:5361) fwi db manager
2019-01-18 05:37:01,986 null [INFO] (../src/fwidbmgr.cpp:5365) Program home: /home/meteo/dev/redist/fwidbmgr
2019-01-18 05:37:01,986 null [INFO] (../src/fwidbmgr.cpp:5369) Auto convert: 1
2019-01-18 05:37:01,986 null [INFO] (../src/fwidbmgr.cpp:446) action: outimg.
2019-01-18 05:37:01,986 null [INFO] (../src/fwidbmgr.cpp:470) date: 20190117.
2019-01-18 05:37:01,986 null [INFO] (../src/fwidbmgr.cpp:322) Try to read: /home/meteo/dev/redist/fwidbmgr/config/fwidbmgr.conf.
2019-01-18 05:37:01,988 null [INFO] (../src/fwidbmgr.cpp:5393) Configuration parsing: OK.
2019-01-18 05:37:01,994 null [INFO] (../src/fwidbmgr.cpp:5478) Connected to database
2019-01-18 05:37:01,994 null [INFO] (../src/fwidbmgr.cpp:5480) Manage data for date: 20190117.
2019-01-18 05:37:01,994 null [INFO] (../src/fwidbmgr.cpp:5566) Importing fwi indexes images in database.
2019-01-18 05:37:02,094 null [INFO] (../src/fwidbmgr.cpp:5570) OK --> 20190117 images imported.
2019-01-18 05:37:02,094 null [INFO] (../src/fwidbmgr.cpp:5695) action outimg took about 1 seconds.
2019-01-18 05:37:02,095 null [INFO] (../src/fwidbmgr.cpp:5699) Disconnected from database.
2019-01-18 06:05:01,221 null [INFO] (../src/fwidbmgr.cpp:5361) fwi db manager
2019-01-18 06:05:01,222 null [INFO] (../src/fwidbmgr.cpp:5365) Program home: /home/meteo/dev/redist/fwidbmgr
2019-01-18 06:05:01,222 null [INFO] (../src/fwidbmgr.cpp:5369) Auto convert: 1
2019-01-18 06:05:01,222 null [INFO] (../src/fwidbmgr.cpp:446) action: outimg.
2019-01-18 06:05:01,222 null [INFO] (../src/fwidbmgr.cpp:470) date: 20190117.
2019-01-18 06:05:01,222 null [INFO] (../src/fwidbmgr.cpp:322) Try to read: /home/meteo/dev/redist/fwidbmgr/config/fwidbmgr.conf.
2019-01-18 06:05:01,224 null [INFO] (../src/fwidbmgr.cpp:5393) Configuration parsing: OK.
2019-01-18 06:05:01,229 null [INFO] (../src/fwidbmgr.cpp:5478) Connected to database
2019-01-18 06:05:01,229 null [INFO] (../src/fwidbmgr.cpp:5480) Manage data for date: 20190117.
2019-01-18 06:05:01,229 null [INFO] (../src/fwidbmgr.cpp:5566) Importing fwi indexes images in database.
2019-01-18 06:05:01,316 null [INFO] (../src/fwidbmgr.cpp:5570) OK --> 20190117 images imported.
2019-01-18 06:05:01,316 null [INFO] (../src/fwidbmgr.cpp:5695) action outimg took about 0 seconds.
2019-01-18 06:05:01,316 null [INFO] (../src/fwidbmgr.cpp:5699) Disconnected from database.
2019-01-18 06:37:01,447 null [INFO] (../src/fwidbmgr.cpp:5361) fwi db manager
2019-01-18 06:37:01,447 null [INFO] (../src/fwidbmgr.cpp:5365) Program home: /home/meteo/dev/redist/fwidbmgr
2019-01-18 06:37:01,447 null [INFO] (../src/fwidbmgr.cpp:5369) Auto convert: 1
2019-01-18 06:37:01,447 null [INFO] (../src/fwidbmgr.cpp:446) action: outimg.
2019-01-18 06:37:01,447 null [INFO] (../src/fwidbmgr.cpp:470) date: 20190117.
2019-01-18 06:37:01,447 null [INFO] (../src/fwidbmgr.cpp:322) Try to read: /home/meteo/dev/redist/fwidbmgr/config/fwidbmgr.conf.
2019-01-18 06:37:01,450 null [INFO] (../src/fwidbmgr.cpp:5393) Configuration parsing: OK.
2019-01-18 06:37:01,455 null [INFO] (../src/fwidbmgr.cpp:5478) Connected to database
2019-01-18 06:37:01,456 null [INFO] (../src/fwidbmgr.cpp:5480) Manage data for date: 20190117.
2019-01-18 06:37:01,456 null [INFO] (../src/fwidbmgr.cpp:5566) Importing fwi indexes images in database.
2019-01-18 06:37:01,552 null [INFO] (../src/fwidbmgr.cpp:5570) OK --> 20190117 images imported.
2019-01-18 06:37:01,552 null [INFO] (../src/fwidbmgr.cpp:5695) action outimg took about 0 seconds.
2019-01-18 06:37:01,553 null [INFO] (../src/fwidbmgr.cpp:5699) Disconnected from database.
2019-01-18 07:05:01,873 null [INFO] (../src/fwidbmgr.cpp:5361) fwi db manager
2019-01-18 07:05:01,874 null [INFO] (../src/fwidbmgr.cpp:5365) Program home: /home/meteo/dev/redist/fwidbmgr
2019-01-18 07:05:01,874 null [INFO] (../src/fwidbmgr.cpp:5369) Auto convert: 1
2019-01-18 07:05:01,874 null [INFO] (../src/fwidbmgr.cpp:446) action: outimg.
2019-01-18 07:05:01,874 null [INFO] (../src/fwidbmgr.cpp:470) date: 20190117.
2019-01-18 07:05:01,874 null [INFO] (../src/fwidbmgr.cpp:322) Try to read: /home/meteo/dev/redist/fwidbmgr/config/fwidbmgr.conf.
2019-01-18 07:05:01,876 null [INFO] (../src/fwidbmgr.cpp:5393) Configuration parsing: OK.
2019-01-18 07:05:01,882 null [INFO] (../src/fwidbmgr.cpp:5478) Connected to database
2019-01-18 07:05:01,883 null [INFO] (../src/fwidbmgr.cpp:5480) Manage data for date: 20190117.
2019-01-18 07:05:01,883 null [INFO] (../src/fwidbmgr.cpp:5566) Importing fwi indexes images in database.
2019-01-18 07:05:01,977 null [INFO] (../src/fwidbmgr.cpp:5570) OK --> 20190117 images imported.
2019-01-18 07:05:01,977 null [INFO] (../src/fwidbmgr.cpp:5695) action outimg took about 0 seconds.
2019-01-18 07:05:01,978 null [INFO] (../src/fwidbmgr.cpp:5699) Disconnected from database.
2019-01-18 07:37:01,341 null [INFO] (../src/fwidbmgr.cpp:5361) fwi db manager
2019-01-18 07:37:01,342 null [INFO] (../src/fwidbmgr.cpp:5365) Program home: /home/meteo/dev/redist/fwidbmgr
2019-01-18 07:37:01,343 null [INFO] (../src/fwidbmgr.cpp:5369) Auto convert: 1
2019-01-18 07:37:01,343 null [INFO] (../src/fwidbmgr.cpp:446) action: outimg.
2019-01-18 07:37:01,343 null [INFO] (../src/fwidbmgr.cpp:470) date: 20190117.
2019-01-18 07:37:01,343 null [INFO] (../src/fwidbmgr.cpp:322) Try to read: /home/meteo/dev/redist/fwidbmgr/config/fwidbmgr.conf.
2019-01-18 07:37:01,345 null [INFO] (../src/fwidbmgr.cpp:5393) Configuration parsing: OK.
2019-01-18 07:37:01,369 null [INFO] (../src/fwidbmgr.cpp:5478) Connected to database
2019-01-18 07:37:01,369 null [INFO] (../src/fwidbmgr.cpp:5480) Manage data for date: 20190117.
2019-01-18 07:37:01,369 null [INFO] (../src/fwidbmgr.cpp:5566) Importing fwi indexes images in database.
2019-01-18 07:37:01,496 null [INFO] (../src/fwidbmgr.cpp:5570) OK --> 20190117 images imported.
2019-01-18 07:37:01,496 null [INFO] (../src/fwidbmgr.cpp:5695) action outimg took about 0 seconds.
2019-01-18 07:37:01,496 null [INFO] (../src/fwidbmgr.cpp:5699) Disconnected from database.
