2019-02-14 05:05:54,494 null [INFO] (../src/fwidbmgr.cpp:5361) fwi db manager
2019-02-14 05:05:54,494 null [INFO] (../src/fwidbmgr.cpp:5365) Program home: /home/meteo/dev/redist/fwidbmgr
2019-02-14 05:05:54,494 null [INFO] (../src/fwidbmgr.cpp:5369) Auto convert: 1
2019-02-14 05:05:54,494 null [INFO] (../src/fwidbmgr.cpp:446) action: in.
2019-02-14 05:05:54,494 null [INFO] (../src/fwidbmgr.cpp:470) date: 20190213.
2019-02-14 05:05:54,494 null [INFO] (../src/fwidbmgr.cpp:322) Try to read: /home/meteo/dev/redist/fwidbmgr/config/fwidbmgr.conf.
2019-02-14 05:05:54,497 null [INFO] (../src/fwidbmgr.cpp:5393) Configuration parsing: OK.
2019-02-14 05:05:54,517 null [INFO] (../src/fwidbmgr.cpp:5478) Connected to database
2019-02-14 05:05:54,517 null [INFO] (../src/fwidbmgr.cpp:5480) Manage data for date: 20190213.
2019-02-14 05:05:54,517 null [INFO] (../src/fwidbmgr.cpp:5536) Importing meteo data in database for day: 20190213.
2019-02-14 05:05:54,528 null [INFO] (/home/meteo/dev/redist/fwidbmgr/include/Grid.h:1595) Configuring grid: snow
2019-02-14 05:05:54,528 null [INFO] (/home/meteo/dev/redist/fwidbmgr/include/Grid.h:1695) Grid snow configured.
2019-02-14 05:05:54,540 null [INFO] (/home/meteo/dev/redist/fwidbmgr/include/Grid.h:1595) Configuring grid: snow_covering
2019-02-14 05:05:54,540 null [INFO] (/home/meteo/dev/redist/fwidbmgr/include/Grid.h:1695) Grid snow_covering configured.
2019-02-14 05:05:54,548 null [INFO] (/home/meteo/dev/redist/fwidbmgr/include/Grid.h:1595) Configuring grid: snow_dissolution
2019-02-14 05:05:54,548 null [INFO] (/home/meteo/dev/redist/fwidbmgr/include/Grid.h:1695) Grid snow_dissolution configured.
2019-02-14 05:05:54,560 null [INFO] (/home/meteo/dev/redist/fwidbmgr/include/Grid.h:1595) Configuring grid: temperature
2019-02-14 05:05:54,560 null [INFO] (/home/meteo/dev/redist/fwidbmgr/include/Grid.h:1695) Grid temperature configured.
2019-02-14 05:05:54,564 null [INFO] (/home/meteo/dev/redist/fwidbmgr/include/Grid.h:1595) Configuring grid: humidity
2019-02-14 05:05:54,564 null [INFO] (/home/meteo/dev/redist/fwidbmgr/include/Grid.h:1695) Grid humidity configured.
2019-02-14 05:05:54,570 null [INFO] (/home/meteo/dev/redist/fwidbmgr/include/Grid.h:1595) Configuring grid: windspeed
2019-02-14 05:05:54,570 null [INFO] (/home/meteo/dev/redist/fwidbmgr/include/Grid.h:1695) Grid windspeed configured.
2019-02-14 05:05:54,584 null [INFO] (/home/meteo/dev/redist/fwidbmgr/include/Grid.h:1595) Configuring grid: rain
2019-02-14 05:05:54,584 null [INFO] (/home/meteo/dev/redist/fwidbmgr/include/Grid.h:1695) Grid rain configured.
2019-02-14 05:05:54,586 null [INFO] (/home/meteo/dev/redist/fwidbmgr/include/Grid.h:1595) Configuring grid: cum_rain
2019-02-14 05:05:54,586 null [INFO] (/home/meteo/dev/redist/fwidbmgr/include/Grid.h:1695) Grid cum_rain configured.
2019-02-14 05:05:54,742 null [INFO] (../src/fwidbmgr.cpp:1518) Storing meteo input ...
2019-02-14 05:06:00,783 null [INFO] (../src/fwidbmgr.cpp:5540) OK --> 20190213 data imported.
2019-02-14 05:06:00,855 null [INFO] (../src/fwidbmgr.cpp:5695) action in took about 6 seconds.
2019-02-14 05:06:00,890 null [INFO] (../src/fwidbmgr.cpp:5699) Disconnected from database.
2019-02-14 05:06:45,794 null [INFO] (../src/fwidbmgr.cpp:5361) fwi db manager
2019-02-14 05:06:45,794 null [INFO] (../src/fwidbmgr.cpp:5365) Program home: /home/meteo/dev/redist/fwidbmgr
2019-02-14 05:06:45,794 null [INFO] (../src/fwidbmgr.cpp:5369) Auto convert: 1
2019-02-14 05:06:45,794 null [INFO] (../src/fwidbmgr.cpp:446) action: out.
2019-02-14 05:06:45,794 null [INFO] (../src/fwidbmgr.cpp:470) date: 20190213.
2019-02-14 05:06:45,794 null [INFO] (../src/fwidbmgr.cpp:322) Try to read: /home/meteo/dev/redist/fwidbmgr/config/fwidbmgr.conf.
2019-02-14 05:06:45,820 null [INFO] (../src/fwidbmgr.cpp:5393) Configuration parsing: OK.
2019-02-14 05:06:45,833 null [INFO] (../src/fwidbmgr.cpp:5478) Connected to database
2019-02-14 05:06:45,833 null [INFO] (../src/fwidbmgr.cpp:5480) Manage data for date: 20190213.
2019-02-14 05:06:45,833 null [INFO] (../src/fwidbmgr.cpp:5551) Importing fwi indexes data in database for day: 20190213.
2019-02-14 05:06:45,836 null [INFO] (/home/meteo/dev/redist/fwidbmgr/include/Grid.h:1595) Configuring grid: isi
2019-02-14 05:06:45,836 null [INFO] (/home/meteo/dev/redist/fwidbmgr/include/Grid.h:1695) Grid isi configured.
2019-02-14 05:06:45,848 null [INFO] (/home/meteo/dev/redist/fwidbmgr/include/Grid.h:1595) Configuring grid: fwi
2019-02-14 05:06:45,848 null [INFO] (/home/meteo/dev/redist/fwidbmgr/include/Grid.h:1695) Grid fwi configured.
2019-02-14 05:06:45,856 null [INFO] (/home/meteo/dev/redist/fwidbmgr/include/Grid.h:1595) Configuring grid: ffmc
2019-02-14 05:06:45,856 null [INFO] (/home/meteo/dev/redist/fwidbmgr/include/Grid.h:1695) Grid ffmc configured.
2019-02-14 05:06:45,862 null [INFO] (/home/meteo/dev/redist/fwidbmgr/include/Grid.h:1595) Configuring grid: dmc
2019-02-14 05:06:45,862 null [INFO] (/home/meteo/dev/redist/fwidbmgr/include/Grid.h:1695) Grid dmc configured.
2019-02-14 05:06:45,869 null [INFO] (/home/meteo/dev/redist/fwidbmgr/include/Grid.h:1595) Configuring grid: dc
2019-02-14 05:06:45,869 null [INFO] (/home/meteo/dev/redist/fwidbmgr/include/Grid.h:1695) Grid dc configured.
2019-02-14 05:06:45,876 null [INFO] (/home/meteo/dev/redist/fwidbmgr/include/Grid.h:1595) Configuring grid: bui
2019-02-14 05:06:45,876 null [INFO] (/home/meteo/dev/redist/fwidbmgr/include/Grid.h:1695) Grid bui configured.
2019-02-14 05:06:45,883 null [INFO] (/home/meteo/dev/redist/fwidbmgr/include/Grid.h:1595) Configuring grid: ffmc_tmp
2019-02-14 05:06:45,883 null [INFO] (/home/meteo/dev/redist/fwidbmgr/include/Grid.h:1695) Grid ffmc_tmp configured.
2019-02-14 05:06:45,908 null [INFO] (/home/meteo/dev/redist/fwidbmgr/include/Grid.h:1595) Configuring grid: dmc_tmp
2019-02-14 05:06:45,908 null [INFO] (/home/meteo/dev/redist/fwidbmgr/include/Grid.h:1695) Grid dmc_tmp configured.
2019-02-14 05:06:45,919 null [INFO] (/home/meteo/dev/redist/fwidbmgr/include/Grid.h:1595) Configuring grid: dc_tmp
2019-02-14 05:06:45,919 null [INFO] (/home/meteo/dev/redist/fwidbmgr/include/Grid.h:1695) Grid dc_tmp configured.
2019-02-14 05:06:45,933 null [INFO] (/home/meteo/dev/redist/fwidbmgr/include/Grid.h:1595) Configuring grid: idi
2019-02-14 05:06:45,933 null [INFO] (/home/meteo/dev/redist/fwidbmgr/include/Grid.h:1695) Grid idi configured.
2019-02-14 05:06:46,129 null [INFO] (../src/fwidbmgr.cpp:2081) Storing FWI indexes ...
2019-02-14 05:06:49,344 null [INFO] (../src/fwidbmgr.cpp:5555) OK --> 20190213 data imported.
2019-02-14 05:06:49,344 null [INFO] (../src/fwidbmgr.cpp:5695) action out took about 4 seconds.
2019-02-14 05:06:49,344 null [INFO] (../src/fwidbmgr.cpp:5699) Disconnected from database.
2019-02-14 05:06:49,363 null [INFO] (../src/fwidbmgr.cpp:5361) fwi db manager
2019-02-14 05:06:49,363 null [INFO] (../src/fwidbmgr.cpp:5365) Program home: /home/meteo/dev/redist/fwidbmgr
2019-02-14 05:06:49,363 null [INFO] (../src/fwidbmgr.cpp:5369) Auto convert: 1
2019-02-14 05:06:49,363 null [INFO] (../src/fwidbmgr.cpp:446) action: computeidx.
2019-02-14 05:06:49,363 null [INFO] (../src/fwidbmgr.cpp:470) date: 20190213.
2019-02-14 05:06:49,363 null [INFO] (../src/fwidbmgr.cpp:322) Try to read: /home/meteo/dev/redist/fwidbmgr/config/fwidbmgr.conf.
2019-02-14 05:06:49,364 null [INFO] (../src/fwidbmgr.cpp:5393) Configuration parsing: OK.
2019-02-14 05:06:49,367 null [INFO] (../src/fwidbmgr.cpp:5478) Connected to database
2019-02-14 05:06:49,367 null [INFO] (../src/fwidbmgr.cpp:5480) Manage data for date: 20190213.
2019-02-14 05:06:49,367 null [INFO] (../src/fwidbmgr.cpp:5656) Computing indexes.
2019-02-14 05:06:49,369 null [INFO] (/home/meteo/dev/redist/fwidbmgr/include/Grid.h:1595) Configuring grid: isi
2019-02-14 05:06:49,369 null [INFO] (/home/meteo/dev/redist/fwidbmgr/include/Grid.h:1695) Grid isi configured.
2019-02-14 05:06:49,370 null [INFO] (/home/meteo/dev/redist/fwidbmgr/include/Grid.h:1595) Configuring grid: fwi
2019-02-14 05:06:49,370 null [INFO] (/home/meteo/dev/redist/fwidbmgr/include/Grid.h:1695) Grid fwi configured.
2019-02-14 05:06:49,371 null [INFO] (/home/meteo/dev/redist/fwidbmgr/include/Grid.h:1595) Configuring grid: ffmc
2019-02-14 05:06:49,372 null [INFO] (/home/meteo/dev/redist/fwidbmgr/include/Grid.h:1695) Grid ffmc configured.
2019-02-14 05:06:49,373 null [INFO] (/home/meteo/dev/redist/fwidbmgr/include/Grid.h:1595) Configuring grid: dmc
2019-02-14 05:06:49,373 null [INFO] (/home/meteo/dev/redist/fwidbmgr/include/Grid.h:1695) Grid dmc configured.
2019-02-14 05:06:49,374 null [INFO] (/home/meteo/dev/redist/fwidbmgr/include/Grid.h:1595) Configuring grid: dc
2019-02-14 05:06:49,374 null [INFO] (/home/meteo/dev/redist/fwidbmgr/include/Grid.h:1695) Grid dc configured.
2019-02-14 05:06:49,375 null [INFO] (/home/meteo/dev/redist/fwidbmgr/include/Grid.h:1595) Configuring grid: bui
2019-02-14 05:06:49,375 null [INFO] (/home/meteo/dev/redist/fwidbmgr/include/Grid.h:1695) Grid bui configured.
2019-02-14 05:06:49,376 null [INFO] (/home/meteo/dev/redist/fwidbmgr/include/Grid.h:1595) Configuring grid: ffmc_tmp
2019-02-14 05:06:49,376 null [INFO] (/home/meteo/dev/redist/fwidbmgr/include/Grid.h:1695) Grid ffmc_tmp configured.
2019-02-14 05:06:49,377 null [INFO] (/home/meteo/dev/redist/fwidbmgr/include/Grid.h:1595) Configuring grid: dmc_tmp
2019-02-14 05:06:49,377 null [INFO] (/home/meteo/dev/redist/fwidbmgr/include/Grid.h:1695) Grid dmc_tmp configured.
2019-02-14 05:06:49,378 null [INFO] (/home/meteo/dev/redist/fwidbmgr/include/Grid.h:1595) Configuring grid: dc_tmp
2019-02-14 05:06:49,378 null [INFO] (/home/meteo/dev/redist/fwidbmgr/include/Grid.h:1695) Grid dc_tmp configured.
2019-02-14 05:06:49,379 null [INFO] (/home/meteo/dev/redist/fwidbmgr/include/Grid.h:1595) Configuring grid: idi
2019-02-14 05:06:49,379 null [INFO] (/home/meteo/dev/redist/fwidbmgr/include/Grid.h:1695) Grid idi configured.
2019-02-14 05:06:49,380 null [INFO] (/home/meteo/dev/redist/fwidbmgr/include/Grid.h:1595) Configuring grid: angstrom
2019-02-14 05:06:49,380 null [INFO] (/home/meteo/dev/redist/fwidbmgr/include/Grid.h:1695) Grid angstrom configured.
2019-02-14 05:06:49,381 null [INFO] (/home/meteo/dev/redist/fwidbmgr/include/Grid.h:1595) Configuring grid: fmi
2019-02-14 05:06:49,381 null [INFO] (/home/meteo/dev/redist/fwidbmgr/include/Grid.h:1695) Grid fmi configured.
2019-02-14 05:06:49,382 null [INFO] (/home/meteo/dev/redist/fwidbmgr/include/Grid.h:1595) Configuring grid: sharples
2019-02-14 05:06:49,382 null [INFO] (/home/meteo/dev/redist/fwidbmgr/include/Grid.h:1695) Grid sharples configured.
2019-02-14 05:06:49,697 null [INFO] (/home/meteo/dev/redist/fwidbmgr/include/Grid.h:1595) Configuring grid: snow
2019-02-14 05:06:49,697 null [INFO] (/home/meteo/dev/redist/fwidbmgr/include/Grid.h:1695) Grid snow configured.
2019-02-14 05:06:49,697 null [INFO] (/home/meteo/dev/redist/fwidbmgr/include/Grid.h:1595) Configuring grid: snow_covering
2019-02-14 05:06:49,697 null [INFO] (/home/meteo/dev/redist/fwidbmgr/include/Grid.h:1695) Grid snow_covering configured.
2019-02-14 05:06:49,697 null [INFO] (/home/meteo/dev/redist/fwidbmgr/include/Grid.h:1595) Configuring grid: snow_dissolution
2019-02-14 05:06:49,697 null [INFO] (/home/meteo/dev/redist/fwidbmgr/include/Grid.h:1695) Grid snow_dissolution configured.
2019-02-14 05:06:49,697 null [INFO] (/home/meteo/dev/redist/fwidbmgr/include/Grid.h:1595) Configuring grid: temperature
2019-02-14 05:06:49,697 null [INFO] (/home/meteo/dev/redist/fwidbmgr/include/Grid.h:1695) Grid temperature configured.
2019-02-14 05:06:49,697 null [INFO] (/home/meteo/dev/redist/fwidbmgr/include/Grid.h:1595) Configuring grid: humidity
2019-02-14 05:06:49,697 null [INFO] (/home/meteo/dev/redist/fwidbmgr/include/Grid.h:1695) Grid humidity configured.
2019-02-14 05:06:49,697 null [INFO] (/home/meteo/dev/redist/fwidbmgr/include/Grid.h:1595) Configuring grid: windspeed
2019-02-14 05:06:49,697 null [INFO] (/home/meteo/dev/redist/fwidbmgr/include/Grid.h:1695) Grid windspeed configured.
2019-02-14 05:06:49,697 null [INFO] (/home/meteo/dev/redist/fwidbmgr/include/Grid.h:1595) Configuring grid: rain
2019-02-14 05:06:49,697 null [INFO] (/home/meteo/dev/redist/fwidbmgr/include/Grid.h:1695) Grid rain configured.
2019-02-14 05:06:49,697 null [INFO] (/home/meteo/dev/redist/fwidbmgr/include/Grid.h:1595) Configuring grid: cum_rain
2019-02-14 05:06:49,697 null [INFO] (/home/meteo/dev/redist/fwidbmgr/include/Grid.h:1695) Grid cum_rain configured.
2019-02-14 05:07:41,763 null [INFO] (../src/fwidbmgr.cpp:5660) OK --> 20190213 indexes computed.
2019-02-14 05:07:41,764 null [INFO] (../src/fwidbmgr.cpp:5695) action computeidx took about 52 seconds.
2019-02-14 05:07:41,764 null [INFO] (../src/fwidbmgr.cpp:5699) Disconnected from database.
2019-02-14 05:07:41,780 null [INFO] (../src/fwidbmgr.cpp:5361) fwi db manager
2019-02-14 05:07:41,780 null [INFO] (../src/fwidbmgr.cpp:5365) Program home: /home/meteo/dev/redist/fwidbmgr
2019-02-14 05:07:41,780 null [INFO] (../src/fwidbmgr.cpp:5369) Auto convert: 1
2019-02-14 05:07:41,780 null [INFO] (../src/fwidbmgr.cpp:446) action: exportidx.
2019-02-14 05:07:41,780 null [INFO] (../src/fwidbmgr.cpp:470) date: 20190213.
2019-02-14 05:07:41,780 null [INFO] (../src/fwidbmgr.cpp:322) Try to read: /home/meteo/dev/redist/fwidbmgr/config/fwidbmgr.conf.
2019-02-14 05:07:41,781 null [INFO] (../src/fwidbmgr.cpp:5393) Configuration parsing: OK.
2019-02-14 05:07:41,783 null [INFO] (../src/fwidbmgr.cpp:5478) Connected to database
2019-02-14 05:07:41,783 null [INFO] (../src/fwidbmgr.cpp:5480) Manage data for date: 20190213.
2019-02-14 05:07:41,783 null [INFO] (../src/fwidbmgr.cpp:5596) Exporting indexes.
2019-02-14 05:07:41,785 null [INFO] (/home/meteo/dev/redist/fwidbmgr/include/Grid.h:1595) Configuring grid: isi
2019-02-14 05:07:41,785 null [INFO] (/home/meteo/dev/redist/fwidbmgr/include/Grid.h:1695) Grid isi configured.
2019-02-14 05:07:41,786 null [INFO] (/home/meteo/dev/redist/fwidbmgr/include/Grid.h:1595) Configuring grid: fwi
2019-02-14 05:07:41,786 null [INFO] (/home/meteo/dev/redist/fwidbmgr/include/Grid.h:1695) Grid fwi configured.
2019-02-14 05:07:41,788 null [INFO] (/home/meteo/dev/redist/fwidbmgr/include/Grid.h:1595) Configuring grid: ffmc
2019-02-14 05:07:41,788 null [INFO] (/home/meteo/dev/redist/fwidbmgr/include/Grid.h:1695) Grid ffmc configured.
2019-02-14 05:07:41,790 null [INFO] (/home/meteo/dev/redist/fwidbmgr/include/Grid.h:1595) Configuring grid: dmc
2019-02-14 05:07:41,790 null [INFO] (/home/meteo/dev/redist/fwidbmgr/include/Grid.h:1695) Grid dmc configured.
2019-02-14 05:07:41,792 null [INFO] (/home/meteo/dev/redist/fwidbmgr/include/Grid.h:1595) Configuring grid: dc
2019-02-14 05:07:41,792 null [INFO] (/home/meteo/dev/redist/fwidbmgr/include/Grid.h:1695) Grid dc configured.
2019-02-14 05:07:41,794 null [INFO] (/home/meteo/dev/redist/fwidbmgr/include/Grid.h:1595) Configuring grid: bui
2019-02-14 05:07:41,794 null [INFO] (/home/meteo/dev/redist/fwidbmgr/include/Grid.h:1695) Grid bui configured.
2019-02-14 05:07:41,796 null [INFO] (/home/meteo/dev/redist/fwidbmgr/include/Grid.h:1595) Configuring grid: ffmc_tmp
2019-02-14 05:07:41,796 null [INFO] (/home/meteo/dev/redist/fwidbmgr/include/Grid.h:1695) Grid ffmc_tmp configured.
2019-02-14 05:07:41,798 null [INFO] (/home/meteo/dev/redist/fwidbmgr/include/Grid.h:1595) Configuring grid: dmc_tmp
2019-02-14 05:07:41,798 null [INFO] (/home/meteo/dev/redist/fwidbmgr/include/Grid.h:1695) Grid dmc_tmp configured.
2019-02-14 05:07:41,800 null [INFO] (/home/meteo/dev/redist/fwidbmgr/include/Grid.h:1595) Configuring grid: dc_tmp
2019-02-14 05:07:41,800 null [INFO] (/home/meteo/dev/redist/fwidbmgr/include/Grid.h:1695) Grid dc_tmp configured.
2019-02-14 05:07:41,801 null [INFO] (/home/meteo/dev/redist/fwidbmgr/include/Grid.h:1595) Configuring grid: idi
2019-02-14 05:07:41,801 null [INFO] (/home/meteo/dev/redist/fwidbmgr/include/Grid.h:1695) Grid idi configured.
2019-02-14 05:07:41,802 null [INFO] (/home/meteo/dev/redist/fwidbmgr/include/Grid.h:1595) Configuring grid: angstrom
2019-02-14 05:07:41,802 null [INFO] (/home/meteo/dev/redist/fwidbmgr/include/Grid.h:1695) Grid angstrom configured.
2019-02-14 05:07:41,803 null [INFO] (/home/meteo/dev/redist/fwidbmgr/include/Grid.h:1595) Configuring grid: fmi
2019-02-14 05:07:41,803 null [INFO] (/home/meteo/dev/redist/fwidbmgr/include/Grid.h:1695) Grid fmi configured.
2019-02-14 05:07:41,804 null [INFO] (/home/meteo/dev/redist/fwidbmgr/include/Grid.h:1595) Configuring grid: sharples
2019-02-14 05:07:41,804 null [INFO] (/home/meteo/dev/redist/fwidbmgr/include/Grid.h:1695) Grid sharples configured.
2019-02-14 05:07:42,150 null [INFO] (/home/meteo/dev/redist/fwidbmgr/include/Grid.h:1595) Configuring grid: isi
2019-02-14 05:07:42,150 null [INFO] (/home/meteo/dev/redist/fwidbmgr/include/Grid.h:1695) Grid isi configured.
2019-02-14 05:07:42,170 null [INFO] (/home/meteo/dev/redist/fwidbmgr/include/Grid.h:1595) Configuring grid: fwi
2019-02-14 05:07:42,170 null [INFO] (/home/meteo/dev/redist/fwidbmgr/include/Grid.h:1695) Grid fwi configured.
2019-02-14 05:07:42,189 null [INFO] (/home/meteo/dev/redist/fwidbmgr/include/Grid.h:1595) Configuring grid: ffmc
2019-02-14 05:07:42,189 null [INFO] (/home/meteo/dev/redist/fwidbmgr/include/Grid.h:1695) Grid ffmc configured.
2019-02-14 05:07:42,209 null [INFO] (/home/meteo/dev/redist/fwidbmgr/include/Grid.h:1595) Configuring grid: dmc
2019-02-14 05:07:42,209 null [INFO] (/home/meteo/dev/redist/fwidbmgr/include/Grid.h:1695) Grid dmc configured.
2019-02-14 05:07:42,229 null [INFO] (/home/meteo/dev/redist/fwidbmgr/include/Grid.h:1595) Configuring grid: dc
2019-02-14 05:07:42,229 null [INFO] (/home/meteo/dev/redist/fwidbmgr/include/Grid.h:1695) Grid dc configured.
2019-02-14 05:07:42,248 null [INFO] (/home/meteo/dev/redist/fwidbmgr/include/Grid.h:1595) Configuring grid: bui
2019-02-14 05:07:42,249 null [INFO] (/home/meteo/dev/redist/fwidbmgr/include/Grid.h:1695) Grid bui configured.
2019-02-14 05:07:42,268 null [INFO] (/home/meteo/dev/redist/fwidbmgr/include/Grid.h:1595) Configuring grid: ffmc_tmp
2019-02-14 05:07:42,268 null [INFO] (/home/meteo/dev/redist/fwidbmgr/include/Grid.h:1695) Grid ffmc_tmp configured.
2019-02-14 05:07:42,288 null [INFO] (/home/meteo/dev/redist/fwidbmgr/include/Grid.h:1595) Configuring grid: dmc_tmp
2019-02-14 05:07:42,288 null [INFO] (/home/meteo/dev/redist/fwidbmgr/include/Grid.h:1695) Grid dmc_tmp configured.
2019-02-14 05:07:42,306 null [INFO] (/home/meteo/dev/redist/fwidbmgr/include/Grid.h:1595) Configuring grid: dc_tmp
2019-02-14 05:07:42,306 null [INFO] (/home/meteo/dev/redist/fwidbmgr/include/Grid.h:1695) Grid dc_tmp configured.
2019-02-14 05:07:42,325 null [INFO] (/home/meteo/dev/redist/fwidbmgr/include/Grid.h:1595) Configuring grid: angstrom
2019-02-14 05:07:42,325 null [INFO] (/home/meteo/dev/redist/fwidbmgr/include/Grid.h:1695) Grid angstrom configured.
2019-02-14 05:07:42,388 null [INFO] (/home/meteo/dev/redist/fwidbmgr/include/Grid.h:1595) Configuring grid: sharples
2019-02-14 05:07:42,388 null [INFO] (/home/meteo/dev/redist/fwidbmgr/include/Grid.h:1695) Grid sharples configured.
2019-02-14 05:07:42,423 null [INFO] (/home/meteo/dev/redist/fwidbmgr/include/Grid.h:1595) Configuring grid: fmi
2019-02-14 05:07:42,423 null [INFO] (/home/meteo/dev/redist/fwidbmgr/include/Grid.h:1695) Grid fmi configured.
2019-02-14 05:07:42,448 null [INFO] (../src/fwidbmgr.cpp:5600) OK --> 20190213 indexes exported to files.
2019-02-14 05:07:42,448 null [INFO] (../src/fwidbmgr.cpp:5695) action exportidx took about 1 seconds.
2019-02-14 05:07:42,448 null [INFO] (../src/fwidbmgr.cpp:5699) Disconnected from database.
2019-02-14 05:07:58,429 null [INFO] (../src/fwidbmgr.cpp:5361) fwi db manager
2019-02-14 05:07:58,430 null [INFO] (../src/fwidbmgr.cpp:5365) Program home: /home/meteo/dev/redist/fwidbmgr
2019-02-14 05:07:58,430 null [INFO] (../src/fwidbmgr.cpp:5369) Auto convert: 1
2019-02-14 05:07:58,430 null [INFO] (../src/fwidbmgr.cpp:446) action: outimg.
2019-02-14 05:07:58,430 null [INFO] (../src/fwidbmgr.cpp:470) date: 20190213.
2019-02-14 05:07:58,430 null [INFO] (../src/fwidbmgr.cpp:322) Try to read: /home/meteo/dev/redist/fwidbmgr/config/fwidbmgr.conf.
2019-02-14 05:07:58,431 null [INFO] (../src/fwidbmgr.cpp:5393) Configuration parsing: OK.
2019-02-14 05:07:58,435 null [INFO] (../src/fwidbmgr.cpp:5478) Connected to database
2019-02-14 05:07:58,435 null [INFO] (../src/fwidbmgr.cpp:5480) Manage data for date: 20190213.
2019-02-14 05:07:58,435 null [INFO] (../src/fwidbmgr.cpp:5566) Importing fwi indexes images in database.
2019-02-14 05:07:58,503 null [INFO] (../src/fwidbmgr.cpp:5570) OK --> 20190213 images imported.
2019-02-14 05:07:58,503 null [INFO] (../src/fwidbmgr.cpp:5695) action outimg took about 0 seconds.
2019-02-14 05:07:58,503 null [INFO] (../src/fwidbmgr.cpp:5699) Disconnected from database.
2019-02-14 05:37:01,564 null [INFO] (../src/fwidbmgr.cpp:5361) fwi db manager
2019-02-14 05:37:01,564 null [INFO] (../src/fwidbmgr.cpp:5365) Program home: /home/meteo/dev/redist/fwidbmgr
2019-02-14 05:37:01,564 null [INFO] (../src/fwidbmgr.cpp:5369) Auto convert: 1
2019-02-14 05:37:01,564 null [INFO] (../src/fwidbmgr.cpp:446) action: outimg.
2019-02-14 05:37:01,564 null [INFO] (../src/fwidbmgr.cpp:470) date: 20190213.
2019-02-14 05:37:01,564 null [INFO] (../src/fwidbmgr.cpp:322) Try to read: /home/meteo/dev/redist/fwidbmgr/config/fwidbmgr.conf.
2019-02-14 05:37:01,565 null [INFO] (../src/fwidbmgr.cpp:5393) Configuration parsing: OK.
2019-02-14 05:37:01,570 null [INFO] (../src/fwidbmgr.cpp:5478) Connected to database
2019-02-14 05:37:01,570 null [INFO] (../src/fwidbmgr.cpp:5480) Manage data for date: 20190213.
2019-02-14 05:37:01,570 null [INFO] (../src/fwidbmgr.cpp:5566) Importing fwi indexes images in database.
2019-02-14 05:37:01,699 null [INFO] (../src/fwidbmgr.cpp:5570) OK --> 20190213 images imported.
2019-02-14 05:37:01,699 null [INFO] (../src/fwidbmgr.cpp:5695) action outimg took about 0 seconds.
2019-02-14 05:37:01,699 null [INFO] (../src/fwidbmgr.cpp:5699) Disconnected from database.
2019-02-14 06:05:01,859 null [INFO] (../src/fwidbmgr.cpp:5361) fwi db manager
2019-02-14 06:05:01,859 null [INFO] (../src/fwidbmgr.cpp:5365) Program home: /home/meteo/dev/redist/fwidbmgr
2019-02-14 06:05:01,859 null [INFO] (../src/fwidbmgr.cpp:5369) Auto convert: 1
2019-02-14 06:05:01,859 null [INFO] (../src/fwidbmgr.cpp:446) action: outimg.
2019-02-14 06:05:01,860 null [INFO] (../src/fwidbmgr.cpp:470) date: 20190213.
2019-02-14 06:05:01,860 null [INFO] (../src/fwidbmgr.cpp:322) Try to read: /home/meteo/dev/redist/fwidbmgr/config/fwidbmgr.conf.
2019-02-14 06:05:01,861 null [INFO] (../src/fwidbmgr.cpp:5393) Configuration parsing: OK.
2019-02-14 06:05:01,873 null [INFO] (../src/fwidbmgr.cpp:5478) Connected to database
2019-02-14 06:05:01,873 null [INFO] (../src/fwidbmgr.cpp:5480) Manage data for date: 20190213.
2019-02-14 06:05:01,873 null [INFO] (../src/fwidbmgr.cpp:5566) Importing fwi indexes images in database.
2019-02-14 06:05:01,942 null [INFO] (../src/fwidbmgr.cpp:5570) OK --> 20190213 images imported.
2019-02-14 06:05:01,943 null [INFO] (../src/fwidbmgr.cpp:5695) action outimg took about 0 seconds.
2019-02-14 06:05:01,943 null [INFO] (../src/fwidbmgr.cpp:5699) Disconnected from database.
2019-02-14 06:37:01,082 null [INFO] (../src/fwidbmgr.cpp:5361) fwi db manager
2019-02-14 06:37:01,083 null [INFO] (../src/fwidbmgr.cpp:5365) Program home: /home/meteo/dev/redist/fwidbmgr
2019-02-14 06:37:01,083 null [INFO] (../src/fwidbmgr.cpp:5369) Auto convert: 1
2019-02-14 06:37:01,083 null [INFO] (../src/fwidbmgr.cpp:446) action: outimg.
2019-02-14 06:37:01,083 null [INFO] (../src/fwidbmgr.cpp:470) date: 20190213.
2019-02-14 06:37:01,083 null [INFO] (../src/fwidbmgr.cpp:322) Try to read: /home/meteo/dev/redist/fwidbmgr/config/fwidbmgr.conf.
2019-02-14 06:37:01,084 null [INFO] (../src/fwidbmgr.cpp:5393) Configuration parsing: OK.
2019-02-14 06:37:01,089 null [INFO] (../src/fwidbmgr.cpp:5478) Connected to database
2019-02-14 06:37:01,089 null [INFO] (../src/fwidbmgr.cpp:5480) Manage data for date: 20190213.
2019-02-14 06:37:01,089 null [INFO] (../src/fwidbmgr.cpp:5566) Importing fwi indexes images in database.
2019-02-14 06:37:01,154 null [INFO] (../src/fwidbmgr.cpp:5570) OK --> 20190213 images imported.
2019-02-14 06:37:01,154 null [INFO] (../src/fwidbmgr.cpp:5695) action outimg took about 0 seconds.
2019-02-14 06:37:01,155 null [INFO] (../src/fwidbmgr.cpp:5699) Disconnected from database.
2019-02-14 07:05:01,714 null [INFO] (../src/fwidbmgr.cpp:5361) fwi db manager
2019-02-14 07:05:01,714 null [INFO] (../src/fwidbmgr.cpp:5365) Program home: /home/meteo/dev/redist/fwidbmgr
2019-02-14 07:05:01,714 null [INFO] (../src/fwidbmgr.cpp:5369) Auto convert: 1
2019-02-14 07:05:01,714 null [INFO] (../src/fwidbmgr.cpp:446) action: outimg.
2019-02-14 07:05:01,714 null [INFO] (../src/fwidbmgr.cpp:470) date: 20190213.
2019-02-14 07:05:01,714 null [INFO] (../src/fwidbmgr.cpp:322) Try to read: /home/meteo/dev/redist/fwidbmgr/config/fwidbmgr.conf.
2019-02-14 07:05:01,715 null [INFO] (../src/fwidbmgr.cpp:5393) Configuration parsing: OK.
2019-02-14 07:05:01,719 null [INFO] (../src/fwidbmgr.cpp:5478) Connected to database
2019-02-14 07:05:01,719 null [INFO] (../src/fwidbmgr.cpp:5480) Manage data for date: 20190213.
2019-02-14 07:05:01,719 null [INFO] (../src/fwidbmgr.cpp:5566) Importing fwi indexes images in database.
2019-02-14 07:05:01,771 null [INFO] (../src/fwidbmgr.cpp:5570) OK --> 20190213 images imported.
2019-02-14 07:05:01,771 null [INFO] (../src/fwidbmgr.cpp:5695) action outimg took about 0 seconds.
2019-02-14 07:05:01,771 null [INFO] (../src/fwidbmgr.cpp:5699) Disconnected from database.
2019-02-14 07:37:01,919 null [INFO] (../src/fwidbmgr.cpp:5361) fwi db manager
2019-02-14 07:37:01,919 null [INFO] (../src/fwidbmgr.cpp:5365) Program home: /home/meteo/dev/redist/fwidbmgr
2019-02-14 07:37:01,919 null [INFO] (../src/fwidbmgr.cpp:5369) Auto convert: 1
2019-02-14 07:37:01,919 null [INFO] (../src/fwidbmgr.cpp:446) action: outimg.
2019-02-14 07:37:01,919 null [INFO] (../src/fwidbmgr.cpp:470) date: 20190213.
2019-02-14 07:37:01,919 null [INFO] (../src/fwidbmgr.cpp:322) Try to read: /home/meteo/dev/redist/fwidbmgr/config/fwidbmgr.conf.
2019-02-14 07:37:01,926 null [INFO] (../src/fwidbmgr.cpp:5393) Configuration parsing: OK.
2019-02-14 07:37:01,931 null [INFO] (../src/fwidbmgr.cpp:5478) Connected to database
2019-02-14 07:37:01,931 null [INFO] (../src/fwidbmgr.cpp:5480) Manage data for date: 20190213.
2019-02-14 07:37:01,931 null [INFO] (../src/fwidbmgr.cpp:5566) Importing fwi indexes images in database.
2019-02-14 07:37:02,003 null [INFO] (../src/fwidbmgr.cpp:5570) OK --> 20190213 images imported.
2019-02-14 07:37:02,003 null [INFO] (../src/fwidbmgr.cpp:5695) action outimg took about 1 seconds.
2019-02-14 07:37:02,004 null [INFO] (../src/fwidbmgr.cpp:5699) Disconnected from database.
