2018-05-10 05:06:54,875 null [INFO] (../src/fwidbmgr.cpp:5361) fwi db manager
2018-05-10 05:06:54,876 null [INFO] (../src/fwidbmgr.cpp:5365) Program home: /home/meteo/dev/redist/fwidbmgr
2018-05-10 05:06:54,876 null [INFO] (../src/fwidbmgr.cpp:5369) Auto convert: 1
2018-05-10 05:06:54,876 null [INFO] (../src/fwidbmgr.cpp:446) action: in.
2018-05-10 05:06:54,876 null [INFO] (../src/fwidbmgr.cpp:470) date: 20180509.
2018-05-10 05:06:54,876 null [INFO] (../src/fwidbmgr.cpp:322) Try to read: /home/meteo/dev/redist/fwidbmgr/config/fwidbmgr.conf.
2018-05-10 05:06:54,878 null [INFO] (../src/fwidbmgr.cpp:5393) Configuration parsing: OK.
2018-05-10 05:06:54,882 null [INFO] (../src/fwidbmgr.cpp:5478) Connected to database
2018-05-10 05:06:54,882 null [INFO] (../src/fwidbmgr.cpp:5480) Manage data for date: 20180509.
2018-05-10 05:06:54,882 null [INFO] (../src/fwidbmgr.cpp:5536) Importing meteo data in database for day: 20180509.
2018-05-10 05:06:54,883 null [INFO] (/home/meteo/dev/redist/fwidbmgr/include/Grid.h:1595) Configuring grid: snow
2018-05-10 05:06:54,884 null [INFO] (/home/meteo/dev/redist/fwidbmgr/include/Grid.h:1695) Grid snow configured.
2018-05-10 05:06:54,917 null [INFO] (/home/meteo/dev/redist/fwidbmgr/include/Grid.h:1595) Configuring grid: snow_covering
2018-05-10 05:06:54,917 null [INFO] (/home/meteo/dev/redist/fwidbmgr/include/Grid.h:1695) Grid snow_covering configured.
2018-05-10 05:06:54,931 null [INFO] (/home/meteo/dev/redist/fwidbmgr/include/Grid.h:1595) Configuring grid: snow_dissolution
2018-05-10 05:06:54,931 null [INFO] (/home/meteo/dev/redist/fwidbmgr/include/Grid.h:1695) Grid snow_dissolution configured.
2018-05-10 05:06:54,957 null [INFO] (/home/meteo/dev/redist/fwidbmgr/include/Grid.h:1595) Configuring grid: temperature
2018-05-10 05:06:54,957 null [INFO] (/home/meteo/dev/redist/fwidbmgr/include/Grid.h:1695) Grid temperature configured.
2018-05-10 05:06:54,963 null [INFO] (/home/meteo/dev/redist/fwidbmgr/include/Grid.h:1595) Configuring grid: humidity
2018-05-10 05:06:54,963 null [INFO] (/home/meteo/dev/redist/fwidbmgr/include/Grid.h:1695) Grid humidity configured.
2018-05-10 05:06:54,974 null [INFO] (/home/meteo/dev/redist/fwidbmgr/include/Grid.h:1595) Configuring grid: windspeed
2018-05-10 05:06:54,974 null [INFO] (/home/meteo/dev/redist/fwidbmgr/include/Grid.h:1695) Grid windspeed configured.
2018-05-10 05:06:54,999 null [INFO] (/home/meteo/dev/redist/fwidbmgr/include/Grid.h:1595) Configuring grid: rain
2018-05-10 05:06:54,999 null [INFO] (/home/meteo/dev/redist/fwidbmgr/include/Grid.h:1695) Grid rain configured.
2018-05-10 05:06:55,002 null [INFO] (/home/meteo/dev/redist/fwidbmgr/include/Grid.h:1595) Configuring grid: cum_rain
2018-05-10 05:06:55,002 null [INFO] (/home/meteo/dev/redist/fwidbmgr/include/Grid.h:1695) Grid cum_rain configured.
2018-05-10 05:07:00,784 null [INFO] (../src/fwidbmgr.cpp:1518) Storing meteo input ...
2018-05-10 05:07:20,186 null [INFO] (../src/fwidbmgr.cpp:5540) OK --> 20180509 data imported.
2018-05-10 05:07:20,225 null [INFO] (../src/fwidbmgr.cpp:5695) action in took about 26 seconds.
2018-05-10 05:07:20,368 null [INFO] (../src/fwidbmgr.cpp:5699) Disconnected from database.
2018-05-10 05:08:36,043 null [INFO] (../src/fwidbmgr.cpp:5361) fwi db manager
2018-05-10 05:08:36,043 null [INFO] (../src/fwidbmgr.cpp:5365) Program home: /home/meteo/dev/redist/fwidbmgr
2018-05-10 05:08:36,043 null [INFO] (../src/fwidbmgr.cpp:5369) Auto convert: 1
2018-05-10 05:08:36,043 null [INFO] (../src/fwidbmgr.cpp:446) action: out.
2018-05-10 05:08:36,043 null [INFO] (../src/fwidbmgr.cpp:470) date: 20180509.
2018-05-10 05:08:36,043 null [INFO] (../src/fwidbmgr.cpp:322) Try to read: /home/meteo/dev/redist/fwidbmgr/config/fwidbmgr.conf.
2018-05-10 05:08:36,056 null [INFO] (../src/fwidbmgr.cpp:5393) Configuration parsing: OK.
2018-05-10 05:08:36,079 null [INFO] (../src/fwidbmgr.cpp:5478) Connected to database
2018-05-10 05:08:36,079 null [INFO] (../src/fwidbmgr.cpp:5480) Manage data for date: 20180509.
2018-05-10 05:08:36,079 null [INFO] (../src/fwidbmgr.cpp:5551) Importing fwi indexes data in database for day: 20180509.
2018-05-10 05:08:36,091 null [INFO] (/home/meteo/dev/redist/fwidbmgr/include/Grid.h:1595) Configuring grid: isi
2018-05-10 05:08:36,091 null [INFO] (/home/meteo/dev/redist/fwidbmgr/include/Grid.h:1695) Grid isi configured.
2018-05-10 05:08:36,104 null [INFO] (/home/meteo/dev/redist/fwidbmgr/include/Grid.h:1595) Configuring grid: fwi
2018-05-10 05:08:36,104 null [INFO] (/home/meteo/dev/redist/fwidbmgr/include/Grid.h:1695) Grid fwi configured.
2018-05-10 05:08:36,117 null [INFO] (/home/meteo/dev/redist/fwidbmgr/include/Grid.h:1595) Configuring grid: ffmc
2018-05-10 05:08:36,117 null [INFO] (/home/meteo/dev/redist/fwidbmgr/include/Grid.h:1695) Grid ffmc configured.
2018-05-10 05:08:36,131 null [INFO] (/home/meteo/dev/redist/fwidbmgr/include/Grid.h:1595) Configuring grid: dmc
2018-05-10 05:08:36,131 null [INFO] (/home/meteo/dev/redist/fwidbmgr/include/Grid.h:1695) Grid dmc configured.
2018-05-10 05:08:36,144 null [INFO] (/home/meteo/dev/redist/fwidbmgr/include/Grid.h:1595) Configuring grid: dc
2018-05-10 05:08:36,144 null [INFO] (/home/meteo/dev/redist/fwidbmgr/include/Grid.h:1695) Grid dc configured.
2018-05-10 05:08:36,158 null [INFO] (/home/meteo/dev/redist/fwidbmgr/include/Grid.h:1595) Configuring grid: bui
2018-05-10 05:08:36,158 null [INFO] (/home/meteo/dev/redist/fwidbmgr/include/Grid.h:1695) Grid bui configured.
2018-05-10 05:08:36,171 null [INFO] (/home/meteo/dev/redist/fwidbmgr/include/Grid.h:1595) Configuring grid: ffmc_tmp
2018-05-10 05:08:36,171 null [INFO] (/home/meteo/dev/redist/fwidbmgr/include/Grid.h:1695) Grid ffmc_tmp configured.
2018-05-10 05:08:36,220 null [INFO] (/home/meteo/dev/redist/fwidbmgr/include/Grid.h:1595) Configuring grid: dmc_tmp
2018-05-10 05:08:36,220 null [INFO] (/home/meteo/dev/redist/fwidbmgr/include/Grid.h:1695) Grid dmc_tmp configured.
2018-05-10 05:08:36,240 null [INFO] (/home/meteo/dev/redist/fwidbmgr/include/Grid.h:1595) Configuring grid: dc_tmp
2018-05-10 05:08:36,240 null [INFO] (/home/meteo/dev/redist/fwidbmgr/include/Grid.h:1695) Grid dc_tmp configured.
2018-05-10 05:08:36,261 null [INFO] (/home/meteo/dev/redist/fwidbmgr/include/Grid.h:1595) Configuring grid: idi
2018-05-10 05:08:36,261 null [INFO] (/home/meteo/dev/redist/fwidbmgr/include/Grid.h:1695) Grid idi configured.
2018-05-10 05:08:39,980 null [INFO] (../src/fwidbmgr.cpp:2081) Storing FWI indexes ...
2018-05-10 05:08:52,525 null [INFO] (../src/fwidbmgr.cpp:5555) OK --> 20180509 data imported.
2018-05-10 05:08:52,525 null [INFO] (../src/fwidbmgr.cpp:5695) action out took about 16 seconds.
2018-05-10 05:08:52,525 null [INFO] (../src/fwidbmgr.cpp:5699) Disconnected from database.
2018-05-10 05:08:52,796 null [INFO] (../src/fwidbmgr.cpp:5361) fwi db manager
2018-05-10 05:08:52,796 null [INFO] (../src/fwidbmgr.cpp:5365) Program home: /home/meteo/dev/redist/fwidbmgr
2018-05-10 05:08:52,796 null [INFO] (../src/fwidbmgr.cpp:5369) Auto convert: 1
2018-05-10 05:08:52,796 null [INFO] (../src/fwidbmgr.cpp:446) action: computeidx.
2018-05-10 05:08:52,796 null [INFO] (../src/fwidbmgr.cpp:470) date: 20180509.
2018-05-10 05:08:52,796 null [INFO] (../src/fwidbmgr.cpp:322) Try to read: /home/meteo/dev/redist/fwidbmgr/config/fwidbmgr.conf.
2018-05-10 05:08:52,798 null [INFO] (../src/fwidbmgr.cpp:5393) Configuration parsing: OK.
2018-05-10 05:08:52,806 null [INFO] (../src/fwidbmgr.cpp:5478) Connected to database
2018-05-10 05:08:52,806 null [INFO] (../src/fwidbmgr.cpp:5480) Manage data for date: 20180509.
2018-05-10 05:08:52,806 null [INFO] (../src/fwidbmgr.cpp:5656) Computing indexes.
2018-05-10 05:08:52,824 null [INFO] (/home/meteo/dev/redist/fwidbmgr/include/Grid.h:1595) Configuring grid: isi
2018-05-10 05:08:52,824 null [INFO] (/home/meteo/dev/redist/fwidbmgr/include/Grid.h:1695) Grid isi configured.
2018-05-10 05:08:52,826 null [INFO] (/home/meteo/dev/redist/fwidbmgr/include/Grid.h:1595) Configuring grid: fwi
2018-05-10 05:08:52,826 null [INFO] (/home/meteo/dev/redist/fwidbmgr/include/Grid.h:1695) Grid fwi configured.
2018-05-10 05:08:52,827 null [INFO] (/home/meteo/dev/redist/fwidbmgr/include/Grid.h:1595) Configuring grid: ffmc
2018-05-10 05:08:52,827 null [INFO] (/home/meteo/dev/redist/fwidbmgr/include/Grid.h:1695) Grid ffmc configured.
2018-05-10 05:08:52,828 null [INFO] (/home/meteo/dev/redist/fwidbmgr/include/Grid.h:1595) Configuring grid: dmc
2018-05-10 05:08:52,828 null [INFO] (/home/meteo/dev/redist/fwidbmgr/include/Grid.h:1695) Grid dmc configured.
2018-05-10 05:08:52,829 null [INFO] (/home/meteo/dev/redist/fwidbmgr/include/Grid.h:1595) Configuring grid: dc
2018-05-10 05:08:52,830 null [INFO] (/home/meteo/dev/redist/fwidbmgr/include/Grid.h:1695) Grid dc configured.
2018-05-10 05:08:52,831 null [INFO] (/home/meteo/dev/redist/fwidbmgr/include/Grid.h:1595) Configuring grid: bui
2018-05-10 05:08:52,831 null [INFO] (/home/meteo/dev/redist/fwidbmgr/include/Grid.h:1695) Grid bui configured.
2018-05-10 05:08:52,832 null [INFO] (/home/meteo/dev/redist/fwidbmgr/include/Grid.h:1595) Configuring grid: ffmc_tmp
2018-05-10 05:08:52,832 null [INFO] (/home/meteo/dev/redist/fwidbmgr/include/Grid.h:1695) Grid ffmc_tmp configured.
2018-05-10 05:08:52,833 null [INFO] (/home/meteo/dev/redist/fwidbmgr/include/Grid.h:1595) Configuring grid: dmc_tmp
2018-05-10 05:08:52,833 null [INFO] (/home/meteo/dev/redist/fwidbmgr/include/Grid.h:1695) Grid dmc_tmp configured.
2018-05-10 05:08:52,835 null [INFO] (/home/meteo/dev/redist/fwidbmgr/include/Grid.h:1595) Configuring grid: dc_tmp
2018-05-10 05:08:52,835 null [INFO] (/home/meteo/dev/redist/fwidbmgr/include/Grid.h:1695) Grid dc_tmp configured.
2018-05-10 05:08:52,849 null [INFO] (/home/meteo/dev/redist/fwidbmgr/include/Grid.h:1595) Configuring grid: idi
2018-05-10 05:08:52,849 null [INFO] (/home/meteo/dev/redist/fwidbmgr/include/Grid.h:1695) Grid idi configured.
2018-05-10 05:08:52,850 null [INFO] (/home/meteo/dev/redist/fwidbmgr/include/Grid.h:1595) Configuring grid: angstrom
2018-05-10 05:08:52,850 null [INFO] (/home/meteo/dev/redist/fwidbmgr/include/Grid.h:1695) Grid angstrom configured.
2018-05-10 05:08:52,851 null [INFO] (/home/meteo/dev/redist/fwidbmgr/include/Grid.h:1595) Configuring grid: fmi
2018-05-10 05:08:52,851 null [INFO] (/home/meteo/dev/redist/fwidbmgr/include/Grid.h:1695) Grid fmi configured.
2018-05-10 05:08:52,852 null [INFO] (/home/meteo/dev/redist/fwidbmgr/include/Grid.h:1595) Configuring grid: sharples
2018-05-10 05:08:52,853 null [INFO] (/home/meteo/dev/redist/fwidbmgr/include/Grid.h:1695) Grid sharples configured.
2018-05-10 05:08:55,441 null [INFO] (/home/meteo/dev/redist/fwidbmgr/include/Grid.h:1595) Configuring grid: snow
2018-05-10 05:08:55,441 null [INFO] (/home/meteo/dev/redist/fwidbmgr/include/Grid.h:1695) Grid snow configured.
2018-05-10 05:08:55,441 null [INFO] (/home/meteo/dev/redist/fwidbmgr/include/Grid.h:1595) Configuring grid: snow_covering
2018-05-10 05:08:55,441 null [INFO] (/home/meteo/dev/redist/fwidbmgr/include/Grid.h:1695) Grid snow_covering configured.
2018-05-10 05:08:55,441 null [INFO] (/home/meteo/dev/redist/fwidbmgr/include/Grid.h:1595) Configuring grid: snow_dissolution
2018-05-10 05:08:55,441 null [INFO] (/home/meteo/dev/redist/fwidbmgr/include/Grid.h:1695) Grid snow_dissolution configured.
2018-05-10 05:08:55,441 null [INFO] (/home/meteo/dev/redist/fwidbmgr/include/Grid.h:1595) Configuring grid: temperature
2018-05-10 05:08:55,441 null [INFO] (/home/meteo/dev/redist/fwidbmgr/include/Grid.h:1695) Grid temperature configured.
2018-05-10 05:08:55,441 null [INFO] (/home/meteo/dev/redist/fwidbmgr/include/Grid.h:1595) Configuring grid: humidity
2018-05-10 05:08:55,441 null [INFO] (/home/meteo/dev/redist/fwidbmgr/include/Grid.h:1695) Grid humidity configured.
2018-05-10 05:08:55,441 null [INFO] (/home/meteo/dev/redist/fwidbmgr/include/Grid.h:1595) Configuring grid: windspeed
2018-05-10 05:08:55,442 null [INFO] (/home/meteo/dev/redist/fwidbmgr/include/Grid.h:1695) Grid windspeed configured.
2018-05-10 05:08:55,442 null [INFO] (/home/meteo/dev/redist/fwidbmgr/include/Grid.h:1595) Configuring grid: rain
2018-05-10 05:08:55,442 null [INFO] (/home/meteo/dev/redist/fwidbmgr/include/Grid.h:1695) Grid rain configured.
2018-05-10 05:08:55,442 null [INFO] (/home/meteo/dev/redist/fwidbmgr/include/Grid.h:1595) Configuring grid: cum_rain
2018-05-10 05:08:55,442 null [INFO] (/home/meteo/dev/redist/fwidbmgr/include/Grid.h:1695) Grid cum_rain configured.
2018-05-10 05:11:03,438 null [INFO] (../src/fwidbmgr.cpp:5660) OK --> 20180509 indexes computed.
2018-05-10 05:11:03,474 null [INFO] (../src/fwidbmgr.cpp:5695) action computeidx took about 131 seconds.
2018-05-10 05:11:03,475 null [INFO] (../src/fwidbmgr.cpp:5699) Disconnected from database.
2018-05-10 05:11:03,734 null [INFO] (../src/fwidbmgr.cpp:5361) fwi db manager
2018-05-10 05:11:03,734 null [INFO] (../src/fwidbmgr.cpp:5365) Program home: /home/meteo/dev/redist/fwidbmgr
2018-05-10 05:11:03,734 null [INFO] (../src/fwidbmgr.cpp:5369) Auto convert: 1
2018-05-10 05:11:03,734 null [INFO] (../src/fwidbmgr.cpp:446) action: exportidx.
2018-05-10 05:11:03,734 null [INFO] (../src/fwidbmgr.cpp:470) date: 20180509.
2018-05-10 05:11:03,734 null [INFO] (../src/fwidbmgr.cpp:322) Try to read: /home/meteo/dev/redist/fwidbmgr/config/fwidbmgr.conf.
2018-05-10 05:11:03,736 null [INFO] (../src/fwidbmgr.cpp:5393) Configuration parsing: OK.
2018-05-10 05:11:03,740 null [INFO] (../src/fwidbmgr.cpp:5478) Connected to database
2018-05-10 05:11:03,741 null [INFO] (../src/fwidbmgr.cpp:5480) Manage data for date: 20180509.
2018-05-10 05:11:03,741 null [INFO] (../src/fwidbmgr.cpp:5596) Exporting indexes.
2018-05-10 05:11:03,757 null [INFO] (/home/meteo/dev/redist/fwidbmgr/include/Grid.h:1595) Configuring grid: isi
2018-05-10 05:11:03,757 null [INFO] (/home/meteo/dev/redist/fwidbmgr/include/Grid.h:1695) Grid isi configured.
2018-05-10 05:11:03,758 null [INFO] (/home/meteo/dev/redist/fwidbmgr/include/Grid.h:1595) Configuring grid: fwi
2018-05-10 05:11:03,758 null [INFO] (/home/meteo/dev/redist/fwidbmgr/include/Grid.h:1695) Grid fwi configured.
2018-05-10 05:11:03,759 null [INFO] (/home/meteo/dev/redist/fwidbmgr/include/Grid.h:1595) Configuring grid: ffmc
2018-05-10 05:11:03,760 null [INFO] (/home/meteo/dev/redist/fwidbmgr/include/Grid.h:1695) Grid ffmc configured.
2018-05-10 05:11:03,761 null [INFO] (/home/meteo/dev/redist/fwidbmgr/include/Grid.h:1595) Configuring grid: dmc
2018-05-10 05:11:03,761 null [INFO] (/home/meteo/dev/redist/fwidbmgr/include/Grid.h:1695) Grid dmc configured.
2018-05-10 05:11:03,762 null [INFO] (/home/meteo/dev/redist/fwidbmgr/include/Grid.h:1595) Configuring grid: dc
2018-05-10 05:11:03,762 null [INFO] (/home/meteo/dev/redist/fwidbmgr/include/Grid.h:1695) Grid dc configured.
2018-05-10 05:11:03,764 null [INFO] (/home/meteo/dev/redist/fwidbmgr/include/Grid.h:1595) Configuring grid: bui
2018-05-10 05:11:03,764 null [INFO] (/home/meteo/dev/redist/fwidbmgr/include/Grid.h:1695) Grid bui configured.
2018-05-10 05:11:03,765 null [INFO] (/home/meteo/dev/redist/fwidbmgr/include/Grid.h:1595) Configuring grid: ffmc_tmp
2018-05-10 05:11:03,765 null [INFO] (/home/meteo/dev/redist/fwidbmgr/include/Grid.h:1695) Grid ffmc_tmp configured.
2018-05-10 05:11:03,766 null [INFO] (/home/meteo/dev/redist/fwidbmgr/include/Grid.h:1595) Configuring grid: dmc_tmp
2018-05-10 05:11:03,766 null [INFO] (/home/meteo/dev/redist/fwidbmgr/include/Grid.h:1695) Grid dmc_tmp configured.
2018-05-10 05:11:03,768 null [INFO] (/home/meteo/dev/redist/fwidbmgr/include/Grid.h:1595) Configuring grid: dc_tmp
2018-05-10 05:11:03,768 null [INFO] (/home/meteo/dev/redist/fwidbmgr/include/Grid.h:1695) Grid dc_tmp configured.
2018-05-10 05:11:03,769 null [INFO] (/home/meteo/dev/redist/fwidbmgr/include/Grid.h:1595) Configuring grid: idi
2018-05-10 05:11:03,769 null [INFO] (/home/meteo/dev/redist/fwidbmgr/include/Grid.h:1695) Grid idi configured.
2018-05-10 05:11:03,770 null [INFO] (/home/meteo/dev/redist/fwidbmgr/include/Grid.h:1595) Configuring grid: angstrom
2018-05-10 05:11:03,770 null [INFO] (/home/meteo/dev/redist/fwidbmgr/include/Grid.h:1695) Grid angstrom configured.
2018-05-10 05:11:03,772 null [INFO] (/home/meteo/dev/redist/fwidbmgr/include/Grid.h:1595) Configuring grid: fmi
2018-05-10 05:11:03,772 null [INFO] (/home/meteo/dev/redist/fwidbmgr/include/Grid.h:1695) Grid fmi configured.
2018-05-10 05:11:03,773 null [INFO] (/home/meteo/dev/redist/fwidbmgr/include/Grid.h:1595) Configuring grid: sharples
2018-05-10 05:11:03,773 null [INFO] (/home/meteo/dev/redist/fwidbmgr/include/Grid.h:1695) Grid sharples configured.
2018-05-10 05:11:06,236 null [INFO] (/home/meteo/dev/redist/fwidbmgr/include/Grid.h:1595) Configuring grid: isi
2018-05-10 05:11:06,236 null [INFO] (/home/meteo/dev/redist/fwidbmgr/include/Grid.h:1695) Grid isi configured.
2018-05-10 05:11:06,283 null [INFO] (/home/meteo/dev/redist/fwidbmgr/include/Grid.h:1595) Configuring grid: fwi
2018-05-10 05:11:06,284 null [INFO] (/home/meteo/dev/redist/fwidbmgr/include/Grid.h:1695) Grid fwi configured.
2018-05-10 05:11:06,329 null [INFO] (/home/meteo/dev/redist/fwidbmgr/include/Grid.h:1595) Configuring grid: ffmc
2018-05-10 05:11:06,329 null [INFO] (/home/meteo/dev/redist/fwidbmgr/include/Grid.h:1695) Grid ffmc configured.
2018-05-10 05:11:06,376 null [INFO] (/home/meteo/dev/redist/fwidbmgr/include/Grid.h:1595) Configuring grid: dmc
2018-05-10 05:11:06,376 null [INFO] (/home/meteo/dev/redist/fwidbmgr/include/Grid.h:1695) Grid dmc configured.
2018-05-10 05:11:06,420 null [INFO] (/home/meteo/dev/redist/fwidbmgr/include/Grid.h:1595) Configuring grid: dc
2018-05-10 05:11:06,420 null [INFO] (/home/meteo/dev/redist/fwidbmgr/include/Grid.h:1695) Grid dc configured.
2018-05-10 05:11:06,459 null [INFO] (/home/meteo/dev/redist/fwidbmgr/include/Grid.h:1595) Configuring grid: bui
2018-05-10 05:11:06,459 null [INFO] (/home/meteo/dev/redist/fwidbmgr/include/Grid.h:1695) Grid bui configured.
2018-05-10 05:11:06,513 null [INFO] (/home/meteo/dev/redist/fwidbmgr/include/Grid.h:1595) Configuring grid: ffmc_tmp
2018-05-10 05:11:06,513 null [INFO] (/home/meteo/dev/redist/fwidbmgr/include/Grid.h:1695) Grid ffmc_tmp configured.
2018-05-10 05:11:06,550 null [INFO] (/home/meteo/dev/redist/fwidbmgr/include/Grid.h:1595) Configuring grid: dmc_tmp
2018-05-10 05:11:06,550 null [INFO] (/home/meteo/dev/redist/fwidbmgr/include/Grid.h:1695) Grid dmc_tmp configured.
2018-05-10 05:11:06,584 null [INFO] (/home/meteo/dev/redist/fwidbmgr/include/Grid.h:1595) Configuring grid: dc_tmp
2018-05-10 05:11:06,584 null [INFO] (/home/meteo/dev/redist/fwidbmgr/include/Grid.h:1695) Grid dc_tmp configured.
2018-05-10 05:11:06,620 null [INFO] (/home/meteo/dev/redist/fwidbmgr/include/Grid.h:1595) Configuring grid: angstrom
2018-05-10 05:11:06,620 null [INFO] (/home/meteo/dev/redist/fwidbmgr/include/Grid.h:1695) Grid angstrom configured.
2018-05-10 05:11:06,723 null [INFO] (/home/meteo/dev/redist/fwidbmgr/include/Grid.h:1595) Configuring grid: sharples
2018-05-10 05:11:06,724 null [INFO] (/home/meteo/dev/redist/fwidbmgr/include/Grid.h:1695) Grid sharples configured.
2018-05-10 05:11:06,763 null [INFO] (/home/meteo/dev/redist/fwidbmgr/include/Grid.h:1595) Configuring grid: fmi
2018-05-10 05:11:06,764 null [INFO] (/home/meteo/dev/redist/fwidbmgr/include/Grid.h:1695) Grid fmi configured.
2018-05-10 05:11:06,814 null [INFO] (../src/fwidbmgr.cpp:5600) OK --> 20180509 indexes exported to files.
2018-05-10 05:11:06,815 null [INFO] (../src/fwidbmgr.cpp:5695) action exportidx took about 3 seconds.
2018-05-10 05:11:06,815 null [INFO] (../src/fwidbmgr.cpp:5699) Disconnected from database.
2018-05-10 05:11:37,682 null [INFO] (../src/fwidbmgr.cpp:5361) fwi db manager
2018-05-10 05:11:37,682 null [INFO] (../src/fwidbmgr.cpp:5365) Program home: /home/meteo/dev/redist/fwidbmgr
2018-05-10 05:11:37,682 null [INFO] (../src/fwidbmgr.cpp:5369) Auto convert: 1
2018-05-10 05:11:37,682 null [INFO] (../src/fwidbmgr.cpp:446) action: outimg.
2018-05-10 05:11:37,682 null [INFO] (../src/fwidbmgr.cpp:470) date: 20180509.
2018-05-10 05:11:37,682 null [INFO] (../src/fwidbmgr.cpp:322) Try to read: /home/meteo/dev/redist/fwidbmgr/config/fwidbmgr.conf.
2018-05-10 05:11:37,684 null [INFO] (../src/fwidbmgr.cpp:5393) Configuration parsing: OK.
2018-05-10 05:11:37,687 null [INFO] (../src/fwidbmgr.cpp:5478) Connected to database
2018-05-10 05:11:37,687 null [INFO] (../src/fwidbmgr.cpp:5480) Manage data for date: 20180509.
2018-05-10 05:11:37,687 null [INFO] (../src/fwidbmgr.cpp:5566) Importing fwi indexes images in database.
2018-05-10 05:11:37,831 null [INFO] (../src/fwidbmgr.cpp:5570) OK --> 20180509 images imported.
2018-05-10 05:11:37,831 null [INFO] (../src/fwidbmgr.cpp:5695) action outimg took about 0 seconds.
2018-05-10 05:11:37,831 null [INFO] (../src/fwidbmgr.cpp:5699) Disconnected from database.
2018-05-10 05:37:01,545 null [INFO] (../src/fwidbmgr.cpp:5361) fwi db manager
2018-05-10 05:37:01,545 null [INFO] (../src/fwidbmgr.cpp:5365) Program home: /home/meteo/dev/redist/fwidbmgr
2018-05-10 05:37:01,545 null [INFO] (../src/fwidbmgr.cpp:5369) Auto convert: 1
2018-05-10 05:37:01,545 null [INFO] (../src/fwidbmgr.cpp:446) action: outimg.
2018-05-10 05:37:01,545 null [INFO] (../src/fwidbmgr.cpp:470) date: 20180509.
2018-05-10 05:37:01,545 null [INFO] (../src/fwidbmgr.cpp:322) Try to read: /home/meteo/dev/redist/fwidbmgr/config/fwidbmgr.conf.
2018-05-10 05:37:01,547 null [INFO] (../src/fwidbmgr.cpp:5393) Configuration parsing: OK.
2018-05-10 05:37:01,551 null [INFO] (../src/fwidbmgr.cpp:5478) Connected to database
2018-05-10 05:37:01,551 null [INFO] (../src/fwidbmgr.cpp:5480) Manage data for date: 20180509.
2018-05-10 05:37:01,552 null [INFO] (../src/fwidbmgr.cpp:5566) Importing fwi indexes images in database.
2018-05-10 05:37:01,642 null [INFO] (../src/fwidbmgr.cpp:5570) OK --> 20180509 images imported.
2018-05-10 05:37:01,642 null [INFO] (../src/fwidbmgr.cpp:5695) action outimg took about 0 seconds.
2018-05-10 05:37:01,642 null [INFO] (../src/fwidbmgr.cpp:5699) Disconnected from database.
2018-05-10 06:05:01,765 null [INFO] (../src/fwidbmgr.cpp:5361) fwi db manager
2018-05-10 06:05:01,765 null [INFO] (../src/fwidbmgr.cpp:5365) Program home: /home/meteo/dev/redist/fwidbmgr
2018-05-10 06:05:01,765 null [INFO] (../src/fwidbmgr.cpp:5369) Auto convert: 1
2018-05-10 06:05:01,765 null [INFO] (../src/fwidbmgr.cpp:446) action: outimg.
2018-05-10 06:05:01,765 null [INFO] (../src/fwidbmgr.cpp:470) date: 20180509.
2018-05-10 06:05:01,765 null [INFO] (../src/fwidbmgr.cpp:322) Try to read: /home/meteo/dev/redist/fwidbmgr/config/fwidbmgr.conf.
2018-05-10 06:05:01,767 null [INFO] (../src/fwidbmgr.cpp:5393) Configuration parsing: OK.
2018-05-10 06:05:01,772 null [INFO] (../src/fwidbmgr.cpp:5478) Connected to database
2018-05-10 06:05:01,772 null [INFO] (../src/fwidbmgr.cpp:5480) Manage data for date: 20180509.
2018-05-10 06:05:01,772 null [INFO] (../src/fwidbmgr.cpp:5566) Importing fwi indexes images in database.
2018-05-10 06:05:01,854 null [INFO] (../src/fwidbmgr.cpp:5570) OK --> 20180509 images imported.
2018-05-10 06:05:01,854 null [INFO] (../src/fwidbmgr.cpp:5695) action outimg took about 0 seconds.
2018-05-10 06:05:01,854 null [INFO] (../src/fwidbmgr.cpp:5699) Disconnected from database.
2018-05-10 06:37:01,974 null [INFO] (../src/fwidbmgr.cpp:5361) fwi db manager
2018-05-10 06:37:01,974 null [INFO] (../src/fwidbmgr.cpp:5365) Program home: /home/meteo/dev/redist/fwidbmgr
2018-05-10 06:37:01,974 null [INFO] (../src/fwidbmgr.cpp:5369) Auto convert: 1
2018-05-10 06:37:01,974 null [INFO] (../src/fwidbmgr.cpp:446) action: outimg.
2018-05-10 06:37:01,974 null [INFO] (../src/fwidbmgr.cpp:470) date: 20180509.
2018-05-10 06:37:01,975 null [INFO] (../src/fwidbmgr.cpp:322) Try to read: /home/meteo/dev/redist/fwidbmgr/config/fwidbmgr.conf.
2018-05-10 06:37:01,976 null [INFO] (../src/fwidbmgr.cpp:5393) Configuration parsing: OK.
2018-05-10 06:37:01,981 null [INFO] (../src/fwidbmgr.cpp:5478) Connected to database
2018-05-10 06:37:01,981 null [INFO] (../src/fwidbmgr.cpp:5480) Manage data for date: 20180509.
2018-05-10 06:37:01,981 null [INFO] (../src/fwidbmgr.cpp:5566) Importing fwi indexes images in database.
2018-05-10 06:37:02,063 null [INFO] (../src/fwidbmgr.cpp:5570) OK --> 20180509 images imported.
2018-05-10 06:37:02,063 null [INFO] (../src/fwidbmgr.cpp:5695) action outimg took about 1 seconds.
2018-05-10 06:37:02,065 null [INFO] (../src/fwidbmgr.cpp:5699) Disconnected from database.
2018-05-10 07:05:01,748 null [INFO] (../src/fwidbmgr.cpp:5361) fwi db manager
2018-05-10 07:05:01,748 null [INFO] (../src/fwidbmgr.cpp:5365) Program home: /home/meteo/dev/redist/fwidbmgr
2018-05-10 07:05:01,748 null [INFO] (../src/fwidbmgr.cpp:5369) Auto convert: 1
2018-05-10 07:05:01,748 null [INFO] (../src/fwidbmgr.cpp:446) action: outimg.
2018-05-10 07:05:01,748 null [INFO] (../src/fwidbmgr.cpp:470) date: 20180509.
2018-05-10 07:05:01,748 null [INFO] (../src/fwidbmgr.cpp:322) Try to read: /home/meteo/dev/redist/fwidbmgr/config/fwidbmgr.conf.
2018-05-10 07:05:01,756 null [INFO] (../src/fwidbmgr.cpp:5393) Configuration parsing: OK.
2018-05-10 07:05:01,764 null [INFO] (../src/fwidbmgr.cpp:5478) Connected to database
2018-05-10 07:05:01,764 null [INFO] (../src/fwidbmgr.cpp:5480) Manage data for date: 20180509.
2018-05-10 07:05:01,764 null [INFO] (../src/fwidbmgr.cpp:5566) Importing fwi indexes images in database.
2018-05-10 07:05:01,868 null [INFO] (../src/fwidbmgr.cpp:5570) OK --> 20180509 images imported.
2018-05-10 07:05:01,868 null [INFO] (../src/fwidbmgr.cpp:5695) action outimg took about 0 seconds.
2018-05-10 07:05:01,869 null [INFO] (../src/fwidbmgr.cpp:5699) Disconnected from database.
2018-05-10 07:37:02,033 null [INFO] (../src/fwidbmgr.cpp:5361) fwi db manager
2018-05-10 07:37:02,033 null [INFO] (../src/fwidbmgr.cpp:5365) Program home: /home/meteo/dev/redist/fwidbmgr
2018-05-10 07:37:02,034 null [INFO] (../src/fwidbmgr.cpp:5369) Auto convert: 1
2018-05-10 07:37:02,034 null [INFO] (../src/fwidbmgr.cpp:446) action: outimg.
2018-05-10 07:37:02,034 null [INFO] (../src/fwidbmgr.cpp:470) date: 20180509.
2018-05-10 07:37:02,034 null [INFO] (../src/fwidbmgr.cpp:322) Try to read: /home/meteo/dev/redist/fwidbmgr/config/fwidbmgr.conf.
2018-05-10 07:37:02,036 null [INFO] (../src/fwidbmgr.cpp:5393) Configuration parsing: OK.
2018-05-10 07:37:02,043 null [INFO] (../src/fwidbmgr.cpp:5478) Connected to database
2018-05-10 07:37:02,043 null [INFO] (../src/fwidbmgr.cpp:5480) Manage data for date: 20180509.
2018-05-10 07:37:02,043 null [INFO] (../src/fwidbmgr.cpp:5566) Importing fwi indexes images in database.
2018-05-10 07:37:02,139 null [INFO] (../src/fwidbmgr.cpp:5570) OK --> 20180509 images imported.
2018-05-10 07:37:02,139 null [INFO] (../src/fwidbmgr.cpp:5695) action outimg took about 0 seconds.
2018-05-10 07:37:02,139 null [INFO] (../src/fwidbmgr.cpp:5699) Disconnected from database.
