2020-02-08 05:05:03,149 null [INFO] (../src/fwidbmgr.cpp:5361) fwi db manager
2020-02-08 05:05:03,150 null [INFO] (../src/fwidbmgr.cpp:5365) Program home: /home/meteo/dev/redist/fwidbmgr
2020-02-08 05:05:03,150 null [INFO] (../src/fwidbmgr.cpp:5369) Auto convert: 1
2020-02-08 05:05:03,150 null [INFO] (../src/fwidbmgr.cpp:446) action: in.
2020-02-08 05:05:03,150 null [INFO] (../src/fwidbmgr.cpp:470) date: 20200207.
2020-02-08 05:05:03,150 null [INFO] (../src/fwidbmgr.cpp:322) Try to read: /home/meteo/dev/redist/fwidbmgr/config/fwidbmgr.conf.
2020-02-08 05:05:03,151 null [INFO] (../src/fwidbmgr.cpp:5393) Configuration parsing: OK.
2020-02-08 05:05:03,156 null [INFO] (../src/fwidbmgr.cpp:5478) Connected to database
2020-02-08 05:05:03,156 null [INFO] (../src/fwidbmgr.cpp:5480) Manage data for date: 20200207.
2020-02-08 05:05:03,156 null [INFO] (../src/fwidbmgr.cpp:5536) Importing meteo data in database for day: 20200207.
2020-02-08 05:05:03,159 null [INFO] (/home/meteo/dev/redist/fwidbmgr/include/Grid.h:1595) Configuring grid: snow
2020-02-08 05:05:03,159 null [INFO] (/home/meteo/dev/redist/fwidbmgr/include/Grid.h:1695) Grid snow configured.
2020-02-08 05:05:03,170 null [INFO] (/home/meteo/dev/redist/fwidbmgr/include/Grid.h:1595) Configuring grid: snow_covering
2020-02-08 05:05:03,170 null [INFO] (/home/meteo/dev/redist/fwidbmgr/include/Grid.h:1695) Grid snow_covering configured.
2020-02-08 05:05:03,177 null [INFO] (/home/meteo/dev/redist/fwidbmgr/include/Grid.h:1595) Configuring grid: snow_dissolution
2020-02-08 05:05:03,177 null [INFO] (/home/meteo/dev/redist/fwidbmgr/include/Grid.h:1695) Grid snow_dissolution configured.
2020-02-08 05:05:03,189 null [INFO] (/home/meteo/dev/redist/fwidbmgr/include/Grid.h:1595) Configuring grid: temperature
2020-02-08 05:05:03,190 null [INFO] (/home/meteo/dev/redist/fwidbmgr/include/Grid.h:1695) Grid temperature configured.
2020-02-08 05:05:03,191 null [INFO] (/home/meteo/dev/redist/fwidbmgr/include/Grid.h:1595) Configuring grid: humidity
2020-02-08 05:05:03,191 null [INFO] (/home/meteo/dev/redist/fwidbmgr/include/Grid.h:1695) Grid humidity configured.
2020-02-08 05:05:03,194 null [INFO] (/home/meteo/dev/redist/fwidbmgr/include/Grid.h:1595) Configuring grid: windspeed
2020-02-08 05:05:03,194 null [INFO] (/home/meteo/dev/redist/fwidbmgr/include/Grid.h:1695) Grid windspeed configured.
2020-02-08 05:05:03,199 null [INFO] (/home/meteo/dev/redist/fwidbmgr/include/Grid.h:1595) Configuring grid: rain
2020-02-08 05:05:03,199 null [INFO] (/home/meteo/dev/redist/fwidbmgr/include/Grid.h:1695) Grid rain configured.
2020-02-08 05:05:03,201 null [INFO] (/home/meteo/dev/redist/fwidbmgr/include/Grid.h:1595) Configuring grid: cum_rain
2020-02-08 05:05:03,202 null [INFO] (/home/meteo/dev/redist/fwidbmgr/include/Grid.h:1695) Grid cum_rain configured.
2020-02-08 05:05:03,327 null [INFO] (../src/fwidbmgr.cpp:1518) Storing meteo input ...
2020-02-08 05:05:08,729 null [INFO] (../src/fwidbmgr.cpp:5540) OK --> 20200207 data imported.
2020-02-08 05:05:08,748 null [INFO] (../src/fwidbmgr.cpp:5695) action in took about 5 seconds.
2020-02-08 05:05:08,759 null [INFO] (../src/fwidbmgr.cpp:5699) Disconnected from database.
2020-02-08 05:05:54,862 null [INFO] (../src/fwidbmgr.cpp:5361) fwi db manager
2020-02-08 05:05:54,862 null [INFO] (../src/fwidbmgr.cpp:5365) Program home: /home/meteo/dev/redist/fwidbmgr
2020-02-08 05:05:54,862 null [INFO] (../src/fwidbmgr.cpp:5369) Auto convert: 1
2020-02-08 05:05:54,862 null [INFO] (../src/fwidbmgr.cpp:446) action: out.
2020-02-08 05:05:54,862 null [INFO] (../src/fwidbmgr.cpp:470) date: 20200207.
2020-02-08 05:05:54,862 null [INFO] (../src/fwidbmgr.cpp:322) Try to read: /home/meteo/dev/redist/fwidbmgr/config/fwidbmgr.conf.
2020-02-08 05:05:54,865 null [INFO] (../src/fwidbmgr.cpp:5393) Configuration parsing: OK.
2020-02-08 05:05:54,869 null [INFO] (../src/fwidbmgr.cpp:5478) Connected to database
2020-02-08 05:05:54,869 null [INFO] (../src/fwidbmgr.cpp:5480) Manage data for date: 20200207.
2020-02-08 05:05:54,869 null [INFO] (../src/fwidbmgr.cpp:5551) Importing fwi indexes data in database for day: 20200207.
2020-02-08 05:05:54,872 null [INFO] (/home/meteo/dev/redist/fwidbmgr/include/Grid.h:1595) Configuring grid: isi
2020-02-08 05:05:54,872 null [INFO] (/home/meteo/dev/redist/fwidbmgr/include/Grid.h:1695) Grid isi configured.
2020-02-08 05:05:54,882 null [INFO] (/home/meteo/dev/redist/fwidbmgr/include/Grid.h:1595) Configuring grid: fwi
2020-02-08 05:05:54,882 null [INFO] (/home/meteo/dev/redist/fwidbmgr/include/Grid.h:1695) Grid fwi configured.
2020-02-08 05:05:54,889 null [INFO] (/home/meteo/dev/redist/fwidbmgr/include/Grid.h:1595) Configuring grid: ffmc
2020-02-08 05:05:54,889 null [INFO] (/home/meteo/dev/redist/fwidbmgr/include/Grid.h:1695) Grid ffmc configured.
2020-02-08 05:05:54,896 null [INFO] (/home/meteo/dev/redist/fwidbmgr/include/Grid.h:1595) Configuring grid: dmc
2020-02-08 05:05:54,896 null [INFO] (/home/meteo/dev/redist/fwidbmgr/include/Grid.h:1695) Grid dmc configured.
2020-02-08 05:05:54,903 null [INFO] (/home/meteo/dev/redist/fwidbmgr/include/Grid.h:1595) Configuring grid: dc
2020-02-08 05:05:54,903 null [INFO] (/home/meteo/dev/redist/fwidbmgr/include/Grid.h:1695) Grid dc configured.
2020-02-08 05:05:54,910 null [INFO] (/home/meteo/dev/redist/fwidbmgr/include/Grid.h:1595) Configuring grid: bui
2020-02-08 05:05:54,910 null [INFO] (/home/meteo/dev/redist/fwidbmgr/include/Grid.h:1695) Grid bui configured.
2020-02-08 05:05:54,917 null [INFO] (/home/meteo/dev/redist/fwidbmgr/include/Grid.h:1595) Configuring grid: ffmc_tmp
2020-02-08 05:05:54,917 null [INFO] (/home/meteo/dev/redist/fwidbmgr/include/Grid.h:1695) Grid ffmc_tmp configured.
2020-02-08 05:05:54,929 null [INFO] (/home/meteo/dev/redist/fwidbmgr/include/Grid.h:1595) Configuring grid: dmc_tmp
2020-02-08 05:05:54,929 null [INFO] (/home/meteo/dev/redist/fwidbmgr/include/Grid.h:1695) Grid dmc_tmp configured.
2020-02-08 05:05:54,939 null [INFO] (/home/meteo/dev/redist/fwidbmgr/include/Grid.h:1595) Configuring grid: dc_tmp
2020-02-08 05:05:54,939 null [INFO] (/home/meteo/dev/redist/fwidbmgr/include/Grid.h:1695) Grid dc_tmp configured.
2020-02-08 05:05:54,949 null [INFO] (/home/meteo/dev/redist/fwidbmgr/include/Grid.h:1595) Configuring grid: idi
2020-02-08 05:05:54,949 null [INFO] (/home/meteo/dev/redist/fwidbmgr/include/Grid.h:1695) Grid idi configured.
2020-02-08 05:05:55,039 null [INFO] (../src/fwidbmgr.cpp:2081) Storing FWI indexes ...
2020-02-08 05:05:57,983 null [INFO] (../src/fwidbmgr.cpp:5555) OK --> 20200207 data imported.
2020-02-08 05:05:57,983 null [INFO] (../src/fwidbmgr.cpp:5695) action out took about 3 seconds.
2020-02-08 05:05:57,984 null [INFO] (../src/fwidbmgr.cpp:5699) Disconnected from database.
2020-02-08 05:05:58,003 null [INFO] (../src/fwidbmgr.cpp:5361) fwi db manager
2020-02-08 05:05:58,003 null [INFO] (../src/fwidbmgr.cpp:5365) Program home: /home/meteo/dev/redist/fwidbmgr
2020-02-08 05:05:58,003 null [INFO] (../src/fwidbmgr.cpp:5369) Auto convert: 1
2020-02-08 05:05:58,003 null [INFO] (../src/fwidbmgr.cpp:446) action: computeidx.
2020-02-08 05:05:58,003 null [INFO] (../src/fwidbmgr.cpp:470) date: 20200207.
2020-02-08 05:05:58,003 null [INFO] (../src/fwidbmgr.cpp:322) Try to read: /home/meteo/dev/redist/fwidbmgr/config/fwidbmgr.conf.
2020-02-08 05:05:58,004 null [INFO] (../src/fwidbmgr.cpp:5393) Configuration parsing: OK.
2020-02-08 05:05:58,006 null [INFO] (../src/fwidbmgr.cpp:5478) Connected to database
2020-02-08 05:05:58,006 null [INFO] (../src/fwidbmgr.cpp:5480) Manage data for date: 20200207.
2020-02-08 05:05:58,007 null [INFO] (../src/fwidbmgr.cpp:5656) Computing indexes.
2020-02-08 05:05:58,008 null [INFO] (/home/meteo/dev/redist/fwidbmgr/include/Grid.h:1595) Configuring grid: isi
2020-02-08 05:05:58,008 null [INFO] (/home/meteo/dev/redist/fwidbmgr/include/Grid.h:1695) Grid isi configured.
2020-02-08 05:05:58,009 null [INFO] (/home/meteo/dev/redist/fwidbmgr/include/Grid.h:1595) Configuring grid: fwi
2020-02-08 05:05:58,009 null [INFO] (/home/meteo/dev/redist/fwidbmgr/include/Grid.h:1695) Grid fwi configured.
2020-02-08 05:05:58,010 null [INFO] (/home/meteo/dev/redist/fwidbmgr/include/Grid.h:1595) Configuring grid: ffmc
2020-02-08 05:05:58,011 null [INFO] (/home/meteo/dev/redist/fwidbmgr/include/Grid.h:1695) Grid ffmc configured.
2020-02-08 05:05:58,012 null [INFO] (/home/meteo/dev/redist/fwidbmgr/include/Grid.h:1595) Configuring grid: dmc
2020-02-08 05:05:58,012 null [INFO] (/home/meteo/dev/redist/fwidbmgr/include/Grid.h:1695) Grid dmc configured.
2020-02-08 05:05:58,013 null [INFO] (/home/meteo/dev/redist/fwidbmgr/include/Grid.h:1595) Configuring grid: dc
2020-02-08 05:05:58,013 null [INFO] (/home/meteo/dev/redist/fwidbmgr/include/Grid.h:1695) Grid dc configured.
2020-02-08 05:05:58,014 null [INFO] (/home/meteo/dev/redist/fwidbmgr/include/Grid.h:1595) Configuring grid: bui
2020-02-08 05:05:58,014 null [INFO] (/home/meteo/dev/redist/fwidbmgr/include/Grid.h:1695) Grid bui configured.
2020-02-08 05:05:58,015 null [INFO] (/home/meteo/dev/redist/fwidbmgr/include/Grid.h:1595) Configuring grid: ffmc_tmp
2020-02-08 05:05:58,015 null [INFO] (/home/meteo/dev/redist/fwidbmgr/include/Grid.h:1695) Grid ffmc_tmp configured.
2020-02-08 05:05:58,016 null [INFO] (/home/meteo/dev/redist/fwidbmgr/include/Grid.h:1595) Configuring grid: dmc_tmp
2020-02-08 05:05:58,016 null [INFO] (/home/meteo/dev/redist/fwidbmgr/include/Grid.h:1695) Grid dmc_tmp configured.
2020-02-08 05:05:58,017 null [INFO] (/home/meteo/dev/redist/fwidbmgr/include/Grid.h:1595) Configuring grid: dc_tmp
2020-02-08 05:05:58,017 null [INFO] (/home/meteo/dev/redist/fwidbmgr/include/Grid.h:1695) Grid dc_tmp configured.
2020-02-08 05:05:58,018 null [INFO] (/home/meteo/dev/redist/fwidbmgr/include/Grid.h:1595) Configuring grid: idi
2020-02-08 05:05:58,018 null [INFO] (/home/meteo/dev/redist/fwidbmgr/include/Grid.h:1695) Grid idi configured.
2020-02-08 05:05:58,019 null [INFO] (/home/meteo/dev/redist/fwidbmgr/include/Grid.h:1595) Configuring grid: angstrom
2020-02-08 05:05:58,019 null [INFO] (/home/meteo/dev/redist/fwidbmgr/include/Grid.h:1695) Grid angstrom configured.
2020-02-08 05:05:58,020 null [INFO] (/home/meteo/dev/redist/fwidbmgr/include/Grid.h:1595) Configuring grid: fmi
2020-02-08 05:05:58,020 null [INFO] (/home/meteo/dev/redist/fwidbmgr/include/Grid.h:1695) Grid fmi configured.
2020-02-08 05:05:58,021 null [INFO] (/home/meteo/dev/redist/fwidbmgr/include/Grid.h:1595) Configuring grid: sharples
2020-02-08 05:05:58,021 null [INFO] (/home/meteo/dev/redist/fwidbmgr/include/Grid.h:1695) Grid sharples configured.
2020-02-08 05:05:58,357 null [INFO] (/home/meteo/dev/redist/fwidbmgr/include/Grid.h:1595) Configuring grid: snow
2020-02-08 05:05:58,357 null [INFO] (/home/meteo/dev/redist/fwidbmgr/include/Grid.h:1695) Grid snow configured.
2020-02-08 05:05:58,357 null [INFO] (/home/meteo/dev/redist/fwidbmgr/include/Grid.h:1595) Configuring grid: snow_covering
2020-02-08 05:05:58,357 null [INFO] (/home/meteo/dev/redist/fwidbmgr/include/Grid.h:1695) Grid snow_covering configured.
2020-02-08 05:05:58,357 null [INFO] (/home/meteo/dev/redist/fwidbmgr/include/Grid.h:1595) Configuring grid: snow_dissolution
2020-02-08 05:05:58,357 null [INFO] (/home/meteo/dev/redist/fwidbmgr/include/Grid.h:1695) Grid snow_dissolution configured.
2020-02-08 05:05:58,357 null [INFO] (/home/meteo/dev/redist/fwidbmgr/include/Grid.h:1595) Configuring grid: temperature
2020-02-08 05:05:58,357 null [INFO] (/home/meteo/dev/redist/fwidbmgr/include/Grid.h:1695) Grid temperature configured.
2020-02-08 05:05:58,357 null [INFO] (/home/meteo/dev/redist/fwidbmgr/include/Grid.h:1595) Configuring grid: humidity
2020-02-08 05:05:58,357 null [INFO] (/home/meteo/dev/redist/fwidbmgr/include/Grid.h:1695) Grid humidity configured.
2020-02-08 05:05:58,357 null [INFO] (/home/meteo/dev/redist/fwidbmgr/include/Grid.h:1595) Configuring grid: windspeed
2020-02-08 05:05:58,357 null [INFO] (/home/meteo/dev/redist/fwidbmgr/include/Grid.h:1695) Grid windspeed configured.
2020-02-08 05:05:58,357 null [INFO] (/home/meteo/dev/redist/fwidbmgr/include/Grid.h:1595) Configuring grid: rain
2020-02-08 05:05:58,357 null [INFO] (/home/meteo/dev/redist/fwidbmgr/include/Grid.h:1695) Grid rain configured.
2020-02-08 05:05:58,357 null [INFO] (/home/meteo/dev/redist/fwidbmgr/include/Grid.h:1595) Configuring grid: cum_rain
2020-02-08 05:05:58,358 null [INFO] (/home/meteo/dev/redist/fwidbmgr/include/Grid.h:1695) Grid cum_rain configured.
2020-02-08 05:06:53,421 null [INFO] (../src/fwidbmgr.cpp:5660) OK --> 20200207 indexes computed.
2020-02-08 05:06:53,421 null [INFO] (../src/fwidbmgr.cpp:5695) action computeidx took about 55 seconds.
2020-02-08 05:06:53,421 null [INFO] (../src/fwidbmgr.cpp:5699) Disconnected from database.
2020-02-08 05:06:53,440 null [INFO] (../src/fwidbmgr.cpp:5361) fwi db manager
2020-02-08 05:06:53,440 null [INFO] (../src/fwidbmgr.cpp:5365) Program home: /home/meteo/dev/redist/fwidbmgr
2020-02-08 05:06:53,441 null [INFO] (../src/fwidbmgr.cpp:5369) Auto convert: 1
2020-02-08 05:06:53,441 null [INFO] (../src/fwidbmgr.cpp:446) action: exportidx.
2020-02-08 05:06:53,441 null [INFO] (../src/fwidbmgr.cpp:470) date: 20200207.
2020-02-08 05:06:53,441 null [INFO] (../src/fwidbmgr.cpp:322) Try to read: /home/meteo/dev/redist/fwidbmgr/config/fwidbmgr.conf.
2020-02-08 05:06:53,442 null [INFO] (../src/fwidbmgr.cpp:5393) Configuration parsing: OK.
2020-02-08 05:06:53,444 null [INFO] (../src/fwidbmgr.cpp:5478) Connected to database
2020-02-08 05:06:53,445 null [INFO] (../src/fwidbmgr.cpp:5480) Manage data for date: 20200207.
2020-02-08 05:06:53,445 null [INFO] (../src/fwidbmgr.cpp:5596) Exporting indexes.
2020-02-08 05:06:53,446 null [INFO] (/home/meteo/dev/redist/fwidbmgr/include/Grid.h:1595) Configuring grid: isi
2020-02-08 05:06:53,446 null [INFO] (/home/meteo/dev/redist/fwidbmgr/include/Grid.h:1695) Grid isi configured.
2020-02-08 05:06:53,448 null [INFO] (/home/meteo/dev/redist/fwidbmgr/include/Grid.h:1595) Configuring grid: fwi
2020-02-08 05:06:53,448 null [INFO] (/home/meteo/dev/redist/fwidbmgr/include/Grid.h:1695) Grid fwi configured.
2020-02-08 05:06:53,449 null [INFO] (/home/meteo/dev/redist/fwidbmgr/include/Grid.h:1595) Configuring grid: ffmc
2020-02-08 05:06:53,449 null [INFO] (/home/meteo/dev/redist/fwidbmgr/include/Grid.h:1695) Grid ffmc configured.
2020-02-08 05:06:53,451 null [INFO] (/home/meteo/dev/redist/fwidbmgr/include/Grid.h:1595) Configuring grid: dmc
2020-02-08 05:06:53,451 null [INFO] (/home/meteo/dev/redist/fwidbmgr/include/Grid.h:1695) Grid dmc configured.
2020-02-08 05:06:53,452 null [INFO] (/home/meteo/dev/redist/fwidbmgr/include/Grid.h:1595) Configuring grid: dc
2020-02-08 05:06:53,452 null [INFO] (/home/meteo/dev/redist/fwidbmgr/include/Grid.h:1695) Grid dc configured.
2020-02-08 05:06:53,454 null [INFO] (/home/meteo/dev/redist/fwidbmgr/include/Grid.h:1595) Configuring grid: bui
2020-02-08 05:06:53,454 null [INFO] (/home/meteo/dev/redist/fwidbmgr/include/Grid.h:1695) Grid bui configured.
2020-02-08 05:06:53,455 null [INFO] (/home/meteo/dev/redist/fwidbmgr/include/Grid.h:1595) Configuring grid: ffmc_tmp
2020-02-08 05:06:53,455 null [INFO] (/home/meteo/dev/redist/fwidbmgr/include/Grid.h:1695) Grid ffmc_tmp configured.
2020-02-08 05:06:53,456 null [INFO] (/home/meteo/dev/redist/fwidbmgr/include/Grid.h:1595) Configuring grid: dmc_tmp
2020-02-08 05:06:53,456 null [INFO] (/home/meteo/dev/redist/fwidbmgr/include/Grid.h:1695) Grid dmc_tmp configured.
2020-02-08 05:06:53,457 null [INFO] (/home/meteo/dev/redist/fwidbmgr/include/Grid.h:1595) Configuring grid: dc_tmp
2020-02-08 05:06:53,457 null [INFO] (/home/meteo/dev/redist/fwidbmgr/include/Grid.h:1695) Grid dc_tmp configured.
2020-02-08 05:06:53,458 null [INFO] (/home/meteo/dev/redist/fwidbmgr/include/Grid.h:1595) Configuring grid: idi
2020-02-08 05:06:53,458 null [INFO] (/home/meteo/dev/redist/fwidbmgr/include/Grid.h:1695) Grid idi configured.
2020-02-08 05:06:53,459 null [INFO] (/home/meteo/dev/redist/fwidbmgr/include/Grid.h:1595) Configuring grid: angstrom
2020-02-08 05:06:53,459 null [INFO] (/home/meteo/dev/redist/fwidbmgr/include/Grid.h:1695) Grid angstrom configured.
2020-02-08 05:06:53,460 null [INFO] (/home/meteo/dev/redist/fwidbmgr/include/Grid.h:1595) Configuring grid: fmi
2020-02-08 05:06:53,460 null [INFO] (/home/meteo/dev/redist/fwidbmgr/include/Grid.h:1695) Grid fmi configured.
2020-02-08 05:06:53,461 null [INFO] (/home/meteo/dev/redist/fwidbmgr/include/Grid.h:1595) Configuring grid: sharples
2020-02-08 05:06:53,461 null [INFO] (/home/meteo/dev/redist/fwidbmgr/include/Grid.h:1695) Grid sharples configured.
2020-02-08 05:06:53,828 null [INFO] (/home/meteo/dev/redist/fwidbmgr/include/Grid.h:1595) Configuring grid: isi
2020-02-08 05:06:53,828 null [INFO] (/home/meteo/dev/redist/fwidbmgr/include/Grid.h:1695) Grid isi configured.
2020-02-08 05:06:53,851 null [INFO] (/home/meteo/dev/redist/fwidbmgr/include/Grid.h:1595) Configuring grid: fwi
2020-02-08 05:06:53,851 null [INFO] (/home/meteo/dev/redist/fwidbmgr/include/Grid.h:1695) Grid fwi configured.
2020-02-08 05:06:53,871 null [INFO] (/home/meteo/dev/redist/fwidbmgr/include/Grid.h:1595) Configuring grid: ffmc
2020-02-08 05:06:53,871 null [INFO] (/home/meteo/dev/redist/fwidbmgr/include/Grid.h:1695) Grid ffmc configured.
2020-02-08 05:06:53,892 null [INFO] (/home/meteo/dev/redist/fwidbmgr/include/Grid.h:1595) Configuring grid: dmc
2020-02-08 05:06:53,892 null [INFO] (/home/meteo/dev/redist/fwidbmgr/include/Grid.h:1695) Grid dmc configured.
2020-02-08 05:06:53,912 null [INFO] (/home/meteo/dev/redist/fwidbmgr/include/Grid.h:1595) Configuring grid: dc
2020-02-08 05:06:53,912 null [INFO] (/home/meteo/dev/redist/fwidbmgr/include/Grid.h:1695) Grid dc configured.
2020-02-08 05:06:53,933 null [INFO] (/home/meteo/dev/redist/fwidbmgr/include/Grid.h:1595) Configuring grid: bui
2020-02-08 05:06:53,933 null [INFO] (/home/meteo/dev/redist/fwidbmgr/include/Grid.h:1695) Grid bui configured.
2020-02-08 05:06:53,952 null [INFO] (/home/meteo/dev/redist/fwidbmgr/include/Grid.h:1595) Configuring grid: ffmc_tmp
2020-02-08 05:06:53,952 null [INFO] (/home/meteo/dev/redist/fwidbmgr/include/Grid.h:1695) Grid ffmc_tmp configured.
2020-02-08 05:06:53,973 null [INFO] (/home/meteo/dev/redist/fwidbmgr/include/Grid.h:1595) Configuring grid: dmc_tmp
2020-02-08 05:06:53,973 null [INFO] (/home/meteo/dev/redist/fwidbmgr/include/Grid.h:1695) Grid dmc_tmp configured.
2020-02-08 05:06:53,992 null [INFO] (/home/meteo/dev/redist/fwidbmgr/include/Grid.h:1595) Configuring grid: dc_tmp
2020-02-08 05:06:53,992 null [INFO] (/home/meteo/dev/redist/fwidbmgr/include/Grid.h:1695) Grid dc_tmp configured.
2020-02-08 05:06:54,012 null [INFO] (/home/meteo/dev/redist/fwidbmgr/include/Grid.h:1595) Configuring grid: angstrom
2020-02-08 05:06:54,012 null [INFO] (/home/meteo/dev/redist/fwidbmgr/include/Grid.h:1695) Grid angstrom configured.
2020-02-08 05:06:54,037 null [INFO] (/home/meteo/dev/redist/fwidbmgr/include/Grid.h:1595) Configuring grid: sharples
2020-02-08 05:06:54,037 null [INFO] (/home/meteo/dev/redist/fwidbmgr/include/Grid.h:1695) Grid sharples configured.
2020-02-08 05:06:54,058 null [INFO] (/home/meteo/dev/redist/fwidbmgr/include/Grid.h:1595) Configuring grid: fmi
2020-02-08 05:06:54,058 null [INFO] (/home/meteo/dev/redist/fwidbmgr/include/Grid.h:1695) Grid fmi configured.
2020-02-08 05:06:54,078 null [INFO] (../src/fwidbmgr.cpp:5600) OK --> 20200207 indexes exported to files.
2020-02-08 05:06:54,078 null [INFO] (../src/fwidbmgr.cpp:5695) action exportidx took about 1 seconds.
2020-02-08 05:06:54,078 null [INFO] (../src/fwidbmgr.cpp:5699) Disconnected from database.
2020-02-08 05:07:10,220 null [INFO] (../src/fwidbmgr.cpp:5361) fwi db manager
2020-02-08 05:07:10,220 null [INFO] (../src/fwidbmgr.cpp:5365) Program home: /home/meteo/dev/redist/fwidbmgr
2020-02-08 05:07:10,221 null [INFO] (../src/fwidbmgr.cpp:5369) Auto convert: 1
2020-02-08 05:07:10,221 null [INFO] (../src/fwidbmgr.cpp:446) action: outimg.
2020-02-08 05:07:10,221 null [INFO] (../src/fwidbmgr.cpp:470) date: 20200207.
2020-02-08 05:07:10,221 null [INFO] (../src/fwidbmgr.cpp:322) Try to read: /home/meteo/dev/redist/fwidbmgr/config/fwidbmgr.conf.
2020-02-08 05:07:10,222 null [INFO] (../src/fwidbmgr.cpp:5393) Configuration parsing: OK.
2020-02-08 05:07:10,227 null [INFO] (../src/fwidbmgr.cpp:5478) Connected to database
2020-02-08 05:07:10,227 null [INFO] (../src/fwidbmgr.cpp:5480) Manage data for date: 20200207.
2020-02-08 05:07:10,227 null [INFO] (../src/fwidbmgr.cpp:5566) Importing fwi indexes images in database.
2020-02-08 05:07:10,281 null [INFO] (../src/fwidbmgr.cpp:5570) OK --> 20200207 images imported.
2020-02-08 05:07:10,281 null [INFO] (../src/fwidbmgr.cpp:5695) action outimg took about 0 seconds.
2020-02-08 05:07:10,281 null [INFO] (../src/fwidbmgr.cpp:5699) Disconnected from database.
2020-02-08 05:37:02,027 null [INFO] (../src/fwidbmgr.cpp:5361) fwi db manager
2020-02-08 05:37:02,027 null [INFO] (../src/fwidbmgr.cpp:5365) Program home: /home/meteo/dev/redist/fwidbmgr
2020-02-08 05:37:02,027 null [INFO] (../src/fwidbmgr.cpp:5369) Auto convert: 1
2020-02-08 05:37:02,027 null [INFO] (../src/fwidbmgr.cpp:446) action: outimg.
2020-02-08 05:37:02,027 null [INFO] (../src/fwidbmgr.cpp:470) date: 20200207.
2020-02-08 05:37:02,027 null [INFO] (../src/fwidbmgr.cpp:322) Try to read: /home/meteo/dev/redist/fwidbmgr/config/fwidbmgr.conf.
2020-02-08 05:37:02,029 null [INFO] (../src/fwidbmgr.cpp:5393) Configuration parsing: OK.
2020-02-08 05:37:02,034 null [INFO] (../src/fwidbmgr.cpp:5478) Connected to database
2020-02-08 05:37:02,035 null [INFO] (../src/fwidbmgr.cpp:5480) Manage data for date: 20200207.
2020-02-08 05:37:02,035 null [INFO] (../src/fwidbmgr.cpp:5566) Importing fwi indexes images in database.
2020-02-08 05:37:02,094 null [INFO] (../src/fwidbmgr.cpp:5570) OK --> 20200207 images imported.
2020-02-08 05:37:02,095 null [INFO] (../src/fwidbmgr.cpp:5695) action outimg took about 0 seconds.
2020-02-08 05:37:02,095 null [INFO] (../src/fwidbmgr.cpp:5699) Disconnected from database.
2020-02-08 06:05:01,225 null [INFO] (../src/fwidbmgr.cpp:5361) fwi db manager
2020-02-08 06:05:01,226 null [INFO] (../src/fwidbmgr.cpp:5365) Program home: /home/meteo/dev/redist/fwidbmgr
2020-02-08 06:05:01,226 null [INFO] (../src/fwidbmgr.cpp:5369) Auto convert: 1
2020-02-08 06:05:01,226 null [INFO] (../src/fwidbmgr.cpp:446) action: outimg.
2020-02-08 06:05:01,226 null [INFO] (../src/fwidbmgr.cpp:470) date: 20200207.
2020-02-08 06:05:01,226 null [INFO] (../src/fwidbmgr.cpp:322) Try to read: /home/meteo/dev/redist/fwidbmgr/config/fwidbmgr.conf.
2020-02-08 06:05:01,228 null [INFO] (../src/fwidbmgr.cpp:5393) Configuration parsing: OK.
2020-02-08 06:05:01,232 null [INFO] (../src/fwidbmgr.cpp:5478) Connected to database
2020-02-08 06:05:01,232 null [INFO] (../src/fwidbmgr.cpp:5480) Manage data for date: 20200207.
2020-02-08 06:05:01,232 null [INFO] (../src/fwidbmgr.cpp:5566) Importing fwi indexes images in database.
2020-02-08 06:05:01,284 null [INFO] (../src/fwidbmgr.cpp:5570) OK --> 20200207 images imported.
2020-02-08 06:05:01,284 null [INFO] (../src/fwidbmgr.cpp:5695) action outimg took about 0 seconds.
2020-02-08 06:05:01,285 null [INFO] (../src/fwidbmgr.cpp:5699) Disconnected from database.
2020-02-08 06:37:01,408 null [INFO] (../src/fwidbmgr.cpp:5361) fwi db manager
2020-02-08 06:37:01,408 null [INFO] (../src/fwidbmgr.cpp:5365) Program home: /home/meteo/dev/redist/fwidbmgr
2020-02-08 06:37:01,408 null [INFO] (../src/fwidbmgr.cpp:5369) Auto convert: 1
2020-02-08 06:37:01,408 null [INFO] (../src/fwidbmgr.cpp:446) action: outimg.
2020-02-08 06:37:01,408 null [INFO] (../src/fwidbmgr.cpp:470) date: 20200207.
2020-02-08 06:37:01,408 null [INFO] (../src/fwidbmgr.cpp:322) Try to read: /home/meteo/dev/redist/fwidbmgr/config/fwidbmgr.conf.
2020-02-08 06:37:01,410 null [INFO] (../src/fwidbmgr.cpp:5393) Configuration parsing: OK.
2020-02-08 06:37:01,414 null [INFO] (../src/fwidbmgr.cpp:5478) Connected to database
2020-02-08 06:37:01,414 null [INFO] (../src/fwidbmgr.cpp:5480) Manage data for date: 20200207.
2020-02-08 06:37:01,414 null [INFO] (../src/fwidbmgr.cpp:5566) Importing fwi indexes images in database.
2020-02-08 06:37:01,471 null [INFO] (../src/fwidbmgr.cpp:5570) OK --> 20200207 images imported.
2020-02-08 06:37:01,471 null [INFO] (../src/fwidbmgr.cpp:5695) action outimg took about 0 seconds.
2020-02-08 06:37:01,471 null [INFO] (../src/fwidbmgr.cpp:5699) Disconnected from database.
2020-02-08 07:05:01,082 null [INFO] (../src/fwidbmgr.cpp:5361) fwi db manager
2020-02-08 07:05:01,082 null [INFO] (../src/fwidbmgr.cpp:5365) Program home: /home/meteo/dev/redist/fwidbmgr
2020-02-08 07:05:01,082 null [INFO] (../src/fwidbmgr.cpp:5369) Auto convert: 1
2020-02-08 07:05:01,082 null [INFO] (../src/fwidbmgr.cpp:446) action: outimg.
2020-02-08 07:05:01,082 null [INFO] (../src/fwidbmgr.cpp:470) date: 20200207.
2020-02-08 07:05:01,082 null [INFO] (../src/fwidbmgr.cpp:322) Try to read: /home/meteo/dev/redist/fwidbmgr/config/fwidbmgr.conf.
2020-02-08 07:05:01,083 null [INFO] (../src/fwidbmgr.cpp:5393) Configuration parsing: OK.
2020-02-08 07:05:01,088 null [INFO] (../src/fwidbmgr.cpp:5478) Connected to database
2020-02-08 07:05:01,089 null [INFO] (../src/fwidbmgr.cpp:5480) Manage data for date: 20200207.
2020-02-08 07:05:01,089 null [INFO] (../src/fwidbmgr.cpp:5566) Importing fwi indexes images in database.
2020-02-08 07:05:01,146 null [INFO] (../src/fwidbmgr.cpp:5570) OK --> 20200207 images imported.
2020-02-08 07:05:01,146 null [INFO] (../src/fwidbmgr.cpp:5695) action outimg took about 0 seconds.
2020-02-08 07:05:01,146 null [INFO] (../src/fwidbmgr.cpp:5699) Disconnected from database.
2020-02-08 07:37:01,281 null [INFO] (../src/fwidbmgr.cpp:5361) fwi db manager
2020-02-08 07:37:01,281 null [INFO] (../src/fwidbmgr.cpp:5365) Program home: /home/meteo/dev/redist/fwidbmgr
2020-02-08 07:37:01,282 null [INFO] (../src/fwidbmgr.cpp:5369) Auto convert: 1
2020-02-08 07:37:01,282 null [INFO] (../src/fwidbmgr.cpp:446) action: outimg.
2020-02-08 07:37:01,282 null [INFO] (../src/fwidbmgr.cpp:470) date: 20200207.
2020-02-08 07:37:01,282 null [INFO] (../src/fwidbmgr.cpp:322) Try to read: /home/meteo/dev/redist/fwidbmgr/config/fwidbmgr.conf.
2020-02-08 07:37:01,283 null [INFO] (../src/fwidbmgr.cpp:5393) Configuration parsing: OK.
2020-02-08 07:37:01,288 null [INFO] (../src/fwidbmgr.cpp:5478) Connected to database
2020-02-08 07:37:01,288 null [INFO] (../src/fwidbmgr.cpp:5480) Manage data for date: 20200207.
2020-02-08 07:37:01,288 null [INFO] (../src/fwidbmgr.cpp:5566) Importing fwi indexes images in database.
2020-02-08 07:37:01,349 null [INFO] (../src/fwidbmgr.cpp:5570) OK --> 20200207 images imported.
2020-02-08 07:37:01,349 null [INFO] (../src/fwidbmgr.cpp:5695) action outimg took about 0 seconds.
2020-02-08 07:37:01,349 null [INFO] (../src/fwidbmgr.cpp:5699) Disconnected from database.
