2016-02-19 05:07:25,321 null [INFO] (../src/fwidbmgr.cpp:5207) fwi db manager
2016-02-19 05:07:28,733 null [INFO] (../src/fwidbmgr.cpp:5209) Program home: /home/meteo/dev/redist/fwidbmgr
2016-02-19 05:07:28,734 null [INFO] (../src/fwidbmgr.cpp:5211) Auto convert: 1
2016-02-19 05:07:28,734 null [INFO] (../src/fwidbmgr.cpp:458) action: in.
2016-02-19 05:07:28,734 null [INFO] (../src/fwidbmgr.cpp:482) date: 20160218.
2016-02-19 05:07:28,734 null [INFO] (../src/fwidbmgr.cpp:319) Try to read: /home/meteo/dev/redist/fwidbmgr/config/fwidbmgr.conf.
2016-02-19 05:07:28,741 null [INFO] (../src/fwidbmgr.cpp:5240) Configuration parsing: OK.
2016-02-19 05:07:30,173 null [INFO] (../src/fwidbmgr.cpp:5322) Connected to database
2016-02-19 05:07:30,173 null [INFO] (../src/fwidbmgr.cpp:5323) Manage data for date: 20160218.
2016-02-19 05:07:30,173 null [INFO] (../src/fwidbmgr.cpp:5367) Importing meteo data in database for day: 20160218.
2016-02-19 05:07:30,175 null [INFO] (/home/meteo/dev/redist/fwidbmgr/include/Grid.h:1595) Configuring grid: snow
2016-02-19 05:07:30,175 null [INFO] (/home/meteo/dev/redist/fwidbmgr/include/Grid.h:1695) Grid snow configured.
2016-02-19 05:07:30,186 null [INFO] (/home/meteo/dev/redist/fwidbmgr/include/Grid.h:1595) Configuring grid: snow_covering
2016-02-19 05:07:30,187 null [INFO] (/home/meteo/dev/redist/fwidbmgr/include/Grid.h:1695) Grid snow_covering configured.
2016-02-19 05:07:30,199 null [INFO] (/home/meteo/dev/redist/fwidbmgr/include/Grid.h:1595) Configuring grid: snow_dissolution
2016-02-19 05:07:30,200 null [INFO] (/home/meteo/dev/redist/fwidbmgr/include/Grid.h:1695) Grid snow_dissolution configured.
2016-02-19 05:07:30,223 null [INFO] (/home/meteo/dev/redist/fwidbmgr/include/Grid.h:1595) Configuring grid: temperature
2016-02-19 05:07:30,223 null [INFO] (/home/meteo/dev/redist/fwidbmgr/include/Grid.h:1695) Grid temperature configured.
2016-02-19 05:07:30,228 null [INFO] (/home/meteo/dev/redist/fwidbmgr/include/Grid.h:1595) Configuring grid: humidity
2016-02-19 05:07:30,228 null [INFO] (/home/meteo/dev/redist/fwidbmgr/include/Grid.h:1695) Grid humidity configured.
2016-02-19 05:07:30,238 null [INFO] (/home/meteo/dev/redist/fwidbmgr/include/Grid.h:1595) Configuring grid: windspeed
2016-02-19 05:07:30,239 null [INFO] (/home/meteo/dev/redist/fwidbmgr/include/Grid.h:1695) Grid windspeed configured.
2016-02-19 05:07:30,261 null [INFO] (/home/meteo/dev/redist/fwidbmgr/include/Grid.h:1595) Configuring grid: rain
2016-02-19 05:07:30,261 null [INFO] (/home/meteo/dev/redist/fwidbmgr/include/Grid.h:1695) Grid rain configured.
2016-02-19 05:07:30,264 null [INFO] (/home/meteo/dev/redist/fwidbmgr/include/Grid.h:1595) Configuring grid: cum_rain
2016-02-19 05:07:30,264 null [INFO] (/home/meteo/dev/redist/fwidbmgr/include/Grid.h:1695) Grid cum_rain configured.
2016-02-19 05:07:39,209 null [INFO] (../src/fwidbmgr.cpp:1502) Storing meteo input ...
2016-02-19 05:08:10,349 null [INFO] (../src/fwidbmgr.cpp:5370) OK --> 20160218 data imported.
2016-02-19 05:08:10,367 null [INFO] (../src/fwidbmgr.cpp:5496) action in took about 40 seconds.
2016-02-19 05:08:10,503 null [INFO] (../src/fwidbmgr.cpp:5499) Disconnected from database.
2016-02-19 05:09:58,993 null [INFO] (../src/fwidbmgr.cpp:5207) fwi db manager
2016-02-19 05:09:58,993 null [INFO] (../src/fwidbmgr.cpp:5209) Program home: /home/meteo/dev/redist/fwidbmgr
2016-02-19 05:09:58,993 null [INFO] (../src/fwidbmgr.cpp:5211) Auto convert: 1
2016-02-19 05:09:58,993 null [INFO] (../src/fwidbmgr.cpp:458) action: out.
2016-02-19 05:09:58,993 null [INFO] (../src/fwidbmgr.cpp:482) date: 20160218.
2016-02-19 05:09:58,993 null [INFO] (../src/fwidbmgr.cpp:319) Try to read: /home/meteo/dev/redist/fwidbmgr/config/fwidbmgr.conf.
2016-02-19 05:09:58,999 null [INFO] (../src/fwidbmgr.cpp:5240) Configuration parsing: OK.
2016-02-19 05:09:59,016 null [INFO] (../src/fwidbmgr.cpp:5322) Connected to database
2016-02-19 05:09:59,016 null [INFO] (../src/fwidbmgr.cpp:5323) Manage data for date: 20160218.
2016-02-19 05:09:59,016 null [INFO] (../src/fwidbmgr.cpp:5379) Importing fwi indexes data in database for day: 20160218.
2016-02-19 05:09:59,018 null [INFO] (/home/meteo/dev/redist/fwidbmgr/include/Grid.h:1595) Configuring grid: isi
2016-02-19 05:09:59,018 null [INFO] (/home/meteo/dev/redist/fwidbmgr/include/Grid.h:1695) Grid isi configured.
2016-02-19 05:09:59,031 null [INFO] (/home/meteo/dev/redist/fwidbmgr/include/Grid.h:1595) Configuring grid: fwi
2016-02-19 05:09:59,031 null [INFO] (/home/meteo/dev/redist/fwidbmgr/include/Grid.h:1695) Grid fwi configured.
2016-02-19 05:09:59,044 null [INFO] (/home/meteo/dev/redist/fwidbmgr/include/Grid.h:1595) Configuring grid: ffmc
2016-02-19 05:09:59,044 null [INFO] (/home/meteo/dev/redist/fwidbmgr/include/Grid.h:1695) Grid ffmc configured.
2016-02-19 05:09:59,058 null [INFO] (/home/meteo/dev/redist/fwidbmgr/include/Grid.h:1595) Configuring grid: dmc
2016-02-19 05:09:59,058 null [INFO] (/home/meteo/dev/redist/fwidbmgr/include/Grid.h:1695) Grid dmc configured.
2016-02-19 05:09:59,071 null [INFO] (/home/meteo/dev/redist/fwidbmgr/include/Grid.h:1595) Configuring grid: dc
2016-02-19 05:09:59,072 null [INFO] (/home/meteo/dev/redist/fwidbmgr/include/Grid.h:1695) Grid dc configured.
2016-02-19 05:09:59,085 null [INFO] (/home/meteo/dev/redist/fwidbmgr/include/Grid.h:1595) Configuring grid: bui
2016-02-19 05:09:59,085 null [INFO] (/home/meteo/dev/redist/fwidbmgr/include/Grid.h:1695) Grid bui configured.
2016-02-19 05:09:59,099 null [INFO] (/home/meteo/dev/redist/fwidbmgr/include/Grid.h:1595) Configuring grid: ffmc_tmp
2016-02-19 05:09:59,099 null [INFO] (/home/meteo/dev/redist/fwidbmgr/include/Grid.h:1695) Grid ffmc_tmp configured.
2016-02-19 05:09:59,177 null [INFO] (/home/meteo/dev/redist/fwidbmgr/include/Grid.h:1595) Configuring grid: dmc_tmp
2016-02-19 05:09:59,177 null [INFO] (/home/meteo/dev/redist/fwidbmgr/include/Grid.h:1695) Grid dmc_tmp configured.
2016-02-19 05:09:59,214 null [INFO] (/home/meteo/dev/redist/fwidbmgr/include/Grid.h:1595) Configuring grid: dc_tmp
2016-02-19 05:09:59,214 null [INFO] (/home/meteo/dev/redist/fwidbmgr/include/Grid.h:1695) Grid dc_tmp configured.
2016-02-19 05:09:59,234 null [INFO] (/home/meteo/dev/redist/fwidbmgr/include/Grid.h:1595) Configuring grid: idi
2016-02-19 05:09:59,235 null [INFO] (/home/meteo/dev/redist/fwidbmgr/include/Grid.h:1695) Grid idi configured.
2016-02-19 05:10:03,555 null [INFO] (../src/fwidbmgr.cpp:2045) Storing FWI indexes ...
2016-02-19 05:10:24,210 null [INFO] (../src/fwidbmgr.cpp:5382) OK --> 20160218 data imported.
2016-02-19 05:10:24,210 null [INFO] (../src/fwidbmgr.cpp:5496) action out took about 25 seconds.
2016-02-19 05:10:24,211 null [INFO] (../src/fwidbmgr.cpp:5499) Disconnected from database.
2016-02-19 05:10:24,945 null [INFO] (../src/fwidbmgr.cpp:5207) fwi db manager
2016-02-19 05:10:24,945 null [INFO] (../src/fwidbmgr.cpp:5209) Program home: /home/meteo/dev/redist/fwidbmgr
2016-02-19 05:10:24,945 null [INFO] (../src/fwidbmgr.cpp:5211) Auto convert: 1
2016-02-19 05:10:24,945 null [INFO] (../src/fwidbmgr.cpp:458) action: computeidx.
2016-02-19 05:10:24,946 null [INFO] (../src/fwidbmgr.cpp:482) date: 20160218.
2016-02-19 05:10:24,946 null [INFO] (../src/fwidbmgr.cpp:319) Try to read: /home/meteo/dev/redist/fwidbmgr/config/fwidbmgr.conf.
2016-02-19 05:10:24,947 null [INFO] (../src/fwidbmgr.cpp:5240) Configuration parsing: OK.
2016-02-19 05:10:24,955 null [INFO] (../src/fwidbmgr.cpp:5322) Connected to database
2016-02-19 05:10:24,955 null [INFO] (../src/fwidbmgr.cpp:5323) Manage data for date: 20160218.
2016-02-19 05:10:24,955 null [INFO] (../src/fwidbmgr.cpp:5463) Computing indexes.
2016-02-19 05:10:25,129 null [INFO] (/home/meteo/dev/redist/fwidbmgr/include/Grid.h:1595) Configuring grid: isi
2016-02-19 05:10:25,129 null [INFO] (/home/meteo/dev/redist/fwidbmgr/include/Grid.h:1695) Grid isi configured.
2016-02-19 05:10:25,130 null [INFO] (/home/meteo/dev/redist/fwidbmgr/include/Grid.h:1595) Configuring grid: fwi
2016-02-19 05:10:25,130 null [INFO] (/home/meteo/dev/redist/fwidbmgr/include/Grid.h:1695) Grid fwi configured.
2016-02-19 05:10:25,132 null [INFO] (/home/meteo/dev/redist/fwidbmgr/include/Grid.h:1595) Configuring grid: ffmc
2016-02-19 05:10:25,132 null [INFO] (/home/meteo/dev/redist/fwidbmgr/include/Grid.h:1695) Grid ffmc configured.
2016-02-19 05:10:25,133 null [INFO] (/home/meteo/dev/redist/fwidbmgr/include/Grid.h:1595) Configuring grid: dmc
2016-02-19 05:10:25,133 null [INFO] (/home/meteo/dev/redist/fwidbmgr/include/Grid.h:1695) Grid dmc configured.
2016-02-19 05:10:25,135 null [INFO] (/home/meteo/dev/redist/fwidbmgr/include/Grid.h:1595) Configuring grid: dc
2016-02-19 05:10:25,135 null [INFO] (/home/meteo/dev/redist/fwidbmgr/include/Grid.h:1695) Grid dc configured.
2016-02-19 05:10:25,136 null [INFO] (/home/meteo/dev/redist/fwidbmgr/include/Grid.h:1595) Configuring grid: bui
2016-02-19 05:10:25,136 null [INFO] (/home/meteo/dev/redist/fwidbmgr/include/Grid.h:1695) Grid bui configured.
2016-02-19 05:10:25,138 null [INFO] (/home/meteo/dev/redist/fwidbmgr/include/Grid.h:1595) Configuring grid: ffmc_tmp
2016-02-19 05:10:25,138 null [INFO] (/home/meteo/dev/redist/fwidbmgr/include/Grid.h:1695) Grid ffmc_tmp configured.
2016-02-19 05:10:25,139 null [INFO] (/home/meteo/dev/redist/fwidbmgr/include/Grid.h:1595) Configuring grid: dmc_tmp
2016-02-19 05:10:25,139 null [INFO] (/home/meteo/dev/redist/fwidbmgr/include/Grid.h:1695) Grid dmc_tmp configured.
2016-02-19 05:10:25,140 null [INFO] (/home/meteo/dev/redist/fwidbmgr/include/Grid.h:1595) Configuring grid: dc_tmp
2016-02-19 05:10:25,141 null [INFO] (/home/meteo/dev/redist/fwidbmgr/include/Grid.h:1695) Grid dc_tmp configured.
2016-02-19 05:10:25,142 null [INFO] (/home/meteo/dev/redist/fwidbmgr/include/Grid.h:1595) Configuring grid: idi
2016-02-19 05:10:25,142 null [INFO] (/home/meteo/dev/redist/fwidbmgr/include/Grid.h:1695) Grid idi configured.
2016-02-19 05:10:25,143 null [INFO] (/home/meteo/dev/redist/fwidbmgr/include/Grid.h:1595) Configuring grid: angstrom
2016-02-19 05:10:25,143 null [INFO] (/home/meteo/dev/redist/fwidbmgr/include/Grid.h:1695) Grid angstrom configured.
2016-02-19 05:10:25,145 null [INFO] (/home/meteo/dev/redist/fwidbmgr/include/Grid.h:1595) Configuring grid: fmi
2016-02-19 05:10:25,145 null [INFO] (/home/meteo/dev/redist/fwidbmgr/include/Grid.h:1695) Grid fmi configured.
2016-02-19 05:10:25,146 null [INFO] (/home/meteo/dev/redist/fwidbmgr/include/Grid.h:1595) Configuring grid: sharples
2016-02-19 05:10:25,146 null [INFO] (/home/meteo/dev/redist/fwidbmgr/include/Grid.h:1695) Grid sharples configured.
2016-02-19 05:10:25,994 null [INFO] (/home/meteo/dev/redist/fwidbmgr/include/Grid.h:1595) Configuring grid: snow
2016-02-19 05:10:25,994 null [INFO] (/home/meteo/dev/redist/fwidbmgr/include/Grid.h:1695) Grid snow configured.
2016-02-19 05:10:25,994 null [INFO] (/home/meteo/dev/redist/fwidbmgr/include/Grid.h:1595) Configuring grid: snow_covering
2016-02-19 05:10:25,994 null [INFO] (/home/meteo/dev/redist/fwidbmgr/include/Grid.h:1695) Grid snow_covering configured.
2016-02-19 05:10:25,994 null [INFO] (/home/meteo/dev/redist/fwidbmgr/include/Grid.h:1595) Configuring grid: snow_dissolution
2016-02-19 05:10:25,994 null [INFO] (/home/meteo/dev/redist/fwidbmgr/include/Grid.h:1695) Grid snow_dissolution configured.
2016-02-19 05:10:25,994 null [INFO] (/home/meteo/dev/redist/fwidbmgr/include/Grid.h:1595) Configuring grid: temperature
2016-02-19 05:10:25,994 null [INFO] (/home/meteo/dev/redist/fwidbmgr/include/Grid.h:1695) Grid temperature configured.
2016-02-19 05:10:25,994 null [INFO] (/home/meteo/dev/redist/fwidbmgr/include/Grid.h:1595) Configuring grid: humidity
2016-02-19 05:10:25,995 null [INFO] (/home/meteo/dev/redist/fwidbmgr/include/Grid.h:1695) Grid humidity configured.
2016-02-19 05:10:25,995 null [INFO] (/home/meteo/dev/redist/fwidbmgr/include/Grid.h:1595) Configuring grid: windspeed
2016-02-19 05:10:25,995 null [INFO] (/home/meteo/dev/redist/fwidbmgr/include/Grid.h:1695) Grid windspeed configured.
2016-02-19 05:10:25,995 null [INFO] (/home/meteo/dev/redist/fwidbmgr/include/Grid.h:1595) Configuring grid: rain
2016-02-19 05:10:25,995 null [INFO] (/home/meteo/dev/redist/fwidbmgr/include/Grid.h:1695) Grid rain configured.
2016-02-19 05:10:25,995 null [INFO] (/home/meteo/dev/redist/fwidbmgr/include/Grid.h:1595) Configuring grid: cum_rain
2016-02-19 05:10:25,995 null [INFO] (/home/meteo/dev/redist/fwidbmgr/include/Grid.h:1695) Grid cum_rain configured.
2016-02-19 05:12:21,879 null [INFO] (../src/fwidbmgr.cpp:5466) OK --> 20160218 indexes computed.
2016-02-19 05:12:21,880 null [INFO] (../src/fwidbmgr.cpp:5496) action computeidx took about 117 seconds.
2016-02-19 05:12:21,880 null [INFO] (../src/fwidbmgr.cpp:5499) Disconnected from database.
2016-02-19 05:12:22,056 null [INFO] (../src/fwidbmgr.cpp:5207) fwi db manager
2016-02-19 05:12:22,056 null [INFO] (../src/fwidbmgr.cpp:5209) Program home: /home/meteo/dev/redist/fwidbmgr
2016-02-19 05:12:22,056 null [INFO] (../src/fwidbmgr.cpp:5211) Auto convert: 1
2016-02-19 05:12:22,057 null [INFO] (../src/fwidbmgr.cpp:458) action: exportidx.
2016-02-19 05:12:22,057 null [INFO] (../src/fwidbmgr.cpp:482) date: 20160218.
2016-02-19 05:12:22,057 null [INFO] (../src/fwidbmgr.cpp:319) Try to read: /home/meteo/dev/redist/fwidbmgr/config/fwidbmgr.conf.
2016-02-19 05:12:22,058 null [INFO] (../src/fwidbmgr.cpp:5240) Configuration parsing: OK.
2016-02-19 05:12:22,062 null [INFO] (../src/fwidbmgr.cpp:5322) Connected to database
2016-02-19 05:12:22,062 null [INFO] (../src/fwidbmgr.cpp:5323) Manage data for date: 20160218.
2016-02-19 05:12:22,062 null [INFO] (../src/fwidbmgr.cpp:5415) Exporting indexes.
2016-02-19 05:12:22,069 null [INFO] (/home/meteo/dev/redist/fwidbmgr/include/Grid.h:1595) Configuring grid: isi
2016-02-19 05:12:22,070 null [INFO] (/home/meteo/dev/redist/fwidbmgr/include/Grid.h:1695) Grid isi configured.
2016-02-19 05:12:22,071 null [INFO] (/home/meteo/dev/redist/fwidbmgr/include/Grid.h:1595) Configuring grid: fwi
2016-02-19 05:12:22,071 null [INFO] (/home/meteo/dev/redist/fwidbmgr/include/Grid.h:1695) Grid fwi configured.
2016-02-19 05:12:22,072 null [INFO] (/home/meteo/dev/redist/fwidbmgr/include/Grid.h:1595) Configuring grid: ffmc
2016-02-19 05:12:22,073 null [INFO] (/home/meteo/dev/redist/fwidbmgr/include/Grid.h:1695) Grid ffmc configured.
2016-02-19 05:12:22,074 null [INFO] (/home/meteo/dev/redist/fwidbmgr/include/Grid.h:1595) Configuring grid: dmc
2016-02-19 05:12:22,074 null [INFO] (/home/meteo/dev/redist/fwidbmgr/include/Grid.h:1695) Grid dmc configured.
2016-02-19 05:12:22,075 null [INFO] (/home/meteo/dev/redist/fwidbmgr/include/Grid.h:1595) Configuring grid: dc
2016-02-19 05:12:22,075 null [INFO] (/home/meteo/dev/redist/fwidbmgr/include/Grid.h:1695) Grid dc configured.
2016-02-19 05:12:22,077 null [INFO] (/home/meteo/dev/redist/fwidbmgr/include/Grid.h:1595) Configuring grid: bui
2016-02-19 05:12:22,077 null [INFO] (/home/meteo/dev/redist/fwidbmgr/include/Grid.h:1695) Grid bui configured.
2016-02-19 05:12:22,078 null [INFO] (/home/meteo/dev/redist/fwidbmgr/include/Grid.h:1595) Configuring grid: ffmc_tmp
2016-02-19 05:12:22,078 null [INFO] (/home/meteo/dev/redist/fwidbmgr/include/Grid.h:1695) Grid ffmc_tmp configured.
2016-02-19 05:12:22,080 null [INFO] (/home/meteo/dev/redist/fwidbmgr/include/Grid.h:1595) Configuring grid: dmc_tmp
2016-02-19 05:12:22,080 null [INFO] (/home/meteo/dev/redist/fwidbmgr/include/Grid.h:1695) Grid dmc_tmp configured.
2016-02-19 05:12:22,081 null [INFO] (/home/meteo/dev/redist/fwidbmgr/include/Grid.h:1595) Configuring grid: dc_tmp
2016-02-19 05:12:22,081 null [INFO] (/home/meteo/dev/redist/fwidbmgr/include/Grid.h:1695) Grid dc_tmp configured.
2016-02-19 05:12:22,083 null [INFO] (/home/meteo/dev/redist/fwidbmgr/include/Grid.h:1595) Configuring grid: idi
2016-02-19 05:12:22,083 null [INFO] (/home/meteo/dev/redist/fwidbmgr/include/Grid.h:1695) Grid idi configured.
2016-02-19 05:12:22,084 null [INFO] (/home/meteo/dev/redist/fwidbmgr/include/Grid.h:1595) Configuring grid: angstrom
2016-02-19 05:12:22,084 null [INFO] (/home/meteo/dev/redist/fwidbmgr/include/Grid.h:1695) Grid angstrom configured.
2016-02-19 05:12:22,086 null [INFO] (/home/meteo/dev/redist/fwidbmgr/include/Grid.h:1595) Configuring grid: fmi
2016-02-19 05:12:22,086 null [INFO] (/home/meteo/dev/redist/fwidbmgr/include/Grid.h:1695) Grid fmi configured.
2016-02-19 05:12:22,087 null [INFO] (/home/meteo/dev/redist/fwidbmgr/include/Grid.h:1595) Configuring grid: sharples
2016-02-19 05:12:22,087 null [INFO] (/home/meteo/dev/redist/fwidbmgr/include/Grid.h:1695) Grid sharples configured.
2016-02-19 05:12:23,272 null [INFO] (/home/meteo/dev/redist/fwidbmgr/include/Grid.h:1595) Configuring grid: isi
2016-02-19 05:12:23,272 null [INFO] (/home/meteo/dev/redist/fwidbmgr/include/Grid.h:1695) Grid isi configured.
2016-02-19 05:12:23,312 null [INFO] (/home/meteo/dev/redist/fwidbmgr/include/Grid.h:1595) Configuring grid: fwi
2016-02-19 05:12:23,312 null [INFO] (/home/meteo/dev/redist/fwidbmgr/include/Grid.h:1695) Grid fwi configured.
2016-02-19 05:12:23,352 null [INFO] (/home/meteo/dev/redist/fwidbmgr/include/Grid.h:1595) Configuring grid: ffmc
2016-02-19 05:12:23,352 null [INFO] (/home/meteo/dev/redist/fwidbmgr/include/Grid.h:1695) Grid ffmc configured.
2016-02-19 05:12:23,393 null [INFO] (/home/meteo/dev/redist/fwidbmgr/include/Grid.h:1595) Configuring grid: dmc
2016-02-19 05:12:23,393 null [INFO] (/home/meteo/dev/redist/fwidbmgr/include/Grid.h:1695) Grid dmc configured.
2016-02-19 05:12:23,432 null [INFO] (/home/meteo/dev/redist/fwidbmgr/include/Grid.h:1595) Configuring grid: dc
2016-02-19 05:12:23,433 null [INFO] (/home/meteo/dev/redist/fwidbmgr/include/Grid.h:1695) Grid dc configured.
2016-02-19 05:12:23,473 null [INFO] (/home/meteo/dev/redist/fwidbmgr/include/Grid.h:1595) Configuring grid: bui
2016-02-19 05:12:23,473 null [INFO] (/home/meteo/dev/redist/fwidbmgr/include/Grid.h:1695) Grid bui configured.
2016-02-19 05:12:23,513 null [INFO] (/home/meteo/dev/redist/fwidbmgr/include/Grid.h:1595) Configuring grid: ffmc_tmp
2016-02-19 05:12:23,513 null [INFO] (/home/meteo/dev/redist/fwidbmgr/include/Grid.h:1695) Grid ffmc_tmp configured.
2016-02-19 05:12:23,551 null [INFO] (/home/meteo/dev/redist/fwidbmgr/include/Grid.h:1595) Configuring grid: dmc_tmp
2016-02-19 05:12:23,552 null [INFO] (/home/meteo/dev/redist/fwidbmgr/include/Grid.h:1695) Grid dmc_tmp configured.
2016-02-19 05:12:23,588 null [INFO] (/home/meteo/dev/redist/fwidbmgr/include/Grid.h:1595) Configuring grid: dc_tmp
2016-02-19 05:12:23,588 null [INFO] (/home/meteo/dev/redist/fwidbmgr/include/Grid.h:1695) Grid dc_tmp configured.
2016-02-19 05:12:23,625 null [INFO] (/home/meteo/dev/redist/fwidbmgr/include/Grid.h:1595) Configuring grid: angstrom
2016-02-19 05:12:23,625 null [INFO] (/home/meteo/dev/redist/fwidbmgr/include/Grid.h:1695) Grid angstrom configured.
2016-02-19 05:12:23,717 null [INFO] (/home/meteo/dev/redist/fwidbmgr/include/Grid.h:1595) Configuring grid: sharples
2016-02-19 05:12:23,717 null [INFO] (/home/meteo/dev/redist/fwidbmgr/include/Grid.h:1695) Grid sharples configured.
2016-02-19 05:12:23,758 null [INFO] (/home/meteo/dev/redist/fwidbmgr/include/Grid.h:1595) Configuring grid: fmi
2016-02-19 05:12:23,758 null [INFO] (/home/meteo/dev/redist/fwidbmgr/include/Grid.h:1695) Grid fmi configured.
2016-02-19 05:12:23,800 null [INFO] (../src/fwidbmgr.cpp:5418) OK --> 20160218 indexes exported to files.
2016-02-19 05:12:23,800 null [INFO] (../src/fwidbmgr.cpp:5496) action exportidx took about 1 seconds.
2016-02-19 05:12:23,801 null [INFO] (../src/fwidbmgr.cpp:5499) Disconnected from database.
