2014-10-10 05:06:50,462 null [INFO] (../src/fwidbmgr.cpp:5207) fwi db manager
2014-10-10 05:06:50,469 null [INFO] (../src/fwidbmgr.cpp:5209) Program home: /home/meteo/dev/redist/fwidbmgr
2014-10-10 05:06:50,469 null [INFO] (../src/fwidbmgr.cpp:5211) Auto convert: 1
2014-10-10 05:06:50,469 null [INFO] (../src/fwidbmgr.cpp:458) action: in.
2014-10-10 05:06:50,470 null [INFO] (../src/fwidbmgr.cpp:482) date: 20141009.
2014-10-10 05:06:50,470 null [INFO] (../src/fwidbmgr.cpp:319) Try to read: /home/meteo/dev/redist/fwidbmgr/config/fwidbmgr.conf.
2014-10-10 05:06:50,496 null [INFO] (../src/fwidbmgr.cpp:5240) Configuration parsing: OK.
2014-10-10 05:06:50,547 null [INFO] (../src/fwidbmgr.cpp:5322) Connected to database
2014-10-10 05:06:50,547 null [INFO] (../src/fwidbmgr.cpp:5323) Manage data for date: 20141009.
2014-10-10 05:06:50,547 null [INFO] (../src/fwidbmgr.cpp:5367) Importing meteo data in database for day: 20141009.
2014-10-10 05:06:50,548 null [INFO] (/home/meteo/dev/redist/fwidbmgr/include/Grid.h:1595) Configuring grid: snow
2014-10-10 05:06:50,549 null [INFO] (/home/meteo/dev/redist/fwidbmgr/include/Grid.h:1695) Grid snow configured.
2014-10-10 05:06:50,560 null [INFO] (/home/meteo/dev/redist/fwidbmgr/include/Grid.h:1595) Configuring grid: snow_covering
2014-10-10 05:06:50,560 null [INFO] (/home/meteo/dev/redist/fwidbmgr/include/Grid.h:1695) Grid snow_covering configured.
2014-10-10 05:06:50,572 null [INFO] (/home/meteo/dev/redist/fwidbmgr/include/Grid.h:1595) Configuring grid: snow_dissolution
2014-10-10 05:06:50,572 null [INFO] (/home/meteo/dev/redist/fwidbmgr/include/Grid.h:1695) Grid snow_dissolution configured.
2014-10-10 05:06:50,595 null [INFO] (/home/meteo/dev/redist/fwidbmgr/include/Grid.h:1595) Configuring grid: temperature
2014-10-10 05:06:50,595 null [INFO] (/home/meteo/dev/redist/fwidbmgr/include/Grid.h:1695) Grid temperature configured.
2014-10-10 05:06:50,600 null [INFO] (/home/meteo/dev/redist/fwidbmgr/include/Grid.h:1595) Configuring grid: humidity
2014-10-10 05:06:50,600 null [INFO] (/home/meteo/dev/redist/fwidbmgr/include/Grid.h:1695) Grid humidity configured.
2014-10-10 05:06:50,610 null [INFO] (/home/meteo/dev/redist/fwidbmgr/include/Grid.h:1595) Configuring grid: windspeed
2014-10-10 05:06:50,611 null [INFO] (/home/meteo/dev/redist/fwidbmgr/include/Grid.h:1695) Grid windspeed configured.
2014-10-10 05:06:50,633 null [INFO] (/home/meteo/dev/redist/fwidbmgr/include/Grid.h:1595) Configuring grid: rain
2014-10-10 05:06:50,633 null [INFO] (/home/meteo/dev/redist/fwidbmgr/include/Grid.h:1695) Grid rain configured.
2014-10-10 05:06:50,636 null [INFO] (/home/meteo/dev/redist/fwidbmgr/include/Grid.h:1595) Configuring grid: cum_rain
2014-10-10 05:06:50,636 null [INFO] (/home/meteo/dev/redist/fwidbmgr/include/Grid.h:1695) Grid cum_rain configured.
2014-10-10 05:07:03,436 null [INFO] (../src/fwidbmgr.cpp:1502) Storing meteo input ...
2014-10-10 05:07:53,954 null [INFO] (../src/fwidbmgr.cpp:5370) OK --> 20141009 data imported.
2014-10-10 05:07:54,004 null [INFO] (../src/fwidbmgr.cpp:5496) action in took about 64 seconds.
2014-10-10 05:07:54,171 null [INFO] (../src/fwidbmgr.cpp:5499) Disconnected from database.
2014-10-10 05:09:13,086 null [INFO] (../src/fwidbmgr.cpp:5207) fwi db manager
2014-10-10 05:09:13,086 null [INFO] (../src/fwidbmgr.cpp:5209) Program home: /home/meteo/dev/redist/fwidbmgr
2014-10-10 05:09:13,086 null [INFO] (../src/fwidbmgr.cpp:5211) Auto convert: 1
2014-10-10 05:09:13,086 null [INFO] (../src/fwidbmgr.cpp:458) action: out.
2014-10-10 05:09:13,086 null [INFO] (../src/fwidbmgr.cpp:482) date: 20141009.
2014-10-10 05:09:13,086 null [INFO] (../src/fwidbmgr.cpp:319) Try to read: /home/meteo/dev/redist/fwidbmgr/config/fwidbmgr.conf.
2014-10-10 05:09:13,113 null [INFO] (../src/fwidbmgr.cpp:5240) Configuration parsing: OK.
2014-10-10 05:09:13,152 null [INFO] (../src/fwidbmgr.cpp:5322) Connected to database
2014-10-10 05:09:13,152 null [INFO] (../src/fwidbmgr.cpp:5323) Manage data for date: 20141009.
2014-10-10 05:09:13,152 null [INFO] (../src/fwidbmgr.cpp:5379) Importing fwi indexes data in database for day: 20141009.
2014-10-10 05:09:13,153 null [INFO] (/home/meteo/dev/redist/fwidbmgr/include/Grid.h:1595) Configuring grid: isi
2014-10-10 05:09:13,153 null [INFO] (/home/meteo/dev/redist/fwidbmgr/include/Grid.h:1695) Grid isi configured.
2014-10-10 05:09:13,166 null [INFO] (/home/meteo/dev/redist/fwidbmgr/include/Grid.h:1595) Configuring grid: fwi
2014-10-10 05:09:13,166 null [INFO] (/home/meteo/dev/redist/fwidbmgr/include/Grid.h:1695) Grid fwi configured.
2014-10-10 05:09:13,179 null [INFO] (/home/meteo/dev/redist/fwidbmgr/include/Grid.h:1595) Configuring grid: ffmc
2014-10-10 05:09:13,179 null [INFO] (/home/meteo/dev/redist/fwidbmgr/include/Grid.h:1695) Grid ffmc configured.
2014-10-10 05:09:13,193 null [INFO] (/home/meteo/dev/redist/fwidbmgr/include/Grid.h:1595) Configuring grid: dmc
2014-10-10 05:09:13,193 null [INFO] (/home/meteo/dev/redist/fwidbmgr/include/Grid.h:1695) Grid dmc configured.
2014-10-10 05:09:13,206 null [INFO] (/home/meteo/dev/redist/fwidbmgr/include/Grid.h:1595) Configuring grid: dc
2014-10-10 05:09:13,207 null [INFO] (/home/meteo/dev/redist/fwidbmgr/include/Grid.h:1695) Grid dc configured.
2014-10-10 05:09:13,220 null [INFO] (/home/meteo/dev/redist/fwidbmgr/include/Grid.h:1595) Configuring grid: bui
2014-10-10 05:09:13,220 null [INFO] (/home/meteo/dev/redist/fwidbmgr/include/Grid.h:1695) Grid bui configured.
2014-10-10 05:09:13,240 null [INFO] (/home/meteo/dev/redist/fwidbmgr/include/Grid.h:1595) Configuring grid: ffmc_tmp
2014-10-10 05:09:13,240 null [INFO] (/home/meteo/dev/redist/fwidbmgr/include/Grid.h:1695) Grid ffmc_tmp configured.
2014-10-10 05:09:13,280 null [INFO] (/home/meteo/dev/redist/fwidbmgr/include/Grid.h:1595) Configuring grid: dmc_tmp
2014-10-10 05:09:13,280 null [INFO] (/home/meteo/dev/redist/fwidbmgr/include/Grid.h:1695) Grid dmc_tmp configured.
2014-10-10 05:09:13,316 null [INFO] (/home/meteo/dev/redist/fwidbmgr/include/Grid.h:1595) Configuring grid: dc_tmp
2014-10-10 05:09:13,316 null [INFO] (/home/meteo/dev/redist/fwidbmgr/include/Grid.h:1695) Grid dc_tmp configured.
2014-10-10 05:09:13,337 null [INFO] (/home/meteo/dev/redist/fwidbmgr/include/Grid.h:1595) Configuring grid: idi
2014-10-10 05:09:13,337 null [INFO] (/home/meteo/dev/redist/fwidbmgr/include/Grid.h:1695) Grid idi configured.
2014-10-10 05:09:27,580 null [INFO] (../src/fwidbmgr.cpp:2045) Storing FWI indexes ...
2014-10-10 05:10:00,790 null [INFO] (../src/fwidbmgr.cpp:5382) OK --> 20141009 data imported.
2014-10-10 05:10:00,790 null [INFO] (../src/fwidbmgr.cpp:5496) action out took about 47 seconds.
2014-10-10 05:10:00,791 null [INFO] (../src/fwidbmgr.cpp:5499) Disconnected from database.
2014-10-10 05:10:01,515 null [INFO] (../src/fwidbmgr.cpp:5207) fwi db manager
2014-10-10 05:10:01,516 null [INFO] (../src/fwidbmgr.cpp:5209) Program home: /home/meteo/dev/redist/fwidbmgr
2014-10-10 05:10:01,516 null [INFO] (../src/fwidbmgr.cpp:5211) Auto convert: 1
2014-10-10 05:10:01,516 null [INFO] (../src/fwidbmgr.cpp:458) action: computeidx.
2014-10-10 05:10:01,516 null [INFO] (../src/fwidbmgr.cpp:482) date: 20141009.
2014-10-10 05:10:01,516 null [INFO] (../src/fwidbmgr.cpp:319) Try to read: /home/meteo/dev/redist/fwidbmgr/config/fwidbmgr.conf.
2014-10-10 05:10:01,541 null [INFO] (../src/fwidbmgr.cpp:5240) Configuration parsing: OK.
2014-10-10 05:10:01,623 null [INFO] (../src/fwidbmgr.cpp:5322) Connected to database
2014-10-10 05:10:01,623 null [INFO] (../src/fwidbmgr.cpp:5323) Manage data for date: 20141009.
2014-10-10 05:10:01,623 null [INFO] (../src/fwidbmgr.cpp:5463) Computing indexes.
2014-10-10 05:10:01,625 null [INFO] (/home/meteo/dev/redist/fwidbmgr/include/Grid.h:1595) Configuring grid: isi
2014-10-10 05:10:01,625 null [INFO] (/home/meteo/dev/redist/fwidbmgr/include/Grid.h:1695) Grid isi configured.
2014-10-10 05:10:01,626 null [INFO] (/home/meteo/dev/redist/fwidbmgr/include/Grid.h:1595) Configuring grid: fwi
2014-10-10 05:10:01,626 null [INFO] (/home/meteo/dev/redist/fwidbmgr/include/Grid.h:1695) Grid fwi configured.
2014-10-10 05:10:01,628 null [INFO] (/home/meteo/dev/redist/fwidbmgr/include/Grid.h:1595) Configuring grid: ffmc
2014-10-10 05:10:01,628 null [INFO] (/home/meteo/dev/redist/fwidbmgr/include/Grid.h:1695) Grid ffmc configured.
2014-10-10 05:10:01,629 null [INFO] (/home/meteo/dev/redist/fwidbmgr/include/Grid.h:1595) Configuring grid: dmc
2014-10-10 05:10:01,629 null [INFO] (/home/meteo/dev/redist/fwidbmgr/include/Grid.h:1695) Grid dmc configured.
2014-10-10 05:10:01,630 null [INFO] (/home/meteo/dev/redist/fwidbmgr/include/Grid.h:1595) Configuring grid: dc
2014-10-10 05:10:01,630 null [INFO] (/home/meteo/dev/redist/fwidbmgr/include/Grid.h:1695) Grid dc configured.
2014-10-10 05:10:01,632 null [INFO] (/home/meteo/dev/redist/fwidbmgr/include/Grid.h:1595) Configuring grid: bui
2014-10-10 05:10:01,632 null [INFO] (/home/meteo/dev/redist/fwidbmgr/include/Grid.h:1695) Grid bui configured.
2014-10-10 05:10:01,633 null [INFO] (/home/meteo/dev/redist/fwidbmgr/include/Grid.h:1595) Configuring grid: ffmc_tmp
2014-10-10 05:10:01,633 null [INFO] (/home/meteo/dev/redist/fwidbmgr/include/Grid.h:1695) Grid ffmc_tmp configured.
2014-10-10 05:10:01,635 null [INFO] (/home/meteo/dev/redist/fwidbmgr/include/Grid.h:1595) Configuring grid: dmc_tmp
2014-10-10 05:10:01,635 null [INFO] (/home/meteo/dev/redist/fwidbmgr/include/Grid.h:1695) Grid dmc_tmp configured.
2014-10-10 05:10:01,636 null [INFO] (/home/meteo/dev/redist/fwidbmgr/include/Grid.h:1595) Configuring grid: dc_tmp
2014-10-10 05:10:01,636 null [INFO] (/home/meteo/dev/redist/fwidbmgr/include/Grid.h:1695) Grid dc_tmp configured.
2014-10-10 05:10:01,637 null [INFO] (/home/meteo/dev/redist/fwidbmgr/include/Grid.h:1595) Configuring grid: idi
2014-10-10 05:10:01,637 null [INFO] (/home/meteo/dev/redist/fwidbmgr/include/Grid.h:1695) Grid idi configured.
2014-10-10 05:10:01,639 null [INFO] (/home/meteo/dev/redist/fwidbmgr/include/Grid.h:1595) Configuring grid: angstrom
2014-10-10 05:10:01,639 null [INFO] (/home/meteo/dev/redist/fwidbmgr/include/Grid.h:1695) Grid angstrom configured.
2014-10-10 05:10:01,640 null [INFO] (/home/meteo/dev/redist/fwidbmgr/include/Grid.h:1595) Configuring grid: fmi
2014-10-10 05:10:01,640 null [INFO] (/home/meteo/dev/redist/fwidbmgr/include/Grid.h:1695) Grid fmi configured.
2014-10-10 05:10:01,642 null [INFO] (/home/meteo/dev/redist/fwidbmgr/include/Grid.h:1595) Configuring grid: sharples
2014-10-10 05:10:01,642 null [INFO] (/home/meteo/dev/redist/fwidbmgr/include/Grid.h:1695) Grid sharples configured.
2014-10-10 05:10:16,204 null [INFO] (/home/meteo/dev/redist/fwidbmgr/include/Grid.h:1595) Configuring grid: snow
2014-10-10 05:10:16,207 null [INFO] (/home/meteo/dev/redist/fwidbmgr/include/Grid.h:1695) Grid snow configured.
2014-10-10 05:10:16,215 null [INFO] (/home/meteo/dev/redist/fwidbmgr/include/Grid.h:1595) Configuring grid: snow_covering
2014-10-10 05:10:16,215 null [INFO] (/home/meteo/dev/redist/fwidbmgr/include/Grid.h:1695) Grid snow_covering configured.
2014-10-10 05:10:16,215 null [INFO] (/home/meteo/dev/redist/fwidbmgr/include/Grid.h:1595) Configuring grid: snow_dissolution
2014-10-10 05:10:16,215 null [INFO] (/home/meteo/dev/redist/fwidbmgr/include/Grid.h:1695) Grid snow_dissolution configured.
2014-10-10 05:10:16,215 null [INFO] (/home/meteo/dev/redist/fwidbmgr/include/Grid.h:1595) Configuring grid: temperature
2014-10-10 05:10:16,216 null [INFO] (/home/meteo/dev/redist/fwidbmgr/include/Grid.h:1695) Grid temperature configured.
2014-10-10 05:10:16,216 null [INFO] (/home/meteo/dev/redist/fwidbmgr/include/Grid.h:1595) Configuring grid: humidity
2014-10-10 05:10:16,216 null [INFO] (/home/meteo/dev/redist/fwidbmgr/include/Grid.h:1695) Grid humidity configured.
2014-10-10 05:10:16,216 null [INFO] (/home/meteo/dev/redist/fwidbmgr/include/Grid.h:1595) Configuring grid: windspeed
2014-10-10 05:10:16,216 null [INFO] (/home/meteo/dev/redist/fwidbmgr/include/Grid.h:1695) Grid windspeed configured.
2014-10-10 05:10:16,216 null [INFO] (/home/meteo/dev/redist/fwidbmgr/include/Grid.h:1595) Configuring grid: rain
2014-10-10 05:10:16,216 null [INFO] (/home/meteo/dev/redist/fwidbmgr/include/Grid.h:1695) Grid rain configured.
2014-10-10 05:10:16,216 null [INFO] (/home/meteo/dev/redist/fwidbmgr/include/Grid.h:1595) Configuring grid: cum_rain
2014-10-10 05:10:16,216 null [INFO] (/home/meteo/dev/redist/fwidbmgr/include/Grid.h:1695) Grid cum_rain configured.
2014-10-10 05:12:38,923 null [INFO] (../src/fwidbmgr.cpp:5466) OK --> 20141009 indexes computed.
2014-10-10 05:12:38,931 null [INFO] (../src/fwidbmgr.cpp:5496) action computeidx took about 157 seconds.
2014-10-10 05:12:38,931 null [INFO] (../src/fwidbmgr.cpp:5499) Disconnected from database.
2014-10-10 05:12:39,655 null [INFO] (../src/fwidbmgr.cpp:5207) fwi db manager
2014-10-10 05:12:39,655 null [INFO] (../src/fwidbmgr.cpp:5209) Program home: /home/meteo/dev/redist/fwidbmgr
2014-10-10 05:12:39,655 null [INFO] (../src/fwidbmgr.cpp:5211) Auto convert: 1
2014-10-10 05:12:39,655 null [INFO] (../src/fwidbmgr.cpp:458) action: exportidx.
2014-10-10 05:12:39,655 null [INFO] (../src/fwidbmgr.cpp:482) date: 20141009.
2014-10-10 05:12:39,655 null [INFO] (../src/fwidbmgr.cpp:319) Try to read: /home/meteo/dev/redist/fwidbmgr/config/fwidbmgr.conf.
2014-10-10 05:12:39,675 null [INFO] (../src/fwidbmgr.cpp:5240) Configuration parsing: OK.
2014-10-10 05:12:39,741 null [INFO] (../src/fwidbmgr.cpp:5322) Connected to database
2014-10-10 05:12:39,741 null [INFO] (../src/fwidbmgr.cpp:5323) Manage data for date: 20141009.
2014-10-10 05:12:39,741 null [INFO] (../src/fwidbmgr.cpp:5415) Exporting indexes.
2014-10-10 05:12:39,743 null [INFO] (/home/meteo/dev/redist/fwidbmgr/include/Grid.h:1595) Configuring grid: isi
2014-10-10 05:12:39,743 null [INFO] (/home/meteo/dev/redist/fwidbmgr/include/Grid.h:1695) Grid isi configured.
2014-10-10 05:12:39,744 null [INFO] (/home/meteo/dev/redist/fwidbmgr/include/Grid.h:1595) Configuring grid: fwi
2014-10-10 05:12:39,744 null [INFO] (/home/meteo/dev/redist/fwidbmgr/include/Grid.h:1695) Grid fwi configured.
2014-10-10 05:12:39,745 null [INFO] (/home/meteo/dev/redist/fwidbmgr/include/Grid.h:1595) Configuring grid: ffmc
2014-10-10 05:12:39,745 null [INFO] (/home/meteo/dev/redist/fwidbmgr/include/Grid.h:1695) Grid ffmc configured.
2014-10-10 05:12:39,747 null [INFO] (/home/meteo/dev/redist/fwidbmgr/include/Grid.h:1595) Configuring grid: dmc
2014-10-10 05:12:39,747 null [INFO] (/home/meteo/dev/redist/fwidbmgr/include/Grid.h:1695) Grid dmc configured.
2014-10-10 05:12:39,755 null [INFO] (/home/meteo/dev/redist/fwidbmgr/include/Grid.h:1595) Configuring grid: dc
2014-10-10 05:12:39,755 null [INFO] (/home/meteo/dev/redist/fwidbmgr/include/Grid.h:1695) Grid dc configured.
2014-10-10 05:12:39,756 null [INFO] (/home/meteo/dev/redist/fwidbmgr/include/Grid.h:1595) Configuring grid: bui
2014-10-10 05:12:39,756 null [INFO] (/home/meteo/dev/redist/fwidbmgr/include/Grid.h:1695) Grid bui configured.
2014-10-10 05:12:39,758 null [INFO] (/home/meteo/dev/redist/fwidbmgr/include/Grid.h:1595) Configuring grid: ffmc_tmp
2014-10-10 05:12:39,758 null [INFO] (/home/meteo/dev/redist/fwidbmgr/include/Grid.h:1695) Grid ffmc_tmp configured.
2014-10-10 05:12:39,759 null [INFO] (/home/meteo/dev/redist/fwidbmgr/include/Grid.h:1595) Configuring grid: dmc_tmp
2014-10-10 05:12:39,759 null [INFO] (/home/meteo/dev/redist/fwidbmgr/include/Grid.h:1695) Grid dmc_tmp configured.
2014-10-10 05:12:39,761 null [INFO] (/home/meteo/dev/redist/fwidbmgr/include/Grid.h:1595) Configuring grid: dc_tmp
2014-10-10 05:12:39,761 null [INFO] (/home/meteo/dev/redist/fwidbmgr/include/Grid.h:1695) Grid dc_tmp configured.
2014-10-10 05:12:39,762 null [INFO] (/home/meteo/dev/redist/fwidbmgr/include/Grid.h:1595) Configuring grid: idi
2014-10-10 05:12:39,762 null [INFO] (/home/meteo/dev/redist/fwidbmgr/include/Grid.h:1695) Grid idi configured.
2014-10-10 05:12:39,763 null [INFO] (/home/meteo/dev/redist/fwidbmgr/include/Grid.h:1595) Configuring grid: angstrom
2014-10-10 05:12:39,764 null [INFO] (/home/meteo/dev/redist/fwidbmgr/include/Grid.h:1695) Grid angstrom configured.
2014-10-10 05:12:39,765 null [INFO] (/home/meteo/dev/redist/fwidbmgr/include/Grid.h:1595) Configuring grid: fmi
2014-10-10 05:12:39,765 null [INFO] (/home/meteo/dev/redist/fwidbmgr/include/Grid.h:1695) Grid fmi configured.
2014-10-10 05:12:39,766 null [INFO] (/home/meteo/dev/redist/fwidbmgr/include/Grid.h:1595) Configuring grid: sharples
2014-10-10 05:12:39,766 null [INFO] (/home/meteo/dev/redist/fwidbmgr/include/Grid.h:1695) Grid sharples configured.
2014-10-10 05:12:53,491 null [INFO] (/home/meteo/dev/redist/fwidbmgr/include/Grid.h:1595) Configuring grid: isi
2014-10-10 05:12:53,492 null [INFO] (/home/meteo/dev/redist/fwidbmgr/include/Grid.h:1695) Grid isi configured.
2014-10-10 05:12:53,559 null [INFO] (/home/meteo/dev/redist/fwidbmgr/include/Grid.h:1595) Configuring grid: fwi
2014-10-10 05:12:53,559 null [INFO] (/home/meteo/dev/redist/fwidbmgr/include/Grid.h:1695) Grid fwi configured.
2014-10-10 05:12:53,596 null [INFO] (/home/meteo/dev/redist/fwidbmgr/include/Grid.h:1595) Configuring grid: ffmc
2014-10-10 05:12:53,596 null [INFO] (/home/meteo/dev/redist/fwidbmgr/include/Grid.h:1695) Grid ffmc configured.
2014-10-10 05:12:53,635 null [INFO] (/home/meteo/dev/redist/fwidbmgr/include/Grid.h:1595) Configuring grid: dmc
2014-10-10 05:12:53,635 null [INFO] (/home/meteo/dev/redist/fwidbmgr/include/Grid.h:1695) Grid dmc configured.
2014-10-10 05:12:53,673 null [INFO] (/home/meteo/dev/redist/fwidbmgr/include/Grid.h:1595) Configuring grid: dc
2014-10-10 05:12:53,673 null [INFO] (/home/meteo/dev/redist/fwidbmgr/include/Grid.h:1695) Grid dc configured.
2014-10-10 05:12:53,712 null [INFO] (/home/meteo/dev/redist/fwidbmgr/include/Grid.h:1595) Configuring grid: bui
2014-10-10 05:12:53,712 null [INFO] (/home/meteo/dev/redist/fwidbmgr/include/Grid.h:1695) Grid bui configured.
2014-10-10 05:12:53,755 null [INFO] (/home/meteo/dev/redist/fwidbmgr/include/Grid.h:1595) Configuring grid: ffmc_tmp
2014-10-10 05:12:53,755 null [INFO] (/home/meteo/dev/redist/fwidbmgr/include/Grid.h:1695) Grid ffmc_tmp configured.
2014-10-10 05:12:53,799 null [INFO] (/home/meteo/dev/redist/fwidbmgr/include/Grid.h:1595) Configuring grid: dmc_tmp
2014-10-10 05:12:53,799 null [INFO] (/home/meteo/dev/redist/fwidbmgr/include/Grid.h:1695) Grid dmc_tmp configured.
2014-10-10 05:12:53,834 null [INFO] (/home/meteo/dev/redist/fwidbmgr/include/Grid.h:1595) Configuring grid: dc_tmp
2014-10-10 05:12:53,834 null [INFO] (/home/meteo/dev/redist/fwidbmgr/include/Grid.h:1695) Grid dc_tmp configured.
2014-10-10 05:12:53,871 null [INFO] (/home/meteo/dev/redist/fwidbmgr/include/Grid.h:1595) Configuring grid: angstrom
2014-10-10 05:12:53,871 null [INFO] (/home/meteo/dev/redist/fwidbmgr/include/Grid.h:1695) Grid angstrom configured.
2014-10-10 05:12:53,960 null [INFO] (/home/meteo/dev/redist/fwidbmgr/include/Grid.h:1595) Configuring grid: sharples
2014-10-10 05:12:53,960 null [INFO] (/home/meteo/dev/redist/fwidbmgr/include/Grid.h:1695) Grid sharples configured.
2014-10-10 05:12:54,021 null [INFO] (/home/meteo/dev/redist/fwidbmgr/include/Grid.h:1595) Configuring grid: fmi
2014-10-10 05:12:54,021 null [INFO] (/home/meteo/dev/redist/fwidbmgr/include/Grid.h:1695) Grid fmi configured.
2014-10-10 05:12:54,062 null [INFO] (../src/fwidbmgr.cpp:5418) OK --> 20141009 indexes exported to files.
2014-10-10 05:12:54,062 null [INFO] (../src/fwidbmgr.cpp:5496) action exportidx took about 15 seconds.
2014-10-10 05:12:54,062 null [INFO] (../src/fwidbmgr.cpp:5499) Disconnected from database.
