2020-01-02 05:05:03,461 null [INFO] (../src/fwidbmgr.cpp:5361) fwi db manager
2020-01-02 05:05:03,461 null [INFO] (../src/fwidbmgr.cpp:5365) Program home: /home/meteo/dev/redist/fwidbmgr
2020-01-02 05:05:03,461 null [INFO] (../src/fwidbmgr.cpp:5369) Auto convert: 1
2020-01-02 05:05:03,461 null [INFO] (../src/fwidbmgr.cpp:446) action: in.
2020-01-02 05:05:03,461 null [INFO] (../src/fwidbmgr.cpp:470) date: 20200101.
2020-01-02 05:05:03,461 null [INFO] (../src/fwidbmgr.cpp:322) Try to read: /home/meteo/dev/redist/fwidbmgr/config/fwidbmgr.conf.
2020-01-02 05:05:03,464 null [INFO] (../src/fwidbmgr.cpp:5393) Configuration parsing: OK.
2020-01-02 05:05:03,469 null [INFO] (../src/fwidbmgr.cpp:5478) Connected to database
2020-01-02 05:05:03,469 null [INFO] (../src/fwidbmgr.cpp:5480) Manage data for date: 20200101.
2020-01-02 05:05:03,469 null [INFO] (../src/fwidbmgr.cpp:5536) Importing meteo data in database for day: 20200101.
2020-01-02 05:05:03,473 null [INFO] (/home/meteo/dev/redist/fwidbmgr/include/Grid.h:1595) Configuring grid: snow
2020-01-02 05:05:03,474 null [INFO] (/home/meteo/dev/redist/fwidbmgr/include/Grid.h:1695) Grid snow configured.
2020-01-02 05:05:03,484 null [INFO] (/home/meteo/dev/redist/fwidbmgr/include/Grid.h:1595) Configuring grid: snow_covering
2020-01-02 05:05:03,484 null [INFO] (/home/meteo/dev/redist/fwidbmgr/include/Grid.h:1695) Grid snow_covering configured.
2020-01-02 05:05:03,491 null [INFO] (/home/meteo/dev/redist/fwidbmgr/include/Grid.h:1595) Configuring grid: snow_dissolution
2020-01-02 05:05:03,491 null [INFO] (/home/meteo/dev/redist/fwidbmgr/include/Grid.h:1695) Grid snow_dissolution configured.
2020-01-02 05:05:03,506 null [INFO] (/home/meteo/dev/redist/fwidbmgr/include/Grid.h:1595) Configuring grid: temperature
2020-01-02 05:05:03,506 null [INFO] (/home/meteo/dev/redist/fwidbmgr/include/Grid.h:1695) Grid temperature configured.
2020-01-02 05:05:03,507 null [INFO] (/home/meteo/dev/redist/fwidbmgr/include/Grid.h:1595) Configuring grid: humidity
2020-01-02 05:05:03,507 null [INFO] (/home/meteo/dev/redist/fwidbmgr/include/Grid.h:1695) Grid humidity configured.
2020-01-02 05:05:03,510 null [INFO] (/home/meteo/dev/redist/fwidbmgr/include/Grid.h:1595) Configuring grid: windspeed
2020-01-02 05:05:03,510 null [INFO] (/home/meteo/dev/redist/fwidbmgr/include/Grid.h:1695) Grid windspeed configured.
2020-01-02 05:05:03,516 null [INFO] (/home/meteo/dev/redist/fwidbmgr/include/Grid.h:1595) Configuring grid: rain
2020-01-02 05:05:03,516 null [INFO] (/home/meteo/dev/redist/fwidbmgr/include/Grid.h:1695) Grid rain configured.
2020-01-02 05:05:03,518 null [INFO] (/home/meteo/dev/redist/fwidbmgr/include/Grid.h:1595) Configuring grid: cum_rain
2020-01-02 05:05:03,518 null [INFO] (/home/meteo/dev/redist/fwidbmgr/include/Grid.h:1695) Grid cum_rain configured.
2020-01-02 05:05:03,594 null [INFO] (../src/fwidbmgr.cpp:1518) Storing meteo input ...
2020-01-02 05:05:08,262 null [INFO] (../src/fwidbmgr.cpp:5540) OK --> 20200101 data imported.
2020-01-02 05:05:08,273 null [INFO] (../src/fwidbmgr.cpp:5695) action in took about 5 seconds.
2020-01-02 05:05:08,276 null [INFO] (../src/fwidbmgr.cpp:5699) Disconnected from database.
2020-01-02 05:05:46,504 null [INFO] (../src/fwidbmgr.cpp:5361) fwi db manager
2020-01-02 05:05:46,532 null [INFO] (../src/fwidbmgr.cpp:5365) Program home: /home/meteo/dev/redist/fwidbmgr
2020-01-02 05:05:46,532 null [INFO] (../src/fwidbmgr.cpp:5369) Auto convert: 1
2020-01-02 05:05:46,532 null [INFO] (../src/fwidbmgr.cpp:446) action: out.
2020-01-02 05:05:46,532 null [INFO] (../src/fwidbmgr.cpp:470) date: 20200101.
2020-01-02 05:05:46,532 null [INFO] (../src/fwidbmgr.cpp:322) Try to read: /home/meteo/dev/redist/fwidbmgr/config/fwidbmgr.conf.
2020-01-02 05:05:46,536 null [INFO] (../src/fwidbmgr.cpp:5393) Configuration parsing: OK.
2020-01-02 05:05:46,563 null [INFO] (../src/fwidbmgr.cpp:5478) Connected to database
2020-01-02 05:05:46,563 null [INFO] (../src/fwidbmgr.cpp:5480) Manage data for date: 20200101.
2020-01-02 05:05:46,563 null [INFO] (../src/fwidbmgr.cpp:5551) Importing fwi indexes data in database for day: 20200101.
2020-01-02 05:05:46,567 null [INFO] (/home/meteo/dev/redist/fwidbmgr/include/Grid.h:1595) Configuring grid: isi
2020-01-02 05:05:46,567 null [INFO] (/home/meteo/dev/redist/fwidbmgr/include/Grid.h:1695) Grid isi configured.
2020-01-02 05:05:46,567 null [FATAL] (../src/fwidbmgr.cpp:1800) Error: unable to read txt file./home/meteo/programmi/fwi_grid/indici/ana/isi_20200101.txt.
2020-01-02 05:05:46,568 null [FATAL] (../src/fwidbmgr.cpp:5560) ERROR --> 20200101 data not imported.
2020-01-02 05:05:46,568 null [INFO] (../src/fwidbmgr.cpp:5695) action out took about 0 seconds.
2020-01-02 05:05:46,568 null [INFO] (../src/fwidbmgr.cpp:5699) Disconnected from database.
2020-01-02 05:05:46,584 null [INFO] (../src/fwidbmgr.cpp:5361) fwi db manager
2020-01-02 05:05:46,584 null [INFO] (../src/fwidbmgr.cpp:5365) Program home: /home/meteo/dev/redist/fwidbmgr
2020-01-02 05:05:46,584 null [INFO] (../src/fwidbmgr.cpp:5369) Auto convert: 1
2020-01-02 05:05:46,584 null [INFO] (../src/fwidbmgr.cpp:446) action: computeidx.
2020-01-02 05:05:46,584 null [INFO] (../src/fwidbmgr.cpp:470) date: 20200101.
2020-01-02 05:05:46,584 null [INFO] (../src/fwidbmgr.cpp:322) Try to read: /home/meteo/dev/redist/fwidbmgr/config/fwidbmgr.conf.
2020-01-02 05:05:46,585 null [INFO] (../src/fwidbmgr.cpp:5393) Configuration parsing: OK.
2020-01-02 05:05:46,590 null [INFO] (../src/fwidbmgr.cpp:5478) Connected to database
2020-01-02 05:05:46,590 null [INFO] (../src/fwidbmgr.cpp:5480) Manage data for date: 20200101.
2020-01-02 05:05:46,590 null [INFO] (../src/fwidbmgr.cpp:5656) Computing indexes.
2020-01-02 05:05:46,592 null [INFO] (/home/meteo/dev/redist/fwidbmgr/include/Grid.h:1595) Configuring grid: isi
2020-01-02 05:05:46,592 null [INFO] (/home/meteo/dev/redist/fwidbmgr/include/Grid.h:1695) Grid isi configured.
2020-01-02 05:05:46,595 null [INFO] (/home/meteo/dev/redist/fwidbmgr/include/Grid.h:1595) Configuring grid: fwi
2020-01-02 05:05:46,595 null [INFO] (/home/meteo/dev/redist/fwidbmgr/include/Grid.h:1695) Grid fwi configured.
2020-01-02 05:05:46,598 null [INFO] (/home/meteo/dev/redist/fwidbmgr/include/Grid.h:1595) Configuring grid: ffmc
2020-01-02 05:05:46,598 null [INFO] (/home/meteo/dev/redist/fwidbmgr/include/Grid.h:1695) Grid ffmc configured.
2020-01-02 05:05:46,600 null [INFO] (/home/meteo/dev/redist/fwidbmgr/include/Grid.h:1595) Configuring grid: dmc
2020-01-02 05:05:46,600 null [INFO] (/home/meteo/dev/redist/fwidbmgr/include/Grid.h:1695) Grid dmc configured.
2020-01-02 05:05:46,601 null [INFO] (/home/meteo/dev/redist/fwidbmgr/include/Grid.h:1595) Configuring grid: dc
2020-01-02 05:05:46,601 null [INFO] (/home/meteo/dev/redist/fwidbmgr/include/Grid.h:1695) Grid dc configured.
2020-01-02 05:05:46,602 null [INFO] (/home/meteo/dev/redist/fwidbmgr/include/Grid.h:1595) Configuring grid: bui
2020-01-02 05:05:46,602 null [INFO] (/home/meteo/dev/redist/fwidbmgr/include/Grid.h:1695) Grid bui configured.
2020-01-02 05:05:46,603 null [INFO] (/home/meteo/dev/redist/fwidbmgr/include/Grid.h:1595) Configuring grid: ffmc_tmp
2020-01-02 05:05:46,603 null [INFO] (/home/meteo/dev/redist/fwidbmgr/include/Grid.h:1695) Grid ffmc_tmp configured.
2020-01-02 05:05:46,604 null [INFO] (/home/meteo/dev/redist/fwidbmgr/include/Grid.h:1595) Configuring grid: dmc_tmp
2020-01-02 05:05:46,604 null [INFO] (/home/meteo/dev/redist/fwidbmgr/include/Grid.h:1695) Grid dmc_tmp configured.
2020-01-02 05:05:46,605 null [INFO] (/home/meteo/dev/redist/fwidbmgr/include/Grid.h:1595) Configuring grid: dc_tmp
2020-01-02 05:05:46,605 null [INFO] (/home/meteo/dev/redist/fwidbmgr/include/Grid.h:1695) Grid dc_tmp configured.
2020-01-02 05:05:46,606 null [INFO] (/home/meteo/dev/redist/fwidbmgr/include/Grid.h:1595) Configuring grid: idi
2020-01-02 05:05:46,606 null [INFO] (/home/meteo/dev/redist/fwidbmgr/include/Grid.h:1695) Grid idi configured.
2020-01-02 05:05:46,607 null [INFO] (/home/meteo/dev/redist/fwidbmgr/include/Grid.h:1595) Configuring grid: angstrom
2020-01-02 05:05:46,607 null [INFO] (/home/meteo/dev/redist/fwidbmgr/include/Grid.h:1695) Grid angstrom configured.
2020-01-02 05:05:46,608 null [INFO] (/home/meteo/dev/redist/fwidbmgr/include/Grid.h:1595) Configuring grid: fmi
2020-01-02 05:05:46,608 null [INFO] (/home/meteo/dev/redist/fwidbmgr/include/Grid.h:1695) Grid fmi configured.
2020-01-02 05:05:46,609 null [INFO] (/home/meteo/dev/redist/fwidbmgr/include/Grid.h:1595) Configuring grid: sharples
2020-01-02 05:05:46,609 null [INFO] (/home/meteo/dev/redist/fwidbmgr/include/Grid.h:1695) Grid sharples configured.
2020-01-02 05:05:46,687 null [INFO] (../src/fwidbmgr.cpp:5361) fwi db manager
2020-01-02 05:05:46,687 null [INFO] (../src/fwidbmgr.cpp:5365) Program home: /home/meteo/dev/redist/fwidbmgr
2020-01-02 05:05:46,687 null [INFO] (../src/fwidbmgr.cpp:5369) Auto convert: 1
2020-01-02 05:05:46,687 null [INFO] (../src/fwidbmgr.cpp:446) action: exportidx.
2020-01-02 05:05:46,687 null [INFO] (../src/fwidbmgr.cpp:470) date: 20200101.
2020-01-02 05:05:46,687 null [INFO] (../src/fwidbmgr.cpp:322) Try to read: /home/meteo/dev/redist/fwidbmgr/config/fwidbmgr.conf.
2020-01-02 05:05:46,689 null [INFO] (../src/fwidbmgr.cpp:5393) Configuration parsing: OK.
2020-01-02 05:05:46,691 null [INFO] (../src/fwidbmgr.cpp:5478) Connected to database
2020-01-02 05:05:46,692 null [INFO] (../src/fwidbmgr.cpp:5480) Manage data for date: 20200101.
2020-01-02 05:05:46,692 null [INFO] (../src/fwidbmgr.cpp:5596) Exporting indexes.
2020-01-02 05:05:46,694 null [INFO] (/home/meteo/dev/redist/fwidbmgr/include/Grid.h:1595) Configuring grid: isi
2020-01-02 05:05:46,694 null [INFO] (/home/meteo/dev/redist/fwidbmgr/include/Grid.h:1695) Grid isi configured.
2020-01-02 05:05:46,696 null [INFO] (/home/meteo/dev/redist/fwidbmgr/include/Grid.h:1595) Configuring grid: fwi
2020-01-02 05:05:46,696 null [INFO] (/home/meteo/dev/redist/fwidbmgr/include/Grid.h:1695) Grid fwi configured.
2020-01-02 05:05:46,697 null [INFO] (/home/meteo/dev/redist/fwidbmgr/include/Grid.h:1595) Configuring grid: ffmc
2020-01-02 05:05:46,698 null [INFO] (/home/meteo/dev/redist/fwidbmgr/include/Grid.h:1695) Grid ffmc configured.
2020-01-02 05:05:46,699 null [INFO] (/home/meteo/dev/redist/fwidbmgr/include/Grid.h:1595) Configuring grid: dmc
2020-01-02 05:05:46,699 null [INFO] (/home/meteo/dev/redist/fwidbmgr/include/Grid.h:1695) Grid dmc configured.
2020-01-02 05:05:46,701 null [INFO] (/home/meteo/dev/redist/fwidbmgr/include/Grid.h:1595) Configuring grid: dc
2020-01-02 05:05:46,701 null [INFO] (/home/meteo/dev/redist/fwidbmgr/include/Grid.h:1695) Grid dc configured.
2020-01-02 05:05:46,702 null [INFO] (/home/meteo/dev/redist/fwidbmgr/include/Grid.h:1595) Configuring grid: bui
2020-01-02 05:05:46,702 null [INFO] (/home/meteo/dev/redist/fwidbmgr/include/Grid.h:1695) Grid bui configured.
2020-01-02 05:05:46,703 null [INFO] (/home/meteo/dev/redist/fwidbmgr/include/Grid.h:1595) Configuring grid: ffmc_tmp
2020-01-02 05:05:46,703 null [INFO] (/home/meteo/dev/redist/fwidbmgr/include/Grid.h:1695) Grid ffmc_tmp configured.
2020-01-02 05:05:46,704 null [INFO] (/home/meteo/dev/redist/fwidbmgr/include/Grid.h:1595) Configuring grid: dmc_tmp
2020-01-02 05:05:46,704 null [INFO] (/home/meteo/dev/redist/fwidbmgr/include/Grid.h:1695) Grid dmc_tmp configured.
2020-01-02 05:05:46,705 null [INFO] (/home/meteo/dev/redist/fwidbmgr/include/Grid.h:1595) Configuring grid: dc_tmp
2020-01-02 05:05:46,705 null [INFO] (/home/meteo/dev/redist/fwidbmgr/include/Grid.h:1695) Grid dc_tmp configured.
2020-01-02 05:05:46,706 null [INFO] (/home/meteo/dev/redist/fwidbmgr/include/Grid.h:1595) Configuring grid: idi
2020-01-02 05:05:46,706 null [INFO] (/home/meteo/dev/redist/fwidbmgr/include/Grid.h:1695) Grid idi configured.
2020-01-02 05:05:46,707 null [INFO] (/home/meteo/dev/redist/fwidbmgr/include/Grid.h:1595) Configuring grid: angstrom
2020-01-02 05:05:46,707 null [INFO] (/home/meteo/dev/redist/fwidbmgr/include/Grid.h:1695) Grid angstrom configured.
2020-01-02 05:05:46,708 null [INFO] (/home/meteo/dev/redist/fwidbmgr/include/Grid.h:1595) Configuring grid: fmi
2020-01-02 05:05:46,708 null [INFO] (/home/meteo/dev/redist/fwidbmgr/include/Grid.h:1695) Grid fmi configured.
2020-01-02 05:05:46,709 null [INFO] (/home/meteo/dev/redist/fwidbmgr/include/Grid.h:1595) Configuring grid: sharples
2020-01-02 05:05:46,709 null [INFO] (/home/meteo/dev/redist/fwidbmgr/include/Grid.h:1695) Grid sharples configured.
2020-01-02 05:05:57,476 null [INFO] (../src/fwidbmgr.cpp:5361) fwi db manager
2020-01-02 05:05:57,476 null [INFO] (../src/fwidbmgr.cpp:5365) Program home: /home/meteo/dev/redist/fwidbmgr
2020-01-02 05:05:57,476 null [INFO] (../src/fwidbmgr.cpp:5369) Auto convert: 1
2020-01-02 05:05:57,476 null [INFO] (../src/fwidbmgr.cpp:446) action: outimg.
2020-01-02 05:05:57,476 null [INFO] (../src/fwidbmgr.cpp:470) date: 20200101.
2020-01-02 05:05:57,476 null [INFO] (../src/fwidbmgr.cpp:322) Try to read: /home/meteo/dev/redist/fwidbmgr/config/fwidbmgr.conf.
2020-01-02 05:05:57,477 null [INFO] (../src/fwidbmgr.cpp:5393) Configuration parsing: OK.
2020-01-02 05:05:57,480 null [INFO] (../src/fwidbmgr.cpp:5478) Connected to database
2020-01-02 05:05:57,480 null [INFO] (../src/fwidbmgr.cpp:5480) Manage data for date: 20200101.
2020-01-02 05:05:57,481 null [INFO] (../src/fwidbmgr.cpp:5566) Importing fwi indexes images in database.
2020-01-02 05:05:57,524 null [INFO] (../src/fwidbmgr.cpp:5570) OK --> 20200101 images imported.
2020-01-02 05:05:57,524 null [INFO] (../src/fwidbmgr.cpp:5695) action outimg took about 0 seconds.
2020-01-02 05:05:57,524 null [INFO] (../src/fwidbmgr.cpp:5699) Disconnected from database.
2020-01-02 05:37:01,130 null [INFO] (../src/fwidbmgr.cpp:5361) fwi db manager
2020-01-02 05:37:01,130 null [INFO] (../src/fwidbmgr.cpp:5365) Program home: /home/meteo/dev/redist/fwidbmgr
2020-01-02 05:37:01,130 null [INFO] (../src/fwidbmgr.cpp:5369) Auto convert: 1
2020-01-02 05:37:01,131 null [INFO] (../src/fwidbmgr.cpp:446) action: outimg.
2020-01-02 05:37:01,131 null [INFO] (../src/fwidbmgr.cpp:470) date: 20200101.
2020-01-02 05:37:01,131 null [INFO] (../src/fwidbmgr.cpp:322) Try to read: /home/meteo/dev/redist/fwidbmgr/config/fwidbmgr.conf.
2020-01-02 05:37:01,132 null [INFO] (../src/fwidbmgr.cpp:5393) Configuration parsing: OK.
2020-01-02 05:37:01,136 null [INFO] (../src/fwidbmgr.cpp:5478) Connected to database
2020-01-02 05:37:01,136 null [INFO] (../src/fwidbmgr.cpp:5480) Manage data for date: 20200101.
2020-01-02 05:37:01,137 null [INFO] (../src/fwidbmgr.cpp:5566) Importing fwi indexes images in database.
2020-01-02 05:37:01,181 null [INFO] (../src/fwidbmgr.cpp:5570) OK --> 20200101 images imported.
2020-01-02 05:37:01,181 null [INFO] (../src/fwidbmgr.cpp:5695) action outimg took about 0 seconds.
2020-01-02 05:37:01,182 null [INFO] (../src/fwidbmgr.cpp:5699) Disconnected from database.
2020-01-02 06:05:01,303 null [INFO] (../src/fwidbmgr.cpp:5361) fwi db manager
2020-01-02 06:05:01,303 null [INFO] (../src/fwidbmgr.cpp:5365) Program home: /home/meteo/dev/redist/fwidbmgr
2020-01-02 06:05:01,303 null [INFO] (../src/fwidbmgr.cpp:5369) Auto convert: 1
2020-01-02 06:05:01,303 null [INFO] (../src/fwidbmgr.cpp:446) action: outimg.
2020-01-02 06:05:01,303 null [INFO] (../src/fwidbmgr.cpp:470) date: 20200101.
2020-01-02 06:05:01,303 null [INFO] (../src/fwidbmgr.cpp:322) Try to read: /home/meteo/dev/redist/fwidbmgr/config/fwidbmgr.conf.
2020-01-02 06:05:01,304 null [INFO] (../src/fwidbmgr.cpp:5393) Configuration parsing: OK.
2020-01-02 06:05:01,309 null [INFO] (../src/fwidbmgr.cpp:5478) Connected to database
2020-01-02 06:05:01,309 null [INFO] (../src/fwidbmgr.cpp:5480) Manage data for date: 20200101.
2020-01-02 06:05:01,310 null [INFO] (../src/fwidbmgr.cpp:5566) Importing fwi indexes images in database.
2020-01-02 06:05:01,355 null [INFO] (../src/fwidbmgr.cpp:5570) OK --> 20200101 images imported.
2020-01-02 06:05:01,355 null [INFO] (../src/fwidbmgr.cpp:5695) action outimg took about 0 seconds.
2020-01-02 06:05:01,355 null [INFO] (../src/fwidbmgr.cpp:5699) Disconnected from database.
2020-01-02 06:37:01,494 null [INFO] (../src/fwidbmgr.cpp:5361) fwi db manager
2020-01-02 06:37:01,494 null [INFO] (../src/fwidbmgr.cpp:5365) Program home: /home/meteo/dev/redist/fwidbmgr
2020-01-02 06:37:01,494 null [INFO] (../src/fwidbmgr.cpp:5369) Auto convert: 1
2020-01-02 06:37:01,494 null [INFO] (../src/fwidbmgr.cpp:446) action: outimg.
2020-01-02 06:37:01,494 null [INFO] (../src/fwidbmgr.cpp:470) date: 20200101.
2020-01-02 06:37:01,494 null [INFO] (../src/fwidbmgr.cpp:322) Try to read: /home/meteo/dev/redist/fwidbmgr/config/fwidbmgr.conf.
2020-01-02 06:37:01,495 null [INFO] (../src/fwidbmgr.cpp:5393) Configuration parsing: OK.
2020-01-02 06:37:01,500 null [INFO] (../src/fwidbmgr.cpp:5478) Connected to database
2020-01-02 06:37:01,501 null [INFO] (../src/fwidbmgr.cpp:5480) Manage data for date: 20200101.
2020-01-02 06:37:01,501 null [INFO] (../src/fwidbmgr.cpp:5566) Importing fwi indexes images in database.
2020-01-02 06:37:01,560 null [INFO] (../src/fwidbmgr.cpp:5570) OK --> 20200101 images imported.
2020-01-02 06:37:01,560 null [INFO] (../src/fwidbmgr.cpp:5695) action outimg took about 0 seconds.
2020-01-02 06:37:01,560 null [INFO] (../src/fwidbmgr.cpp:5699) Disconnected from database.
2020-01-02 07:05:01,187 null [INFO] (../src/fwidbmgr.cpp:5361) fwi db manager
2020-01-02 07:05:01,187 null [INFO] (../src/fwidbmgr.cpp:5365) Program home: /home/meteo/dev/redist/fwidbmgr
2020-01-02 07:05:01,187 null [INFO] (../src/fwidbmgr.cpp:5369) Auto convert: 1
2020-01-02 07:05:01,187 null [INFO] (../src/fwidbmgr.cpp:446) action: outimg.
2020-01-02 07:05:01,187 null [INFO] (../src/fwidbmgr.cpp:470) date: 20200101.
2020-01-02 07:05:01,187 null [INFO] (../src/fwidbmgr.cpp:322) Try to read: /home/meteo/dev/redist/fwidbmgr/config/fwidbmgr.conf.
2020-01-02 07:05:01,189 null [INFO] (../src/fwidbmgr.cpp:5393) Configuration parsing: OK.
2020-01-02 07:05:01,193 null [INFO] (../src/fwidbmgr.cpp:5478) Connected to database
2020-01-02 07:05:01,193 null [INFO] (../src/fwidbmgr.cpp:5480) Manage data for date: 20200101.
2020-01-02 07:05:01,193 null [INFO] (../src/fwidbmgr.cpp:5566) Importing fwi indexes images in database.
2020-01-02 07:05:01,233 null [INFO] (../src/fwidbmgr.cpp:5570) OK --> 20200101 images imported.
2020-01-02 07:05:01,233 null [INFO] (../src/fwidbmgr.cpp:5695) action outimg took about 0 seconds.
2020-01-02 07:05:01,233 null [INFO] (../src/fwidbmgr.cpp:5699) Disconnected from database.
2020-01-02 07:37:01,352 null [INFO] (../src/fwidbmgr.cpp:5361) fwi db manager
2020-01-02 07:37:01,352 null [INFO] (../src/fwidbmgr.cpp:5365) Program home: /home/meteo/dev/redist/fwidbmgr
2020-01-02 07:37:01,352 null [INFO] (../src/fwidbmgr.cpp:5369) Auto convert: 1
2020-01-02 07:37:01,352 null [INFO] (../src/fwidbmgr.cpp:446) action: outimg.
2020-01-02 07:37:01,352 null [INFO] (../src/fwidbmgr.cpp:470) date: 20200101.
2020-01-02 07:37:01,352 null [INFO] (../src/fwidbmgr.cpp:322) Try to read: /home/meteo/dev/redist/fwidbmgr/config/fwidbmgr.conf.
2020-01-02 07:37:01,353 null [INFO] (../src/fwidbmgr.cpp:5393) Configuration parsing: OK.
2020-01-02 07:37:01,358 null [INFO] (../src/fwidbmgr.cpp:5478) Connected to database
2020-01-02 07:37:01,358 null [INFO] (../src/fwidbmgr.cpp:5480) Manage data for date: 20200101.
2020-01-02 07:37:01,359 null [INFO] (../src/fwidbmgr.cpp:5566) Importing fwi indexes images in database.
2020-01-02 07:37:01,399 null [INFO] (../src/fwidbmgr.cpp:5570) OK --> 20200101 images imported.
2020-01-02 07:37:01,399 null [INFO] (../src/fwidbmgr.cpp:5695) action outimg took about 0 seconds.
2020-01-02 07:37:01,399 null [INFO] (../src/fwidbmgr.cpp:5699) Disconnected from database.
2020-01-02 13:23:45,373 null [INFO] (../src/fwidbmgr.cpp:5361) fwi db manager
2020-01-02 13:23:45,373 null [INFO] (../src/fwidbmgr.cpp:5365) Program home: /home/meteo/dev/redist/fwidbmgr
2020-01-02 13:23:45,373 null [INFO] (../src/fwidbmgr.cpp:5369) Auto convert: 1
2020-01-02 13:23:45,373 null [INFO] (../src/fwidbmgr.cpp:446) action: outimg.
2020-01-02 13:23:45,373 null [INFO] (../src/fwidbmgr.cpp:470) date: 20200101.
2020-01-02 13:23:45,373 null [INFO] (../src/fwidbmgr.cpp:322) Try to read: /home/meteo/dev/redist/fwidbmgr/config/fwidbmgr.conf.
2020-01-02 13:23:45,374 null [INFO] (../src/fwidbmgr.cpp:5393) Configuration parsing: OK.
2020-01-02 13:23:45,378 null [INFO] (../src/fwidbmgr.cpp:5478) Connected to database
2020-01-02 13:23:45,378 null [INFO] (../src/fwidbmgr.cpp:5480) Manage data for date: 20200101.
2020-01-02 13:23:45,378 null [INFO] (../src/fwidbmgr.cpp:5566) Importing fwi indexes images in database.
2020-01-02 13:23:45,418 null [INFO] (../src/fwidbmgr.cpp:5570) OK --> 20200101 images imported.
2020-01-02 13:23:45,418 null [INFO] (../src/fwidbmgr.cpp:5695) action outimg took about 0 seconds.
2020-01-02 13:23:45,419 null [INFO] (../src/fwidbmgr.cpp:5699) Disconnected from database.
2020-01-02 13:23:52,211 null [INFO] (../src/fwidbmgr.cpp:5361) fwi db manager
2020-01-02 13:23:52,211 null [INFO] (../src/fwidbmgr.cpp:5365) Program home: /home/meteo/dev/redist/fwidbmgr
2020-01-02 13:23:52,211 null [INFO] (../src/fwidbmgr.cpp:5369) Auto convert: 1
2020-01-02 13:23:52,211 null [INFO] (../src/fwidbmgr.cpp:446) action: outimg.
2020-01-02 13:23:52,211 null [INFO] (../src/fwidbmgr.cpp:470) date: 20200101.
2020-01-02 13:23:52,211 null [INFO] (../src/fwidbmgr.cpp:322) Try to read: /home/meteo/dev/redist/fwidbmgr/config/fwidbmgr.conf.
2020-01-02 13:23:52,212 null [INFO] (../src/fwidbmgr.cpp:5393) Configuration parsing: OK.
2020-01-02 13:23:52,216 null [INFO] (../src/fwidbmgr.cpp:5478) Connected to database
2020-01-02 13:23:52,216 null [INFO] (../src/fwidbmgr.cpp:5480) Manage data for date: 20200101.
2020-01-02 13:23:52,216 null [INFO] (../src/fwidbmgr.cpp:5566) Importing fwi indexes images in database.
2020-01-02 13:23:52,257 null [INFO] (../src/fwidbmgr.cpp:5570) OK --> 20200101 images imported.
2020-01-02 13:23:52,257 null [INFO] (../src/fwidbmgr.cpp:5695) action outimg took about 0 seconds.
2020-01-02 13:23:52,258 null [INFO] (../src/fwidbmgr.cpp:5699) Disconnected from database.
2020-01-02 14:02:33,985 null [INFO] (../src/fwidbmgr.cpp:5361) fwi db manager
2020-01-02 14:02:33,985 null [INFO] (../src/fwidbmgr.cpp:5365) Program home: /home/meteo/dev/redist/fwidbmgr
2020-01-02 14:02:33,985 null [INFO] (../src/fwidbmgr.cpp:5369) Auto convert: 1
2020-01-02 14:02:33,985 null [INFO] (../src/fwidbmgr.cpp:446) action: outimg.
2020-01-02 14:02:33,985 null [INFO] (../src/fwidbmgr.cpp:470) date: 20200101.
2020-01-02 14:02:33,985 null [INFO] (../src/fwidbmgr.cpp:322) Try to read: /home/meteo/dev/redist/fwidbmgr/config/fwidbmgr.conf.
2020-01-02 14:02:33,986 null [INFO] (../src/fwidbmgr.cpp:5393) Configuration parsing: OK.
2020-01-02 14:02:33,992 null [INFO] (../src/fwidbmgr.cpp:5478) Connected to database
2020-01-02 14:02:33,992 null [INFO] (../src/fwidbmgr.cpp:5480) Manage data for date: 20200101.
2020-01-02 14:02:33,992 null [INFO] (../src/fwidbmgr.cpp:5566) Importing fwi indexes images in database.
2020-01-02 14:02:34,040 null [INFO] (../src/fwidbmgr.cpp:5570) OK --> 20200101 images imported.
2020-01-02 14:02:34,041 null [INFO] (../src/fwidbmgr.cpp:5695) action outimg took about 1 seconds.
2020-01-02 14:02:34,041 null [INFO] (../src/fwidbmgr.cpp:5699) Disconnected from database.
