2018-06-16 05:06:51,516 null [INFO] (../src/fwidbmgr.cpp:5361) fwi db manager
2018-06-16 05:06:51,516 null [INFO] (../src/fwidbmgr.cpp:5365) Program home: /home/meteo/dev/redist/fwidbmgr
2018-06-16 05:06:51,516 null [INFO] (../src/fwidbmgr.cpp:5369) Auto convert: 1
2018-06-16 05:06:51,516 null [INFO] (../src/fwidbmgr.cpp:446) action: in.
2018-06-16 05:06:51,516 null [INFO] (../src/fwidbmgr.cpp:470) date: 20180615.
2018-06-16 05:06:51,516 null [INFO] (../src/fwidbmgr.cpp:322) Try to read: /home/meteo/dev/redist/fwidbmgr/config/fwidbmgr.conf.
2018-06-16 05:06:51,529 null [INFO] (../src/fwidbmgr.cpp:5393) Configuration parsing: OK.
2018-06-16 05:06:51,540 null [INFO] (../src/fwidbmgr.cpp:5478) Connected to database
2018-06-16 05:06:51,541 null [INFO] (../src/fwidbmgr.cpp:5480) Manage data for date: 20180615.
2018-06-16 05:06:51,541 null [INFO] (../src/fwidbmgr.cpp:5536) Importing meteo data in database for day: 20180615.
2018-06-16 05:06:51,543 null [INFO] (/home/meteo/dev/redist/fwidbmgr/include/Grid.h:1595) Configuring grid: snow
2018-06-16 05:06:51,543 null [INFO] (/home/meteo/dev/redist/fwidbmgr/include/Grid.h:1695) Grid snow configured.
2018-06-16 05:06:51,554 null [INFO] (/home/meteo/dev/redist/fwidbmgr/include/Grid.h:1595) Configuring grid: snow_covering
2018-06-16 05:06:51,555 null [INFO] (/home/meteo/dev/redist/fwidbmgr/include/Grid.h:1695) Grid snow_covering configured.
2018-06-16 05:06:51,567 null [INFO] (/home/meteo/dev/redist/fwidbmgr/include/Grid.h:1595) Configuring grid: snow_dissolution
2018-06-16 05:06:51,568 null [INFO] (/home/meteo/dev/redist/fwidbmgr/include/Grid.h:1695) Grid snow_dissolution configured.
2018-06-16 05:06:51,591 null [INFO] (/home/meteo/dev/redist/fwidbmgr/include/Grid.h:1595) Configuring grid: temperature
2018-06-16 05:06:51,591 null [INFO] (/home/meteo/dev/redist/fwidbmgr/include/Grid.h:1695) Grid temperature configured.
2018-06-16 05:06:51,596 null [INFO] (/home/meteo/dev/redist/fwidbmgr/include/Grid.h:1595) Configuring grid: humidity
2018-06-16 05:06:51,596 null [INFO] (/home/meteo/dev/redist/fwidbmgr/include/Grid.h:1695) Grid humidity configured.
2018-06-16 05:06:51,606 null [INFO] (/home/meteo/dev/redist/fwidbmgr/include/Grid.h:1595) Configuring grid: windspeed
2018-06-16 05:06:51,606 null [INFO] (/home/meteo/dev/redist/fwidbmgr/include/Grid.h:1695) Grid windspeed configured.
2018-06-16 05:06:51,629 null [INFO] (/home/meteo/dev/redist/fwidbmgr/include/Grid.h:1595) Configuring grid: rain
2018-06-16 05:06:51,629 null [INFO] (/home/meteo/dev/redist/fwidbmgr/include/Grid.h:1695) Grid rain configured.
2018-06-16 05:06:51,632 null [INFO] (/home/meteo/dev/redist/fwidbmgr/include/Grid.h:1595) Configuring grid: cum_rain
2018-06-16 05:06:51,632 null [INFO] (/home/meteo/dev/redist/fwidbmgr/include/Grid.h:1695) Grid cum_rain configured.
2018-06-16 05:06:58,561 null [INFO] (../src/fwidbmgr.cpp:1518) Storing meteo input ...
2018-06-16 05:07:25,004 null [INFO] (../src/fwidbmgr.cpp:5540) OK --> 20180615 data imported.
2018-06-16 05:07:25,070 null [INFO] (../src/fwidbmgr.cpp:5695) action in took about 34 seconds.
2018-06-16 05:07:25,181 null [INFO] (../src/fwidbmgr.cpp:5699) Disconnected from database.
2018-06-16 05:08:38,746 null [INFO] (../src/fwidbmgr.cpp:5361) fwi db manager
2018-06-16 05:08:38,747 null [INFO] (../src/fwidbmgr.cpp:5365) Program home: /home/meteo/dev/redist/fwidbmgr
2018-06-16 05:08:38,747 null [INFO] (../src/fwidbmgr.cpp:5369) Auto convert: 1
2018-06-16 05:08:38,747 null [INFO] (../src/fwidbmgr.cpp:446) action: out.
2018-06-16 05:08:38,747 null [INFO] (../src/fwidbmgr.cpp:470) date: 20180615.
2018-06-16 05:08:38,747 null [INFO] (../src/fwidbmgr.cpp:322) Try to read: /home/meteo/dev/redist/fwidbmgr/config/fwidbmgr.conf.
2018-06-16 05:08:38,753 null [INFO] (../src/fwidbmgr.cpp:5393) Configuration parsing: OK.
2018-06-16 05:08:38,816 null [INFO] (../src/fwidbmgr.cpp:5478) Connected to database
2018-06-16 05:08:38,816 null [INFO] (../src/fwidbmgr.cpp:5480) Manage data for date: 20180615.
2018-06-16 05:08:38,816 null [INFO] (../src/fwidbmgr.cpp:5551) Importing fwi indexes data in database for day: 20180615.
2018-06-16 05:08:38,824 null [INFO] (/home/meteo/dev/redist/fwidbmgr/include/Grid.h:1595) Configuring grid: isi
2018-06-16 05:08:38,824 null [INFO] (/home/meteo/dev/redist/fwidbmgr/include/Grid.h:1695) Grid isi configured.
2018-06-16 05:08:38,838 null [INFO] (/home/meteo/dev/redist/fwidbmgr/include/Grid.h:1595) Configuring grid: fwi
2018-06-16 05:08:38,838 null [INFO] (/home/meteo/dev/redist/fwidbmgr/include/Grid.h:1695) Grid fwi configured.
2018-06-16 05:08:38,852 null [INFO] (/home/meteo/dev/redist/fwidbmgr/include/Grid.h:1595) Configuring grid: ffmc
2018-06-16 05:08:38,852 null [INFO] (/home/meteo/dev/redist/fwidbmgr/include/Grid.h:1695) Grid ffmc configured.
2018-06-16 05:08:38,866 null [INFO] (/home/meteo/dev/redist/fwidbmgr/include/Grid.h:1595) Configuring grid: dmc
2018-06-16 05:08:38,866 null [INFO] (/home/meteo/dev/redist/fwidbmgr/include/Grid.h:1695) Grid dmc configured.
2018-06-16 05:08:38,881 null [INFO] (/home/meteo/dev/redist/fwidbmgr/include/Grid.h:1595) Configuring grid: dc
2018-06-16 05:08:38,881 null [INFO] (/home/meteo/dev/redist/fwidbmgr/include/Grid.h:1695) Grid dc configured.
2018-06-16 05:08:38,895 null [INFO] (/home/meteo/dev/redist/fwidbmgr/include/Grid.h:1595) Configuring grid: bui
2018-06-16 05:08:38,895 null [INFO] (/home/meteo/dev/redist/fwidbmgr/include/Grid.h:1695) Grid bui configured.
2018-06-16 05:08:38,909 null [INFO] (/home/meteo/dev/redist/fwidbmgr/include/Grid.h:1595) Configuring grid: ffmc_tmp
2018-06-16 05:08:38,909 null [INFO] (/home/meteo/dev/redist/fwidbmgr/include/Grid.h:1695) Grid ffmc_tmp configured.
2018-06-16 05:08:38,943 null [INFO] (/home/meteo/dev/redist/fwidbmgr/include/Grid.h:1595) Configuring grid: dmc_tmp
2018-06-16 05:08:38,943 null [INFO] (/home/meteo/dev/redist/fwidbmgr/include/Grid.h:1695) Grid dmc_tmp configured.
2018-06-16 05:08:38,964 null [INFO] (/home/meteo/dev/redist/fwidbmgr/include/Grid.h:1595) Configuring grid: dc_tmp
2018-06-16 05:08:38,964 null [INFO] (/home/meteo/dev/redist/fwidbmgr/include/Grid.h:1695) Grid dc_tmp configured.
2018-06-16 05:08:38,986 null [INFO] (/home/meteo/dev/redist/fwidbmgr/include/Grid.h:1595) Configuring grid: idi
2018-06-16 05:08:38,986 null [INFO] (/home/meteo/dev/redist/fwidbmgr/include/Grid.h:1695) Grid idi configured.
2018-06-16 05:08:44,819 null [INFO] (../src/fwidbmgr.cpp:2081) Storing FWI indexes ...
2018-06-16 05:09:02,003 null [INFO] (../src/fwidbmgr.cpp:5555) OK --> 20180615 data imported.
2018-06-16 05:09:02,010 null [INFO] (../src/fwidbmgr.cpp:5695) action out took about 24 seconds.
2018-06-16 05:09:02,011 null [INFO] (../src/fwidbmgr.cpp:5699) Disconnected from database.
2018-06-16 05:09:02,381 null [INFO] (../src/fwidbmgr.cpp:5361) fwi db manager
2018-06-16 05:09:02,382 null [INFO] (../src/fwidbmgr.cpp:5365) Program home: /home/meteo/dev/redist/fwidbmgr
2018-06-16 05:09:02,382 null [INFO] (../src/fwidbmgr.cpp:5369) Auto convert: 1
2018-06-16 05:09:02,382 null [INFO] (../src/fwidbmgr.cpp:446) action: computeidx.
2018-06-16 05:09:02,382 null [INFO] (../src/fwidbmgr.cpp:470) date: 20180615.
2018-06-16 05:09:02,382 null [INFO] (../src/fwidbmgr.cpp:322) Try to read: /home/meteo/dev/redist/fwidbmgr/config/fwidbmgr.conf.
2018-06-16 05:09:02,389 null [INFO] (../src/fwidbmgr.cpp:5393) Configuration parsing: OK.
2018-06-16 05:09:02,408 null [INFO] (../src/fwidbmgr.cpp:5478) Connected to database
2018-06-16 05:09:02,408 null [INFO] (../src/fwidbmgr.cpp:5480) Manage data for date: 20180615.
2018-06-16 05:09:02,408 null [INFO] (../src/fwidbmgr.cpp:5656) Computing indexes.
2018-06-16 05:09:02,409 null [INFO] (/home/meteo/dev/redist/fwidbmgr/include/Grid.h:1595) Configuring grid: isi
2018-06-16 05:09:02,409 null [INFO] (/home/meteo/dev/redist/fwidbmgr/include/Grid.h:1695) Grid isi configured.
2018-06-16 05:09:02,411 null [INFO] (/home/meteo/dev/redist/fwidbmgr/include/Grid.h:1595) Configuring grid: fwi
2018-06-16 05:09:02,411 null [INFO] (/home/meteo/dev/redist/fwidbmgr/include/Grid.h:1695) Grid fwi configured.
2018-06-16 05:09:02,412 null [INFO] (/home/meteo/dev/redist/fwidbmgr/include/Grid.h:1595) Configuring grid: ffmc
2018-06-16 05:09:02,426 null [INFO] (/home/meteo/dev/redist/fwidbmgr/include/Grid.h:1695) Grid ffmc configured.
2018-06-16 05:09:02,428 null [INFO] (/home/meteo/dev/redist/fwidbmgr/include/Grid.h:1595) Configuring grid: dmc
2018-06-16 05:09:02,428 null [INFO] (/home/meteo/dev/redist/fwidbmgr/include/Grid.h:1695) Grid dmc configured.
2018-06-16 05:09:02,429 null [INFO] (/home/meteo/dev/redist/fwidbmgr/include/Grid.h:1595) Configuring grid: dc
2018-06-16 05:09:02,429 null [INFO] (/home/meteo/dev/redist/fwidbmgr/include/Grid.h:1695) Grid dc configured.
2018-06-16 05:09:02,434 null [INFO] (/home/meteo/dev/redist/fwidbmgr/include/Grid.h:1595) Configuring grid: bui
2018-06-16 05:09:02,434 null [INFO] (/home/meteo/dev/redist/fwidbmgr/include/Grid.h:1695) Grid bui configured.
2018-06-16 05:09:02,435 null [INFO] (/home/meteo/dev/redist/fwidbmgr/include/Grid.h:1595) Configuring grid: ffmc_tmp
2018-06-16 05:09:02,436 null [INFO] (/home/meteo/dev/redist/fwidbmgr/include/Grid.h:1695) Grid ffmc_tmp configured.
2018-06-16 05:09:02,437 null [INFO] (/home/meteo/dev/redist/fwidbmgr/include/Grid.h:1595) Configuring grid: dmc_tmp
2018-06-16 05:09:02,437 null [INFO] (/home/meteo/dev/redist/fwidbmgr/include/Grid.h:1695) Grid dmc_tmp configured.
2018-06-16 05:09:02,438 null [INFO] (/home/meteo/dev/redist/fwidbmgr/include/Grid.h:1595) Configuring grid: dc_tmp
2018-06-16 05:09:02,438 null [INFO] (/home/meteo/dev/redist/fwidbmgr/include/Grid.h:1695) Grid dc_tmp configured.
2018-06-16 05:09:02,439 null [INFO] (/home/meteo/dev/redist/fwidbmgr/include/Grid.h:1595) Configuring grid: idi
2018-06-16 05:09:02,440 null [INFO] (/home/meteo/dev/redist/fwidbmgr/include/Grid.h:1695) Grid idi configured.
2018-06-16 05:09:02,441 null [INFO] (/home/meteo/dev/redist/fwidbmgr/include/Grid.h:1595) Configuring grid: angstrom
2018-06-16 05:09:02,441 null [INFO] (/home/meteo/dev/redist/fwidbmgr/include/Grid.h:1695) Grid angstrom configured.
2018-06-16 05:09:02,442 null [INFO] (/home/meteo/dev/redist/fwidbmgr/include/Grid.h:1595) Configuring grid: fmi
2018-06-16 05:09:02,442 null [INFO] (/home/meteo/dev/redist/fwidbmgr/include/Grid.h:1695) Grid fmi configured.
2018-06-16 05:09:02,443 null [INFO] (/home/meteo/dev/redist/fwidbmgr/include/Grid.h:1595) Configuring grid: sharples
2018-06-16 05:09:02,444 null [INFO] (/home/meteo/dev/redist/fwidbmgr/include/Grid.h:1695) Grid sharples configured.
2018-06-16 05:09:06,576 null [INFO] (/home/meteo/dev/redist/fwidbmgr/include/Grid.h:1595) Configuring grid: snow
2018-06-16 05:09:06,576 null [INFO] (/home/meteo/dev/redist/fwidbmgr/include/Grid.h:1695) Grid snow configured.
2018-06-16 05:09:06,576 null [INFO] (/home/meteo/dev/redist/fwidbmgr/include/Grid.h:1595) Configuring grid: snow_covering
2018-06-16 05:09:06,576 null [INFO] (/home/meteo/dev/redist/fwidbmgr/include/Grid.h:1695) Grid snow_covering configured.
2018-06-16 05:09:06,576 null [INFO] (/home/meteo/dev/redist/fwidbmgr/include/Grid.h:1595) Configuring grid: snow_dissolution
2018-06-16 05:09:06,576 null [INFO] (/home/meteo/dev/redist/fwidbmgr/include/Grid.h:1695) Grid snow_dissolution configured.
2018-06-16 05:09:06,576 null [INFO] (/home/meteo/dev/redist/fwidbmgr/include/Grid.h:1595) Configuring grid: temperature
2018-06-16 05:09:06,576 null [INFO] (/home/meteo/dev/redist/fwidbmgr/include/Grid.h:1695) Grid temperature configured.
2018-06-16 05:09:06,576 null [INFO] (/home/meteo/dev/redist/fwidbmgr/include/Grid.h:1595) Configuring grid: humidity
2018-06-16 05:09:06,577 null [INFO] (/home/meteo/dev/redist/fwidbmgr/include/Grid.h:1695) Grid humidity configured.
2018-06-16 05:09:06,577 null [INFO] (/home/meteo/dev/redist/fwidbmgr/include/Grid.h:1595) Configuring grid: windspeed
2018-06-16 05:09:06,577 null [INFO] (/home/meteo/dev/redist/fwidbmgr/include/Grid.h:1695) Grid windspeed configured.
2018-06-16 05:09:06,577 null [INFO] (/home/meteo/dev/redist/fwidbmgr/include/Grid.h:1595) Configuring grid: rain
2018-06-16 05:09:06,577 null [INFO] (/home/meteo/dev/redist/fwidbmgr/include/Grid.h:1695) Grid rain configured.
2018-06-16 05:09:06,577 null [INFO] (/home/meteo/dev/redist/fwidbmgr/include/Grid.h:1595) Configuring grid: cum_rain
2018-06-16 05:09:06,577 null [INFO] (/home/meteo/dev/redist/fwidbmgr/include/Grid.h:1695) Grid cum_rain configured.
2018-06-16 05:11:32,426 null [INFO] (../src/fwidbmgr.cpp:5660) OK --> 20180615 indexes computed.
2018-06-16 05:11:32,426 null [INFO] (../src/fwidbmgr.cpp:5695) action computeidx took about 150 seconds.
2018-06-16 05:11:32,427 null [INFO] (../src/fwidbmgr.cpp:5699) Disconnected from database.
2018-06-16 05:11:32,628 null [INFO] (../src/fwidbmgr.cpp:5361) fwi db manager
2018-06-16 05:11:32,628 null [INFO] (../src/fwidbmgr.cpp:5365) Program home: /home/meteo/dev/redist/fwidbmgr
2018-06-16 05:11:32,628 null [INFO] (../src/fwidbmgr.cpp:5369) Auto convert: 1
2018-06-16 05:11:32,628 null [INFO] (../src/fwidbmgr.cpp:446) action: exportidx.
2018-06-16 05:11:32,628 null [INFO] (../src/fwidbmgr.cpp:470) date: 20180615.
2018-06-16 05:11:32,628 null [INFO] (../src/fwidbmgr.cpp:322) Try to read: /home/meteo/dev/redist/fwidbmgr/config/fwidbmgr.conf.
2018-06-16 05:11:32,638 null [INFO] (../src/fwidbmgr.cpp:5393) Configuration parsing: OK.
2018-06-16 05:11:32,649 null [INFO] (../src/fwidbmgr.cpp:5478) Connected to database
2018-06-16 05:11:32,649 null [INFO] (../src/fwidbmgr.cpp:5480) Manage data for date: 20180615.
2018-06-16 05:11:32,649 null [INFO] (../src/fwidbmgr.cpp:5596) Exporting indexes.
2018-06-16 05:11:32,651 null [INFO] (/home/meteo/dev/redist/fwidbmgr/include/Grid.h:1595) Configuring grid: isi
2018-06-16 05:11:32,651 null [INFO] (/home/meteo/dev/redist/fwidbmgr/include/Grid.h:1695) Grid isi configured.
2018-06-16 05:11:32,652 null [INFO] (/home/meteo/dev/redist/fwidbmgr/include/Grid.h:1595) Configuring grid: fwi
2018-06-16 05:11:32,652 null [INFO] (/home/meteo/dev/redist/fwidbmgr/include/Grid.h:1695) Grid fwi configured.
2018-06-16 05:11:32,653 null [INFO] (/home/meteo/dev/redist/fwidbmgr/include/Grid.h:1595) Configuring grid: ffmc
2018-06-16 05:11:32,653 null [INFO] (/home/meteo/dev/redist/fwidbmgr/include/Grid.h:1695) Grid ffmc configured.
2018-06-16 05:11:32,655 null [INFO] (/home/meteo/dev/redist/fwidbmgr/include/Grid.h:1595) Configuring grid: dmc
2018-06-16 05:11:32,655 null [INFO] (/home/meteo/dev/redist/fwidbmgr/include/Grid.h:1695) Grid dmc configured.
2018-06-16 05:11:32,656 null [INFO] (/home/meteo/dev/redist/fwidbmgr/include/Grid.h:1595) Configuring grid: dc
2018-06-16 05:11:32,656 null [INFO] (/home/meteo/dev/redist/fwidbmgr/include/Grid.h:1695) Grid dc configured.
2018-06-16 05:11:32,657 null [INFO] (/home/meteo/dev/redist/fwidbmgr/include/Grid.h:1595) Configuring grid: bui
2018-06-16 05:11:32,657 null [INFO] (/home/meteo/dev/redist/fwidbmgr/include/Grid.h:1695) Grid bui configured.
2018-06-16 05:11:32,659 null [INFO] (/home/meteo/dev/redist/fwidbmgr/include/Grid.h:1595) Configuring grid: ffmc_tmp
2018-06-16 05:11:32,659 null [INFO] (/home/meteo/dev/redist/fwidbmgr/include/Grid.h:1695) Grid ffmc_tmp configured.
2018-06-16 05:11:32,660 null [INFO] (/home/meteo/dev/redist/fwidbmgr/include/Grid.h:1595) Configuring grid: dmc_tmp
2018-06-16 05:11:32,660 null [INFO] (/home/meteo/dev/redist/fwidbmgr/include/Grid.h:1695) Grid dmc_tmp configured.
2018-06-16 05:11:32,661 null [INFO] (/home/meteo/dev/redist/fwidbmgr/include/Grid.h:1595) Configuring grid: dc_tmp
2018-06-16 05:11:32,662 null [INFO] (/home/meteo/dev/redist/fwidbmgr/include/Grid.h:1695) Grid dc_tmp configured.
2018-06-16 05:11:32,663 null [INFO] (/home/meteo/dev/redist/fwidbmgr/include/Grid.h:1595) Configuring grid: idi
2018-06-16 05:11:32,663 null [INFO] (/home/meteo/dev/redist/fwidbmgr/include/Grid.h:1695) Grid idi configured.
2018-06-16 05:11:32,664 null [INFO] (/home/meteo/dev/redist/fwidbmgr/include/Grid.h:1595) Configuring grid: angstrom
2018-06-16 05:11:32,664 null [INFO] (/home/meteo/dev/redist/fwidbmgr/include/Grid.h:1695) Grid angstrom configured.
2018-06-16 05:11:32,666 null [INFO] (/home/meteo/dev/redist/fwidbmgr/include/Grid.h:1595) Configuring grid: fmi
2018-06-16 05:11:32,666 null [INFO] (/home/meteo/dev/redist/fwidbmgr/include/Grid.h:1695) Grid fmi configured.
2018-06-16 05:11:32,667 null [INFO] (/home/meteo/dev/redist/fwidbmgr/include/Grid.h:1595) Configuring grid: sharples
2018-06-16 05:11:32,667 null [INFO] (/home/meteo/dev/redist/fwidbmgr/include/Grid.h:1695) Grid sharples configured.
2018-06-16 05:11:37,810 null [INFO] (/home/meteo/dev/redist/fwidbmgr/include/Grid.h:1595) Configuring grid: isi
2018-06-16 05:11:37,810 null [INFO] (/home/meteo/dev/redist/fwidbmgr/include/Grid.h:1695) Grid isi configured.
2018-06-16 05:11:37,874 null [INFO] (/home/meteo/dev/redist/fwidbmgr/include/Grid.h:1595) Configuring grid: fwi
2018-06-16 05:11:37,874 null [INFO] (/home/meteo/dev/redist/fwidbmgr/include/Grid.h:1695) Grid fwi configured.
2018-06-16 05:11:37,918 null [INFO] (/home/meteo/dev/redist/fwidbmgr/include/Grid.h:1595) Configuring grid: ffmc
2018-06-16 05:11:37,918 null [INFO] (/home/meteo/dev/redist/fwidbmgr/include/Grid.h:1695) Grid ffmc configured.
2018-06-16 05:11:37,966 null [INFO] (/home/meteo/dev/redist/fwidbmgr/include/Grid.h:1595) Configuring grid: dmc
2018-06-16 05:11:37,966 null [INFO] (/home/meteo/dev/redist/fwidbmgr/include/Grid.h:1695) Grid dmc configured.
2018-06-16 05:11:38,008 null [INFO] (/home/meteo/dev/redist/fwidbmgr/include/Grid.h:1595) Configuring grid: dc
2018-06-16 05:11:38,008 null [INFO] (/home/meteo/dev/redist/fwidbmgr/include/Grid.h:1695) Grid dc configured.
2018-06-16 05:11:38,048 null [INFO] (/home/meteo/dev/redist/fwidbmgr/include/Grid.h:1595) Configuring grid: bui
2018-06-16 05:11:38,048 null [INFO] (/home/meteo/dev/redist/fwidbmgr/include/Grid.h:1695) Grid bui configured.
2018-06-16 05:11:38,090 null [INFO] (/home/meteo/dev/redist/fwidbmgr/include/Grid.h:1595) Configuring grid: ffmc_tmp
2018-06-16 05:11:38,090 null [INFO] (/home/meteo/dev/redist/fwidbmgr/include/Grid.h:1695) Grid ffmc_tmp configured.
2018-06-16 05:11:38,132 null [INFO] (/home/meteo/dev/redist/fwidbmgr/include/Grid.h:1595) Configuring grid: dmc_tmp
2018-06-16 05:11:38,132 null [INFO] (/home/meteo/dev/redist/fwidbmgr/include/Grid.h:1695) Grid dmc_tmp configured.
2018-06-16 05:11:38,172 null [INFO] (/home/meteo/dev/redist/fwidbmgr/include/Grid.h:1595) Configuring grid: dc_tmp
2018-06-16 05:11:38,172 null [INFO] (/home/meteo/dev/redist/fwidbmgr/include/Grid.h:1695) Grid dc_tmp configured.
2018-06-16 05:11:38,213 null [INFO] (/home/meteo/dev/redist/fwidbmgr/include/Grid.h:1595) Configuring grid: angstrom
2018-06-16 05:11:38,213 null [INFO] (/home/meteo/dev/redist/fwidbmgr/include/Grid.h:1695) Grid angstrom configured.
2018-06-16 05:11:38,287 null [INFO] (/home/meteo/dev/redist/fwidbmgr/include/Grid.h:1595) Configuring grid: sharples
2018-06-16 05:11:38,287 null [INFO] (/home/meteo/dev/redist/fwidbmgr/include/Grid.h:1695) Grid sharples configured.
2018-06-16 05:11:38,329 null [INFO] (/home/meteo/dev/redist/fwidbmgr/include/Grid.h:1595) Configuring grid: fmi
2018-06-16 05:11:38,329 null [INFO] (/home/meteo/dev/redist/fwidbmgr/include/Grid.h:1695) Grid fmi configured.
2018-06-16 05:11:38,374 null [INFO] (../src/fwidbmgr.cpp:5600) OK --> 20180615 indexes exported to files.
2018-06-16 05:11:38,374 null [INFO] (../src/fwidbmgr.cpp:5695) action exportidx took about 6 seconds.
2018-06-16 05:11:38,374 null [INFO] (../src/fwidbmgr.cpp:5699) Disconnected from database.
2018-06-16 05:12:08,582 null [INFO] (../src/fwidbmgr.cpp:5361) fwi db manager
2018-06-16 05:12:08,582 null [INFO] (../src/fwidbmgr.cpp:5365) Program home: /home/meteo/dev/redist/fwidbmgr
2018-06-16 05:12:08,582 null [INFO] (../src/fwidbmgr.cpp:5369) Auto convert: 1
2018-06-16 05:12:08,582 null [INFO] (../src/fwidbmgr.cpp:446) action: outimg.
2018-06-16 05:12:08,582 null [INFO] (../src/fwidbmgr.cpp:470) date: 20180615.
2018-06-16 05:12:08,582 null [INFO] (../src/fwidbmgr.cpp:322) Try to read: /home/meteo/dev/redist/fwidbmgr/config/fwidbmgr.conf.
2018-06-16 05:12:08,589 null [INFO] (../src/fwidbmgr.cpp:5393) Configuration parsing: OK.
2018-06-16 05:12:08,598 null [INFO] (../src/fwidbmgr.cpp:5478) Connected to database
2018-06-16 05:12:08,598 null [INFO] (../src/fwidbmgr.cpp:5480) Manage data for date: 20180615.
2018-06-16 05:12:08,598 null [INFO] (../src/fwidbmgr.cpp:5566) Importing fwi indexes images in database.
2018-06-16 05:12:08,745 null [INFO] (../src/fwidbmgr.cpp:5570) OK --> 20180615 images imported.
2018-06-16 05:12:08,745 null [INFO] (../src/fwidbmgr.cpp:5695) action outimg took about 0 seconds.
2018-06-16 05:12:08,745 null [INFO] (../src/fwidbmgr.cpp:5699) Disconnected from database.
2018-06-16 05:37:02,028 null [INFO] (../src/fwidbmgr.cpp:5361) fwi db manager
2018-06-16 05:37:02,028 null [INFO] (../src/fwidbmgr.cpp:5365) Program home: /home/meteo/dev/redist/fwidbmgr
2018-06-16 05:37:02,028 null [INFO] (../src/fwidbmgr.cpp:5369) Auto convert: 1
2018-06-16 05:37:02,028 null [INFO] (../src/fwidbmgr.cpp:446) action: outimg.
2018-06-16 05:37:02,028 null [INFO] (../src/fwidbmgr.cpp:470) date: 20180615.
2018-06-16 05:37:02,028 null [INFO] (../src/fwidbmgr.cpp:322) Try to read: /home/meteo/dev/redist/fwidbmgr/config/fwidbmgr.conf.
2018-06-16 05:37:02,030 null [INFO] (../src/fwidbmgr.cpp:5393) Configuration parsing: OK.
2018-06-16 05:37:02,034 null [INFO] (../src/fwidbmgr.cpp:5478) Connected to database
2018-06-16 05:37:02,034 null [INFO] (../src/fwidbmgr.cpp:5480) Manage data for date: 20180615.
2018-06-16 05:37:02,035 null [INFO] (../src/fwidbmgr.cpp:5566) Importing fwi indexes images in database.
2018-06-16 05:37:02,153 null [INFO] (../src/fwidbmgr.cpp:5570) OK --> 20180615 images imported.
2018-06-16 05:37:02,153 null [INFO] (../src/fwidbmgr.cpp:5695) action outimg took about 0 seconds.
2018-06-16 05:37:02,153 null [INFO] (../src/fwidbmgr.cpp:5699) Disconnected from database.
2018-06-16 06:05:01,288 null [INFO] (../src/fwidbmgr.cpp:5361) fwi db manager
2018-06-16 06:05:01,289 null [INFO] (../src/fwidbmgr.cpp:5365) Program home: /home/meteo/dev/redist/fwidbmgr
2018-06-16 06:05:01,289 null [INFO] (../src/fwidbmgr.cpp:5369) Auto convert: 1
2018-06-16 06:05:01,289 null [INFO] (../src/fwidbmgr.cpp:446) action: outimg.
2018-06-16 06:05:01,289 null [INFO] (../src/fwidbmgr.cpp:470) date: 20180615.
2018-06-16 06:05:01,289 null [INFO] (../src/fwidbmgr.cpp:322) Try to read: /home/meteo/dev/redist/fwidbmgr/config/fwidbmgr.conf.
2018-06-16 06:05:01,291 null [INFO] (../src/fwidbmgr.cpp:5393) Configuration parsing: OK.
2018-06-16 06:05:01,295 null [INFO] (../src/fwidbmgr.cpp:5478) Connected to database
2018-06-16 06:05:01,295 null [INFO] (../src/fwidbmgr.cpp:5480) Manage data for date: 20180615.
2018-06-16 06:05:01,295 null [INFO] (../src/fwidbmgr.cpp:5566) Importing fwi indexes images in database.
2018-06-16 06:05:01,373 null [INFO] (../src/fwidbmgr.cpp:5570) OK --> 20180615 images imported.
2018-06-16 06:05:01,373 null [INFO] (../src/fwidbmgr.cpp:5695) action outimg took about 0 seconds.
2018-06-16 06:05:01,373 null [INFO] (../src/fwidbmgr.cpp:5699) Disconnected from database.
2018-06-16 06:37:01,492 null [INFO] (../src/fwidbmgr.cpp:5361) fwi db manager
2018-06-16 06:37:01,493 null [INFO] (../src/fwidbmgr.cpp:5365) Program home: /home/meteo/dev/redist/fwidbmgr
2018-06-16 06:37:01,493 null [INFO] (../src/fwidbmgr.cpp:5369) Auto convert: 1
2018-06-16 06:37:01,493 null [INFO] (../src/fwidbmgr.cpp:446) action: outimg.
2018-06-16 06:37:01,493 null [INFO] (../src/fwidbmgr.cpp:470) date: 20180615.
2018-06-16 06:37:01,493 null [INFO] (../src/fwidbmgr.cpp:322) Try to read: /home/meteo/dev/redist/fwidbmgr/config/fwidbmgr.conf.
2018-06-16 06:37:01,495 null [INFO] (../src/fwidbmgr.cpp:5393) Configuration parsing: OK.
2018-06-16 06:37:01,499 null [INFO] (../src/fwidbmgr.cpp:5478) Connected to database
2018-06-16 06:37:01,499 null [INFO] (../src/fwidbmgr.cpp:5480) Manage data for date: 20180615.
2018-06-16 06:37:01,499 null [INFO] (../src/fwidbmgr.cpp:5566) Importing fwi indexes images in database.
2018-06-16 06:37:01,609 null [INFO] (../src/fwidbmgr.cpp:5570) OK --> 20180615 images imported.
2018-06-16 06:37:01,609 null [INFO] (../src/fwidbmgr.cpp:5695) action outimg took about 0 seconds.
2018-06-16 06:37:01,609 null [INFO] (../src/fwidbmgr.cpp:5699) Disconnected from database.
2018-06-16 07:05:01,269 null [INFO] (../src/fwidbmgr.cpp:5361) fwi db manager
2018-06-16 07:05:01,269 null [INFO] (../src/fwidbmgr.cpp:5365) Program home: /home/meteo/dev/redist/fwidbmgr
2018-06-16 07:05:01,269 null [INFO] (../src/fwidbmgr.cpp:5369) Auto convert: 1
2018-06-16 07:05:01,269 null [INFO] (../src/fwidbmgr.cpp:446) action: outimg.
2018-06-16 07:05:01,269 null [INFO] (../src/fwidbmgr.cpp:470) date: 20180615.
2018-06-16 07:05:01,269 null [INFO] (../src/fwidbmgr.cpp:322) Try to read: /home/meteo/dev/redist/fwidbmgr/config/fwidbmgr.conf.
2018-06-16 07:05:01,276 null [INFO] (../src/fwidbmgr.cpp:5393) Configuration parsing: OK.
2018-06-16 07:05:01,280 null [INFO] (../src/fwidbmgr.cpp:5478) Connected to database
2018-06-16 07:05:01,281 null [INFO] (../src/fwidbmgr.cpp:5480) Manage data for date: 20180615.
2018-06-16 07:05:01,281 null [INFO] (../src/fwidbmgr.cpp:5566) Importing fwi indexes images in database.
2018-06-16 07:05:01,355 null [INFO] (../src/fwidbmgr.cpp:5570) OK --> 20180615 images imported.
2018-06-16 07:05:01,355 null [INFO] (../src/fwidbmgr.cpp:5695) action outimg took about 0 seconds.
2018-06-16 07:05:01,355 null [INFO] (../src/fwidbmgr.cpp:5699) Disconnected from database.
2018-06-16 07:37:01,480 null [INFO] (../src/fwidbmgr.cpp:5361) fwi db manager
2018-06-16 07:37:01,480 null [INFO] (../src/fwidbmgr.cpp:5365) Program home: /home/meteo/dev/redist/fwidbmgr
2018-06-16 07:37:01,480 null [INFO] (../src/fwidbmgr.cpp:5369) Auto convert: 1
2018-06-16 07:37:01,480 null [INFO] (../src/fwidbmgr.cpp:446) action: outimg.
2018-06-16 07:37:01,480 null [INFO] (../src/fwidbmgr.cpp:470) date: 20180615.
2018-06-16 07:37:01,480 null [INFO] (../src/fwidbmgr.cpp:322) Try to read: /home/meteo/dev/redist/fwidbmgr/config/fwidbmgr.conf.
2018-06-16 07:37:01,482 null [INFO] (../src/fwidbmgr.cpp:5393) Configuration parsing: OK.
2018-06-16 07:37:01,487 null [INFO] (../src/fwidbmgr.cpp:5478) Connected to database
2018-06-16 07:37:01,487 null [INFO] (../src/fwidbmgr.cpp:5480) Manage data for date: 20180615.
2018-06-16 07:37:01,487 null [INFO] (../src/fwidbmgr.cpp:5566) Importing fwi indexes images in database.
2018-06-16 07:37:01,565 null [INFO] (../src/fwidbmgr.cpp:5570) OK --> 20180615 images imported.
2018-06-16 07:37:01,565 null [INFO] (../src/fwidbmgr.cpp:5695) action outimg took about 0 seconds.
2018-06-16 07:37:01,565 null [INFO] (../src/fwidbmgr.cpp:5699) Disconnected from database.
