2017-08-28 05:06:46,233 null [INFO] (../src/fwidbmgr.cpp:5361) fwi db manager
2017-08-28 05:06:46,236 null [INFO] (../src/fwidbmgr.cpp:5365) Program home: /home/meteo/dev/redist/fwidbmgr
2017-08-28 05:06:46,236 null [INFO] (../src/fwidbmgr.cpp:5369) Auto convert: 1
2017-08-28 05:06:46,236 null [INFO] (../src/fwidbmgr.cpp:446) action: in.
2017-08-28 05:06:46,236 null [INFO] (../src/fwidbmgr.cpp:470) date: 20170827.
2017-08-28 05:06:46,236 null [INFO] (../src/fwidbmgr.cpp:322) Try to read: /home/meteo/dev/redist/fwidbmgr/config/fwidbmgr.conf.
2017-08-28 05:06:46,252 null [INFO] (../src/fwidbmgr.cpp:5393) Configuration parsing: OK.
2017-08-28 05:06:46,306 null [INFO] (../src/fwidbmgr.cpp:5478) Connected to database
2017-08-28 05:06:46,306 null [INFO] (../src/fwidbmgr.cpp:5480) Manage data for date: 20170827.
2017-08-28 05:06:46,306 null [INFO] (../src/fwidbmgr.cpp:5536) Importing meteo data in database for day: 20170827.
2017-08-28 05:06:46,317 null [INFO] (/home/meteo/dev/redist/fwidbmgr/include/Grid.h:1595) Configuring grid: snow
2017-08-28 05:06:46,317 null [INFO] (/home/meteo/dev/redist/fwidbmgr/include/Grid.h:1695) Grid snow configured.
2017-08-28 05:06:46,329 null [INFO] (/home/meteo/dev/redist/fwidbmgr/include/Grid.h:1595) Configuring grid: snow_covering
2017-08-28 05:06:46,329 null [INFO] (/home/meteo/dev/redist/fwidbmgr/include/Grid.h:1695) Grid snow_covering configured.
2017-08-28 05:06:46,342 null [INFO] (/home/meteo/dev/redist/fwidbmgr/include/Grid.h:1595) Configuring grid: snow_dissolution
2017-08-28 05:06:46,342 null [INFO] (/home/meteo/dev/redist/fwidbmgr/include/Grid.h:1695) Grid snow_dissolution configured.
2017-08-28 05:06:46,365 null [INFO] (/home/meteo/dev/redist/fwidbmgr/include/Grid.h:1595) Configuring grid: temperature
2017-08-28 05:06:46,366 null [INFO] (/home/meteo/dev/redist/fwidbmgr/include/Grid.h:1695) Grid temperature configured.
2017-08-28 05:06:46,371 null [INFO] (/home/meteo/dev/redist/fwidbmgr/include/Grid.h:1595) Configuring grid: humidity
2017-08-28 05:06:46,371 null [INFO] (/home/meteo/dev/redist/fwidbmgr/include/Grid.h:1695) Grid humidity configured.
2017-08-28 05:06:46,381 null [INFO] (/home/meteo/dev/redist/fwidbmgr/include/Grid.h:1595) Configuring grid: windspeed
2017-08-28 05:06:46,381 null [INFO] (/home/meteo/dev/redist/fwidbmgr/include/Grid.h:1695) Grid windspeed configured.
2017-08-28 05:06:46,402 null [INFO] (/home/meteo/dev/redist/fwidbmgr/include/Grid.h:1595) Configuring grid: rain
2017-08-28 05:06:46,402 null [INFO] (/home/meteo/dev/redist/fwidbmgr/include/Grid.h:1695) Grid rain configured.
2017-08-28 05:06:46,405 null [INFO] (/home/meteo/dev/redist/fwidbmgr/include/Grid.h:1595) Configuring grid: cum_rain
2017-08-28 05:06:46,405 null [INFO] (/home/meteo/dev/redist/fwidbmgr/include/Grid.h:1695) Grid cum_rain configured.
2017-08-28 05:06:55,499 null [INFO] (../src/fwidbmgr.cpp:1518) Storing meteo input ...
2017-08-28 05:07:22,646 null [INFO] (../src/fwidbmgr.cpp:5540) OK --> 20170827 data imported.
2017-08-28 05:07:22,700 null [INFO] (../src/fwidbmgr.cpp:5695) action in took about 36 seconds.
2017-08-28 05:07:22,839 null [INFO] (../src/fwidbmgr.cpp:5699) Disconnected from database.
2017-08-28 05:08:31,732 null [INFO] (../src/fwidbmgr.cpp:5361) fwi db manager
2017-08-28 05:08:31,732 null [INFO] (../src/fwidbmgr.cpp:5365) Program home: /home/meteo/dev/redist/fwidbmgr
2017-08-28 05:08:31,732 null [INFO] (../src/fwidbmgr.cpp:5369) Auto convert: 1
2017-08-28 05:08:31,732 null [INFO] (../src/fwidbmgr.cpp:446) action: out.
2017-08-28 05:08:31,732 null [INFO] (../src/fwidbmgr.cpp:470) date: 20170827.
2017-08-28 05:08:31,732 null [INFO] (../src/fwidbmgr.cpp:322) Try to read: /home/meteo/dev/redist/fwidbmgr/config/fwidbmgr.conf.
2017-08-28 05:08:31,750 null [INFO] (../src/fwidbmgr.cpp:5393) Configuration parsing: OK.
2017-08-28 05:08:31,767 null [INFO] (../src/fwidbmgr.cpp:5478) Connected to database
2017-08-28 05:08:31,767 null [INFO] (../src/fwidbmgr.cpp:5480) Manage data for date: 20170827.
2017-08-28 05:08:31,767 null [INFO] (../src/fwidbmgr.cpp:5551) Importing fwi indexes data in database for day: 20170827.
2017-08-28 05:08:31,784 null [INFO] (/home/meteo/dev/redist/fwidbmgr/include/Grid.h:1595) Configuring grid: isi
2017-08-28 05:08:31,784 null [INFO] (/home/meteo/dev/redist/fwidbmgr/include/Grid.h:1695) Grid isi configured.
2017-08-28 05:08:31,798 null [INFO] (/home/meteo/dev/redist/fwidbmgr/include/Grid.h:1595) Configuring grid: fwi
2017-08-28 05:08:31,798 null [INFO] (/home/meteo/dev/redist/fwidbmgr/include/Grid.h:1695) Grid fwi configured.
2017-08-28 05:08:31,812 null [INFO] (/home/meteo/dev/redist/fwidbmgr/include/Grid.h:1595) Configuring grid: ffmc
2017-08-28 05:08:31,812 null [INFO] (/home/meteo/dev/redist/fwidbmgr/include/Grid.h:1695) Grid ffmc configured.
2017-08-28 05:08:31,826 null [INFO] (/home/meteo/dev/redist/fwidbmgr/include/Grid.h:1595) Configuring grid: dmc
2017-08-28 05:08:31,826 null [INFO] (/home/meteo/dev/redist/fwidbmgr/include/Grid.h:1695) Grid dmc configured.
2017-08-28 05:08:31,841 null [INFO] (/home/meteo/dev/redist/fwidbmgr/include/Grid.h:1595) Configuring grid: dc
2017-08-28 05:08:31,841 null [INFO] (/home/meteo/dev/redist/fwidbmgr/include/Grid.h:1695) Grid dc configured.
2017-08-28 05:08:31,855 null [INFO] (/home/meteo/dev/redist/fwidbmgr/include/Grid.h:1595) Configuring grid: bui
2017-08-28 05:08:31,855 null [INFO] (/home/meteo/dev/redist/fwidbmgr/include/Grid.h:1695) Grid bui configured.
2017-08-28 05:08:31,868 null [INFO] (/home/meteo/dev/redist/fwidbmgr/include/Grid.h:1595) Configuring grid: ffmc_tmp
2017-08-28 05:08:31,869 null [INFO] (/home/meteo/dev/redist/fwidbmgr/include/Grid.h:1695) Grid ffmc_tmp configured.
2017-08-28 05:08:31,901 null [INFO] (/home/meteo/dev/redist/fwidbmgr/include/Grid.h:1595) Configuring grid: dmc_tmp
2017-08-28 05:08:31,901 null [INFO] (/home/meteo/dev/redist/fwidbmgr/include/Grid.h:1695) Grid dmc_tmp configured.
2017-08-28 05:08:31,921 null [INFO] (/home/meteo/dev/redist/fwidbmgr/include/Grid.h:1595) Configuring grid: dc_tmp
2017-08-28 05:08:31,921 null [INFO] (/home/meteo/dev/redist/fwidbmgr/include/Grid.h:1695) Grid dc_tmp configured.
2017-08-28 05:08:31,941 null [INFO] (/home/meteo/dev/redist/fwidbmgr/include/Grid.h:1595) Configuring grid: idi
2017-08-28 05:08:31,941 null [INFO] (/home/meteo/dev/redist/fwidbmgr/include/Grid.h:1695) Grid idi configured.
2017-08-28 05:08:40,385 null [INFO] (../src/fwidbmgr.cpp:2081) Storing FWI indexes ...
2017-08-28 05:09:00,746 null [INFO] (../src/fwidbmgr.cpp:5555) OK --> 20170827 data imported.
2017-08-28 05:09:00,753 null [INFO] (../src/fwidbmgr.cpp:5695) action out took about 29 seconds.
2017-08-28 05:09:00,754 null [INFO] (../src/fwidbmgr.cpp:5699) Disconnected from database.
2017-08-28 05:09:01,096 null [INFO] (../src/fwidbmgr.cpp:5361) fwi db manager
2017-08-28 05:09:01,096 null [INFO] (../src/fwidbmgr.cpp:5365) Program home: /home/meteo/dev/redist/fwidbmgr
2017-08-28 05:09:01,096 null [INFO] (../src/fwidbmgr.cpp:5369) Auto convert: 1
2017-08-28 05:09:01,096 null [INFO] (../src/fwidbmgr.cpp:446) action: computeidx.
2017-08-28 05:09:01,096 null [INFO] (../src/fwidbmgr.cpp:470) date: 20170827.
2017-08-28 05:09:01,096 null [INFO] (../src/fwidbmgr.cpp:322) Try to read: /home/meteo/dev/redist/fwidbmgr/config/fwidbmgr.conf.
2017-08-28 05:09:01,113 null [INFO] (../src/fwidbmgr.cpp:5393) Configuration parsing: OK.
2017-08-28 05:09:01,158 null [INFO] (../src/fwidbmgr.cpp:5478) Connected to database
2017-08-28 05:09:01,158 null [INFO] (../src/fwidbmgr.cpp:5480) Manage data for date: 20170827.
2017-08-28 05:09:01,158 null [INFO] (../src/fwidbmgr.cpp:5656) Computing indexes.
2017-08-28 05:09:01,160 null [INFO] (/home/meteo/dev/redist/fwidbmgr/include/Grid.h:1595) Configuring grid: isi
2017-08-28 05:09:01,160 null [INFO] (/home/meteo/dev/redist/fwidbmgr/include/Grid.h:1695) Grid isi configured.
2017-08-28 05:09:01,161 null [INFO] (/home/meteo/dev/redist/fwidbmgr/include/Grid.h:1595) Configuring grid: fwi
2017-08-28 05:09:01,161 null [INFO] (/home/meteo/dev/redist/fwidbmgr/include/Grid.h:1695) Grid fwi configured.
2017-08-28 05:09:01,162 null [INFO] (/home/meteo/dev/redist/fwidbmgr/include/Grid.h:1595) Configuring grid: ffmc
2017-08-28 05:09:01,162 null [INFO] (/home/meteo/dev/redist/fwidbmgr/include/Grid.h:1695) Grid ffmc configured.
2017-08-28 05:09:01,164 null [INFO] (/home/meteo/dev/redist/fwidbmgr/include/Grid.h:1595) Configuring grid: dmc
2017-08-28 05:09:01,164 null [INFO] (/home/meteo/dev/redist/fwidbmgr/include/Grid.h:1695) Grid dmc configured.
2017-08-28 05:09:01,165 null [INFO] (/home/meteo/dev/redist/fwidbmgr/include/Grid.h:1595) Configuring grid: dc
2017-08-28 05:09:01,165 null [INFO] (/home/meteo/dev/redist/fwidbmgr/include/Grid.h:1695) Grid dc configured.
2017-08-28 05:09:01,166 null [INFO] (/home/meteo/dev/redist/fwidbmgr/include/Grid.h:1595) Configuring grid: bui
2017-08-28 05:09:01,166 null [INFO] (/home/meteo/dev/redist/fwidbmgr/include/Grid.h:1695) Grid bui configured.
2017-08-28 05:09:01,168 null [INFO] (/home/meteo/dev/redist/fwidbmgr/include/Grid.h:1595) Configuring grid: ffmc_tmp
2017-08-28 05:09:01,168 null [INFO] (/home/meteo/dev/redist/fwidbmgr/include/Grid.h:1695) Grid ffmc_tmp configured.
2017-08-28 05:09:01,169 null [INFO] (/home/meteo/dev/redist/fwidbmgr/include/Grid.h:1595) Configuring grid: dmc_tmp
2017-08-28 05:09:01,169 null [INFO] (/home/meteo/dev/redist/fwidbmgr/include/Grid.h:1695) Grid dmc_tmp configured.
2017-08-28 05:09:01,170 null [INFO] (/home/meteo/dev/redist/fwidbmgr/include/Grid.h:1595) Configuring grid: dc_tmp
2017-08-28 05:09:01,170 null [INFO] (/home/meteo/dev/redist/fwidbmgr/include/Grid.h:1695) Grid dc_tmp configured.
2017-08-28 05:09:01,171 null [INFO] (/home/meteo/dev/redist/fwidbmgr/include/Grid.h:1595) Configuring grid: idi
2017-08-28 05:09:01,171 null [INFO] (/home/meteo/dev/redist/fwidbmgr/include/Grid.h:1695) Grid idi configured.
2017-08-28 05:09:01,173 null [INFO] (/home/meteo/dev/redist/fwidbmgr/include/Grid.h:1595) Configuring grid: angstrom
2017-08-28 05:09:01,173 null [INFO] (/home/meteo/dev/redist/fwidbmgr/include/Grid.h:1695) Grid angstrom configured.
2017-08-28 05:09:01,174 null [INFO] (/home/meteo/dev/redist/fwidbmgr/include/Grid.h:1595) Configuring grid: fmi
2017-08-28 05:09:01,174 null [INFO] (/home/meteo/dev/redist/fwidbmgr/include/Grid.h:1695) Grid fmi configured.
2017-08-28 05:09:01,175 null [INFO] (/home/meteo/dev/redist/fwidbmgr/include/Grid.h:1595) Configuring grid: sharples
2017-08-28 05:09:01,175 null [INFO] (/home/meteo/dev/redist/fwidbmgr/include/Grid.h:1695) Grid sharples configured.
2017-08-28 05:09:09,362 null [INFO] (/home/meteo/dev/redist/fwidbmgr/include/Grid.h:1595) Configuring grid: snow
2017-08-28 05:09:09,362 null [INFO] (/home/meteo/dev/redist/fwidbmgr/include/Grid.h:1695) Grid snow configured.
2017-08-28 05:09:09,362 null [INFO] (/home/meteo/dev/redist/fwidbmgr/include/Grid.h:1595) Configuring grid: snow_covering
2017-08-28 05:09:09,362 null [INFO] (/home/meteo/dev/redist/fwidbmgr/include/Grid.h:1695) Grid snow_covering configured.
2017-08-28 05:09:09,362 null [INFO] (/home/meteo/dev/redist/fwidbmgr/include/Grid.h:1595) Configuring grid: snow_dissolution
2017-08-28 05:09:09,363 null [INFO] (/home/meteo/dev/redist/fwidbmgr/include/Grid.h:1695) Grid snow_dissolution configured.
2017-08-28 05:09:09,363 null [INFO] (/home/meteo/dev/redist/fwidbmgr/include/Grid.h:1595) Configuring grid: temperature
2017-08-28 05:09:09,363 null [INFO] (/home/meteo/dev/redist/fwidbmgr/include/Grid.h:1695) Grid temperature configured.
2017-08-28 05:09:09,363 null [INFO] (/home/meteo/dev/redist/fwidbmgr/include/Grid.h:1595) Configuring grid: humidity
2017-08-28 05:09:09,363 null [INFO] (/home/meteo/dev/redist/fwidbmgr/include/Grid.h:1695) Grid humidity configured.
2017-08-28 05:09:09,363 null [INFO] (/home/meteo/dev/redist/fwidbmgr/include/Grid.h:1595) Configuring grid: windspeed
2017-08-28 05:09:09,363 null [INFO] (/home/meteo/dev/redist/fwidbmgr/include/Grid.h:1695) Grid windspeed configured.
2017-08-28 05:09:09,363 null [INFO] (/home/meteo/dev/redist/fwidbmgr/include/Grid.h:1595) Configuring grid: rain
2017-08-28 05:09:09,363 null [INFO] (/home/meteo/dev/redist/fwidbmgr/include/Grid.h:1695) Grid rain configured.
2017-08-28 05:09:09,363 null [INFO] (/home/meteo/dev/redist/fwidbmgr/include/Grid.h:1595) Configuring grid: cum_rain
2017-08-28 05:09:09,364 null [INFO] (/home/meteo/dev/redist/fwidbmgr/include/Grid.h:1695) Grid cum_rain configured.
2017-08-28 05:11:18,643 null [INFO] (../src/fwidbmgr.cpp:5660) OK --> 20170827 indexes computed.
2017-08-28 05:11:18,654 null [INFO] (../src/fwidbmgr.cpp:5695) action computeidx took about 137 seconds.
2017-08-28 05:11:18,654 null [INFO] (../src/fwidbmgr.cpp:5699) Disconnected from database.
2017-08-28 05:11:18,874 null [INFO] (../src/fwidbmgr.cpp:5361) fwi db manager
2017-08-28 05:11:18,874 null [INFO] (../src/fwidbmgr.cpp:5365) Program home: /home/meteo/dev/redist/fwidbmgr
2017-08-28 05:11:18,874 null [INFO] (../src/fwidbmgr.cpp:5369) Auto convert: 1
2017-08-28 05:11:18,874 null [INFO] (../src/fwidbmgr.cpp:446) action: exportidx.
2017-08-28 05:11:18,874 null [INFO] (../src/fwidbmgr.cpp:470) date: 20170827.
2017-08-28 05:11:18,874 null [INFO] (../src/fwidbmgr.cpp:322) Try to read: /home/meteo/dev/redist/fwidbmgr/config/fwidbmgr.conf.
2017-08-28 05:11:18,887 null [INFO] (../src/fwidbmgr.cpp:5393) Configuration parsing: OK.
2017-08-28 05:11:18,949 null [INFO] (../src/fwidbmgr.cpp:5478) Connected to database
2017-08-28 05:11:18,949 null [INFO] (../src/fwidbmgr.cpp:5480) Manage data for date: 20170827.
2017-08-28 05:11:18,949 null [INFO] (../src/fwidbmgr.cpp:5596) Exporting indexes.
2017-08-28 05:11:18,967 null [INFO] (/home/meteo/dev/redist/fwidbmgr/include/Grid.h:1595) Configuring grid: isi
2017-08-28 05:11:18,967 null [INFO] (/home/meteo/dev/redist/fwidbmgr/include/Grid.h:1695) Grid isi configured.
2017-08-28 05:11:18,969 null [INFO] (/home/meteo/dev/redist/fwidbmgr/include/Grid.h:1595) Configuring grid: fwi
2017-08-28 05:11:18,969 null [INFO] (/home/meteo/dev/redist/fwidbmgr/include/Grid.h:1695) Grid fwi configured.
2017-08-28 05:11:18,970 null [INFO] (/home/meteo/dev/redist/fwidbmgr/include/Grid.h:1595) Configuring grid: ffmc
2017-08-28 05:11:18,970 null [INFO] (/home/meteo/dev/redist/fwidbmgr/include/Grid.h:1695) Grid ffmc configured.
2017-08-28 05:11:18,971 null [INFO] (/home/meteo/dev/redist/fwidbmgr/include/Grid.h:1595) Configuring grid: dmc
2017-08-28 05:11:18,971 null [INFO] (/home/meteo/dev/redist/fwidbmgr/include/Grid.h:1695) Grid dmc configured.
2017-08-28 05:11:18,972 null [INFO] (/home/meteo/dev/redist/fwidbmgr/include/Grid.h:1595) Configuring grid: dc
2017-08-28 05:11:18,973 null [INFO] (/home/meteo/dev/redist/fwidbmgr/include/Grid.h:1695) Grid dc configured.
2017-08-28 05:11:18,974 null [INFO] (/home/meteo/dev/redist/fwidbmgr/include/Grid.h:1595) Configuring grid: bui
2017-08-28 05:11:18,974 null [INFO] (/home/meteo/dev/redist/fwidbmgr/include/Grid.h:1695) Grid bui configured.
2017-08-28 05:11:18,975 null [INFO] (/home/meteo/dev/redist/fwidbmgr/include/Grid.h:1595) Configuring grid: ffmc_tmp
2017-08-28 05:11:18,975 null [INFO] (/home/meteo/dev/redist/fwidbmgr/include/Grid.h:1695) Grid ffmc_tmp configured.
2017-08-28 05:11:18,976 null [INFO] (/home/meteo/dev/redist/fwidbmgr/include/Grid.h:1595) Configuring grid: dmc_tmp
2017-08-28 05:11:18,976 null [INFO] (/home/meteo/dev/redist/fwidbmgr/include/Grid.h:1695) Grid dmc_tmp configured.
2017-08-28 05:11:18,978 null [INFO] (/home/meteo/dev/redist/fwidbmgr/include/Grid.h:1595) Configuring grid: dc_tmp
2017-08-28 05:11:18,978 null [INFO] (/home/meteo/dev/redist/fwidbmgr/include/Grid.h:1695) Grid dc_tmp configured.
2017-08-28 05:11:18,979 null [INFO] (/home/meteo/dev/redist/fwidbmgr/include/Grid.h:1595) Configuring grid: idi
2017-08-28 05:11:18,979 null [INFO] (/home/meteo/dev/redist/fwidbmgr/include/Grid.h:1695) Grid idi configured.
2017-08-28 05:11:18,980 null [INFO] (/home/meteo/dev/redist/fwidbmgr/include/Grid.h:1595) Configuring grid: angstrom
2017-08-28 05:11:18,980 null [INFO] (/home/meteo/dev/redist/fwidbmgr/include/Grid.h:1695) Grid angstrom configured.
2017-08-28 05:11:18,982 null [INFO] (/home/meteo/dev/redist/fwidbmgr/include/Grid.h:1595) Configuring grid: fmi
2017-08-28 05:11:18,982 null [INFO] (/home/meteo/dev/redist/fwidbmgr/include/Grid.h:1695) Grid fmi configured.
2017-08-28 05:11:18,983 null [INFO] (/home/meteo/dev/redist/fwidbmgr/include/Grid.h:1595) Configuring grid: sharples
2017-08-28 05:11:18,983 null [INFO] (/home/meteo/dev/redist/fwidbmgr/include/Grid.h:1695) Grid sharples configured.
2017-08-28 05:11:26,450 null [INFO] (/home/meteo/dev/redist/fwidbmgr/include/Grid.h:1595) Configuring grid: isi
2017-08-28 05:11:26,450 null [INFO] (/home/meteo/dev/redist/fwidbmgr/include/Grid.h:1695) Grid isi configured.
2017-08-28 05:11:26,508 null [INFO] (/home/meteo/dev/redist/fwidbmgr/include/Grid.h:1595) Configuring grid: fwi
2017-08-28 05:11:26,508 null [INFO] (/home/meteo/dev/redist/fwidbmgr/include/Grid.h:1695) Grid fwi configured.
2017-08-28 05:11:26,547 null [INFO] (/home/meteo/dev/redist/fwidbmgr/include/Grid.h:1595) Configuring grid: ffmc
2017-08-28 05:11:26,547 null [INFO] (/home/meteo/dev/redist/fwidbmgr/include/Grid.h:1695) Grid ffmc configured.
2017-08-28 05:11:26,591 null [INFO] (/home/meteo/dev/redist/fwidbmgr/include/Grid.h:1595) Configuring grid: dmc
2017-08-28 05:11:26,591 null [INFO] (/home/meteo/dev/redist/fwidbmgr/include/Grid.h:1695) Grid dmc configured.
2017-08-28 05:11:26,630 null [INFO] (/home/meteo/dev/redist/fwidbmgr/include/Grid.h:1595) Configuring grid: dc
2017-08-28 05:11:26,630 null [INFO] (/home/meteo/dev/redist/fwidbmgr/include/Grid.h:1695) Grid dc configured.
2017-08-28 05:11:26,671 null [INFO] (/home/meteo/dev/redist/fwidbmgr/include/Grid.h:1595) Configuring grid: bui
2017-08-28 05:11:26,671 null [INFO] (/home/meteo/dev/redist/fwidbmgr/include/Grid.h:1695) Grid bui configured.
2017-08-28 05:11:26,710 null [INFO] (/home/meteo/dev/redist/fwidbmgr/include/Grid.h:1595) Configuring grid: ffmc_tmp
2017-08-28 05:11:26,710 null [INFO] (/home/meteo/dev/redist/fwidbmgr/include/Grid.h:1695) Grid ffmc_tmp configured.
2017-08-28 05:11:26,748 null [INFO] (/home/meteo/dev/redist/fwidbmgr/include/Grid.h:1595) Configuring grid: dmc_tmp
2017-08-28 05:11:26,748 null [INFO] (/home/meteo/dev/redist/fwidbmgr/include/Grid.h:1695) Grid dmc_tmp configured.
2017-08-28 05:11:26,786 null [INFO] (/home/meteo/dev/redist/fwidbmgr/include/Grid.h:1595) Configuring grid: dc_tmp
2017-08-28 05:11:26,786 null [INFO] (/home/meteo/dev/redist/fwidbmgr/include/Grid.h:1695) Grid dc_tmp configured.
2017-08-28 05:11:26,823 null [INFO] (/home/meteo/dev/redist/fwidbmgr/include/Grid.h:1595) Configuring grid: angstrom
2017-08-28 05:11:26,823 null [INFO] (/home/meteo/dev/redist/fwidbmgr/include/Grid.h:1695) Grid angstrom configured.
2017-08-28 05:11:26,898 null [INFO] (/home/meteo/dev/redist/fwidbmgr/include/Grid.h:1595) Configuring grid: sharples
2017-08-28 05:11:26,898 null [INFO] (/home/meteo/dev/redist/fwidbmgr/include/Grid.h:1695) Grid sharples configured.
2017-08-28 05:11:26,941 null [INFO] (/home/meteo/dev/redist/fwidbmgr/include/Grid.h:1595) Configuring grid: fmi
2017-08-28 05:11:26,941 null [INFO] (/home/meteo/dev/redist/fwidbmgr/include/Grid.h:1695) Grid fmi configured.
2017-08-28 05:11:26,986 null [INFO] (../src/fwidbmgr.cpp:5600) OK --> 20170827 indexes exported to files.
2017-08-28 05:11:26,986 null [INFO] (../src/fwidbmgr.cpp:5695) action exportidx took about 8 seconds.
2017-08-28 05:11:26,989 null [INFO] (../src/fwidbmgr.cpp:5699) Disconnected from database.
2017-08-28 05:11:55,538 null [INFO] (../src/fwidbmgr.cpp:5361) fwi db manager
2017-08-28 05:11:55,538 null [INFO] (../src/fwidbmgr.cpp:5365) Program home: /home/meteo/dev/redist/fwidbmgr
2017-08-28 05:11:55,538 null [INFO] (../src/fwidbmgr.cpp:5369) Auto convert: 1
2017-08-28 05:11:55,538 null [INFO] (../src/fwidbmgr.cpp:446) action: outimg.
2017-08-28 05:11:55,538 null [INFO] (../src/fwidbmgr.cpp:470) date: 20170827.
2017-08-28 05:11:55,538 null [INFO] (../src/fwidbmgr.cpp:322) Try to read: /home/meteo/dev/redist/fwidbmgr/config/fwidbmgr.conf.
2017-08-28 05:11:55,551 null [INFO] (../src/fwidbmgr.cpp:5393) Configuration parsing: OK.
2017-08-28 05:11:55,554 null [INFO] (../src/fwidbmgr.cpp:5478) Connected to database
2017-08-28 05:11:55,555 null [INFO] (../src/fwidbmgr.cpp:5480) Manage data for date: 20170827.
2017-08-28 05:11:55,555 null [INFO] (../src/fwidbmgr.cpp:5566) Importing fwi indexes images in database.
2017-08-28 05:11:55,680 null [INFO] (../src/fwidbmgr.cpp:5570) OK --> 20170827 images imported.
2017-08-28 05:11:55,680 null [INFO] (../src/fwidbmgr.cpp:5695) action outimg took about 0 seconds.
2017-08-28 05:11:55,680 null [INFO] (../src/fwidbmgr.cpp:5699) Disconnected from database.
2017-08-28 05:37:02,061 null [INFO] (../src/fwidbmgr.cpp:5361) fwi db manager
2017-08-28 05:37:02,062 null [INFO] (../src/fwidbmgr.cpp:5365) Program home: /home/meteo/dev/redist/fwidbmgr
2017-08-28 05:37:02,062 null [INFO] (../src/fwidbmgr.cpp:5369) Auto convert: 1
2017-08-28 05:37:02,062 null [INFO] (../src/fwidbmgr.cpp:446) action: outimg.
2017-08-28 05:37:02,062 null [INFO] (../src/fwidbmgr.cpp:470) date: 20170827.
2017-08-28 05:37:02,062 null [INFO] (../src/fwidbmgr.cpp:322) Try to read: /home/meteo/dev/redist/fwidbmgr/config/fwidbmgr.conf.
2017-08-28 05:37:02,069 null [INFO] (../src/fwidbmgr.cpp:5393) Configuration parsing: OK.
2017-08-28 05:37:02,074 null [INFO] (../src/fwidbmgr.cpp:5478) Connected to database
2017-08-28 05:37:02,074 null [INFO] (../src/fwidbmgr.cpp:5480) Manage data for date: 20170827.
2017-08-28 05:37:02,074 null [INFO] (../src/fwidbmgr.cpp:5566) Importing fwi indexes images in database.
2017-08-28 05:37:02,175 null [INFO] (../src/fwidbmgr.cpp:5570) OK --> 20170827 images imported.
2017-08-28 05:37:02,175 null [INFO] (../src/fwidbmgr.cpp:5695) action outimg took about 0 seconds.
2017-08-28 05:37:02,175 null [INFO] (../src/fwidbmgr.cpp:5699) Disconnected from database.
2017-08-28 06:05:01,300 null [INFO] (../src/fwidbmgr.cpp:5361) fwi db manager
2017-08-28 06:05:01,300 null [INFO] (../src/fwidbmgr.cpp:5365) Program home: /home/meteo/dev/redist/fwidbmgr
2017-08-28 06:05:01,300 null [INFO] (../src/fwidbmgr.cpp:5369) Auto convert: 1
2017-08-28 06:05:01,300 null [INFO] (../src/fwidbmgr.cpp:446) action: outimg.
2017-08-28 06:05:01,300 null [INFO] (../src/fwidbmgr.cpp:470) date: 20170827.
2017-08-28 06:05:01,300 null [INFO] (../src/fwidbmgr.cpp:322) Try to read: /home/meteo/dev/redist/fwidbmgr/config/fwidbmgr.conf.
2017-08-28 06:05:01,302 null [INFO] (../src/fwidbmgr.cpp:5393) Configuration parsing: OK.
2017-08-28 06:05:01,307 null [INFO] (../src/fwidbmgr.cpp:5478) Connected to database
2017-08-28 06:05:01,307 null [INFO] (../src/fwidbmgr.cpp:5480) Manage data for date: 20170827.
2017-08-28 06:05:01,307 null [INFO] (../src/fwidbmgr.cpp:5566) Importing fwi indexes images in database.
2017-08-28 06:05:01,392 null [INFO] (../src/fwidbmgr.cpp:5570) OK --> 20170827 images imported.
2017-08-28 06:05:01,393 null [INFO] (../src/fwidbmgr.cpp:5695) action outimg took about 0 seconds.
2017-08-28 06:05:01,393 null [INFO] (../src/fwidbmgr.cpp:5699) Disconnected from database.
2017-08-28 06:37:01,522 null [INFO] (../src/fwidbmgr.cpp:5361) fwi db manager
2017-08-28 06:37:01,522 null [INFO] (../src/fwidbmgr.cpp:5365) Program home: /home/meteo/dev/redist/fwidbmgr
2017-08-28 06:37:01,522 null [INFO] (../src/fwidbmgr.cpp:5369) Auto convert: 1
2017-08-28 06:37:01,522 null [INFO] (../src/fwidbmgr.cpp:446) action: outimg.
2017-08-28 06:37:01,522 null [INFO] (../src/fwidbmgr.cpp:470) date: 20170827.
2017-08-28 06:37:01,522 null [INFO] (../src/fwidbmgr.cpp:322) Try to read: /home/meteo/dev/redist/fwidbmgr/config/fwidbmgr.conf.
2017-08-28 06:37:01,524 null [INFO] (../src/fwidbmgr.cpp:5393) Configuration parsing: OK.
2017-08-28 06:37:01,533 null [INFO] (../src/fwidbmgr.cpp:5478) Connected to database
2017-08-28 06:37:01,533 null [INFO] (../src/fwidbmgr.cpp:5480) Manage data for date: 20170827.
2017-08-28 06:37:01,533 null [INFO] (../src/fwidbmgr.cpp:5566) Importing fwi indexes images in database.
2017-08-28 06:37:01,617 null [INFO] (../src/fwidbmgr.cpp:5570) OK --> 20170827 images imported.
2017-08-28 06:37:01,617 null [INFO] (../src/fwidbmgr.cpp:5695) action outimg took about 0 seconds.
2017-08-28 06:37:01,617 null [INFO] (../src/fwidbmgr.cpp:5699) Disconnected from database.
2017-08-28 07:05:01,344 null [INFO] (../src/fwidbmgr.cpp:5361) fwi db manager
2017-08-28 07:05:01,344 null [INFO] (../src/fwidbmgr.cpp:5365) Program home: /home/meteo/dev/redist/fwidbmgr
2017-08-28 07:05:01,344 null [INFO] (../src/fwidbmgr.cpp:5369) Auto convert: 1
2017-08-28 07:05:01,344 null [INFO] (../src/fwidbmgr.cpp:446) action: outimg.
2017-08-28 07:05:01,344 null [INFO] (../src/fwidbmgr.cpp:470) date: 20170827.
2017-08-28 07:05:01,344 null [INFO] (../src/fwidbmgr.cpp:322) Try to read: /home/meteo/dev/redist/fwidbmgr/config/fwidbmgr.conf.
2017-08-28 07:05:01,346 null [INFO] (../src/fwidbmgr.cpp:5393) Configuration parsing: OK.
2017-08-28 07:05:01,352 null [INFO] (../src/fwidbmgr.cpp:5478) Connected to database
2017-08-28 07:05:01,352 null [INFO] (../src/fwidbmgr.cpp:5480) Manage data for date: 20170827.
2017-08-28 07:05:01,353 null [INFO] (../src/fwidbmgr.cpp:5566) Importing fwi indexes images in database.
2017-08-28 07:05:01,425 null [INFO] (../src/fwidbmgr.cpp:5570) OK --> 20170827 images imported.
2017-08-28 07:05:01,425 null [INFO] (../src/fwidbmgr.cpp:5695) action outimg took about 0 seconds.
2017-08-28 07:05:01,425 null [INFO] (../src/fwidbmgr.cpp:5699) Disconnected from database.
2017-08-28 07:37:01,577 null [INFO] (../src/fwidbmgr.cpp:5361) fwi db manager
2017-08-28 07:37:01,577 null [INFO] (../src/fwidbmgr.cpp:5365) Program home: /home/meteo/dev/redist/fwidbmgr
2017-08-28 07:37:01,577 null [INFO] (../src/fwidbmgr.cpp:5369) Auto convert: 1
2017-08-28 07:37:01,577 null [INFO] (../src/fwidbmgr.cpp:446) action: outimg.
2017-08-28 07:37:01,577 null [INFO] (../src/fwidbmgr.cpp:470) date: 20170827.
2017-08-28 07:37:01,577 null [INFO] (../src/fwidbmgr.cpp:322) Try to read: /home/meteo/dev/redist/fwidbmgr/config/fwidbmgr.conf.
2017-08-28 07:37:01,579 null [INFO] (../src/fwidbmgr.cpp:5393) Configuration parsing: OK.
2017-08-28 07:37:01,592 null [INFO] (../src/fwidbmgr.cpp:5478) Connected to database
2017-08-28 07:37:01,592 null [INFO] (../src/fwidbmgr.cpp:5480) Manage data for date: 20170827.
2017-08-28 07:37:01,592 null [INFO] (../src/fwidbmgr.cpp:5566) Importing fwi indexes images in database.
2017-08-28 07:37:01,686 null [INFO] (../src/fwidbmgr.cpp:5570) OK --> 20170827 images imported.
2017-08-28 07:37:01,686 null [INFO] (../src/fwidbmgr.cpp:5695) action outimg took about 0 seconds.
2017-08-28 07:37:01,686 null [INFO] (../src/fwidbmgr.cpp:5699) Disconnected from database.
