2018-10-03 05:06:56,968 null [INFO] (../src/fwidbmgr.cpp:5361) fwi db manager
2018-10-03 05:06:56,968 null [INFO] (../src/fwidbmgr.cpp:5365) Program home: /home/meteo/dev/redist/fwidbmgr
2018-10-03 05:06:56,968 null [INFO] (../src/fwidbmgr.cpp:5369) Auto convert: 1
2018-10-03 05:06:56,968 null [INFO] (../src/fwidbmgr.cpp:446) action: in.
2018-10-03 05:06:56,968 null [INFO] (../src/fwidbmgr.cpp:470) date: 20181002.
2018-10-03 05:06:56,968 null [INFO] (../src/fwidbmgr.cpp:322) Try to read: /home/meteo/dev/redist/fwidbmgr/config/fwidbmgr.conf.
2018-10-03 05:06:56,970 null [INFO] (../src/fwidbmgr.cpp:5393) Configuration parsing: OK.
2018-10-03 05:06:56,974 null [INFO] (../src/fwidbmgr.cpp:5478) Connected to database
2018-10-03 05:06:56,974 null [INFO] (../src/fwidbmgr.cpp:5480) Manage data for date: 20181002.
2018-10-03 05:06:56,974 null [INFO] (../src/fwidbmgr.cpp:5536) Importing meteo data in database for day: 20181002.
2018-10-03 05:06:56,975 null [INFO] (/home/meteo/dev/redist/fwidbmgr/include/Grid.h:1595) Configuring grid: snow
2018-10-03 05:06:56,975 null [INFO] (/home/meteo/dev/redist/fwidbmgr/include/Grid.h:1695) Grid snow configured.
2018-10-03 05:06:56,987 null [INFO] (/home/meteo/dev/redist/fwidbmgr/include/Grid.h:1595) Configuring grid: snow_covering
2018-10-03 05:06:56,987 null [INFO] (/home/meteo/dev/redist/fwidbmgr/include/Grid.h:1695) Grid snow_covering configured.
2018-10-03 05:06:57,000 null [INFO] (/home/meteo/dev/redist/fwidbmgr/include/Grid.h:1595) Configuring grid: snow_dissolution
2018-10-03 05:06:57,000 null [INFO] (/home/meteo/dev/redist/fwidbmgr/include/Grid.h:1695) Grid snow_dissolution configured.
2018-10-03 05:06:57,023 null [INFO] (/home/meteo/dev/redist/fwidbmgr/include/Grid.h:1595) Configuring grid: temperature
2018-10-03 05:06:57,023 null [INFO] (/home/meteo/dev/redist/fwidbmgr/include/Grid.h:1695) Grid temperature configured.
2018-10-03 05:06:57,028 null [INFO] (/home/meteo/dev/redist/fwidbmgr/include/Grid.h:1595) Configuring grid: humidity
2018-10-03 05:06:57,028 null [INFO] (/home/meteo/dev/redist/fwidbmgr/include/Grid.h:1695) Grid humidity configured.
2018-10-03 05:06:57,038 null [INFO] (/home/meteo/dev/redist/fwidbmgr/include/Grid.h:1595) Configuring grid: windspeed
2018-10-03 05:06:57,038 null [INFO] (/home/meteo/dev/redist/fwidbmgr/include/Grid.h:1695) Grid windspeed configured.
2018-10-03 05:06:57,060 null [INFO] (/home/meteo/dev/redist/fwidbmgr/include/Grid.h:1595) Configuring grid: rain
2018-10-03 05:06:57,060 null [INFO] (/home/meteo/dev/redist/fwidbmgr/include/Grid.h:1695) Grid rain configured.
2018-10-03 05:06:57,063 null [INFO] (/home/meteo/dev/redist/fwidbmgr/include/Grid.h:1595) Configuring grid: cum_rain
2018-10-03 05:06:57,063 null [INFO] (/home/meteo/dev/redist/fwidbmgr/include/Grid.h:1695) Grid cum_rain configured.
2018-10-03 05:06:59,788 null [INFO] (../src/fwidbmgr.cpp:1518) Storing meteo input ...
2018-10-03 05:07:14,704 null [INFO] (../src/fwidbmgr.cpp:5540) OK --> 20181002 data imported.
2018-10-03 05:07:14,744 null [INFO] (../src/fwidbmgr.cpp:5695) action in took about 18 seconds.
2018-10-03 05:07:14,835 null [INFO] (../src/fwidbmgr.cpp:5699) Disconnected from database.
2018-10-03 05:08:23,879 null [INFO] (../src/fwidbmgr.cpp:5361) fwi db manager
2018-10-03 05:08:23,879 null [INFO] (../src/fwidbmgr.cpp:5365) Program home: /home/meteo/dev/redist/fwidbmgr
2018-10-03 05:08:23,880 null [INFO] (../src/fwidbmgr.cpp:5369) Auto convert: 1
2018-10-03 05:08:23,880 null [INFO] (../src/fwidbmgr.cpp:446) action: out.
2018-10-03 05:08:23,880 null [INFO] (../src/fwidbmgr.cpp:470) date: 20181002.
2018-10-03 05:08:23,880 null [INFO] (../src/fwidbmgr.cpp:322) Try to read: /home/meteo/dev/redist/fwidbmgr/config/fwidbmgr.conf.
2018-10-03 05:08:23,894 null [INFO] (../src/fwidbmgr.cpp:5393) Configuration parsing: OK.
2018-10-03 05:08:23,919 null [INFO] (../src/fwidbmgr.cpp:5478) Connected to database
2018-10-03 05:08:23,919 null [INFO] (../src/fwidbmgr.cpp:5480) Manage data for date: 20181002.
2018-10-03 05:08:23,920 null [INFO] (../src/fwidbmgr.cpp:5551) Importing fwi indexes data in database for day: 20181002.
2018-10-03 05:08:23,933 null [INFO] (/home/meteo/dev/redist/fwidbmgr/include/Grid.h:1595) Configuring grid: isi
2018-10-03 05:08:23,933 null [INFO] (/home/meteo/dev/redist/fwidbmgr/include/Grid.h:1695) Grid isi configured.
2018-10-03 05:08:23,946 null [INFO] (/home/meteo/dev/redist/fwidbmgr/include/Grid.h:1595) Configuring grid: fwi
2018-10-03 05:08:23,946 null [INFO] (/home/meteo/dev/redist/fwidbmgr/include/Grid.h:1695) Grid fwi configured.
2018-10-03 05:08:23,958 null [INFO] (/home/meteo/dev/redist/fwidbmgr/include/Grid.h:1595) Configuring grid: ffmc
2018-10-03 05:08:23,959 null [INFO] (/home/meteo/dev/redist/fwidbmgr/include/Grid.h:1695) Grid ffmc configured.
2018-10-03 05:08:23,972 null [INFO] (/home/meteo/dev/redist/fwidbmgr/include/Grid.h:1595) Configuring grid: dmc
2018-10-03 05:08:23,972 null [INFO] (/home/meteo/dev/redist/fwidbmgr/include/Grid.h:1695) Grid dmc configured.
2018-10-03 05:08:23,985 null [INFO] (/home/meteo/dev/redist/fwidbmgr/include/Grid.h:1595) Configuring grid: dc
2018-10-03 05:08:23,985 null [INFO] (/home/meteo/dev/redist/fwidbmgr/include/Grid.h:1695) Grid dc configured.
2018-10-03 05:08:23,998 null [INFO] (/home/meteo/dev/redist/fwidbmgr/include/Grid.h:1595) Configuring grid: bui
2018-10-03 05:08:23,998 null [INFO] (/home/meteo/dev/redist/fwidbmgr/include/Grid.h:1695) Grid bui configured.
2018-10-03 05:08:24,011 null [INFO] (/home/meteo/dev/redist/fwidbmgr/include/Grid.h:1595) Configuring grid: ffmc_tmp
2018-10-03 05:08:24,011 null [INFO] (/home/meteo/dev/redist/fwidbmgr/include/Grid.h:1695) Grid ffmc_tmp configured.
2018-10-03 05:08:24,054 null [INFO] (/home/meteo/dev/redist/fwidbmgr/include/Grid.h:1595) Configuring grid: dmc_tmp
2018-10-03 05:08:24,054 null [INFO] (/home/meteo/dev/redist/fwidbmgr/include/Grid.h:1695) Grid dmc_tmp configured.
2018-10-03 05:08:24,078 null [INFO] (/home/meteo/dev/redist/fwidbmgr/include/Grid.h:1595) Configuring grid: dc_tmp
2018-10-03 05:08:24,078 null [INFO] (/home/meteo/dev/redist/fwidbmgr/include/Grid.h:1695) Grid dc_tmp configured.
2018-10-03 05:08:24,105 null [INFO] (/home/meteo/dev/redist/fwidbmgr/include/Grid.h:1595) Configuring grid: idi
2018-10-03 05:08:24,105 null [INFO] (/home/meteo/dev/redist/fwidbmgr/include/Grid.h:1695) Grid idi configured.
2018-10-03 05:08:31,171 null [INFO] (../src/fwidbmgr.cpp:2081) Storing FWI indexes ...
2018-10-03 05:08:54,258 null [INFO] (../src/fwidbmgr.cpp:5555) OK --> 20181002 data imported.
2018-10-03 05:08:54,320 null [INFO] (../src/fwidbmgr.cpp:5695) action out took about 31 seconds.
2018-10-03 05:08:54,321 null [INFO] (../src/fwidbmgr.cpp:5699) Disconnected from database.
2018-10-03 05:08:54,884 null [INFO] (../src/fwidbmgr.cpp:5361) fwi db manager
2018-10-03 05:08:54,884 null [INFO] (../src/fwidbmgr.cpp:5365) Program home: /home/meteo/dev/redist/fwidbmgr
2018-10-03 05:08:54,884 null [INFO] (../src/fwidbmgr.cpp:5369) Auto convert: 1
2018-10-03 05:08:54,884 null [INFO] (../src/fwidbmgr.cpp:446) action: computeidx.
2018-10-03 05:08:54,884 null [INFO] (../src/fwidbmgr.cpp:470) date: 20181002.
2018-10-03 05:08:54,884 null [INFO] (../src/fwidbmgr.cpp:322) Try to read: /home/meteo/dev/redist/fwidbmgr/config/fwidbmgr.conf.
2018-10-03 05:08:54,889 null [INFO] (../src/fwidbmgr.cpp:5393) Configuration parsing: OK.
2018-10-03 05:08:54,913 null [INFO] (../src/fwidbmgr.cpp:5478) Connected to database
2018-10-03 05:08:54,913 null [INFO] (../src/fwidbmgr.cpp:5480) Manage data for date: 20181002.
2018-10-03 05:08:54,914 null [INFO] (../src/fwidbmgr.cpp:5656) Computing indexes.
2018-10-03 05:08:54,915 null [INFO] (/home/meteo/dev/redist/fwidbmgr/include/Grid.h:1595) Configuring grid: isi
2018-10-03 05:08:54,915 null [INFO] (/home/meteo/dev/redist/fwidbmgr/include/Grid.h:1695) Grid isi configured.
2018-10-03 05:08:54,917 null [INFO] (/home/meteo/dev/redist/fwidbmgr/include/Grid.h:1595) Configuring grid: fwi
2018-10-03 05:08:54,917 null [INFO] (/home/meteo/dev/redist/fwidbmgr/include/Grid.h:1695) Grid fwi configured.
2018-10-03 05:08:54,918 null [INFO] (/home/meteo/dev/redist/fwidbmgr/include/Grid.h:1595) Configuring grid: ffmc
2018-10-03 05:08:54,918 null [INFO] (/home/meteo/dev/redist/fwidbmgr/include/Grid.h:1695) Grid ffmc configured.
2018-10-03 05:08:54,919 null [INFO] (/home/meteo/dev/redist/fwidbmgr/include/Grid.h:1595) Configuring grid: dmc
2018-10-03 05:08:54,919 null [INFO] (/home/meteo/dev/redist/fwidbmgr/include/Grid.h:1695) Grid dmc configured.
2018-10-03 05:08:54,921 null [INFO] (/home/meteo/dev/redist/fwidbmgr/include/Grid.h:1595) Configuring grid: dc
2018-10-03 05:08:54,921 null [INFO] (/home/meteo/dev/redist/fwidbmgr/include/Grid.h:1695) Grid dc configured.
2018-10-03 05:08:54,922 null [INFO] (/home/meteo/dev/redist/fwidbmgr/include/Grid.h:1595) Configuring grid: bui
2018-10-03 05:08:54,922 null [INFO] (/home/meteo/dev/redist/fwidbmgr/include/Grid.h:1695) Grid bui configured.
2018-10-03 05:08:54,923 null [INFO] (/home/meteo/dev/redist/fwidbmgr/include/Grid.h:1595) Configuring grid: ffmc_tmp
2018-10-03 05:08:54,923 null [INFO] (/home/meteo/dev/redist/fwidbmgr/include/Grid.h:1695) Grid ffmc_tmp configured.
2018-10-03 05:08:54,925 null [INFO] (/home/meteo/dev/redist/fwidbmgr/include/Grid.h:1595) Configuring grid: dmc_tmp
2018-10-03 05:08:54,925 null [INFO] (/home/meteo/dev/redist/fwidbmgr/include/Grid.h:1695) Grid dmc_tmp configured.
2018-10-03 05:08:54,926 null [INFO] (/home/meteo/dev/redist/fwidbmgr/include/Grid.h:1595) Configuring grid: dc_tmp
2018-10-03 05:08:54,926 null [INFO] (/home/meteo/dev/redist/fwidbmgr/include/Grid.h:1695) Grid dc_tmp configured.
2018-10-03 05:08:54,927 null [INFO] (/home/meteo/dev/redist/fwidbmgr/include/Grid.h:1595) Configuring grid: idi
2018-10-03 05:08:54,927 null [INFO] (/home/meteo/dev/redist/fwidbmgr/include/Grid.h:1695) Grid idi configured.
2018-10-03 05:08:54,929 null [INFO] (/home/meteo/dev/redist/fwidbmgr/include/Grid.h:1595) Configuring grid: angstrom
2018-10-03 05:08:54,929 null [INFO] (/home/meteo/dev/redist/fwidbmgr/include/Grid.h:1695) Grid angstrom configured.
2018-10-03 05:08:54,930 null [INFO] (/home/meteo/dev/redist/fwidbmgr/include/Grid.h:1595) Configuring grid: fmi
2018-10-03 05:08:54,930 null [INFO] (/home/meteo/dev/redist/fwidbmgr/include/Grid.h:1695) Grid fmi configured.
2018-10-03 05:08:54,931 null [INFO] (/home/meteo/dev/redist/fwidbmgr/include/Grid.h:1595) Configuring grid: sharples
2018-10-03 05:08:54,932 null [INFO] (/home/meteo/dev/redist/fwidbmgr/include/Grid.h:1695) Grid sharples configured.
2018-10-03 05:09:04,060 null [INFO] (/home/meteo/dev/redist/fwidbmgr/include/Grid.h:1595) Configuring grid: snow
2018-10-03 05:09:04,060 null [INFO] (/home/meteo/dev/redist/fwidbmgr/include/Grid.h:1695) Grid snow configured.
2018-10-03 05:09:04,060 null [INFO] (/home/meteo/dev/redist/fwidbmgr/include/Grid.h:1595) Configuring grid: snow_covering
2018-10-03 05:09:04,060 null [INFO] (/home/meteo/dev/redist/fwidbmgr/include/Grid.h:1695) Grid snow_covering configured.
2018-10-03 05:09:04,061 null [INFO] (/home/meteo/dev/redist/fwidbmgr/include/Grid.h:1595) Configuring grid: snow_dissolution
2018-10-03 05:09:04,061 null [INFO] (/home/meteo/dev/redist/fwidbmgr/include/Grid.h:1695) Grid snow_dissolution configured.
2018-10-03 05:09:04,061 null [INFO] (/home/meteo/dev/redist/fwidbmgr/include/Grid.h:1595) Configuring grid: temperature
2018-10-03 05:09:04,061 null [INFO] (/home/meteo/dev/redist/fwidbmgr/include/Grid.h:1695) Grid temperature configured.
2018-10-03 05:09:04,061 null [INFO] (/home/meteo/dev/redist/fwidbmgr/include/Grid.h:1595) Configuring grid: humidity
2018-10-03 05:09:04,061 null [INFO] (/home/meteo/dev/redist/fwidbmgr/include/Grid.h:1695) Grid humidity configured.
2018-10-03 05:09:04,061 null [INFO] (/home/meteo/dev/redist/fwidbmgr/include/Grid.h:1595) Configuring grid: windspeed
2018-10-03 05:09:04,061 null [INFO] (/home/meteo/dev/redist/fwidbmgr/include/Grid.h:1695) Grid windspeed configured.
2018-10-03 05:09:04,061 null [INFO] (/home/meteo/dev/redist/fwidbmgr/include/Grid.h:1595) Configuring grid: rain
2018-10-03 05:09:04,061 null [INFO] (/home/meteo/dev/redist/fwidbmgr/include/Grid.h:1695) Grid rain configured.
2018-10-03 05:09:04,062 null [INFO] (/home/meteo/dev/redist/fwidbmgr/include/Grid.h:1595) Configuring grid: cum_rain
2018-10-03 05:09:04,062 null [INFO] (/home/meteo/dev/redist/fwidbmgr/include/Grid.h:1695) Grid cum_rain configured.
2018-10-03 05:11:11,658 null [INFO] (../src/fwidbmgr.cpp:5660) OK --> 20181002 indexes computed.
2018-10-03 05:11:11,665 null [INFO] (../src/fwidbmgr.cpp:5695) action computeidx took about 137 seconds.
2018-10-03 05:11:11,665 null [INFO] (../src/fwidbmgr.cpp:5699) Disconnected from database.
2018-10-03 05:11:11,799 null [INFO] (../src/fwidbmgr.cpp:5361) fwi db manager
2018-10-03 05:11:11,799 null [INFO] (../src/fwidbmgr.cpp:5365) Program home: /home/meteo/dev/redist/fwidbmgr
2018-10-03 05:11:11,799 null [INFO] (../src/fwidbmgr.cpp:5369) Auto convert: 1
2018-10-03 05:11:11,799 null [INFO] (../src/fwidbmgr.cpp:446) action: exportidx.
2018-10-03 05:11:11,799 null [INFO] (../src/fwidbmgr.cpp:470) date: 20181002.
2018-10-03 05:11:11,799 null [INFO] (../src/fwidbmgr.cpp:322) Try to read: /home/meteo/dev/redist/fwidbmgr/config/fwidbmgr.conf.
2018-10-03 05:11:11,804 null [INFO] (../src/fwidbmgr.cpp:5393) Configuration parsing: OK.
2018-10-03 05:11:11,838 null [INFO] (../src/fwidbmgr.cpp:5478) Connected to database
2018-10-03 05:11:11,839 null [INFO] (../src/fwidbmgr.cpp:5480) Manage data for date: 20181002.
2018-10-03 05:11:11,839 null [INFO] (../src/fwidbmgr.cpp:5596) Exporting indexes.
2018-10-03 05:11:11,840 null [INFO] (/home/meteo/dev/redist/fwidbmgr/include/Grid.h:1595) Configuring grid: isi
2018-10-03 05:11:11,840 null [INFO] (/home/meteo/dev/redist/fwidbmgr/include/Grid.h:1695) Grid isi configured.
2018-10-03 05:11:11,841 null [INFO] (/home/meteo/dev/redist/fwidbmgr/include/Grid.h:1595) Configuring grid: fwi
2018-10-03 05:11:11,842 null [INFO] (/home/meteo/dev/redist/fwidbmgr/include/Grid.h:1695) Grid fwi configured.
2018-10-03 05:11:11,843 null [INFO] (/home/meteo/dev/redist/fwidbmgr/include/Grid.h:1595) Configuring grid: ffmc
2018-10-03 05:11:11,843 null [INFO] (/home/meteo/dev/redist/fwidbmgr/include/Grid.h:1695) Grid ffmc configured.
2018-10-03 05:11:11,844 null [INFO] (/home/meteo/dev/redist/fwidbmgr/include/Grid.h:1595) Configuring grid: dmc
2018-10-03 05:11:11,844 null [INFO] (/home/meteo/dev/redist/fwidbmgr/include/Grid.h:1695) Grid dmc configured.
2018-10-03 05:11:11,845 null [INFO] (/home/meteo/dev/redist/fwidbmgr/include/Grid.h:1595) Configuring grid: dc
2018-10-03 05:11:11,845 null [INFO] (/home/meteo/dev/redist/fwidbmgr/include/Grid.h:1695) Grid dc configured.
2018-10-03 05:11:11,847 null [INFO] (/home/meteo/dev/redist/fwidbmgr/include/Grid.h:1595) Configuring grid: bui
2018-10-03 05:11:11,847 null [INFO] (/home/meteo/dev/redist/fwidbmgr/include/Grid.h:1695) Grid bui configured.
2018-10-03 05:11:11,848 null [INFO] (/home/meteo/dev/redist/fwidbmgr/include/Grid.h:1595) Configuring grid: ffmc_tmp
2018-10-03 05:11:11,848 null [INFO] (/home/meteo/dev/redist/fwidbmgr/include/Grid.h:1695) Grid ffmc_tmp configured.
2018-10-03 05:11:11,849 null [INFO] (/home/meteo/dev/redist/fwidbmgr/include/Grid.h:1595) Configuring grid: dmc_tmp
2018-10-03 05:11:11,849 null [INFO] (/home/meteo/dev/redist/fwidbmgr/include/Grid.h:1695) Grid dmc_tmp configured.
2018-10-03 05:11:11,851 null [INFO] (/home/meteo/dev/redist/fwidbmgr/include/Grid.h:1595) Configuring grid: dc_tmp
2018-10-03 05:11:11,851 null [INFO] (/home/meteo/dev/redist/fwidbmgr/include/Grid.h:1695) Grid dc_tmp configured.
2018-10-03 05:11:11,852 null [INFO] (/home/meteo/dev/redist/fwidbmgr/include/Grid.h:1595) Configuring grid: idi
2018-10-03 05:11:11,852 null [INFO] (/home/meteo/dev/redist/fwidbmgr/include/Grid.h:1695) Grid idi configured.
2018-10-03 05:11:11,853 null [INFO] (/home/meteo/dev/redist/fwidbmgr/include/Grid.h:1595) Configuring grid: angstrom
2018-10-03 05:11:11,853 null [INFO] (/home/meteo/dev/redist/fwidbmgr/include/Grid.h:1695) Grid angstrom configured.
2018-10-03 05:11:11,855 null [INFO] (/home/meteo/dev/redist/fwidbmgr/include/Grid.h:1595) Configuring grid: fmi
2018-10-03 05:11:11,855 null [INFO] (/home/meteo/dev/redist/fwidbmgr/include/Grid.h:1695) Grid fmi configured.
2018-10-03 05:11:11,856 null [INFO] (/home/meteo/dev/redist/fwidbmgr/include/Grid.h:1595) Configuring grid: sharples
2018-10-03 05:11:11,856 null [INFO] (/home/meteo/dev/redist/fwidbmgr/include/Grid.h:1695) Grid sharples configured.
2018-10-03 05:11:21,422 null [INFO] (/home/meteo/dev/redist/fwidbmgr/include/Grid.h:1595) Configuring grid: isi
2018-10-03 05:11:21,422 null [INFO] (/home/meteo/dev/redist/fwidbmgr/include/Grid.h:1695) Grid isi configured.
2018-10-03 05:11:21,479 null [INFO] (/home/meteo/dev/redist/fwidbmgr/include/Grid.h:1595) Configuring grid: fwi
2018-10-03 05:11:21,479 null [INFO] (/home/meteo/dev/redist/fwidbmgr/include/Grid.h:1695) Grid fwi configured.
2018-10-03 05:11:21,516 null [INFO] (/home/meteo/dev/redist/fwidbmgr/include/Grid.h:1595) Configuring grid: ffmc
2018-10-03 05:11:21,516 null [INFO] (/home/meteo/dev/redist/fwidbmgr/include/Grid.h:1695) Grid ffmc configured.
2018-10-03 05:11:21,554 null [INFO] (/home/meteo/dev/redist/fwidbmgr/include/Grid.h:1595) Configuring grid: dmc
2018-10-03 05:11:21,554 null [INFO] (/home/meteo/dev/redist/fwidbmgr/include/Grid.h:1695) Grid dmc configured.
2018-10-03 05:11:21,591 null [INFO] (/home/meteo/dev/redist/fwidbmgr/include/Grid.h:1595) Configuring grid: dc
2018-10-03 05:11:21,592 null [INFO] (/home/meteo/dev/redist/fwidbmgr/include/Grid.h:1695) Grid dc configured.
2018-10-03 05:11:21,630 null [INFO] (/home/meteo/dev/redist/fwidbmgr/include/Grid.h:1595) Configuring grid: bui
2018-10-03 05:11:21,630 null [INFO] (/home/meteo/dev/redist/fwidbmgr/include/Grid.h:1695) Grid bui configured.
2018-10-03 05:11:21,667 null [INFO] (/home/meteo/dev/redist/fwidbmgr/include/Grid.h:1595) Configuring grid: ffmc_tmp
2018-10-03 05:11:21,668 null [INFO] (/home/meteo/dev/redist/fwidbmgr/include/Grid.h:1695) Grid ffmc_tmp configured.
2018-10-03 05:11:21,703 null [INFO] (/home/meteo/dev/redist/fwidbmgr/include/Grid.h:1595) Configuring grid: dmc_tmp
2018-10-03 05:11:21,703 null [INFO] (/home/meteo/dev/redist/fwidbmgr/include/Grid.h:1695) Grid dmc_tmp configured.
2018-10-03 05:11:21,739 null [INFO] (/home/meteo/dev/redist/fwidbmgr/include/Grid.h:1595) Configuring grid: dc_tmp
2018-10-03 05:11:21,739 null [INFO] (/home/meteo/dev/redist/fwidbmgr/include/Grid.h:1695) Grid dc_tmp configured.
2018-10-03 05:11:21,775 null [INFO] (/home/meteo/dev/redist/fwidbmgr/include/Grid.h:1595) Configuring grid: angstrom
2018-10-03 05:11:21,775 null [INFO] (/home/meteo/dev/redist/fwidbmgr/include/Grid.h:1695) Grid angstrom configured.
2018-10-03 05:11:21,837 null [INFO] (/home/meteo/dev/redist/fwidbmgr/include/Grid.h:1595) Configuring grid: sharples
2018-10-03 05:11:21,837 null [INFO] (/home/meteo/dev/redist/fwidbmgr/include/Grid.h:1695) Grid sharples configured.
2018-10-03 05:11:21,875 null [INFO] (/home/meteo/dev/redist/fwidbmgr/include/Grid.h:1595) Configuring grid: fmi
2018-10-03 05:11:21,875 null [INFO] (/home/meteo/dev/redist/fwidbmgr/include/Grid.h:1695) Grid fmi configured.
2018-10-03 05:11:21,921 null [INFO] (../src/fwidbmgr.cpp:5600) OK --> 20181002 indexes exported to files.
2018-10-03 05:11:21,921 null [INFO] (../src/fwidbmgr.cpp:5695) action exportidx took about 10 seconds.
2018-10-03 05:11:21,921 null [INFO] (../src/fwidbmgr.cpp:5699) Disconnected from database.
2018-10-03 05:11:48,687 null [INFO] (../src/fwidbmgr.cpp:5361) fwi db manager
2018-10-03 05:11:48,687 null [INFO] (../src/fwidbmgr.cpp:5365) Program home: /home/meteo/dev/redist/fwidbmgr
2018-10-03 05:11:48,687 null [INFO] (../src/fwidbmgr.cpp:5369) Auto convert: 1
2018-10-03 05:11:48,687 null [INFO] (../src/fwidbmgr.cpp:446) action: outimg.
2018-10-03 05:11:48,687 null [INFO] (../src/fwidbmgr.cpp:470) date: 20181002.
2018-10-03 05:11:48,687 null [INFO] (../src/fwidbmgr.cpp:322) Try to read: /home/meteo/dev/redist/fwidbmgr/config/fwidbmgr.conf.
2018-10-03 05:11:48,697 null [INFO] (../src/fwidbmgr.cpp:5393) Configuration parsing: OK.
2018-10-03 05:11:48,706 null [INFO] (../src/fwidbmgr.cpp:5478) Connected to database
2018-10-03 05:11:48,706 null [INFO] (../src/fwidbmgr.cpp:5480) Manage data for date: 20181002.
2018-10-03 05:11:48,706 null [INFO] (../src/fwidbmgr.cpp:5566) Importing fwi indexes images in database.
2018-10-03 05:11:49,102 null [INFO] (../src/fwidbmgr.cpp:5570) OK --> 20181002 images imported.
2018-10-03 05:11:49,102 null [INFO] (../src/fwidbmgr.cpp:5695) action outimg took about 1 seconds.
2018-10-03 05:11:49,102 null [INFO] (../src/fwidbmgr.cpp:5699) Disconnected from database.
2018-10-03 05:37:01,127 null [INFO] (../src/fwidbmgr.cpp:5361) fwi db manager
2018-10-03 05:37:01,127 null [INFO] (../src/fwidbmgr.cpp:5365) Program home: /home/meteo/dev/redist/fwidbmgr
2018-10-03 05:37:01,127 null [INFO] (../src/fwidbmgr.cpp:5369) Auto convert: 1
2018-10-03 05:37:01,127 null [INFO] (../src/fwidbmgr.cpp:446) action: outimg.
2018-10-03 05:37:01,127 null [INFO] (../src/fwidbmgr.cpp:470) date: 20181002.
2018-10-03 05:37:01,127 null [INFO] (../src/fwidbmgr.cpp:322) Try to read: /home/meteo/dev/redist/fwidbmgr/config/fwidbmgr.conf.
2018-10-03 05:37:01,130 null [INFO] (../src/fwidbmgr.cpp:5393) Configuration parsing: OK.
2018-10-03 05:37:01,135 null [INFO] (../src/fwidbmgr.cpp:5478) Connected to database
2018-10-03 05:37:01,135 null [INFO] (../src/fwidbmgr.cpp:5480) Manage data for date: 20181002.
2018-10-03 05:37:01,135 null [INFO] (../src/fwidbmgr.cpp:5566) Importing fwi indexes images in database.
2018-10-03 05:37:01,243 null [INFO] (../src/fwidbmgr.cpp:5570) OK --> 20181002 images imported.
2018-10-03 05:37:01,243 null [INFO] (../src/fwidbmgr.cpp:5695) action outimg took about 0 seconds.
2018-10-03 05:37:01,243 null [INFO] (../src/fwidbmgr.cpp:5699) Disconnected from database.
2018-10-03 06:05:01,392 null [INFO] (../src/fwidbmgr.cpp:5361) fwi db manager
2018-10-03 06:05:01,393 null [INFO] (../src/fwidbmgr.cpp:5365) Program home: /home/meteo/dev/redist/fwidbmgr
2018-10-03 06:05:01,393 null [INFO] (../src/fwidbmgr.cpp:5369) Auto convert: 1
2018-10-03 06:05:01,393 null [INFO] (../src/fwidbmgr.cpp:446) action: outimg.
2018-10-03 06:05:01,393 null [INFO] (../src/fwidbmgr.cpp:470) date: 20181002.
2018-10-03 06:05:01,393 null [INFO] (../src/fwidbmgr.cpp:322) Try to read: /home/meteo/dev/redist/fwidbmgr/config/fwidbmgr.conf.
2018-10-03 06:05:01,395 null [INFO] (../src/fwidbmgr.cpp:5393) Configuration parsing: OK.
2018-10-03 06:05:01,400 null [INFO] (../src/fwidbmgr.cpp:5478) Connected to database
2018-10-03 06:05:01,400 null [INFO] (../src/fwidbmgr.cpp:5480) Manage data for date: 20181002.
2018-10-03 06:05:01,400 null [INFO] (../src/fwidbmgr.cpp:5566) Importing fwi indexes images in database.
2018-10-03 06:05:01,476 null [INFO] (../src/fwidbmgr.cpp:5570) OK --> 20181002 images imported.
2018-10-03 06:05:01,476 null [INFO] (../src/fwidbmgr.cpp:5695) action outimg took about 0 seconds.
2018-10-03 06:05:01,477 null [INFO] (../src/fwidbmgr.cpp:5699) Disconnected from database.
2018-10-03 06:37:01,621 null [INFO] (../src/fwidbmgr.cpp:5361) fwi db manager
2018-10-03 06:37:01,621 null [INFO] (../src/fwidbmgr.cpp:5365) Program home: /home/meteo/dev/redist/fwidbmgr
2018-10-03 06:37:01,622 null [INFO] (../src/fwidbmgr.cpp:5369) Auto convert: 1
2018-10-03 06:37:01,622 null [INFO] (../src/fwidbmgr.cpp:446) action: outimg.
2018-10-03 06:37:01,622 null [INFO] (../src/fwidbmgr.cpp:470) date: 20181002.
2018-10-03 06:37:01,622 null [INFO] (../src/fwidbmgr.cpp:322) Try to read: /home/meteo/dev/redist/fwidbmgr/config/fwidbmgr.conf.
2018-10-03 06:37:01,624 null [INFO] (../src/fwidbmgr.cpp:5393) Configuration parsing: OK.
2018-10-03 06:37:01,630 null [INFO] (../src/fwidbmgr.cpp:5478) Connected to database
2018-10-03 06:37:01,630 null [INFO] (../src/fwidbmgr.cpp:5480) Manage data for date: 20181002.
2018-10-03 06:37:01,631 null [INFO] (../src/fwidbmgr.cpp:5566) Importing fwi indexes images in database.
2018-10-03 06:37:01,714 null [INFO] (../src/fwidbmgr.cpp:5570) OK --> 20181002 images imported.
2018-10-03 06:37:01,715 null [INFO] (../src/fwidbmgr.cpp:5695) action outimg took about 0 seconds.
2018-10-03 06:37:01,715 null [INFO] (../src/fwidbmgr.cpp:5699) Disconnected from database.
2018-10-03 07:05:01,242 null [INFO] (../src/fwidbmgr.cpp:5361) fwi db manager
2018-10-03 07:05:01,242 null [INFO] (../src/fwidbmgr.cpp:5365) Program home: /home/meteo/dev/redist/fwidbmgr
2018-10-03 07:05:01,242 null [INFO] (../src/fwidbmgr.cpp:5369) Auto convert: 1
2018-10-03 07:05:01,242 null [INFO] (../src/fwidbmgr.cpp:446) action: outimg.
2018-10-03 07:05:01,242 null [INFO] (../src/fwidbmgr.cpp:470) date: 20181002.
2018-10-03 07:05:01,242 null [INFO] (../src/fwidbmgr.cpp:322) Try to read: /home/meteo/dev/redist/fwidbmgr/config/fwidbmgr.conf.
2018-10-03 07:05:01,244 null [INFO] (../src/fwidbmgr.cpp:5393) Configuration parsing: OK.
2018-10-03 07:05:01,249 null [INFO] (../src/fwidbmgr.cpp:5478) Connected to database
2018-10-03 07:05:01,249 null [INFO] (../src/fwidbmgr.cpp:5480) Manage data for date: 20181002.
2018-10-03 07:05:01,249 null [INFO] (../src/fwidbmgr.cpp:5566) Importing fwi indexes images in database.
2018-10-03 07:05:01,323 null [INFO] (../src/fwidbmgr.cpp:5570) OK --> 20181002 images imported.
2018-10-03 07:05:01,323 null [INFO] (../src/fwidbmgr.cpp:5695) action outimg took about 0 seconds.
2018-10-03 07:05:01,323 null [INFO] (../src/fwidbmgr.cpp:5699) Disconnected from database.
2018-10-03 07:37:01,582 null [INFO] (../src/fwidbmgr.cpp:5361) fwi db manager
2018-10-03 07:37:01,584 null [INFO] (../src/fwidbmgr.cpp:5365) Program home: /home/meteo/dev/redist/fwidbmgr
2018-10-03 07:37:01,584 null [INFO] (../src/fwidbmgr.cpp:5369) Auto convert: 1
2018-10-03 07:37:01,585 null [INFO] (../src/fwidbmgr.cpp:446) action: outimg.
2018-10-03 07:37:01,585 null [INFO] (../src/fwidbmgr.cpp:470) date: 20181002.
2018-10-03 07:37:01,585 null [INFO] (../src/fwidbmgr.cpp:322) Try to read: /home/meteo/dev/redist/fwidbmgr/config/fwidbmgr.conf.
2018-10-03 07:37:01,591 null [INFO] (../src/fwidbmgr.cpp:5393) Configuration parsing: OK.
2018-10-03 07:37:01,637 null [INFO] (../src/fwidbmgr.cpp:5478) Connected to database
2018-10-03 07:37:01,637 null [INFO] (../src/fwidbmgr.cpp:5480) Manage data for date: 20181002.
2018-10-03 07:37:01,637 null [INFO] (../src/fwidbmgr.cpp:5566) Importing fwi indexes images in database.
2018-10-03 07:37:01,766 null [INFO] (../src/fwidbmgr.cpp:5570) OK --> 20181002 images imported.
2018-10-03 07:37:01,766 null [INFO] (../src/fwidbmgr.cpp:5695) action outimg took about 0 seconds.
2018-10-03 07:37:01,766 null [INFO] (../src/fwidbmgr.cpp:5699) Disconnected from database.
