2019-04-04 05:05:42,149 null [INFO] (../src/fwidbmgr.cpp:5361) fwi db manager
2019-04-04 05:05:42,149 null [INFO] (../src/fwidbmgr.cpp:5365) Program home: /home/meteo/dev/redist/fwidbmgr
2019-04-04 05:05:42,149 null [INFO] (../src/fwidbmgr.cpp:5369) Auto convert: 1
2019-04-04 05:05:42,149 null [INFO] (../src/fwidbmgr.cpp:446) action: in.
2019-04-04 05:05:42,149 null [INFO] (../src/fwidbmgr.cpp:470) date: 20190403.
2019-04-04 05:05:42,150 null [INFO] (../src/fwidbmgr.cpp:322) Try to read: /home/meteo/dev/redist/fwidbmgr/config/fwidbmgr.conf.
2019-04-04 05:05:42,151 null [INFO] (../src/fwidbmgr.cpp:5393) Configuration parsing: OK.
2019-04-04 05:05:42,162 null [INFO] (../src/fwidbmgr.cpp:5478) Connected to database
2019-04-04 05:05:42,162 null [INFO] (../src/fwidbmgr.cpp:5480) Manage data for date: 20190403.
2019-04-04 05:05:42,163 null [INFO] (../src/fwidbmgr.cpp:5536) Importing meteo data in database for day: 20190403.
2019-04-04 05:05:42,171 null [INFO] (/home/meteo/dev/redist/fwidbmgr/include/Grid.h:1595) Configuring grid: snow
2019-04-04 05:05:42,171 null [INFO] (/home/meteo/dev/redist/fwidbmgr/include/Grid.h:1695) Grid snow configured.
2019-04-04 05:05:42,181 null [INFO] (/home/meteo/dev/redist/fwidbmgr/include/Grid.h:1595) Configuring grid: snow_covering
2019-04-04 05:05:42,181 null [INFO] (/home/meteo/dev/redist/fwidbmgr/include/Grid.h:1695) Grid snow_covering configured.
2019-04-04 05:05:42,188 null [INFO] (/home/meteo/dev/redist/fwidbmgr/include/Grid.h:1595) Configuring grid: snow_dissolution
2019-04-04 05:05:42,188 null [INFO] (/home/meteo/dev/redist/fwidbmgr/include/Grid.h:1695) Grid snow_dissolution configured.
2019-04-04 05:05:42,200 null [INFO] (/home/meteo/dev/redist/fwidbmgr/include/Grid.h:1595) Configuring grid: temperature
2019-04-04 05:05:42,201 null [INFO] (/home/meteo/dev/redist/fwidbmgr/include/Grid.h:1695) Grid temperature configured.
2019-04-04 05:05:42,204 null [INFO] (/home/meteo/dev/redist/fwidbmgr/include/Grid.h:1595) Configuring grid: humidity
2019-04-04 05:05:42,204 null [INFO] (/home/meteo/dev/redist/fwidbmgr/include/Grid.h:1695) Grid humidity configured.
2019-04-04 05:05:42,221 null [INFO] (/home/meteo/dev/redist/fwidbmgr/include/Grid.h:1595) Configuring grid: windspeed
2019-04-04 05:05:42,221 null [INFO] (/home/meteo/dev/redist/fwidbmgr/include/Grid.h:1695) Grid windspeed configured.
2019-04-04 05:05:42,236 null [INFO] (/home/meteo/dev/redist/fwidbmgr/include/Grid.h:1595) Configuring grid: rain
2019-04-04 05:05:42,236 null [INFO] (/home/meteo/dev/redist/fwidbmgr/include/Grid.h:1695) Grid rain configured.
2019-04-04 05:05:42,238 null [INFO] (/home/meteo/dev/redist/fwidbmgr/include/Grid.h:1595) Configuring grid: cum_rain
2019-04-04 05:05:42,238 null [INFO] (/home/meteo/dev/redist/fwidbmgr/include/Grid.h:1695) Grid cum_rain configured.
2019-04-04 05:05:42,427 null [INFO] (../src/fwidbmgr.cpp:1518) Storing meteo input ...
2019-04-04 05:05:48,108 null [INFO] (../src/fwidbmgr.cpp:5540) OK --> 20190403 data imported.
2019-04-04 05:05:48,120 null [INFO] (../src/fwidbmgr.cpp:5695) action in took about 6 seconds.
2019-04-04 05:05:48,146 null [INFO] (../src/fwidbmgr.cpp:5699) Disconnected from database.
2019-04-04 05:06:24,658 null [INFO] (../src/fwidbmgr.cpp:5361) fwi db manager
2019-04-04 05:06:24,658 null [INFO] (../src/fwidbmgr.cpp:5365) Program home: /home/meteo/dev/redist/fwidbmgr
2019-04-04 05:06:24,658 null [INFO] (../src/fwidbmgr.cpp:5369) Auto convert: 1
2019-04-04 05:06:24,658 null [INFO] (../src/fwidbmgr.cpp:446) action: out.
2019-04-04 05:06:24,658 null [INFO] (../src/fwidbmgr.cpp:470) date: 20190403.
2019-04-04 05:06:24,658 null [INFO] (../src/fwidbmgr.cpp:322) Try to read: /home/meteo/dev/redist/fwidbmgr/config/fwidbmgr.conf.
2019-04-04 05:06:24,661 null [INFO] (../src/fwidbmgr.cpp:5393) Configuration parsing: OK.
2019-04-04 05:06:24,690 null [INFO] (../src/fwidbmgr.cpp:5478) Connected to database
2019-04-04 05:06:24,690 null [INFO] (../src/fwidbmgr.cpp:5480) Manage data for date: 20190403.
2019-04-04 05:06:24,690 null [INFO] (../src/fwidbmgr.cpp:5551) Importing fwi indexes data in database for day: 20190403.
2019-04-04 05:06:24,693 null [INFO] (/home/meteo/dev/redist/fwidbmgr/include/Grid.h:1595) Configuring grid: isi
2019-04-04 05:06:24,694 null [INFO] (/home/meteo/dev/redist/fwidbmgr/include/Grid.h:1695) Grid isi configured.
2019-04-04 05:06:24,706 null [INFO] (/home/meteo/dev/redist/fwidbmgr/include/Grid.h:1595) Configuring grid: fwi
2019-04-04 05:06:24,706 null [INFO] (/home/meteo/dev/redist/fwidbmgr/include/Grid.h:1695) Grid fwi configured.
2019-04-04 05:06:24,713 null [INFO] (/home/meteo/dev/redist/fwidbmgr/include/Grid.h:1595) Configuring grid: ffmc
2019-04-04 05:06:24,713 null [INFO] (/home/meteo/dev/redist/fwidbmgr/include/Grid.h:1695) Grid ffmc configured.
2019-04-04 05:06:24,720 null [INFO] (/home/meteo/dev/redist/fwidbmgr/include/Grid.h:1595) Configuring grid: dmc
2019-04-04 05:06:24,720 null [INFO] (/home/meteo/dev/redist/fwidbmgr/include/Grid.h:1695) Grid dmc configured.
2019-04-04 05:06:24,726 null [INFO] (/home/meteo/dev/redist/fwidbmgr/include/Grid.h:1595) Configuring grid: dc
2019-04-04 05:06:24,726 null [INFO] (/home/meteo/dev/redist/fwidbmgr/include/Grid.h:1695) Grid dc configured.
2019-04-04 05:06:24,733 null [INFO] (/home/meteo/dev/redist/fwidbmgr/include/Grid.h:1595) Configuring grid: bui
2019-04-04 05:06:24,734 null [INFO] (/home/meteo/dev/redist/fwidbmgr/include/Grid.h:1695) Grid bui configured.
2019-04-04 05:06:24,740 null [INFO] (/home/meteo/dev/redist/fwidbmgr/include/Grid.h:1595) Configuring grid: ffmc_tmp
2019-04-04 05:06:24,740 null [INFO] (/home/meteo/dev/redist/fwidbmgr/include/Grid.h:1695) Grid ffmc_tmp configured.
2019-04-04 05:06:24,751 null [INFO] (/home/meteo/dev/redist/fwidbmgr/include/Grid.h:1595) Configuring grid: dmc_tmp
2019-04-04 05:06:24,751 null [INFO] (/home/meteo/dev/redist/fwidbmgr/include/Grid.h:1695) Grid dmc_tmp configured.
2019-04-04 05:06:24,763 null [INFO] (/home/meteo/dev/redist/fwidbmgr/include/Grid.h:1595) Configuring grid: dc_tmp
2019-04-04 05:06:24,763 null [INFO] (/home/meteo/dev/redist/fwidbmgr/include/Grid.h:1695) Grid dc_tmp configured.
2019-04-04 05:06:24,775 null [INFO] (/home/meteo/dev/redist/fwidbmgr/include/Grid.h:1595) Configuring grid: idi
2019-04-04 05:06:24,775 null [INFO] (/home/meteo/dev/redist/fwidbmgr/include/Grid.h:1695) Grid idi configured.
2019-04-04 05:06:24,945 null [INFO] (../src/fwidbmgr.cpp:2081) Storing FWI indexes ...
2019-04-04 05:06:28,587 null [INFO] (../src/fwidbmgr.cpp:5555) OK --> 20190403 data imported.
2019-04-04 05:06:28,587 null [INFO] (../src/fwidbmgr.cpp:5695) action out took about 4 seconds.
2019-04-04 05:06:28,588 null [INFO] (../src/fwidbmgr.cpp:5699) Disconnected from database.
2019-04-04 05:06:28,598 null [INFO] (../src/fwidbmgr.cpp:5361) fwi db manager
2019-04-04 05:06:28,598 null [INFO] (../src/fwidbmgr.cpp:5365) Program home: /home/meteo/dev/redist/fwidbmgr
2019-04-04 05:06:28,598 null [INFO] (../src/fwidbmgr.cpp:5369) Auto convert: 1
2019-04-04 05:06:28,598 null [INFO] (../src/fwidbmgr.cpp:446) action: computeidx.
2019-04-04 05:06:28,598 null [INFO] (../src/fwidbmgr.cpp:470) date: 20190403.
2019-04-04 05:06:28,598 null [INFO] (../src/fwidbmgr.cpp:322) Try to read: /home/meteo/dev/redist/fwidbmgr/config/fwidbmgr.conf.
2019-04-04 05:06:28,599 null [INFO] (../src/fwidbmgr.cpp:5393) Configuration parsing: OK.
2019-04-04 05:06:28,603 null [INFO] (../src/fwidbmgr.cpp:5478) Connected to database
2019-04-04 05:06:28,603 null [INFO] (../src/fwidbmgr.cpp:5480) Manage data for date: 20190403.
2019-04-04 05:06:28,604 null [INFO] (../src/fwidbmgr.cpp:5656) Computing indexes.
2019-04-04 05:06:28,607 null [INFO] (/home/meteo/dev/redist/fwidbmgr/include/Grid.h:1595) Configuring grid: isi
2019-04-04 05:06:28,607 null [INFO] (/home/meteo/dev/redist/fwidbmgr/include/Grid.h:1695) Grid isi configured.
2019-04-04 05:06:28,610 null [INFO] (/home/meteo/dev/redist/fwidbmgr/include/Grid.h:1595) Configuring grid: fwi
2019-04-04 05:06:28,610 null [INFO] (/home/meteo/dev/redist/fwidbmgr/include/Grid.h:1695) Grid fwi configured.
2019-04-04 05:06:28,612 null [INFO] (/home/meteo/dev/redist/fwidbmgr/include/Grid.h:1595) Configuring grid: ffmc
2019-04-04 05:06:28,613 null [INFO] (/home/meteo/dev/redist/fwidbmgr/include/Grid.h:1695) Grid ffmc configured.
2019-04-04 05:06:28,614 null [INFO] (/home/meteo/dev/redist/fwidbmgr/include/Grid.h:1595) Configuring grid: dmc
2019-04-04 05:06:28,614 null [INFO] (/home/meteo/dev/redist/fwidbmgr/include/Grid.h:1695) Grid dmc configured.
2019-04-04 05:06:28,615 null [INFO] (/home/meteo/dev/redist/fwidbmgr/include/Grid.h:1595) Configuring grid: dc
2019-04-04 05:06:28,615 null [INFO] (/home/meteo/dev/redist/fwidbmgr/include/Grid.h:1695) Grid dc configured.
2019-04-04 05:06:28,616 null [INFO] (/home/meteo/dev/redist/fwidbmgr/include/Grid.h:1595) Configuring grid: bui
2019-04-04 05:06:28,616 null [INFO] (/home/meteo/dev/redist/fwidbmgr/include/Grid.h:1695) Grid bui configured.
2019-04-04 05:06:28,617 null [INFO] (/home/meteo/dev/redist/fwidbmgr/include/Grid.h:1595) Configuring grid: ffmc_tmp
2019-04-04 05:06:28,617 null [INFO] (/home/meteo/dev/redist/fwidbmgr/include/Grid.h:1695) Grid ffmc_tmp configured.
2019-04-04 05:06:28,618 null [INFO] (/home/meteo/dev/redist/fwidbmgr/include/Grid.h:1595) Configuring grid: dmc_tmp
2019-04-04 05:06:28,618 null [INFO] (/home/meteo/dev/redist/fwidbmgr/include/Grid.h:1695) Grid dmc_tmp configured.
2019-04-04 05:06:28,620 null [INFO] (/home/meteo/dev/redist/fwidbmgr/include/Grid.h:1595) Configuring grid: dc_tmp
2019-04-04 05:06:28,620 null [INFO] (/home/meteo/dev/redist/fwidbmgr/include/Grid.h:1695) Grid dc_tmp configured.
2019-04-04 05:06:28,621 null [INFO] (/home/meteo/dev/redist/fwidbmgr/include/Grid.h:1595) Configuring grid: idi
2019-04-04 05:06:28,621 null [INFO] (/home/meteo/dev/redist/fwidbmgr/include/Grid.h:1695) Grid idi configured.
2019-04-04 05:06:28,622 null [INFO] (/home/meteo/dev/redist/fwidbmgr/include/Grid.h:1595) Configuring grid: angstrom
2019-04-04 05:06:28,622 null [INFO] (/home/meteo/dev/redist/fwidbmgr/include/Grid.h:1695) Grid angstrom configured.
2019-04-04 05:06:28,623 null [INFO] (/home/meteo/dev/redist/fwidbmgr/include/Grid.h:1595) Configuring grid: fmi
2019-04-04 05:06:28,623 null [INFO] (/home/meteo/dev/redist/fwidbmgr/include/Grid.h:1695) Grid fmi configured.
2019-04-04 05:06:28,624 null [INFO] (/home/meteo/dev/redist/fwidbmgr/include/Grid.h:1595) Configuring grid: sharples
2019-04-04 05:06:28,624 null [INFO] (/home/meteo/dev/redist/fwidbmgr/include/Grid.h:1695) Grid sharples configured.
2019-04-04 05:06:28,997 null [INFO] (/home/meteo/dev/redist/fwidbmgr/include/Grid.h:1595) Configuring grid: snow
2019-04-04 05:06:28,997 null [INFO] (/home/meteo/dev/redist/fwidbmgr/include/Grid.h:1695) Grid snow configured.
2019-04-04 05:06:28,997 null [INFO] (/home/meteo/dev/redist/fwidbmgr/include/Grid.h:1595) Configuring grid: snow_covering
2019-04-04 05:06:28,997 null [INFO] (/home/meteo/dev/redist/fwidbmgr/include/Grid.h:1695) Grid snow_covering configured.
2019-04-04 05:06:28,997 null [INFO] (/home/meteo/dev/redist/fwidbmgr/include/Grid.h:1595) Configuring grid: snow_dissolution
2019-04-04 05:06:28,997 null [INFO] (/home/meteo/dev/redist/fwidbmgr/include/Grid.h:1695) Grid snow_dissolution configured.
2019-04-04 05:06:28,997 null [INFO] (/home/meteo/dev/redist/fwidbmgr/include/Grid.h:1595) Configuring grid: temperature
2019-04-04 05:06:28,997 null [INFO] (/home/meteo/dev/redist/fwidbmgr/include/Grid.h:1695) Grid temperature configured.
2019-04-04 05:06:28,997 null [INFO] (/home/meteo/dev/redist/fwidbmgr/include/Grid.h:1595) Configuring grid: humidity
2019-04-04 05:06:28,997 null [INFO] (/home/meteo/dev/redist/fwidbmgr/include/Grid.h:1695) Grid humidity configured.
2019-04-04 05:06:28,997 null [INFO] (/home/meteo/dev/redist/fwidbmgr/include/Grid.h:1595) Configuring grid: windspeed
2019-04-04 05:06:28,997 null [INFO] (/home/meteo/dev/redist/fwidbmgr/include/Grid.h:1695) Grid windspeed configured.
2019-04-04 05:06:28,997 null [INFO] (/home/meteo/dev/redist/fwidbmgr/include/Grid.h:1595) Configuring grid: rain
2019-04-04 05:06:28,997 null [INFO] (/home/meteo/dev/redist/fwidbmgr/include/Grid.h:1695) Grid rain configured.
2019-04-04 05:06:28,997 null [INFO] (/home/meteo/dev/redist/fwidbmgr/include/Grid.h:1595) Configuring grid: cum_rain
2019-04-04 05:06:28,997 null [INFO] (/home/meteo/dev/redist/fwidbmgr/include/Grid.h:1695) Grid cum_rain configured.
2019-04-04 05:07:22,137 null [INFO] (../src/fwidbmgr.cpp:5660) OK --> 20190403 indexes computed.
2019-04-04 05:07:22,138 null [INFO] (../src/fwidbmgr.cpp:5695) action computeidx took about 54 seconds.
2019-04-04 05:07:22,138 null [INFO] (../src/fwidbmgr.cpp:5699) Disconnected from database.
2019-04-04 05:07:22,161 null [INFO] (../src/fwidbmgr.cpp:5361) fwi db manager
2019-04-04 05:07:22,161 null [INFO] (../src/fwidbmgr.cpp:5365) Program home: /home/meteo/dev/redist/fwidbmgr
2019-04-04 05:07:22,161 null [INFO] (../src/fwidbmgr.cpp:5369) Auto convert: 1
2019-04-04 05:07:22,161 null [INFO] (../src/fwidbmgr.cpp:446) action: exportidx.
2019-04-04 05:07:22,161 null [INFO] (../src/fwidbmgr.cpp:470) date: 20190403.
2019-04-04 05:07:22,161 null [INFO] (../src/fwidbmgr.cpp:322) Try to read: /home/meteo/dev/redist/fwidbmgr/config/fwidbmgr.conf.
2019-04-04 05:07:22,163 null [INFO] (../src/fwidbmgr.cpp:5393) Configuration parsing: OK.
2019-04-04 05:07:22,167 null [INFO] (../src/fwidbmgr.cpp:5478) Connected to database
2019-04-04 05:07:22,167 null [INFO] (../src/fwidbmgr.cpp:5480) Manage data for date: 20190403.
2019-04-04 05:07:22,167 null [INFO] (../src/fwidbmgr.cpp:5596) Exporting indexes.
2019-04-04 05:07:22,168 null [INFO] (/home/meteo/dev/redist/fwidbmgr/include/Grid.h:1595) Configuring grid: isi
2019-04-04 05:07:22,168 null [INFO] (/home/meteo/dev/redist/fwidbmgr/include/Grid.h:1695) Grid isi configured.
2019-04-04 05:07:22,170 null [INFO] (/home/meteo/dev/redist/fwidbmgr/include/Grid.h:1595) Configuring grid: fwi
2019-04-04 05:07:22,170 null [INFO] (/home/meteo/dev/redist/fwidbmgr/include/Grid.h:1695) Grid fwi configured.
2019-04-04 05:07:22,171 null [INFO] (/home/meteo/dev/redist/fwidbmgr/include/Grid.h:1595) Configuring grid: ffmc
2019-04-04 05:07:22,171 null [INFO] (/home/meteo/dev/redist/fwidbmgr/include/Grid.h:1695) Grid ffmc configured.
2019-04-04 05:07:22,173 null [INFO] (/home/meteo/dev/redist/fwidbmgr/include/Grid.h:1595) Configuring grid: dmc
2019-04-04 05:07:22,173 null [INFO] (/home/meteo/dev/redist/fwidbmgr/include/Grid.h:1695) Grid dmc configured.
2019-04-04 05:07:22,175 null [INFO] (/home/meteo/dev/redist/fwidbmgr/include/Grid.h:1595) Configuring grid: dc
2019-04-04 05:07:22,175 null [INFO] (/home/meteo/dev/redist/fwidbmgr/include/Grid.h:1695) Grid dc configured.
2019-04-04 05:07:22,177 null [INFO] (/home/meteo/dev/redist/fwidbmgr/include/Grid.h:1595) Configuring grid: bui
2019-04-04 05:07:22,177 null [INFO] (/home/meteo/dev/redist/fwidbmgr/include/Grid.h:1695) Grid bui configured.
2019-04-04 05:07:22,178 null [INFO] (/home/meteo/dev/redist/fwidbmgr/include/Grid.h:1595) Configuring grid: ffmc_tmp
2019-04-04 05:07:22,178 null [INFO] (/home/meteo/dev/redist/fwidbmgr/include/Grid.h:1695) Grid ffmc_tmp configured.
2019-04-04 05:07:22,180 null [INFO] (/home/meteo/dev/redist/fwidbmgr/include/Grid.h:1595) Configuring grid: dmc_tmp
2019-04-04 05:07:22,180 null [INFO] (/home/meteo/dev/redist/fwidbmgr/include/Grid.h:1695) Grid dmc_tmp configured.
2019-04-04 05:07:22,181 null [INFO] (/home/meteo/dev/redist/fwidbmgr/include/Grid.h:1595) Configuring grid: dc_tmp
2019-04-04 05:07:22,181 null [INFO] (/home/meteo/dev/redist/fwidbmgr/include/Grid.h:1695) Grid dc_tmp configured.
2019-04-04 05:07:22,181 null [INFO] (/home/meteo/dev/redist/fwidbmgr/include/Grid.h:1595) Configuring grid: idi
2019-04-04 05:07:22,182 null [INFO] (/home/meteo/dev/redist/fwidbmgr/include/Grid.h:1695) Grid idi configured.
2019-04-04 05:07:22,182 null [INFO] (/home/meteo/dev/redist/fwidbmgr/include/Grid.h:1595) Configuring grid: angstrom
2019-04-04 05:07:22,182 null [INFO] (/home/meteo/dev/redist/fwidbmgr/include/Grid.h:1695) Grid angstrom configured.
2019-04-04 05:07:22,183 null [INFO] (/home/meteo/dev/redist/fwidbmgr/include/Grid.h:1595) Configuring grid: fmi
2019-04-04 05:07:22,183 null [INFO] (/home/meteo/dev/redist/fwidbmgr/include/Grid.h:1695) Grid fmi configured.
2019-04-04 05:07:22,184 null [INFO] (/home/meteo/dev/redist/fwidbmgr/include/Grid.h:1595) Configuring grid: sharples
2019-04-04 05:07:22,184 null [INFO] (/home/meteo/dev/redist/fwidbmgr/include/Grid.h:1695) Grid sharples configured.
2019-04-04 05:07:22,571 null [INFO] (/home/meteo/dev/redist/fwidbmgr/include/Grid.h:1595) Configuring grid: isi
2019-04-04 05:07:22,571 null [INFO] (/home/meteo/dev/redist/fwidbmgr/include/Grid.h:1695) Grid isi configured.
2019-04-04 05:07:22,590 null [INFO] (/home/meteo/dev/redist/fwidbmgr/include/Grid.h:1595) Configuring grid: fwi
2019-04-04 05:07:22,590 null [INFO] (/home/meteo/dev/redist/fwidbmgr/include/Grid.h:1695) Grid fwi configured.
2019-04-04 05:07:22,609 null [INFO] (/home/meteo/dev/redist/fwidbmgr/include/Grid.h:1595) Configuring grid: ffmc
2019-04-04 05:07:22,609 null [INFO] (/home/meteo/dev/redist/fwidbmgr/include/Grid.h:1695) Grid ffmc configured.
2019-04-04 05:07:22,629 null [INFO] (/home/meteo/dev/redist/fwidbmgr/include/Grid.h:1595) Configuring grid: dmc
2019-04-04 05:07:22,629 null [INFO] (/home/meteo/dev/redist/fwidbmgr/include/Grid.h:1695) Grid dmc configured.
2019-04-04 05:07:22,649 null [INFO] (/home/meteo/dev/redist/fwidbmgr/include/Grid.h:1595) Configuring grid: dc
2019-04-04 05:07:22,649 null [INFO] (/home/meteo/dev/redist/fwidbmgr/include/Grid.h:1695) Grid dc configured.
2019-04-04 05:07:22,669 null [INFO] (/home/meteo/dev/redist/fwidbmgr/include/Grid.h:1595) Configuring grid: bui
2019-04-04 05:07:22,669 null [INFO] (/home/meteo/dev/redist/fwidbmgr/include/Grid.h:1695) Grid bui configured.
2019-04-04 05:07:22,689 null [INFO] (/home/meteo/dev/redist/fwidbmgr/include/Grid.h:1595) Configuring grid: ffmc_tmp
2019-04-04 05:07:22,689 null [INFO] (/home/meteo/dev/redist/fwidbmgr/include/Grid.h:1695) Grid ffmc_tmp configured.
2019-04-04 05:07:22,708 null [INFO] (/home/meteo/dev/redist/fwidbmgr/include/Grid.h:1595) Configuring grid: dmc_tmp
2019-04-04 05:07:22,709 null [INFO] (/home/meteo/dev/redist/fwidbmgr/include/Grid.h:1695) Grid dmc_tmp configured.
2019-04-04 05:07:22,728 null [INFO] (/home/meteo/dev/redist/fwidbmgr/include/Grid.h:1595) Configuring grid: dc_tmp
2019-04-04 05:07:22,728 null [INFO] (/home/meteo/dev/redist/fwidbmgr/include/Grid.h:1695) Grid dc_tmp configured.
2019-04-04 05:07:22,747 null [INFO] (/home/meteo/dev/redist/fwidbmgr/include/Grid.h:1595) Configuring grid: angstrom
2019-04-04 05:07:22,747 null [INFO] (/home/meteo/dev/redist/fwidbmgr/include/Grid.h:1695) Grid angstrom configured.
2019-04-04 05:07:22,770 null [INFO] (/home/meteo/dev/redist/fwidbmgr/include/Grid.h:1595) Configuring grid: sharples
2019-04-04 05:07:22,770 null [INFO] (/home/meteo/dev/redist/fwidbmgr/include/Grid.h:1695) Grid sharples configured.
2019-04-04 05:07:22,791 null [INFO] (/home/meteo/dev/redist/fwidbmgr/include/Grid.h:1595) Configuring grid: fmi
2019-04-04 05:07:22,792 null [INFO] (/home/meteo/dev/redist/fwidbmgr/include/Grid.h:1695) Grid fmi configured.
2019-04-04 05:07:22,813 null [INFO] (../src/fwidbmgr.cpp:5600) OK --> 20190403 indexes exported to files.
2019-04-04 05:07:22,813 null [INFO] (../src/fwidbmgr.cpp:5695) action exportidx took about 0 seconds.
2019-04-04 05:07:22,813 null [INFO] (../src/fwidbmgr.cpp:5699) Disconnected from database.
2019-04-04 05:07:36,134 null [INFO] (../src/fwidbmgr.cpp:5361) fwi db manager
2019-04-04 05:07:36,134 null [INFO] (../src/fwidbmgr.cpp:5365) Program home: /home/meteo/dev/redist/fwidbmgr
2019-04-04 05:07:36,134 null [INFO] (../src/fwidbmgr.cpp:5369) Auto convert: 1
2019-04-04 05:07:36,134 null [INFO] (../src/fwidbmgr.cpp:446) action: outimg.
2019-04-04 05:07:36,134 null [INFO] (../src/fwidbmgr.cpp:470) date: 20190403.
2019-04-04 05:07:36,134 null [INFO] (../src/fwidbmgr.cpp:322) Try to read: /home/meteo/dev/redist/fwidbmgr/config/fwidbmgr.conf.
2019-04-04 05:07:36,137 null [INFO] (../src/fwidbmgr.cpp:5393) Configuration parsing: OK.
2019-04-04 05:07:36,140 null [INFO] (../src/fwidbmgr.cpp:5478) Connected to database
2019-04-04 05:07:36,140 null [INFO] (../src/fwidbmgr.cpp:5480) Manage data for date: 20190403.
2019-04-04 05:07:36,140 null [INFO] (../src/fwidbmgr.cpp:5566) Importing fwi indexes images in database.
2019-04-04 05:07:36,213 null [INFO] (../src/fwidbmgr.cpp:5570) OK --> 20190403 images imported.
2019-04-04 05:07:36,214 null [INFO] (../src/fwidbmgr.cpp:5695) action outimg took about 0 seconds.
2019-04-04 05:07:36,214 null [INFO] (../src/fwidbmgr.cpp:5699) Disconnected from database.
2019-04-04 05:37:01,569 null [INFO] (../src/fwidbmgr.cpp:5361) fwi db manager
2019-04-04 05:37:01,569 null [INFO] (../src/fwidbmgr.cpp:5365) Program home: /home/meteo/dev/redist/fwidbmgr
2019-04-04 05:37:01,569 null [INFO] (../src/fwidbmgr.cpp:5369) Auto convert: 1
2019-04-04 05:37:01,569 null [INFO] (../src/fwidbmgr.cpp:446) action: outimg.
2019-04-04 05:37:01,569 null [INFO] (../src/fwidbmgr.cpp:470) date: 20190403.
2019-04-04 05:37:01,569 null [INFO] (../src/fwidbmgr.cpp:322) Try to read: /home/meteo/dev/redist/fwidbmgr/config/fwidbmgr.conf.
2019-04-04 05:37:01,570 null [INFO] (../src/fwidbmgr.cpp:5393) Configuration parsing: OK.
2019-04-04 05:37:01,575 null [INFO] (../src/fwidbmgr.cpp:5478) Connected to database
2019-04-04 05:37:01,575 null [INFO] (../src/fwidbmgr.cpp:5480) Manage data for date: 20190403.
2019-04-04 05:37:01,576 null [INFO] (../src/fwidbmgr.cpp:5566) Importing fwi indexes images in database.
2019-04-04 05:37:01,646 null [INFO] (../src/fwidbmgr.cpp:5570) OK --> 20190403 images imported.
2019-04-04 05:37:01,647 null [INFO] (../src/fwidbmgr.cpp:5695) action outimg took about 0 seconds.
2019-04-04 05:37:01,647 null [INFO] (../src/fwidbmgr.cpp:5699) Disconnected from database.
2019-04-04 06:05:01,888 null [INFO] (../src/fwidbmgr.cpp:5361) fwi db manager
2019-04-04 06:05:01,889 null [INFO] (../src/fwidbmgr.cpp:5365) Program home: /home/meteo/dev/redist/fwidbmgr
2019-04-04 06:05:01,889 null [INFO] (../src/fwidbmgr.cpp:5369) Auto convert: 1
2019-04-04 06:05:01,889 null [INFO] (../src/fwidbmgr.cpp:446) action: outimg.
2019-04-04 06:05:01,889 null [INFO] (../src/fwidbmgr.cpp:470) date: 20190403.
2019-04-04 06:05:01,889 null [INFO] (../src/fwidbmgr.cpp:322) Try to read: /home/meteo/dev/redist/fwidbmgr/config/fwidbmgr.conf.
2019-04-04 06:05:01,893 null [INFO] (../src/fwidbmgr.cpp:5393) Configuration parsing: OK.
2019-04-04 06:05:01,901 null [INFO] (../src/fwidbmgr.cpp:5478) Connected to database
2019-04-04 06:05:01,901 null [INFO] (../src/fwidbmgr.cpp:5480) Manage data for date: 20190403.
2019-04-04 06:05:01,901 null [INFO] (../src/fwidbmgr.cpp:5566) Importing fwi indexes images in database.
2019-04-04 06:05:01,958 null [INFO] (../src/fwidbmgr.cpp:5570) OK --> 20190403 images imported.
2019-04-04 06:05:01,958 null [INFO] (../src/fwidbmgr.cpp:5695) action outimg took about 0 seconds.
2019-04-04 06:05:01,959 null [INFO] (../src/fwidbmgr.cpp:5699) Disconnected from database.
2019-04-04 06:37:01,634 null [INFO] (../src/fwidbmgr.cpp:5361) fwi db manager
2019-04-04 06:37:01,634 null [INFO] (../src/fwidbmgr.cpp:5365) Program home: /home/meteo/dev/redist/fwidbmgr
2019-04-04 06:37:01,634 null [INFO] (../src/fwidbmgr.cpp:5369) Auto convert: 1
2019-04-04 06:37:01,634 null [INFO] (../src/fwidbmgr.cpp:446) action: outimg.
2019-04-04 06:37:01,634 null [INFO] (../src/fwidbmgr.cpp:470) date: 20190403.
2019-04-04 06:37:01,634 null [INFO] (../src/fwidbmgr.cpp:322) Try to read: /home/meteo/dev/redist/fwidbmgr/config/fwidbmgr.conf.
2019-04-04 06:37:01,635 null [INFO] (../src/fwidbmgr.cpp:5393) Configuration parsing: OK.
2019-04-04 06:37:01,640 null [INFO] (../src/fwidbmgr.cpp:5478) Connected to database
2019-04-04 06:37:01,641 null [INFO] (../src/fwidbmgr.cpp:5480) Manage data for date: 20190403.
2019-04-04 06:37:01,641 null [INFO] (../src/fwidbmgr.cpp:5566) Importing fwi indexes images in database.
2019-04-04 06:37:01,703 null [INFO] (../src/fwidbmgr.cpp:5570) OK --> 20190403 images imported.
2019-04-04 06:37:01,703 null [INFO] (../src/fwidbmgr.cpp:5695) action outimg took about 0 seconds.
2019-04-04 06:37:01,704 null [INFO] (../src/fwidbmgr.cpp:5699) Disconnected from database.
2019-04-04 07:05:01,404 null [INFO] (../src/fwidbmgr.cpp:5361) fwi db manager
2019-04-04 07:05:01,404 null [INFO] (../src/fwidbmgr.cpp:5365) Program home: /home/meteo/dev/redist/fwidbmgr
2019-04-04 07:05:01,404 null [INFO] (../src/fwidbmgr.cpp:5369) Auto convert: 1
2019-04-04 07:05:01,404 null [INFO] (../src/fwidbmgr.cpp:446) action: outimg.
2019-04-04 07:05:01,404 null [INFO] (../src/fwidbmgr.cpp:470) date: 20190403.
2019-04-04 07:05:01,404 null [INFO] (../src/fwidbmgr.cpp:322) Try to read: /home/meteo/dev/redist/fwidbmgr/config/fwidbmgr.conf.
2019-04-04 07:05:01,406 null [INFO] (../src/fwidbmgr.cpp:5393) Configuration parsing: OK.
2019-04-04 07:05:01,412 null [INFO] (../src/fwidbmgr.cpp:5478) Connected to database
2019-04-04 07:05:01,412 null [INFO] (../src/fwidbmgr.cpp:5480) Manage data for date: 20190403.
2019-04-04 07:05:01,413 null [INFO] (../src/fwidbmgr.cpp:5566) Importing fwi indexes images in database.
2019-04-04 07:05:01,478 null [INFO] (../src/fwidbmgr.cpp:5570) OK --> 20190403 images imported.
2019-04-04 07:05:01,478 null [INFO] (../src/fwidbmgr.cpp:5695) action outimg took about 0 seconds.
2019-04-04 07:05:01,479 null [INFO] (../src/fwidbmgr.cpp:5699) Disconnected from database.
2019-04-04 07:37:01,622 null [INFO] (../src/fwidbmgr.cpp:5361) fwi db manager
2019-04-04 07:37:01,622 null [INFO] (../src/fwidbmgr.cpp:5365) Program home: /home/meteo/dev/redist/fwidbmgr
2019-04-04 07:37:01,622 null [INFO] (../src/fwidbmgr.cpp:5369) Auto convert: 1
2019-04-04 07:37:01,622 null [INFO] (../src/fwidbmgr.cpp:446) action: outimg.
2019-04-04 07:37:01,622 null [INFO] (../src/fwidbmgr.cpp:470) date: 20190403.
2019-04-04 07:37:01,622 null [INFO] (../src/fwidbmgr.cpp:322) Try to read: /home/meteo/dev/redist/fwidbmgr/config/fwidbmgr.conf.
2019-04-04 07:37:01,623 null [INFO] (../src/fwidbmgr.cpp:5393) Configuration parsing: OK.
2019-04-04 07:37:01,627 null [INFO] (../src/fwidbmgr.cpp:5478) Connected to database
2019-04-04 07:37:01,628 null [INFO] (../src/fwidbmgr.cpp:5480) Manage data for date: 20190403.
2019-04-04 07:37:01,628 null [INFO] (../src/fwidbmgr.cpp:5566) Importing fwi indexes images in database.
2019-04-04 07:37:01,691 null [INFO] (../src/fwidbmgr.cpp:5570) OK --> 20190403 images imported.
2019-04-04 07:37:01,691 null [INFO] (../src/fwidbmgr.cpp:5695) action outimg took about 0 seconds.
2019-04-04 07:37:01,691 null [INFO] (../src/fwidbmgr.cpp:5699) Disconnected from database.
