2015-05-04 05:07:04,888 null [INFO] (../src/fwidbmgr.cpp:5207) fwi db manager
2015-05-04 05:07:07,364 null [INFO] (../src/fwidbmgr.cpp:5209) Program home: /home/meteo/dev/redist/fwidbmgr
2015-05-04 05:07:07,364 null [INFO] (../src/fwidbmgr.cpp:5211) Auto convert: 1
2015-05-04 05:07:07,364 null [INFO] (../src/fwidbmgr.cpp:458) action: in.
2015-05-04 05:07:07,364 null [INFO] (../src/fwidbmgr.cpp:482) date: 20150503.
2015-05-04 05:07:07,364 null [INFO] (../src/fwidbmgr.cpp:319) Try to read: /home/meteo/dev/redist/fwidbmgr/config/fwidbmgr.conf.
2015-05-04 05:07:07,813 null [INFO] (../src/fwidbmgr.cpp:5240) Configuration parsing: OK.
2015-05-04 05:07:08,499 null [INFO] (../src/fwidbmgr.cpp:5322) Connected to database
2015-05-04 05:07:08,499 null [INFO] (../src/fwidbmgr.cpp:5323) Manage data for date: 20150503.
2015-05-04 05:07:08,499 null [INFO] (../src/fwidbmgr.cpp:5367) Importing meteo data in database for day: 20150503.
2015-05-04 05:07:08,501 null [INFO] (/home/meteo/dev/redist/fwidbmgr/include/Grid.h:1595) Configuring grid: snow
2015-05-04 05:07:08,501 null [INFO] (/home/meteo/dev/redist/fwidbmgr/include/Grid.h:1695) Grid snow configured.
2015-05-04 05:07:08,512 null [INFO] (/home/meteo/dev/redist/fwidbmgr/include/Grid.h:1595) Configuring grid: snow_covering
2015-05-04 05:07:08,512 null [INFO] (/home/meteo/dev/redist/fwidbmgr/include/Grid.h:1695) Grid snow_covering configured.
2015-05-04 05:07:08,570 null [INFO] (/home/meteo/dev/redist/fwidbmgr/include/Grid.h:1595) Configuring grid: snow_dissolution
2015-05-04 05:07:08,570 null [INFO] (/home/meteo/dev/redist/fwidbmgr/include/Grid.h:1695) Grid snow_dissolution configured.
2015-05-04 05:07:08,597 null [INFO] (/home/meteo/dev/redist/fwidbmgr/include/Grid.h:1595) Configuring grid: temperature
2015-05-04 05:07:08,597 null [INFO] (/home/meteo/dev/redist/fwidbmgr/include/Grid.h:1695) Grid temperature configured.
2015-05-04 05:07:08,602 null [INFO] (/home/meteo/dev/redist/fwidbmgr/include/Grid.h:1595) Configuring grid: humidity
2015-05-04 05:07:08,603 null [INFO] (/home/meteo/dev/redist/fwidbmgr/include/Grid.h:1695) Grid humidity configured.
2015-05-04 05:07:08,628 null [INFO] (/home/meteo/dev/redist/fwidbmgr/include/Grid.h:1595) Configuring grid: windspeed
2015-05-04 05:07:08,629 null [INFO] (/home/meteo/dev/redist/fwidbmgr/include/Grid.h:1695) Grid windspeed configured.
2015-05-04 05:07:08,652 null [INFO] (/home/meteo/dev/redist/fwidbmgr/include/Grid.h:1595) Configuring grid: rain
2015-05-04 05:07:08,652 null [INFO] (/home/meteo/dev/redist/fwidbmgr/include/Grid.h:1695) Grid rain configured.
2015-05-04 05:07:08,655 null [INFO] (/home/meteo/dev/redist/fwidbmgr/include/Grid.h:1595) Configuring grid: cum_rain
2015-05-04 05:07:08,655 null [INFO] (/home/meteo/dev/redist/fwidbmgr/include/Grid.h:1695) Grid cum_rain configured.
2015-05-04 05:09:05,186 null [INFO] (../src/fwidbmgr.cpp:1502) Storing meteo input ...
2015-05-04 05:10:58,538 null [INFO] (../src/fwidbmgr.cpp:5370) OK --> 20150503 data imported.
2015-05-04 05:10:58,670 null [INFO] (../src/fwidbmgr.cpp:5496) action in took about 230 seconds.
2015-05-04 05:10:58,783 null [INFO] (../src/fwidbmgr.cpp:5499) Disconnected from database.
2015-05-04 05:12:37,273 null [INFO] (../src/fwidbmgr.cpp:5207) fwi db manager
2015-05-04 05:12:37,273 null [INFO] (../src/fwidbmgr.cpp:5209) Program home: /home/meteo/dev/redist/fwidbmgr
2015-05-04 05:12:37,273 null [INFO] (../src/fwidbmgr.cpp:5211) Auto convert: 1
2015-05-04 05:12:37,273 null [INFO] (../src/fwidbmgr.cpp:458) action: out.
2015-05-04 05:12:37,274 null [INFO] (../src/fwidbmgr.cpp:482) date: 20150503.
2015-05-04 05:12:37,274 null [INFO] (../src/fwidbmgr.cpp:319) Try to read: /home/meteo/dev/redist/fwidbmgr/config/fwidbmgr.conf.
2015-05-04 05:12:37,312 null [INFO] (../src/fwidbmgr.cpp:5240) Configuration parsing: OK.
2015-05-04 05:12:37,336 null [INFO] (../src/fwidbmgr.cpp:5322) Connected to database
2015-05-04 05:12:37,336 null [INFO] (../src/fwidbmgr.cpp:5323) Manage data for date: 20150503.
2015-05-04 05:12:37,336 null [INFO] (../src/fwidbmgr.cpp:5379) Importing fwi indexes data in database for day: 20150503.
2015-05-04 05:12:37,337 null [INFO] (/home/meteo/dev/redist/fwidbmgr/include/Grid.h:1595) Configuring grid: isi
2015-05-04 05:12:37,337 null [INFO] (/home/meteo/dev/redist/fwidbmgr/include/Grid.h:1695) Grid isi configured.
2015-05-04 05:12:37,351 null [INFO] (/home/meteo/dev/redist/fwidbmgr/include/Grid.h:1595) Configuring grid: fwi
2015-05-04 05:12:37,351 null [INFO] (/home/meteo/dev/redist/fwidbmgr/include/Grid.h:1695) Grid fwi configured.
2015-05-04 05:12:37,365 null [INFO] (/home/meteo/dev/redist/fwidbmgr/include/Grid.h:1595) Configuring grid: ffmc
2015-05-04 05:12:37,365 null [INFO] (/home/meteo/dev/redist/fwidbmgr/include/Grid.h:1695) Grid ffmc configured.
2015-05-04 05:12:37,379 null [INFO] (/home/meteo/dev/redist/fwidbmgr/include/Grid.h:1595) Configuring grid: dmc
2015-05-04 05:12:37,379 null [INFO] (/home/meteo/dev/redist/fwidbmgr/include/Grid.h:1695) Grid dmc configured.
2015-05-04 05:12:37,393 null [INFO] (/home/meteo/dev/redist/fwidbmgr/include/Grid.h:1595) Configuring grid: dc
2015-05-04 05:12:37,393 null [INFO] (/home/meteo/dev/redist/fwidbmgr/include/Grid.h:1695) Grid dc configured.
2015-05-04 05:12:37,408 null [INFO] (/home/meteo/dev/redist/fwidbmgr/include/Grid.h:1595) Configuring grid: bui
2015-05-04 05:12:37,408 null [INFO] (/home/meteo/dev/redist/fwidbmgr/include/Grid.h:1695) Grid bui configured.
2015-05-04 05:12:37,422 null [INFO] (/home/meteo/dev/redist/fwidbmgr/include/Grid.h:1595) Configuring grid: ffmc_tmp
2015-05-04 05:12:37,423 null [INFO] (/home/meteo/dev/redist/fwidbmgr/include/Grid.h:1695) Grid ffmc_tmp configured.
2015-05-04 05:12:37,474 null [INFO] (/home/meteo/dev/redist/fwidbmgr/include/Grid.h:1595) Configuring grid: dmc_tmp
2015-05-04 05:12:37,474 null [INFO] (/home/meteo/dev/redist/fwidbmgr/include/Grid.h:1695) Grid dmc_tmp configured.
2015-05-04 05:12:37,497 null [INFO] (/home/meteo/dev/redist/fwidbmgr/include/Grid.h:1595) Configuring grid: dc_tmp
2015-05-04 05:12:37,498 null [INFO] (/home/meteo/dev/redist/fwidbmgr/include/Grid.h:1695) Grid dc_tmp configured.
2015-05-04 05:12:37,521 null [INFO] (/home/meteo/dev/redist/fwidbmgr/include/Grid.h:1595) Configuring grid: idi
2015-05-04 05:12:37,521 null [INFO] (/home/meteo/dev/redist/fwidbmgr/include/Grid.h:1695) Grid idi configured.
2015-05-04 05:12:47,772 null [INFO] (../src/fwidbmgr.cpp:2045) Storing FWI indexes ...
2015-05-04 05:13:12,802 null [INFO] (../src/fwidbmgr.cpp:5382) OK --> 20150503 data imported.
2015-05-04 05:13:12,819 null [INFO] (../src/fwidbmgr.cpp:5496) action out took about 35 seconds.
2015-05-04 05:13:12,820 null [INFO] (../src/fwidbmgr.cpp:5499) Disconnected from database.
2015-05-04 05:13:13,536 null [INFO] (../src/fwidbmgr.cpp:5207) fwi db manager
2015-05-04 05:13:13,536 null [INFO] (../src/fwidbmgr.cpp:5209) Program home: /home/meteo/dev/redist/fwidbmgr
2015-05-04 05:13:13,536 null [INFO] (../src/fwidbmgr.cpp:5211) Auto convert: 1
2015-05-04 05:13:13,536 null [INFO] (../src/fwidbmgr.cpp:458) action: computeidx.
2015-05-04 05:13:13,536 null [INFO] (../src/fwidbmgr.cpp:482) date: 20150503.
2015-05-04 05:13:13,542 null [INFO] (../src/fwidbmgr.cpp:319) Try to read: /home/meteo/dev/redist/fwidbmgr/config/fwidbmgr.conf.
2015-05-04 05:13:13,588 null [INFO] (../src/fwidbmgr.cpp:5240) Configuration parsing: OK.
2015-05-04 05:13:13,654 null [INFO] (../src/fwidbmgr.cpp:5322) Connected to database
2015-05-04 05:13:13,654 null [INFO] (../src/fwidbmgr.cpp:5323) Manage data for date: 20150503.
2015-05-04 05:13:13,654 null [INFO] (../src/fwidbmgr.cpp:5463) Computing indexes.
2015-05-04 05:13:13,656 null [INFO] (/home/meteo/dev/redist/fwidbmgr/include/Grid.h:1595) Configuring grid: isi
2015-05-04 05:13:13,656 null [INFO] (/home/meteo/dev/redist/fwidbmgr/include/Grid.h:1695) Grid isi configured.
2015-05-04 05:13:13,657 null [INFO] (/home/meteo/dev/redist/fwidbmgr/include/Grid.h:1595) Configuring grid: fwi
2015-05-04 05:13:13,657 null [INFO] (/home/meteo/dev/redist/fwidbmgr/include/Grid.h:1695) Grid fwi configured.
2015-05-04 05:13:13,659 null [INFO] (/home/meteo/dev/redist/fwidbmgr/include/Grid.h:1595) Configuring grid: ffmc
2015-05-04 05:13:13,685 null [INFO] (/home/meteo/dev/redist/fwidbmgr/include/Grid.h:1695) Grid ffmc configured.
2015-05-04 05:13:13,686 null [INFO] (/home/meteo/dev/redist/fwidbmgr/include/Grid.h:1595) Configuring grid: dmc
2015-05-04 05:13:13,686 null [INFO] (/home/meteo/dev/redist/fwidbmgr/include/Grid.h:1695) Grid dmc configured.
2015-05-04 05:13:13,688 null [INFO] (/home/meteo/dev/redist/fwidbmgr/include/Grid.h:1595) Configuring grid: dc
2015-05-04 05:13:13,688 null [INFO] (/home/meteo/dev/redist/fwidbmgr/include/Grid.h:1695) Grid dc configured.
2015-05-04 05:13:13,689 null [INFO] (/home/meteo/dev/redist/fwidbmgr/include/Grid.h:1595) Configuring grid: bui
2015-05-04 05:13:13,689 null [INFO] (/home/meteo/dev/redist/fwidbmgr/include/Grid.h:1695) Grid bui configured.
2015-05-04 05:13:13,691 null [INFO] (/home/meteo/dev/redist/fwidbmgr/include/Grid.h:1595) Configuring grid: ffmc_tmp
2015-05-04 05:13:13,691 null [INFO] (/home/meteo/dev/redist/fwidbmgr/include/Grid.h:1695) Grid ffmc_tmp configured.
2015-05-04 05:13:13,692 null [INFO] (/home/meteo/dev/redist/fwidbmgr/include/Grid.h:1595) Configuring grid: dmc_tmp
2015-05-04 05:13:13,692 null [INFO] (/home/meteo/dev/redist/fwidbmgr/include/Grid.h:1695) Grid dmc_tmp configured.
2015-05-04 05:13:13,694 null [INFO] (/home/meteo/dev/redist/fwidbmgr/include/Grid.h:1595) Configuring grid: dc_tmp
2015-05-04 05:13:13,694 null [INFO] (/home/meteo/dev/redist/fwidbmgr/include/Grid.h:1695) Grid dc_tmp configured.
2015-05-04 05:13:13,695 null [INFO] (/home/meteo/dev/redist/fwidbmgr/include/Grid.h:1595) Configuring grid: idi
2015-05-04 05:13:13,696 null [INFO] (/home/meteo/dev/redist/fwidbmgr/include/Grid.h:1695) Grid idi configured.
2015-05-04 05:13:13,697 null [INFO] (/home/meteo/dev/redist/fwidbmgr/include/Grid.h:1595) Configuring grid: angstrom
2015-05-04 05:13:13,697 null [INFO] (/home/meteo/dev/redist/fwidbmgr/include/Grid.h:1695) Grid angstrom configured.
2015-05-04 05:13:13,698 null [INFO] (/home/meteo/dev/redist/fwidbmgr/include/Grid.h:1595) Configuring grid: fmi
2015-05-04 05:13:13,699 null [INFO] (/home/meteo/dev/redist/fwidbmgr/include/Grid.h:1695) Grid fmi configured.
2015-05-04 05:13:13,700 null [INFO] (/home/meteo/dev/redist/fwidbmgr/include/Grid.h:1595) Configuring grid: sharples
2015-05-04 05:13:13,700 null [INFO] (/home/meteo/dev/redist/fwidbmgr/include/Grid.h:1695) Grid sharples configured.
2015-05-04 05:13:21,630 null [INFO] (/home/meteo/dev/redist/fwidbmgr/include/Grid.h:1595) Configuring grid: snow
2015-05-04 05:13:21,630 null [INFO] (/home/meteo/dev/redist/fwidbmgr/include/Grid.h:1695) Grid snow configured.
2015-05-04 05:13:21,630 null [INFO] (/home/meteo/dev/redist/fwidbmgr/include/Grid.h:1595) Configuring grid: snow_covering
2015-05-04 05:13:21,630 null [INFO] (/home/meteo/dev/redist/fwidbmgr/include/Grid.h:1695) Grid snow_covering configured.
2015-05-04 05:13:21,630 null [INFO] (/home/meteo/dev/redist/fwidbmgr/include/Grid.h:1595) Configuring grid: snow_dissolution
2015-05-04 05:13:21,631 null [INFO] (/home/meteo/dev/redist/fwidbmgr/include/Grid.h:1695) Grid snow_dissolution configured.
2015-05-04 05:13:21,631 null [INFO] (/home/meteo/dev/redist/fwidbmgr/include/Grid.h:1595) Configuring grid: temperature
2015-05-04 05:13:21,631 null [INFO] (/home/meteo/dev/redist/fwidbmgr/include/Grid.h:1695) Grid temperature configured.
2015-05-04 05:13:21,631 null [INFO] (/home/meteo/dev/redist/fwidbmgr/include/Grid.h:1595) Configuring grid: humidity
2015-05-04 05:13:21,631 null [INFO] (/home/meteo/dev/redist/fwidbmgr/include/Grid.h:1695) Grid humidity configured.
2015-05-04 05:13:21,631 null [INFO] (/home/meteo/dev/redist/fwidbmgr/include/Grid.h:1595) Configuring grid: windspeed
2015-05-04 05:13:21,631 null [INFO] (/home/meteo/dev/redist/fwidbmgr/include/Grid.h:1695) Grid windspeed configured.
2015-05-04 05:13:21,632 null [INFO] (/home/meteo/dev/redist/fwidbmgr/include/Grid.h:1595) Configuring grid: rain
2015-05-04 05:13:21,632 null [INFO] (/home/meteo/dev/redist/fwidbmgr/include/Grid.h:1695) Grid rain configured.
2015-05-04 05:13:21,632 null [INFO] (/home/meteo/dev/redist/fwidbmgr/include/Grid.h:1595) Configuring grid: cum_rain
2015-05-04 05:13:21,632 null [INFO] (/home/meteo/dev/redist/fwidbmgr/include/Grid.h:1695) Grid cum_rain configured.
2015-05-04 05:16:02,466 null [INFO] (../src/fwidbmgr.cpp:5466) OK --> 20150503 indexes computed.
2015-05-04 05:16:02,504 null [INFO] (../src/fwidbmgr.cpp:5496) action computeidx took about 169 seconds.
2015-05-04 05:16:02,504 null [INFO] (../src/fwidbmgr.cpp:5499) Disconnected from database.
2015-05-04 05:16:03,025 null [INFO] (../src/fwidbmgr.cpp:5207) fwi db manager
2015-05-04 05:16:03,025 null [INFO] (../src/fwidbmgr.cpp:5209) Program home: /home/meteo/dev/redist/fwidbmgr
2015-05-04 05:16:03,025 null [INFO] (../src/fwidbmgr.cpp:5211) Auto convert: 1
2015-05-04 05:16:03,025 null [INFO] (../src/fwidbmgr.cpp:458) action: exportidx.
2015-05-04 05:16:03,025 null [INFO] (../src/fwidbmgr.cpp:482) date: 20150503.
2015-05-04 05:16:03,026 null [INFO] (../src/fwidbmgr.cpp:319) Try to read: /home/meteo/dev/redist/fwidbmgr/config/fwidbmgr.conf.
2015-05-04 05:16:03,114 null [INFO] (../src/fwidbmgr.cpp:5240) Configuration parsing: OK.
2015-05-04 05:16:03,194 null [INFO] (../src/fwidbmgr.cpp:5322) Connected to database
2015-05-04 05:16:03,194 null [INFO] (../src/fwidbmgr.cpp:5323) Manage data for date: 20150503.
2015-05-04 05:16:03,194 null [INFO] (../src/fwidbmgr.cpp:5415) Exporting indexes.
2015-05-04 05:16:03,196 null [INFO] (/home/meteo/dev/redist/fwidbmgr/include/Grid.h:1595) Configuring grid: isi
2015-05-04 05:16:03,196 null [INFO] (/home/meteo/dev/redist/fwidbmgr/include/Grid.h:1695) Grid isi configured.
2015-05-04 05:16:03,197 null [INFO] (/home/meteo/dev/redist/fwidbmgr/include/Grid.h:1595) Configuring grid: fwi
2015-05-04 05:16:03,197 null [INFO] (/home/meteo/dev/redist/fwidbmgr/include/Grid.h:1695) Grid fwi configured.
2015-05-04 05:16:03,199 null [INFO] (/home/meteo/dev/redist/fwidbmgr/include/Grid.h:1595) Configuring grid: ffmc
2015-05-04 05:16:03,199 null [INFO] (/home/meteo/dev/redist/fwidbmgr/include/Grid.h:1695) Grid ffmc configured.
2015-05-04 05:16:03,200 null [INFO] (/home/meteo/dev/redist/fwidbmgr/include/Grid.h:1595) Configuring grid: dmc
2015-05-04 05:16:03,200 null [INFO] (/home/meteo/dev/redist/fwidbmgr/include/Grid.h:1695) Grid dmc configured.
2015-05-04 05:16:03,202 null [INFO] (/home/meteo/dev/redist/fwidbmgr/include/Grid.h:1595) Configuring grid: dc
2015-05-04 05:16:03,202 null [INFO] (/home/meteo/dev/redist/fwidbmgr/include/Grid.h:1695) Grid dc configured.
2015-05-04 05:16:03,203 null [INFO] (/home/meteo/dev/redist/fwidbmgr/include/Grid.h:1595) Configuring grid: bui
2015-05-04 05:16:03,203 null [INFO] (/home/meteo/dev/redist/fwidbmgr/include/Grid.h:1695) Grid bui configured.
2015-05-04 05:16:03,205 null [INFO] (/home/meteo/dev/redist/fwidbmgr/include/Grid.h:1595) Configuring grid: ffmc_tmp
2015-05-04 05:16:03,205 null [INFO] (/home/meteo/dev/redist/fwidbmgr/include/Grid.h:1695) Grid ffmc_tmp configured.
2015-05-04 05:16:03,206 null [INFO] (/home/meteo/dev/redist/fwidbmgr/include/Grid.h:1595) Configuring grid: dmc_tmp
2015-05-04 05:16:03,206 null [INFO] (/home/meteo/dev/redist/fwidbmgr/include/Grid.h:1695) Grid dmc_tmp configured.
2015-05-04 05:16:03,208 null [INFO] (/home/meteo/dev/redist/fwidbmgr/include/Grid.h:1595) Configuring grid: dc_tmp
2015-05-04 05:16:03,208 null [INFO] (/home/meteo/dev/redist/fwidbmgr/include/Grid.h:1695) Grid dc_tmp configured.
2015-05-04 05:16:03,209 null [INFO] (/home/meteo/dev/redist/fwidbmgr/include/Grid.h:1595) Configuring grid: idi
2015-05-04 05:16:03,209 null [INFO] (/home/meteo/dev/redist/fwidbmgr/include/Grid.h:1695) Grid idi configured.
2015-05-04 05:16:03,211 null [INFO] (/home/meteo/dev/redist/fwidbmgr/include/Grid.h:1595) Configuring grid: angstrom
2015-05-04 05:16:03,211 null [INFO] (/home/meteo/dev/redist/fwidbmgr/include/Grid.h:1695) Grid angstrom configured.
2015-05-04 05:16:03,212 null [INFO] (/home/meteo/dev/redist/fwidbmgr/include/Grid.h:1595) Configuring grid: fmi
2015-05-04 05:16:03,212 null [INFO] (/home/meteo/dev/redist/fwidbmgr/include/Grid.h:1695) Grid fmi configured.
2015-05-04 05:16:03,214 null [INFO] (/home/meteo/dev/redist/fwidbmgr/include/Grid.h:1595) Configuring grid: sharples
2015-05-04 05:16:03,214 null [INFO] (/home/meteo/dev/redist/fwidbmgr/include/Grid.h:1695) Grid sharples configured.
2015-05-04 05:17:23,853 null [INFO] (/home/meteo/dev/redist/fwidbmgr/include/Grid.h:1595) Configuring grid: isi
2015-05-04 05:17:23,879 null [INFO] (/home/meteo/dev/redist/fwidbmgr/include/Grid.h:1695) Grid isi configured.
2015-05-04 05:17:25,008 null [INFO] (/home/meteo/dev/redist/fwidbmgr/include/Grid.h:1595) Configuring grid: fwi
2015-05-04 05:17:29,457 null [INFO] (/home/meteo/dev/redist/fwidbmgr/include/Grid.h:1695) Grid fwi configured.
2015-05-04 05:17:29,559 null [INFO] (/home/meteo/dev/redist/fwidbmgr/include/Grid.h:1595) Configuring grid: ffmc
2015-05-04 05:17:29,564 null [INFO] (/home/meteo/dev/redist/fwidbmgr/include/Grid.h:1695) Grid ffmc configured.
2015-05-04 05:17:29,764 null [INFO] (/home/meteo/dev/redist/fwidbmgr/include/Grid.h:1595) Configuring grid: dmc
2015-05-04 05:17:29,764 null [INFO] (/home/meteo/dev/redist/fwidbmgr/include/Grid.h:1695) Grid dmc configured.
2015-05-04 05:17:29,982 null [INFO] (/home/meteo/dev/redist/fwidbmgr/include/Grid.h:1595) Configuring grid: dc
2015-05-04 05:17:29,982 null [INFO] (/home/meteo/dev/redist/fwidbmgr/include/Grid.h:1695) Grid dc configured.
2015-05-04 05:17:30,139 null [INFO] (/home/meteo/dev/redist/fwidbmgr/include/Grid.h:1595) Configuring grid: bui
2015-05-04 05:17:30,139 null [INFO] (/home/meteo/dev/redist/fwidbmgr/include/Grid.h:1695) Grid bui configured.
2015-05-04 05:17:30,279 null [INFO] (/home/meteo/dev/redist/fwidbmgr/include/Grid.h:1595) Configuring grid: ffmc_tmp
2015-05-04 05:17:30,289 null [INFO] (/home/meteo/dev/redist/fwidbmgr/include/Grid.h:1695) Grid ffmc_tmp configured.
2015-05-04 05:17:30,418 null [INFO] (/home/meteo/dev/redist/fwidbmgr/include/Grid.h:1595) Configuring grid: dmc_tmp
2015-05-04 05:17:30,418 null [INFO] (/home/meteo/dev/redist/fwidbmgr/include/Grid.h:1695) Grid dmc_tmp configured.
2015-05-04 05:17:30,585 null [INFO] (/home/meteo/dev/redist/fwidbmgr/include/Grid.h:1595) Configuring grid: dc_tmp
2015-05-04 05:17:30,585 null [INFO] (/home/meteo/dev/redist/fwidbmgr/include/Grid.h:1695) Grid dc_tmp configured.
2015-05-04 05:17:30,703 null [INFO] (/home/meteo/dev/redist/fwidbmgr/include/Grid.h:1595) Configuring grid: angstrom
2015-05-04 05:17:30,703 null [INFO] (/home/meteo/dev/redist/fwidbmgr/include/Grid.h:1695) Grid angstrom configured.
2015-05-04 05:17:31,249 null [INFO] (/home/meteo/dev/redist/fwidbmgr/include/Grid.h:1595) Configuring grid: sharples
2015-05-04 05:17:31,250 null [INFO] (/home/meteo/dev/redist/fwidbmgr/include/Grid.h:1695) Grid sharples configured.
2015-05-04 05:17:31,479 null [INFO] (/home/meteo/dev/redist/fwidbmgr/include/Grid.h:1595) Configuring grid: fmi
2015-05-04 05:17:31,479 null [INFO] (/home/meteo/dev/redist/fwidbmgr/include/Grid.h:1695) Grid fmi configured.
2015-05-04 05:17:31,806 null [INFO] (../src/fwidbmgr.cpp:5418) OK --> 20150503 indexes exported to files.
2015-05-04 05:17:31,806 null [INFO] (../src/fwidbmgr.cpp:5496) action exportidx took about 88 seconds.
2015-05-04 05:17:31,806 null [INFO] (../src/fwidbmgr.cpp:5499) Disconnected from database.
