2019-07-01 05:05:03,804 null [INFO] (../src/fwidbmgr.cpp:5361) fwi db manager
2019-07-01 05:05:03,804 null [INFO] (../src/fwidbmgr.cpp:5365) Program home: /home/meteo/dev/redist/fwidbmgr
2019-07-01 05:05:03,804 null [INFO] (../src/fwidbmgr.cpp:5369) Auto convert: 1
2019-07-01 05:05:03,804 null [INFO] (../src/fwidbmgr.cpp:446) action: in.
2019-07-01 05:05:03,804 null [INFO] (../src/fwidbmgr.cpp:470) date: 20190630.
2019-07-01 05:05:03,804 null [INFO] (../src/fwidbmgr.cpp:322) Try to read: /home/meteo/dev/redist/fwidbmgr/config/fwidbmgr.conf.
2019-07-01 05:05:03,807 null [INFO] (../src/fwidbmgr.cpp:5393) Configuration parsing: OK.
2019-07-01 05:05:03,814 null [INFO] (../src/fwidbmgr.cpp:5478) Connected to database
2019-07-01 05:05:03,814 null [INFO] (../src/fwidbmgr.cpp:5480) Manage data for date: 20190630.
2019-07-01 05:05:03,814 null [INFO] (../src/fwidbmgr.cpp:5536) Importing meteo data in database for day: 20190630.
2019-07-01 05:05:03,816 null [INFO] (/home/meteo/dev/redist/fwidbmgr/include/Grid.h:1595) Configuring grid: snow
2019-07-01 05:05:03,816 null [INFO] (/home/meteo/dev/redist/fwidbmgr/include/Grid.h:1695) Grid snow configured.
2019-07-01 05:05:03,828 null [INFO] (/home/meteo/dev/redist/fwidbmgr/include/Grid.h:1595) Configuring grid: snow_covering
2019-07-01 05:05:03,828 null [INFO] (/home/meteo/dev/redist/fwidbmgr/include/Grid.h:1695) Grid snow_covering configured.
2019-07-01 05:05:03,838 null [INFO] (/home/meteo/dev/redist/fwidbmgr/include/Grid.h:1595) Configuring grid: snow_dissolution
2019-07-01 05:05:03,838 null [INFO] (/home/meteo/dev/redist/fwidbmgr/include/Grid.h:1695) Grid snow_dissolution configured.
2019-07-01 05:05:03,860 null [INFO] (/home/meteo/dev/redist/fwidbmgr/include/Grid.h:1595) Configuring grid: temperature
2019-07-01 05:05:03,860 null [INFO] (/home/meteo/dev/redist/fwidbmgr/include/Grid.h:1695) Grid temperature configured.
2019-07-01 05:05:03,864 null [INFO] (/home/meteo/dev/redist/fwidbmgr/include/Grid.h:1595) Configuring grid: humidity
2019-07-01 05:05:03,864 null [INFO] (/home/meteo/dev/redist/fwidbmgr/include/Grid.h:1695) Grid humidity configured.
2019-07-01 05:05:03,871 null [INFO] (/home/meteo/dev/redist/fwidbmgr/include/Grid.h:1595) Configuring grid: windspeed
2019-07-01 05:05:03,872 null [INFO] (/home/meteo/dev/redist/fwidbmgr/include/Grid.h:1695) Grid windspeed configured.
2019-07-01 05:05:03,885 null [INFO] (/home/meteo/dev/redist/fwidbmgr/include/Grid.h:1595) Configuring grid: rain
2019-07-01 05:05:03,885 null [INFO] (/home/meteo/dev/redist/fwidbmgr/include/Grid.h:1695) Grid rain configured.
2019-07-01 05:05:03,888 null [INFO] (/home/meteo/dev/redist/fwidbmgr/include/Grid.h:1595) Configuring grid: cum_rain
2019-07-01 05:05:03,888 null [INFO] (/home/meteo/dev/redist/fwidbmgr/include/Grid.h:1695) Grid cum_rain configured.
2019-07-01 05:05:10,509 null [INFO] (../src/fwidbmgr.cpp:1518) Storing meteo input ...
2019-07-01 05:05:20,860 null [INFO] (../src/fwidbmgr.cpp:5540) OK --> 20190630 data imported.
2019-07-01 05:05:20,866 null [INFO] (../src/fwidbmgr.cpp:5695) action in took about 17 seconds.
2019-07-01 05:05:20,870 null [INFO] (../src/fwidbmgr.cpp:5699) Disconnected from database.
2019-07-01 05:06:00,219 null [INFO] (../src/fwidbmgr.cpp:5361) fwi db manager
2019-07-01 05:06:00,219 null [INFO] (../src/fwidbmgr.cpp:5365) Program home: /home/meteo/dev/redist/fwidbmgr
2019-07-01 05:06:00,219 null [INFO] (../src/fwidbmgr.cpp:5369) Auto convert: 1
2019-07-01 05:06:00,219 null [INFO] (../src/fwidbmgr.cpp:446) action: out.
2019-07-01 05:06:00,219 null [INFO] (../src/fwidbmgr.cpp:470) date: 20190630.
2019-07-01 05:06:00,219 null [INFO] (../src/fwidbmgr.cpp:322) Try to read: /home/meteo/dev/redist/fwidbmgr/config/fwidbmgr.conf.
2019-07-01 05:06:00,220 null [INFO] (../src/fwidbmgr.cpp:5393) Configuration parsing: OK.
2019-07-01 05:06:00,231 null [INFO] (../src/fwidbmgr.cpp:5478) Connected to database
2019-07-01 05:06:00,231 null [INFO] (../src/fwidbmgr.cpp:5480) Manage data for date: 20190630.
2019-07-01 05:06:00,231 null [INFO] (../src/fwidbmgr.cpp:5551) Importing fwi indexes data in database for day: 20190630.
2019-07-01 05:06:00,242 null [INFO] (/home/meteo/dev/redist/fwidbmgr/include/Grid.h:1595) Configuring grid: isi
2019-07-01 05:06:00,242 null [INFO] (/home/meteo/dev/redist/fwidbmgr/include/Grid.h:1695) Grid isi configured.
2019-07-01 05:06:00,255 null [INFO] (/home/meteo/dev/redist/fwidbmgr/include/Grid.h:1595) Configuring grid: fwi
2019-07-01 05:06:00,255 null [INFO] (/home/meteo/dev/redist/fwidbmgr/include/Grid.h:1695) Grid fwi configured.
2019-07-01 05:06:00,263 null [INFO] (/home/meteo/dev/redist/fwidbmgr/include/Grid.h:1595) Configuring grid: ffmc
2019-07-01 05:06:00,263 null [INFO] (/home/meteo/dev/redist/fwidbmgr/include/Grid.h:1695) Grid ffmc configured.
2019-07-01 05:06:00,270 null [INFO] (/home/meteo/dev/redist/fwidbmgr/include/Grid.h:1595) Configuring grid: dmc
2019-07-01 05:06:00,270 null [INFO] (/home/meteo/dev/redist/fwidbmgr/include/Grid.h:1695) Grid dmc configured.
2019-07-01 05:06:00,276 null [INFO] (/home/meteo/dev/redist/fwidbmgr/include/Grid.h:1595) Configuring grid: dc
2019-07-01 05:06:00,276 null [INFO] (/home/meteo/dev/redist/fwidbmgr/include/Grid.h:1695) Grid dc configured.
2019-07-01 05:06:00,284 null [INFO] (/home/meteo/dev/redist/fwidbmgr/include/Grid.h:1595) Configuring grid: bui
2019-07-01 05:06:00,284 null [INFO] (/home/meteo/dev/redist/fwidbmgr/include/Grid.h:1695) Grid bui configured.
2019-07-01 05:06:00,291 null [INFO] (/home/meteo/dev/redist/fwidbmgr/include/Grid.h:1595) Configuring grid: ffmc_tmp
2019-07-01 05:06:00,291 null [INFO] (/home/meteo/dev/redist/fwidbmgr/include/Grid.h:1695) Grid ffmc_tmp configured.
2019-07-01 05:06:00,303 null [INFO] (/home/meteo/dev/redist/fwidbmgr/include/Grid.h:1595) Configuring grid: dmc_tmp
2019-07-01 05:06:00,303 null [INFO] (/home/meteo/dev/redist/fwidbmgr/include/Grid.h:1695) Grid dmc_tmp configured.
2019-07-01 05:06:00,323 null [INFO] (/home/meteo/dev/redist/fwidbmgr/include/Grid.h:1595) Configuring grid: dc_tmp
2019-07-01 05:06:00,323 null [INFO] (/home/meteo/dev/redist/fwidbmgr/include/Grid.h:1695) Grid dc_tmp configured.
2019-07-01 05:06:00,334 null [INFO] (/home/meteo/dev/redist/fwidbmgr/include/Grid.h:1595) Configuring grid: idi
2019-07-01 05:06:00,334 null [INFO] (/home/meteo/dev/redist/fwidbmgr/include/Grid.h:1695) Grid idi configured.
2019-07-01 05:06:04,176 null [INFO] (../src/fwidbmgr.cpp:2081) Storing FWI indexes ...
2019-07-01 05:06:11,528 null [INFO] (../src/fwidbmgr.cpp:5555) OK --> 20190630 data imported.
2019-07-01 05:06:11,529 null [INFO] (../src/fwidbmgr.cpp:5695) action out took about 11 seconds.
2019-07-01 05:06:11,530 null [INFO] (../src/fwidbmgr.cpp:5699) Disconnected from database.
2019-07-01 05:06:11,612 null [INFO] (../src/fwidbmgr.cpp:5361) fwi db manager
2019-07-01 05:06:11,612 null [INFO] (../src/fwidbmgr.cpp:5365) Program home: /home/meteo/dev/redist/fwidbmgr
2019-07-01 05:06:11,613 null [INFO] (../src/fwidbmgr.cpp:5369) Auto convert: 1
2019-07-01 05:06:11,613 null [INFO] (../src/fwidbmgr.cpp:446) action: computeidx.
2019-07-01 05:06:11,613 null [INFO] (../src/fwidbmgr.cpp:470) date: 20190630.
2019-07-01 05:06:11,613 null [INFO] (../src/fwidbmgr.cpp:322) Try to read: /home/meteo/dev/redist/fwidbmgr/config/fwidbmgr.conf.
2019-07-01 05:06:11,614 null [INFO] (../src/fwidbmgr.cpp:5393) Configuration parsing: OK.
2019-07-01 05:06:11,626 null [INFO] (../src/fwidbmgr.cpp:5478) Connected to database
2019-07-01 05:06:11,626 null [INFO] (../src/fwidbmgr.cpp:5480) Manage data for date: 20190630.
2019-07-01 05:06:11,627 null [INFO] (../src/fwidbmgr.cpp:5656) Computing indexes.
2019-07-01 05:06:11,631 null [INFO] (/home/meteo/dev/redist/fwidbmgr/include/Grid.h:1595) Configuring grid: isi
2019-07-01 05:06:11,631 null [INFO] (/home/meteo/dev/redist/fwidbmgr/include/Grid.h:1695) Grid isi configured.
2019-07-01 05:06:11,634 null [INFO] (/home/meteo/dev/redist/fwidbmgr/include/Grid.h:1595) Configuring grid: fwi
2019-07-01 05:06:11,634 null [INFO] (/home/meteo/dev/redist/fwidbmgr/include/Grid.h:1695) Grid fwi configured.
2019-07-01 05:06:11,637 null [INFO] (/home/meteo/dev/redist/fwidbmgr/include/Grid.h:1595) Configuring grid: ffmc
2019-07-01 05:06:11,638 null [INFO] (/home/meteo/dev/redist/fwidbmgr/include/Grid.h:1695) Grid ffmc configured.
2019-07-01 05:06:11,640 null [INFO] (/home/meteo/dev/redist/fwidbmgr/include/Grid.h:1595) Configuring grid: dmc
2019-07-01 05:06:11,640 null [INFO] (/home/meteo/dev/redist/fwidbmgr/include/Grid.h:1695) Grid dmc configured.
2019-07-01 05:06:11,641 null [INFO] (/home/meteo/dev/redist/fwidbmgr/include/Grid.h:1595) Configuring grid: dc
2019-07-01 05:06:11,641 null [INFO] (/home/meteo/dev/redist/fwidbmgr/include/Grid.h:1695) Grid dc configured.
2019-07-01 05:06:11,642 null [INFO] (/home/meteo/dev/redist/fwidbmgr/include/Grid.h:1595) Configuring grid: bui
2019-07-01 05:06:11,642 null [INFO] (/home/meteo/dev/redist/fwidbmgr/include/Grid.h:1695) Grid bui configured.
2019-07-01 05:06:11,643 null [INFO] (/home/meteo/dev/redist/fwidbmgr/include/Grid.h:1595) Configuring grid: ffmc_tmp
2019-07-01 05:06:11,643 null [INFO] (/home/meteo/dev/redist/fwidbmgr/include/Grid.h:1695) Grid ffmc_tmp configured.
2019-07-01 05:06:11,644 null [INFO] (/home/meteo/dev/redist/fwidbmgr/include/Grid.h:1595) Configuring grid: dmc_tmp
2019-07-01 05:06:11,644 null [INFO] (/home/meteo/dev/redist/fwidbmgr/include/Grid.h:1695) Grid dmc_tmp configured.
2019-07-01 05:06:11,645 null [INFO] (/home/meteo/dev/redist/fwidbmgr/include/Grid.h:1595) Configuring grid: dc_tmp
2019-07-01 05:06:11,645 null [INFO] (/home/meteo/dev/redist/fwidbmgr/include/Grid.h:1695) Grid dc_tmp configured.
2019-07-01 05:06:11,646 null [INFO] (/home/meteo/dev/redist/fwidbmgr/include/Grid.h:1595) Configuring grid: idi
2019-07-01 05:06:11,646 null [INFO] (/home/meteo/dev/redist/fwidbmgr/include/Grid.h:1695) Grid idi configured.
2019-07-01 05:06:11,647 null [INFO] (/home/meteo/dev/redist/fwidbmgr/include/Grid.h:1595) Configuring grid: angstrom
2019-07-01 05:06:11,647 null [INFO] (/home/meteo/dev/redist/fwidbmgr/include/Grid.h:1695) Grid angstrom configured.
2019-07-01 05:06:11,648 null [INFO] (/home/meteo/dev/redist/fwidbmgr/include/Grid.h:1595) Configuring grid: fmi
2019-07-01 05:06:11,648 null [INFO] (/home/meteo/dev/redist/fwidbmgr/include/Grid.h:1695) Grid fmi configured.
2019-07-01 05:06:11,649 null [INFO] (/home/meteo/dev/redist/fwidbmgr/include/Grid.h:1595) Configuring grid: sharples
2019-07-01 05:06:11,650 null [INFO] (/home/meteo/dev/redist/fwidbmgr/include/Grid.h:1695) Grid sharples configured.
2019-07-01 05:06:14,328 null [INFO] (/home/meteo/dev/redist/fwidbmgr/include/Grid.h:1595) Configuring grid: snow
2019-07-01 05:06:14,328 null [INFO] (/home/meteo/dev/redist/fwidbmgr/include/Grid.h:1695) Grid snow configured.
2019-07-01 05:06:14,328 null [INFO] (/home/meteo/dev/redist/fwidbmgr/include/Grid.h:1595) Configuring grid: snow_covering
2019-07-01 05:06:14,328 null [INFO] (/home/meteo/dev/redist/fwidbmgr/include/Grid.h:1695) Grid snow_covering configured.
2019-07-01 05:06:14,328 null [INFO] (/home/meteo/dev/redist/fwidbmgr/include/Grid.h:1595) Configuring grid: snow_dissolution
2019-07-01 05:06:14,328 null [INFO] (/home/meteo/dev/redist/fwidbmgr/include/Grid.h:1695) Grid snow_dissolution configured.
2019-07-01 05:06:14,329 null [INFO] (/home/meteo/dev/redist/fwidbmgr/include/Grid.h:1595) Configuring grid: temperature
2019-07-01 05:06:14,329 null [INFO] (/home/meteo/dev/redist/fwidbmgr/include/Grid.h:1695) Grid temperature configured.
2019-07-01 05:06:14,329 null [INFO] (/home/meteo/dev/redist/fwidbmgr/include/Grid.h:1595) Configuring grid: humidity
2019-07-01 05:06:14,329 null [INFO] (/home/meteo/dev/redist/fwidbmgr/include/Grid.h:1695) Grid humidity configured.
2019-07-01 05:06:14,329 null [INFO] (/home/meteo/dev/redist/fwidbmgr/include/Grid.h:1595) Configuring grid: windspeed
2019-07-01 05:06:14,329 null [INFO] (/home/meteo/dev/redist/fwidbmgr/include/Grid.h:1695) Grid windspeed configured.
2019-07-01 05:06:14,329 null [INFO] (/home/meteo/dev/redist/fwidbmgr/include/Grid.h:1595) Configuring grid: rain
2019-07-01 05:06:14,329 null [INFO] (/home/meteo/dev/redist/fwidbmgr/include/Grid.h:1695) Grid rain configured.
2019-07-01 05:06:14,329 null [INFO] (/home/meteo/dev/redist/fwidbmgr/include/Grid.h:1595) Configuring grid: cum_rain
2019-07-01 05:06:14,329 null [INFO] (/home/meteo/dev/redist/fwidbmgr/include/Grid.h:1695) Grid cum_rain configured.
2019-07-01 05:07:18,468 null [INFO] (../src/fwidbmgr.cpp:5660) OK --> 20190630 indexes computed.
2019-07-01 05:07:18,468 null [INFO] (../src/fwidbmgr.cpp:5695) action computeidx took about 67 seconds.
2019-07-01 05:07:18,468 null [INFO] (../src/fwidbmgr.cpp:5699) Disconnected from database.
2019-07-01 05:07:18,530 null [INFO] (../src/fwidbmgr.cpp:5361) fwi db manager
2019-07-01 05:07:18,530 null [INFO] (../src/fwidbmgr.cpp:5365) Program home: /home/meteo/dev/redist/fwidbmgr
2019-07-01 05:07:18,530 null [INFO] (../src/fwidbmgr.cpp:5369) Auto convert: 1
2019-07-01 05:07:18,530 null [INFO] (../src/fwidbmgr.cpp:446) action: exportidx.
2019-07-01 05:07:18,530 null [INFO] (../src/fwidbmgr.cpp:470) date: 20190630.
2019-07-01 05:07:18,530 null [INFO] (../src/fwidbmgr.cpp:322) Try to read: /home/meteo/dev/redist/fwidbmgr/config/fwidbmgr.conf.
2019-07-01 05:07:18,531 null [INFO] (../src/fwidbmgr.cpp:5393) Configuration parsing: OK.
2019-07-01 05:07:18,545 null [INFO] (../src/fwidbmgr.cpp:5478) Connected to database
2019-07-01 05:07:18,545 null [INFO] (../src/fwidbmgr.cpp:5480) Manage data for date: 20190630.
2019-07-01 05:07:18,545 null [INFO] (../src/fwidbmgr.cpp:5596) Exporting indexes.
2019-07-01 05:07:18,548 null [INFO] (/home/meteo/dev/redist/fwidbmgr/include/Grid.h:1595) Configuring grid: isi
2019-07-01 05:07:18,548 null [INFO] (/home/meteo/dev/redist/fwidbmgr/include/Grid.h:1695) Grid isi configured.
2019-07-01 05:07:18,550 null [INFO] (/home/meteo/dev/redist/fwidbmgr/include/Grid.h:1595) Configuring grid: fwi
2019-07-01 05:07:18,550 null [INFO] (/home/meteo/dev/redist/fwidbmgr/include/Grid.h:1695) Grid fwi configured.
2019-07-01 05:07:18,552 null [INFO] (/home/meteo/dev/redist/fwidbmgr/include/Grid.h:1595) Configuring grid: ffmc
2019-07-01 05:07:18,552 null [INFO] (/home/meteo/dev/redist/fwidbmgr/include/Grid.h:1695) Grid ffmc configured.
2019-07-01 05:07:18,554 null [INFO] (/home/meteo/dev/redist/fwidbmgr/include/Grid.h:1595) Configuring grid: dmc
2019-07-01 05:07:18,554 null [INFO] (/home/meteo/dev/redist/fwidbmgr/include/Grid.h:1695) Grid dmc configured.
2019-07-01 05:07:18,556 null [INFO] (/home/meteo/dev/redist/fwidbmgr/include/Grid.h:1595) Configuring grid: dc
2019-07-01 05:07:18,556 null [INFO] (/home/meteo/dev/redist/fwidbmgr/include/Grid.h:1695) Grid dc configured.
2019-07-01 05:07:18,557 null [INFO] (/home/meteo/dev/redist/fwidbmgr/include/Grid.h:1595) Configuring grid: bui
2019-07-01 05:07:18,557 null [INFO] (/home/meteo/dev/redist/fwidbmgr/include/Grid.h:1695) Grid bui configured.
2019-07-01 05:07:18,558 null [INFO] (/home/meteo/dev/redist/fwidbmgr/include/Grid.h:1595) Configuring grid: ffmc_tmp
2019-07-01 05:07:18,558 null [INFO] (/home/meteo/dev/redist/fwidbmgr/include/Grid.h:1695) Grid ffmc_tmp configured.
2019-07-01 05:07:18,559 null [INFO] (/home/meteo/dev/redist/fwidbmgr/include/Grid.h:1595) Configuring grid: dmc_tmp
2019-07-01 05:07:18,559 null [INFO] (/home/meteo/dev/redist/fwidbmgr/include/Grid.h:1695) Grid dmc_tmp configured.
2019-07-01 05:07:18,560 null [INFO] (/home/meteo/dev/redist/fwidbmgr/include/Grid.h:1595) Configuring grid: dc_tmp
2019-07-01 05:07:18,560 null [INFO] (/home/meteo/dev/redist/fwidbmgr/include/Grid.h:1695) Grid dc_tmp configured.
2019-07-01 05:07:18,561 null [INFO] (/home/meteo/dev/redist/fwidbmgr/include/Grid.h:1595) Configuring grid: idi
2019-07-01 05:07:18,561 null [INFO] (/home/meteo/dev/redist/fwidbmgr/include/Grid.h:1695) Grid idi configured.
2019-07-01 05:07:18,562 null [INFO] (/home/meteo/dev/redist/fwidbmgr/include/Grid.h:1595) Configuring grid: angstrom
2019-07-01 05:07:18,562 null [INFO] (/home/meteo/dev/redist/fwidbmgr/include/Grid.h:1695) Grid angstrom configured.
2019-07-01 05:07:18,563 null [INFO] (/home/meteo/dev/redist/fwidbmgr/include/Grid.h:1595) Configuring grid: fmi
2019-07-01 05:07:18,563 null [INFO] (/home/meteo/dev/redist/fwidbmgr/include/Grid.h:1695) Grid fmi configured.
2019-07-01 05:07:18,564 null [INFO] (/home/meteo/dev/redist/fwidbmgr/include/Grid.h:1595) Configuring grid: sharples
2019-07-01 05:07:18,564 null [INFO] (/home/meteo/dev/redist/fwidbmgr/include/Grid.h:1695) Grid sharples configured.
2019-07-01 05:07:20,885 null [INFO] (/home/meteo/dev/redist/fwidbmgr/include/Grid.h:1595) Configuring grid: isi
2019-07-01 05:07:20,885 null [INFO] (/home/meteo/dev/redist/fwidbmgr/include/Grid.h:1695) Grid isi configured.
2019-07-01 05:07:20,907 null [INFO] (/home/meteo/dev/redist/fwidbmgr/include/Grid.h:1595) Configuring grid: fwi
2019-07-01 05:07:20,907 null [INFO] (/home/meteo/dev/redist/fwidbmgr/include/Grid.h:1695) Grid fwi configured.
2019-07-01 05:07:20,927 null [INFO] (/home/meteo/dev/redist/fwidbmgr/include/Grid.h:1595) Configuring grid: ffmc
2019-07-01 05:07:20,927 null [INFO] (/home/meteo/dev/redist/fwidbmgr/include/Grid.h:1695) Grid ffmc configured.
2019-07-01 05:07:20,946 null [INFO] (/home/meteo/dev/redist/fwidbmgr/include/Grid.h:1595) Configuring grid: dmc
2019-07-01 05:07:20,946 null [INFO] (/home/meteo/dev/redist/fwidbmgr/include/Grid.h:1695) Grid dmc configured.
2019-07-01 05:07:20,967 null [INFO] (/home/meteo/dev/redist/fwidbmgr/include/Grid.h:1595) Configuring grid: dc
2019-07-01 05:07:20,967 null [INFO] (/home/meteo/dev/redist/fwidbmgr/include/Grid.h:1695) Grid dc configured.
2019-07-01 05:07:20,987 null [INFO] (/home/meteo/dev/redist/fwidbmgr/include/Grid.h:1595) Configuring grid: bui
2019-07-01 05:07:20,987 null [INFO] (/home/meteo/dev/redist/fwidbmgr/include/Grid.h:1695) Grid bui configured.
2019-07-01 05:07:21,007 null [INFO] (/home/meteo/dev/redist/fwidbmgr/include/Grid.h:1595) Configuring grid: ffmc_tmp
2019-07-01 05:07:21,007 null [INFO] (/home/meteo/dev/redist/fwidbmgr/include/Grid.h:1695) Grid ffmc_tmp configured.
2019-07-01 05:07:21,026 null [INFO] (/home/meteo/dev/redist/fwidbmgr/include/Grid.h:1595) Configuring grid: dmc_tmp
2019-07-01 05:07:21,027 null [INFO] (/home/meteo/dev/redist/fwidbmgr/include/Grid.h:1695) Grid dmc_tmp configured.
2019-07-01 05:07:21,046 null [INFO] (/home/meteo/dev/redist/fwidbmgr/include/Grid.h:1595) Configuring grid: dc_tmp
2019-07-01 05:07:21,046 null [INFO] (/home/meteo/dev/redist/fwidbmgr/include/Grid.h:1695) Grid dc_tmp configured.
2019-07-01 05:07:21,066 null [INFO] (/home/meteo/dev/redist/fwidbmgr/include/Grid.h:1595) Configuring grid: angstrom
2019-07-01 05:07:21,066 null [INFO] (/home/meteo/dev/redist/fwidbmgr/include/Grid.h:1695) Grid angstrom configured.
2019-07-01 05:07:21,088 null [INFO] (/home/meteo/dev/redist/fwidbmgr/include/Grid.h:1595) Configuring grid: sharples
2019-07-01 05:07:21,088 null [INFO] (/home/meteo/dev/redist/fwidbmgr/include/Grid.h:1695) Grid sharples configured.
2019-07-01 05:07:21,108 null [INFO] (/home/meteo/dev/redist/fwidbmgr/include/Grid.h:1595) Configuring grid: fmi
2019-07-01 05:07:21,108 null [INFO] (/home/meteo/dev/redist/fwidbmgr/include/Grid.h:1695) Grid fmi configured.
2019-07-01 05:07:21,127 null [INFO] (../src/fwidbmgr.cpp:5600) OK --> 20190630 indexes exported to files.
2019-07-01 05:07:21,127 null [INFO] (../src/fwidbmgr.cpp:5695) action exportidx took about 3 seconds.
2019-07-01 05:07:21,127 null [INFO] (../src/fwidbmgr.cpp:5699) Disconnected from database.
2019-07-01 05:07:35,366 null [INFO] (../src/fwidbmgr.cpp:5361) fwi db manager
2019-07-01 05:07:35,366 null [INFO] (../src/fwidbmgr.cpp:5365) Program home: /home/meteo/dev/redist/fwidbmgr
2019-07-01 05:07:35,366 null [INFO] (../src/fwidbmgr.cpp:5369) Auto convert: 1
2019-07-01 05:07:35,366 null [INFO] (../src/fwidbmgr.cpp:446) action: outimg.
2019-07-01 05:07:35,366 null [INFO] (../src/fwidbmgr.cpp:470) date: 20190630.
2019-07-01 05:07:35,366 null [INFO] (../src/fwidbmgr.cpp:322) Try to read: /home/meteo/dev/redist/fwidbmgr/config/fwidbmgr.conf.
2019-07-01 05:07:35,367 null [INFO] (../src/fwidbmgr.cpp:5393) Configuration parsing: OK.
2019-07-01 05:07:35,372 null [INFO] (../src/fwidbmgr.cpp:5478) Connected to database
2019-07-01 05:07:35,373 null [INFO] (../src/fwidbmgr.cpp:5480) Manage data for date: 20190630.
2019-07-01 05:07:35,373 null [INFO] (../src/fwidbmgr.cpp:5566) Importing fwi indexes images in database.
2019-07-01 05:07:35,423 null [INFO] (../src/fwidbmgr.cpp:5570) OK --> 20190630 images imported.
2019-07-01 05:07:35,423 null [INFO] (../src/fwidbmgr.cpp:5695) action outimg took about 0 seconds.
2019-07-01 05:07:35,424 null [INFO] (../src/fwidbmgr.cpp:5699) Disconnected from database.
2019-07-01 05:37:01,792 null [INFO] (../src/fwidbmgr.cpp:5361) fwi db manager
2019-07-01 05:37:01,792 null [INFO] (../src/fwidbmgr.cpp:5365) Program home: /home/meteo/dev/redist/fwidbmgr
2019-07-01 05:37:01,792 null [INFO] (../src/fwidbmgr.cpp:5369) Auto convert: 1
2019-07-01 05:37:01,792 null [INFO] (../src/fwidbmgr.cpp:446) action: outimg.
2019-07-01 05:37:01,792 null [INFO] (../src/fwidbmgr.cpp:470) date: 20190630.
2019-07-01 05:37:01,792 null [INFO] (../src/fwidbmgr.cpp:322) Try to read: /home/meteo/dev/redist/fwidbmgr/config/fwidbmgr.conf.
2019-07-01 05:37:01,794 null [INFO] (../src/fwidbmgr.cpp:5393) Configuration parsing: OK.
2019-07-01 05:37:01,803 null [INFO] (../src/fwidbmgr.cpp:5478) Connected to database
2019-07-01 05:37:01,803 null [INFO] (../src/fwidbmgr.cpp:5480) Manage data for date: 20190630.
2019-07-01 05:37:01,803 null [INFO] (../src/fwidbmgr.cpp:5566) Importing fwi indexes images in database.
2019-07-01 05:37:01,845 null [INFO] (../src/fwidbmgr.cpp:5570) OK --> 20190630 images imported.
2019-07-01 05:37:01,846 null [INFO] (../src/fwidbmgr.cpp:5695) action outimg took about 0 seconds.
2019-07-01 05:37:01,846 null [INFO] (../src/fwidbmgr.cpp:5699) Disconnected from database.
2019-07-01 06:05:02,105 null [INFO] (../src/fwidbmgr.cpp:5361) fwi db manager
2019-07-01 06:05:02,105 null [INFO] (../src/fwidbmgr.cpp:5365) Program home: /home/meteo/dev/redist/fwidbmgr
2019-07-01 06:05:02,105 null [INFO] (../src/fwidbmgr.cpp:5369) Auto convert: 1
2019-07-01 06:05:02,105 null [INFO] (../src/fwidbmgr.cpp:446) action: outimg.
2019-07-01 06:05:02,105 null [INFO] (../src/fwidbmgr.cpp:470) date: 20190630.
2019-07-01 06:05:02,105 null [INFO] (../src/fwidbmgr.cpp:322) Try to read: /home/meteo/dev/redist/fwidbmgr/config/fwidbmgr.conf.
2019-07-01 06:05:02,106 null [INFO] (../src/fwidbmgr.cpp:5393) Configuration parsing: OK.
2019-07-01 06:05:02,112 null [INFO] (../src/fwidbmgr.cpp:5478) Connected to database
2019-07-01 06:05:02,112 null [INFO] (../src/fwidbmgr.cpp:5480) Manage data for date: 20190630.
2019-07-01 06:05:02,112 null [INFO] (../src/fwidbmgr.cpp:5566) Importing fwi indexes images in database.
2019-07-01 06:05:02,158 null [INFO] (../src/fwidbmgr.cpp:5570) OK --> 20190630 images imported.
2019-07-01 06:05:02,159 null [INFO] (../src/fwidbmgr.cpp:5695) action outimg took about 0 seconds.
2019-07-01 06:05:02,159 null [INFO] (../src/fwidbmgr.cpp:5699) Disconnected from database.
2019-07-01 06:37:01,422 null [INFO] (../src/fwidbmgr.cpp:5361) fwi db manager
2019-07-01 06:37:01,422 null [INFO] (../src/fwidbmgr.cpp:5365) Program home: /home/meteo/dev/redist/fwidbmgr
2019-07-01 06:37:01,422 null [INFO] (../src/fwidbmgr.cpp:5369) Auto convert: 1
2019-07-01 06:37:01,422 null [INFO] (../src/fwidbmgr.cpp:446) action: outimg.
2019-07-01 06:37:01,422 null [INFO] (../src/fwidbmgr.cpp:470) date: 20190630.
2019-07-01 06:37:01,422 null [INFO] (../src/fwidbmgr.cpp:322) Try to read: /home/meteo/dev/redist/fwidbmgr/config/fwidbmgr.conf.
2019-07-01 06:37:01,423 null [INFO] (../src/fwidbmgr.cpp:5393) Configuration parsing: OK.
2019-07-01 06:37:01,430 null [INFO] (../src/fwidbmgr.cpp:5478) Connected to database
2019-07-01 06:37:01,430 null [INFO] (../src/fwidbmgr.cpp:5480) Manage data for date: 20190630.
2019-07-01 06:37:01,430 null [INFO] (../src/fwidbmgr.cpp:5566) Importing fwi indexes images in database.
2019-07-01 06:37:01,471 null [INFO] (../src/fwidbmgr.cpp:5570) OK --> 20190630 images imported.
2019-07-01 06:37:01,471 null [INFO] (../src/fwidbmgr.cpp:5695) action outimg took about 0 seconds.
2019-07-01 06:37:01,471 null [INFO] (../src/fwidbmgr.cpp:5699) Disconnected from database.
2019-07-01 07:05:01,271 null [INFO] (../src/fwidbmgr.cpp:5361) fwi db manager
2019-07-01 07:05:01,271 null [INFO] (../src/fwidbmgr.cpp:5365) Program home: /home/meteo/dev/redist/fwidbmgr
2019-07-01 07:05:01,271 null [INFO] (../src/fwidbmgr.cpp:5369) Auto convert: 1
2019-07-01 07:05:01,271 null [INFO] (../src/fwidbmgr.cpp:446) action: outimg.
2019-07-01 07:05:01,271 null [INFO] (../src/fwidbmgr.cpp:470) date: 20190630.
2019-07-01 07:05:01,271 null [INFO] (../src/fwidbmgr.cpp:322) Try to read: /home/meteo/dev/redist/fwidbmgr/config/fwidbmgr.conf.
2019-07-01 07:05:01,272 null [INFO] (../src/fwidbmgr.cpp:5393) Configuration parsing: OK.
2019-07-01 07:05:01,281 null [INFO] (../src/fwidbmgr.cpp:5478) Connected to database
2019-07-01 07:05:01,281 null [INFO] (../src/fwidbmgr.cpp:5480) Manage data for date: 20190630.
2019-07-01 07:05:01,282 null [INFO] (../src/fwidbmgr.cpp:5566) Importing fwi indexes images in database.
2019-07-01 07:05:01,339 null [INFO] (../src/fwidbmgr.cpp:5570) OK --> 20190630 images imported.
2019-07-01 07:05:01,339 null [INFO] (../src/fwidbmgr.cpp:5695) action outimg took about 0 seconds.
2019-07-01 07:05:01,339 null [INFO] (../src/fwidbmgr.cpp:5699) Disconnected from database.
2019-07-01 07:37:01,624 null [INFO] (../src/fwidbmgr.cpp:5361) fwi db manager
2019-07-01 07:37:01,624 null [INFO] (../src/fwidbmgr.cpp:5365) Program home: /home/meteo/dev/redist/fwidbmgr
2019-07-01 07:37:01,624 null [INFO] (../src/fwidbmgr.cpp:5369) Auto convert: 1
2019-07-01 07:37:01,624 null [INFO] (../src/fwidbmgr.cpp:446) action: outimg.
2019-07-01 07:37:01,624 null [INFO] (../src/fwidbmgr.cpp:470) date: 20190630.
2019-07-01 07:37:01,624 null [INFO] (../src/fwidbmgr.cpp:322) Try to read: /home/meteo/dev/redist/fwidbmgr/config/fwidbmgr.conf.
2019-07-01 07:37:01,625 null [INFO] (../src/fwidbmgr.cpp:5393) Configuration parsing: OK.
2019-07-01 07:37:01,634 null [INFO] (../src/fwidbmgr.cpp:5478) Connected to database
2019-07-01 07:37:01,634 null [INFO] (../src/fwidbmgr.cpp:5480) Manage data for date: 20190630.
2019-07-01 07:37:01,634 null [INFO] (../src/fwidbmgr.cpp:5566) Importing fwi indexes images in database.
2019-07-01 07:37:01,676 null [INFO] (../src/fwidbmgr.cpp:5570) OK --> 20190630 images imported.
2019-07-01 07:37:01,676 null [INFO] (../src/fwidbmgr.cpp:5695) action outimg took about 0 seconds.
2019-07-01 07:37:01,677 null [INFO] (../src/fwidbmgr.cpp:5699) Disconnected from database.
