2015-08-04 05:07:20,182 null [INFO] (../src/fwidbmgr.cpp:5207) fwi db manager
2015-08-04 05:07:20,184 null [INFO] (../src/fwidbmgr.cpp:5209) Program home: /home/meteo/dev/redist/fwidbmgr
2015-08-04 05:07:20,184 null [INFO] (../src/fwidbmgr.cpp:5211) Auto convert: 1
2015-08-04 05:07:20,184 null [INFO] (../src/fwidbmgr.cpp:458) action: in.
2015-08-04 05:07:20,184 null [INFO] (../src/fwidbmgr.cpp:482) date: 20150803.
2015-08-04 05:07:20,184 null [INFO] (../src/fwidbmgr.cpp:319) Try to read: /home/meteo/dev/redist/fwidbmgr/config/fwidbmgr.conf.
2015-08-04 05:07:20,235 null [INFO] (../src/fwidbmgr.cpp:5240) Configuration parsing: OK.
2015-08-04 05:07:20,326 null [INFO] (../src/fwidbmgr.cpp:5322) Connected to database
2015-08-04 05:07:20,326 null [INFO] (../src/fwidbmgr.cpp:5323) Manage data for date: 20150803.
2015-08-04 05:07:20,326 null [INFO] (../src/fwidbmgr.cpp:5367) Importing meteo data in database for day: 20150803.
2015-08-04 05:07:20,327 null [INFO] (/home/meteo/dev/redist/fwidbmgr/include/Grid.h:1595) Configuring grid: snow
2015-08-04 05:07:20,328 null [INFO] (/home/meteo/dev/redist/fwidbmgr/include/Grid.h:1695) Grid snow configured.
2015-08-04 05:07:20,339 null [INFO] (/home/meteo/dev/redist/fwidbmgr/include/Grid.h:1595) Configuring grid: snow_covering
2015-08-04 05:07:20,340 null [INFO] (/home/meteo/dev/redist/fwidbmgr/include/Grid.h:1695) Grid snow_covering configured.
2015-08-04 05:07:20,354 null [INFO] (/home/meteo/dev/redist/fwidbmgr/include/Grid.h:1595) Configuring grid: snow_dissolution
2015-08-04 05:07:20,354 null [INFO] (/home/meteo/dev/redist/fwidbmgr/include/Grid.h:1695) Grid snow_dissolution configured.
2015-08-04 05:07:20,380 null [INFO] (/home/meteo/dev/redist/fwidbmgr/include/Grid.h:1595) Configuring grid: temperature
2015-08-04 05:07:20,380 null [INFO] (/home/meteo/dev/redist/fwidbmgr/include/Grid.h:1695) Grid temperature configured.
2015-08-04 05:07:20,385 null [INFO] (/home/meteo/dev/redist/fwidbmgr/include/Grid.h:1595) Configuring grid: humidity
2015-08-04 05:07:20,385 null [INFO] (/home/meteo/dev/redist/fwidbmgr/include/Grid.h:1695) Grid humidity configured.
2015-08-04 05:07:20,397 null [INFO] (/home/meteo/dev/redist/fwidbmgr/include/Grid.h:1595) Configuring grid: windspeed
2015-08-04 05:07:20,397 null [INFO] (/home/meteo/dev/redist/fwidbmgr/include/Grid.h:1695) Grid windspeed configured.
2015-08-04 05:07:20,422 null [INFO] (/home/meteo/dev/redist/fwidbmgr/include/Grid.h:1595) Configuring grid: rain
2015-08-04 05:07:20,422 null [INFO] (/home/meteo/dev/redist/fwidbmgr/include/Grid.h:1695) Grid rain configured.
2015-08-04 05:07:20,426 null [INFO] (/home/meteo/dev/redist/fwidbmgr/include/Grid.h:1595) Configuring grid: cum_rain
2015-08-04 05:07:20,426 null [INFO] (/home/meteo/dev/redist/fwidbmgr/include/Grid.h:1695) Grid cum_rain configured.
2015-08-04 05:07:36,289 null [INFO] (../src/fwidbmgr.cpp:1502) Storing meteo input ...
2015-08-04 05:09:02,286 null [INFO] (../src/fwidbmgr.cpp:5370) OK --> 20150803 data imported.
2015-08-04 05:09:02,344 null [INFO] (../src/fwidbmgr.cpp:5496) action in took about 102 seconds.
2015-08-04 05:09:02,379 null [INFO] (../src/fwidbmgr.cpp:5499) Disconnected from database.
2015-08-04 05:10:40,499 null [INFO] (../src/fwidbmgr.cpp:5207) fwi db manager
2015-08-04 05:10:40,499 null [INFO] (../src/fwidbmgr.cpp:5209) Program home: /home/meteo/dev/redist/fwidbmgr
2015-08-04 05:10:40,499 null [INFO] (../src/fwidbmgr.cpp:5211) Auto convert: 1
2015-08-04 05:10:40,499 null [INFO] (../src/fwidbmgr.cpp:458) action: out.
2015-08-04 05:10:40,500 null [INFO] (../src/fwidbmgr.cpp:482) date: 20150803.
2015-08-04 05:10:40,500 null [INFO] (../src/fwidbmgr.cpp:319) Try to read: /home/meteo/dev/redist/fwidbmgr/config/fwidbmgr.conf.
2015-08-04 05:10:40,512 null [INFO] (../src/fwidbmgr.cpp:5240) Configuration parsing: OK.
2015-08-04 05:10:40,524 null [INFO] (../src/fwidbmgr.cpp:5322) Connected to database
2015-08-04 05:10:40,524 null [INFO] (../src/fwidbmgr.cpp:5323) Manage data for date: 20150803.
2015-08-04 05:10:40,524 null [INFO] (../src/fwidbmgr.cpp:5379) Importing fwi indexes data in database for day: 20150803.
2015-08-04 05:10:40,526 null [INFO] (/home/meteo/dev/redist/fwidbmgr/include/Grid.h:1595) Configuring grid: isi
2015-08-04 05:10:40,526 null [INFO] (/home/meteo/dev/redist/fwidbmgr/include/Grid.h:1695) Grid isi configured.
2015-08-04 05:10:40,540 null [INFO] (/home/meteo/dev/redist/fwidbmgr/include/Grid.h:1595) Configuring grid: fwi
2015-08-04 05:10:40,540 null [INFO] (/home/meteo/dev/redist/fwidbmgr/include/Grid.h:1695) Grid fwi configured.
2015-08-04 05:10:40,553 null [INFO] (/home/meteo/dev/redist/fwidbmgr/include/Grid.h:1595) Configuring grid: ffmc
2015-08-04 05:10:40,553 null [INFO] (/home/meteo/dev/redist/fwidbmgr/include/Grid.h:1695) Grid ffmc configured.
2015-08-04 05:10:40,578 null [INFO] (/home/meteo/dev/redist/fwidbmgr/include/Grid.h:1595) Configuring grid: dmc
2015-08-04 05:10:40,579 null [INFO] (/home/meteo/dev/redist/fwidbmgr/include/Grid.h:1695) Grid dmc configured.
2015-08-04 05:10:40,592 null [INFO] (/home/meteo/dev/redist/fwidbmgr/include/Grid.h:1595) Configuring grid: dc
2015-08-04 05:10:40,592 null [INFO] (/home/meteo/dev/redist/fwidbmgr/include/Grid.h:1695) Grid dc configured.
2015-08-04 05:10:40,606 null [INFO] (/home/meteo/dev/redist/fwidbmgr/include/Grid.h:1595) Configuring grid: bui
2015-08-04 05:10:40,606 null [INFO] (/home/meteo/dev/redist/fwidbmgr/include/Grid.h:1695) Grid bui configured.
2015-08-04 05:10:40,620 null [INFO] (/home/meteo/dev/redist/fwidbmgr/include/Grid.h:1595) Configuring grid: ffmc_tmp
2015-08-04 05:10:40,620 null [INFO] (/home/meteo/dev/redist/fwidbmgr/include/Grid.h:1695) Grid ffmc_tmp configured.
2015-08-04 05:10:40,678 null [INFO] (/home/meteo/dev/redist/fwidbmgr/include/Grid.h:1595) Configuring grid: dmc_tmp
2015-08-04 05:10:40,678 null [INFO] (/home/meteo/dev/redist/fwidbmgr/include/Grid.h:1695) Grid dmc_tmp configured.
2015-08-04 05:10:40,726 null [INFO] (/home/meteo/dev/redist/fwidbmgr/include/Grid.h:1595) Configuring grid: dc_tmp
2015-08-04 05:10:40,726 null [INFO] (/home/meteo/dev/redist/fwidbmgr/include/Grid.h:1695) Grid dc_tmp configured.
2015-08-04 05:10:40,753 null [INFO] (/home/meteo/dev/redist/fwidbmgr/include/Grid.h:1595) Configuring grid: idi
2015-08-04 05:10:40,753 null [INFO] (/home/meteo/dev/redist/fwidbmgr/include/Grid.h:1695) Grid idi configured.
2015-08-04 05:10:57,156 null [INFO] (../src/fwidbmgr.cpp:2045) Storing FWI indexes ...
2015-08-04 05:12:06,889 null [INFO] (../src/fwidbmgr.cpp:5382) OK --> 20150803 data imported.
2015-08-04 05:12:06,893 null [INFO] (../src/fwidbmgr.cpp:5496) action out took about 86 seconds.
2015-08-04 05:12:06,897 null [INFO] (../src/fwidbmgr.cpp:5499) Disconnected from database.
2015-08-04 05:12:07,602 null [INFO] (../src/fwidbmgr.cpp:5207) fwi db manager
2015-08-04 05:12:07,603 null [INFO] (../src/fwidbmgr.cpp:5209) Program home: /home/meteo/dev/redist/fwidbmgr
2015-08-04 05:12:07,604 null [INFO] (../src/fwidbmgr.cpp:5211) Auto convert: 1
2015-08-04 05:12:07,604 null [INFO] (../src/fwidbmgr.cpp:458) action: computeidx.
2015-08-04 05:12:07,604 null [INFO] (../src/fwidbmgr.cpp:482) date: 20150803.
2015-08-04 05:12:07,604 null [INFO] (../src/fwidbmgr.cpp:319) Try to read: /home/meteo/dev/redist/fwidbmgr/config/fwidbmgr.conf.
2015-08-04 05:12:07,623 null [INFO] (../src/fwidbmgr.cpp:5240) Configuration parsing: OK.
2015-08-04 05:12:07,653 null [INFO] (../src/fwidbmgr.cpp:5322) Connected to database
2015-08-04 05:12:07,653 null [INFO] (../src/fwidbmgr.cpp:5323) Manage data for date: 20150803.
2015-08-04 05:12:07,654 null [INFO] (../src/fwidbmgr.cpp:5463) Computing indexes.
2015-08-04 05:12:07,655 null [INFO] (/home/meteo/dev/redist/fwidbmgr/include/Grid.h:1595) Configuring grid: isi
2015-08-04 05:12:07,655 null [INFO] (/home/meteo/dev/redist/fwidbmgr/include/Grid.h:1695) Grid isi configured.
2015-08-04 05:12:07,657 null [INFO] (/home/meteo/dev/redist/fwidbmgr/include/Grid.h:1595) Configuring grid: fwi
2015-08-04 05:12:07,657 null [INFO] (/home/meteo/dev/redist/fwidbmgr/include/Grid.h:1695) Grid fwi configured.
2015-08-04 05:12:07,658 null [INFO] (/home/meteo/dev/redist/fwidbmgr/include/Grid.h:1595) Configuring grid: ffmc
2015-08-04 05:12:07,663 null [INFO] (/home/meteo/dev/redist/fwidbmgr/include/Grid.h:1695) Grid ffmc configured.
2015-08-04 05:12:07,664 null [INFO] (/home/meteo/dev/redist/fwidbmgr/include/Grid.h:1595) Configuring grid: dmc
2015-08-04 05:12:07,665 null [INFO] (/home/meteo/dev/redist/fwidbmgr/include/Grid.h:1695) Grid dmc configured.
2015-08-04 05:12:07,666 null [INFO] (/home/meteo/dev/redist/fwidbmgr/include/Grid.h:1595) Configuring grid: dc
2015-08-04 05:12:07,666 null [INFO] (/home/meteo/dev/redist/fwidbmgr/include/Grid.h:1695) Grid dc configured.
2015-08-04 05:12:07,668 null [INFO] (/home/meteo/dev/redist/fwidbmgr/include/Grid.h:1595) Configuring grid: bui
2015-08-04 05:12:07,668 null [INFO] (/home/meteo/dev/redist/fwidbmgr/include/Grid.h:1695) Grid bui configured.
2015-08-04 05:12:07,669 null [INFO] (/home/meteo/dev/redist/fwidbmgr/include/Grid.h:1595) Configuring grid: ffmc_tmp
2015-08-04 05:12:07,669 null [INFO] (/home/meteo/dev/redist/fwidbmgr/include/Grid.h:1695) Grid ffmc_tmp configured.
2015-08-04 05:12:07,671 null [INFO] (/home/meteo/dev/redist/fwidbmgr/include/Grid.h:1595) Configuring grid: dmc_tmp
2015-08-04 05:12:07,671 null [INFO] (/home/meteo/dev/redist/fwidbmgr/include/Grid.h:1695) Grid dmc_tmp configured.
2015-08-04 05:12:07,673 null [INFO] (/home/meteo/dev/redist/fwidbmgr/include/Grid.h:1595) Configuring grid: dc_tmp
2015-08-04 05:12:07,673 null [INFO] (/home/meteo/dev/redist/fwidbmgr/include/Grid.h:1695) Grid dc_tmp configured.
2015-08-04 05:12:07,674 null [INFO] (/home/meteo/dev/redist/fwidbmgr/include/Grid.h:1595) Configuring grid: idi
2015-08-04 05:12:07,674 null [INFO] (/home/meteo/dev/redist/fwidbmgr/include/Grid.h:1695) Grid idi configured.
2015-08-04 05:12:07,676 null [INFO] (/home/meteo/dev/redist/fwidbmgr/include/Grid.h:1595) Configuring grid: angstrom
2015-08-04 05:12:07,676 null [INFO] (/home/meteo/dev/redist/fwidbmgr/include/Grid.h:1695) Grid angstrom configured.
2015-08-04 05:12:07,677 null [INFO] (/home/meteo/dev/redist/fwidbmgr/include/Grid.h:1595) Configuring grid: fmi
2015-08-04 05:12:07,678 null [INFO] (/home/meteo/dev/redist/fwidbmgr/include/Grid.h:1695) Grid fmi configured.
2015-08-04 05:12:07,679 null [INFO] (/home/meteo/dev/redist/fwidbmgr/include/Grid.h:1595) Configuring grid: sharples
2015-08-04 05:12:07,679 null [INFO] (/home/meteo/dev/redist/fwidbmgr/include/Grid.h:1695) Grid sharples configured.
2015-08-04 05:12:19,715 null [INFO] (/home/meteo/dev/redist/fwidbmgr/include/Grid.h:1595) Configuring grid: snow
2015-08-04 05:12:19,715 null [INFO] (/home/meteo/dev/redist/fwidbmgr/include/Grid.h:1695) Grid snow configured.
2015-08-04 05:12:19,715 null [INFO] (/home/meteo/dev/redist/fwidbmgr/include/Grid.h:1595) Configuring grid: snow_covering
2015-08-04 05:12:19,715 null [INFO] (/home/meteo/dev/redist/fwidbmgr/include/Grid.h:1695) Grid snow_covering configured.
2015-08-04 05:12:19,715 null [INFO] (/home/meteo/dev/redist/fwidbmgr/include/Grid.h:1595) Configuring grid: snow_dissolution
2015-08-04 05:12:19,716 null [INFO] (/home/meteo/dev/redist/fwidbmgr/include/Grid.h:1695) Grid snow_dissolution configured.
2015-08-04 05:12:19,716 null [INFO] (/home/meteo/dev/redist/fwidbmgr/include/Grid.h:1595) Configuring grid: temperature
2015-08-04 05:12:19,716 null [INFO] (/home/meteo/dev/redist/fwidbmgr/include/Grid.h:1695) Grid temperature configured.
2015-08-04 05:12:19,716 null [INFO] (/home/meteo/dev/redist/fwidbmgr/include/Grid.h:1595) Configuring grid: humidity
2015-08-04 05:12:19,716 null [INFO] (/home/meteo/dev/redist/fwidbmgr/include/Grid.h:1695) Grid humidity configured.
2015-08-04 05:12:19,716 null [INFO] (/home/meteo/dev/redist/fwidbmgr/include/Grid.h:1595) Configuring grid: windspeed
2015-08-04 05:12:19,716 null [INFO] (/home/meteo/dev/redist/fwidbmgr/include/Grid.h:1695) Grid windspeed configured.
2015-08-04 05:12:19,717 null [INFO] (/home/meteo/dev/redist/fwidbmgr/include/Grid.h:1595) Configuring grid: rain
2015-08-04 05:12:19,717 null [INFO] (/home/meteo/dev/redist/fwidbmgr/include/Grid.h:1695) Grid rain configured.
2015-08-04 05:12:19,717 null [INFO] (/home/meteo/dev/redist/fwidbmgr/include/Grid.h:1595) Configuring grid: cum_rain
2015-08-04 05:12:19,717 null [INFO] (/home/meteo/dev/redist/fwidbmgr/include/Grid.h:1695) Grid cum_rain configured.
2015-08-04 05:15:00,484 null [INFO] (../src/fwidbmgr.cpp:5466) OK --> 20150803 indexes computed.
2015-08-04 05:15:00,500 null [INFO] (../src/fwidbmgr.cpp:5496) action computeidx took about 173 seconds.
2015-08-04 05:15:00,500 null [INFO] (../src/fwidbmgr.cpp:5499) Disconnected from database.
2015-08-04 05:15:00,806 null [INFO] (../src/fwidbmgr.cpp:5207) fwi db manager
2015-08-04 05:15:00,806 null [INFO] (../src/fwidbmgr.cpp:5209) Program home: /home/meteo/dev/redist/fwidbmgr
2015-08-04 05:15:00,806 null [INFO] (../src/fwidbmgr.cpp:5211) Auto convert: 1
2015-08-04 05:15:00,806 null [INFO] (../src/fwidbmgr.cpp:458) action: exportidx.
2015-08-04 05:15:00,806 null [INFO] (../src/fwidbmgr.cpp:482) date: 20150803.
2015-08-04 05:15:00,806 null [INFO] (../src/fwidbmgr.cpp:319) Try to read: /home/meteo/dev/redist/fwidbmgr/config/fwidbmgr.conf.
2015-08-04 05:15:00,821 null [INFO] (../src/fwidbmgr.cpp:5240) Configuration parsing: OK.
2015-08-04 05:15:00,851 null [INFO] (../src/fwidbmgr.cpp:5322) Connected to database
2015-08-04 05:15:00,851 null [INFO] (../src/fwidbmgr.cpp:5323) Manage data for date: 20150803.
2015-08-04 05:15:00,851 null [INFO] (../src/fwidbmgr.cpp:5415) Exporting indexes.
2015-08-04 05:15:00,853 null [INFO] (/home/meteo/dev/redist/fwidbmgr/include/Grid.h:1595) Configuring grid: isi
2015-08-04 05:15:00,853 null [INFO] (/home/meteo/dev/redist/fwidbmgr/include/Grid.h:1695) Grid isi configured.
2015-08-04 05:15:00,861 null [INFO] (/home/meteo/dev/redist/fwidbmgr/include/Grid.h:1595) Configuring grid: fwi
2015-08-04 05:15:00,862 null [INFO] (/home/meteo/dev/redist/fwidbmgr/include/Grid.h:1695) Grid fwi configured.
2015-08-04 05:15:00,863 null [INFO] (/home/meteo/dev/redist/fwidbmgr/include/Grid.h:1595) Configuring grid: ffmc
2015-08-04 05:15:00,863 null [INFO] (/home/meteo/dev/redist/fwidbmgr/include/Grid.h:1695) Grid ffmc configured.
2015-08-04 05:15:00,865 null [INFO] (/home/meteo/dev/redist/fwidbmgr/include/Grid.h:1595) Configuring grid: dmc
2015-08-04 05:15:00,865 null [INFO] (/home/meteo/dev/redist/fwidbmgr/include/Grid.h:1695) Grid dmc configured.
2015-08-04 05:15:00,867 null [INFO] (/home/meteo/dev/redist/fwidbmgr/include/Grid.h:1595) Configuring grid: dc
2015-08-04 05:15:00,867 null [INFO] (/home/meteo/dev/redist/fwidbmgr/include/Grid.h:1695) Grid dc configured.
2015-08-04 05:15:00,869 null [INFO] (/home/meteo/dev/redist/fwidbmgr/include/Grid.h:1595) Configuring grid: bui
2015-08-04 05:15:00,869 null [INFO] (/home/meteo/dev/redist/fwidbmgr/include/Grid.h:1695) Grid bui configured.
2015-08-04 05:15:00,870 null [INFO] (/home/meteo/dev/redist/fwidbmgr/include/Grid.h:1595) Configuring grid: ffmc_tmp
2015-08-04 05:15:00,870 null [INFO] (/home/meteo/dev/redist/fwidbmgr/include/Grid.h:1695) Grid ffmc_tmp configured.
2015-08-04 05:15:00,872 null [INFO] (/home/meteo/dev/redist/fwidbmgr/include/Grid.h:1595) Configuring grid: dmc_tmp
2015-08-04 05:15:00,872 null [INFO] (/home/meteo/dev/redist/fwidbmgr/include/Grid.h:1695) Grid dmc_tmp configured.
2015-08-04 05:15:00,873 null [INFO] (/home/meteo/dev/redist/fwidbmgr/include/Grid.h:1595) Configuring grid: dc_tmp
2015-08-04 05:15:00,873 null [INFO] (/home/meteo/dev/redist/fwidbmgr/include/Grid.h:1695) Grid dc_tmp configured.
2015-08-04 05:15:00,875 null [INFO] (/home/meteo/dev/redist/fwidbmgr/include/Grid.h:1595) Configuring grid: idi
2015-08-04 05:15:00,875 null [INFO] (/home/meteo/dev/redist/fwidbmgr/include/Grid.h:1695) Grid idi configured.
2015-08-04 05:15:00,876 null [INFO] (/home/meteo/dev/redist/fwidbmgr/include/Grid.h:1595) Configuring grid: angstrom
2015-08-04 05:15:00,876 null [INFO] (/home/meteo/dev/redist/fwidbmgr/include/Grid.h:1695) Grid angstrom configured.
2015-08-04 05:15:00,878 null [INFO] (/home/meteo/dev/redist/fwidbmgr/include/Grid.h:1595) Configuring grid: fmi
2015-08-04 05:15:00,878 null [INFO] (/home/meteo/dev/redist/fwidbmgr/include/Grid.h:1695) Grid fmi configured.
2015-08-04 05:15:00,879 null [INFO] (/home/meteo/dev/redist/fwidbmgr/include/Grid.h:1595) Configuring grid: sharples
2015-08-04 05:15:00,879 null [INFO] (/home/meteo/dev/redist/fwidbmgr/include/Grid.h:1695) Grid sharples configured.
2015-08-04 05:15:14,653 null [INFO] (/home/meteo/dev/redist/fwidbmgr/include/Grid.h:1595) Configuring grid: isi
2015-08-04 05:15:14,654 null [INFO] (/home/meteo/dev/redist/fwidbmgr/include/Grid.h:1695) Grid isi configured.
2015-08-04 05:15:14,714 null [INFO] (/home/meteo/dev/redist/fwidbmgr/include/Grid.h:1595) Configuring grid: fwi
2015-08-04 05:15:14,714 null [INFO] (/home/meteo/dev/redist/fwidbmgr/include/Grid.h:1695) Grid fwi configured.
2015-08-04 05:15:14,751 null [INFO] (/home/meteo/dev/redist/fwidbmgr/include/Grid.h:1595) Configuring grid: ffmc
2015-08-04 05:15:14,751 null [INFO] (/home/meteo/dev/redist/fwidbmgr/include/Grid.h:1695) Grid ffmc configured.
2015-08-04 05:15:14,839 null [INFO] (/home/meteo/dev/redist/fwidbmgr/include/Grid.h:1595) Configuring grid: dmc
2015-08-04 05:15:14,842 null [INFO] (/home/meteo/dev/redist/fwidbmgr/include/Grid.h:1695) Grid dmc configured.
2015-08-04 05:15:14,880 null [INFO] (/home/meteo/dev/redist/fwidbmgr/include/Grid.h:1595) Configuring grid: dc
2015-08-04 05:15:14,880 null [INFO] (/home/meteo/dev/redist/fwidbmgr/include/Grid.h:1695) Grid dc configured.
2015-08-04 05:15:14,920 null [INFO] (/home/meteo/dev/redist/fwidbmgr/include/Grid.h:1595) Configuring grid: bui
2015-08-04 05:15:14,920 null [INFO] (/home/meteo/dev/redist/fwidbmgr/include/Grid.h:1695) Grid bui configured.
2015-08-04 05:15:14,959 null [INFO] (/home/meteo/dev/redist/fwidbmgr/include/Grid.h:1595) Configuring grid: ffmc_tmp
2015-08-04 05:15:14,959 null [INFO] (/home/meteo/dev/redist/fwidbmgr/include/Grid.h:1695) Grid ffmc_tmp configured.
2015-08-04 05:15:14,996 null [INFO] (/home/meteo/dev/redist/fwidbmgr/include/Grid.h:1595) Configuring grid: dmc_tmp
2015-08-04 05:15:14,996 null [INFO] (/home/meteo/dev/redist/fwidbmgr/include/Grid.h:1695) Grid dmc_tmp configured.
2015-08-04 05:15:15,037 null [INFO] (/home/meteo/dev/redist/fwidbmgr/include/Grid.h:1595) Configuring grid: dc_tmp
2015-08-04 05:15:15,037 null [INFO] (/home/meteo/dev/redist/fwidbmgr/include/Grid.h:1695) Grid dc_tmp configured.
2015-08-04 05:15:15,094 null [INFO] (/home/meteo/dev/redist/fwidbmgr/include/Grid.h:1595) Configuring grid: angstrom
2015-08-04 05:15:15,094 null [INFO] (/home/meteo/dev/redist/fwidbmgr/include/Grid.h:1695) Grid angstrom configured.
2015-08-04 05:15:15,205 null [INFO] (/home/meteo/dev/redist/fwidbmgr/include/Grid.h:1595) Configuring grid: sharples
2015-08-04 05:15:15,205 null [INFO] (/home/meteo/dev/redist/fwidbmgr/include/Grid.h:1695) Grid sharples configured.
2015-08-04 05:15:15,251 null [INFO] (/home/meteo/dev/redist/fwidbmgr/include/Grid.h:1595) Configuring grid: fmi
2015-08-04 05:15:15,251 null [INFO] (/home/meteo/dev/redist/fwidbmgr/include/Grid.h:1695) Grid fmi configured.
2015-08-04 05:15:15,294 null [INFO] (../src/fwidbmgr.cpp:5418) OK --> 20150803 indexes exported to files.
2015-08-04 05:15:15,294 null [INFO] (../src/fwidbmgr.cpp:5496) action exportidx took about 15 seconds.
2015-08-04 05:15:15,294 null [INFO] (../src/fwidbmgr.cpp:5499) Disconnected from database.
