2016-09-04 05:07:25,996 null [INFO] (../src/fwidbmgr.cpp:5207) fwi db manager
2016-09-04 05:07:25,996 null [INFO] (../src/fwidbmgr.cpp:5209) Program home: /home/meteo/dev/redist/fwidbmgr
2016-09-04 05:07:25,997 null [INFO] (../src/fwidbmgr.cpp:5211) Auto convert: 1
2016-09-04 05:07:25,997 null [INFO] (../src/fwidbmgr.cpp:458) action: in.
2016-09-04 05:07:25,997 null [INFO] (../src/fwidbmgr.cpp:482) date: 20160903.
2016-09-04 05:07:25,997 null [INFO] (../src/fwidbmgr.cpp:319) Try to read: /home/meteo/dev/redist/fwidbmgr/config/fwidbmgr.conf.
2016-09-04 05:07:26,449 null [INFO] (../src/fwidbmgr.cpp:5240) Configuration parsing: OK.
2016-09-04 05:07:27,088 null [INFO] (../src/fwidbmgr.cpp:5322) Connected to database
2016-09-04 05:07:27,091 null [INFO] (../src/fwidbmgr.cpp:5323) Manage data for date: 20160903.
2016-09-04 05:07:27,091 null [INFO] (../src/fwidbmgr.cpp:5367) Importing meteo data in database for day: 20160903.
2016-09-04 05:07:27,092 null [INFO] (/home/meteo/dev/redist/fwidbmgr/include/Grid.h:1595) Configuring grid: snow
2016-09-04 05:07:27,092 null [INFO] (/home/meteo/dev/redist/fwidbmgr/include/Grid.h:1695) Grid snow configured.
2016-09-04 05:07:27,104 null [INFO] (/home/meteo/dev/redist/fwidbmgr/include/Grid.h:1595) Configuring grid: snow_covering
2016-09-04 05:07:27,104 null [INFO] (/home/meteo/dev/redist/fwidbmgr/include/Grid.h:1695) Grid snow_covering configured.
2016-09-04 05:07:27,118 null [INFO] (/home/meteo/dev/redist/fwidbmgr/include/Grid.h:1595) Configuring grid: snow_dissolution
2016-09-04 05:07:27,118 null [INFO] (/home/meteo/dev/redist/fwidbmgr/include/Grid.h:1695) Grid snow_dissolution configured.
2016-09-04 05:07:27,142 null [INFO] (/home/meteo/dev/redist/fwidbmgr/include/Grid.h:1595) Configuring grid: temperature
2016-09-04 05:07:27,142 null [INFO] (/home/meteo/dev/redist/fwidbmgr/include/Grid.h:1695) Grid temperature configured.
2016-09-04 05:07:27,147 null [INFO] (/home/meteo/dev/redist/fwidbmgr/include/Grid.h:1595) Configuring grid: humidity
2016-09-04 05:07:27,147 null [INFO] (/home/meteo/dev/redist/fwidbmgr/include/Grid.h:1695) Grid humidity configured.
2016-09-04 05:07:27,158 null [INFO] (/home/meteo/dev/redist/fwidbmgr/include/Grid.h:1595) Configuring grid: windspeed
2016-09-04 05:07:27,158 null [INFO] (/home/meteo/dev/redist/fwidbmgr/include/Grid.h:1695) Grid windspeed configured.
2016-09-04 05:07:27,181 null [INFO] (/home/meteo/dev/redist/fwidbmgr/include/Grid.h:1595) Configuring grid: rain
2016-09-04 05:07:27,181 null [INFO] (/home/meteo/dev/redist/fwidbmgr/include/Grid.h:1695) Grid rain configured.
2016-09-04 05:07:27,184 null [INFO] (/home/meteo/dev/redist/fwidbmgr/include/Grid.h:1595) Configuring grid: cum_rain
2016-09-04 05:07:27,184 null [INFO] (/home/meteo/dev/redist/fwidbmgr/include/Grid.h:1695) Grid cum_rain configured.
2016-09-04 05:08:50,003 null [INFO] (../src/fwidbmgr.cpp:1502) Storing meteo input ...
2016-09-04 05:15:57,368 null [INFO] (../src/fwidbmgr.cpp:5370) OK --> 20160903 data imported.
2016-09-04 05:15:57,385 null [INFO] (../src/fwidbmgr.cpp:5496) action in took about 510 seconds.
2016-09-04 05:15:57,775 null [INFO] (../src/fwidbmgr.cpp:5499) Disconnected from database.
2016-09-04 05:18:02,020 null [INFO] (../src/fwidbmgr.cpp:5207) fwi db manager
2016-09-04 05:18:02,020 null [INFO] (../src/fwidbmgr.cpp:5209) Program home: /home/meteo/dev/redist/fwidbmgr
2016-09-04 05:18:02,020 null [INFO] (../src/fwidbmgr.cpp:5211) Auto convert: 1
2016-09-04 05:18:02,020 null [INFO] (../src/fwidbmgr.cpp:458) action: out.
2016-09-04 05:18:02,020 null [INFO] (../src/fwidbmgr.cpp:482) date: 20160903.
2016-09-04 05:18:02,020 null [INFO] (../src/fwidbmgr.cpp:319) Try to read: /home/meteo/dev/redist/fwidbmgr/config/fwidbmgr.conf.
2016-09-04 05:18:02,154 null [INFO] (../src/fwidbmgr.cpp:5240) Configuration parsing: OK.
2016-09-04 05:18:02,393 null [INFO] (../src/fwidbmgr.cpp:5322) Connected to database
2016-09-04 05:18:02,393 null [INFO] (../src/fwidbmgr.cpp:5323) Manage data for date: 20160903.
2016-09-04 05:18:02,393 null [INFO] (../src/fwidbmgr.cpp:5379) Importing fwi indexes data in database for day: 20160903.
2016-09-04 05:18:02,397 null [INFO] (/home/meteo/dev/redist/fwidbmgr/include/Grid.h:1595) Configuring grid: isi
2016-09-04 05:18:02,397 null [INFO] (/home/meteo/dev/redist/fwidbmgr/include/Grid.h:1695) Grid isi configured.
2016-09-04 05:18:02,411 null [INFO] (/home/meteo/dev/redist/fwidbmgr/include/Grid.h:1595) Configuring grid: fwi
2016-09-04 05:18:02,411 null [INFO] (/home/meteo/dev/redist/fwidbmgr/include/Grid.h:1695) Grid fwi configured.
2016-09-04 05:18:02,424 null [INFO] (/home/meteo/dev/redist/fwidbmgr/include/Grid.h:1595) Configuring grid: ffmc
2016-09-04 05:18:02,424 null [INFO] (/home/meteo/dev/redist/fwidbmgr/include/Grid.h:1695) Grid ffmc configured.
2016-09-04 05:18:02,438 null [INFO] (/home/meteo/dev/redist/fwidbmgr/include/Grid.h:1595) Configuring grid: dmc
2016-09-04 05:18:02,438 null [INFO] (/home/meteo/dev/redist/fwidbmgr/include/Grid.h:1695) Grid dmc configured.
2016-09-04 05:18:02,452 null [INFO] (/home/meteo/dev/redist/fwidbmgr/include/Grid.h:1595) Configuring grid: dc
2016-09-04 05:18:02,452 null [INFO] (/home/meteo/dev/redist/fwidbmgr/include/Grid.h:1695) Grid dc configured.
2016-09-04 05:18:02,465 null [INFO] (/home/meteo/dev/redist/fwidbmgr/include/Grid.h:1595) Configuring grid: bui
2016-09-04 05:18:02,465 null [INFO] (/home/meteo/dev/redist/fwidbmgr/include/Grid.h:1695) Grid bui configured.
2016-09-04 05:18:02,479 null [INFO] (/home/meteo/dev/redist/fwidbmgr/include/Grid.h:1595) Configuring grid: ffmc_tmp
2016-09-04 05:18:02,479 null [INFO] (/home/meteo/dev/redist/fwidbmgr/include/Grid.h:1695) Grid ffmc_tmp configured.
2016-09-04 05:18:02,702 null [INFO] (/home/meteo/dev/redist/fwidbmgr/include/Grid.h:1595) Configuring grid: dmc_tmp
2016-09-04 05:18:02,702 null [INFO] (/home/meteo/dev/redist/fwidbmgr/include/Grid.h:1695) Grid dmc_tmp configured.
2016-09-04 05:18:02,723 null [INFO] (/home/meteo/dev/redist/fwidbmgr/include/Grid.h:1595) Configuring grid: dc_tmp
2016-09-04 05:18:02,723 null [INFO] (/home/meteo/dev/redist/fwidbmgr/include/Grid.h:1695) Grid dc_tmp configured.
2016-09-04 05:18:02,844 null [INFO] (/home/meteo/dev/redist/fwidbmgr/include/Grid.h:1595) Configuring grid: idi
2016-09-04 05:18:02,844 null [INFO] (/home/meteo/dev/redist/fwidbmgr/include/Grid.h:1695) Grid idi configured.
2016-09-04 05:19:05,652 null [INFO] (../src/fwidbmgr.cpp:2045) Storing FWI indexes ...
2016-09-04 05:24:08,611 null [INFO] (../src/fwidbmgr.cpp:5382) OK --> 20160903 data imported.
2016-09-04 05:24:08,655 null [INFO] (../src/fwidbmgr.cpp:5496) action out took about 366 seconds.
2016-09-04 05:24:08,770 null [INFO] (../src/fwidbmgr.cpp:5499) Disconnected from database.
2016-09-04 05:24:10,505 null [INFO] (../src/fwidbmgr.cpp:5207) fwi db manager
2016-09-04 05:24:10,505 null [INFO] (../src/fwidbmgr.cpp:5209) Program home: /home/meteo/dev/redist/fwidbmgr
2016-09-04 05:24:10,505 null [INFO] (../src/fwidbmgr.cpp:5211) Auto convert: 1
2016-09-04 05:24:10,505 null [INFO] (../src/fwidbmgr.cpp:458) action: computeidx.
2016-09-04 05:24:10,505 null [INFO] (../src/fwidbmgr.cpp:482) date: 20160903.
2016-09-04 05:24:10,505 null [INFO] (../src/fwidbmgr.cpp:319) Try to read: /home/meteo/dev/redist/fwidbmgr/config/fwidbmgr.conf.
2016-09-04 05:24:10,612 null [INFO] (../src/fwidbmgr.cpp:5240) Configuration parsing: OK.
2016-09-04 05:24:10,949 null [INFO] (../src/fwidbmgr.cpp:5322) Connected to database
2016-09-04 05:24:10,949 null [INFO] (../src/fwidbmgr.cpp:5323) Manage data for date: 20160903.
2016-09-04 05:24:10,949 null [INFO] (../src/fwidbmgr.cpp:5463) Computing indexes.
2016-09-04 05:24:10,951 null [INFO] (/home/meteo/dev/redist/fwidbmgr/include/Grid.h:1595) Configuring grid: isi
2016-09-04 05:24:11,097 null [INFO] (/home/meteo/dev/redist/fwidbmgr/include/Grid.h:1695) Grid isi configured.
2016-09-04 05:24:11,098 null [INFO] (/home/meteo/dev/redist/fwidbmgr/include/Grid.h:1595) Configuring grid: fwi
2016-09-04 05:24:11,098 null [INFO] (/home/meteo/dev/redist/fwidbmgr/include/Grid.h:1695) Grid fwi configured.
2016-09-04 05:24:11,100 null [INFO] (/home/meteo/dev/redist/fwidbmgr/include/Grid.h:1595) Configuring grid: ffmc
2016-09-04 05:24:11,108 null [INFO] (/home/meteo/dev/redist/fwidbmgr/include/Grid.h:1695) Grid ffmc configured.
2016-09-04 05:24:11,109 null [INFO] (/home/meteo/dev/redist/fwidbmgr/include/Grid.h:1595) Configuring grid: dmc
2016-09-04 05:24:11,109 null [INFO] (/home/meteo/dev/redist/fwidbmgr/include/Grid.h:1695) Grid dmc configured.
2016-09-04 05:24:11,110 null [INFO] (/home/meteo/dev/redist/fwidbmgr/include/Grid.h:1595) Configuring grid: dc
2016-09-04 05:24:11,111 null [INFO] (/home/meteo/dev/redist/fwidbmgr/include/Grid.h:1695) Grid dc configured.
2016-09-04 05:24:11,112 null [INFO] (/home/meteo/dev/redist/fwidbmgr/include/Grid.h:1595) Configuring grid: bui
2016-09-04 05:24:11,112 null [INFO] (/home/meteo/dev/redist/fwidbmgr/include/Grid.h:1695) Grid bui configured.
2016-09-04 05:24:11,113 null [INFO] (/home/meteo/dev/redist/fwidbmgr/include/Grid.h:1595) Configuring grid: ffmc_tmp
2016-09-04 05:24:11,114 null [INFO] (/home/meteo/dev/redist/fwidbmgr/include/Grid.h:1695) Grid ffmc_tmp configured.
2016-09-04 05:24:11,115 null [INFO] (/home/meteo/dev/redist/fwidbmgr/include/Grid.h:1595) Configuring grid: dmc_tmp
2016-09-04 05:24:11,115 null [INFO] (/home/meteo/dev/redist/fwidbmgr/include/Grid.h:1695) Grid dmc_tmp configured.
2016-09-04 05:24:11,117 null [INFO] (/home/meteo/dev/redist/fwidbmgr/include/Grid.h:1595) Configuring grid: dc_tmp
2016-09-04 05:24:11,117 null [INFO] (/home/meteo/dev/redist/fwidbmgr/include/Grid.h:1695) Grid dc_tmp configured.
2016-09-04 05:24:11,118 null [INFO] (/home/meteo/dev/redist/fwidbmgr/include/Grid.h:1595) Configuring grid: idi
2016-09-04 05:24:11,118 null [INFO] (/home/meteo/dev/redist/fwidbmgr/include/Grid.h:1695) Grid idi configured.
2016-09-04 05:24:11,120 null [INFO] (/home/meteo/dev/redist/fwidbmgr/include/Grid.h:1595) Configuring grid: angstrom
2016-09-04 05:24:11,120 null [INFO] (/home/meteo/dev/redist/fwidbmgr/include/Grid.h:1695) Grid angstrom configured.
2016-09-04 05:24:11,121 null [INFO] (/home/meteo/dev/redist/fwidbmgr/include/Grid.h:1595) Configuring grid: fmi
2016-09-04 05:24:11,121 null [INFO] (/home/meteo/dev/redist/fwidbmgr/include/Grid.h:1695) Grid fmi configured.
2016-09-04 05:24:11,123 null [INFO] (/home/meteo/dev/redist/fwidbmgr/include/Grid.h:1595) Configuring grid: sharples
2016-09-04 05:24:11,123 null [INFO] (/home/meteo/dev/redist/fwidbmgr/include/Grid.h:1695) Grid sharples configured.
2016-09-04 05:24:50,496 null [INFO] (/home/meteo/dev/redist/fwidbmgr/include/Grid.h:1595) Configuring grid: snow
2016-09-04 05:24:50,535 null [INFO] (/home/meteo/dev/redist/fwidbmgr/include/Grid.h:1695) Grid snow configured.
2016-09-04 05:24:50,536 null [INFO] (/home/meteo/dev/redist/fwidbmgr/include/Grid.h:1595) Configuring grid: snow_covering
2016-09-04 05:24:50,536 null [INFO] (/home/meteo/dev/redist/fwidbmgr/include/Grid.h:1695) Grid snow_covering configured.
2016-09-04 05:24:50,536 null [INFO] (/home/meteo/dev/redist/fwidbmgr/include/Grid.h:1595) Configuring grid: snow_dissolution
2016-09-04 05:24:50,536 null [INFO] (/home/meteo/dev/redist/fwidbmgr/include/Grid.h:1695) Grid snow_dissolution configured.
2016-09-04 05:24:50,536 null [INFO] (/home/meteo/dev/redist/fwidbmgr/include/Grid.h:1595) Configuring grid: temperature
2016-09-04 05:24:50,536 null [INFO] (/home/meteo/dev/redist/fwidbmgr/include/Grid.h:1695) Grid temperature configured.
2016-09-04 05:24:50,536 null [INFO] (/home/meteo/dev/redist/fwidbmgr/include/Grid.h:1595) Configuring grid: humidity
2016-09-04 05:24:50,536 null [INFO] (/home/meteo/dev/redist/fwidbmgr/include/Grid.h:1695) Grid humidity configured.
2016-09-04 05:24:50,536 null [INFO] (/home/meteo/dev/redist/fwidbmgr/include/Grid.h:1595) Configuring grid: windspeed
2016-09-04 05:24:50,537 null [INFO] (/home/meteo/dev/redist/fwidbmgr/include/Grid.h:1695) Grid windspeed configured.
2016-09-04 05:24:50,537 null [INFO] (/home/meteo/dev/redist/fwidbmgr/include/Grid.h:1595) Configuring grid: rain
2016-09-04 05:24:50,537 null [INFO] (/home/meteo/dev/redist/fwidbmgr/include/Grid.h:1695) Grid rain configured.
2016-09-04 05:24:50,537 null [INFO] (/home/meteo/dev/redist/fwidbmgr/include/Grid.h:1595) Configuring grid: cum_rain
2016-09-04 05:24:50,537 null [INFO] (/home/meteo/dev/redist/fwidbmgr/include/Grid.h:1695) Grid cum_rain configured.
2016-09-04 05:28:48,426 null [INFO] (../src/fwidbmgr.cpp:5466) OK --> 20160903 indexes computed.
2016-09-04 05:28:48,438 null [INFO] (../src/fwidbmgr.cpp:5496) action computeidx took about 278 seconds.
2016-09-04 05:28:48,438 null [INFO] (../src/fwidbmgr.cpp:5499) Disconnected from database.
2016-09-04 05:28:49,067 null [INFO] (../src/fwidbmgr.cpp:5207) fwi db manager
2016-09-04 05:28:49,067 null [INFO] (../src/fwidbmgr.cpp:5209) Program home: /home/meteo/dev/redist/fwidbmgr
2016-09-04 05:28:49,068 null [INFO] (../src/fwidbmgr.cpp:5211) Auto convert: 1
2016-09-04 05:28:49,068 null [INFO] (../src/fwidbmgr.cpp:458) action: exportidx.
2016-09-04 05:28:49,068 null [INFO] (../src/fwidbmgr.cpp:482) date: 20160903.
2016-09-04 05:28:49,068 null [INFO] (../src/fwidbmgr.cpp:319) Try to read: /home/meteo/dev/redist/fwidbmgr/config/fwidbmgr.conf.
2016-09-04 05:28:49,088 null [INFO] (../src/fwidbmgr.cpp:5240) Configuration parsing: OK.
2016-09-04 05:28:49,128 null [INFO] (../src/fwidbmgr.cpp:5322) Connected to database
2016-09-04 05:28:49,128 null [INFO] (../src/fwidbmgr.cpp:5323) Manage data for date: 20160903.
2016-09-04 05:28:49,128 null [INFO] (../src/fwidbmgr.cpp:5415) Exporting indexes.
2016-09-04 05:28:49,144 null [INFO] (/home/meteo/dev/redist/fwidbmgr/include/Grid.h:1595) Configuring grid: isi
2016-09-04 05:28:49,144 null [INFO] (/home/meteo/dev/redist/fwidbmgr/include/Grid.h:1695) Grid isi configured.
2016-09-04 05:28:49,145 null [INFO] (/home/meteo/dev/redist/fwidbmgr/include/Grid.h:1595) Configuring grid: fwi
2016-09-04 05:28:49,145 null [INFO] (/home/meteo/dev/redist/fwidbmgr/include/Grid.h:1695) Grid fwi configured.
2016-09-04 05:28:49,147 null [INFO] (/home/meteo/dev/redist/fwidbmgr/include/Grid.h:1595) Configuring grid: ffmc
2016-09-04 05:28:49,147 null [INFO] (/home/meteo/dev/redist/fwidbmgr/include/Grid.h:1695) Grid ffmc configured.
2016-09-04 05:28:49,148 null [INFO] (/home/meteo/dev/redist/fwidbmgr/include/Grid.h:1595) Configuring grid: dmc
2016-09-04 05:28:49,148 null [INFO] (/home/meteo/dev/redist/fwidbmgr/include/Grid.h:1695) Grid dmc configured.
2016-09-04 05:28:49,150 null [INFO] (/home/meteo/dev/redist/fwidbmgr/include/Grid.h:1595) Configuring grid: dc
2016-09-04 05:28:49,150 null [INFO] (/home/meteo/dev/redist/fwidbmgr/include/Grid.h:1695) Grid dc configured.
2016-09-04 05:28:49,151 null [INFO] (/home/meteo/dev/redist/fwidbmgr/include/Grid.h:1595) Configuring grid: bui
2016-09-04 05:28:49,152 null [INFO] (/home/meteo/dev/redist/fwidbmgr/include/Grid.h:1695) Grid bui configured.
2016-09-04 05:28:49,153 null [INFO] (/home/meteo/dev/redist/fwidbmgr/include/Grid.h:1595) Configuring grid: ffmc_tmp
2016-09-04 05:28:49,154 null [INFO] (/home/meteo/dev/redist/fwidbmgr/include/Grid.h:1695) Grid ffmc_tmp configured.
2016-09-04 05:28:49,155 null [INFO] (/home/meteo/dev/redist/fwidbmgr/include/Grid.h:1595) Configuring grid: dmc_tmp
2016-09-04 05:28:49,155 null [INFO] (/home/meteo/dev/redist/fwidbmgr/include/Grid.h:1695) Grid dmc_tmp configured.
2016-09-04 05:28:49,156 null [INFO] (/home/meteo/dev/redist/fwidbmgr/include/Grid.h:1595) Configuring grid: dc_tmp
2016-09-04 05:28:49,157 null [INFO] (/home/meteo/dev/redist/fwidbmgr/include/Grid.h:1695) Grid dc_tmp configured.
2016-09-04 05:28:49,158 null [INFO] (/home/meteo/dev/redist/fwidbmgr/include/Grid.h:1595) Configuring grid: idi
2016-09-04 05:28:49,158 null [INFO] (/home/meteo/dev/redist/fwidbmgr/include/Grid.h:1695) Grid idi configured.
2016-09-04 05:28:49,159 null [INFO] (/home/meteo/dev/redist/fwidbmgr/include/Grid.h:1595) Configuring grid: angstrom
2016-09-04 05:28:49,159 null [INFO] (/home/meteo/dev/redist/fwidbmgr/include/Grid.h:1695) Grid angstrom configured.
2016-09-04 05:28:49,161 null [INFO] (/home/meteo/dev/redist/fwidbmgr/include/Grid.h:1595) Configuring grid: fmi
2016-09-04 05:28:49,161 null [INFO] (/home/meteo/dev/redist/fwidbmgr/include/Grid.h:1695) Grid fmi configured.
2016-09-04 05:28:49,163 null [INFO] (/home/meteo/dev/redist/fwidbmgr/include/Grid.h:1595) Configuring grid: sharples
2016-09-04 05:28:49,163 null [INFO] (/home/meteo/dev/redist/fwidbmgr/include/Grid.h:1695) Grid sharples configured.
2016-09-04 05:29:24,740 null [INFO] (/home/meteo/dev/redist/fwidbmgr/include/Grid.h:1595) Configuring grid: isi
2016-09-04 05:29:24,819 null [INFO] (/home/meteo/dev/redist/fwidbmgr/include/Grid.h:1695) Grid isi configured.
2016-09-04 05:29:25,029 null [INFO] (/home/meteo/dev/redist/fwidbmgr/include/Grid.h:1595) Configuring grid: fwi
2016-09-04 05:29:25,029 null [INFO] (/home/meteo/dev/redist/fwidbmgr/include/Grid.h:1695) Grid fwi configured.
2016-09-04 05:29:25,070 null [INFO] (/home/meteo/dev/redist/fwidbmgr/include/Grid.h:1595) Configuring grid: ffmc
2016-09-04 05:29:25,070 null [INFO] (/home/meteo/dev/redist/fwidbmgr/include/Grid.h:1695) Grid ffmc configured.
2016-09-04 05:29:25,124 null [INFO] (/home/meteo/dev/redist/fwidbmgr/include/Grid.h:1595) Configuring grid: dmc
2016-09-04 05:29:25,124 null [INFO] (/home/meteo/dev/redist/fwidbmgr/include/Grid.h:1695) Grid dmc configured.
2016-09-04 05:29:25,201 null [INFO] (/home/meteo/dev/redist/fwidbmgr/include/Grid.h:1595) Configuring grid: dc
2016-09-04 05:29:25,201 null [INFO] (/home/meteo/dev/redist/fwidbmgr/include/Grid.h:1695) Grid dc configured.
2016-09-04 05:29:25,264 null [INFO] (/home/meteo/dev/redist/fwidbmgr/include/Grid.h:1595) Configuring grid: bui
2016-09-04 05:29:25,264 null [INFO] (/home/meteo/dev/redist/fwidbmgr/include/Grid.h:1695) Grid bui configured.
2016-09-04 05:29:25,332 null [INFO] (/home/meteo/dev/redist/fwidbmgr/include/Grid.h:1595) Configuring grid: ffmc_tmp
2016-09-04 05:29:25,332 null [INFO] (/home/meteo/dev/redist/fwidbmgr/include/Grid.h:1695) Grid ffmc_tmp configured.
2016-09-04 05:29:25,373 null [INFO] (/home/meteo/dev/redist/fwidbmgr/include/Grid.h:1595) Configuring grid: dmc_tmp
2016-09-04 05:29:25,373 null [INFO] (/home/meteo/dev/redist/fwidbmgr/include/Grid.h:1695) Grid dmc_tmp configured.
2016-09-04 05:29:25,423 null [INFO] (/home/meteo/dev/redist/fwidbmgr/include/Grid.h:1595) Configuring grid: dc_tmp
2016-09-04 05:29:25,423 null [INFO] (/home/meteo/dev/redist/fwidbmgr/include/Grid.h:1695) Grid dc_tmp configured.
2016-09-04 05:29:25,484 null [INFO] (/home/meteo/dev/redist/fwidbmgr/include/Grid.h:1595) Configuring grid: angstrom
2016-09-04 05:29:25,484 null [INFO] (/home/meteo/dev/redist/fwidbmgr/include/Grid.h:1695) Grid angstrom configured.
2016-09-04 05:29:25,643 null [INFO] (/home/meteo/dev/redist/fwidbmgr/include/Grid.h:1595) Configuring grid: sharples
2016-09-04 05:29:25,643 null [INFO] (/home/meteo/dev/redist/fwidbmgr/include/Grid.h:1695) Grid sharples configured.
2016-09-04 05:29:25,784 null [INFO] (/home/meteo/dev/redist/fwidbmgr/include/Grid.h:1595) Configuring grid: fmi
2016-09-04 05:29:25,784 null [INFO] (/home/meteo/dev/redist/fwidbmgr/include/Grid.h:1695) Grid fmi configured.
2016-09-04 05:29:25,827 null [INFO] (../src/fwidbmgr.cpp:5418) OK --> 20160903 indexes exported to files.
2016-09-04 05:29:25,827 null [INFO] (../src/fwidbmgr.cpp:5496) action exportidx took about 36 seconds.
2016-09-04 05:29:25,827 null [INFO] (../src/fwidbmgr.cpp:5499) Disconnected from database.
2016-09-04 05:30:20,700 null [INFO] (../src/fwidbmgr.cpp:5207) fwi db manager
2016-09-04 05:30:20,700 null [INFO] (../src/fwidbmgr.cpp:5209) Program home: /home/meteo/dev/redist/fwidbmgr
2016-09-04 05:30:20,700 null [INFO] (../src/fwidbmgr.cpp:5211) Auto convert: 1
2016-09-04 05:30:20,700 null [INFO] (../src/fwidbmgr.cpp:458) action: outimg.
2016-09-04 05:30:20,700 null [INFO] (../src/fwidbmgr.cpp:482) date: 20160903.
2016-09-04 05:30:20,701 null [INFO] (../src/fwidbmgr.cpp:319) Try to read: /home/meteo/dev/redist/fwidbmgr/config/fwidbmgr.conf.
2016-09-04 05:30:20,731 null [INFO] (../src/fwidbmgr.cpp:5240) Configuration parsing: OK.
2016-09-04 05:30:20,760 null [INFO] (../src/fwidbmgr.cpp:5322) Connected to database
2016-09-04 05:30:20,760 null [INFO] (../src/fwidbmgr.cpp:5323) Manage data for date: 20160903.
2016-09-04 05:30:20,760 null [INFO] (../src/fwidbmgr.cpp:5391) Importing fwi indexes images in database.
2016-09-04 05:30:22,108 null [INFO] (../src/fwidbmgr.cpp:5394) OK --> 20160903 images imported.
2016-09-04 05:30:22,109 null [INFO] (../src/fwidbmgr.cpp:5496) action outimg took about 2 seconds.
2016-09-04 05:30:22,109 null [INFO] (../src/fwidbmgr.cpp:5499) Disconnected from database.
2016-09-04 05:37:02,438 null [INFO] (../src/fwidbmgr.cpp:5207) fwi db manager
2016-09-04 05:37:02,438 null [INFO] (../src/fwidbmgr.cpp:5209) Program home: /home/meteo/dev/redist/fwidbmgr
2016-09-04 05:37:02,438 null [INFO] (../src/fwidbmgr.cpp:5211) Auto convert: 1
2016-09-04 05:37:02,439 null [INFO] (../src/fwidbmgr.cpp:458) action: outimg.
2016-09-04 05:37:02,439 null [INFO] (../src/fwidbmgr.cpp:482) date: 20160903.
2016-09-04 05:37:02,439 null [INFO] (../src/fwidbmgr.cpp:319) Try to read: /home/meteo/dev/redist/fwidbmgr/config/fwidbmgr.conf.
2016-09-04 05:37:02,440 null [INFO] (../src/fwidbmgr.cpp:5240) Configuration parsing: OK.
2016-09-04 05:37:02,443 null [INFO] (../src/fwidbmgr.cpp:5322) Connected to database
2016-09-04 05:37:02,443 null [INFO] (../src/fwidbmgr.cpp:5323) Manage data for date: 20160903.
2016-09-04 05:37:02,443 null [INFO] (../src/fwidbmgr.cpp:5391) Importing fwi indexes images in database.
2016-09-04 05:37:02,573 null [INFO] (../src/fwidbmgr.cpp:5394) OK --> 20160903 images imported.
2016-09-04 05:37:02,573 null [INFO] (../src/fwidbmgr.cpp:5496) action outimg took about 0 seconds.
2016-09-04 05:37:02,573 null [INFO] (../src/fwidbmgr.cpp:5499) Disconnected from database.
2016-09-04 06:05:02,220 null [INFO] (../src/fwidbmgr.cpp:5207) fwi db manager
2016-09-04 06:05:02,221 null [INFO] (../src/fwidbmgr.cpp:5209) Program home: /home/meteo/dev/redist/fwidbmgr
2016-09-04 06:05:02,221 null [INFO] (../src/fwidbmgr.cpp:5211) Auto convert: 1
2016-09-04 06:05:02,221 null [INFO] (../src/fwidbmgr.cpp:458) action: outimg.
2016-09-04 06:05:02,221 null [INFO] (../src/fwidbmgr.cpp:482) date: 20160903.
2016-09-04 06:05:02,221 null [INFO] (../src/fwidbmgr.cpp:319) Try to read: /home/meteo/dev/redist/fwidbmgr/config/fwidbmgr.conf.
2016-09-04 06:05:02,223 null [INFO] (../src/fwidbmgr.cpp:5240) Configuration parsing: OK.
2016-09-04 06:05:02,227 null [INFO] (../src/fwidbmgr.cpp:5322) Connected to database
2016-09-04 06:05:02,227 null [INFO] (../src/fwidbmgr.cpp:5323) Manage data for date: 20160903.
2016-09-04 06:05:02,227 null [INFO] (../src/fwidbmgr.cpp:5391) Importing fwi indexes images in database.
2016-09-04 06:05:02,303 null [INFO] (../src/fwidbmgr.cpp:5394) OK --> 20160903 images imported.
2016-09-04 06:05:02,304 null [INFO] (../src/fwidbmgr.cpp:5496) action outimg took about 0 seconds.
2016-09-04 06:05:02,304 null [INFO] (../src/fwidbmgr.cpp:5499) Disconnected from database.
2016-09-04 06:37:01,546 null [INFO] (../src/fwidbmgr.cpp:5207) fwi db manager
2016-09-04 06:37:01,546 null [INFO] (../src/fwidbmgr.cpp:5209) Program home: /home/meteo/dev/redist/fwidbmgr
2016-09-04 06:37:01,546 null [INFO] (../src/fwidbmgr.cpp:5211) Auto convert: 1
2016-09-04 06:37:01,546 null [INFO] (../src/fwidbmgr.cpp:458) action: outimg.
2016-09-04 06:37:01,546 null [INFO] (../src/fwidbmgr.cpp:482) date: 20160903.
2016-09-04 06:37:01,546 null [INFO] (../src/fwidbmgr.cpp:319) Try to read: /home/meteo/dev/redist/fwidbmgr/config/fwidbmgr.conf.
2016-09-04 06:37:01,548 null [INFO] (../src/fwidbmgr.cpp:5240) Configuration parsing: OK.
2016-09-04 06:37:01,553 null [INFO] (../src/fwidbmgr.cpp:5322) Connected to database
2016-09-04 06:37:01,553 null [INFO] (../src/fwidbmgr.cpp:5323) Manage data for date: 20160903.
2016-09-04 06:37:01,553 null [INFO] (../src/fwidbmgr.cpp:5391) Importing fwi indexes images in database.
2016-09-04 06:37:01,615 null [INFO] (../src/fwidbmgr.cpp:5394) OK --> 20160903 images imported.
2016-09-04 06:37:01,615 null [INFO] (../src/fwidbmgr.cpp:5496) action outimg took about 0 seconds.
2016-09-04 06:37:01,615 null [INFO] (../src/fwidbmgr.cpp:5499) Disconnected from database.
2016-09-04 07:05:02,444 null [INFO] (../src/fwidbmgr.cpp:5207) fwi db manager
2016-09-04 07:05:02,466 null [INFO] (../src/fwidbmgr.cpp:5209) Program home: /home/meteo/dev/redist/fwidbmgr
2016-09-04 07:05:02,467 null [INFO] (../src/fwidbmgr.cpp:5211) Auto convert: 1
2016-09-04 07:05:02,468 null [INFO] (../src/fwidbmgr.cpp:458) action: outimg.
2016-09-04 07:05:02,468 null [INFO] (../src/fwidbmgr.cpp:482) date: 20160903.
2016-09-04 07:05:02,468 null [INFO] (../src/fwidbmgr.cpp:319) Try to read: /home/meteo/dev/redist/fwidbmgr/config/fwidbmgr.conf.
2016-09-04 07:05:02,551 null [INFO] (../src/fwidbmgr.cpp:5240) Configuration parsing: OK.
2016-09-04 07:05:02,599 null [INFO] (../src/fwidbmgr.cpp:5322) Connected to database
2016-09-04 07:05:02,600 null [INFO] (../src/fwidbmgr.cpp:5323) Manage data for date: 20160903.
2016-09-04 07:05:02,600 null [INFO] (../src/fwidbmgr.cpp:5391) Importing fwi indexes images in database.
2016-09-04 07:05:03,194 null [INFO] (../src/fwidbmgr.cpp:5394) OK --> 20160903 images imported.
2016-09-04 07:05:03,194 null [INFO] (../src/fwidbmgr.cpp:5496) action outimg took about 1 seconds.
2016-09-04 07:05:03,194 null [INFO] (../src/fwidbmgr.cpp:5499) Disconnected from database.
2016-09-04 07:37:02,857 null [INFO] (../src/fwidbmgr.cpp:5207) fwi db manager
2016-09-04 07:37:02,868 null [INFO] (../src/fwidbmgr.cpp:5209) Program home: /home/meteo/dev/redist/fwidbmgr
2016-09-04 07:37:02,869 null [INFO] (../src/fwidbmgr.cpp:5211) Auto convert: 1
2016-09-04 07:37:02,869 null [INFO] (../src/fwidbmgr.cpp:458) action: outimg.
2016-09-04 07:37:02,869 null [INFO] (../src/fwidbmgr.cpp:482) date: 20160903.
2016-09-04 07:37:02,869 null [INFO] (../src/fwidbmgr.cpp:319) Try to read: /home/meteo/dev/redist/fwidbmgr/config/fwidbmgr.conf.
2016-09-04 07:37:02,905 null [INFO] (../src/fwidbmgr.cpp:5240) Configuration parsing: OK.
2016-09-04 07:37:02,921 null [INFO] (../src/fwidbmgr.cpp:5322) Connected to database
2016-09-04 07:37:02,921 null [INFO] (../src/fwidbmgr.cpp:5323) Manage data for date: 20160903.
2016-09-04 07:37:02,921 null [INFO] (../src/fwidbmgr.cpp:5391) Importing fwi indexes images in database.
2016-09-04 07:37:03,217 null [INFO] (../src/fwidbmgr.cpp:5394) OK --> 20160903 images imported.
2016-09-04 07:37:03,217 null [INFO] (../src/fwidbmgr.cpp:5496) action outimg took about 1 seconds.
2016-09-04 07:37:03,217 null [INFO] (../src/fwidbmgr.cpp:5499) Disconnected from database.
