2018-06-09 05:07:02,533 null [INFO] (../src/fwidbmgr.cpp:5361) fwi db manager
2018-06-09 05:07:02,534 null [INFO] (../src/fwidbmgr.cpp:5365) Program home: /home/meteo/dev/redist/fwidbmgr
2018-06-09 05:07:02,534 null [INFO] (../src/fwidbmgr.cpp:5369) Auto convert: 1
2018-06-09 05:07:02,534 null [INFO] (../src/fwidbmgr.cpp:446) action: in.
2018-06-09 05:07:02,534 null [INFO] (../src/fwidbmgr.cpp:470) date: 20180608.
2018-06-09 05:07:02,534 null [INFO] (../src/fwidbmgr.cpp:322) Try to read: /home/meteo/dev/redist/fwidbmgr/config/fwidbmgr.conf.
2018-06-09 05:07:02,547 null [INFO] (../src/fwidbmgr.cpp:5393) Configuration parsing: OK.
2018-06-09 05:07:02,551 null [INFO] (../src/fwidbmgr.cpp:5478) Connected to database
2018-06-09 05:07:02,551 null [INFO] (../src/fwidbmgr.cpp:5480) Manage data for date: 20180608.
2018-06-09 05:07:02,552 null [INFO] (../src/fwidbmgr.cpp:5536) Importing meteo data in database for day: 20180608.
2018-06-09 05:07:02,554 null [INFO] (/home/meteo/dev/redist/fwidbmgr/include/Grid.h:1595) Configuring grid: snow
2018-06-09 05:07:02,554 null [INFO] (/home/meteo/dev/redist/fwidbmgr/include/Grid.h:1695) Grid snow configured.
2018-06-09 05:07:02,567 null [INFO] (/home/meteo/dev/redist/fwidbmgr/include/Grid.h:1595) Configuring grid: snow_covering
2018-06-09 05:07:02,567 null [INFO] (/home/meteo/dev/redist/fwidbmgr/include/Grid.h:1695) Grid snow_covering configured.
2018-06-09 05:07:02,581 null [INFO] (/home/meteo/dev/redist/fwidbmgr/include/Grid.h:1595) Configuring grid: snow_dissolution
2018-06-09 05:07:02,581 null [INFO] (/home/meteo/dev/redist/fwidbmgr/include/Grid.h:1695) Grid snow_dissolution configured.
2018-06-09 05:07:02,605 null [INFO] (/home/meteo/dev/redist/fwidbmgr/include/Grid.h:1595) Configuring grid: temperature
2018-06-09 05:07:02,606 null [INFO] (/home/meteo/dev/redist/fwidbmgr/include/Grid.h:1695) Grid temperature configured.
2018-06-09 05:07:02,611 null [INFO] (/home/meteo/dev/redist/fwidbmgr/include/Grid.h:1595) Configuring grid: humidity
2018-06-09 05:07:02,611 null [INFO] (/home/meteo/dev/redist/fwidbmgr/include/Grid.h:1695) Grid humidity configured.
2018-06-09 05:07:02,622 null [INFO] (/home/meteo/dev/redist/fwidbmgr/include/Grid.h:1595) Configuring grid: windspeed
2018-06-09 05:07:02,622 null [INFO] (/home/meteo/dev/redist/fwidbmgr/include/Grid.h:1695) Grid windspeed configured.
2018-06-09 05:07:02,645 null [INFO] (/home/meteo/dev/redist/fwidbmgr/include/Grid.h:1595) Configuring grid: rain
2018-06-09 05:07:02,645 null [INFO] (/home/meteo/dev/redist/fwidbmgr/include/Grid.h:1695) Grid rain configured.
2018-06-09 05:07:02,648 null [INFO] (/home/meteo/dev/redist/fwidbmgr/include/Grid.h:1595) Configuring grid: cum_rain
2018-06-09 05:07:02,648 null [INFO] (/home/meteo/dev/redist/fwidbmgr/include/Grid.h:1695) Grid cum_rain configured.
2018-06-09 05:07:09,971 null [INFO] (../src/fwidbmgr.cpp:1518) Storing meteo input ...
2018-06-09 05:07:35,206 null [INFO] (../src/fwidbmgr.cpp:5540) OK --> 20180608 data imported.
2018-06-09 05:07:35,266 null [INFO] (../src/fwidbmgr.cpp:5695) action in took about 33 seconds.
2018-06-09 05:07:35,412 null [INFO] (../src/fwidbmgr.cpp:5699) Disconnected from database.
2018-06-09 05:08:46,395 null [INFO] (../src/fwidbmgr.cpp:5361) fwi db manager
2018-06-09 05:08:46,395 null [INFO] (../src/fwidbmgr.cpp:5365) Program home: /home/meteo/dev/redist/fwidbmgr
2018-06-09 05:08:46,395 null [INFO] (../src/fwidbmgr.cpp:5369) Auto convert: 1
2018-06-09 05:08:46,395 null [INFO] (../src/fwidbmgr.cpp:446) action: out.
2018-06-09 05:08:46,395 null [INFO] (../src/fwidbmgr.cpp:470) date: 20180608.
2018-06-09 05:08:46,395 null [INFO] (../src/fwidbmgr.cpp:322) Try to read: /home/meteo/dev/redist/fwidbmgr/config/fwidbmgr.conf.
2018-06-09 05:08:46,407 null [INFO] (../src/fwidbmgr.cpp:5393) Configuration parsing: OK.
2018-06-09 05:08:46,432 null [INFO] (../src/fwidbmgr.cpp:5478) Connected to database
2018-06-09 05:08:46,432 null [INFO] (../src/fwidbmgr.cpp:5480) Manage data for date: 20180608.
2018-06-09 05:08:46,432 null [INFO] (../src/fwidbmgr.cpp:5551) Importing fwi indexes data in database for day: 20180608.
2018-06-09 05:08:46,444 null [INFO] (/home/meteo/dev/redist/fwidbmgr/include/Grid.h:1595) Configuring grid: isi
2018-06-09 05:08:46,444 null [INFO] (/home/meteo/dev/redist/fwidbmgr/include/Grid.h:1695) Grid isi configured.
2018-06-09 05:08:46,457 null [INFO] (/home/meteo/dev/redist/fwidbmgr/include/Grid.h:1595) Configuring grid: fwi
2018-06-09 05:08:46,458 null [INFO] (/home/meteo/dev/redist/fwidbmgr/include/Grid.h:1695) Grid fwi configured.
2018-06-09 05:08:46,471 null [INFO] (/home/meteo/dev/redist/fwidbmgr/include/Grid.h:1595) Configuring grid: ffmc
2018-06-09 05:08:46,471 null [INFO] (/home/meteo/dev/redist/fwidbmgr/include/Grid.h:1695) Grid ffmc configured.
2018-06-09 05:08:46,485 null [INFO] (/home/meteo/dev/redist/fwidbmgr/include/Grid.h:1595) Configuring grid: dmc
2018-06-09 05:08:46,486 null [INFO] (/home/meteo/dev/redist/fwidbmgr/include/Grid.h:1695) Grid dmc configured.
2018-06-09 05:08:46,500 null [INFO] (/home/meteo/dev/redist/fwidbmgr/include/Grid.h:1595) Configuring grid: dc
2018-06-09 05:08:46,500 null [INFO] (/home/meteo/dev/redist/fwidbmgr/include/Grid.h:1695) Grid dc configured.
2018-06-09 05:08:46,516 null [INFO] (/home/meteo/dev/redist/fwidbmgr/include/Grid.h:1595) Configuring grid: bui
2018-06-09 05:08:46,516 null [INFO] (/home/meteo/dev/redist/fwidbmgr/include/Grid.h:1695) Grid bui configured.
2018-06-09 05:08:46,530 null [INFO] (/home/meteo/dev/redist/fwidbmgr/include/Grid.h:1595) Configuring grid: ffmc_tmp
2018-06-09 05:08:46,530 null [INFO] (/home/meteo/dev/redist/fwidbmgr/include/Grid.h:1695) Grid ffmc_tmp configured.
2018-06-09 05:08:46,564 null [INFO] (/home/meteo/dev/redist/fwidbmgr/include/Grid.h:1595) Configuring grid: dmc_tmp
2018-06-09 05:08:46,564 null [INFO] (/home/meteo/dev/redist/fwidbmgr/include/Grid.h:1695) Grid dmc_tmp configured.
2018-06-09 05:08:46,585 null [INFO] (/home/meteo/dev/redist/fwidbmgr/include/Grid.h:1595) Configuring grid: dc_tmp
2018-06-09 05:08:46,585 null [INFO] (/home/meteo/dev/redist/fwidbmgr/include/Grid.h:1695) Grid dc_tmp configured.
2018-06-09 05:08:46,607 null [INFO] (/home/meteo/dev/redist/fwidbmgr/include/Grid.h:1595) Configuring grid: idi
2018-06-09 05:08:46,607 null [INFO] (/home/meteo/dev/redist/fwidbmgr/include/Grid.h:1695) Grid idi configured.
2018-06-09 05:08:51,128 null [INFO] (../src/fwidbmgr.cpp:2081) Storing FWI indexes ...
2018-06-09 05:09:04,298 null [INFO] (../src/fwidbmgr.cpp:5555) OK --> 20180608 data imported.
2018-06-09 05:09:04,304 null [INFO] (../src/fwidbmgr.cpp:5695) action out took about 18 seconds.
2018-06-09 05:09:04,305 null [INFO] (../src/fwidbmgr.cpp:5699) Disconnected from database.
2018-06-09 05:09:04,588 null [INFO] (../src/fwidbmgr.cpp:5361) fwi db manager
2018-06-09 05:09:04,588 null [INFO] (../src/fwidbmgr.cpp:5365) Program home: /home/meteo/dev/redist/fwidbmgr
2018-06-09 05:09:04,588 null [INFO] (../src/fwidbmgr.cpp:5369) Auto convert: 1
2018-06-09 05:09:04,588 null [INFO] (../src/fwidbmgr.cpp:446) action: computeidx.
2018-06-09 05:09:04,588 null [INFO] (../src/fwidbmgr.cpp:470) date: 20180608.
2018-06-09 05:09:04,589 null [INFO] (../src/fwidbmgr.cpp:322) Try to read: /home/meteo/dev/redist/fwidbmgr/config/fwidbmgr.conf.
2018-06-09 05:09:04,596 null [INFO] (../src/fwidbmgr.cpp:5393) Configuration parsing: OK.
2018-06-09 05:09:04,610 null [INFO] (../src/fwidbmgr.cpp:5478) Connected to database
2018-06-09 05:09:04,610 null [INFO] (../src/fwidbmgr.cpp:5480) Manage data for date: 20180608.
2018-06-09 05:09:04,610 null [INFO] (../src/fwidbmgr.cpp:5656) Computing indexes.
2018-06-09 05:09:04,631 null [INFO] (/home/meteo/dev/redist/fwidbmgr/include/Grid.h:1595) Configuring grid: isi
2018-06-09 05:09:04,632 null [INFO] (/home/meteo/dev/redist/fwidbmgr/include/Grid.h:1695) Grid isi configured.
2018-06-09 05:09:04,633 null [INFO] (/home/meteo/dev/redist/fwidbmgr/include/Grid.h:1595) Configuring grid: fwi
2018-06-09 05:09:04,633 null [INFO] (/home/meteo/dev/redist/fwidbmgr/include/Grid.h:1695) Grid fwi configured.
2018-06-09 05:09:04,634 null [INFO] (/home/meteo/dev/redist/fwidbmgr/include/Grid.h:1595) Configuring grid: ffmc
2018-06-09 05:09:04,640 null [INFO] (/home/meteo/dev/redist/fwidbmgr/include/Grid.h:1695) Grid ffmc configured.
2018-06-09 05:09:04,642 null [INFO] (/home/meteo/dev/redist/fwidbmgr/include/Grid.h:1595) Configuring grid: dmc
2018-06-09 05:09:04,642 null [INFO] (/home/meteo/dev/redist/fwidbmgr/include/Grid.h:1695) Grid dmc configured.
2018-06-09 05:09:04,643 null [INFO] (/home/meteo/dev/redist/fwidbmgr/include/Grid.h:1595) Configuring grid: dc
2018-06-09 05:09:04,643 null [INFO] (/home/meteo/dev/redist/fwidbmgr/include/Grid.h:1695) Grid dc configured.
2018-06-09 05:09:04,644 null [INFO] (/home/meteo/dev/redist/fwidbmgr/include/Grid.h:1595) Configuring grid: bui
2018-06-09 05:09:04,645 null [INFO] (/home/meteo/dev/redist/fwidbmgr/include/Grid.h:1695) Grid bui configured.
2018-06-09 05:09:04,646 null [INFO] (/home/meteo/dev/redist/fwidbmgr/include/Grid.h:1595) Configuring grid: ffmc_tmp
2018-06-09 05:09:04,646 null [INFO] (/home/meteo/dev/redist/fwidbmgr/include/Grid.h:1695) Grid ffmc_tmp configured.
2018-06-09 05:09:04,647 null [INFO] (/home/meteo/dev/redist/fwidbmgr/include/Grid.h:1595) Configuring grid: dmc_tmp
2018-06-09 05:09:04,647 null [INFO] (/home/meteo/dev/redist/fwidbmgr/include/Grid.h:1695) Grid dmc_tmp configured.
2018-06-09 05:09:04,648 null [INFO] (/home/meteo/dev/redist/fwidbmgr/include/Grid.h:1595) Configuring grid: dc_tmp
2018-06-09 05:09:04,648 null [INFO] (/home/meteo/dev/redist/fwidbmgr/include/Grid.h:1695) Grid dc_tmp configured.
2018-06-09 05:09:04,650 null [INFO] (/home/meteo/dev/redist/fwidbmgr/include/Grid.h:1595) Configuring grid: idi
2018-06-09 05:09:04,650 null [INFO] (/home/meteo/dev/redist/fwidbmgr/include/Grid.h:1695) Grid idi configured.
2018-06-09 05:09:04,651 null [INFO] (/home/meteo/dev/redist/fwidbmgr/include/Grid.h:1595) Configuring grid: angstrom
2018-06-09 05:09:04,651 null [INFO] (/home/meteo/dev/redist/fwidbmgr/include/Grid.h:1695) Grid angstrom configured.
2018-06-09 05:09:04,652 null [INFO] (/home/meteo/dev/redist/fwidbmgr/include/Grid.h:1595) Configuring grid: fmi
2018-06-09 05:09:04,652 null [INFO] (/home/meteo/dev/redist/fwidbmgr/include/Grid.h:1695) Grid fmi configured.
2018-06-09 05:09:04,654 null [INFO] (/home/meteo/dev/redist/fwidbmgr/include/Grid.h:1595) Configuring grid: sharples
2018-06-09 05:09:04,654 null [INFO] (/home/meteo/dev/redist/fwidbmgr/include/Grid.h:1695) Grid sharples configured.
2018-06-09 05:09:08,604 null [INFO] (/home/meteo/dev/redist/fwidbmgr/include/Grid.h:1595) Configuring grid: snow
2018-06-09 05:09:08,604 null [INFO] (/home/meteo/dev/redist/fwidbmgr/include/Grid.h:1695) Grid snow configured.
2018-06-09 05:09:08,604 null [INFO] (/home/meteo/dev/redist/fwidbmgr/include/Grid.h:1595) Configuring grid: snow_covering
2018-06-09 05:09:08,604 null [INFO] (/home/meteo/dev/redist/fwidbmgr/include/Grid.h:1695) Grid snow_covering configured.
2018-06-09 05:09:08,604 null [INFO] (/home/meteo/dev/redist/fwidbmgr/include/Grid.h:1595) Configuring grid: snow_dissolution
2018-06-09 05:09:08,604 null [INFO] (/home/meteo/dev/redist/fwidbmgr/include/Grid.h:1695) Grid snow_dissolution configured.
2018-06-09 05:09:08,604 null [INFO] (/home/meteo/dev/redist/fwidbmgr/include/Grid.h:1595) Configuring grid: temperature
2018-06-09 05:09:08,604 null [INFO] (/home/meteo/dev/redist/fwidbmgr/include/Grid.h:1695) Grid temperature configured.
2018-06-09 05:09:08,604 null [INFO] (/home/meteo/dev/redist/fwidbmgr/include/Grid.h:1595) Configuring grid: humidity
2018-06-09 05:09:08,604 null [INFO] (/home/meteo/dev/redist/fwidbmgr/include/Grid.h:1695) Grid humidity configured.
2018-06-09 05:09:08,605 null [INFO] (/home/meteo/dev/redist/fwidbmgr/include/Grid.h:1595) Configuring grid: windspeed
2018-06-09 05:09:08,605 null [INFO] (/home/meteo/dev/redist/fwidbmgr/include/Grid.h:1695) Grid windspeed configured.
2018-06-09 05:09:08,605 null [INFO] (/home/meteo/dev/redist/fwidbmgr/include/Grid.h:1595) Configuring grid: rain
2018-06-09 05:09:08,605 null [INFO] (/home/meteo/dev/redist/fwidbmgr/include/Grid.h:1695) Grid rain configured.
2018-06-09 05:09:08,605 null [INFO] (/home/meteo/dev/redist/fwidbmgr/include/Grid.h:1595) Configuring grid: cum_rain
2018-06-09 05:09:08,605 null [INFO] (/home/meteo/dev/redist/fwidbmgr/include/Grid.h:1695) Grid cum_rain configured.
2018-06-09 05:11:24,294 null [INFO] (../src/fwidbmgr.cpp:5660) OK --> 20180608 indexes computed.
2018-06-09 05:11:24,301 null [INFO] (../src/fwidbmgr.cpp:5695) action computeidx took about 140 seconds.
2018-06-09 05:11:24,301 null [INFO] (../src/fwidbmgr.cpp:5699) Disconnected from database.
2018-06-09 05:11:24,488 null [INFO] (../src/fwidbmgr.cpp:5361) fwi db manager
2018-06-09 05:11:24,488 null [INFO] (../src/fwidbmgr.cpp:5365) Program home: /home/meteo/dev/redist/fwidbmgr
2018-06-09 05:11:24,488 null [INFO] (../src/fwidbmgr.cpp:5369) Auto convert: 1
2018-06-09 05:11:24,489 null [INFO] (../src/fwidbmgr.cpp:446) action: exportidx.
2018-06-09 05:11:24,489 null [INFO] (../src/fwidbmgr.cpp:470) date: 20180608.
2018-06-09 05:11:24,489 null [INFO] (../src/fwidbmgr.cpp:322) Try to read: /home/meteo/dev/redist/fwidbmgr/config/fwidbmgr.conf.
2018-06-09 05:11:24,494 null [INFO] (../src/fwidbmgr.cpp:5393) Configuration parsing: OK.
2018-06-09 05:11:24,513 null [INFO] (../src/fwidbmgr.cpp:5478) Connected to database
2018-06-09 05:11:24,513 null [INFO] (../src/fwidbmgr.cpp:5480) Manage data for date: 20180608.
2018-06-09 05:11:24,513 null [INFO] (../src/fwidbmgr.cpp:5596) Exporting indexes.
2018-06-09 05:11:24,539 null [INFO] (/home/meteo/dev/redist/fwidbmgr/include/Grid.h:1595) Configuring grid: isi
2018-06-09 05:11:24,539 null [INFO] (/home/meteo/dev/redist/fwidbmgr/include/Grid.h:1695) Grid isi configured.
2018-06-09 05:11:24,541 null [INFO] (/home/meteo/dev/redist/fwidbmgr/include/Grid.h:1595) Configuring grid: fwi
2018-06-09 05:11:24,541 null [INFO] (/home/meteo/dev/redist/fwidbmgr/include/Grid.h:1695) Grid fwi configured.
2018-06-09 05:11:24,542 null [INFO] (/home/meteo/dev/redist/fwidbmgr/include/Grid.h:1595) Configuring grid: ffmc
2018-06-09 05:11:24,542 null [INFO] (/home/meteo/dev/redist/fwidbmgr/include/Grid.h:1695) Grid ffmc configured.
2018-06-09 05:11:24,543 null [INFO] (/home/meteo/dev/redist/fwidbmgr/include/Grid.h:1595) Configuring grid: dmc
2018-06-09 05:11:24,543 null [INFO] (/home/meteo/dev/redist/fwidbmgr/include/Grid.h:1695) Grid dmc configured.
2018-06-09 05:11:24,545 null [INFO] (/home/meteo/dev/redist/fwidbmgr/include/Grid.h:1595) Configuring grid: dc
2018-06-09 05:11:24,545 null [INFO] (/home/meteo/dev/redist/fwidbmgr/include/Grid.h:1695) Grid dc configured.
2018-06-09 05:11:24,546 null [INFO] (/home/meteo/dev/redist/fwidbmgr/include/Grid.h:1595) Configuring grid: bui
2018-06-09 05:11:24,546 null [INFO] (/home/meteo/dev/redist/fwidbmgr/include/Grid.h:1695) Grid bui configured.
2018-06-09 05:11:24,547 null [INFO] (/home/meteo/dev/redist/fwidbmgr/include/Grid.h:1595) Configuring grid: ffmc_tmp
2018-06-09 05:11:24,547 null [INFO] (/home/meteo/dev/redist/fwidbmgr/include/Grid.h:1695) Grid ffmc_tmp configured.
2018-06-09 05:11:24,549 null [INFO] (/home/meteo/dev/redist/fwidbmgr/include/Grid.h:1595) Configuring grid: dmc_tmp
2018-06-09 05:11:24,549 null [INFO] (/home/meteo/dev/redist/fwidbmgr/include/Grid.h:1695) Grid dmc_tmp configured.
2018-06-09 05:11:24,550 null [INFO] (/home/meteo/dev/redist/fwidbmgr/include/Grid.h:1595) Configuring grid: dc_tmp
2018-06-09 05:11:24,550 null [INFO] (/home/meteo/dev/redist/fwidbmgr/include/Grid.h:1695) Grid dc_tmp configured.
2018-06-09 05:11:24,551 null [INFO] (/home/meteo/dev/redist/fwidbmgr/include/Grid.h:1595) Configuring grid: idi
2018-06-09 05:11:24,551 null [INFO] (/home/meteo/dev/redist/fwidbmgr/include/Grid.h:1695) Grid idi configured.
2018-06-09 05:11:24,553 null [INFO] (/home/meteo/dev/redist/fwidbmgr/include/Grid.h:1595) Configuring grid: angstrom
2018-06-09 05:11:24,553 null [INFO] (/home/meteo/dev/redist/fwidbmgr/include/Grid.h:1695) Grid angstrom configured.
2018-06-09 05:11:24,554 null [INFO] (/home/meteo/dev/redist/fwidbmgr/include/Grid.h:1595) Configuring grid: fmi
2018-06-09 05:11:24,554 null [INFO] (/home/meteo/dev/redist/fwidbmgr/include/Grid.h:1695) Grid fmi configured.
2018-06-09 05:11:24,555 null [INFO] (/home/meteo/dev/redist/fwidbmgr/include/Grid.h:1595) Configuring grid: sharples
2018-06-09 05:11:24,555 null [INFO] (/home/meteo/dev/redist/fwidbmgr/include/Grid.h:1695) Grid sharples configured.
2018-06-09 05:11:28,398 null [INFO] (/home/meteo/dev/redist/fwidbmgr/include/Grid.h:1595) Configuring grid: isi
2018-06-09 05:11:28,399 null [INFO] (/home/meteo/dev/redist/fwidbmgr/include/Grid.h:1695) Grid isi configured.
2018-06-09 05:11:28,464 null [INFO] (/home/meteo/dev/redist/fwidbmgr/include/Grid.h:1595) Configuring grid: fwi
2018-06-09 05:11:28,464 null [INFO] (/home/meteo/dev/redist/fwidbmgr/include/Grid.h:1695) Grid fwi configured.
2018-06-09 05:11:28,518 null [INFO] (/home/meteo/dev/redist/fwidbmgr/include/Grid.h:1595) Configuring grid: ffmc
2018-06-09 05:11:28,519 null [INFO] (/home/meteo/dev/redist/fwidbmgr/include/Grid.h:1695) Grid ffmc configured.
2018-06-09 05:11:28,578 null [INFO] (/home/meteo/dev/redist/fwidbmgr/include/Grid.h:1595) Configuring grid: dmc
2018-06-09 05:11:28,578 null [INFO] (/home/meteo/dev/redist/fwidbmgr/include/Grid.h:1695) Grid dmc configured.
2018-06-09 05:11:28,623 null [INFO] (/home/meteo/dev/redist/fwidbmgr/include/Grid.h:1595) Configuring grid: dc
2018-06-09 05:11:28,623 null [INFO] (/home/meteo/dev/redist/fwidbmgr/include/Grid.h:1695) Grid dc configured.
2018-06-09 05:11:28,670 null [INFO] (/home/meteo/dev/redist/fwidbmgr/include/Grid.h:1595) Configuring grid: bui
2018-06-09 05:11:28,670 null [INFO] (/home/meteo/dev/redist/fwidbmgr/include/Grid.h:1695) Grid bui configured.
2018-06-09 05:11:28,715 null [INFO] (/home/meteo/dev/redist/fwidbmgr/include/Grid.h:1595) Configuring grid: ffmc_tmp
2018-06-09 05:11:28,715 null [INFO] (/home/meteo/dev/redist/fwidbmgr/include/Grid.h:1695) Grid ffmc_tmp configured.
2018-06-09 05:11:28,765 null [INFO] (/home/meteo/dev/redist/fwidbmgr/include/Grid.h:1595) Configuring grid: dmc_tmp
2018-06-09 05:11:28,766 null [INFO] (/home/meteo/dev/redist/fwidbmgr/include/Grid.h:1695) Grid dmc_tmp configured.
2018-06-09 05:11:28,809 null [INFO] (/home/meteo/dev/redist/fwidbmgr/include/Grid.h:1595) Configuring grid: dc_tmp
2018-06-09 05:11:28,810 null [INFO] (/home/meteo/dev/redist/fwidbmgr/include/Grid.h:1695) Grid dc_tmp configured.
2018-06-09 05:11:28,850 null [INFO] (/home/meteo/dev/redist/fwidbmgr/include/Grid.h:1595) Configuring grid: angstrom
2018-06-09 05:11:28,850 null [INFO] (/home/meteo/dev/redist/fwidbmgr/include/Grid.h:1695) Grid angstrom configured.
2018-06-09 05:11:28,945 null [INFO] (/home/meteo/dev/redist/fwidbmgr/include/Grid.h:1595) Configuring grid: sharples
2018-06-09 05:11:28,945 null [INFO] (/home/meteo/dev/redist/fwidbmgr/include/Grid.h:1695) Grid sharples configured.
2018-06-09 05:11:28,998 null [INFO] (/home/meteo/dev/redist/fwidbmgr/include/Grid.h:1595) Configuring grid: fmi
2018-06-09 05:11:28,998 null [INFO] (/home/meteo/dev/redist/fwidbmgr/include/Grid.h:1695) Grid fmi configured.
2018-06-09 05:11:29,045 null [INFO] (../src/fwidbmgr.cpp:5600) OK --> 20180608 indexes exported to files.
2018-06-09 05:11:29,045 null [INFO] (../src/fwidbmgr.cpp:5695) action exportidx took about 5 seconds.
2018-06-09 05:11:29,048 null [INFO] (../src/fwidbmgr.cpp:5699) Disconnected from database.
2018-06-09 05:12:00,721 null [INFO] (../src/fwidbmgr.cpp:5361) fwi db manager
2018-06-09 05:12:00,721 null [INFO] (../src/fwidbmgr.cpp:5365) Program home: /home/meteo/dev/redist/fwidbmgr
2018-06-09 05:12:00,721 null [INFO] (../src/fwidbmgr.cpp:5369) Auto convert: 1
2018-06-09 05:12:00,721 null [INFO] (../src/fwidbmgr.cpp:446) action: outimg.
2018-06-09 05:12:00,721 null [INFO] (../src/fwidbmgr.cpp:470) date: 20180608.
2018-06-09 05:12:00,721 null [INFO] (../src/fwidbmgr.cpp:322) Try to read: /home/meteo/dev/redist/fwidbmgr/config/fwidbmgr.conf.
2018-06-09 05:12:00,729 null [INFO] (../src/fwidbmgr.cpp:5393) Configuration parsing: OK.
2018-06-09 05:12:00,741 null [INFO] (../src/fwidbmgr.cpp:5478) Connected to database
2018-06-09 05:12:00,741 null [INFO] (../src/fwidbmgr.cpp:5480) Manage data for date: 20180608.
2018-06-09 05:12:00,741 null [INFO] (../src/fwidbmgr.cpp:5566) Importing fwi indexes images in database.
2018-06-09 05:12:00,980 null [INFO] (../src/fwidbmgr.cpp:5570) OK --> 20180608 images imported.
2018-06-09 05:12:00,980 null [INFO] (../src/fwidbmgr.cpp:5695) action outimg took about 0 seconds.
2018-06-09 05:12:00,980 null [INFO] (../src/fwidbmgr.cpp:5699) Disconnected from database.
2018-06-09 05:37:01,644 null [INFO] (../src/fwidbmgr.cpp:5361) fwi db manager
2018-06-09 05:37:01,644 null [INFO] (../src/fwidbmgr.cpp:5365) Program home: /home/meteo/dev/redist/fwidbmgr
2018-06-09 05:37:01,644 null [INFO] (../src/fwidbmgr.cpp:5369) Auto convert: 1
2018-06-09 05:37:01,644 null [INFO] (../src/fwidbmgr.cpp:446) action: outimg.
2018-06-09 05:37:01,644 null [INFO] (../src/fwidbmgr.cpp:470) date: 20180608.
2018-06-09 05:37:01,644 null [INFO] (../src/fwidbmgr.cpp:322) Try to read: /home/meteo/dev/redist/fwidbmgr/config/fwidbmgr.conf.
2018-06-09 05:37:01,646 null [INFO] (../src/fwidbmgr.cpp:5393) Configuration parsing: OK.
2018-06-09 05:37:01,657 null [INFO] (../src/fwidbmgr.cpp:5478) Connected to database
2018-06-09 05:37:01,657 null [INFO] (../src/fwidbmgr.cpp:5480) Manage data for date: 20180608.
2018-06-09 05:37:01,657 null [INFO] (../src/fwidbmgr.cpp:5566) Importing fwi indexes images in database.
2018-06-09 05:37:01,785 null [INFO] (../src/fwidbmgr.cpp:5570) OK --> 20180608 images imported.
2018-06-09 05:37:01,785 null [INFO] (../src/fwidbmgr.cpp:5695) action outimg took about 0 seconds.
2018-06-09 05:37:01,785 null [INFO] (../src/fwidbmgr.cpp:5699) Disconnected from database.
2018-06-09 06:05:01,983 null [INFO] (../src/fwidbmgr.cpp:5361) fwi db manager
2018-06-09 06:05:01,984 null [INFO] (../src/fwidbmgr.cpp:5365) Program home: /home/meteo/dev/redist/fwidbmgr
2018-06-09 06:05:01,984 null [INFO] (../src/fwidbmgr.cpp:5369) Auto convert: 1
2018-06-09 06:05:01,984 null [INFO] (../src/fwidbmgr.cpp:446) action: outimg.
2018-06-09 06:05:01,984 null [INFO] (../src/fwidbmgr.cpp:470) date: 20180608.
2018-06-09 06:05:01,984 null [INFO] (../src/fwidbmgr.cpp:322) Try to read: /home/meteo/dev/redist/fwidbmgr/config/fwidbmgr.conf.
2018-06-09 06:05:01,986 null [INFO] (../src/fwidbmgr.cpp:5393) Configuration parsing: OK.
2018-06-09 06:05:01,996 null [INFO] (../src/fwidbmgr.cpp:5478) Connected to database
2018-06-09 06:05:01,996 null [INFO] (../src/fwidbmgr.cpp:5480) Manage data for date: 20180608.
2018-06-09 06:05:01,997 null [INFO] (../src/fwidbmgr.cpp:5566) Importing fwi indexes images in database.
2018-06-09 06:05:02,086 null [INFO] (../src/fwidbmgr.cpp:5570) OK --> 20180608 images imported.
2018-06-09 06:05:02,087 null [INFO] (../src/fwidbmgr.cpp:5695) action outimg took about 1 seconds.
2018-06-09 06:05:02,087 null [INFO] (../src/fwidbmgr.cpp:5699) Disconnected from database.
2018-06-09 06:37:01,269 null [INFO] (../src/fwidbmgr.cpp:5361) fwi db manager
2018-06-09 06:37:01,269 null [INFO] (../src/fwidbmgr.cpp:5365) Program home: /home/meteo/dev/redist/fwidbmgr
2018-06-09 06:37:01,270 null [INFO] (../src/fwidbmgr.cpp:5369) Auto convert: 1
2018-06-09 06:37:01,270 null [INFO] (../src/fwidbmgr.cpp:446) action: outimg.
2018-06-09 06:37:01,270 null [INFO] (../src/fwidbmgr.cpp:470) date: 20180608.
2018-06-09 06:37:01,270 null [INFO] (../src/fwidbmgr.cpp:322) Try to read: /home/meteo/dev/redist/fwidbmgr/config/fwidbmgr.conf.
2018-06-09 06:37:01,272 null [INFO] (../src/fwidbmgr.cpp:5393) Configuration parsing: OK.
2018-06-09 06:37:01,280 null [INFO] (../src/fwidbmgr.cpp:5478) Connected to database
2018-06-09 06:37:01,281 null [INFO] (../src/fwidbmgr.cpp:5480) Manage data for date: 20180608.
2018-06-09 06:37:01,281 null [INFO] (../src/fwidbmgr.cpp:5566) Importing fwi indexes images in database.
2018-06-09 06:37:01,366 null [INFO] (../src/fwidbmgr.cpp:5570) OK --> 20180608 images imported.
2018-06-09 06:37:01,366 null [INFO] (../src/fwidbmgr.cpp:5695) action outimg took about 0 seconds.
2018-06-09 06:37:01,366 null [INFO] (../src/fwidbmgr.cpp:5699) Disconnected from database.
2018-06-09 07:05:01,060 null [INFO] (../src/fwidbmgr.cpp:5361) fwi db manager
2018-06-09 07:05:01,060 null [INFO] (../src/fwidbmgr.cpp:5365) Program home: /home/meteo/dev/redist/fwidbmgr
2018-06-09 07:05:01,060 null [INFO] (../src/fwidbmgr.cpp:5369) Auto convert: 1
2018-06-09 07:05:01,060 null [INFO] (../src/fwidbmgr.cpp:446) action: outimg.
2018-06-09 07:05:01,060 null [INFO] (../src/fwidbmgr.cpp:470) date: 20180608.
2018-06-09 07:05:01,060 null [INFO] (../src/fwidbmgr.cpp:322) Try to read: /home/meteo/dev/redist/fwidbmgr/config/fwidbmgr.conf.
2018-06-09 07:05:01,068 null [INFO] (../src/fwidbmgr.cpp:5393) Configuration parsing: OK.
2018-06-09 07:05:01,074 null [INFO] (../src/fwidbmgr.cpp:5478) Connected to database
2018-06-09 07:05:01,074 null [INFO] (../src/fwidbmgr.cpp:5480) Manage data for date: 20180608.
2018-06-09 07:05:01,074 null [INFO] (../src/fwidbmgr.cpp:5566) Importing fwi indexes images in database.
2018-06-09 07:05:01,150 null [INFO] (../src/fwidbmgr.cpp:5570) OK --> 20180608 images imported.
2018-06-09 07:05:01,150 null [INFO] (../src/fwidbmgr.cpp:5695) action outimg took about 0 seconds.
2018-06-09 07:05:01,151 null [INFO] (../src/fwidbmgr.cpp:5699) Disconnected from database.
2018-06-09 07:37:01,296 null [INFO] (../src/fwidbmgr.cpp:5361) fwi db manager
2018-06-09 07:37:01,296 null [INFO] (../src/fwidbmgr.cpp:5365) Program home: /home/meteo/dev/redist/fwidbmgr
2018-06-09 07:37:01,296 null [INFO] (../src/fwidbmgr.cpp:5369) Auto convert: 1
2018-06-09 07:37:01,296 null [INFO] (../src/fwidbmgr.cpp:446) action: outimg.
2018-06-09 07:37:01,296 null [INFO] (../src/fwidbmgr.cpp:470) date: 20180608.
2018-06-09 07:37:01,296 null [INFO] (../src/fwidbmgr.cpp:322) Try to read: /home/meteo/dev/redist/fwidbmgr/config/fwidbmgr.conf.
2018-06-09 07:37:01,298 null [INFO] (../src/fwidbmgr.cpp:5393) Configuration parsing: OK.
2018-06-09 07:37:01,304 null [INFO] (../src/fwidbmgr.cpp:5478) Connected to database
2018-06-09 07:37:01,304 null [INFO] (../src/fwidbmgr.cpp:5480) Manage data for date: 20180608.
2018-06-09 07:37:01,304 null [INFO] (../src/fwidbmgr.cpp:5566) Importing fwi indexes images in database.
2018-06-09 07:37:01,381 null [INFO] (../src/fwidbmgr.cpp:5570) OK --> 20180608 images imported.
2018-06-09 07:37:01,382 null [INFO] (../src/fwidbmgr.cpp:5695) action outimg took about 0 seconds.
2018-06-09 07:37:01,382 null [INFO] (../src/fwidbmgr.cpp:5699) Disconnected from database.
