2015-05-17 05:07:03,935 null [INFO] (../src/fwidbmgr.cpp:5207) fwi db manager
2015-05-17 05:07:03,935 null [INFO] (../src/fwidbmgr.cpp:5209) Program home: /home/meteo/dev/redist/fwidbmgr
2015-05-17 05:07:03,935 null [INFO] (../src/fwidbmgr.cpp:5211) Auto convert: 1
2015-05-17 05:07:03,935 null [INFO] (../src/fwidbmgr.cpp:458) action: in.
2015-05-17 05:07:03,935 null [INFO] (../src/fwidbmgr.cpp:482) date: 20150516.
2015-05-17 05:07:03,935 null [INFO] (../src/fwidbmgr.cpp:319) Try to read: /home/meteo/dev/redist/fwidbmgr/config/fwidbmgr.conf.
2015-05-17 05:07:04,013 null [INFO] (../src/fwidbmgr.cpp:5240) Configuration parsing: OK.
2015-05-17 05:07:04,153 null [INFO] (../src/fwidbmgr.cpp:5322) Connected to database
2015-05-17 05:07:04,153 null [INFO] (../src/fwidbmgr.cpp:5323) Manage data for date: 20150516.
2015-05-17 05:07:04,153 null [INFO] (../src/fwidbmgr.cpp:5367) Importing meteo data in database for day: 20150516.
2015-05-17 05:07:04,154 null [INFO] (/home/meteo/dev/redist/fwidbmgr/include/Grid.h:1595) Configuring grid: snow
2015-05-17 05:07:04,155 null [INFO] (/home/meteo/dev/redist/fwidbmgr/include/Grid.h:1695) Grid snow configured.
2015-05-17 05:07:04,166 null [INFO] (/home/meteo/dev/redist/fwidbmgr/include/Grid.h:1595) Configuring grid: snow_covering
2015-05-17 05:07:04,166 null [INFO] (/home/meteo/dev/redist/fwidbmgr/include/Grid.h:1695) Grid snow_covering configured.
2015-05-17 05:07:04,179 null [INFO] (/home/meteo/dev/redist/fwidbmgr/include/Grid.h:1595) Configuring grid: snow_dissolution
2015-05-17 05:07:04,179 null [INFO] (/home/meteo/dev/redist/fwidbmgr/include/Grid.h:1695) Grid snow_dissolution configured.
2015-05-17 05:07:04,202 null [INFO] (/home/meteo/dev/redist/fwidbmgr/include/Grid.h:1595) Configuring grid: temperature
2015-05-17 05:07:04,202 null [INFO] (/home/meteo/dev/redist/fwidbmgr/include/Grid.h:1695) Grid temperature configured.
2015-05-17 05:07:04,207 null [INFO] (/home/meteo/dev/redist/fwidbmgr/include/Grid.h:1595) Configuring grid: humidity
2015-05-17 05:07:04,207 null [INFO] (/home/meteo/dev/redist/fwidbmgr/include/Grid.h:1695) Grid humidity configured.
2015-05-17 05:07:04,218 null [INFO] (/home/meteo/dev/redist/fwidbmgr/include/Grid.h:1595) Configuring grid: windspeed
2015-05-17 05:07:04,218 null [INFO] (/home/meteo/dev/redist/fwidbmgr/include/Grid.h:1695) Grid windspeed configured.
2015-05-17 05:07:04,240 null [INFO] (/home/meteo/dev/redist/fwidbmgr/include/Grid.h:1595) Configuring grid: rain
2015-05-17 05:07:04,240 null [INFO] (/home/meteo/dev/redist/fwidbmgr/include/Grid.h:1695) Grid rain configured.
2015-05-17 05:07:04,243 null [INFO] (/home/meteo/dev/redist/fwidbmgr/include/Grid.h:1595) Configuring grid: cum_rain
2015-05-17 05:07:04,243 null [INFO] (/home/meteo/dev/redist/fwidbmgr/include/Grid.h:1695) Grid cum_rain configured.
2015-05-17 05:07:21,105 null [INFO] (../src/fwidbmgr.cpp:1502) Storing meteo input ...
2015-05-17 05:08:43,374 null [INFO] (../src/fwidbmgr.cpp:5370) OK --> 20150516 data imported.
2015-05-17 05:08:43,523 null [INFO] (../src/fwidbmgr.cpp:5496) action in took about 99 seconds.
2015-05-17 05:08:43,702 null [INFO] (../src/fwidbmgr.cpp:5499) Disconnected from database.
2015-05-17 05:10:19,500 null [INFO] (../src/fwidbmgr.cpp:5207) fwi db manager
2015-05-17 05:10:19,500 null [INFO] (../src/fwidbmgr.cpp:5209) Program home: /home/meteo/dev/redist/fwidbmgr
2015-05-17 05:10:19,501 null [INFO] (../src/fwidbmgr.cpp:5211) Auto convert: 1
2015-05-17 05:10:19,501 null [INFO] (../src/fwidbmgr.cpp:458) action: out.
2015-05-17 05:10:19,501 null [INFO] (../src/fwidbmgr.cpp:482) date: 20150516.
2015-05-17 05:10:19,501 null [INFO] (../src/fwidbmgr.cpp:319) Try to read: /home/meteo/dev/redist/fwidbmgr/config/fwidbmgr.conf.
2015-05-17 05:10:19,606 null [INFO] (../src/fwidbmgr.cpp:5240) Configuration parsing: OK.
2015-05-17 05:10:19,663 null [INFO] (../src/fwidbmgr.cpp:5322) Connected to database
2015-05-17 05:10:19,663 null [INFO] (../src/fwidbmgr.cpp:5323) Manage data for date: 20150516.
2015-05-17 05:10:19,663 null [INFO] (../src/fwidbmgr.cpp:5379) Importing fwi indexes data in database for day: 20150516.
2015-05-17 05:10:19,664 null [INFO] (/home/meteo/dev/redist/fwidbmgr/include/Grid.h:1595) Configuring grid: isi
2015-05-17 05:10:19,664 null [INFO] (/home/meteo/dev/redist/fwidbmgr/include/Grid.h:1695) Grid isi configured.
2015-05-17 05:10:19,678 null [INFO] (/home/meteo/dev/redist/fwidbmgr/include/Grid.h:1595) Configuring grid: fwi
2015-05-17 05:10:19,678 null [INFO] (/home/meteo/dev/redist/fwidbmgr/include/Grid.h:1695) Grid fwi configured.
2015-05-17 05:10:19,691 null [INFO] (/home/meteo/dev/redist/fwidbmgr/include/Grid.h:1595) Configuring grid: ffmc
2015-05-17 05:10:19,691 null [INFO] (/home/meteo/dev/redist/fwidbmgr/include/Grid.h:1695) Grid ffmc configured.
2015-05-17 05:10:19,704 null [INFO] (/home/meteo/dev/redist/fwidbmgr/include/Grid.h:1595) Configuring grid: dmc
2015-05-17 05:10:19,705 null [INFO] (/home/meteo/dev/redist/fwidbmgr/include/Grid.h:1695) Grid dmc configured.
2015-05-17 05:10:19,718 null [INFO] (/home/meteo/dev/redist/fwidbmgr/include/Grid.h:1595) Configuring grid: dc
2015-05-17 05:10:19,718 null [INFO] (/home/meteo/dev/redist/fwidbmgr/include/Grid.h:1695) Grid dc configured.
2015-05-17 05:10:19,732 null [INFO] (/home/meteo/dev/redist/fwidbmgr/include/Grid.h:1595) Configuring grid: bui
2015-05-17 05:10:19,733 null [INFO] (/home/meteo/dev/redist/fwidbmgr/include/Grid.h:1695) Grid bui configured.
2015-05-17 05:10:19,746 null [INFO] (/home/meteo/dev/redist/fwidbmgr/include/Grid.h:1595) Configuring grid: ffmc_tmp
2015-05-17 05:10:19,746 null [INFO] (/home/meteo/dev/redist/fwidbmgr/include/Grid.h:1695) Grid ffmc_tmp configured.
2015-05-17 05:10:19,797 null [INFO] (/home/meteo/dev/redist/fwidbmgr/include/Grid.h:1595) Configuring grid: dmc_tmp
2015-05-17 05:10:19,797 null [INFO] (/home/meteo/dev/redist/fwidbmgr/include/Grid.h:1695) Grid dmc_tmp configured.
2015-05-17 05:10:19,821 null [INFO] (/home/meteo/dev/redist/fwidbmgr/include/Grid.h:1595) Configuring grid: dc_tmp
2015-05-17 05:10:19,821 null [INFO] (/home/meteo/dev/redist/fwidbmgr/include/Grid.h:1695) Grid dc_tmp configured.
2015-05-17 05:10:19,848 null [INFO] (/home/meteo/dev/redist/fwidbmgr/include/Grid.h:1595) Configuring grid: idi
2015-05-17 05:10:19,848 null [INFO] (/home/meteo/dev/redist/fwidbmgr/include/Grid.h:1695) Grid idi configured.
2015-05-17 05:10:32,607 null [INFO] (../src/fwidbmgr.cpp:2045) Storing FWI indexes ...
2015-05-17 05:11:03,604 null [INFO] (../src/fwidbmgr.cpp:5382) OK --> 20150516 data imported.
2015-05-17 05:11:03,621 null [INFO] (../src/fwidbmgr.cpp:5496) action out took about 44 seconds.
2015-05-17 05:11:03,622 null [INFO] (../src/fwidbmgr.cpp:5499) Disconnected from database.
2015-05-17 05:11:04,586 null [INFO] (../src/fwidbmgr.cpp:5207) fwi db manager
2015-05-17 05:11:04,602 null [INFO] (../src/fwidbmgr.cpp:5209) Program home: /home/meteo/dev/redist/fwidbmgr
2015-05-17 05:11:04,602 null [INFO] (../src/fwidbmgr.cpp:5211) Auto convert: 1
2015-05-17 05:11:04,602 null [INFO] (../src/fwidbmgr.cpp:458) action: computeidx.
2015-05-17 05:11:04,602 null [INFO] (../src/fwidbmgr.cpp:482) date: 20150516.
2015-05-17 05:11:04,614 null [INFO] (../src/fwidbmgr.cpp:319) Try to read: /home/meteo/dev/redist/fwidbmgr/config/fwidbmgr.conf.
2015-05-17 05:11:04,657 null [INFO] (../src/fwidbmgr.cpp:5240) Configuration parsing: OK.
2015-05-17 05:11:04,778 null [INFO] (../src/fwidbmgr.cpp:5322) Connected to database
2015-05-17 05:11:04,778 null [INFO] (../src/fwidbmgr.cpp:5323) Manage data for date: 20150516.
2015-05-17 05:11:04,779 null [INFO] (../src/fwidbmgr.cpp:5463) Computing indexes.
2015-05-17 05:11:04,780 null [INFO] (/home/meteo/dev/redist/fwidbmgr/include/Grid.h:1595) Configuring grid: isi
2015-05-17 05:11:04,780 null [INFO] (/home/meteo/dev/redist/fwidbmgr/include/Grid.h:1695) Grid isi configured.
2015-05-17 05:11:04,782 null [INFO] (/home/meteo/dev/redist/fwidbmgr/include/Grid.h:1595) Configuring grid: fwi
2015-05-17 05:11:04,782 null [INFO] (/home/meteo/dev/redist/fwidbmgr/include/Grid.h:1695) Grid fwi configured.
2015-05-17 05:11:04,783 null [INFO] (/home/meteo/dev/redist/fwidbmgr/include/Grid.h:1595) Configuring grid: ffmc
2015-05-17 05:11:04,797 null [INFO] (/home/meteo/dev/redist/fwidbmgr/include/Grid.h:1695) Grid ffmc configured.
2015-05-17 05:11:04,799 null [INFO] (/home/meteo/dev/redist/fwidbmgr/include/Grid.h:1595) Configuring grid: dmc
2015-05-17 05:11:04,799 null [INFO] (/home/meteo/dev/redist/fwidbmgr/include/Grid.h:1695) Grid dmc configured.
2015-05-17 05:11:04,800 null [INFO] (/home/meteo/dev/redist/fwidbmgr/include/Grid.h:1595) Configuring grid: dc
2015-05-17 05:11:04,800 null [INFO] (/home/meteo/dev/redist/fwidbmgr/include/Grid.h:1695) Grid dc configured.
2015-05-17 05:11:04,802 null [INFO] (/home/meteo/dev/redist/fwidbmgr/include/Grid.h:1595) Configuring grid: bui
2015-05-17 05:11:04,802 null [INFO] (/home/meteo/dev/redist/fwidbmgr/include/Grid.h:1695) Grid bui configured.
2015-05-17 05:11:04,803 null [INFO] (/home/meteo/dev/redist/fwidbmgr/include/Grid.h:1595) Configuring grid: ffmc_tmp
2015-05-17 05:11:04,803 null [INFO] (/home/meteo/dev/redist/fwidbmgr/include/Grid.h:1695) Grid ffmc_tmp configured.
2015-05-17 05:11:04,804 null [INFO] (/home/meteo/dev/redist/fwidbmgr/include/Grid.h:1595) Configuring grid: dmc_tmp
2015-05-17 05:11:04,804 null [INFO] (/home/meteo/dev/redist/fwidbmgr/include/Grid.h:1695) Grid dmc_tmp configured.
2015-05-17 05:11:04,806 null [INFO] (/home/meteo/dev/redist/fwidbmgr/include/Grid.h:1595) Configuring grid: dc_tmp
2015-05-17 05:11:04,806 null [INFO] (/home/meteo/dev/redist/fwidbmgr/include/Grid.h:1695) Grid dc_tmp configured.
2015-05-17 05:11:04,807 null [INFO] (/home/meteo/dev/redist/fwidbmgr/include/Grid.h:1595) Configuring grid: idi
2015-05-17 05:11:04,807 null [INFO] (/home/meteo/dev/redist/fwidbmgr/include/Grid.h:1695) Grid idi configured.
2015-05-17 05:11:04,809 null [INFO] (/home/meteo/dev/redist/fwidbmgr/include/Grid.h:1595) Configuring grid: angstrom
2015-05-17 05:11:04,809 null [INFO] (/home/meteo/dev/redist/fwidbmgr/include/Grid.h:1695) Grid angstrom configured.
2015-05-17 05:11:04,810 null [INFO] (/home/meteo/dev/redist/fwidbmgr/include/Grid.h:1595) Configuring grid: fmi
2015-05-17 05:11:04,810 null [INFO] (/home/meteo/dev/redist/fwidbmgr/include/Grid.h:1695) Grid fmi configured.
2015-05-17 05:11:04,811 null [INFO] (/home/meteo/dev/redist/fwidbmgr/include/Grid.h:1595) Configuring grid: sharples
2015-05-17 05:11:04,811 null [INFO] (/home/meteo/dev/redist/fwidbmgr/include/Grid.h:1695) Grid sharples configured.
2015-05-17 05:11:13,870 null [INFO] (/home/meteo/dev/redist/fwidbmgr/include/Grid.h:1595) Configuring grid: snow
2015-05-17 05:11:13,870 null [INFO] (/home/meteo/dev/redist/fwidbmgr/include/Grid.h:1695) Grid snow configured.
2015-05-17 05:11:13,870 null [INFO] (/home/meteo/dev/redist/fwidbmgr/include/Grid.h:1595) Configuring grid: snow_covering
2015-05-17 05:11:13,870 null [INFO] (/home/meteo/dev/redist/fwidbmgr/include/Grid.h:1695) Grid snow_covering configured.
2015-05-17 05:11:13,870 null [INFO] (/home/meteo/dev/redist/fwidbmgr/include/Grid.h:1595) Configuring grid: snow_dissolution
2015-05-17 05:11:13,870 null [INFO] (/home/meteo/dev/redist/fwidbmgr/include/Grid.h:1695) Grid snow_dissolution configured.
2015-05-17 05:11:13,870 null [INFO] (/home/meteo/dev/redist/fwidbmgr/include/Grid.h:1595) Configuring grid: temperature
2015-05-17 05:11:13,870 null [INFO] (/home/meteo/dev/redist/fwidbmgr/include/Grid.h:1695) Grid temperature configured.
2015-05-17 05:11:13,870 null [INFO] (/home/meteo/dev/redist/fwidbmgr/include/Grid.h:1595) Configuring grid: humidity
2015-05-17 05:11:13,871 null [INFO] (/home/meteo/dev/redist/fwidbmgr/include/Grid.h:1695) Grid humidity configured.
2015-05-17 05:11:13,871 null [INFO] (/home/meteo/dev/redist/fwidbmgr/include/Grid.h:1595) Configuring grid: windspeed
2015-05-17 05:11:13,871 null [INFO] (/home/meteo/dev/redist/fwidbmgr/include/Grid.h:1695) Grid windspeed configured.
2015-05-17 05:11:13,871 null [INFO] (/home/meteo/dev/redist/fwidbmgr/include/Grid.h:1595) Configuring grid: rain
2015-05-17 05:11:13,871 null [INFO] (/home/meteo/dev/redist/fwidbmgr/include/Grid.h:1695) Grid rain configured.
2015-05-17 05:11:13,871 null [INFO] (/home/meteo/dev/redist/fwidbmgr/include/Grid.h:1595) Configuring grid: cum_rain
2015-05-17 05:11:13,871 null [INFO] (/home/meteo/dev/redist/fwidbmgr/include/Grid.h:1695) Grid cum_rain configured.
2015-05-17 05:13:29,549 null [INFO] (../src/fwidbmgr.cpp:5466) OK --> 20150516 indexes computed.
2015-05-17 05:13:29,563 null [INFO] (../src/fwidbmgr.cpp:5496) action computeidx took about 145 seconds.
2015-05-17 05:13:29,563 null [INFO] (../src/fwidbmgr.cpp:5499) Disconnected from database.
2015-05-17 05:13:30,185 null [INFO] (../src/fwidbmgr.cpp:5207) fwi db manager
2015-05-17 05:13:30,185 null [INFO] (../src/fwidbmgr.cpp:5209) Program home: /home/meteo/dev/redist/fwidbmgr
2015-05-17 05:13:30,186 null [INFO] (../src/fwidbmgr.cpp:5211) Auto convert: 1
2015-05-17 05:13:30,186 null [INFO] (../src/fwidbmgr.cpp:458) action: exportidx.
2015-05-17 05:13:30,186 null [INFO] (../src/fwidbmgr.cpp:482) date: 20150516.
2015-05-17 05:13:30,186 null [INFO] (../src/fwidbmgr.cpp:319) Try to read: /home/meteo/dev/redist/fwidbmgr/config/fwidbmgr.conf.
2015-05-17 05:13:30,232 null [INFO] (../src/fwidbmgr.cpp:5240) Configuration parsing: OK.
2015-05-17 05:13:30,296 null [INFO] (../src/fwidbmgr.cpp:5322) Connected to database
2015-05-17 05:13:30,296 null [INFO] (../src/fwidbmgr.cpp:5323) Manage data for date: 20150516.
2015-05-17 05:13:30,296 null [INFO] (../src/fwidbmgr.cpp:5415) Exporting indexes.
2015-05-17 05:13:30,315 null [INFO] (/home/meteo/dev/redist/fwidbmgr/include/Grid.h:1595) Configuring grid: isi
2015-05-17 05:13:30,315 null [INFO] (/home/meteo/dev/redist/fwidbmgr/include/Grid.h:1695) Grid isi configured.
2015-05-17 05:13:30,316 null [INFO] (/home/meteo/dev/redist/fwidbmgr/include/Grid.h:1595) Configuring grid: fwi
2015-05-17 05:13:30,316 null [INFO] (/home/meteo/dev/redist/fwidbmgr/include/Grid.h:1695) Grid fwi configured.
2015-05-17 05:13:30,318 null [INFO] (/home/meteo/dev/redist/fwidbmgr/include/Grid.h:1595) Configuring grid: ffmc
2015-05-17 05:13:30,318 null [INFO] (/home/meteo/dev/redist/fwidbmgr/include/Grid.h:1695) Grid ffmc configured.
2015-05-17 05:13:30,319 null [INFO] (/home/meteo/dev/redist/fwidbmgr/include/Grid.h:1595) Configuring grid: dmc
2015-05-17 05:13:30,319 null [INFO] (/home/meteo/dev/redist/fwidbmgr/include/Grid.h:1695) Grid dmc configured.
2015-05-17 05:13:30,321 null [INFO] (/home/meteo/dev/redist/fwidbmgr/include/Grid.h:1595) Configuring grid: dc
2015-05-17 05:13:30,321 null [INFO] (/home/meteo/dev/redist/fwidbmgr/include/Grid.h:1695) Grid dc configured.
2015-05-17 05:13:30,322 null [INFO] (/home/meteo/dev/redist/fwidbmgr/include/Grid.h:1595) Configuring grid: bui
2015-05-17 05:13:30,322 null [INFO] (/home/meteo/dev/redist/fwidbmgr/include/Grid.h:1695) Grid bui configured.
2015-05-17 05:13:30,323 null [INFO] (/home/meteo/dev/redist/fwidbmgr/include/Grid.h:1595) Configuring grid: ffmc_tmp
2015-05-17 05:13:30,323 null [INFO] (/home/meteo/dev/redist/fwidbmgr/include/Grid.h:1695) Grid ffmc_tmp configured.
2015-05-17 05:13:30,325 null [INFO] (/home/meteo/dev/redist/fwidbmgr/include/Grid.h:1595) Configuring grid: dmc_tmp
2015-05-17 05:13:30,325 null [INFO] (/home/meteo/dev/redist/fwidbmgr/include/Grid.h:1695) Grid dmc_tmp configured.
2015-05-17 05:13:30,326 null [INFO] (/home/meteo/dev/redist/fwidbmgr/include/Grid.h:1595) Configuring grid: dc_tmp
2015-05-17 05:13:30,326 null [INFO] (/home/meteo/dev/redist/fwidbmgr/include/Grid.h:1695) Grid dc_tmp configured.
2015-05-17 05:13:30,328 null [INFO] (/home/meteo/dev/redist/fwidbmgr/include/Grid.h:1595) Configuring grid: idi
2015-05-17 05:13:30,328 null [INFO] (/home/meteo/dev/redist/fwidbmgr/include/Grid.h:1695) Grid idi configured.
2015-05-17 05:13:30,330 null [INFO] (/home/meteo/dev/redist/fwidbmgr/include/Grid.h:1595) Configuring grid: angstrom
2015-05-17 05:13:30,330 null [INFO] (/home/meteo/dev/redist/fwidbmgr/include/Grid.h:1695) Grid angstrom configured.
2015-05-17 05:13:30,331 null [INFO] (/home/meteo/dev/redist/fwidbmgr/include/Grid.h:1595) Configuring grid: fmi
2015-05-17 05:13:30,331 null [INFO] (/home/meteo/dev/redist/fwidbmgr/include/Grid.h:1695) Grid fmi configured.
2015-05-17 05:13:30,332 null [INFO] (/home/meteo/dev/redist/fwidbmgr/include/Grid.h:1595) Configuring grid: sharples
2015-05-17 05:13:30,333 null [INFO] (/home/meteo/dev/redist/fwidbmgr/include/Grid.h:1695) Grid sharples configured.
2015-05-17 05:13:43,189 null [INFO] (/home/meteo/dev/redist/fwidbmgr/include/Grid.h:1595) Configuring grid: isi
2015-05-17 05:13:43,190 null [INFO] (/home/meteo/dev/redist/fwidbmgr/include/Grid.h:1695) Grid isi configured.
2015-05-17 05:13:43,286 null [INFO] (/home/meteo/dev/redist/fwidbmgr/include/Grid.h:1595) Configuring grid: fwi
2015-05-17 05:13:43,286 null [INFO] (/home/meteo/dev/redist/fwidbmgr/include/Grid.h:1695) Grid fwi configured.
2015-05-17 05:13:43,338 null [INFO] (/home/meteo/dev/redist/fwidbmgr/include/Grid.h:1595) Configuring grid: ffmc
2015-05-17 05:13:43,338 null [INFO] (/home/meteo/dev/redist/fwidbmgr/include/Grid.h:1695) Grid ffmc configured.
2015-05-17 05:13:43,428 null [INFO] (/home/meteo/dev/redist/fwidbmgr/include/Grid.h:1595) Configuring grid: dmc
2015-05-17 05:13:43,428 null [INFO] (/home/meteo/dev/redist/fwidbmgr/include/Grid.h:1695) Grid dmc configured.
2015-05-17 05:13:43,482 null [INFO] (/home/meteo/dev/redist/fwidbmgr/include/Grid.h:1595) Configuring grid: dc
2015-05-17 05:13:43,482 null [INFO] (/home/meteo/dev/redist/fwidbmgr/include/Grid.h:1695) Grid dc configured.
2015-05-17 05:13:43,527 null [INFO] (/home/meteo/dev/redist/fwidbmgr/include/Grid.h:1595) Configuring grid: bui
2015-05-17 05:13:43,528 null [INFO] (/home/meteo/dev/redist/fwidbmgr/include/Grid.h:1695) Grid bui configured.
2015-05-17 05:13:43,566 null [INFO] (/home/meteo/dev/redist/fwidbmgr/include/Grid.h:1595) Configuring grid: ffmc_tmp
2015-05-17 05:13:43,567 null [INFO] (/home/meteo/dev/redist/fwidbmgr/include/Grid.h:1695) Grid ffmc_tmp configured.
2015-05-17 05:13:43,614 null [INFO] (/home/meteo/dev/redist/fwidbmgr/include/Grid.h:1595) Configuring grid: dmc_tmp
2015-05-17 05:13:43,614 null [INFO] (/home/meteo/dev/redist/fwidbmgr/include/Grid.h:1695) Grid dmc_tmp configured.
2015-05-17 05:13:43,649 null [INFO] (/home/meteo/dev/redist/fwidbmgr/include/Grid.h:1595) Configuring grid: dc_tmp
2015-05-17 05:13:43,649 null [INFO] (/home/meteo/dev/redist/fwidbmgr/include/Grid.h:1695) Grid dc_tmp configured.
2015-05-17 05:13:43,694 null [INFO] (/home/meteo/dev/redist/fwidbmgr/include/Grid.h:1595) Configuring grid: angstrom
2015-05-17 05:13:43,694 null [INFO] (/home/meteo/dev/redist/fwidbmgr/include/Grid.h:1695) Grid angstrom configured.
2015-05-17 05:13:43,862 null [INFO] (/home/meteo/dev/redist/fwidbmgr/include/Grid.h:1595) Configuring grid: sharples
2015-05-17 05:13:43,863 null [INFO] (/home/meteo/dev/redist/fwidbmgr/include/Grid.h:1695) Grid sharples configured.
2015-05-17 05:13:43,902 null [INFO] (/home/meteo/dev/redist/fwidbmgr/include/Grid.h:1595) Configuring grid: fmi
2015-05-17 05:13:43,902 null [INFO] (/home/meteo/dev/redist/fwidbmgr/include/Grid.h:1695) Grid fmi configured.
2015-05-17 05:13:43,944 null [INFO] (../src/fwidbmgr.cpp:5418) OK --> 20150516 indexes exported to files.
2015-05-17 05:13:43,944 null [INFO] (../src/fwidbmgr.cpp:5496) action exportidx took about 13 seconds.
2015-05-17 05:13:43,944 null [INFO] (../src/fwidbmgr.cpp:5499) Disconnected from database.
