2017-08-22 05:07:02,094 null [INFO] (../src/fwidbmgr.cpp:5361) fwi db manager
2017-08-22 05:07:02,097 null [INFO] (../src/fwidbmgr.cpp:5365) Program home: /home/meteo/dev/redist/fwidbmgr
2017-08-22 05:07:02,097 null [INFO] (../src/fwidbmgr.cpp:5369) Auto convert: 1
2017-08-22 05:07:02,097 null [INFO] (../src/fwidbmgr.cpp:446) action: in.
2017-08-22 05:07:02,097 null [INFO] (../src/fwidbmgr.cpp:470) date: 20170821.
2017-08-22 05:07:02,097 null [INFO] (../src/fwidbmgr.cpp:322) Try to read: /home/meteo/dev/redist/fwidbmgr/config/fwidbmgr.conf.
2017-08-22 05:07:02,122 null [INFO] (../src/fwidbmgr.cpp:5393) Configuration parsing: OK.
2017-08-22 05:07:02,174 null [INFO] (../src/fwidbmgr.cpp:5478) Connected to database
2017-08-22 05:07:02,174 null [INFO] (../src/fwidbmgr.cpp:5480) Manage data for date: 20170821.
2017-08-22 05:07:02,174 null [INFO] (../src/fwidbmgr.cpp:5536) Importing meteo data in database for day: 20170821.
2017-08-22 05:07:02,183 null [INFO] (/home/meteo/dev/redist/fwidbmgr/include/Grid.h:1595) Configuring grid: snow
2017-08-22 05:07:02,183 null [INFO] (/home/meteo/dev/redist/fwidbmgr/include/Grid.h:1695) Grid snow configured.
2017-08-22 05:07:02,195 null [INFO] (/home/meteo/dev/redist/fwidbmgr/include/Grid.h:1595) Configuring grid: snow_covering
2017-08-22 05:07:02,195 null [INFO] (/home/meteo/dev/redist/fwidbmgr/include/Grid.h:1695) Grid snow_covering configured.
2017-08-22 05:07:02,208 null [INFO] (/home/meteo/dev/redist/fwidbmgr/include/Grid.h:1595) Configuring grid: snow_dissolution
2017-08-22 05:07:02,208 null [INFO] (/home/meteo/dev/redist/fwidbmgr/include/Grid.h:1695) Grid snow_dissolution configured.
2017-08-22 05:07:02,233 null [INFO] (/home/meteo/dev/redist/fwidbmgr/include/Grid.h:1595) Configuring grid: temperature
2017-08-22 05:07:02,233 null [INFO] (/home/meteo/dev/redist/fwidbmgr/include/Grid.h:1695) Grid temperature configured.
2017-08-22 05:07:02,238 null [INFO] (/home/meteo/dev/redist/fwidbmgr/include/Grid.h:1595) Configuring grid: humidity
2017-08-22 05:07:02,238 null [INFO] (/home/meteo/dev/redist/fwidbmgr/include/Grid.h:1695) Grid humidity configured.
2017-08-22 05:07:02,249 null [INFO] (/home/meteo/dev/redist/fwidbmgr/include/Grid.h:1595) Configuring grid: windspeed
2017-08-22 05:07:02,249 null [INFO] (/home/meteo/dev/redist/fwidbmgr/include/Grid.h:1695) Grid windspeed configured.
2017-08-22 05:07:02,271 null [INFO] (/home/meteo/dev/redist/fwidbmgr/include/Grid.h:1595) Configuring grid: rain
2017-08-22 05:07:02,271 null [INFO] (/home/meteo/dev/redist/fwidbmgr/include/Grid.h:1695) Grid rain configured.
2017-08-22 05:07:02,274 null [INFO] (/home/meteo/dev/redist/fwidbmgr/include/Grid.h:1595) Configuring grid: cum_rain
2017-08-22 05:07:02,274 null [INFO] (/home/meteo/dev/redist/fwidbmgr/include/Grid.h:1695) Grid cum_rain configured.
2017-08-22 05:07:12,223 null [INFO] (../src/fwidbmgr.cpp:1518) Storing meteo input ...
2017-08-22 05:07:39,957 null [INFO] (../src/fwidbmgr.cpp:5540) OK --> 20170821 data imported.
2017-08-22 05:07:39,980 null [INFO] (../src/fwidbmgr.cpp:5695) action in took about 37 seconds.
2017-08-22 05:07:40,042 null [INFO] (../src/fwidbmgr.cpp:5699) Disconnected from database.
2017-08-22 05:08:49,890 null [INFO] (../src/fwidbmgr.cpp:5361) fwi db manager
2017-08-22 05:08:49,890 null [INFO] (../src/fwidbmgr.cpp:5365) Program home: /home/meteo/dev/redist/fwidbmgr
2017-08-22 05:08:49,890 null [INFO] (../src/fwidbmgr.cpp:5369) Auto convert: 1
2017-08-22 05:08:49,890 null [INFO] (../src/fwidbmgr.cpp:446) action: out.
2017-08-22 05:08:49,891 null [INFO] (../src/fwidbmgr.cpp:470) date: 20170821.
2017-08-22 05:08:49,891 null [INFO] (../src/fwidbmgr.cpp:322) Try to read: /home/meteo/dev/redist/fwidbmgr/config/fwidbmgr.conf.
2017-08-22 05:08:49,911 null [INFO] (../src/fwidbmgr.cpp:5393) Configuration parsing: OK.
2017-08-22 05:08:49,923 null [INFO] (../src/fwidbmgr.cpp:5478) Connected to database
2017-08-22 05:08:49,923 null [INFO] (../src/fwidbmgr.cpp:5480) Manage data for date: 20170821.
2017-08-22 05:08:49,923 null [INFO] (../src/fwidbmgr.cpp:5551) Importing fwi indexes data in database for day: 20170821.
2017-08-22 05:08:49,934 null [INFO] (/home/meteo/dev/redist/fwidbmgr/include/Grid.h:1595) Configuring grid: isi
2017-08-22 05:08:49,934 null [INFO] (/home/meteo/dev/redist/fwidbmgr/include/Grid.h:1695) Grid isi configured.
2017-08-22 05:08:49,948 null [INFO] (/home/meteo/dev/redist/fwidbmgr/include/Grid.h:1595) Configuring grid: fwi
2017-08-22 05:08:49,948 null [INFO] (/home/meteo/dev/redist/fwidbmgr/include/Grid.h:1695) Grid fwi configured.
2017-08-22 05:08:49,962 null [INFO] (/home/meteo/dev/redist/fwidbmgr/include/Grid.h:1595) Configuring grid: ffmc
2017-08-22 05:08:49,962 null [INFO] (/home/meteo/dev/redist/fwidbmgr/include/Grid.h:1695) Grid ffmc configured.
2017-08-22 05:08:49,975 null [INFO] (/home/meteo/dev/redist/fwidbmgr/include/Grid.h:1595) Configuring grid: dmc
2017-08-22 05:08:49,975 null [INFO] (/home/meteo/dev/redist/fwidbmgr/include/Grid.h:1695) Grid dmc configured.
2017-08-22 05:08:49,989 null [INFO] (/home/meteo/dev/redist/fwidbmgr/include/Grid.h:1595) Configuring grid: dc
2017-08-22 05:08:49,989 null [INFO] (/home/meteo/dev/redist/fwidbmgr/include/Grid.h:1695) Grid dc configured.
2017-08-22 05:08:50,002 null [INFO] (/home/meteo/dev/redist/fwidbmgr/include/Grid.h:1595) Configuring grid: bui
2017-08-22 05:08:50,002 null [INFO] (/home/meteo/dev/redist/fwidbmgr/include/Grid.h:1695) Grid bui configured.
2017-08-22 05:08:50,016 null [INFO] (/home/meteo/dev/redist/fwidbmgr/include/Grid.h:1595) Configuring grid: ffmc_tmp
2017-08-22 05:08:50,016 null [INFO] (/home/meteo/dev/redist/fwidbmgr/include/Grid.h:1695) Grid ffmc_tmp configured.
2017-08-22 05:08:50,037 null [INFO] (/home/meteo/dev/redist/fwidbmgr/include/Grid.h:1595) Configuring grid: dmc_tmp
2017-08-22 05:08:50,037 null [INFO] (/home/meteo/dev/redist/fwidbmgr/include/Grid.h:1695) Grid dmc_tmp configured.
2017-08-22 05:08:50,057 null [INFO] (/home/meteo/dev/redist/fwidbmgr/include/Grid.h:1595) Configuring grid: dc_tmp
2017-08-22 05:08:50,057 null [INFO] (/home/meteo/dev/redist/fwidbmgr/include/Grid.h:1695) Grid dc_tmp configured.
2017-08-22 05:08:50,078 null [INFO] (/home/meteo/dev/redist/fwidbmgr/include/Grid.h:1595) Configuring grid: idi
2017-08-22 05:08:50,078 null [INFO] (/home/meteo/dev/redist/fwidbmgr/include/Grid.h:1695) Grid idi configured.
2017-08-22 05:08:57,209 null [INFO] (../src/fwidbmgr.cpp:2081) Storing FWI indexes ...
2017-08-22 05:09:17,117 null [INFO] (../src/fwidbmgr.cpp:5555) OK --> 20170821 data imported.
2017-08-22 05:09:17,117 null [INFO] (../src/fwidbmgr.cpp:5695) action out took about 28 seconds.
2017-08-22 05:09:17,118 null [INFO] (../src/fwidbmgr.cpp:5699) Disconnected from database.
2017-08-22 05:09:17,970 null [INFO] (../src/fwidbmgr.cpp:5361) fwi db manager
2017-08-22 05:09:17,971 null [INFO] (../src/fwidbmgr.cpp:5365) Program home: /home/meteo/dev/redist/fwidbmgr
2017-08-22 05:09:17,971 null [INFO] (../src/fwidbmgr.cpp:5369) Auto convert: 1
2017-08-22 05:09:17,971 null [INFO] (../src/fwidbmgr.cpp:446) action: computeidx.
2017-08-22 05:09:17,971 null [INFO] (../src/fwidbmgr.cpp:470) date: 20170821.
2017-08-22 05:09:17,971 null [INFO] (../src/fwidbmgr.cpp:322) Try to read: /home/meteo/dev/redist/fwidbmgr/config/fwidbmgr.conf.
2017-08-22 05:09:17,988 null [INFO] (../src/fwidbmgr.cpp:5393) Configuration parsing: OK.
2017-08-22 05:09:18,041 null [INFO] (../src/fwidbmgr.cpp:5478) Connected to database
2017-08-22 05:09:18,041 null [INFO] (../src/fwidbmgr.cpp:5480) Manage data for date: 20170821.
2017-08-22 05:09:18,041 null [INFO] (../src/fwidbmgr.cpp:5656) Computing indexes.
2017-08-22 05:09:18,042 null [INFO] (/home/meteo/dev/redist/fwidbmgr/include/Grid.h:1595) Configuring grid: isi
2017-08-22 05:09:18,042 null [INFO] (/home/meteo/dev/redist/fwidbmgr/include/Grid.h:1695) Grid isi configured.
2017-08-22 05:09:18,044 null [INFO] (/home/meteo/dev/redist/fwidbmgr/include/Grid.h:1595) Configuring grid: fwi
2017-08-22 05:09:18,044 null [INFO] (/home/meteo/dev/redist/fwidbmgr/include/Grid.h:1695) Grid fwi configured.
2017-08-22 05:09:18,045 null [INFO] (/home/meteo/dev/redist/fwidbmgr/include/Grid.h:1595) Configuring grid: ffmc
2017-08-22 05:09:18,045 null [INFO] (/home/meteo/dev/redist/fwidbmgr/include/Grid.h:1695) Grid ffmc configured.
2017-08-22 05:09:18,046 null [INFO] (/home/meteo/dev/redist/fwidbmgr/include/Grid.h:1595) Configuring grid: dmc
2017-08-22 05:09:18,046 null [INFO] (/home/meteo/dev/redist/fwidbmgr/include/Grid.h:1695) Grid dmc configured.
2017-08-22 05:09:18,048 null [INFO] (/home/meteo/dev/redist/fwidbmgr/include/Grid.h:1595) Configuring grid: dc
2017-08-22 05:09:18,048 null [INFO] (/home/meteo/dev/redist/fwidbmgr/include/Grid.h:1695) Grid dc configured.
2017-08-22 05:09:18,049 null [INFO] (/home/meteo/dev/redist/fwidbmgr/include/Grid.h:1595) Configuring grid: bui
2017-08-22 05:09:18,049 null [INFO] (/home/meteo/dev/redist/fwidbmgr/include/Grid.h:1695) Grid bui configured.
2017-08-22 05:09:18,050 null [INFO] (/home/meteo/dev/redist/fwidbmgr/include/Grid.h:1595) Configuring grid: ffmc_tmp
2017-08-22 05:09:18,050 null [INFO] (/home/meteo/dev/redist/fwidbmgr/include/Grid.h:1695) Grid ffmc_tmp configured.
2017-08-22 05:09:18,051 null [INFO] (/home/meteo/dev/redist/fwidbmgr/include/Grid.h:1595) Configuring grid: dmc_tmp
2017-08-22 05:09:18,051 null [INFO] (/home/meteo/dev/redist/fwidbmgr/include/Grid.h:1695) Grid dmc_tmp configured.
2017-08-22 05:09:18,053 null [INFO] (/home/meteo/dev/redist/fwidbmgr/include/Grid.h:1595) Configuring grid: dc_tmp
2017-08-22 05:09:18,053 null [INFO] (/home/meteo/dev/redist/fwidbmgr/include/Grid.h:1695) Grid dc_tmp configured.
2017-08-22 05:09:18,054 null [INFO] (/home/meteo/dev/redist/fwidbmgr/include/Grid.h:1595) Configuring grid: idi
2017-08-22 05:09:18,054 null [INFO] (/home/meteo/dev/redist/fwidbmgr/include/Grid.h:1695) Grid idi configured.
2017-08-22 05:09:18,055 null [INFO] (/home/meteo/dev/redist/fwidbmgr/include/Grid.h:1595) Configuring grid: angstrom
2017-08-22 05:09:18,055 null [INFO] (/home/meteo/dev/redist/fwidbmgr/include/Grid.h:1695) Grid angstrom configured.
2017-08-22 05:09:18,057 null [INFO] (/home/meteo/dev/redist/fwidbmgr/include/Grid.h:1595) Configuring grid: fmi
2017-08-22 05:09:18,057 null [INFO] (/home/meteo/dev/redist/fwidbmgr/include/Grid.h:1695) Grid fmi configured.
2017-08-22 05:09:18,058 null [INFO] (/home/meteo/dev/redist/fwidbmgr/include/Grid.h:1595) Configuring grid: sharples
2017-08-22 05:09:18,058 null [INFO] (/home/meteo/dev/redist/fwidbmgr/include/Grid.h:1695) Grid sharples configured.
2017-08-22 05:09:26,031 null [INFO] (/home/meteo/dev/redist/fwidbmgr/include/Grid.h:1595) Configuring grid: snow
2017-08-22 05:09:26,031 null [INFO] (/home/meteo/dev/redist/fwidbmgr/include/Grid.h:1695) Grid snow configured.
2017-08-22 05:09:26,031 null [INFO] (/home/meteo/dev/redist/fwidbmgr/include/Grid.h:1595) Configuring grid: snow_covering
2017-08-22 05:09:26,031 null [INFO] (/home/meteo/dev/redist/fwidbmgr/include/Grid.h:1695) Grid snow_covering configured.
2017-08-22 05:09:26,031 null [INFO] (/home/meteo/dev/redist/fwidbmgr/include/Grid.h:1595) Configuring grid: snow_dissolution
2017-08-22 05:09:26,032 null [INFO] (/home/meteo/dev/redist/fwidbmgr/include/Grid.h:1695) Grid snow_dissolution configured.
2017-08-22 05:09:26,032 null [INFO] (/home/meteo/dev/redist/fwidbmgr/include/Grid.h:1595) Configuring grid: temperature
2017-08-22 05:09:26,032 null [INFO] (/home/meteo/dev/redist/fwidbmgr/include/Grid.h:1695) Grid temperature configured.
2017-08-22 05:09:26,032 null [INFO] (/home/meteo/dev/redist/fwidbmgr/include/Grid.h:1595) Configuring grid: humidity
2017-08-22 05:09:26,032 null [INFO] (/home/meteo/dev/redist/fwidbmgr/include/Grid.h:1695) Grid humidity configured.
2017-08-22 05:09:26,032 null [INFO] (/home/meteo/dev/redist/fwidbmgr/include/Grid.h:1595) Configuring grid: windspeed
2017-08-22 05:09:26,032 null [INFO] (/home/meteo/dev/redist/fwidbmgr/include/Grid.h:1695) Grid windspeed configured.
2017-08-22 05:09:26,032 null [INFO] (/home/meteo/dev/redist/fwidbmgr/include/Grid.h:1595) Configuring grid: rain
2017-08-22 05:09:26,032 null [INFO] (/home/meteo/dev/redist/fwidbmgr/include/Grid.h:1695) Grid rain configured.
2017-08-22 05:09:26,032 null [INFO] (/home/meteo/dev/redist/fwidbmgr/include/Grid.h:1595) Configuring grid: cum_rain
2017-08-22 05:09:26,032 null [INFO] (/home/meteo/dev/redist/fwidbmgr/include/Grid.h:1695) Grid cum_rain configured.
2017-08-22 05:11:34,788 null [INFO] (../src/fwidbmgr.cpp:5660) OK --> 20170821 indexes computed.
2017-08-22 05:11:34,804 null [INFO] (../src/fwidbmgr.cpp:5695) action computeidx took about 136 seconds.
2017-08-22 05:11:34,804 null [INFO] (../src/fwidbmgr.cpp:5699) Disconnected from database.
2017-08-22 05:11:35,026 null [INFO] (../src/fwidbmgr.cpp:5361) fwi db manager
2017-08-22 05:11:35,027 null [INFO] (../src/fwidbmgr.cpp:5365) Program home: /home/meteo/dev/redist/fwidbmgr
2017-08-22 05:11:35,027 null [INFO] (../src/fwidbmgr.cpp:5369) Auto convert: 1
2017-08-22 05:11:35,027 null [INFO] (../src/fwidbmgr.cpp:446) action: exportidx.
2017-08-22 05:11:35,027 null [INFO] (../src/fwidbmgr.cpp:470) date: 20170821.
2017-08-22 05:11:35,027 null [INFO] (../src/fwidbmgr.cpp:322) Try to read: /home/meteo/dev/redist/fwidbmgr/config/fwidbmgr.conf.
2017-08-22 05:11:35,039 null [INFO] (../src/fwidbmgr.cpp:5393) Configuration parsing: OK.
2017-08-22 05:11:35,079 null [INFO] (../src/fwidbmgr.cpp:5478) Connected to database
2017-08-22 05:11:35,079 null [INFO] (../src/fwidbmgr.cpp:5480) Manage data for date: 20170821.
2017-08-22 05:11:35,079 null [INFO] (../src/fwidbmgr.cpp:5596) Exporting indexes.
2017-08-22 05:11:35,091 null [INFO] (/home/meteo/dev/redist/fwidbmgr/include/Grid.h:1595) Configuring grid: isi
2017-08-22 05:11:35,091 null [INFO] (/home/meteo/dev/redist/fwidbmgr/include/Grid.h:1695) Grid isi configured.
2017-08-22 05:11:35,092 null [INFO] (/home/meteo/dev/redist/fwidbmgr/include/Grid.h:1595) Configuring grid: fwi
2017-08-22 05:11:35,093 null [INFO] (/home/meteo/dev/redist/fwidbmgr/include/Grid.h:1695) Grid fwi configured.
2017-08-22 05:11:35,094 null [INFO] (/home/meteo/dev/redist/fwidbmgr/include/Grid.h:1595) Configuring grid: ffmc
2017-08-22 05:11:35,094 null [INFO] (/home/meteo/dev/redist/fwidbmgr/include/Grid.h:1695) Grid ffmc configured.
2017-08-22 05:11:35,095 null [INFO] (/home/meteo/dev/redist/fwidbmgr/include/Grid.h:1595) Configuring grid: dmc
2017-08-22 05:11:35,095 null [INFO] (/home/meteo/dev/redist/fwidbmgr/include/Grid.h:1695) Grid dmc configured.
2017-08-22 05:11:35,096 null [INFO] (/home/meteo/dev/redist/fwidbmgr/include/Grid.h:1595) Configuring grid: dc
2017-08-22 05:11:35,097 null [INFO] (/home/meteo/dev/redist/fwidbmgr/include/Grid.h:1695) Grid dc configured.
2017-08-22 05:11:35,098 null [INFO] (/home/meteo/dev/redist/fwidbmgr/include/Grid.h:1595) Configuring grid: bui
2017-08-22 05:11:35,098 null [INFO] (/home/meteo/dev/redist/fwidbmgr/include/Grid.h:1695) Grid bui configured.
2017-08-22 05:11:35,099 null [INFO] (/home/meteo/dev/redist/fwidbmgr/include/Grid.h:1595) Configuring grid: ffmc_tmp
2017-08-22 05:11:35,099 null [INFO] (/home/meteo/dev/redist/fwidbmgr/include/Grid.h:1695) Grid ffmc_tmp configured.
2017-08-22 05:11:35,100 null [INFO] (/home/meteo/dev/redist/fwidbmgr/include/Grid.h:1595) Configuring grid: dmc_tmp
2017-08-22 05:11:35,101 null [INFO] (/home/meteo/dev/redist/fwidbmgr/include/Grid.h:1695) Grid dmc_tmp configured.
2017-08-22 05:11:35,102 null [INFO] (/home/meteo/dev/redist/fwidbmgr/include/Grid.h:1595) Configuring grid: dc_tmp
2017-08-22 05:11:35,102 null [INFO] (/home/meteo/dev/redist/fwidbmgr/include/Grid.h:1695) Grid dc_tmp configured.
2017-08-22 05:11:35,103 null [INFO] (/home/meteo/dev/redist/fwidbmgr/include/Grid.h:1595) Configuring grid: idi
2017-08-22 05:11:35,103 null [INFO] (/home/meteo/dev/redist/fwidbmgr/include/Grid.h:1695) Grid idi configured.
2017-08-22 05:11:35,105 null [INFO] (/home/meteo/dev/redist/fwidbmgr/include/Grid.h:1595) Configuring grid: angstrom
2017-08-22 05:11:35,105 null [INFO] (/home/meteo/dev/redist/fwidbmgr/include/Grid.h:1695) Grid angstrom configured.
2017-08-22 05:11:35,106 null [INFO] (/home/meteo/dev/redist/fwidbmgr/include/Grid.h:1595) Configuring grid: fmi
2017-08-22 05:11:35,106 null [INFO] (/home/meteo/dev/redist/fwidbmgr/include/Grid.h:1695) Grid fmi configured.
2017-08-22 05:11:35,107 null [INFO] (/home/meteo/dev/redist/fwidbmgr/include/Grid.h:1595) Configuring grid: sharples
2017-08-22 05:11:35,107 null [INFO] (/home/meteo/dev/redist/fwidbmgr/include/Grid.h:1695) Grid sharples configured.
2017-08-22 05:11:42,420 null [INFO] (/home/meteo/dev/redist/fwidbmgr/include/Grid.h:1595) Configuring grid: isi
2017-08-22 05:11:42,421 null [INFO] (/home/meteo/dev/redist/fwidbmgr/include/Grid.h:1695) Grid isi configured.
2017-08-22 05:11:42,473 null [INFO] (/home/meteo/dev/redist/fwidbmgr/include/Grid.h:1595) Configuring grid: fwi
2017-08-22 05:11:42,473 null [INFO] (/home/meteo/dev/redist/fwidbmgr/include/Grid.h:1695) Grid fwi configured.
2017-08-22 05:11:42,510 null [INFO] (/home/meteo/dev/redist/fwidbmgr/include/Grid.h:1595) Configuring grid: ffmc
2017-08-22 05:11:42,510 null [INFO] (/home/meteo/dev/redist/fwidbmgr/include/Grid.h:1695) Grid ffmc configured.
2017-08-22 05:11:42,547 null [INFO] (/home/meteo/dev/redist/fwidbmgr/include/Grid.h:1595) Configuring grid: dmc
2017-08-22 05:11:42,547 null [INFO] (/home/meteo/dev/redist/fwidbmgr/include/Grid.h:1695) Grid dmc configured.
2017-08-22 05:11:42,584 null [INFO] (/home/meteo/dev/redist/fwidbmgr/include/Grid.h:1595) Configuring grid: dc
2017-08-22 05:11:42,584 null [INFO] (/home/meteo/dev/redist/fwidbmgr/include/Grid.h:1695) Grid dc configured.
2017-08-22 05:11:42,622 null [INFO] (/home/meteo/dev/redist/fwidbmgr/include/Grid.h:1595) Configuring grid: bui
2017-08-22 05:11:42,622 null [INFO] (/home/meteo/dev/redist/fwidbmgr/include/Grid.h:1695) Grid bui configured.
2017-08-22 05:11:42,660 null [INFO] (/home/meteo/dev/redist/fwidbmgr/include/Grid.h:1595) Configuring grid: ffmc_tmp
2017-08-22 05:11:42,660 null [INFO] (/home/meteo/dev/redist/fwidbmgr/include/Grid.h:1695) Grid ffmc_tmp configured.
2017-08-22 05:11:42,695 null [INFO] (/home/meteo/dev/redist/fwidbmgr/include/Grid.h:1595) Configuring grid: dmc_tmp
2017-08-22 05:11:42,695 null [INFO] (/home/meteo/dev/redist/fwidbmgr/include/Grid.h:1695) Grid dmc_tmp configured.
2017-08-22 05:11:42,730 null [INFO] (/home/meteo/dev/redist/fwidbmgr/include/Grid.h:1595) Configuring grid: dc_tmp
2017-08-22 05:11:42,730 null [INFO] (/home/meteo/dev/redist/fwidbmgr/include/Grid.h:1695) Grid dc_tmp configured.
2017-08-22 05:11:42,765 null [INFO] (/home/meteo/dev/redist/fwidbmgr/include/Grid.h:1595) Configuring grid: angstrom
2017-08-22 05:11:42,765 null [INFO] (/home/meteo/dev/redist/fwidbmgr/include/Grid.h:1695) Grid angstrom configured.
2017-08-22 05:11:42,835 null [INFO] (/home/meteo/dev/redist/fwidbmgr/include/Grid.h:1595) Configuring grid: sharples
2017-08-22 05:11:42,836 null [INFO] (/home/meteo/dev/redist/fwidbmgr/include/Grid.h:1695) Grid sharples configured.
2017-08-22 05:11:42,874 null [INFO] (/home/meteo/dev/redist/fwidbmgr/include/Grid.h:1595) Configuring grid: fmi
2017-08-22 05:11:42,874 null [INFO] (/home/meteo/dev/redist/fwidbmgr/include/Grid.h:1695) Grid fmi configured.
2017-08-22 05:11:42,922 null [INFO] (../src/fwidbmgr.cpp:5600) OK --> 20170821 indexes exported to files.
2017-08-22 05:11:42,922 null [INFO] (../src/fwidbmgr.cpp:5695) action exportidx took about 7 seconds.
2017-08-22 05:11:42,922 null [INFO] (../src/fwidbmgr.cpp:5699) Disconnected from database.
2017-08-22 05:12:11,021 null [INFO] (../src/fwidbmgr.cpp:5361) fwi db manager
2017-08-22 05:12:11,021 null [INFO] (../src/fwidbmgr.cpp:5365) Program home: /home/meteo/dev/redist/fwidbmgr
2017-08-22 05:12:11,021 null [INFO] (../src/fwidbmgr.cpp:5369) Auto convert: 1
2017-08-22 05:12:11,021 null [INFO] (../src/fwidbmgr.cpp:446) action: outimg.
2017-08-22 05:12:11,021 null [INFO] (../src/fwidbmgr.cpp:470) date: 20170821.
2017-08-22 05:12:11,021 null [INFO] (../src/fwidbmgr.cpp:322) Try to read: /home/meteo/dev/redist/fwidbmgr/config/fwidbmgr.conf.
2017-08-22 05:12:11,033 null [INFO] (../src/fwidbmgr.cpp:5393) Configuration parsing: OK.
2017-08-22 05:12:11,036 null [INFO] (../src/fwidbmgr.cpp:5478) Connected to database
2017-08-22 05:12:11,036 null [INFO] (../src/fwidbmgr.cpp:5480) Manage data for date: 20170821.
2017-08-22 05:12:11,036 null [INFO] (../src/fwidbmgr.cpp:5566) Importing fwi indexes images in database.
2017-08-22 05:12:11,167 null [INFO] (../src/fwidbmgr.cpp:5570) OK --> 20170821 images imported.
2017-08-22 05:12:11,167 null [INFO] (../src/fwidbmgr.cpp:5695) action outimg took about 0 seconds.
2017-08-22 05:12:11,167 null [INFO] (../src/fwidbmgr.cpp:5699) Disconnected from database.
2017-08-22 05:37:01,795 null [INFO] (../src/fwidbmgr.cpp:5361) fwi db manager
2017-08-22 05:37:01,795 null [INFO] (../src/fwidbmgr.cpp:5365) Program home: /home/meteo/dev/redist/fwidbmgr
2017-08-22 05:37:01,795 null [INFO] (../src/fwidbmgr.cpp:5369) Auto convert: 1
2017-08-22 05:37:01,795 null [INFO] (../src/fwidbmgr.cpp:446) action: outimg.
2017-08-22 05:37:01,795 null [INFO] (../src/fwidbmgr.cpp:470) date: 20170821.
2017-08-22 05:37:01,795 null [INFO] (../src/fwidbmgr.cpp:322) Try to read: /home/meteo/dev/redist/fwidbmgr/config/fwidbmgr.conf.
2017-08-22 05:37:01,798 null [INFO] (../src/fwidbmgr.cpp:5393) Configuration parsing: OK.
2017-08-22 05:37:01,806 null [INFO] (../src/fwidbmgr.cpp:5478) Connected to database
2017-08-22 05:37:01,806 null [INFO] (../src/fwidbmgr.cpp:5480) Manage data for date: 20170821.
2017-08-22 05:37:01,806 null [INFO] (../src/fwidbmgr.cpp:5566) Importing fwi indexes images in database.
2017-08-22 05:37:01,918 null [INFO] (../src/fwidbmgr.cpp:5570) OK --> 20170821 images imported.
2017-08-22 05:37:01,918 null [INFO] (../src/fwidbmgr.cpp:5695) action outimg took about 0 seconds.
2017-08-22 05:37:01,918 null [INFO] (../src/fwidbmgr.cpp:5699) Disconnected from database.
2017-08-22 06:05:01,071 null [INFO] (../src/fwidbmgr.cpp:5361) fwi db manager
2017-08-22 06:05:01,071 null [INFO] (../src/fwidbmgr.cpp:5365) Program home: /home/meteo/dev/redist/fwidbmgr
2017-08-22 06:05:01,071 null [INFO] (../src/fwidbmgr.cpp:5369) Auto convert: 1
2017-08-22 06:05:01,071 null [INFO] (../src/fwidbmgr.cpp:446) action: outimg.
2017-08-22 06:05:01,071 null [INFO] (../src/fwidbmgr.cpp:470) date: 20170821.
2017-08-22 06:05:01,071 null [INFO] (../src/fwidbmgr.cpp:322) Try to read: /home/meteo/dev/redist/fwidbmgr/config/fwidbmgr.conf.
2017-08-22 06:05:01,077 null [INFO] (../src/fwidbmgr.cpp:5393) Configuration parsing: OK.
2017-08-22 06:05:01,088 null [INFO] (../src/fwidbmgr.cpp:5478) Connected to database
2017-08-22 06:05:01,088 null [INFO] (../src/fwidbmgr.cpp:5480) Manage data for date: 20170821.
2017-08-22 06:05:01,088 null [INFO] (../src/fwidbmgr.cpp:5566) Importing fwi indexes images in database.
2017-08-22 06:05:01,211 null [INFO] (../src/fwidbmgr.cpp:5570) OK --> 20170821 images imported.
2017-08-22 06:05:01,211 null [INFO] (../src/fwidbmgr.cpp:5695) action outimg took about 0 seconds.
2017-08-22 06:05:01,211 null [INFO] (../src/fwidbmgr.cpp:5699) Disconnected from database.
2017-08-22 06:37:01,340 null [INFO] (../src/fwidbmgr.cpp:5361) fwi db manager
2017-08-22 06:37:01,340 null [INFO] (../src/fwidbmgr.cpp:5365) Program home: /home/meteo/dev/redist/fwidbmgr
2017-08-22 06:37:01,340 null [INFO] (../src/fwidbmgr.cpp:5369) Auto convert: 1
2017-08-22 06:37:01,340 null [INFO] (../src/fwidbmgr.cpp:446) action: outimg.
2017-08-22 06:37:01,340 null [INFO] (../src/fwidbmgr.cpp:470) date: 20170821.
2017-08-22 06:37:01,341 null [INFO] (../src/fwidbmgr.cpp:322) Try to read: /home/meteo/dev/redist/fwidbmgr/config/fwidbmgr.conf.
2017-08-22 06:37:01,342 null [INFO] (../src/fwidbmgr.cpp:5393) Configuration parsing: OK.
2017-08-22 06:37:01,350 null [INFO] (../src/fwidbmgr.cpp:5478) Connected to database
2017-08-22 06:37:01,350 null [INFO] (../src/fwidbmgr.cpp:5480) Manage data for date: 20170821.
2017-08-22 06:37:01,350 null [INFO] (../src/fwidbmgr.cpp:5566) Importing fwi indexes images in database.
2017-08-22 06:37:01,447 null [INFO] (../src/fwidbmgr.cpp:5570) OK --> 20170821 images imported.
2017-08-22 06:37:01,448 null [INFO] (../src/fwidbmgr.cpp:5695) action outimg took about 0 seconds.
2017-08-22 06:37:01,448 null [INFO] (../src/fwidbmgr.cpp:5699) Disconnected from database.
2017-08-22 07:05:01,078 null [INFO] (../src/fwidbmgr.cpp:5361) fwi db manager
2017-08-22 07:05:01,078 null [INFO] (../src/fwidbmgr.cpp:5365) Program home: /home/meteo/dev/redist/fwidbmgr
2017-08-22 07:05:01,078 null [INFO] (../src/fwidbmgr.cpp:5369) Auto convert: 1
2017-08-22 07:05:01,079 null [INFO] (../src/fwidbmgr.cpp:446) action: outimg.
2017-08-22 07:05:01,079 null [INFO] (../src/fwidbmgr.cpp:470) date: 20170821.
2017-08-22 07:05:01,079 null [INFO] (../src/fwidbmgr.cpp:322) Try to read: /home/meteo/dev/redist/fwidbmgr/config/fwidbmgr.conf.
2017-08-22 07:05:01,081 null [INFO] (../src/fwidbmgr.cpp:5393) Configuration parsing: OK.
2017-08-22 07:05:01,089 null [INFO] (../src/fwidbmgr.cpp:5478) Connected to database
2017-08-22 07:05:01,089 null [INFO] (../src/fwidbmgr.cpp:5480) Manage data for date: 20170821.
2017-08-22 07:05:01,089 null [INFO] (../src/fwidbmgr.cpp:5566) Importing fwi indexes images in database.
2017-08-22 07:05:01,164 null [INFO] (../src/fwidbmgr.cpp:5570) OK --> 20170821 images imported.
2017-08-22 07:05:01,164 null [INFO] (../src/fwidbmgr.cpp:5695) action outimg took about 0 seconds.
2017-08-22 07:05:01,165 null [INFO] (../src/fwidbmgr.cpp:5699) Disconnected from database.
2017-08-22 07:37:01,282 null [INFO] (../src/fwidbmgr.cpp:5361) fwi db manager
2017-08-22 07:37:01,282 null [INFO] (../src/fwidbmgr.cpp:5365) Program home: /home/meteo/dev/redist/fwidbmgr
2017-08-22 07:37:01,282 null [INFO] (../src/fwidbmgr.cpp:5369) Auto convert: 1
2017-08-22 07:37:01,282 null [INFO] (../src/fwidbmgr.cpp:446) action: outimg.
2017-08-22 07:37:01,282 null [INFO] (../src/fwidbmgr.cpp:470) date: 20170821.
2017-08-22 07:37:01,282 null [INFO] (../src/fwidbmgr.cpp:322) Try to read: /home/meteo/dev/redist/fwidbmgr/config/fwidbmgr.conf.
2017-08-22 07:37:01,284 null [INFO] (../src/fwidbmgr.cpp:5393) Configuration parsing: OK.
2017-08-22 07:37:01,291 null [INFO] (../src/fwidbmgr.cpp:5478) Connected to database
2017-08-22 07:37:01,291 null [INFO] (../src/fwidbmgr.cpp:5480) Manage data for date: 20170821.
2017-08-22 07:37:01,291 null [INFO] (../src/fwidbmgr.cpp:5566) Importing fwi indexes images in database.
2017-08-22 07:37:01,364 null [INFO] (../src/fwidbmgr.cpp:5570) OK --> 20170821 images imported.
2017-08-22 07:37:01,365 null [INFO] (../src/fwidbmgr.cpp:5695) action outimg took about 0 seconds.
2017-08-22 07:37:01,365 null [INFO] (../src/fwidbmgr.cpp:5699) Disconnected from database.
