2014-05-20 05:07:20,133 null [INFO] (../src/fwidbmgr.cpp:5207) fwi db manager
2014-05-20 05:07:20,140 null [INFO] (../src/fwidbmgr.cpp:5209) Program home: /home/meteo/dev/redist/fwidbmgr
2014-05-20 05:07:20,140 null [INFO] (../src/fwidbmgr.cpp:5211) Auto convert: 1
2014-05-20 05:07:20,140 null [INFO] (../src/fwidbmgr.cpp:458) action: in.
2014-05-20 05:07:20,141 null [INFO] (../src/fwidbmgr.cpp:482) date: 20140519.
2014-05-20 05:07:20,141 null [INFO] (../src/fwidbmgr.cpp:319) Try to read: /home/meteo/dev/redist/fwidbmgr/config/fwidbmgr.conf.
2014-05-20 05:07:20,164 null [INFO] (../src/fwidbmgr.cpp:5240) Configuration parsing: OK.
2014-05-20 05:07:20,191 null [INFO] (../src/fwidbmgr.cpp:5322) Connected to database
2014-05-20 05:07:20,191 null [INFO] (../src/fwidbmgr.cpp:5323) Manage data for date: 20140519.
2014-05-20 05:07:20,191 null [INFO] (../src/fwidbmgr.cpp:5367) Importing meteo data in database for day: 20140519.
2014-05-20 05:07:20,194 null [INFO] (/home/meteo/dev/redist/fwidbmgr/include/Grid.h:1595) Configuring grid: snow
2014-05-20 05:07:20,195 null [INFO] (/home/meteo/dev/redist/fwidbmgr/include/Grid.h:1695) Grid snow configured.
2014-05-20 05:07:20,219 null [INFO] (/home/meteo/dev/redist/fwidbmgr/include/Grid.h:1595) Configuring grid: snow_covering
2014-05-20 05:07:20,219 null [INFO] (/home/meteo/dev/redist/fwidbmgr/include/Grid.h:1695) Grid snow_covering configured.
2014-05-20 05:07:20,249 null [INFO] (/home/meteo/dev/redist/fwidbmgr/include/Grid.h:1595) Configuring grid: snow_dissolution
2014-05-20 05:07:20,249 null [INFO] (/home/meteo/dev/redist/fwidbmgr/include/Grid.h:1695) Grid snow_dissolution configured.
2014-05-20 05:07:20,300 null [INFO] (/home/meteo/dev/redist/fwidbmgr/include/Grid.h:1595) Configuring grid: temperature
2014-05-20 05:07:20,300 null [INFO] (/home/meteo/dev/redist/fwidbmgr/include/Grid.h:1695) Grid temperature configured.
2014-05-20 05:07:20,312 null [INFO] (/home/meteo/dev/redist/fwidbmgr/include/Grid.h:1595) Configuring grid: humidity
2014-05-20 05:07:20,312 null [INFO] (/home/meteo/dev/redist/fwidbmgr/include/Grid.h:1695) Grid humidity configured.
2014-05-20 05:07:20,334 null [INFO] (/home/meteo/dev/redist/fwidbmgr/include/Grid.h:1595) Configuring grid: windspeed
2014-05-20 05:07:20,335 null [INFO] (/home/meteo/dev/redist/fwidbmgr/include/Grid.h:1695) Grid windspeed configured.
2014-05-20 05:07:20,383 null [INFO] (/home/meteo/dev/redist/fwidbmgr/include/Grid.h:1595) Configuring grid: rain
2014-05-20 05:07:20,384 null [INFO] (/home/meteo/dev/redist/fwidbmgr/include/Grid.h:1695) Grid rain configured.
2014-05-20 05:07:20,390 null [INFO] (/home/meteo/dev/redist/fwidbmgr/include/Grid.h:1595) Configuring grid: cum_rain
2014-05-20 05:07:20,390 null [INFO] (/home/meteo/dev/redist/fwidbmgr/include/Grid.h:1695) Grid cum_rain configured.
2014-05-20 05:07:20,805 null [INFO] (../src/fwidbmgr.cpp:1502) Storing meteo input ...
2014-05-20 05:07:37,501 null [INFO] (../src/fwidbmgr.cpp:5370) OK --> 20140519 data imported.
2014-05-20 05:07:37,647 null [INFO] (../src/fwidbmgr.cpp:5496) action in took about 17 seconds.
2014-05-20 05:07:37,776 null [INFO] (../src/fwidbmgr.cpp:5499) Disconnected from database.
2014-05-20 05:09:45,892 null [INFO] (../src/fwidbmgr.cpp:5207) fwi db manager
2014-05-20 05:09:45,892 null [INFO] (../src/fwidbmgr.cpp:5209) Program home: /home/meteo/dev/redist/fwidbmgr
2014-05-20 05:09:45,893 null [INFO] (../src/fwidbmgr.cpp:5211) Auto convert: 1
2014-05-20 05:09:45,893 null [INFO] (../src/fwidbmgr.cpp:458) action: out.
2014-05-20 05:09:45,893 null [INFO] (../src/fwidbmgr.cpp:482) date: 20140519.
2014-05-20 05:09:45,893 null [INFO] (../src/fwidbmgr.cpp:319) Try to read: /home/meteo/dev/redist/fwidbmgr/config/fwidbmgr.conf.
2014-05-20 05:09:45,937 null [INFO] (../src/fwidbmgr.cpp:5240) Configuration parsing: OK.
2014-05-20 05:09:45,960 null [INFO] (../src/fwidbmgr.cpp:5322) Connected to database
2014-05-20 05:09:45,960 null [INFO] (../src/fwidbmgr.cpp:5323) Manage data for date: 20140519.
2014-05-20 05:09:45,960 null [INFO] (../src/fwidbmgr.cpp:5379) Importing fwi indexes data in database for day: 20140519.
2014-05-20 05:09:45,968 null [INFO] (/home/meteo/dev/redist/fwidbmgr/include/Grid.h:1595) Configuring grid: isi
2014-05-20 05:09:45,969 null [INFO] (/home/meteo/dev/redist/fwidbmgr/include/Grid.h:1695) Grid isi configured.
2014-05-20 05:09:45,982 null [INFO] (/home/meteo/dev/redist/fwidbmgr/include/Grid.h:1595) Configuring grid: fwi
2014-05-20 05:09:45,982 null [INFO] (/home/meteo/dev/redist/fwidbmgr/include/Grid.h:1695) Grid fwi configured.
2014-05-20 05:09:45,996 null [INFO] (/home/meteo/dev/redist/fwidbmgr/include/Grid.h:1595) Configuring grid: ffmc
2014-05-20 05:09:45,996 null [INFO] (/home/meteo/dev/redist/fwidbmgr/include/Grid.h:1695) Grid ffmc configured.
2014-05-20 05:09:46,014 null [INFO] (/home/meteo/dev/redist/fwidbmgr/include/Grid.h:1595) Configuring grid: dmc
2014-05-20 05:09:46,014 null [INFO] (/home/meteo/dev/redist/fwidbmgr/include/Grid.h:1695) Grid dmc configured.
2014-05-20 05:09:46,048 null [INFO] (/home/meteo/dev/redist/fwidbmgr/include/Grid.h:1595) Configuring grid: dc
2014-05-20 05:09:46,048 null [INFO] (/home/meteo/dev/redist/fwidbmgr/include/Grid.h:1695) Grid dc configured.
2014-05-20 05:09:46,078 null [INFO] (/home/meteo/dev/redist/fwidbmgr/include/Grid.h:1595) Configuring grid: bui
2014-05-20 05:09:46,078 null [INFO] (/home/meteo/dev/redist/fwidbmgr/include/Grid.h:1695) Grid bui configured.
2014-05-20 05:09:46,108 null [INFO] (/home/meteo/dev/redist/fwidbmgr/include/Grid.h:1595) Configuring grid: ffmc_tmp
2014-05-20 05:09:46,108 null [INFO] (/home/meteo/dev/redist/fwidbmgr/include/Grid.h:1695) Grid ffmc_tmp configured.
2014-05-20 05:09:46,151 null [INFO] (/home/meteo/dev/redist/fwidbmgr/include/Grid.h:1595) Configuring grid: dmc_tmp
2014-05-20 05:09:46,152 null [INFO] (/home/meteo/dev/redist/fwidbmgr/include/Grid.h:1695) Grid dmc_tmp configured.
2014-05-20 05:09:46,196 null [INFO] (/home/meteo/dev/redist/fwidbmgr/include/Grid.h:1595) Configuring grid: dc_tmp
2014-05-20 05:09:46,196 null [INFO] (/home/meteo/dev/redist/fwidbmgr/include/Grid.h:1695) Grid dc_tmp configured.
2014-05-20 05:09:46,240 null [INFO] (/home/meteo/dev/redist/fwidbmgr/include/Grid.h:1595) Configuring grid: idi
2014-05-20 05:09:46,240 null [INFO] (/home/meteo/dev/redist/fwidbmgr/include/Grid.h:1695) Grid idi configured.
2014-05-20 05:09:51,594 null [INFO] (../src/fwidbmgr.cpp:2045) Storing FWI indexes ...
2014-05-20 05:10:07,897 null [INFO] (../src/fwidbmgr.cpp:5382) OK --> 20140519 data imported.
2014-05-20 05:10:07,897 null [INFO] (../src/fwidbmgr.cpp:5496) action out took about 22 seconds.
2014-05-20 05:10:07,899 null [INFO] (../src/fwidbmgr.cpp:5499) Disconnected from database.
