2016-08-26 05:07:34,024 null [INFO] (../src/fwidbmgr.cpp:5207) fwi db manager
2016-08-26 05:07:34,025 null [INFO] (../src/fwidbmgr.cpp:5209) Program home: /home/meteo/dev/redist/fwidbmgr
2016-08-26 05:07:34,025 null [INFO] (../src/fwidbmgr.cpp:5211) Auto convert: 1
2016-08-26 05:07:34,025 null [INFO] (../src/fwidbmgr.cpp:458) action: in.
2016-08-26 05:07:34,025 null [INFO] (../src/fwidbmgr.cpp:482) date: 20160825.
2016-08-26 05:07:34,025 null [INFO] (../src/fwidbmgr.cpp:319) Try to read: /home/meteo/dev/redist/fwidbmgr/config/fwidbmgr.conf.
2016-08-26 05:07:34,257 null [INFO] (../src/fwidbmgr.cpp:5240) Configuration parsing: OK.
2016-08-26 05:07:37,731 null [INFO] (../src/fwidbmgr.cpp:5322) Connected to database
2016-08-26 05:07:40,084 null [INFO] (../src/fwidbmgr.cpp:5323) Manage data for date: 20160825.
2016-08-26 05:07:40,084 null [INFO] (../src/fwidbmgr.cpp:5367) Importing meteo data in database for day: 20160825.
2016-08-26 05:07:40,085 null [INFO] (/home/meteo/dev/redist/fwidbmgr/include/Grid.h:1595) Configuring grid: snow
2016-08-26 05:07:40,086 null [INFO] (/home/meteo/dev/redist/fwidbmgr/include/Grid.h:1695) Grid snow configured.
2016-08-26 05:07:40,097 null [INFO] (/home/meteo/dev/redist/fwidbmgr/include/Grid.h:1595) Configuring grid: snow_covering
2016-08-26 05:07:40,097 null [INFO] (/home/meteo/dev/redist/fwidbmgr/include/Grid.h:1695) Grid snow_covering configured.
2016-08-26 05:07:40,111 null [INFO] (/home/meteo/dev/redist/fwidbmgr/include/Grid.h:1595) Configuring grid: snow_dissolution
2016-08-26 05:07:40,111 null [INFO] (/home/meteo/dev/redist/fwidbmgr/include/Grid.h:1695) Grid snow_dissolution configured.
2016-08-26 05:07:40,136 null [INFO] (/home/meteo/dev/redist/fwidbmgr/include/Grid.h:1595) Configuring grid: temperature
2016-08-26 05:07:40,136 null [INFO] (/home/meteo/dev/redist/fwidbmgr/include/Grid.h:1695) Grid temperature configured.
2016-08-26 05:07:40,141 null [INFO] (/home/meteo/dev/redist/fwidbmgr/include/Grid.h:1595) Configuring grid: humidity
2016-08-26 05:07:40,141 null [INFO] (/home/meteo/dev/redist/fwidbmgr/include/Grid.h:1695) Grid humidity configured.
2016-08-26 05:07:40,151 null [INFO] (/home/meteo/dev/redist/fwidbmgr/include/Grid.h:1595) Configuring grid: windspeed
2016-08-26 05:07:40,151 null [INFO] (/home/meteo/dev/redist/fwidbmgr/include/Grid.h:1695) Grid windspeed configured.
2016-08-26 05:07:40,174 null [INFO] (/home/meteo/dev/redist/fwidbmgr/include/Grid.h:1595) Configuring grid: rain
2016-08-26 05:07:40,175 null [INFO] (/home/meteo/dev/redist/fwidbmgr/include/Grid.h:1695) Grid rain configured.
2016-08-26 05:07:40,178 null [INFO] (/home/meteo/dev/redist/fwidbmgr/include/Grid.h:1595) Configuring grid: cum_rain
2016-08-26 05:07:40,178 null [INFO] (/home/meteo/dev/redist/fwidbmgr/include/Grid.h:1695) Grid cum_rain configured.
2016-08-26 05:08:57,518 null [INFO] (../src/fwidbmgr.cpp:1502) Storing meteo input ...
2016-08-26 05:13:54,582 null [INFO] (../src/fwidbmgr.cpp:5370) OK --> 20160825 data imported.
2016-08-26 05:13:54,691 null [INFO] (../src/fwidbmgr.cpp:5496) action in took about 374 seconds.
2016-08-26 05:13:55,105 null [INFO] (../src/fwidbmgr.cpp:5499) Disconnected from database.
2016-08-26 05:15:45,744 null [INFO] (../src/fwidbmgr.cpp:5207) fwi db manager
2016-08-26 05:15:45,744 null [INFO] (../src/fwidbmgr.cpp:5209) Program home: /home/meteo/dev/redist/fwidbmgr
2016-08-26 05:15:45,744 null [INFO] (../src/fwidbmgr.cpp:5211) Auto convert: 1
2016-08-26 05:15:45,744 null [INFO] (../src/fwidbmgr.cpp:458) action: out.
2016-08-26 05:15:45,744 null [INFO] (../src/fwidbmgr.cpp:482) date: 20160825.
2016-08-26 05:15:45,744 null [INFO] (../src/fwidbmgr.cpp:319) Try to read: /home/meteo/dev/redist/fwidbmgr/config/fwidbmgr.conf.
2016-08-26 05:15:45,842 null [INFO] (../src/fwidbmgr.cpp:5240) Configuration parsing: OK.
2016-08-26 05:15:45,901 null [INFO] (../src/fwidbmgr.cpp:5322) Connected to database
2016-08-26 05:15:45,901 null [INFO] (../src/fwidbmgr.cpp:5323) Manage data for date: 20160825.
2016-08-26 05:15:45,901 null [INFO] (../src/fwidbmgr.cpp:5379) Importing fwi indexes data in database for day: 20160825.
2016-08-26 05:15:45,911 null [INFO] (/home/meteo/dev/redist/fwidbmgr/include/Grid.h:1595) Configuring grid: isi
2016-08-26 05:15:45,911 null [INFO] (/home/meteo/dev/redist/fwidbmgr/include/Grid.h:1695) Grid isi configured.
2016-08-26 05:15:45,924 null [INFO] (/home/meteo/dev/redist/fwidbmgr/include/Grid.h:1595) Configuring grid: fwi
2016-08-26 05:15:45,924 null [INFO] (/home/meteo/dev/redist/fwidbmgr/include/Grid.h:1695) Grid fwi configured.
2016-08-26 05:15:45,938 null [INFO] (/home/meteo/dev/redist/fwidbmgr/include/Grid.h:1595) Configuring grid: ffmc
2016-08-26 05:15:45,938 null [INFO] (/home/meteo/dev/redist/fwidbmgr/include/Grid.h:1695) Grid ffmc configured.
2016-08-26 05:15:45,952 null [INFO] (/home/meteo/dev/redist/fwidbmgr/include/Grid.h:1595) Configuring grid: dmc
2016-08-26 05:15:45,953 null [INFO] (/home/meteo/dev/redist/fwidbmgr/include/Grid.h:1695) Grid dmc configured.
2016-08-26 05:15:45,966 null [INFO] (/home/meteo/dev/redist/fwidbmgr/include/Grid.h:1595) Configuring grid: dc
2016-08-26 05:15:45,966 null [INFO] (/home/meteo/dev/redist/fwidbmgr/include/Grid.h:1695) Grid dc configured.
2016-08-26 05:15:45,980 null [INFO] (/home/meteo/dev/redist/fwidbmgr/include/Grid.h:1595) Configuring grid: bui
2016-08-26 05:15:45,981 null [INFO] (/home/meteo/dev/redist/fwidbmgr/include/Grid.h:1695) Grid bui configured.
2016-08-26 05:15:45,995 null [INFO] (/home/meteo/dev/redist/fwidbmgr/include/Grid.h:1595) Configuring grid: ffmc_tmp
2016-08-26 05:15:45,995 null [INFO] (/home/meteo/dev/redist/fwidbmgr/include/Grid.h:1695) Grid ffmc_tmp configured.
2016-08-26 05:15:46,141 null [INFO] (/home/meteo/dev/redist/fwidbmgr/include/Grid.h:1595) Configuring grid: dmc_tmp
2016-08-26 05:15:46,141 null [INFO] (/home/meteo/dev/redist/fwidbmgr/include/Grid.h:1695) Grid dmc_tmp configured.
2016-08-26 05:15:46,161 null [INFO] (/home/meteo/dev/redist/fwidbmgr/include/Grid.h:1595) Configuring grid: dc_tmp
2016-08-26 05:15:46,161 null [INFO] (/home/meteo/dev/redist/fwidbmgr/include/Grid.h:1695) Grid dc_tmp configured.
2016-08-26 05:15:46,193 null [INFO] (/home/meteo/dev/redist/fwidbmgr/include/Grid.h:1595) Configuring grid: idi
2016-08-26 05:15:46,193 null [INFO] (/home/meteo/dev/redist/fwidbmgr/include/Grid.h:1695) Grid idi configured.
2016-08-26 05:16:32,241 null [INFO] (../src/fwidbmgr.cpp:2045) Storing FWI indexes ...
2016-08-26 05:19:31,928 null [INFO] (../src/fwidbmgr.cpp:5382) OK --> 20160825 data imported.
2016-08-26 05:19:31,973 null [INFO] (../src/fwidbmgr.cpp:5496) action out took about 226 seconds.
2016-08-26 05:19:32,148 null [INFO] (../src/fwidbmgr.cpp:5499) Disconnected from database.
2016-08-26 05:19:33,080 null [INFO] (../src/fwidbmgr.cpp:5207) fwi db manager
2016-08-26 05:19:33,080 null [INFO] (../src/fwidbmgr.cpp:5209) Program home: /home/meteo/dev/redist/fwidbmgr
2016-08-26 05:19:33,080 null [INFO] (../src/fwidbmgr.cpp:5211) Auto convert: 1
2016-08-26 05:19:33,080 null [INFO] (../src/fwidbmgr.cpp:458) action: computeidx.
2016-08-26 05:19:33,080 null [INFO] (../src/fwidbmgr.cpp:482) date: 20160825.
2016-08-26 05:19:33,080 null [INFO] (../src/fwidbmgr.cpp:319) Try to read: /home/meteo/dev/redist/fwidbmgr/config/fwidbmgr.conf.
2016-08-26 05:19:33,120 null [INFO] (../src/fwidbmgr.cpp:5240) Configuration parsing: OK.
2016-08-26 05:19:33,383 null [INFO] (../src/fwidbmgr.cpp:5322) Connected to database
2016-08-26 05:19:33,383 null [INFO] (../src/fwidbmgr.cpp:5323) Manage data for date: 20160825.
2016-08-26 05:19:33,383 null [INFO] (../src/fwidbmgr.cpp:5463) Computing indexes.
2016-08-26 05:19:33,384 null [INFO] (/home/meteo/dev/redist/fwidbmgr/include/Grid.h:1595) Configuring grid: isi
2016-08-26 05:19:33,385 null [INFO] (/home/meteo/dev/redist/fwidbmgr/include/Grid.h:1695) Grid isi configured.
2016-08-26 05:19:33,386 null [INFO] (/home/meteo/dev/redist/fwidbmgr/include/Grid.h:1595) Configuring grid: fwi
2016-08-26 05:19:33,386 null [INFO] (/home/meteo/dev/redist/fwidbmgr/include/Grid.h:1695) Grid fwi configured.
2016-08-26 05:19:33,387 null [INFO] (/home/meteo/dev/redist/fwidbmgr/include/Grid.h:1595) Configuring grid: ffmc
2016-08-26 05:19:33,393 null [INFO] (/home/meteo/dev/redist/fwidbmgr/include/Grid.h:1695) Grid ffmc configured.
2016-08-26 05:19:33,394 null [INFO] (/home/meteo/dev/redist/fwidbmgr/include/Grid.h:1595) Configuring grid: dmc
2016-08-26 05:19:33,395 null [INFO] (/home/meteo/dev/redist/fwidbmgr/include/Grid.h:1695) Grid dmc configured.
2016-08-26 05:19:33,396 null [INFO] (/home/meteo/dev/redist/fwidbmgr/include/Grid.h:1595) Configuring grid: dc
2016-08-26 05:19:33,396 null [INFO] (/home/meteo/dev/redist/fwidbmgr/include/Grid.h:1695) Grid dc configured.
2016-08-26 05:19:33,397 null [INFO] (/home/meteo/dev/redist/fwidbmgr/include/Grid.h:1595) Configuring grid: bui
2016-08-26 05:19:33,398 null [INFO] (/home/meteo/dev/redist/fwidbmgr/include/Grid.h:1695) Grid bui configured.
2016-08-26 05:19:33,399 null [INFO] (/home/meteo/dev/redist/fwidbmgr/include/Grid.h:1595) Configuring grid: ffmc_tmp
2016-08-26 05:19:33,399 null [INFO] (/home/meteo/dev/redist/fwidbmgr/include/Grid.h:1695) Grid ffmc_tmp configured.
2016-08-26 05:19:33,400 null [INFO] (/home/meteo/dev/redist/fwidbmgr/include/Grid.h:1595) Configuring grid: dmc_tmp
2016-08-26 05:19:33,401 null [INFO] (/home/meteo/dev/redist/fwidbmgr/include/Grid.h:1695) Grid dmc_tmp configured.
2016-08-26 05:19:33,402 null [INFO] (/home/meteo/dev/redist/fwidbmgr/include/Grid.h:1595) Configuring grid: dc_tmp
2016-08-26 05:19:33,402 null [INFO] (/home/meteo/dev/redist/fwidbmgr/include/Grid.h:1695) Grid dc_tmp configured.
2016-08-26 05:19:33,403 null [INFO] (/home/meteo/dev/redist/fwidbmgr/include/Grid.h:1595) Configuring grid: idi
2016-08-26 05:19:33,403 null [INFO] (/home/meteo/dev/redist/fwidbmgr/include/Grid.h:1695) Grid idi configured.
2016-08-26 05:19:33,405 null [INFO] (/home/meteo/dev/redist/fwidbmgr/include/Grid.h:1595) Configuring grid: angstrom
2016-08-26 05:19:33,405 null [INFO] (/home/meteo/dev/redist/fwidbmgr/include/Grid.h:1695) Grid angstrom configured.
2016-08-26 05:19:33,406 null [INFO] (/home/meteo/dev/redist/fwidbmgr/include/Grid.h:1595) Configuring grid: fmi
2016-08-26 05:19:33,406 null [INFO] (/home/meteo/dev/redist/fwidbmgr/include/Grid.h:1695) Grid fmi configured.
2016-08-26 05:19:33,408 null [INFO] (/home/meteo/dev/redist/fwidbmgr/include/Grid.h:1595) Configuring grid: sharples
2016-08-26 05:19:33,408 null [INFO] (/home/meteo/dev/redist/fwidbmgr/include/Grid.h:1695) Grid sharples configured.
2016-08-26 05:20:13,789 null [INFO] (/home/meteo/dev/redist/fwidbmgr/include/Grid.h:1595) Configuring grid: snow
2016-08-26 05:20:13,864 null [INFO] (/home/meteo/dev/redist/fwidbmgr/include/Grid.h:1695) Grid snow configured.
2016-08-26 05:20:13,865 null [INFO] (/home/meteo/dev/redist/fwidbmgr/include/Grid.h:1595) Configuring grid: snow_covering
2016-08-26 05:20:13,865 null [INFO] (/home/meteo/dev/redist/fwidbmgr/include/Grid.h:1695) Grid snow_covering configured.
2016-08-26 05:20:13,865 null [INFO] (/home/meteo/dev/redist/fwidbmgr/include/Grid.h:1595) Configuring grid: snow_dissolution
2016-08-26 05:20:13,865 null [INFO] (/home/meteo/dev/redist/fwidbmgr/include/Grid.h:1695) Grid snow_dissolution configured.
2016-08-26 05:20:13,865 null [INFO] (/home/meteo/dev/redist/fwidbmgr/include/Grid.h:1595) Configuring grid: temperature
2016-08-26 05:20:13,865 null [INFO] (/home/meteo/dev/redist/fwidbmgr/include/Grid.h:1695) Grid temperature configured.
2016-08-26 05:20:13,865 null [INFO] (/home/meteo/dev/redist/fwidbmgr/include/Grid.h:1595) Configuring grid: humidity
2016-08-26 05:20:13,866 null [INFO] (/home/meteo/dev/redist/fwidbmgr/include/Grid.h:1695) Grid humidity configured.
2016-08-26 05:20:13,866 null [INFO] (/home/meteo/dev/redist/fwidbmgr/include/Grid.h:1595) Configuring grid: windspeed
2016-08-26 05:20:13,866 null [INFO] (/home/meteo/dev/redist/fwidbmgr/include/Grid.h:1695) Grid windspeed configured.
2016-08-26 05:20:13,866 null [INFO] (/home/meteo/dev/redist/fwidbmgr/include/Grid.h:1595) Configuring grid: rain
2016-08-26 05:20:13,866 null [INFO] (/home/meteo/dev/redist/fwidbmgr/include/Grid.h:1695) Grid rain configured.
2016-08-26 05:20:13,866 null [INFO] (/home/meteo/dev/redist/fwidbmgr/include/Grid.h:1595) Configuring grid: cum_rain
2016-08-26 05:20:13,868 null [INFO] (/home/meteo/dev/redist/fwidbmgr/include/Grid.h:1695) Grid cum_rain configured.
2016-08-26 05:23:50,182 null [INFO] (../src/fwidbmgr.cpp:5466) OK --> 20160825 indexes computed.
2016-08-26 05:23:50,196 null [INFO] (../src/fwidbmgr.cpp:5496) action computeidx took about 257 seconds.
2016-08-26 05:23:50,196 null [INFO] (../src/fwidbmgr.cpp:5499) Disconnected from database.
2016-08-26 05:23:51,183 null [INFO] (../src/fwidbmgr.cpp:5207) fwi db manager
2016-08-26 05:23:51,194 null [INFO] (../src/fwidbmgr.cpp:5209) Program home: /home/meteo/dev/redist/fwidbmgr
2016-08-26 05:23:51,194 null [INFO] (../src/fwidbmgr.cpp:5211) Auto convert: 1
2016-08-26 05:23:51,194 null [INFO] (../src/fwidbmgr.cpp:458) action: exportidx.
2016-08-26 05:23:51,194 null [INFO] (../src/fwidbmgr.cpp:482) date: 20160825.
2016-08-26 05:23:51,194 null [INFO] (../src/fwidbmgr.cpp:319) Try to read: /home/meteo/dev/redist/fwidbmgr/config/fwidbmgr.conf.
2016-08-26 05:23:51,220 null [INFO] (../src/fwidbmgr.cpp:5240) Configuration parsing: OK.
2016-08-26 05:23:51,227 null [INFO] (../src/fwidbmgr.cpp:5322) Connected to database
2016-08-26 05:23:51,228 null [INFO] (../src/fwidbmgr.cpp:5323) Manage data for date: 20160825.
2016-08-26 05:23:51,228 null [INFO] (../src/fwidbmgr.cpp:5415) Exporting indexes.
2016-08-26 05:23:51,229 null [INFO] (/home/meteo/dev/redist/fwidbmgr/include/Grid.h:1595) Configuring grid: isi
2016-08-26 05:23:51,229 null [INFO] (/home/meteo/dev/redist/fwidbmgr/include/Grid.h:1695) Grid isi configured.
2016-08-26 05:23:51,231 null [INFO] (/home/meteo/dev/redist/fwidbmgr/include/Grid.h:1595) Configuring grid: fwi
2016-08-26 05:23:51,231 null [INFO] (/home/meteo/dev/redist/fwidbmgr/include/Grid.h:1695) Grid fwi configured.
2016-08-26 05:23:51,232 null [INFO] (/home/meteo/dev/redist/fwidbmgr/include/Grid.h:1595) Configuring grid: ffmc
2016-08-26 05:23:51,232 null [INFO] (/home/meteo/dev/redist/fwidbmgr/include/Grid.h:1695) Grid ffmc configured.
2016-08-26 05:23:51,234 null [INFO] (/home/meteo/dev/redist/fwidbmgr/include/Grid.h:1595) Configuring grid: dmc
2016-08-26 05:23:51,234 null [INFO] (/home/meteo/dev/redist/fwidbmgr/include/Grid.h:1695) Grid dmc configured.
2016-08-26 05:23:51,235 null [INFO] (/home/meteo/dev/redist/fwidbmgr/include/Grid.h:1595) Configuring grid: dc
2016-08-26 05:23:51,235 null [INFO] (/home/meteo/dev/redist/fwidbmgr/include/Grid.h:1695) Grid dc configured.
2016-08-26 05:23:51,237 null [INFO] (/home/meteo/dev/redist/fwidbmgr/include/Grid.h:1595) Configuring grid: bui
2016-08-26 05:23:51,237 null [INFO] (/home/meteo/dev/redist/fwidbmgr/include/Grid.h:1695) Grid bui configured.
2016-08-26 05:23:51,238 null [INFO] (/home/meteo/dev/redist/fwidbmgr/include/Grid.h:1595) Configuring grid: ffmc_tmp
2016-08-26 05:23:51,238 null [INFO] (/home/meteo/dev/redist/fwidbmgr/include/Grid.h:1695) Grid ffmc_tmp configured.
2016-08-26 05:23:51,240 null [INFO] (/home/meteo/dev/redist/fwidbmgr/include/Grid.h:1595) Configuring grid: dmc_tmp
2016-08-26 05:23:51,240 null [INFO] (/home/meteo/dev/redist/fwidbmgr/include/Grid.h:1695) Grid dmc_tmp configured.
2016-08-26 05:23:51,242 null [INFO] (/home/meteo/dev/redist/fwidbmgr/include/Grid.h:1595) Configuring grid: dc_tmp
2016-08-26 05:23:51,242 null [INFO] (/home/meteo/dev/redist/fwidbmgr/include/Grid.h:1695) Grid dc_tmp configured.
2016-08-26 05:23:51,244 null [INFO] (/home/meteo/dev/redist/fwidbmgr/include/Grid.h:1595) Configuring grid: idi
2016-08-26 05:23:51,244 null [INFO] (/home/meteo/dev/redist/fwidbmgr/include/Grid.h:1695) Grid idi configured.
2016-08-26 05:23:51,245 null [INFO] (/home/meteo/dev/redist/fwidbmgr/include/Grid.h:1595) Configuring grid: angstrom
2016-08-26 05:23:51,245 null [INFO] (/home/meteo/dev/redist/fwidbmgr/include/Grid.h:1695) Grid angstrom configured.
2016-08-26 05:23:51,247 null [INFO] (/home/meteo/dev/redist/fwidbmgr/include/Grid.h:1595) Configuring grid: fmi
2016-08-26 05:23:51,247 null [INFO] (/home/meteo/dev/redist/fwidbmgr/include/Grid.h:1695) Grid fmi configured.
2016-08-26 05:23:51,250 null [INFO] (/home/meteo/dev/redist/fwidbmgr/include/Grid.h:1595) Configuring grid: sharples
2016-08-26 05:23:51,250 null [INFO] (/home/meteo/dev/redist/fwidbmgr/include/Grid.h:1695) Grid sharples configured.
2016-08-26 05:24:45,825 null [INFO] (/home/meteo/dev/redist/fwidbmgr/include/Grid.h:1595) Configuring grid: isi
2016-08-26 05:24:45,927 null [INFO] (/home/meteo/dev/redist/fwidbmgr/include/Grid.h:1695) Grid isi configured.
2016-08-26 05:24:46,013 null [INFO] (/home/meteo/dev/redist/fwidbmgr/include/Grid.h:1595) Configuring grid: fwi
2016-08-26 05:24:46,013 null [INFO] (/home/meteo/dev/redist/fwidbmgr/include/Grid.h:1695) Grid fwi configured.
2016-08-26 05:24:46,081 null [INFO] (/home/meteo/dev/redist/fwidbmgr/include/Grid.h:1595) Configuring grid: ffmc
2016-08-26 05:24:46,081 null [INFO] (/home/meteo/dev/redist/fwidbmgr/include/Grid.h:1695) Grid ffmc configured.
2016-08-26 05:24:46,127 null [INFO] (/home/meteo/dev/redist/fwidbmgr/include/Grid.h:1595) Configuring grid: dmc
2016-08-26 05:24:46,127 null [INFO] (/home/meteo/dev/redist/fwidbmgr/include/Grid.h:1695) Grid dmc configured.
2016-08-26 05:24:46,200 null [INFO] (/home/meteo/dev/redist/fwidbmgr/include/Grid.h:1595) Configuring grid: dc
2016-08-26 05:24:46,200 null [INFO] (/home/meteo/dev/redist/fwidbmgr/include/Grid.h:1695) Grid dc configured.
2016-08-26 05:24:46,288 null [INFO] (/home/meteo/dev/redist/fwidbmgr/include/Grid.h:1595) Configuring grid: bui
2016-08-26 05:24:46,288 null [INFO] (/home/meteo/dev/redist/fwidbmgr/include/Grid.h:1695) Grid bui configured.
2016-08-26 05:24:46,331 null [INFO] (/home/meteo/dev/redist/fwidbmgr/include/Grid.h:1595) Configuring grid: ffmc_tmp
2016-08-26 05:24:46,331 null [INFO] (/home/meteo/dev/redist/fwidbmgr/include/Grid.h:1695) Grid ffmc_tmp configured.
2016-08-26 05:24:46,372 null [INFO] (/home/meteo/dev/redist/fwidbmgr/include/Grid.h:1595) Configuring grid: dmc_tmp
2016-08-26 05:24:46,372 null [INFO] (/home/meteo/dev/redist/fwidbmgr/include/Grid.h:1695) Grid dmc_tmp configured.
2016-08-26 05:24:46,427 null [INFO] (/home/meteo/dev/redist/fwidbmgr/include/Grid.h:1595) Configuring grid: dc_tmp
2016-08-26 05:24:46,427 null [INFO] (/home/meteo/dev/redist/fwidbmgr/include/Grid.h:1695) Grid dc_tmp configured.
2016-08-26 05:24:46,495 null [INFO] (/home/meteo/dev/redist/fwidbmgr/include/Grid.h:1595) Configuring grid: angstrom
2016-08-26 05:24:46,495 null [INFO] (/home/meteo/dev/redist/fwidbmgr/include/Grid.h:1695) Grid angstrom configured.
2016-08-26 05:24:47,514 null [INFO] (/home/meteo/dev/redist/fwidbmgr/include/Grid.h:1595) Configuring grid: sharples
2016-08-26 05:24:47,514 null [INFO] (/home/meteo/dev/redist/fwidbmgr/include/Grid.h:1695) Grid sharples configured.
2016-08-26 05:24:47,601 null [INFO] (/home/meteo/dev/redist/fwidbmgr/include/Grid.h:1595) Configuring grid: fmi
2016-08-26 05:24:47,601 null [INFO] (/home/meteo/dev/redist/fwidbmgr/include/Grid.h:1695) Grid fmi configured.
2016-08-26 05:24:47,687 null [INFO] (../src/fwidbmgr.cpp:5418) OK --> 20160825 indexes exported to files.
2016-08-26 05:24:47,687 null [INFO] (../src/fwidbmgr.cpp:5496) action exportidx took about 56 seconds.
2016-08-26 05:24:47,687 null [INFO] (../src/fwidbmgr.cpp:5499) Disconnected from database.
2016-08-26 05:25:40,411 null [INFO] (../src/fwidbmgr.cpp:5207) fwi db manager
2016-08-26 05:25:40,411 null [INFO] (../src/fwidbmgr.cpp:5209) Program home: /home/meteo/dev/redist/fwidbmgr
2016-08-26 05:25:40,411 null [INFO] (../src/fwidbmgr.cpp:5211) Auto convert: 1
2016-08-26 05:25:40,411 null [INFO] (../src/fwidbmgr.cpp:458) action: outimg.
2016-08-26 05:25:40,411 null [INFO] (../src/fwidbmgr.cpp:482) date: 20160825.
2016-08-26 05:25:40,411 null [INFO] (../src/fwidbmgr.cpp:319) Try to read: /home/meteo/dev/redist/fwidbmgr/config/fwidbmgr.conf.
2016-08-26 05:25:40,429 null [INFO] (../src/fwidbmgr.cpp:5240) Configuration parsing: OK.
2016-08-26 05:25:40,457 null [INFO] (../src/fwidbmgr.cpp:5322) Connected to database
2016-08-26 05:25:40,457 null [INFO] (../src/fwidbmgr.cpp:5323) Manage data for date: 20160825.
2016-08-26 05:25:40,458 null [INFO] (../src/fwidbmgr.cpp:5391) Importing fwi indexes images in database.
2016-08-26 05:25:41,080 null [INFO] (../src/fwidbmgr.cpp:5394) OK --> 20160825 images imported.
2016-08-26 05:25:41,080 null [INFO] (../src/fwidbmgr.cpp:5496) action outimg took about 1 seconds.
2016-08-26 05:25:41,080 null [INFO] (../src/fwidbmgr.cpp:5499) Disconnected from database.
2016-08-26 05:37:01,972 null [INFO] (../src/fwidbmgr.cpp:5207) fwi db manager
2016-08-26 05:37:01,972 null [INFO] (../src/fwidbmgr.cpp:5209) Program home: /home/meteo/dev/redist/fwidbmgr
2016-08-26 05:37:01,972 null [INFO] (../src/fwidbmgr.cpp:5211) Auto convert: 1
2016-08-26 05:37:01,972 null [INFO] (../src/fwidbmgr.cpp:458) action: outimg.
2016-08-26 05:37:01,972 null [INFO] (../src/fwidbmgr.cpp:482) date: 20160825.
2016-08-26 05:37:01,972 null [INFO] (../src/fwidbmgr.cpp:319) Try to read: /home/meteo/dev/redist/fwidbmgr/config/fwidbmgr.conf.
2016-08-26 05:37:02,017 null [INFO] (../src/fwidbmgr.cpp:5240) Configuration parsing: OK.
2016-08-26 05:37:02,021 null [INFO] (../src/fwidbmgr.cpp:5322) Connected to database
2016-08-26 05:37:02,021 null [INFO] (../src/fwidbmgr.cpp:5323) Manage data for date: 20160825.
2016-08-26 05:37:02,021 null [INFO] (../src/fwidbmgr.cpp:5391) Importing fwi indexes images in database.
2016-08-26 05:37:02,135 null [INFO] (../src/fwidbmgr.cpp:5394) OK --> 20160825 images imported.
2016-08-26 05:37:02,135 null [INFO] (../src/fwidbmgr.cpp:5496) action outimg took about 0 seconds.
2016-08-26 05:37:02,135 null [INFO] (../src/fwidbmgr.cpp:5499) Disconnected from database.
2016-08-26 06:05:02,716 null [INFO] (../src/fwidbmgr.cpp:5207) fwi db manager
2016-08-26 06:05:02,717 null [INFO] (../src/fwidbmgr.cpp:5209) Program home: /home/meteo/dev/redist/fwidbmgr
2016-08-26 06:05:02,717 null [INFO] (../src/fwidbmgr.cpp:5211) Auto convert: 1
2016-08-26 06:05:02,717 null [INFO] (../src/fwidbmgr.cpp:458) action: outimg.
2016-08-26 06:05:02,717 null [INFO] (../src/fwidbmgr.cpp:482) date: 20160825.
2016-08-26 06:05:02,717 null [INFO] (../src/fwidbmgr.cpp:319) Try to read: /home/meteo/dev/redist/fwidbmgr/config/fwidbmgr.conf.
2016-08-26 06:05:02,719 null [INFO] (../src/fwidbmgr.cpp:5240) Configuration parsing: OK.
2016-08-26 06:05:02,724 null [INFO] (../src/fwidbmgr.cpp:5322) Connected to database
2016-08-26 06:05:02,724 null [INFO] (../src/fwidbmgr.cpp:5323) Manage data for date: 20160825.
2016-08-26 06:05:02,724 null [INFO] (../src/fwidbmgr.cpp:5391) Importing fwi indexes images in database.
2016-08-26 06:05:02,798 null [INFO] (../src/fwidbmgr.cpp:5394) OK --> 20160825 images imported.
2016-08-26 06:05:02,798 null [INFO] (../src/fwidbmgr.cpp:5496) action outimg took about 0 seconds.
2016-08-26 06:05:02,798 null [INFO] (../src/fwidbmgr.cpp:5499) Disconnected from database.
2016-08-26 06:37:01,886 null [INFO] (../src/fwidbmgr.cpp:5207) fwi db manager
2016-08-26 06:37:01,886 null [INFO] (../src/fwidbmgr.cpp:5209) Program home: /home/meteo/dev/redist/fwidbmgr
2016-08-26 06:37:01,886 null [INFO] (../src/fwidbmgr.cpp:5211) Auto convert: 1
2016-08-26 06:37:01,886 null [INFO] (../src/fwidbmgr.cpp:458) action: outimg.
2016-08-26 06:37:01,886 null [INFO] (../src/fwidbmgr.cpp:482) date: 20160825.
2016-08-26 06:37:01,886 null [INFO] (../src/fwidbmgr.cpp:319) Try to read: /home/meteo/dev/redist/fwidbmgr/config/fwidbmgr.conf.
2016-08-26 06:37:01,888 null [INFO] (../src/fwidbmgr.cpp:5240) Configuration parsing: OK.
2016-08-26 06:37:01,893 null [INFO] (../src/fwidbmgr.cpp:5322) Connected to database
2016-08-26 06:37:01,893 null [INFO] (../src/fwidbmgr.cpp:5323) Manage data for date: 20160825.
2016-08-26 06:37:01,893 null [INFO] (../src/fwidbmgr.cpp:5391) Importing fwi indexes images in database.
2016-08-26 06:37:01,956 null [INFO] (../src/fwidbmgr.cpp:5394) OK --> 20160825 images imported.
2016-08-26 06:37:01,956 null [INFO] (../src/fwidbmgr.cpp:5496) action outimg took about 0 seconds.
2016-08-26 06:37:01,957 null [INFO] (../src/fwidbmgr.cpp:5499) Disconnected from database.
2016-08-26 07:05:02,409 null [INFO] (../src/fwidbmgr.cpp:5207) fwi db manager
2016-08-26 07:05:02,426 null [INFO] (../src/fwidbmgr.cpp:5209) Program home: /home/meteo/dev/redist/fwidbmgr
2016-08-26 07:05:02,428 null [INFO] (../src/fwidbmgr.cpp:5211) Auto convert: 1
2016-08-26 07:05:02,445 null [INFO] (../src/fwidbmgr.cpp:458) action: outimg.
2016-08-26 07:05:02,445 null [INFO] (../src/fwidbmgr.cpp:482) date: 20160825.
2016-08-26 07:05:02,445 null [INFO] (../src/fwidbmgr.cpp:319) Try to read: /home/meteo/dev/redist/fwidbmgr/config/fwidbmgr.conf.
2016-08-26 07:05:02,463 null [INFO] (../src/fwidbmgr.cpp:5240) Configuration parsing: OK.
2016-08-26 07:05:02,504 null [INFO] (../src/fwidbmgr.cpp:5322) Connected to database
2016-08-26 07:05:02,504 null [INFO] (../src/fwidbmgr.cpp:5323) Manage data for date: 20160825.
2016-08-26 07:05:02,504 null [INFO] (../src/fwidbmgr.cpp:5391) Importing fwi indexes images in database.
2016-08-26 07:05:02,891 null [INFO] (../src/fwidbmgr.cpp:5394) OK --> 20160825 images imported.
2016-08-26 07:05:02,891 null [INFO] (../src/fwidbmgr.cpp:5496) action outimg took about 0 seconds.
2016-08-26 07:05:02,891 null [INFO] (../src/fwidbmgr.cpp:5499) Disconnected from database.
2016-08-26 07:37:02,684 null [INFO] (../src/fwidbmgr.cpp:5207) fwi db manager
2016-08-26 07:37:02,684 null [INFO] (../src/fwidbmgr.cpp:5209) Program home: /home/meteo/dev/redist/fwidbmgr
2016-08-26 07:37:02,685 null [INFO] (../src/fwidbmgr.cpp:5211) Auto convert: 1
2016-08-26 07:37:02,685 null [INFO] (../src/fwidbmgr.cpp:458) action: outimg.
2016-08-26 07:37:02,685 null [INFO] (../src/fwidbmgr.cpp:482) date: 20160825.
2016-08-26 07:37:02,685 null [INFO] (../src/fwidbmgr.cpp:319) Try to read: /home/meteo/dev/redist/fwidbmgr/config/fwidbmgr.conf.
2016-08-26 07:37:02,732 null [INFO] (../src/fwidbmgr.cpp:5240) Configuration parsing: OK.
2016-08-26 07:37:02,787 null [INFO] (../src/fwidbmgr.cpp:5322) Connected to database
2016-08-26 07:37:02,787 null [INFO] (../src/fwidbmgr.cpp:5323) Manage data for date: 20160825.
2016-08-26 07:37:02,788 null [INFO] (../src/fwidbmgr.cpp:5391) Importing fwi indexes images in database.
2016-08-26 07:37:03,127 null [INFO] (../src/fwidbmgr.cpp:5394) OK --> 20160825 images imported.
2016-08-26 07:37:03,127 null [INFO] (../src/fwidbmgr.cpp:5496) action outimg took about 1 seconds.
2016-08-26 07:37:03,127 null [INFO] (../src/fwidbmgr.cpp:5499) Disconnected from database.
