2016-08-24 05:08:06,831 null [INFO] (../src/fwidbmgr.cpp:5207) fwi db manager
2016-08-24 05:08:06,832 null [INFO] (../src/fwidbmgr.cpp:5209) Program home: /home/meteo/dev/redist/fwidbmgr
2016-08-24 05:08:06,832 null [INFO] (../src/fwidbmgr.cpp:5211) Auto convert: 1
2016-08-24 05:08:06,832 null [INFO] (../src/fwidbmgr.cpp:458) action: in.
2016-08-24 05:08:06,832 null [INFO] (../src/fwidbmgr.cpp:482) date: 20160823.
2016-08-24 05:08:06,832 null [INFO] (../src/fwidbmgr.cpp:319) Try to read: /home/meteo/dev/redist/fwidbmgr/config/fwidbmgr.conf.
2016-08-24 05:08:07,145 null [INFO] (../src/fwidbmgr.cpp:5240) Configuration parsing: OK.
2016-08-24 05:08:07,250 null [INFO] (../src/fwidbmgr.cpp:5322) Connected to database
2016-08-24 05:08:07,251 null [INFO] (../src/fwidbmgr.cpp:5323) Manage data for date: 20160823.
2016-08-24 05:08:07,251 null [INFO] (../src/fwidbmgr.cpp:5367) Importing meteo data in database for day: 20160823.
2016-08-24 05:08:07,252 null [INFO] (/home/meteo/dev/redist/fwidbmgr/include/Grid.h:1595) Configuring grid: snow
2016-08-24 05:08:07,252 null [INFO] (/home/meteo/dev/redist/fwidbmgr/include/Grid.h:1695) Grid snow configured.
2016-08-24 05:08:07,263 null [INFO] (/home/meteo/dev/redist/fwidbmgr/include/Grid.h:1595) Configuring grid: snow_covering
2016-08-24 05:08:07,264 null [INFO] (/home/meteo/dev/redist/fwidbmgr/include/Grid.h:1695) Grid snow_covering configured.
2016-08-24 05:08:07,276 null [INFO] (/home/meteo/dev/redist/fwidbmgr/include/Grid.h:1595) Configuring grid: snow_dissolution
2016-08-24 05:08:07,277 null [INFO] (/home/meteo/dev/redist/fwidbmgr/include/Grid.h:1695) Grid snow_dissolution configured.
2016-08-24 05:08:07,302 null [INFO] (/home/meteo/dev/redist/fwidbmgr/include/Grid.h:1595) Configuring grid: temperature
2016-08-24 05:08:07,302 null [INFO] (/home/meteo/dev/redist/fwidbmgr/include/Grid.h:1695) Grid temperature configured.
2016-08-24 05:08:07,307 null [INFO] (/home/meteo/dev/redist/fwidbmgr/include/Grid.h:1595) Configuring grid: humidity
2016-08-24 05:08:07,307 null [INFO] (/home/meteo/dev/redist/fwidbmgr/include/Grid.h:1695) Grid humidity configured.
2016-08-24 05:08:07,317 null [INFO] (/home/meteo/dev/redist/fwidbmgr/include/Grid.h:1595) Configuring grid: windspeed
2016-08-24 05:08:07,318 null [INFO] (/home/meteo/dev/redist/fwidbmgr/include/Grid.h:1695) Grid windspeed configured.
2016-08-24 05:08:07,340 null [INFO] (/home/meteo/dev/redist/fwidbmgr/include/Grid.h:1595) Configuring grid: rain
2016-08-24 05:08:07,340 null [INFO] (/home/meteo/dev/redist/fwidbmgr/include/Grid.h:1695) Grid rain configured.
2016-08-24 05:08:07,343 null [INFO] (/home/meteo/dev/redist/fwidbmgr/include/Grid.h:1595) Configuring grid: cum_rain
2016-08-24 05:08:07,344 null [INFO] (/home/meteo/dev/redist/fwidbmgr/include/Grid.h:1695) Grid cum_rain configured.
2016-08-24 05:10:33,193 null [INFO] (../src/fwidbmgr.cpp:1502) Storing meteo input ...
2016-08-24 05:16:32,186 null [INFO] (../src/fwidbmgr.cpp:5370) OK --> 20160823 data imported.
2016-08-24 05:16:32,219 null [INFO] (../src/fwidbmgr.cpp:5496) action in took about 505 seconds.
2016-08-24 05:16:32,327 null [INFO] (../src/fwidbmgr.cpp:5499) Disconnected from database.
2016-08-24 05:18:25,471 null [INFO] (../src/fwidbmgr.cpp:5207) fwi db manager
2016-08-24 05:18:25,471 null [INFO] (../src/fwidbmgr.cpp:5209) Program home: /home/meteo/dev/redist/fwidbmgr
2016-08-24 05:18:25,471 null [INFO] (../src/fwidbmgr.cpp:5211) Auto convert: 1
2016-08-24 05:18:25,471 null [INFO] (../src/fwidbmgr.cpp:458) action: out.
2016-08-24 05:18:25,471 null [INFO] (../src/fwidbmgr.cpp:482) date: 20160823.
2016-08-24 05:18:25,471 null [INFO] (../src/fwidbmgr.cpp:319) Try to read: /home/meteo/dev/redist/fwidbmgr/config/fwidbmgr.conf.
2016-08-24 05:18:25,539 null [INFO] (../src/fwidbmgr.cpp:5240) Configuration parsing: OK.
2016-08-24 05:18:25,602 null [INFO] (../src/fwidbmgr.cpp:5322) Connected to database
2016-08-24 05:18:25,602 null [INFO] (../src/fwidbmgr.cpp:5323) Manage data for date: 20160823.
2016-08-24 05:18:25,602 null [INFO] (../src/fwidbmgr.cpp:5379) Importing fwi indexes data in database for day: 20160823.
2016-08-24 05:18:25,612 null [INFO] (/home/meteo/dev/redist/fwidbmgr/include/Grid.h:1595) Configuring grid: isi
2016-08-24 05:18:25,612 null [INFO] (/home/meteo/dev/redist/fwidbmgr/include/Grid.h:1695) Grid isi configured.
2016-08-24 05:18:25,626 null [INFO] (/home/meteo/dev/redist/fwidbmgr/include/Grid.h:1595) Configuring grid: fwi
2016-08-24 05:18:25,626 null [INFO] (/home/meteo/dev/redist/fwidbmgr/include/Grid.h:1695) Grid fwi configured.
2016-08-24 05:18:25,641 null [INFO] (/home/meteo/dev/redist/fwidbmgr/include/Grid.h:1595) Configuring grid: ffmc
2016-08-24 05:18:25,641 null [INFO] (/home/meteo/dev/redist/fwidbmgr/include/Grid.h:1695) Grid ffmc configured.
2016-08-24 05:18:25,655 null [INFO] (/home/meteo/dev/redist/fwidbmgr/include/Grid.h:1595) Configuring grid: dmc
2016-08-24 05:18:25,655 null [INFO] (/home/meteo/dev/redist/fwidbmgr/include/Grid.h:1695) Grid dmc configured.
2016-08-24 05:18:25,670 null [INFO] (/home/meteo/dev/redist/fwidbmgr/include/Grid.h:1595) Configuring grid: dc
2016-08-24 05:18:25,670 null [INFO] (/home/meteo/dev/redist/fwidbmgr/include/Grid.h:1695) Grid dc configured.
2016-08-24 05:18:25,685 null [INFO] (/home/meteo/dev/redist/fwidbmgr/include/Grid.h:1595) Configuring grid: bui
2016-08-24 05:18:25,685 null [INFO] (/home/meteo/dev/redist/fwidbmgr/include/Grid.h:1695) Grid bui configured.
2016-08-24 05:18:25,699 null [INFO] (/home/meteo/dev/redist/fwidbmgr/include/Grid.h:1595) Configuring grid: ffmc_tmp
2016-08-24 05:18:25,699 null [INFO] (/home/meteo/dev/redist/fwidbmgr/include/Grid.h:1695) Grid ffmc_tmp configured.
2016-08-24 05:18:25,869 null [INFO] (/home/meteo/dev/redist/fwidbmgr/include/Grid.h:1595) Configuring grid: dmc_tmp
2016-08-24 05:18:25,869 null [INFO] (/home/meteo/dev/redist/fwidbmgr/include/Grid.h:1695) Grid dmc_tmp configured.
2016-08-24 05:18:25,980 null [INFO] (/home/meteo/dev/redist/fwidbmgr/include/Grid.h:1595) Configuring grid: dc_tmp
2016-08-24 05:18:25,980 null [INFO] (/home/meteo/dev/redist/fwidbmgr/include/Grid.h:1695) Grid dc_tmp configured.
2016-08-24 05:18:26,002 null [INFO] (/home/meteo/dev/redist/fwidbmgr/include/Grid.h:1595) Configuring grid: idi
2016-08-24 05:18:26,002 null [INFO] (/home/meteo/dev/redist/fwidbmgr/include/Grid.h:1695) Grid idi configured.
2016-08-24 05:19:12,468 null [INFO] (../src/fwidbmgr.cpp:2045) Storing FWI indexes ...
2016-08-24 05:22:14,706 null [INFO] (../src/fwidbmgr.cpp:5382) OK --> 20160823 data imported.
2016-08-24 05:22:14,837 null [INFO] (../src/fwidbmgr.cpp:5496) action out took about 229 seconds.
2016-08-24 05:22:15,118 null [INFO] (../src/fwidbmgr.cpp:5499) Disconnected from database.
2016-08-24 05:22:16,373 null [INFO] (../src/fwidbmgr.cpp:5207) fwi db manager
2016-08-24 05:22:16,373 null [INFO] (../src/fwidbmgr.cpp:5209) Program home: /home/meteo/dev/redist/fwidbmgr
2016-08-24 05:22:16,374 null [INFO] (../src/fwidbmgr.cpp:5211) Auto convert: 1
2016-08-24 05:22:16,374 null [INFO] (../src/fwidbmgr.cpp:458) action: computeidx.
2016-08-24 05:22:16,374 null [INFO] (../src/fwidbmgr.cpp:482) date: 20160823.
2016-08-24 05:22:16,374 null [INFO] (../src/fwidbmgr.cpp:319) Try to read: /home/meteo/dev/redist/fwidbmgr/config/fwidbmgr.conf.
2016-08-24 05:22:16,434 null [INFO] (../src/fwidbmgr.cpp:5240) Configuration parsing: OK.
2016-08-24 05:22:16,526 null [INFO] (../src/fwidbmgr.cpp:5322) Connected to database
2016-08-24 05:22:16,526 null [INFO] (../src/fwidbmgr.cpp:5323) Manage data for date: 20160823.
2016-08-24 05:22:16,526 null [INFO] (../src/fwidbmgr.cpp:5463) Computing indexes.
2016-08-24 05:22:16,528 null [INFO] (/home/meteo/dev/redist/fwidbmgr/include/Grid.h:1595) Configuring grid: isi
2016-08-24 05:22:16,528 null [INFO] (/home/meteo/dev/redist/fwidbmgr/include/Grid.h:1695) Grid isi configured.
2016-08-24 05:22:16,529 null [INFO] (/home/meteo/dev/redist/fwidbmgr/include/Grid.h:1595) Configuring grid: fwi
2016-08-24 05:22:16,530 null [INFO] (/home/meteo/dev/redist/fwidbmgr/include/Grid.h:1695) Grid fwi configured.
2016-08-24 05:22:16,531 null [INFO] (/home/meteo/dev/redist/fwidbmgr/include/Grid.h:1595) Configuring grid: ffmc
2016-08-24 05:22:16,535 null [INFO] (/home/meteo/dev/redist/fwidbmgr/include/Grid.h:1695) Grid ffmc configured.
2016-08-24 05:22:16,536 null [INFO] (/home/meteo/dev/redist/fwidbmgr/include/Grid.h:1595) Configuring grid: dmc
2016-08-24 05:22:16,536 null [INFO] (/home/meteo/dev/redist/fwidbmgr/include/Grid.h:1695) Grid dmc configured.
2016-08-24 05:22:16,538 null [INFO] (/home/meteo/dev/redist/fwidbmgr/include/Grid.h:1595) Configuring grid: dc
2016-08-24 05:22:16,538 null [INFO] (/home/meteo/dev/redist/fwidbmgr/include/Grid.h:1695) Grid dc configured.
2016-08-24 05:22:16,539 null [INFO] (/home/meteo/dev/redist/fwidbmgr/include/Grid.h:1595) Configuring grid: bui
2016-08-24 05:22:16,539 null [INFO] (/home/meteo/dev/redist/fwidbmgr/include/Grid.h:1695) Grid bui configured.
2016-08-24 05:22:16,541 null [INFO] (/home/meteo/dev/redist/fwidbmgr/include/Grid.h:1595) Configuring grid: ffmc_tmp
2016-08-24 05:22:16,541 null [INFO] (/home/meteo/dev/redist/fwidbmgr/include/Grid.h:1695) Grid ffmc_tmp configured.
2016-08-24 05:22:16,542 null [INFO] (/home/meteo/dev/redist/fwidbmgr/include/Grid.h:1595) Configuring grid: dmc_tmp
2016-08-24 05:22:16,542 null [INFO] (/home/meteo/dev/redist/fwidbmgr/include/Grid.h:1695) Grid dmc_tmp configured.
2016-08-24 05:22:16,544 null [INFO] (/home/meteo/dev/redist/fwidbmgr/include/Grid.h:1595) Configuring grid: dc_tmp
2016-08-24 05:22:16,544 null [INFO] (/home/meteo/dev/redist/fwidbmgr/include/Grid.h:1695) Grid dc_tmp configured.
2016-08-24 05:22:16,545 null [INFO] (/home/meteo/dev/redist/fwidbmgr/include/Grid.h:1595) Configuring grid: idi
2016-08-24 05:22:16,545 null [INFO] (/home/meteo/dev/redist/fwidbmgr/include/Grid.h:1695) Grid idi configured.
2016-08-24 05:22:16,547 null [INFO] (/home/meteo/dev/redist/fwidbmgr/include/Grid.h:1595) Configuring grid: angstrom
2016-08-24 05:22:16,547 null [INFO] (/home/meteo/dev/redist/fwidbmgr/include/Grid.h:1695) Grid angstrom configured.
2016-08-24 05:22:16,548 null [INFO] (/home/meteo/dev/redist/fwidbmgr/include/Grid.h:1595) Configuring grid: fmi
2016-08-24 05:22:16,548 null [INFO] (/home/meteo/dev/redist/fwidbmgr/include/Grid.h:1695) Grid fmi configured.
2016-08-24 05:22:16,550 null [INFO] (/home/meteo/dev/redist/fwidbmgr/include/Grid.h:1595) Configuring grid: sharples
2016-08-24 05:22:16,550 null [INFO] (/home/meteo/dev/redist/fwidbmgr/include/Grid.h:1695) Grid sharples configured.
2016-08-24 05:22:52,919 null [INFO] (/home/meteo/dev/redist/fwidbmgr/include/Grid.h:1595) Configuring grid: snow
2016-08-24 05:22:53,114 null [INFO] (/home/meteo/dev/redist/fwidbmgr/include/Grid.h:1695) Grid snow configured.
2016-08-24 05:22:53,115 null [INFO] (/home/meteo/dev/redist/fwidbmgr/include/Grid.h:1595) Configuring grid: snow_covering
2016-08-24 05:22:53,115 null [INFO] (/home/meteo/dev/redist/fwidbmgr/include/Grid.h:1695) Grid snow_covering configured.
2016-08-24 05:22:53,115 null [INFO] (/home/meteo/dev/redist/fwidbmgr/include/Grid.h:1595) Configuring grid: snow_dissolution
2016-08-24 05:22:53,115 null [INFO] (/home/meteo/dev/redist/fwidbmgr/include/Grid.h:1695) Grid snow_dissolution configured.
2016-08-24 05:22:53,115 null [INFO] (/home/meteo/dev/redist/fwidbmgr/include/Grid.h:1595) Configuring grid: temperature
2016-08-24 05:22:53,115 null [INFO] (/home/meteo/dev/redist/fwidbmgr/include/Grid.h:1695) Grid temperature configured.
2016-08-24 05:22:53,115 null [INFO] (/home/meteo/dev/redist/fwidbmgr/include/Grid.h:1595) Configuring grid: humidity
2016-08-24 05:22:53,115 null [INFO] (/home/meteo/dev/redist/fwidbmgr/include/Grid.h:1695) Grid humidity configured.
2016-08-24 05:22:53,115 null [INFO] (/home/meteo/dev/redist/fwidbmgr/include/Grid.h:1595) Configuring grid: windspeed
2016-08-24 05:22:53,116 null [INFO] (/home/meteo/dev/redist/fwidbmgr/include/Grid.h:1695) Grid windspeed configured.
2016-08-24 05:22:53,116 null [INFO] (/home/meteo/dev/redist/fwidbmgr/include/Grid.h:1595) Configuring grid: rain
2016-08-24 05:22:53,116 null [INFO] (/home/meteo/dev/redist/fwidbmgr/include/Grid.h:1695) Grid rain configured.
2016-08-24 05:22:53,116 null [INFO] (/home/meteo/dev/redist/fwidbmgr/include/Grid.h:1595) Configuring grid: cum_rain
2016-08-24 05:22:53,116 null [INFO] (/home/meteo/dev/redist/fwidbmgr/include/Grid.h:1695) Grid cum_rain configured.
2016-08-24 05:26:46,993 null [INFO] (../src/fwidbmgr.cpp:5466) OK --> 20160823 indexes computed.
2016-08-24 05:26:47,085 null [INFO] (../src/fwidbmgr.cpp:5496) action computeidx took about 271 seconds.
2016-08-24 05:26:47,085 null [INFO] (../src/fwidbmgr.cpp:5499) Disconnected from database.
2016-08-24 05:26:47,889 null [INFO] (../src/fwidbmgr.cpp:5207) fwi db manager
2016-08-24 05:26:47,889 null [INFO] (../src/fwidbmgr.cpp:5209) Program home: /home/meteo/dev/redist/fwidbmgr
2016-08-24 05:26:47,890 null [INFO] (../src/fwidbmgr.cpp:5211) Auto convert: 1
2016-08-24 05:26:47,890 null [INFO] (../src/fwidbmgr.cpp:458) action: exportidx.
2016-08-24 05:26:47,890 null [INFO] (../src/fwidbmgr.cpp:482) date: 20160823.
2016-08-24 05:26:47,890 null [INFO] (../src/fwidbmgr.cpp:319) Try to read: /home/meteo/dev/redist/fwidbmgr/config/fwidbmgr.conf.
2016-08-24 05:26:47,926 null [INFO] (../src/fwidbmgr.cpp:5240) Configuration parsing: OK.
2016-08-24 05:26:47,953 null [INFO] (../src/fwidbmgr.cpp:5322) Connected to database
2016-08-24 05:26:47,953 null [INFO] (../src/fwidbmgr.cpp:5323) Manage data for date: 20160823.
2016-08-24 05:26:47,953 null [INFO] (../src/fwidbmgr.cpp:5415) Exporting indexes.
2016-08-24 05:26:47,955 null [INFO] (/home/meteo/dev/redist/fwidbmgr/include/Grid.h:1595) Configuring grid: isi
2016-08-24 05:26:47,955 null [INFO] (/home/meteo/dev/redist/fwidbmgr/include/Grid.h:1695) Grid isi configured.
2016-08-24 05:26:47,956 null [INFO] (/home/meteo/dev/redist/fwidbmgr/include/Grid.h:1595) Configuring grid: fwi
2016-08-24 05:26:47,956 null [INFO] (/home/meteo/dev/redist/fwidbmgr/include/Grid.h:1695) Grid fwi configured.
2016-08-24 05:26:47,957 null [INFO] (/home/meteo/dev/redist/fwidbmgr/include/Grid.h:1595) Configuring grid: ffmc
2016-08-24 05:26:47,958 null [INFO] (/home/meteo/dev/redist/fwidbmgr/include/Grid.h:1695) Grid ffmc configured.
2016-08-24 05:26:47,959 null [INFO] (/home/meteo/dev/redist/fwidbmgr/include/Grid.h:1595) Configuring grid: dmc
2016-08-24 05:26:47,959 null [INFO] (/home/meteo/dev/redist/fwidbmgr/include/Grid.h:1695) Grid dmc configured.
2016-08-24 05:26:47,960 null [INFO] (/home/meteo/dev/redist/fwidbmgr/include/Grid.h:1595) Configuring grid: dc
2016-08-24 05:26:47,960 null [INFO] (/home/meteo/dev/redist/fwidbmgr/include/Grid.h:1695) Grid dc configured.
2016-08-24 05:26:47,962 null [INFO] (/home/meteo/dev/redist/fwidbmgr/include/Grid.h:1595) Configuring grid: bui
2016-08-24 05:26:47,962 null [INFO] (/home/meteo/dev/redist/fwidbmgr/include/Grid.h:1695) Grid bui configured.
2016-08-24 05:26:47,963 null [INFO] (/home/meteo/dev/redist/fwidbmgr/include/Grid.h:1595) Configuring grid: ffmc_tmp
2016-08-24 05:26:47,963 null [INFO] (/home/meteo/dev/redist/fwidbmgr/include/Grid.h:1695) Grid ffmc_tmp configured.
2016-08-24 05:26:47,965 null [INFO] (/home/meteo/dev/redist/fwidbmgr/include/Grid.h:1595) Configuring grid: dmc_tmp
2016-08-24 05:26:47,965 null [INFO] (/home/meteo/dev/redist/fwidbmgr/include/Grid.h:1695) Grid dmc_tmp configured.
2016-08-24 05:26:47,967 null [INFO] (/home/meteo/dev/redist/fwidbmgr/include/Grid.h:1595) Configuring grid: dc_tmp
2016-08-24 05:26:47,967 null [INFO] (/home/meteo/dev/redist/fwidbmgr/include/Grid.h:1695) Grid dc_tmp configured.
2016-08-24 05:26:47,968 null [INFO] (/home/meteo/dev/redist/fwidbmgr/include/Grid.h:1595) Configuring grid: idi
2016-08-24 05:26:47,968 null [INFO] (/home/meteo/dev/redist/fwidbmgr/include/Grid.h:1695) Grid idi configured.
2016-08-24 05:26:47,970 null [INFO] (/home/meteo/dev/redist/fwidbmgr/include/Grid.h:1595) Configuring grid: angstrom
2016-08-24 05:26:47,970 null [INFO] (/home/meteo/dev/redist/fwidbmgr/include/Grid.h:1695) Grid angstrom configured.
2016-08-24 05:26:47,971 null [INFO] (/home/meteo/dev/redist/fwidbmgr/include/Grid.h:1595) Configuring grid: fmi
2016-08-24 05:26:47,971 null [INFO] (/home/meteo/dev/redist/fwidbmgr/include/Grid.h:1695) Grid fmi configured.
2016-08-24 05:26:47,972 null [INFO] (/home/meteo/dev/redist/fwidbmgr/include/Grid.h:1595) Configuring grid: sharples
2016-08-24 05:26:47,973 null [INFO] (/home/meteo/dev/redist/fwidbmgr/include/Grid.h:1695) Grid sharples configured.
2016-08-24 05:27:36,626 null [INFO] (/home/meteo/dev/redist/fwidbmgr/include/Grid.h:1595) Configuring grid: isi
2016-08-24 05:27:36,713 null [INFO] (/home/meteo/dev/redist/fwidbmgr/include/Grid.h:1695) Grid isi configured.
2016-08-24 05:27:36,767 null [INFO] (/home/meteo/dev/redist/fwidbmgr/include/Grid.h:1595) Configuring grid: fwi
2016-08-24 05:27:36,767 null [INFO] (/home/meteo/dev/redist/fwidbmgr/include/Grid.h:1695) Grid fwi configured.
2016-08-24 05:27:36,808 null [INFO] (/home/meteo/dev/redist/fwidbmgr/include/Grid.h:1595) Configuring grid: ffmc
2016-08-24 05:27:36,808 null [INFO] (/home/meteo/dev/redist/fwidbmgr/include/Grid.h:1695) Grid ffmc configured.
2016-08-24 05:27:36,850 null [INFO] (/home/meteo/dev/redist/fwidbmgr/include/Grid.h:1595) Configuring grid: dmc
2016-08-24 05:27:36,851 null [INFO] (/home/meteo/dev/redist/fwidbmgr/include/Grid.h:1695) Grid dmc configured.
2016-08-24 05:27:36,892 null [INFO] (/home/meteo/dev/redist/fwidbmgr/include/Grid.h:1595) Configuring grid: dc
2016-08-24 05:27:36,892 null [INFO] (/home/meteo/dev/redist/fwidbmgr/include/Grid.h:1695) Grid dc configured.
2016-08-24 05:27:36,970 null [INFO] (/home/meteo/dev/redist/fwidbmgr/include/Grid.h:1595) Configuring grid: bui
2016-08-24 05:27:36,970 null [INFO] (/home/meteo/dev/redist/fwidbmgr/include/Grid.h:1695) Grid bui configured.
2016-08-24 05:27:37,018 null [INFO] (/home/meteo/dev/redist/fwidbmgr/include/Grid.h:1595) Configuring grid: ffmc_tmp
2016-08-24 05:27:37,018 null [INFO] (/home/meteo/dev/redist/fwidbmgr/include/Grid.h:1695) Grid ffmc_tmp configured.
2016-08-24 05:27:37,059 null [INFO] (/home/meteo/dev/redist/fwidbmgr/include/Grid.h:1595) Configuring grid: dmc_tmp
2016-08-24 05:27:37,059 null [INFO] (/home/meteo/dev/redist/fwidbmgr/include/Grid.h:1695) Grid dmc_tmp configured.
2016-08-24 05:27:37,109 null [INFO] (/home/meteo/dev/redist/fwidbmgr/include/Grid.h:1595) Configuring grid: dc_tmp
2016-08-24 05:27:37,110 null [INFO] (/home/meteo/dev/redist/fwidbmgr/include/Grid.h:1695) Grid dc_tmp configured.
2016-08-24 05:27:37,243 null [INFO] (/home/meteo/dev/redist/fwidbmgr/include/Grid.h:1595) Configuring grid: angstrom
2016-08-24 05:27:37,243 null [INFO] (/home/meteo/dev/redist/fwidbmgr/include/Grid.h:1695) Grid angstrom configured.
2016-08-24 05:27:37,487 null [INFO] (/home/meteo/dev/redist/fwidbmgr/include/Grid.h:1595) Configuring grid: sharples
2016-08-24 05:27:37,487 null [INFO] (/home/meteo/dev/redist/fwidbmgr/include/Grid.h:1695) Grid sharples configured.
2016-08-24 05:27:37,559 null [INFO] (/home/meteo/dev/redist/fwidbmgr/include/Grid.h:1595) Configuring grid: fmi
2016-08-24 05:27:37,559 null [INFO] (/home/meteo/dev/redist/fwidbmgr/include/Grid.h:1695) Grid fmi configured.
2016-08-24 05:27:37,603 null [INFO] (../src/fwidbmgr.cpp:5418) OK --> 20160823 indexes exported to files.
2016-08-24 05:27:37,603 null [INFO] (../src/fwidbmgr.cpp:5496) action exportidx took about 50 seconds.
2016-08-24 05:27:37,603 null [INFO] (../src/fwidbmgr.cpp:5499) Disconnected from database.
2016-08-24 05:28:27,257 null [INFO] (../src/fwidbmgr.cpp:5207) fwi db manager
2016-08-24 05:28:27,257 null [INFO] (../src/fwidbmgr.cpp:5209) Program home: /home/meteo/dev/redist/fwidbmgr
2016-08-24 05:28:27,257 null [INFO] (../src/fwidbmgr.cpp:5211) Auto convert: 1
2016-08-24 05:28:27,257 null [INFO] (../src/fwidbmgr.cpp:458) action: outimg.
2016-08-24 05:28:27,257 null [INFO] (../src/fwidbmgr.cpp:482) date: 20160823.
2016-08-24 05:28:27,257 null [INFO] (../src/fwidbmgr.cpp:319) Try to read: /home/meteo/dev/redist/fwidbmgr/config/fwidbmgr.conf.
2016-08-24 05:28:27,282 null [INFO] (../src/fwidbmgr.cpp:5240) Configuration parsing: OK.
2016-08-24 05:28:27,365 null [INFO] (../src/fwidbmgr.cpp:5322) Connected to database
2016-08-24 05:28:27,365 null [INFO] (../src/fwidbmgr.cpp:5323) Manage data for date: 20160823.
2016-08-24 05:28:27,365 null [INFO] (../src/fwidbmgr.cpp:5391) Importing fwi indexes images in database.
2016-08-24 05:28:28,621 null [INFO] (../src/fwidbmgr.cpp:5394) OK --> 20160823 images imported.
2016-08-24 05:28:28,621 null [INFO] (../src/fwidbmgr.cpp:5496) action outimg took about 1 seconds.
2016-08-24 05:28:28,621 null [INFO] (../src/fwidbmgr.cpp:5499) Disconnected from database.
2016-08-24 05:37:02,454 null [INFO] (../src/fwidbmgr.cpp:5207) fwi db manager
2016-08-24 05:37:02,454 null [INFO] (../src/fwidbmgr.cpp:5209) Program home: /home/meteo/dev/redist/fwidbmgr
2016-08-24 05:37:02,454 null [INFO] (../src/fwidbmgr.cpp:5211) Auto convert: 1
2016-08-24 05:37:02,454 null [INFO] (../src/fwidbmgr.cpp:458) action: outimg.
2016-08-24 05:37:02,454 null [INFO] (../src/fwidbmgr.cpp:482) date: 20160823.
2016-08-24 05:37:02,454 null [INFO] (../src/fwidbmgr.cpp:319) Try to read: /home/meteo/dev/redist/fwidbmgr/config/fwidbmgr.conf.
2016-08-24 05:37:02,456 null [INFO] (../src/fwidbmgr.cpp:5240) Configuration parsing: OK.
2016-08-24 05:37:02,459 null [INFO] (../src/fwidbmgr.cpp:5322) Connected to database
2016-08-24 05:37:02,459 null [INFO] (../src/fwidbmgr.cpp:5323) Manage data for date: 20160823.
2016-08-24 05:37:02,459 null [INFO] (../src/fwidbmgr.cpp:5391) Importing fwi indexes images in database.
2016-08-24 05:37:02,652 null [INFO] (../src/fwidbmgr.cpp:5394) OK --> 20160823 images imported.
2016-08-24 05:37:02,653 null [INFO] (../src/fwidbmgr.cpp:5496) action outimg took about 0 seconds.
2016-08-24 05:37:02,653 null [INFO] (../src/fwidbmgr.cpp:5499) Disconnected from database.
2016-08-24 06:05:02,795 null [INFO] (../src/fwidbmgr.cpp:5207) fwi db manager
2016-08-24 06:05:02,795 null [INFO] (../src/fwidbmgr.cpp:5209) Program home: /home/meteo/dev/redist/fwidbmgr
2016-08-24 06:05:02,795 null [INFO] (../src/fwidbmgr.cpp:5211) Auto convert: 1
2016-08-24 06:05:02,795 null [INFO] (../src/fwidbmgr.cpp:458) action: outimg.
2016-08-24 06:05:02,795 null [INFO] (../src/fwidbmgr.cpp:482) date: 20160823.
2016-08-24 06:05:02,795 null [INFO] (../src/fwidbmgr.cpp:319) Try to read: /home/meteo/dev/redist/fwidbmgr/config/fwidbmgr.conf.
2016-08-24 06:05:02,797 null [INFO] (../src/fwidbmgr.cpp:5240) Configuration parsing: OK.
2016-08-24 06:05:02,802 null [INFO] (../src/fwidbmgr.cpp:5322) Connected to database
2016-08-24 06:05:02,802 null [INFO] (../src/fwidbmgr.cpp:5323) Manage data for date: 20160823.
2016-08-24 06:05:02,802 null [INFO] (../src/fwidbmgr.cpp:5391) Importing fwi indexes images in database.
2016-08-24 06:05:02,867 null [INFO] (../src/fwidbmgr.cpp:5394) OK --> 20160823 images imported.
2016-08-24 06:05:02,867 null [INFO] (../src/fwidbmgr.cpp:5496) action outimg took about 0 seconds.
2016-08-24 06:05:02,867 null [INFO] (../src/fwidbmgr.cpp:5499) Disconnected from database.
2016-08-24 06:37:01,277 null [INFO] (../src/fwidbmgr.cpp:5207) fwi db manager
2016-08-24 06:37:01,277 null [INFO] (../src/fwidbmgr.cpp:5209) Program home: /home/meteo/dev/redist/fwidbmgr
2016-08-24 06:37:01,277 null [INFO] (../src/fwidbmgr.cpp:5211) Auto convert: 1
2016-08-24 06:37:01,278 null [INFO] (../src/fwidbmgr.cpp:458) action: outimg.
2016-08-24 06:37:01,278 null [INFO] (../src/fwidbmgr.cpp:482) date: 20160823.
2016-08-24 06:37:01,278 null [INFO] (../src/fwidbmgr.cpp:319) Try to read: /home/meteo/dev/redist/fwidbmgr/config/fwidbmgr.conf.
2016-08-24 06:37:01,280 null [INFO] (../src/fwidbmgr.cpp:5240) Configuration parsing: OK.
2016-08-24 06:37:01,284 null [INFO] (../src/fwidbmgr.cpp:5322) Connected to database
2016-08-24 06:37:01,284 null [INFO] (../src/fwidbmgr.cpp:5323) Manage data for date: 20160823.
2016-08-24 06:37:01,284 null [INFO] (../src/fwidbmgr.cpp:5391) Importing fwi indexes images in database.
2016-08-24 06:37:01,376 null [INFO] (../src/fwidbmgr.cpp:5394) OK --> 20160823 images imported.
2016-08-24 06:37:01,377 null [INFO] (../src/fwidbmgr.cpp:5496) action outimg took about 0 seconds.
2016-08-24 06:37:01,377 null [INFO] (../src/fwidbmgr.cpp:5499) Disconnected from database.
2016-08-24 07:05:03,827 null [INFO] (../src/fwidbmgr.cpp:5207) fwi db manager
2016-08-24 07:05:03,858 null [INFO] (../src/fwidbmgr.cpp:5209) Program home: /home/meteo/dev/redist/fwidbmgr
2016-08-24 07:05:03,860 null [INFO] (../src/fwidbmgr.cpp:5211) Auto convert: 1
2016-08-24 07:05:03,860 null [INFO] (../src/fwidbmgr.cpp:458) action: outimg.
2016-08-24 07:05:03,860 null [INFO] (../src/fwidbmgr.cpp:482) date: 20160823.
2016-08-24 07:05:03,860 null [INFO] (../src/fwidbmgr.cpp:319) Try to read: /home/meteo/dev/redist/fwidbmgr/config/fwidbmgr.conf.
2016-08-24 07:05:03,902 null [INFO] (../src/fwidbmgr.cpp:5240) Configuration parsing: OK.
2016-08-24 07:05:03,953 null [INFO] (../src/fwidbmgr.cpp:5322) Connected to database
2016-08-24 07:05:03,953 null [INFO] (../src/fwidbmgr.cpp:5323) Manage data for date: 20160823.
2016-08-24 07:05:03,953 null [INFO] (../src/fwidbmgr.cpp:5391) Importing fwi indexes images in database.
2016-08-24 07:05:04,429 null [INFO] (../src/fwidbmgr.cpp:5394) OK --> 20160823 images imported.
2016-08-24 07:05:04,429 null [INFO] (../src/fwidbmgr.cpp:5496) action outimg took about 1 seconds.
2016-08-24 07:05:04,429 null [INFO] (../src/fwidbmgr.cpp:5499) Disconnected from database.
2016-08-24 07:37:05,949 null [INFO] (../src/fwidbmgr.cpp:5207) fwi db manager
2016-08-24 07:37:06,001 null [INFO] (../src/fwidbmgr.cpp:5209) Program home: /home/meteo/dev/redist/fwidbmgr
2016-08-24 07:37:06,001 null [INFO] (../src/fwidbmgr.cpp:5211) Auto convert: 1
2016-08-24 07:37:06,001 null [INFO] (../src/fwidbmgr.cpp:458) action: outimg.
2016-08-24 07:37:06,001 null [INFO] (../src/fwidbmgr.cpp:482) date: 20160823.
2016-08-24 07:37:06,001 null [INFO] (../src/fwidbmgr.cpp:319) Try to read: /home/meteo/dev/redist/fwidbmgr/config/fwidbmgr.conf.
2016-08-24 07:37:06,056 null [INFO] (../src/fwidbmgr.cpp:5240) Configuration parsing: OK.
2016-08-24 07:37:06,082 null [INFO] (../src/fwidbmgr.cpp:5322) Connected to database
2016-08-24 07:37:06,082 null [INFO] (../src/fwidbmgr.cpp:5323) Manage data for date: 20160823.
2016-08-24 07:37:06,082 null [INFO] (../src/fwidbmgr.cpp:5391) Importing fwi indexes images in database.
2016-08-24 07:37:07,766 null [INFO] (../src/fwidbmgr.cpp:5394) OK --> 20160823 images imported.
2016-08-24 07:37:07,766 null [INFO] (../src/fwidbmgr.cpp:5496) action outimg took about 1 seconds.
2016-08-24 07:37:07,767 null [INFO] (../src/fwidbmgr.cpp:5499) Disconnected from database.
