2017-12-29 04:06:48,065 null [INFO] (../src/fwidbmgr.cpp:5361) fwi db manager
2017-12-29 04:06:48,065 null [INFO] (../src/fwidbmgr.cpp:5365) Program home: /home/meteo/dev/redist/fwidbmgr
2017-12-29 04:06:48,065 null [INFO] (../src/fwidbmgr.cpp:5369) Auto convert: 1
2017-12-29 04:06:48,065 null [INFO] (../src/fwidbmgr.cpp:446) action: in.
2017-12-29 04:06:48,065 null [INFO] (../src/fwidbmgr.cpp:470) date: 20171228.
2017-12-29 04:06:48,065 null [INFO] (../src/fwidbmgr.cpp:322) Try to read: /home/meteo/dev/redist/fwidbmgr/config/fwidbmgr.conf.
2017-12-29 04:06:48,083 null [INFO] (../src/fwidbmgr.cpp:5393) Configuration parsing: OK.
2017-12-29 04:06:48,112 null [INFO] (../src/fwidbmgr.cpp:5478) Connected to database
2017-12-29 04:06:48,112 null [INFO] (../src/fwidbmgr.cpp:5480) Manage data for date: 20171228.
2017-12-29 04:06:48,112 null [INFO] (../src/fwidbmgr.cpp:5536) Importing meteo data in database for day: 20171228.
2017-12-29 04:06:48,121 null [INFO] (/home/meteo/dev/redist/fwidbmgr/include/Grid.h:1595) Configuring grid: snow
2017-12-29 04:06:48,121 null [INFO] (/home/meteo/dev/redist/fwidbmgr/include/Grid.h:1695) Grid snow configured.
2017-12-29 04:06:48,133 null [INFO] (/home/meteo/dev/redist/fwidbmgr/include/Grid.h:1595) Configuring grid: snow_covering
2017-12-29 04:06:48,133 null [INFO] (/home/meteo/dev/redist/fwidbmgr/include/Grid.h:1695) Grid snow_covering configured.
2017-12-29 04:06:48,146 null [INFO] (/home/meteo/dev/redist/fwidbmgr/include/Grid.h:1595) Configuring grid: snow_dissolution
2017-12-29 04:06:48,146 null [INFO] (/home/meteo/dev/redist/fwidbmgr/include/Grid.h:1695) Grid snow_dissolution configured.
2017-12-29 04:06:48,169 null [INFO] (/home/meteo/dev/redist/fwidbmgr/include/Grid.h:1595) Configuring grid: temperature
2017-12-29 04:06:48,169 null [INFO] (/home/meteo/dev/redist/fwidbmgr/include/Grid.h:1695) Grid temperature configured.
2017-12-29 04:06:48,174 null [INFO] (/home/meteo/dev/redist/fwidbmgr/include/Grid.h:1595) Configuring grid: humidity
2017-12-29 04:06:48,174 null [INFO] (/home/meteo/dev/redist/fwidbmgr/include/Grid.h:1695) Grid humidity configured.
2017-12-29 04:06:48,184 null [INFO] (/home/meteo/dev/redist/fwidbmgr/include/Grid.h:1595) Configuring grid: windspeed
2017-12-29 04:06:48,184 null [INFO] (/home/meteo/dev/redist/fwidbmgr/include/Grid.h:1695) Grid windspeed configured.
2017-12-29 04:06:48,206 null [INFO] (/home/meteo/dev/redist/fwidbmgr/include/Grid.h:1595) Configuring grid: rain
2017-12-29 04:06:48,206 null [INFO] (/home/meteo/dev/redist/fwidbmgr/include/Grid.h:1695) Grid rain configured.
2017-12-29 04:06:48,209 null [INFO] (/home/meteo/dev/redist/fwidbmgr/include/Grid.h:1595) Configuring grid: cum_rain
2017-12-29 04:06:48,209 null [INFO] (/home/meteo/dev/redist/fwidbmgr/include/Grid.h:1695) Grid cum_rain configured.
2017-12-29 04:06:54,999 null [INFO] (../src/fwidbmgr.cpp:1518) Storing meteo input ...
2017-12-29 04:07:13,721 null [INFO] (../src/fwidbmgr.cpp:5540) OK --> 20171228 data imported.
2017-12-29 04:07:13,783 null [INFO] (../src/fwidbmgr.cpp:5695) action in took about 25 seconds.
2017-12-29 04:07:13,926 null [INFO] (../src/fwidbmgr.cpp:5699) Disconnected from database.
2017-12-29 04:08:24,976 null [INFO] (../src/fwidbmgr.cpp:5361) fwi db manager
2017-12-29 04:08:24,976 null [INFO] (../src/fwidbmgr.cpp:5365) Program home: /home/meteo/dev/redist/fwidbmgr
2017-12-29 04:08:24,976 null [INFO] (../src/fwidbmgr.cpp:5369) Auto convert: 1
2017-12-29 04:08:24,976 null [INFO] (../src/fwidbmgr.cpp:446) action: out.
2017-12-29 04:08:24,976 null [INFO] (../src/fwidbmgr.cpp:470) date: 20171228.
2017-12-29 04:08:24,976 null [INFO] (../src/fwidbmgr.cpp:322) Try to read: /home/meteo/dev/redist/fwidbmgr/config/fwidbmgr.conf.
2017-12-29 04:08:24,981 null [INFO] (../src/fwidbmgr.cpp:5393) Configuration parsing: OK.
2017-12-29 04:08:25,033 null [INFO] (../src/fwidbmgr.cpp:5478) Connected to database
2017-12-29 04:08:25,033 null [INFO] (../src/fwidbmgr.cpp:5480) Manage data for date: 20171228.
2017-12-29 04:08:25,033 null [INFO] (../src/fwidbmgr.cpp:5551) Importing fwi indexes data in database for day: 20171228.
2017-12-29 04:08:25,042 null [INFO] (/home/meteo/dev/redist/fwidbmgr/include/Grid.h:1595) Configuring grid: isi
2017-12-29 04:08:25,042 null [INFO] (/home/meteo/dev/redist/fwidbmgr/include/Grid.h:1695) Grid isi configured.
2017-12-29 04:08:25,056 null [INFO] (/home/meteo/dev/redist/fwidbmgr/include/Grid.h:1595) Configuring grid: fwi
2017-12-29 04:08:25,056 null [INFO] (/home/meteo/dev/redist/fwidbmgr/include/Grid.h:1695) Grid fwi configured.
2017-12-29 04:08:25,069 null [INFO] (/home/meteo/dev/redist/fwidbmgr/include/Grid.h:1595) Configuring grid: ffmc
2017-12-29 04:08:25,069 null [INFO] (/home/meteo/dev/redist/fwidbmgr/include/Grid.h:1695) Grid ffmc configured.
2017-12-29 04:08:25,082 null [INFO] (/home/meteo/dev/redist/fwidbmgr/include/Grid.h:1595) Configuring grid: dmc
2017-12-29 04:08:25,083 null [INFO] (/home/meteo/dev/redist/fwidbmgr/include/Grid.h:1695) Grid dmc configured.
2017-12-29 04:08:25,096 null [INFO] (/home/meteo/dev/redist/fwidbmgr/include/Grid.h:1595) Configuring grid: dc
2017-12-29 04:08:25,096 null [INFO] (/home/meteo/dev/redist/fwidbmgr/include/Grid.h:1695) Grid dc configured.
2017-12-29 04:08:25,110 null [INFO] (/home/meteo/dev/redist/fwidbmgr/include/Grid.h:1595) Configuring grid: bui
2017-12-29 04:08:25,110 null [INFO] (/home/meteo/dev/redist/fwidbmgr/include/Grid.h:1695) Grid bui configured.
2017-12-29 04:08:25,123 null [INFO] (/home/meteo/dev/redist/fwidbmgr/include/Grid.h:1595) Configuring grid: ffmc_tmp
2017-12-29 04:08:25,123 null [INFO] (/home/meteo/dev/redist/fwidbmgr/include/Grid.h:1695) Grid ffmc_tmp configured.
2017-12-29 04:08:25,150 null [INFO] (/home/meteo/dev/redist/fwidbmgr/include/Grid.h:1595) Configuring grid: dmc_tmp
2017-12-29 04:08:25,151 null [INFO] (/home/meteo/dev/redist/fwidbmgr/include/Grid.h:1695) Grid dmc_tmp configured.
2017-12-29 04:08:25,171 null [INFO] (/home/meteo/dev/redist/fwidbmgr/include/Grid.h:1595) Configuring grid: dc_tmp
2017-12-29 04:08:25,171 null [INFO] (/home/meteo/dev/redist/fwidbmgr/include/Grid.h:1695) Grid dc_tmp configured.
2017-12-29 04:08:25,204 null [INFO] (/home/meteo/dev/redist/fwidbmgr/include/Grid.h:1595) Configuring grid: idi
2017-12-29 04:08:25,204 null [INFO] (/home/meteo/dev/redist/fwidbmgr/include/Grid.h:1695) Grid idi configured.
2017-12-29 04:08:35,335 null [INFO] (../src/fwidbmgr.cpp:2081) Storing FWI indexes ...
2017-12-29 04:09:09,801 null [INFO] (../src/fwidbmgr.cpp:5555) OK --> 20171228 data imported.
2017-12-29 04:09:09,801 null [INFO] (../src/fwidbmgr.cpp:5695) action out took about 44 seconds.
2017-12-29 04:09:09,802 null [INFO] (../src/fwidbmgr.cpp:5699) Disconnected from database.
2017-12-29 04:09:10,106 null [INFO] (../src/fwidbmgr.cpp:5361) fwi db manager
2017-12-29 04:09:10,106 null [INFO] (../src/fwidbmgr.cpp:5365) Program home: /home/meteo/dev/redist/fwidbmgr
2017-12-29 04:09:10,106 null [INFO] (../src/fwidbmgr.cpp:5369) Auto convert: 1
2017-12-29 04:09:10,106 null [INFO] (../src/fwidbmgr.cpp:446) action: computeidx.
2017-12-29 04:09:10,106 null [INFO] (../src/fwidbmgr.cpp:470) date: 20171228.
2017-12-29 04:09:10,106 null [INFO] (../src/fwidbmgr.cpp:322) Try to read: /home/meteo/dev/redist/fwidbmgr/config/fwidbmgr.conf.
2017-12-29 04:09:10,120 null [INFO] (../src/fwidbmgr.cpp:5393) Configuration parsing: OK.
2017-12-29 04:09:10,162 null [INFO] (../src/fwidbmgr.cpp:5478) Connected to database
2017-12-29 04:09:10,162 null [INFO] (../src/fwidbmgr.cpp:5480) Manage data for date: 20171228.
2017-12-29 04:09:10,162 null [INFO] (../src/fwidbmgr.cpp:5656) Computing indexes.
2017-12-29 04:09:10,164 null [INFO] (/home/meteo/dev/redist/fwidbmgr/include/Grid.h:1595) Configuring grid: isi
2017-12-29 04:09:10,164 null [INFO] (/home/meteo/dev/redist/fwidbmgr/include/Grid.h:1695) Grid isi configured.
2017-12-29 04:09:10,165 null [INFO] (/home/meteo/dev/redist/fwidbmgr/include/Grid.h:1595) Configuring grid: fwi
2017-12-29 04:09:10,165 null [INFO] (/home/meteo/dev/redist/fwidbmgr/include/Grid.h:1695) Grid fwi configured.
2017-12-29 04:09:10,167 null [INFO] (/home/meteo/dev/redist/fwidbmgr/include/Grid.h:1595) Configuring grid: ffmc
2017-12-29 04:09:10,194 null [INFO] (/home/meteo/dev/redist/fwidbmgr/include/Grid.h:1695) Grid ffmc configured.
2017-12-29 04:09:10,195 null [INFO] (/home/meteo/dev/redist/fwidbmgr/include/Grid.h:1595) Configuring grid: dmc
2017-12-29 04:09:10,196 null [INFO] (/home/meteo/dev/redist/fwidbmgr/include/Grid.h:1695) Grid dmc configured.
2017-12-29 04:09:10,197 null [INFO] (/home/meteo/dev/redist/fwidbmgr/include/Grid.h:1595) Configuring grid: dc
2017-12-29 04:09:10,197 null [INFO] (/home/meteo/dev/redist/fwidbmgr/include/Grid.h:1695) Grid dc configured.
2017-12-29 04:09:10,198 null [INFO] (/home/meteo/dev/redist/fwidbmgr/include/Grid.h:1595) Configuring grid: bui
2017-12-29 04:09:10,198 null [INFO] (/home/meteo/dev/redist/fwidbmgr/include/Grid.h:1695) Grid bui configured.
2017-12-29 04:09:10,199 null [INFO] (/home/meteo/dev/redist/fwidbmgr/include/Grid.h:1595) Configuring grid: ffmc_tmp
2017-12-29 04:09:10,199 null [INFO] (/home/meteo/dev/redist/fwidbmgr/include/Grid.h:1695) Grid ffmc_tmp configured.
2017-12-29 04:09:10,201 null [INFO] (/home/meteo/dev/redist/fwidbmgr/include/Grid.h:1595) Configuring grid: dmc_tmp
2017-12-29 04:09:10,201 null [INFO] (/home/meteo/dev/redist/fwidbmgr/include/Grid.h:1695) Grid dmc_tmp configured.
2017-12-29 04:09:10,202 null [INFO] (/home/meteo/dev/redist/fwidbmgr/include/Grid.h:1595) Configuring grid: dc_tmp
2017-12-29 04:09:10,202 null [INFO] (/home/meteo/dev/redist/fwidbmgr/include/Grid.h:1695) Grid dc_tmp configured.
2017-12-29 04:09:10,203 null [INFO] (/home/meteo/dev/redist/fwidbmgr/include/Grid.h:1595) Configuring grid: idi
2017-12-29 04:09:10,203 null [INFO] (/home/meteo/dev/redist/fwidbmgr/include/Grid.h:1695) Grid idi configured.
2017-12-29 04:09:10,205 null [INFO] (/home/meteo/dev/redist/fwidbmgr/include/Grid.h:1595) Configuring grid: angstrom
2017-12-29 04:09:10,205 null [INFO] (/home/meteo/dev/redist/fwidbmgr/include/Grid.h:1695) Grid angstrom configured.
2017-12-29 04:09:10,206 null [INFO] (/home/meteo/dev/redist/fwidbmgr/include/Grid.h:1595) Configuring grid: fmi
2017-12-29 04:09:10,206 null [INFO] (/home/meteo/dev/redist/fwidbmgr/include/Grid.h:1695) Grid fmi configured.
2017-12-29 04:09:10,207 null [INFO] (/home/meteo/dev/redist/fwidbmgr/include/Grid.h:1595) Configuring grid: sharples
2017-12-29 04:09:10,207 null [INFO] (/home/meteo/dev/redist/fwidbmgr/include/Grid.h:1695) Grid sharples configured.
2017-12-29 04:09:21,372 null [INFO] (/home/meteo/dev/redist/fwidbmgr/include/Grid.h:1595) Configuring grid: snow
2017-12-29 04:09:21,373 null [INFO] (/home/meteo/dev/redist/fwidbmgr/include/Grid.h:1695) Grid snow configured.
2017-12-29 04:09:21,373 null [INFO] (/home/meteo/dev/redist/fwidbmgr/include/Grid.h:1595) Configuring grid: snow_covering
2017-12-29 04:09:21,373 null [INFO] (/home/meteo/dev/redist/fwidbmgr/include/Grid.h:1695) Grid snow_covering configured.
2017-12-29 04:09:21,373 null [INFO] (/home/meteo/dev/redist/fwidbmgr/include/Grid.h:1595) Configuring grid: snow_dissolution
2017-12-29 04:09:21,373 null [INFO] (/home/meteo/dev/redist/fwidbmgr/include/Grid.h:1695) Grid snow_dissolution configured.
2017-12-29 04:09:21,373 null [INFO] (/home/meteo/dev/redist/fwidbmgr/include/Grid.h:1595) Configuring grid: temperature
2017-12-29 04:09:21,373 null [INFO] (/home/meteo/dev/redist/fwidbmgr/include/Grid.h:1695) Grid temperature configured.
2017-12-29 04:09:21,373 null [INFO] (/home/meteo/dev/redist/fwidbmgr/include/Grid.h:1595) Configuring grid: humidity
2017-12-29 04:09:21,373 null [INFO] (/home/meteo/dev/redist/fwidbmgr/include/Grid.h:1695) Grid humidity configured.
2017-12-29 04:09:21,374 null [INFO] (/home/meteo/dev/redist/fwidbmgr/include/Grid.h:1595) Configuring grid: windspeed
2017-12-29 04:09:21,374 null [INFO] (/home/meteo/dev/redist/fwidbmgr/include/Grid.h:1695) Grid windspeed configured.
2017-12-29 04:09:21,374 null [INFO] (/home/meteo/dev/redist/fwidbmgr/include/Grid.h:1595) Configuring grid: rain
2017-12-29 04:09:21,374 null [INFO] (/home/meteo/dev/redist/fwidbmgr/include/Grid.h:1695) Grid rain configured.
2017-12-29 04:09:21,374 null [INFO] (/home/meteo/dev/redist/fwidbmgr/include/Grid.h:1595) Configuring grid: cum_rain
2017-12-29 04:09:21,374 null [INFO] (/home/meteo/dev/redist/fwidbmgr/include/Grid.h:1695) Grid cum_rain configured.
2017-12-29 04:11:50,827 null [INFO] (../src/fwidbmgr.cpp:5660) OK --> 20171228 indexes computed.
2017-12-29 04:11:50,836 null [INFO] (../src/fwidbmgr.cpp:5695) action computeidx took about 160 seconds.
2017-12-29 04:11:50,836 null [INFO] (../src/fwidbmgr.cpp:5699) Disconnected from database.
2017-12-29 04:11:51,029 null [INFO] (../src/fwidbmgr.cpp:5361) fwi db manager
2017-12-29 04:11:51,029 null [INFO] (../src/fwidbmgr.cpp:5365) Program home: /home/meteo/dev/redist/fwidbmgr
2017-12-29 04:11:51,029 null [INFO] (../src/fwidbmgr.cpp:5369) Auto convert: 1
2017-12-29 04:11:51,030 null [INFO] (../src/fwidbmgr.cpp:446) action: exportidx.
2017-12-29 04:11:51,030 null [INFO] (../src/fwidbmgr.cpp:470) date: 20171228.
2017-12-29 04:11:51,030 null [INFO] (../src/fwidbmgr.cpp:322) Try to read: /home/meteo/dev/redist/fwidbmgr/config/fwidbmgr.conf.
2017-12-29 04:11:51,038 null [INFO] (../src/fwidbmgr.cpp:5393) Configuration parsing: OK.
2017-12-29 04:11:51,061 null [INFO] (../src/fwidbmgr.cpp:5478) Connected to database
2017-12-29 04:11:51,061 null [INFO] (../src/fwidbmgr.cpp:5480) Manage data for date: 20171228.
2017-12-29 04:11:51,061 null [INFO] (../src/fwidbmgr.cpp:5596) Exporting indexes.
2017-12-29 04:11:51,063 null [INFO] (/home/meteo/dev/redist/fwidbmgr/include/Grid.h:1595) Configuring grid: isi
2017-12-29 04:11:51,063 null [INFO] (/home/meteo/dev/redist/fwidbmgr/include/Grid.h:1695) Grid isi configured.
2017-12-29 04:11:51,064 null [INFO] (/home/meteo/dev/redist/fwidbmgr/include/Grid.h:1595) Configuring grid: fwi
2017-12-29 04:11:51,064 null [INFO] (/home/meteo/dev/redist/fwidbmgr/include/Grid.h:1695) Grid fwi configured.
2017-12-29 04:11:51,066 null [INFO] (/home/meteo/dev/redist/fwidbmgr/include/Grid.h:1595) Configuring grid: ffmc
2017-12-29 04:11:51,066 null [INFO] (/home/meteo/dev/redist/fwidbmgr/include/Grid.h:1695) Grid ffmc configured.
2017-12-29 04:11:51,067 null [INFO] (/home/meteo/dev/redist/fwidbmgr/include/Grid.h:1595) Configuring grid: dmc
2017-12-29 04:11:51,067 null [INFO] (/home/meteo/dev/redist/fwidbmgr/include/Grid.h:1695) Grid dmc configured.
2017-12-29 04:11:51,068 null [INFO] (/home/meteo/dev/redist/fwidbmgr/include/Grid.h:1595) Configuring grid: dc
2017-12-29 04:11:51,068 null [INFO] (/home/meteo/dev/redist/fwidbmgr/include/Grid.h:1695) Grid dc configured.
2017-12-29 04:11:51,070 null [INFO] (/home/meteo/dev/redist/fwidbmgr/include/Grid.h:1595) Configuring grid: bui
2017-12-29 04:11:51,070 null [INFO] (/home/meteo/dev/redist/fwidbmgr/include/Grid.h:1695) Grid bui configured.
2017-12-29 04:11:51,071 null [INFO] (/home/meteo/dev/redist/fwidbmgr/include/Grid.h:1595) Configuring grid: ffmc_tmp
2017-12-29 04:11:51,071 null [INFO] (/home/meteo/dev/redist/fwidbmgr/include/Grid.h:1695) Grid ffmc_tmp configured.
2017-12-29 04:11:51,072 null [INFO] (/home/meteo/dev/redist/fwidbmgr/include/Grid.h:1595) Configuring grid: dmc_tmp
2017-12-29 04:11:51,072 null [INFO] (/home/meteo/dev/redist/fwidbmgr/include/Grid.h:1695) Grid dmc_tmp configured.
2017-12-29 04:11:51,074 null [INFO] (/home/meteo/dev/redist/fwidbmgr/include/Grid.h:1595) Configuring grid: dc_tmp
2017-12-29 04:11:51,074 null [INFO] (/home/meteo/dev/redist/fwidbmgr/include/Grid.h:1695) Grid dc_tmp configured.
2017-12-29 04:11:51,075 null [INFO] (/home/meteo/dev/redist/fwidbmgr/include/Grid.h:1595) Configuring grid: idi
2017-12-29 04:11:51,075 null [INFO] (/home/meteo/dev/redist/fwidbmgr/include/Grid.h:1695) Grid idi configured.
2017-12-29 04:11:51,076 null [INFO] (/home/meteo/dev/redist/fwidbmgr/include/Grid.h:1595) Configuring grid: angstrom
2017-12-29 04:11:51,076 null [INFO] (/home/meteo/dev/redist/fwidbmgr/include/Grid.h:1695) Grid angstrom configured.
2017-12-29 04:11:51,077 null [INFO] (/home/meteo/dev/redist/fwidbmgr/include/Grid.h:1595) Configuring grid: fmi
2017-12-29 04:11:51,078 null [INFO] (/home/meteo/dev/redist/fwidbmgr/include/Grid.h:1695) Grid fmi configured.
2017-12-29 04:11:51,079 null [INFO] (/home/meteo/dev/redist/fwidbmgr/include/Grid.h:1595) Configuring grid: sharples
2017-12-29 04:11:51,079 null [INFO] (/home/meteo/dev/redist/fwidbmgr/include/Grid.h:1695) Grid sharples configured.
2017-12-29 04:12:01,915 null [INFO] (/home/meteo/dev/redist/fwidbmgr/include/Grid.h:1595) Configuring grid: isi
2017-12-29 04:12:01,925 null [INFO] (/home/meteo/dev/redist/fwidbmgr/include/Grid.h:1695) Grid isi configured.
2017-12-29 04:12:01,989 null [INFO] (/home/meteo/dev/redist/fwidbmgr/include/Grid.h:1595) Configuring grid: fwi
2017-12-29 04:12:01,989 null [INFO] (/home/meteo/dev/redist/fwidbmgr/include/Grid.h:1695) Grid fwi configured.
2017-12-29 04:12:02,026 null [INFO] (/home/meteo/dev/redist/fwidbmgr/include/Grid.h:1595) Configuring grid: ffmc
2017-12-29 04:12:02,026 null [INFO] (/home/meteo/dev/redist/fwidbmgr/include/Grid.h:1695) Grid ffmc configured.
2017-12-29 04:12:02,064 null [INFO] (/home/meteo/dev/redist/fwidbmgr/include/Grid.h:1595) Configuring grid: dmc
2017-12-29 04:12:02,064 null [INFO] (/home/meteo/dev/redist/fwidbmgr/include/Grid.h:1695) Grid dmc configured.
2017-12-29 04:12:02,100 null [INFO] (/home/meteo/dev/redist/fwidbmgr/include/Grid.h:1595) Configuring grid: dc
2017-12-29 04:12:02,101 null [INFO] (/home/meteo/dev/redist/fwidbmgr/include/Grid.h:1695) Grid dc configured.
2017-12-29 04:12:02,138 null [INFO] (/home/meteo/dev/redist/fwidbmgr/include/Grid.h:1595) Configuring grid: bui
2017-12-29 04:12:02,138 null [INFO] (/home/meteo/dev/redist/fwidbmgr/include/Grid.h:1695) Grid bui configured.
2017-12-29 04:12:02,175 null [INFO] (/home/meteo/dev/redist/fwidbmgr/include/Grid.h:1595) Configuring grid: ffmc_tmp
2017-12-29 04:12:02,175 null [INFO] (/home/meteo/dev/redist/fwidbmgr/include/Grid.h:1695) Grid ffmc_tmp configured.
2017-12-29 04:12:02,210 null [INFO] (/home/meteo/dev/redist/fwidbmgr/include/Grid.h:1595) Configuring grid: dmc_tmp
2017-12-29 04:12:02,210 null [INFO] (/home/meteo/dev/redist/fwidbmgr/include/Grid.h:1695) Grid dmc_tmp configured.
2017-12-29 04:12:02,244 null [INFO] (/home/meteo/dev/redist/fwidbmgr/include/Grid.h:1595) Configuring grid: dc_tmp
2017-12-29 04:12:02,244 null [INFO] (/home/meteo/dev/redist/fwidbmgr/include/Grid.h:1695) Grid dc_tmp configured.
2017-12-29 04:12:02,279 null [INFO] (/home/meteo/dev/redist/fwidbmgr/include/Grid.h:1595) Configuring grid: angstrom
2017-12-29 04:12:02,279 null [INFO] (/home/meteo/dev/redist/fwidbmgr/include/Grid.h:1695) Grid angstrom configured.
2017-12-29 04:12:02,343 null [INFO] (/home/meteo/dev/redist/fwidbmgr/include/Grid.h:1595) Configuring grid: sharples
2017-12-29 04:12:02,343 null [INFO] (/home/meteo/dev/redist/fwidbmgr/include/Grid.h:1695) Grid sharples configured.
2017-12-29 04:12:02,388 null [INFO] (/home/meteo/dev/redist/fwidbmgr/include/Grid.h:1595) Configuring grid: fmi
2017-12-29 04:12:02,388 null [INFO] (/home/meteo/dev/redist/fwidbmgr/include/Grid.h:1695) Grid fmi configured.
2017-12-29 04:12:02,433 null [INFO] (../src/fwidbmgr.cpp:5600) OK --> 20171228 indexes exported to files.
2017-12-29 04:12:02,434 null [INFO] (../src/fwidbmgr.cpp:5695) action exportidx took about 11 seconds.
2017-12-29 04:12:02,434 null [INFO] (../src/fwidbmgr.cpp:5699) Disconnected from database.
2017-12-29 04:12:29,846 null [INFO] (../src/fwidbmgr.cpp:5361) fwi db manager
2017-12-29 04:12:29,846 null [INFO] (../src/fwidbmgr.cpp:5365) Program home: /home/meteo/dev/redist/fwidbmgr
2017-12-29 04:12:29,846 null [INFO] (../src/fwidbmgr.cpp:5369) Auto convert: 1
2017-12-29 04:12:29,846 null [INFO] (../src/fwidbmgr.cpp:446) action: outimg.
2017-12-29 04:12:29,846 null [INFO] (../src/fwidbmgr.cpp:470) date: 20171228.
2017-12-29 04:12:29,846 null [INFO] (../src/fwidbmgr.cpp:322) Try to read: /home/meteo/dev/redist/fwidbmgr/config/fwidbmgr.conf.
2017-12-29 04:12:29,853 null [INFO] (../src/fwidbmgr.cpp:5393) Configuration parsing: OK.
2017-12-29 04:12:29,875 null [INFO] (../src/fwidbmgr.cpp:5478) Connected to database
2017-12-29 04:12:29,876 null [INFO] (../src/fwidbmgr.cpp:5480) Manage data for date: 20171228.
2017-12-29 04:12:29,876 null [INFO] (../src/fwidbmgr.cpp:5566) Importing fwi indexes images in database.
2017-12-29 04:12:30,280 null [INFO] (../src/fwidbmgr.cpp:5570) OK --> 20171228 images imported.
2017-12-29 04:12:30,280 null [INFO] (../src/fwidbmgr.cpp:5695) action outimg took about 1 seconds.
2017-12-29 04:12:30,280 null [INFO] (../src/fwidbmgr.cpp:5699) Disconnected from database.
2017-12-29 04:37:01,393 null [INFO] (../src/fwidbmgr.cpp:5361) fwi db manager
2017-12-29 04:37:01,393 null [INFO] (../src/fwidbmgr.cpp:5365) Program home: /home/meteo/dev/redist/fwidbmgr
2017-12-29 04:37:01,393 null [INFO] (../src/fwidbmgr.cpp:5369) Auto convert: 1
2017-12-29 04:37:01,393 null [INFO] (../src/fwidbmgr.cpp:446) action: outimg.
2017-12-29 04:37:01,393 null [INFO] (../src/fwidbmgr.cpp:470) date: 20171228.
2017-12-29 04:37:01,393 null [INFO] (../src/fwidbmgr.cpp:322) Try to read: /home/meteo/dev/redist/fwidbmgr/config/fwidbmgr.conf.
2017-12-29 04:37:01,395 null [INFO] (../src/fwidbmgr.cpp:5393) Configuration parsing: OK.
2017-12-29 04:37:01,400 null [INFO] (../src/fwidbmgr.cpp:5478) Connected to database
2017-12-29 04:37:01,400 null [INFO] (../src/fwidbmgr.cpp:5480) Manage data for date: 20171228.
2017-12-29 04:37:01,400 null [INFO] (../src/fwidbmgr.cpp:5566) Importing fwi indexes images in database.
2017-12-29 04:37:01,510 null [INFO] (../src/fwidbmgr.cpp:5570) OK --> 20171228 images imported.
2017-12-29 04:37:01,511 null [INFO] (../src/fwidbmgr.cpp:5695) action outimg took about 0 seconds.
2017-12-29 04:37:01,511 null [INFO] (../src/fwidbmgr.cpp:5699) Disconnected from database.
2017-12-29 05:05:01,634 null [INFO] (../src/fwidbmgr.cpp:5361) fwi db manager
2017-12-29 05:05:01,634 null [INFO] (../src/fwidbmgr.cpp:5365) Program home: /home/meteo/dev/redist/fwidbmgr
2017-12-29 05:05:01,635 null [INFO] (../src/fwidbmgr.cpp:5369) Auto convert: 1
2017-12-29 05:05:01,635 null [INFO] (../src/fwidbmgr.cpp:446) action: outimg.
2017-12-29 05:05:01,635 null [INFO] (../src/fwidbmgr.cpp:470) date: 20171228.
2017-12-29 05:05:01,635 null [INFO] (../src/fwidbmgr.cpp:322) Try to read: /home/meteo/dev/redist/fwidbmgr/config/fwidbmgr.conf.
2017-12-29 05:05:01,637 null [INFO] (../src/fwidbmgr.cpp:5393) Configuration parsing: OK.
2017-12-29 05:05:01,641 null [INFO] (../src/fwidbmgr.cpp:5478) Connected to database
2017-12-29 05:05:01,641 null [INFO] (../src/fwidbmgr.cpp:5480) Manage data for date: 20171228.
2017-12-29 05:05:01,642 null [INFO] (../src/fwidbmgr.cpp:5566) Importing fwi indexes images in database.
2017-12-29 05:05:01,728 null [INFO] (../src/fwidbmgr.cpp:5570) OK --> 20171228 images imported.
2017-12-29 05:05:01,728 null [INFO] (../src/fwidbmgr.cpp:5695) action outimg took about 0 seconds.
2017-12-29 05:05:01,728 null [INFO] (../src/fwidbmgr.cpp:5699) Disconnected from database.
2017-12-29 05:37:01,869 null [INFO] (../src/fwidbmgr.cpp:5361) fwi db manager
2017-12-29 05:37:01,870 null [INFO] (../src/fwidbmgr.cpp:5365) Program home: /home/meteo/dev/redist/fwidbmgr
2017-12-29 05:37:01,870 null [INFO] (../src/fwidbmgr.cpp:5369) Auto convert: 1
2017-12-29 05:37:01,870 null [INFO] (../src/fwidbmgr.cpp:446) action: outimg.
2017-12-29 05:37:01,870 null [INFO] (../src/fwidbmgr.cpp:470) date: 20171228.
2017-12-29 05:37:01,870 null [INFO] (../src/fwidbmgr.cpp:322) Try to read: /home/meteo/dev/redist/fwidbmgr/config/fwidbmgr.conf.
2017-12-29 05:37:01,872 null [INFO] (../src/fwidbmgr.cpp:5393) Configuration parsing: OK.
2017-12-29 05:37:01,876 null [INFO] (../src/fwidbmgr.cpp:5478) Connected to database
2017-12-29 05:37:01,876 null [INFO] (../src/fwidbmgr.cpp:5480) Manage data for date: 20171228.
2017-12-29 05:37:01,876 null [INFO] (../src/fwidbmgr.cpp:5566) Importing fwi indexes images in database.
2017-12-29 05:37:01,954 null [INFO] (../src/fwidbmgr.cpp:5570) OK --> 20171228 images imported.
2017-12-29 05:37:01,954 null [INFO] (../src/fwidbmgr.cpp:5695) action outimg took about 0 seconds.
2017-12-29 05:37:01,954 null [INFO] (../src/fwidbmgr.cpp:5699) Disconnected from database.
2017-12-29 06:05:01,661 null [INFO] (../src/fwidbmgr.cpp:5361) fwi db manager
2017-12-29 06:05:01,661 null [INFO] (../src/fwidbmgr.cpp:5365) Program home: /home/meteo/dev/redist/fwidbmgr
2017-12-29 06:05:01,661 null [INFO] (../src/fwidbmgr.cpp:5369) Auto convert: 1
2017-12-29 06:05:01,661 null [INFO] (../src/fwidbmgr.cpp:446) action: outimg.
2017-12-29 06:05:01,661 null [INFO] (../src/fwidbmgr.cpp:470) date: 20171228.
2017-12-29 06:05:01,661 null [INFO] (../src/fwidbmgr.cpp:322) Try to read: /home/meteo/dev/redist/fwidbmgr/config/fwidbmgr.conf.
2017-12-29 06:05:01,663 null [INFO] (../src/fwidbmgr.cpp:5393) Configuration parsing: OK.
2017-12-29 06:05:01,668 null [INFO] (../src/fwidbmgr.cpp:5478) Connected to database
2017-12-29 06:05:01,669 null [INFO] (../src/fwidbmgr.cpp:5480) Manage data for date: 20171228.
2017-12-29 06:05:01,669 null [INFO] (../src/fwidbmgr.cpp:5566) Importing fwi indexes images in database.
2017-12-29 06:05:01,746 null [INFO] (../src/fwidbmgr.cpp:5570) OK --> 20171228 images imported.
2017-12-29 06:05:01,746 null [INFO] (../src/fwidbmgr.cpp:5695) action outimg took about 0 seconds.
2017-12-29 06:05:01,746 null [INFO] (../src/fwidbmgr.cpp:5699) Disconnected from database.
2017-12-29 06:37:01,881 null [INFO] (../src/fwidbmgr.cpp:5361) fwi db manager
2017-12-29 06:37:01,881 null [INFO] (../src/fwidbmgr.cpp:5365) Program home: /home/meteo/dev/redist/fwidbmgr
2017-12-29 06:37:01,881 null [INFO] (../src/fwidbmgr.cpp:5369) Auto convert: 1
2017-12-29 06:37:01,881 null [INFO] (../src/fwidbmgr.cpp:446) action: outimg.
2017-12-29 06:37:01,881 null [INFO] (../src/fwidbmgr.cpp:470) date: 20171228.
2017-12-29 06:37:01,881 null [INFO] (../src/fwidbmgr.cpp:322) Try to read: /home/meteo/dev/redist/fwidbmgr/config/fwidbmgr.conf.
2017-12-29 06:37:01,884 null [INFO] (../src/fwidbmgr.cpp:5393) Configuration parsing: OK.
2017-12-29 06:37:01,889 null [INFO] (../src/fwidbmgr.cpp:5478) Connected to database
2017-12-29 06:37:01,889 null [INFO] (../src/fwidbmgr.cpp:5480) Manage data for date: 20171228.
2017-12-29 06:37:01,889 null [INFO] (../src/fwidbmgr.cpp:5566) Importing fwi indexes images in database.
2017-12-29 06:37:01,998 null [INFO] (../src/fwidbmgr.cpp:5570) OK --> 20171228 images imported.
2017-12-29 06:37:01,998 null [INFO] (../src/fwidbmgr.cpp:5695) action outimg took about 0 seconds.
2017-12-29 06:37:01,998 null [INFO] (../src/fwidbmgr.cpp:5699) Disconnected from database.
