2016-06-05 05:07:32,395 null [INFO] (../src/fwidbmgr.cpp:5207) fwi db manager
2016-06-05 05:07:32,395 null [INFO] (../src/fwidbmgr.cpp:5209) Program home: /home/meteo/dev/redist/fwidbmgr
2016-06-05 05:07:32,395 null [INFO] (../src/fwidbmgr.cpp:5211) Auto convert: 1
2016-06-05 05:07:32,395 null [INFO] (../src/fwidbmgr.cpp:458) action: in.
2016-06-05 05:07:32,395 null [INFO] (../src/fwidbmgr.cpp:482) date: 20160604.
2016-06-05 05:07:32,395 null [INFO] (../src/fwidbmgr.cpp:319) Try to read: /home/meteo/dev/redist/fwidbmgr/config/fwidbmgr.conf.
2016-06-05 05:07:32,670 null [INFO] (../src/fwidbmgr.cpp:5240) Configuration parsing: OK.
2016-06-05 05:07:33,711 null [INFO] (../src/fwidbmgr.cpp:5322) Connected to database
2016-06-05 05:07:33,711 null [INFO] (../src/fwidbmgr.cpp:5323) Manage data for date: 20160604.
2016-06-05 05:07:33,711 null [INFO] (../src/fwidbmgr.cpp:5367) Importing meteo data in database for day: 20160604.
2016-06-05 05:07:33,712 null [INFO] (/home/meteo/dev/redist/fwidbmgr/include/Grid.h:1595) Configuring grid: snow
2016-06-05 05:07:33,712 null [INFO] (/home/meteo/dev/redist/fwidbmgr/include/Grid.h:1695) Grid snow configured.
2016-06-05 05:07:33,723 null [INFO] (/home/meteo/dev/redist/fwidbmgr/include/Grid.h:1595) Configuring grid: snow_covering
2016-06-05 05:07:33,724 null [INFO] (/home/meteo/dev/redist/fwidbmgr/include/Grid.h:1695) Grid snow_covering configured.
2016-06-05 05:07:33,736 null [INFO] (/home/meteo/dev/redist/fwidbmgr/include/Grid.h:1595) Configuring grid: snow_dissolution
2016-06-05 05:07:33,736 null [INFO] (/home/meteo/dev/redist/fwidbmgr/include/Grid.h:1695) Grid snow_dissolution configured.
2016-06-05 05:07:33,759 null [INFO] (/home/meteo/dev/redist/fwidbmgr/include/Grid.h:1595) Configuring grid: temperature
2016-06-05 05:07:33,759 null [INFO] (/home/meteo/dev/redist/fwidbmgr/include/Grid.h:1695) Grid temperature configured.
2016-06-05 05:07:33,764 null [INFO] (/home/meteo/dev/redist/fwidbmgr/include/Grid.h:1595) Configuring grid: humidity
2016-06-05 05:07:33,764 null [INFO] (/home/meteo/dev/redist/fwidbmgr/include/Grid.h:1695) Grid humidity configured.
2016-06-05 05:07:33,774 null [INFO] (/home/meteo/dev/redist/fwidbmgr/include/Grid.h:1595) Configuring grid: windspeed
2016-06-05 05:07:33,774 null [INFO] (/home/meteo/dev/redist/fwidbmgr/include/Grid.h:1695) Grid windspeed configured.
2016-06-05 05:07:33,797 null [INFO] (/home/meteo/dev/redist/fwidbmgr/include/Grid.h:1595) Configuring grid: rain
2016-06-05 05:07:33,797 null [INFO] (/home/meteo/dev/redist/fwidbmgr/include/Grid.h:1695) Grid rain configured.
2016-06-05 05:07:33,800 null [INFO] (/home/meteo/dev/redist/fwidbmgr/include/Grid.h:1595) Configuring grid: cum_rain
2016-06-05 05:07:33,800 null [INFO] (/home/meteo/dev/redist/fwidbmgr/include/Grid.h:1695) Grid cum_rain configured.
2016-06-05 05:08:44,637 null [INFO] (../src/fwidbmgr.cpp:1502) Storing meteo input ...
2016-06-05 05:13:43,451 null [INFO] (../src/fwidbmgr.cpp:5370) OK --> 20160604 data imported.
2016-06-05 05:13:43,459 null [INFO] (../src/fwidbmgr.cpp:5496) action in took about 370 seconds.
2016-06-05 05:13:43,758 null [INFO] (../src/fwidbmgr.cpp:5499) Disconnected from database.
2016-06-05 05:15:31,869 null [INFO] (../src/fwidbmgr.cpp:5207) fwi db manager
2016-06-05 05:15:31,870 null [INFO] (../src/fwidbmgr.cpp:5209) Program home: /home/meteo/dev/redist/fwidbmgr
2016-06-05 05:15:31,870 null [INFO] (../src/fwidbmgr.cpp:5211) Auto convert: 1
2016-06-05 05:15:31,870 null [INFO] (../src/fwidbmgr.cpp:458) action: out.
2016-06-05 05:15:31,870 null [INFO] (../src/fwidbmgr.cpp:482) date: 20160604.
2016-06-05 05:15:31,870 null [INFO] (../src/fwidbmgr.cpp:319) Try to read: /home/meteo/dev/redist/fwidbmgr/config/fwidbmgr.conf.
2016-06-05 05:15:31,935 null [INFO] (../src/fwidbmgr.cpp:5240) Configuration parsing: OK.
2016-06-05 05:15:31,950 null [INFO] (../src/fwidbmgr.cpp:5322) Connected to database
2016-06-05 05:15:31,951 null [INFO] (../src/fwidbmgr.cpp:5323) Manage data for date: 20160604.
2016-06-05 05:15:31,951 null [INFO] (../src/fwidbmgr.cpp:5379) Importing fwi indexes data in database for day: 20160604.
2016-06-05 05:15:31,958 null [INFO] (/home/meteo/dev/redist/fwidbmgr/include/Grid.h:1595) Configuring grid: isi
2016-06-05 05:15:31,959 null [INFO] (/home/meteo/dev/redist/fwidbmgr/include/Grid.h:1695) Grid isi configured.
2016-06-05 05:15:31,973 null [INFO] (/home/meteo/dev/redist/fwidbmgr/include/Grid.h:1595) Configuring grid: fwi
2016-06-05 05:15:31,973 null [INFO] (/home/meteo/dev/redist/fwidbmgr/include/Grid.h:1695) Grid fwi configured.
2016-06-05 05:15:31,986 null [INFO] (/home/meteo/dev/redist/fwidbmgr/include/Grid.h:1595) Configuring grid: ffmc
2016-06-05 05:15:31,987 null [INFO] (/home/meteo/dev/redist/fwidbmgr/include/Grid.h:1695) Grid ffmc configured.
2016-06-05 05:15:32,001 null [INFO] (/home/meteo/dev/redist/fwidbmgr/include/Grid.h:1595) Configuring grid: dmc
2016-06-05 05:15:32,001 null [INFO] (/home/meteo/dev/redist/fwidbmgr/include/Grid.h:1695) Grid dmc configured.
2016-06-05 05:15:32,016 null [INFO] (/home/meteo/dev/redist/fwidbmgr/include/Grid.h:1595) Configuring grid: dc
2016-06-05 05:15:32,016 null [INFO] (/home/meteo/dev/redist/fwidbmgr/include/Grid.h:1695) Grid dc configured.
2016-06-05 05:15:32,030 null [INFO] (/home/meteo/dev/redist/fwidbmgr/include/Grid.h:1595) Configuring grid: bui
2016-06-05 05:15:32,030 null [INFO] (/home/meteo/dev/redist/fwidbmgr/include/Grid.h:1695) Grid bui configured.
2016-06-05 05:15:32,044 null [INFO] (/home/meteo/dev/redist/fwidbmgr/include/Grid.h:1595) Configuring grid: ffmc_tmp
2016-06-05 05:15:32,045 null [INFO] (/home/meteo/dev/redist/fwidbmgr/include/Grid.h:1695) Grid ffmc_tmp configured.
2016-06-05 05:15:32,128 null [INFO] (/home/meteo/dev/redist/fwidbmgr/include/Grid.h:1595) Configuring grid: dmc_tmp
2016-06-05 05:15:32,128 null [INFO] (/home/meteo/dev/redist/fwidbmgr/include/Grid.h:1695) Grid dmc_tmp configured.
2016-06-05 05:15:32,223 null [INFO] (/home/meteo/dev/redist/fwidbmgr/include/Grid.h:1595) Configuring grid: dc_tmp
2016-06-05 05:15:32,223 null [INFO] (/home/meteo/dev/redist/fwidbmgr/include/Grid.h:1695) Grid dc_tmp configured.
2016-06-05 05:15:32,247 null [INFO] (/home/meteo/dev/redist/fwidbmgr/include/Grid.h:1595) Configuring grid: idi
2016-06-05 05:15:32,247 null [INFO] (/home/meteo/dev/redist/fwidbmgr/include/Grid.h:1695) Grid idi configured.
2016-06-05 05:16:30,782 null [INFO] (../src/fwidbmgr.cpp:2045) Storing FWI indexes ...
2016-06-05 05:18:05,621 null [INFO] (../src/fwidbmgr.cpp:5382) OK --> 20160604 data imported.
2016-06-05 05:18:05,622 null [INFO] (../src/fwidbmgr.cpp:5496) action out took about 154 seconds.
2016-06-05 05:18:05,622 null [INFO] (../src/fwidbmgr.cpp:5499) Disconnected from database.
2016-06-05 05:18:06,910 null [INFO] (../src/fwidbmgr.cpp:5207) fwi db manager
2016-06-05 05:18:06,910 null [INFO] (../src/fwidbmgr.cpp:5209) Program home: /home/meteo/dev/redist/fwidbmgr
2016-06-05 05:18:06,910 null [INFO] (../src/fwidbmgr.cpp:5211) Auto convert: 1
2016-06-05 05:18:06,910 null [INFO] (../src/fwidbmgr.cpp:458) action: computeidx.
2016-06-05 05:18:06,910 null [INFO] (../src/fwidbmgr.cpp:482) date: 20160604.
2016-06-05 05:18:06,911 null [INFO] (../src/fwidbmgr.cpp:319) Try to read: /home/meteo/dev/redist/fwidbmgr/config/fwidbmgr.conf.
2016-06-05 05:18:06,950 null [INFO] (../src/fwidbmgr.cpp:5240) Configuration parsing: OK.
2016-06-05 05:18:07,330 null [INFO] (../src/fwidbmgr.cpp:5322) Connected to database
2016-06-05 05:18:07,330 null [INFO] (../src/fwidbmgr.cpp:5323) Manage data for date: 20160604.
2016-06-05 05:18:07,330 null [INFO] (../src/fwidbmgr.cpp:5463) Computing indexes.
2016-06-05 05:18:07,332 null [INFO] (/home/meteo/dev/redist/fwidbmgr/include/Grid.h:1595) Configuring grid: isi
2016-06-05 05:18:07,332 null [INFO] (/home/meteo/dev/redist/fwidbmgr/include/Grid.h:1695) Grid isi configured.
2016-06-05 05:18:07,333 null [INFO] (/home/meteo/dev/redist/fwidbmgr/include/Grid.h:1595) Configuring grid: fwi
2016-06-05 05:18:07,333 null [INFO] (/home/meteo/dev/redist/fwidbmgr/include/Grid.h:1695) Grid fwi configured.
2016-06-05 05:18:07,335 null [INFO] (/home/meteo/dev/redist/fwidbmgr/include/Grid.h:1595) Configuring grid: ffmc
2016-06-05 05:18:07,338 null [INFO] (/home/meteo/dev/redist/fwidbmgr/include/Grid.h:1695) Grid ffmc configured.
2016-06-05 05:18:07,339 null [INFO] (/home/meteo/dev/redist/fwidbmgr/include/Grid.h:1595) Configuring grid: dmc
2016-06-05 05:18:07,339 null [INFO] (/home/meteo/dev/redist/fwidbmgr/include/Grid.h:1695) Grid dmc configured.
2016-06-05 05:18:07,341 null [INFO] (/home/meteo/dev/redist/fwidbmgr/include/Grid.h:1595) Configuring grid: dc
2016-06-05 05:18:07,341 null [INFO] (/home/meteo/dev/redist/fwidbmgr/include/Grid.h:1695) Grid dc configured.
2016-06-05 05:18:07,342 null [INFO] (/home/meteo/dev/redist/fwidbmgr/include/Grid.h:1595) Configuring grid: bui
2016-06-05 05:18:07,342 null [INFO] (/home/meteo/dev/redist/fwidbmgr/include/Grid.h:1695) Grid bui configured.
2016-06-05 05:18:07,344 null [INFO] (/home/meteo/dev/redist/fwidbmgr/include/Grid.h:1595) Configuring grid: ffmc_tmp
2016-06-05 05:18:07,344 null [INFO] (/home/meteo/dev/redist/fwidbmgr/include/Grid.h:1695) Grid ffmc_tmp configured.
2016-06-05 05:18:07,345 null [INFO] (/home/meteo/dev/redist/fwidbmgr/include/Grid.h:1595) Configuring grid: dmc_tmp
2016-06-05 05:18:07,345 null [INFO] (/home/meteo/dev/redist/fwidbmgr/include/Grid.h:1695) Grid dmc_tmp configured.
2016-06-05 05:18:07,347 null [INFO] (/home/meteo/dev/redist/fwidbmgr/include/Grid.h:1595) Configuring grid: dc_tmp
2016-06-05 05:18:07,347 null [INFO] (/home/meteo/dev/redist/fwidbmgr/include/Grid.h:1695) Grid dc_tmp configured.
2016-06-05 05:18:07,348 null [INFO] (/home/meteo/dev/redist/fwidbmgr/include/Grid.h:1595) Configuring grid: idi
2016-06-05 05:18:07,348 null [INFO] (/home/meteo/dev/redist/fwidbmgr/include/Grid.h:1695) Grid idi configured.
2016-06-05 05:18:07,350 null [INFO] (/home/meteo/dev/redist/fwidbmgr/include/Grid.h:1595) Configuring grid: angstrom
2016-06-05 05:18:07,350 null [INFO] (/home/meteo/dev/redist/fwidbmgr/include/Grid.h:1695) Grid angstrom configured.
2016-06-05 05:18:07,351 null [INFO] (/home/meteo/dev/redist/fwidbmgr/include/Grid.h:1595) Configuring grid: fmi
2016-06-05 05:18:07,351 null [INFO] (/home/meteo/dev/redist/fwidbmgr/include/Grid.h:1695) Grid fmi configured.
2016-06-05 05:18:07,353 null [INFO] (/home/meteo/dev/redist/fwidbmgr/include/Grid.h:1595) Configuring grid: sharples
2016-06-05 05:18:07,353 null [INFO] (/home/meteo/dev/redist/fwidbmgr/include/Grid.h:1695) Grid sharples configured.
2016-06-05 05:18:44,238 null [INFO] (/home/meteo/dev/redist/fwidbmgr/include/Grid.h:1595) Configuring grid: snow
2016-06-05 05:18:44,238 null [INFO] (/home/meteo/dev/redist/fwidbmgr/include/Grid.h:1695) Grid snow configured.
2016-06-05 05:18:44,238 null [INFO] (/home/meteo/dev/redist/fwidbmgr/include/Grid.h:1595) Configuring grid: snow_covering
2016-06-05 05:18:44,239 null [INFO] (/home/meteo/dev/redist/fwidbmgr/include/Grid.h:1695) Grid snow_covering configured.
2016-06-05 05:18:44,239 null [INFO] (/home/meteo/dev/redist/fwidbmgr/include/Grid.h:1595) Configuring grid: snow_dissolution
2016-06-05 05:18:44,239 null [INFO] (/home/meteo/dev/redist/fwidbmgr/include/Grid.h:1695) Grid snow_dissolution configured.
2016-06-05 05:18:44,239 null [INFO] (/home/meteo/dev/redist/fwidbmgr/include/Grid.h:1595) Configuring grid: temperature
2016-06-05 05:18:44,239 null [INFO] (/home/meteo/dev/redist/fwidbmgr/include/Grid.h:1695) Grid temperature configured.
2016-06-05 05:18:44,239 null [INFO] (/home/meteo/dev/redist/fwidbmgr/include/Grid.h:1595) Configuring grid: humidity
2016-06-05 05:18:44,239 null [INFO] (/home/meteo/dev/redist/fwidbmgr/include/Grid.h:1695) Grid humidity configured.
2016-06-05 05:18:44,239 null [INFO] (/home/meteo/dev/redist/fwidbmgr/include/Grid.h:1595) Configuring grid: windspeed
2016-06-05 05:18:44,240 null [INFO] (/home/meteo/dev/redist/fwidbmgr/include/Grid.h:1695) Grid windspeed configured.
2016-06-05 05:18:44,240 null [INFO] (/home/meteo/dev/redist/fwidbmgr/include/Grid.h:1595) Configuring grid: rain
2016-06-05 05:18:44,240 null [INFO] (/home/meteo/dev/redist/fwidbmgr/include/Grid.h:1695) Grid rain configured.
2016-06-05 05:18:44,240 null [INFO] (/home/meteo/dev/redist/fwidbmgr/include/Grid.h:1595) Configuring grid: cum_rain
2016-06-05 05:18:44,240 null [INFO] (/home/meteo/dev/redist/fwidbmgr/include/Grid.h:1695) Grid cum_rain configured.
2016-06-05 05:22:13,770 null [INFO] (../src/fwidbmgr.cpp:5466) OK --> 20160604 indexes computed.
2016-06-05 05:22:13,773 null [INFO] (../src/fwidbmgr.cpp:5496) action computeidx took about 246 seconds.
2016-06-05 05:22:13,773 null [INFO] (../src/fwidbmgr.cpp:5499) Disconnected from database.
2016-06-05 05:22:15,039 null [INFO] (../src/fwidbmgr.cpp:5207) fwi db manager
2016-06-05 05:22:15,039 null [INFO] (../src/fwidbmgr.cpp:5209) Program home: /home/meteo/dev/redist/fwidbmgr
2016-06-05 05:22:15,039 null [INFO] (../src/fwidbmgr.cpp:5211) Auto convert: 1
2016-06-05 05:22:15,039 null [INFO] (../src/fwidbmgr.cpp:458) action: exportidx.
2016-06-05 05:22:15,039 null [INFO] (../src/fwidbmgr.cpp:482) date: 20160604.
2016-06-05 05:22:15,039 null [INFO] (../src/fwidbmgr.cpp:319) Try to read: /home/meteo/dev/redist/fwidbmgr/config/fwidbmgr.conf.
2016-06-05 05:22:15,102 null [INFO] (../src/fwidbmgr.cpp:5240) Configuration parsing: OK.
2016-06-05 05:22:15,245 null [INFO] (../src/fwidbmgr.cpp:5322) Connected to database
2016-06-05 05:22:15,245 null [INFO] (../src/fwidbmgr.cpp:5323) Manage data for date: 20160604.
2016-06-05 05:22:15,246 null [INFO] (../src/fwidbmgr.cpp:5415) Exporting indexes.
2016-06-05 05:22:15,247 null [INFO] (/home/meteo/dev/redist/fwidbmgr/include/Grid.h:1595) Configuring grid: isi
2016-06-05 05:22:15,247 null [INFO] (/home/meteo/dev/redist/fwidbmgr/include/Grid.h:1695) Grid isi configured.
2016-06-05 05:22:15,249 null [INFO] (/home/meteo/dev/redist/fwidbmgr/include/Grid.h:1595) Configuring grid: fwi
2016-06-05 05:22:15,249 null [INFO] (/home/meteo/dev/redist/fwidbmgr/include/Grid.h:1695) Grid fwi configured.
2016-06-05 05:22:15,250 null [INFO] (/home/meteo/dev/redist/fwidbmgr/include/Grid.h:1595) Configuring grid: ffmc
2016-06-05 05:22:15,250 null [INFO] (/home/meteo/dev/redist/fwidbmgr/include/Grid.h:1695) Grid ffmc configured.
2016-06-05 05:22:15,252 null [INFO] (/home/meteo/dev/redist/fwidbmgr/include/Grid.h:1595) Configuring grid: dmc
2016-06-05 05:22:15,252 null [INFO] (/home/meteo/dev/redist/fwidbmgr/include/Grid.h:1695) Grid dmc configured.
2016-06-05 05:22:15,253 null [INFO] (/home/meteo/dev/redist/fwidbmgr/include/Grid.h:1595) Configuring grid: dc
2016-06-05 05:22:15,253 null [INFO] (/home/meteo/dev/redist/fwidbmgr/include/Grid.h:1695) Grid dc configured.
2016-06-05 05:22:15,255 null [INFO] (/home/meteo/dev/redist/fwidbmgr/include/Grid.h:1595) Configuring grid: bui
2016-06-05 05:22:15,255 null [INFO] (/home/meteo/dev/redist/fwidbmgr/include/Grid.h:1695) Grid bui configured.
2016-06-05 05:22:15,256 null [INFO] (/home/meteo/dev/redist/fwidbmgr/include/Grid.h:1595) Configuring grid: ffmc_tmp
2016-06-05 05:22:15,256 null [INFO] (/home/meteo/dev/redist/fwidbmgr/include/Grid.h:1695) Grid ffmc_tmp configured.
2016-06-05 05:22:15,257 null [INFO] (/home/meteo/dev/redist/fwidbmgr/include/Grid.h:1595) Configuring grid: dmc_tmp
2016-06-05 05:22:15,258 null [INFO] (/home/meteo/dev/redist/fwidbmgr/include/Grid.h:1695) Grid dmc_tmp configured.
2016-06-05 05:22:15,259 null [INFO] (/home/meteo/dev/redist/fwidbmgr/include/Grid.h:1595) Configuring grid: dc_tmp
2016-06-05 05:22:15,259 null [INFO] (/home/meteo/dev/redist/fwidbmgr/include/Grid.h:1695) Grid dc_tmp configured.
2016-06-05 05:22:15,260 null [INFO] (/home/meteo/dev/redist/fwidbmgr/include/Grid.h:1595) Configuring grid: idi
2016-06-05 05:22:15,260 null [INFO] (/home/meteo/dev/redist/fwidbmgr/include/Grid.h:1695) Grid idi configured.
2016-06-05 05:22:15,262 null [INFO] (/home/meteo/dev/redist/fwidbmgr/include/Grid.h:1595) Configuring grid: angstrom
2016-06-05 05:22:15,262 null [INFO] (/home/meteo/dev/redist/fwidbmgr/include/Grid.h:1695) Grid angstrom configured.
2016-06-05 05:22:15,263 null [INFO] (/home/meteo/dev/redist/fwidbmgr/include/Grid.h:1595) Configuring grid: fmi
2016-06-05 05:22:15,263 null [INFO] (/home/meteo/dev/redist/fwidbmgr/include/Grid.h:1695) Grid fmi configured.
2016-06-05 05:22:15,265 null [INFO] (/home/meteo/dev/redist/fwidbmgr/include/Grid.h:1595) Configuring grid: sharples
2016-06-05 05:22:15,265 null [INFO] (/home/meteo/dev/redist/fwidbmgr/include/Grid.h:1695) Grid sharples configured.
2016-06-05 05:22:40,878 null [INFO] (/home/meteo/dev/redist/fwidbmgr/include/Grid.h:1595) Configuring grid: isi
2016-06-05 05:22:40,878 null [INFO] (/home/meteo/dev/redist/fwidbmgr/include/Grid.h:1695) Grid isi configured.
2016-06-05 05:22:40,998 null [INFO] (/home/meteo/dev/redist/fwidbmgr/include/Grid.h:1595) Configuring grid: fwi
2016-06-05 05:22:40,998 null [INFO] (/home/meteo/dev/redist/fwidbmgr/include/Grid.h:1695) Grid fwi configured.
2016-06-05 05:22:41,037 null [INFO] (/home/meteo/dev/redist/fwidbmgr/include/Grid.h:1595) Configuring grid: ffmc
2016-06-05 05:22:41,037 null [INFO] (/home/meteo/dev/redist/fwidbmgr/include/Grid.h:1695) Grid ffmc configured.
2016-06-05 05:22:41,079 null [INFO] (/home/meteo/dev/redist/fwidbmgr/include/Grid.h:1595) Configuring grid: dmc
2016-06-05 05:22:41,079 null [INFO] (/home/meteo/dev/redist/fwidbmgr/include/Grid.h:1695) Grid dmc configured.
2016-06-05 05:22:41,118 null [INFO] (/home/meteo/dev/redist/fwidbmgr/include/Grid.h:1595) Configuring grid: dc
2016-06-05 05:22:41,118 null [INFO] (/home/meteo/dev/redist/fwidbmgr/include/Grid.h:1695) Grid dc configured.
2016-06-05 05:22:41,156 null [INFO] (/home/meteo/dev/redist/fwidbmgr/include/Grid.h:1595) Configuring grid: bui
2016-06-05 05:22:41,157 null [INFO] (/home/meteo/dev/redist/fwidbmgr/include/Grid.h:1695) Grid bui configured.
2016-06-05 05:22:41,195 null [INFO] (/home/meteo/dev/redist/fwidbmgr/include/Grid.h:1595) Configuring grid: ffmc_tmp
2016-06-05 05:22:41,195 null [INFO] (/home/meteo/dev/redist/fwidbmgr/include/Grid.h:1695) Grid ffmc_tmp configured.
2016-06-05 05:22:41,233 null [INFO] (/home/meteo/dev/redist/fwidbmgr/include/Grid.h:1595) Configuring grid: dmc_tmp
2016-06-05 05:22:41,233 null [INFO] (/home/meteo/dev/redist/fwidbmgr/include/Grid.h:1695) Grid dmc_tmp configured.
2016-06-05 05:22:41,268 null [INFO] (/home/meteo/dev/redist/fwidbmgr/include/Grid.h:1595) Configuring grid: dc_tmp
2016-06-05 05:22:41,268 null [INFO] (/home/meteo/dev/redist/fwidbmgr/include/Grid.h:1695) Grid dc_tmp configured.
2016-06-05 05:22:41,304 null [INFO] (/home/meteo/dev/redist/fwidbmgr/include/Grid.h:1595) Configuring grid: angstrom
2016-06-05 05:22:41,304 null [INFO] (/home/meteo/dev/redist/fwidbmgr/include/Grid.h:1695) Grid angstrom configured.
2016-06-05 05:22:41,682 null [INFO] (/home/meteo/dev/redist/fwidbmgr/include/Grid.h:1595) Configuring grid: sharples
2016-06-05 05:22:41,682 null [INFO] (/home/meteo/dev/redist/fwidbmgr/include/Grid.h:1695) Grid sharples configured.
2016-06-05 05:22:41,741 null [INFO] (/home/meteo/dev/redist/fwidbmgr/include/Grid.h:1595) Configuring grid: fmi
2016-06-05 05:22:41,741 null [INFO] (/home/meteo/dev/redist/fwidbmgr/include/Grid.h:1695) Grid fmi configured.
2016-06-05 05:22:41,783 null [INFO] (../src/fwidbmgr.cpp:5418) OK --> 20160604 indexes exported to files.
2016-06-05 05:22:41,783 null [INFO] (../src/fwidbmgr.cpp:5496) action exportidx took about 26 seconds.
2016-06-05 05:22:41,783 null [INFO] (../src/fwidbmgr.cpp:5499) Disconnected from database.
