2015-11-29 05:07:16,822 null [INFO] (../src/fwidbmgr.cpp:5207) fwi db manager
2015-11-29 05:07:16,823 null [INFO] (../src/fwidbmgr.cpp:5209) Program home: /home/meteo/dev/redist/fwidbmgr
2015-11-29 05:07:16,823 null [INFO] (../src/fwidbmgr.cpp:5211) Auto convert: 1
2015-11-29 05:07:16,823 null [INFO] (../src/fwidbmgr.cpp:458) action: in.
2015-11-29 05:07:16,823 null [INFO] (../src/fwidbmgr.cpp:482) date: 20151128.
2015-11-29 05:07:16,823 null [INFO] (../src/fwidbmgr.cpp:319) Try to read: /home/meteo/dev/redist/fwidbmgr/config/fwidbmgr.conf.
2015-11-29 05:07:16,846 null [INFO] (../src/fwidbmgr.cpp:5240) Configuration parsing: OK.
2015-11-29 05:07:16,867 null [INFO] (../src/fwidbmgr.cpp:5322) Connected to database
2015-11-29 05:07:16,867 null [INFO] (../src/fwidbmgr.cpp:5323) Manage data for date: 20151128.
2015-11-29 05:07:16,867 null [INFO] (../src/fwidbmgr.cpp:5367) Importing meteo data in database for day: 20151128.
2015-11-29 05:07:16,869 null [INFO] (/home/meteo/dev/redist/fwidbmgr/include/Grid.h:1595) Configuring grid: snow
2015-11-29 05:07:16,869 null [INFO] (/home/meteo/dev/redist/fwidbmgr/include/Grid.h:1695) Grid snow configured.
2015-11-29 05:07:16,880 null [INFO] (/home/meteo/dev/redist/fwidbmgr/include/Grid.h:1595) Configuring grid: snow_covering
2015-11-29 05:07:16,880 null [INFO] (/home/meteo/dev/redist/fwidbmgr/include/Grid.h:1695) Grid snow_covering configured.
2015-11-29 05:07:16,893 null [INFO] (/home/meteo/dev/redist/fwidbmgr/include/Grid.h:1595) Configuring grid: snow_dissolution
2015-11-29 05:07:16,893 null [INFO] (/home/meteo/dev/redist/fwidbmgr/include/Grid.h:1695) Grid snow_dissolution configured.
2015-11-29 05:07:16,917 null [INFO] (/home/meteo/dev/redist/fwidbmgr/include/Grid.h:1595) Configuring grid: temperature
2015-11-29 05:07:16,917 null [INFO] (/home/meteo/dev/redist/fwidbmgr/include/Grid.h:1695) Grid temperature configured.
2015-11-29 05:07:16,922 null [INFO] (/home/meteo/dev/redist/fwidbmgr/include/Grid.h:1595) Configuring grid: humidity
2015-11-29 05:07:16,922 null [INFO] (/home/meteo/dev/redist/fwidbmgr/include/Grid.h:1695) Grid humidity configured.
2015-11-29 05:07:16,932 null [INFO] (/home/meteo/dev/redist/fwidbmgr/include/Grid.h:1595) Configuring grid: windspeed
2015-11-29 05:07:16,933 null [INFO] (/home/meteo/dev/redist/fwidbmgr/include/Grid.h:1695) Grid windspeed configured.
2015-11-29 05:07:16,955 null [INFO] (/home/meteo/dev/redist/fwidbmgr/include/Grid.h:1595) Configuring grid: rain
2015-11-29 05:07:16,955 null [INFO] (/home/meteo/dev/redist/fwidbmgr/include/Grid.h:1695) Grid rain configured.
2015-11-29 05:07:16,958 null [INFO] (/home/meteo/dev/redist/fwidbmgr/include/Grid.h:1595) Configuring grid: cum_rain
2015-11-29 05:07:16,958 null [INFO] (/home/meteo/dev/redist/fwidbmgr/include/Grid.h:1695) Grid cum_rain configured.
2015-11-29 05:08:15,728 null [INFO] (../src/fwidbmgr.cpp:1502) Storing meteo input ...
2015-11-29 05:08:54,427 null [INFO] (../src/fwidbmgr.cpp:5370) OK --> 20151128 data imported.
2015-11-29 05:08:54,472 null [INFO] (../src/fwidbmgr.cpp:5496) action in took about 98 seconds.
2015-11-29 05:08:54,605 null [INFO] (../src/fwidbmgr.cpp:5499) Disconnected from database.
2015-11-29 05:10:42,181 null [INFO] (../src/fwidbmgr.cpp:5207) fwi db manager
2015-11-29 05:10:42,181 null [INFO] (../src/fwidbmgr.cpp:5209) Program home: /home/meteo/dev/redist/fwidbmgr
2015-11-29 05:10:42,181 null [INFO] (../src/fwidbmgr.cpp:5211) Auto convert: 1
2015-11-29 05:10:42,181 null [INFO] (../src/fwidbmgr.cpp:458) action: out.
2015-11-29 05:10:42,181 null [INFO] (../src/fwidbmgr.cpp:482) date: 20151128.
2015-11-29 05:10:42,181 null [INFO] (../src/fwidbmgr.cpp:319) Try to read: /home/meteo/dev/redist/fwidbmgr/config/fwidbmgr.conf.
2015-11-29 05:10:42,197 null [INFO] (../src/fwidbmgr.cpp:5240) Configuration parsing: OK.
2015-11-29 05:10:42,280 null [INFO] (../src/fwidbmgr.cpp:5322) Connected to database
2015-11-29 05:10:42,281 null [INFO] (../src/fwidbmgr.cpp:5323) Manage data for date: 20151128.
2015-11-29 05:10:42,281 null [INFO] (../src/fwidbmgr.cpp:5379) Importing fwi indexes data in database for day: 20151128.
2015-11-29 05:10:42,284 null [INFO] (/home/meteo/dev/redist/fwidbmgr/include/Grid.h:1595) Configuring grid: isi
2015-11-29 05:10:42,284 null [INFO] (/home/meteo/dev/redist/fwidbmgr/include/Grid.h:1695) Grid isi configured.
2015-11-29 05:10:42,298 null [INFO] (/home/meteo/dev/redist/fwidbmgr/include/Grid.h:1595) Configuring grid: fwi
2015-11-29 05:10:42,298 null [INFO] (/home/meteo/dev/redist/fwidbmgr/include/Grid.h:1695) Grid fwi configured.
2015-11-29 05:10:42,311 null [INFO] (/home/meteo/dev/redist/fwidbmgr/include/Grid.h:1595) Configuring grid: ffmc
2015-11-29 05:10:42,311 null [INFO] (/home/meteo/dev/redist/fwidbmgr/include/Grid.h:1695) Grid ffmc configured.
2015-11-29 05:10:42,325 null [INFO] (/home/meteo/dev/redist/fwidbmgr/include/Grid.h:1595) Configuring grid: dmc
2015-11-29 05:10:42,325 null [INFO] (/home/meteo/dev/redist/fwidbmgr/include/Grid.h:1695) Grid dmc configured.
2015-11-29 05:10:42,338 null [INFO] (/home/meteo/dev/redist/fwidbmgr/include/Grid.h:1595) Configuring grid: dc
2015-11-29 05:10:42,338 null [INFO] (/home/meteo/dev/redist/fwidbmgr/include/Grid.h:1695) Grid dc configured.
2015-11-29 05:10:42,352 null [INFO] (/home/meteo/dev/redist/fwidbmgr/include/Grid.h:1595) Configuring grid: bui
2015-11-29 05:10:42,352 null [INFO] (/home/meteo/dev/redist/fwidbmgr/include/Grid.h:1695) Grid bui configured.
2015-11-29 05:10:42,366 null [INFO] (/home/meteo/dev/redist/fwidbmgr/include/Grid.h:1595) Configuring grid: ffmc_tmp
2015-11-29 05:10:42,366 null [INFO] (/home/meteo/dev/redist/fwidbmgr/include/Grid.h:1695) Grid ffmc_tmp configured.
2015-11-29 05:10:42,494 null [INFO] (/home/meteo/dev/redist/fwidbmgr/include/Grid.h:1595) Configuring grid: dmc_tmp
2015-11-29 05:10:42,494 null [INFO] (/home/meteo/dev/redist/fwidbmgr/include/Grid.h:1695) Grid dmc_tmp configured.
2015-11-29 05:10:42,565 null [INFO] (/home/meteo/dev/redist/fwidbmgr/include/Grid.h:1595) Configuring grid: dc_tmp
2015-11-29 05:10:42,565 null [INFO] (/home/meteo/dev/redist/fwidbmgr/include/Grid.h:1695) Grid dc_tmp configured.
2015-11-29 05:10:42,675 null [INFO] (/home/meteo/dev/redist/fwidbmgr/include/Grid.h:1595) Configuring grid: idi
2015-11-29 05:10:42,675 null [INFO] (/home/meteo/dev/redist/fwidbmgr/include/Grid.h:1695) Grid idi configured.
2015-11-29 05:11:13,030 null [INFO] (../src/fwidbmgr.cpp:2045) Storing FWI indexes ...
2015-11-29 05:12:32,091 null [INFO] (../src/fwidbmgr.cpp:5382) OK --> 20151128 data imported.
2015-11-29 05:12:32,092 null [INFO] (../src/fwidbmgr.cpp:5496) action out took about 110 seconds.
2015-11-29 05:12:32,092 null [INFO] (../src/fwidbmgr.cpp:5499) Disconnected from database.
2015-11-29 05:12:32,608 null [INFO] (../src/fwidbmgr.cpp:5207) fwi db manager
2015-11-29 05:12:32,608 null [INFO] (../src/fwidbmgr.cpp:5209) Program home: /home/meteo/dev/redist/fwidbmgr
2015-11-29 05:12:32,609 null [INFO] (../src/fwidbmgr.cpp:5211) Auto convert: 1
2015-11-29 05:12:32,609 null [INFO] (../src/fwidbmgr.cpp:458) action: computeidx.
2015-11-29 05:12:32,609 null [INFO] (../src/fwidbmgr.cpp:482) date: 20151128.
2015-11-29 05:12:32,609 null [INFO] (../src/fwidbmgr.cpp:319) Try to read: /home/meteo/dev/redist/fwidbmgr/config/fwidbmgr.conf.
2015-11-29 05:12:32,637 null [INFO] (../src/fwidbmgr.cpp:5240) Configuration parsing: OK.
2015-11-29 05:12:32,695 null [INFO] (../src/fwidbmgr.cpp:5322) Connected to database
2015-11-29 05:12:32,695 null [INFO] (../src/fwidbmgr.cpp:5323) Manage data for date: 20151128.
2015-11-29 05:12:32,695 null [INFO] (../src/fwidbmgr.cpp:5463) Computing indexes.
2015-11-29 05:12:32,696 null [INFO] (/home/meteo/dev/redist/fwidbmgr/include/Grid.h:1595) Configuring grid: isi
2015-11-29 05:12:32,696 null [INFO] (/home/meteo/dev/redist/fwidbmgr/include/Grid.h:1695) Grid isi configured.
2015-11-29 05:12:32,698 null [INFO] (/home/meteo/dev/redist/fwidbmgr/include/Grid.h:1595) Configuring grid: fwi
2015-11-29 05:12:32,698 null [INFO] (/home/meteo/dev/redist/fwidbmgr/include/Grid.h:1695) Grid fwi configured.
2015-11-29 05:12:32,700 null [INFO] (/home/meteo/dev/redist/fwidbmgr/include/Grid.h:1595) Configuring grid: ffmc
2015-11-29 05:12:32,709 null [INFO] (/home/meteo/dev/redist/fwidbmgr/include/Grid.h:1695) Grid ffmc configured.
2015-11-29 05:12:32,711 null [INFO] (/home/meteo/dev/redist/fwidbmgr/include/Grid.h:1595) Configuring grid: dmc
2015-11-29 05:12:32,711 null [INFO] (/home/meteo/dev/redist/fwidbmgr/include/Grid.h:1695) Grid dmc configured.
2015-11-29 05:12:32,712 null [INFO] (/home/meteo/dev/redist/fwidbmgr/include/Grid.h:1595) Configuring grid: dc
2015-11-29 05:12:32,713 null [INFO] (/home/meteo/dev/redist/fwidbmgr/include/Grid.h:1695) Grid dc configured.
2015-11-29 05:12:32,714 null [INFO] (/home/meteo/dev/redist/fwidbmgr/include/Grid.h:1595) Configuring grid: bui
2015-11-29 05:12:32,714 null [INFO] (/home/meteo/dev/redist/fwidbmgr/include/Grid.h:1695) Grid bui configured.
2015-11-29 05:12:32,716 null [INFO] (/home/meteo/dev/redist/fwidbmgr/include/Grid.h:1595) Configuring grid: ffmc_tmp
2015-11-29 05:12:32,716 null [INFO] (/home/meteo/dev/redist/fwidbmgr/include/Grid.h:1695) Grid ffmc_tmp configured.
2015-11-29 05:12:32,717 null [INFO] (/home/meteo/dev/redist/fwidbmgr/include/Grid.h:1595) Configuring grid: dmc_tmp
2015-11-29 05:12:32,717 null [INFO] (/home/meteo/dev/redist/fwidbmgr/include/Grid.h:1695) Grid dmc_tmp configured.
2015-11-29 05:12:32,719 null [INFO] (/home/meteo/dev/redist/fwidbmgr/include/Grid.h:1595) Configuring grid: dc_tmp
2015-11-29 05:12:32,719 null [INFO] (/home/meteo/dev/redist/fwidbmgr/include/Grid.h:1695) Grid dc_tmp configured.
2015-11-29 05:12:32,720 null [INFO] (/home/meteo/dev/redist/fwidbmgr/include/Grid.h:1595) Configuring grid: idi
2015-11-29 05:12:32,720 null [INFO] (/home/meteo/dev/redist/fwidbmgr/include/Grid.h:1695) Grid idi configured.
2015-11-29 05:12:32,722 null [INFO] (/home/meteo/dev/redist/fwidbmgr/include/Grid.h:1595) Configuring grid: angstrom
2015-11-29 05:12:32,722 null [INFO] (/home/meteo/dev/redist/fwidbmgr/include/Grid.h:1695) Grid angstrom configured.
2015-11-29 05:12:32,724 null [INFO] (/home/meteo/dev/redist/fwidbmgr/include/Grid.h:1595) Configuring grid: fmi
2015-11-29 05:12:32,724 null [INFO] (/home/meteo/dev/redist/fwidbmgr/include/Grid.h:1695) Grid fmi configured.
2015-11-29 05:12:32,725 null [INFO] (/home/meteo/dev/redist/fwidbmgr/include/Grid.h:1595) Configuring grid: sharples
2015-11-29 05:12:32,725 null [INFO] (/home/meteo/dev/redist/fwidbmgr/include/Grid.h:1695) Grid sharples configured.
2015-11-29 05:13:01,849 null [INFO] (/home/meteo/dev/redist/fwidbmgr/include/Grid.h:1595) Configuring grid: snow
2015-11-29 05:13:01,849 null [INFO] (/home/meteo/dev/redist/fwidbmgr/include/Grid.h:1695) Grid snow configured.
2015-11-29 05:13:01,849 null [INFO] (/home/meteo/dev/redist/fwidbmgr/include/Grid.h:1595) Configuring grid: snow_covering
2015-11-29 05:13:01,849 null [INFO] (/home/meteo/dev/redist/fwidbmgr/include/Grid.h:1695) Grid snow_covering configured.
2015-11-29 05:13:01,849 null [INFO] (/home/meteo/dev/redist/fwidbmgr/include/Grid.h:1595) Configuring grid: snow_dissolution
2015-11-29 05:13:01,850 null [INFO] (/home/meteo/dev/redist/fwidbmgr/include/Grid.h:1695) Grid snow_dissolution configured.
2015-11-29 05:13:01,850 null [INFO] (/home/meteo/dev/redist/fwidbmgr/include/Grid.h:1595) Configuring grid: temperature
2015-11-29 05:13:01,850 null [INFO] (/home/meteo/dev/redist/fwidbmgr/include/Grid.h:1695) Grid temperature configured.
2015-11-29 05:13:01,850 null [INFO] (/home/meteo/dev/redist/fwidbmgr/include/Grid.h:1595) Configuring grid: humidity
2015-11-29 05:13:01,850 null [INFO] (/home/meteo/dev/redist/fwidbmgr/include/Grid.h:1695) Grid humidity configured.
2015-11-29 05:13:01,850 null [INFO] (/home/meteo/dev/redist/fwidbmgr/include/Grid.h:1595) Configuring grid: windspeed
2015-11-29 05:13:01,850 null [INFO] (/home/meteo/dev/redist/fwidbmgr/include/Grid.h:1695) Grid windspeed configured.
2015-11-29 05:13:01,850 null [INFO] (/home/meteo/dev/redist/fwidbmgr/include/Grid.h:1595) Configuring grid: rain
2015-11-29 05:13:01,851 null [INFO] (/home/meteo/dev/redist/fwidbmgr/include/Grid.h:1695) Grid rain configured.
2015-11-29 05:13:01,851 null [INFO] (/home/meteo/dev/redist/fwidbmgr/include/Grid.h:1595) Configuring grid: cum_rain
2015-11-29 05:13:01,851 null [INFO] (/home/meteo/dev/redist/fwidbmgr/include/Grid.h:1695) Grid cum_rain configured.
2015-11-29 05:15:53,465 null [INFO] (../src/fwidbmgr.cpp:5466) OK --> 20151128 indexes computed.
2015-11-29 05:15:53,527 null [INFO] (../src/fwidbmgr.cpp:5496) action computeidx took about 201 seconds.
2015-11-29 05:15:53,542 null [INFO] (../src/fwidbmgr.cpp:5499) Disconnected from database.
2015-11-29 05:15:53,768 null [INFO] (../src/fwidbmgr.cpp:5207) fwi db manager
2015-11-29 05:15:53,768 null [INFO] (../src/fwidbmgr.cpp:5209) Program home: /home/meteo/dev/redist/fwidbmgr
2015-11-29 05:15:53,768 null [INFO] (../src/fwidbmgr.cpp:5211) Auto convert: 1
2015-11-29 05:15:53,769 null [INFO] (../src/fwidbmgr.cpp:458) action: exportidx.
2015-11-29 05:15:53,769 null [INFO] (../src/fwidbmgr.cpp:482) date: 20151128.
2015-11-29 05:15:53,769 null [INFO] (../src/fwidbmgr.cpp:319) Try to read: /home/meteo/dev/redist/fwidbmgr/config/fwidbmgr.conf.
2015-11-29 05:15:53,789 null [INFO] (../src/fwidbmgr.cpp:5240) Configuration parsing: OK.
2015-11-29 05:15:53,821 null [INFO] (../src/fwidbmgr.cpp:5322) Connected to database
2015-11-29 05:15:53,821 null [INFO] (../src/fwidbmgr.cpp:5323) Manage data for date: 20151128.
2015-11-29 05:15:53,821 null [INFO] (../src/fwidbmgr.cpp:5415) Exporting indexes.
2015-11-29 05:15:53,823 null [INFO] (/home/meteo/dev/redist/fwidbmgr/include/Grid.h:1595) Configuring grid: isi
2015-11-29 05:15:53,823 null [INFO] (/home/meteo/dev/redist/fwidbmgr/include/Grid.h:1695) Grid isi configured.
2015-11-29 05:15:53,824 null [INFO] (/home/meteo/dev/redist/fwidbmgr/include/Grid.h:1595) Configuring grid: fwi
2015-11-29 05:15:53,824 null [INFO] (/home/meteo/dev/redist/fwidbmgr/include/Grid.h:1695) Grid fwi configured.
2015-11-29 05:15:53,826 null [INFO] (/home/meteo/dev/redist/fwidbmgr/include/Grid.h:1595) Configuring grid: ffmc
2015-11-29 05:15:53,826 null [INFO] (/home/meteo/dev/redist/fwidbmgr/include/Grid.h:1695) Grid ffmc configured.
2015-11-29 05:15:53,827 null [INFO] (/home/meteo/dev/redist/fwidbmgr/include/Grid.h:1595) Configuring grid: dmc
2015-11-29 05:15:53,827 null [INFO] (/home/meteo/dev/redist/fwidbmgr/include/Grid.h:1695) Grid dmc configured.
2015-11-29 05:15:53,829 null [INFO] (/home/meteo/dev/redist/fwidbmgr/include/Grid.h:1595) Configuring grid: dc
2015-11-29 05:15:53,829 null [INFO] (/home/meteo/dev/redist/fwidbmgr/include/Grid.h:1695) Grid dc configured.
2015-11-29 05:15:53,830 null [INFO] (/home/meteo/dev/redist/fwidbmgr/include/Grid.h:1595) Configuring grid: bui
2015-11-29 05:15:53,830 null [INFO] (/home/meteo/dev/redist/fwidbmgr/include/Grid.h:1695) Grid bui configured.
2015-11-29 05:15:53,831 null [INFO] (/home/meteo/dev/redist/fwidbmgr/include/Grid.h:1595) Configuring grid: ffmc_tmp
2015-11-29 05:15:53,832 null [INFO] (/home/meteo/dev/redist/fwidbmgr/include/Grid.h:1695) Grid ffmc_tmp configured.
2015-11-29 05:15:53,833 null [INFO] (/home/meteo/dev/redist/fwidbmgr/include/Grid.h:1595) Configuring grid: dmc_tmp
2015-11-29 05:15:53,833 null [INFO] (/home/meteo/dev/redist/fwidbmgr/include/Grid.h:1695) Grid dmc_tmp configured.
2015-11-29 05:15:53,834 null [INFO] (/home/meteo/dev/redist/fwidbmgr/include/Grid.h:1595) Configuring grid: dc_tmp
2015-11-29 05:15:53,834 null [INFO] (/home/meteo/dev/redist/fwidbmgr/include/Grid.h:1695) Grid dc_tmp configured.
2015-11-29 05:15:53,836 null [INFO] (/home/meteo/dev/redist/fwidbmgr/include/Grid.h:1595) Configuring grid: idi
2015-11-29 05:15:53,836 null [INFO] (/home/meteo/dev/redist/fwidbmgr/include/Grid.h:1695) Grid idi configured.
2015-11-29 05:15:53,837 null [INFO] (/home/meteo/dev/redist/fwidbmgr/include/Grid.h:1595) Configuring grid: angstrom
2015-11-29 05:15:53,837 null [INFO] (/home/meteo/dev/redist/fwidbmgr/include/Grid.h:1695) Grid angstrom configured.
2015-11-29 05:15:53,839 null [INFO] (/home/meteo/dev/redist/fwidbmgr/include/Grid.h:1595) Configuring grid: fmi
2015-11-29 05:15:53,839 null [INFO] (/home/meteo/dev/redist/fwidbmgr/include/Grid.h:1695) Grid fmi configured.
2015-11-29 05:15:53,840 null [INFO] (/home/meteo/dev/redist/fwidbmgr/include/Grid.h:1595) Configuring grid: sharples
2015-11-29 05:15:53,840 null [INFO] (/home/meteo/dev/redist/fwidbmgr/include/Grid.h:1695) Grid sharples configured.
2015-11-29 05:16:22,587 null [INFO] (/home/meteo/dev/redist/fwidbmgr/include/Grid.h:1595) Configuring grid: isi
2015-11-29 05:16:22,589 null [INFO] (/home/meteo/dev/redist/fwidbmgr/include/Grid.h:1695) Grid isi configured.
2015-11-29 05:16:22,631 null [INFO] (/home/meteo/dev/redist/fwidbmgr/include/Grid.h:1595) Configuring grid: fwi
2015-11-29 05:16:22,631 null [INFO] (/home/meteo/dev/redist/fwidbmgr/include/Grid.h:1695) Grid fwi configured.
2015-11-29 05:16:22,668 null [INFO] (/home/meteo/dev/redist/fwidbmgr/include/Grid.h:1595) Configuring grid: ffmc
2015-11-29 05:16:22,668 null [INFO] (/home/meteo/dev/redist/fwidbmgr/include/Grid.h:1695) Grid ffmc configured.
2015-11-29 05:16:22,707 null [INFO] (/home/meteo/dev/redist/fwidbmgr/include/Grid.h:1595) Configuring grid: dmc
2015-11-29 05:16:22,707 null [INFO] (/home/meteo/dev/redist/fwidbmgr/include/Grid.h:1695) Grid dmc configured.
2015-11-29 05:16:22,744 null [INFO] (/home/meteo/dev/redist/fwidbmgr/include/Grid.h:1595) Configuring grid: dc
2015-11-29 05:16:22,744 null [INFO] (/home/meteo/dev/redist/fwidbmgr/include/Grid.h:1695) Grid dc configured.
2015-11-29 05:16:22,784 null [INFO] (/home/meteo/dev/redist/fwidbmgr/include/Grid.h:1595) Configuring grid: bui
2015-11-29 05:16:22,784 null [INFO] (/home/meteo/dev/redist/fwidbmgr/include/Grid.h:1695) Grid bui configured.
2015-11-29 05:16:22,821 null [INFO] (/home/meteo/dev/redist/fwidbmgr/include/Grid.h:1595) Configuring grid: ffmc_tmp
2015-11-29 05:16:22,821 null [INFO] (/home/meteo/dev/redist/fwidbmgr/include/Grid.h:1695) Grid ffmc_tmp configured.
2015-11-29 05:16:22,858 null [INFO] (/home/meteo/dev/redist/fwidbmgr/include/Grid.h:1595) Configuring grid: dmc_tmp
2015-11-29 05:16:22,858 null [INFO] (/home/meteo/dev/redist/fwidbmgr/include/Grid.h:1695) Grid dmc_tmp configured.
2015-11-29 05:16:22,892 null [INFO] (/home/meteo/dev/redist/fwidbmgr/include/Grid.h:1595) Configuring grid: dc_tmp
2015-11-29 05:16:22,892 null [INFO] (/home/meteo/dev/redist/fwidbmgr/include/Grid.h:1695) Grid dc_tmp configured.
2015-11-29 05:16:22,929 null [INFO] (/home/meteo/dev/redist/fwidbmgr/include/Grid.h:1595) Configuring grid: angstrom
2015-11-29 05:16:22,929 null [INFO] (/home/meteo/dev/redist/fwidbmgr/include/Grid.h:1695) Grid angstrom configured.
2015-11-29 05:16:23,022 null [INFO] (/home/meteo/dev/redist/fwidbmgr/include/Grid.h:1595) Configuring grid: sharples
2015-11-29 05:16:23,022 null [INFO] (/home/meteo/dev/redist/fwidbmgr/include/Grid.h:1695) Grid sharples configured.
2015-11-29 05:16:23,073 null [INFO] (/home/meteo/dev/redist/fwidbmgr/include/Grid.h:1595) Configuring grid: fmi
2015-11-29 05:16:23,074 null [INFO] (/home/meteo/dev/redist/fwidbmgr/include/Grid.h:1695) Grid fmi configured.
2015-11-29 05:16:23,127 null [INFO] (../src/fwidbmgr.cpp:5418) OK --> 20151128 indexes exported to files.
2015-11-29 05:16:23,127 null [INFO] (../src/fwidbmgr.cpp:5496) action exportidx took about 30 seconds.
2015-11-29 05:16:23,127 null [INFO] (../src/fwidbmgr.cpp:5499) Disconnected from database.
