2020-01-20 05:05:03,542 null [INFO] (../src/fwidbmgr.cpp:5361) fwi db manager
2020-01-20 05:05:03,543 null [INFO] (../src/fwidbmgr.cpp:5365) Program home: /home/meteo/dev/redist/fwidbmgr
2020-01-20 05:05:03,543 null [INFO] (../src/fwidbmgr.cpp:5369) Auto convert: 1
2020-01-20 05:05:03,543 null [INFO] (../src/fwidbmgr.cpp:446) action: in.
2020-01-20 05:05:03,543 null [INFO] (../src/fwidbmgr.cpp:470) date: 20200119.
2020-01-20 05:05:03,543 null [INFO] (../src/fwidbmgr.cpp:322) Try to read: /home/meteo/dev/redist/fwidbmgr/config/fwidbmgr.conf.
2020-01-20 05:05:03,544 null [INFO] (../src/fwidbmgr.cpp:5393) Configuration parsing: OK.
2020-01-20 05:05:03,548 null [INFO] (../src/fwidbmgr.cpp:5478) Connected to database
2020-01-20 05:05:03,548 null [INFO] (../src/fwidbmgr.cpp:5480) Manage data for date: 20200119.
2020-01-20 05:05:03,548 null [INFO] (../src/fwidbmgr.cpp:5536) Importing meteo data in database for day: 20200119.
2020-01-20 05:05:03,549 null [INFO] (/home/meteo/dev/redist/fwidbmgr/include/Grid.h:1595) Configuring grid: snow
2020-01-20 05:05:03,550 null [INFO] (/home/meteo/dev/redist/fwidbmgr/include/Grid.h:1695) Grid snow configured.
2020-01-20 05:05:03,563 null [INFO] (/home/meteo/dev/redist/fwidbmgr/include/Grid.h:1595) Configuring grid: snow_covering
2020-01-20 05:05:03,563 null [INFO] (/home/meteo/dev/redist/fwidbmgr/include/Grid.h:1695) Grid snow_covering configured.
2020-01-20 05:05:03,573 null [INFO] (/home/meteo/dev/redist/fwidbmgr/include/Grid.h:1595) Configuring grid: snow_dissolution
2020-01-20 05:05:03,573 null [INFO] (/home/meteo/dev/redist/fwidbmgr/include/Grid.h:1695) Grid snow_dissolution configured.
2020-01-20 05:05:03,590 null [INFO] (/home/meteo/dev/redist/fwidbmgr/include/Grid.h:1595) Configuring grid: temperature
2020-01-20 05:05:03,590 null [INFO] (/home/meteo/dev/redist/fwidbmgr/include/Grid.h:1695) Grid temperature configured.
2020-01-20 05:05:03,592 null [INFO] (/home/meteo/dev/redist/fwidbmgr/include/Grid.h:1595) Configuring grid: humidity
2020-01-20 05:05:03,592 null [INFO] (/home/meteo/dev/redist/fwidbmgr/include/Grid.h:1695) Grid humidity configured.
2020-01-20 05:05:03,596 null [INFO] (/home/meteo/dev/redist/fwidbmgr/include/Grid.h:1595) Configuring grid: windspeed
2020-01-20 05:05:03,597 null [INFO] (/home/meteo/dev/redist/fwidbmgr/include/Grid.h:1695) Grid windspeed configured.
2020-01-20 05:05:03,608 null [INFO] (/home/meteo/dev/redist/fwidbmgr/include/Grid.h:1595) Configuring grid: rain
2020-01-20 05:05:03,608 null [INFO] (/home/meteo/dev/redist/fwidbmgr/include/Grid.h:1695) Grid rain configured.
2020-01-20 05:05:03,612 null [INFO] (/home/meteo/dev/redist/fwidbmgr/include/Grid.h:1595) Configuring grid: cum_rain
2020-01-20 05:05:03,612 null [INFO] (/home/meteo/dev/redist/fwidbmgr/include/Grid.h:1695) Grid cum_rain configured.
2020-01-20 05:05:03,711 null [INFO] (../src/fwidbmgr.cpp:1518) Storing meteo input ...
2020-01-20 05:05:08,605 null [INFO] (../src/fwidbmgr.cpp:5540) OK --> 20200119 data imported.
2020-01-20 05:05:08,613 null [INFO] (../src/fwidbmgr.cpp:5695) action in took about 5 seconds.
2020-01-20 05:05:08,632 null [INFO] (../src/fwidbmgr.cpp:5699) Disconnected from database.
2020-01-20 05:05:48,149 null [INFO] (../src/fwidbmgr.cpp:5361) fwi db manager
2020-01-20 05:05:48,150 null [INFO] (../src/fwidbmgr.cpp:5365) Program home: /home/meteo/dev/redist/fwidbmgr
2020-01-20 05:05:48,150 null [INFO] (../src/fwidbmgr.cpp:5369) Auto convert: 1
2020-01-20 05:05:48,150 null [INFO] (../src/fwidbmgr.cpp:446) action: out.
2020-01-20 05:05:48,150 null [INFO] (../src/fwidbmgr.cpp:470) date: 20200119.
2020-01-20 05:05:48,150 null [INFO] (../src/fwidbmgr.cpp:322) Try to read: /home/meteo/dev/redist/fwidbmgr/config/fwidbmgr.conf.
2020-01-20 05:05:48,152 null [INFO] (../src/fwidbmgr.cpp:5393) Configuration parsing: OK.
2020-01-20 05:05:48,162 null [INFO] (../src/fwidbmgr.cpp:5478) Connected to database
2020-01-20 05:05:48,162 null [INFO] (../src/fwidbmgr.cpp:5480) Manage data for date: 20200119.
2020-01-20 05:05:48,162 null [INFO] (../src/fwidbmgr.cpp:5551) Importing fwi indexes data in database for day: 20200119.
2020-01-20 05:05:48,165 null [INFO] (/home/meteo/dev/redist/fwidbmgr/include/Grid.h:1595) Configuring grid: isi
2020-01-20 05:05:48,165 null [INFO] (/home/meteo/dev/redist/fwidbmgr/include/Grid.h:1695) Grid isi configured.
2020-01-20 05:05:48,183 null [INFO] (/home/meteo/dev/redist/fwidbmgr/include/Grid.h:1595) Configuring grid: fwi
2020-01-20 05:05:48,183 null [INFO] (/home/meteo/dev/redist/fwidbmgr/include/Grid.h:1695) Grid fwi configured.
2020-01-20 05:05:48,194 null [INFO] (/home/meteo/dev/redist/fwidbmgr/include/Grid.h:1595) Configuring grid: ffmc
2020-01-20 05:05:48,194 null [INFO] (/home/meteo/dev/redist/fwidbmgr/include/Grid.h:1695) Grid ffmc configured.
2020-01-20 05:05:48,202 null [INFO] (/home/meteo/dev/redist/fwidbmgr/include/Grid.h:1595) Configuring grid: dmc
2020-01-20 05:05:48,202 null [INFO] (/home/meteo/dev/redist/fwidbmgr/include/Grid.h:1695) Grid dmc configured.
2020-01-20 05:05:48,208 null [INFO] (/home/meteo/dev/redist/fwidbmgr/include/Grid.h:1595) Configuring grid: dc
2020-01-20 05:05:48,208 null [INFO] (/home/meteo/dev/redist/fwidbmgr/include/Grid.h:1695) Grid dc configured.
2020-01-20 05:05:48,215 null [INFO] (/home/meteo/dev/redist/fwidbmgr/include/Grid.h:1595) Configuring grid: bui
2020-01-20 05:05:48,215 null [INFO] (/home/meteo/dev/redist/fwidbmgr/include/Grid.h:1695) Grid bui configured.
2020-01-20 05:05:48,222 null [INFO] (/home/meteo/dev/redist/fwidbmgr/include/Grid.h:1595) Configuring grid: ffmc_tmp
2020-01-20 05:05:48,222 null [INFO] (/home/meteo/dev/redist/fwidbmgr/include/Grid.h:1695) Grid ffmc_tmp configured.
2020-01-20 05:05:48,233 null [INFO] (/home/meteo/dev/redist/fwidbmgr/include/Grid.h:1595) Configuring grid: dmc_tmp
2020-01-20 05:05:48,233 null [INFO] (/home/meteo/dev/redist/fwidbmgr/include/Grid.h:1695) Grid dmc_tmp configured.
2020-01-20 05:05:48,245 null [INFO] (/home/meteo/dev/redist/fwidbmgr/include/Grid.h:1595) Configuring grid: dc_tmp
2020-01-20 05:05:48,245 null [INFO] (/home/meteo/dev/redist/fwidbmgr/include/Grid.h:1695) Grid dc_tmp configured.
2020-01-20 05:05:48,256 null [INFO] (/home/meteo/dev/redist/fwidbmgr/include/Grid.h:1595) Configuring grid: idi
2020-01-20 05:05:48,256 null [INFO] (/home/meteo/dev/redist/fwidbmgr/include/Grid.h:1695) Grid idi configured.
2020-01-20 05:05:48,334 null [INFO] (../src/fwidbmgr.cpp:2081) Storing FWI indexes ...
2020-01-20 05:05:51,236 null [INFO] (../src/fwidbmgr.cpp:5555) OK --> 20200119 data imported.
2020-01-20 05:05:51,236 null [INFO] (../src/fwidbmgr.cpp:5695) action out took about 3 seconds.
2020-01-20 05:05:51,236 null [INFO] (../src/fwidbmgr.cpp:5699) Disconnected from database.
2020-01-20 05:05:51,254 null [INFO] (../src/fwidbmgr.cpp:5361) fwi db manager
2020-01-20 05:05:51,254 null [INFO] (../src/fwidbmgr.cpp:5365) Program home: /home/meteo/dev/redist/fwidbmgr
2020-01-20 05:05:51,255 null [INFO] (../src/fwidbmgr.cpp:5369) Auto convert: 1
2020-01-20 05:05:51,255 null [INFO] (../src/fwidbmgr.cpp:446) action: computeidx.
2020-01-20 05:05:51,255 null [INFO] (../src/fwidbmgr.cpp:470) date: 20200119.
2020-01-20 05:05:51,255 null [INFO] (../src/fwidbmgr.cpp:322) Try to read: /home/meteo/dev/redist/fwidbmgr/config/fwidbmgr.conf.
2020-01-20 05:05:51,256 null [INFO] (../src/fwidbmgr.cpp:5393) Configuration parsing: OK.
2020-01-20 05:05:51,258 null [INFO] (../src/fwidbmgr.cpp:5478) Connected to database
2020-01-20 05:05:51,258 null [INFO] (../src/fwidbmgr.cpp:5480) Manage data for date: 20200119.
2020-01-20 05:05:51,258 null [INFO] (../src/fwidbmgr.cpp:5656) Computing indexes.
2020-01-20 05:05:51,260 null [INFO] (/home/meteo/dev/redist/fwidbmgr/include/Grid.h:1595) Configuring grid: isi
2020-01-20 05:05:51,260 null [INFO] (/home/meteo/dev/redist/fwidbmgr/include/Grid.h:1695) Grid isi configured.
2020-01-20 05:05:51,261 null [INFO] (/home/meteo/dev/redist/fwidbmgr/include/Grid.h:1595) Configuring grid: fwi
2020-01-20 05:05:51,261 null [INFO] (/home/meteo/dev/redist/fwidbmgr/include/Grid.h:1695) Grid fwi configured.
2020-01-20 05:05:51,262 null [INFO] (/home/meteo/dev/redist/fwidbmgr/include/Grid.h:1595) Configuring grid: ffmc
2020-01-20 05:05:51,262 null [INFO] (/home/meteo/dev/redist/fwidbmgr/include/Grid.h:1695) Grid ffmc configured.
2020-01-20 05:05:51,263 null [INFO] (/home/meteo/dev/redist/fwidbmgr/include/Grid.h:1595) Configuring grid: dmc
2020-01-20 05:05:51,263 null [INFO] (/home/meteo/dev/redist/fwidbmgr/include/Grid.h:1695) Grid dmc configured.
2020-01-20 05:05:51,264 null [INFO] (/home/meteo/dev/redist/fwidbmgr/include/Grid.h:1595) Configuring grid: dc
2020-01-20 05:05:51,264 null [INFO] (/home/meteo/dev/redist/fwidbmgr/include/Grid.h:1695) Grid dc configured.
2020-01-20 05:05:51,265 null [INFO] (/home/meteo/dev/redist/fwidbmgr/include/Grid.h:1595) Configuring grid: bui
2020-01-20 05:05:51,265 null [INFO] (/home/meteo/dev/redist/fwidbmgr/include/Grid.h:1695) Grid bui configured.
2020-01-20 05:05:51,266 null [INFO] (/home/meteo/dev/redist/fwidbmgr/include/Grid.h:1595) Configuring grid: ffmc_tmp
2020-01-20 05:05:51,266 null [INFO] (/home/meteo/dev/redist/fwidbmgr/include/Grid.h:1695) Grid ffmc_tmp configured.
2020-01-20 05:05:51,267 null [INFO] (/home/meteo/dev/redist/fwidbmgr/include/Grid.h:1595) Configuring grid: dmc_tmp
2020-01-20 05:05:51,267 null [INFO] (/home/meteo/dev/redist/fwidbmgr/include/Grid.h:1695) Grid dmc_tmp configured.
2020-01-20 05:05:51,268 null [INFO] (/home/meteo/dev/redist/fwidbmgr/include/Grid.h:1595) Configuring grid: dc_tmp
2020-01-20 05:05:51,268 null [INFO] (/home/meteo/dev/redist/fwidbmgr/include/Grid.h:1695) Grid dc_tmp configured.
2020-01-20 05:05:51,269 null [INFO] (/home/meteo/dev/redist/fwidbmgr/include/Grid.h:1595) Configuring grid: idi
2020-01-20 05:05:51,269 null [INFO] (/home/meteo/dev/redist/fwidbmgr/include/Grid.h:1695) Grid idi configured.
2020-01-20 05:05:51,270 null [INFO] (/home/meteo/dev/redist/fwidbmgr/include/Grid.h:1595) Configuring grid: angstrom
2020-01-20 05:05:51,270 null [INFO] (/home/meteo/dev/redist/fwidbmgr/include/Grid.h:1695) Grid angstrom configured.
2020-01-20 05:05:51,271 null [INFO] (/home/meteo/dev/redist/fwidbmgr/include/Grid.h:1595) Configuring grid: fmi
2020-01-20 05:05:51,271 null [INFO] (/home/meteo/dev/redist/fwidbmgr/include/Grid.h:1695) Grid fmi configured.
2020-01-20 05:05:51,272 null [INFO] (/home/meteo/dev/redist/fwidbmgr/include/Grid.h:1595) Configuring grid: sharples
2020-01-20 05:05:51,272 null [INFO] (/home/meteo/dev/redist/fwidbmgr/include/Grid.h:1695) Grid sharples configured.
2020-01-20 05:05:51,594 null [INFO] (/home/meteo/dev/redist/fwidbmgr/include/Grid.h:1595) Configuring grid: snow
2020-01-20 05:05:51,594 null [INFO] (/home/meteo/dev/redist/fwidbmgr/include/Grid.h:1695) Grid snow configured.
2020-01-20 05:05:51,594 null [INFO] (/home/meteo/dev/redist/fwidbmgr/include/Grid.h:1595) Configuring grid: snow_covering
2020-01-20 05:05:51,595 null [INFO] (/home/meteo/dev/redist/fwidbmgr/include/Grid.h:1695) Grid snow_covering configured.
2020-01-20 05:05:51,595 null [INFO] (/home/meteo/dev/redist/fwidbmgr/include/Grid.h:1595) Configuring grid: snow_dissolution
2020-01-20 05:05:51,595 null [INFO] (/home/meteo/dev/redist/fwidbmgr/include/Grid.h:1695) Grid snow_dissolution configured.
2020-01-20 05:05:51,595 null [INFO] (/home/meteo/dev/redist/fwidbmgr/include/Grid.h:1595) Configuring grid: temperature
2020-01-20 05:05:51,595 null [INFO] (/home/meteo/dev/redist/fwidbmgr/include/Grid.h:1695) Grid temperature configured.
2020-01-20 05:05:51,595 null [INFO] (/home/meteo/dev/redist/fwidbmgr/include/Grid.h:1595) Configuring grid: humidity
2020-01-20 05:05:51,595 null [INFO] (/home/meteo/dev/redist/fwidbmgr/include/Grid.h:1695) Grid humidity configured.
2020-01-20 05:05:51,595 null [INFO] (/home/meteo/dev/redist/fwidbmgr/include/Grid.h:1595) Configuring grid: windspeed
2020-01-20 05:05:51,595 null [INFO] (/home/meteo/dev/redist/fwidbmgr/include/Grid.h:1695) Grid windspeed configured.
2020-01-20 05:05:51,595 null [INFO] (/home/meteo/dev/redist/fwidbmgr/include/Grid.h:1595) Configuring grid: rain
2020-01-20 05:05:51,595 null [INFO] (/home/meteo/dev/redist/fwidbmgr/include/Grid.h:1695) Grid rain configured.
2020-01-20 05:05:51,595 null [INFO] (/home/meteo/dev/redist/fwidbmgr/include/Grid.h:1595) Configuring grid: cum_rain
2020-01-20 05:05:51,595 null [INFO] (/home/meteo/dev/redist/fwidbmgr/include/Grid.h:1695) Grid cum_rain configured.
2020-01-20 05:06:45,497 null [INFO] (../src/fwidbmgr.cpp:5660) OK --> 20200119 indexes computed.
2020-01-20 05:06:45,498 null [INFO] (../src/fwidbmgr.cpp:5695) action computeidx took about 54 seconds.
2020-01-20 05:06:45,498 null [INFO] (../src/fwidbmgr.cpp:5699) Disconnected from database.
2020-01-20 05:06:45,518 null [INFO] (../src/fwidbmgr.cpp:5361) fwi db manager
2020-01-20 05:06:45,518 null [INFO] (../src/fwidbmgr.cpp:5365) Program home: /home/meteo/dev/redist/fwidbmgr
2020-01-20 05:06:45,518 null [INFO] (../src/fwidbmgr.cpp:5369) Auto convert: 1
2020-01-20 05:06:45,518 null [INFO] (../src/fwidbmgr.cpp:446) action: exportidx.
2020-01-20 05:06:45,518 null [INFO] (../src/fwidbmgr.cpp:470) date: 20200119.
2020-01-20 05:06:45,518 null [INFO] (../src/fwidbmgr.cpp:322) Try to read: /home/meteo/dev/redist/fwidbmgr/config/fwidbmgr.conf.
2020-01-20 05:06:45,520 null [INFO] (../src/fwidbmgr.cpp:5393) Configuration parsing: OK.
2020-01-20 05:06:45,525 null [INFO] (../src/fwidbmgr.cpp:5478) Connected to database
2020-01-20 05:06:45,526 null [INFO] (../src/fwidbmgr.cpp:5480) Manage data for date: 20200119.
2020-01-20 05:06:45,526 null [INFO] (../src/fwidbmgr.cpp:5596) Exporting indexes.
2020-01-20 05:06:45,529 null [INFO] (/home/meteo/dev/redist/fwidbmgr/include/Grid.h:1595) Configuring grid: isi
2020-01-20 05:06:45,529 null [INFO] (/home/meteo/dev/redist/fwidbmgr/include/Grid.h:1695) Grid isi configured.
2020-01-20 05:06:45,532 null [INFO] (/home/meteo/dev/redist/fwidbmgr/include/Grid.h:1595) Configuring grid: fwi
2020-01-20 05:06:45,532 null [INFO] (/home/meteo/dev/redist/fwidbmgr/include/Grid.h:1695) Grid fwi configured.
2020-01-20 05:06:45,533 null [INFO] (/home/meteo/dev/redist/fwidbmgr/include/Grid.h:1595) Configuring grid: ffmc
2020-01-20 05:06:45,533 null [INFO] (/home/meteo/dev/redist/fwidbmgr/include/Grid.h:1695) Grid ffmc configured.
2020-01-20 05:06:45,534 null [INFO] (/home/meteo/dev/redist/fwidbmgr/include/Grid.h:1595) Configuring grid: dmc
2020-01-20 05:06:45,535 null [INFO] (/home/meteo/dev/redist/fwidbmgr/include/Grid.h:1695) Grid dmc configured.
2020-01-20 05:06:45,536 null [INFO] (/home/meteo/dev/redist/fwidbmgr/include/Grid.h:1595) Configuring grid: dc
2020-01-20 05:06:45,536 null [INFO] (/home/meteo/dev/redist/fwidbmgr/include/Grid.h:1695) Grid dc configured.
2020-01-20 05:06:45,537 null [INFO] (/home/meteo/dev/redist/fwidbmgr/include/Grid.h:1595) Configuring grid: bui
2020-01-20 05:06:45,537 null [INFO] (/home/meteo/dev/redist/fwidbmgr/include/Grid.h:1695) Grid bui configured.
2020-01-20 05:06:45,539 null [INFO] (/home/meteo/dev/redist/fwidbmgr/include/Grid.h:1595) Configuring grid: ffmc_tmp
2020-01-20 05:06:45,539 null [INFO] (/home/meteo/dev/redist/fwidbmgr/include/Grid.h:1695) Grid ffmc_tmp configured.
2020-01-20 05:06:45,540 null [INFO] (/home/meteo/dev/redist/fwidbmgr/include/Grid.h:1595) Configuring grid: dmc_tmp
2020-01-20 05:06:45,540 null [INFO] (/home/meteo/dev/redist/fwidbmgr/include/Grid.h:1695) Grid dmc_tmp configured.
2020-01-20 05:06:45,541 null [INFO] (/home/meteo/dev/redist/fwidbmgr/include/Grid.h:1595) Configuring grid: dc_tmp
2020-01-20 05:06:45,541 null [INFO] (/home/meteo/dev/redist/fwidbmgr/include/Grid.h:1695) Grid dc_tmp configured.
2020-01-20 05:06:45,542 null [INFO] (/home/meteo/dev/redist/fwidbmgr/include/Grid.h:1595) Configuring grid: idi
2020-01-20 05:06:45,542 null [INFO] (/home/meteo/dev/redist/fwidbmgr/include/Grid.h:1695) Grid idi configured.
2020-01-20 05:06:45,543 null [INFO] (/home/meteo/dev/redist/fwidbmgr/include/Grid.h:1595) Configuring grid: angstrom
2020-01-20 05:06:45,543 null [INFO] (/home/meteo/dev/redist/fwidbmgr/include/Grid.h:1695) Grid angstrom configured.
2020-01-20 05:06:45,544 null [INFO] (/home/meteo/dev/redist/fwidbmgr/include/Grid.h:1595) Configuring grid: fmi
2020-01-20 05:06:45,544 null [INFO] (/home/meteo/dev/redist/fwidbmgr/include/Grid.h:1695) Grid fmi configured.
2020-01-20 05:06:45,545 null [INFO] (/home/meteo/dev/redist/fwidbmgr/include/Grid.h:1595) Configuring grid: sharples
2020-01-20 05:06:45,545 null [INFO] (/home/meteo/dev/redist/fwidbmgr/include/Grid.h:1695) Grid sharples configured.
2020-01-20 05:06:45,900 null [INFO] (/home/meteo/dev/redist/fwidbmgr/include/Grid.h:1595) Configuring grid: isi
2020-01-20 05:06:45,900 null [INFO] (/home/meteo/dev/redist/fwidbmgr/include/Grid.h:1695) Grid isi configured.
2020-01-20 05:06:45,919 null [INFO] (/home/meteo/dev/redist/fwidbmgr/include/Grid.h:1595) Configuring grid: fwi
2020-01-20 05:06:45,920 null [INFO] (/home/meteo/dev/redist/fwidbmgr/include/Grid.h:1695) Grid fwi configured.
2020-01-20 05:06:45,939 null [INFO] (/home/meteo/dev/redist/fwidbmgr/include/Grid.h:1595) Configuring grid: ffmc
2020-01-20 05:06:45,939 null [INFO] (/home/meteo/dev/redist/fwidbmgr/include/Grid.h:1695) Grid ffmc configured.
2020-01-20 05:06:45,959 null [INFO] (/home/meteo/dev/redist/fwidbmgr/include/Grid.h:1595) Configuring grid: dmc
2020-01-20 05:06:45,959 null [INFO] (/home/meteo/dev/redist/fwidbmgr/include/Grid.h:1695) Grid dmc configured.
2020-01-20 05:06:45,979 null [INFO] (/home/meteo/dev/redist/fwidbmgr/include/Grid.h:1595) Configuring grid: dc
2020-01-20 05:06:45,979 null [INFO] (/home/meteo/dev/redist/fwidbmgr/include/Grid.h:1695) Grid dc configured.
2020-01-20 05:06:45,999 null [INFO] (/home/meteo/dev/redist/fwidbmgr/include/Grid.h:1595) Configuring grid: bui
2020-01-20 05:06:45,999 null [INFO] (/home/meteo/dev/redist/fwidbmgr/include/Grid.h:1695) Grid bui configured.
2020-01-20 05:06:46,018 null [INFO] (/home/meteo/dev/redist/fwidbmgr/include/Grid.h:1595) Configuring grid: ffmc_tmp
2020-01-20 05:06:46,019 null [INFO] (/home/meteo/dev/redist/fwidbmgr/include/Grid.h:1695) Grid ffmc_tmp configured.
2020-01-20 05:06:46,039 null [INFO] (/home/meteo/dev/redist/fwidbmgr/include/Grid.h:1595) Configuring grid: dmc_tmp
2020-01-20 05:06:46,039 null [INFO] (/home/meteo/dev/redist/fwidbmgr/include/Grid.h:1695) Grid dmc_tmp configured.
2020-01-20 05:06:46,057 null [INFO] (/home/meteo/dev/redist/fwidbmgr/include/Grid.h:1595) Configuring grid: dc_tmp
2020-01-20 05:06:46,057 null [INFO] (/home/meteo/dev/redist/fwidbmgr/include/Grid.h:1695) Grid dc_tmp configured.
2020-01-20 05:06:46,076 null [INFO] (/home/meteo/dev/redist/fwidbmgr/include/Grid.h:1595) Configuring grid: angstrom
2020-01-20 05:06:46,076 null [INFO] (/home/meteo/dev/redist/fwidbmgr/include/Grid.h:1695) Grid angstrom configured.
2020-01-20 05:06:46,103 null [INFO] (/home/meteo/dev/redist/fwidbmgr/include/Grid.h:1595) Configuring grid: sharples
2020-01-20 05:06:46,103 null [INFO] (/home/meteo/dev/redist/fwidbmgr/include/Grid.h:1695) Grid sharples configured.
2020-01-20 05:06:46,123 null [INFO] (/home/meteo/dev/redist/fwidbmgr/include/Grid.h:1595) Configuring grid: fmi
2020-01-20 05:06:46,123 null [INFO] (/home/meteo/dev/redist/fwidbmgr/include/Grid.h:1695) Grid fmi configured.
2020-01-20 05:06:46,146 null [INFO] (../src/fwidbmgr.cpp:5600) OK --> 20200119 indexes exported to files.
2020-01-20 05:06:46,146 null [INFO] (../src/fwidbmgr.cpp:5695) action exportidx took about 1 seconds.
2020-01-20 05:06:46,146 null [INFO] (../src/fwidbmgr.cpp:5699) Disconnected from database.
2020-01-20 05:06:59,814 null [INFO] (../src/fwidbmgr.cpp:5361) fwi db manager
2020-01-20 05:06:59,814 null [INFO] (../src/fwidbmgr.cpp:5365) Program home: /home/meteo/dev/redist/fwidbmgr
2020-01-20 05:06:59,814 null [INFO] (../src/fwidbmgr.cpp:5369) Auto convert: 1
2020-01-20 05:06:59,815 null [INFO] (../src/fwidbmgr.cpp:446) action: outimg.
2020-01-20 05:06:59,815 null [INFO] (../src/fwidbmgr.cpp:470) date: 20200119.
2020-01-20 05:06:59,815 null [INFO] (../src/fwidbmgr.cpp:322) Try to read: /home/meteo/dev/redist/fwidbmgr/config/fwidbmgr.conf.
2020-01-20 05:06:59,816 null [INFO] (../src/fwidbmgr.cpp:5393) Configuration parsing: OK.
2020-01-20 05:06:59,822 null [INFO] (../src/fwidbmgr.cpp:5478) Connected to database
2020-01-20 05:06:59,822 null [INFO] (../src/fwidbmgr.cpp:5480) Manage data for date: 20200119.
2020-01-20 05:06:59,822 null [INFO] (../src/fwidbmgr.cpp:5566) Importing fwi indexes images in database.
2020-01-20 05:06:59,874 null [INFO] (../src/fwidbmgr.cpp:5570) OK --> 20200119 images imported.
2020-01-20 05:06:59,874 null [INFO] (../src/fwidbmgr.cpp:5695) action outimg took about 0 seconds.
2020-01-20 05:06:59,875 null [INFO] (../src/fwidbmgr.cpp:5699) Disconnected from database.
2020-01-20 05:37:01,512 null [INFO] (../src/fwidbmgr.cpp:5361) fwi db manager
2020-01-20 05:37:01,512 null [INFO] (../src/fwidbmgr.cpp:5365) Program home: /home/meteo/dev/redist/fwidbmgr
2020-01-20 05:37:01,512 null [INFO] (../src/fwidbmgr.cpp:5369) Auto convert: 1
2020-01-20 05:37:01,513 null [INFO] (../src/fwidbmgr.cpp:446) action: outimg.
2020-01-20 05:37:01,513 null [INFO] (../src/fwidbmgr.cpp:470) date: 20200119.
2020-01-20 05:37:01,513 null [INFO] (../src/fwidbmgr.cpp:322) Try to read: /home/meteo/dev/redist/fwidbmgr/config/fwidbmgr.conf.
2020-01-20 05:37:01,514 null [INFO] (../src/fwidbmgr.cpp:5393) Configuration parsing: OK.
2020-01-20 05:37:01,520 null [INFO] (../src/fwidbmgr.cpp:5478) Connected to database
2020-01-20 05:37:01,520 null [INFO] (../src/fwidbmgr.cpp:5480) Manage data for date: 20200119.
2020-01-20 05:37:01,520 null [INFO] (../src/fwidbmgr.cpp:5566) Importing fwi indexes images in database.
2020-01-20 05:37:01,575 null [INFO] (../src/fwidbmgr.cpp:5570) OK --> 20200119 images imported.
2020-01-20 05:37:01,575 null [INFO] (../src/fwidbmgr.cpp:5695) action outimg took about 0 seconds.
2020-01-20 05:37:01,575 null [INFO] (../src/fwidbmgr.cpp:5699) Disconnected from database.
2020-01-20 06:05:01,708 null [INFO] (../src/fwidbmgr.cpp:5361) fwi db manager
2020-01-20 06:05:01,708 null [INFO] (../src/fwidbmgr.cpp:5365) Program home: /home/meteo/dev/redist/fwidbmgr
2020-01-20 06:05:01,708 null [INFO] (../src/fwidbmgr.cpp:5369) Auto convert: 1
2020-01-20 06:05:01,708 null [INFO] (../src/fwidbmgr.cpp:446) action: outimg.
2020-01-20 06:05:01,708 null [INFO] (../src/fwidbmgr.cpp:470) date: 20200119.
2020-01-20 06:05:01,708 null [INFO] (../src/fwidbmgr.cpp:322) Try to read: /home/meteo/dev/redist/fwidbmgr/config/fwidbmgr.conf.
2020-01-20 06:05:01,709 null [INFO] (../src/fwidbmgr.cpp:5393) Configuration parsing: OK.
2020-01-20 06:05:01,714 null [INFO] (../src/fwidbmgr.cpp:5478) Connected to database
2020-01-20 06:05:01,714 null [INFO] (../src/fwidbmgr.cpp:5480) Manage data for date: 20200119.
2020-01-20 06:05:01,714 null [INFO] (../src/fwidbmgr.cpp:5566) Importing fwi indexes images in database.
2020-01-20 06:05:01,765 null [INFO] (../src/fwidbmgr.cpp:5570) OK --> 20200119 images imported.
2020-01-20 06:05:01,765 null [INFO] (../src/fwidbmgr.cpp:5695) action outimg took about 0 seconds.
2020-01-20 06:05:01,766 null [INFO] (../src/fwidbmgr.cpp:5699) Disconnected from database.
2020-01-20 06:37:01,912 null [INFO] (../src/fwidbmgr.cpp:5361) fwi db manager
2020-01-20 06:37:01,912 null [INFO] (../src/fwidbmgr.cpp:5365) Program home: /home/meteo/dev/redist/fwidbmgr
2020-01-20 06:37:01,912 null [INFO] (../src/fwidbmgr.cpp:5369) Auto convert: 1
2020-01-20 06:37:01,912 null [INFO] (../src/fwidbmgr.cpp:446) action: outimg.
2020-01-20 06:37:01,912 null [INFO] (../src/fwidbmgr.cpp:470) date: 20200119.
2020-01-20 06:37:01,912 null [INFO] (../src/fwidbmgr.cpp:322) Try to read: /home/meteo/dev/redist/fwidbmgr/config/fwidbmgr.conf.
2020-01-20 06:37:01,913 null [INFO] (../src/fwidbmgr.cpp:5393) Configuration parsing: OK.
2020-01-20 06:37:01,919 null [INFO] (../src/fwidbmgr.cpp:5478) Connected to database
2020-01-20 06:37:01,919 null [INFO] (../src/fwidbmgr.cpp:5480) Manage data for date: 20200119.
2020-01-20 06:37:01,919 null [INFO] (../src/fwidbmgr.cpp:5566) Importing fwi indexes images in database.
2020-01-20 06:37:01,973 null [INFO] (../src/fwidbmgr.cpp:5570) OK --> 20200119 images imported.
2020-01-20 06:37:01,973 null [INFO] (../src/fwidbmgr.cpp:5695) action outimg took about 0 seconds.
2020-01-20 06:37:01,973 null [INFO] (../src/fwidbmgr.cpp:5699) Disconnected from database.
2020-01-20 07:05:01,667 null [INFO] (../src/fwidbmgr.cpp:5361) fwi db manager
2020-01-20 07:05:01,667 null [INFO] (../src/fwidbmgr.cpp:5365) Program home: /home/meteo/dev/redist/fwidbmgr
2020-01-20 07:05:01,667 null [INFO] (../src/fwidbmgr.cpp:5369) Auto convert: 1
2020-01-20 07:05:01,667 null [INFO] (../src/fwidbmgr.cpp:446) action: outimg.
2020-01-20 07:05:01,667 null [INFO] (../src/fwidbmgr.cpp:470) date: 20200119.
2020-01-20 07:05:01,667 null [INFO] (../src/fwidbmgr.cpp:322) Try to read: /home/meteo/dev/redist/fwidbmgr/config/fwidbmgr.conf.
2020-01-20 07:05:01,668 null [INFO] (../src/fwidbmgr.cpp:5393) Configuration parsing: OK.
2020-01-20 07:05:01,674 null [INFO] (../src/fwidbmgr.cpp:5478) Connected to database
2020-01-20 07:05:01,674 null [INFO] (../src/fwidbmgr.cpp:5480) Manage data for date: 20200119.
2020-01-20 07:05:01,674 null [INFO] (../src/fwidbmgr.cpp:5566) Importing fwi indexes images in database.
2020-01-20 07:05:01,731 null [INFO] (../src/fwidbmgr.cpp:5570) OK --> 20200119 images imported.
2020-01-20 07:05:01,731 null [INFO] (../src/fwidbmgr.cpp:5695) action outimg took about 0 seconds.
2020-01-20 07:05:01,731 null [INFO] (../src/fwidbmgr.cpp:5699) Disconnected from database.
2020-01-20 07:37:01,848 null [INFO] (../src/fwidbmgr.cpp:5361) fwi db manager
2020-01-20 07:37:01,848 null [INFO] (../src/fwidbmgr.cpp:5365) Program home: /home/meteo/dev/redist/fwidbmgr
2020-01-20 07:37:01,848 null [INFO] (../src/fwidbmgr.cpp:5369) Auto convert: 1
2020-01-20 07:37:01,848 null [INFO] (../src/fwidbmgr.cpp:446) action: outimg.
2020-01-20 07:37:01,848 null [INFO] (../src/fwidbmgr.cpp:470) date: 20200119.
2020-01-20 07:37:01,848 null [INFO] (../src/fwidbmgr.cpp:322) Try to read: /home/meteo/dev/redist/fwidbmgr/config/fwidbmgr.conf.
2020-01-20 07:37:01,849 null [INFO] (../src/fwidbmgr.cpp:5393) Configuration parsing: OK.
2020-01-20 07:37:01,853 null [INFO] (../src/fwidbmgr.cpp:5478) Connected to database
2020-01-20 07:37:01,853 null [INFO] (../src/fwidbmgr.cpp:5480) Manage data for date: 20200119.
2020-01-20 07:37:01,854 null [INFO] (../src/fwidbmgr.cpp:5566) Importing fwi indexes images in database.
2020-01-20 07:37:01,902 null [INFO] (../src/fwidbmgr.cpp:5570) OK --> 20200119 images imported.
2020-01-20 07:37:01,902 null [INFO] (../src/fwidbmgr.cpp:5695) action outimg took about 0 seconds.
2020-01-20 07:37:01,903 null [INFO] (../src/fwidbmgr.cpp:5699) Disconnected from database.
