2017-12-09 04:06:54,480 null [INFO] (../src/fwidbmgr.cpp:5361) fwi db manager
2017-12-09 04:06:54,481 null [INFO] (../src/fwidbmgr.cpp:5365) Program home: /home/meteo/dev/redist/fwidbmgr
2017-12-09 04:06:54,481 null [INFO] (../src/fwidbmgr.cpp:5369) Auto convert: 1
2017-12-09 04:06:54,481 null [INFO] (../src/fwidbmgr.cpp:446) action: in.
2017-12-09 04:06:54,481 null [INFO] (../src/fwidbmgr.cpp:470) date: 20171208.
2017-12-09 04:06:54,481 null [INFO] (../src/fwidbmgr.cpp:322) Try to read: /home/meteo/dev/redist/fwidbmgr/config/fwidbmgr.conf.
2017-12-09 04:06:54,502 null [INFO] (../src/fwidbmgr.cpp:5393) Configuration parsing: OK.
2017-12-09 04:06:54,543 null [INFO] (../src/fwidbmgr.cpp:5478) Connected to database
2017-12-09 04:06:54,543 null [INFO] (../src/fwidbmgr.cpp:5480) Manage data for date: 20171208.
2017-12-09 04:06:54,543 null [INFO] (../src/fwidbmgr.cpp:5536) Importing meteo data in database for day: 20171208.
2017-12-09 04:06:54,551 null [INFO] (/home/meteo/dev/redist/fwidbmgr/include/Grid.h:1595) Configuring grid: snow
2017-12-09 04:06:54,552 null [INFO] (/home/meteo/dev/redist/fwidbmgr/include/Grid.h:1695) Grid snow configured.
2017-12-09 04:06:54,563 null [INFO] (/home/meteo/dev/redist/fwidbmgr/include/Grid.h:1595) Configuring grid: snow_covering
2017-12-09 04:06:54,563 null [INFO] (/home/meteo/dev/redist/fwidbmgr/include/Grid.h:1695) Grid snow_covering configured.
2017-12-09 04:06:54,576 null [INFO] (/home/meteo/dev/redist/fwidbmgr/include/Grid.h:1595) Configuring grid: snow_dissolution
2017-12-09 04:06:54,576 null [INFO] (/home/meteo/dev/redist/fwidbmgr/include/Grid.h:1695) Grid snow_dissolution configured.
2017-12-09 04:06:54,599 null [INFO] (/home/meteo/dev/redist/fwidbmgr/include/Grid.h:1595) Configuring grid: temperature
2017-12-09 04:06:54,599 null [INFO] (/home/meteo/dev/redist/fwidbmgr/include/Grid.h:1695) Grid temperature configured.
2017-12-09 04:06:54,604 null [INFO] (/home/meteo/dev/redist/fwidbmgr/include/Grid.h:1595) Configuring grid: humidity
2017-12-09 04:06:54,604 null [INFO] (/home/meteo/dev/redist/fwidbmgr/include/Grid.h:1695) Grid humidity configured.
2017-12-09 04:06:54,614 null [INFO] (/home/meteo/dev/redist/fwidbmgr/include/Grid.h:1595) Configuring grid: windspeed
2017-12-09 04:06:54,614 null [INFO] (/home/meteo/dev/redist/fwidbmgr/include/Grid.h:1695) Grid windspeed configured.
2017-12-09 04:06:54,636 null [INFO] (/home/meteo/dev/redist/fwidbmgr/include/Grid.h:1595) Configuring grid: rain
2017-12-09 04:06:54,636 null [INFO] (/home/meteo/dev/redist/fwidbmgr/include/Grid.h:1695) Grid rain configured.
2017-12-09 04:06:54,639 null [INFO] (/home/meteo/dev/redist/fwidbmgr/include/Grid.h:1595) Configuring grid: cum_rain
2017-12-09 04:06:54,639 null [INFO] (/home/meteo/dev/redist/fwidbmgr/include/Grid.h:1695) Grid cum_rain configured.
2017-12-09 04:07:01,225 null [INFO] (../src/fwidbmgr.cpp:1518) Storing meteo input ...
2017-12-09 04:07:22,086 null [INFO] (../src/fwidbmgr.cpp:5540) OK --> 20171208 data imported.
2017-12-09 04:07:22,141 null [INFO] (../src/fwidbmgr.cpp:5695) action in took about 28 seconds.
2017-12-09 04:07:22,352 null [INFO] (../src/fwidbmgr.cpp:5699) Disconnected from database.
2017-12-09 04:08:32,195 null [INFO] (../src/fwidbmgr.cpp:5361) fwi db manager
2017-12-09 04:08:32,195 null [INFO] (../src/fwidbmgr.cpp:5365) Program home: /home/meteo/dev/redist/fwidbmgr
2017-12-09 04:08:32,195 null [INFO] (../src/fwidbmgr.cpp:5369) Auto convert: 1
2017-12-09 04:08:32,196 null [INFO] (../src/fwidbmgr.cpp:446) action: out.
2017-12-09 04:08:32,196 null [INFO] (../src/fwidbmgr.cpp:470) date: 20171208.
2017-12-09 04:08:32,196 null [INFO] (../src/fwidbmgr.cpp:322) Try to read: /home/meteo/dev/redist/fwidbmgr/config/fwidbmgr.conf.
2017-12-09 04:08:32,201 null [INFO] (../src/fwidbmgr.cpp:5393) Configuration parsing: OK.
2017-12-09 04:08:32,218 null [INFO] (../src/fwidbmgr.cpp:5478) Connected to database
2017-12-09 04:08:32,218 null [INFO] (../src/fwidbmgr.cpp:5480) Manage data for date: 20171208.
2017-12-09 04:08:32,218 null [INFO] (../src/fwidbmgr.cpp:5551) Importing fwi indexes data in database for day: 20171208.
2017-12-09 04:08:32,225 null [INFO] (/home/meteo/dev/redist/fwidbmgr/include/Grid.h:1595) Configuring grid: isi
2017-12-09 04:08:32,225 null [INFO] (/home/meteo/dev/redist/fwidbmgr/include/Grid.h:1695) Grid isi configured.
2017-12-09 04:08:32,239 null [INFO] (/home/meteo/dev/redist/fwidbmgr/include/Grid.h:1595) Configuring grid: fwi
2017-12-09 04:08:32,239 null [INFO] (/home/meteo/dev/redist/fwidbmgr/include/Grid.h:1695) Grid fwi configured.
2017-12-09 04:08:32,252 null [INFO] (/home/meteo/dev/redist/fwidbmgr/include/Grid.h:1595) Configuring grid: ffmc
2017-12-09 04:08:32,252 null [INFO] (/home/meteo/dev/redist/fwidbmgr/include/Grid.h:1695) Grid ffmc configured.
2017-12-09 04:08:32,265 null [INFO] (/home/meteo/dev/redist/fwidbmgr/include/Grid.h:1595) Configuring grid: dmc
2017-12-09 04:08:32,265 null [INFO] (/home/meteo/dev/redist/fwidbmgr/include/Grid.h:1695) Grid dmc configured.
2017-12-09 04:08:32,277 null [INFO] (/home/meteo/dev/redist/fwidbmgr/include/Grid.h:1595) Configuring grid: dc
2017-12-09 04:08:32,277 null [INFO] (/home/meteo/dev/redist/fwidbmgr/include/Grid.h:1695) Grid dc configured.
2017-12-09 04:08:32,291 null [INFO] (/home/meteo/dev/redist/fwidbmgr/include/Grid.h:1595) Configuring grid: bui
2017-12-09 04:08:32,291 null [INFO] (/home/meteo/dev/redist/fwidbmgr/include/Grid.h:1695) Grid bui configured.
2017-12-09 04:08:32,303 null [INFO] (/home/meteo/dev/redist/fwidbmgr/include/Grid.h:1595) Configuring grid: ffmc_tmp
2017-12-09 04:08:32,303 null [INFO] (/home/meteo/dev/redist/fwidbmgr/include/Grid.h:1695) Grid ffmc_tmp configured.
2017-12-09 04:08:32,333 null [INFO] (/home/meteo/dev/redist/fwidbmgr/include/Grid.h:1595) Configuring grid: dmc_tmp
2017-12-09 04:08:32,333 null [INFO] (/home/meteo/dev/redist/fwidbmgr/include/Grid.h:1695) Grid dmc_tmp configured.
2017-12-09 04:08:32,353 null [INFO] (/home/meteo/dev/redist/fwidbmgr/include/Grid.h:1595) Configuring grid: dc_tmp
2017-12-09 04:08:32,353 null [INFO] (/home/meteo/dev/redist/fwidbmgr/include/Grid.h:1695) Grid dc_tmp configured.
2017-12-09 04:08:32,374 null [INFO] (/home/meteo/dev/redist/fwidbmgr/include/Grid.h:1595) Configuring grid: idi
2017-12-09 04:08:32,374 null [INFO] (/home/meteo/dev/redist/fwidbmgr/include/Grid.h:1695) Grid idi configured.
2017-12-09 04:08:41,659 null [INFO] (../src/fwidbmgr.cpp:2081) Storing FWI indexes ...
2017-12-09 04:09:17,561 null [INFO] (../src/fwidbmgr.cpp:5555) OK --> 20171208 data imported.
2017-12-09 04:09:17,561 null [INFO] (../src/fwidbmgr.cpp:5695) action out took about 45 seconds.
2017-12-09 04:09:17,562 null [INFO] (../src/fwidbmgr.cpp:5699) Disconnected from database.
2017-12-09 04:09:17,807 null [INFO] (../src/fwidbmgr.cpp:5361) fwi db manager
2017-12-09 04:09:17,807 null [INFO] (../src/fwidbmgr.cpp:5365) Program home: /home/meteo/dev/redist/fwidbmgr
2017-12-09 04:09:17,807 null [INFO] (../src/fwidbmgr.cpp:5369) Auto convert: 1
2017-12-09 04:09:17,807 null [INFO] (../src/fwidbmgr.cpp:446) action: computeidx.
2017-12-09 04:09:17,807 null [INFO] (../src/fwidbmgr.cpp:470) date: 20171208.
2017-12-09 04:09:17,807 null [INFO] (../src/fwidbmgr.cpp:322) Try to read: /home/meteo/dev/redist/fwidbmgr/config/fwidbmgr.conf.
2017-12-09 04:09:17,824 null [INFO] (../src/fwidbmgr.cpp:5393) Configuration parsing: OK.
2017-12-09 04:09:17,885 null [INFO] (../src/fwidbmgr.cpp:5478) Connected to database
2017-12-09 04:09:17,885 null [INFO] (../src/fwidbmgr.cpp:5480) Manage data for date: 20171208.
2017-12-09 04:09:17,885 null [INFO] (../src/fwidbmgr.cpp:5656) Computing indexes.
2017-12-09 04:09:17,887 null [INFO] (/home/meteo/dev/redist/fwidbmgr/include/Grid.h:1595) Configuring grid: isi
2017-12-09 04:09:17,887 null [INFO] (/home/meteo/dev/redist/fwidbmgr/include/Grid.h:1695) Grid isi configured.
2017-12-09 04:09:17,888 null [INFO] (/home/meteo/dev/redist/fwidbmgr/include/Grid.h:1595) Configuring grid: fwi
2017-12-09 04:09:17,888 null [INFO] (/home/meteo/dev/redist/fwidbmgr/include/Grid.h:1695) Grid fwi configured.
2017-12-09 04:09:17,889 null [INFO] (/home/meteo/dev/redist/fwidbmgr/include/Grid.h:1595) Configuring grid: ffmc
2017-12-09 04:09:17,902 null [INFO] (/home/meteo/dev/redist/fwidbmgr/include/Grid.h:1695) Grid ffmc configured.
2017-12-09 04:09:17,903 null [INFO] (/home/meteo/dev/redist/fwidbmgr/include/Grid.h:1595) Configuring grid: dmc
2017-12-09 04:09:17,903 null [INFO] (/home/meteo/dev/redist/fwidbmgr/include/Grid.h:1695) Grid dmc configured.
2017-12-09 04:09:17,904 null [INFO] (/home/meteo/dev/redist/fwidbmgr/include/Grid.h:1595) Configuring grid: dc
2017-12-09 04:09:17,904 null [INFO] (/home/meteo/dev/redist/fwidbmgr/include/Grid.h:1695) Grid dc configured.
2017-12-09 04:09:17,906 null [INFO] (/home/meteo/dev/redist/fwidbmgr/include/Grid.h:1595) Configuring grid: bui
2017-12-09 04:09:17,906 null [INFO] (/home/meteo/dev/redist/fwidbmgr/include/Grid.h:1695) Grid bui configured.
2017-12-09 04:09:17,907 null [INFO] (/home/meteo/dev/redist/fwidbmgr/include/Grid.h:1595) Configuring grid: ffmc_tmp
2017-12-09 04:09:17,907 null [INFO] (/home/meteo/dev/redist/fwidbmgr/include/Grid.h:1695) Grid ffmc_tmp configured.
2017-12-09 04:09:17,908 null [INFO] (/home/meteo/dev/redist/fwidbmgr/include/Grid.h:1595) Configuring grid: dmc_tmp
2017-12-09 04:09:17,908 null [INFO] (/home/meteo/dev/redist/fwidbmgr/include/Grid.h:1695) Grid dmc_tmp configured.
2017-12-09 04:09:17,910 null [INFO] (/home/meteo/dev/redist/fwidbmgr/include/Grid.h:1595) Configuring grid: dc_tmp
2017-12-09 04:09:17,910 null [INFO] (/home/meteo/dev/redist/fwidbmgr/include/Grid.h:1695) Grid dc_tmp configured.
2017-12-09 04:09:17,911 null [INFO] (/home/meteo/dev/redist/fwidbmgr/include/Grid.h:1595) Configuring grid: idi
2017-12-09 04:09:17,911 null [INFO] (/home/meteo/dev/redist/fwidbmgr/include/Grid.h:1695) Grid idi configured.
2017-12-09 04:09:17,912 null [INFO] (/home/meteo/dev/redist/fwidbmgr/include/Grid.h:1595) Configuring grid: angstrom
2017-12-09 04:09:17,912 null [INFO] (/home/meteo/dev/redist/fwidbmgr/include/Grid.h:1695) Grid angstrom configured.
2017-12-09 04:09:17,914 null [INFO] (/home/meteo/dev/redist/fwidbmgr/include/Grid.h:1595) Configuring grid: fmi
2017-12-09 04:09:17,914 null [INFO] (/home/meteo/dev/redist/fwidbmgr/include/Grid.h:1695) Grid fmi configured.
2017-12-09 04:09:17,915 null [INFO] (/home/meteo/dev/redist/fwidbmgr/include/Grid.h:1595) Configuring grid: sharples
2017-12-09 04:09:17,915 null [INFO] (/home/meteo/dev/redist/fwidbmgr/include/Grid.h:1695) Grid sharples configured.
2017-12-09 04:09:31,982 null [INFO] (/home/meteo/dev/redist/fwidbmgr/include/Grid.h:1595) Configuring grid: snow
2017-12-09 04:09:31,988 null [INFO] (/home/meteo/dev/redist/fwidbmgr/include/Grid.h:1695) Grid snow configured.
2017-12-09 04:09:31,997 null [INFO] (/home/meteo/dev/redist/fwidbmgr/include/Grid.h:1595) Configuring grid: snow_covering
2017-12-09 04:09:31,997 null [INFO] (/home/meteo/dev/redist/fwidbmgr/include/Grid.h:1695) Grid snow_covering configured.
2017-12-09 04:09:31,997 null [INFO] (/home/meteo/dev/redist/fwidbmgr/include/Grid.h:1595) Configuring grid: snow_dissolution
2017-12-09 04:09:31,997 null [INFO] (/home/meteo/dev/redist/fwidbmgr/include/Grid.h:1695) Grid snow_dissolution configured.
2017-12-09 04:09:31,997 null [INFO] (/home/meteo/dev/redist/fwidbmgr/include/Grid.h:1595) Configuring grid: temperature
2017-12-09 04:09:31,997 null [INFO] (/home/meteo/dev/redist/fwidbmgr/include/Grid.h:1695) Grid temperature configured.
2017-12-09 04:09:31,997 null [INFO] (/home/meteo/dev/redist/fwidbmgr/include/Grid.h:1595) Configuring grid: humidity
2017-12-09 04:09:31,997 null [INFO] (/home/meteo/dev/redist/fwidbmgr/include/Grid.h:1695) Grid humidity configured.
2017-12-09 04:09:31,997 null [INFO] (/home/meteo/dev/redist/fwidbmgr/include/Grid.h:1595) Configuring grid: windspeed
2017-12-09 04:09:31,998 null [INFO] (/home/meteo/dev/redist/fwidbmgr/include/Grid.h:1695) Grid windspeed configured.
2017-12-09 04:09:31,998 null [INFO] (/home/meteo/dev/redist/fwidbmgr/include/Grid.h:1595) Configuring grid: rain
2017-12-09 04:09:31,998 null [INFO] (/home/meteo/dev/redist/fwidbmgr/include/Grid.h:1695) Grid rain configured.
2017-12-09 04:09:31,998 null [INFO] (/home/meteo/dev/redist/fwidbmgr/include/Grid.h:1595) Configuring grid: cum_rain
2017-12-09 04:09:31,998 null [INFO] (/home/meteo/dev/redist/fwidbmgr/include/Grid.h:1695) Grid cum_rain configured.
2017-12-09 04:11:50,483 null [INFO] (../src/fwidbmgr.cpp:5660) OK --> 20171208 indexes computed.
2017-12-09 04:11:50,488 null [INFO] (../src/fwidbmgr.cpp:5695) action computeidx took about 153 seconds.
2017-12-09 04:11:50,488 null [INFO] (../src/fwidbmgr.cpp:5699) Disconnected from database.
2017-12-09 04:11:50,669 null [INFO] (../src/fwidbmgr.cpp:5361) fwi db manager
2017-12-09 04:11:50,669 null [INFO] (../src/fwidbmgr.cpp:5365) Program home: /home/meteo/dev/redist/fwidbmgr
2017-12-09 04:11:50,669 null [INFO] (../src/fwidbmgr.cpp:5369) Auto convert: 1
2017-12-09 04:11:50,670 null [INFO] (../src/fwidbmgr.cpp:446) action: exportidx.
2017-12-09 04:11:50,670 null [INFO] (../src/fwidbmgr.cpp:470) date: 20171208.
2017-12-09 04:11:50,670 null [INFO] (../src/fwidbmgr.cpp:322) Try to read: /home/meteo/dev/redist/fwidbmgr/config/fwidbmgr.conf.
2017-12-09 04:11:50,674 null [INFO] (../src/fwidbmgr.cpp:5393) Configuration parsing: OK.
2017-12-09 04:11:50,712 null [INFO] (../src/fwidbmgr.cpp:5478) Connected to database
2017-12-09 04:11:50,712 null [INFO] (../src/fwidbmgr.cpp:5480) Manage data for date: 20171208.
2017-12-09 04:11:50,712 null [INFO] (../src/fwidbmgr.cpp:5596) Exporting indexes.
2017-12-09 04:11:50,714 null [INFO] (/home/meteo/dev/redist/fwidbmgr/include/Grid.h:1595) Configuring grid: isi
2017-12-09 04:11:50,714 null [INFO] (/home/meteo/dev/redist/fwidbmgr/include/Grid.h:1695) Grid isi configured.
2017-12-09 04:11:50,715 null [INFO] (/home/meteo/dev/redist/fwidbmgr/include/Grid.h:1595) Configuring grid: fwi
2017-12-09 04:11:50,715 null [INFO] (/home/meteo/dev/redist/fwidbmgr/include/Grid.h:1695) Grid fwi configured.
2017-12-09 04:11:50,717 null [INFO] (/home/meteo/dev/redist/fwidbmgr/include/Grid.h:1595) Configuring grid: ffmc
2017-12-09 04:11:50,717 null [INFO] (/home/meteo/dev/redist/fwidbmgr/include/Grid.h:1695) Grid ffmc configured.
2017-12-09 04:11:50,718 null [INFO] (/home/meteo/dev/redist/fwidbmgr/include/Grid.h:1595) Configuring grid: dmc
2017-12-09 04:11:50,718 null [INFO] (/home/meteo/dev/redist/fwidbmgr/include/Grid.h:1695) Grid dmc configured.
2017-12-09 04:11:50,719 null [INFO] (/home/meteo/dev/redist/fwidbmgr/include/Grid.h:1595) Configuring grid: dc
2017-12-09 04:11:50,719 null [INFO] (/home/meteo/dev/redist/fwidbmgr/include/Grid.h:1695) Grid dc configured.
2017-12-09 04:11:50,720 null [INFO] (/home/meteo/dev/redist/fwidbmgr/include/Grid.h:1595) Configuring grid: bui
2017-12-09 04:11:50,721 null [INFO] (/home/meteo/dev/redist/fwidbmgr/include/Grid.h:1695) Grid bui configured.
2017-12-09 04:11:50,722 null [INFO] (/home/meteo/dev/redist/fwidbmgr/include/Grid.h:1595) Configuring grid: ffmc_tmp
2017-12-09 04:11:50,722 null [INFO] (/home/meteo/dev/redist/fwidbmgr/include/Grid.h:1695) Grid ffmc_tmp configured.
2017-12-09 04:11:50,723 null [INFO] (/home/meteo/dev/redist/fwidbmgr/include/Grid.h:1595) Configuring grid: dmc_tmp
2017-12-09 04:11:50,723 null [INFO] (/home/meteo/dev/redist/fwidbmgr/include/Grid.h:1695) Grid dmc_tmp configured.
2017-12-09 04:11:50,724 null [INFO] (/home/meteo/dev/redist/fwidbmgr/include/Grid.h:1595) Configuring grid: dc_tmp
2017-12-09 04:11:50,725 null [INFO] (/home/meteo/dev/redist/fwidbmgr/include/Grid.h:1695) Grid dc_tmp configured.
2017-12-09 04:11:50,726 null [INFO] (/home/meteo/dev/redist/fwidbmgr/include/Grid.h:1595) Configuring grid: idi
2017-12-09 04:11:50,726 null [INFO] (/home/meteo/dev/redist/fwidbmgr/include/Grid.h:1695) Grid idi configured.
2017-12-09 04:11:50,727 null [INFO] (/home/meteo/dev/redist/fwidbmgr/include/Grid.h:1595) Configuring grid: angstrom
2017-12-09 04:11:50,727 null [INFO] (/home/meteo/dev/redist/fwidbmgr/include/Grid.h:1695) Grid angstrom configured.
2017-12-09 04:11:50,728 null [INFO] (/home/meteo/dev/redist/fwidbmgr/include/Grid.h:1595) Configuring grid: fmi
2017-12-09 04:11:50,728 null [INFO] (/home/meteo/dev/redist/fwidbmgr/include/Grid.h:1695) Grid fmi configured.
2017-12-09 04:11:50,730 null [INFO] (/home/meteo/dev/redist/fwidbmgr/include/Grid.h:1595) Configuring grid: sharples
2017-12-09 04:11:50,730 null [INFO] (/home/meteo/dev/redist/fwidbmgr/include/Grid.h:1695) Grid sharples configured.
2017-12-09 04:12:02,099 null [INFO] (/home/meteo/dev/redist/fwidbmgr/include/Grid.h:1595) Configuring grid: isi
2017-12-09 04:12:02,100 null [INFO] (/home/meteo/dev/redist/fwidbmgr/include/Grid.h:1695) Grid isi configured.
2017-12-09 04:12:02,161 null [INFO] (/home/meteo/dev/redist/fwidbmgr/include/Grid.h:1595) Configuring grid: fwi
2017-12-09 04:12:02,161 null [INFO] (/home/meteo/dev/redist/fwidbmgr/include/Grid.h:1695) Grid fwi configured.
2017-12-09 04:12:02,197 null [INFO] (/home/meteo/dev/redist/fwidbmgr/include/Grid.h:1595) Configuring grid: ffmc
2017-12-09 04:12:02,197 null [INFO] (/home/meteo/dev/redist/fwidbmgr/include/Grid.h:1695) Grid ffmc configured.
2017-12-09 04:12:02,235 null [INFO] (/home/meteo/dev/redist/fwidbmgr/include/Grid.h:1595) Configuring grid: dmc
2017-12-09 04:12:02,235 null [INFO] (/home/meteo/dev/redist/fwidbmgr/include/Grid.h:1695) Grid dmc configured.
2017-12-09 04:12:02,271 null [INFO] (/home/meteo/dev/redist/fwidbmgr/include/Grid.h:1595) Configuring grid: dc
2017-12-09 04:12:02,271 null [INFO] (/home/meteo/dev/redist/fwidbmgr/include/Grid.h:1695) Grid dc configured.
2017-12-09 04:12:02,309 null [INFO] (/home/meteo/dev/redist/fwidbmgr/include/Grid.h:1595) Configuring grid: bui
2017-12-09 04:12:02,309 null [INFO] (/home/meteo/dev/redist/fwidbmgr/include/Grid.h:1695) Grid bui configured.
2017-12-09 04:12:02,346 null [INFO] (/home/meteo/dev/redist/fwidbmgr/include/Grid.h:1595) Configuring grid: ffmc_tmp
2017-12-09 04:12:02,346 null [INFO] (/home/meteo/dev/redist/fwidbmgr/include/Grid.h:1695) Grid ffmc_tmp configured.
2017-12-09 04:12:02,382 null [INFO] (/home/meteo/dev/redist/fwidbmgr/include/Grid.h:1595) Configuring grid: dmc_tmp
2017-12-09 04:12:02,382 null [INFO] (/home/meteo/dev/redist/fwidbmgr/include/Grid.h:1695) Grid dmc_tmp configured.
2017-12-09 04:12:02,415 null [INFO] (/home/meteo/dev/redist/fwidbmgr/include/Grid.h:1595) Configuring grid: dc_tmp
2017-12-09 04:12:02,415 null [INFO] (/home/meteo/dev/redist/fwidbmgr/include/Grid.h:1695) Grid dc_tmp configured.
2017-12-09 04:12:02,450 null [INFO] (/home/meteo/dev/redist/fwidbmgr/include/Grid.h:1595) Configuring grid: angstrom
2017-12-09 04:12:02,450 null [INFO] (/home/meteo/dev/redist/fwidbmgr/include/Grid.h:1695) Grid angstrom configured.
2017-12-09 04:12:02,509 null [INFO] (/home/meteo/dev/redist/fwidbmgr/include/Grid.h:1595) Configuring grid: sharples
2017-12-09 04:12:02,510 null [INFO] (/home/meteo/dev/redist/fwidbmgr/include/Grid.h:1695) Grid sharples configured.
2017-12-09 04:12:02,553 null [INFO] (/home/meteo/dev/redist/fwidbmgr/include/Grid.h:1595) Configuring grid: fmi
2017-12-09 04:12:02,553 null [INFO] (/home/meteo/dev/redist/fwidbmgr/include/Grid.h:1695) Grid fmi configured.
2017-12-09 04:12:02,596 null [INFO] (../src/fwidbmgr.cpp:5600) OK --> 20171208 indexes exported to files.
2017-12-09 04:12:02,596 null [INFO] (../src/fwidbmgr.cpp:5695) action exportidx took about 12 seconds.
2017-12-09 04:12:02,596 null [INFO] (../src/fwidbmgr.cpp:5699) Disconnected from database.
2017-12-09 04:12:28,644 null [INFO] (../src/fwidbmgr.cpp:5361) fwi db manager
2017-12-09 04:12:28,644 null [INFO] (../src/fwidbmgr.cpp:5365) Program home: /home/meteo/dev/redist/fwidbmgr
2017-12-09 04:12:28,644 null [INFO] (../src/fwidbmgr.cpp:5369) Auto convert: 1
2017-12-09 04:12:28,644 null [INFO] (../src/fwidbmgr.cpp:446) action: outimg.
2017-12-09 04:12:28,644 null [INFO] (../src/fwidbmgr.cpp:470) date: 20171208.
2017-12-09 04:12:28,644 null [INFO] (../src/fwidbmgr.cpp:322) Try to read: /home/meteo/dev/redist/fwidbmgr/config/fwidbmgr.conf.
2017-12-09 04:12:28,648 null [INFO] (../src/fwidbmgr.cpp:5393) Configuration parsing: OK.
2017-12-09 04:12:28,659 null [INFO] (../src/fwidbmgr.cpp:5478) Connected to database
2017-12-09 04:12:28,660 null [INFO] (../src/fwidbmgr.cpp:5480) Manage data for date: 20171208.
2017-12-09 04:12:28,660 null [INFO] (../src/fwidbmgr.cpp:5566) Importing fwi indexes images in database.
2017-12-09 04:12:29,041 null [INFO] (../src/fwidbmgr.cpp:5570) OK --> 20171208 images imported.
2017-12-09 04:12:29,041 null [INFO] (../src/fwidbmgr.cpp:5695) action outimg took about 1 seconds.
2017-12-09 04:12:29,041 null [INFO] (../src/fwidbmgr.cpp:5699) Disconnected from database.
2017-12-09 04:37:01,667 null [INFO] (../src/fwidbmgr.cpp:5361) fwi db manager
2017-12-09 04:37:01,667 null [INFO] (../src/fwidbmgr.cpp:5365) Program home: /home/meteo/dev/redist/fwidbmgr
2017-12-09 04:37:01,668 null [INFO] (../src/fwidbmgr.cpp:5369) Auto convert: 1
2017-12-09 04:37:01,668 null [INFO] (../src/fwidbmgr.cpp:446) action: outimg.
2017-12-09 04:37:01,668 null [INFO] (../src/fwidbmgr.cpp:470) date: 20171208.
2017-12-09 04:37:01,668 null [INFO] (../src/fwidbmgr.cpp:322) Try to read: /home/meteo/dev/redist/fwidbmgr/config/fwidbmgr.conf.
2017-12-09 04:37:01,670 null [INFO] (../src/fwidbmgr.cpp:5393) Configuration parsing: OK.
2017-12-09 04:37:01,675 null [INFO] (../src/fwidbmgr.cpp:5478) Connected to database
2017-12-09 04:37:01,675 null [INFO] (../src/fwidbmgr.cpp:5480) Manage data for date: 20171208.
2017-12-09 04:37:01,675 null [INFO] (../src/fwidbmgr.cpp:5566) Importing fwi indexes images in database.
2017-12-09 04:37:01,769 null [INFO] (../src/fwidbmgr.cpp:5570) OK --> 20171208 images imported.
2017-12-09 04:37:01,769 null [INFO] (../src/fwidbmgr.cpp:5695) action outimg took about 0 seconds.
2017-12-09 04:37:01,769 null [INFO] (../src/fwidbmgr.cpp:5699) Disconnected from database.
2017-12-09 05:05:01,917 null [INFO] (../src/fwidbmgr.cpp:5361) fwi db manager
2017-12-09 05:05:01,917 null [INFO] (../src/fwidbmgr.cpp:5365) Program home: /home/meteo/dev/redist/fwidbmgr
2017-12-09 05:05:01,917 null [INFO] (../src/fwidbmgr.cpp:5369) Auto convert: 1
2017-12-09 05:05:01,917 null [INFO] (../src/fwidbmgr.cpp:446) action: outimg.
2017-12-09 05:05:01,917 null [INFO] (../src/fwidbmgr.cpp:470) date: 20171208.
2017-12-09 05:05:01,917 null [INFO] (../src/fwidbmgr.cpp:322) Try to read: /home/meteo/dev/redist/fwidbmgr/config/fwidbmgr.conf.
2017-12-09 05:05:01,919 null [INFO] (../src/fwidbmgr.cpp:5393) Configuration parsing: OK.
2017-12-09 05:05:01,925 null [INFO] (../src/fwidbmgr.cpp:5478) Connected to database
2017-12-09 05:05:01,925 null [INFO] (../src/fwidbmgr.cpp:5480) Manage data for date: 20171208.
2017-12-09 05:05:01,925 null [INFO] (../src/fwidbmgr.cpp:5566) Importing fwi indexes images in database.
2017-12-09 05:05:01,998 null [INFO] (../src/fwidbmgr.cpp:5570) OK --> 20171208 images imported.
2017-12-09 05:05:01,998 null [INFO] (../src/fwidbmgr.cpp:5695) action outimg took about 0 seconds.
2017-12-09 05:05:01,998 null [INFO] (../src/fwidbmgr.cpp:5699) Disconnected from database.
2017-12-09 05:37:01,129 null [INFO] (../src/fwidbmgr.cpp:5361) fwi db manager
2017-12-09 05:37:01,129 null [INFO] (../src/fwidbmgr.cpp:5365) Program home: /home/meteo/dev/redist/fwidbmgr
2017-12-09 05:37:01,129 null [INFO] (../src/fwidbmgr.cpp:5369) Auto convert: 1
2017-12-09 05:37:01,129 null [INFO] (../src/fwidbmgr.cpp:446) action: outimg.
2017-12-09 05:37:01,129 null [INFO] (../src/fwidbmgr.cpp:470) date: 20171208.
2017-12-09 05:37:01,129 null [INFO] (../src/fwidbmgr.cpp:322) Try to read: /home/meteo/dev/redist/fwidbmgr/config/fwidbmgr.conf.
2017-12-09 05:37:01,131 null [INFO] (../src/fwidbmgr.cpp:5393) Configuration parsing: OK.
2017-12-09 05:37:01,136 null [INFO] (../src/fwidbmgr.cpp:5478) Connected to database
2017-12-09 05:37:01,136 null [INFO] (../src/fwidbmgr.cpp:5480) Manage data for date: 20171208.
2017-12-09 05:37:01,136 null [INFO] (../src/fwidbmgr.cpp:5566) Importing fwi indexes images in database.
2017-12-09 05:37:01,216 null [INFO] (../src/fwidbmgr.cpp:5570) OK --> 20171208 images imported.
2017-12-09 05:37:01,216 null [INFO] (../src/fwidbmgr.cpp:5695) action outimg took about 0 seconds.
2017-12-09 05:37:01,216 null [INFO] (../src/fwidbmgr.cpp:5699) Disconnected from database.
2017-12-09 06:05:01,831 null [INFO] (../src/fwidbmgr.cpp:5361) fwi db manager
2017-12-09 06:05:01,831 null [INFO] (../src/fwidbmgr.cpp:5365) Program home: /home/meteo/dev/redist/fwidbmgr
2017-12-09 06:05:01,831 null [INFO] (../src/fwidbmgr.cpp:5369) Auto convert: 1
2017-12-09 06:05:01,831 null [INFO] (../src/fwidbmgr.cpp:446) action: outimg.
2017-12-09 06:05:01,831 null [INFO] (../src/fwidbmgr.cpp:470) date: 20171208.
2017-12-09 06:05:01,831 null [INFO] (../src/fwidbmgr.cpp:322) Try to read: /home/meteo/dev/redist/fwidbmgr/config/fwidbmgr.conf.
2017-12-09 06:05:01,833 null [INFO] (../src/fwidbmgr.cpp:5393) Configuration parsing: OK.
2017-12-09 06:05:01,838 null [INFO] (../src/fwidbmgr.cpp:5478) Connected to database
2017-12-09 06:05:01,839 null [INFO] (../src/fwidbmgr.cpp:5480) Manage data for date: 20171208.
2017-12-09 06:05:01,839 null [INFO] (../src/fwidbmgr.cpp:5566) Importing fwi indexes images in database.
2017-12-09 06:05:01,934 null [INFO] (../src/fwidbmgr.cpp:5570) OK --> 20171208 images imported.
2017-12-09 06:05:01,934 null [INFO] (../src/fwidbmgr.cpp:5695) action outimg took about 0 seconds.
2017-12-09 06:05:01,935 null [INFO] (../src/fwidbmgr.cpp:5699) Disconnected from database.
2017-12-09 06:37:01,065 null [INFO] (../src/fwidbmgr.cpp:5361) fwi db manager
2017-12-09 06:37:01,065 null [INFO] (../src/fwidbmgr.cpp:5365) Program home: /home/meteo/dev/redist/fwidbmgr
2017-12-09 06:37:01,065 null [INFO] (../src/fwidbmgr.cpp:5369) Auto convert: 1
2017-12-09 06:37:01,065 null [INFO] (../src/fwidbmgr.cpp:446) action: outimg.
2017-12-09 06:37:01,065 null [INFO] (../src/fwidbmgr.cpp:470) date: 20171208.
2017-12-09 06:37:01,065 null [INFO] (../src/fwidbmgr.cpp:322) Try to read: /home/meteo/dev/redist/fwidbmgr/config/fwidbmgr.conf.
2017-12-09 06:37:01,067 null [INFO] (../src/fwidbmgr.cpp:5393) Configuration parsing: OK.
2017-12-09 06:37:01,072 null [INFO] (../src/fwidbmgr.cpp:5478) Connected to database
2017-12-09 06:37:01,072 null [INFO] (../src/fwidbmgr.cpp:5480) Manage data for date: 20171208.
2017-12-09 06:37:01,072 null [INFO] (../src/fwidbmgr.cpp:5566) Importing fwi indexes images in database.
2017-12-09 06:37:01,154 null [INFO] (../src/fwidbmgr.cpp:5570) OK --> 20171208 images imported.
2017-12-09 06:37:01,154 null [INFO] (../src/fwidbmgr.cpp:5695) action outimg took about 0 seconds.
2017-12-09 06:37:01,155 null [INFO] (../src/fwidbmgr.cpp:5699) Disconnected from database.
