2016-07-18 05:07:36,727 null [INFO] (../src/fwidbmgr.cpp:5207) fwi db manager
2016-07-18 05:07:36,727 null [INFO] (../src/fwidbmgr.cpp:5209) Program home: /home/meteo/dev/redist/fwidbmgr
2016-07-18 05:07:36,727 null [INFO] (../src/fwidbmgr.cpp:5211) Auto convert: 1
2016-07-18 05:07:36,728 null [INFO] (../src/fwidbmgr.cpp:458) action: in.
2016-07-18 05:07:36,728 null [INFO] (../src/fwidbmgr.cpp:482) date: 20160717.
2016-07-18 05:07:36,728 null [INFO] (../src/fwidbmgr.cpp:319) Try to read: /home/meteo/dev/redist/fwidbmgr/config/fwidbmgr.conf.
2016-07-18 05:07:37,226 null [INFO] (../src/fwidbmgr.cpp:5240) Configuration parsing: OK.
2016-07-18 05:07:39,841 null [INFO] (../src/fwidbmgr.cpp:5322) Connected to database
2016-07-18 05:07:41,156 null [INFO] (../src/fwidbmgr.cpp:5323) Manage data for date: 20160717.
2016-07-18 05:07:41,156 null [INFO] (../src/fwidbmgr.cpp:5367) Importing meteo data in database for day: 20160717.
2016-07-18 05:07:41,158 null [INFO] (/home/meteo/dev/redist/fwidbmgr/include/Grid.h:1595) Configuring grid: snow
2016-07-18 05:07:41,158 null [INFO] (/home/meteo/dev/redist/fwidbmgr/include/Grid.h:1695) Grid snow configured.
2016-07-18 05:07:41,171 null [INFO] (/home/meteo/dev/redist/fwidbmgr/include/Grid.h:1595) Configuring grid: snow_covering
2016-07-18 05:07:41,171 null [INFO] (/home/meteo/dev/redist/fwidbmgr/include/Grid.h:1695) Grid snow_covering configured.
2016-07-18 05:07:41,186 null [INFO] (/home/meteo/dev/redist/fwidbmgr/include/Grid.h:1595) Configuring grid: snow_dissolution
2016-07-18 05:07:41,186 null [INFO] (/home/meteo/dev/redist/fwidbmgr/include/Grid.h:1695) Grid snow_dissolution configured.
2016-07-18 05:07:41,213 null [INFO] (/home/meteo/dev/redist/fwidbmgr/include/Grid.h:1595) Configuring grid: temperature
2016-07-18 05:07:41,213 null [INFO] (/home/meteo/dev/redist/fwidbmgr/include/Grid.h:1695) Grid temperature configured.
2016-07-18 05:07:41,218 null [INFO] (/home/meteo/dev/redist/fwidbmgr/include/Grid.h:1595) Configuring grid: humidity
2016-07-18 05:07:41,218 null [INFO] (/home/meteo/dev/redist/fwidbmgr/include/Grid.h:1695) Grid humidity configured.
2016-07-18 05:07:41,230 null [INFO] (/home/meteo/dev/redist/fwidbmgr/include/Grid.h:1595) Configuring grid: windspeed
2016-07-18 05:07:41,230 null [INFO] (/home/meteo/dev/redist/fwidbmgr/include/Grid.h:1695) Grid windspeed configured.
2016-07-18 05:07:41,252 null [INFO] (/home/meteo/dev/redist/fwidbmgr/include/Grid.h:1595) Configuring grid: rain
2016-07-18 05:07:41,252 null [INFO] (/home/meteo/dev/redist/fwidbmgr/include/Grid.h:1695) Grid rain configured.
2016-07-18 05:07:41,255 null [INFO] (/home/meteo/dev/redist/fwidbmgr/include/Grid.h:1595) Configuring grid: cum_rain
2016-07-18 05:07:41,256 null [INFO] (/home/meteo/dev/redist/fwidbmgr/include/Grid.h:1695) Grid cum_rain configured.
2016-07-18 05:09:04,558 null [INFO] (../src/fwidbmgr.cpp:1502) Storing meteo input ...
2016-07-18 05:14:49,234 null [INFO] (../src/fwidbmgr.cpp:5370) OK --> 20160717 data imported.
2016-07-18 05:14:49,291 null [INFO] (../src/fwidbmgr.cpp:5496) action in took about 428 seconds.
2016-07-18 05:14:49,744 null [INFO] (../src/fwidbmgr.cpp:5499) Disconnected from database.
2016-07-18 05:16:48,374 null [INFO] (../src/fwidbmgr.cpp:5207) fwi db manager
2016-07-18 05:16:48,374 null [INFO] (../src/fwidbmgr.cpp:5209) Program home: /home/meteo/dev/redist/fwidbmgr
2016-07-18 05:16:48,374 null [INFO] (../src/fwidbmgr.cpp:5211) Auto convert: 1
2016-07-18 05:16:48,374 null [INFO] (../src/fwidbmgr.cpp:458) action: out.
2016-07-18 05:16:48,374 null [INFO] (../src/fwidbmgr.cpp:482) date: 20160717.
2016-07-18 05:16:48,374 null [INFO] (../src/fwidbmgr.cpp:319) Try to read: /home/meteo/dev/redist/fwidbmgr/config/fwidbmgr.conf.
2016-07-18 05:16:48,496 null [INFO] (../src/fwidbmgr.cpp:5240) Configuration parsing: OK.
2016-07-18 05:16:48,525 null [INFO] (../src/fwidbmgr.cpp:5322) Connected to database
2016-07-18 05:16:48,525 null [INFO] (../src/fwidbmgr.cpp:5323) Manage data for date: 20160717.
2016-07-18 05:16:48,525 null [INFO] (../src/fwidbmgr.cpp:5379) Importing fwi indexes data in database for day: 20160717.
2016-07-18 05:16:48,534 null [INFO] (/home/meteo/dev/redist/fwidbmgr/include/Grid.h:1595) Configuring grid: isi
2016-07-18 05:16:48,534 null [INFO] (/home/meteo/dev/redist/fwidbmgr/include/Grid.h:1695) Grid isi configured.
2016-07-18 05:16:48,548 null [INFO] (/home/meteo/dev/redist/fwidbmgr/include/Grid.h:1595) Configuring grid: fwi
2016-07-18 05:16:48,548 null [INFO] (/home/meteo/dev/redist/fwidbmgr/include/Grid.h:1695) Grid fwi configured.
2016-07-18 05:16:48,562 null [INFO] (/home/meteo/dev/redist/fwidbmgr/include/Grid.h:1595) Configuring grid: ffmc
2016-07-18 05:16:48,562 null [INFO] (/home/meteo/dev/redist/fwidbmgr/include/Grid.h:1695) Grid ffmc configured.
2016-07-18 05:16:48,576 null [INFO] (/home/meteo/dev/redist/fwidbmgr/include/Grid.h:1595) Configuring grid: dmc
2016-07-18 05:16:48,576 null [INFO] (/home/meteo/dev/redist/fwidbmgr/include/Grid.h:1695) Grid dmc configured.
2016-07-18 05:16:48,590 null [INFO] (/home/meteo/dev/redist/fwidbmgr/include/Grid.h:1595) Configuring grid: dc
2016-07-18 05:16:48,590 null [INFO] (/home/meteo/dev/redist/fwidbmgr/include/Grid.h:1695) Grid dc configured.
2016-07-18 05:16:48,604 null [INFO] (/home/meteo/dev/redist/fwidbmgr/include/Grid.h:1595) Configuring grid: bui
2016-07-18 05:16:48,604 null [INFO] (/home/meteo/dev/redist/fwidbmgr/include/Grid.h:1695) Grid bui configured.
2016-07-18 05:16:48,617 null [INFO] (/home/meteo/dev/redist/fwidbmgr/include/Grid.h:1595) Configuring grid: ffmc_tmp
2016-07-18 05:16:48,618 null [INFO] (/home/meteo/dev/redist/fwidbmgr/include/Grid.h:1695) Grid ffmc_tmp configured.
2016-07-18 05:16:48,931 null [INFO] (/home/meteo/dev/redist/fwidbmgr/include/Grid.h:1595) Configuring grid: dmc_tmp
2016-07-18 05:16:48,931 null [INFO] (/home/meteo/dev/redist/fwidbmgr/include/Grid.h:1695) Grid dmc_tmp configured.
2016-07-18 05:16:49,069 null [INFO] (/home/meteo/dev/redist/fwidbmgr/include/Grid.h:1595) Configuring grid: dc_tmp
2016-07-18 05:16:49,069 null [INFO] (/home/meteo/dev/redist/fwidbmgr/include/Grid.h:1695) Grid dc_tmp configured.
2016-07-18 05:16:49,090 null [INFO] (/home/meteo/dev/redist/fwidbmgr/include/Grid.h:1595) Configuring grid: idi
2016-07-18 05:16:49,090 null [INFO] (/home/meteo/dev/redist/fwidbmgr/include/Grid.h:1695) Grid idi configured.
2016-07-18 05:17:50,773 null [INFO] (../src/fwidbmgr.cpp:2045) Storing FWI indexes ...
2016-07-18 05:20:45,110 null [INFO] (../src/fwidbmgr.cpp:5382) OK --> 20160717 data imported.
2016-07-18 05:20:45,131 null [INFO] (../src/fwidbmgr.cpp:5496) action out took about 237 seconds.
2016-07-18 05:20:45,445 null [INFO] (../src/fwidbmgr.cpp:5499) Disconnected from database.
2016-07-18 05:20:46,216 null [INFO] (../src/fwidbmgr.cpp:5207) fwi db manager
2016-07-18 05:20:46,218 null [INFO] (../src/fwidbmgr.cpp:5209) Program home: /home/meteo/dev/redist/fwidbmgr
2016-07-18 05:20:46,218 null [INFO] (../src/fwidbmgr.cpp:5211) Auto convert: 1
2016-07-18 05:20:46,218 null [INFO] (../src/fwidbmgr.cpp:458) action: computeidx.
2016-07-18 05:20:46,218 null [INFO] (../src/fwidbmgr.cpp:482) date: 20160717.
2016-07-18 05:20:46,218 null [INFO] (../src/fwidbmgr.cpp:319) Try to read: /home/meteo/dev/redist/fwidbmgr/config/fwidbmgr.conf.
2016-07-18 05:20:46,347 null [INFO] (../src/fwidbmgr.cpp:5240) Configuration parsing: OK.
2016-07-18 05:20:46,616 null [INFO] (../src/fwidbmgr.cpp:5322) Connected to database
2016-07-18 05:20:46,616 null [INFO] (../src/fwidbmgr.cpp:5323) Manage data for date: 20160717.
2016-07-18 05:20:46,616 null [INFO] (../src/fwidbmgr.cpp:5463) Computing indexes.
2016-07-18 05:20:46,618 null [INFO] (/home/meteo/dev/redist/fwidbmgr/include/Grid.h:1595) Configuring grid: isi
2016-07-18 05:20:46,618 null [INFO] (/home/meteo/dev/redist/fwidbmgr/include/Grid.h:1695) Grid isi configured.
2016-07-18 05:20:46,619 null [INFO] (/home/meteo/dev/redist/fwidbmgr/include/Grid.h:1595) Configuring grid: fwi
2016-07-18 05:20:46,619 null [INFO] (/home/meteo/dev/redist/fwidbmgr/include/Grid.h:1695) Grid fwi configured.
2016-07-18 05:20:46,621 null [INFO] (/home/meteo/dev/redist/fwidbmgr/include/Grid.h:1595) Configuring grid: ffmc
2016-07-18 05:20:46,623 null [INFO] (/home/meteo/dev/redist/fwidbmgr/include/Grid.h:1695) Grid ffmc configured.
2016-07-18 05:20:46,625 null [INFO] (/home/meteo/dev/redist/fwidbmgr/include/Grid.h:1595) Configuring grid: dmc
2016-07-18 05:20:46,625 null [INFO] (/home/meteo/dev/redist/fwidbmgr/include/Grid.h:1695) Grid dmc configured.
2016-07-18 05:20:46,626 null [INFO] (/home/meteo/dev/redist/fwidbmgr/include/Grid.h:1595) Configuring grid: dc
2016-07-18 05:20:46,626 null [INFO] (/home/meteo/dev/redist/fwidbmgr/include/Grid.h:1695) Grid dc configured.
2016-07-18 05:20:46,628 null [INFO] (/home/meteo/dev/redist/fwidbmgr/include/Grid.h:1595) Configuring grid: bui
2016-07-18 05:20:46,628 null [INFO] (/home/meteo/dev/redist/fwidbmgr/include/Grid.h:1695) Grid bui configured.
2016-07-18 05:20:46,629 null [INFO] (/home/meteo/dev/redist/fwidbmgr/include/Grid.h:1595) Configuring grid: ffmc_tmp
2016-07-18 05:20:46,629 null [INFO] (/home/meteo/dev/redist/fwidbmgr/include/Grid.h:1695) Grid ffmc_tmp configured.
2016-07-18 05:20:46,630 null [INFO] (/home/meteo/dev/redist/fwidbmgr/include/Grid.h:1595) Configuring grid: dmc_tmp
2016-07-18 05:20:46,631 null [INFO] (/home/meteo/dev/redist/fwidbmgr/include/Grid.h:1695) Grid dmc_tmp configured.
2016-07-18 05:20:46,632 null [INFO] (/home/meteo/dev/redist/fwidbmgr/include/Grid.h:1595) Configuring grid: dc_tmp
2016-07-18 05:20:46,632 null [INFO] (/home/meteo/dev/redist/fwidbmgr/include/Grid.h:1695) Grid dc_tmp configured.
2016-07-18 05:20:46,633 null [INFO] (/home/meteo/dev/redist/fwidbmgr/include/Grid.h:1595) Configuring grid: idi
2016-07-18 05:20:46,633 null [INFO] (/home/meteo/dev/redist/fwidbmgr/include/Grid.h:1695) Grid idi configured.
2016-07-18 05:20:46,635 null [INFO] (/home/meteo/dev/redist/fwidbmgr/include/Grid.h:1595) Configuring grid: angstrom
2016-07-18 05:20:46,635 null [INFO] (/home/meteo/dev/redist/fwidbmgr/include/Grid.h:1695) Grid angstrom configured.
2016-07-18 05:20:46,636 null [INFO] (/home/meteo/dev/redist/fwidbmgr/include/Grid.h:1595) Configuring grid: fmi
2016-07-18 05:20:46,636 null [INFO] (/home/meteo/dev/redist/fwidbmgr/include/Grid.h:1695) Grid fmi configured.
2016-07-18 05:20:46,638 null [INFO] (/home/meteo/dev/redist/fwidbmgr/include/Grid.h:1595) Configuring grid: sharples
2016-07-18 05:20:46,638 null [INFO] (/home/meteo/dev/redist/fwidbmgr/include/Grid.h:1695) Grid sharples configured.
2016-07-18 05:21:34,507 null [INFO] (/home/meteo/dev/redist/fwidbmgr/include/Grid.h:1595) Configuring grid: snow
2016-07-18 05:21:34,508 null [INFO] (/home/meteo/dev/redist/fwidbmgr/include/Grid.h:1695) Grid snow configured.
2016-07-18 05:21:34,527 null [INFO] (/home/meteo/dev/redist/fwidbmgr/include/Grid.h:1595) Configuring grid: snow_covering
2016-07-18 05:21:34,527 null [INFO] (/home/meteo/dev/redist/fwidbmgr/include/Grid.h:1695) Grid snow_covering configured.
2016-07-18 05:21:34,527 null [INFO] (/home/meteo/dev/redist/fwidbmgr/include/Grid.h:1595) Configuring grid: snow_dissolution
2016-07-18 05:21:34,527 null [INFO] (/home/meteo/dev/redist/fwidbmgr/include/Grid.h:1695) Grid snow_dissolution configured.
2016-07-18 05:21:34,527 null [INFO] (/home/meteo/dev/redist/fwidbmgr/include/Grid.h:1595) Configuring grid: temperature
2016-07-18 05:21:34,527 null [INFO] (/home/meteo/dev/redist/fwidbmgr/include/Grid.h:1695) Grid temperature configured.
2016-07-18 05:21:34,527 null [INFO] (/home/meteo/dev/redist/fwidbmgr/include/Grid.h:1595) Configuring grid: humidity
2016-07-18 05:21:34,528 null [INFO] (/home/meteo/dev/redist/fwidbmgr/include/Grid.h:1695) Grid humidity configured.
2016-07-18 05:21:34,528 null [INFO] (/home/meteo/dev/redist/fwidbmgr/include/Grid.h:1595) Configuring grid: windspeed
2016-07-18 05:21:34,528 null [INFO] (/home/meteo/dev/redist/fwidbmgr/include/Grid.h:1695) Grid windspeed configured.
2016-07-18 05:21:34,528 null [INFO] (/home/meteo/dev/redist/fwidbmgr/include/Grid.h:1595) Configuring grid: rain
2016-07-18 05:21:34,528 null [INFO] (/home/meteo/dev/redist/fwidbmgr/include/Grid.h:1695) Grid rain configured.
2016-07-18 05:21:34,528 null [INFO] (/home/meteo/dev/redist/fwidbmgr/include/Grid.h:1595) Configuring grid: cum_rain
2016-07-18 05:21:34,528 null [INFO] (/home/meteo/dev/redist/fwidbmgr/include/Grid.h:1695) Grid cum_rain configured.
2016-07-18 05:25:10,486 null [INFO] (../src/fwidbmgr.cpp:5466) OK --> 20160717 indexes computed.
2016-07-18 05:25:10,505 null [INFO] (../src/fwidbmgr.cpp:5496) action computeidx took about 264 seconds.
2016-07-18 05:25:10,505 null [INFO] (../src/fwidbmgr.cpp:5499) Disconnected from database.
2016-07-18 05:25:11,292 null [INFO] (../src/fwidbmgr.cpp:5207) fwi db manager
2016-07-18 05:25:11,292 null [INFO] (../src/fwidbmgr.cpp:5209) Program home: /home/meteo/dev/redist/fwidbmgr
2016-07-18 05:25:11,292 null [INFO] (../src/fwidbmgr.cpp:5211) Auto convert: 1
2016-07-18 05:25:11,292 null [INFO] (../src/fwidbmgr.cpp:458) action: exportidx.
2016-07-18 05:25:11,292 null [INFO] (../src/fwidbmgr.cpp:482) date: 20160717.
2016-07-18 05:25:11,292 null [INFO] (../src/fwidbmgr.cpp:319) Try to read: /home/meteo/dev/redist/fwidbmgr/config/fwidbmgr.conf.
2016-07-18 05:25:11,311 null [INFO] (../src/fwidbmgr.cpp:5240) Configuration parsing: OK.
2016-07-18 05:25:11,357 null [INFO] (../src/fwidbmgr.cpp:5322) Connected to database
2016-07-18 05:25:11,357 null [INFO] (../src/fwidbmgr.cpp:5323) Manage data for date: 20160717.
2016-07-18 05:25:11,357 null [INFO] (../src/fwidbmgr.cpp:5415) Exporting indexes.
2016-07-18 05:25:11,366 null [INFO] (/home/meteo/dev/redist/fwidbmgr/include/Grid.h:1595) Configuring grid: isi
2016-07-18 05:25:11,366 null [INFO] (/home/meteo/dev/redist/fwidbmgr/include/Grid.h:1695) Grid isi configured.
2016-07-18 05:25:11,367 null [INFO] (/home/meteo/dev/redist/fwidbmgr/include/Grid.h:1595) Configuring grid: fwi
2016-07-18 05:25:11,367 null [INFO] (/home/meteo/dev/redist/fwidbmgr/include/Grid.h:1695) Grid fwi configured.
2016-07-18 05:25:11,369 null [INFO] (/home/meteo/dev/redist/fwidbmgr/include/Grid.h:1595) Configuring grid: ffmc
2016-07-18 05:25:11,369 null [INFO] (/home/meteo/dev/redist/fwidbmgr/include/Grid.h:1695) Grid ffmc configured.
2016-07-18 05:25:11,370 null [INFO] (/home/meteo/dev/redist/fwidbmgr/include/Grid.h:1595) Configuring grid: dmc
2016-07-18 05:25:11,370 null [INFO] (/home/meteo/dev/redist/fwidbmgr/include/Grid.h:1695) Grid dmc configured.
2016-07-18 05:25:11,372 null [INFO] (/home/meteo/dev/redist/fwidbmgr/include/Grid.h:1595) Configuring grid: dc
2016-07-18 05:25:11,372 null [INFO] (/home/meteo/dev/redist/fwidbmgr/include/Grid.h:1695) Grid dc configured.
2016-07-18 05:25:11,373 null [INFO] (/home/meteo/dev/redist/fwidbmgr/include/Grid.h:1595) Configuring grid: bui
2016-07-18 05:25:11,373 null [INFO] (/home/meteo/dev/redist/fwidbmgr/include/Grid.h:1695) Grid bui configured.
2016-07-18 05:25:11,374 null [INFO] (/home/meteo/dev/redist/fwidbmgr/include/Grid.h:1595) Configuring grid: ffmc_tmp
2016-07-18 05:25:11,374 null [INFO] (/home/meteo/dev/redist/fwidbmgr/include/Grid.h:1695) Grid ffmc_tmp configured.
2016-07-18 05:25:11,376 null [INFO] (/home/meteo/dev/redist/fwidbmgr/include/Grid.h:1595) Configuring grid: dmc_tmp
2016-07-18 05:25:11,376 null [INFO] (/home/meteo/dev/redist/fwidbmgr/include/Grid.h:1695) Grid dmc_tmp configured.
2016-07-18 05:25:11,377 null [INFO] (/home/meteo/dev/redist/fwidbmgr/include/Grid.h:1595) Configuring grid: dc_tmp
2016-07-18 05:25:11,377 null [INFO] (/home/meteo/dev/redist/fwidbmgr/include/Grid.h:1695) Grid dc_tmp configured.
2016-07-18 05:25:11,379 null [INFO] (/home/meteo/dev/redist/fwidbmgr/include/Grid.h:1595) Configuring grid: idi
2016-07-18 05:25:11,379 null [INFO] (/home/meteo/dev/redist/fwidbmgr/include/Grid.h:1695) Grid idi configured.
2016-07-18 05:25:11,380 null [INFO] (/home/meteo/dev/redist/fwidbmgr/include/Grid.h:1595) Configuring grid: angstrom
2016-07-18 05:25:11,380 null [INFO] (/home/meteo/dev/redist/fwidbmgr/include/Grid.h:1695) Grid angstrom configured.
2016-07-18 05:25:11,382 null [INFO] (/home/meteo/dev/redist/fwidbmgr/include/Grid.h:1595) Configuring grid: fmi
2016-07-18 05:25:11,382 null [INFO] (/home/meteo/dev/redist/fwidbmgr/include/Grid.h:1695) Grid fmi configured.
2016-07-18 05:25:11,383 null [INFO] (/home/meteo/dev/redist/fwidbmgr/include/Grid.h:1595) Configuring grid: sharples
2016-07-18 05:25:11,383 null [INFO] (/home/meteo/dev/redist/fwidbmgr/include/Grid.h:1695) Grid sharples configured.
2016-07-18 05:25:59,856 null [INFO] (/home/meteo/dev/redist/fwidbmgr/include/Grid.h:1595) Configuring grid: isi
2016-07-18 05:25:59,857 null [INFO] (/home/meteo/dev/redist/fwidbmgr/include/Grid.h:1695) Grid isi configured.
2016-07-18 05:25:59,955 null [INFO] (/home/meteo/dev/redist/fwidbmgr/include/Grid.h:1595) Configuring grid: fwi
2016-07-18 05:25:59,955 null [INFO] (/home/meteo/dev/redist/fwidbmgr/include/Grid.h:1695) Grid fwi configured.
2016-07-18 05:25:59,996 null [INFO] (/home/meteo/dev/redist/fwidbmgr/include/Grid.h:1595) Configuring grid: ffmc
2016-07-18 05:25:59,996 null [INFO] (/home/meteo/dev/redist/fwidbmgr/include/Grid.h:1695) Grid ffmc configured.
2016-07-18 05:26:00,042 null [INFO] (/home/meteo/dev/redist/fwidbmgr/include/Grid.h:1595) Configuring grid: dmc
2016-07-18 05:26:00,042 null [INFO] (/home/meteo/dev/redist/fwidbmgr/include/Grid.h:1695) Grid dmc configured.
2016-07-18 05:26:00,085 null [INFO] (/home/meteo/dev/redist/fwidbmgr/include/Grid.h:1595) Configuring grid: dc
2016-07-18 05:26:00,085 null [INFO] (/home/meteo/dev/redist/fwidbmgr/include/Grid.h:1695) Grid dc configured.
2016-07-18 05:26:00,210 null [INFO] (/home/meteo/dev/redist/fwidbmgr/include/Grid.h:1595) Configuring grid: bui
2016-07-18 05:26:00,210 null [INFO] (/home/meteo/dev/redist/fwidbmgr/include/Grid.h:1695) Grid bui configured.
2016-07-18 05:26:00,289 null [INFO] (/home/meteo/dev/redist/fwidbmgr/include/Grid.h:1595) Configuring grid: ffmc_tmp
2016-07-18 05:26:00,289 null [INFO] (/home/meteo/dev/redist/fwidbmgr/include/Grid.h:1695) Grid ffmc_tmp configured.
2016-07-18 05:26:00,348 null [INFO] (/home/meteo/dev/redist/fwidbmgr/include/Grid.h:1595) Configuring grid: dmc_tmp
2016-07-18 05:26:00,348 null [INFO] (/home/meteo/dev/redist/fwidbmgr/include/Grid.h:1695) Grid dmc_tmp configured.
2016-07-18 05:26:00,432 null [INFO] (/home/meteo/dev/redist/fwidbmgr/include/Grid.h:1595) Configuring grid: dc_tmp
2016-07-18 05:26:00,432 null [INFO] (/home/meteo/dev/redist/fwidbmgr/include/Grid.h:1695) Grid dc_tmp configured.
2016-07-18 05:26:00,504 null [INFO] (/home/meteo/dev/redist/fwidbmgr/include/Grid.h:1595) Configuring grid: angstrom
2016-07-18 05:26:00,504 null [INFO] (/home/meteo/dev/redist/fwidbmgr/include/Grid.h:1695) Grid angstrom configured.
2016-07-18 05:26:00,829 null [INFO] (/home/meteo/dev/redist/fwidbmgr/include/Grid.h:1595) Configuring grid: sharples
2016-07-18 05:26:00,829 null [INFO] (/home/meteo/dev/redist/fwidbmgr/include/Grid.h:1695) Grid sharples configured.
2016-07-18 05:26:00,932 null [INFO] (/home/meteo/dev/redist/fwidbmgr/include/Grid.h:1595) Configuring grid: fmi
2016-07-18 05:26:00,932 null [INFO] (/home/meteo/dev/redist/fwidbmgr/include/Grid.h:1695) Grid fmi configured.
2016-07-18 05:26:01,172 null [INFO] (../src/fwidbmgr.cpp:5418) OK --> 20160717 indexes exported to files.
2016-07-18 05:26:01,173 null [INFO] (../src/fwidbmgr.cpp:5496) action exportidx took about 50 seconds.
2016-07-18 05:26:01,173 null [INFO] (../src/fwidbmgr.cpp:5499) Disconnected from database.
2016-07-18 05:26:57,815 null [INFO] (../src/fwidbmgr.cpp:5207) fwi db manager
2016-07-18 05:26:57,815 null [INFO] (../src/fwidbmgr.cpp:5209) Program home: /home/meteo/dev/redist/fwidbmgr
2016-07-18 05:26:57,815 null [INFO] (../src/fwidbmgr.cpp:5211) Auto convert: 1
2016-07-18 05:26:57,815 null [INFO] (../src/fwidbmgr.cpp:458) action: outimg.
2016-07-18 05:26:57,815 null [INFO] (../src/fwidbmgr.cpp:482) date: 20160717.
2016-07-18 05:26:57,815 null [INFO] (../src/fwidbmgr.cpp:319) Try to read: /home/meteo/dev/redist/fwidbmgr/config/fwidbmgr.conf.
2016-07-18 05:26:57,836 null [INFO] (../src/fwidbmgr.cpp:5240) Configuration parsing: OK.
2016-07-18 05:26:57,899 null [INFO] (../src/fwidbmgr.cpp:5322) Connected to database
2016-07-18 05:26:57,899 null [INFO] (../src/fwidbmgr.cpp:5323) Manage data for date: 20160717.
2016-07-18 05:26:57,899 null [INFO] (../src/fwidbmgr.cpp:5391) Importing fwi indexes images in database.
2016-07-18 05:26:58,898 null [INFO] (../src/fwidbmgr.cpp:5394) OK --> 20160717 images imported.
2016-07-18 05:26:58,898 null [INFO] (../src/fwidbmgr.cpp:5496) action outimg took about 1 seconds.
2016-07-18 05:26:58,898 null [INFO] (../src/fwidbmgr.cpp:5499) Disconnected from database.
2016-07-18 05:37:02,104 null [INFO] (../src/fwidbmgr.cpp:5207) fwi db manager
2016-07-18 05:37:02,104 null [INFO] (../src/fwidbmgr.cpp:5209) Program home: /home/meteo/dev/redist/fwidbmgr
2016-07-18 05:37:02,104 null [INFO] (../src/fwidbmgr.cpp:5211) Auto convert: 1
2016-07-18 05:37:02,104 null [INFO] (../src/fwidbmgr.cpp:458) action: outimg.
2016-07-18 05:37:02,104 null [INFO] (../src/fwidbmgr.cpp:482) date: 20160717.
2016-07-18 05:37:02,104 null [INFO] (../src/fwidbmgr.cpp:319) Try to read: /home/meteo/dev/redist/fwidbmgr/config/fwidbmgr.conf.
2016-07-18 05:37:02,124 null [INFO] (../src/fwidbmgr.cpp:5240) Configuration parsing: OK.
2016-07-18 05:37:02,129 null [INFO] (../src/fwidbmgr.cpp:5322) Connected to database
2016-07-18 05:37:02,129 null [INFO] (../src/fwidbmgr.cpp:5323) Manage data for date: 20160717.
2016-07-18 05:37:02,129 null [INFO] (../src/fwidbmgr.cpp:5391) Importing fwi indexes images in database.
2016-07-18 05:37:02,277 null [INFO] (../src/fwidbmgr.cpp:5394) OK --> 20160717 images imported.
2016-07-18 05:37:02,277 null [INFO] (../src/fwidbmgr.cpp:5496) action outimg took about 0 seconds.
2016-07-18 05:37:02,277 null [INFO] (../src/fwidbmgr.cpp:5499) Disconnected from database.
2016-07-18 06:05:04,918 null [INFO] (../src/fwidbmgr.cpp:5207) fwi db manager
2016-07-18 06:05:04,918 null [INFO] (../src/fwidbmgr.cpp:5209) Program home: /home/meteo/dev/redist/fwidbmgr
2016-07-18 06:05:04,919 null [INFO] (../src/fwidbmgr.cpp:5211) Auto convert: 1
2016-07-18 06:05:04,919 null [INFO] (../src/fwidbmgr.cpp:458) action: outimg.
2016-07-18 06:05:04,919 null [INFO] (../src/fwidbmgr.cpp:482) date: 20160717.
2016-07-18 06:05:04,919 null [INFO] (../src/fwidbmgr.cpp:319) Try to read: /home/meteo/dev/redist/fwidbmgr/config/fwidbmgr.conf.
2016-07-18 06:05:04,921 null [INFO] (../src/fwidbmgr.cpp:5240) Configuration parsing: OK.
2016-07-18 06:05:04,925 null [INFO] (../src/fwidbmgr.cpp:5322) Connected to database
2016-07-18 06:05:04,925 null [INFO] (../src/fwidbmgr.cpp:5323) Manage data for date: 20160717.
2016-07-18 06:05:04,925 null [INFO] (../src/fwidbmgr.cpp:5391) Importing fwi indexes images in database.
2016-07-18 06:05:05,242 null [INFO] (../src/fwidbmgr.cpp:5394) OK --> 20160717 images imported.
2016-07-18 06:05:05,242 null [INFO] (../src/fwidbmgr.cpp:5496) action outimg took about 1 seconds.
2016-07-18 06:05:05,242 null [INFO] (../src/fwidbmgr.cpp:5499) Disconnected from database.
2016-07-18 06:37:02,031 null [INFO] (../src/fwidbmgr.cpp:5207) fwi db manager
2016-07-18 06:37:02,031 null [INFO] (../src/fwidbmgr.cpp:5209) Program home: /home/meteo/dev/redist/fwidbmgr
2016-07-18 06:37:02,032 null [INFO] (../src/fwidbmgr.cpp:5211) Auto convert: 1
2016-07-18 06:37:02,032 null [INFO] (../src/fwidbmgr.cpp:458) action: outimg.
2016-07-18 06:37:02,032 null [INFO] (../src/fwidbmgr.cpp:482) date: 20160717.
2016-07-18 06:37:02,032 null [INFO] (../src/fwidbmgr.cpp:319) Try to read: /home/meteo/dev/redist/fwidbmgr/config/fwidbmgr.conf.
2016-07-18 06:37:02,034 null [INFO] (../src/fwidbmgr.cpp:5240) Configuration parsing: OK.
2016-07-18 06:37:02,039 null [INFO] (../src/fwidbmgr.cpp:5322) Connected to database
2016-07-18 06:37:02,039 null [INFO] (../src/fwidbmgr.cpp:5323) Manage data for date: 20160717.
2016-07-18 06:37:02,039 null [INFO] (../src/fwidbmgr.cpp:5391) Importing fwi indexes images in database.
2016-07-18 06:37:02,112 null [INFO] (../src/fwidbmgr.cpp:5394) OK --> 20160717 images imported.
2016-07-18 06:37:02,112 null [INFO] (../src/fwidbmgr.cpp:5496) action outimg took about 0 seconds.
2016-07-18 06:37:02,112 null [INFO] (../src/fwidbmgr.cpp:5499) Disconnected from database.
2016-07-18 07:05:08,008 null [INFO] (../src/fwidbmgr.cpp:5207) fwi db manager
2016-07-18 07:05:08,060 null [INFO] (../src/fwidbmgr.cpp:5209) Program home: /home/meteo/dev/redist/fwidbmgr
2016-07-18 07:05:08,061 null [INFO] (../src/fwidbmgr.cpp:5211) Auto convert: 1
2016-07-18 07:05:08,061 null [INFO] (../src/fwidbmgr.cpp:458) action: outimg.
2016-07-18 07:05:08,061 null [INFO] (../src/fwidbmgr.cpp:482) date: 20160717.
2016-07-18 07:05:08,061 null [INFO] (../src/fwidbmgr.cpp:319) Try to read: /home/meteo/dev/redist/fwidbmgr/config/fwidbmgr.conf.
2016-07-18 07:05:08,262 null [INFO] (../src/fwidbmgr.cpp:5240) Configuration parsing: OK.
2016-07-18 07:05:08,380 null [INFO] (../src/fwidbmgr.cpp:5322) Connected to database
2016-07-18 07:05:08,380 null [INFO] (../src/fwidbmgr.cpp:5323) Manage data for date: 20160717.
2016-07-18 07:05:08,380 null [INFO] (../src/fwidbmgr.cpp:5391) Importing fwi indexes images in database.
2016-07-18 07:05:09,453 null [INFO] (../src/fwidbmgr.cpp:5394) OK --> 20160717 images imported.
2016-07-18 07:05:09,453 null [INFO] (../src/fwidbmgr.cpp:5496) action outimg took about 1 seconds.
2016-07-18 07:05:09,454 null [INFO] (../src/fwidbmgr.cpp:5499) Disconnected from database.
2016-07-18 07:37:04,810 null [INFO] (../src/fwidbmgr.cpp:5207) fwi db manager
2016-07-18 07:37:04,825 null [INFO] (../src/fwidbmgr.cpp:5209) Program home: /home/meteo/dev/redist/fwidbmgr
2016-07-18 07:37:04,825 null [INFO] (../src/fwidbmgr.cpp:5211) Auto convert: 1
2016-07-18 07:37:04,825 null [INFO] (../src/fwidbmgr.cpp:458) action: outimg.
2016-07-18 07:37:04,825 null [INFO] (../src/fwidbmgr.cpp:482) date: 20160717.
2016-07-18 07:37:04,825 null [INFO] (../src/fwidbmgr.cpp:319) Try to read: /home/meteo/dev/redist/fwidbmgr/config/fwidbmgr.conf.
2016-07-18 07:37:04,906 null [INFO] (../src/fwidbmgr.cpp:5240) Configuration parsing: OK.
2016-07-18 07:37:05,051 null [INFO] (../src/fwidbmgr.cpp:5322) Connected to database
2016-07-18 07:37:05,051 null [INFO] (../src/fwidbmgr.cpp:5323) Manage data for date: 20160717.
2016-07-18 07:37:05,052 null [INFO] (../src/fwidbmgr.cpp:5391) Importing fwi indexes images in database.
2016-07-18 07:37:05,654 null [INFO] (../src/fwidbmgr.cpp:5394) OK --> 20160717 images imported.
2016-07-18 07:37:05,655 null [INFO] (../src/fwidbmgr.cpp:5496) action outimg took about 0 seconds.
2016-07-18 07:37:05,655 null [INFO] (../src/fwidbmgr.cpp:5499) Disconnected from database.
