2017-11-26 04:06:45,476 null [INFO] (../src/fwidbmgr.cpp:5361) fwi db manager
2017-11-26 04:06:45,477 null [INFO] (../src/fwidbmgr.cpp:5365) Program home: /home/meteo/dev/redist/fwidbmgr
2017-11-26 04:06:45,477 null [INFO] (../src/fwidbmgr.cpp:5369) Auto convert: 1
2017-11-26 04:06:45,477 null [INFO] (../src/fwidbmgr.cpp:446) action: in.
2017-11-26 04:06:45,477 null [INFO] (../src/fwidbmgr.cpp:470) date: 20171125.
2017-11-26 04:06:45,477 null [INFO] (../src/fwidbmgr.cpp:322) Try to read: /home/meteo/dev/redist/fwidbmgr/config/fwidbmgr.conf.
2017-11-26 04:06:45,497 null [INFO] (../src/fwidbmgr.cpp:5393) Configuration parsing: OK.
2017-11-26 04:06:45,556 null [INFO] (../src/fwidbmgr.cpp:5478) Connected to database
2017-11-26 04:06:45,556 null [INFO] (../src/fwidbmgr.cpp:5480) Manage data for date: 20171125.
2017-11-26 04:06:45,557 null [INFO] (../src/fwidbmgr.cpp:5536) Importing meteo data in database for day: 20171125.
2017-11-26 04:06:45,565 null [INFO] (/home/meteo/dev/redist/fwidbmgr/include/Grid.h:1595) Configuring grid: snow
2017-11-26 04:06:45,566 null [INFO] (/home/meteo/dev/redist/fwidbmgr/include/Grid.h:1695) Grid snow configured.
2017-11-26 04:06:45,576 null [INFO] (/home/meteo/dev/redist/fwidbmgr/include/Grid.h:1595) Configuring grid: snow_covering
2017-11-26 04:06:45,576 null [INFO] (/home/meteo/dev/redist/fwidbmgr/include/Grid.h:1695) Grid snow_covering configured.
2017-11-26 04:06:45,589 null [INFO] (/home/meteo/dev/redist/fwidbmgr/include/Grid.h:1595) Configuring grid: snow_dissolution
2017-11-26 04:06:45,589 null [INFO] (/home/meteo/dev/redist/fwidbmgr/include/Grid.h:1695) Grid snow_dissolution configured.
2017-11-26 04:06:45,611 null [INFO] (/home/meteo/dev/redist/fwidbmgr/include/Grid.h:1595) Configuring grid: temperature
2017-11-26 04:06:45,611 null [INFO] (/home/meteo/dev/redist/fwidbmgr/include/Grid.h:1695) Grid temperature configured.
2017-11-26 04:06:45,616 null [INFO] (/home/meteo/dev/redist/fwidbmgr/include/Grid.h:1595) Configuring grid: humidity
2017-11-26 04:06:45,616 null [INFO] (/home/meteo/dev/redist/fwidbmgr/include/Grid.h:1695) Grid humidity configured.
2017-11-26 04:06:45,626 null [INFO] (/home/meteo/dev/redist/fwidbmgr/include/Grid.h:1595) Configuring grid: windspeed
2017-11-26 04:06:45,626 null [INFO] (/home/meteo/dev/redist/fwidbmgr/include/Grid.h:1695) Grid windspeed configured.
2017-11-26 04:06:45,648 null [INFO] (/home/meteo/dev/redist/fwidbmgr/include/Grid.h:1595) Configuring grid: rain
2017-11-26 04:06:45,648 null [INFO] (/home/meteo/dev/redist/fwidbmgr/include/Grid.h:1695) Grid rain configured.
2017-11-26 04:06:45,651 null [INFO] (/home/meteo/dev/redist/fwidbmgr/include/Grid.h:1595) Configuring grid: cum_rain
2017-11-26 04:06:45,651 null [INFO] (/home/meteo/dev/redist/fwidbmgr/include/Grid.h:1695) Grid cum_rain configured.
2017-11-26 04:06:51,384 null [INFO] (../src/fwidbmgr.cpp:1518) Storing meteo input ...
2017-11-26 04:07:06,191 null [INFO] (../src/fwidbmgr.cpp:5540) OK --> 20171125 data imported.
2017-11-26 04:07:06,250 null [INFO] (../src/fwidbmgr.cpp:5695) action in took about 21 seconds.
2017-11-26 04:07:06,406 null [INFO] (../src/fwidbmgr.cpp:5699) Disconnected from database.
2017-11-26 04:08:14,051 null [INFO] (../src/fwidbmgr.cpp:5361) fwi db manager
2017-11-26 04:08:14,051 null [INFO] (../src/fwidbmgr.cpp:5365) Program home: /home/meteo/dev/redist/fwidbmgr
2017-11-26 04:08:14,051 null [INFO] (../src/fwidbmgr.cpp:5369) Auto convert: 1
2017-11-26 04:08:14,051 null [INFO] (../src/fwidbmgr.cpp:446) action: out.
2017-11-26 04:08:14,051 null [INFO] (../src/fwidbmgr.cpp:470) date: 20171125.
2017-11-26 04:08:14,051 null [INFO] (../src/fwidbmgr.cpp:322) Try to read: /home/meteo/dev/redist/fwidbmgr/config/fwidbmgr.conf.
2017-11-26 04:08:14,057 null [INFO] (../src/fwidbmgr.cpp:5393) Configuration parsing: OK.
2017-11-26 04:08:14,075 null [INFO] (../src/fwidbmgr.cpp:5478) Connected to database
2017-11-26 04:08:14,075 null [INFO] (../src/fwidbmgr.cpp:5480) Manage data for date: 20171125.
2017-11-26 04:08:14,075 null [INFO] (../src/fwidbmgr.cpp:5551) Importing fwi indexes data in database for day: 20171125.
2017-11-26 04:08:14,083 null [INFO] (/home/meteo/dev/redist/fwidbmgr/include/Grid.h:1595) Configuring grid: isi
2017-11-26 04:08:14,083 null [INFO] (/home/meteo/dev/redist/fwidbmgr/include/Grid.h:1695) Grid isi configured.
2017-11-26 04:08:14,096 null [INFO] (/home/meteo/dev/redist/fwidbmgr/include/Grid.h:1595) Configuring grid: fwi
2017-11-26 04:08:14,096 null [INFO] (/home/meteo/dev/redist/fwidbmgr/include/Grid.h:1695) Grid fwi configured.
2017-11-26 04:08:14,109 null [INFO] (/home/meteo/dev/redist/fwidbmgr/include/Grid.h:1595) Configuring grid: ffmc
2017-11-26 04:08:14,109 null [INFO] (/home/meteo/dev/redist/fwidbmgr/include/Grid.h:1695) Grid ffmc configured.
2017-11-26 04:08:14,122 null [INFO] (/home/meteo/dev/redist/fwidbmgr/include/Grid.h:1595) Configuring grid: dmc
2017-11-26 04:08:14,122 null [INFO] (/home/meteo/dev/redist/fwidbmgr/include/Grid.h:1695) Grid dmc configured.
2017-11-26 04:08:14,135 null [INFO] (/home/meteo/dev/redist/fwidbmgr/include/Grid.h:1595) Configuring grid: dc
2017-11-26 04:08:14,135 null [INFO] (/home/meteo/dev/redist/fwidbmgr/include/Grid.h:1695) Grid dc configured.
2017-11-26 04:08:14,148 null [INFO] (/home/meteo/dev/redist/fwidbmgr/include/Grid.h:1595) Configuring grid: bui
2017-11-26 04:08:14,148 null [INFO] (/home/meteo/dev/redist/fwidbmgr/include/Grid.h:1695) Grid bui configured.
2017-11-26 04:08:14,161 null [INFO] (/home/meteo/dev/redist/fwidbmgr/include/Grid.h:1595) Configuring grid: ffmc_tmp
2017-11-26 04:08:14,161 null [INFO] (/home/meteo/dev/redist/fwidbmgr/include/Grid.h:1695) Grid ffmc_tmp configured.
2017-11-26 04:08:14,188 null [INFO] (/home/meteo/dev/redist/fwidbmgr/include/Grid.h:1595) Configuring grid: dmc_tmp
2017-11-26 04:08:14,188 null [INFO] (/home/meteo/dev/redist/fwidbmgr/include/Grid.h:1695) Grid dmc_tmp configured.
2017-11-26 04:08:14,208 null [INFO] (/home/meteo/dev/redist/fwidbmgr/include/Grid.h:1595) Configuring grid: dc_tmp
2017-11-26 04:08:14,208 null [INFO] (/home/meteo/dev/redist/fwidbmgr/include/Grid.h:1695) Grid dc_tmp configured.
2017-11-26 04:08:14,230 null [INFO] (/home/meteo/dev/redist/fwidbmgr/include/Grid.h:1595) Configuring grid: idi
2017-11-26 04:08:14,230 null [INFO] (/home/meteo/dev/redist/fwidbmgr/include/Grid.h:1695) Grid idi configured.
2017-11-26 04:08:23,529 null [INFO] (../src/fwidbmgr.cpp:2081) Storing FWI indexes ...
2017-11-26 04:08:56,459 null [INFO] (../src/fwidbmgr.cpp:5555) OK --> 20171125 data imported.
2017-11-26 04:08:56,459 null [INFO] (../src/fwidbmgr.cpp:5695) action out took about 42 seconds.
2017-11-26 04:08:56,460 null [INFO] (../src/fwidbmgr.cpp:5699) Disconnected from database.
2017-11-26 04:08:56,755 null [INFO] (../src/fwidbmgr.cpp:5361) fwi db manager
2017-11-26 04:08:56,755 null [INFO] (../src/fwidbmgr.cpp:5365) Program home: /home/meteo/dev/redist/fwidbmgr
2017-11-26 04:08:56,755 null [INFO] (../src/fwidbmgr.cpp:5369) Auto convert: 1
2017-11-26 04:08:56,755 null [INFO] (../src/fwidbmgr.cpp:446) action: computeidx.
2017-11-26 04:08:56,755 null [INFO] (../src/fwidbmgr.cpp:470) date: 20171125.
2017-11-26 04:08:56,755 null [INFO] (../src/fwidbmgr.cpp:322) Try to read: /home/meteo/dev/redist/fwidbmgr/config/fwidbmgr.conf.
2017-11-26 04:08:56,760 null [INFO] (../src/fwidbmgr.cpp:5393) Configuration parsing: OK.
2017-11-26 04:08:56,803 null [INFO] (../src/fwidbmgr.cpp:5478) Connected to database
2017-11-26 04:08:56,803 null [INFO] (../src/fwidbmgr.cpp:5480) Manage data for date: 20171125.
2017-11-26 04:08:56,803 null [INFO] (../src/fwidbmgr.cpp:5656) Computing indexes.
2017-11-26 04:08:56,804 null [INFO] (/home/meteo/dev/redist/fwidbmgr/include/Grid.h:1595) Configuring grid: isi
2017-11-26 04:08:56,804 null [INFO] (/home/meteo/dev/redist/fwidbmgr/include/Grid.h:1695) Grid isi configured.
2017-11-26 04:08:56,806 null [INFO] (/home/meteo/dev/redist/fwidbmgr/include/Grid.h:1595) Configuring grid: fwi
2017-11-26 04:08:56,806 null [INFO] (/home/meteo/dev/redist/fwidbmgr/include/Grid.h:1695) Grid fwi configured.
2017-11-26 04:08:56,807 null [INFO] (/home/meteo/dev/redist/fwidbmgr/include/Grid.h:1595) Configuring grid: ffmc
2017-11-26 04:08:56,807 null [INFO] (/home/meteo/dev/redist/fwidbmgr/include/Grid.h:1695) Grid ffmc configured.
2017-11-26 04:08:56,808 null [INFO] (/home/meteo/dev/redist/fwidbmgr/include/Grid.h:1595) Configuring grid: dmc
2017-11-26 04:08:56,809 null [INFO] (/home/meteo/dev/redist/fwidbmgr/include/Grid.h:1695) Grid dmc configured.
2017-11-26 04:08:56,810 null [INFO] (/home/meteo/dev/redist/fwidbmgr/include/Grid.h:1595) Configuring grid: dc
2017-11-26 04:08:56,810 null [INFO] (/home/meteo/dev/redist/fwidbmgr/include/Grid.h:1695) Grid dc configured.
2017-11-26 04:08:56,811 null [INFO] (/home/meteo/dev/redist/fwidbmgr/include/Grid.h:1595) Configuring grid: bui
2017-11-26 04:08:56,811 null [INFO] (/home/meteo/dev/redist/fwidbmgr/include/Grid.h:1695) Grid bui configured.
2017-11-26 04:08:56,812 null [INFO] (/home/meteo/dev/redist/fwidbmgr/include/Grid.h:1595) Configuring grid: ffmc_tmp
2017-11-26 04:08:56,812 null [INFO] (/home/meteo/dev/redist/fwidbmgr/include/Grid.h:1695) Grid ffmc_tmp configured.
2017-11-26 04:08:56,814 null [INFO] (/home/meteo/dev/redist/fwidbmgr/include/Grid.h:1595) Configuring grid: dmc_tmp
2017-11-26 04:08:56,814 null [INFO] (/home/meteo/dev/redist/fwidbmgr/include/Grid.h:1695) Grid dmc_tmp configured.
2017-11-26 04:08:56,815 null [INFO] (/home/meteo/dev/redist/fwidbmgr/include/Grid.h:1595) Configuring grid: dc_tmp
2017-11-26 04:08:56,815 null [INFO] (/home/meteo/dev/redist/fwidbmgr/include/Grid.h:1695) Grid dc_tmp configured.
2017-11-26 04:08:56,816 null [INFO] (/home/meteo/dev/redist/fwidbmgr/include/Grid.h:1595) Configuring grid: idi
2017-11-26 04:08:56,816 null [INFO] (/home/meteo/dev/redist/fwidbmgr/include/Grid.h:1695) Grid idi configured.
2017-11-26 04:08:56,818 null [INFO] (/home/meteo/dev/redist/fwidbmgr/include/Grid.h:1595) Configuring grid: angstrom
2017-11-26 04:08:56,818 null [INFO] (/home/meteo/dev/redist/fwidbmgr/include/Grid.h:1695) Grid angstrom configured.
2017-11-26 04:08:56,819 null [INFO] (/home/meteo/dev/redist/fwidbmgr/include/Grid.h:1595) Configuring grid: fmi
2017-11-26 04:08:56,819 null [INFO] (/home/meteo/dev/redist/fwidbmgr/include/Grid.h:1695) Grid fmi configured.
2017-11-26 04:08:56,820 null [INFO] (/home/meteo/dev/redist/fwidbmgr/include/Grid.h:1595) Configuring grid: sharples
2017-11-26 04:08:56,820 null [INFO] (/home/meteo/dev/redist/fwidbmgr/include/Grid.h:1695) Grid sharples configured.
2017-11-26 04:09:06,852 null [INFO] (/home/meteo/dev/redist/fwidbmgr/include/Grid.h:1595) Configuring grid: snow
2017-11-26 04:09:06,852 null [INFO] (/home/meteo/dev/redist/fwidbmgr/include/Grid.h:1695) Grid snow configured.
2017-11-26 04:09:06,852 null [INFO] (/home/meteo/dev/redist/fwidbmgr/include/Grid.h:1595) Configuring grid: snow_covering
2017-11-26 04:09:06,852 null [INFO] (/home/meteo/dev/redist/fwidbmgr/include/Grid.h:1695) Grid snow_covering configured.
2017-11-26 04:09:06,852 null [INFO] (/home/meteo/dev/redist/fwidbmgr/include/Grid.h:1595) Configuring grid: snow_dissolution
2017-11-26 04:09:06,852 null [INFO] (/home/meteo/dev/redist/fwidbmgr/include/Grid.h:1695) Grid snow_dissolution configured.
2017-11-26 04:09:06,852 null [INFO] (/home/meteo/dev/redist/fwidbmgr/include/Grid.h:1595) Configuring grid: temperature
2017-11-26 04:09:06,852 null [INFO] (/home/meteo/dev/redist/fwidbmgr/include/Grid.h:1695) Grid temperature configured.
2017-11-26 04:09:06,852 null [INFO] (/home/meteo/dev/redist/fwidbmgr/include/Grid.h:1595) Configuring grid: humidity
2017-11-26 04:09:06,852 null [INFO] (/home/meteo/dev/redist/fwidbmgr/include/Grid.h:1695) Grid humidity configured.
2017-11-26 04:09:06,852 null [INFO] (/home/meteo/dev/redist/fwidbmgr/include/Grid.h:1595) Configuring grid: windspeed
2017-11-26 04:09:06,853 null [INFO] (/home/meteo/dev/redist/fwidbmgr/include/Grid.h:1695) Grid windspeed configured.
2017-11-26 04:09:06,853 null [INFO] (/home/meteo/dev/redist/fwidbmgr/include/Grid.h:1595) Configuring grid: rain
2017-11-26 04:09:06,853 null [INFO] (/home/meteo/dev/redist/fwidbmgr/include/Grid.h:1695) Grid rain configured.
2017-11-26 04:09:06,853 null [INFO] (/home/meteo/dev/redist/fwidbmgr/include/Grid.h:1595) Configuring grid: cum_rain
2017-11-26 04:09:06,853 null [INFO] (/home/meteo/dev/redist/fwidbmgr/include/Grid.h:1695) Grid cum_rain configured.
2017-11-26 04:11:21,071 null [INFO] (../src/fwidbmgr.cpp:5660) OK --> 20171125 indexes computed.
2017-11-26 04:11:21,075 null [INFO] (../src/fwidbmgr.cpp:5695) action computeidx took about 145 seconds.
2017-11-26 04:11:21,075 null [INFO] (../src/fwidbmgr.cpp:5699) Disconnected from database.
2017-11-26 04:11:21,253 null [INFO] (../src/fwidbmgr.cpp:5361) fwi db manager
2017-11-26 04:11:21,253 null [INFO] (../src/fwidbmgr.cpp:5365) Program home: /home/meteo/dev/redist/fwidbmgr
2017-11-26 04:11:21,253 null [INFO] (../src/fwidbmgr.cpp:5369) Auto convert: 1
2017-11-26 04:11:21,253 null [INFO] (../src/fwidbmgr.cpp:446) action: exportidx.
2017-11-26 04:11:21,253 null [INFO] (../src/fwidbmgr.cpp:470) date: 20171125.
2017-11-26 04:11:21,253 null [INFO] (../src/fwidbmgr.cpp:322) Try to read: /home/meteo/dev/redist/fwidbmgr/config/fwidbmgr.conf.
2017-11-26 04:11:21,259 null [INFO] (../src/fwidbmgr.cpp:5393) Configuration parsing: OK.
2017-11-26 04:11:21,311 null [INFO] (../src/fwidbmgr.cpp:5478) Connected to database
2017-11-26 04:11:21,312 null [INFO] (../src/fwidbmgr.cpp:5480) Manage data for date: 20171125.
2017-11-26 04:11:21,312 null [INFO] (../src/fwidbmgr.cpp:5596) Exporting indexes.
2017-11-26 04:11:21,313 null [INFO] (/home/meteo/dev/redist/fwidbmgr/include/Grid.h:1595) Configuring grid: isi
2017-11-26 04:11:21,313 null [INFO] (/home/meteo/dev/redist/fwidbmgr/include/Grid.h:1695) Grid isi configured.
2017-11-26 04:11:21,315 null [INFO] (/home/meteo/dev/redist/fwidbmgr/include/Grid.h:1595) Configuring grid: fwi
2017-11-26 04:11:21,315 null [INFO] (/home/meteo/dev/redist/fwidbmgr/include/Grid.h:1695) Grid fwi configured.
2017-11-26 04:11:21,316 null [INFO] (/home/meteo/dev/redist/fwidbmgr/include/Grid.h:1595) Configuring grid: ffmc
2017-11-26 04:11:21,316 null [INFO] (/home/meteo/dev/redist/fwidbmgr/include/Grid.h:1695) Grid ffmc configured.
2017-11-26 04:11:21,317 null [INFO] (/home/meteo/dev/redist/fwidbmgr/include/Grid.h:1595) Configuring grid: dmc
2017-11-26 04:11:21,317 null [INFO] (/home/meteo/dev/redist/fwidbmgr/include/Grid.h:1695) Grid dmc configured.
2017-11-26 04:11:21,319 null [INFO] (/home/meteo/dev/redist/fwidbmgr/include/Grid.h:1595) Configuring grid: dc
2017-11-26 04:11:21,319 null [INFO] (/home/meteo/dev/redist/fwidbmgr/include/Grid.h:1695) Grid dc configured.
2017-11-26 04:11:21,320 null [INFO] (/home/meteo/dev/redist/fwidbmgr/include/Grid.h:1595) Configuring grid: bui
2017-11-26 04:11:21,320 null [INFO] (/home/meteo/dev/redist/fwidbmgr/include/Grid.h:1695) Grid bui configured.
2017-11-26 04:11:21,321 null [INFO] (/home/meteo/dev/redist/fwidbmgr/include/Grid.h:1595) Configuring grid: ffmc_tmp
2017-11-26 04:11:21,322 null [INFO] (/home/meteo/dev/redist/fwidbmgr/include/Grid.h:1695) Grid ffmc_tmp configured.
2017-11-26 04:11:21,323 null [INFO] (/home/meteo/dev/redist/fwidbmgr/include/Grid.h:1595) Configuring grid: dmc_tmp
2017-11-26 04:11:21,323 null [INFO] (/home/meteo/dev/redist/fwidbmgr/include/Grid.h:1695) Grid dmc_tmp configured.
2017-11-26 04:11:21,324 null [INFO] (/home/meteo/dev/redist/fwidbmgr/include/Grid.h:1595) Configuring grid: dc_tmp
2017-11-26 04:11:21,324 null [INFO] (/home/meteo/dev/redist/fwidbmgr/include/Grid.h:1695) Grid dc_tmp configured.
2017-11-26 04:11:21,326 null [INFO] (/home/meteo/dev/redist/fwidbmgr/include/Grid.h:1595) Configuring grid: idi
2017-11-26 04:11:21,326 null [INFO] (/home/meteo/dev/redist/fwidbmgr/include/Grid.h:1695) Grid idi configured.
2017-11-26 04:11:21,327 null [INFO] (/home/meteo/dev/redist/fwidbmgr/include/Grid.h:1595) Configuring grid: angstrom
2017-11-26 04:11:21,327 null [INFO] (/home/meteo/dev/redist/fwidbmgr/include/Grid.h:1695) Grid angstrom configured.
2017-11-26 04:11:21,328 null [INFO] (/home/meteo/dev/redist/fwidbmgr/include/Grid.h:1595) Configuring grid: fmi
2017-11-26 04:11:21,328 null [INFO] (/home/meteo/dev/redist/fwidbmgr/include/Grid.h:1695) Grid fmi configured.
2017-11-26 04:11:21,330 null [INFO] (/home/meteo/dev/redist/fwidbmgr/include/Grid.h:1595) Configuring grid: sharples
2017-11-26 04:11:21,330 null [INFO] (/home/meteo/dev/redist/fwidbmgr/include/Grid.h:1695) Grid sharples configured.
2017-11-26 04:11:30,972 null [INFO] (/home/meteo/dev/redist/fwidbmgr/include/Grid.h:1595) Configuring grid: isi
2017-11-26 04:11:30,972 null [INFO] (/home/meteo/dev/redist/fwidbmgr/include/Grid.h:1695) Grid isi configured.
2017-11-26 04:11:31,023 null [INFO] (/home/meteo/dev/redist/fwidbmgr/include/Grid.h:1595) Configuring grid: fwi
2017-11-26 04:11:31,023 null [INFO] (/home/meteo/dev/redist/fwidbmgr/include/Grid.h:1695) Grid fwi configured.
2017-11-26 04:11:31,067 null [INFO] (/home/meteo/dev/redist/fwidbmgr/include/Grid.h:1595) Configuring grid: ffmc
2017-11-26 04:11:31,067 null [INFO] (/home/meteo/dev/redist/fwidbmgr/include/Grid.h:1695) Grid ffmc configured.
2017-11-26 04:11:31,113 null [INFO] (/home/meteo/dev/redist/fwidbmgr/include/Grid.h:1595) Configuring grid: dmc
2017-11-26 04:11:31,113 null [INFO] (/home/meteo/dev/redist/fwidbmgr/include/Grid.h:1695) Grid dmc configured.
2017-11-26 04:11:31,155 null [INFO] (/home/meteo/dev/redist/fwidbmgr/include/Grid.h:1595) Configuring grid: dc
2017-11-26 04:11:31,155 null [INFO] (/home/meteo/dev/redist/fwidbmgr/include/Grid.h:1695) Grid dc configured.
2017-11-26 04:11:31,199 null [INFO] (/home/meteo/dev/redist/fwidbmgr/include/Grid.h:1595) Configuring grid: bui
2017-11-26 04:11:31,199 null [INFO] (/home/meteo/dev/redist/fwidbmgr/include/Grid.h:1695) Grid bui configured.
2017-11-26 04:11:31,241 null [INFO] (/home/meteo/dev/redist/fwidbmgr/include/Grid.h:1595) Configuring grid: ffmc_tmp
2017-11-26 04:11:31,241 null [INFO] (/home/meteo/dev/redist/fwidbmgr/include/Grid.h:1695) Grid ffmc_tmp configured.
2017-11-26 04:11:31,282 null [INFO] (/home/meteo/dev/redist/fwidbmgr/include/Grid.h:1595) Configuring grid: dmc_tmp
2017-11-26 04:11:31,282 null [INFO] (/home/meteo/dev/redist/fwidbmgr/include/Grid.h:1695) Grid dmc_tmp configured.
2017-11-26 04:11:31,322 null [INFO] (/home/meteo/dev/redist/fwidbmgr/include/Grid.h:1595) Configuring grid: dc_tmp
2017-11-26 04:11:31,322 null [INFO] (/home/meteo/dev/redist/fwidbmgr/include/Grid.h:1695) Grid dc_tmp configured.
2017-11-26 04:11:31,374 null [INFO] (/home/meteo/dev/redist/fwidbmgr/include/Grid.h:1595) Configuring grid: angstrom
2017-11-26 04:11:31,374 null [INFO] (/home/meteo/dev/redist/fwidbmgr/include/Grid.h:1695) Grid angstrom configured.
2017-11-26 04:11:31,441 null [INFO] (/home/meteo/dev/redist/fwidbmgr/include/Grid.h:1595) Configuring grid: sharples
2017-11-26 04:11:31,441 null [INFO] (/home/meteo/dev/redist/fwidbmgr/include/Grid.h:1695) Grid sharples configured.
2017-11-26 04:11:31,492 null [INFO] (/home/meteo/dev/redist/fwidbmgr/include/Grid.h:1595) Configuring grid: fmi
2017-11-26 04:11:31,492 null [INFO] (/home/meteo/dev/redist/fwidbmgr/include/Grid.h:1695) Grid fmi configured.
2017-11-26 04:11:31,544 null [INFO] (../src/fwidbmgr.cpp:5600) OK --> 20171125 indexes exported to files.
2017-11-26 04:11:31,544 null [INFO] (../src/fwidbmgr.cpp:5695) action exportidx took about 10 seconds.
2017-11-26 04:11:31,544 null [INFO] (../src/fwidbmgr.cpp:5699) Disconnected from database.
2017-11-26 04:11:59,521 null [INFO] (../src/fwidbmgr.cpp:5361) fwi db manager
2017-11-26 04:11:59,521 null [INFO] (../src/fwidbmgr.cpp:5365) Program home: /home/meteo/dev/redist/fwidbmgr
2017-11-26 04:11:59,522 null [INFO] (../src/fwidbmgr.cpp:5369) Auto convert: 1
2017-11-26 04:11:59,522 null [INFO] (../src/fwidbmgr.cpp:446) action: outimg.
2017-11-26 04:11:59,522 null [INFO] (../src/fwidbmgr.cpp:470) date: 20171125.
2017-11-26 04:11:59,522 null [INFO] (../src/fwidbmgr.cpp:322) Try to read: /home/meteo/dev/redist/fwidbmgr/config/fwidbmgr.conf.
2017-11-26 04:11:59,527 null [INFO] (../src/fwidbmgr.cpp:5393) Configuration parsing: OK.
2017-11-26 04:11:59,530 null [INFO] (../src/fwidbmgr.cpp:5478) Connected to database
2017-11-26 04:11:59,530 null [INFO] (../src/fwidbmgr.cpp:5480) Manage data for date: 20171125.
2017-11-26 04:11:59,530 null [INFO] (../src/fwidbmgr.cpp:5566) Importing fwi indexes images in database.
2017-11-26 04:12:00,038 null [INFO] (../src/fwidbmgr.cpp:5570) OK --> 20171125 images imported.
2017-11-26 04:12:00,038 null [INFO] (../src/fwidbmgr.cpp:5695) action outimg took about 1 seconds.
2017-11-26 04:12:00,038 null [INFO] (../src/fwidbmgr.cpp:5699) Disconnected from database.
2017-11-26 04:37:01,115 null [INFO] (../src/fwidbmgr.cpp:5361) fwi db manager
2017-11-26 04:37:01,115 null [INFO] (../src/fwidbmgr.cpp:5365) Program home: /home/meteo/dev/redist/fwidbmgr
2017-11-26 04:37:01,115 null [INFO] (../src/fwidbmgr.cpp:5369) Auto convert: 1
2017-11-26 04:37:01,115 null [INFO] (../src/fwidbmgr.cpp:446) action: outimg.
2017-11-26 04:37:01,115 null [INFO] (../src/fwidbmgr.cpp:470) date: 20171125.
2017-11-26 04:37:01,115 null [INFO] (../src/fwidbmgr.cpp:322) Try to read: /home/meteo/dev/redist/fwidbmgr/config/fwidbmgr.conf.
2017-11-26 04:37:01,117 null [INFO] (../src/fwidbmgr.cpp:5393) Configuration parsing: OK.
2017-11-26 04:37:01,122 null [INFO] (../src/fwidbmgr.cpp:5478) Connected to database
2017-11-26 04:37:01,122 null [INFO] (../src/fwidbmgr.cpp:5480) Manage data for date: 20171125.
2017-11-26 04:37:01,122 null [INFO] (../src/fwidbmgr.cpp:5566) Importing fwi indexes images in database.
2017-11-26 04:37:01,238 null [INFO] (../src/fwidbmgr.cpp:5570) OK --> 20171125 images imported.
2017-11-26 04:37:01,238 null [INFO] (../src/fwidbmgr.cpp:5695) action outimg took about 0 seconds.
2017-11-26 04:37:01,238 null [INFO] (../src/fwidbmgr.cpp:5699) Disconnected from database.
2017-11-26 05:05:01,383 null [INFO] (../src/fwidbmgr.cpp:5361) fwi db manager
2017-11-26 05:05:01,384 null [INFO] (../src/fwidbmgr.cpp:5365) Program home: /home/meteo/dev/redist/fwidbmgr
2017-11-26 05:05:01,384 null [INFO] (../src/fwidbmgr.cpp:5369) Auto convert: 1
2017-11-26 05:05:01,384 null [INFO] (../src/fwidbmgr.cpp:446) action: outimg.
2017-11-26 05:05:01,384 null [INFO] (../src/fwidbmgr.cpp:470) date: 20171125.
2017-11-26 05:05:01,384 null [INFO] (../src/fwidbmgr.cpp:322) Try to read: /home/meteo/dev/redist/fwidbmgr/config/fwidbmgr.conf.
2017-11-26 05:05:01,386 null [INFO] (../src/fwidbmgr.cpp:5393) Configuration parsing: OK.
2017-11-26 05:05:01,391 null [INFO] (../src/fwidbmgr.cpp:5478) Connected to database
2017-11-26 05:05:01,391 null [INFO] (../src/fwidbmgr.cpp:5480) Manage data for date: 20171125.
2017-11-26 05:05:01,391 null [INFO] (../src/fwidbmgr.cpp:5566) Importing fwi indexes images in database.
2017-11-26 05:05:01,535 null [INFO] (../src/fwidbmgr.cpp:5570) OK --> 20171125 images imported.
2017-11-26 05:05:01,536 null [INFO] (../src/fwidbmgr.cpp:5695) action outimg took about 0 seconds.
2017-11-26 05:05:01,536 null [INFO] (../src/fwidbmgr.cpp:5699) Disconnected from database.
2017-11-26 05:37:01,670 null [INFO] (../src/fwidbmgr.cpp:5361) fwi db manager
2017-11-26 05:37:01,670 null [INFO] (../src/fwidbmgr.cpp:5365) Program home: /home/meteo/dev/redist/fwidbmgr
2017-11-26 05:37:01,670 null [INFO] (../src/fwidbmgr.cpp:5369) Auto convert: 1
2017-11-26 05:37:01,670 null [INFO] (../src/fwidbmgr.cpp:446) action: outimg.
2017-11-26 05:37:01,670 null [INFO] (../src/fwidbmgr.cpp:470) date: 20171125.
2017-11-26 05:37:01,670 null [INFO] (../src/fwidbmgr.cpp:322) Try to read: /home/meteo/dev/redist/fwidbmgr/config/fwidbmgr.conf.
2017-11-26 05:37:01,672 null [INFO] (../src/fwidbmgr.cpp:5393) Configuration parsing: OK.
2017-11-26 05:37:01,677 null [INFO] (../src/fwidbmgr.cpp:5478) Connected to database
2017-11-26 05:37:01,677 null [INFO] (../src/fwidbmgr.cpp:5480) Manage data for date: 20171125.
2017-11-26 05:37:01,677 null [INFO] (../src/fwidbmgr.cpp:5566) Importing fwi indexes images in database.
2017-11-26 05:37:01,752 null [INFO] (../src/fwidbmgr.cpp:5570) OK --> 20171125 images imported.
2017-11-26 05:37:01,752 null [INFO] (../src/fwidbmgr.cpp:5695) action outimg took about 0 seconds.
2017-11-26 05:37:01,752 null [INFO] (../src/fwidbmgr.cpp:5699) Disconnected from database.
2017-11-26 06:05:01,363 null [INFO] (../src/fwidbmgr.cpp:5361) fwi db manager
2017-11-26 06:05:01,363 null [INFO] (../src/fwidbmgr.cpp:5365) Program home: /home/meteo/dev/redist/fwidbmgr
2017-11-26 06:05:01,363 null [INFO] (../src/fwidbmgr.cpp:5369) Auto convert: 1
2017-11-26 06:05:01,363 null [INFO] (../src/fwidbmgr.cpp:446) action: outimg.
2017-11-26 06:05:01,363 null [INFO] (../src/fwidbmgr.cpp:470) date: 20171125.
2017-11-26 06:05:01,363 null [INFO] (../src/fwidbmgr.cpp:322) Try to read: /home/meteo/dev/redist/fwidbmgr/config/fwidbmgr.conf.
2017-11-26 06:05:01,365 null [INFO] (../src/fwidbmgr.cpp:5393) Configuration parsing: OK.
2017-11-26 06:05:01,370 null [INFO] (../src/fwidbmgr.cpp:5478) Connected to database
2017-11-26 06:05:01,370 null [INFO] (../src/fwidbmgr.cpp:5480) Manage data for date: 20171125.
2017-11-26 06:05:01,370 null [INFO] (../src/fwidbmgr.cpp:5566) Importing fwi indexes images in database.
2017-11-26 06:05:01,450 null [INFO] (../src/fwidbmgr.cpp:5570) OK --> 20171125 images imported.
2017-11-26 06:05:01,451 null [INFO] (../src/fwidbmgr.cpp:5695) action outimg took about 0 seconds.
2017-11-26 06:05:01,451 null [INFO] (../src/fwidbmgr.cpp:5699) Disconnected from database.
2017-11-26 06:37:01,579 null [INFO] (../src/fwidbmgr.cpp:5361) fwi db manager
2017-11-26 06:37:01,579 null [INFO] (../src/fwidbmgr.cpp:5365) Program home: /home/meteo/dev/redist/fwidbmgr
2017-11-26 06:37:01,579 null [INFO] (../src/fwidbmgr.cpp:5369) Auto convert: 1
2017-11-26 06:37:01,579 null [INFO] (../src/fwidbmgr.cpp:446) action: outimg.
2017-11-26 06:37:01,579 null [INFO] (../src/fwidbmgr.cpp:470) date: 20171125.
2017-11-26 06:37:01,579 null [INFO] (../src/fwidbmgr.cpp:322) Try to read: /home/meteo/dev/redist/fwidbmgr/config/fwidbmgr.conf.
2017-11-26 06:37:01,581 null [INFO] (../src/fwidbmgr.cpp:5393) Configuration parsing: OK.
2017-11-26 06:37:01,586 null [INFO] (../src/fwidbmgr.cpp:5478) Connected to database
2017-11-26 06:37:01,586 null [INFO] (../src/fwidbmgr.cpp:5480) Manage data for date: 20171125.
2017-11-26 06:37:01,586 null [INFO] (../src/fwidbmgr.cpp:5566) Importing fwi indexes images in database.
2017-11-26 06:37:01,665 null [INFO] (../src/fwidbmgr.cpp:5570) OK --> 20171125 images imported.
2017-11-26 06:37:01,665 null [INFO] (../src/fwidbmgr.cpp:5695) action outimg took about 0 seconds.
2017-11-26 06:37:01,665 null [INFO] (../src/fwidbmgr.cpp:5699) Disconnected from database.
