2019-05-17 05:05:48,099 null [INFO] (../src/fwidbmgr.cpp:5361) fwi db manager
2019-05-17 05:05:48,099 null [INFO] (../src/fwidbmgr.cpp:5365) Program home: /home/meteo/dev/redist/fwidbmgr
2019-05-17 05:05:48,099 null [INFO] (../src/fwidbmgr.cpp:5369) Auto convert: 1
2019-05-17 05:05:48,099 null [INFO] (../src/fwidbmgr.cpp:446) action: in.
2019-05-17 05:05:48,099 null [INFO] (../src/fwidbmgr.cpp:470) date: 20190516.
2019-05-17 05:05:48,099 null [INFO] (../src/fwidbmgr.cpp:322) Try to read: /home/meteo/dev/redist/fwidbmgr/config/fwidbmgr.conf.
2019-05-17 05:05:48,102 null [INFO] (../src/fwidbmgr.cpp:5393) Configuration parsing: OK.
2019-05-17 05:05:48,106 null [INFO] (../src/fwidbmgr.cpp:5478) Connected to database
2019-05-17 05:05:48,107 null [INFO] (../src/fwidbmgr.cpp:5480) Manage data for date: 20190516.
2019-05-17 05:05:48,107 null [INFO] (../src/fwidbmgr.cpp:5536) Importing meteo data in database for day: 20190516.
2019-05-17 05:05:48,108 null [INFO] (/home/meteo/dev/redist/fwidbmgr/include/Grid.h:1595) Configuring grid: snow
2019-05-17 05:05:48,108 null [INFO] (/home/meteo/dev/redist/fwidbmgr/include/Grid.h:1695) Grid snow configured.
2019-05-17 05:05:48,119 null [INFO] (/home/meteo/dev/redist/fwidbmgr/include/Grid.h:1595) Configuring grid: snow_covering
2019-05-17 05:05:48,119 null [INFO] (/home/meteo/dev/redist/fwidbmgr/include/Grid.h:1695) Grid snow_covering configured.
2019-05-17 05:05:48,131 null [INFO] (/home/meteo/dev/redist/fwidbmgr/include/Grid.h:1595) Configuring grid: snow_dissolution
2019-05-17 05:05:48,131 null [INFO] (/home/meteo/dev/redist/fwidbmgr/include/Grid.h:1695) Grid snow_dissolution configured.
2019-05-17 05:05:48,151 null [INFO] (/home/meteo/dev/redist/fwidbmgr/include/Grid.h:1595) Configuring grid: temperature
2019-05-17 05:05:48,151 null [INFO] (/home/meteo/dev/redist/fwidbmgr/include/Grid.h:1695) Grid temperature configured.
2019-05-17 05:05:48,156 null [INFO] (/home/meteo/dev/redist/fwidbmgr/include/Grid.h:1595) Configuring grid: humidity
2019-05-17 05:05:48,156 null [INFO] (/home/meteo/dev/redist/fwidbmgr/include/Grid.h:1695) Grid humidity configured.
2019-05-17 05:05:48,166 null [INFO] (/home/meteo/dev/redist/fwidbmgr/include/Grid.h:1595) Configuring grid: windspeed
2019-05-17 05:05:48,166 null [INFO] (/home/meteo/dev/redist/fwidbmgr/include/Grid.h:1695) Grid windspeed configured.
2019-05-17 05:05:48,188 null [INFO] (/home/meteo/dev/redist/fwidbmgr/include/Grid.h:1595) Configuring grid: rain
2019-05-17 05:05:48,188 null [INFO] (/home/meteo/dev/redist/fwidbmgr/include/Grid.h:1695) Grid rain configured.
2019-05-17 05:05:48,191 null [INFO] (/home/meteo/dev/redist/fwidbmgr/include/Grid.h:1595) Configuring grid: cum_rain
2019-05-17 05:05:48,191 null [INFO] (/home/meteo/dev/redist/fwidbmgr/include/Grid.h:1695) Grid cum_rain configured.
2019-05-17 05:05:51,971 null [INFO] (../src/fwidbmgr.cpp:1518) Storing meteo input ...
2019-05-17 05:06:02,723 null [INFO] (../src/fwidbmgr.cpp:5540) OK --> 20190516 data imported.
2019-05-17 05:06:02,735 null [INFO] (../src/fwidbmgr.cpp:5695) action in took about 14 seconds.
2019-05-17 05:06:02,747 null [INFO] (../src/fwidbmgr.cpp:5699) Disconnected from database.
2019-05-17 05:06:41,657 null [INFO] (../src/fwidbmgr.cpp:5361) fwi db manager
2019-05-17 05:06:41,657 null [INFO] (../src/fwidbmgr.cpp:5365) Program home: /home/meteo/dev/redist/fwidbmgr
2019-05-17 05:06:41,657 null [INFO] (../src/fwidbmgr.cpp:5369) Auto convert: 1
2019-05-17 05:06:41,657 null [INFO] (../src/fwidbmgr.cpp:446) action: out.
2019-05-17 05:06:41,657 null [INFO] (../src/fwidbmgr.cpp:470) date: 20190516.
2019-05-17 05:06:41,657 null [INFO] (../src/fwidbmgr.cpp:322) Try to read: /home/meteo/dev/redist/fwidbmgr/config/fwidbmgr.conf.
2019-05-17 05:06:41,659 null [INFO] (../src/fwidbmgr.cpp:5393) Configuration parsing: OK.
2019-05-17 05:06:41,673 null [INFO] (../src/fwidbmgr.cpp:5478) Connected to database
2019-05-17 05:06:41,673 null [INFO] (../src/fwidbmgr.cpp:5480) Manage data for date: 20190516.
2019-05-17 05:06:41,673 null [INFO] (../src/fwidbmgr.cpp:5551) Importing fwi indexes data in database for day: 20190516.
2019-05-17 05:06:41,684 null [INFO] (/home/meteo/dev/redist/fwidbmgr/include/Grid.h:1595) Configuring grid: isi
2019-05-17 05:06:41,684 null [INFO] (/home/meteo/dev/redist/fwidbmgr/include/Grid.h:1695) Grid isi configured.
2019-05-17 05:06:41,707 null [INFO] (/home/meteo/dev/redist/fwidbmgr/include/Grid.h:1595) Configuring grid: fwi
2019-05-17 05:06:41,707 null [INFO] (/home/meteo/dev/redist/fwidbmgr/include/Grid.h:1695) Grid fwi configured.
2019-05-17 05:06:41,715 null [INFO] (/home/meteo/dev/redist/fwidbmgr/include/Grid.h:1595) Configuring grid: ffmc
2019-05-17 05:06:41,715 null [INFO] (/home/meteo/dev/redist/fwidbmgr/include/Grid.h:1695) Grid ffmc configured.
2019-05-17 05:06:41,722 null [INFO] (/home/meteo/dev/redist/fwidbmgr/include/Grid.h:1595) Configuring grid: dmc
2019-05-17 05:06:41,722 null [INFO] (/home/meteo/dev/redist/fwidbmgr/include/Grid.h:1695) Grid dmc configured.
2019-05-17 05:06:41,729 null [INFO] (/home/meteo/dev/redist/fwidbmgr/include/Grid.h:1595) Configuring grid: dc
2019-05-17 05:06:41,729 null [INFO] (/home/meteo/dev/redist/fwidbmgr/include/Grid.h:1695) Grid dc configured.
2019-05-17 05:06:41,736 null [INFO] (/home/meteo/dev/redist/fwidbmgr/include/Grid.h:1595) Configuring grid: bui
2019-05-17 05:06:41,736 null [INFO] (/home/meteo/dev/redist/fwidbmgr/include/Grid.h:1695) Grid bui configured.
2019-05-17 05:06:41,742 null [INFO] (/home/meteo/dev/redist/fwidbmgr/include/Grid.h:1595) Configuring grid: ffmc_tmp
2019-05-17 05:06:41,742 null [INFO] (/home/meteo/dev/redist/fwidbmgr/include/Grid.h:1695) Grid ffmc_tmp configured.
2019-05-17 05:06:41,754 null [INFO] (/home/meteo/dev/redist/fwidbmgr/include/Grid.h:1595) Configuring grid: dmc_tmp
2019-05-17 05:06:41,754 null [INFO] (/home/meteo/dev/redist/fwidbmgr/include/Grid.h:1695) Grid dmc_tmp configured.
2019-05-17 05:06:41,764 null [INFO] (/home/meteo/dev/redist/fwidbmgr/include/Grid.h:1595) Configuring grid: dc_tmp
2019-05-17 05:06:41,764 null [INFO] (/home/meteo/dev/redist/fwidbmgr/include/Grid.h:1695) Grid dc_tmp configured.
2019-05-17 05:06:41,775 null [INFO] (/home/meteo/dev/redist/fwidbmgr/include/Grid.h:1595) Configuring grid: idi
2019-05-17 05:06:41,775 null [INFO] (/home/meteo/dev/redist/fwidbmgr/include/Grid.h:1695) Grid idi configured.
2019-05-17 05:06:44,493 null [INFO] (../src/fwidbmgr.cpp:2081) Storing FWI indexes ...
2019-05-17 05:06:49,095 null [INFO] (../src/fwidbmgr.cpp:5555) OK --> 20190516 data imported.
2019-05-17 05:06:49,096 null [INFO] (../src/fwidbmgr.cpp:5695) action out took about 8 seconds.
2019-05-17 05:06:49,097 null [INFO] (../src/fwidbmgr.cpp:5699) Disconnected from database.
2019-05-17 05:06:49,169 null [INFO] (../src/fwidbmgr.cpp:5361) fwi db manager
2019-05-17 05:06:49,169 null [INFO] (../src/fwidbmgr.cpp:5365) Program home: /home/meteo/dev/redist/fwidbmgr
2019-05-17 05:06:49,169 null [INFO] (../src/fwidbmgr.cpp:5369) Auto convert: 1
2019-05-17 05:06:49,169 null [INFO] (../src/fwidbmgr.cpp:446) action: computeidx.
2019-05-17 05:06:49,169 null [INFO] (../src/fwidbmgr.cpp:470) date: 20190516.
2019-05-17 05:06:49,169 null [INFO] (../src/fwidbmgr.cpp:322) Try to read: /home/meteo/dev/redist/fwidbmgr/config/fwidbmgr.conf.
2019-05-17 05:06:49,171 null [INFO] (../src/fwidbmgr.cpp:5393) Configuration parsing: OK.
2019-05-17 05:06:49,178 null [INFO] (../src/fwidbmgr.cpp:5478) Connected to database
2019-05-17 05:06:49,178 null [INFO] (../src/fwidbmgr.cpp:5480) Manage data for date: 20190516.
2019-05-17 05:06:49,178 null [INFO] (../src/fwidbmgr.cpp:5656) Computing indexes.
2019-05-17 05:06:49,189 null [INFO] (/home/meteo/dev/redist/fwidbmgr/include/Grid.h:1595) Configuring grid: isi
2019-05-17 05:06:49,189 null [INFO] (/home/meteo/dev/redist/fwidbmgr/include/Grid.h:1695) Grid isi configured.
2019-05-17 05:06:49,193 null [INFO] (/home/meteo/dev/redist/fwidbmgr/include/Grid.h:1595) Configuring grid: fwi
2019-05-17 05:06:49,193 null [INFO] (/home/meteo/dev/redist/fwidbmgr/include/Grid.h:1695) Grid fwi configured.
2019-05-17 05:06:49,195 null [INFO] (/home/meteo/dev/redist/fwidbmgr/include/Grid.h:1595) Configuring grid: ffmc
2019-05-17 05:06:49,195 null [INFO] (/home/meteo/dev/redist/fwidbmgr/include/Grid.h:1695) Grid ffmc configured.
2019-05-17 05:06:49,197 null [INFO] (/home/meteo/dev/redist/fwidbmgr/include/Grid.h:1595) Configuring grid: dmc
2019-05-17 05:06:49,197 null [INFO] (/home/meteo/dev/redist/fwidbmgr/include/Grid.h:1695) Grid dmc configured.
2019-05-17 05:06:49,198 null [INFO] (/home/meteo/dev/redist/fwidbmgr/include/Grid.h:1595) Configuring grid: dc
2019-05-17 05:06:49,198 null [INFO] (/home/meteo/dev/redist/fwidbmgr/include/Grid.h:1695) Grid dc configured.
2019-05-17 05:06:49,199 null [INFO] (/home/meteo/dev/redist/fwidbmgr/include/Grid.h:1595) Configuring grid: bui
2019-05-17 05:06:49,199 null [INFO] (/home/meteo/dev/redist/fwidbmgr/include/Grid.h:1695) Grid bui configured.
2019-05-17 05:06:49,201 null [INFO] (/home/meteo/dev/redist/fwidbmgr/include/Grid.h:1595) Configuring grid: ffmc_tmp
2019-05-17 05:06:49,201 null [INFO] (/home/meteo/dev/redist/fwidbmgr/include/Grid.h:1695) Grid ffmc_tmp configured.
2019-05-17 05:06:49,202 null [INFO] (/home/meteo/dev/redist/fwidbmgr/include/Grid.h:1595) Configuring grid: dmc_tmp
2019-05-17 05:06:49,202 null [INFO] (/home/meteo/dev/redist/fwidbmgr/include/Grid.h:1695) Grid dmc_tmp configured.
2019-05-17 05:06:49,203 null [INFO] (/home/meteo/dev/redist/fwidbmgr/include/Grid.h:1595) Configuring grid: dc_tmp
2019-05-17 05:06:49,203 null [INFO] (/home/meteo/dev/redist/fwidbmgr/include/Grid.h:1695) Grid dc_tmp configured.
2019-05-17 05:06:49,204 null [INFO] (/home/meteo/dev/redist/fwidbmgr/include/Grid.h:1595) Configuring grid: idi
2019-05-17 05:06:49,205 null [INFO] (/home/meteo/dev/redist/fwidbmgr/include/Grid.h:1695) Grid idi configured.
2019-05-17 05:06:49,206 null [INFO] (/home/meteo/dev/redist/fwidbmgr/include/Grid.h:1595) Configuring grid: angstrom
2019-05-17 05:06:49,206 null [INFO] (/home/meteo/dev/redist/fwidbmgr/include/Grid.h:1695) Grid angstrom configured.
2019-05-17 05:06:49,207 null [INFO] (/home/meteo/dev/redist/fwidbmgr/include/Grid.h:1595) Configuring grid: fmi
2019-05-17 05:06:49,207 null [INFO] (/home/meteo/dev/redist/fwidbmgr/include/Grid.h:1695) Grid fmi configured.
2019-05-17 05:06:49,207 null [INFO] (/home/meteo/dev/redist/fwidbmgr/include/Grid.h:1595) Configuring grid: sharples
2019-05-17 05:06:49,208 null [INFO] (/home/meteo/dev/redist/fwidbmgr/include/Grid.h:1695) Grid sharples configured.
2019-05-17 05:06:50,520 null [INFO] (/home/meteo/dev/redist/fwidbmgr/include/Grid.h:1595) Configuring grid: snow
2019-05-17 05:06:50,520 null [INFO] (/home/meteo/dev/redist/fwidbmgr/include/Grid.h:1695) Grid snow configured.
2019-05-17 05:06:50,520 null [INFO] (/home/meteo/dev/redist/fwidbmgr/include/Grid.h:1595) Configuring grid: snow_covering
2019-05-17 05:06:50,520 null [INFO] (/home/meteo/dev/redist/fwidbmgr/include/Grid.h:1695) Grid snow_covering configured.
2019-05-17 05:06:50,520 null [INFO] (/home/meteo/dev/redist/fwidbmgr/include/Grid.h:1595) Configuring grid: snow_dissolution
2019-05-17 05:06:50,520 null [INFO] (/home/meteo/dev/redist/fwidbmgr/include/Grid.h:1695) Grid snow_dissolution configured.
2019-05-17 05:06:50,520 null [INFO] (/home/meteo/dev/redist/fwidbmgr/include/Grid.h:1595) Configuring grid: temperature
2019-05-17 05:06:50,520 null [INFO] (/home/meteo/dev/redist/fwidbmgr/include/Grid.h:1695) Grid temperature configured.
2019-05-17 05:06:50,520 null [INFO] (/home/meteo/dev/redist/fwidbmgr/include/Grid.h:1595) Configuring grid: humidity
2019-05-17 05:06:50,520 null [INFO] (/home/meteo/dev/redist/fwidbmgr/include/Grid.h:1695) Grid humidity configured.
2019-05-17 05:06:50,520 null [INFO] (/home/meteo/dev/redist/fwidbmgr/include/Grid.h:1595) Configuring grid: windspeed
2019-05-17 05:06:50,520 null [INFO] (/home/meteo/dev/redist/fwidbmgr/include/Grid.h:1695) Grid windspeed configured.
2019-05-17 05:06:50,520 null [INFO] (/home/meteo/dev/redist/fwidbmgr/include/Grid.h:1595) Configuring grid: rain
2019-05-17 05:06:50,521 null [INFO] (/home/meteo/dev/redist/fwidbmgr/include/Grid.h:1695) Grid rain configured.
2019-05-17 05:06:50,521 null [INFO] (/home/meteo/dev/redist/fwidbmgr/include/Grid.h:1595) Configuring grid: cum_rain
2019-05-17 05:06:50,521 null [INFO] (/home/meteo/dev/redist/fwidbmgr/include/Grid.h:1695) Grid cum_rain configured.
2019-05-17 05:07:50,690 null [INFO] (../src/fwidbmgr.cpp:5660) OK --> 20190516 indexes computed.
2019-05-17 05:07:50,691 null [INFO] (../src/fwidbmgr.cpp:5695) action computeidx took about 61 seconds.
2019-05-17 05:07:50,691 null [INFO] (../src/fwidbmgr.cpp:5699) Disconnected from database.
2019-05-17 05:07:50,757 null [INFO] (../src/fwidbmgr.cpp:5361) fwi db manager
2019-05-17 05:07:50,757 null [INFO] (../src/fwidbmgr.cpp:5365) Program home: /home/meteo/dev/redist/fwidbmgr
2019-05-17 05:07:50,757 null [INFO] (../src/fwidbmgr.cpp:5369) Auto convert: 1
2019-05-17 05:07:50,757 null [INFO] (../src/fwidbmgr.cpp:446) action: exportidx.
2019-05-17 05:07:50,757 null [INFO] (../src/fwidbmgr.cpp:470) date: 20190516.
2019-05-17 05:07:50,757 null [INFO] (../src/fwidbmgr.cpp:322) Try to read: /home/meteo/dev/redist/fwidbmgr/config/fwidbmgr.conf.
2019-05-17 05:07:50,759 null [INFO] (../src/fwidbmgr.cpp:5393) Configuration parsing: OK.
2019-05-17 05:07:50,763 null [INFO] (../src/fwidbmgr.cpp:5478) Connected to database
2019-05-17 05:07:50,764 null [INFO] (../src/fwidbmgr.cpp:5480) Manage data for date: 20190516.
2019-05-17 05:07:50,764 null [INFO] (../src/fwidbmgr.cpp:5596) Exporting indexes.
2019-05-17 05:07:50,770 null [INFO] (/home/meteo/dev/redist/fwidbmgr/include/Grid.h:1595) Configuring grid: isi
2019-05-17 05:07:50,770 null [INFO] (/home/meteo/dev/redist/fwidbmgr/include/Grid.h:1695) Grid isi configured.
2019-05-17 05:07:50,773 null [INFO] (/home/meteo/dev/redist/fwidbmgr/include/Grid.h:1595) Configuring grid: fwi
2019-05-17 05:07:50,773 null [INFO] (/home/meteo/dev/redist/fwidbmgr/include/Grid.h:1695) Grid fwi configured.
2019-05-17 05:07:50,775 null [INFO] (/home/meteo/dev/redist/fwidbmgr/include/Grid.h:1595) Configuring grid: ffmc
2019-05-17 05:07:50,775 null [INFO] (/home/meteo/dev/redist/fwidbmgr/include/Grid.h:1695) Grid ffmc configured.
2019-05-17 05:07:50,776 null [INFO] (/home/meteo/dev/redist/fwidbmgr/include/Grid.h:1595) Configuring grid: dmc
2019-05-17 05:07:50,776 null [INFO] (/home/meteo/dev/redist/fwidbmgr/include/Grid.h:1695) Grid dmc configured.
2019-05-17 05:07:50,778 null [INFO] (/home/meteo/dev/redist/fwidbmgr/include/Grid.h:1595) Configuring grid: dc
2019-05-17 05:07:50,778 null [INFO] (/home/meteo/dev/redist/fwidbmgr/include/Grid.h:1695) Grid dc configured.
2019-05-17 05:07:50,779 null [INFO] (/home/meteo/dev/redist/fwidbmgr/include/Grid.h:1595) Configuring grid: bui
2019-05-17 05:07:50,780 null [INFO] (/home/meteo/dev/redist/fwidbmgr/include/Grid.h:1695) Grid bui configured.
2019-05-17 05:07:50,781 null [INFO] (/home/meteo/dev/redist/fwidbmgr/include/Grid.h:1595) Configuring grid: ffmc_tmp
2019-05-17 05:07:50,781 null [INFO] (/home/meteo/dev/redist/fwidbmgr/include/Grid.h:1695) Grid ffmc_tmp configured.
2019-05-17 05:07:50,782 null [INFO] (/home/meteo/dev/redist/fwidbmgr/include/Grid.h:1595) Configuring grid: dmc_tmp
2019-05-17 05:07:50,783 null [INFO] (/home/meteo/dev/redist/fwidbmgr/include/Grid.h:1695) Grid dmc_tmp configured.
2019-05-17 05:07:50,784 null [INFO] (/home/meteo/dev/redist/fwidbmgr/include/Grid.h:1595) Configuring grid: dc_tmp
2019-05-17 05:07:50,784 null [INFO] (/home/meteo/dev/redist/fwidbmgr/include/Grid.h:1695) Grid dc_tmp configured.
2019-05-17 05:07:50,785 null [INFO] (/home/meteo/dev/redist/fwidbmgr/include/Grid.h:1595) Configuring grid: idi
2019-05-17 05:07:50,785 null [INFO] (/home/meteo/dev/redist/fwidbmgr/include/Grid.h:1695) Grid idi configured.
2019-05-17 05:07:50,786 null [INFO] (/home/meteo/dev/redist/fwidbmgr/include/Grid.h:1595) Configuring grid: angstrom
2019-05-17 05:07:50,786 null [INFO] (/home/meteo/dev/redist/fwidbmgr/include/Grid.h:1695) Grid angstrom configured.
2019-05-17 05:07:50,787 null [INFO] (/home/meteo/dev/redist/fwidbmgr/include/Grid.h:1595) Configuring grid: fmi
2019-05-17 05:07:50,787 null [INFO] (/home/meteo/dev/redist/fwidbmgr/include/Grid.h:1695) Grid fmi configured.
2019-05-17 05:07:50,788 null [INFO] (/home/meteo/dev/redist/fwidbmgr/include/Grid.h:1595) Configuring grid: sharples
2019-05-17 05:07:50,788 null [INFO] (/home/meteo/dev/redist/fwidbmgr/include/Grid.h:1695) Grid sharples configured.
2019-05-17 05:07:51,960 null [INFO] (/home/meteo/dev/redist/fwidbmgr/include/Grid.h:1595) Configuring grid: isi
2019-05-17 05:07:51,961 null [INFO] (/home/meteo/dev/redist/fwidbmgr/include/Grid.h:1695) Grid isi configured.
2019-05-17 05:07:51,981 null [INFO] (/home/meteo/dev/redist/fwidbmgr/include/Grid.h:1595) Configuring grid: fwi
2019-05-17 05:07:51,981 null [INFO] (/home/meteo/dev/redist/fwidbmgr/include/Grid.h:1695) Grid fwi configured.
2019-05-17 05:07:52,001 null [INFO] (/home/meteo/dev/redist/fwidbmgr/include/Grid.h:1595) Configuring grid: ffmc
2019-05-17 05:07:52,001 null [INFO] (/home/meteo/dev/redist/fwidbmgr/include/Grid.h:1695) Grid ffmc configured.
2019-05-17 05:07:52,022 null [INFO] (/home/meteo/dev/redist/fwidbmgr/include/Grid.h:1595) Configuring grid: dmc
2019-05-17 05:07:52,022 null [INFO] (/home/meteo/dev/redist/fwidbmgr/include/Grid.h:1695) Grid dmc configured.
2019-05-17 05:07:52,043 null [INFO] (/home/meteo/dev/redist/fwidbmgr/include/Grid.h:1595) Configuring grid: dc
2019-05-17 05:07:52,043 null [INFO] (/home/meteo/dev/redist/fwidbmgr/include/Grid.h:1695) Grid dc configured.
2019-05-17 05:07:52,065 null [INFO] (/home/meteo/dev/redist/fwidbmgr/include/Grid.h:1595) Configuring grid: bui
2019-05-17 05:07:52,065 null [INFO] (/home/meteo/dev/redist/fwidbmgr/include/Grid.h:1695) Grid bui configured.
2019-05-17 05:07:52,086 null [INFO] (/home/meteo/dev/redist/fwidbmgr/include/Grid.h:1595) Configuring grid: ffmc_tmp
2019-05-17 05:07:52,086 null [INFO] (/home/meteo/dev/redist/fwidbmgr/include/Grid.h:1695) Grid ffmc_tmp configured.
2019-05-17 05:07:52,106 null [INFO] (/home/meteo/dev/redist/fwidbmgr/include/Grid.h:1595) Configuring grid: dmc_tmp
2019-05-17 05:07:52,106 null [INFO] (/home/meteo/dev/redist/fwidbmgr/include/Grid.h:1695) Grid dmc_tmp configured.
2019-05-17 05:07:52,126 null [INFO] (/home/meteo/dev/redist/fwidbmgr/include/Grid.h:1595) Configuring grid: dc_tmp
2019-05-17 05:07:52,126 null [INFO] (/home/meteo/dev/redist/fwidbmgr/include/Grid.h:1695) Grid dc_tmp configured.
2019-05-17 05:07:52,145 null [INFO] (/home/meteo/dev/redist/fwidbmgr/include/Grid.h:1595) Configuring grid: angstrom
2019-05-17 05:07:52,145 null [INFO] (/home/meteo/dev/redist/fwidbmgr/include/Grid.h:1695) Grid angstrom configured.
2019-05-17 05:07:52,169 null [INFO] (/home/meteo/dev/redist/fwidbmgr/include/Grid.h:1595) Configuring grid: sharples
2019-05-17 05:07:52,169 null [INFO] (/home/meteo/dev/redist/fwidbmgr/include/Grid.h:1695) Grid sharples configured.
2019-05-17 05:07:52,190 null [INFO] (/home/meteo/dev/redist/fwidbmgr/include/Grid.h:1595) Configuring grid: fmi
2019-05-17 05:07:52,190 null [INFO] (/home/meteo/dev/redist/fwidbmgr/include/Grid.h:1695) Grid fmi configured.
2019-05-17 05:07:52,211 null [INFO] (../src/fwidbmgr.cpp:5600) OK --> 20190516 indexes exported to files.
2019-05-17 05:07:52,211 null [INFO] (../src/fwidbmgr.cpp:5695) action exportidx took about 2 seconds.
2019-05-17 05:07:52,211 null [INFO] (../src/fwidbmgr.cpp:5699) Disconnected from database.
2019-05-17 05:08:04,920 null [INFO] (../src/fwidbmgr.cpp:5361) fwi db manager
2019-05-17 05:08:04,921 null [INFO] (../src/fwidbmgr.cpp:5365) Program home: /home/meteo/dev/redist/fwidbmgr
2019-05-17 05:08:04,921 null [INFO] (../src/fwidbmgr.cpp:5369) Auto convert: 1
2019-05-17 05:08:04,921 null [INFO] (../src/fwidbmgr.cpp:446) action: outimg.
2019-05-17 05:08:04,921 null [INFO] (../src/fwidbmgr.cpp:470) date: 20190516.
2019-05-17 05:08:04,921 null [INFO] (../src/fwidbmgr.cpp:322) Try to read: /home/meteo/dev/redist/fwidbmgr/config/fwidbmgr.conf.
2019-05-17 05:08:04,922 null [INFO] (../src/fwidbmgr.cpp:5393) Configuration parsing: OK.
2019-05-17 05:08:04,924 null [INFO] (../src/fwidbmgr.cpp:5478) Connected to database
2019-05-17 05:08:04,924 null [INFO] (../src/fwidbmgr.cpp:5480) Manage data for date: 20190516.
2019-05-17 05:08:04,925 null [INFO] (../src/fwidbmgr.cpp:5566) Importing fwi indexes images in database.
2019-05-17 05:08:04,997 null [INFO] (../src/fwidbmgr.cpp:5570) OK --> 20190516 images imported.
2019-05-17 05:08:04,997 null [INFO] (../src/fwidbmgr.cpp:5695) action outimg took about 0 seconds.
2019-05-17 05:08:04,997 null [INFO] (../src/fwidbmgr.cpp:5699) Disconnected from database.
2019-05-17 05:37:01,570 null [INFO] (../src/fwidbmgr.cpp:5361) fwi db manager
2019-05-17 05:37:01,570 null [INFO] (../src/fwidbmgr.cpp:5365) Program home: /home/meteo/dev/redist/fwidbmgr
2019-05-17 05:37:01,570 null [INFO] (../src/fwidbmgr.cpp:5369) Auto convert: 1
2019-05-17 05:37:01,570 null [INFO] (../src/fwidbmgr.cpp:446) action: outimg.
2019-05-17 05:37:01,570 null [INFO] (../src/fwidbmgr.cpp:470) date: 20190516.
2019-05-17 05:37:01,570 null [INFO] (../src/fwidbmgr.cpp:322) Try to read: /home/meteo/dev/redist/fwidbmgr/config/fwidbmgr.conf.
2019-05-17 05:37:01,572 null [INFO] (../src/fwidbmgr.cpp:5393) Configuration parsing: OK.
2019-05-17 05:37:01,579 null [INFO] (../src/fwidbmgr.cpp:5478) Connected to database
2019-05-17 05:37:01,580 null [INFO] (../src/fwidbmgr.cpp:5480) Manage data for date: 20190516.
2019-05-17 05:37:01,580 null [INFO] (../src/fwidbmgr.cpp:5566) Importing fwi indexes images in database.
2019-05-17 05:37:01,646 null [INFO] (../src/fwidbmgr.cpp:5570) OK --> 20190516 images imported.
2019-05-17 05:37:01,646 null [INFO] (../src/fwidbmgr.cpp:5695) action outimg took about 0 seconds.
2019-05-17 05:37:01,646 null [INFO] (../src/fwidbmgr.cpp:5699) Disconnected from database.
2019-05-17 06:05:01,814 null [INFO] (../src/fwidbmgr.cpp:5361) fwi db manager
2019-05-17 06:05:01,814 null [INFO] (../src/fwidbmgr.cpp:5365) Program home: /home/meteo/dev/redist/fwidbmgr
2019-05-17 06:05:01,814 null [INFO] (../src/fwidbmgr.cpp:5369) Auto convert: 1
2019-05-17 06:05:01,814 null [INFO] (../src/fwidbmgr.cpp:446) action: outimg.
2019-05-17 06:05:01,814 null [INFO] (../src/fwidbmgr.cpp:470) date: 20190516.
2019-05-17 06:05:01,814 null [INFO] (../src/fwidbmgr.cpp:322) Try to read: /home/meteo/dev/redist/fwidbmgr/config/fwidbmgr.conf.
2019-05-17 06:05:01,816 null [INFO] (../src/fwidbmgr.cpp:5393) Configuration parsing: OK.
2019-05-17 06:05:01,823 null [INFO] (../src/fwidbmgr.cpp:5478) Connected to database
2019-05-17 06:05:01,823 null [INFO] (../src/fwidbmgr.cpp:5480) Manage data for date: 20190516.
2019-05-17 06:05:01,824 null [INFO] (../src/fwidbmgr.cpp:5566) Importing fwi indexes images in database.
2019-05-17 06:05:01,876 null [INFO] (../src/fwidbmgr.cpp:5570) OK --> 20190516 images imported.
2019-05-17 06:05:01,876 null [INFO] (../src/fwidbmgr.cpp:5695) action outimg took about 0 seconds.
2019-05-17 06:05:01,876 null [INFO] (../src/fwidbmgr.cpp:5699) Disconnected from database.
2019-05-17 06:37:02,038 null [INFO] (../src/fwidbmgr.cpp:5361) fwi db manager
2019-05-17 06:37:02,038 null [INFO] (../src/fwidbmgr.cpp:5365) Program home: /home/meteo/dev/redist/fwidbmgr
2019-05-17 06:37:02,038 null [INFO] (../src/fwidbmgr.cpp:5369) Auto convert: 1
2019-05-17 06:37:02,038 null [INFO] (../src/fwidbmgr.cpp:446) action: outimg.
2019-05-17 06:37:02,038 null [INFO] (../src/fwidbmgr.cpp:470) date: 20190516.
2019-05-17 06:37:02,038 null [INFO] (../src/fwidbmgr.cpp:322) Try to read: /home/meteo/dev/redist/fwidbmgr/config/fwidbmgr.conf.
2019-05-17 06:37:02,040 null [INFO] (../src/fwidbmgr.cpp:5393) Configuration parsing: OK.
2019-05-17 06:37:02,046 null [INFO] (../src/fwidbmgr.cpp:5478) Connected to database
2019-05-17 06:37:02,046 null [INFO] (../src/fwidbmgr.cpp:5480) Manage data for date: 20190516.
2019-05-17 06:37:02,046 null [INFO] (../src/fwidbmgr.cpp:5566) Importing fwi indexes images in database.
2019-05-17 06:37:02,107 null [INFO] (../src/fwidbmgr.cpp:5570) OK --> 20190516 images imported.
2019-05-17 06:37:02,108 null [INFO] (../src/fwidbmgr.cpp:5695) action outimg took about 0 seconds.
2019-05-17 06:37:02,108 null [INFO] (../src/fwidbmgr.cpp:5699) Disconnected from database.
2019-05-17 07:05:01,853 null [INFO] (../src/fwidbmgr.cpp:5361) fwi db manager
2019-05-17 07:05:01,853 null [INFO] (../src/fwidbmgr.cpp:5365) Program home: /home/meteo/dev/redist/fwidbmgr
2019-05-17 07:05:01,853 null [INFO] (../src/fwidbmgr.cpp:5369) Auto convert: 1
2019-05-17 07:05:01,853 null [INFO] (../src/fwidbmgr.cpp:446) action: outimg.
2019-05-17 07:05:01,853 null [INFO] (../src/fwidbmgr.cpp:470) date: 20190516.
2019-05-17 07:05:01,853 null [INFO] (../src/fwidbmgr.cpp:322) Try to read: /home/meteo/dev/redist/fwidbmgr/config/fwidbmgr.conf.
2019-05-17 07:05:01,855 null [INFO] (../src/fwidbmgr.cpp:5393) Configuration parsing: OK.
2019-05-17 07:05:01,860 null [INFO] (../src/fwidbmgr.cpp:5478) Connected to database
2019-05-17 07:05:01,860 null [INFO] (../src/fwidbmgr.cpp:5480) Manage data for date: 20190516.
2019-05-17 07:05:01,860 null [INFO] (../src/fwidbmgr.cpp:5566) Importing fwi indexes images in database.
2019-05-17 07:05:01,917 null [INFO] (../src/fwidbmgr.cpp:5570) OK --> 20190516 images imported.
2019-05-17 07:05:01,918 null [INFO] (../src/fwidbmgr.cpp:5695) action outimg took about 0 seconds.
2019-05-17 07:05:01,918 null [INFO] (../src/fwidbmgr.cpp:5699) Disconnected from database.
2019-05-17 07:37:01,072 null [INFO] (../src/fwidbmgr.cpp:5361) fwi db manager
2019-05-17 07:37:01,072 null [INFO] (../src/fwidbmgr.cpp:5365) Program home: /home/meteo/dev/redist/fwidbmgr
2019-05-17 07:37:01,072 null [INFO] (../src/fwidbmgr.cpp:5369) Auto convert: 1
2019-05-17 07:37:01,072 null [INFO] (../src/fwidbmgr.cpp:446) action: outimg.
2019-05-17 07:37:01,072 null [INFO] (../src/fwidbmgr.cpp:470) date: 20190516.
2019-05-17 07:37:01,072 null [INFO] (../src/fwidbmgr.cpp:322) Try to read: /home/meteo/dev/redist/fwidbmgr/config/fwidbmgr.conf.
2019-05-17 07:37:01,075 null [INFO] (../src/fwidbmgr.cpp:5393) Configuration parsing: OK.
2019-05-17 07:37:01,081 null [INFO] (../src/fwidbmgr.cpp:5478) Connected to database
2019-05-17 07:37:01,081 null [INFO] (../src/fwidbmgr.cpp:5480) Manage data for date: 20190516.
2019-05-17 07:37:01,081 null [INFO] (../src/fwidbmgr.cpp:5566) Importing fwi indexes images in database.
2019-05-17 07:37:01,151 null [INFO] (../src/fwidbmgr.cpp:5570) OK --> 20190516 images imported.
2019-05-17 07:37:01,151 null [INFO] (../src/fwidbmgr.cpp:5695) action outimg took about 0 seconds.
2019-05-17 07:37:01,151 null [INFO] (../src/fwidbmgr.cpp:5699) Disconnected from database.
