2016-12-20 05:07:36,743 null [INFO] (../src/fwidbmgr.cpp:5207) fwi db manager
2016-12-20 05:07:36,743 null [INFO] (../src/fwidbmgr.cpp:5209) Program home: /home/meteo/dev/redist/fwidbmgr
2016-12-20 05:07:36,743 null [INFO] (../src/fwidbmgr.cpp:5211) Auto convert: 1
2016-12-20 05:07:36,744 null [INFO] (../src/fwidbmgr.cpp:458) action: in.
2016-12-20 05:07:36,744 null [INFO] (../src/fwidbmgr.cpp:482) date: 20161219.
2016-12-20 05:07:36,744 null [INFO] (../src/fwidbmgr.cpp:319) Try to read: /home/meteo/dev/redist/fwidbmgr/config/fwidbmgr.conf.
2016-12-20 05:07:37,265 null [INFO] (../src/fwidbmgr.cpp:5240) Configuration parsing: OK.
2016-12-20 05:07:38,137 null [INFO] (../src/fwidbmgr.cpp:5322) Connected to database
2016-12-20 05:07:38,137 null [INFO] (../src/fwidbmgr.cpp:5323) Manage data for date: 20161219.
2016-12-20 05:07:38,137 null [INFO] (../src/fwidbmgr.cpp:5367) Importing meteo data in database for day: 20161219.
2016-12-20 05:07:38,138 null [INFO] (/home/meteo/dev/redist/fwidbmgr/include/Grid.h:1595) Configuring grid: snow
2016-12-20 05:07:38,138 null [INFO] (/home/meteo/dev/redist/fwidbmgr/include/Grid.h:1695) Grid snow configured.
2016-12-20 05:07:38,144 null [INFO] (/home/meteo/dev/redist/fwidbmgr/include/Grid.h:1595) Configuring grid: snow_covering
2016-12-20 05:07:38,144 null [INFO] (/home/meteo/dev/redist/fwidbmgr/include/Grid.h:1695) Grid snow_covering configured.
2016-12-20 05:07:38,150 null [INFO] (/home/meteo/dev/redist/fwidbmgr/include/Grid.h:1595) Configuring grid: snow_dissolution
2016-12-20 05:07:38,150 null [INFO] (/home/meteo/dev/redist/fwidbmgr/include/Grid.h:1695) Grid snow_dissolution configured.
2016-12-20 05:07:38,162 null [INFO] (/home/meteo/dev/redist/fwidbmgr/include/Grid.h:1595) Configuring grid: temperature
2016-12-20 05:07:38,162 null [INFO] (/home/meteo/dev/redist/fwidbmgr/include/Grid.h:1695) Grid temperature configured.
2016-12-20 05:07:38,165 null [INFO] (/home/meteo/dev/redist/fwidbmgr/include/Grid.h:1595) Configuring grid: humidity
2016-12-20 05:07:38,165 null [INFO] (/home/meteo/dev/redist/fwidbmgr/include/Grid.h:1695) Grid humidity configured.
2016-12-20 05:07:38,171 null [INFO] (/home/meteo/dev/redist/fwidbmgr/include/Grid.h:1595) Configuring grid: windspeed
2016-12-20 05:07:38,171 null [INFO] (/home/meteo/dev/redist/fwidbmgr/include/Grid.h:1695) Grid windspeed configured.
2016-12-20 05:07:38,185 null [INFO] (/home/meteo/dev/redist/fwidbmgr/include/Grid.h:1595) Configuring grid: rain
2016-12-20 05:07:38,185 null [INFO] (/home/meteo/dev/redist/fwidbmgr/include/Grid.h:1695) Grid rain configured.
2016-12-20 05:07:38,187 null [INFO] (/home/meteo/dev/redist/fwidbmgr/include/Grid.h:1595) Configuring grid: cum_rain
2016-12-20 05:07:38,187 null [INFO] (/home/meteo/dev/redist/fwidbmgr/include/Grid.h:1695) Grid cum_rain configured.
2016-12-20 05:08:00,190 null [INFO] (../src/fwidbmgr.cpp:1502) Storing meteo input ...
2016-12-20 05:08:34,213 null [INFO] (../src/fwidbmgr.cpp:5370) OK --> 20161219 data imported.
2016-12-20 05:08:34,542 null [INFO] (../src/fwidbmgr.cpp:5496) action in took about 56 seconds.
2016-12-20 05:08:35,015 null [INFO] (../src/fwidbmgr.cpp:5499) Disconnected from database.
2016-12-20 05:10:11,870 null [INFO] (../src/fwidbmgr.cpp:5207) fwi db manager
2016-12-20 05:10:11,871 null [INFO] (../src/fwidbmgr.cpp:5209) Program home: /home/meteo/dev/redist/fwidbmgr
2016-12-20 05:10:11,871 null [INFO] (../src/fwidbmgr.cpp:5211) Auto convert: 1
2016-12-20 05:10:11,871 null [INFO] (../src/fwidbmgr.cpp:458) action: out.
2016-12-20 05:10:11,871 null [INFO] (../src/fwidbmgr.cpp:482) date: 20161219.
2016-12-20 05:10:11,871 null [INFO] (../src/fwidbmgr.cpp:319) Try to read: /home/meteo/dev/redist/fwidbmgr/config/fwidbmgr.conf.
2016-12-20 05:10:12,338 null [INFO] (../src/fwidbmgr.cpp:5240) Configuration parsing: OK.
2016-12-20 05:10:12,495 null [INFO] (../src/fwidbmgr.cpp:5322) Connected to database
2016-12-20 05:10:12,495 null [INFO] (../src/fwidbmgr.cpp:5323) Manage data for date: 20161219.
2016-12-20 05:10:12,495 null [INFO] (../src/fwidbmgr.cpp:5379) Importing fwi indexes data in database for day: 20161219.
2016-12-20 05:10:12,504 null [INFO] (/home/meteo/dev/redist/fwidbmgr/include/Grid.h:1595) Configuring grid: isi
2016-12-20 05:10:12,504 null [INFO] (/home/meteo/dev/redist/fwidbmgr/include/Grid.h:1695) Grid isi configured.
2016-12-20 05:10:12,511 null [INFO] (/home/meteo/dev/redist/fwidbmgr/include/Grid.h:1595) Configuring grid: fwi
2016-12-20 05:10:12,511 null [INFO] (/home/meteo/dev/redist/fwidbmgr/include/Grid.h:1695) Grid fwi configured.
2016-12-20 05:10:12,517 null [INFO] (/home/meteo/dev/redist/fwidbmgr/include/Grid.h:1595) Configuring grid: ffmc
2016-12-20 05:10:12,517 null [INFO] (/home/meteo/dev/redist/fwidbmgr/include/Grid.h:1695) Grid ffmc configured.
2016-12-20 05:10:12,524 null [INFO] (/home/meteo/dev/redist/fwidbmgr/include/Grid.h:1595) Configuring grid: dmc
2016-12-20 05:10:12,524 null [INFO] (/home/meteo/dev/redist/fwidbmgr/include/Grid.h:1695) Grid dmc configured.
2016-12-20 05:10:12,531 null [INFO] (/home/meteo/dev/redist/fwidbmgr/include/Grid.h:1595) Configuring grid: dc
2016-12-20 05:10:12,531 null [INFO] (/home/meteo/dev/redist/fwidbmgr/include/Grid.h:1695) Grid dc configured.
2016-12-20 05:10:12,537 null [INFO] (/home/meteo/dev/redist/fwidbmgr/include/Grid.h:1595) Configuring grid: bui
2016-12-20 05:10:12,537 null [INFO] (/home/meteo/dev/redist/fwidbmgr/include/Grid.h:1695) Grid bui configured.
2016-12-20 05:10:12,544 null [INFO] (/home/meteo/dev/redist/fwidbmgr/include/Grid.h:1595) Configuring grid: ffmc_tmp
2016-12-20 05:10:12,544 null [INFO] (/home/meteo/dev/redist/fwidbmgr/include/Grid.h:1695) Grid ffmc_tmp configured.
2016-12-20 05:10:13,131 null [INFO] (/home/meteo/dev/redist/fwidbmgr/include/Grid.h:1595) Configuring grid: dmc_tmp
2016-12-20 05:10:13,131 null [INFO] (/home/meteo/dev/redist/fwidbmgr/include/Grid.h:1695) Grid dmc_tmp configured.
2016-12-20 05:10:13,201 null [INFO] (/home/meteo/dev/redist/fwidbmgr/include/Grid.h:1595) Configuring grid: dc_tmp
2016-12-20 05:10:13,201 null [INFO] (/home/meteo/dev/redist/fwidbmgr/include/Grid.h:1695) Grid dc_tmp configured.
2016-12-20 05:10:13,383 null [INFO] (/home/meteo/dev/redist/fwidbmgr/include/Grid.h:1595) Configuring grid: idi
2016-12-20 05:10:13,384 null [INFO] (/home/meteo/dev/redist/fwidbmgr/include/Grid.h:1695) Grid idi configured.
2016-12-20 05:12:23,414 null [INFO] (../src/fwidbmgr.cpp:2045) Storing FWI indexes ...
2016-12-20 05:15:29,606 null [INFO] (../src/fwidbmgr.cpp:5382) OK --> 20161219 data imported.
2016-12-20 05:15:29,606 null [INFO] (../src/fwidbmgr.cpp:5496) action out took about 317 seconds.
2016-12-20 05:15:29,606 null [INFO] (../src/fwidbmgr.cpp:5499) Disconnected from database.
2016-12-20 05:15:30,666 null [INFO] (../src/fwidbmgr.cpp:5207) fwi db manager
2016-12-20 05:15:30,667 null [INFO] (../src/fwidbmgr.cpp:5209) Program home: /home/meteo/dev/redist/fwidbmgr
2016-12-20 05:15:30,667 null [INFO] (../src/fwidbmgr.cpp:5211) Auto convert: 1
2016-12-20 05:15:30,667 null [INFO] (../src/fwidbmgr.cpp:458) action: computeidx.
2016-12-20 05:15:30,667 null [INFO] (../src/fwidbmgr.cpp:482) date: 20161219.
2016-12-20 05:15:30,667 null [INFO] (../src/fwidbmgr.cpp:319) Try to read: /home/meteo/dev/redist/fwidbmgr/config/fwidbmgr.conf.
2016-12-20 05:15:30,699 null [INFO] (../src/fwidbmgr.cpp:5240) Configuration parsing: OK.
2016-12-20 05:15:30,738 null [INFO] (../src/fwidbmgr.cpp:5322) Connected to database
2016-12-20 05:15:30,738 null [INFO] (../src/fwidbmgr.cpp:5323) Manage data for date: 20161219.
2016-12-20 05:15:30,739 null [INFO] (../src/fwidbmgr.cpp:5463) Computing indexes.
2016-12-20 05:15:30,740 null [INFO] (/home/meteo/dev/redist/fwidbmgr/include/Grid.h:1595) Configuring grid: isi
2016-12-20 05:15:30,740 null [INFO] (/home/meteo/dev/redist/fwidbmgr/include/Grid.h:1695) Grid isi configured.
2016-12-20 05:15:30,741 null [INFO] (/home/meteo/dev/redist/fwidbmgr/include/Grid.h:1595) Configuring grid: fwi
2016-12-20 05:15:30,741 null [INFO] (/home/meteo/dev/redist/fwidbmgr/include/Grid.h:1695) Grid fwi configured.
2016-12-20 05:15:30,742 null [INFO] (/home/meteo/dev/redist/fwidbmgr/include/Grid.h:1595) Configuring grid: ffmc
2016-12-20 05:15:30,742 null [INFO] (/home/meteo/dev/redist/fwidbmgr/include/Grid.h:1695) Grid ffmc configured.
2016-12-20 05:15:30,743 null [INFO] (/home/meteo/dev/redist/fwidbmgr/include/Grid.h:1595) Configuring grid: dmc
2016-12-20 05:15:30,743 null [INFO] (/home/meteo/dev/redist/fwidbmgr/include/Grid.h:1695) Grid dmc configured.
2016-12-20 05:15:30,744 null [INFO] (/home/meteo/dev/redist/fwidbmgr/include/Grid.h:1595) Configuring grid: dc
2016-12-20 05:15:30,744 null [INFO] (/home/meteo/dev/redist/fwidbmgr/include/Grid.h:1695) Grid dc configured.
2016-12-20 05:15:30,745 null [INFO] (/home/meteo/dev/redist/fwidbmgr/include/Grid.h:1595) Configuring grid: bui
2016-12-20 05:15:30,745 null [INFO] (/home/meteo/dev/redist/fwidbmgr/include/Grid.h:1695) Grid bui configured.
2016-12-20 05:15:30,746 null [INFO] (/home/meteo/dev/redist/fwidbmgr/include/Grid.h:1595) Configuring grid: ffmc_tmp
2016-12-20 05:15:30,746 null [INFO] (/home/meteo/dev/redist/fwidbmgr/include/Grid.h:1695) Grid ffmc_tmp configured.
2016-12-20 05:15:30,747 null [INFO] (/home/meteo/dev/redist/fwidbmgr/include/Grid.h:1595) Configuring grid: dmc_tmp
2016-12-20 05:15:30,747 null [INFO] (/home/meteo/dev/redist/fwidbmgr/include/Grid.h:1695) Grid dmc_tmp configured.
2016-12-20 05:15:30,748 null [INFO] (/home/meteo/dev/redist/fwidbmgr/include/Grid.h:1595) Configuring grid: dc_tmp
2016-12-20 05:15:30,748 null [INFO] (/home/meteo/dev/redist/fwidbmgr/include/Grid.h:1695) Grid dc_tmp configured.
2016-12-20 05:15:30,749 null [INFO] (/home/meteo/dev/redist/fwidbmgr/include/Grid.h:1595) Configuring grid: idi
2016-12-20 05:15:30,749 null [INFO] (/home/meteo/dev/redist/fwidbmgr/include/Grid.h:1695) Grid idi configured.
2016-12-20 05:15:30,750 null [INFO] (/home/meteo/dev/redist/fwidbmgr/include/Grid.h:1595) Configuring grid: angstrom
2016-12-20 05:15:30,750 null [INFO] (/home/meteo/dev/redist/fwidbmgr/include/Grid.h:1695) Grid angstrom configured.
2016-12-20 05:15:30,751 null [INFO] (/home/meteo/dev/redist/fwidbmgr/include/Grid.h:1595) Configuring grid: fmi
2016-12-20 05:15:30,751 null [INFO] (/home/meteo/dev/redist/fwidbmgr/include/Grid.h:1695) Grid fmi configured.
2016-12-20 05:15:30,752 null [INFO] (/home/meteo/dev/redist/fwidbmgr/include/Grid.h:1595) Configuring grid: sharples
2016-12-20 05:15:30,752 null [INFO] (/home/meteo/dev/redist/fwidbmgr/include/Grid.h:1695) Grid sharples configured.
2016-12-20 05:18:02,937 null [INFO] (/home/meteo/dev/redist/fwidbmgr/include/Grid.h:1595) Configuring grid: snow
2016-12-20 05:18:03,289 null [INFO] (/home/meteo/dev/redist/fwidbmgr/include/Grid.h:1695) Grid snow configured.
2016-12-20 05:18:03,289 null [INFO] (/home/meteo/dev/redist/fwidbmgr/include/Grid.h:1595) Configuring grid: snow_covering
2016-12-20 05:18:03,290 null [INFO] (/home/meteo/dev/redist/fwidbmgr/include/Grid.h:1695) Grid snow_covering configured.
2016-12-20 05:18:03,290 null [INFO] (/home/meteo/dev/redist/fwidbmgr/include/Grid.h:1595) Configuring grid: snow_dissolution
2016-12-20 05:18:03,290 null [INFO] (/home/meteo/dev/redist/fwidbmgr/include/Grid.h:1695) Grid snow_dissolution configured.
2016-12-20 05:18:03,290 null [INFO] (/home/meteo/dev/redist/fwidbmgr/include/Grid.h:1595) Configuring grid: temperature
2016-12-20 05:18:03,290 null [INFO] (/home/meteo/dev/redist/fwidbmgr/include/Grid.h:1695) Grid temperature configured.
2016-12-20 05:18:03,290 null [INFO] (/home/meteo/dev/redist/fwidbmgr/include/Grid.h:1595) Configuring grid: humidity
2016-12-20 05:18:03,290 null [INFO] (/home/meteo/dev/redist/fwidbmgr/include/Grid.h:1695) Grid humidity configured.
2016-12-20 05:18:03,290 null [INFO] (/home/meteo/dev/redist/fwidbmgr/include/Grid.h:1595) Configuring grid: windspeed
2016-12-20 05:18:03,290 null [INFO] (/home/meteo/dev/redist/fwidbmgr/include/Grid.h:1695) Grid windspeed configured.
2016-12-20 05:18:03,290 null [INFO] (/home/meteo/dev/redist/fwidbmgr/include/Grid.h:1595) Configuring grid: rain
2016-12-20 05:18:03,290 null [INFO] (/home/meteo/dev/redist/fwidbmgr/include/Grid.h:1695) Grid rain configured.
2016-12-20 05:18:03,290 null [INFO] (/home/meteo/dev/redist/fwidbmgr/include/Grid.h:1595) Configuring grid: cum_rain
2016-12-20 05:18:03,291 null [INFO] (/home/meteo/dev/redist/fwidbmgr/include/Grid.h:1695) Grid cum_rain configured.
2016-12-20 05:21:40,471 null [INFO] (../src/fwidbmgr.cpp:5466) OK --> 20161219 indexes computed.
2016-12-20 05:21:40,472 null [INFO] (../src/fwidbmgr.cpp:5496) action computeidx took about 370 seconds.
2016-12-20 05:21:40,472 null [INFO] (../src/fwidbmgr.cpp:5499) Disconnected from database.
2016-12-20 05:21:41,067 null [INFO] (../src/fwidbmgr.cpp:5207) fwi db manager
2016-12-20 05:21:41,068 null [INFO] (../src/fwidbmgr.cpp:5209) Program home: /home/meteo/dev/redist/fwidbmgr
2016-12-20 05:21:41,068 null [INFO] (../src/fwidbmgr.cpp:5211) Auto convert: 1
2016-12-20 05:21:41,068 null [INFO] (../src/fwidbmgr.cpp:458) action: exportidx.
2016-12-20 05:21:41,068 null [INFO] (../src/fwidbmgr.cpp:482) date: 20161219.
2016-12-20 05:21:41,068 null [INFO] (../src/fwidbmgr.cpp:319) Try to read: /home/meteo/dev/redist/fwidbmgr/config/fwidbmgr.conf.
2016-12-20 05:21:41,083 null [INFO] (../src/fwidbmgr.cpp:5240) Configuration parsing: OK.
2016-12-20 05:21:41,286 null [INFO] (../src/fwidbmgr.cpp:5322) Connected to database
2016-12-20 05:21:41,286 null [INFO] (../src/fwidbmgr.cpp:5323) Manage data for date: 20161219.
2016-12-20 05:21:41,286 null [INFO] (../src/fwidbmgr.cpp:5415) Exporting indexes.
2016-12-20 05:21:41,287 null [INFO] (/home/meteo/dev/redist/fwidbmgr/include/Grid.h:1595) Configuring grid: isi
2016-12-20 05:21:41,287 null [INFO] (/home/meteo/dev/redist/fwidbmgr/include/Grid.h:1695) Grid isi configured.
2016-12-20 05:21:41,288 null [INFO] (/home/meteo/dev/redist/fwidbmgr/include/Grid.h:1595) Configuring grid: fwi
2016-12-20 05:21:41,288 null [INFO] (/home/meteo/dev/redist/fwidbmgr/include/Grid.h:1695) Grid fwi configured.
2016-12-20 05:21:41,289 null [INFO] (/home/meteo/dev/redist/fwidbmgr/include/Grid.h:1595) Configuring grid: ffmc
2016-12-20 05:21:41,289 null [INFO] (/home/meteo/dev/redist/fwidbmgr/include/Grid.h:1695) Grid ffmc configured.
2016-12-20 05:21:41,290 null [INFO] (/home/meteo/dev/redist/fwidbmgr/include/Grid.h:1595) Configuring grid: dmc
2016-12-20 05:21:41,290 null [INFO] (/home/meteo/dev/redist/fwidbmgr/include/Grid.h:1695) Grid dmc configured.
2016-12-20 05:21:41,291 null [INFO] (/home/meteo/dev/redist/fwidbmgr/include/Grid.h:1595) Configuring grid: dc
2016-12-20 05:21:41,291 null [INFO] (/home/meteo/dev/redist/fwidbmgr/include/Grid.h:1695) Grid dc configured.
2016-12-20 05:21:41,292 null [INFO] (/home/meteo/dev/redist/fwidbmgr/include/Grid.h:1595) Configuring grid: bui
2016-12-20 05:21:41,292 null [INFO] (/home/meteo/dev/redist/fwidbmgr/include/Grid.h:1695) Grid bui configured.
2016-12-20 05:21:41,293 null [INFO] (/home/meteo/dev/redist/fwidbmgr/include/Grid.h:1595) Configuring grid: ffmc_tmp
2016-12-20 05:21:41,293 null [INFO] (/home/meteo/dev/redist/fwidbmgr/include/Grid.h:1695) Grid ffmc_tmp configured.
2016-12-20 05:21:41,294 null [INFO] (/home/meteo/dev/redist/fwidbmgr/include/Grid.h:1595) Configuring grid: dmc_tmp
2016-12-20 05:21:41,294 null [INFO] (/home/meteo/dev/redist/fwidbmgr/include/Grid.h:1695) Grid dmc_tmp configured.
2016-12-20 05:21:41,295 null [INFO] (/home/meteo/dev/redist/fwidbmgr/include/Grid.h:1595) Configuring grid: dc_tmp
2016-12-20 05:21:41,295 null [INFO] (/home/meteo/dev/redist/fwidbmgr/include/Grid.h:1695) Grid dc_tmp configured.
2016-12-20 05:21:41,296 null [INFO] (/home/meteo/dev/redist/fwidbmgr/include/Grid.h:1595) Configuring grid: idi
2016-12-20 05:21:41,296 null [INFO] (/home/meteo/dev/redist/fwidbmgr/include/Grid.h:1695) Grid idi configured.
2016-12-20 05:21:41,297 null [INFO] (/home/meteo/dev/redist/fwidbmgr/include/Grid.h:1595) Configuring grid: angstrom
2016-12-20 05:21:41,297 null [INFO] (/home/meteo/dev/redist/fwidbmgr/include/Grid.h:1695) Grid angstrom configured.
2016-12-20 05:21:41,298 null [INFO] (/home/meteo/dev/redist/fwidbmgr/include/Grid.h:1595) Configuring grid: fmi
2016-12-20 05:21:41,298 null [INFO] (/home/meteo/dev/redist/fwidbmgr/include/Grid.h:1695) Grid fmi configured.
2016-12-20 05:21:41,299 null [INFO] (/home/meteo/dev/redist/fwidbmgr/include/Grid.h:1595) Configuring grid: sharples
2016-12-20 05:21:41,299 null [INFO] (/home/meteo/dev/redist/fwidbmgr/include/Grid.h:1695) Grid sharples configured.
2016-12-20 05:22:38,069 null [INFO] (/home/meteo/dev/redist/fwidbmgr/include/Grid.h:1595) Configuring grid: isi
2016-12-20 05:22:38,103 null [INFO] (/home/meteo/dev/redist/fwidbmgr/include/Grid.h:1695) Grid isi configured.
2016-12-20 05:22:38,147 null [INFO] (/home/meteo/dev/redist/fwidbmgr/include/Grid.h:1595) Configuring grid: fwi
2016-12-20 05:22:38,147 null [INFO] (/home/meteo/dev/redist/fwidbmgr/include/Grid.h:1695) Grid fwi configured.
2016-12-20 05:22:38,165 null [INFO] (/home/meteo/dev/redist/fwidbmgr/include/Grid.h:1595) Configuring grid: ffmc
2016-12-20 05:22:38,165 null [INFO] (/home/meteo/dev/redist/fwidbmgr/include/Grid.h:1695) Grid ffmc configured.
2016-12-20 05:22:38,184 null [INFO] (/home/meteo/dev/redist/fwidbmgr/include/Grid.h:1595) Configuring grid: dmc
2016-12-20 05:22:38,184 null [INFO] (/home/meteo/dev/redist/fwidbmgr/include/Grid.h:1695) Grid dmc configured.
2016-12-20 05:22:38,203 null [INFO] (/home/meteo/dev/redist/fwidbmgr/include/Grid.h:1595) Configuring grid: dc
2016-12-20 05:22:38,203 null [INFO] (/home/meteo/dev/redist/fwidbmgr/include/Grid.h:1695) Grid dc configured.
2016-12-20 05:22:38,222 null [INFO] (/home/meteo/dev/redist/fwidbmgr/include/Grid.h:1595) Configuring grid: bui
2016-12-20 05:22:38,222 null [INFO] (/home/meteo/dev/redist/fwidbmgr/include/Grid.h:1695) Grid bui configured.
2016-12-20 05:22:38,241 null [INFO] (/home/meteo/dev/redist/fwidbmgr/include/Grid.h:1595) Configuring grid: ffmc_tmp
2016-12-20 05:22:38,241 null [INFO] (/home/meteo/dev/redist/fwidbmgr/include/Grid.h:1695) Grid ffmc_tmp configured.
2016-12-20 05:22:38,259 null [INFO] (/home/meteo/dev/redist/fwidbmgr/include/Grid.h:1595) Configuring grid: dmc_tmp
2016-12-20 05:22:38,259 null [INFO] (/home/meteo/dev/redist/fwidbmgr/include/Grid.h:1695) Grid dmc_tmp configured.
2016-12-20 05:22:38,276 null [INFO] (/home/meteo/dev/redist/fwidbmgr/include/Grid.h:1595) Configuring grid: dc_tmp
2016-12-20 05:22:38,276 null [INFO] (/home/meteo/dev/redist/fwidbmgr/include/Grid.h:1695) Grid dc_tmp configured.
2016-12-20 05:22:38,294 null [INFO] (/home/meteo/dev/redist/fwidbmgr/include/Grid.h:1595) Configuring grid: angstrom
2016-12-20 05:22:38,294 null [INFO] (/home/meteo/dev/redist/fwidbmgr/include/Grid.h:1695) Grid angstrom configured.
2016-12-20 05:22:38,438 null [INFO] (/home/meteo/dev/redist/fwidbmgr/include/Grid.h:1595) Configuring grid: sharples
2016-12-20 05:22:38,438 null [INFO] (/home/meteo/dev/redist/fwidbmgr/include/Grid.h:1695) Grid sharples configured.
2016-12-20 05:22:38,458 null [INFO] (/home/meteo/dev/redist/fwidbmgr/include/Grid.h:1595) Configuring grid: fmi
2016-12-20 05:22:38,458 null [INFO] (/home/meteo/dev/redist/fwidbmgr/include/Grid.h:1695) Grid fmi configured.
2016-12-20 05:22:38,512 null [INFO] (../src/fwidbmgr.cpp:5418) OK --> 20161219 indexes exported to files.
2016-12-20 05:22:38,512 null [INFO] (../src/fwidbmgr.cpp:5496) action exportidx took about 57 seconds.
2016-12-20 05:22:38,512 null [INFO] (../src/fwidbmgr.cpp:5499) Disconnected from database.
2016-12-20 05:23:08,706 null [INFO] (../src/fwidbmgr.cpp:5207) fwi db manager
2016-12-20 05:23:08,706 null [INFO] (../src/fwidbmgr.cpp:5209) Program home: /home/meteo/dev/redist/fwidbmgr
2016-12-20 05:23:08,706 null [INFO] (../src/fwidbmgr.cpp:5211) Auto convert: 1
2016-12-20 05:23:08,706 null [INFO] (../src/fwidbmgr.cpp:458) action: outimg.
2016-12-20 05:23:08,706 null [INFO] (../src/fwidbmgr.cpp:482) date: 20161219.
2016-12-20 05:23:08,706 null [INFO] (../src/fwidbmgr.cpp:319) Try to read: /home/meteo/dev/redist/fwidbmgr/config/fwidbmgr.conf.
2016-12-20 05:23:08,740 null [INFO] (../src/fwidbmgr.cpp:5240) Configuration parsing: OK.
2016-12-20 05:23:08,863 null [INFO] (../src/fwidbmgr.cpp:5322) Connected to database
2016-12-20 05:23:08,863 null [INFO] (../src/fwidbmgr.cpp:5323) Manage data for date: 20161219.
2016-12-20 05:23:08,863 null [INFO] (../src/fwidbmgr.cpp:5391) Importing fwi indexes images in database.
2016-12-20 05:23:10,107 null [INFO] (../src/fwidbmgr.cpp:5394) OK --> 20161219 images imported.
2016-12-20 05:23:10,107 null [INFO] (../src/fwidbmgr.cpp:5496) action outimg took about 2 seconds.
2016-12-20 05:23:10,107 null [INFO] (../src/fwidbmgr.cpp:5499) Disconnected from database.
2016-12-20 05:37:01,236 null [INFO] (../src/fwidbmgr.cpp:5207) fwi db manager
2016-12-20 05:37:01,236 null [INFO] (../src/fwidbmgr.cpp:5209) Program home: /home/meteo/dev/redist/fwidbmgr
2016-12-20 05:37:01,236 null [INFO] (../src/fwidbmgr.cpp:5211) Auto convert: 1
2016-12-20 05:37:01,236 null [INFO] (../src/fwidbmgr.cpp:458) action: outimg.
2016-12-20 05:37:01,236 null [INFO] (../src/fwidbmgr.cpp:482) date: 20161219.
2016-12-20 05:37:01,236 null [INFO] (../src/fwidbmgr.cpp:319) Try to read: /home/meteo/dev/redist/fwidbmgr/config/fwidbmgr.conf.
2016-12-20 05:37:01,237 null [INFO] (../src/fwidbmgr.cpp:5240) Configuration parsing: OK.
2016-12-20 05:37:01,239 null [INFO] (../src/fwidbmgr.cpp:5322) Connected to database
2016-12-20 05:37:01,239 null [INFO] (../src/fwidbmgr.cpp:5323) Manage data for date: 20161219.
2016-12-20 05:37:01,239 null [INFO] (../src/fwidbmgr.cpp:5391) Importing fwi indexes images in database.
2016-12-20 05:37:01,397 null [INFO] (../src/fwidbmgr.cpp:5394) OK --> 20161219 images imported.
2016-12-20 05:37:01,397 null [INFO] (../src/fwidbmgr.cpp:5496) action outimg took about 0 seconds.
2016-12-20 05:37:01,397 null [INFO] (../src/fwidbmgr.cpp:5499) Disconnected from database.
2016-12-20 06:05:01,681 null [INFO] (../src/fwidbmgr.cpp:5207) fwi db manager
2016-12-20 06:05:01,681 null [INFO] (../src/fwidbmgr.cpp:5209) Program home: /home/meteo/dev/redist/fwidbmgr
2016-12-20 06:05:01,681 null [INFO] (../src/fwidbmgr.cpp:5211) Auto convert: 1
2016-12-20 06:05:01,681 null [INFO] (../src/fwidbmgr.cpp:458) action: outimg.
2016-12-20 06:05:01,681 null [INFO] (../src/fwidbmgr.cpp:482) date: 20161219.
2016-12-20 06:05:01,681 null [INFO] (../src/fwidbmgr.cpp:319) Try to read: /home/meteo/dev/redist/fwidbmgr/config/fwidbmgr.conf.
2016-12-20 06:05:01,682 null [INFO] (../src/fwidbmgr.cpp:5240) Configuration parsing: OK.
2016-12-20 06:05:01,684 null [INFO] (../src/fwidbmgr.cpp:5322) Connected to database
2016-12-20 06:05:01,684 null [INFO] (../src/fwidbmgr.cpp:5323) Manage data for date: 20161219.
2016-12-20 06:05:01,684 null [INFO] (../src/fwidbmgr.cpp:5391) Importing fwi indexes images in database.
2016-12-20 06:05:01,961 null [INFO] (../src/fwidbmgr.cpp:5394) OK --> 20161219 images imported.
2016-12-20 06:05:01,962 null [INFO] (../src/fwidbmgr.cpp:5496) action outimg took about 0 seconds.
2016-12-20 06:05:01,962 null [INFO] (../src/fwidbmgr.cpp:5499) Disconnected from database.
2016-12-20 06:37:01,161 null [INFO] (../src/fwidbmgr.cpp:5207) fwi db manager
2016-12-20 06:37:01,161 null [INFO] (../src/fwidbmgr.cpp:5209) Program home: /home/meteo/dev/redist/fwidbmgr
2016-12-20 06:37:01,161 null [INFO] (../src/fwidbmgr.cpp:5211) Auto convert: 1
2016-12-20 06:37:01,161 null [INFO] (../src/fwidbmgr.cpp:458) action: outimg.
2016-12-20 06:37:01,161 null [INFO] (../src/fwidbmgr.cpp:482) date: 20161219.
2016-12-20 06:37:01,161 null [INFO] (../src/fwidbmgr.cpp:319) Try to read: /home/meteo/dev/redist/fwidbmgr/config/fwidbmgr.conf.
2016-12-20 06:37:01,162 null [INFO] (../src/fwidbmgr.cpp:5240) Configuration parsing: OK.
2016-12-20 06:37:01,166 null [INFO] (../src/fwidbmgr.cpp:5322) Connected to database
2016-12-20 06:37:01,166 null [INFO] (../src/fwidbmgr.cpp:5323) Manage data for date: 20161219.
2016-12-20 06:37:01,166 null [INFO] (../src/fwidbmgr.cpp:5391) Importing fwi indexes images in database.
2016-12-20 06:37:01,211 null [INFO] (../src/fwidbmgr.cpp:5394) OK --> 20161219 images imported.
2016-12-20 06:37:01,211 null [INFO] (../src/fwidbmgr.cpp:5496) action outimg took about 0 seconds.
2016-12-20 06:37:01,211 null [INFO] (../src/fwidbmgr.cpp:5499) Disconnected from database.
2016-12-20 07:05:01,337 null [INFO] (../src/fwidbmgr.cpp:5207) fwi db manager
2016-12-20 07:05:01,338 null [INFO] (../src/fwidbmgr.cpp:5209) Program home: /home/meteo/dev/redist/fwidbmgr
2016-12-20 07:05:01,338 null [INFO] (../src/fwidbmgr.cpp:5211) Auto convert: 1
2016-12-20 07:05:01,338 null [INFO] (../src/fwidbmgr.cpp:458) action: outimg.
2016-12-20 07:05:01,338 null [INFO] (../src/fwidbmgr.cpp:482) date: 20161219.
2016-12-20 07:05:01,338 null [INFO] (../src/fwidbmgr.cpp:319) Try to read: /home/meteo/dev/redist/fwidbmgr/config/fwidbmgr.conf.
2016-12-20 07:05:01,369 null [INFO] (../src/fwidbmgr.cpp:5240) Configuration parsing: OK.
2016-12-20 07:05:01,390 null [INFO] (../src/fwidbmgr.cpp:5322) Connected to database
2016-12-20 07:05:01,390 null [INFO] (../src/fwidbmgr.cpp:5323) Manage data for date: 20161219.
2016-12-20 07:05:01,390 null [INFO] (../src/fwidbmgr.cpp:5391) Importing fwi indexes images in database.
2016-12-20 07:05:01,456 null [INFO] (../src/fwidbmgr.cpp:5394) OK --> 20161219 images imported.
2016-12-20 07:05:01,456 null [INFO] (../src/fwidbmgr.cpp:5496) action outimg took about 0 seconds.
2016-12-20 07:05:01,456 null [INFO] (../src/fwidbmgr.cpp:5499) Disconnected from database.
2016-12-20 07:37:01,705 null [INFO] (../src/fwidbmgr.cpp:5207) fwi db manager
2016-12-20 07:37:01,705 null [INFO] (../src/fwidbmgr.cpp:5209) Program home: /home/meteo/dev/redist/fwidbmgr
2016-12-20 07:37:01,705 null [INFO] (../src/fwidbmgr.cpp:5211) Auto convert: 1
2016-12-20 07:37:01,705 null [INFO] (../src/fwidbmgr.cpp:458) action: outimg.
2016-12-20 07:37:01,705 null [INFO] (../src/fwidbmgr.cpp:482) date: 20161219.
2016-12-20 07:37:01,705 null [INFO] (../src/fwidbmgr.cpp:319) Try to read: /home/meteo/dev/redist/fwidbmgr/config/fwidbmgr.conf.
2016-12-20 07:37:01,706 null [INFO] (../src/fwidbmgr.cpp:5240) Configuration parsing: OK.
2016-12-20 07:37:01,708 null [INFO] (../src/fwidbmgr.cpp:5322) Connected to database
2016-12-20 07:37:01,709 null [INFO] (../src/fwidbmgr.cpp:5323) Manage data for date: 20161219.
2016-12-20 07:37:01,709 null [INFO] (../src/fwidbmgr.cpp:5391) Importing fwi indexes images in database.
2016-12-20 07:37:01,817 null [INFO] (../src/fwidbmgr.cpp:5394) OK --> 20161219 images imported.
2016-12-20 07:37:01,817 null [INFO] (../src/fwidbmgr.cpp:5496) action outimg took about 0 seconds.
2016-12-20 07:37:01,817 null [INFO] (../src/fwidbmgr.cpp:5499) Disconnected from database.
