2018-02-02 05:06:45,336 null [INFO] (../src/fwidbmgr.cpp:5361) fwi db manager
2018-02-02 05:06:45,336 null [INFO] (../src/fwidbmgr.cpp:5365) Program home: /home/meteo/dev/redist/fwidbmgr
2018-02-02 05:06:45,336 null [INFO] (../src/fwidbmgr.cpp:5369) Auto convert: 1
2018-02-02 05:06:45,336 null [INFO] (../src/fwidbmgr.cpp:446) action: in.
2018-02-02 05:06:45,336 null [INFO] (../src/fwidbmgr.cpp:470) date: 20180201.
2018-02-02 05:06:45,336 null [INFO] (../src/fwidbmgr.cpp:322) Try to read: /home/meteo/dev/redist/fwidbmgr/config/fwidbmgr.conf.
2018-02-02 05:06:45,355 null [INFO] (../src/fwidbmgr.cpp:5393) Configuration parsing: OK.
2018-02-02 05:06:45,408 null [INFO] (../src/fwidbmgr.cpp:5478) Connected to database
2018-02-02 05:06:45,408 null [INFO] (../src/fwidbmgr.cpp:5480) Manage data for date: 20180201.
2018-02-02 05:06:45,408 null [INFO] (../src/fwidbmgr.cpp:5536) Importing meteo data in database for day: 20180201.
2018-02-02 05:06:45,419 null [INFO] (/home/meteo/dev/redist/fwidbmgr/include/Grid.h:1595) Configuring grid: snow
2018-02-02 05:06:45,419 null [INFO] (/home/meteo/dev/redist/fwidbmgr/include/Grid.h:1695) Grid snow configured.
2018-02-02 05:06:45,431 null [INFO] (/home/meteo/dev/redist/fwidbmgr/include/Grid.h:1595) Configuring grid: snow_covering
2018-02-02 05:06:45,431 null [INFO] (/home/meteo/dev/redist/fwidbmgr/include/Grid.h:1695) Grid snow_covering configured.
2018-02-02 05:06:45,445 null [INFO] (/home/meteo/dev/redist/fwidbmgr/include/Grid.h:1595) Configuring grid: snow_dissolution
2018-02-02 05:06:45,445 null [INFO] (/home/meteo/dev/redist/fwidbmgr/include/Grid.h:1695) Grid snow_dissolution configured.
2018-02-02 05:06:45,469 null [INFO] (/home/meteo/dev/redist/fwidbmgr/include/Grid.h:1595) Configuring grid: temperature
2018-02-02 05:06:45,469 null [INFO] (/home/meteo/dev/redist/fwidbmgr/include/Grid.h:1695) Grid temperature configured.
2018-02-02 05:06:45,474 null [INFO] (/home/meteo/dev/redist/fwidbmgr/include/Grid.h:1595) Configuring grid: humidity
2018-02-02 05:06:45,474 null [INFO] (/home/meteo/dev/redist/fwidbmgr/include/Grid.h:1695) Grid humidity configured.
2018-02-02 05:06:45,484 null [INFO] (/home/meteo/dev/redist/fwidbmgr/include/Grid.h:1595) Configuring grid: windspeed
2018-02-02 05:06:45,485 null [INFO] (/home/meteo/dev/redist/fwidbmgr/include/Grid.h:1695) Grid windspeed configured.
2018-02-02 05:06:45,507 null [INFO] (/home/meteo/dev/redist/fwidbmgr/include/Grid.h:1595) Configuring grid: rain
2018-02-02 05:06:45,507 null [INFO] (/home/meteo/dev/redist/fwidbmgr/include/Grid.h:1695) Grid rain configured.
2018-02-02 05:06:45,510 null [INFO] (/home/meteo/dev/redist/fwidbmgr/include/Grid.h:1595) Configuring grid: cum_rain
2018-02-02 05:06:45,510 null [INFO] (/home/meteo/dev/redist/fwidbmgr/include/Grid.h:1695) Grid cum_rain configured.
2018-02-02 05:06:46,521 null [INFO] (../src/fwidbmgr.cpp:1518) Storing meteo input ...
2018-02-02 05:06:57,912 null [INFO] (../src/fwidbmgr.cpp:5540) OK --> 20180201 data imported.
2018-02-02 05:06:57,959 null [INFO] (../src/fwidbmgr.cpp:5695) action in took about 12 seconds.
2018-02-02 05:06:57,999 null [INFO] (../src/fwidbmgr.cpp:5699) Disconnected from database.
2018-02-02 05:08:12,515 null [INFO] (../src/fwidbmgr.cpp:5361) fwi db manager
2018-02-02 05:08:12,515 null [INFO] (../src/fwidbmgr.cpp:5365) Program home: /home/meteo/dev/redist/fwidbmgr
2018-02-02 05:08:12,515 null [INFO] (../src/fwidbmgr.cpp:5369) Auto convert: 1
2018-02-02 05:08:12,515 null [INFO] (../src/fwidbmgr.cpp:446) action: out.
2018-02-02 05:08:12,515 null [INFO] (../src/fwidbmgr.cpp:470) date: 20180201.
2018-02-02 05:08:12,515 null [INFO] (../src/fwidbmgr.cpp:322) Try to read: /home/meteo/dev/redist/fwidbmgr/config/fwidbmgr.conf.
2018-02-02 05:08:12,525 null [INFO] (../src/fwidbmgr.cpp:5393) Configuration parsing: OK.
2018-02-02 05:08:12,543 null [INFO] (../src/fwidbmgr.cpp:5478) Connected to database
2018-02-02 05:08:12,543 null [INFO] (../src/fwidbmgr.cpp:5480) Manage data for date: 20180201.
2018-02-02 05:08:12,543 null [INFO] (../src/fwidbmgr.cpp:5551) Importing fwi indexes data in database for day: 20180201.
2018-02-02 05:08:12,552 null [INFO] (/home/meteo/dev/redist/fwidbmgr/include/Grid.h:1595) Configuring grid: isi
2018-02-02 05:08:12,552 null [INFO] (/home/meteo/dev/redist/fwidbmgr/include/Grid.h:1695) Grid isi configured.
2018-02-02 05:08:12,566 null [INFO] (/home/meteo/dev/redist/fwidbmgr/include/Grid.h:1595) Configuring grid: fwi
2018-02-02 05:08:12,566 null [INFO] (/home/meteo/dev/redist/fwidbmgr/include/Grid.h:1695) Grid fwi configured.
2018-02-02 05:08:12,579 null [INFO] (/home/meteo/dev/redist/fwidbmgr/include/Grid.h:1595) Configuring grid: ffmc
2018-02-02 05:08:12,579 null [INFO] (/home/meteo/dev/redist/fwidbmgr/include/Grid.h:1695) Grid ffmc configured.
2018-02-02 05:08:12,593 null [INFO] (/home/meteo/dev/redist/fwidbmgr/include/Grid.h:1595) Configuring grid: dmc
2018-02-02 05:08:12,593 null [INFO] (/home/meteo/dev/redist/fwidbmgr/include/Grid.h:1695) Grid dmc configured.
2018-02-02 05:08:12,607 null [INFO] (/home/meteo/dev/redist/fwidbmgr/include/Grid.h:1595) Configuring grid: dc
2018-02-02 05:08:12,607 null [INFO] (/home/meteo/dev/redist/fwidbmgr/include/Grid.h:1695) Grid dc configured.
2018-02-02 05:08:12,620 null [INFO] (/home/meteo/dev/redist/fwidbmgr/include/Grid.h:1595) Configuring grid: bui
2018-02-02 05:08:12,620 null [INFO] (/home/meteo/dev/redist/fwidbmgr/include/Grid.h:1695) Grid bui configured.
2018-02-02 05:08:12,634 null [INFO] (/home/meteo/dev/redist/fwidbmgr/include/Grid.h:1595) Configuring grid: ffmc_tmp
2018-02-02 05:08:12,634 null [INFO] (/home/meteo/dev/redist/fwidbmgr/include/Grid.h:1695) Grid ffmc_tmp configured.
2018-02-02 05:08:12,663 null [INFO] (/home/meteo/dev/redist/fwidbmgr/include/Grid.h:1595) Configuring grid: dmc_tmp
2018-02-02 05:08:12,663 null [INFO] (/home/meteo/dev/redist/fwidbmgr/include/Grid.h:1695) Grid dmc_tmp configured.
2018-02-02 05:08:12,683 null [INFO] (/home/meteo/dev/redist/fwidbmgr/include/Grid.h:1595) Configuring grid: dc_tmp
2018-02-02 05:08:12,683 null [INFO] (/home/meteo/dev/redist/fwidbmgr/include/Grid.h:1695) Grid dc_tmp configured.
2018-02-02 05:08:12,709 null [INFO] (/home/meteo/dev/redist/fwidbmgr/include/Grid.h:1595) Configuring grid: idi
2018-02-02 05:08:12,709 null [INFO] (/home/meteo/dev/redist/fwidbmgr/include/Grid.h:1695) Grid idi configured.
2018-02-02 05:08:12,972 null [INFO] (../src/fwidbmgr.cpp:2081) Storing FWI indexes ...
2018-02-02 05:08:19,695 null [INFO] (../src/fwidbmgr.cpp:5555) OK --> 20180201 data imported.
2018-02-02 05:08:19,695 null [INFO] (../src/fwidbmgr.cpp:5695) action out took about 7 seconds.
2018-02-02 05:08:19,696 null [INFO] (../src/fwidbmgr.cpp:5699) Disconnected from database.
2018-02-02 05:08:19,710 null [INFO] (../src/fwidbmgr.cpp:5361) fwi db manager
2018-02-02 05:08:19,710 null [INFO] (../src/fwidbmgr.cpp:5365) Program home: /home/meteo/dev/redist/fwidbmgr
2018-02-02 05:08:19,710 null [INFO] (../src/fwidbmgr.cpp:5369) Auto convert: 1
2018-02-02 05:08:19,710 null [INFO] (../src/fwidbmgr.cpp:446) action: computeidx.
2018-02-02 05:08:19,710 null [INFO] (../src/fwidbmgr.cpp:470) date: 20180201.
2018-02-02 05:08:19,711 null [INFO] (../src/fwidbmgr.cpp:322) Try to read: /home/meteo/dev/redist/fwidbmgr/config/fwidbmgr.conf.
2018-02-02 05:08:19,712 null [INFO] (../src/fwidbmgr.cpp:5393) Configuration parsing: OK.
2018-02-02 05:08:19,716 null [INFO] (../src/fwidbmgr.cpp:5478) Connected to database
2018-02-02 05:08:19,716 null [INFO] (../src/fwidbmgr.cpp:5480) Manage data for date: 20180201.
2018-02-02 05:08:19,716 null [INFO] (../src/fwidbmgr.cpp:5656) Computing indexes.
2018-02-02 05:08:19,717 null [INFO] (/home/meteo/dev/redist/fwidbmgr/include/Grid.h:1595) Configuring grid: isi
2018-02-02 05:08:19,717 null [INFO] (/home/meteo/dev/redist/fwidbmgr/include/Grid.h:1695) Grid isi configured.
2018-02-02 05:08:19,719 null [INFO] (/home/meteo/dev/redist/fwidbmgr/include/Grid.h:1595) Configuring grid: fwi
2018-02-02 05:08:19,719 null [INFO] (/home/meteo/dev/redist/fwidbmgr/include/Grid.h:1695) Grid fwi configured.
2018-02-02 05:08:19,720 null [INFO] (/home/meteo/dev/redist/fwidbmgr/include/Grid.h:1595) Configuring grid: ffmc
2018-02-02 05:08:19,720 null [INFO] (/home/meteo/dev/redist/fwidbmgr/include/Grid.h:1695) Grid ffmc configured.
2018-02-02 05:08:19,721 null [INFO] (/home/meteo/dev/redist/fwidbmgr/include/Grid.h:1595) Configuring grid: dmc
2018-02-02 05:08:19,721 null [INFO] (/home/meteo/dev/redist/fwidbmgr/include/Grid.h:1695) Grid dmc configured.
2018-02-02 05:08:19,722 null [INFO] (/home/meteo/dev/redist/fwidbmgr/include/Grid.h:1595) Configuring grid: dc
2018-02-02 05:08:19,723 null [INFO] (/home/meteo/dev/redist/fwidbmgr/include/Grid.h:1695) Grid dc configured.
2018-02-02 05:08:19,724 null [INFO] (/home/meteo/dev/redist/fwidbmgr/include/Grid.h:1595) Configuring grid: bui
2018-02-02 05:08:19,724 null [INFO] (/home/meteo/dev/redist/fwidbmgr/include/Grid.h:1695) Grid bui configured.
2018-02-02 05:08:19,725 null [INFO] (/home/meteo/dev/redist/fwidbmgr/include/Grid.h:1595) Configuring grid: ffmc_tmp
2018-02-02 05:08:19,725 null [INFO] (/home/meteo/dev/redist/fwidbmgr/include/Grid.h:1695) Grid ffmc_tmp configured.
2018-02-02 05:08:19,726 null [INFO] (/home/meteo/dev/redist/fwidbmgr/include/Grid.h:1595) Configuring grid: dmc_tmp
2018-02-02 05:08:19,726 null [INFO] (/home/meteo/dev/redist/fwidbmgr/include/Grid.h:1695) Grid dmc_tmp configured.
2018-02-02 05:08:19,728 null [INFO] (/home/meteo/dev/redist/fwidbmgr/include/Grid.h:1595) Configuring grid: dc_tmp
2018-02-02 05:08:19,728 null [INFO] (/home/meteo/dev/redist/fwidbmgr/include/Grid.h:1695) Grid dc_tmp configured.
2018-02-02 05:08:19,729 null [INFO] (/home/meteo/dev/redist/fwidbmgr/include/Grid.h:1595) Configuring grid: idi
2018-02-02 05:08:19,729 null [INFO] (/home/meteo/dev/redist/fwidbmgr/include/Grid.h:1695) Grid idi configured.
2018-02-02 05:08:19,730 null [INFO] (/home/meteo/dev/redist/fwidbmgr/include/Grid.h:1595) Configuring grid: angstrom
2018-02-02 05:08:19,730 null [INFO] (/home/meteo/dev/redist/fwidbmgr/include/Grid.h:1695) Grid angstrom configured.
2018-02-02 05:08:19,732 null [INFO] (/home/meteo/dev/redist/fwidbmgr/include/Grid.h:1595) Configuring grid: fmi
2018-02-02 05:08:19,732 null [INFO] (/home/meteo/dev/redist/fwidbmgr/include/Grid.h:1695) Grid fmi configured.
2018-02-02 05:08:19,733 null [INFO] (/home/meteo/dev/redist/fwidbmgr/include/Grid.h:1595) Configuring grid: sharples
2018-02-02 05:08:19,733 null [INFO] (/home/meteo/dev/redist/fwidbmgr/include/Grid.h:1695) Grid sharples configured.
2018-02-02 05:08:20,341 null [INFO] (/home/meteo/dev/redist/fwidbmgr/include/Grid.h:1595) Configuring grid: snow
2018-02-02 05:08:20,341 null [INFO] (/home/meteo/dev/redist/fwidbmgr/include/Grid.h:1695) Grid snow configured.
2018-02-02 05:08:20,341 null [INFO] (/home/meteo/dev/redist/fwidbmgr/include/Grid.h:1595) Configuring grid: snow_covering
2018-02-02 05:08:20,341 null [INFO] (/home/meteo/dev/redist/fwidbmgr/include/Grid.h:1695) Grid snow_covering configured.
2018-02-02 05:08:20,341 null [INFO] (/home/meteo/dev/redist/fwidbmgr/include/Grid.h:1595) Configuring grid: snow_dissolution
2018-02-02 05:08:20,342 null [INFO] (/home/meteo/dev/redist/fwidbmgr/include/Grid.h:1695) Grid snow_dissolution configured.
2018-02-02 05:08:20,342 null [INFO] (/home/meteo/dev/redist/fwidbmgr/include/Grid.h:1595) Configuring grid: temperature
2018-02-02 05:08:20,342 null [INFO] (/home/meteo/dev/redist/fwidbmgr/include/Grid.h:1695) Grid temperature configured.
2018-02-02 05:08:20,342 null [INFO] (/home/meteo/dev/redist/fwidbmgr/include/Grid.h:1595) Configuring grid: humidity
2018-02-02 05:08:20,342 null [INFO] (/home/meteo/dev/redist/fwidbmgr/include/Grid.h:1695) Grid humidity configured.
2018-02-02 05:08:20,342 null [INFO] (/home/meteo/dev/redist/fwidbmgr/include/Grid.h:1595) Configuring grid: windspeed
2018-02-02 05:08:20,342 null [INFO] (/home/meteo/dev/redist/fwidbmgr/include/Grid.h:1695) Grid windspeed configured.
2018-02-02 05:08:20,342 null [INFO] (/home/meteo/dev/redist/fwidbmgr/include/Grid.h:1595) Configuring grid: rain
2018-02-02 05:08:20,342 null [INFO] (/home/meteo/dev/redist/fwidbmgr/include/Grid.h:1695) Grid rain configured.
2018-02-02 05:08:20,342 null [INFO] (/home/meteo/dev/redist/fwidbmgr/include/Grid.h:1595) Configuring grid: cum_rain
2018-02-02 05:08:20,343 null [INFO] (/home/meteo/dev/redist/fwidbmgr/include/Grid.h:1695) Grid cum_rain configured.
2018-02-02 05:10:09,373 null [INFO] (../src/fwidbmgr.cpp:5660) OK --> 20180201 indexes computed.
2018-02-02 05:10:09,374 null [INFO] (../src/fwidbmgr.cpp:5695) action computeidx took about 110 seconds.
2018-02-02 05:10:09,374 null [INFO] (../src/fwidbmgr.cpp:5699) Disconnected from database.
2018-02-02 05:10:09,393 null [INFO] (../src/fwidbmgr.cpp:5361) fwi db manager
2018-02-02 05:10:09,393 null [INFO] (../src/fwidbmgr.cpp:5365) Program home: /home/meteo/dev/redist/fwidbmgr
2018-02-02 05:10:09,393 null [INFO] (../src/fwidbmgr.cpp:5369) Auto convert: 1
2018-02-02 05:10:09,393 null [INFO] (../src/fwidbmgr.cpp:446) action: exportidx.
2018-02-02 05:10:09,393 null [INFO] (../src/fwidbmgr.cpp:470) date: 20180201.
2018-02-02 05:10:09,393 null [INFO] (../src/fwidbmgr.cpp:322) Try to read: /home/meteo/dev/redist/fwidbmgr/config/fwidbmgr.conf.
2018-02-02 05:10:09,395 null [INFO] (../src/fwidbmgr.cpp:5393) Configuration parsing: OK.
2018-02-02 05:10:09,399 null [INFO] (../src/fwidbmgr.cpp:5478) Connected to database
2018-02-02 05:10:09,399 null [INFO] (../src/fwidbmgr.cpp:5480) Manage data for date: 20180201.
2018-02-02 05:10:09,399 null [INFO] (../src/fwidbmgr.cpp:5596) Exporting indexes.
2018-02-02 05:10:09,401 null [INFO] (/home/meteo/dev/redist/fwidbmgr/include/Grid.h:1595) Configuring grid: isi
2018-02-02 05:10:09,401 null [INFO] (/home/meteo/dev/redist/fwidbmgr/include/Grid.h:1695) Grid isi configured.
2018-02-02 05:10:09,402 null [INFO] (/home/meteo/dev/redist/fwidbmgr/include/Grid.h:1595) Configuring grid: fwi
2018-02-02 05:10:09,402 null [INFO] (/home/meteo/dev/redist/fwidbmgr/include/Grid.h:1695) Grid fwi configured.
2018-02-02 05:10:09,403 null [INFO] (/home/meteo/dev/redist/fwidbmgr/include/Grid.h:1595) Configuring grid: ffmc
2018-02-02 05:10:09,403 null [INFO] (/home/meteo/dev/redist/fwidbmgr/include/Grid.h:1695) Grid ffmc configured.
2018-02-02 05:10:09,405 null [INFO] (/home/meteo/dev/redist/fwidbmgr/include/Grid.h:1595) Configuring grid: dmc
2018-02-02 05:10:09,405 null [INFO] (/home/meteo/dev/redist/fwidbmgr/include/Grid.h:1695) Grid dmc configured.
2018-02-02 05:10:09,406 null [INFO] (/home/meteo/dev/redist/fwidbmgr/include/Grid.h:1595) Configuring grid: dc
2018-02-02 05:10:09,406 null [INFO] (/home/meteo/dev/redist/fwidbmgr/include/Grid.h:1695) Grid dc configured.
2018-02-02 05:10:09,407 null [INFO] (/home/meteo/dev/redist/fwidbmgr/include/Grid.h:1595) Configuring grid: bui
2018-02-02 05:10:09,407 null [INFO] (/home/meteo/dev/redist/fwidbmgr/include/Grid.h:1695) Grid bui configured.
2018-02-02 05:10:09,409 null [INFO] (/home/meteo/dev/redist/fwidbmgr/include/Grid.h:1595) Configuring grid: ffmc_tmp
2018-02-02 05:10:09,409 null [INFO] (/home/meteo/dev/redist/fwidbmgr/include/Grid.h:1695) Grid ffmc_tmp configured.
2018-02-02 05:10:09,410 null [INFO] (/home/meteo/dev/redist/fwidbmgr/include/Grid.h:1595) Configuring grid: dmc_tmp
2018-02-02 05:10:09,410 null [INFO] (/home/meteo/dev/redist/fwidbmgr/include/Grid.h:1695) Grid dmc_tmp configured.
2018-02-02 05:10:09,411 null [INFO] (/home/meteo/dev/redist/fwidbmgr/include/Grid.h:1595) Configuring grid: dc_tmp
2018-02-02 05:10:09,411 null [INFO] (/home/meteo/dev/redist/fwidbmgr/include/Grid.h:1695) Grid dc_tmp configured.
2018-02-02 05:10:09,413 null [INFO] (/home/meteo/dev/redist/fwidbmgr/include/Grid.h:1595) Configuring grid: idi
2018-02-02 05:10:09,413 null [INFO] (/home/meteo/dev/redist/fwidbmgr/include/Grid.h:1695) Grid idi configured.
2018-02-02 05:10:09,414 null [INFO] (/home/meteo/dev/redist/fwidbmgr/include/Grid.h:1595) Configuring grid: angstrom
2018-02-02 05:10:09,414 null [INFO] (/home/meteo/dev/redist/fwidbmgr/include/Grid.h:1695) Grid angstrom configured.
2018-02-02 05:10:09,416 null [INFO] (/home/meteo/dev/redist/fwidbmgr/include/Grid.h:1595) Configuring grid: fmi
2018-02-02 05:10:09,416 null [INFO] (/home/meteo/dev/redist/fwidbmgr/include/Grid.h:1695) Grid fmi configured.
2018-02-02 05:10:09,417 null [INFO] (/home/meteo/dev/redist/fwidbmgr/include/Grid.h:1595) Configuring grid: sharples
2018-02-02 05:10:09,417 null [INFO] (/home/meteo/dev/redist/fwidbmgr/include/Grid.h:1695) Grid sharples configured.
2018-02-02 05:10:10,116 null [INFO] (/home/meteo/dev/redist/fwidbmgr/include/Grid.h:1595) Configuring grid: isi
2018-02-02 05:10:10,116 null [INFO] (/home/meteo/dev/redist/fwidbmgr/include/Grid.h:1695) Grid isi configured.
2018-02-02 05:10:10,154 null [INFO] (/home/meteo/dev/redist/fwidbmgr/include/Grid.h:1595) Configuring grid: fwi
2018-02-02 05:10:10,154 null [INFO] (/home/meteo/dev/redist/fwidbmgr/include/Grid.h:1695) Grid fwi configured.
2018-02-02 05:10:10,192 null [INFO] (/home/meteo/dev/redist/fwidbmgr/include/Grid.h:1595) Configuring grid: ffmc
2018-02-02 05:10:10,192 null [INFO] (/home/meteo/dev/redist/fwidbmgr/include/Grid.h:1695) Grid ffmc configured.
2018-02-02 05:10:10,231 null [INFO] (/home/meteo/dev/redist/fwidbmgr/include/Grid.h:1595) Configuring grid: dmc
2018-02-02 05:10:10,231 null [INFO] (/home/meteo/dev/redist/fwidbmgr/include/Grid.h:1695) Grid dmc configured.
2018-02-02 05:10:10,269 null [INFO] (/home/meteo/dev/redist/fwidbmgr/include/Grid.h:1595) Configuring grid: dc
2018-02-02 05:10:10,269 null [INFO] (/home/meteo/dev/redist/fwidbmgr/include/Grid.h:1695) Grid dc configured.
2018-02-02 05:10:10,308 null [INFO] (/home/meteo/dev/redist/fwidbmgr/include/Grid.h:1595) Configuring grid: bui
2018-02-02 05:10:10,308 null [INFO] (/home/meteo/dev/redist/fwidbmgr/include/Grid.h:1695) Grid bui configured.
2018-02-02 05:10:10,346 null [INFO] (/home/meteo/dev/redist/fwidbmgr/include/Grid.h:1595) Configuring grid: ffmc_tmp
2018-02-02 05:10:10,346 null [INFO] (/home/meteo/dev/redist/fwidbmgr/include/Grid.h:1695) Grid ffmc_tmp configured.
2018-02-02 05:10:10,383 null [INFO] (/home/meteo/dev/redist/fwidbmgr/include/Grid.h:1595) Configuring grid: dmc_tmp
2018-02-02 05:10:10,383 null [INFO] (/home/meteo/dev/redist/fwidbmgr/include/Grid.h:1695) Grid dmc_tmp configured.
2018-02-02 05:10:10,418 null [INFO] (/home/meteo/dev/redist/fwidbmgr/include/Grid.h:1595) Configuring grid: dc_tmp
2018-02-02 05:10:10,418 null [INFO] (/home/meteo/dev/redist/fwidbmgr/include/Grid.h:1695) Grid dc_tmp configured.
2018-02-02 05:10:10,454 null [INFO] (/home/meteo/dev/redist/fwidbmgr/include/Grid.h:1595) Configuring grid: angstrom
2018-02-02 05:10:10,454 null [INFO] (/home/meteo/dev/redist/fwidbmgr/include/Grid.h:1695) Grid angstrom configured.
2018-02-02 05:10:10,525 null [INFO] (/home/meteo/dev/redist/fwidbmgr/include/Grid.h:1595) Configuring grid: sharples
2018-02-02 05:10:10,525 null [INFO] (/home/meteo/dev/redist/fwidbmgr/include/Grid.h:1695) Grid sharples configured.
2018-02-02 05:10:10,574 null [INFO] (/home/meteo/dev/redist/fwidbmgr/include/Grid.h:1595) Configuring grid: fmi
2018-02-02 05:10:10,574 null [INFO] (/home/meteo/dev/redist/fwidbmgr/include/Grid.h:1695) Grid fmi configured.
2018-02-02 05:10:10,618 null [INFO] (../src/fwidbmgr.cpp:5600) OK --> 20180201 indexes exported to files.
2018-02-02 05:10:10,618 null [INFO] (../src/fwidbmgr.cpp:5695) action exportidx took about 1 seconds.
2018-02-02 05:10:10,618 null [INFO] (../src/fwidbmgr.cpp:5699) Disconnected from database.
2018-02-02 05:10:36,201 null [INFO] (../src/fwidbmgr.cpp:5361) fwi db manager
2018-02-02 05:10:36,201 null [INFO] (../src/fwidbmgr.cpp:5365) Program home: /home/meteo/dev/redist/fwidbmgr
2018-02-02 05:10:36,201 null [INFO] (../src/fwidbmgr.cpp:5369) Auto convert: 1
2018-02-02 05:10:36,201 null [INFO] (../src/fwidbmgr.cpp:446) action: outimg.
2018-02-02 05:10:36,201 null [INFO] (../src/fwidbmgr.cpp:470) date: 20180201.
2018-02-02 05:10:36,201 null [INFO] (../src/fwidbmgr.cpp:322) Try to read: /home/meteo/dev/redist/fwidbmgr/config/fwidbmgr.conf.
2018-02-02 05:10:36,203 null [INFO] (../src/fwidbmgr.cpp:5393) Configuration parsing: OK.
2018-02-02 05:10:36,206 null [INFO] (../src/fwidbmgr.cpp:5478) Connected to database
2018-02-02 05:10:36,206 null [INFO] (../src/fwidbmgr.cpp:5480) Manage data for date: 20180201.
2018-02-02 05:10:36,206 null [INFO] (../src/fwidbmgr.cpp:5566) Importing fwi indexes images in database.
2018-02-02 05:10:36,282 null [INFO] (../src/fwidbmgr.cpp:5570) OK --> 20180201 images imported.
2018-02-02 05:10:36,283 null [INFO] (../src/fwidbmgr.cpp:5695) action outimg took about 0 seconds.
2018-02-02 05:10:36,283 null [INFO] (../src/fwidbmgr.cpp:5699) Disconnected from database.
2018-02-02 05:37:01,093 null [INFO] (../src/fwidbmgr.cpp:5361) fwi db manager
2018-02-02 05:37:01,093 null [INFO] (../src/fwidbmgr.cpp:5365) Program home: /home/meteo/dev/redist/fwidbmgr
2018-02-02 05:37:01,093 null [INFO] (../src/fwidbmgr.cpp:5369) Auto convert: 1
2018-02-02 05:37:01,094 null [INFO] (../src/fwidbmgr.cpp:446) action: outimg.
2018-02-02 05:37:01,094 null [INFO] (../src/fwidbmgr.cpp:470) date: 20180201.
2018-02-02 05:37:01,094 null [INFO] (../src/fwidbmgr.cpp:322) Try to read: /home/meteo/dev/redist/fwidbmgr/config/fwidbmgr.conf.
2018-02-02 05:37:01,095 null [INFO] (../src/fwidbmgr.cpp:5393) Configuration parsing: OK.
2018-02-02 05:37:01,100 null [INFO] (../src/fwidbmgr.cpp:5478) Connected to database
2018-02-02 05:37:01,101 null [INFO] (../src/fwidbmgr.cpp:5480) Manage data for date: 20180201.
2018-02-02 05:37:01,101 null [INFO] (../src/fwidbmgr.cpp:5566) Importing fwi indexes images in database.
2018-02-02 05:37:01,199 null [INFO] (../src/fwidbmgr.cpp:5570) OK --> 20180201 images imported.
2018-02-02 05:37:01,200 null [INFO] (../src/fwidbmgr.cpp:5695) action outimg took about 0 seconds.
2018-02-02 05:37:01,200 null [INFO] (../src/fwidbmgr.cpp:5699) Disconnected from database.
2018-02-02 06:05:01,328 null [INFO] (../src/fwidbmgr.cpp:5361) fwi db manager
2018-02-02 06:05:01,328 null [INFO] (../src/fwidbmgr.cpp:5365) Program home: /home/meteo/dev/redist/fwidbmgr
2018-02-02 06:05:01,328 null [INFO] (../src/fwidbmgr.cpp:5369) Auto convert: 1
2018-02-02 06:05:01,328 null [INFO] (../src/fwidbmgr.cpp:446) action: outimg.
2018-02-02 06:05:01,328 null [INFO] (../src/fwidbmgr.cpp:470) date: 20180201.
2018-02-02 06:05:01,328 null [INFO] (../src/fwidbmgr.cpp:322) Try to read: /home/meteo/dev/redist/fwidbmgr/config/fwidbmgr.conf.
2018-02-02 06:05:01,330 null [INFO] (../src/fwidbmgr.cpp:5393) Configuration parsing: OK.
2018-02-02 06:05:01,335 null [INFO] (../src/fwidbmgr.cpp:5478) Connected to database
2018-02-02 06:05:01,335 null [INFO] (../src/fwidbmgr.cpp:5480) Manage data for date: 20180201.
2018-02-02 06:05:01,335 null [INFO] (../src/fwidbmgr.cpp:5566) Importing fwi indexes images in database.
2018-02-02 06:05:01,419 null [INFO] (../src/fwidbmgr.cpp:5570) OK --> 20180201 images imported.
2018-02-02 06:05:01,419 null [INFO] (../src/fwidbmgr.cpp:5695) action outimg took about 0 seconds.
2018-02-02 06:05:01,420 null [INFO] (../src/fwidbmgr.cpp:5699) Disconnected from database.
2018-02-02 06:37:01,548 null [INFO] (../src/fwidbmgr.cpp:5361) fwi db manager
2018-02-02 06:37:01,548 null [INFO] (../src/fwidbmgr.cpp:5365) Program home: /home/meteo/dev/redist/fwidbmgr
2018-02-02 06:37:01,548 null [INFO] (../src/fwidbmgr.cpp:5369) Auto convert: 1
2018-02-02 06:37:01,548 null [INFO] (../src/fwidbmgr.cpp:446) action: outimg.
2018-02-02 06:37:01,548 null [INFO] (../src/fwidbmgr.cpp:470) date: 20180201.
2018-02-02 06:37:01,548 null [INFO] (../src/fwidbmgr.cpp:322) Try to read: /home/meteo/dev/redist/fwidbmgr/config/fwidbmgr.conf.
2018-02-02 06:37:01,550 null [INFO] (../src/fwidbmgr.cpp:5393) Configuration parsing: OK.
2018-02-02 06:37:01,555 null [INFO] (../src/fwidbmgr.cpp:5478) Connected to database
2018-02-02 06:37:01,555 null [INFO] (../src/fwidbmgr.cpp:5480) Manage data for date: 20180201.
2018-02-02 06:37:01,556 null [INFO] (../src/fwidbmgr.cpp:5566) Importing fwi indexes images in database.
2018-02-02 06:37:01,935 null [INFO] (../src/fwidbmgr.cpp:5570) OK --> 20180201 images imported.
2018-02-02 06:37:01,935 null [INFO] (../src/fwidbmgr.cpp:5695) action outimg took about 0 seconds.
2018-02-02 06:37:01,935 null [INFO] (../src/fwidbmgr.cpp:5699) Disconnected from database.
2018-02-02 07:05:01,227 null [INFO] (../src/fwidbmgr.cpp:5361) fwi db manager
2018-02-02 07:05:01,227 null [INFO] (../src/fwidbmgr.cpp:5365) Program home: /home/meteo/dev/redist/fwidbmgr
2018-02-02 07:05:01,228 null [INFO] (../src/fwidbmgr.cpp:5369) Auto convert: 1
2018-02-02 07:05:01,228 null [INFO] (../src/fwidbmgr.cpp:446) action: outimg.
2018-02-02 07:05:01,228 null [INFO] (../src/fwidbmgr.cpp:470) date: 20180201.
2018-02-02 07:05:01,228 null [INFO] (../src/fwidbmgr.cpp:322) Try to read: /home/meteo/dev/redist/fwidbmgr/config/fwidbmgr.conf.
2018-02-02 07:05:01,233 null [INFO] (../src/fwidbmgr.cpp:5393) Configuration parsing: OK.
2018-02-02 07:05:01,254 null [INFO] (../src/fwidbmgr.cpp:5478) Connected to database
2018-02-02 07:05:01,254 null [INFO] (../src/fwidbmgr.cpp:5480) Manage data for date: 20180201.
2018-02-02 07:05:01,254 null [INFO] (../src/fwidbmgr.cpp:5566) Importing fwi indexes images in database.
2018-02-02 07:05:01,422 null [INFO] (../src/fwidbmgr.cpp:5570) OK --> 20180201 images imported.
2018-02-02 07:05:01,422 null [INFO] (../src/fwidbmgr.cpp:5695) action outimg took about 0 seconds.
2018-02-02 07:05:01,422 null [INFO] (../src/fwidbmgr.cpp:5699) Disconnected from database.
2018-02-02 07:37:01,642 null [INFO] (../src/fwidbmgr.cpp:5361) fwi db manager
2018-02-02 07:37:01,642 null [INFO] (../src/fwidbmgr.cpp:5365) Program home: /home/meteo/dev/redist/fwidbmgr
2018-02-02 07:37:01,642 null [INFO] (../src/fwidbmgr.cpp:5369) Auto convert: 1
2018-02-02 07:37:01,642 null [INFO] (../src/fwidbmgr.cpp:446) action: outimg.
2018-02-02 07:37:01,642 null [INFO] (../src/fwidbmgr.cpp:470) date: 20180201.
2018-02-02 07:37:01,642 null [INFO] (../src/fwidbmgr.cpp:322) Try to read: /home/meteo/dev/redist/fwidbmgr/config/fwidbmgr.conf.
2018-02-02 07:37:01,647 null [INFO] (../src/fwidbmgr.cpp:5393) Configuration parsing: OK.
2018-02-02 07:37:01,664 null [INFO] (../src/fwidbmgr.cpp:5478) Connected to database
2018-02-02 07:37:01,664 null [INFO] (../src/fwidbmgr.cpp:5480) Manage data for date: 20180201.
2018-02-02 07:37:01,664 null [INFO] (../src/fwidbmgr.cpp:5566) Importing fwi indexes images in database.
2018-02-02 07:37:01,783 null [INFO] (../src/fwidbmgr.cpp:5570) OK --> 20180201 images imported.
2018-02-02 07:37:01,784 null [INFO] (../src/fwidbmgr.cpp:5695) action outimg took about 0 seconds.
2018-02-02 07:37:01,784 null [INFO] (../src/fwidbmgr.cpp:5699) Disconnected from database.
