2020-02-15 05:05:03,439 null [INFO] (../src/fwidbmgr.cpp:5361) fwi db manager
2020-02-15 05:05:03,439 null [INFO] (../src/fwidbmgr.cpp:5365) Program home: /home/meteo/dev/redist/fwidbmgr
2020-02-15 05:05:03,439 null [INFO] (../src/fwidbmgr.cpp:5369) Auto convert: 1
2020-02-15 05:05:03,439 null [INFO] (../src/fwidbmgr.cpp:446) action: in.
2020-02-15 05:05:03,439 null [INFO] (../src/fwidbmgr.cpp:470) date: 20200214.
2020-02-15 05:05:03,439 null [INFO] (../src/fwidbmgr.cpp:322) Try to read: /home/meteo/dev/redist/fwidbmgr/config/fwidbmgr.conf.
2020-02-15 05:05:03,440 null [INFO] (../src/fwidbmgr.cpp:5393) Configuration parsing: OK.
2020-02-15 05:05:03,443 null [INFO] (../src/fwidbmgr.cpp:5478) Connected to database
2020-02-15 05:05:03,443 null [INFO] (../src/fwidbmgr.cpp:5480) Manage data for date: 20200214.
2020-02-15 05:05:03,443 null [INFO] (../src/fwidbmgr.cpp:5536) Importing meteo data in database for day: 20200214.
2020-02-15 05:05:03,444 null [INFO] (/home/meteo/dev/redist/fwidbmgr/include/Grid.h:1595) Configuring grid: snow
2020-02-15 05:05:03,445 null [INFO] (/home/meteo/dev/redist/fwidbmgr/include/Grid.h:1695) Grid snow configured.
2020-02-15 05:05:03,455 null [INFO] (/home/meteo/dev/redist/fwidbmgr/include/Grid.h:1595) Configuring grid: snow_covering
2020-02-15 05:05:03,455 null [INFO] (/home/meteo/dev/redist/fwidbmgr/include/Grid.h:1695) Grid snow_covering configured.
2020-02-15 05:05:03,468 null [INFO] (/home/meteo/dev/redist/fwidbmgr/include/Grid.h:1595) Configuring grid: snow_dissolution
2020-02-15 05:05:03,468 null [INFO] (/home/meteo/dev/redist/fwidbmgr/include/Grid.h:1695) Grid snow_dissolution configured.
2020-02-15 05:05:03,487 null [INFO] (/home/meteo/dev/redist/fwidbmgr/include/Grid.h:1595) Configuring grid: temperature
2020-02-15 05:05:03,487 null [INFO] (/home/meteo/dev/redist/fwidbmgr/include/Grid.h:1695) Grid temperature configured.
2020-02-15 05:05:03,489 null [INFO] (/home/meteo/dev/redist/fwidbmgr/include/Grid.h:1595) Configuring grid: humidity
2020-02-15 05:05:03,490 null [INFO] (/home/meteo/dev/redist/fwidbmgr/include/Grid.h:1695) Grid humidity configured.
2020-02-15 05:05:03,494 null [INFO] (/home/meteo/dev/redist/fwidbmgr/include/Grid.h:1595) Configuring grid: windspeed
2020-02-15 05:05:03,494 null [INFO] (/home/meteo/dev/redist/fwidbmgr/include/Grid.h:1695) Grid windspeed configured.
2020-02-15 05:05:03,503 null [INFO] (/home/meteo/dev/redist/fwidbmgr/include/Grid.h:1595) Configuring grid: rain
2020-02-15 05:05:03,503 null [INFO] (/home/meteo/dev/redist/fwidbmgr/include/Grid.h:1695) Grid rain configured.
2020-02-15 05:05:03,506 null [INFO] (/home/meteo/dev/redist/fwidbmgr/include/Grid.h:1595) Configuring grid: cum_rain
2020-02-15 05:05:03,506 null [INFO] (/home/meteo/dev/redist/fwidbmgr/include/Grid.h:1695) Grid cum_rain configured.
2020-02-15 05:05:03,666 null [INFO] (../src/fwidbmgr.cpp:1518) Storing meteo input ...
2020-02-15 05:05:08,852 null [INFO] (../src/fwidbmgr.cpp:5540) OK --> 20200214 data imported.
2020-02-15 05:05:08,870 null [INFO] (../src/fwidbmgr.cpp:5695) action in took about 5 seconds.
2020-02-15 05:05:08,881 null [INFO] (../src/fwidbmgr.cpp:5699) Disconnected from database.
2020-02-15 05:05:52,304 null [INFO] (../src/fwidbmgr.cpp:5361) fwi db manager
2020-02-15 05:05:52,304 null [INFO] (../src/fwidbmgr.cpp:5365) Program home: /home/meteo/dev/redist/fwidbmgr
2020-02-15 05:05:52,304 null [INFO] (../src/fwidbmgr.cpp:5369) Auto convert: 1
2020-02-15 05:05:52,304 null [INFO] (../src/fwidbmgr.cpp:446) action: out.
2020-02-15 05:05:52,304 null [INFO] (../src/fwidbmgr.cpp:470) date: 20200214.
2020-02-15 05:05:52,304 null [INFO] (../src/fwidbmgr.cpp:322) Try to read: /home/meteo/dev/redist/fwidbmgr/config/fwidbmgr.conf.
2020-02-15 05:05:52,307 null [INFO] (../src/fwidbmgr.cpp:5393) Configuration parsing: OK.
2020-02-15 05:05:52,322 null [INFO] (../src/fwidbmgr.cpp:5478) Connected to database
2020-02-15 05:05:52,322 null [INFO] (../src/fwidbmgr.cpp:5480) Manage data for date: 20200214.
2020-02-15 05:05:52,322 null [INFO] (../src/fwidbmgr.cpp:5551) Importing fwi indexes data in database for day: 20200214.
2020-02-15 05:05:52,325 null [INFO] (/home/meteo/dev/redist/fwidbmgr/include/Grid.h:1595) Configuring grid: isi
2020-02-15 05:05:52,325 null [INFO] (/home/meteo/dev/redist/fwidbmgr/include/Grid.h:1695) Grid isi configured.
2020-02-15 05:05:52,339 null [INFO] (/home/meteo/dev/redist/fwidbmgr/include/Grid.h:1595) Configuring grid: fwi
2020-02-15 05:05:52,339 null [INFO] (/home/meteo/dev/redist/fwidbmgr/include/Grid.h:1695) Grid fwi configured.
2020-02-15 05:05:52,346 null [INFO] (/home/meteo/dev/redist/fwidbmgr/include/Grid.h:1595) Configuring grid: ffmc
2020-02-15 05:05:52,346 null [INFO] (/home/meteo/dev/redist/fwidbmgr/include/Grid.h:1695) Grid ffmc configured.
2020-02-15 05:05:52,353 null [INFO] (/home/meteo/dev/redist/fwidbmgr/include/Grid.h:1595) Configuring grid: dmc
2020-02-15 05:05:52,353 null [INFO] (/home/meteo/dev/redist/fwidbmgr/include/Grid.h:1695) Grid dmc configured.
2020-02-15 05:05:52,360 null [INFO] (/home/meteo/dev/redist/fwidbmgr/include/Grid.h:1595) Configuring grid: dc
2020-02-15 05:05:52,360 null [INFO] (/home/meteo/dev/redist/fwidbmgr/include/Grid.h:1695) Grid dc configured.
2020-02-15 05:05:52,367 null [INFO] (/home/meteo/dev/redist/fwidbmgr/include/Grid.h:1595) Configuring grid: bui
2020-02-15 05:05:52,367 null [INFO] (/home/meteo/dev/redist/fwidbmgr/include/Grid.h:1695) Grid bui configured.
2020-02-15 05:05:52,374 null [INFO] (/home/meteo/dev/redist/fwidbmgr/include/Grid.h:1595) Configuring grid: ffmc_tmp
2020-02-15 05:05:52,374 null [INFO] (/home/meteo/dev/redist/fwidbmgr/include/Grid.h:1695) Grid ffmc_tmp configured.
2020-02-15 05:05:52,385 null [INFO] (/home/meteo/dev/redist/fwidbmgr/include/Grid.h:1595) Configuring grid: dmc_tmp
2020-02-15 05:05:52,385 null [INFO] (/home/meteo/dev/redist/fwidbmgr/include/Grid.h:1695) Grid dmc_tmp configured.
2020-02-15 05:05:52,395 null [INFO] (/home/meteo/dev/redist/fwidbmgr/include/Grid.h:1595) Configuring grid: dc_tmp
2020-02-15 05:05:52,395 null [INFO] (/home/meteo/dev/redist/fwidbmgr/include/Grid.h:1695) Grid dc_tmp configured.
2020-02-15 05:05:52,406 null [INFO] (/home/meteo/dev/redist/fwidbmgr/include/Grid.h:1595) Configuring grid: idi
2020-02-15 05:05:52,406 null [INFO] (/home/meteo/dev/redist/fwidbmgr/include/Grid.h:1695) Grid idi configured.
2020-02-15 05:05:52,522 null [INFO] (../src/fwidbmgr.cpp:2081) Storing FWI indexes ...
2020-02-15 05:05:55,566 null [INFO] (../src/fwidbmgr.cpp:5555) OK --> 20200214 data imported.
2020-02-15 05:05:55,566 null [INFO] (../src/fwidbmgr.cpp:5695) action out took about 3 seconds.
2020-02-15 05:05:55,567 null [INFO] (../src/fwidbmgr.cpp:5699) Disconnected from database.
2020-02-15 05:05:55,589 null [INFO] (../src/fwidbmgr.cpp:5361) fwi db manager
2020-02-15 05:05:55,589 null [INFO] (../src/fwidbmgr.cpp:5365) Program home: /home/meteo/dev/redist/fwidbmgr
2020-02-15 05:05:55,589 null [INFO] (../src/fwidbmgr.cpp:5369) Auto convert: 1
2020-02-15 05:05:55,589 null [INFO] (../src/fwidbmgr.cpp:446) action: computeidx.
2020-02-15 05:05:55,589 null [INFO] (../src/fwidbmgr.cpp:470) date: 20200214.
2020-02-15 05:05:55,589 null [INFO] (../src/fwidbmgr.cpp:322) Try to read: /home/meteo/dev/redist/fwidbmgr/config/fwidbmgr.conf.
2020-02-15 05:05:55,590 null [INFO] (../src/fwidbmgr.cpp:5393) Configuration parsing: OK.
2020-02-15 05:05:55,593 null [INFO] (../src/fwidbmgr.cpp:5478) Connected to database
2020-02-15 05:05:55,593 null [INFO] (../src/fwidbmgr.cpp:5480) Manage data for date: 20200214.
2020-02-15 05:05:55,593 null [INFO] (../src/fwidbmgr.cpp:5656) Computing indexes.
2020-02-15 05:05:55,595 null [INFO] (/home/meteo/dev/redist/fwidbmgr/include/Grid.h:1595) Configuring grid: isi
2020-02-15 05:05:55,595 null [INFO] (/home/meteo/dev/redist/fwidbmgr/include/Grid.h:1695) Grid isi configured.
2020-02-15 05:05:55,597 null [INFO] (/home/meteo/dev/redist/fwidbmgr/include/Grid.h:1595) Configuring grid: fwi
2020-02-15 05:05:55,597 null [INFO] (/home/meteo/dev/redist/fwidbmgr/include/Grid.h:1695) Grid fwi configured.
2020-02-15 05:05:55,599 null [INFO] (/home/meteo/dev/redist/fwidbmgr/include/Grid.h:1595) Configuring grid: ffmc
2020-02-15 05:05:55,600 null [INFO] (/home/meteo/dev/redist/fwidbmgr/include/Grid.h:1695) Grid ffmc configured.
2020-02-15 05:05:55,602 null [INFO] (/home/meteo/dev/redist/fwidbmgr/include/Grid.h:1595) Configuring grid: dmc
2020-02-15 05:05:55,602 null [INFO] (/home/meteo/dev/redist/fwidbmgr/include/Grid.h:1695) Grid dmc configured.
2020-02-15 05:05:55,604 null [INFO] (/home/meteo/dev/redist/fwidbmgr/include/Grid.h:1595) Configuring grid: dc
2020-02-15 05:05:55,604 null [INFO] (/home/meteo/dev/redist/fwidbmgr/include/Grid.h:1695) Grid dc configured.
2020-02-15 05:05:55,605 null [INFO] (/home/meteo/dev/redist/fwidbmgr/include/Grid.h:1595) Configuring grid: bui
2020-02-15 05:05:55,605 null [INFO] (/home/meteo/dev/redist/fwidbmgr/include/Grid.h:1695) Grid bui configured.
2020-02-15 05:05:55,606 null [INFO] (/home/meteo/dev/redist/fwidbmgr/include/Grid.h:1595) Configuring grid: ffmc_tmp
2020-02-15 05:05:55,606 null [INFO] (/home/meteo/dev/redist/fwidbmgr/include/Grid.h:1695) Grid ffmc_tmp configured.
2020-02-15 05:05:55,607 null [INFO] (/home/meteo/dev/redist/fwidbmgr/include/Grid.h:1595) Configuring grid: dmc_tmp
2020-02-15 05:05:55,607 null [INFO] (/home/meteo/dev/redist/fwidbmgr/include/Grid.h:1695) Grid dmc_tmp configured.
2020-02-15 05:05:55,608 null [INFO] (/home/meteo/dev/redist/fwidbmgr/include/Grid.h:1595) Configuring grid: dc_tmp
2020-02-15 05:05:55,608 null [INFO] (/home/meteo/dev/redist/fwidbmgr/include/Grid.h:1695) Grid dc_tmp configured.
2020-02-15 05:05:55,609 null [INFO] (/home/meteo/dev/redist/fwidbmgr/include/Grid.h:1595) Configuring grid: idi
2020-02-15 05:05:55,609 null [INFO] (/home/meteo/dev/redist/fwidbmgr/include/Grid.h:1695) Grid idi configured.
2020-02-15 05:05:55,610 null [INFO] (/home/meteo/dev/redist/fwidbmgr/include/Grid.h:1595) Configuring grid: angstrom
2020-02-15 05:05:55,610 null [INFO] (/home/meteo/dev/redist/fwidbmgr/include/Grid.h:1695) Grid angstrom configured.
2020-02-15 05:05:55,611 null [INFO] (/home/meteo/dev/redist/fwidbmgr/include/Grid.h:1595) Configuring grid: fmi
2020-02-15 05:05:55,611 null [INFO] (/home/meteo/dev/redist/fwidbmgr/include/Grid.h:1695) Grid fmi configured.
2020-02-15 05:05:55,612 null [INFO] (/home/meteo/dev/redist/fwidbmgr/include/Grid.h:1595) Configuring grid: sharples
2020-02-15 05:05:55,612 null [INFO] (/home/meteo/dev/redist/fwidbmgr/include/Grid.h:1695) Grid sharples configured.
2020-02-15 05:05:55,940 null [INFO] (/home/meteo/dev/redist/fwidbmgr/include/Grid.h:1595) Configuring grid: snow
2020-02-15 05:05:55,941 null [INFO] (/home/meteo/dev/redist/fwidbmgr/include/Grid.h:1695) Grid snow configured.
2020-02-15 05:05:55,941 null [INFO] (/home/meteo/dev/redist/fwidbmgr/include/Grid.h:1595) Configuring grid: snow_covering
2020-02-15 05:05:55,941 null [INFO] (/home/meteo/dev/redist/fwidbmgr/include/Grid.h:1695) Grid snow_covering configured.
2020-02-15 05:05:55,941 null [INFO] (/home/meteo/dev/redist/fwidbmgr/include/Grid.h:1595) Configuring grid: snow_dissolution
2020-02-15 05:05:55,941 null [INFO] (/home/meteo/dev/redist/fwidbmgr/include/Grid.h:1695) Grid snow_dissolution configured.
2020-02-15 05:05:55,941 null [INFO] (/home/meteo/dev/redist/fwidbmgr/include/Grid.h:1595) Configuring grid: temperature
2020-02-15 05:05:55,941 null [INFO] (/home/meteo/dev/redist/fwidbmgr/include/Grid.h:1695) Grid temperature configured.
2020-02-15 05:05:55,941 null [INFO] (/home/meteo/dev/redist/fwidbmgr/include/Grid.h:1595) Configuring grid: humidity
2020-02-15 05:05:55,941 null [INFO] (/home/meteo/dev/redist/fwidbmgr/include/Grid.h:1695) Grid humidity configured.
2020-02-15 05:05:55,941 null [INFO] (/home/meteo/dev/redist/fwidbmgr/include/Grid.h:1595) Configuring grid: windspeed
2020-02-15 05:05:55,941 null [INFO] (/home/meteo/dev/redist/fwidbmgr/include/Grid.h:1695) Grid windspeed configured.
2020-02-15 05:05:55,941 null [INFO] (/home/meteo/dev/redist/fwidbmgr/include/Grid.h:1595) Configuring grid: rain
2020-02-15 05:05:55,941 null [INFO] (/home/meteo/dev/redist/fwidbmgr/include/Grid.h:1695) Grid rain configured.
2020-02-15 05:05:55,941 null [INFO] (/home/meteo/dev/redist/fwidbmgr/include/Grid.h:1595) Configuring grid: cum_rain
2020-02-15 05:05:55,941 null [INFO] (/home/meteo/dev/redist/fwidbmgr/include/Grid.h:1695) Grid cum_rain configured.
2020-02-15 05:06:50,080 null [INFO] (../src/fwidbmgr.cpp:5660) OK --> 20200214 indexes computed.
2020-02-15 05:06:50,080 null [INFO] (../src/fwidbmgr.cpp:5695) action computeidx took about 55 seconds.
2020-02-15 05:06:50,081 null [INFO] (../src/fwidbmgr.cpp:5699) Disconnected from database.
2020-02-15 05:06:50,110 null [INFO] (../src/fwidbmgr.cpp:5361) fwi db manager
2020-02-15 05:06:50,110 null [INFO] (../src/fwidbmgr.cpp:5365) Program home: /home/meteo/dev/redist/fwidbmgr
2020-02-15 05:06:50,110 null [INFO] (../src/fwidbmgr.cpp:5369) Auto convert: 1
2020-02-15 05:06:50,110 null [INFO] (../src/fwidbmgr.cpp:446) action: exportidx.
2020-02-15 05:06:50,110 null [INFO] (../src/fwidbmgr.cpp:470) date: 20200214.
2020-02-15 05:06:50,110 null [INFO] (../src/fwidbmgr.cpp:322) Try to read: /home/meteo/dev/redist/fwidbmgr/config/fwidbmgr.conf.
2020-02-15 05:06:50,111 null [INFO] (../src/fwidbmgr.cpp:5393) Configuration parsing: OK.
2020-02-15 05:06:50,115 null [INFO] (../src/fwidbmgr.cpp:5478) Connected to database
2020-02-15 05:06:50,115 null [INFO] (../src/fwidbmgr.cpp:5480) Manage data for date: 20200214.
2020-02-15 05:06:50,115 null [INFO] (../src/fwidbmgr.cpp:5596) Exporting indexes.
2020-02-15 05:06:50,118 null [INFO] (/home/meteo/dev/redist/fwidbmgr/include/Grid.h:1595) Configuring grid: isi
2020-02-15 05:06:50,118 null [INFO] (/home/meteo/dev/redist/fwidbmgr/include/Grid.h:1695) Grid isi configured.
2020-02-15 05:06:50,120 null [INFO] (/home/meteo/dev/redist/fwidbmgr/include/Grid.h:1595) Configuring grid: fwi
2020-02-15 05:06:50,120 null [INFO] (/home/meteo/dev/redist/fwidbmgr/include/Grid.h:1695) Grid fwi configured.
2020-02-15 05:06:50,122 null [INFO] (/home/meteo/dev/redist/fwidbmgr/include/Grid.h:1595) Configuring grid: ffmc
2020-02-15 05:06:50,122 null [INFO] (/home/meteo/dev/redist/fwidbmgr/include/Grid.h:1695) Grid ffmc configured.
2020-02-15 05:06:50,123 null [INFO] (/home/meteo/dev/redist/fwidbmgr/include/Grid.h:1595) Configuring grid: dmc
2020-02-15 05:06:50,124 null [INFO] (/home/meteo/dev/redist/fwidbmgr/include/Grid.h:1695) Grid dmc configured.
2020-02-15 05:06:50,125 null [INFO] (/home/meteo/dev/redist/fwidbmgr/include/Grid.h:1595) Configuring grid: dc
2020-02-15 05:06:50,125 null [INFO] (/home/meteo/dev/redist/fwidbmgr/include/Grid.h:1695) Grid dc configured.
2020-02-15 05:06:50,127 null [INFO] (/home/meteo/dev/redist/fwidbmgr/include/Grid.h:1595) Configuring grid: bui
2020-02-15 05:06:50,127 null [INFO] (/home/meteo/dev/redist/fwidbmgr/include/Grid.h:1695) Grid bui configured.
2020-02-15 05:06:50,128 null [INFO] (/home/meteo/dev/redist/fwidbmgr/include/Grid.h:1595) Configuring grid: ffmc_tmp
2020-02-15 05:06:50,128 null [INFO] (/home/meteo/dev/redist/fwidbmgr/include/Grid.h:1695) Grid ffmc_tmp configured.
2020-02-15 05:06:50,129 null [INFO] (/home/meteo/dev/redist/fwidbmgr/include/Grid.h:1595) Configuring grid: dmc_tmp
2020-02-15 05:06:50,129 null [INFO] (/home/meteo/dev/redist/fwidbmgr/include/Grid.h:1695) Grid dmc_tmp configured.
2020-02-15 05:06:50,130 null [INFO] (/home/meteo/dev/redist/fwidbmgr/include/Grid.h:1595) Configuring grid: dc_tmp
2020-02-15 05:06:50,130 null [INFO] (/home/meteo/dev/redist/fwidbmgr/include/Grid.h:1695) Grid dc_tmp configured.
2020-02-15 05:06:50,131 null [INFO] (/home/meteo/dev/redist/fwidbmgr/include/Grid.h:1595) Configuring grid: idi
2020-02-15 05:06:50,131 null [INFO] (/home/meteo/dev/redist/fwidbmgr/include/Grid.h:1695) Grid idi configured.
2020-02-15 05:06:50,132 null [INFO] (/home/meteo/dev/redist/fwidbmgr/include/Grid.h:1595) Configuring grid: angstrom
2020-02-15 05:06:50,132 null [INFO] (/home/meteo/dev/redist/fwidbmgr/include/Grid.h:1695) Grid angstrom configured.
2020-02-15 05:06:50,133 null [INFO] (/home/meteo/dev/redist/fwidbmgr/include/Grid.h:1595) Configuring grid: fmi
2020-02-15 05:06:50,133 null [INFO] (/home/meteo/dev/redist/fwidbmgr/include/Grid.h:1695) Grid fmi configured.
2020-02-15 05:06:50,134 null [INFO] (/home/meteo/dev/redist/fwidbmgr/include/Grid.h:1595) Configuring grid: sharples
2020-02-15 05:06:50,134 null [INFO] (/home/meteo/dev/redist/fwidbmgr/include/Grid.h:1695) Grid sharples configured.
2020-02-15 05:06:50,483 null [INFO] (/home/meteo/dev/redist/fwidbmgr/include/Grid.h:1595) Configuring grid: isi
2020-02-15 05:06:50,483 null [INFO] (/home/meteo/dev/redist/fwidbmgr/include/Grid.h:1695) Grid isi configured.
2020-02-15 05:06:50,503 null [INFO] (/home/meteo/dev/redist/fwidbmgr/include/Grid.h:1595) Configuring grid: fwi
2020-02-15 05:06:50,503 null [INFO] (/home/meteo/dev/redist/fwidbmgr/include/Grid.h:1695) Grid fwi configured.
2020-02-15 05:06:50,523 null [INFO] (/home/meteo/dev/redist/fwidbmgr/include/Grid.h:1595) Configuring grid: ffmc
2020-02-15 05:06:50,523 null [INFO] (/home/meteo/dev/redist/fwidbmgr/include/Grid.h:1695) Grid ffmc configured.
2020-02-15 05:06:50,544 null [INFO] (/home/meteo/dev/redist/fwidbmgr/include/Grid.h:1595) Configuring grid: dmc
2020-02-15 05:06:50,544 null [INFO] (/home/meteo/dev/redist/fwidbmgr/include/Grid.h:1695) Grid dmc configured.
2020-02-15 05:06:50,563 null [INFO] (/home/meteo/dev/redist/fwidbmgr/include/Grid.h:1595) Configuring grid: dc
2020-02-15 05:06:50,563 null [INFO] (/home/meteo/dev/redist/fwidbmgr/include/Grid.h:1695) Grid dc configured.
2020-02-15 05:06:50,583 null [INFO] (/home/meteo/dev/redist/fwidbmgr/include/Grid.h:1595) Configuring grid: bui
2020-02-15 05:06:50,583 null [INFO] (/home/meteo/dev/redist/fwidbmgr/include/Grid.h:1695) Grid bui configured.
2020-02-15 05:06:50,603 null [INFO] (/home/meteo/dev/redist/fwidbmgr/include/Grid.h:1595) Configuring grid: ffmc_tmp
2020-02-15 05:06:50,603 null [INFO] (/home/meteo/dev/redist/fwidbmgr/include/Grid.h:1695) Grid ffmc_tmp configured.
2020-02-15 05:06:50,623 null [INFO] (/home/meteo/dev/redist/fwidbmgr/include/Grid.h:1595) Configuring grid: dmc_tmp
2020-02-15 05:06:50,624 null [INFO] (/home/meteo/dev/redist/fwidbmgr/include/Grid.h:1695) Grid dmc_tmp configured.
2020-02-15 05:06:50,642 null [INFO] (/home/meteo/dev/redist/fwidbmgr/include/Grid.h:1595) Configuring grid: dc_tmp
2020-02-15 05:06:50,642 null [INFO] (/home/meteo/dev/redist/fwidbmgr/include/Grid.h:1695) Grid dc_tmp configured.
2020-02-15 05:06:50,662 null [INFO] (/home/meteo/dev/redist/fwidbmgr/include/Grid.h:1595) Configuring grid: angstrom
2020-02-15 05:06:50,662 null [INFO] (/home/meteo/dev/redist/fwidbmgr/include/Grid.h:1695) Grid angstrom configured.
2020-02-15 05:06:50,685 null [INFO] (/home/meteo/dev/redist/fwidbmgr/include/Grid.h:1595) Configuring grid: sharples
2020-02-15 05:06:50,685 null [INFO] (/home/meteo/dev/redist/fwidbmgr/include/Grid.h:1695) Grid sharples configured.
2020-02-15 05:06:50,705 null [INFO] (/home/meteo/dev/redist/fwidbmgr/include/Grid.h:1595) Configuring grid: fmi
2020-02-15 05:06:50,705 null [INFO] (/home/meteo/dev/redist/fwidbmgr/include/Grid.h:1695) Grid fmi configured.
2020-02-15 05:06:50,726 null [INFO] (../src/fwidbmgr.cpp:5600) OK --> 20200214 indexes exported to files.
2020-02-15 05:06:50,726 null [INFO] (../src/fwidbmgr.cpp:5695) action exportidx took about 0 seconds.
2020-02-15 05:06:50,728 null [INFO] (../src/fwidbmgr.cpp:5699) Disconnected from database.
2020-02-15 05:07:06,823 null [INFO] (../src/fwidbmgr.cpp:5361) fwi db manager
2020-02-15 05:07:06,823 null [INFO] (../src/fwidbmgr.cpp:5365) Program home: /home/meteo/dev/redist/fwidbmgr
2020-02-15 05:07:06,823 null [INFO] (../src/fwidbmgr.cpp:5369) Auto convert: 1
2020-02-15 05:07:06,823 null [INFO] (../src/fwidbmgr.cpp:446) action: outimg.
2020-02-15 05:07:06,823 null [INFO] (../src/fwidbmgr.cpp:470) date: 20200214.
2020-02-15 05:07:06,823 null [INFO] (../src/fwidbmgr.cpp:322) Try to read: /home/meteo/dev/redist/fwidbmgr/config/fwidbmgr.conf.
2020-02-15 05:07:06,824 null [INFO] (../src/fwidbmgr.cpp:5393) Configuration parsing: OK.
2020-02-15 05:07:06,827 null [INFO] (../src/fwidbmgr.cpp:5478) Connected to database
2020-02-15 05:07:06,827 null [INFO] (../src/fwidbmgr.cpp:5480) Manage data for date: 20200214.
2020-02-15 05:07:06,827 null [INFO] (../src/fwidbmgr.cpp:5566) Importing fwi indexes images in database.
2020-02-15 05:07:06,876 null [INFO] (../src/fwidbmgr.cpp:5570) OK --> 20200214 images imported.
2020-02-15 05:07:06,876 null [INFO] (../src/fwidbmgr.cpp:5695) action outimg took about 0 seconds.
2020-02-15 05:07:06,876 null [INFO] (../src/fwidbmgr.cpp:5699) Disconnected from database.
2020-02-15 05:37:01,180 null [INFO] (../src/fwidbmgr.cpp:5361) fwi db manager
2020-02-15 05:37:01,181 null [INFO] (../src/fwidbmgr.cpp:5365) Program home: /home/meteo/dev/redist/fwidbmgr
2020-02-15 05:37:01,181 null [INFO] (../src/fwidbmgr.cpp:5369) Auto convert: 1
2020-02-15 05:37:01,181 null [INFO] (../src/fwidbmgr.cpp:446) action: outimg.
2020-02-15 05:37:01,181 null [INFO] (../src/fwidbmgr.cpp:470) date: 20200214.
2020-02-15 05:37:01,181 null [INFO] (../src/fwidbmgr.cpp:322) Try to read: /home/meteo/dev/redist/fwidbmgr/config/fwidbmgr.conf.
2020-02-15 05:37:01,182 null [INFO] (../src/fwidbmgr.cpp:5393) Configuration parsing: OK.
2020-02-15 05:37:01,187 null [INFO] (../src/fwidbmgr.cpp:5478) Connected to database
2020-02-15 05:37:01,187 null [INFO] (../src/fwidbmgr.cpp:5480) Manage data for date: 20200214.
2020-02-15 05:37:01,187 null [INFO] (../src/fwidbmgr.cpp:5566) Importing fwi indexes images in database.
2020-02-15 05:37:01,241 null [INFO] (../src/fwidbmgr.cpp:5570) OK --> 20200214 images imported.
2020-02-15 05:37:01,241 null [INFO] (../src/fwidbmgr.cpp:5695) action outimg took about 0 seconds.
2020-02-15 05:37:01,242 null [INFO] (../src/fwidbmgr.cpp:5699) Disconnected from database.
2020-02-15 06:05:01,371 null [INFO] (../src/fwidbmgr.cpp:5361) fwi db manager
2020-02-15 06:05:01,371 null [INFO] (../src/fwidbmgr.cpp:5365) Program home: /home/meteo/dev/redist/fwidbmgr
2020-02-15 06:05:01,371 null [INFO] (../src/fwidbmgr.cpp:5369) Auto convert: 1
2020-02-15 06:05:01,371 null [INFO] (../src/fwidbmgr.cpp:446) action: outimg.
2020-02-15 06:05:01,371 null [INFO] (../src/fwidbmgr.cpp:470) date: 20200214.
2020-02-15 06:05:01,371 null [INFO] (../src/fwidbmgr.cpp:322) Try to read: /home/meteo/dev/redist/fwidbmgr/config/fwidbmgr.conf.
2020-02-15 06:05:01,372 null [INFO] (../src/fwidbmgr.cpp:5393) Configuration parsing: OK.
2020-02-15 06:05:01,378 null [INFO] (../src/fwidbmgr.cpp:5478) Connected to database
2020-02-15 06:05:01,378 null [INFO] (../src/fwidbmgr.cpp:5480) Manage data for date: 20200214.
2020-02-15 06:05:01,379 null [INFO] (../src/fwidbmgr.cpp:5566) Importing fwi indexes images in database.
2020-02-15 06:05:01,433 null [INFO] (../src/fwidbmgr.cpp:5570) OK --> 20200214 images imported.
2020-02-15 06:05:01,433 null [INFO] (../src/fwidbmgr.cpp:5695) action outimg took about 0 seconds.
2020-02-15 06:05:01,433 null [INFO] (../src/fwidbmgr.cpp:5699) Disconnected from database.
2020-02-15 06:37:01,574 null [INFO] (../src/fwidbmgr.cpp:5361) fwi db manager
2020-02-15 06:37:01,574 null [INFO] (../src/fwidbmgr.cpp:5365) Program home: /home/meteo/dev/redist/fwidbmgr
2020-02-15 06:37:01,574 null [INFO] (../src/fwidbmgr.cpp:5369) Auto convert: 1
2020-02-15 06:37:01,574 null [INFO] (../src/fwidbmgr.cpp:446) action: outimg.
2020-02-15 06:37:01,574 null [INFO] (../src/fwidbmgr.cpp:470) date: 20200214.
2020-02-15 06:37:01,574 null [INFO] (../src/fwidbmgr.cpp:322) Try to read: /home/meteo/dev/redist/fwidbmgr/config/fwidbmgr.conf.
2020-02-15 06:37:01,575 null [INFO] (../src/fwidbmgr.cpp:5393) Configuration parsing: OK.
2020-02-15 06:37:01,582 null [INFO] (../src/fwidbmgr.cpp:5478) Connected to database
2020-02-15 06:37:01,582 null [INFO] (../src/fwidbmgr.cpp:5480) Manage data for date: 20200214.
2020-02-15 06:37:01,582 null [INFO] (../src/fwidbmgr.cpp:5566) Importing fwi indexes images in database.
2020-02-15 06:37:01,644 null [INFO] (../src/fwidbmgr.cpp:5570) OK --> 20200214 images imported.
2020-02-15 06:37:01,644 null [INFO] (../src/fwidbmgr.cpp:5695) action outimg took about 0 seconds.
2020-02-15 06:37:01,645 null [INFO] (../src/fwidbmgr.cpp:5699) Disconnected from database.
2020-02-15 07:05:01,418 null [INFO] (../src/fwidbmgr.cpp:5361) fwi db manager
2020-02-15 07:05:01,419 null [INFO] (../src/fwidbmgr.cpp:5365) Program home: /home/meteo/dev/redist/fwidbmgr
2020-02-15 07:05:01,419 null [INFO] (../src/fwidbmgr.cpp:5369) Auto convert: 1
2020-02-15 07:05:01,419 null [INFO] (../src/fwidbmgr.cpp:446) action: outimg.
2020-02-15 07:05:01,419 null [INFO] (../src/fwidbmgr.cpp:470) date: 20200214.
2020-02-15 07:05:01,419 null [INFO] (../src/fwidbmgr.cpp:322) Try to read: /home/meteo/dev/redist/fwidbmgr/config/fwidbmgr.conf.
2020-02-15 07:05:01,420 null [INFO] (../src/fwidbmgr.cpp:5393) Configuration parsing: OK.
2020-02-15 07:05:01,426 null [INFO] (../src/fwidbmgr.cpp:5478) Connected to database
2020-02-15 07:05:01,426 null [INFO] (../src/fwidbmgr.cpp:5480) Manage data for date: 20200214.
2020-02-15 07:05:01,426 null [INFO] (../src/fwidbmgr.cpp:5566) Importing fwi indexes images in database.
2020-02-15 07:05:01,479 null [INFO] (../src/fwidbmgr.cpp:5570) OK --> 20200214 images imported.
2020-02-15 07:05:01,479 null [INFO] (../src/fwidbmgr.cpp:5695) action outimg took about 0 seconds.
2020-02-15 07:05:01,479 null [INFO] (../src/fwidbmgr.cpp:5699) Disconnected from database.
2020-02-15 07:37:01,605 null [INFO] (../src/fwidbmgr.cpp:5361) fwi db manager
2020-02-15 07:37:01,605 null [INFO] (../src/fwidbmgr.cpp:5365) Program home: /home/meteo/dev/redist/fwidbmgr
2020-02-15 07:37:01,606 null [INFO] (../src/fwidbmgr.cpp:5369) Auto convert: 1
2020-02-15 07:37:01,606 null [INFO] (../src/fwidbmgr.cpp:446) action: outimg.
2020-02-15 07:37:01,606 null [INFO] (../src/fwidbmgr.cpp:470) date: 20200214.
2020-02-15 07:37:01,606 null [INFO] (../src/fwidbmgr.cpp:322) Try to read: /home/meteo/dev/redist/fwidbmgr/config/fwidbmgr.conf.
2020-02-15 07:37:01,607 null [INFO] (../src/fwidbmgr.cpp:5393) Configuration parsing: OK.
2020-02-15 07:37:01,610 null [INFO] (../src/fwidbmgr.cpp:5478) Connected to database
2020-02-15 07:37:01,610 null [INFO] (../src/fwidbmgr.cpp:5480) Manage data for date: 20200214.
2020-02-15 07:37:01,610 null [INFO] (../src/fwidbmgr.cpp:5566) Importing fwi indexes images in database.
2020-02-15 07:37:01,672 null [INFO] (../src/fwidbmgr.cpp:5570) OK --> 20200214 images imported.
2020-02-15 07:37:01,673 null [INFO] (../src/fwidbmgr.cpp:5695) action outimg took about 0 seconds.
2020-02-15 07:37:01,673 null [INFO] (../src/fwidbmgr.cpp:5699) Disconnected from database.
