2017-12-22 04:06:56,700 null [INFO] (../src/fwidbmgr.cpp:5361) fwi db manager
2017-12-22 04:06:56,701 null [INFO] (../src/fwidbmgr.cpp:5365) Program home: /home/meteo/dev/redist/fwidbmgr
2017-12-22 04:06:56,701 null [INFO] (../src/fwidbmgr.cpp:5369) Auto convert: 1
2017-12-22 04:06:56,701 null [INFO] (../src/fwidbmgr.cpp:446) action: in.
2017-12-22 04:06:56,701 null [INFO] (../src/fwidbmgr.cpp:470) date: 20171221.
2017-12-22 04:06:56,701 null [INFO] (../src/fwidbmgr.cpp:322) Try to read: /home/meteo/dev/redist/fwidbmgr/config/fwidbmgr.conf.
2017-12-22 04:06:56,719 null [INFO] (../src/fwidbmgr.cpp:5393) Configuration parsing: OK.
2017-12-22 04:06:56,757 null [INFO] (../src/fwidbmgr.cpp:5478) Connected to database
2017-12-22 04:06:56,757 null [INFO] (../src/fwidbmgr.cpp:5480) Manage data for date: 20171221.
2017-12-22 04:06:56,757 null [INFO] (../src/fwidbmgr.cpp:5536) Importing meteo data in database for day: 20171221.
2017-12-22 04:06:56,766 null [INFO] (/home/meteo/dev/redist/fwidbmgr/include/Grid.h:1595) Configuring grid: snow
2017-12-22 04:06:56,766 null [INFO] (/home/meteo/dev/redist/fwidbmgr/include/Grid.h:1695) Grid snow configured.
2017-12-22 04:06:56,778 null [INFO] (/home/meteo/dev/redist/fwidbmgr/include/Grid.h:1595) Configuring grid: snow_covering
2017-12-22 04:06:56,778 null [INFO] (/home/meteo/dev/redist/fwidbmgr/include/Grid.h:1695) Grid snow_covering configured.
2017-12-22 04:06:56,792 null [INFO] (/home/meteo/dev/redist/fwidbmgr/include/Grid.h:1595) Configuring grid: snow_dissolution
2017-12-22 04:06:56,792 null [INFO] (/home/meteo/dev/redist/fwidbmgr/include/Grid.h:1695) Grid snow_dissolution configured.
2017-12-22 04:06:56,815 null [INFO] (/home/meteo/dev/redist/fwidbmgr/include/Grid.h:1595) Configuring grid: temperature
2017-12-22 04:06:56,816 null [INFO] (/home/meteo/dev/redist/fwidbmgr/include/Grid.h:1695) Grid temperature configured.
2017-12-22 04:06:56,821 null [INFO] (/home/meteo/dev/redist/fwidbmgr/include/Grid.h:1595) Configuring grid: humidity
2017-12-22 04:06:56,821 null [INFO] (/home/meteo/dev/redist/fwidbmgr/include/Grid.h:1695) Grid humidity configured.
2017-12-22 04:06:56,831 null [INFO] (/home/meteo/dev/redist/fwidbmgr/include/Grid.h:1595) Configuring grid: windspeed
2017-12-22 04:06:56,832 null [INFO] (/home/meteo/dev/redist/fwidbmgr/include/Grid.h:1695) Grid windspeed configured.
2017-12-22 04:06:56,854 null [INFO] (/home/meteo/dev/redist/fwidbmgr/include/Grid.h:1595) Configuring grid: rain
2017-12-22 04:06:56,854 null [INFO] (/home/meteo/dev/redist/fwidbmgr/include/Grid.h:1695) Grid rain configured.
2017-12-22 04:06:56,857 null [INFO] (/home/meteo/dev/redist/fwidbmgr/include/Grid.h:1595) Configuring grid: cum_rain
2017-12-22 04:06:56,857 null [INFO] (/home/meteo/dev/redist/fwidbmgr/include/Grid.h:1695) Grid cum_rain configured.
2017-12-22 04:07:04,380 null [INFO] (../src/fwidbmgr.cpp:1518) Storing meteo input ...
2017-12-22 04:07:20,663 null [INFO] (../src/fwidbmgr.cpp:5540) OK --> 20171221 data imported.
2017-12-22 04:07:20,710 null [INFO] (../src/fwidbmgr.cpp:5695) action in took about 24 seconds.
2017-12-22 04:07:20,781 null [INFO] (../src/fwidbmgr.cpp:5699) Disconnected from database.
2017-12-22 04:08:31,527 null [INFO] (../src/fwidbmgr.cpp:5361) fwi db manager
2017-12-22 04:08:31,527 null [INFO] (../src/fwidbmgr.cpp:5365) Program home: /home/meteo/dev/redist/fwidbmgr
2017-12-22 04:08:31,527 null [INFO] (../src/fwidbmgr.cpp:5369) Auto convert: 1
2017-12-22 04:08:31,527 null [INFO] (../src/fwidbmgr.cpp:446) action: out.
2017-12-22 04:08:31,528 null [INFO] (../src/fwidbmgr.cpp:470) date: 20171221.
2017-12-22 04:08:31,528 null [INFO] (../src/fwidbmgr.cpp:322) Try to read: /home/meteo/dev/redist/fwidbmgr/config/fwidbmgr.conf.
2017-12-22 04:08:31,535 null [INFO] (../src/fwidbmgr.cpp:5393) Configuration parsing: OK.
2017-12-22 04:08:31,595 null [INFO] (../src/fwidbmgr.cpp:5478) Connected to database
2017-12-22 04:08:31,595 null [INFO] (../src/fwidbmgr.cpp:5480) Manage data for date: 20171221.
2017-12-22 04:08:31,595 null [INFO] (../src/fwidbmgr.cpp:5551) Importing fwi indexes data in database for day: 20171221.
2017-12-22 04:08:31,604 null [INFO] (/home/meteo/dev/redist/fwidbmgr/include/Grid.h:1595) Configuring grid: isi
2017-12-22 04:08:31,604 null [INFO] (/home/meteo/dev/redist/fwidbmgr/include/Grid.h:1695) Grid isi configured.
2017-12-22 04:08:31,618 null [INFO] (/home/meteo/dev/redist/fwidbmgr/include/Grid.h:1595) Configuring grid: fwi
2017-12-22 04:08:31,619 null [INFO] (/home/meteo/dev/redist/fwidbmgr/include/Grid.h:1695) Grid fwi configured.
2017-12-22 04:08:31,632 null [INFO] (/home/meteo/dev/redist/fwidbmgr/include/Grid.h:1595) Configuring grid: ffmc
2017-12-22 04:08:31,632 null [INFO] (/home/meteo/dev/redist/fwidbmgr/include/Grid.h:1695) Grid ffmc configured.
2017-12-22 04:08:31,646 null [INFO] (/home/meteo/dev/redist/fwidbmgr/include/Grid.h:1595) Configuring grid: dmc
2017-12-22 04:08:31,646 null [INFO] (/home/meteo/dev/redist/fwidbmgr/include/Grid.h:1695) Grid dmc configured.
2017-12-22 04:08:31,660 null [INFO] (/home/meteo/dev/redist/fwidbmgr/include/Grid.h:1595) Configuring grid: dc
2017-12-22 04:08:31,660 null [INFO] (/home/meteo/dev/redist/fwidbmgr/include/Grid.h:1695) Grid dc configured.
2017-12-22 04:08:31,674 null [INFO] (/home/meteo/dev/redist/fwidbmgr/include/Grid.h:1595) Configuring grid: bui
2017-12-22 04:08:31,674 null [INFO] (/home/meteo/dev/redist/fwidbmgr/include/Grid.h:1695) Grid bui configured.
2017-12-22 04:08:31,688 null [INFO] (/home/meteo/dev/redist/fwidbmgr/include/Grid.h:1595) Configuring grid: ffmc_tmp
2017-12-22 04:08:31,688 null [INFO] (/home/meteo/dev/redist/fwidbmgr/include/Grid.h:1695) Grid ffmc_tmp configured.
2017-12-22 04:08:31,717 null [INFO] (/home/meteo/dev/redist/fwidbmgr/include/Grid.h:1595) Configuring grid: dmc_tmp
2017-12-22 04:08:31,718 null [INFO] (/home/meteo/dev/redist/fwidbmgr/include/Grid.h:1695) Grid dmc_tmp configured.
2017-12-22 04:08:31,739 null [INFO] (/home/meteo/dev/redist/fwidbmgr/include/Grid.h:1595) Configuring grid: dc_tmp
2017-12-22 04:08:31,739 null [INFO] (/home/meteo/dev/redist/fwidbmgr/include/Grid.h:1695) Grid dc_tmp configured.
2017-12-22 04:08:31,759 null [INFO] (/home/meteo/dev/redist/fwidbmgr/include/Grid.h:1595) Configuring grid: idi
2017-12-22 04:08:31,759 null [INFO] (/home/meteo/dev/redist/fwidbmgr/include/Grid.h:1695) Grid idi configured.
2017-12-22 04:08:42,351 null [INFO] (../src/fwidbmgr.cpp:2081) Storing FWI indexes ...
2017-12-22 04:09:16,120 null [INFO] (../src/fwidbmgr.cpp:5555) OK --> 20171221 data imported.
2017-12-22 04:09:16,124 null [INFO] (../src/fwidbmgr.cpp:5695) action out took about 45 seconds.
2017-12-22 04:09:16,125 null [INFO] (../src/fwidbmgr.cpp:5699) Disconnected from database.
2017-12-22 04:09:16,389 null [INFO] (../src/fwidbmgr.cpp:5361) fwi db manager
2017-12-22 04:09:16,389 null [INFO] (../src/fwidbmgr.cpp:5365) Program home: /home/meteo/dev/redist/fwidbmgr
2017-12-22 04:09:16,389 null [INFO] (../src/fwidbmgr.cpp:5369) Auto convert: 1
2017-12-22 04:09:16,389 null [INFO] (../src/fwidbmgr.cpp:446) action: computeidx.
2017-12-22 04:09:16,389 null [INFO] (../src/fwidbmgr.cpp:470) date: 20171221.
2017-12-22 04:09:16,390 null [INFO] (../src/fwidbmgr.cpp:322) Try to read: /home/meteo/dev/redist/fwidbmgr/config/fwidbmgr.conf.
2017-12-22 04:09:16,394 null [INFO] (../src/fwidbmgr.cpp:5393) Configuration parsing: OK.
2017-12-22 04:09:16,419 null [INFO] (../src/fwidbmgr.cpp:5478) Connected to database
2017-12-22 04:09:16,419 null [INFO] (../src/fwidbmgr.cpp:5480) Manage data for date: 20171221.
2017-12-22 04:09:16,419 null [INFO] (../src/fwidbmgr.cpp:5656) Computing indexes.
2017-12-22 04:09:16,421 null [INFO] (/home/meteo/dev/redist/fwidbmgr/include/Grid.h:1595) Configuring grid: isi
2017-12-22 04:09:16,421 null [INFO] (/home/meteo/dev/redist/fwidbmgr/include/Grid.h:1695) Grid isi configured.
2017-12-22 04:09:16,422 null [INFO] (/home/meteo/dev/redist/fwidbmgr/include/Grid.h:1595) Configuring grid: fwi
2017-12-22 04:09:16,422 null [INFO] (/home/meteo/dev/redist/fwidbmgr/include/Grid.h:1695) Grid fwi configured.
2017-12-22 04:09:16,423 null [INFO] (/home/meteo/dev/redist/fwidbmgr/include/Grid.h:1595) Configuring grid: ffmc
2017-12-22 04:09:16,424 null [INFO] (/home/meteo/dev/redist/fwidbmgr/include/Grid.h:1695) Grid ffmc configured.
2017-12-22 04:09:16,425 null [INFO] (/home/meteo/dev/redist/fwidbmgr/include/Grid.h:1595) Configuring grid: dmc
2017-12-22 04:09:16,425 null [INFO] (/home/meteo/dev/redist/fwidbmgr/include/Grid.h:1695) Grid dmc configured.
2017-12-22 04:09:16,426 null [INFO] (/home/meteo/dev/redist/fwidbmgr/include/Grid.h:1595) Configuring grid: dc
2017-12-22 04:09:16,426 null [INFO] (/home/meteo/dev/redist/fwidbmgr/include/Grid.h:1695) Grid dc configured.
2017-12-22 04:09:16,427 null [INFO] (/home/meteo/dev/redist/fwidbmgr/include/Grid.h:1595) Configuring grid: bui
2017-12-22 04:09:16,427 null [INFO] (/home/meteo/dev/redist/fwidbmgr/include/Grid.h:1695) Grid bui configured.
2017-12-22 04:09:16,429 null [INFO] (/home/meteo/dev/redist/fwidbmgr/include/Grid.h:1595) Configuring grid: ffmc_tmp
2017-12-22 04:09:16,429 null [INFO] (/home/meteo/dev/redist/fwidbmgr/include/Grid.h:1695) Grid ffmc_tmp configured.
2017-12-22 04:09:16,430 null [INFO] (/home/meteo/dev/redist/fwidbmgr/include/Grid.h:1595) Configuring grid: dmc_tmp
2017-12-22 04:09:16,430 null [INFO] (/home/meteo/dev/redist/fwidbmgr/include/Grid.h:1695) Grid dmc_tmp configured.
2017-12-22 04:09:16,431 null [INFO] (/home/meteo/dev/redist/fwidbmgr/include/Grid.h:1595) Configuring grid: dc_tmp
2017-12-22 04:09:16,431 null [INFO] (/home/meteo/dev/redist/fwidbmgr/include/Grid.h:1695) Grid dc_tmp configured.
2017-12-22 04:09:16,433 null [INFO] (/home/meteo/dev/redist/fwidbmgr/include/Grid.h:1595) Configuring grid: idi
2017-12-22 04:09:16,433 null [INFO] (/home/meteo/dev/redist/fwidbmgr/include/Grid.h:1695) Grid idi configured.
2017-12-22 04:09:16,434 null [INFO] (/home/meteo/dev/redist/fwidbmgr/include/Grid.h:1595) Configuring grid: angstrom
2017-12-22 04:09:16,434 null [INFO] (/home/meteo/dev/redist/fwidbmgr/include/Grid.h:1695) Grid angstrom configured.
2017-12-22 04:09:16,435 null [INFO] (/home/meteo/dev/redist/fwidbmgr/include/Grid.h:1595) Configuring grid: fmi
2017-12-22 04:09:16,435 null [INFO] (/home/meteo/dev/redist/fwidbmgr/include/Grid.h:1695) Grid fmi configured.
2017-12-22 04:09:16,436 null [INFO] (/home/meteo/dev/redist/fwidbmgr/include/Grid.h:1595) Configuring grid: sharples
2017-12-22 04:09:16,437 null [INFO] (/home/meteo/dev/redist/fwidbmgr/include/Grid.h:1695) Grid sharples configured.
2017-12-22 04:09:28,233 null [INFO] (/home/meteo/dev/redist/fwidbmgr/include/Grid.h:1595) Configuring grid: snow
2017-12-22 04:09:28,234 null [INFO] (/home/meteo/dev/redist/fwidbmgr/include/Grid.h:1695) Grid snow configured.
2017-12-22 04:09:28,234 null [INFO] (/home/meteo/dev/redist/fwidbmgr/include/Grid.h:1595) Configuring grid: snow_covering
2017-12-22 04:09:28,234 null [INFO] (/home/meteo/dev/redist/fwidbmgr/include/Grid.h:1695) Grid snow_covering configured.
2017-12-22 04:09:28,234 null [INFO] (/home/meteo/dev/redist/fwidbmgr/include/Grid.h:1595) Configuring grid: snow_dissolution
2017-12-22 04:09:28,234 null [INFO] (/home/meteo/dev/redist/fwidbmgr/include/Grid.h:1695) Grid snow_dissolution configured.
2017-12-22 04:09:28,234 null [INFO] (/home/meteo/dev/redist/fwidbmgr/include/Grid.h:1595) Configuring grid: temperature
2017-12-22 04:09:28,234 null [INFO] (/home/meteo/dev/redist/fwidbmgr/include/Grid.h:1695) Grid temperature configured.
2017-12-22 04:09:28,234 null [INFO] (/home/meteo/dev/redist/fwidbmgr/include/Grid.h:1595) Configuring grid: humidity
2017-12-22 04:09:28,234 null [INFO] (/home/meteo/dev/redist/fwidbmgr/include/Grid.h:1695) Grid humidity configured.
2017-12-22 04:09:28,234 null [INFO] (/home/meteo/dev/redist/fwidbmgr/include/Grid.h:1595) Configuring grid: windspeed
2017-12-22 04:09:28,235 null [INFO] (/home/meteo/dev/redist/fwidbmgr/include/Grid.h:1695) Grid windspeed configured.
2017-12-22 04:09:28,235 null [INFO] (/home/meteo/dev/redist/fwidbmgr/include/Grid.h:1595) Configuring grid: rain
2017-12-22 04:09:28,235 null [INFO] (/home/meteo/dev/redist/fwidbmgr/include/Grid.h:1695) Grid rain configured.
2017-12-22 04:09:28,235 null [INFO] (/home/meteo/dev/redist/fwidbmgr/include/Grid.h:1595) Configuring grid: cum_rain
2017-12-22 04:09:28,235 null [INFO] (/home/meteo/dev/redist/fwidbmgr/include/Grid.h:1695) Grid cum_rain configured.
2017-12-22 04:11:59,384 null [INFO] (../src/fwidbmgr.cpp:5660) OK --> 20171221 indexes computed.
2017-12-22 04:11:59,385 null [INFO] (../src/fwidbmgr.cpp:5695) action computeidx took about 163 seconds.
2017-12-22 04:11:59,385 null [INFO] (../src/fwidbmgr.cpp:5699) Disconnected from database.
2017-12-22 04:11:59,551 null [INFO] (../src/fwidbmgr.cpp:5361) fwi db manager
2017-12-22 04:11:59,552 null [INFO] (../src/fwidbmgr.cpp:5365) Program home: /home/meteo/dev/redist/fwidbmgr
2017-12-22 04:11:59,552 null [INFO] (../src/fwidbmgr.cpp:5369) Auto convert: 1
2017-12-22 04:11:59,552 null [INFO] (../src/fwidbmgr.cpp:446) action: exportidx.
2017-12-22 04:11:59,552 null [INFO] (../src/fwidbmgr.cpp:470) date: 20171221.
2017-12-22 04:11:59,552 null [INFO] (../src/fwidbmgr.cpp:322) Try to read: /home/meteo/dev/redist/fwidbmgr/config/fwidbmgr.conf.
2017-12-22 04:11:59,558 null [INFO] (../src/fwidbmgr.cpp:5393) Configuration parsing: OK.
2017-12-22 04:11:59,589 null [INFO] (../src/fwidbmgr.cpp:5478) Connected to database
2017-12-22 04:11:59,589 null [INFO] (../src/fwidbmgr.cpp:5480) Manage data for date: 20171221.
2017-12-22 04:11:59,590 null [INFO] (../src/fwidbmgr.cpp:5596) Exporting indexes.
2017-12-22 04:11:59,592 null [INFO] (/home/meteo/dev/redist/fwidbmgr/include/Grid.h:1595) Configuring grid: isi
2017-12-22 04:11:59,592 null [INFO] (/home/meteo/dev/redist/fwidbmgr/include/Grid.h:1695) Grid isi configured.
2017-12-22 04:11:59,594 null [INFO] (/home/meteo/dev/redist/fwidbmgr/include/Grid.h:1595) Configuring grid: fwi
2017-12-22 04:11:59,594 null [INFO] (/home/meteo/dev/redist/fwidbmgr/include/Grid.h:1695) Grid fwi configured.
2017-12-22 04:11:59,596 null [INFO] (/home/meteo/dev/redist/fwidbmgr/include/Grid.h:1595) Configuring grid: ffmc
2017-12-22 04:11:59,596 null [INFO] (/home/meteo/dev/redist/fwidbmgr/include/Grid.h:1695) Grid ffmc configured.
2017-12-22 04:11:59,597 null [INFO] (/home/meteo/dev/redist/fwidbmgr/include/Grid.h:1595) Configuring grid: dmc
2017-12-22 04:11:59,597 null [INFO] (/home/meteo/dev/redist/fwidbmgr/include/Grid.h:1695) Grid dmc configured.
2017-12-22 04:11:59,599 null [INFO] (/home/meteo/dev/redist/fwidbmgr/include/Grid.h:1595) Configuring grid: dc
2017-12-22 04:11:59,599 null [INFO] (/home/meteo/dev/redist/fwidbmgr/include/Grid.h:1695) Grid dc configured.
2017-12-22 04:11:59,601 null [INFO] (/home/meteo/dev/redist/fwidbmgr/include/Grid.h:1595) Configuring grid: bui
2017-12-22 04:11:59,601 null [INFO] (/home/meteo/dev/redist/fwidbmgr/include/Grid.h:1695) Grid bui configured.
2017-12-22 04:11:59,602 null [INFO] (/home/meteo/dev/redist/fwidbmgr/include/Grid.h:1595) Configuring grid: ffmc_tmp
2017-12-22 04:11:59,602 null [INFO] (/home/meteo/dev/redist/fwidbmgr/include/Grid.h:1695) Grid ffmc_tmp configured.
2017-12-22 04:11:59,604 null [INFO] (/home/meteo/dev/redist/fwidbmgr/include/Grid.h:1595) Configuring grid: dmc_tmp
2017-12-22 04:11:59,604 null [INFO] (/home/meteo/dev/redist/fwidbmgr/include/Grid.h:1695) Grid dmc_tmp configured.
2017-12-22 04:11:59,606 null [INFO] (/home/meteo/dev/redist/fwidbmgr/include/Grid.h:1595) Configuring grid: dc_tmp
2017-12-22 04:11:59,606 null [INFO] (/home/meteo/dev/redist/fwidbmgr/include/Grid.h:1695) Grid dc_tmp configured.
2017-12-22 04:11:59,607 null [INFO] (/home/meteo/dev/redist/fwidbmgr/include/Grid.h:1595) Configuring grid: idi
2017-12-22 04:11:59,607 null [INFO] (/home/meteo/dev/redist/fwidbmgr/include/Grid.h:1695) Grid idi configured.
2017-12-22 04:11:59,609 null [INFO] (/home/meteo/dev/redist/fwidbmgr/include/Grid.h:1595) Configuring grid: angstrom
2017-12-22 04:11:59,609 null [INFO] (/home/meteo/dev/redist/fwidbmgr/include/Grid.h:1695) Grid angstrom configured.
2017-12-22 04:11:59,611 null [INFO] (/home/meteo/dev/redist/fwidbmgr/include/Grid.h:1595) Configuring grid: fmi
2017-12-22 04:11:59,611 null [INFO] (/home/meteo/dev/redist/fwidbmgr/include/Grid.h:1695) Grid fmi configured.
2017-12-22 04:11:59,612 null [INFO] (/home/meteo/dev/redist/fwidbmgr/include/Grid.h:1595) Configuring grid: sharples
2017-12-22 04:11:59,612 null [INFO] (/home/meteo/dev/redist/fwidbmgr/include/Grid.h:1695) Grid sharples configured.
2017-12-22 04:12:10,471 null [INFO] (/home/meteo/dev/redist/fwidbmgr/include/Grid.h:1595) Configuring grid: isi
2017-12-22 04:12:10,475 null [INFO] (/home/meteo/dev/redist/fwidbmgr/include/Grid.h:1695) Grid isi configured.
2017-12-22 04:12:10,526 null [INFO] (/home/meteo/dev/redist/fwidbmgr/include/Grid.h:1595) Configuring grid: fwi
2017-12-22 04:12:10,526 null [INFO] (/home/meteo/dev/redist/fwidbmgr/include/Grid.h:1695) Grid fwi configured.
2017-12-22 04:12:10,564 null [INFO] (/home/meteo/dev/redist/fwidbmgr/include/Grid.h:1595) Configuring grid: ffmc
2017-12-22 04:12:10,564 null [INFO] (/home/meteo/dev/redist/fwidbmgr/include/Grid.h:1695) Grid ffmc configured.
2017-12-22 04:12:10,605 null [INFO] (/home/meteo/dev/redist/fwidbmgr/include/Grid.h:1595) Configuring grid: dmc
2017-12-22 04:12:10,605 null [INFO] (/home/meteo/dev/redist/fwidbmgr/include/Grid.h:1695) Grid dmc configured.
2017-12-22 04:12:10,646 null [INFO] (/home/meteo/dev/redist/fwidbmgr/include/Grid.h:1595) Configuring grid: dc
2017-12-22 04:12:10,646 null [INFO] (/home/meteo/dev/redist/fwidbmgr/include/Grid.h:1695) Grid dc configured.
2017-12-22 04:12:10,687 null [INFO] (/home/meteo/dev/redist/fwidbmgr/include/Grid.h:1595) Configuring grid: bui
2017-12-22 04:12:10,687 null [INFO] (/home/meteo/dev/redist/fwidbmgr/include/Grid.h:1695) Grid bui configured.
2017-12-22 04:12:10,725 null [INFO] (/home/meteo/dev/redist/fwidbmgr/include/Grid.h:1595) Configuring grid: ffmc_tmp
2017-12-22 04:12:10,725 null [INFO] (/home/meteo/dev/redist/fwidbmgr/include/Grid.h:1695) Grid ffmc_tmp configured.
2017-12-22 04:12:10,763 null [INFO] (/home/meteo/dev/redist/fwidbmgr/include/Grid.h:1595) Configuring grid: dmc_tmp
2017-12-22 04:12:10,763 null [INFO] (/home/meteo/dev/redist/fwidbmgr/include/Grid.h:1695) Grid dmc_tmp configured.
2017-12-22 04:12:10,798 null [INFO] (/home/meteo/dev/redist/fwidbmgr/include/Grid.h:1595) Configuring grid: dc_tmp
2017-12-22 04:12:10,798 null [INFO] (/home/meteo/dev/redist/fwidbmgr/include/Grid.h:1695) Grid dc_tmp configured.
2017-12-22 04:12:10,834 null [INFO] (/home/meteo/dev/redist/fwidbmgr/include/Grid.h:1595) Configuring grid: angstrom
2017-12-22 04:12:10,834 null [INFO] (/home/meteo/dev/redist/fwidbmgr/include/Grid.h:1695) Grid angstrom configured.
2017-12-22 04:12:10,911 null [INFO] (/home/meteo/dev/redist/fwidbmgr/include/Grid.h:1595) Configuring grid: sharples
2017-12-22 04:12:10,911 null [INFO] (/home/meteo/dev/redist/fwidbmgr/include/Grid.h:1695) Grid sharples configured.
2017-12-22 04:12:10,981 null [INFO] (/home/meteo/dev/redist/fwidbmgr/include/Grid.h:1595) Configuring grid: fmi
2017-12-22 04:12:10,981 null [INFO] (/home/meteo/dev/redist/fwidbmgr/include/Grid.h:1695) Grid fmi configured.
2017-12-22 04:12:11,041 null [INFO] (../src/fwidbmgr.cpp:5600) OK --> 20171221 indexes exported to files.
2017-12-22 04:12:11,041 null [INFO] (../src/fwidbmgr.cpp:5695) action exportidx took about 12 seconds.
2017-12-22 04:12:11,041 null [INFO] (../src/fwidbmgr.cpp:5699) Disconnected from database.
2017-12-22 04:12:40,048 null [INFO] (../src/fwidbmgr.cpp:5361) fwi db manager
2017-12-22 04:12:40,048 null [INFO] (../src/fwidbmgr.cpp:5365) Program home: /home/meteo/dev/redist/fwidbmgr
2017-12-22 04:12:40,048 null [INFO] (../src/fwidbmgr.cpp:5369) Auto convert: 1
2017-12-22 04:12:40,048 null [INFO] (../src/fwidbmgr.cpp:446) action: outimg.
2017-12-22 04:12:40,048 null [INFO] (../src/fwidbmgr.cpp:470) date: 20171221.
2017-12-22 04:12:40,048 null [INFO] (../src/fwidbmgr.cpp:322) Try to read: /home/meteo/dev/redist/fwidbmgr/config/fwidbmgr.conf.
2017-12-22 04:12:40,055 null [INFO] (../src/fwidbmgr.cpp:5393) Configuration parsing: OK.
2017-12-22 04:12:40,079 null [INFO] (../src/fwidbmgr.cpp:5478) Connected to database
2017-12-22 04:12:40,079 null [INFO] (../src/fwidbmgr.cpp:5480) Manage data for date: 20171221.
2017-12-22 04:12:40,079 null [INFO] (../src/fwidbmgr.cpp:5566) Importing fwi indexes images in database.
2017-12-22 04:12:40,495 null [INFO] (../src/fwidbmgr.cpp:5570) OK --> 20171221 images imported.
2017-12-22 04:12:40,495 null [INFO] (../src/fwidbmgr.cpp:5695) action outimg took about 0 seconds.
2017-12-22 04:12:40,496 null [INFO] (../src/fwidbmgr.cpp:5699) Disconnected from database.
2017-12-22 04:37:01,497 null [INFO] (../src/fwidbmgr.cpp:5361) fwi db manager
2017-12-22 04:37:01,497 null [INFO] (../src/fwidbmgr.cpp:5365) Program home: /home/meteo/dev/redist/fwidbmgr
2017-12-22 04:37:01,497 null [INFO] (../src/fwidbmgr.cpp:5369) Auto convert: 1
2017-12-22 04:37:01,497 null [INFO] (../src/fwidbmgr.cpp:446) action: outimg.
2017-12-22 04:37:01,497 null [INFO] (../src/fwidbmgr.cpp:470) date: 20171221.
2017-12-22 04:37:01,497 null [INFO] (../src/fwidbmgr.cpp:322) Try to read: /home/meteo/dev/redist/fwidbmgr/config/fwidbmgr.conf.
2017-12-22 04:37:01,499 null [INFO] (../src/fwidbmgr.cpp:5393) Configuration parsing: OK.
2017-12-22 04:37:01,505 null [INFO] (../src/fwidbmgr.cpp:5478) Connected to database
2017-12-22 04:37:01,505 null [INFO] (../src/fwidbmgr.cpp:5480) Manage data for date: 20171221.
2017-12-22 04:37:01,505 null [INFO] (../src/fwidbmgr.cpp:5566) Importing fwi indexes images in database.
2017-12-22 04:37:01,625 null [INFO] (../src/fwidbmgr.cpp:5570) OK --> 20171221 images imported.
2017-12-22 04:37:01,625 null [INFO] (../src/fwidbmgr.cpp:5695) action outimg took about 0 seconds.
2017-12-22 04:37:01,625 null [INFO] (../src/fwidbmgr.cpp:5699) Disconnected from database.
2017-12-22 05:05:01,785 null [INFO] (../src/fwidbmgr.cpp:5361) fwi db manager
2017-12-22 05:05:01,785 null [INFO] (../src/fwidbmgr.cpp:5365) Program home: /home/meteo/dev/redist/fwidbmgr
2017-12-22 05:05:01,785 null [INFO] (../src/fwidbmgr.cpp:5369) Auto convert: 1
2017-12-22 05:05:01,785 null [INFO] (../src/fwidbmgr.cpp:446) action: outimg.
2017-12-22 05:05:01,785 null [INFO] (../src/fwidbmgr.cpp:470) date: 20171221.
2017-12-22 05:05:01,785 null [INFO] (../src/fwidbmgr.cpp:322) Try to read: /home/meteo/dev/redist/fwidbmgr/config/fwidbmgr.conf.
2017-12-22 05:05:01,787 null [INFO] (../src/fwidbmgr.cpp:5393) Configuration parsing: OK.
2017-12-22 05:05:01,793 null [INFO] (../src/fwidbmgr.cpp:5478) Connected to database
2017-12-22 05:05:01,793 null [INFO] (../src/fwidbmgr.cpp:5480) Manage data for date: 20171221.
2017-12-22 05:05:01,793 null [INFO] (../src/fwidbmgr.cpp:5566) Importing fwi indexes images in database.
2017-12-22 05:05:01,878 null [INFO] (../src/fwidbmgr.cpp:5570) OK --> 20171221 images imported.
2017-12-22 05:05:01,878 null [INFO] (../src/fwidbmgr.cpp:5695) action outimg took about 0 seconds.
2017-12-22 05:05:01,878 null [INFO] (../src/fwidbmgr.cpp:5699) Disconnected from database.
2017-12-22 05:37:02,034 null [INFO] (../src/fwidbmgr.cpp:5361) fwi db manager
2017-12-22 05:37:02,034 null [INFO] (../src/fwidbmgr.cpp:5365) Program home: /home/meteo/dev/redist/fwidbmgr
2017-12-22 05:37:02,034 null [INFO] (../src/fwidbmgr.cpp:5369) Auto convert: 1
2017-12-22 05:37:02,034 null [INFO] (../src/fwidbmgr.cpp:446) action: outimg.
2017-12-22 05:37:02,034 null [INFO] (../src/fwidbmgr.cpp:470) date: 20171221.
2017-12-22 05:37:02,034 null [INFO] (../src/fwidbmgr.cpp:322) Try to read: /home/meteo/dev/redist/fwidbmgr/config/fwidbmgr.conf.
2017-12-22 05:37:02,037 null [INFO] (../src/fwidbmgr.cpp:5393) Configuration parsing: OK.
2017-12-22 05:37:02,043 null [INFO] (../src/fwidbmgr.cpp:5478) Connected to database
2017-12-22 05:37:02,043 null [INFO] (../src/fwidbmgr.cpp:5480) Manage data for date: 20171221.
2017-12-22 05:37:02,043 null [INFO] (../src/fwidbmgr.cpp:5566) Importing fwi indexes images in database.
2017-12-22 05:37:02,126 null [INFO] (../src/fwidbmgr.cpp:5570) OK --> 20171221 images imported.
2017-12-22 05:37:02,126 null [INFO] (../src/fwidbmgr.cpp:5695) action outimg took about 0 seconds.
2017-12-22 05:37:02,126 null [INFO] (../src/fwidbmgr.cpp:5699) Disconnected from database.
2017-12-22 06:05:01,680 null [INFO] (../src/fwidbmgr.cpp:5361) fwi db manager
2017-12-22 06:05:01,680 null [INFO] (../src/fwidbmgr.cpp:5365) Program home: /home/meteo/dev/redist/fwidbmgr
2017-12-22 06:05:01,680 null [INFO] (../src/fwidbmgr.cpp:5369) Auto convert: 1
2017-12-22 06:05:01,680 null [INFO] (../src/fwidbmgr.cpp:446) action: outimg.
2017-12-22 06:05:01,680 null [INFO] (../src/fwidbmgr.cpp:470) date: 20171221.
2017-12-22 06:05:01,680 null [INFO] (../src/fwidbmgr.cpp:322) Try to read: /home/meteo/dev/redist/fwidbmgr/config/fwidbmgr.conf.
2017-12-22 06:05:01,683 null [INFO] (../src/fwidbmgr.cpp:5393) Configuration parsing: OK.
2017-12-22 06:05:01,688 null [INFO] (../src/fwidbmgr.cpp:5478) Connected to database
2017-12-22 06:05:01,688 null [INFO] (../src/fwidbmgr.cpp:5480) Manage data for date: 20171221.
2017-12-22 06:05:01,689 null [INFO] (../src/fwidbmgr.cpp:5566) Importing fwi indexes images in database.
2017-12-22 06:05:01,772 null [INFO] (../src/fwidbmgr.cpp:5570) OK --> 20171221 images imported.
2017-12-22 06:05:01,772 null [INFO] (../src/fwidbmgr.cpp:5695) action outimg took about 0 seconds.
2017-12-22 06:05:01,772 null [INFO] (../src/fwidbmgr.cpp:5699) Disconnected from database.
2017-12-22 06:37:01,916 null [INFO] (../src/fwidbmgr.cpp:5361) fwi db manager
2017-12-22 06:37:01,916 null [INFO] (../src/fwidbmgr.cpp:5365) Program home: /home/meteo/dev/redist/fwidbmgr
2017-12-22 06:37:01,916 null [INFO] (../src/fwidbmgr.cpp:5369) Auto convert: 1
2017-12-22 06:37:01,916 null [INFO] (../src/fwidbmgr.cpp:446) action: outimg.
2017-12-22 06:37:01,916 null [INFO] (../src/fwidbmgr.cpp:470) date: 20171221.
2017-12-22 06:37:01,916 null [INFO] (../src/fwidbmgr.cpp:322) Try to read: /home/meteo/dev/redist/fwidbmgr/config/fwidbmgr.conf.
2017-12-22 06:37:01,918 null [INFO] (../src/fwidbmgr.cpp:5393) Configuration parsing: OK.
2017-12-22 06:37:01,923 null [INFO] (../src/fwidbmgr.cpp:5478) Connected to database
2017-12-22 06:37:01,923 null [INFO] (../src/fwidbmgr.cpp:5480) Manage data for date: 20171221.
2017-12-22 06:37:01,923 null [INFO] (../src/fwidbmgr.cpp:5566) Importing fwi indexes images in database.
2017-12-22 06:37:02,003 null [INFO] (../src/fwidbmgr.cpp:5570) OK --> 20171221 images imported.
2017-12-22 06:37:02,004 null [INFO] (../src/fwidbmgr.cpp:5695) action outimg took about 1 seconds.
2017-12-22 06:37:02,004 null [INFO] (../src/fwidbmgr.cpp:5699) Disconnected from database.
