2018-07-19 05:07:30,611 null [INFO] (../src/fwidbmgr.cpp:5361) fwi db manager
2018-07-19 05:07:30,612 null [INFO] (../src/fwidbmgr.cpp:5365) Program home: /home/meteo/dev/redist/fwidbmgr
2018-07-19 05:07:30,612 null [INFO] (../src/fwidbmgr.cpp:5369) Auto convert: 1
2018-07-19 05:07:30,612 null [INFO] (../src/fwidbmgr.cpp:446) action: in.
2018-07-19 05:07:30,612 null [INFO] (../src/fwidbmgr.cpp:470) date: 20180718.
2018-07-19 05:07:30,612 null [INFO] (../src/fwidbmgr.cpp:322) Try to read: /home/meteo/dev/redist/fwidbmgr/config/fwidbmgr.conf.
2018-07-19 05:07:30,630 null [INFO] (../src/fwidbmgr.cpp:5393) Configuration parsing: OK.
2018-07-19 05:07:30,652 null [INFO] (../src/fwidbmgr.cpp:5478) Connected to database
2018-07-19 05:07:30,652 null [INFO] (../src/fwidbmgr.cpp:5480) Manage data for date: 20180718.
2018-07-19 05:07:30,652 null [INFO] (../src/fwidbmgr.cpp:5536) Importing meteo data in database for day: 20180718.
2018-07-19 05:07:30,656 null [INFO] (/home/meteo/dev/redist/fwidbmgr/include/Grid.h:1595) Configuring grid: snow
2018-07-19 05:07:30,656 null [INFO] (/home/meteo/dev/redist/fwidbmgr/include/Grid.h:1695) Grid snow configured.
2018-07-19 05:07:30,681 null [INFO] (/home/meteo/dev/redist/fwidbmgr/include/Grid.h:1595) Configuring grid: snow_covering
2018-07-19 05:07:30,681 null [INFO] (/home/meteo/dev/redist/fwidbmgr/include/Grid.h:1695) Grid snow_covering configured.
2018-07-19 05:07:30,726 null [INFO] (/home/meteo/dev/redist/fwidbmgr/include/Grid.h:1595) Configuring grid: snow_dissolution
2018-07-19 05:07:30,726 null [INFO] (/home/meteo/dev/redist/fwidbmgr/include/Grid.h:1695) Grid snow_dissolution configured.
2018-07-19 05:07:30,780 null [INFO] (/home/meteo/dev/redist/fwidbmgr/include/Grid.h:1595) Configuring grid: temperature
2018-07-19 05:07:30,781 null [INFO] (/home/meteo/dev/redist/fwidbmgr/include/Grid.h:1695) Grid temperature configured.
2018-07-19 05:07:30,791 null [INFO] (/home/meteo/dev/redist/fwidbmgr/include/Grid.h:1595) Configuring grid: humidity
2018-07-19 05:07:30,792 null [INFO] (/home/meteo/dev/redist/fwidbmgr/include/Grid.h:1695) Grid humidity configured.
2018-07-19 05:07:30,814 null [INFO] (/home/meteo/dev/redist/fwidbmgr/include/Grid.h:1595) Configuring grid: windspeed
2018-07-19 05:07:30,815 null [INFO] (/home/meteo/dev/redist/fwidbmgr/include/Grid.h:1695) Grid windspeed configured.
2018-07-19 05:07:30,862 null [INFO] (/home/meteo/dev/redist/fwidbmgr/include/Grid.h:1595) Configuring grid: rain
2018-07-19 05:07:30,863 null [INFO] (/home/meteo/dev/redist/fwidbmgr/include/Grid.h:1695) Grid rain configured.
2018-07-19 05:07:30,869 null [INFO] (/home/meteo/dev/redist/fwidbmgr/include/Grid.h:1595) Configuring grid: cum_rain
2018-07-19 05:07:30,869 null [INFO] (/home/meteo/dev/redist/fwidbmgr/include/Grid.h:1695) Grid cum_rain configured.
2018-07-19 05:07:41,130 null [INFO] (../src/fwidbmgr.cpp:1518) Storing meteo input ...
2018-07-19 05:08:18,545 null [INFO] (../src/fwidbmgr.cpp:5540) OK --> 20180718 data imported.
2018-07-19 05:08:18,596 null [INFO] (../src/fwidbmgr.cpp:5695) action in took about 48 seconds.
2018-07-19 05:08:18,742 null [INFO] (../src/fwidbmgr.cpp:5699) Disconnected from database.
2018-07-19 05:10:20,106 null [INFO] (../src/fwidbmgr.cpp:5361) fwi db manager
2018-07-19 05:10:20,106 null [INFO] (../src/fwidbmgr.cpp:5365) Program home: /home/meteo/dev/redist/fwidbmgr
2018-07-19 05:10:20,106 null [INFO] (../src/fwidbmgr.cpp:5369) Auto convert: 1
2018-07-19 05:10:20,106 null [INFO] (../src/fwidbmgr.cpp:446) action: out.
2018-07-19 05:10:20,106 null [INFO] (../src/fwidbmgr.cpp:470) date: 20180718.
2018-07-19 05:10:20,106 null [INFO] (../src/fwidbmgr.cpp:322) Try to read: /home/meteo/dev/redist/fwidbmgr/config/fwidbmgr.conf.
2018-07-19 05:10:20,114 null [INFO] (../src/fwidbmgr.cpp:5393) Configuration parsing: OK.
2018-07-19 05:10:20,152 null [INFO] (../src/fwidbmgr.cpp:5478) Connected to database
2018-07-19 05:10:20,152 null [INFO] (../src/fwidbmgr.cpp:5480) Manage data for date: 20180718.
2018-07-19 05:10:20,153 null [INFO] (../src/fwidbmgr.cpp:5551) Importing fwi indexes data in database for day: 20180718.
2018-07-19 05:10:20,162 null [INFO] (/home/meteo/dev/redist/fwidbmgr/include/Grid.h:1595) Configuring grid: isi
2018-07-19 05:10:20,163 null [INFO] (/home/meteo/dev/redist/fwidbmgr/include/Grid.h:1695) Grid isi configured.
2018-07-19 05:10:20,193 null [INFO] (/home/meteo/dev/redist/fwidbmgr/include/Grid.h:1595) Configuring grid: fwi
2018-07-19 05:10:20,193 null [INFO] (/home/meteo/dev/redist/fwidbmgr/include/Grid.h:1695) Grid fwi configured.
2018-07-19 05:10:20,239 null [INFO] (/home/meteo/dev/redist/fwidbmgr/include/Grid.h:1595) Configuring grid: ffmc
2018-07-19 05:10:20,239 null [INFO] (/home/meteo/dev/redist/fwidbmgr/include/Grid.h:1695) Grid ffmc configured.
2018-07-19 05:10:20,270 null [INFO] (/home/meteo/dev/redist/fwidbmgr/include/Grid.h:1595) Configuring grid: dmc
2018-07-19 05:10:20,270 null [INFO] (/home/meteo/dev/redist/fwidbmgr/include/Grid.h:1695) Grid dmc configured.
2018-07-19 05:10:20,300 null [INFO] (/home/meteo/dev/redist/fwidbmgr/include/Grid.h:1595) Configuring grid: dc
2018-07-19 05:10:20,300 null [INFO] (/home/meteo/dev/redist/fwidbmgr/include/Grid.h:1695) Grid dc configured.
2018-07-19 05:10:20,331 null [INFO] (/home/meteo/dev/redist/fwidbmgr/include/Grid.h:1595) Configuring grid: bui
2018-07-19 05:10:20,331 null [INFO] (/home/meteo/dev/redist/fwidbmgr/include/Grid.h:1695) Grid bui configured.
2018-07-19 05:10:20,361 null [INFO] (/home/meteo/dev/redist/fwidbmgr/include/Grid.h:1595) Configuring grid: ffmc_tmp
2018-07-19 05:10:20,361 null [INFO] (/home/meteo/dev/redist/fwidbmgr/include/Grid.h:1695) Grid ffmc_tmp configured.
2018-07-19 05:10:20,414 null [INFO] (/home/meteo/dev/redist/fwidbmgr/include/Grid.h:1595) Configuring grid: dmc_tmp
2018-07-19 05:10:20,414 null [INFO] (/home/meteo/dev/redist/fwidbmgr/include/Grid.h:1695) Grid dmc_tmp configured.
2018-07-19 05:10:20,465 null [INFO] (/home/meteo/dev/redist/fwidbmgr/include/Grid.h:1595) Configuring grid: dc_tmp
2018-07-19 05:10:20,465 null [INFO] (/home/meteo/dev/redist/fwidbmgr/include/Grid.h:1695) Grid dc_tmp configured.
2018-07-19 05:10:20,486 null [INFO] (/home/meteo/dev/redist/fwidbmgr/include/Grid.h:1595) Configuring grid: idi
2018-07-19 05:10:20,486 null [INFO] (/home/meteo/dev/redist/fwidbmgr/include/Grid.h:1695) Grid idi configured.
2018-07-19 05:10:27,528 null [INFO] (../src/fwidbmgr.cpp:2081) Storing FWI indexes ...
2018-07-19 05:11:00,058 null [INFO] (../src/fwidbmgr.cpp:5555) OK --> 20180718 data imported.
2018-07-19 05:11:00,058 null [INFO] (../src/fwidbmgr.cpp:5695) action out took about 40 seconds.
2018-07-19 05:11:00,060 null [INFO] (../src/fwidbmgr.cpp:5699) Disconnected from database.
2018-07-19 05:11:00,471 null [INFO] (../src/fwidbmgr.cpp:5361) fwi db manager
2018-07-19 05:11:00,471 null [INFO] (../src/fwidbmgr.cpp:5365) Program home: /home/meteo/dev/redist/fwidbmgr
2018-07-19 05:11:00,471 null [INFO] (../src/fwidbmgr.cpp:5369) Auto convert: 1
2018-07-19 05:11:00,472 null [INFO] (../src/fwidbmgr.cpp:446) action: computeidx.
2018-07-19 05:11:00,472 null [INFO] (../src/fwidbmgr.cpp:470) date: 20180718.
2018-07-19 05:11:00,472 null [INFO] (../src/fwidbmgr.cpp:322) Try to read: /home/meteo/dev/redist/fwidbmgr/config/fwidbmgr.conf.
2018-07-19 05:11:00,482 null [INFO] (../src/fwidbmgr.cpp:5393) Configuration parsing: OK.
2018-07-19 05:11:00,510 null [INFO] (../src/fwidbmgr.cpp:5478) Connected to database
2018-07-19 05:11:00,510 null [INFO] (../src/fwidbmgr.cpp:5480) Manage data for date: 20180718.
2018-07-19 05:11:00,511 null [INFO] (../src/fwidbmgr.cpp:5656) Computing indexes.
2018-07-19 05:11:00,514 null [INFO] (/home/meteo/dev/redist/fwidbmgr/include/Grid.h:1595) Configuring grid: isi
2018-07-19 05:11:00,514 null [INFO] (/home/meteo/dev/redist/fwidbmgr/include/Grid.h:1695) Grid isi configured.
2018-07-19 05:11:00,517 null [INFO] (/home/meteo/dev/redist/fwidbmgr/include/Grid.h:1595) Configuring grid: fwi
2018-07-19 05:11:00,517 null [INFO] (/home/meteo/dev/redist/fwidbmgr/include/Grid.h:1695) Grid fwi configured.
2018-07-19 05:11:00,520 null [INFO] (/home/meteo/dev/redist/fwidbmgr/include/Grid.h:1595) Configuring grid: ffmc
2018-07-19 05:11:00,532 null [INFO] (/home/meteo/dev/redist/fwidbmgr/include/Grid.h:1695) Grid ffmc configured.
2018-07-19 05:11:00,534 null [INFO] (/home/meteo/dev/redist/fwidbmgr/include/Grid.h:1595) Configuring grid: dmc
2018-07-19 05:11:00,535 null [INFO] (/home/meteo/dev/redist/fwidbmgr/include/Grid.h:1695) Grid dmc configured.
2018-07-19 05:11:00,537 null [INFO] (/home/meteo/dev/redist/fwidbmgr/include/Grid.h:1595) Configuring grid: dc
2018-07-19 05:11:00,538 null [INFO] (/home/meteo/dev/redist/fwidbmgr/include/Grid.h:1695) Grid dc configured.
2018-07-19 05:11:00,540 null [INFO] (/home/meteo/dev/redist/fwidbmgr/include/Grid.h:1595) Configuring grid: bui
2018-07-19 05:11:00,541 null [INFO] (/home/meteo/dev/redist/fwidbmgr/include/Grid.h:1695) Grid bui configured.
2018-07-19 05:11:00,543 null [INFO] (/home/meteo/dev/redist/fwidbmgr/include/Grid.h:1595) Configuring grid: ffmc_tmp
2018-07-19 05:11:00,543 null [INFO] (/home/meteo/dev/redist/fwidbmgr/include/Grid.h:1695) Grid ffmc_tmp configured.
2018-07-19 05:11:00,546 null [INFO] (/home/meteo/dev/redist/fwidbmgr/include/Grid.h:1595) Configuring grid: dmc_tmp
2018-07-19 05:11:00,546 null [INFO] (/home/meteo/dev/redist/fwidbmgr/include/Grid.h:1695) Grid dmc_tmp configured.
2018-07-19 05:11:00,549 null [INFO] (/home/meteo/dev/redist/fwidbmgr/include/Grid.h:1595) Configuring grid: dc_tmp
2018-07-19 05:11:00,549 null [INFO] (/home/meteo/dev/redist/fwidbmgr/include/Grid.h:1695) Grid dc_tmp configured.
2018-07-19 05:11:00,552 null [INFO] (/home/meteo/dev/redist/fwidbmgr/include/Grid.h:1595) Configuring grid: idi
2018-07-19 05:11:00,552 null [INFO] (/home/meteo/dev/redist/fwidbmgr/include/Grid.h:1695) Grid idi configured.
2018-07-19 05:11:00,555 null [INFO] (/home/meteo/dev/redist/fwidbmgr/include/Grid.h:1595) Configuring grid: angstrom
2018-07-19 05:11:00,555 null [INFO] (/home/meteo/dev/redist/fwidbmgr/include/Grid.h:1695) Grid angstrom configured.
2018-07-19 05:11:00,558 null [INFO] (/home/meteo/dev/redist/fwidbmgr/include/Grid.h:1595) Configuring grid: fmi
2018-07-19 05:11:00,558 null [INFO] (/home/meteo/dev/redist/fwidbmgr/include/Grid.h:1695) Grid fmi configured.
2018-07-19 05:11:00,561 null [INFO] (/home/meteo/dev/redist/fwidbmgr/include/Grid.h:1595) Configuring grid: sharples
2018-07-19 05:11:00,561 null [INFO] (/home/meteo/dev/redist/fwidbmgr/include/Grid.h:1695) Grid sharples configured.
2018-07-19 05:11:08,608 null [INFO] (/home/meteo/dev/redist/fwidbmgr/include/Grid.h:1595) Configuring grid: snow
2018-07-19 05:11:08,608 null [INFO] (/home/meteo/dev/redist/fwidbmgr/include/Grid.h:1695) Grid snow configured.
2018-07-19 05:11:08,608 null [INFO] (/home/meteo/dev/redist/fwidbmgr/include/Grid.h:1595) Configuring grid: snow_covering
2018-07-19 05:11:08,608 null [INFO] (/home/meteo/dev/redist/fwidbmgr/include/Grid.h:1695) Grid snow_covering configured.
2018-07-19 05:11:08,608 null [INFO] (/home/meteo/dev/redist/fwidbmgr/include/Grid.h:1595) Configuring grid: snow_dissolution
2018-07-19 05:11:08,608 null [INFO] (/home/meteo/dev/redist/fwidbmgr/include/Grid.h:1695) Grid snow_dissolution configured.
2018-07-19 05:11:08,608 null [INFO] (/home/meteo/dev/redist/fwidbmgr/include/Grid.h:1595) Configuring grid: temperature
2018-07-19 05:11:08,608 null [INFO] (/home/meteo/dev/redist/fwidbmgr/include/Grid.h:1695) Grid temperature configured.
2018-07-19 05:11:08,609 null [INFO] (/home/meteo/dev/redist/fwidbmgr/include/Grid.h:1595) Configuring grid: humidity
2018-07-19 05:11:08,609 null [INFO] (/home/meteo/dev/redist/fwidbmgr/include/Grid.h:1695) Grid humidity configured.
2018-07-19 05:11:08,609 null [INFO] (/home/meteo/dev/redist/fwidbmgr/include/Grid.h:1595) Configuring grid: windspeed
2018-07-19 05:11:08,609 null [INFO] (/home/meteo/dev/redist/fwidbmgr/include/Grid.h:1695) Grid windspeed configured.
2018-07-19 05:11:08,609 null [INFO] (/home/meteo/dev/redist/fwidbmgr/include/Grid.h:1595) Configuring grid: rain
2018-07-19 05:11:08,609 null [INFO] (/home/meteo/dev/redist/fwidbmgr/include/Grid.h:1695) Grid rain configured.
2018-07-19 05:11:08,609 null [INFO] (/home/meteo/dev/redist/fwidbmgr/include/Grid.h:1595) Configuring grid: cum_rain
2018-07-19 05:11:08,610 null [INFO] (/home/meteo/dev/redist/fwidbmgr/include/Grid.h:1695) Grid cum_rain configured.
2018-07-19 05:13:39,263 null [INFO] (../src/fwidbmgr.cpp:5660) OK --> 20180718 indexes computed.
2018-07-19 05:13:39,271 null [INFO] (../src/fwidbmgr.cpp:5695) action computeidx took about 159 seconds.
2018-07-19 05:13:39,272 null [INFO] (../src/fwidbmgr.cpp:5699) Disconnected from database.
2018-07-19 05:13:39,499 null [INFO] (../src/fwidbmgr.cpp:5361) fwi db manager
2018-07-19 05:13:39,499 null [INFO] (../src/fwidbmgr.cpp:5365) Program home: /home/meteo/dev/redist/fwidbmgr
2018-07-19 05:13:39,499 null [INFO] (../src/fwidbmgr.cpp:5369) Auto convert: 1
2018-07-19 05:13:39,499 null [INFO] (../src/fwidbmgr.cpp:446) action: exportidx.
2018-07-19 05:13:39,499 null [INFO] (../src/fwidbmgr.cpp:470) date: 20180718.
2018-07-19 05:13:39,499 null [INFO] (../src/fwidbmgr.cpp:322) Try to read: /home/meteo/dev/redist/fwidbmgr/config/fwidbmgr.conf.
2018-07-19 05:13:39,510 null [INFO] (../src/fwidbmgr.cpp:5393) Configuration parsing: OK.
2018-07-19 05:13:39,537 null [INFO] (../src/fwidbmgr.cpp:5478) Connected to database
2018-07-19 05:13:39,537 null [INFO] (../src/fwidbmgr.cpp:5480) Manage data for date: 20180718.
2018-07-19 05:13:39,538 null [INFO] (../src/fwidbmgr.cpp:5596) Exporting indexes.
2018-07-19 05:13:39,542 null [INFO] (/home/meteo/dev/redist/fwidbmgr/include/Grid.h:1595) Configuring grid: isi
2018-07-19 05:13:39,542 null [INFO] (/home/meteo/dev/redist/fwidbmgr/include/Grid.h:1695) Grid isi configured.
2018-07-19 05:13:39,545 null [INFO] (/home/meteo/dev/redist/fwidbmgr/include/Grid.h:1595) Configuring grid: fwi
2018-07-19 05:13:39,545 null [INFO] (/home/meteo/dev/redist/fwidbmgr/include/Grid.h:1695) Grid fwi configured.
2018-07-19 05:13:39,548 null [INFO] (/home/meteo/dev/redist/fwidbmgr/include/Grid.h:1595) Configuring grid: ffmc
2018-07-19 05:13:39,548 null [INFO] (/home/meteo/dev/redist/fwidbmgr/include/Grid.h:1695) Grid ffmc configured.
2018-07-19 05:13:39,551 null [INFO] (/home/meteo/dev/redist/fwidbmgr/include/Grid.h:1595) Configuring grid: dmc
2018-07-19 05:13:39,551 null [INFO] (/home/meteo/dev/redist/fwidbmgr/include/Grid.h:1695) Grid dmc configured.
2018-07-19 05:13:39,554 null [INFO] (/home/meteo/dev/redist/fwidbmgr/include/Grid.h:1595) Configuring grid: dc
2018-07-19 05:13:39,554 null [INFO] (/home/meteo/dev/redist/fwidbmgr/include/Grid.h:1695) Grid dc configured.
2018-07-19 05:13:39,557 null [INFO] (/home/meteo/dev/redist/fwidbmgr/include/Grid.h:1595) Configuring grid: bui
2018-07-19 05:13:39,557 null [INFO] (/home/meteo/dev/redist/fwidbmgr/include/Grid.h:1695) Grid bui configured.
2018-07-19 05:13:39,560 null [INFO] (/home/meteo/dev/redist/fwidbmgr/include/Grid.h:1595) Configuring grid: ffmc_tmp
2018-07-19 05:13:39,560 null [INFO] (/home/meteo/dev/redist/fwidbmgr/include/Grid.h:1695) Grid ffmc_tmp configured.
2018-07-19 05:13:39,563 null [INFO] (/home/meteo/dev/redist/fwidbmgr/include/Grid.h:1595) Configuring grid: dmc_tmp
2018-07-19 05:13:39,564 null [INFO] (/home/meteo/dev/redist/fwidbmgr/include/Grid.h:1695) Grid dmc_tmp configured.
2018-07-19 05:13:39,566 null [INFO] (/home/meteo/dev/redist/fwidbmgr/include/Grid.h:1595) Configuring grid: dc_tmp
2018-07-19 05:13:39,566 null [INFO] (/home/meteo/dev/redist/fwidbmgr/include/Grid.h:1695) Grid dc_tmp configured.
2018-07-19 05:13:39,569 null [INFO] (/home/meteo/dev/redist/fwidbmgr/include/Grid.h:1595) Configuring grid: idi
2018-07-19 05:13:39,569 null [INFO] (/home/meteo/dev/redist/fwidbmgr/include/Grid.h:1695) Grid idi configured.
2018-07-19 05:13:39,572 null [INFO] (/home/meteo/dev/redist/fwidbmgr/include/Grid.h:1595) Configuring grid: angstrom
2018-07-19 05:13:39,572 null [INFO] (/home/meteo/dev/redist/fwidbmgr/include/Grid.h:1695) Grid angstrom configured.
2018-07-19 05:13:39,575 null [INFO] (/home/meteo/dev/redist/fwidbmgr/include/Grid.h:1595) Configuring grid: fmi
2018-07-19 05:13:39,575 null [INFO] (/home/meteo/dev/redist/fwidbmgr/include/Grid.h:1695) Grid fmi configured.
2018-07-19 05:13:39,578 null [INFO] (/home/meteo/dev/redist/fwidbmgr/include/Grid.h:1595) Configuring grid: sharples
2018-07-19 05:13:39,578 null [INFO] (/home/meteo/dev/redist/fwidbmgr/include/Grid.h:1695) Grid sharples configured.
2018-07-19 05:13:47,615 null [INFO] (/home/meteo/dev/redist/fwidbmgr/include/Grid.h:1595) Configuring grid: isi
2018-07-19 05:13:47,616 null [INFO] (/home/meteo/dev/redist/fwidbmgr/include/Grid.h:1695) Grid isi configured.
2018-07-19 05:13:47,718 null [INFO] (/home/meteo/dev/redist/fwidbmgr/include/Grid.h:1595) Configuring grid: fwi
2018-07-19 05:13:47,719 null [INFO] (/home/meteo/dev/redist/fwidbmgr/include/Grid.h:1695) Grid fwi configured.
2018-07-19 05:13:47,756 null [INFO] (/home/meteo/dev/redist/fwidbmgr/include/Grid.h:1595) Configuring grid: ffmc
2018-07-19 05:13:47,756 null [INFO] (/home/meteo/dev/redist/fwidbmgr/include/Grid.h:1695) Grid ffmc configured.
2018-07-19 05:13:47,794 null [INFO] (/home/meteo/dev/redist/fwidbmgr/include/Grid.h:1595) Configuring grid: dmc
2018-07-19 05:13:47,794 null [INFO] (/home/meteo/dev/redist/fwidbmgr/include/Grid.h:1695) Grid dmc configured.
2018-07-19 05:13:47,833 null [INFO] (/home/meteo/dev/redist/fwidbmgr/include/Grid.h:1595) Configuring grid: dc
2018-07-19 05:13:47,833 null [INFO] (/home/meteo/dev/redist/fwidbmgr/include/Grid.h:1695) Grid dc configured.
2018-07-19 05:13:47,872 null [INFO] (/home/meteo/dev/redist/fwidbmgr/include/Grid.h:1595) Configuring grid: bui
2018-07-19 05:13:47,872 null [INFO] (/home/meteo/dev/redist/fwidbmgr/include/Grid.h:1695) Grid bui configured.
2018-07-19 05:13:47,910 null [INFO] (/home/meteo/dev/redist/fwidbmgr/include/Grid.h:1595) Configuring grid: ffmc_tmp
2018-07-19 05:13:47,910 null [INFO] (/home/meteo/dev/redist/fwidbmgr/include/Grid.h:1695) Grid ffmc_tmp configured.
2018-07-19 05:13:47,946 null [INFO] (/home/meteo/dev/redist/fwidbmgr/include/Grid.h:1595) Configuring grid: dmc_tmp
2018-07-19 05:13:47,946 null [INFO] (/home/meteo/dev/redist/fwidbmgr/include/Grid.h:1695) Grid dmc_tmp configured.
2018-07-19 05:13:47,996 null [INFO] (/home/meteo/dev/redist/fwidbmgr/include/Grid.h:1595) Configuring grid: dc_tmp
2018-07-19 05:13:47,996 null [INFO] (/home/meteo/dev/redist/fwidbmgr/include/Grid.h:1695) Grid dc_tmp configured.
2018-07-19 05:13:48,032 null [INFO] (/home/meteo/dev/redist/fwidbmgr/include/Grid.h:1595) Configuring grid: angstrom
2018-07-19 05:13:48,032 null [INFO] (/home/meteo/dev/redist/fwidbmgr/include/Grid.h:1695) Grid angstrom configured.
2018-07-19 05:13:48,100 null [INFO] (/home/meteo/dev/redist/fwidbmgr/include/Grid.h:1595) Configuring grid: sharples
2018-07-19 05:13:48,100 null [INFO] (/home/meteo/dev/redist/fwidbmgr/include/Grid.h:1695) Grid sharples configured.
2018-07-19 05:13:48,149 null [INFO] (/home/meteo/dev/redist/fwidbmgr/include/Grid.h:1595) Configuring grid: fmi
2018-07-19 05:13:48,149 null [INFO] (/home/meteo/dev/redist/fwidbmgr/include/Grid.h:1695) Grid fmi configured.
2018-07-19 05:13:48,191 null [INFO] (../src/fwidbmgr.cpp:5600) OK --> 20180718 indexes exported to files.
2018-07-19 05:13:48,191 null [INFO] (../src/fwidbmgr.cpp:5695) action exportidx took about 9 seconds.
2018-07-19 05:13:48,191 null [INFO] (../src/fwidbmgr.cpp:5699) Disconnected from database.
2018-07-19 05:14:34,120 null [INFO] (../src/fwidbmgr.cpp:5361) fwi db manager
2018-07-19 05:14:34,120 null [INFO] (../src/fwidbmgr.cpp:5365) Program home: /home/meteo/dev/redist/fwidbmgr
2018-07-19 05:14:34,121 null [INFO] (../src/fwidbmgr.cpp:5369) Auto convert: 1
2018-07-19 05:14:34,121 null [INFO] (../src/fwidbmgr.cpp:446) action: outimg.
2018-07-19 05:14:34,121 null [INFO] (../src/fwidbmgr.cpp:470) date: 20180718.
2018-07-19 05:14:34,121 null [INFO] (../src/fwidbmgr.cpp:322) Try to read: /home/meteo/dev/redist/fwidbmgr/config/fwidbmgr.conf.
2018-07-19 05:14:34,129 null [INFO] (../src/fwidbmgr.cpp:5393) Configuration parsing: OK.
2018-07-19 05:14:34,141 null [INFO] (../src/fwidbmgr.cpp:5478) Connected to database
2018-07-19 05:14:34,141 null [INFO] (../src/fwidbmgr.cpp:5480) Manage data for date: 20180718.
2018-07-19 05:14:34,141 null [INFO] (../src/fwidbmgr.cpp:5566) Importing fwi indexes images in database.
2018-07-19 05:14:34,327 null [INFO] (../src/fwidbmgr.cpp:5570) OK --> 20180718 images imported.
2018-07-19 05:14:34,328 null [INFO] (../src/fwidbmgr.cpp:5695) action outimg took about 0 seconds.
2018-07-19 05:14:34,328 null [INFO] (../src/fwidbmgr.cpp:5699) Disconnected from database.
2018-07-19 05:37:01,555 null [INFO] (../src/fwidbmgr.cpp:5361) fwi db manager
2018-07-19 05:37:01,556 null [INFO] (../src/fwidbmgr.cpp:5365) Program home: /home/meteo/dev/redist/fwidbmgr
2018-07-19 05:37:01,556 null [INFO] (../src/fwidbmgr.cpp:5369) Auto convert: 1
2018-07-19 05:37:01,556 null [INFO] (../src/fwidbmgr.cpp:446) action: outimg.
2018-07-19 05:37:01,556 null [INFO] (../src/fwidbmgr.cpp:470) date: 20180718.
2018-07-19 05:37:01,556 null [INFO] (../src/fwidbmgr.cpp:322) Try to read: /home/meteo/dev/redist/fwidbmgr/config/fwidbmgr.conf.
2018-07-19 05:37:01,560 null [INFO] (../src/fwidbmgr.cpp:5393) Configuration parsing: OK.
2018-07-19 05:37:01,571 null [INFO] (../src/fwidbmgr.cpp:5478) Connected to database
2018-07-19 05:37:01,571 null [INFO] (../src/fwidbmgr.cpp:5480) Manage data for date: 20180718.
2018-07-19 05:37:01,571 null [INFO] (../src/fwidbmgr.cpp:5566) Importing fwi indexes images in database.
2018-07-19 05:37:01,748 null [INFO] (../src/fwidbmgr.cpp:5570) OK --> 20180718 images imported.
2018-07-19 05:37:01,748 null [INFO] (../src/fwidbmgr.cpp:5695) action outimg took about 0 seconds.
2018-07-19 05:37:01,748 null [INFO] (../src/fwidbmgr.cpp:5699) Disconnected from database.
2018-07-19 06:05:01,990 null [INFO] (../src/fwidbmgr.cpp:5361) fwi db manager
2018-07-19 06:05:01,990 null [INFO] (../src/fwidbmgr.cpp:5365) Program home: /home/meteo/dev/redist/fwidbmgr
2018-07-19 06:05:01,990 null [INFO] (../src/fwidbmgr.cpp:5369) Auto convert: 1
2018-07-19 06:05:01,990 null [INFO] (../src/fwidbmgr.cpp:446) action: outimg.
2018-07-19 06:05:01,990 null [INFO] (../src/fwidbmgr.cpp:470) date: 20180718.
2018-07-19 06:05:01,990 null [INFO] (../src/fwidbmgr.cpp:322) Try to read: /home/meteo/dev/redist/fwidbmgr/config/fwidbmgr.conf.
2018-07-19 06:05:01,992 null [INFO] (../src/fwidbmgr.cpp:5393) Configuration parsing: OK.
2018-07-19 06:05:01,997 null [INFO] (../src/fwidbmgr.cpp:5478) Connected to database
2018-07-19 06:05:01,997 null [INFO] (../src/fwidbmgr.cpp:5480) Manage data for date: 20180718.
2018-07-19 06:05:01,997 null [INFO] (../src/fwidbmgr.cpp:5566) Importing fwi indexes images in database.
2018-07-19 06:05:02,153 null [INFO] (../src/fwidbmgr.cpp:5570) OK --> 20180718 images imported.
2018-07-19 06:05:02,153 null [INFO] (../src/fwidbmgr.cpp:5695) action outimg took about 1 seconds.
2018-07-19 06:05:02,153 null [INFO] (../src/fwidbmgr.cpp:5699) Disconnected from database.
2018-07-19 06:37:01,396 null [INFO] (../src/fwidbmgr.cpp:5361) fwi db manager
2018-07-19 06:37:01,396 null [INFO] (../src/fwidbmgr.cpp:5365) Program home: /home/meteo/dev/redist/fwidbmgr
2018-07-19 06:37:01,396 null [INFO] (../src/fwidbmgr.cpp:5369) Auto convert: 1
2018-07-19 06:37:01,396 null [INFO] (../src/fwidbmgr.cpp:446) action: outimg.
2018-07-19 06:37:01,396 null [INFO] (../src/fwidbmgr.cpp:470) date: 20180718.
2018-07-19 06:37:01,396 null [INFO] (../src/fwidbmgr.cpp:322) Try to read: /home/meteo/dev/redist/fwidbmgr/config/fwidbmgr.conf.
2018-07-19 06:37:01,400 null [INFO] (../src/fwidbmgr.cpp:5393) Configuration parsing: OK.
2018-07-19 06:37:01,409 null [INFO] (../src/fwidbmgr.cpp:5478) Connected to database
2018-07-19 06:37:01,409 null [INFO] (../src/fwidbmgr.cpp:5480) Manage data for date: 20180718.
2018-07-19 06:37:01,410 null [INFO] (../src/fwidbmgr.cpp:5566) Importing fwi indexes images in database.
2018-07-19 06:37:01,561 null [INFO] (../src/fwidbmgr.cpp:5570) OK --> 20180718 images imported.
2018-07-19 06:37:01,561 null [INFO] (../src/fwidbmgr.cpp:5695) action outimg took about 0 seconds.
2018-07-19 06:37:01,561 null [INFO] (../src/fwidbmgr.cpp:5699) Disconnected from database.
2018-07-19 07:05:01,585 null [INFO] (../src/fwidbmgr.cpp:5361) fwi db manager
2018-07-19 07:05:01,588 null [INFO] (../src/fwidbmgr.cpp:5365) Program home: /home/meteo/dev/redist/fwidbmgr
2018-07-19 07:05:01,588 null [INFO] (../src/fwidbmgr.cpp:5369) Auto convert: 1
2018-07-19 07:05:01,588 null [INFO] (../src/fwidbmgr.cpp:446) action: outimg.
2018-07-19 07:05:01,588 null [INFO] (../src/fwidbmgr.cpp:470) date: 20180718.
2018-07-19 07:05:01,589 null [INFO] (../src/fwidbmgr.cpp:322) Try to read: /home/meteo/dev/redist/fwidbmgr/config/fwidbmgr.conf.
2018-07-19 07:05:01,596 null [INFO] (../src/fwidbmgr.cpp:5393) Configuration parsing: OK.
2018-07-19 07:05:01,633 null [INFO] (../src/fwidbmgr.cpp:5478) Connected to database
2018-07-19 07:05:01,634 null [INFO] (../src/fwidbmgr.cpp:5480) Manage data for date: 20180718.
2018-07-19 07:05:01,634 null [INFO] (../src/fwidbmgr.cpp:5566) Importing fwi indexes images in database.
2018-07-19 07:05:01,920 null [INFO] (../src/fwidbmgr.cpp:5570) OK --> 20180718 images imported.
2018-07-19 07:05:01,920 null [INFO] (../src/fwidbmgr.cpp:5695) action outimg took about 0 seconds.
2018-07-19 07:05:01,921 null [INFO] (../src/fwidbmgr.cpp:5699) Disconnected from database.
2018-07-19 07:37:01,440 null [INFO] (../src/fwidbmgr.cpp:5361) fwi db manager
2018-07-19 07:37:01,441 null [INFO] (../src/fwidbmgr.cpp:5365) Program home: /home/meteo/dev/redist/fwidbmgr
2018-07-19 07:37:01,441 null [INFO] (../src/fwidbmgr.cpp:5369) Auto convert: 1
2018-07-19 07:37:01,441 null [INFO] (../src/fwidbmgr.cpp:446) action: outimg.
2018-07-19 07:37:01,441 null [INFO] (../src/fwidbmgr.cpp:470) date: 20180718.
2018-07-19 07:37:01,441 null [INFO] (../src/fwidbmgr.cpp:322) Try to read: /home/meteo/dev/redist/fwidbmgr/config/fwidbmgr.conf.
2018-07-19 07:37:01,446 null [INFO] (../src/fwidbmgr.cpp:5393) Configuration parsing: OK.
2018-07-19 07:37:01,480 null [INFO] (../src/fwidbmgr.cpp:5478) Connected to database
2018-07-19 07:37:01,484 null [INFO] (../src/fwidbmgr.cpp:5480) Manage data for date: 20180718.
2018-07-19 07:37:01,485 null [INFO] (../src/fwidbmgr.cpp:5566) Importing fwi indexes images in database.
2018-07-19 07:37:01,704 null [INFO] (../src/fwidbmgr.cpp:5570) OK --> 20180718 images imported.
2018-07-19 07:37:01,704 null [INFO] (../src/fwidbmgr.cpp:5695) action outimg took about 0 seconds.
2018-07-19 07:37:01,705 null [INFO] (../src/fwidbmgr.cpp:5699) Disconnected from database.
