2017-12-28 04:06:50,707 null [INFO] (../src/fwidbmgr.cpp:5361) fwi db manager
2017-12-28 04:06:50,707 null [INFO] (../src/fwidbmgr.cpp:5365) Program home: /home/meteo/dev/redist/fwidbmgr
2017-12-28 04:06:50,707 null [INFO] (../src/fwidbmgr.cpp:5369) Auto convert: 1
2017-12-28 04:06:50,707 null [INFO] (../src/fwidbmgr.cpp:446) action: in.
2017-12-28 04:06:50,707 null [INFO] (../src/fwidbmgr.cpp:470) date: 20171227.
2017-12-28 04:06:50,707 null [INFO] (../src/fwidbmgr.cpp:322) Try to read: /home/meteo/dev/redist/fwidbmgr/config/fwidbmgr.conf.
2017-12-28 04:06:50,727 null [INFO] (../src/fwidbmgr.cpp:5393) Configuration parsing: OK.
2017-12-28 04:06:50,751 null [INFO] (../src/fwidbmgr.cpp:5478) Connected to database
2017-12-28 04:06:50,751 null [INFO] (../src/fwidbmgr.cpp:5480) Manage data for date: 20171227.
2017-12-28 04:06:50,752 null [INFO] (../src/fwidbmgr.cpp:5536) Importing meteo data in database for day: 20171227.
2017-12-28 04:06:50,760 null [INFO] (/home/meteo/dev/redist/fwidbmgr/include/Grid.h:1595) Configuring grid: snow
2017-12-28 04:06:50,761 null [INFO] (/home/meteo/dev/redist/fwidbmgr/include/Grid.h:1695) Grid snow configured.
2017-12-28 04:06:50,771 null [INFO] (/home/meteo/dev/redist/fwidbmgr/include/Grid.h:1595) Configuring grid: snow_covering
2017-12-28 04:06:50,772 null [INFO] (/home/meteo/dev/redist/fwidbmgr/include/Grid.h:1695) Grid snow_covering configured.
2017-12-28 04:06:50,784 null [INFO] (/home/meteo/dev/redist/fwidbmgr/include/Grid.h:1595) Configuring grid: snow_dissolution
2017-12-28 04:06:50,784 null [INFO] (/home/meteo/dev/redist/fwidbmgr/include/Grid.h:1695) Grid snow_dissolution configured.
2017-12-28 04:06:50,807 null [INFO] (/home/meteo/dev/redist/fwidbmgr/include/Grid.h:1595) Configuring grid: temperature
2017-12-28 04:06:50,807 null [INFO] (/home/meteo/dev/redist/fwidbmgr/include/Grid.h:1695) Grid temperature configured.
2017-12-28 04:06:50,812 null [INFO] (/home/meteo/dev/redist/fwidbmgr/include/Grid.h:1595) Configuring grid: humidity
2017-12-28 04:06:50,812 null [INFO] (/home/meteo/dev/redist/fwidbmgr/include/Grid.h:1695) Grid humidity configured.
2017-12-28 04:06:50,822 null [INFO] (/home/meteo/dev/redist/fwidbmgr/include/Grid.h:1595) Configuring grid: windspeed
2017-12-28 04:06:50,823 null [INFO] (/home/meteo/dev/redist/fwidbmgr/include/Grid.h:1695) Grid windspeed configured.
2017-12-28 04:06:50,844 null [INFO] (/home/meteo/dev/redist/fwidbmgr/include/Grid.h:1595) Configuring grid: rain
2017-12-28 04:06:50,845 null [INFO] (/home/meteo/dev/redist/fwidbmgr/include/Grid.h:1695) Grid rain configured.
2017-12-28 04:06:50,847 null [INFO] (/home/meteo/dev/redist/fwidbmgr/include/Grid.h:1595) Configuring grid: cum_rain
2017-12-28 04:06:50,848 null [INFO] (/home/meteo/dev/redist/fwidbmgr/include/Grid.h:1695) Grid cum_rain configured.
2017-12-28 04:06:57,300 null [INFO] (../src/fwidbmgr.cpp:1518) Storing meteo input ...
2017-12-28 04:07:16,699 null [INFO] (../src/fwidbmgr.cpp:5540) OK --> 20171227 data imported.
2017-12-28 04:07:16,740 null [INFO] (../src/fwidbmgr.cpp:5695) action in took about 26 seconds.
2017-12-28 04:07:16,913 null [INFO] (../src/fwidbmgr.cpp:5699) Disconnected from database.
2017-12-28 04:08:28,082 null [INFO] (../src/fwidbmgr.cpp:5361) fwi db manager
2017-12-28 04:08:28,082 null [INFO] (../src/fwidbmgr.cpp:5365) Program home: /home/meteo/dev/redist/fwidbmgr
2017-12-28 04:08:28,083 null [INFO] (../src/fwidbmgr.cpp:5369) Auto convert: 1
2017-12-28 04:08:28,083 null [INFO] (../src/fwidbmgr.cpp:446) action: out.
2017-12-28 04:08:28,083 null [INFO] (../src/fwidbmgr.cpp:470) date: 20171227.
2017-12-28 04:08:28,083 null [INFO] (../src/fwidbmgr.cpp:322) Try to read: /home/meteo/dev/redist/fwidbmgr/config/fwidbmgr.conf.
2017-12-28 04:08:28,091 null [INFO] (../src/fwidbmgr.cpp:5393) Configuration parsing: OK.
2017-12-28 04:08:28,139 null [INFO] (../src/fwidbmgr.cpp:5478) Connected to database
2017-12-28 04:08:28,140 null [INFO] (../src/fwidbmgr.cpp:5480) Manage data for date: 20171227.
2017-12-28 04:08:28,140 null [INFO] (../src/fwidbmgr.cpp:5551) Importing fwi indexes data in database for day: 20171227.
2017-12-28 04:08:28,152 null [INFO] (/home/meteo/dev/redist/fwidbmgr/include/Grid.h:1595) Configuring grid: isi
2017-12-28 04:08:28,152 null [INFO] (/home/meteo/dev/redist/fwidbmgr/include/Grid.h:1695) Grid isi configured.
2017-12-28 04:08:28,165 null [INFO] (/home/meteo/dev/redist/fwidbmgr/include/Grid.h:1595) Configuring grid: fwi
2017-12-28 04:08:28,165 null [INFO] (/home/meteo/dev/redist/fwidbmgr/include/Grid.h:1695) Grid fwi configured.
2017-12-28 04:08:28,177 null [INFO] (/home/meteo/dev/redist/fwidbmgr/include/Grid.h:1595) Configuring grid: ffmc
2017-12-28 04:08:28,178 null [INFO] (/home/meteo/dev/redist/fwidbmgr/include/Grid.h:1695) Grid ffmc configured.
2017-12-28 04:08:28,191 null [INFO] (/home/meteo/dev/redist/fwidbmgr/include/Grid.h:1595) Configuring grid: dmc
2017-12-28 04:08:28,191 null [INFO] (/home/meteo/dev/redist/fwidbmgr/include/Grid.h:1695) Grid dmc configured.
2017-12-28 04:08:28,204 null [INFO] (/home/meteo/dev/redist/fwidbmgr/include/Grid.h:1595) Configuring grid: dc
2017-12-28 04:08:28,204 null [INFO] (/home/meteo/dev/redist/fwidbmgr/include/Grid.h:1695) Grid dc configured.
2017-12-28 04:08:28,217 null [INFO] (/home/meteo/dev/redist/fwidbmgr/include/Grid.h:1595) Configuring grid: bui
2017-12-28 04:08:28,217 null [INFO] (/home/meteo/dev/redist/fwidbmgr/include/Grid.h:1695) Grid bui configured.
2017-12-28 04:08:28,230 null [INFO] (/home/meteo/dev/redist/fwidbmgr/include/Grid.h:1595) Configuring grid: ffmc_tmp
2017-12-28 04:08:28,230 null [INFO] (/home/meteo/dev/redist/fwidbmgr/include/Grid.h:1695) Grid ffmc_tmp configured.
2017-12-28 04:08:28,271 null [INFO] (/home/meteo/dev/redist/fwidbmgr/include/Grid.h:1595) Configuring grid: dmc_tmp
2017-12-28 04:08:28,271 null [INFO] (/home/meteo/dev/redist/fwidbmgr/include/Grid.h:1695) Grid dmc_tmp configured.
2017-12-28 04:08:28,292 null [INFO] (/home/meteo/dev/redist/fwidbmgr/include/Grid.h:1595) Configuring grid: dc_tmp
2017-12-28 04:08:28,292 null [INFO] (/home/meteo/dev/redist/fwidbmgr/include/Grid.h:1695) Grid dc_tmp configured.
2017-12-28 04:08:28,313 null [INFO] (/home/meteo/dev/redist/fwidbmgr/include/Grid.h:1595) Configuring grid: idi
2017-12-28 04:08:28,314 null [INFO] (/home/meteo/dev/redist/fwidbmgr/include/Grid.h:1695) Grid idi configured.
2017-12-28 04:08:39,771 null [INFO] (../src/fwidbmgr.cpp:2081) Storing FWI indexes ...
2017-12-28 04:09:14,580 null [INFO] (../src/fwidbmgr.cpp:5555) OK --> 20171227 data imported.
2017-12-28 04:09:14,581 null [INFO] (../src/fwidbmgr.cpp:5695) action out took about 46 seconds.
2017-12-28 04:09:14,582 null [INFO] (../src/fwidbmgr.cpp:5699) Disconnected from database.
2017-12-28 04:09:14,999 null [INFO] (../src/fwidbmgr.cpp:5361) fwi db manager
2017-12-28 04:09:15,000 null [INFO] (../src/fwidbmgr.cpp:5365) Program home: /home/meteo/dev/redist/fwidbmgr
2017-12-28 04:09:15,000 null [INFO] (../src/fwidbmgr.cpp:5369) Auto convert: 1
2017-12-28 04:09:15,000 null [INFO] (../src/fwidbmgr.cpp:446) action: computeidx.
2017-12-28 04:09:15,000 null [INFO] (../src/fwidbmgr.cpp:470) date: 20171227.
2017-12-28 04:09:15,000 null [INFO] (../src/fwidbmgr.cpp:322) Try to read: /home/meteo/dev/redist/fwidbmgr/config/fwidbmgr.conf.
2017-12-28 04:09:15,008 null [INFO] (../src/fwidbmgr.cpp:5393) Configuration parsing: OK.
2017-12-28 04:09:15,099 null [INFO] (../src/fwidbmgr.cpp:5478) Connected to database
2017-12-28 04:09:15,099 null [INFO] (../src/fwidbmgr.cpp:5480) Manage data for date: 20171227.
2017-12-28 04:09:15,099 null [INFO] (../src/fwidbmgr.cpp:5656) Computing indexes.
2017-12-28 04:09:15,100 null [INFO] (/home/meteo/dev/redist/fwidbmgr/include/Grid.h:1595) Configuring grid: isi
2017-12-28 04:09:15,100 null [INFO] (/home/meteo/dev/redist/fwidbmgr/include/Grid.h:1695) Grid isi configured.
2017-12-28 04:09:15,102 null [INFO] (/home/meteo/dev/redist/fwidbmgr/include/Grid.h:1595) Configuring grid: fwi
2017-12-28 04:09:15,102 null [INFO] (/home/meteo/dev/redist/fwidbmgr/include/Grid.h:1695) Grid fwi configured.
2017-12-28 04:09:15,103 null [INFO] (/home/meteo/dev/redist/fwidbmgr/include/Grid.h:1595) Configuring grid: ffmc
2017-12-28 04:09:15,263 null [INFO] (/home/meteo/dev/redist/fwidbmgr/include/Grid.h:1695) Grid ffmc configured.
2017-12-28 04:09:15,264 null [INFO] (/home/meteo/dev/redist/fwidbmgr/include/Grid.h:1595) Configuring grid: dmc
2017-12-28 04:09:15,264 null [INFO] (/home/meteo/dev/redist/fwidbmgr/include/Grid.h:1695) Grid dmc configured.
2017-12-28 04:09:15,265 null [INFO] (/home/meteo/dev/redist/fwidbmgr/include/Grid.h:1595) Configuring grid: dc
2017-12-28 04:09:15,266 null [INFO] (/home/meteo/dev/redist/fwidbmgr/include/Grid.h:1695) Grid dc configured.
2017-12-28 04:09:15,267 null [INFO] (/home/meteo/dev/redist/fwidbmgr/include/Grid.h:1595) Configuring grid: bui
2017-12-28 04:09:15,267 null [INFO] (/home/meteo/dev/redist/fwidbmgr/include/Grid.h:1695) Grid bui configured.
2017-12-28 04:09:15,268 null [INFO] (/home/meteo/dev/redist/fwidbmgr/include/Grid.h:1595) Configuring grid: ffmc_tmp
2017-12-28 04:09:15,268 null [INFO] (/home/meteo/dev/redist/fwidbmgr/include/Grid.h:1695) Grid ffmc_tmp configured.
2017-12-28 04:09:15,269 null [INFO] (/home/meteo/dev/redist/fwidbmgr/include/Grid.h:1595) Configuring grid: dmc_tmp
2017-12-28 04:09:15,269 null [INFO] (/home/meteo/dev/redist/fwidbmgr/include/Grid.h:1695) Grid dmc_tmp configured.
2017-12-28 04:09:15,271 null [INFO] (/home/meteo/dev/redist/fwidbmgr/include/Grid.h:1595) Configuring grid: dc_tmp
2017-12-28 04:09:15,271 null [INFO] (/home/meteo/dev/redist/fwidbmgr/include/Grid.h:1695) Grid dc_tmp configured.
2017-12-28 04:09:15,272 null [INFO] (/home/meteo/dev/redist/fwidbmgr/include/Grid.h:1595) Configuring grid: idi
2017-12-28 04:09:15,272 null [INFO] (/home/meteo/dev/redist/fwidbmgr/include/Grid.h:1695) Grid idi configured.
2017-12-28 04:09:15,273 null [INFO] (/home/meteo/dev/redist/fwidbmgr/include/Grid.h:1595) Configuring grid: angstrom
2017-12-28 04:09:15,274 null [INFO] (/home/meteo/dev/redist/fwidbmgr/include/Grid.h:1695) Grid angstrom configured.
2017-12-28 04:09:15,275 null [INFO] (/home/meteo/dev/redist/fwidbmgr/include/Grid.h:1595) Configuring grid: fmi
2017-12-28 04:09:15,275 null [INFO] (/home/meteo/dev/redist/fwidbmgr/include/Grid.h:1695) Grid fmi configured.
2017-12-28 04:09:15,276 null [INFO] (/home/meteo/dev/redist/fwidbmgr/include/Grid.h:1595) Configuring grid: sharples
2017-12-28 04:09:15,276 null [INFO] (/home/meteo/dev/redist/fwidbmgr/include/Grid.h:1695) Grid sharples configured.
2017-12-28 04:09:26,260 null [INFO] (/home/meteo/dev/redist/fwidbmgr/include/Grid.h:1595) Configuring grid: snow
2017-12-28 04:09:26,260 null [INFO] (/home/meteo/dev/redist/fwidbmgr/include/Grid.h:1695) Grid snow configured.
2017-12-28 04:09:26,260 null [INFO] (/home/meteo/dev/redist/fwidbmgr/include/Grid.h:1595) Configuring grid: snow_covering
2017-12-28 04:09:26,260 null [INFO] (/home/meteo/dev/redist/fwidbmgr/include/Grid.h:1695) Grid snow_covering configured.
2017-12-28 04:09:26,260 null [INFO] (/home/meteo/dev/redist/fwidbmgr/include/Grid.h:1595) Configuring grid: snow_dissolution
2017-12-28 04:09:26,260 null [INFO] (/home/meteo/dev/redist/fwidbmgr/include/Grid.h:1695) Grid snow_dissolution configured.
2017-12-28 04:09:26,260 null [INFO] (/home/meteo/dev/redist/fwidbmgr/include/Grid.h:1595) Configuring grid: temperature
2017-12-28 04:09:26,260 null [INFO] (/home/meteo/dev/redist/fwidbmgr/include/Grid.h:1695) Grid temperature configured.
2017-12-28 04:09:26,261 null [INFO] (/home/meteo/dev/redist/fwidbmgr/include/Grid.h:1595) Configuring grid: humidity
2017-12-28 04:09:26,261 null [INFO] (/home/meteo/dev/redist/fwidbmgr/include/Grid.h:1695) Grid humidity configured.
2017-12-28 04:09:26,261 null [INFO] (/home/meteo/dev/redist/fwidbmgr/include/Grid.h:1595) Configuring grid: windspeed
2017-12-28 04:09:26,261 null [INFO] (/home/meteo/dev/redist/fwidbmgr/include/Grid.h:1695) Grid windspeed configured.
2017-12-28 04:09:26,261 null [INFO] (/home/meteo/dev/redist/fwidbmgr/include/Grid.h:1595) Configuring grid: rain
2017-12-28 04:09:26,261 null [INFO] (/home/meteo/dev/redist/fwidbmgr/include/Grid.h:1695) Grid rain configured.
2017-12-28 04:09:26,261 null [INFO] (/home/meteo/dev/redist/fwidbmgr/include/Grid.h:1595) Configuring grid: cum_rain
2017-12-28 04:09:26,261 null [INFO] (/home/meteo/dev/redist/fwidbmgr/include/Grid.h:1695) Grid cum_rain configured.
2017-12-28 04:11:50,607 null [INFO] (../src/fwidbmgr.cpp:5660) OK --> 20171227 indexes computed.
2017-12-28 04:11:50,614 null [INFO] (../src/fwidbmgr.cpp:5695) action computeidx took about 155 seconds.
2017-12-28 04:11:50,614 null [INFO] (../src/fwidbmgr.cpp:5699) Disconnected from database.
2017-12-28 04:11:50,784 null [INFO] (../src/fwidbmgr.cpp:5361) fwi db manager
2017-12-28 04:11:50,784 null [INFO] (../src/fwidbmgr.cpp:5365) Program home: /home/meteo/dev/redist/fwidbmgr
2017-12-28 04:11:50,784 null [INFO] (../src/fwidbmgr.cpp:5369) Auto convert: 1
2017-12-28 04:11:50,784 null [INFO] (../src/fwidbmgr.cpp:446) action: exportidx.
2017-12-28 04:11:50,784 null [INFO] (../src/fwidbmgr.cpp:470) date: 20171227.
2017-12-28 04:11:50,784 null [INFO] (../src/fwidbmgr.cpp:322) Try to read: /home/meteo/dev/redist/fwidbmgr/config/fwidbmgr.conf.
2017-12-28 04:11:50,791 null [INFO] (../src/fwidbmgr.cpp:5393) Configuration parsing: OK.
2017-12-28 04:11:50,823 null [INFO] (../src/fwidbmgr.cpp:5478) Connected to database
2017-12-28 04:11:50,823 null [INFO] (../src/fwidbmgr.cpp:5480) Manage data for date: 20171227.
2017-12-28 04:11:50,823 null [INFO] (../src/fwidbmgr.cpp:5596) Exporting indexes.
2017-12-28 04:11:50,825 null [INFO] (/home/meteo/dev/redist/fwidbmgr/include/Grid.h:1595) Configuring grid: isi
2017-12-28 04:11:50,825 null [INFO] (/home/meteo/dev/redist/fwidbmgr/include/Grid.h:1695) Grid isi configured.
2017-12-28 04:11:50,826 null [INFO] (/home/meteo/dev/redist/fwidbmgr/include/Grid.h:1595) Configuring grid: fwi
2017-12-28 04:11:50,826 null [INFO] (/home/meteo/dev/redist/fwidbmgr/include/Grid.h:1695) Grid fwi configured.
2017-12-28 04:11:50,827 null [INFO] (/home/meteo/dev/redist/fwidbmgr/include/Grid.h:1595) Configuring grid: ffmc
2017-12-28 04:11:50,828 null [INFO] (/home/meteo/dev/redist/fwidbmgr/include/Grid.h:1695) Grid ffmc configured.
2017-12-28 04:11:50,829 null [INFO] (/home/meteo/dev/redist/fwidbmgr/include/Grid.h:1595) Configuring grid: dmc
2017-12-28 04:11:50,829 null [INFO] (/home/meteo/dev/redist/fwidbmgr/include/Grid.h:1695) Grid dmc configured.
2017-12-28 04:11:50,830 null [INFO] (/home/meteo/dev/redist/fwidbmgr/include/Grid.h:1595) Configuring grid: dc
2017-12-28 04:11:50,830 null [INFO] (/home/meteo/dev/redist/fwidbmgr/include/Grid.h:1695) Grid dc configured.
2017-12-28 04:11:50,831 null [INFO] (/home/meteo/dev/redist/fwidbmgr/include/Grid.h:1595) Configuring grid: bui
2017-12-28 04:11:50,832 null [INFO] (/home/meteo/dev/redist/fwidbmgr/include/Grid.h:1695) Grid bui configured.
2017-12-28 04:11:50,833 null [INFO] (/home/meteo/dev/redist/fwidbmgr/include/Grid.h:1595) Configuring grid: ffmc_tmp
2017-12-28 04:11:50,833 null [INFO] (/home/meteo/dev/redist/fwidbmgr/include/Grid.h:1695) Grid ffmc_tmp configured.
2017-12-28 04:11:50,834 null [INFO] (/home/meteo/dev/redist/fwidbmgr/include/Grid.h:1595) Configuring grid: dmc_tmp
2017-12-28 04:11:50,834 null [INFO] (/home/meteo/dev/redist/fwidbmgr/include/Grid.h:1695) Grid dmc_tmp configured.
2017-12-28 04:11:50,835 null [INFO] (/home/meteo/dev/redist/fwidbmgr/include/Grid.h:1595) Configuring grid: dc_tmp
2017-12-28 04:11:50,835 null [INFO] (/home/meteo/dev/redist/fwidbmgr/include/Grid.h:1695) Grid dc_tmp configured.
2017-12-28 04:11:50,837 null [INFO] (/home/meteo/dev/redist/fwidbmgr/include/Grid.h:1595) Configuring grid: idi
2017-12-28 04:11:50,837 null [INFO] (/home/meteo/dev/redist/fwidbmgr/include/Grid.h:1695) Grid idi configured.
2017-12-28 04:11:50,838 null [INFO] (/home/meteo/dev/redist/fwidbmgr/include/Grid.h:1595) Configuring grid: angstrom
2017-12-28 04:11:50,838 null [INFO] (/home/meteo/dev/redist/fwidbmgr/include/Grid.h:1695) Grid angstrom configured.
2017-12-28 04:11:50,839 null [INFO] (/home/meteo/dev/redist/fwidbmgr/include/Grid.h:1595) Configuring grid: fmi
2017-12-28 04:11:50,839 null [INFO] (/home/meteo/dev/redist/fwidbmgr/include/Grid.h:1695) Grid fmi configured.
2017-12-28 04:11:50,841 null [INFO] (/home/meteo/dev/redist/fwidbmgr/include/Grid.h:1595) Configuring grid: sharples
2017-12-28 04:11:50,841 null [INFO] (/home/meteo/dev/redist/fwidbmgr/include/Grid.h:1695) Grid sharples configured.
2017-12-28 04:12:01,665 null [INFO] (/home/meteo/dev/redist/fwidbmgr/include/Grid.h:1595) Configuring grid: isi
2017-12-28 04:12:01,673 null [INFO] (/home/meteo/dev/redist/fwidbmgr/include/Grid.h:1695) Grid isi configured.
2017-12-28 04:12:01,738 null [INFO] (/home/meteo/dev/redist/fwidbmgr/include/Grid.h:1595) Configuring grid: fwi
2017-12-28 04:12:01,738 null [INFO] (/home/meteo/dev/redist/fwidbmgr/include/Grid.h:1695) Grid fwi configured.
2017-12-28 04:12:01,786 null [INFO] (/home/meteo/dev/redist/fwidbmgr/include/Grid.h:1595) Configuring grid: ffmc
2017-12-28 04:12:01,787 null [INFO] (/home/meteo/dev/redist/fwidbmgr/include/Grid.h:1695) Grid ffmc configured.
2017-12-28 04:12:01,843 null [INFO] (/home/meteo/dev/redist/fwidbmgr/include/Grid.h:1595) Configuring grid: dmc
2017-12-28 04:12:01,844 null [INFO] (/home/meteo/dev/redist/fwidbmgr/include/Grid.h:1695) Grid dmc configured.
2017-12-28 04:12:01,896 null [INFO] (/home/meteo/dev/redist/fwidbmgr/include/Grid.h:1595) Configuring grid: dc
2017-12-28 04:12:01,896 null [INFO] (/home/meteo/dev/redist/fwidbmgr/include/Grid.h:1695) Grid dc configured.
2017-12-28 04:12:01,943 null [INFO] (/home/meteo/dev/redist/fwidbmgr/include/Grid.h:1595) Configuring grid: bui
2017-12-28 04:12:01,943 null [INFO] (/home/meteo/dev/redist/fwidbmgr/include/Grid.h:1695) Grid bui configured.
2017-12-28 04:12:02,006 null [INFO] (/home/meteo/dev/redist/fwidbmgr/include/Grid.h:1595) Configuring grid: ffmc_tmp
2017-12-28 04:12:02,007 null [INFO] (/home/meteo/dev/redist/fwidbmgr/include/Grid.h:1695) Grid ffmc_tmp configured.
2017-12-28 04:12:02,101 null [INFO] (/home/meteo/dev/redist/fwidbmgr/include/Grid.h:1595) Configuring grid: dmc_tmp
2017-12-28 04:12:02,101 null [INFO] (/home/meteo/dev/redist/fwidbmgr/include/Grid.h:1695) Grid dmc_tmp configured.
2017-12-28 04:12:02,147 null [INFO] (/home/meteo/dev/redist/fwidbmgr/include/Grid.h:1595) Configuring grid: dc_tmp
2017-12-28 04:12:02,147 null [INFO] (/home/meteo/dev/redist/fwidbmgr/include/Grid.h:1695) Grid dc_tmp configured.
2017-12-28 04:12:02,203 null [INFO] (/home/meteo/dev/redist/fwidbmgr/include/Grid.h:1595) Configuring grid: angstrom
2017-12-28 04:12:02,203 null [INFO] (/home/meteo/dev/redist/fwidbmgr/include/Grid.h:1695) Grid angstrom configured.
2017-12-28 04:12:02,342 null [INFO] (/home/meteo/dev/redist/fwidbmgr/include/Grid.h:1595) Configuring grid: sharples
2017-12-28 04:12:02,342 null [INFO] (/home/meteo/dev/redist/fwidbmgr/include/Grid.h:1695) Grid sharples configured.
2017-12-28 04:12:02,444 null [INFO] (/home/meteo/dev/redist/fwidbmgr/include/Grid.h:1595) Configuring grid: fmi
2017-12-28 04:12:02,444 null [INFO] (/home/meteo/dev/redist/fwidbmgr/include/Grid.h:1695) Grid fmi configured.
2017-12-28 04:12:02,523 null [INFO] (../src/fwidbmgr.cpp:5600) OK --> 20171227 indexes exported to files.
2017-12-28 04:12:02,523 null [INFO] (../src/fwidbmgr.cpp:5695) action exportidx took about 12 seconds.
2017-12-28 04:12:02,523 null [INFO] (../src/fwidbmgr.cpp:5699) Disconnected from database.
2017-12-28 04:12:30,393 null [INFO] (../src/fwidbmgr.cpp:5361) fwi db manager
2017-12-28 04:12:30,393 null [INFO] (../src/fwidbmgr.cpp:5365) Program home: /home/meteo/dev/redist/fwidbmgr
2017-12-28 04:12:30,394 null [INFO] (../src/fwidbmgr.cpp:5369) Auto convert: 1
2017-12-28 04:12:30,394 null [INFO] (../src/fwidbmgr.cpp:446) action: outimg.
2017-12-28 04:12:30,394 null [INFO] (../src/fwidbmgr.cpp:470) date: 20171227.
2017-12-28 04:12:30,394 null [INFO] (../src/fwidbmgr.cpp:322) Try to read: /home/meteo/dev/redist/fwidbmgr/config/fwidbmgr.conf.
2017-12-28 04:12:30,400 null [INFO] (../src/fwidbmgr.cpp:5393) Configuration parsing: OK.
2017-12-28 04:12:30,423 null [INFO] (../src/fwidbmgr.cpp:5478) Connected to database
2017-12-28 04:12:30,423 null [INFO] (../src/fwidbmgr.cpp:5480) Manage data for date: 20171227.
2017-12-28 04:12:30,423 null [INFO] (../src/fwidbmgr.cpp:5566) Importing fwi indexes images in database.
2017-12-28 04:12:30,830 null [INFO] (../src/fwidbmgr.cpp:5570) OK --> 20171227 images imported.
2017-12-28 04:12:30,830 null [INFO] (../src/fwidbmgr.cpp:5695) action outimg took about 0 seconds.
2017-12-28 04:12:30,830 null [INFO] (../src/fwidbmgr.cpp:5699) Disconnected from database.
2017-12-28 04:37:01,128 null [INFO] (../src/fwidbmgr.cpp:5361) fwi db manager
2017-12-28 04:37:01,128 null [INFO] (../src/fwidbmgr.cpp:5365) Program home: /home/meteo/dev/redist/fwidbmgr
2017-12-28 04:37:01,128 null [INFO] (../src/fwidbmgr.cpp:5369) Auto convert: 1
2017-12-28 04:37:01,128 null [INFO] (../src/fwidbmgr.cpp:446) action: outimg.
2017-12-28 04:37:01,128 null [INFO] (../src/fwidbmgr.cpp:470) date: 20171227.
2017-12-28 04:37:01,128 null [INFO] (../src/fwidbmgr.cpp:322) Try to read: /home/meteo/dev/redist/fwidbmgr/config/fwidbmgr.conf.
2017-12-28 04:37:01,130 null [INFO] (../src/fwidbmgr.cpp:5393) Configuration parsing: OK.
2017-12-28 04:37:01,135 null [INFO] (../src/fwidbmgr.cpp:5478) Connected to database
2017-12-28 04:37:01,135 null [INFO] (../src/fwidbmgr.cpp:5480) Manage data for date: 20171227.
2017-12-28 04:37:01,136 null [INFO] (../src/fwidbmgr.cpp:5566) Importing fwi indexes images in database.
2017-12-28 04:37:01,259 null [INFO] (../src/fwidbmgr.cpp:5570) OK --> 20171227 images imported.
2017-12-28 04:37:01,260 null [INFO] (../src/fwidbmgr.cpp:5695) action outimg took about 0 seconds.
2017-12-28 04:37:01,260 null [INFO] (../src/fwidbmgr.cpp:5699) Disconnected from database.
2017-12-28 05:05:01,424 null [INFO] (../src/fwidbmgr.cpp:5361) fwi db manager
2017-12-28 05:05:01,424 null [INFO] (../src/fwidbmgr.cpp:5365) Program home: /home/meteo/dev/redist/fwidbmgr
2017-12-28 05:05:01,424 null [INFO] (../src/fwidbmgr.cpp:5369) Auto convert: 1
2017-12-28 05:05:01,424 null [INFO] (../src/fwidbmgr.cpp:446) action: outimg.
2017-12-28 05:05:01,424 null [INFO] (../src/fwidbmgr.cpp:470) date: 20171227.
2017-12-28 05:05:01,425 null [INFO] (../src/fwidbmgr.cpp:322) Try to read: /home/meteo/dev/redist/fwidbmgr/config/fwidbmgr.conf.
2017-12-28 05:05:01,428 null [INFO] (../src/fwidbmgr.cpp:5393) Configuration parsing: OK.
2017-12-28 05:05:01,436 null [INFO] (../src/fwidbmgr.cpp:5478) Connected to database
2017-12-28 05:05:01,436 null [INFO] (../src/fwidbmgr.cpp:5480) Manage data for date: 20171227.
2017-12-28 05:05:01,436 null [INFO] (../src/fwidbmgr.cpp:5566) Importing fwi indexes images in database.
2017-12-28 05:05:01,531 null [INFO] (../src/fwidbmgr.cpp:5570) OK --> 20171227 images imported.
2017-12-28 05:05:01,532 null [INFO] (../src/fwidbmgr.cpp:5695) action outimg took about 0 seconds.
2017-12-28 05:05:01,532 null [INFO] (../src/fwidbmgr.cpp:5699) Disconnected from database.
2017-12-28 05:37:01,679 null [INFO] (../src/fwidbmgr.cpp:5361) fwi db manager
2017-12-28 05:37:01,679 null [INFO] (../src/fwidbmgr.cpp:5365) Program home: /home/meteo/dev/redist/fwidbmgr
2017-12-28 05:37:01,680 null [INFO] (../src/fwidbmgr.cpp:5369) Auto convert: 1
2017-12-28 05:37:01,680 null [INFO] (../src/fwidbmgr.cpp:446) action: outimg.
2017-12-28 05:37:01,680 null [INFO] (../src/fwidbmgr.cpp:470) date: 20171227.
2017-12-28 05:37:01,680 null [INFO] (../src/fwidbmgr.cpp:322) Try to read: /home/meteo/dev/redist/fwidbmgr/config/fwidbmgr.conf.
2017-12-28 05:37:01,682 null [INFO] (../src/fwidbmgr.cpp:5393) Configuration parsing: OK.
2017-12-28 05:37:01,687 null [INFO] (../src/fwidbmgr.cpp:5478) Connected to database
2017-12-28 05:37:01,687 null [INFO] (../src/fwidbmgr.cpp:5480) Manage data for date: 20171227.
2017-12-28 05:37:01,687 null [INFO] (../src/fwidbmgr.cpp:5566) Importing fwi indexes images in database.
2017-12-28 05:37:01,768 null [INFO] (../src/fwidbmgr.cpp:5570) OK --> 20171227 images imported.
2017-12-28 05:37:01,768 null [INFO] (../src/fwidbmgr.cpp:5695) action outimg took about 0 seconds.
2017-12-28 05:37:01,768 null [INFO] (../src/fwidbmgr.cpp:5699) Disconnected from database.
2017-12-28 06:05:01,508 null [INFO] (../src/fwidbmgr.cpp:5361) fwi db manager
2017-12-28 06:05:01,508 null [INFO] (../src/fwidbmgr.cpp:5365) Program home: /home/meteo/dev/redist/fwidbmgr
2017-12-28 06:05:01,508 null [INFO] (../src/fwidbmgr.cpp:5369) Auto convert: 1
2017-12-28 06:05:01,508 null [INFO] (../src/fwidbmgr.cpp:446) action: outimg.
2017-12-28 06:05:01,508 null [INFO] (../src/fwidbmgr.cpp:470) date: 20171227.
2017-12-28 06:05:01,508 null [INFO] (../src/fwidbmgr.cpp:322) Try to read: /home/meteo/dev/redist/fwidbmgr/config/fwidbmgr.conf.
2017-12-28 06:05:01,510 null [INFO] (../src/fwidbmgr.cpp:5393) Configuration parsing: OK.
2017-12-28 06:05:01,528 null [INFO] (../src/fwidbmgr.cpp:5478) Connected to database
2017-12-28 06:05:01,528 null [INFO] (../src/fwidbmgr.cpp:5480) Manage data for date: 20171227.
2017-12-28 06:05:01,528 null [INFO] (../src/fwidbmgr.cpp:5566) Importing fwi indexes images in database.
2017-12-28 06:05:01,621 null [INFO] (../src/fwidbmgr.cpp:5570) OK --> 20171227 images imported.
2017-12-28 06:05:01,621 null [INFO] (../src/fwidbmgr.cpp:5695) action outimg took about 0 seconds.
2017-12-28 06:05:01,621 null [INFO] (../src/fwidbmgr.cpp:5699) Disconnected from database.
2017-12-28 06:37:01,780 null [INFO] (../src/fwidbmgr.cpp:5361) fwi db manager
2017-12-28 06:37:01,780 null [INFO] (../src/fwidbmgr.cpp:5365) Program home: /home/meteo/dev/redist/fwidbmgr
2017-12-28 06:37:01,780 null [INFO] (../src/fwidbmgr.cpp:5369) Auto convert: 1
2017-12-28 06:37:01,780 null [INFO] (../src/fwidbmgr.cpp:446) action: outimg.
2017-12-28 06:37:01,780 null [INFO] (../src/fwidbmgr.cpp:470) date: 20171227.
2017-12-28 06:37:01,780 null [INFO] (../src/fwidbmgr.cpp:322) Try to read: /home/meteo/dev/redist/fwidbmgr/config/fwidbmgr.conf.
2017-12-28 06:37:01,783 null [INFO] (../src/fwidbmgr.cpp:5393) Configuration parsing: OK.
2017-12-28 06:37:01,789 null [INFO] (../src/fwidbmgr.cpp:5478) Connected to database
2017-12-28 06:37:01,789 null [INFO] (../src/fwidbmgr.cpp:5480) Manage data for date: 20171227.
2017-12-28 06:37:01,789 null [INFO] (../src/fwidbmgr.cpp:5566) Importing fwi indexes images in database.
2017-12-28 06:37:01,871 null [INFO] (../src/fwidbmgr.cpp:5570) OK --> 20171227 images imported.
2017-12-28 06:37:01,871 null [INFO] (../src/fwidbmgr.cpp:5695) action outimg took about 0 seconds.
2017-12-28 06:37:01,872 null [INFO] (../src/fwidbmgr.cpp:5699) Disconnected from database.
