2016-05-15 05:07:30,360 null [INFO] (../src/fwidbmgr.cpp:5207) fwi db manager
2016-05-15 05:07:30,367 null [INFO] (../src/fwidbmgr.cpp:5209) Program home: /home/meteo/dev/redist/fwidbmgr
2016-05-15 05:07:30,367 null [INFO] (../src/fwidbmgr.cpp:5211) Auto convert: 1
2016-05-15 05:07:30,367 null [INFO] (../src/fwidbmgr.cpp:458) action: in.
2016-05-15 05:07:30,367 null [INFO] (../src/fwidbmgr.cpp:482) date: 20160514.
2016-05-15 05:07:30,367 null [INFO] (../src/fwidbmgr.cpp:319) Try to read: /home/meteo/dev/redist/fwidbmgr/config/fwidbmgr.conf.
2016-05-15 05:07:30,378 null [INFO] (../src/fwidbmgr.cpp:5240) Configuration parsing: OK.
2016-05-15 05:07:31,467 null [INFO] (../src/fwidbmgr.cpp:5322) Connected to database
2016-05-15 05:07:31,467 null [INFO] (../src/fwidbmgr.cpp:5323) Manage data for date: 20160514.
2016-05-15 05:07:31,474 null [INFO] (../src/fwidbmgr.cpp:5367) Importing meteo data in database for day: 20160514.
2016-05-15 05:07:31,481 null [INFO] (/home/meteo/dev/redist/fwidbmgr/include/Grid.h:1595) Configuring grid: snow
2016-05-15 05:07:31,523 null [INFO] (/home/meteo/dev/redist/fwidbmgr/include/Grid.h:1695) Grid snow configured.
2016-05-15 05:07:31,780 null [INFO] (/home/meteo/dev/redist/fwidbmgr/include/Grid.h:1595) Configuring grid: snow_covering
2016-05-15 05:07:32,643 null [INFO] (/home/meteo/dev/redist/fwidbmgr/include/Grid.h:1695) Grid snow_covering configured.
2016-05-15 05:07:32,657 null [INFO] (/home/meteo/dev/redist/fwidbmgr/include/Grid.h:1595) Configuring grid: snow_dissolution
2016-05-15 05:07:32,657 null [INFO] (/home/meteo/dev/redist/fwidbmgr/include/Grid.h:1695) Grid snow_dissolution configured.
2016-05-15 05:07:32,681 null [INFO] (/home/meteo/dev/redist/fwidbmgr/include/Grid.h:1595) Configuring grid: temperature
2016-05-15 05:07:32,681 null [INFO] (/home/meteo/dev/redist/fwidbmgr/include/Grid.h:1695) Grid temperature configured.
2016-05-15 05:07:32,686 null [INFO] (/home/meteo/dev/redist/fwidbmgr/include/Grid.h:1595) Configuring grid: humidity
2016-05-15 05:07:32,686 null [INFO] (/home/meteo/dev/redist/fwidbmgr/include/Grid.h:1695) Grid humidity configured.
2016-05-15 05:07:32,696 null [INFO] (/home/meteo/dev/redist/fwidbmgr/include/Grid.h:1595) Configuring grid: windspeed
2016-05-15 05:07:32,697 null [INFO] (/home/meteo/dev/redist/fwidbmgr/include/Grid.h:1695) Grid windspeed configured.
2016-05-15 05:07:32,719 null [INFO] (/home/meteo/dev/redist/fwidbmgr/include/Grid.h:1595) Configuring grid: rain
2016-05-15 05:07:32,719 null [INFO] (/home/meteo/dev/redist/fwidbmgr/include/Grid.h:1695) Grid rain configured.
2016-05-15 05:07:32,725 null [INFO] (/home/meteo/dev/redist/fwidbmgr/include/Grid.h:1595) Configuring grid: cum_rain
2016-05-15 05:07:32,725 null [INFO] (/home/meteo/dev/redist/fwidbmgr/include/Grid.h:1695) Grid cum_rain configured.
2016-05-15 05:08:10,175 null [INFO] (../src/fwidbmgr.cpp:1502) Storing meteo input ...
2016-05-15 05:11:27,957 null [INFO] (../src/fwidbmgr.cpp:5370) OK --> 20160514 data imported.
2016-05-15 05:11:28,011 null [INFO] (../src/fwidbmgr.cpp:5496) action in took about 237 seconds.
2016-05-15 05:11:28,161 null [INFO] (../src/fwidbmgr.cpp:5499) Disconnected from database.
2016-05-15 05:12:57,304 null [INFO] (../src/fwidbmgr.cpp:5207) fwi db manager
2016-05-15 05:12:57,304 null [INFO] (../src/fwidbmgr.cpp:5209) Program home: /home/meteo/dev/redist/fwidbmgr
2016-05-15 05:12:57,304 null [INFO] (../src/fwidbmgr.cpp:5211) Auto convert: 1
2016-05-15 05:12:57,304 null [INFO] (../src/fwidbmgr.cpp:458) action: out.
2016-05-15 05:12:57,304 null [INFO] (../src/fwidbmgr.cpp:482) date: 20160514.
2016-05-15 05:12:57,304 null [INFO] (../src/fwidbmgr.cpp:319) Try to read: /home/meteo/dev/redist/fwidbmgr/config/fwidbmgr.conf.
2016-05-15 05:12:57,309 null [INFO] (../src/fwidbmgr.cpp:5240) Configuration parsing: OK.
2016-05-15 05:12:57,328 null [INFO] (../src/fwidbmgr.cpp:5322) Connected to database
2016-05-15 05:12:57,329 null [INFO] (../src/fwidbmgr.cpp:5323) Manage data for date: 20160514.
2016-05-15 05:12:57,329 null [INFO] (../src/fwidbmgr.cpp:5379) Importing fwi indexes data in database for day: 20160514.
2016-05-15 05:12:57,337 null [INFO] (/home/meteo/dev/redist/fwidbmgr/include/Grid.h:1595) Configuring grid: isi
2016-05-15 05:12:57,338 null [INFO] (/home/meteo/dev/redist/fwidbmgr/include/Grid.h:1695) Grid isi configured.
2016-05-15 05:12:57,351 null [INFO] (/home/meteo/dev/redist/fwidbmgr/include/Grid.h:1595) Configuring grid: fwi
2016-05-15 05:12:57,351 null [INFO] (/home/meteo/dev/redist/fwidbmgr/include/Grid.h:1695) Grid fwi configured.
2016-05-15 05:12:57,363 null [INFO] (/home/meteo/dev/redist/fwidbmgr/include/Grid.h:1595) Configuring grid: ffmc
2016-05-15 05:12:57,364 null [INFO] (/home/meteo/dev/redist/fwidbmgr/include/Grid.h:1695) Grid ffmc configured.
2016-05-15 05:12:57,377 null [INFO] (/home/meteo/dev/redist/fwidbmgr/include/Grid.h:1595) Configuring grid: dmc
2016-05-15 05:12:57,377 null [INFO] (/home/meteo/dev/redist/fwidbmgr/include/Grid.h:1695) Grid dmc configured.
2016-05-15 05:12:57,391 null [INFO] (/home/meteo/dev/redist/fwidbmgr/include/Grid.h:1595) Configuring grid: dc
2016-05-15 05:12:57,391 null [INFO] (/home/meteo/dev/redist/fwidbmgr/include/Grid.h:1695) Grid dc configured.
2016-05-15 05:12:57,405 null [INFO] (/home/meteo/dev/redist/fwidbmgr/include/Grid.h:1595) Configuring grid: bui
2016-05-15 05:12:57,405 null [INFO] (/home/meteo/dev/redist/fwidbmgr/include/Grid.h:1695) Grid bui configured.
2016-05-15 05:12:57,418 null [INFO] (/home/meteo/dev/redist/fwidbmgr/include/Grid.h:1595) Configuring grid: ffmc_tmp
2016-05-15 05:12:57,418 null [INFO] (/home/meteo/dev/redist/fwidbmgr/include/Grid.h:1695) Grid ffmc_tmp configured.
2016-05-15 05:12:57,501 null [INFO] (/home/meteo/dev/redist/fwidbmgr/include/Grid.h:1595) Configuring grid: dmc_tmp
2016-05-15 05:12:57,501 null [INFO] (/home/meteo/dev/redist/fwidbmgr/include/Grid.h:1695) Grid dmc_tmp configured.
2016-05-15 05:12:57,520 null [INFO] (/home/meteo/dev/redist/fwidbmgr/include/Grid.h:1595) Configuring grid: dc_tmp
2016-05-15 05:12:57,521 null [INFO] (/home/meteo/dev/redist/fwidbmgr/include/Grid.h:1695) Grid dc_tmp configured.
2016-05-15 05:12:57,541 null [INFO] (/home/meteo/dev/redist/fwidbmgr/include/Grid.h:1595) Configuring grid: idi
2016-05-15 05:12:57,541 null [INFO] (/home/meteo/dev/redist/fwidbmgr/include/Grid.h:1695) Grid idi configured.
2016-05-15 05:13:05,659 null [INFO] (../src/fwidbmgr.cpp:2045) Storing FWI indexes ...
2016-05-15 05:13:46,366 null [INFO] (../src/fwidbmgr.cpp:5382) OK --> 20160514 data imported.
2016-05-15 05:13:46,384 null [INFO] (../src/fwidbmgr.cpp:5496) action out took about 49 seconds.
2016-05-15 05:13:46,388 null [INFO] (../src/fwidbmgr.cpp:5499) Disconnected from database.
2016-05-15 05:13:47,120 null [INFO] (../src/fwidbmgr.cpp:5207) fwi db manager
2016-05-15 05:13:47,120 null [INFO] (../src/fwidbmgr.cpp:5209) Program home: /home/meteo/dev/redist/fwidbmgr
2016-05-15 05:13:47,120 null [INFO] (../src/fwidbmgr.cpp:5211) Auto convert: 1
2016-05-15 05:13:47,120 null [INFO] (../src/fwidbmgr.cpp:458) action: computeidx.
2016-05-15 05:13:47,120 null [INFO] (../src/fwidbmgr.cpp:482) date: 20160514.
2016-05-15 05:13:47,120 null [INFO] (../src/fwidbmgr.cpp:319) Try to read: /home/meteo/dev/redist/fwidbmgr/config/fwidbmgr.conf.
2016-05-15 05:13:47,124 null [INFO] (../src/fwidbmgr.cpp:5240) Configuration parsing: OK.
2016-05-15 05:13:47,158 null [INFO] (../src/fwidbmgr.cpp:5322) Connected to database
2016-05-15 05:13:47,158 null [INFO] (../src/fwidbmgr.cpp:5323) Manage data for date: 20160514.
2016-05-15 05:13:47,158 null [INFO] (../src/fwidbmgr.cpp:5463) Computing indexes.
2016-05-15 05:13:47,159 null [INFO] (/home/meteo/dev/redist/fwidbmgr/include/Grid.h:1595) Configuring grid: isi
2016-05-15 05:13:47,159 null [INFO] (/home/meteo/dev/redist/fwidbmgr/include/Grid.h:1695) Grid isi configured.
2016-05-15 05:13:47,161 null [INFO] (/home/meteo/dev/redist/fwidbmgr/include/Grid.h:1595) Configuring grid: fwi
2016-05-15 05:13:47,161 null [INFO] (/home/meteo/dev/redist/fwidbmgr/include/Grid.h:1695) Grid fwi configured.
2016-05-15 05:13:47,162 null [INFO] (/home/meteo/dev/redist/fwidbmgr/include/Grid.h:1595) Configuring grid: ffmc
2016-05-15 05:13:47,167 null [INFO] (/home/meteo/dev/redist/fwidbmgr/include/Grid.h:1695) Grid ffmc configured.
2016-05-15 05:13:47,168 null [INFO] (/home/meteo/dev/redist/fwidbmgr/include/Grid.h:1595) Configuring grid: dmc
2016-05-15 05:13:47,169 null [INFO] (/home/meteo/dev/redist/fwidbmgr/include/Grid.h:1695) Grid dmc configured.
2016-05-15 05:13:47,170 null [INFO] (/home/meteo/dev/redist/fwidbmgr/include/Grid.h:1595) Configuring grid: dc
2016-05-15 05:13:47,170 null [INFO] (/home/meteo/dev/redist/fwidbmgr/include/Grid.h:1695) Grid dc configured.
2016-05-15 05:13:47,171 null [INFO] (/home/meteo/dev/redist/fwidbmgr/include/Grid.h:1595) Configuring grid: bui
2016-05-15 05:13:47,171 null [INFO] (/home/meteo/dev/redist/fwidbmgr/include/Grid.h:1695) Grid bui configured.
2016-05-15 05:13:47,173 null [INFO] (/home/meteo/dev/redist/fwidbmgr/include/Grid.h:1595) Configuring grid: ffmc_tmp
2016-05-15 05:13:47,173 null [INFO] (/home/meteo/dev/redist/fwidbmgr/include/Grid.h:1695) Grid ffmc_tmp configured.
2016-05-15 05:13:47,174 null [INFO] (/home/meteo/dev/redist/fwidbmgr/include/Grid.h:1595) Configuring grid: dmc_tmp
2016-05-15 05:13:47,174 null [INFO] (/home/meteo/dev/redist/fwidbmgr/include/Grid.h:1695) Grid dmc_tmp configured.
2016-05-15 05:13:47,176 null [INFO] (/home/meteo/dev/redist/fwidbmgr/include/Grid.h:1595) Configuring grid: dc_tmp
2016-05-15 05:13:47,176 null [INFO] (/home/meteo/dev/redist/fwidbmgr/include/Grid.h:1695) Grid dc_tmp configured.
2016-05-15 05:13:47,177 null [INFO] (/home/meteo/dev/redist/fwidbmgr/include/Grid.h:1595) Configuring grid: idi
2016-05-15 05:13:47,177 null [INFO] (/home/meteo/dev/redist/fwidbmgr/include/Grid.h:1695) Grid idi configured.
2016-05-15 05:13:47,179 null [INFO] (/home/meteo/dev/redist/fwidbmgr/include/Grid.h:1595) Configuring grid: angstrom
2016-05-15 05:13:47,179 null [INFO] (/home/meteo/dev/redist/fwidbmgr/include/Grid.h:1695) Grid angstrom configured.
2016-05-15 05:13:47,180 null [INFO] (/home/meteo/dev/redist/fwidbmgr/include/Grid.h:1595) Configuring grid: fmi
2016-05-15 05:13:47,180 null [INFO] (/home/meteo/dev/redist/fwidbmgr/include/Grid.h:1695) Grid fmi configured.
2016-05-15 05:13:47,182 null [INFO] (/home/meteo/dev/redist/fwidbmgr/include/Grid.h:1595) Configuring grid: sharples
2016-05-15 05:13:47,182 null [INFO] (/home/meteo/dev/redist/fwidbmgr/include/Grid.h:1695) Grid sharples configured.
2016-05-15 05:13:55,781 null [INFO] (/home/meteo/dev/redist/fwidbmgr/include/Grid.h:1595) Configuring grid: snow
2016-05-15 05:13:55,781 null [INFO] (/home/meteo/dev/redist/fwidbmgr/include/Grid.h:1695) Grid snow configured.
2016-05-15 05:13:55,781 null [INFO] (/home/meteo/dev/redist/fwidbmgr/include/Grid.h:1595) Configuring grid: snow_covering
2016-05-15 05:13:55,781 null [INFO] (/home/meteo/dev/redist/fwidbmgr/include/Grid.h:1695) Grid snow_covering configured.
2016-05-15 05:13:55,781 null [INFO] (/home/meteo/dev/redist/fwidbmgr/include/Grid.h:1595) Configuring grid: snow_dissolution
2016-05-15 05:13:55,781 null [INFO] (/home/meteo/dev/redist/fwidbmgr/include/Grid.h:1695) Grid snow_dissolution configured.
2016-05-15 05:13:55,781 null [INFO] (/home/meteo/dev/redist/fwidbmgr/include/Grid.h:1595) Configuring grid: temperature
2016-05-15 05:13:55,781 null [INFO] (/home/meteo/dev/redist/fwidbmgr/include/Grid.h:1695) Grid temperature configured.
2016-05-15 05:13:55,781 null [INFO] (/home/meteo/dev/redist/fwidbmgr/include/Grid.h:1595) Configuring grid: humidity
2016-05-15 05:13:55,781 null [INFO] (/home/meteo/dev/redist/fwidbmgr/include/Grid.h:1695) Grid humidity configured.
2016-05-15 05:13:55,788 null [INFO] (/home/meteo/dev/redist/fwidbmgr/include/Grid.h:1595) Configuring grid: windspeed
2016-05-15 05:13:55,788 null [INFO] (/home/meteo/dev/redist/fwidbmgr/include/Grid.h:1695) Grid windspeed configured.
2016-05-15 05:13:55,788 null [INFO] (/home/meteo/dev/redist/fwidbmgr/include/Grid.h:1595) Configuring grid: rain
2016-05-15 05:13:55,789 null [INFO] (/home/meteo/dev/redist/fwidbmgr/include/Grid.h:1695) Grid rain configured.
2016-05-15 05:13:55,789 null [INFO] (/home/meteo/dev/redist/fwidbmgr/include/Grid.h:1595) Configuring grid: cum_rain
2016-05-15 05:13:55,789 null [INFO] (/home/meteo/dev/redist/fwidbmgr/include/Grid.h:1695) Grid cum_rain configured.
2016-05-15 05:16:13,071 null [INFO] (../src/fwidbmgr.cpp:5466) OK --> 20160514 indexes computed.
2016-05-15 05:16:13,092 null [INFO] (../src/fwidbmgr.cpp:5496) action computeidx took about 146 seconds.
2016-05-15 05:16:13,093 null [INFO] (../src/fwidbmgr.cpp:5499) Disconnected from database.
2016-05-15 05:16:13,394 null [INFO] (../src/fwidbmgr.cpp:5207) fwi db manager
2016-05-15 05:16:13,394 null [INFO] (../src/fwidbmgr.cpp:5209) Program home: /home/meteo/dev/redist/fwidbmgr
2016-05-15 05:16:13,394 null [INFO] (../src/fwidbmgr.cpp:5211) Auto convert: 1
2016-05-15 05:16:13,394 null [INFO] (../src/fwidbmgr.cpp:458) action: exportidx.
2016-05-15 05:16:13,394 null [INFO] (../src/fwidbmgr.cpp:482) date: 20160514.
2016-05-15 05:16:13,394 null [INFO] (../src/fwidbmgr.cpp:319) Try to read: /home/meteo/dev/redist/fwidbmgr/config/fwidbmgr.conf.
2016-05-15 05:16:13,398 null [INFO] (../src/fwidbmgr.cpp:5240) Configuration parsing: OK.
2016-05-15 05:16:13,418 null [INFO] (../src/fwidbmgr.cpp:5322) Connected to database
2016-05-15 05:16:13,418 null [INFO] (../src/fwidbmgr.cpp:5323) Manage data for date: 20160514.
2016-05-15 05:16:13,418 null [INFO] (../src/fwidbmgr.cpp:5415) Exporting indexes.
2016-05-15 05:16:13,420 null [INFO] (/home/meteo/dev/redist/fwidbmgr/include/Grid.h:1595) Configuring grid: isi
2016-05-15 05:16:13,420 null [INFO] (/home/meteo/dev/redist/fwidbmgr/include/Grid.h:1695) Grid isi configured.
2016-05-15 05:16:13,421 null [INFO] (/home/meteo/dev/redist/fwidbmgr/include/Grid.h:1595) Configuring grid: fwi
2016-05-15 05:16:13,421 null [INFO] (/home/meteo/dev/redist/fwidbmgr/include/Grid.h:1695) Grid fwi configured.
2016-05-15 05:16:13,422 null [INFO] (/home/meteo/dev/redist/fwidbmgr/include/Grid.h:1595) Configuring grid: ffmc
2016-05-15 05:16:13,423 null [INFO] (/home/meteo/dev/redist/fwidbmgr/include/Grid.h:1695) Grid ffmc configured.
2016-05-15 05:16:13,424 null [INFO] (/home/meteo/dev/redist/fwidbmgr/include/Grid.h:1595) Configuring grid: dmc
2016-05-15 05:16:13,424 null [INFO] (/home/meteo/dev/redist/fwidbmgr/include/Grid.h:1695) Grid dmc configured.
2016-05-15 05:16:13,426 null [INFO] (/home/meteo/dev/redist/fwidbmgr/include/Grid.h:1595) Configuring grid: dc
2016-05-15 05:16:13,426 null [INFO] (/home/meteo/dev/redist/fwidbmgr/include/Grid.h:1695) Grid dc configured.
2016-05-15 05:16:13,427 null [INFO] (/home/meteo/dev/redist/fwidbmgr/include/Grid.h:1595) Configuring grid: bui
2016-05-15 05:16:13,427 null [INFO] (/home/meteo/dev/redist/fwidbmgr/include/Grid.h:1695) Grid bui configured.
2016-05-15 05:16:13,429 null [INFO] (/home/meteo/dev/redist/fwidbmgr/include/Grid.h:1595) Configuring grid: ffmc_tmp
2016-05-15 05:16:13,429 null [INFO] (/home/meteo/dev/redist/fwidbmgr/include/Grid.h:1695) Grid ffmc_tmp configured.
2016-05-15 05:16:13,430 null [INFO] (/home/meteo/dev/redist/fwidbmgr/include/Grid.h:1595) Configuring grid: dmc_tmp
2016-05-15 05:16:13,430 null [INFO] (/home/meteo/dev/redist/fwidbmgr/include/Grid.h:1695) Grid dmc_tmp configured.
2016-05-15 05:16:13,432 null [INFO] (/home/meteo/dev/redist/fwidbmgr/include/Grid.h:1595) Configuring grid: dc_tmp
2016-05-15 05:16:13,432 null [INFO] (/home/meteo/dev/redist/fwidbmgr/include/Grid.h:1695) Grid dc_tmp configured.
2016-05-15 05:16:13,433 null [INFO] (/home/meteo/dev/redist/fwidbmgr/include/Grid.h:1595) Configuring grid: idi
2016-05-15 05:16:13,433 null [INFO] (/home/meteo/dev/redist/fwidbmgr/include/Grid.h:1695) Grid idi configured.
2016-05-15 05:16:13,435 null [INFO] (/home/meteo/dev/redist/fwidbmgr/include/Grid.h:1595) Configuring grid: angstrom
2016-05-15 05:16:13,435 null [INFO] (/home/meteo/dev/redist/fwidbmgr/include/Grid.h:1695) Grid angstrom configured.
2016-05-15 05:16:13,437 null [INFO] (/home/meteo/dev/redist/fwidbmgr/include/Grid.h:1595) Configuring grid: fmi
2016-05-15 05:16:13,437 null [INFO] (/home/meteo/dev/redist/fwidbmgr/include/Grid.h:1695) Grid fmi configured.
2016-05-15 05:16:13,438 null [INFO] (/home/meteo/dev/redist/fwidbmgr/include/Grid.h:1595) Configuring grid: sharples
2016-05-15 05:16:13,438 null [INFO] (/home/meteo/dev/redist/fwidbmgr/include/Grid.h:1695) Grid sharples configured.
2016-05-15 05:16:23,350 null [INFO] (/home/meteo/dev/redist/fwidbmgr/include/Grid.h:1595) Configuring grid: isi
2016-05-15 05:16:23,351 null [INFO] (/home/meteo/dev/redist/fwidbmgr/include/Grid.h:1695) Grid isi configured.
2016-05-15 05:16:23,412 null [INFO] (/home/meteo/dev/redist/fwidbmgr/include/Grid.h:1595) Configuring grid: fwi
2016-05-15 05:16:23,413 null [INFO] (/home/meteo/dev/redist/fwidbmgr/include/Grid.h:1695) Grid fwi configured.
2016-05-15 05:16:23,502 null [INFO] (/home/meteo/dev/redist/fwidbmgr/include/Grid.h:1595) Configuring grid: ffmc
2016-05-15 05:16:23,502 null [INFO] (/home/meteo/dev/redist/fwidbmgr/include/Grid.h:1695) Grid ffmc configured.
2016-05-15 05:16:23,553 null [INFO] (/home/meteo/dev/redist/fwidbmgr/include/Grid.h:1595) Configuring grid: dmc
2016-05-15 05:16:23,553 null [INFO] (/home/meteo/dev/redist/fwidbmgr/include/Grid.h:1695) Grid dmc configured.
2016-05-15 05:16:23,604 null [INFO] (/home/meteo/dev/redist/fwidbmgr/include/Grid.h:1595) Configuring grid: dc
2016-05-15 05:16:23,604 null [INFO] (/home/meteo/dev/redist/fwidbmgr/include/Grid.h:1695) Grid dc configured.
2016-05-15 05:16:23,645 null [INFO] (/home/meteo/dev/redist/fwidbmgr/include/Grid.h:1595) Configuring grid: bui
2016-05-15 05:16:23,645 null [INFO] (/home/meteo/dev/redist/fwidbmgr/include/Grid.h:1695) Grid bui configured.
2016-05-15 05:16:23,693 null [INFO] (/home/meteo/dev/redist/fwidbmgr/include/Grid.h:1595) Configuring grid: ffmc_tmp
2016-05-15 05:16:23,694 null [INFO] (/home/meteo/dev/redist/fwidbmgr/include/Grid.h:1695) Grid ffmc_tmp configured.
2016-05-15 05:16:23,736 null [INFO] (/home/meteo/dev/redist/fwidbmgr/include/Grid.h:1595) Configuring grid: dmc_tmp
2016-05-15 05:16:23,737 null [INFO] (/home/meteo/dev/redist/fwidbmgr/include/Grid.h:1695) Grid dmc_tmp configured.
2016-05-15 05:16:23,785 null [INFO] (/home/meteo/dev/redist/fwidbmgr/include/Grid.h:1595) Configuring grid: dc_tmp
2016-05-15 05:16:23,786 null [INFO] (/home/meteo/dev/redist/fwidbmgr/include/Grid.h:1695) Grid dc_tmp configured.
2016-05-15 05:16:23,825 null [INFO] (/home/meteo/dev/redist/fwidbmgr/include/Grid.h:1595) Configuring grid: angstrom
2016-05-15 05:16:23,826 null [INFO] (/home/meteo/dev/redist/fwidbmgr/include/Grid.h:1695) Grid angstrom configured.
2016-05-15 05:16:23,931 null [INFO] (/home/meteo/dev/redist/fwidbmgr/include/Grid.h:1595) Configuring grid: sharples
2016-05-15 05:16:23,933 null [INFO] (/home/meteo/dev/redist/fwidbmgr/include/Grid.h:1695) Grid sharples configured.
2016-05-15 05:16:23,991 null [INFO] (/home/meteo/dev/redist/fwidbmgr/include/Grid.h:1595) Configuring grid: fmi
2016-05-15 05:16:23,991 null [INFO] (/home/meteo/dev/redist/fwidbmgr/include/Grid.h:1695) Grid fmi configured.
2016-05-15 05:16:24,038 null [INFO] (../src/fwidbmgr.cpp:5418) OK --> 20160514 indexes exported to files.
2016-05-15 05:16:24,038 null [INFO] (../src/fwidbmgr.cpp:5496) action exportidx took about 11 seconds.
2016-05-15 05:16:24,038 null [INFO] (../src/fwidbmgr.cpp:5499) Disconnected from database.
