2019-07-15 05:05:03,686 null [INFO] (../src/fwidbmgr.cpp:5361) fwi db manager
2019-07-15 05:05:03,686 null [INFO] (../src/fwidbmgr.cpp:5365) Program home: /home/meteo/dev/redist/fwidbmgr
2019-07-15 05:05:03,686 null [INFO] (../src/fwidbmgr.cpp:5369) Auto convert: 1
2019-07-15 05:05:03,686 null [INFO] (../src/fwidbmgr.cpp:446) action: in.
2019-07-15 05:05:03,686 null [INFO] (../src/fwidbmgr.cpp:470) date: 20190714.
2019-07-15 05:05:03,687 null [INFO] (../src/fwidbmgr.cpp:322) Try to read: /home/meteo/dev/redist/fwidbmgr/config/fwidbmgr.conf.
2019-07-15 05:05:03,690 null [INFO] (../src/fwidbmgr.cpp:5393) Configuration parsing: OK.
2019-07-15 05:05:03,700 null [INFO] (../src/fwidbmgr.cpp:5478) Connected to database
2019-07-15 05:05:03,700 null [INFO] (../src/fwidbmgr.cpp:5480) Manage data for date: 20190714.
2019-07-15 05:05:03,700 null [INFO] (../src/fwidbmgr.cpp:5536) Importing meteo data in database for day: 20190714.
2019-07-15 05:05:03,711 null [INFO] (/home/meteo/dev/redist/fwidbmgr/include/Grid.h:1595) Configuring grid: snow
2019-07-15 05:05:03,711 null [INFO] (/home/meteo/dev/redist/fwidbmgr/include/Grid.h:1695) Grid snow configured.
2019-07-15 05:05:03,724 null [INFO] (/home/meteo/dev/redist/fwidbmgr/include/Grid.h:1595) Configuring grid: snow_covering
2019-07-15 05:05:03,724 null [INFO] (/home/meteo/dev/redist/fwidbmgr/include/Grid.h:1695) Grid snow_covering configured.
2019-07-15 05:05:03,730 null [INFO] (/home/meteo/dev/redist/fwidbmgr/include/Grid.h:1595) Configuring grid: snow_dissolution
2019-07-15 05:05:03,730 null [INFO] (/home/meteo/dev/redist/fwidbmgr/include/Grid.h:1695) Grid snow_dissolution configured.
2019-07-15 05:05:03,745 null [INFO] (/home/meteo/dev/redist/fwidbmgr/include/Grid.h:1595) Configuring grid: temperature
2019-07-15 05:05:03,745 null [INFO] (/home/meteo/dev/redist/fwidbmgr/include/Grid.h:1695) Grid temperature configured.
2019-07-15 05:05:03,746 null [INFO] (/home/meteo/dev/redist/fwidbmgr/include/Grid.h:1595) Configuring grid: humidity
2019-07-15 05:05:03,746 null [INFO] (/home/meteo/dev/redist/fwidbmgr/include/Grid.h:1695) Grid humidity configured.
2019-07-15 05:05:03,749 null [INFO] (/home/meteo/dev/redist/fwidbmgr/include/Grid.h:1595) Configuring grid: windspeed
2019-07-15 05:05:03,749 null [INFO] (/home/meteo/dev/redist/fwidbmgr/include/Grid.h:1695) Grid windspeed configured.
2019-07-15 05:05:03,755 null [INFO] (/home/meteo/dev/redist/fwidbmgr/include/Grid.h:1595) Configuring grid: rain
2019-07-15 05:05:03,755 null [INFO] (/home/meteo/dev/redist/fwidbmgr/include/Grid.h:1695) Grid rain configured.
2019-07-15 05:05:03,757 null [INFO] (/home/meteo/dev/redist/fwidbmgr/include/Grid.h:1595) Configuring grid: cum_rain
2019-07-15 05:05:03,757 null [INFO] (/home/meteo/dev/redist/fwidbmgr/include/Grid.h:1695) Grid cum_rain configured.
2019-07-15 05:05:10,090 null [INFO] (../src/fwidbmgr.cpp:1518) Storing meteo input ...
2019-07-15 05:05:21,933 null [INFO] (../src/fwidbmgr.cpp:5540) OK --> 20190714 data imported.
2019-07-15 05:05:21,939 null [INFO] (../src/fwidbmgr.cpp:5695) action in took about 18 seconds.
2019-07-15 05:05:21,950 null [INFO] (../src/fwidbmgr.cpp:5699) Disconnected from database.
2019-07-15 05:05:59,212 null [INFO] (../src/fwidbmgr.cpp:5361) fwi db manager
2019-07-15 05:05:59,212 null [INFO] (../src/fwidbmgr.cpp:5365) Program home: /home/meteo/dev/redist/fwidbmgr
2019-07-15 05:05:59,212 null [INFO] (../src/fwidbmgr.cpp:5369) Auto convert: 1
2019-07-15 05:05:59,212 null [INFO] (../src/fwidbmgr.cpp:446) action: out.
2019-07-15 05:05:59,212 null [INFO] (../src/fwidbmgr.cpp:470) date: 20190714.
2019-07-15 05:05:59,212 null [INFO] (../src/fwidbmgr.cpp:322) Try to read: /home/meteo/dev/redist/fwidbmgr/config/fwidbmgr.conf.
2019-07-15 05:05:59,214 null [INFO] (../src/fwidbmgr.cpp:5393) Configuration parsing: OK.
2019-07-15 05:05:59,226 null [INFO] (../src/fwidbmgr.cpp:5478) Connected to database
2019-07-15 05:05:59,226 null [INFO] (../src/fwidbmgr.cpp:5480) Manage data for date: 20190714.
2019-07-15 05:05:59,226 null [INFO] (../src/fwidbmgr.cpp:5551) Importing fwi indexes data in database for day: 20190714.
2019-07-15 05:05:59,236 null [INFO] (/home/meteo/dev/redist/fwidbmgr/include/Grid.h:1595) Configuring grid: isi
2019-07-15 05:05:59,236 null [INFO] (/home/meteo/dev/redist/fwidbmgr/include/Grid.h:1695) Grid isi configured.
2019-07-15 05:05:59,248 null [INFO] (/home/meteo/dev/redist/fwidbmgr/include/Grid.h:1595) Configuring grid: fwi
2019-07-15 05:05:59,248 null [INFO] (/home/meteo/dev/redist/fwidbmgr/include/Grid.h:1695) Grid fwi configured.
2019-07-15 05:05:59,260 null [INFO] (/home/meteo/dev/redist/fwidbmgr/include/Grid.h:1595) Configuring grid: ffmc
2019-07-15 05:05:59,260 null [INFO] (/home/meteo/dev/redist/fwidbmgr/include/Grid.h:1695) Grid ffmc configured.
2019-07-15 05:05:59,272 null [INFO] (/home/meteo/dev/redist/fwidbmgr/include/Grid.h:1595) Configuring grid: dmc
2019-07-15 05:05:59,272 null [INFO] (/home/meteo/dev/redist/fwidbmgr/include/Grid.h:1695) Grid dmc configured.
2019-07-15 05:05:59,284 null [INFO] (/home/meteo/dev/redist/fwidbmgr/include/Grid.h:1595) Configuring grid: dc
2019-07-15 05:05:59,284 null [INFO] (/home/meteo/dev/redist/fwidbmgr/include/Grid.h:1695) Grid dc configured.
2019-07-15 05:05:59,297 null [INFO] (/home/meteo/dev/redist/fwidbmgr/include/Grid.h:1595) Configuring grid: bui
2019-07-15 05:05:59,297 null [INFO] (/home/meteo/dev/redist/fwidbmgr/include/Grid.h:1695) Grid bui configured.
2019-07-15 05:05:59,309 null [INFO] (/home/meteo/dev/redist/fwidbmgr/include/Grid.h:1595) Configuring grid: ffmc_tmp
2019-07-15 05:05:59,309 null [INFO] (/home/meteo/dev/redist/fwidbmgr/include/Grid.h:1695) Grid ffmc_tmp configured.
2019-07-15 05:05:59,328 null [INFO] (/home/meteo/dev/redist/fwidbmgr/include/Grid.h:1595) Configuring grid: dmc_tmp
2019-07-15 05:05:59,328 null [INFO] (/home/meteo/dev/redist/fwidbmgr/include/Grid.h:1695) Grid dmc_tmp configured.
2019-07-15 05:05:59,345 null [INFO] (/home/meteo/dev/redist/fwidbmgr/include/Grid.h:1595) Configuring grid: dc_tmp
2019-07-15 05:05:59,345 null [INFO] (/home/meteo/dev/redist/fwidbmgr/include/Grid.h:1695) Grid dc_tmp configured.
2019-07-15 05:05:59,362 null [INFO] (/home/meteo/dev/redist/fwidbmgr/include/Grid.h:1595) Configuring grid: idi
2019-07-15 05:05:59,362 null [INFO] (/home/meteo/dev/redist/fwidbmgr/include/Grid.h:1695) Grid idi configured.
2019-07-15 05:06:03,790 null [INFO] (../src/fwidbmgr.cpp:2081) Storing FWI indexes ...
2019-07-15 05:06:12,991 null [INFO] (../src/fwidbmgr.cpp:5555) OK --> 20190714 data imported.
2019-07-15 05:06:12,991 null [INFO] (../src/fwidbmgr.cpp:5695) action out took about 13 seconds.
2019-07-15 05:06:12,991 null [INFO] (../src/fwidbmgr.cpp:5699) Disconnected from database.
2019-07-15 05:06:13,066 null [INFO] (../src/fwidbmgr.cpp:5361) fwi db manager
2019-07-15 05:06:13,066 null [INFO] (../src/fwidbmgr.cpp:5365) Program home: /home/meteo/dev/redist/fwidbmgr
2019-07-15 05:06:13,066 null [INFO] (../src/fwidbmgr.cpp:5369) Auto convert: 1
2019-07-15 05:06:13,066 null [INFO] (../src/fwidbmgr.cpp:446) action: computeidx.
2019-07-15 05:06:13,066 null [INFO] (../src/fwidbmgr.cpp:470) date: 20190714.
2019-07-15 05:06:13,066 null [INFO] (../src/fwidbmgr.cpp:322) Try to read: /home/meteo/dev/redist/fwidbmgr/config/fwidbmgr.conf.
2019-07-15 05:06:13,068 null [INFO] (../src/fwidbmgr.cpp:5393) Configuration parsing: OK.
2019-07-15 05:06:13,080 null [INFO] (../src/fwidbmgr.cpp:5478) Connected to database
2019-07-15 05:06:13,080 null [INFO] (../src/fwidbmgr.cpp:5480) Manage data for date: 20190714.
2019-07-15 05:06:13,080 null [INFO] (../src/fwidbmgr.cpp:5656) Computing indexes.
2019-07-15 05:06:13,084 null [INFO] (/home/meteo/dev/redist/fwidbmgr/include/Grid.h:1595) Configuring grid: isi
2019-07-15 05:06:13,084 null [INFO] (/home/meteo/dev/redist/fwidbmgr/include/Grid.h:1695) Grid isi configured.
2019-07-15 05:06:13,087 null [INFO] (/home/meteo/dev/redist/fwidbmgr/include/Grid.h:1595) Configuring grid: fwi
2019-07-15 05:06:13,087 null [INFO] (/home/meteo/dev/redist/fwidbmgr/include/Grid.h:1695) Grid fwi configured.
2019-07-15 05:06:13,090 null [INFO] (/home/meteo/dev/redist/fwidbmgr/include/Grid.h:1595) Configuring grid: ffmc
2019-07-15 05:06:13,090 null [INFO] (/home/meteo/dev/redist/fwidbmgr/include/Grid.h:1695) Grid ffmc configured.
2019-07-15 05:06:13,092 null [INFO] (/home/meteo/dev/redist/fwidbmgr/include/Grid.h:1595) Configuring grid: dmc
2019-07-15 05:06:13,092 null [INFO] (/home/meteo/dev/redist/fwidbmgr/include/Grid.h:1695) Grid dmc configured.
2019-07-15 05:06:13,093 null [INFO] (/home/meteo/dev/redist/fwidbmgr/include/Grid.h:1595) Configuring grid: dc
2019-07-15 05:06:13,093 null [INFO] (/home/meteo/dev/redist/fwidbmgr/include/Grid.h:1695) Grid dc configured.
2019-07-15 05:06:13,094 null [INFO] (/home/meteo/dev/redist/fwidbmgr/include/Grid.h:1595) Configuring grid: bui
2019-07-15 05:06:13,094 null [INFO] (/home/meteo/dev/redist/fwidbmgr/include/Grid.h:1695) Grid bui configured.
2019-07-15 05:06:13,095 null [INFO] (/home/meteo/dev/redist/fwidbmgr/include/Grid.h:1595) Configuring grid: ffmc_tmp
2019-07-15 05:06:13,095 null [INFO] (/home/meteo/dev/redist/fwidbmgr/include/Grid.h:1695) Grid ffmc_tmp configured.
2019-07-15 05:06:13,096 null [INFO] (/home/meteo/dev/redist/fwidbmgr/include/Grid.h:1595) Configuring grid: dmc_tmp
2019-07-15 05:06:13,097 null [INFO] (/home/meteo/dev/redist/fwidbmgr/include/Grid.h:1695) Grid dmc_tmp configured.
2019-07-15 05:06:13,098 null [INFO] (/home/meteo/dev/redist/fwidbmgr/include/Grid.h:1595) Configuring grid: dc_tmp
2019-07-15 05:06:13,098 null [INFO] (/home/meteo/dev/redist/fwidbmgr/include/Grid.h:1695) Grid dc_tmp configured.
2019-07-15 05:06:13,099 null [INFO] (/home/meteo/dev/redist/fwidbmgr/include/Grid.h:1595) Configuring grid: idi
2019-07-15 05:06:13,099 null [INFO] (/home/meteo/dev/redist/fwidbmgr/include/Grid.h:1695) Grid idi configured.
2019-07-15 05:06:13,100 null [INFO] (/home/meteo/dev/redist/fwidbmgr/include/Grid.h:1595) Configuring grid: angstrom
2019-07-15 05:06:13,100 null [INFO] (/home/meteo/dev/redist/fwidbmgr/include/Grid.h:1695) Grid angstrom configured.
2019-07-15 05:06:13,101 null [INFO] (/home/meteo/dev/redist/fwidbmgr/include/Grid.h:1595) Configuring grid: fmi
2019-07-15 05:06:13,101 null [INFO] (/home/meteo/dev/redist/fwidbmgr/include/Grid.h:1695) Grid fmi configured.
2019-07-15 05:06:13,102 null [INFO] (/home/meteo/dev/redist/fwidbmgr/include/Grid.h:1595) Configuring grid: sharples
2019-07-15 05:06:13,102 null [INFO] (/home/meteo/dev/redist/fwidbmgr/include/Grid.h:1695) Grid sharples configured.
2019-07-15 05:06:17,229 null [INFO] (/home/meteo/dev/redist/fwidbmgr/include/Grid.h:1595) Configuring grid: snow
2019-07-15 05:06:17,229 null [INFO] (/home/meteo/dev/redist/fwidbmgr/include/Grid.h:1695) Grid snow configured.
2019-07-15 05:06:17,229 null [INFO] (/home/meteo/dev/redist/fwidbmgr/include/Grid.h:1595) Configuring grid: snow_covering
2019-07-15 05:06:17,229 null [INFO] (/home/meteo/dev/redist/fwidbmgr/include/Grid.h:1695) Grid snow_covering configured.
2019-07-15 05:06:17,229 null [INFO] (/home/meteo/dev/redist/fwidbmgr/include/Grid.h:1595) Configuring grid: snow_dissolution
2019-07-15 05:06:17,229 null [INFO] (/home/meteo/dev/redist/fwidbmgr/include/Grid.h:1695) Grid snow_dissolution configured.
2019-07-15 05:06:17,229 null [INFO] (/home/meteo/dev/redist/fwidbmgr/include/Grid.h:1595) Configuring grid: temperature
2019-07-15 05:06:17,230 null [INFO] (/home/meteo/dev/redist/fwidbmgr/include/Grid.h:1695) Grid temperature configured.
2019-07-15 05:06:17,230 null [INFO] (/home/meteo/dev/redist/fwidbmgr/include/Grid.h:1595) Configuring grid: humidity
2019-07-15 05:06:17,230 null [INFO] (/home/meteo/dev/redist/fwidbmgr/include/Grid.h:1695) Grid humidity configured.
2019-07-15 05:06:17,230 null [INFO] (/home/meteo/dev/redist/fwidbmgr/include/Grid.h:1595) Configuring grid: windspeed
2019-07-15 05:06:17,230 null [INFO] (/home/meteo/dev/redist/fwidbmgr/include/Grid.h:1695) Grid windspeed configured.
2019-07-15 05:06:17,230 null [INFO] (/home/meteo/dev/redist/fwidbmgr/include/Grid.h:1595) Configuring grid: rain
2019-07-15 05:06:17,230 null [INFO] (/home/meteo/dev/redist/fwidbmgr/include/Grid.h:1695) Grid rain configured.
2019-07-15 05:06:17,230 null [INFO] (/home/meteo/dev/redist/fwidbmgr/include/Grid.h:1595) Configuring grid: cum_rain
2019-07-15 05:06:17,230 null [INFO] (/home/meteo/dev/redist/fwidbmgr/include/Grid.h:1695) Grid cum_rain configured.
2019-07-15 05:07:23,211 null [INFO] (../src/fwidbmgr.cpp:5660) OK --> 20190714 indexes computed.
2019-07-15 05:07:23,212 null [INFO] (../src/fwidbmgr.cpp:5695) action computeidx took about 70 seconds.
2019-07-15 05:07:23,212 null [INFO] (../src/fwidbmgr.cpp:5699) Disconnected from database.
2019-07-15 05:07:23,282 null [INFO] (../src/fwidbmgr.cpp:5361) fwi db manager
2019-07-15 05:07:23,282 null [INFO] (../src/fwidbmgr.cpp:5365) Program home: /home/meteo/dev/redist/fwidbmgr
2019-07-15 05:07:23,282 null [INFO] (../src/fwidbmgr.cpp:5369) Auto convert: 1
2019-07-15 05:07:23,282 null [INFO] (../src/fwidbmgr.cpp:446) action: exportidx.
2019-07-15 05:07:23,282 null [INFO] (../src/fwidbmgr.cpp:470) date: 20190714.
2019-07-15 05:07:23,282 null [INFO] (../src/fwidbmgr.cpp:322) Try to read: /home/meteo/dev/redist/fwidbmgr/config/fwidbmgr.conf.
2019-07-15 05:07:23,284 null [INFO] (../src/fwidbmgr.cpp:5393) Configuration parsing: OK.
2019-07-15 05:07:23,295 null [INFO] (../src/fwidbmgr.cpp:5478) Connected to database
2019-07-15 05:07:23,296 null [INFO] (../src/fwidbmgr.cpp:5480) Manage data for date: 20190714.
2019-07-15 05:07:23,296 null [INFO] (../src/fwidbmgr.cpp:5596) Exporting indexes.
2019-07-15 05:07:23,300 null [INFO] (/home/meteo/dev/redist/fwidbmgr/include/Grid.h:1595) Configuring grid: isi
2019-07-15 05:07:23,300 null [INFO] (/home/meteo/dev/redist/fwidbmgr/include/Grid.h:1695) Grid isi configured.
2019-07-15 05:07:23,303 null [INFO] (/home/meteo/dev/redist/fwidbmgr/include/Grid.h:1595) Configuring grid: fwi
2019-07-15 05:07:23,303 null [INFO] (/home/meteo/dev/redist/fwidbmgr/include/Grid.h:1695) Grid fwi configured.
2019-07-15 05:07:23,306 null [INFO] (/home/meteo/dev/redist/fwidbmgr/include/Grid.h:1595) Configuring grid: ffmc
2019-07-15 05:07:23,306 null [INFO] (/home/meteo/dev/redist/fwidbmgr/include/Grid.h:1695) Grid ffmc configured.
2019-07-15 05:07:23,309 null [INFO] (/home/meteo/dev/redist/fwidbmgr/include/Grid.h:1595) Configuring grid: dmc
2019-07-15 05:07:23,309 null [INFO] (/home/meteo/dev/redist/fwidbmgr/include/Grid.h:1695) Grid dmc configured.
2019-07-15 05:07:23,311 null [INFO] (/home/meteo/dev/redist/fwidbmgr/include/Grid.h:1595) Configuring grid: dc
2019-07-15 05:07:23,311 null [INFO] (/home/meteo/dev/redist/fwidbmgr/include/Grid.h:1695) Grid dc configured.
2019-07-15 05:07:23,312 null [INFO] (/home/meteo/dev/redist/fwidbmgr/include/Grid.h:1595) Configuring grid: bui
2019-07-15 05:07:23,312 null [INFO] (/home/meteo/dev/redist/fwidbmgr/include/Grid.h:1695) Grid bui configured.
2019-07-15 05:07:23,313 null [INFO] (/home/meteo/dev/redist/fwidbmgr/include/Grid.h:1595) Configuring grid: ffmc_tmp
2019-07-15 05:07:23,313 null [INFO] (/home/meteo/dev/redist/fwidbmgr/include/Grid.h:1695) Grid ffmc_tmp configured.
2019-07-15 05:07:23,314 null [INFO] (/home/meteo/dev/redist/fwidbmgr/include/Grid.h:1595) Configuring grid: dmc_tmp
2019-07-15 05:07:23,314 null [INFO] (/home/meteo/dev/redist/fwidbmgr/include/Grid.h:1695) Grid dmc_tmp configured.
2019-07-15 05:07:23,315 null [INFO] (/home/meteo/dev/redist/fwidbmgr/include/Grid.h:1595) Configuring grid: dc_tmp
2019-07-15 05:07:23,315 null [INFO] (/home/meteo/dev/redist/fwidbmgr/include/Grid.h:1695) Grid dc_tmp configured.
2019-07-15 05:07:23,316 null [INFO] (/home/meteo/dev/redist/fwidbmgr/include/Grid.h:1595) Configuring grid: idi
2019-07-15 05:07:23,316 null [INFO] (/home/meteo/dev/redist/fwidbmgr/include/Grid.h:1695) Grid idi configured.
2019-07-15 05:07:23,317 null [INFO] (/home/meteo/dev/redist/fwidbmgr/include/Grid.h:1595) Configuring grid: angstrom
2019-07-15 05:07:23,317 null [INFO] (/home/meteo/dev/redist/fwidbmgr/include/Grid.h:1695) Grid angstrom configured.
2019-07-15 05:07:23,318 null [INFO] (/home/meteo/dev/redist/fwidbmgr/include/Grid.h:1595) Configuring grid: fmi
2019-07-15 05:07:23,319 null [INFO] (/home/meteo/dev/redist/fwidbmgr/include/Grid.h:1695) Grid fmi configured.
2019-07-15 05:07:23,320 null [INFO] (/home/meteo/dev/redist/fwidbmgr/include/Grid.h:1595) Configuring grid: sharples
2019-07-15 05:07:23,320 null [INFO] (/home/meteo/dev/redist/fwidbmgr/include/Grid.h:1695) Grid sharples configured.
2019-07-15 05:07:27,365 null [INFO] (/home/meteo/dev/redist/fwidbmgr/include/Grid.h:1595) Configuring grid: isi
2019-07-15 05:07:27,365 null [INFO] (/home/meteo/dev/redist/fwidbmgr/include/Grid.h:1695) Grid isi configured.
2019-07-15 05:07:27,387 null [INFO] (/home/meteo/dev/redist/fwidbmgr/include/Grid.h:1595) Configuring grid: fwi
2019-07-15 05:07:27,387 null [INFO] (/home/meteo/dev/redist/fwidbmgr/include/Grid.h:1695) Grid fwi configured.
2019-07-15 05:07:27,406 null [INFO] (/home/meteo/dev/redist/fwidbmgr/include/Grid.h:1595) Configuring grid: ffmc
2019-07-15 05:07:27,407 null [INFO] (/home/meteo/dev/redist/fwidbmgr/include/Grid.h:1695) Grid ffmc configured.
2019-07-15 05:07:27,426 null [INFO] (/home/meteo/dev/redist/fwidbmgr/include/Grid.h:1595) Configuring grid: dmc
2019-07-15 05:07:27,426 null [INFO] (/home/meteo/dev/redist/fwidbmgr/include/Grid.h:1695) Grid dmc configured.
2019-07-15 05:07:27,446 null [INFO] (/home/meteo/dev/redist/fwidbmgr/include/Grid.h:1595) Configuring grid: dc
2019-07-15 05:07:27,446 null [INFO] (/home/meteo/dev/redist/fwidbmgr/include/Grid.h:1695) Grid dc configured.
2019-07-15 05:07:27,466 null [INFO] (/home/meteo/dev/redist/fwidbmgr/include/Grid.h:1595) Configuring grid: bui
2019-07-15 05:07:27,466 null [INFO] (/home/meteo/dev/redist/fwidbmgr/include/Grid.h:1695) Grid bui configured.
2019-07-15 05:07:27,486 null [INFO] (/home/meteo/dev/redist/fwidbmgr/include/Grid.h:1595) Configuring grid: ffmc_tmp
2019-07-15 05:07:27,486 null [INFO] (/home/meteo/dev/redist/fwidbmgr/include/Grid.h:1695) Grid ffmc_tmp configured.
2019-07-15 05:07:27,506 null [INFO] (/home/meteo/dev/redist/fwidbmgr/include/Grid.h:1595) Configuring grid: dmc_tmp
2019-07-15 05:07:27,506 null [INFO] (/home/meteo/dev/redist/fwidbmgr/include/Grid.h:1695) Grid dmc_tmp configured.
2019-07-15 05:07:27,525 null [INFO] (/home/meteo/dev/redist/fwidbmgr/include/Grid.h:1595) Configuring grid: dc_tmp
2019-07-15 05:07:27,525 null [INFO] (/home/meteo/dev/redist/fwidbmgr/include/Grid.h:1695) Grid dc_tmp configured.
2019-07-15 05:07:27,545 null [INFO] (/home/meteo/dev/redist/fwidbmgr/include/Grid.h:1595) Configuring grid: angstrom
2019-07-15 05:07:27,545 null [INFO] (/home/meteo/dev/redist/fwidbmgr/include/Grid.h:1695) Grid angstrom configured.
2019-07-15 05:07:27,566 null [INFO] (/home/meteo/dev/redist/fwidbmgr/include/Grid.h:1595) Configuring grid: sharples
2019-07-15 05:07:27,566 null [INFO] (/home/meteo/dev/redist/fwidbmgr/include/Grid.h:1695) Grid sharples configured.
2019-07-15 05:07:27,585 null [INFO] (/home/meteo/dev/redist/fwidbmgr/include/Grid.h:1595) Configuring grid: fmi
2019-07-15 05:07:27,585 null [INFO] (/home/meteo/dev/redist/fwidbmgr/include/Grid.h:1695) Grid fmi configured.
2019-07-15 05:07:27,604 null [INFO] (../src/fwidbmgr.cpp:5600) OK --> 20190714 indexes exported to files.
2019-07-15 05:07:27,604 null [INFO] (../src/fwidbmgr.cpp:5695) action exportidx took about 4 seconds.
2019-07-15 05:07:27,604 null [INFO] (../src/fwidbmgr.cpp:5699) Disconnected from database.
2019-07-15 05:07:42,058 null [INFO] (../src/fwidbmgr.cpp:5361) fwi db manager
2019-07-15 05:07:42,059 null [INFO] (../src/fwidbmgr.cpp:5365) Program home: /home/meteo/dev/redist/fwidbmgr
2019-07-15 05:07:42,059 null [INFO] (../src/fwidbmgr.cpp:5369) Auto convert: 1
2019-07-15 05:07:42,059 null [INFO] (../src/fwidbmgr.cpp:446) action: outimg.
2019-07-15 05:07:42,059 null [INFO] (../src/fwidbmgr.cpp:470) date: 20190714.
2019-07-15 05:07:42,059 null [INFO] (../src/fwidbmgr.cpp:322) Try to read: /home/meteo/dev/redist/fwidbmgr/config/fwidbmgr.conf.
2019-07-15 05:07:42,060 null [INFO] (../src/fwidbmgr.cpp:5393) Configuration parsing: OK.
2019-07-15 05:07:42,065 null [INFO] (../src/fwidbmgr.cpp:5478) Connected to database
2019-07-15 05:07:42,065 null [INFO] (../src/fwidbmgr.cpp:5480) Manage data for date: 20190714.
2019-07-15 05:07:42,065 null [INFO] (../src/fwidbmgr.cpp:5566) Importing fwi indexes images in database.
2019-07-15 05:07:42,131 null [INFO] (../src/fwidbmgr.cpp:5570) OK --> 20190714 images imported.
2019-07-15 05:07:42,131 null [INFO] (../src/fwidbmgr.cpp:5695) action outimg took about 0 seconds.
2019-07-15 05:07:42,132 null [INFO] (../src/fwidbmgr.cpp:5699) Disconnected from database.
2019-07-15 05:37:01,161 null [INFO] (../src/fwidbmgr.cpp:5361) fwi db manager
2019-07-15 05:37:01,161 null [INFO] (../src/fwidbmgr.cpp:5365) Program home: /home/meteo/dev/redist/fwidbmgr
2019-07-15 05:37:01,161 null [INFO] (../src/fwidbmgr.cpp:5369) Auto convert: 1
2019-07-15 05:37:01,161 null [INFO] (../src/fwidbmgr.cpp:446) action: outimg.
2019-07-15 05:37:01,161 null [INFO] (../src/fwidbmgr.cpp:470) date: 20190714.
2019-07-15 05:37:01,161 null [INFO] (../src/fwidbmgr.cpp:322) Try to read: /home/meteo/dev/redist/fwidbmgr/config/fwidbmgr.conf.
2019-07-15 05:37:01,162 null [INFO] (../src/fwidbmgr.cpp:5393) Configuration parsing: OK.
2019-07-15 05:37:01,166 null [INFO] (../src/fwidbmgr.cpp:5478) Connected to database
2019-07-15 05:37:01,166 null [INFO] (../src/fwidbmgr.cpp:5480) Manage data for date: 20190714.
2019-07-15 05:37:01,167 null [INFO] (../src/fwidbmgr.cpp:5566) Importing fwi indexes images in database.
2019-07-15 05:37:01,222 null [INFO] (../src/fwidbmgr.cpp:5570) OK --> 20190714 images imported.
2019-07-15 05:37:01,222 null [INFO] (../src/fwidbmgr.cpp:5695) action outimg took about 0 seconds.
2019-07-15 05:37:01,222 null [INFO] (../src/fwidbmgr.cpp:5699) Disconnected from database.
2019-07-15 06:05:01,352 null [INFO] (../src/fwidbmgr.cpp:5361) fwi db manager
2019-07-15 06:05:01,353 null [INFO] (../src/fwidbmgr.cpp:5365) Program home: /home/meteo/dev/redist/fwidbmgr
2019-07-15 06:05:01,353 null [INFO] (../src/fwidbmgr.cpp:5369) Auto convert: 1
2019-07-15 06:05:01,353 null [INFO] (../src/fwidbmgr.cpp:446) action: outimg.
2019-07-15 06:05:01,353 null [INFO] (../src/fwidbmgr.cpp:470) date: 20190714.
2019-07-15 06:05:01,353 null [INFO] (../src/fwidbmgr.cpp:322) Try to read: /home/meteo/dev/redist/fwidbmgr/config/fwidbmgr.conf.
2019-07-15 06:05:01,354 null [INFO] (../src/fwidbmgr.cpp:5393) Configuration parsing: OK.
2019-07-15 06:05:01,361 null [INFO] (../src/fwidbmgr.cpp:5478) Connected to database
2019-07-15 06:05:01,361 null [INFO] (../src/fwidbmgr.cpp:5480) Manage data for date: 20190714.
2019-07-15 06:05:01,361 null [INFO] (../src/fwidbmgr.cpp:5566) Importing fwi indexes images in database.
2019-07-15 06:05:01,414 null [INFO] (../src/fwidbmgr.cpp:5570) OK --> 20190714 images imported.
2019-07-15 06:05:01,414 null [INFO] (../src/fwidbmgr.cpp:5695) action outimg took about 0 seconds.
2019-07-15 06:05:01,414 null [INFO] (../src/fwidbmgr.cpp:5699) Disconnected from database.
2019-07-15 06:37:01,533 null [INFO] (../src/fwidbmgr.cpp:5361) fwi db manager
2019-07-15 06:37:01,533 null [INFO] (../src/fwidbmgr.cpp:5365) Program home: /home/meteo/dev/redist/fwidbmgr
2019-07-15 06:37:01,533 null [INFO] (../src/fwidbmgr.cpp:5369) Auto convert: 1
2019-07-15 06:37:01,533 null [INFO] (../src/fwidbmgr.cpp:446) action: outimg.
2019-07-15 06:37:01,533 null [INFO] (../src/fwidbmgr.cpp:470) date: 20190714.
2019-07-15 06:37:01,533 null [INFO] (../src/fwidbmgr.cpp:322) Try to read: /home/meteo/dev/redist/fwidbmgr/config/fwidbmgr.conf.
2019-07-15 06:37:01,535 null [INFO] (../src/fwidbmgr.cpp:5393) Configuration parsing: OK.
2019-07-15 06:37:01,541 null [INFO] (../src/fwidbmgr.cpp:5478) Connected to database
2019-07-15 06:37:01,541 null [INFO] (../src/fwidbmgr.cpp:5480) Manage data for date: 20190714.
2019-07-15 06:37:01,541 null [INFO] (../src/fwidbmgr.cpp:5566) Importing fwi indexes images in database.
2019-07-15 06:37:01,585 null [INFO] (../src/fwidbmgr.cpp:5570) OK --> 20190714 images imported.
2019-07-15 06:37:01,585 null [INFO] (../src/fwidbmgr.cpp:5695) action outimg took about 0 seconds.
2019-07-15 06:37:01,585 null [INFO] (../src/fwidbmgr.cpp:5699) Disconnected from database.
2019-07-15 07:05:01,281 null [INFO] (../src/fwidbmgr.cpp:5361) fwi db manager
2019-07-15 07:05:01,281 null [INFO] (../src/fwidbmgr.cpp:5365) Program home: /home/meteo/dev/redist/fwidbmgr
2019-07-15 07:05:01,281 null [INFO] (../src/fwidbmgr.cpp:5369) Auto convert: 1
2019-07-15 07:05:01,281 null [INFO] (../src/fwidbmgr.cpp:446) action: outimg.
2019-07-15 07:05:01,281 null [INFO] (../src/fwidbmgr.cpp:470) date: 20190714.
2019-07-15 07:05:01,281 null [INFO] (../src/fwidbmgr.cpp:322) Try to read: /home/meteo/dev/redist/fwidbmgr/config/fwidbmgr.conf.
2019-07-15 07:05:01,282 null [INFO] (../src/fwidbmgr.cpp:5393) Configuration parsing: OK.
2019-07-15 07:05:01,288 null [INFO] (../src/fwidbmgr.cpp:5478) Connected to database
2019-07-15 07:05:01,288 null [INFO] (../src/fwidbmgr.cpp:5480) Manage data for date: 20190714.
2019-07-15 07:05:01,288 null [INFO] (../src/fwidbmgr.cpp:5566) Importing fwi indexes images in database.
2019-07-15 07:05:01,336 null [INFO] (../src/fwidbmgr.cpp:5570) OK --> 20190714 images imported.
2019-07-15 07:05:01,336 null [INFO] (../src/fwidbmgr.cpp:5695) action outimg took about 0 seconds.
2019-07-15 07:05:01,336 null [INFO] (../src/fwidbmgr.cpp:5699) Disconnected from database.
2019-07-15 07:37:01,475 null [INFO] (../src/fwidbmgr.cpp:5361) fwi db manager
2019-07-15 07:37:01,475 null [INFO] (../src/fwidbmgr.cpp:5365) Program home: /home/meteo/dev/redist/fwidbmgr
2019-07-15 07:37:01,476 null [INFO] (../src/fwidbmgr.cpp:5369) Auto convert: 1
2019-07-15 07:37:01,476 null [INFO] (../src/fwidbmgr.cpp:446) action: outimg.
2019-07-15 07:37:01,476 null [INFO] (../src/fwidbmgr.cpp:470) date: 20190714.
2019-07-15 07:37:01,476 null [INFO] (../src/fwidbmgr.cpp:322) Try to read: /home/meteo/dev/redist/fwidbmgr/config/fwidbmgr.conf.
2019-07-15 07:37:01,478 null [INFO] (../src/fwidbmgr.cpp:5393) Configuration parsing: OK.
2019-07-15 07:37:01,482 null [INFO] (../src/fwidbmgr.cpp:5478) Connected to database
2019-07-15 07:37:01,482 null [INFO] (../src/fwidbmgr.cpp:5480) Manage data for date: 20190714.
2019-07-15 07:37:01,482 null [INFO] (../src/fwidbmgr.cpp:5566) Importing fwi indexes images in database.
2019-07-15 07:37:01,527 null [INFO] (../src/fwidbmgr.cpp:5570) OK --> 20190714 images imported.
2019-07-15 07:37:01,528 null [INFO] (../src/fwidbmgr.cpp:5695) action outimg took about 0 seconds.
2019-07-15 07:37:01,528 null [INFO] (../src/fwidbmgr.cpp:5699) Disconnected from database.
