2018-04-04 05:06:52,957 null [INFO] (../src/fwidbmgr.cpp:5361) fwi db manager
2018-04-04 05:06:52,957 null [INFO] (../src/fwidbmgr.cpp:5365) Program home: /home/meteo/dev/redist/fwidbmgr
2018-04-04 05:06:52,957 null [INFO] (../src/fwidbmgr.cpp:5369) Auto convert: 1
2018-04-04 05:06:52,957 null [INFO] (../src/fwidbmgr.cpp:446) action: in.
2018-04-04 05:06:52,957 null [INFO] (../src/fwidbmgr.cpp:470) date: 20180403.
2018-04-04 05:06:52,957 null [INFO] (../src/fwidbmgr.cpp:322) Try to read: /home/meteo/dev/redist/fwidbmgr/config/fwidbmgr.conf.
2018-04-04 05:06:52,973 null [INFO] (../src/fwidbmgr.cpp:5393) Configuration parsing: OK.
2018-04-04 05:06:53,014 null [INFO] (../src/fwidbmgr.cpp:5478) Connected to database
2018-04-04 05:06:53,014 null [INFO] (../src/fwidbmgr.cpp:5480) Manage data for date: 20180403.
2018-04-04 05:06:53,014 null [INFO] (../src/fwidbmgr.cpp:5536) Importing meteo data in database for day: 20180403.
2018-04-04 05:06:53,016 null [INFO] (/home/meteo/dev/redist/fwidbmgr/include/Grid.h:1595) Configuring grid: snow
2018-04-04 05:06:53,016 null [INFO] (/home/meteo/dev/redist/fwidbmgr/include/Grid.h:1695) Grid snow configured.
2018-04-04 05:06:53,027 null [INFO] (/home/meteo/dev/redist/fwidbmgr/include/Grid.h:1595) Configuring grid: snow_covering
2018-04-04 05:06:53,027 null [INFO] (/home/meteo/dev/redist/fwidbmgr/include/Grid.h:1695) Grid snow_covering configured.
2018-04-04 05:06:53,040 null [INFO] (/home/meteo/dev/redist/fwidbmgr/include/Grid.h:1595) Configuring grid: snow_dissolution
2018-04-04 05:06:53,040 null [INFO] (/home/meteo/dev/redist/fwidbmgr/include/Grid.h:1695) Grid snow_dissolution configured.
2018-04-04 05:06:53,064 null [INFO] (/home/meteo/dev/redist/fwidbmgr/include/Grid.h:1595) Configuring grid: temperature
2018-04-04 05:06:53,064 null [INFO] (/home/meteo/dev/redist/fwidbmgr/include/Grid.h:1695) Grid temperature configured.
2018-04-04 05:06:53,069 null [INFO] (/home/meteo/dev/redist/fwidbmgr/include/Grid.h:1595) Configuring grid: humidity
2018-04-04 05:06:53,069 null [INFO] (/home/meteo/dev/redist/fwidbmgr/include/Grid.h:1695) Grid humidity configured.
2018-04-04 05:06:53,079 null [INFO] (/home/meteo/dev/redist/fwidbmgr/include/Grid.h:1595) Configuring grid: windspeed
2018-04-04 05:06:53,080 null [INFO] (/home/meteo/dev/redist/fwidbmgr/include/Grid.h:1695) Grid windspeed configured.
2018-04-04 05:06:53,102 null [INFO] (/home/meteo/dev/redist/fwidbmgr/include/Grid.h:1595) Configuring grid: rain
2018-04-04 05:06:53,102 null [INFO] (/home/meteo/dev/redist/fwidbmgr/include/Grid.h:1695) Grid rain configured.
2018-04-04 05:06:53,105 null [INFO] (/home/meteo/dev/redist/fwidbmgr/include/Grid.h:1595) Configuring grid: cum_rain
2018-04-04 05:06:53,105 null [INFO] (/home/meteo/dev/redist/fwidbmgr/include/Grid.h:1695) Grid cum_rain configured.
2018-04-04 05:06:53,412 null [INFO] (../src/fwidbmgr.cpp:1518) Storing meteo input ...
2018-04-04 05:07:07,288 null [INFO] (../src/fwidbmgr.cpp:5540) OK --> 20180403 data imported.
2018-04-04 05:07:07,332 null [INFO] (../src/fwidbmgr.cpp:5695) action in took about 14 seconds.
2018-04-04 05:07:07,371 null [INFO] (../src/fwidbmgr.cpp:5699) Disconnected from database.
2018-04-04 05:08:25,920 null [INFO] (../src/fwidbmgr.cpp:5361) fwi db manager
2018-04-04 05:08:25,921 null [INFO] (../src/fwidbmgr.cpp:5365) Program home: /home/meteo/dev/redist/fwidbmgr
2018-04-04 05:08:25,921 null [INFO] (../src/fwidbmgr.cpp:5369) Auto convert: 1
2018-04-04 05:08:25,921 null [INFO] (../src/fwidbmgr.cpp:446) action: out.
2018-04-04 05:08:25,921 null [INFO] (../src/fwidbmgr.cpp:470) date: 20180403.
2018-04-04 05:08:25,921 null [INFO] (../src/fwidbmgr.cpp:322) Try to read: /home/meteo/dev/redist/fwidbmgr/config/fwidbmgr.conf.
2018-04-04 05:08:25,928 null [INFO] (../src/fwidbmgr.cpp:5393) Configuration parsing: OK.
2018-04-04 05:08:25,950 null [INFO] (../src/fwidbmgr.cpp:5478) Connected to database
2018-04-04 05:08:25,950 null [INFO] (../src/fwidbmgr.cpp:5480) Manage data for date: 20180403.
2018-04-04 05:08:25,950 null [INFO] (../src/fwidbmgr.cpp:5551) Importing fwi indexes data in database for day: 20180403.
2018-04-04 05:08:25,962 null [INFO] (/home/meteo/dev/redist/fwidbmgr/include/Grid.h:1595) Configuring grid: isi
2018-04-04 05:08:25,963 null [INFO] (/home/meteo/dev/redist/fwidbmgr/include/Grid.h:1695) Grid isi configured.
2018-04-04 05:08:25,976 null [INFO] (/home/meteo/dev/redist/fwidbmgr/include/Grid.h:1595) Configuring grid: fwi
2018-04-04 05:08:25,976 null [INFO] (/home/meteo/dev/redist/fwidbmgr/include/Grid.h:1695) Grid fwi configured.
2018-04-04 05:08:25,990 null [INFO] (/home/meteo/dev/redist/fwidbmgr/include/Grid.h:1595) Configuring grid: ffmc
2018-04-04 05:08:25,990 null [INFO] (/home/meteo/dev/redist/fwidbmgr/include/Grid.h:1695) Grid ffmc configured.
2018-04-04 05:08:26,004 null [INFO] (/home/meteo/dev/redist/fwidbmgr/include/Grid.h:1595) Configuring grid: dmc
2018-04-04 05:08:26,004 null [INFO] (/home/meteo/dev/redist/fwidbmgr/include/Grid.h:1695) Grid dmc configured.
2018-04-04 05:08:26,017 null [INFO] (/home/meteo/dev/redist/fwidbmgr/include/Grid.h:1595) Configuring grid: dc
2018-04-04 05:08:26,017 null [INFO] (/home/meteo/dev/redist/fwidbmgr/include/Grid.h:1695) Grid dc configured.
2018-04-04 05:08:26,031 null [INFO] (/home/meteo/dev/redist/fwidbmgr/include/Grid.h:1595) Configuring grid: bui
2018-04-04 05:08:26,031 null [INFO] (/home/meteo/dev/redist/fwidbmgr/include/Grid.h:1695) Grid bui configured.
2018-04-04 05:08:26,045 null [INFO] (/home/meteo/dev/redist/fwidbmgr/include/Grid.h:1595) Configuring grid: ffmc_tmp
2018-04-04 05:08:26,045 null [INFO] (/home/meteo/dev/redist/fwidbmgr/include/Grid.h:1695) Grid ffmc_tmp configured.
2018-04-04 05:08:26,072 null [INFO] (/home/meteo/dev/redist/fwidbmgr/include/Grid.h:1595) Configuring grid: dmc_tmp
2018-04-04 05:08:26,072 null [INFO] (/home/meteo/dev/redist/fwidbmgr/include/Grid.h:1695) Grid dmc_tmp configured.
2018-04-04 05:08:26,094 null [INFO] (/home/meteo/dev/redist/fwidbmgr/include/Grid.h:1595) Configuring grid: dc_tmp
2018-04-04 05:08:26,094 null [INFO] (/home/meteo/dev/redist/fwidbmgr/include/Grid.h:1695) Grid dc_tmp configured.
2018-04-04 05:08:26,115 null [INFO] (/home/meteo/dev/redist/fwidbmgr/include/Grid.h:1595) Configuring grid: idi
2018-04-04 05:08:26,115 null [INFO] (/home/meteo/dev/redist/fwidbmgr/include/Grid.h:1695) Grid idi configured.
2018-04-04 05:08:26,486 null [INFO] (../src/fwidbmgr.cpp:2081) Storing FWI indexes ...
2018-04-04 05:08:34,281 null [INFO] (../src/fwidbmgr.cpp:5555) OK --> 20180403 data imported.
2018-04-04 05:08:34,281 null [INFO] (../src/fwidbmgr.cpp:5695) action out took about 9 seconds.
2018-04-04 05:08:34,282 null [INFO] (../src/fwidbmgr.cpp:5699) Disconnected from database.
2018-04-04 05:08:34,297 null [INFO] (../src/fwidbmgr.cpp:5361) fwi db manager
2018-04-04 05:08:34,298 null [INFO] (../src/fwidbmgr.cpp:5365) Program home: /home/meteo/dev/redist/fwidbmgr
2018-04-04 05:08:34,298 null [INFO] (../src/fwidbmgr.cpp:5369) Auto convert: 1
2018-04-04 05:08:34,298 null [INFO] (../src/fwidbmgr.cpp:446) action: computeidx.
2018-04-04 05:08:34,298 null [INFO] (../src/fwidbmgr.cpp:470) date: 20180403.
2018-04-04 05:08:34,298 null [INFO] (../src/fwidbmgr.cpp:322) Try to read: /home/meteo/dev/redist/fwidbmgr/config/fwidbmgr.conf.
2018-04-04 05:08:34,300 null [INFO] (../src/fwidbmgr.cpp:5393) Configuration parsing: OK.
2018-04-04 05:08:34,303 null [INFO] (../src/fwidbmgr.cpp:5478) Connected to database
2018-04-04 05:08:34,303 null [INFO] (../src/fwidbmgr.cpp:5480) Manage data for date: 20180403.
2018-04-04 05:08:34,303 null [INFO] (../src/fwidbmgr.cpp:5656) Computing indexes.
2018-04-04 05:08:34,305 null [INFO] (/home/meteo/dev/redist/fwidbmgr/include/Grid.h:1595) Configuring grid: isi
2018-04-04 05:08:34,305 null [INFO] (/home/meteo/dev/redist/fwidbmgr/include/Grid.h:1695) Grid isi configured.
2018-04-04 05:08:34,306 null [INFO] (/home/meteo/dev/redist/fwidbmgr/include/Grid.h:1595) Configuring grid: fwi
2018-04-04 05:08:34,306 null [INFO] (/home/meteo/dev/redist/fwidbmgr/include/Grid.h:1695) Grid fwi configured.
2018-04-04 05:08:34,308 null [INFO] (/home/meteo/dev/redist/fwidbmgr/include/Grid.h:1595) Configuring grid: ffmc
2018-04-04 05:08:34,308 null [INFO] (/home/meteo/dev/redist/fwidbmgr/include/Grid.h:1695) Grid ffmc configured.
2018-04-04 05:08:34,309 null [INFO] (/home/meteo/dev/redist/fwidbmgr/include/Grid.h:1595) Configuring grid: dmc
2018-04-04 05:08:34,309 null [INFO] (/home/meteo/dev/redist/fwidbmgr/include/Grid.h:1695) Grid dmc configured.
2018-04-04 05:08:34,311 null [INFO] (/home/meteo/dev/redist/fwidbmgr/include/Grid.h:1595) Configuring grid: dc
2018-04-04 05:08:34,311 null [INFO] (/home/meteo/dev/redist/fwidbmgr/include/Grid.h:1695) Grid dc configured.
2018-04-04 05:08:34,312 null [INFO] (/home/meteo/dev/redist/fwidbmgr/include/Grid.h:1595) Configuring grid: bui
2018-04-04 05:08:34,312 null [INFO] (/home/meteo/dev/redist/fwidbmgr/include/Grid.h:1695) Grid bui configured.
2018-04-04 05:08:34,314 null [INFO] (/home/meteo/dev/redist/fwidbmgr/include/Grid.h:1595) Configuring grid: ffmc_tmp
2018-04-04 05:08:34,314 null [INFO] (/home/meteo/dev/redist/fwidbmgr/include/Grid.h:1695) Grid ffmc_tmp configured.
2018-04-04 05:08:34,315 null [INFO] (/home/meteo/dev/redist/fwidbmgr/include/Grid.h:1595) Configuring grid: dmc_tmp
2018-04-04 05:08:34,315 null [INFO] (/home/meteo/dev/redist/fwidbmgr/include/Grid.h:1695) Grid dmc_tmp configured.
2018-04-04 05:08:34,317 null [INFO] (/home/meteo/dev/redist/fwidbmgr/include/Grid.h:1595) Configuring grid: dc_tmp
2018-04-04 05:08:34,317 null [INFO] (/home/meteo/dev/redist/fwidbmgr/include/Grid.h:1695) Grid dc_tmp configured.
2018-04-04 05:08:34,318 null [INFO] (/home/meteo/dev/redist/fwidbmgr/include/Grid.h:1595) Configuring grid: idi
2018-04-04 05:08:34,318 null [INFO] (/home/meteo/dev/redist/fwidbmgr/include/Grid.h:1695) Grid idi configured.
2018-04-04 05:08:34,319 null [INFO] (/home/meteo/dev/redist/fwidbmgr/include/Grid.h:1595) Configuring grid: angstrom
2018-04-04 05:08:34,319 null [INFO] (/home/meteo/dev/redist/fwidbmgr/include/Grid.h:1695) Grid angstrom configured.
2018-04-04 05:08:34,321 null [INFO] (/home/meteo/dev/redist/fwidbmgr/include/Grid.h:1595) Configuring grid: fmi
2018-04-04 05:08:34,321 null [INFO] (/home/meteo/dev/redist/fwidbmgr/include/Grid.h:1695) Grid fmi configured.
2018-04-04 05:08:34,322 null [INFO] (/home/meteo/dev/redist/fwidbmgr/include/Grid.h:1595) Configuring grid: sharples
2018-04-04 05:08:34,322 null [INFO] (/home/meteo/dev/redist/fwidbmgr/include/Grid.h:1695) Grid sharples configured.
2018-04-04 05:08:35,109 null [INFO] (/home/meteo/dev/redist/fwidbmgr/include/Grid.h:1595) Configuring grid: snow
2018-04-04 05:08:35,110 null [INFO] (/home/meteo/dev/redist/fwidbmgr/include/Grid.h:1695) Grid snow configured.
2018-04-04 05:08:35,110 null [INFO] (/home/meteo/dev/redist/fwidbmgr/include/Grid.h:1595) Configuring grid: snow_covering
2018-04-04 05:08:35,110 null [INFO] (/home/meteo/dev/redist/fwidbmgr/include/Grid.h:1695) Grid snow_covering configured.
2018-04-04 05:08:35,110 null [INFO] (/home/meteo/dev/redist/fwidbmgr/include/Grid.h:1595) Configuring grid: snow_dissolution
2018-04-04 05:08:35,110 null [INFO] (/home/meteo/dev/redist/fwidbmgr/include/Grid.h:1695) Grid snow_dissolution configured.
2018-04-04 05:08:35,110 null [INFO] (/home/meteo/dev/redist/fwidbmgr/include/Grid.h:1595) Configuring grid: temperature
2018-04-04 05:08:35,110 null [INFO] (/home/meteo/dev/redist/fwidbmgr/include/Grid.h:1695) Grid temperature configured.
2018-04-04 05:08:35,110 null [INFO] (/home/meteo/dev/redist/fwidbmgr/include/Grid.h:1595) Configuring grid: humidity
2018-04-04 05:08:35,110 null [INFO] (/home/meteo/dev/redist/fwidbmgr/include/Grid.h:1695) Grid humidity configured.
2018-04-04 05:08:35,110 null [INFO] (/home/meteo/dev/redist/fwidbmgr/include/Grid.h:1595) Configuring grid: windspeed
2018-04-04 05:08:35,111 null [INFO] (/home/meteo/dev/redist/fwidbmgr/include/Grid.h:1695) Grid windspeed configured.
2018-04-04 05:08:35,111 null [INFO] (/home/meteo/dev/redist/fwidbmgr/include/Grid.h:1595) Configuring grid: rain
2018-04-04 05:08:35,111 null [INFO] (/home/meteo/dev/redist/fwidbmgr/include/Grid.h:1695) Grid rain configured.
2018-04-04 05:08:35,111 null [INFO] (/home/meteo/dev/redist/fwidbmgr/include/Grid.h:1595) Configuring grid: cum_rain
2018-04-04 05:08:35,111 null [INFO] (/home/meteo/dev/redist/fwidbmgr/include/Grid.h:1695) Grid cum_rain configured.
2018-04-04 05:10:35,294 null [INFO] (../src/fwidbmgr.cpp:5660) OK --> 20180403 indexes computed.
2018-04-04 05:10:35,294 null [INFO] (../src/fwidbmgr.cpp:5695) action computeidx took about 121 seconds.
2018-04-04 05:10:35,294 null [INFO] (../src/fwidbmgr.cpp:5699) Disconnected from database.
2018-04-04 05:10:35,313 null [INFO] (../src/fwidbmgr.cpp:5361) fwi db manager
2018-04-04 05:10:35,313 null [INFO] (../src/fwidbmgr.cpp:5365) Program home: /home/meteo/dev/redist/fwidbmgr
2018-04-04 05:10:35,313 null [INFO] (../src/fwidbmgr.cpp:5369) Auto convert: 1
2018-04-04 05:10:35,313 null [INFO] (../src/fwidbmgr.cpp:446) action: exportidx.
2018-04-04 05:10:35,313 null [INFO] (../src/fwidbmgr.cpp:470) date: 20180403.
2018-04-04 05:10:35,313 null [INFO] (../src/fwidbmgr.cpp:322) Try to read: /home/meteo/dev/redist/fwidbmgr/config/fwidbmgr.conf.
2018-04-04 05:10:35,315 null [INFO] (../src/fwidbmgr.cpp:5393) Configuration parsing: OK.
2018-04-04 05:10:35,318 null [INFO] (../src/fwidbmgr.cpp:5478) Connected to database
2018-04-04 05:10:35,319 null [INFO] (../src/fwidbmgr.cpp:5480) Manage data for date: 20180403.
2018-04-04 05:10:35,319 null [INFO] (../src/fwidbmgr.cpp:5596) Exporting indexes.
2018-04-04 05:10:35,320 null [INFO] (/home/meteo/dev/redist/fwidbmgr/include/Grid.h:1595) Configuring grid: isi
2018-04-04 05:10:35,321 null [INFO] (/home/meteo/dev/redist/fwidbmgr/include/Grid.h:1695) Grid isi configured.
2018-04-04 05:10:35,322 null [INFO] (/home/meteo/dev/redist/fwidbmgr/include/Grid.h:1595) Configuring grid: fwi
2018-04-04 05:10:35,322 null [INFO] (/home/meteo/dev/redist/fwidbmgr/include/Grid.h:1695) Grid fwi configured.
2018-04-04 05:10:35,323 null [INFO] (/home/meteo/dev/redist/fwidbmgr/include/Grid.h:1595) Configuring grid: ffmc
2018-04-04 05:10:35,323 null [INFO] (/home/meteo/dev/redist/fwidbmgr/include/Grid.h:1695) Grid ffmc configured.
2018-04-04 05:10:35,325 null [INFO] (/home/meteo/dev/redist/fwidbmgr/include/Grid.h:1595) Configuring grid: dmc
2018-04-04 05:10:35,325 null [INFO] (/home/meteo/dev/redist/fwidbmgr/include/Grid.h:1695) Grid dmc configured.
2018-04-04 05:10:35,326 null [INFO] (/home/meteo/dev/redist/fwidbmgr/include/Grid.h:1595) Configuring grid: dc
2018-04-04 05:10:35,326 null [INFO] (/home/meteo/dev/redist/fwidbmgr/include/Grid.h:1695) Grid dc configured.
2018-04-04 05:10:35,327 null [INFO] (/home/meteo/dev/redist/fwidbmgr/include/Grid.h:1595) Configuring grid: bui
2018-04-04 05:10:35,327 null [INFO] (/home/meteo/dev/redist/fwidbmgr/include/Grid.h:1695) Grid bui configured.
2018-04-04 05:10:35,329 null [INFO] (/home/meteo/dev/redist/fwidbmgr/include/Grid.h:1595) Configuring grid: ffmc_tmp
2018-04-04 05:10:35,329 null [INFO] (/home/meteo/dev/redist/fwidbmgr/include/Grid.h:1695) Grid ffmc_tmp configured.
2018-04-04 05:10:35,330 null [INFO] (/home/meteo/dev/redist/fwidbmgr/include/Grid.h:1595) Configuring grid: dmc_tmp
2018-04-04 05:10:35,330 null [INFO] (/home/meteo/dev/redist/fwidbmgr/include/Grid.h:1695) Grid dmc_tmp configured.
2018-04-04 05:10:35,331 null [INFO] (/home/meteo/dev/redist/fwidbmgr/include/Grid.h:1595) Configuring grid: dc_tmp
2018-04-04 05:10:35,331 null [INFO] (/home/meteo/dev/redist/fwidbmgr/include/Grid.h:1695) Grid dc_tmp configured.
2018-04-04 05:10:35,333 null [INFO] (/home/meteo/dev/redist/fwidbmgr/include/Grid.h:1595) Configuring grid: idi
2018-04-04 05:10:35,333 null [INFO] (/home/meteo/dev/redist/fwidbmgr/include/Grid.h:1695) Grid idi configured.
2018-04-04 05:10:35,334 null [INFO] (/home/meteo/dev/redist/fwidbmgr/include/Grid.h:1595) Configuring grid: angstrom
2018-04-04 05:10:35,334 null [INFO] (/home/meteo/dev/redist/fwidbmgr/include/Grid.h:1695) Grid angstrom configured.
2018-04-04 05:10:35,335 null [INFO] (/home/meteo/dev/redist/fwidbmgr/include/Grid.h:1595) Configuring grid: fmi
2018-04-04 05:10:35,335 null [INFO] (/home/meteo/dev/redist/fwidbmgr/include/Grid.h:1695) Grid fmi configured.
2018-04-04 05:10:35,337 null [INFO] (/home/meteo/dev/redist/fwidbmgr/include/Grid.h:1595) Configuring grid: sharples
2018-04-04 05:10:35,337 null [INFO] (/home/meteo/dev/redist/fwidbmgr/include/Grid.h:1695) Grid sharples configured.
2018-04-04 05:10:36,158 null [INFO] (/home/meteo/dev/redist/fwidbmgr/include/Grid.h:1595) Configuring grid: isi
2018-04-04 05:10:36,158 null [INFO] (/home/meteo/dev/redist/fwidbmgr/include/Grid.h:1695) Grid isi configured.
2018-04-04 05:10:36,197 null [INFO] (/home/meteo/dev/redist/fwidbmgr/include/Grid.h:1595) Configuring grid: fwi
2018-04-04 05:10:36,197 null [INFO] (/home/meteo/dev/redist/fwidbmgr/include/Grid.h:1695) Grid fwi configured.
2018-04-04 05:10:36,235 null [INFO] (/home/meteo/dev/redist/fwidbmgr/include/Grid.h:1595) Configuring grid: ffmc
2018-04-04 05:10:36,235 null [INFO] (/home/meteo/dev/redist/fwidbmgr/include/Grid.h:1695) Grid ffmc configured.
2018-04-04 05:10:36,275 null [INFO] (/home/meteo/dev/redist/fwidbmgr/include/Grid.h:1595) Configuring grid: dmc
2018-04-04 05:10:36,275 null [INFO] (/home/meteo/dev/redist/fwidbmgr/include/Grid.h:1695) Grid dmc configured.
2018-04-04 05:10:36,314 null [INFO] (/home/meteo/dev/redist/fwidbmgr/include/Grid.h:1595) Configuring grid: dc
2018-04-04 05:10:36,314 null [INFO] (/home/meteo/dev/redist/fwidbmgr/include/Grid.h:1695) Grid dc configured.
2018-04-04 05:10:36,353 null [INFO] (/home/meteo/dev/redist/fwidbmgr/include/Grid.h:1595) Configuring grid: bui
2018-04-04 05:10:36,353 null [INFO] (/home/meteo/dev/redist/fwidbmgr/include/Grid.h:1695) Grid bui configured.
2018-04-04 05:10:36,392 null [INFO] (/home/meteo/dev/redist/fwidbmgr/include/Grid.h:1595) Configuring grid: ffmc_tmp
2018-04-04 05:10:36,392 null [INFO] (/home/meteo/dev/redist/fwidbmgr/include/Grid.h:1695) Grid ffmc_tmp configured.
2018-04-04 05:10:36,430 null [INFO] (/home/meteo/dev/redist/fwidbmgr/include/Grid.h:1595) Configuring grid: dmc_tmp
2018-04-04 05:10:36,430 null [INFO] (/home/meteo/dev/redist/fwidbmgr/include/Grid.h:1695) Grid dmc_tmp configured.
2018-04-04 05:10:36,466 null [INFO] (/home/meteo/dev/redist/fwidbmgr/include/Grid.h:1595) Configuring grid: dc_tmp
2018-04-04 05:10:36,466 null [INFO] (/home/meteo/dev/redist/fwidbmgr/include/Grid.h:1695) Grid dc_tmp configured.
2018-04-04 05:10:36,503 null [INFO] (/home/meteo/dev/redist/fwidbmgr/include/Grid.h:1595) Configuring grid: angstrom
2018-04-04 05:10:36,503 null [INFO] (/home/meteo/dev/redist/fwidbmgr/include/Grid.h:1695) Grid angstrom configured.
2018-04-04 05:10:36,579 null [INFO] (/home/meteo/dev/redist/fwidbmgr/include/Grid.h:1595) Configuring grid: sharples
2018-04-04 05:10:36,579 null [INFO] (/home/meteo/dev/redist/fwidbmgr/include/Grid.h:1695) Grid sharples configured.
2018-04-04 05:10:36,629 null [INFO] (/home/meteo/dev/redist/fwidbmgr/include/Grid.h:1595) Configuring grid: fmi
2018-04-04 05:10:36,629 null [INFO] (/home/meteo/dev/redist/fwidbmgr/include/Grid.h:1695) Grid fmi configured.
2018-04-04 05:10:36,671 null [INFO] (../src/fwidbmgr.cpp:5600) OK --> 20180403 indexes exported to files.
2018-04-04 05:10:36,671 null [INFO] (../src/fwidbmgr.cpp:5695) action exportidx took about 1 seconds.
2018-04-04 05:10:36,674 null [INFO] (../src/fwidbmgr.cpp:5699) Disconnected from database.
2018-04-04 05:11:05,263 null [INFO] (../src/fwidbmgr.cpp:5361) fwi db manager
2018-04-04 05:11:05,263 null [INFO] (../src/fwidbmgr.cpp:5365) Program home: /home/meteo/dev/redist/fwidbmgr
2018-04-04 05:11:05,263 null [INFO] (../src/fwidbmgr.cpp:5369) Auto convert: 1
2018-04-04 05:11:05,263 null [INFO] (../src/fwidbmgr.cpp:446) action: outimg.
2018-04-04 05:11:05,263 null [INFO] (../src/fwidbmgr.cpp:470) date: 20180403.
2018-04-04 05:11:05,263 null [INFO] (../src/fwidbmgr.cpp:322) Try to read: /home/meteo/dev/redist/fwidbmgr/config/fwidbmgr.conf.
2018-04-04 05:11:05,265 null [INFO] (../src/fwidbmgr.cpp:5393) Configuration parsing: OK.
2018-04-04 05:11:05,268 null [INFO] (../src/fwidbmgr.cpp:5478) Connected to database
2018-04-04 05:11:05,268 null [INFO] (../src/fwidbmgr.cpp:5480) Manage data for date: 20180403.
2018-04-04 05:11:05,268 null [INFO] (../src/fwidbmgr.cpp:5566) Importing fwi indexes images in database.
2018-04-04 05:11:05,371 null [INFO] (../src/fwidbmgr.cpp:5570) OK --> 20180403 images imported.
2018-04-04 05:11:05,372 null [INFO] (../src/fwidbmgr.cpp:5695) action outimg took about 0 seconds.
2018-04-04 05:11:05,389 null [INFO] (../src/fwidbmgr.cpp:5699) Disconnected from database.
2018-04-04 05:37:01,978 null [INFO] (../src/fwidbmgr.cpp:5361) fwi db manager
2018-04-04 05:37:01,978 null [INFO] (../src/fwidbmgr.cpp:5365) Program home: /home/meteo/dev/redist/fwidbmgr
2018-04-04 05:37:01,978 null [INFO] (../src/fwidbmgr.cpp:5369) Auto convert: 1
2018-04-04 05:37:01,978 null [INFO] (../src/fwidbmgr.cpp:446) action: outimg.
2018-04-04 05:37:01,978 null [INFO] (../src/fwidbmgr.cpp:470) date: 20180403.
2018-04-04 05:37:01,978 null [INFO] (../src/fwidbmgr.cpp:322) Try to read: /home/meteo/dev/redist/fwidbmgr/config/fwidbmgr.conf.
2018-04-04 05:37:01,980 null [INFO] (../src/fwidbmgr.cpp:5393) Configuration parsing: OK.
2018-04-04 05:37:01,986 null [INFO] (../src/fwidbmgr.cpp:5478) Connected to database
2018-04-04 05:37:01,986 null [INFO] (../src/fwidbmgr.cpp:5480) Manage data for date: 20180403.
2018-04-04 05:37:01,986 null [INFO] (../src/fwidbmgr.cpp:5566) Importing fwi indexes images in database.
2018-04-04 05:37:02,103 null [INFO] (../src/fwidbmgr.cpp:5570) OK --> 20180403 images imported.
2018-04-04 05:37:02,103 null [INFO] (../src/fwidbmgr.cpp:5695) action outimg took about 1 seconds.
2018-04-04 05:37:02,103 null [INFO] (../src/fwidbmgr.cpp:5699) Disconnected from database.
2018-04-04 06:05:01,416 null [INFO] (../src/fwidbmgr.cpp:5361) fwi db manager
2018-04-04 06:05:01,417 null [INFO] (../src/fwidbmgr.cpp:5365) Program home: /home/meteo/dev/redist/fwidbmgr
2018-04-04 06:05:01,417 null [INFO] (../src/fwidbmgr.cpp:5369) Auto convert: 1
2018-04-04 06:05:01,417 null [INFO] (../src/fwidbmgr.cpp:446) action: outimg.
2018-04-04 06:05:01,417 null [INFO] (../src/fwidbmgr.cpp:470) date: 20180403.
2018-04-04 06:05:01,417 null [INFO] (../src/fwidbmgr.cpp:322) Try to read: /home/meteo/dev/redist/fwidbmgr/config/fwidbmgr.conf.
2018-04-04 06:05:01,419 null [INFO] (../src/fwidbmgr.cpp:5393) Configuration parsing: OK.
2018-04-04 06:05:01,427 null [INFO] (../src/fwidbmgr.cpp:5478) Connected to database
2018-04-04 06:05:01,428 null [INFO] (../src/fwidbmgr.cpp:5480) Manage data for date: 20180403.
2018-04-04 06:05:01,428 null [INFO] (../src/fwidbmgr.cpp:5566) Importing fwi indexes images in database.
2018-04-04 06:05:01,528 null [INFO] (../src/fwidbmgr.cpp:5570) OK --> 20180403 images imported.
2018-04-04 06:05:01,528 null [INFO] (../src/fwidbmgr.cpp:5695) action outimg took about 0 seconds.
2018-04-04 06:05:01,529 null [INFO] (../src/fwidbmgr.cpp:5699) Disconnected from database.
2018-04-04 06:37:01,763 null [INFO] (../src/fwidbmgr.cpp:5361) fwi db manager
2018-04-04 06:37:01,764 null [INFO] (../src/fwidbmgr.cpp:5365) Program home: /home/meteo/dev/redist/fwidbmgr
2018-04-04 06:37:01,764 null [INFO] (../src/fwidbmgr.cpp:5369) Auto convert: 1
2018-04-04 06:37:01,764 null [INFO] (../src/fwidbmgr.cpp:446) action: outimg.
2018-04-04 06:37:01,764 null [INFO] (../src/fwidbmgr.cpp:470) date: 20180403.
2018-04-04 06:37:01,764 null [INFO] (../src/fwidbmgr.cpp:322) Try to read: /home/meteo/dev/redist/fwidbmgr/config/fwidbmgr.conf.
2018-04-04 06:37:01,766 null [INFO] (../src/fwidbmgr.cpp:5393) Configuration parsing: OK.
2018-04-04 06:37:01,786 null [INFO] (../src/fwidbmgr.cpp:5478) Connected to database
2018-04-04 06:37:01,787 null [INFO] (../src/fwidbmgr.cpp:5480) Manage data for date: 20180403.
2018-04-04 06:37:01,787 null [INFO] (../src/fwidbmgr.cpp:5566) Importing fwi indexes images in database.
2018-04-04 06:37:01,911 null [INFO] (../src/fwidbmgr.cpp:5570) OK --> 20180403 images imported.
2018-04-04 06:37:01,912 null [INFO] (../src/fwidbmgr.cpp:5695) action outimg took about 0 seconds.
2018-04-04 06:37:01,912 null [INFO] (../src/fwidbmgr.cpp:5699) Disconnected from database.
2018-04-04 07:05:02,035 null [INFO] (../src/fwidbmgr.cpp:5361) fwi db manager
2018-04-04 07:05:02,035 null [INFO] (../src/fwidbmgr.cpp:5365) Program home: /home/meteo/dev/redist/fwidbmgr
2018-04-04 07:05:02,036 null [INFO] (../src/fwidbmgr.cpp:5369) Auto convert: 1
2018-04-04 07:05:02,036 null [INFO] (../src/fwidbmgr.cpp:446) action: outimg.
2018-04-04 07:05:02,036 null [INFO] (../src/fwidbmgr.cpp:470) date: 20180403.
2018-04-04 07:05:02,036 null [INFO] (../src/fwidbmgr.cpp:322) Try to read: /home/meteo/dev/redist/fwidbmgr/config/fwidbmgr.conf.
2018-04-04 07:05:02,041 null [INFO] (../src/fwidbmgr.cpp:5393) Configuration parsing: OK.
2018-04-04 07:05:02,076 null [INFO] (../src/fwidbmgr.cpp:5478) Connected to database
2018-04-04 07:05:02,076 null [INFO] (../src/fwidbmgr.cpp:5480) Manage data for date: 20180403.
2018-04-04 07:05:02,077 null [INFO] (../src/fwidbmgr.cpp:5566) Importing fwi indexes images in database.
2018-04-04 07:05:02,218 null [INFO] (../src/fwidbmgr.cpp:5570) OK --> 20180403 images imported.
2018-04-04 07:05:02,218 null [INFO] (../src/fwidbmgr.cpp:5695) action outimg took about 0 seconds.
2018-04-04 07:05:02,219 null [INFO] (../src/fwidbmgr.cpp:5699) Disconnected from database.
2018-04-04 07:37:01,564 null [INFO] (../src/fwidbmgr.cpp:5361) fwi db manager
2018-04-04 07:37:01,565 null [INFO] (../src/fwidbmgr.cpp:5365) Program home: /home/meteo/dev/redist/fwidbmgr
2018-04-04 07:37:01,565 null [INFO] (../src/fwidbmgr.cpp:5369) Auto convert: 1
2018-04-04 07:37:01,565 null [INFO] (../src/fwidbmgr.cpp:446) action: outimg.
2018-04-04 07:37:01,565 null [INFO] (../src/fwidbmgr.cpp:470) date: 20180403.
2018-04-04 07:37:01,565 null [INFO] (../src/fwidbmgr.cpp:322) Try to read: /home/meteo/dev/redist/fwidbmgr/config/fwidbmgr.conf.
2018-04-04 07:37:01,574 null [INFO] (../src/fwidbmgr.cpp:5393) Configuration parsing: OK.
2018-04-04 07:37:01,600 null [INFO] (../src/fwidbmgr.cpp:5478) Connected to database
2018-04-04 07:37:01,600 null [INFO] (../src/fwidbmgr.cpp:5480) Manage data for date: 20180403.
2018-04-04 07:37:01,600 null [INFO] (../src/fwidbmgr.cpp:5566) Importing fwi indexes images in database.
2018-04-04 07:37:01,723 null [INFO] (../src/fwidbmgr.cpp:5570) OK --> 20180403 images imported.
2018-04-04 07:37:01,724 null [INFO] (../src/fwidbmgr.cpp:5695) action outimg took about 0 seconds.
2018-04-04 07:37:01,724 null [INFO] (../src/fwidbmgr.cpp:5699) Disconnected from database.
