2018-05-26 05:06:52,777 null [INFO] (../src/fwidbmgr.cpp:5361) fwi db manager
2018-05-26 05:06:52,777 null [INFO] (../src/fwidbmgr.cpp:5365) Program home: /home/meteo/dev/redist/fwidbmgr
2018-05-26 05:06:52,777 null [INFO] (../src/fwidbmgr.cpp:5369) Auto convert: 1
2018-05-26 05:06:52,777 null [INFO] (../src/fwidbmgr.cpp:446) action: in.
2018-05-26 05:06:52,777 null [INFO] (../src/fwidbmgr.cpp:470) date: 20180525.
2018-05-26 05:06:52,777 null [INFO] (../src/fwidbmgr.cpp:322) Try to read: /home/meteo/dev/redist/fwidbmgr/config/fwidbmgr.conf.
2018-05-26 05:06:52,791 null [INFO] (../src/fwidbmgr.cpp:5393) Configuration parsing: OK.
2018-05-26 05:06:52,795 null [INFO] (../src/fwidbmgr.cpp:5478) Connected to database
2018-05-26 05:06:52,795 null [INFO] (../src/fwidbmgr.cpp:5480) Manage data for date: 20180525.
2018-05-26 05:06:52,795 null [INFO] (../src/fwidbmgr.cpp:5536) Importing meteo data in database for day: 20180525.
2018-05-26 05:06:52,797 null [INFO] (/home/meteo/dev/redist/fwidbmgr/include/Grid.h:1595) Configuring grid: snow
2018-05-26 05:06:52,797 null [INFO] (/home/meteo/dev/redist/fwidbmgr/include/Grid.h:1695) Grid snow configured.
2018-05-26 05:06:52,808 null [INFO] (/home/meteo/dev/redist/fwidbmgr/include/Grid.h:1595) Configuring grid: snow_covering
2018-05-26 05:06:52,808 null [INFO] (/home/meteo/dev/redist/fwidbmgr/include/Grid.h:1695) Grid snow_covering configured.
2018-05-26 05:06:52,822 null [INFO] (/home/meteo/dev/redist/fwidbmgr/include/Grid.h:1595) Configuring grid: snow_dissolution
2018-05-26 05:06:52,822 null [INFO] (/home/meteo/dev/redist/fwidbmgr/include/Grid.h:1695) Grid snow_dissolution configured.
2018-05-26 05:06:52,845 null [INFO] (/home/meteo/dev/redist/fwidbmgr/include/Grid.h:1595) Configuring grid: temperature
2018-05-26 05:06:52,846 null [INFO] (/home/meteo/dev/redist/fwidbmgr/include/Grid.h:1695) Grid temperature configured.
2018-05-26 05:06:52,851 null [INFO] (/home/meteo/dev/redist/fwidbmgr/include/Grid.h:1595) Configuring grid: humidity
2018-05-26 05:06:52,851 null [INFO] (/home/meteo/dev/redist/fwidbmgr/include/Grid.h:1695) Grid humidity configured.
2018-05-26 05:06:52,861 null [INFO] (/home/meteo/dev/redist/fwidbmgr/include/Grid.h:1595) Configuring grid: windspeed
2018-05-26 05:06:52,861 null [INFO] (/home/meteo/dev/redist/fwidbmgr/include/Grid.h:1695) Grid windspeed configured.
2018-05-26 05:06:52,883 null [INFO] (/home/meteo/dev/redist/fwidbmgr/include/Grid.h:1595) Configuring grid: rain
2018-05-26 05:06:52,883 null [INFO] (/home/meteo/dev/redist/fwidbmgr/include/Grid.h:1695) Grid rain configured.
2018-05-26 05:06:52,886 null [INFO] (/home/meteo/dev/redist/fwidbmgr/include/Grid.h:1595) Configuring grid: cum_rain
2018-05-26 05:06:52,886 null [INFO] (/home/meteo/dev/redist/fwidbmgr/include/Grid.h:1695) Grid cum_rain configured.
2018-05-26 05:06:58,951 null [INFO] (../src/fwidbmgr.cpp:1518) Storing meteo input ...
2018-05-26 05:07:21,792 null [INFO] (../src/fwidbmgr.cpp:5540) OK --> 20180525 data imported.
2018-05-26 05:07:21,854 null [INFO] (../src/fwidbmgr.cpp:5695) action in took about 29 seconds.
2018-05-26 05:07:22,097 null [INFO] (../src/fwidbmgr.cpp:5699) Disconnected from database.
2018-05-26 05:08:32,324 null [INFO] (../src/fwidbmgr.cpp:5361) fwi db manager
2018-05-26 05:08:32,325 null [INFO] (../src/fwidbmgr.cpp:5365) Program home: /home/meteo/dev/redist/fwidbmgr
2018-05-26 05:08:32,325 null [INFO] (../src/fwidbmgr.cpp:5369) Auto convert: 1
2018-05-26 05:08:32,325 null [INFO] (../src/fwidbmgr.cpp:446) action: out.
2018-05-26 05:08:32,325 null [INFO] (../src/fwidbmgr.cpp:470) date: 20180525.
2018-05-26 05:08:32,325 null [INFO] (../src/fwidbmgr.cpp:322) Try to read: /home/meteo/dev/redist/fwidbmgr/config/fwidbmgr.conf.
2018-05-26 05:08:32,332 null [INFO] (../src/fwidbmgr.cpp:5393) Configuration parsing: OK.
2018-05-26 05:08:32,343 null [INFO] (../src/fwidbmgr.cpp:5478) Connected to database
2018-05-26 05:08:32,343 null [INFO] (../src/fwidbmgr.cpp:5480) Manage data for date: 20180525.
2018-05-26 05:08:32,343 null [INFO] (../src/fwidbmgr.cpp:5551) Importing fwi indexes data in database for day: 20180525.
2018-05-26 05:08:32,358 null [INFO] (/home/meteo/dev/redist/fwidbmgr/include/Grid.h:1595) Configuring grid: isi
2018-05-26 05:08:32,358 null [INFO] (/home/meteo/dev/redist/fwidbmgr/include/Grid.h:1695) Grid isi configured.
2018-05-26 05:08:32,373 null [INFO] (/home/meteo/dev/redist/fwidbmgr/include/Grid.h:1595) Configuring grid: fwi
2018-05-26 05:08:32,373 null [INFO] (/home/meteo/dev/redist/fwidbmgr/include/Grid.h:1695) Grid fwi configured.
2018-05-26 05:08:32,387 null [INFO] (/home/meteo/dev/redist/fwidbmgr/include/Grid.h:1595) Configuring grid: ffmc
2018-05-26 05:08:32,387 null [INFO] (/home/meteo/dev/redist/fwidbmgr/include/Grid.h:1695) Grid ffmc configured.
2018-05-26 05:08:32,401 null [INFO] (/home/meteo/dev/redist/fwidbmgr/include/Grid.h:1595) Configuring grid: dmc
2018-05-26 05:08:32,401 null [INFO] (/home/meteo/dev/redist/fwidbmgr/include/Grid.h:1695) Grid dmc configured.
2018-05-26 05:08:32,415 null [INFO] (/home/meteo/dev/redist/fwidbmgr/include/Grid.h:1595) Configuring grid: dc
2018-05-26 05:08:32,415 null [INFO] (/home/meteo/dev/redist/fwidbmgr/include/Grid.h:1695) Grid dc configured.
2018-05-26 05:08:32,430 null [INFO] (/home/meteo/dev/redist/fwidbmgr/include/Grid.h:1595) Configuring grid: bui
2018-05-26 05:08:32,430 null [INFO] (/home/meteo/dev/redist/fwidbmgr/include/Grid.h:1695) Grid bui configured.
2018-05-26 05:08:32,444 null [INFO] (/home/meteo/dev/redist/fwidbmgr/include/Grid.h:1595) Configuring grid: ffmc_tmp
2018-05-26 05:08:32,444 null [INFO] (/home/meteo/dev/redist/fwidbmgr/include/Grid.h:1695) Grid ffmc_tmp configured.
2018-05-26 05:08:32,488 null [INFO] (/home/meteo/dev/redist/fwidbmgr/include/Grid.h:1595) Configuring grid: dmc_tmp
2018-05-26 05:08:32,488 null [INFO] (/home/meteo/dev/redist/fwidbmgr/include/Grid.h:1695) Grid dmc_tmp configured.
2018-05-26 05:08:32,510 null [INFO] (/home/meteo/dev/redist/fwidbmgr/include/Grid.h:1595) Configuring grid: dc_tmp
2018-05-26 05:08:32,510 null [INFO] (/home/meteo/dev/redist/fwidbmgr/include/Grid.h:1695) Grid dc_tmp configured.
2018-05-26 05:08:32,532 null [INFO] (/home/meteo/dev/redist/fwidbmgr/include/Grid.h:1595) Configuring grid: idi
2018-05-26 05:08:32,532 null [INFO] (/home/meteo/dev/redist/fwidbmgr/include/Grid.h:1695) Grid idi configured.
2018-05-26 05:08:36,088 null [INFO] (../src/fwidbmgr.cpp:2081) Storing FWI indexes ...
2018-05-26 05:08:48,791 null [INFO] (../src/fwidbmgr.cpp:5555) OK --> 20180525 data imported.
2018-05-26 05:08:48,826 null [INFO] (../src/fwidbmgr.cpp:5695) action out took about 16 seconds.
2018-05-26 05:08:48,827 null [INFO] (../src/fwidbmgr.cpp:5699) Disconnected from database.
2018-05-26 05:08:49,173 null [INFO] (../src/fwidbmgr.cpp:5361) fwi db manager
2018-05-26 05:08:49,173 null [INFO] (../src/fwidbmgr.cpp:5365) Program home: /home/meteo/dev/redist/fwidbmgr
2018-05-26 05:08:49,173 null [INFO] (../src/fwidbmgr.cpp:5369) Auto convert: 1
2018-05-26 05:08:49,173 null [INFO] (../src/fwidbmgr.cpp:446) action: computeidx.
2018-05-26 05:08:49,173 null [INFO] (../src/fwidbmgr.cpp:470) date: 20180525.
2018-05-26 05:08:49,173 null [INFO] (../src/fwidbmgr.cpp:322) Try to read: /home/meteo/dev/redist/fwidbmgr/config/fwidbmgr.conf.
2018-05-26 05:08:49,186 null [INFO] (../src/fwidbmgr.cpp:5393) Configuration parsing: OK.
2018-05-26 05:08:49,211 null [INFO] (../src/fwidbmgr.cpp:5478) Connected to database
2018-05-26 05:08:49,211 null [INFO] (../src/fwidbmgr.cpp:5480) Manage data for date: 20180525.
2018-05-26 05:08:49,211 null [INFO] (../src/fwidbmgr.cpp:5656) Computing indexes.
2018-05-26 05:08:49,212 null [INFO] (/home/meteo/dev/redist/fwidbmgr/include/Grid.h:1595) Configuring grid: isi
2018-05-26 05:08:49,213 null [INFO] (/home/meteo/dev/redist/fwidbmgr/include/Grid.h:1695) Grid isi configured.
2018-05-26 05:08:49,214 null [INFO] (/home/meteo/dev/redist/fwidbmgr/include/Grid.h:1595) Configuring grid: fwi
2018-05-26 05:08:49,214 null [INFO] (/home/meteo/dev/redist/fwidbmgr/include/Grid.h:1695) Grid fwi configured.
2018-05-26 05:08:49,215 null [INFO] (/home/meteo/dev/redist/fwidbmgr/include/Grid.h:1595) Configuring grid: ffmc
2018-05-26 05:08:49,215 null [INFO] (/home/meteo/dev/redist/fwidbmgr/include/Grid.h:1695) Grid ffmc configured.
2018-05-26 05:08:49,217 null [INFO] (/home/meteo/dev/redist/fwidbmgr/include/Grid.h:1595) Configuring grid: dmc
2018-05-26 05:08:49,217 null [INFO] (/home/meteo/dev/redist/fwidbmgr/include/Grid.h:1695) Grid dmc configured.
2018-05-26 05:08:49,218 null [INFO] (/home/meteo/dev/redist/fwidbmgr/include/Grid.h:1595) Configuring grid: dc
2018-05-26 05:08:49,218 null [INFO] (/home/meteo/dev/redist/fwidbmgr/include/Grid.h:1695) Grid dc configured.
2018-05-26 05:08:49,219 null [INFO] (/home/meteo/dev/redist/fwidbmgr/include/Grid.h:1595) Configuring grid: bui
2018-05-26 05:08:49,219 null [INFO] (/home/meteo/dev/redist/fwidbmgr/include/Grid.h:1695) Grid bui configured.
2018-05-26 05:08:49,221 null [INFO] (/home/meteo/dev/redist/fwidbmgr/include/Grid.h:1595) Configuring grid: ffmc_tmp
2018-05-26 05:08:49,221 null [INFO] (/home/meteo/dev/redist/fwidbmgr/include/Grid.h:1695) Grid ffmc_tmp configured.
2018-05-26 05:08:49,222 null [INFO] (/home/meteo/dev/redist/fwidbmgr/include/Grid.h:1595) Configuring grid: dmc_tmp
2018-05-26 05:08:49,222 null [INFO] (/home/meteo/dev/redist/fwidbmgr/include/Grid.h:1695) Grid dmc_tmp configured.
2018-05-26 05:08:49,224 null [INFO] (/home/meteo/dev/redist/fwidbmgr/include/Grid.h:1595) Configuring grid: dc_tmp
2018-05-26 05:08:49,224 null [INFO] (/home/meteo/dev/redist/fwidbmgr/include/Grid.h:1695) Grid dc_tmp configured.
2018-05-26 05:08:49,225 null [INFO] (/home/meteo/dev/redist/fwidbmgr/include/Grid.h:1595) Configuring grid: idi
2018-05-26 05:08:49,225 null [INFO] (/home/meteo/dev/redist/fwidbmgr/include/Grid.h:1695) Grid idi configured.
2018-05-26 05:08:49,226 null [INFO] (/home/meteo/dev/redist/fwidbmgr/include/Grid.h:1595) Configuring grid: angstrom
2018-05-26 05:08:49,226 null [INFO] (/home/meteo/dev/redist/fwidbmgr/include/Grid.h:1695) Grid angstrom configured.
2018-05-26 05:08:49,227 null [INFO] (/home/meteo/dev/redist/fwidbmgr/include/Grid.h:1595) Configuring grid: fmi
2018-05-26 05:08:49,228 null [INFO] (/home/meteo/dev/redist/fwidbmgr/include/Grid.h:1695) Grid fmi configured.
2018-05-26 05:08:49,229 null [INFO] (/home/meteo/dev/redist/fwidbmgr/include/Grid.h:1595) Configuring grid: sharples
2018-05-26 05:08:49,229 null [INFO] (/home/meteo/dev/redist/fwidbmgr/include/Grid.h:1695) Grid sharples configured.
2018-05-26 05:08:52,002 null [INFO] (/home/meteo/dev/redist/fwidbmgr/include/Grid.h:1595) Configuring grid: snow
2018-05-26 05:08:52,002 null [INFO] (/home/meteo/dev/redist/fwidbmgr/include/Grid.h:1695) Grid snow configured.
2018-05-26 05:08:52,002 null [INFO] (/home/meteo/dev/redist/fwidbmgr/include/Grid.h:1595) Configuring grid: snow_covering
2018-05-26 05:08:52,002 null [INFO] (/home/meteo/dev/redist/fwidbmgr/include/Grid.h:1695) Grid snow_covering configured.
2018-05-26 05:08:52,002 null [INFO] (/home/meteo/dev/redist/fwidbmgr/include/Grid.h:1595) Configuring grid: snow_dissolution
2018-05-26 05:08:52,002 null [INFO] (/home/meteo/dev/redist/fwidbmgr/include/Grid.h:1695) Grid snow_dissolution configured.
2018-05-26 05:08:52,002 null [INFO] (/home/meteo/dev/redist/fwidbmgr/include/Grid.h:1595) Configuring grid: temperature
2018-05-26 05:08:52,003 null [INFO] (/home/meteo/dev/redist/fwidbmgr/include/Grid.h:1695) Grid temperature configured.
2018-05-26 05:08:52,003 null [INFO] (/home/meteo/dev/redist/fwidbmgr/include/Grid.h:1595) Configuring grid: humidity
2018-05-26 05:08:52,003 null [INFO] (/home/meteo/dev/redist/fwidbmgr/include/Grid.h:1695) Grid humidity configured.
2018-05-26 05:08:52,003 null [INFO] (/home/meteo/dev/redist/fwidbmgr/include/Grid.h:1595) Configuring grid: windspeed
2018-05-26 05:08:52,003 null [INFO] (/home/meteo/dev/redist/fwidbmgr/include/Grid.h:1695) Grid windspeed configured.
2018-05-26 05:08:52,003 null [INFO] (/home/meteo/dev/redist/fwidbmgr/include/Grid.h:1595) Configuring grid: rain
2018-05-26 05:08:52,004 null [INFO] (/home/meteo/dev/redist/fwidbmgr/include/Grid.h:1695) Grid rain configured.
2018-05-26 05:08:52,004 null [INFO] (/home/meteo/dev/redist/fwidbmgr/include/Grid.h:1595) Configuring grid: cum_rain
2018-05-26 05:08:52,004 null [INFO] (/home/meteo/dev/redist/fwidbmgr/include/Grid.h:1695) Grid cum_rain configured.
2018-05-26 05:10:54,773 null [INFO] (../src/fwidbmgr.cpp:5660) OK --> 20180525 indexes computed.
2018-05-26 05:10:54,785 null [INFO] (../src/fwidbmgr.cpp:5695) action computeidx took about 125 seconds.
2018-05-26 05:10:54,785 null [INFO] (../src/fwidbmgr.cpp:5699) Disconnected from database.
2018-05-26 05:10:54,996 null [INFO] (../src/fwidbmgr.cpp:5361) fwi db manager
2018-05-26 05:10:54,996 null [INFO] (../src/fwidbmgr.cpp:5365) Program home: /home/meteo/dev/redist/fwidbmgr
2018-05-26 05:10:54,996 null [INFO] (../src/fwidbmgr.cpp:5369) Auto convert: 1
2018-05-26 05:10:54,996 null [INFO] (../src/fwidbmgr.cpp:446) action: exportidx.
2018-05-26 05:10:54,996 null [INFO] (../src/fwidbmgr.cpp:470) date: 20180525.
2018-05-26 05:10:54,996 null [INFO] (../src/fwidbmgr.cpp:322) Try to read: /home/meteo/dev/redist/fwidbmgr/config/fwidbmgr.conf.
2018-05-26 05:10:55,001 null [INFO] (../src/fwidbmgr.cpp:5393) Configuration parsing: OK.
2018-05-26 05:10:55,020 null [INFO] (../src/fwidbmgr.cpp:5478) Connected to database
2018-05-26 05:10:55,021 null [INFO] (../src/fwidbmgr.cpp:5480) Manage data for date: 20180525.
2018-05-26 05:10:55,021 null [INFO] (../src/fwidbmgr.cpp:5596) Exporting indexes.
2018-05-26 05:10:55,022 null [INFO] (/home/meteo/dev/redist/fwidbmgr/include/Grid.h:1595) Configuring grid: isi
2018-05-26 05:10:55,022 null [INFO] (/home/meteo/dev/redist/fwidbmgr/include/Grid.h:1695) Grid isi configured.
2018-05-26 05:10:55,024 null [INFO] (/home/meteo/dev/redist/fwidbmgr/include/Grid.h:1595) Configuring grid: fwi
2018-05-26 05:10:55,024 null [INFO] (/home/meteo/dev/redist/fwidbmgr/include/Grid.h:1695) Grid fwi configured.
2018-05-26 05:10:55,025 null [INFO] (/home/meteo/dev/redist/fwidbmgr/include/Grid.h:1595) Configuring grid: ffmc
2018-05-26 05:10:55,025 null [INFO] (/home/meteo/dev/redist/fwidbmgr/include/Grid.h:1695) Grid ffmc configured.
2018-05-26 05:10:55,026 null [INFO] (/home/meteo/dev/redist/fwidbmgr/include/Grid.h:1595) Configuring grid: dmc
2018-05-26 05:10:55,027 null [INFO] (/home/meteo/dev/redist/fwidbmgr/include/Grid.h:1695) Grid dmc configured.
2018-05-26 05:10:55,028 null [INFO] (/home/meteo/dev/redist/fwidbmgr/include/Grid.h:1595) Configuring grid: dc
2018-05-26 05:10:55,028 null [INFO] (/home/meteo/dev/redist/fwidbmgr/include/Grid.h:1695) Grid dc configured.
2018-05-26 05:10:55,029 null [INFO] (/home/meteo/dev/redist/fwidbmgr/include/Grid.h:1595) Configuring grid: bui
2018-05-26 05:10:55,029 null [INFO] (/home/meteo/dev/redist/fwidbmgr/include/Grid.h:1695) Grid bui configured.
2018-05-26 05:10:55,030 null [INFO] (/home/meteo/dev/redist/fwidbmgr/include/Grid.h:1595) Configuring grid: ffmc_tmp
2018-05-26 05:10:55,031 null [INFO] (/home/meteo/dev/redist/fwidbmgr/include/Grid.h:1695) Grid ffmc_tmp configured.
2018-05-26 05:10:55,032 null [INFO] (/home/meteo/dev/redist/fwidbmgr/include/Grid.h:1595) Configuring grid: dmc_tmp
2018-05-26 05:10:55,032 null [INFO] (/home/meteo/dev/redist/fwidbmgr/include/Grid.h:1695) Grid dmc_tmp configured.
2018-05-26 05:10:55,033 null [INFO] (/home/meteo/dev/redist/fwidbmgr/include/Grid.h:1595) Configuring grid: dc_tmp
2018-05-26 05:10:55,033 null [INFO] (/home/meteo/dev/redist/fwidbmgr/include/Grid.h:1695) Grid dc_tmp configured.
2018-05-26 05:10:55,034 null [INFO] (/home/meteo/dev/redist/fwidbmgr/include/Grid.h:1595) Configuring grid: idi
2018-05-26 05:10:55,034 null [INFO] (/home/meteo/dev/redist/fwidbmgr/include/Grid.h:1695) Grid idi configured.
2018-05-26 05:10:55,036 null [INFO] (/home/meteo/dev/redist/fwidbmgr/include/Grid.h:1595) Configuring grid: angstrom
2018-05-26 05:10:55,036 null [INFO] (/home/meteo/dev/redist/fwidbmgr/include/Grid.h:1695) Grid angstrom configured.
2018-05-26 05:10:55,037 null [INFO] (/home/meteo/dev/redist/fwidbmgr/include/Grid.h:1595) Configuring grid: fmi
2018-05-26 05:10:55,037 null [INFO] (/home/meteo/dev/redist/fwidbmgr/include/Grid.h:1695) Grid fmi configured.
2018-05-26 05:10:55,038 null [INFO] (/home/meteo/dev/redist/fwidbmgr/include/Grid.h:1595) Configuring grid: sharples
2018-05-26 05:10:55,038 null [INFO] (/home/meteo/dev/redist/fwidbmgr/include/Grid.h:1695) Grid sharples configured.
2018-05-26 05:10:57,682 null [INFO] (/home/meteo/dev/redist/fwidbmgr/include/Grid.h:1595) Configuring grid: isi
2018-05-26 05:10:57,682 null [INFO] (/home/meteo/dev/redist/fwidbmgr/include/Grid.h:1695) Grid isi configured.
2018-05-26 05:10:57,738 null [INFO] (/home/meteo/dev/redist/fwidbmgr/include/Grid.h:1595) Configuring grid: fwi
2018-05-26 05:10:57,738 null [INFO] (/home/meteo/dev/redist/fwidbmgr/include/Grid.h:1695) Grid fwi configured.
2018-05-26 05:10:57,782 null [INFO] (/home/meteo/dev/redist/fwidbmgr/include/Grid.h:1595) Configuring grid: ffmc
2018-05-26 05:10:57,782 null [INFO] (/home/meteo/dev/redist/fwidbmgr/include/Grid.h:1695) Grid ffmc configured.
2018-05-26 05:10:57,827 null [INFO] (/home/meteo/dev/redist/fwidbmgr/include/Grid.h:1595) Configuring grid: dmc
2018-05-26 05:10:57,827 null [INFO] (/home/meteo/dev/redist/fwidbmgr/include/Grid.h:1695) Grid dmc configured.
2018-05-26 05:10:57,868 null [INFO] (/home/meteo/dev/redist/fwidbmgr/include/Grid.h:1595) Configuring grid: dc
2018-05-26 05:10:57,868 null [INFO] (/home/meteo/dev/redist/fwidbmgr/include/Grid.h:1695) Grid dc configured.
2018-05-26 05:10:57,912 null [INFO] (/home/meteo/dev/redist/fwidbmgr/include/Grid.h:1595) Configuring grid: bui
2018-05-26 05:10:57,912 null [INFO] (/home/meteo/dev/redist/fwidbmgr/include/Grid.h:1695) Grid bui configured.
2018-05-26 05:10:57,959 null [INFO] (/home/meteo/dev/redist/fwidbmgr/include/Grid.h:1595) Configuring grid: ffmc_tmp
2018-05-26 05:10:57,960 null [INFO] (/home/meteo/dev/redist/fwidbmgr/include/Grid.h:1695) Grid ffmc_tmp configured.
2018-05-26 05:10:58,001 null [INFO] (/home/meteo/dev/redist/fwidbmgr/include/Grid.h:1595) Configuring grid: dmc_tmp
2018-05-26 05:10:58,001 null [INFO] (/home/meteo/dev/redist/fwidbmgr/include/Grid.h:1695) Grid dmc_tmp configured.
2018-05-26 05:10:58,042 null [INFO] (/home/meteo/dev/redist/fwidbmgr/include/Grid.h:1595) Configuring grid: dc_tmp
2018-05-26 05:10:58,042 null [INFO] (/home/meteo/dev/redist/fwidbmgr/include/Grid.h:1695) Grid dc_tmp configured.
2018-05-26 05:10:58,083 null [INFO] (/home/meteo/dev/redist/fwidbmgr/include/Grid.h:1595) Configuring grid: angstrom
2018-05-26 05:10:58,083 null [INFO] (/home/meteo/dev/redist/fwidbmgr/include/Grid.h:1695) Grid angstrom configured.
2018-05-26 05:10:58,141 null [INFO] (/home/meteo/dev/redist/fwidbmgr/include/Grid.h:1595) Configuring grid: sharples
2018-05-26 05:10:58,141 null [INFO] (/home/meteo/dev/redist/fwidbmgr/include/Grid.h:1695) Grid sharples configured.
2018-05-26 05:10:58,187 null [INFO] (/home/meteo/dev/redist/fwidbmgr/include/Grid.h:1595) Configuring grid: fmi
2018-05-26 05:10:58,187 null [INFO] (/home/meteo/dev/redist/fwidbmgr/include/Grid.h:1695) Grid fmi configured.
2018-05-26 05:10:58,230 null [INFO] (../src/fwidbmgr.cpp:5600) OK --> 20180525 indexes exported to files.
2018-05-26 05:10:58,230 null [INFO] (../src/fwidbmgr.cpp:5695) action exportidx took about 3 seconds.
2018-05-26 05:10:58,230 null [INFO] (../src/fwidbmgr.cpp:5699) Disconnected from database.
2018-05-26 05:11:43,098 null [INFO] (../src/fwidbmgr.cpp:5361) fwi db manager
2018-05-26 05:11:43,098 null [INFO] (../src/fwidbmgr.cpp:5365) Program home: /home/meteo/dev/redist/fwidbmgr
2018-05-26 05:11:43,098 null [INFO] (../src/fwidbmgr.cpp:5369) Auto convert: 1
2018-05-26 05:11:43,098 null [INFO] (../src/fwidbmgr.cpp:446) action: outimg.
2018-05-26 05:11:43,098 null [INFO] (../src/fwidbmgr.cpp:470) date: 20180525.
2018-05-26 05:11:43,098 null [INFO] (../src/fwidbmgr.cpp:322) Try to read: /home/meteo/dev/redist/fwidbmgr/config/fwidbmgr.conf.
2018-05-26 05:11:43,100 null [INFO] (../src/fwidbmgr.cpp:5393) Configuration parsing: OK.
2018-05-26 05:11:43,103 null [INFO] (../src/fwidbmgr.cpp:5478) Connected to database
2018-05-26 05:11:43,103 null [INFO] (../src/fwidbmgr.cpp:5480) Manage data for date: 20180525.
2018-05-26 05:11:43,104 null [INFO] (../src/fwidbmgr.cpp:5566) Importing fwi indexes images in database.
2018-05-26 05:11:43,221 null [INFO] (../src/fwidbmgr.cpp:5570) OK --> 20180525 images imported.
2018-05-26 05:11:43,221 null [INFO] (../src/fwidbmgr.cpp:5695) action outimg took about 0 seconds.
2018-05-26 05:11:43,221 null [INFO] (../src/fwidbmgr.cpp:5699) Disconnected from database.
2018-05-26 05:37:01,573 null [INFO] (../src/fwidbmgr.cpp:5361) fwi db manager
2018-05-26 05:37:01,573 null [INFO] (../src/fwidbmgr.cpp:5365) Program home: /home/meteo/dev/redist/fwidbmgr
2018-05-26 05:37:01,573 null [INFO] (../src/fwidbmgr.cpp:5369) Auto convert: 1
2018-05-26 05:37:01,573 null [INFO] (../src/fwidbmgr.cpp:446) action: outimg.
2018-05-26 05:37:01,573 null [INFO] (../src/fwidbmgr.cpp:470) date: 20180525.
2018-05-26 05:37:01,573 null [INFO] (../src/fwidbmgr.cpp:322) Try to read: /home/meteo/dev/redist/fwidbmgr/config/fwidbmgr.conf.
2018-05-26 05:37:01,575 null [INFO] (../src/fwidbmgr.cpp:5393) Configuration parsing: OK.
2018-05-26 05:37:01,579 null [INFO] (../src/fwidbmgr.cpp:5478) Connected to database
2018-05-26 05:37:01,580 null [INFO] (../src/fwidbmgr.cpp:5480) Manage data for date: 20180525.
2018-05-26 05:37:01,580 null [INFO] (../src/fwidbmgr.cpp:5566) Importing fwi indexes images in database.
2018-05-26 05:37:01,666 null [INFO] (../src/fwidbmgr.cpp:5570) OK --> 20180525 images imported.
2018-05-26 05:37:01,666 null [INFO] (../src/fwidbmgr.cpp:5695) action outimg took about 0 seconds.
2018-05-26 05:37:01,666 null [INFO] (../src/fwidbmgr.cpp:5699) Disconnected from database.
2018-05-26 06:05:01,806 null [INFO] (../src/fwidbmgr.cpp:5361) fwi db manager
2018-05-26 06:05:01,806 null [INFO] (../src/fwidbmgr.cpp:5365) Program home: /home/meteo/dev/redist/fwidbmgr
2018-05-26 06:05:01,806 null [INFO] (../src/fwidbmgr.cpp:5369) Auto convert: 1
2018-05-26 06:05:01,806 null [INFO] (../src/fwidbmgr.cpp:446) action: outimg.
2018-05-26 06:05:01,807 null [INFO] (../src/fwidbmgr.cpp:470) date: 20180525.
2018-05-26 06:05:01,807 null [INFO] (../src/fwidbmgr.cpp:322) Try to read: /home/meteo/dev/redist/fwidbmgr/config/fwidbmgr.conf.
2018-05-26 06:05:01,808 null [INFO] (../src/fwidbmgr.cpp:5393) Configuration parsing: OK.
2018-05-26 06:05:01,813 null [INFO] (../src/fwidbmgr.cpp:5478) Connected to database
2018-05-26 06:05:01,813 null [INFO] (../src/fwidbmgr.cpp:5480) Manage data for date: 20180525.
2018-05-26 06:05:01,814 null [INFO] (../src/fwidbmgr.cpp:5566) Importing fwi indexes images in database.
2018-05-26 06:05:01,887 null [INFO] (../src/fwidbmgr.cpp:5570) OK --> 20180525 images imported.
2018-05-26 06:05:01,887 null [INFO] (../src/fwidbmgr.cpp:5695) action outimg took about 0 seconds.
2018-05-26 06:05:01,887 null [INFO] (../src/fwidbmgr.cpp:5699) Disconnected from database.
2018-05-26 06:37:02,008 null [INFO] (../src/fwidbmgr.cpp:5361) fwi db manager
2018-05-26 06:37:02,008 null [INFO] (../src/fwidbmgr.cpp:5365) Program home: /home/meteo/dev/redist/fwidbmgr
2018-05-26 06:37:02,008 null [INFO] (../src/fwidbmgr.cpp:5369) Auto convert: 1
2018-05-26 06:37:02,008 null [INFO] (../src/fwidbmgr.cpp:446) action: outimg.
2018-05-26 06:37:02,008 null [INFO] (../src/fwidbmgr.cpp:470) date: 20180525.
2018-05-26 06:37:02,008 null [INFO] (../src/fwidbmgr.cpp:322) Try to read: /home/meteo/dev/redist/fwidbmgr/config/fwidbmgr.conf.
2018-05-26 06:37:02,010 null [INFO] (../src/fwidbmgr.cpp:5393) Configuration parsing: OK.
2018-05-26 06:37:02,015 null [INFO] (../src/fwidbmgr.cpp:5478) Connected to database
2018-05-26 06:37:02,015 null [INFO] (../src/fwidbmgr.cpp:5480) Manage data for date: 20180525.
2018-05-26 06:37:02,015 null [INFO] (../src/fwidbmgr.cpp:5566) Importing fwi indexes images in database.
2018-05-26 06:37:02,096 null [INFO] (../src/fwidbmgr.cpp:5570) OK --> 20180525 images imported.
2018-05-26 06:37:02,096 null [INFO] (../src/fwidbmgr.cpp:5695) action outimg took about 0 seconds.
2018-05-26 06:37:02,096 null [INFO] (../src/fwidbmgr.cpp:5699) Disconnected from database.
2018-05-26 07:05:01,823 null [INFO] (../src/fwidbmgr.cpp:5361) fwi db manager
2018-05-26 07:05:01,824 null [INFO] (../src/fwidbmgr.cpp:5365) Program home: /home/meteo/dev/redist/fwidbmgr
2018-05-26 07:05:01,824 null [INFO] (../src/fwidbmgr.cpp:5369) Auto convert: 1
2018-05-26 07:05:01,824 null [INFO] (../src/fwidbmgr.cpp:446) action: outimg.
2018-05-26 07:05:01,824 null [INFO] (../src/fwidbmgr.cpp:470) date: 20180525.
2018-05-26 07:05:01,824 null [INFO] (../src/fwidbmgr.cpp:322) Try to read: /home/meteo/dev/redist/fwidbmgr/config/fwidbmgr.conf.
2018-05-26 07:05:01,826 null [INFO] (../src/fwidbmgr.cpp:5393) Configuration parsing: OK.
2018-05-26 07:05:01,833 null [INFO] (../src/fwidbmgr.cpp:5478) Connected to database
2018-05-26 07:05:01,833 null [INFO] (../src/fwidbmgr.cpp:5480) Manage data for date: 20180525.
2018-05-26 07:05:01,833 null [INFO] (../src/fwidbmgr.cpp:5566) Importing fwi indexes images in database.
2018-05-26 07:05:01,909 null [INFO] (../src/fwidbmgr.cpp:5570) OK --> 20180525 images imported.
2018-05-26 07:05:01,910 null [INFO] (../src/fwidbmgr.cpp:5695) action outimg took about 0 seconds.
2018-05-26 07:05:01,910 null [INFO] (../src/fwidbmgr.cpp:5699) Disconnected from database.
2018-05-26 07:37:02,032 null [INFO] (../src/fwidbmgr.cpp:5361) fwi db manager
2018-05-26 07:37:02,032 null [INFO] (../src/fwidbmgr.cpp:5365) Program home: /home/meteo/dev/redist/fwidbmgr
2018-05-26 07:37:02,032 null [INFO] (../src/fwidbmgr.cpp:5369) Auto convert: 1
2018-05-26 07:37:02,032 null [INFO] (../src/fwidbmgr.cpp:446) action: outimg.
2018-05-26 07:37:02,032 null [INFO] (../src/fwidbmgr.cpp:470) date: 20180525.
2018-05-26 07:37:02,032 null [INFO] (../src/fwidbmgr.cpp:322) Try to read: /home/meteo/dev/redist/fwidbmgr/config/fwidbmgr.conf.
2018-05-26 07:37:02,034 null [INFO] (../src/fwidbmgr.cpp:5393) Configuration parsing: OK.
2018-05-26 07:37:02,039 null [INFO] (../src/fwidbmgr.cpp:5478) Connected to database
2018-05-26 07:37:02,039 null [INFO] (../src/fwidbmgr.cpp:5480) Manage data for date: 20180525.
2018-05-26 07:37:02,039 null [INFO] (../src/fwidbmgr.cpp:5566) Importing fwi indexes images in database.
2018-05-26 07:37:02,114 null [INFO] (../src/fwidbmgr.cpp:5570) OK --> 20180525 images imported.
2018-05-26 07:37:02,114 null [INFO] (../src/fwidbmgr.cpp:5695) action outimg took about 0 seconds.
2018-05-26 07:37:02,114 null [INFO] (../src/fwidbmgr.cpp:5699) Disconnected from database.
