2018-11-29 05:07:38,397 null [INFO] (../src/fwidbmgr.cpp:5361) fwi db manager
2018-11-29 05:07:38,397 null [INFO] (../src/fwidbmgr.cpp:5365) Program home: /home/meteo/dev/redist/fwidbmgr
2018-11-29 05:07:38,397 null [INFO] (../src/fwidbmgr.cpp:5369) Auto convert: 1
2018-11-29 05:07:38,398 null [INFO] (../src/fwidbmgr.cpp:446) action: in.
2018-11-29 05:07:38,398 null [INFO] (../src/fwidbmgr.cpp:470) date: 20181128.
2018-11-29 05:07:38,398 null [INFO] (../src/fwidbmgr.cpp:322) Try to read: /home/meteo/dev/redist/fwidbmgr/config/fwidbmgr.conf.
2018-11-29 05:07:38,404 null [INFO] (../src/fwidbmgr.cpp:5393) Configuration parsing: OK.
2018-11-29 05:07:38,418 null [INFO] (../src/fwidbmgr.cpp:5478) Connected to database
2018-11-29 05:07:38,419 null [INFO] (../src/fwidbmgr.cpp:5480) Manage data for date: 20181128.
2018-11-29 05:07:38,419 null [INFO] (../src/fwidbmgr.cpp:5536) Importing meteo data in database for day: 20181128.
2018-11-29 05:07:38,429 null [INFO] (/home/meteo/dev/redist/fwidbmgr/include/Grid.h:1595) Configuring grid: snow
2018-11-29 05:07:38,429 null [INFO] (/home/meteo/dev/redist/fwidbmgr/include/Grid.h:1695) Grid snow configured.
2018-11-29 05:07:38,453 null [INFO] (/home/meteo/dev/redist/fwidbmgr/include/Grid.h:1595) Configuring grid: snow_covering
2018-11-29 05:07:38,453 null [INFO] (/home/meteo/dev/redist/fwidbmgr/include/Grid.h:1695) Grid snow_covering configured.
2018-11-29 05:07:38,482 null [INFO] (/home/meteo/dev/redist/fwidbmgr/include/Grid.h:1595) Configuring grid: snow_dissolution
2018-11-29 05:07:38,482 null [INFO] (/home/meteo/dev/redist/fwidbmgr/include/Grid.h:1695) Grid snow_dissolution configured.
2018-11-29 05:07:38,534 null [INFO] (/home/meteo/dev/redist/fwidbmgr/include/Grid.h:1595) Configuring grid: temperature
2018-11-29 05:07:38,534 null [INFO] (/home/meteo/dev/redist/fwidbmgr/include/Grid.h:1695) Grid temperature configured.
2018-11-29 05:07:38,545 null [INFO] (/home/meteo/dev/redist/fwidbmgr/include/Grid.h:1595) Configuring grid: humidity
2018-11-29 05:07:38,545 null [INFO] (/home/meteo/dev/redist/fwidbmgr/include/Grid.h:1695) Grid humidity configured.
2018-11-29 05:07:38,583 null [INFO] (/home/meteo/dev/redist/fwidbmgr/include/Grid.h:1595) Configuring grid: windspeed
2018-11-29 05:07:38,584 null [INFO] (/home/meteo/dev/redist/fwidbmgr/include/Grid.h:1695) Grid windspeed configured.
2018-11-29 05:07:38,633 null [INFO] (/home/meteo/dev/redist/fwidbmgr/include/Grid.h:1595) Configuring grid: rain
2018-11-29 05:07:38,633 null [INFO] (/home/meteo/dev/redist/fwidbmgr/include/Grid.h:1695) Grid rain configured.
2018-11-29 05:07:38,639 null [INFO] (/home/meteo/dev/redist/fwidbmgr/include/Grid.h:1595) Configuring grid: cum_rain
2018-11-29 05:07:38,639 null [INFO] (/home/meteo/dev/redist/fwidbmgr/include/Grid.h:1695) Grid cum_rain configured.
2018-11-29 05:07:42,303 null [INFO] (../src/fwidbmgr.cpp:1518) Storing meteo input ...
2018-11-29 05:08:07,767 null [INFO] (../src/fwidbmgr.cpp:5540) OK --> 20181128 data imported.
2018-11-29 05:08:07,849 null [INFO] (../src/fwidbmgr.cpp:5695) action in took about 29 seconds.
2018-11-29 05:08:08,006 null [INFO] (../src/fwidbmgr.cpp:5699) Disconnected from database.
2018-11-29 05:10:02,771 null [INFO] (../src/fwidbmgr.cpp:5361) fwi db manager
2018-11-29 05:10:02,772 null [INFO] (../src/fwidbmgr.cpp:5365) Program home: /home/meteo/dev/redist/fwidbmgr
2018-11-29 05:10:02,772 null [INFO] (../src/fwidbmgr.cpp:5369) Auto convert: 1
2018-11-29 05:10:02,772 null [INFO] (../src/fwidbmgr.cpp:446) action: out.
2018-11-29 05:10:02,772 null [INFO] (../src/fwidbmgr.cpp:470) date: 20181128.
2018-11-29 05:10:02,772 null [INFO] (../src/fwidbmgr.cpp:322) Try to read: /home/meteo/dev/redist/fwidbmgr/config/fwidbmgr.conf.
2018-11-29 05:10:02,800 null [INFO] (../src/fwidbmgr.cpp:5393) Configuration parsing: OK.
2018-11-29 05:10:03,002 null [INFO] (../src/fwidbmgr.cpp:5478) Connected to database
2018-11-29 05:10:03,016 null [INFO] (../src/fwidbmgr.cpp:5480) Manage data for date: 20181128.
2018-11-29 05:10:03,016 null [INFO] (../src/fwidbmgr.cpp:5551) Importing fwi indexes data in database for day: 20181128.
2018-11-29 05:10:03,021 null [INFO] (/home/meteo/dev/redist/fwidbmgr/include/Grid.h:1595) Configuring grid: isi
2018-11-29 05:10:03,021 null [INFO] (/home/meteo/dev/redist/fwidbmgr/include/Grid.h:1695) Grid isi configured.
2018-11-29 05:10:03,061 null [INFO] (/home/meteo/dev/redist/fwidbmgr/include/Grid.h:1595) Configuring grid: fwi
2018-11-29 05:10:03,062 null [INFO] (/home/meteo/dev/redist/fwidbmgr/include/Grid.h:1695) Grid fwi configured.
2018-11-29 05:10:03,099 null [INFO] (/home/meteo/dev/redist/fwidbmgr/include/Grid.h:1595) Configuring grid: ffmc
2018-11-29 05:10:03,099 null [INFO] (/home/meteo/dev/redist/fwidbmgr/include/Grid.h:1695) Grid ffmc configured.
2018-11-29 05:10:03,119 null [INFO] (/home/meteo/dev/redist/fwidbmgr/include/Grid.h:1595) Configuring grid: dmc
2018-11-29 05:10:03,119 null [INFO] (/home/meteo/dev/redist/fwidbmgr/include/Grid.h:1695) Grid dmc configured.
2018-11-29 05:10:03,138 null [INFO] (/home/meteo/dev/redist/fwidbmgr/include/Grid.h:1595) Configuring grid: dc
2018-11-29 05:10:03,138 null [INFO] (/home/meteo/dev/redist/fwidbmgr/include/Grid.h:1695) Grid dc configured.
2018-11-29 05:10:03,158 null [INFO] (/home/meteo/dev/redist/fwidbmgr/include/Grid.h:1595) Configuring grid: bui
2018-11-29 05:10:03,158 null [INFO] (/home/meteo/dev/redist/fwidbmgr/include/Grid.h:1695) Grid bui configured.
2018-11-29 05:10:03,177 null [INFO] (/home/meteo/dev/redist/fwidbmgr/include/Grid.h:1595) Configuring grid: ffmc_tmp
2018-11-29 05:10:03,177 null [INFO] (/home/meteo/dev/redist/fwidbmgr/include/Grid.h:1695) Grid ffmc_tmp configured.
2018-11-29 05:10:03,211 null [INFO] (/home/meteo/dev/redist/fwidbmgr/include/Grid.h:1595) Configuring grid: dmc_tmp
2018-11-29 05:10:03,211 null [INFO] (/home/meteo/dev/redist/fwidbmgr/include/Grid.h:1695) Grid dmc_tmp configured.
2018-11-29 05:10:03,239 null [INFO] (/home/meteo/dev/redist/fwidbmgr/include/Grid.h:1595) Configuring grid: dc_tmp
2018-11-29 05:10:03,239 null [INFO] (/home/meteo/dev/redist/fwidbmgr/include/Grid.h:1695) Grid dc_tmp configured.
2018-11-29 05:10:03,267 null [INFO] (/home/meteo/dev/redist/fwidbmgr/include/Grid.h:1595) Configuring grid: idi
2018-11-29 05:10:03,267 null [INFO] (/home/meteo/dev/redist/fwidbmgr/include/Grid.h:1695) Grid idi configured.
2018-11-29 05:10:14,361 null [INFO] (../src/fwidbmgr.cpp:2081) Storing FWI indexes ...
2018-11-29 05:10:54,958 null [INFO] (../src/fwidbmgr.cpp:5555) OK --> 20181128 data imported.
2018-11-29 05:10:54,958 null [INFO] (../src/fwidbmgr.cpp:5695) action out took about 51 seconds.
2018-11-29 05:10:54,960 null [INFO] (../src/fwidbmgr.cpp:5699) Disconnected from database.
2018-11-29 05:10:55,185 null [INFO] (../src/fwidbmgr.cpp:5361) fwi db manager
2018-11-29 05:10:55,186 null [INFO] (../src/fwidbmgr.cpp:5365) Program home: /home/meteo/dev/redist/fwidbmgr
2018-11-29 05:10:55,186 null [INFO] (../src/fwidbmgr.cpp:5369) Auto convert: 1
2018-11-29 05:10:55,186 null [INFO] (../src/fwidbmgr.cpp:446) action: computeidx.
2018-11-29 05:10:55,186 null [INFO] (../src/fwidbmgr.cpp:470) date: 20181128.
2018-11-29 05:10:55,186 null [INFO] (../src/fwidbmgr.cpp:322) Try to read: /home/meteo/dev/redist/fwidbmgr/config/fwidbmgr.conf.
2018-11-29 05:10:55,196 null [INFO] (../src/fwidbmgr.cpp:5393) Configuration parsing: OK.
2018-11-29 05:10:55,237 null [INFO] (../src/fwidbmgr.cpp:5478) Connected to database
2018-11-29 05:10:55,237 null [INFO] (../src/fwidbmgr.cpp:5480) Manage data for date: 20181128.
2018-11-29 05:10:55,237 null [INFO] (../src/fwidbmgr.cpp:5656) Computing indexes.
2018-11-29 05:10:55,241 null [INFO] (/home/meteo/dev/redist/fwidbmgr/include/Grid.h:1595) Configuring grid: isi
2018-11-29 05:10:55,241 null [INFO] (/home/meteo/dev/redist/fwidbmgr/include/Grid.h:1695) Grid isi configured.
2018-11-29 05:10:55,244 null [INFO] (/home/meteo/dev/redist/fwidbmgr/include/Grid.h:1595) Configuring grid: fwi
2018-11-29 05:10:55,244 null [INFO] (/home/meteo/dev/redist/fwidbmgr/include/Grid.h:1695) Grid fwi configured.
2018-11-29 05:10:55,246 null [INFO] (/home/meteo/dev/redist/fwidbmgr/include/Grid.h:1595) Configuring grid: ffmc
2018-11-29 05:10:55,247 null [INFO] (/home/meteo/dev/redist/fwidbmgr/include/Grid.h:1695) Grid ffmc configured.
2018-11-29 05:10:55,249 null [INFO] (/home/meteo/dev/redist/fwidbmgr/include/Grid.h:1595) Configuring grid: dmc
2018-11-29 05:10:55,250 null [INFO] (/home/meteo/dev/redist/fwidbmgr/include/Grid.h:1695) Grid dmc configured.
2018-11-29 05:10:55,252 null [INFO] (/home/meteo/dev/redist/fwidbmgr/include/Grid.h:1595) Configuring grid: dc
2018-11-29 05:10:55,252 null [INFO] (/home/meteo/dev/redist/fwidbmgr/include/Grid.h:1695) Grid dc configured.
2018-11-29 05:10:55,255 null [INFO] (/home/meteo/dev/redist/fwidbmgr/include/Grid.h:1595) Configuring grid: bui
2018-11-29 05:10:55,255 null [INFO] (/home/meteo/dev/redist/fwidbmgr/include/Grid.h:1695) Grid bui configured.
2018-11-29 05:10:55,258 null [INFO] (/home/meteo/dev/redist/fwidbmgr/include/Grid.h:1595) Configuring grid: ffmc_tmp
2018-11-29 05:10:55,258 null [INFO] (/home/meteo/dev/redist/fwidbmgr/include/Grid.h:1695) Grid ffmc_tmp configured.
2018-11-29 05:10:55,261 null [INFO] (/home/meteo/dev/redist/fwidbmgr/include/Grid.h:1595) Configuring grid: dmc_tmp
2018-11-29 05:10:55,261 null [INFO] (/home/meteo/dev/redist/fwidbmgr/include/Grid.h:1695) Grid dmc_tmp configured.
2018-11-29 05:10:55,264 null [INFO] (/home/meteo/dev/redist/fwidbmgr/include/Grid.h:1595) Configuring grid: dc_tmp
2018-11-29 05:10:55,264 null [INFO] (/home/meteo/dev/redist/fwidbmgr/include/Grid.h:1695) Grid dc_tmp configured.
2018-11-29 05:10:55,266 null [INFO] (/home/meteo/dev/redist/fwidbmgr/include/Grid.h:1595) Configuring grid: idi
2018-11-29 05:10:55,267 null [INFO] (/home/meteo/dev/redist/fwidbmgr/include/Grid.h:1695) Grid idi configured.
2018-11-29 05:10:55,269 null [INFO] (/home/meteo/dev/redist/fwidbmgr/include/Grid.h:1595) Configuring grid: angstrom
2018-11-29 05:10:55,269 null [INFO] (/home/meteo/dev/redist/fwidbmgr/include/Grid.h:1695) Grid angstrom configured.
2018-11-29 05:10:55,272 null [INFO] (/home/meteo/dev/redist/fwidbmgr/include/Grid.h:1595) Configuring grid: fmi
2018-11-29 05:10:55,272 null [INFO] (/home/meteo/dev/redist/fwidbmgr/include/Grid.h:1695) Grid fmi configured.
2018-11-29 05:10:55,275 null [INFO] (/home/meteo/dev/redist/fwidbmgr/include/Grid.h:1595) Configuring grid: sharples
2018-11-29 05:10:55,275 null [INFO] (/home/meteo/dev/redist/fwidbmgr/include/Grid.h:1695) Grid sharples configured.
2018-11-29 05:11:06,621 null [INFO] (/home/meteo/dev/redist/fwidbmgr/include/Grid.h:1595) Configuring grid: snow
2018-11-29 05:11:06,622 null [INFO] (/home/meteo/dev/redist/fwidbmgr/include/Grid.h:1695) Grid snow configured.
2018-11-29 05:11:06,622 null [INFO] (/home/meteo/dev/redist/fwidbmgr/include/Grid.h:1595) Configuring grid: snow_covering
2018-11-29 05:11:06,622 null [INFO] (/home/meteo/dev/redist/fwidbmgr/include/Grid.h:1695) Grid snow_covering configured.
2018-11-29 05:11:06,622 null [INFO] (/home/meteo/dev/redist/fwidbmgr/include/Grid.h:1595) Configuring grid: snow_dissolution
2018-11-29 05:11:06,622 null [INFO] (/home/meteo/dev/redist/fwidbmgr/include/Grid.h:1695) Grid snow_dissolution configured.
2018-11-29 05:11:06,623 null [INFO] (/home/meteo/dev/redist/fwidbmgr/include/Grid.h:1595) Configuring grid: temperature
2018-11-29 05:11:06,623 null [INFO] (/home/meteo/dev/redist/fwidbmgr/include/Grid.h:1695) Grid temperature configured.
2018-11-29 05:11:06,623 null [INFO] (/home/meteo/dev/redist/fwidbmgr/include/Grid.h:1595) Configuring grid: humidity
2018-11-29 05:11:06,624 null [INFO] (/home/meteo/dev/redist/fwidbmgr/include/Grid.h:1695) Grid humidity configured.
2018-11-29 05:11:06,624 null [INFO] (/home/meteo/dev/redist/fwidbmgr/include/Grid.h:1595) Configuring grid: windspeed
2018-11-29 05:11:06,625 null [INFO] (/home/meteo/dev/redist/fwidbmgr/include/Grid.h:1695) Grid windspeed configured.
2018-11-29 05:11:06,625 null [INFO] (/home/meteo/dev/redist/fwidbmgr/include/Grid.h:1595) Configuring grid: rain
2018-11-29 05:11:06,625 null [INFO] (/home/meteo/dev/redist/fwidbmgr/include/Grid.h:1695) Grid rain configured.
2018-11-29 05:11:06,625 null [INFO] (/home/meteo/dev/redist/fwidbmgr/include/Grid.h:1595) Configuring grid: cum_rain
2018-11-29 05:11:06,625 null [INFO] (/home/meteo/dev/redist/fwidbmgr/include/Grid.h:1695) Grid cum_rain configured.
2018-11-29 05:13:41,116 null [INFO] (../src/fwidbmgr.cpp:5660) OK --> 20181128 indexes computed.
2018-11-29 05:13:41,123 null [INFO] (../src/fwidbmgr.cpp:5695) action computeidx took about 166 seconds.
2018-11-29 05:13:41,123 null [INFO] (../src/fwidbmgr.cpp:5699) Disconnected from database.
2018-11-29 05:13:41,329 null [INFO] (../src/fwidbmgr.cpp:5361) fwi db manager
2018-11-29 05:13:41,337 null [INFO] (../src/fwidbmgr.cpp:5365) Program home: /home/meteo/dev/redist/fwidbmgr
2018-11-29 05:13:41,340 null [INFO] (../src/fwidbmgr.cpp:5369) Auto convert: 1
2018-11-29 05:13:41,344 null [INFO] (../src/fwidbmgr.cpp:446) action: exportidx.
2018-11-29 05:13:41,345 null [INFO] (../src/fwidbmgr.cpp:470) date: 20181128.
2018-11-29 05:13:41,345 null [INFO] (../src/fwidbmgr.cpp:322) Try to read: /home/meteo/dev/redist/fwidbmgr/config/fwidbmgr.conf.
2018-11-29 05:13:41,353 null [INFO] (../src/fwidbmgr.cpp:5393) Configuration parsing: OK.
2018-11-29 05:13:41,385 null [INFO] (../src/fwidbmgr.cpp:5478) Connected to database
2018-11-29 05:13:41,385 null [INFO] (../src/fwidbmgr.cpp:5480) Manage data for date: 20181128.
2018-11-29 05:13:41,385 null [INFO] (../src/fwidbmgr.cpp:5596) Exporting indexes.
2018-11-29 05:13:41,389 null [INFO] (/home/meteo/dev/redist/fwidbmgr/include/Grid.h:1595) Configuring grid: isi
2018-11-29 05:13:41,389 null [INFO] (/home/meteo/dev/redist/fwidbmgr/include/Grid.h:1695) Grid isi configured.
2018-11-29 05:13:41,392 null [INFO] (/home/meteo/dev/redist/fwidbmgr/include/Grid.h:1595) Configuring grid: fwi
2018-11-29 05:13:41,392 null [INFO] (/home/meteo/dev/redist/fwidbmgr/include/Grid.h:1695) Grid fwi configured.
2018-11-29 05:13:41,395 null [INFO] (/home/meteo/dev/redist/fwidbmgr/include/Grid.h:1595) Configuring grid: ffmc
2018-11-29 05:13:41,395 null [INFO] (/home/meteo/dev/redist/fwidbmgr/include/Grid.h:1695) Grid ffmc configured.
2018-11-29 05:13:41,398 null [INFO] (/home/meteo/dev/redist/fwidbmgr/include/Grid.h:1595) Configuring grid: dmc
2018-11-29 05:13:41,398 null [INFO] (/home/meteo/dev/redist/fwidbmgr/include/Grid.h:1695) Grid dmc configured.
2018-11-29 05:13:41,401 null [INFO] (/home/meteo/dev/redist/fwidbmgr/include/Grid.h:1595) Configuring grid: dc
2018-11-29 05:13:41,401 null [INFO] (/home/meteo/dev/redist/fwidbmgr/include/Grid.h:1695) Grid dc configured.
2018-11-29 05:13:41,404 null [INFO] (/home/meteo/dev/redist/fwidbmgr/include/Grid.h:1595) Configuring grid: bui
2018-11-29 05:13:41,404 null [INFO] (/home/meteo/dev/redist/fwidbmgr/include/Grid.h:1695) Grid bui configured.
2018-11-29 05:13:41,407 null [INFO] (/home/meteo/dev/redist/fwidbmgr/include/Grid.h:1595) Configuring grid: ffmc_tmp
2018-11-29 05:13:41,407 null [INFO] (/home/meteo/dev/redist/fwidbmgr/include/Grid.h:1695) Grid ffmc_tmp configured.
2018-11-29 05:13:41,410 null [INFO] (/home/meteo/dev/redist/fwidbmgr/include/Grid.h:1595) Configuring grid: dmc_tmp
2018-11-29 05:13:41,410 null [INFO] (/home/meteo/dev/redist/fwidbmgr/include/Grid.h:1695) Grid dmc_tmp configured.
2018-11-29 05:13:41,412 null [INFO] (/home/meteo/dev/redist/fwidbmgr/include/Grid.h:1595) Configuring grid: dc_tmp
2018-11-29 05:13:41,413 null [INFO] (/home/meteo/dev/redist/fwidbmgr/include/Grid.h:1695) Grid dc_tmp configured.
2018-11-29 05:13:41,415 null [INFO] (/home/meteo/dev/redist/fwidbmgr/include/Grid.h:1595) Configuring grid: idi
2018-11-29 05:13:41,416 null [INFO] (/home/meteo/dev/redist/fwidbmgr/include/Grid.h:1695) Grid idi configured.
2018-11-29 05:13:41,418 null [INFO] (/home/meteo/dev/redist/fwidbmgr/include/Grid.h:1595) Configuring grid: angstrom
2018-11-29 05:13:41,418 null [INFO] (/home/meteo/dev/redist/fwidbmgr/include/Grid.h:1695) Grid angstrom configured.
2018-11-29 05:13:41,421 null [INFO] (/home/meteo/dev/redist/fwidbmgr/include/Grid.h:1595) Configuring grid: fmi
2018-11-29 05:13:41,421 null [INFO] (/home/meteo/dev/redist/fwidbmgr/include/Grid.h:1695) Grid fmi configured.
2018-11-29 05:13:41,424 null [INFO] (/home/meteo/dev/redist/fwidbmgr/include/Grid.h:1595) Configuring grid: sharples
2018-11-29 05:13:41,425 null [INFO] (/home/meteo/dev/redist/fwidbmgr/include/Grid.h:1695) Grid sharples configured.
2018-11-29 05:13:54,053 null [INFO] (/home/meteo/dev/redist/fwidbmgr/include/Grid.h:1595) Configuring grid: isi
2018-11-29 05:13:54,053 null [INFO] (/home/meteo/dev/redist/fwidbmgr/include/Grid.h:1695) Grid isi configured.
2018-11-29 05:13:54,124 null [INFO] (/home/meteo/dev/redist/fwidbmgr/include/Grid.h:1595) Configuring grid: fwi
2018-11-29 05:13:54,124 null [INFO] (/home/meteo/dev/redist/fwidbmgr/include/Grid.h:1695) Grid fwi configured.
2018-11-29 05:13:54,162 null [INFO] (/home/meteo/dev/redist/fwidbmgr/include/Grid.h:1595) Configuring grid: ffmc
2018-11-29 05:13:54,162 null [INFO] (/home/meteo/dev/redist/fwidbmgr/include/Grid.h:1695) Grid ffmc configured.
2018-11-29 05:13:54,201 null [INFO] (/home/meteo/dev/redist/fwidbmgr/include/Grid.h:1595) Configuring grid: dmc
2018-11-29 05:13:54,201 null [INFO] (/home/meteo/dev/redist/fwidbmgr/include/Grid.h:1695) Grid dmc configured.
2018-11-29 05:13:54,240 null [INFO] (/home/meteo/dev/redist/fwidbmgr/include/Grid.h:1595) Configuring grid: dc
2018-11-29 05:13:54,240 null [INFO] (/home/meteo/dev/redist/fwidbmgr/include/Grid.h:1695) Grid dc configured.
2018-11-29 05:13:54,279 null [INFO] (/home/meteo/dev/redist/fwidbmgr/include/Grid.h:1595) Configuring grid: bui
2018-11-29 05:13:54,279 null [INFO] (/home/meteo/dev/redist/fwidbmgr/include/Grid.h:1695) Grid bui configured.
2018-11-29 05:13:54,317 null [INFO] (/home/meteo/dev/redist/fwidbmgr/include/Grid.h:1595) Configuring grid: ffmc_tmp
2018-11-29 05:13:54,317 null [INFO] (/home/meteo/dev/redist/fwidbmgr/include/Grid.h:1695) Grid ffmc_tmp configured.
2018-11-29 05:13:54,370 null [INFO] (/home/meteo/dev/redist/fwidbmgr/include/Grid.h:1595) Configuring grid: dmc_tmp
2018-11-29 05:13:54,370 null [INFO] (/home/meteo/dev/redist/fwidbmgr/include/Grid.h:1695) Grid dmc_tmp configured.
2018-11-29 05:13:54,405 null [INFO] (/home/meteo/dev/redist/fwidbmgr/include/Grid.h:1595) Configuring grid: dc_tmp
2018-11-29 05:13:54,406 null [INFO] (/home/meteo/dev/redist/fwidbmgr/include/Grid.h:1695) Grid dc_tmp configured.
2018-11-29 05:13:54,441 null [INFO] (/home/meteo/dev/redist/fwidbmgr/include/Grid.h:1595) Configuring grid: angstrom
2018-11-29 05:13:54,441 null [INFO] (/home/meteo/dev/redist/fwidbmgr/include/Grid.h:1695) Grid angstrom configured.
2018-11-29 05:13:54,491 null [INFO] (/home/meteo/dev/redist/fwidbmgr/include/Grid.h:1595) Configuring grid: sharples
2018-11-29 05:13:54,491 null [INFO] (/home/meteo/dev/redist/fwidbmgr/include/Grid.h:1695) Grid sharples configured.
2018-11-29 05:13:54,532 null [INFO] (/home/meteo/dev/redist/fwidbmgr/include/Grid.h:1595) Configuring grid: fmi
2018-11-29 05:13:54,532 null [INFO] (/home/meteo/dev/redist/fwidbmgr/include/Grid.h:1695) Grid fmi configured.
2018-11-29 05:13:54,574 null [INFO] (../src/fwidbmgr.cpp:5600) OK --> 20181128 indexes exported to files.
2018-11-29 05:13:54,574 null [INFO] (../src/fwidbmgr.cpp:5695) action exportidx took about 13 seconds.
2018-11-29 05:13:54,574 null [INFO] (../src/fwidbmgr.cpp:5699) Disconnected from database.
2018-11-29 05:14:35,692 null [INFO] (../src/fwidbmgr.cpp:5361) fwi db manager
2018-11-29 05:14:35,692 null [INFO] (../src/fwidbmgr.cpp:5365) Program home: /home/meteo/dev/redist/fwidbmgr
2018-11-29 05:14:35,692 null [INFO] (../src/fwidbmgr.cpp:5369) Auto convert: 1
2018-11-29 05:14:35,692 null [INFO] (../src/fwidbmgr.cpp:446) action: outimg.
2018-11-29 05:14:35,692 null [INFO] (../src/fwidbmgr.cpp:470) date: 20181128.
2018-11-29 05:14:35,692 null [INFO] (../src/fwidbmgr.cpp:322) Try to read: /home/meteo/dev/redist/fwidbmgr/config/fwidbmgr.conf.
2018-11-29 05:14:35,702 null [INFO] (../src/fwidbmgr.cpp:5393) Configuration parsing: OK.
2018-11-29 05:14:35,712 null [INFO] (../src/fwidbmgr.cpp:5478) Connected to database
2018-11-29 05:14:35,712 null [INFO] (../src/fwidbmgr.cpp:5480) Manage data for date: 20181128.
2018-11-29 05:14:35,713 null [INFO] (../src/fwidbmgr.cpp:5566) Importing fwi indexes images in database.
2018-11-29 05:14:36,040 null [INFO] (../src/fwidbmgr.cpp:5570) OK --> 20181128 images imported.
2018-11-29 05:14:36,040 null [INFO] (../src/fwidbmgr.cpp:5695) action outimg took about 1 seconds.
2018-11-29 05:14:36,041 null [INFO] (../src/fwidbmgr.cpp:5699) Disconnected from database.
2018-11-29 05:37:01,361 null [INFO] (../src/fwidbmgr.cpp:5361) fwi db manager
2018-11-29 05:37:01,361 null [INFO] (../src/fwidbmgr.cpp:5365) Program home: /home/meteo/dev/redist/fwidbmgr
2018-11-29 05:37:01,361 null [INFO] (../src/fwidbmgr.cpp:5369) Auto convert: 1
2018-11-29 05:37:01,362 null [INFO] (../src/fwidbmgr.cpp:446) action: outimg.
2018-11-29 05:37:01,362 null [INFO] (../src/fwidbmgr.cpp:470) date: 20181128.
2018-11-29 05:37:01,362 null [INFO] (../src/fwidbmgr.cpp:322) Try to read: /home/meteo/dev/redist/fwidbmgr/config/fwidbmgr.conf.
2018-11-29 05:37:01,370 null [INFO] (../src/fwidbmgr.cpp:5393) Configuration parsing: OK.
2018-11-29 05:37:01,381 null [INFO] (../src/fwidbmgr.cpp:5478) Connected to database
2018-11-29 05:37:01,381 null [INFO] (../src/fwidbmgr.cpp:5480) Manage data for date: 20181128.
2018-11-29 05:37:01,382 null [INFO] (../src/fwidbmgr.cpp:5566) Importing fwi indexes images in database.
2018-11-29 05:37:01,787 null [INFO] (../src/fwidbmgr.cpp:5570) OK --> 20181128 images imported.
2018-11-29 05:37:01,787 null [INFO] (../src/fwidbmgr.cpp:5695) action outimg took about 0 seconds.
2018-11-29 05:37:01,788 null [INFO] (../src/fwidbmgr.cpp:5699) Disconnected from database.
2018-11-29 06:05:01,132 null [INFO] (../src/fwidbmgr.cpp:5361) fwi db manager
2018-11-29 06:05:01,133 null [INFO] (../src/fwidbmgr.cpp:5365) Program home: /home/meteo/dev/redist/fwidbmgr
2018-11-29 06:05:01,133 null [INFO] (../src/fwidbmgr.cpp:5369) Auto convert: 1
2018-11-29 06:05:01,133 null [INFO] (../src/fwidbmgr.cpp:446) action: outimg.
2018-11-29 06:05:01,133 null [INFO] (../src/fwidbmgr.cpp:470) date: 20181128.
2018-11-29 06:05:01,133 null [INFO] (../src/fwidbmgr.cpp:322) Try to read: /home/meteo/dev/redist/fwidbmgr/config/fwidbmgr.conf.
2018-11-29 06:05:01,138 null [INFO] (../src/fwidbmgr.cpp:5393) Configuration parsing: OK.
2018-11-29 06:05:01,149 null [INFO] (../src/fwidbmgr.cpp:5478) Connected to database
2018-11-29 06:05:01,149 null [INFO] (../src/fwidbmgr.cpp:5480) Manage data for date: 20181128.
2018-11-29 06:05:01,149 null [INFO] (../src/fwidbmgr.cpp:5566) Importing fwi indexes images in database.
2018-11-29 06:05:01,318 null [INFO] (../src/fwidbmgr.cpp:5570) OK --> 20181128 images imported.
2018-11-29 06:05:01,319 null [INFO] (../src/fwidbmgr.cpp:5695) action outimg took about 0 seconds.
2018-11-29 06:05:01,319 null [INFO] (../src/fwidbmgr.cpp:5699) Disconnected from database.
2018-11-29 06:37:01,587 null [INFO] (../src/fwidbmgr.cpp:5361) fwi db manager
2018-11-29 06:37:01,588 null [INFO] (../src/fwidbmgr.cpp:5365) Program home: /home/meteo/dev/redist/fwidbmgr
2018-11-29 06:37:01,588 null [INFO] (../src/fwidbmgr.cpp:5369) Auto convert: 1
2018-11-29 06:37:01,588 null [INFO] (../src/fwidbmgr.cpp:446) action: outimg.
2018-11-29 06:37:01,588 null [INFO] (../src/fwidbmgr.cpp:470) date: 20181128.
2018-11-29 06:37:01,588 null [INFO] (../src/fwidbmgr.cpp:322) Try to read: /home/meteo/dev/redist/fwidbmgr/config/fwidbmgr.conf.
2018-11-29 06:37:01,592 null [INFO] (../src/fwidbmgr.cpp:5393) Configuration parsing: OK.
2018-11-29 06:37:01,606 null [INFO] (../src/fwidbmgr.cpp:5478) Connected to database
2018-11-29 06:37:01,606 null [INFO] (../src/fwidbmgr.cpp:5480) Manage data for date: 20181128.
2018-11-29 06:37:01,607 null [INFO] (../src/fwidbmgr.cpp:5566) Importing fwi indexes images in database.
2018-11-29 06:37:01,686 null [INFO] (../src/fwidbmgr.cpp:5570) OK --> 20181128 images imported.
2018-11-29 06:37:01,687 null [INFO] (../src/fwidbmgr.cpp:5695) action outimg took about 0 seconds.
2018-11-29 06:37:01,687 null [INFO] (../src/fwidbmgr.cpp:5699) Disconnected from database.
2018-11-29 07:05:01,328 null [INFO] (../src/fwidbmgr.cpp:5361) fwi db manager
2018-11-29 07:05:01,329 null [INFO] (../src/fwidbmgr.cpp:5365) Program home: /home/meteo/dev/redist/fwidbmgr
2018-11-29 07:05:01,329 null [INFO] (../src/fwidbmgr.cpp:5369) Auto convert: 1
2018-11-29 07:05:01,329 null [INFO] (../src/fwidbmgr.cpp:446) action: outimg.
2018-11-29 07:05:01,329 null [INFO] (../src/fwidbmgr.cpp:470) date: 20181128.
2018-11-29 07:05:01,329 null [INFO] (../src/fwidbmgr.cpp:322) Try to read: /home/meteo/dev/redist/fwidbmgr/config/fwidbmgr.conf.
2018-11-29 07:05:01,331 null [INFO] (../src/fwidbmgr.cpp:5393) Configuration parsing: OK.
2018-11-29 07:05:01,341 null [INFO] (../src/fwidbmgr.cpp:5478) Connected to database
2018-11-29 07:05:01,341 null [INFO] (../src/fwidbmgr.cpp:5480) Manage data for date: 20181128.
2018-11-29 07:05:01,341 null [INFO] (../src/fwidbmgr.cpp:5566) Importing fwi indexes images in database.
2018-11-29 07:05:01,510 null [INFO] (../src/fwidbmgr.cpp:5570) OK --> 20181128 images imported.
2018-11-29 07:05:01,510 null [INFO] (../src/fwidbmgr.cpp:5695) action outimg took about 0 seconds.
2018-11-29 07:05:01,510 null [INFO] (../src/fwidbmgr.cpp:5699) Disconnected from database.
2018-11-29 07:37:01,993 null [INFO] (../src/fwidbmgr.cpp:5361) fwi db manager
2018-11-29 07:37:01,993 null [INFO] (../src/fwidbmgr.cpp:5365) Program home: /home/meteo/dev/redist/fwidbmgr
2018-11-29 07:37:01,994 null [INFO] (../src/fwidbmgr.cpp:5369) Auto convert: 1
2018-11-29 07:37:01,994 null [INFO] (../src/fwidbmgr.cpp:446) action: outimg.
2018-11-29 07:37:01,994 null [INFO] (../src/fwidbmgr.cpp:470) date: 20181128.
2018-11-29 07:37:01,994 null [INFO] (../src/fwidbmgr.cpp:322) Try to read: /home/meteo/dev/redist/fwidbmgr/config/fwidbmgr.conf.
2018-11-29 07:37:01,999 null [INFO] (../src/fwidbmgr.cpp:5393) Configuration parsing: OK.
2018-11-29 07:37:02,031 null [INFO] (../src/fwidbmgr.cpp:5478) Connected to database
2018-11-29 07:37:02,031 null [INFO] (../src/fwidbmgr.cpp:5480) Manage data for date: 20181128.
2018-11-29 07:37:02,031 null [INFO] (../src/fwidbmgr.cpp:5566) Importing fwi indexes images in database.
2018-11-29 07:37:02,343 null [INFO] (../src/fwidbmgr.cpp:5570) OK --> 20181128 images imported.
2018-11-29 07:37:02,343 null [INFO] (../src/fwidbmgr.cpp:5695) action outimg took about 0 seconds.
2018-11-29 07:37:02,344 null [INFO] (../src/fwidbmgr.cpp:5699) Disconnected from database.
