2019-11-23 05:05:04,071 null [INFO] (../src/fwidbmgr.cpp:5361) fwi db manager
2019-11-23 05:05:04,071 null [INFO] (../src/fwidbmgr.cpp:5365) Program home: /home/meteo/dev/redist/fwidbmgr
2019-11-23 05:05:04,071 null [INFO] (../src/fwidbmgr.cpp:5369) Auto convert: 1
2019-11-23 05:05:04,071 null [INFO] (../src/fwidbmgr.cpp:446) action: in.
2019-11-23 05:05:04,071 null [INFO] (../src/fwidbmgr.cpp:470) date: 20191122.
2019-11-23 05:05:04,071 null [INFO] (../src/fwidbmgr.cpp:322) Try to read: /home/meteo/dev/redist/fwidbmgr/config/fwidbmgr.conf.
2019-11-23 05:05:04,074 null [INFO] (../src/fwidbmgr.cpp:5393) Configuration parsing: OK.
2019-11-23 05:05:04,079 null [INFO] (../src/fwidbmgr.cpp:5478) Connected to database
2019-11-23 05:05:04,079 null [INFO] (../src/fwidbmgr.cpp:5480) Manage data for date: 20191122.
2019-11-23 05:05:04,079 null [INFO] (../src/fwidbmgr.cpp:5536) Importing meteo data in database for day: 20191122.
2019-11-23 05:05:04,083 null [INFO] (/home/meteo/dev/redist/fwidbmgr/include/Grid.h:1595) Configuring grid: snow
2019-11-23 05:05:04,083 null [INFO] (/home/meteo/dev/redist/fwidbmgr/include/Grid.h:1695) Grid snow configured.
2019-11-23 05:05:04,094 null [INFO] (/home/meteo/dev/redist/fwidbmgr/include/Grid.h:1595) Configuring grid: snow_covering
2019-11-23 05:05:04,094 null [INFO] (/home/meteo/dev/redist/fwidbmgr/include/Grid.h:1695) Grid snow_covering configured.
2019-11-23 05:05:04,102 null [INFO] (/home/meteo/dev/redist/fwidbmgr/include/Grid.h:1595) Configuring grid: snow_dissolution
2019-11-23 05:05:04,102 null [INFO] (/home/meteo/dev/redist/fwidbmgr/include/Grid.h:1695) Grid snow_dissolution configured.
2019-11-23 05:05:04,116 null [INFO] (/home/meteo/dev/redist/fwidbmgr/include/Grid.h:1595) Configuring grid: temperature
2019-11-23 05:05:04,116 null [INFO] (/home/meteo/dev/redist/fwidbmgr/include/Grid.h:1695) Grid temperature configured.
2019-11-23 05:05:04,118 null [INFO] (/home/meteo/dev/redist/fwidbmgr/include/Grid.h:1595) Configuring grid: humidity
2019-11-23 05:05:04,118 null [INFO] (/home/meteo/dev/redist/fwidbmgr/include/Grid.h:1695) Grid humidity configured.
2019-11-23 05:05:04,120 null [INFO] (/home/meteo/dev/redist/fwidbmgr/include/Grid.h:1595) Configuring grid: windspeed
2019-11-23 05:05:04,120 null [INFO] (/home/meteo/dev/redist/fwidbmgr/include/Grid.h:1695) Grid windspeed configured.
2019-11-23 05:05:04,126 null [INFO] (/home/meteo/dev/redist/fwidbmgr/include/Grid.h:1595) Configuring grid: rain
2019-11-23 05:05:04,126 null [INFO] (/home/meteo/dev/redist/fwidbmgr/include/Grid.h:1695) Grid rain configured.
2019-11-23 05:05:04,128 null [INFO] (/home/meteo/dev/redist/fwidbmgr/include/Grid.h:1595) Configuring grid: cum_rain
2019-11-23 05:05:04,128 null [INFO] (/home/meteo/dev/redist/fwidbmgr/include/Grid.h:1695) Grid cum_rain configured.
2019-11-23 05:05:05,221 null [INFO] (../src/fwidbmgr.cpp:1518) Storing meteo input ...
2019-11-23 05:05:12,063 null [INFO] (../src/fwidbmgr.cpp:5540) OK --> 20191122 data imported.
2019-11-23 05:05:12,067 null [INFO] (../src/fwidbmgr.cpp:5695) action in took about 8 seconds.
2019-11-23 05:05:12,083 null [INFO] (../src/fwidbmgr.cpp:5699) Disconnected from database.
2019-11-23 05:05:48,082 null [INFO] (../src/fwidbmgr.cpp:5361) fwi db manager
2019-11-23 05:05:48,082 null [INFO] (../src/fwidbmgr.cpp:5365) Program home: /home/meteo/dev/redist/fwidbmgr
2019-11-23 05:05:48,082 null [INFO] (../src/fwidbmgr.cpp:5369) Auto convert: 1
2019-11-23 05:05:48,082 null [INFO] (../src/fwidbmgr.cpp:446) action: out.
2019-11-23 05:05:48,082 null [INFO] (../src/fwidbmgr.cpp:470) date: 20191122.
2019-11-23 05:05:48,082 null [INFO] (../src/fwidbmgr.cpp:322) Try to read: /home/meteo/dev/redist/fwidbmgr/config/fwidbmgr.conf.
2019-11-23 05:05:48,084 null [INFO] (../src/fwidbmgr.cpp:5393) Configuration parsing: OK.
2019-11-23 05:05:48,097 null [INFO] (../src/fwidbmgr.cpp:5478) Connected to database
2019-11-23 05:05:48,097 null [INFO] (../src/fwidbmgr.cpp:5480) Manage data for date: 20191122.
2019-11-23 05:05:48,097 null [INFO] (../src/fwidbmgr.cpp:5551) Importing fwi indexes data in database for day: 20191122.
2019-11-23 05:05:48,100 null [INFO] (/home/meteo/dev/redist/fwidbmgr/include/Grid.h:1595) Configuring grid: isi
2019-11-23 05:05:48,100 null [INFO] (/home/meteo/dev/redist/fwidbmgr/include/Grid.h:1695) Grid isi configured.
2019-11-23 05:05:48,113 null [INFO] (/home/meteo/dev/redist/fwidbmgr/include/Grid.h:1595) Configuring grid: fwi
2019-11-23 05:05:48,113 null [INFO] (/home/meteo/dev/redist/fwidbmgr/include/Grid.h:1695) Grid fwi configured.
2019-11-23 05:05:48,119 null [INFO] (/home/meteo/dev/redist/fwidbmgr/include/Grid.h:1595) Configuring grid: ffmc
2019-11-23 05:05:48,119 null [INFO] (/home/meteo/dev/redist/fwidbmgr/include/Grid.h:1695) Grid ffmc configured.
2019-11-23 05:05:48,126 null [INFO] (/home/meteo/dev/redist/fwidbmgr/include/Grid.h:1595) Configuring grid: dmc
2019-11-23 05:05:48,126 null [INFO] (/home/meteo/dev/redist/fwidbmgr/include/Grid.h:1695) Grid dmc configured.
2019-11-23 05:05:48,133 null [INFO] (/home/meteo/dev/redist/fwidbmgr/include/Grid.h:1595) Configuring grid: dc
2019-11-23 05:05:48,133 null [INFO] (/home/meteo/dev/redist/fwidbmgr/include/Grid.h:1695) Grid dc configured.
2019-11-23 05:05:48,140 null [INFO] (/home/meteo/dev/redist/fwidbmgr/include/Grid.h:1595) Configuring grid: bui
2019-11-23 05:05:48,140 null [INFO] (/home/meteo/dev/redist/fwidbmgr/include/Grid.h:1695) Grid bui configured.
2019-11-23 05:05:48,147 null [INFO] (/home/meteo/dev/redist/fwidbmgr/include/Grid.h:1595) Configuring grid: ffmc_tmp
2019-11-23 05:05:48,147 null [INFO] (/home/meteo/dev/redist/fwidbmgr/include/Grid.h:1695) Grid ffmc_tmp configured.
2019-11-23 05:05:48,160 null [INFO] (/home/meteo/dev/redist/fwidbmgr/include/Grid.h:1595) Configuring grid: dmc_tmp
2019-11-23 05:05:48,160 null [INFO] (/home/meteo/dev/redist/fwidbmgr/include/Grid.h:1695) Grid dmc_tmp configured.
2019-11-23 05:05:48,171 null [INFO] (/home/meteo/dev/redist/fwidbmgr/include/Grid.h:1595) Configuring grid: dc_tmp
2019-11-23 05:05:48,171 null [INFO] (/home/meteo/dev/redist/fwidbmgr/include/Grid.h:1695) Grid dc_tmp configured.
2019-11-23 05:05:48,182 null [INFO] (/home/meteo/dev/redist/fwidbmgr/include/Grid.h:1595) Configuring grid: idi
2019-11-23 05:05:48,182 null [INFO] (/home/meteo/dev/redist/fwidbmgr/include/Grid.h:1695) Grid idi configured.
2019-11-23 05:05:58,354 null [INFO] (../src/fwidbmgr.cpp:2081) Storing FWI indexes ...
2019-11-23 05:06:12,037 null [INFO] (../src/fwidbmgr.cpp:5555) OK --> 20191122 data imported.
2019-11-23 05:06:12,037 null [INFO] (../src/fwidbmgr.cpp:5695) action out took about 24 seconds.
2019-11-23 05:06:12,039 null [INFO] (../src/fwidbmgr.cpp:5699) Disconnected from database.
2019-11-23 05:06:12,111 null [INFO] (../src/fwidbmgr.cpp:5361) fwi db manager
2019-11-23 05:06:12,111 null [INFO] (../src/fwidbmgr.cpp:5365) Program home: /home/meteo/dev/redist/fwidbmgr
2019-11-23 05:06:12,111 null [INFO] (../src/fwidbmgr.cpp:5369) Auto convert: 1
2019-11-23 05:06:12,111 null [INFO] (../src/fwidbmgr.cpp:446) action: computeidx.
2019-11-23 05:06:12,111 null [INFO] (../src/fwidbmgr.cpp:470) date: 20191122.
2019-11-23 05:06:12,111 null [INFO] (../src/fwidbmgr.cpp:322) Try to read: /home/meteo/dev/redist/fwidbmgr/config/fwidbmgr.conf.
2019-11-23 05:06:12,113 null [INFO] (../src/fwidbmgr.cpp:5393) Configuration parsing: OK.
2019-11-23 05:06:12,120 null [INFO] (../src/fwidbmgr.cpp:5478) Connected to database
2019-11-23 05:06:12,120 null [INFO] (../src/fwidbmgr.cpp:5480) Manage data for date: 20191122.
2019-11-23 05:06:12,120 null [INFO] (../src/fwidbmgr.cpp:5656) Computing indexes.
2019-11-23 05:06:12,124 null [INFO] (/home/meteo/dev/redist/fwidbmgr/include/Grid.h:1595) Configuring grid: isi
2019-11-23 05:06:12,124 null [INFO] (/home/meteo/dev/redist/fwidbmgr/include/Grid.h:1695) Grid isi configured.
2019-11-23 05:06:12,127 null [INFO] (/home/meteo/dev/redist/fwidbmgr/include/Grid.h:1595) Configuring grid: fwi
2019-11-23 05:06:12,127 null [INFO] (/home/meteo/dev/redist/fwidbmgr/include/Grid.h:1695) Grid fwi configured.
2019-11-23 05:06:12,130 null [INFO] (/home/meteo/dev/redist/fwidbmgr/include/Grid.h:1595) Configuring grid: ffmc
2019-11-23 05:06:12,131 null [INFO] (/home/meteo/dev/redist/fwidbmgr/include/Grid.h:1695) Grid ffmc configured.
2019-11-23 05:06:12,134 null [INFO] (/home/meteo/dev/redist/fwidbmgr/include/Grid.h:1595) Configuring grid: dmc
2019-11-23 05:06:12,134 null [INFO] (/home/meteo/dev/redist/fwidbmgr/include/Grid.h:1695) Grid dmc configured.
2019-11-23 05:06:12,135 null [INFO] (/home/meteo/dev/redist/fwidbmgr/include/Grid.h:1595) Configuring grid: dc
2019-11-23 05:06:12,135 null [INFO] (/home/meteo/dev/redist/fwidbmgr/include/Grid.h:1695) Grid dc configured.
2019-11-23 05:06:12,136 null [INFO] (/home/meteo/dev/redist/fwidbmgr/include/Grid.h:1595) Configuring grid: bui
2019-11-23 05:06:12,136 null [INFO] (/home/meteo/dev/redist/fwidbmgr/include/Grid.h:1695) Grid bui configured.
2019-11-23 05:06:12,137 null [INFO] (/home/meteo/dev/redist/fwidbmgr/include/Grid.h:1595) Configuring grid: ffmc_tmp
2019-11-23 05:06:12,137 null [INFO] (/home/meteo/dev/redist/fwidbmgr/include/Grid.h:1695) Grid ffmc_tmp configured.
2019-11-23 05:06:12,138 null [INFO] (/home/meteo/dev/redist/fwidbmgr/include/Grid.h:1595) Configuring grid: dmc_tmp
2019-11-23 05:06:12,138 null [INFO] (/home/meteo/dev/redist/fwidbmgr/include/Grid.h:1695) Grid dmc_tmp configured.
2019-11-23 05:06:12,139 null [INFO] (/home/meteo/dev/redist/fwidbmgr/include/Grid.h:1595) Configuring grid: dc_tmp
2019-11-23 05:06:12,139 null [INFO] (/home/meteo/dev/redist/fwidbmgr/include/Grid.h:1695) Grid dc_tmp configured.
2019-11-23 05:06:12,140 null [INFO] (/home/meteo/dev/redist/fwidbmgr/include/Grid.h:1595) Configuring grid: idi
2019-11-23 05:06:12,140 null [INFO] (/home/meteo/dev/redist/fwidbmgr/include/Grid.h:1695) Grid idi configured.
2019-11-23 05:06:12,141 null [INFO] (/home/meteo/dev/redist/fwidbmgr/include/Grid.h:1595) Configuring grid: angstrom
2019-11-23 05:06:12,141 null [INFO] (/home/meteo/dev/redist/fwidbmgr/include/Grid.h:1695) Grid angstrom configured.
2019-11-23 05:06:12,142 null [INFO] (/home/meteo/dev/redist/fwidbmgr/include/Grid.h:1595) Configuring grid: fmi
2019-11-23 05:06:12,142 null [INFO] (/home/meteo/dev/redist/fwidbmgr/include/Grid.h:1695) Grid fmi configured.
2019-11-23 05:06:12,144 null [INFO] (/home/meteo/dev/redist/fwidbmgr/include/Grid.h:1595) Configuring grid: sharples
2019-11-23 05:06:12,144 null [INFO] (/home/meteo/dev/redist/fwidbmgr/include/Grid.h:1695) Grid sharples configured.
2019-11-23 05:06:19,282 null [INFO] (/home/meteo/dev/redist/fwidbmgr/include/Grid.h:1595) Configuring grid: snow
2019-11-23 05:06:19,282 null [INFO] (/home/meteo/dev/redist/fwidbmgr/include/Grid.h:1695) Grid snow configured.
2019-11-23 05:06:19,282 null [INFO] (/home/meteo/dev/redist/fwidbmgr/include/Grid.h:1595) Configuring grid: snow_covering
2019-11-23 05:06:19,282 null [INFO] (/home/meteo/dev/redist/fwidbmgr/include/Grid.h:1695) Grid snow_covering configured.
2019-11-23 05:06:19,282 null [INFO] (/home/meteo/dev/redist/fwidbmgr/include/Grid.h:1595) Configuring grid: snow_dissolution
2019-11-23 05:06:19,282 null [INFO] (/home/meteo/dev/redist/fwidbmgr/include/Grid.h:1695) Grid snow_dissolution configured.
2019-11-23 05:06:19,282 null [INFO] (/home/meteo/dev/redist/fwidbmgr/include/Grid.h:1595) Configuring grid: temperature
2019-11-23 05:06:19,282 null [INFO] (/home/meteo/dev/redist/fwidbmgr/include/Grid.h:1695) Grid temperature configured.
2019-11-23 05:06:19,282 null [INFO] (/home/meteo/dev/redist/fwidbmgr/include/Grid.h:1595) Configuring grid: humidity
2019-11-23 05:06:19,283 null [INFO] (/home/meteo/dev/redist/fwidbmgr/include/Grid.h:1695) Grid humidity configured.
2019-11-23 05:06:19,283 null [INFO] (/home/meteo/dev/redist/fwidbmgr/include/Grid.h:1595) Configuring grid: windspeed
2019-11-23 05:06:19,283 null [INFO] (/home/meteo/dev/redist/fwidbmgr/include/Grid.h:1695) Grid windspeed configured.
2019-11-23 05:06:19,283 null [INFO] (/home/meteo/dev/redist/fwidbmgr/include/Grid.h:1595) Configuring grid: rain
2019-11-23 05:06:19,283 null [INFO] (/home/meteo/dev/redist/fwidbmgr/include/Grid.h:1695) Grid rain configured.
2019-11-23 05:06:19,283 null [INFO] (/home/meteo/dev/redist/fwidbmgr/include/Grid.h:1595) Configuring grid: cum_rain
2019-11-23 05:06:19,283 null [INFO] (/home/meteo/dev/redist/fwidbmgr/include/Grid.h:1695) Grid cum_rain configured.
2019-11-23 05:07:25,101 null [INFO] (../src/fwidbmgr.cpp:5660) OK --> 20191122 indexes computed.
2019-11-23 05:07:25,101 null [INFO] (../src/fwidbmgr.cpp:5695) action computeidx took about 73 seconds.
2019-11-23 05:07:25,102 null [INFO] (../src/fwidbmgr.cpp:5699) Disconnected from database.
2019-11-23 05:07:25,171 null [INFO] (../src/fwidbmgr.cpp:5361) fwi db manager
2019-11-23 05:07:25,171 null [INFO] (../src/fwidbmgr.cpp:5365) Program home: /home/meteo/dev/redist/fwidbmgr
2019-11-23 05:07:25,171 null [INFO] (../src/fwidbmgr.cpp:5369) Auto convert: 1
2019-11-23 05:07:25,171 null [INFO] (../src/fwidbmgr.cpp:446) action: exportidx.
2019-11-23 05:07:25,171 null [INFO] (../src/fwidbmgr.cpp:470) date: 20191122.
2019-11-23 05:07:25,172 null [INFO] (../src/fwidbmgr.cpp:322) Try to read: /home/meteo/dev/redist/fwidbmgr/config/fwidbmgr.conf.
2019-11-23 05:07:25,174 null [INFO] (../src/fwidbmgr.cpp:5393) Configuration parsing: OK.
2019-11-23 05:07:25,184 null [INFO] (../src/fwidbmgr.cpp:5478) Connected to database
2019-11-23 05:07:25,184 null [INFO] (../src/fwidbmgr.cpp:5480) Manage data for date: 20191122.
2019-11-23 05:07:25,184 null [INFO] (../src/fwidbmgr.cpp:5596) Exporting indexes.
2019-11-23 05:07:25,188 null [INFO] (/home/meteo/dev/redist/fwidbmgr/include/Grid.h:1595) Configuring grid: isi
2019-11-23 05:07:25,188 null [INFO] (/home/meteo/dev/redist/fwidbmgr/include/Grid.h:1695) Grid isi configured.
2019-11-23 05:07:25,192 null [INFO] (/home/meteo/dev/redist/fwidbmgr/include/Grid.h:1595) Configuring grid: fwi
2019-11-23 05:07:25,192 null [INFO] (/home/meteo/dev/redist/fwidbmgr/include/Grid.h:1695) Grid fwi configured.
2019-11-23 05:07:25,195 null [INFO] (/home/meteo/dev/redist/fwidbmgr/include/Grid.h:1595) Configuring grid: ffmc
2019-11-23 05:07:25,195 null [INFO] (/home/meteo/dev/redist/fwidbmgr/include/Grid.h:1695) Grid ffmc configured.
2019-11-23 05:07:25,198 null [INFO] (/home/meteo/dev/redist/fwidbmgr/include/Grid.h:1595) Configuring grid: dmc
2019-11-23 05:07:25,198 null [INFO] (/home/meteo/dev/redist/fwidbmgr/include/Grid.h:1695) Grid dmc configured.
2019-11-23 05:07:25,199 null [INFO] (/home/meteo/dev/redist/fwidbmgr/include/Grid.h:1595) Configuring grid: dc
2019-11-23 05:07:25,199 null [INFO] (/home/meteo/dev/redist/fwidbmgr/include/Grid.h:1695) Grid dc configured.
2019-11-23 05:07:25,200 null [INFO] (/home/meteo/dev/redist/fwidbmgr/include/Grid.h:1595) Configuring grid: bui
2019-11-23 05:07:25,201 null [INFO] (/home/meteo/dev/redist/fwidbmgr/include/Grid.h:1695) Grid bui configured.
2019-11-23 05:07:25,202 null [INFO] (/home/meteo/dev/redist/fwidbmgr/include/Grid.h:1595) Configuring grid: ffmc_tmp
2019-11-23 05:07:25,202 null [INFO] (/home/meteo/dev/redist/fwidbmgr/include/Grid.h:1695) Grid ffmc_tmp configured.
2019-11-23 05:07:25,203 null [INFO] (/home/meteo/dev/redist/fwidbmgr/include/Grid.h:1595) Configuring grid: dmc_tmp
2019-11-23 05:07:25,203 null [INFO] (/home/meteo/dev/redist/fwidbmgr/include/Grid.h:1695) Grid dmc_tmp configured.
2019-11-23 05:07:25,204 null [INFO] (/home/meteo/dev/redist/fwidbmgr/include/Grid.h:1595) Configuring grid: dc_tmp
2019-11-23 05:07:25,204 null [INFO] (/home/meteo/dev/redist/fwidbmgr/include/Grid.h:1695) Grid dc_tmp configured.
2019-11-23 05:07:25,205 null [INFO] (/home/meteo/dev/redist/fwidbmgr/include/Grid.h:1595) Configuring grid: idi
2019-11-23 05:07:25,205 null [INFO] (/home/meteo/dev/redist/fwidbmgr/include/Grid.h:1695) Grid idi configured.
2019-11-23 05:07:25,206 null [INFO] (/home/meteo/dev/redist/fwidbmgr/include/Grid.h:1595) Configuring grid: angstrom
2019-11-23 05:07:25,206 null [INFO] (/home/meteo/dev/redist/fwidbmgr/include/Grid.h:1695) Grid angstrom configured.
2019-11-23 05:07:25,207 null [INFO] (/home/meteo/dev/redist/fwidbmgr/include/Grid.h:1595) Configuring grid: fmi
2019-11-23 05:07:25,207 null [INFO] (/home/meteo/dev/redist/fwidbmgr/include/Grid.h:1695) Grid fmi configured.
2019-11-23 05:07:25,208 null [INFO] (/home/meteo/dev/redist/fwidbmgr/include/Grid.h:1595) Configuring grid: sharples
2019-11-23 05:07:25,208 null [INFO] (/home/meteo/dev/redist/fwidbmgr/include/Grid.h:1695) Grid sharples configured.
2019-11-23 05:07:32,304 null [INFO] (/home/meteo/dev/redist/fwidbmgr/include/Grid.h:1595) Configuring grid: isi
2019-11-23 05:07:32,305 null [INFO] (/home/meteo/dev/redist/fwidbmgr/include/Grid.h:1695) Grid isi configured.
2019-11-23 05:07:32,325 null [INFO] (/home/meteo/dev/redist/fwidbmgr/include/Grid.h:1595) Configuring grid: fwi
2019-11-23 05:07:32,326 null [INFO] (/home/meteo/dev/redist/fwidbmgr/include/Grid.h:1695) Grid fwi configured.
2019-11-23 05:07:32,345 null [INFO] (/home/meteo/dev/redist/fwidbmgr/include/Grid.h:1595) Configuring grid: ffmc
2019-11-23 05:07:32,345 null [INFO] (/home/meteo/dev/redist/fwidbmgr/include/Grid.h:1695) Grid ffmc configured.
2019-11-23 05:07:32,364 null [INFO] (/home/meteo/dev/redist/fwidbmgr/include/Grid.h:1595) Configuring grid: dmc
2019-11-23 05:07:32,364 null [INFO] (/home/meteo/dev/redist/fwidbmgr/include/Grid.h:1695) Grid dmc configured.
2019-11-23 05:07:32,383 null [INFO] (/home/meteo/dev/redist/fwidbmgr/include/Grid.h:1595) Configuring grid: dc
2019-11-23 05:07:32,383 null [INFO] (/home/meteo/dev/redist/fwidbmgr/include/Grid.h:1695) Grid dc configured.
2019-11-23 05:07:32,403 null [INFO] (/home/meteo/dev/redist/fwidbmgr/include/Grid.h:1595) Configuring grid: bui
2019-11-23 05:07:32,403 null [INFO] (/home/meteo/dev/redist/fwidbmgr/include/Grid.h:1695) Grid bui configured.
2019-11-23 05:07:32,422 null [INFO] (/home/meteo/dev/redist/fwidbmgr/include/Grid.h:1595) Configuring grid: ffmc_tmp
2019-11-23 05:07:32,422 null [INFO] (/home/meteo/dev/redist/fwidbmgr/include/Grid.h:1695) Grid ffmc_tmp configured.
2019-11-23 05:07:32,441 null [INFO] (/home/meteo/dev/redist/fwidbmgr/include/Grid.h:1595) Configuring grid: dmc_tmp
2019-11-23 05:07:32,441 null [INFO] (/home/meteo/dev/redist/fwidbmgr/include/Grid.h:1695) Grid dmc_tmp configured.
2019-11-23 05:07:32,459 null [INFO] (/home/meteo/dev/redist/fwidbmgr/include/Grid.h:1595) Configuring grid: dc_tmp
2019-11-23 05:07:32,459 null [INFO] (/home/meteo/dev/redist/fwidbmgr/include/Grid.h:1695) Grid dc_tmp configured.
2019-11-23 05:07:32,478 null [INFO] (/home/meteo/dev/redist/fwidbmgr/include/Grid.h:1595) Configuring grid: angstrom
2019-11-23 05:07:32,478 null [INFO] (/home/meteo/dev/redist/fwidbmgr/include/Grid.h:1695) Grid angstrom configured.
2019-11-23 05:07:32,500 null [INFO] (/home/meteo/dev/redist/fwidbmgr/include/Grid.h:1595) Configuring grid: sharples
2019-11-23 05:07:32,500 null [INFO] (/home/meteo/dev/redist/fwidbmgr/include/Grid.h:1695) Grid sharples configured.
2019-11-23 05:07:32,521 null [INFO] (/home/meteo/dev/redist/fwidbmgr/include/Grid.h:1595) Configuring grid: fmi
2019-11-23 05:07:32,521 null [INFO] (/home/meteo/dev/redist/fwidbmgr/include/Grid.h:1695) Grid fmi configured.
2019-11-23 05:07:32,540 null [INFO] (../src/fwidbmgr.cpp:5600) OK --> 20191122 indexes exported to files.
2019-11-23 05:07:32,540 null [INFO] (../src/fwidbmgr.cpp:5695) action exportidx took about 7 seconds.
2019-11-23 05:07:32,540 null [INFO] (../src/fwidbmgr.cpp:5699) Disconnected from database.
2019-11-23 05:07:46,833 null [INFO] (../src/fwidbmgr.cpp:5361) fwi db manager
2019-11-23 05:07:46,833 null [INFO] (../src/fwidbmgr.cpp:5365) Program home: /home/meteo/dev/redist/fwidbmgr
2019-11-23 05:07:46,833 null [INFO] (../src/fwidbmgr.cpp:5369) Auto convert: 1
2019-11-23 05:07:46,833 null [INFO] (../src/fwidbmgr.cpp:446) action: outimg.
2019-11-23 05:07:46,833 null [INFO] (../src/fwidbmgr.cpp:470) date: 20191122.
2019-11-23 05:07:46,833 null [INFO] (../src/fwidbmgr.cpp:322) Try to read: /home/meteo/dev/redist/fwidbmgr/config/fwidbmgr.conf.
2019-11-23 05:07:46,834 null [INFO] (../src/fwidbmgr.cpp:5393) Configuration parsing: OK.
2019-11-23 05:07:46,839 null [INFO] (../src/fwidbmgr.cpp:5478) Connected to database
2019-11-23 05:07:46,840 null [INFO] (../src/fwidbmgr.cpp:5480) Manage data for date: 20191122.
2019-11-23 05:07:46,840 null [INFO] (../src/fwidbmgr.cpp:5566) Importing fwi indexes images in database.
2019-11-23 05:07:46,988 null [INFO] (../src/fwidbmgr.cpp:5570) OK --> 20191122 images imported.
2019-11-23 05:07:46,988 null [INFO] (../src/fwidbmgr.cpp:5695) action outimg took about 0 seconds.
2019-11-23 05:07:46,988 null [INFO] (../src/fwidbmgr.cpp:5699) Disconnected from database.
2019-11-23 05:37:01,829 null [INFO] (../src/fwidbmgr.cpp:5361) fwi db manager
2019-11-23 05:37:01,829 null [INFO] (../src/fwidbmgr.cpp:5365) Program home: /home/meteo/dev/redist/fwidbmgr
2019-11-23 05:37:01,829 null [INFO] (../src/fwidbmgr.cpp:5369) Auto convert: 1
2019-11-23 05:37:01,829 null [INFO] (../src/fwidbmgr.cpp:446) action: outimg.
2019-11-23 05:37:01,829 null [INFO] (../src/fwidbmgr.cpp:470) date: 20191122.
2019-11-23 05:37:01,829 null [INFO] (../src/fwidbmgr.cpp:322) Try to read: /home/meteo/dev/redist/fwidbmgr/config/fwidbmgr.conf.
2019-11-23 05:37:01,831 null [INFO] (../src/fwidbmgr.cpp:5393) Configuration parsing: OK.
2019-11-23 05:37:01,838 null [INFO] (../src/fwidbmgr.cpp:5478) Connected to database
2019-11-23 05:37:01,838 null [INFO] (../src/fwidbmgr.cpp:5480) Manage data for date: 20191122.
2019-11-23 05:37:01,838 null [INFO] (../src/fwidbmgr.cpp:5566) Importing fwi indexes images in database.
2019-11-23 05:37:01,901 null [INFO] (../src/fwidbmgr.cpp:5570) OK --> 20191122 images imported.
2019-11-23 05:37:01,901 null [INFO] (../src/fwidbmgr.cpp:5695) action outimg took about 0 seconds.
2019-11-23 05:37:01,901 null [INFO] (../src/fwidbmgr.cpp:5699) Disconnected from database.
2019-11-23 06:05:02,020 null [INFO] (../src/fwidbmgr.cpp:5361) fwi db manager
2019-11-23 06:05:02,020 null [INFO] (../src/fwidbmgr.cpp:5365) Program home: /home/meteo/dev/redist/fwidbmgr
2019-11-23 06:05:02,020 null [INFO] (../src/fwidbmgr.cpp:5369) Auto convert: 1
2019-11-23 06:05:02,020 null [INFO] (../src/fwidbmgr.cpp:446) action: outimg.
2019-11-23 06:05:02,020 null [INFO] (../src/fwidbmgr.cpp:470) date: 20191122.
2019-11-23 06:05:02,020 null [INFO] (../src/fwidbmgr.cpp:322) Try to read: /home/meteo/dev/redist/fwidbmgr/config/fwidbmgr.conf.
2019-11-23 06:05:02,021 null [INFO] (../src/fwidbmgr.cpp:5393) Configuration parsing: OK.
2019-11-23 06:05:02,027 null [INFO] (../src/fwidbmgr.cpp:5478) Connected to database
2019-11-23 06:05:02,028 null [INFO] (../src/fwidbmgr.cpp:5480) Manage data for date: 20191122.
2019-11-23 06:05:02,028 null [INFO] (../src/fwidbmgr.cpp:5566) Importing fwi indexes images in database.
2019-11-23 06:05:02,083 null [INFO] (../src/fwidbmgr.cpp:5570) OK --> 20191122 images imported.
2019-11-23 06:05:02,083 null [INFO] (../src/fwidbmgr.cpp:5695) action outimg took about 0 seconds.
2019-11-23 06:05:02,084 null [INFO] (../src/fwidbmgr.cpp:5699) Disconnected from database.
2019-11-23 06:37:01,209 null [INFO] (../src/fwidbmgr.cpp:5361) fwi db manager
2019-11-23 06:37:01,209 null [INFO] (../src/fwidbmgr.cpp:5365) Program home: /home/meteo/dev/redist/fwidbmgr
2019-11-23 06:37:01,209 null [INFO] (../src/fwidbmgr.cpp:5369) Auto convert: 1
2019-11-23 06:37:01,209 null [INFO] (../src/fwidbmgr.cpp:446) action: outimg.
2019-11-23 06:37:01,209 null [INFO] (../src/fwidbmgr.cpp:470) date: 20191122.
2019-11-23 06:37:01,209 null [INFO] (../src/fwidbmgr.cpp:322) Try to read: /home/meteo/dev/redist/fwidbmgr/config/fwidbmgr.conf.
2019-11-23 06:37:01,210 null [INFO] (../src/fwidbmgr.cpp:5393) Configuration parsing: OK.
2019-11-23 06:37:01,216 null [INFO] (../src/fwidbmgr.cpp:5478) Connected to database
2019-11-23 06:37:01,216 null [INFO] (../src/fwidbmgr.cpp:5480) Manage data for date: 20191122.
2019-11-23 06:37:01,216 null [INFO] (../src/fwidbmgr.cpp:5566) Importing fwi indexes images in database.
2019-11-23 06:37:01,258 null [INFO] (../src/fwidbmgr.cpp:5570) OK --> 20191122 images imported.
2019-11-23 06:37:01,259 null [INFO] (../src/fwidbmgr.cpp:5695) action outimg took about 0 seconds.
2019-11-23 06:37:01,259 null [INFO] (../src/fwidbmgr.cpp:5699) Disconnected from database.
2019-11-23 07:05:01,946 null [INFO] (../src/fwidbmgr.cpp:5361) fwi db manager
2019-11-23 07:05:01,946 null [INFO] (../src/fwidbmgr.cpp:5365) Program home: /home/meteo/dev/redist/fwidbmgr
2019-11-23 07:05:01,946 null [INFO] (../src/fwidbmgr.cpp:5369) Auto convert: 1
2019-11-23 07:05:01,946 null [INFO] (../src/fwidbmgr.cpp:446) action: outimg.
2019-11-23 07:05:01,946 null [INFO] (../src/fwidbmgr.cpp:470) date: 20191122.
2019-11-23 07:05:01,946 null [INFO] (../src/fwidbmgr.cpp:322) Try to read: /home/meteo/dev/redist/fwidbmgr/config/fwidbmgr.conf.
2019-11-23 07:05:01,947 null [INFO] (../src/fwidbmgr.cpp:5393) Configuration parsing: OK.
2019-11-23 07:05:01,958 null [INFO] (../src/fwidbmgr.cpp:5478) Connected to database
2019-11-23 07:05:01,958 null [INFO] (../src/fwidbmgr.cpp:5480) Manage data for date: 20191122.
2019-11-23 07:05:01,959 null [INFO] (../src/fwidbmgr.cpp:5566) Importing fwi indexes images in database.
2019-11-23 07:05:02,007 null [INFO] (../src/fwidbmgr.cpp:5570) OK --> 20191122 images imported.
2019-11-23 07:05:02,007 null [INFO] (../src/fwidbmgr.cpp:5695) action outimg took about 1 seconds.
2019-11-23 07:05:02,007 null [INFO] (../src/fwidbmgr.cpp:5699) Disconnected from database.
2019-11-23 07:37:01,138 null [INFO] (../src/fwidbmgr.cpp:5361) fwi db manager
2019-11-23 07:37:01,138 null [INFO] (../src/fwidbmgr.cpp:5365) Program home: /home/meteo/dev/redist/fwidbmgr
2019-11-23 07:37:01,138 null [INFO] (../src/fwidbmgr.cpp:5369) Auto convert: 1
2019-11-23 07:37:01,138 null [INFO] (../src/fwidbmgr.cpp:446) action: outimg.
2019-11-23 07:37:01,138 null [INFO] (../src/fwidbmgr.cpp:470) date: 20191122.
2019-11-23 07:37:01,138 null [INFO] (../src/fwidbmgr.cpp:322) Try to read: /home/meteo/dev/redist/fwidbmgr/config/fwidbmgr.conf.
2019-11-23 07:37:01,139 null [INFO] (../src/fwidbmgr.cpp:5393) Configuration parsing: OK.
2019-11-23 07:37:01,143 null [INFO] (../src/fwidbmgr.cpp:5478) Connected to database
2019-11-23 07:37:01,143 null [INFO] (../src/fwidbmgr.cpp:5480) Manage data for date: 20191122.
2019-11-23 07:37:01,143 null [INFO] (../src/fwidbmgr.cpp:5566) Importing fwi indexes images in database.
2019-11-23 07:37:01,184 null [INFO] (../src/fwidbmgr.cpp:5570) OK --> 20191122 images imported.
2019-11-23 07:37:01,184 null [INFO] (../src/fwidbmgr.cpp:5695) action outimg took about 0 seconds.
2019-11-23 07:37:01,184 null [INFO] (../src/fwidbmgr.cpp:5699) Disconnected from database.
