2016-11-19 05:06:50,862 null [INFO] (../src/fwidbmgr.cpp:5207) fwi db manager
2016-11-19 05:06:50,863 null [INFO] (../src/fwidbmgr.cpp:5209) Program home: /home/meteo/dev/redist/fwidbmgr
2016-11-19 05:06:50,863 null [INFO] (../src/fwidbmgr.cpp:5211) Auto convert: 1
2016-11-19 05:06:50,863 null [INFO] (../src/fwidbmgr.cpp:458) action: in.
2016-11-19 05:06:50,863 null [INFO] (../src/fwidbmgr.cpp:482) date: 20161118.
2016-11-19 05:06:50,863 null [INFO] (../src/fwidbmgr.cpp:319) Try to read: /home/meteo/dev/redist/fwidbmgr/config/fwidbmgr.conf.
2016-11-19 05:06:50,965 null [INFO] (../src/fwidbmgr.cpp:5240) Configuration parsing: OK.
2016-11-19 05:06:51,968 null [INFO] (../src/fwidbmgr.cpp:5322) Connected to database
2016-11-19 05:06:51,968 null [INFO] (../src/fwidbmgr.cpp:5323) Manage data for date: 20161118.
2016-11-19 05:06:51,968 null [INFO] (../src/fwidbmgr.cpp:5367) Importing meteo data in database for day: 20161118.
2016-11-19 05:06:51,969 null [INFO] (/home/meteo/dev/redist/fwidbmgr/include/Grid.h:1595) Configuring grid: snow
2016-11-19 05:06:51,969 null [INFO] (/home/meteo/dev/redist/fwidbmgr/include/Grid.h:1695) Grid snow configured.
2016-11-19 05:06:51,975 null [INFO] (/home/meteo/dev/redist/fwidbmgr/include/Grid.h:1595) Configuring grid: snow_covering
2016-11-19 05:06:51,975 null [INFO] (/home/meteo/dev/redist/fwidbmgr/include/Grid.h:1695) Grid snow_covering configured.
2016-11-19 05:06:51,981 null [INFO] (/home/meteo/dev/redist/fwidbmgr/include/Grid.h:1595) Configuring grid: snow_dissolution
2016-11-19 05:06:51,981 null [INFO] (/home/meteo/dev/redist/fwidbmgr/include/Grid.h:1695) Grid snow_dissolution configured.
2016-11-19 05:06:51,994 null [INFO] (/home/meteo/dev/redist/fwidbmgr/include/Grid.h:1595) Configuring grid: temperature
2016-11-19 05:06:51,994 null [INFO] (/home/meteo/dev/redist/fwidbmgr/include/Grid.h:1695) Grid temperature configured.
2016-11-19 05:06:51,997 null [INFO] (/home/meteo/dev/redist/fwidbmgr/include/Grid.h:1595) Configuring grid: humidity
2016-11-19 05:06:51,997 null [INFO] (/home/meteo/dev/redist/fwidbmgr/include/Grid.h:1695) Grid humidity configured.
2016-11-19 05:06:52,003 null [INFO] (/home/meteo/dev/redist/fwidbmgr/include/Grid.h:1595) Configuring grid: windspeed
2016-11-19 05:06:52,003 null [INFO] (/home/meteo/dev/redist/fwidbmgr/include/Grid.h:1695) Grid windspeed configured.
2016-11-19 05:06:52,017 null [INFO] (/home/meteo/dev/redist/fwidbmgr/include/Grid.h:1595) Configuring grid: rain
2016-11-19 05:06:52,017 null [INFO] (/home/meteo/dev/redist/fwidbmgr/include/Grid.h:1695) Grid rain configured.
2016-11-19 05:06:52,019 null [INFO] (/home/meteo/dev/redist/fwidbmgr/include/Grid.h:1595) Configuring grid: cum_rain
2016-11-19 05:06:52,019 null [INFO] (/home/meteo/dev/redist/fwidbmgr/include/Grid.h:1695) Grid cum_rain configured.
2016-11-19 05:07:34,283 null [INFO] (../src/fwidbmgr.cpp:1502) Storing meteo input ...
2016-11-19 05:08:44,386 null [INFO] (../src/fwidbmgr.cpp:5370) OK --> 20161118 data imported.
2016-11-19 05:08:44,598 null [INFO] (../src/fwidbmgr.cpp:5496) action in took about 113 seconds.
2016-11-19 05:08:44,985 null [INFO] (../src/fwidbmgr.cpp:5499) Disconnected from database.
2016-11-19 05:10:35,531 null [INFO] (../src/fwidbmgr.cpp:5207) fwi db manager
2016-11-19 05:10:35,531 null [INFO] (../src/fwidbmgr.cpp:5209) Program home: /home/meteo/dev/redist/fwidbmgr
2016-11-19 05:10:35,531 null [INFO] (../src/fwidbmgr.cpp:5211) Auto convert: 1
2016-11-19 05:10:35,531 null [INFO] (../src/fwidbmgr.cpp:458) action: out.
2016-11-19 05:10:35,531 null [INFO] (../src/fwidbmgr.cpp:482) date: 20161118.
2016-11-19 05:10:35,531 null [INFO] (../src/fwidbmgr.cpp:319) Try to read: /home/meteo/dev/redist/fwidbmgr/config/fwidbmgr.conf.
2016-11-19 05:10:36,006 null [INFO] (../src/fwidbmgr.cpp:5240) Configuration parsing: OK.
2016-11-19 05:10:36,088 null [INFO] (../src/fwidbmgr.cpp:5322) Connected to database
2016-11-19 05:10:36,088 null [INFO] (../src/fwidbmgr.cpp:5323) Manage data for date: 20161118.
2016-11-19 05:10:36,088 null [INFO] (../src/fwidbmgr.cpp:5379) Importing fwi indexes data in database for day: 20161118.
2016-11-19 05:10:36,113 null [INFO] (/home/meteo/dev/redist/fwidbmgr/include/Grid.h:1595) Configuring grid: isi
2016-11-19 05:10:36,113 null [INFO] (/home/meteo/dev/redist/fwidbmgr/include/Grid.h:1695) Grid isi configured.
2016-11-19 05:10:36,120 null [INFO] (/home/meteo/dev/redist/fwidbmgr/include/Grid.h:1595) Configuring grid: fwi
2016-11-19 05:10:36,120 null [INFO] (/home/meteo/dev/redist/fwidbmgr/include/Grid.h:1695) Grid fwi configured.
2016-11-19 05:10:36,126 null [INFO] (/home/meteo/dev/redist/fwidbmgr/include/Grid.h:1595) Configuring grid: ffmc
2016-11-19 05:10:36,126 null [INFO] (/home/meteo/dev/redist/fwidbmgr/include/Grid.h:1695) Grid ffmc configured.
2016-11-19 05:10:36,133 null [INFO] (/home/meteo/dev/redist/fwidbmgr/include/Grid.h:1595) Configuring grid: dmc
2016-11-19 05:10:36,133 null [INFO] (/home/meteo/dev/redist/fwidbmgr/include/Grid.h:1695) Grid dmc configured.
2016-11-19 05:10:36,140 null [INFO] (/home/meteo/dev/redist/fwidbmgr/include/Grid.h:1595) Configuring grid: dc
2016-11-19 05:10:36,140 null [INFO] (/home/meteo/dev/redist/fwidbmgr/include/Grid.h:1695) Grid dc configured.
2016-11-19 05:10:36,147 null [INFO] (/home/meteo/dev/redist/fwidbmgr/include/Grid.h:1595) Configuring grid: bui
2016-11-19 05:10:36,147 null [INFO] (/home/meteo/dev/redist/fwidbmgr/include/Grid.h:1695) Grid bui configured.
2016-11-19 05:10:36,153 null [INFO] (/home/meteo/dev/redist/fwidbmgr/include/Grid.h:1595) Configuring grid: ffmc_tmp
2016-11-19 05:10:36,154 null [INFO] (/home/meteo/dev/redist/fwidbmgr/include/Grid.h:1695) Grid ffmc_tmp configured.
2016-11-19 05:10:36,326 null [INFO] (/home/meteo/dev/redist/fwidbmgr/include/Grid.h:1595) Configuring grid: dmc_tmp
2016-11-19 05:10:36,326 null [INFO] (/home/meteo/dev/redist/fwidbmgr/include/Grid.h:1695) Grid dmc_tmp configured.
2016-11-19 05:10:36,363 null [INFO] (/home/meteo/dev/redist/fwidbmgr/include/Grid.h:1595) Configuring grid: dc_tmp
2016-11-19 05:10:36,363 null [INFO] (/home/meteo/dev/redist/fwidbmgr/include/Grid.h:1695) Grid dc_tmp configured.
2016-11-19 05:10:36,732 null [INFO] (/home/meteo/dev/redist/fwidbmgr/include/Grid.h:1595) Configuring grid: idi
2016-11-19 05:10:36,733 null [INFO] (/home/meteo/dev/redist/fwidbmgr/include/Grid.h:1695) Grid idi configured.
2016-11-19 05:14:55,692 null [INFO] (../src/fwidbmgr.cpp:2045) Storing FWI indexes ...
2016-11-19 05:22:12,313 null [INFO] (../src/fwidbmgr.cpp:5382) OK --> 20161118 data imported.
2016-11-19 05:22:12,315 null [INFO] (../src/fwidbmgr.cpp:5496) action out took about 696 seconds.
2016-11-19 05:22:12,315 null [INFO] (../src/fwidbmgr.cpp:5499) Disconnected from database.
2016-11-19 05:22:14,442 null [INFO] (../src/fwidbmgr.cpp:5207) fwi db manager
2016-11-19 05:22:14,442 null [INFO] (../src/fwidbmgr.cpp:5209) Program home: /home/meteo/dev/redist/fwidbmgr
2016-11-19 05:22:14,442 null [INFO] (../src/fwidbmgr.cpp:5211) Auto convert: 1
2016-11-19 05:22:14,442 null [INFO] (../src/fwidbmgr.cpp:458) action: computeidx.
2016-11-19 05:22:14,442 null [INFO] (../src/fwidbmgr.cpp:482) date: 20161118.
2016-11-19 05:22:14,442 null [INFO] (../src/fwidbmgr.cpp:319) Try to read: /home/meteo/dev/redist/fwidbmgr/config/fwidbmgr.conf.
2016-11-19 05:22:14,496 null [INFO] (../src/fwidbmgr.cpp:5240) Configuration parsing: OK.
2016-11-19 05:22:14,691 null [INFO] (../src/fwidbmgr.cpp:5322) Connected to database
2016-11-19 05:22:14,691 null [INFO] (../src/fwidbmgr.cpp:5323) Manage data for date: 20161118.
2016-11-19 05:22:14,691 null [INFO] (../src/fwidbmgr.cpp:5463) Computing indexes.
2016-11-19 05:22:14,692 null [INFO] (/home/meteo/dev/redist/fwidbmgr/include/Grid.h:1595) Configuring grid: isi
2016-11-19 05:22:14,692 null [INFO] (/home/meteo/dev/redist/fwidbmgr/include/Grid.h:1695) Grid isi configured.
2016-11-19 05:22:14,693 null [INFO] (/home/meteo/dev/redist/fwidbmgr/include/Grid.h:1595) Configuring grid: fwi
2016-11-19 05:22:14,693 null [INFO] (/home/meteo/dev/redist/fwidbmgr/include/Grid.h:1695) Grid fwi configured.
2016-11-19 05:22:14,694 null [INFO] (/home/meteo/dev/redist/fwidbmgr/include/Grid.h:1595) Configuring grid: ffmc
2016-11-19 05:22:14,699 null [INFO] (/home/meteo/dev/redist/fwidbmgr/include/Grid.h:1695) Grid ffmc configured.
2016-11-19 05:22:14,700 null [INFO] (/home/meteo/dev/redist/fwidbmgr/include/Grid.h:1595) Configuring grid: dmc
2016-11-19 05:22:14,700 null [INFO] (/home/meteo/dev/redist/fwidbmgr/include/Grid.h:1695) Grid dmc configured.
2016-11-19 05:22:14,701 null [INFO] (/home/meteo/dev/redist/fwidbmgr/include/Grid.h:1595) Configuring grid: dc
2016-11-19 05:22:14,701 null [INFO] (/home/meteo/dev/redist/fwidbmgr/include/Grid.h:1695) Grid dc configured.
2016-11-19 05:22:14,702 null [INFO] (/home/meteo/dev/redist/fwidbmgr/include/Grid.h:1595) Configuring grid: bui
2016-11-19 05:22:14,702 null [INFO] (/home/meteo/dev/redist/fwidbmgr/include/Grid.h:1695) Grid bui configured.
2016-11-19 05:22:14,703 null [INFO] (/home/meteo/dev/redist/fwidbmgr/include/Grid.h:1595) Configuring grid: ffmc_tmp
2016-11-19 05:22:14,703 null [INFO] (/home/meteo/dev/redist/fwidbmgr/include/Grid.h:1695) Grid ffmc_tmp configured.
2016-11-19 05:22:14,704 null [INFO] (/home/meteo/dev/redist/fwidbmgr/include/Grid.h:1595) Configuring grid: dmc_tmp
2016-11-19 05:22:14,704 null [INFO] (/home/meteo/dev/redist/fwidbmgr/include/Grid.h:1695) Grid dmc_tmp configured.
2016-11-19 05:22:14,705 null [INFO] (/home/meteo/dev/redist/fwidbmgr/include/Grid.h:1595) Configuring grid: dc_tmp
2016-11-19 05:22:14,705 null [INFO] (/home/meteo/dev/redist/fwidbmgr/include/Grid.h:1695) Grid dc_tmp configured.
2016-11-19 05:22:14,706 null [INFO] (/home/meteo/dev/redist/fwidbmgr/include/Grid.h:1595) Configuring grid: idi
2016-11-19 05:22:14,706 null [INFO] (/home/meteo/dev/redist/fwidbmgr/include/Grid.h:1695) Grid idi configured.
2016-11-19 05:22:14,707 null [INFO] (/home/meteo/dev/redist/fwidbmgr/include/Grid.h:1595) Configuring grid: angstrom
2016-11-19 05:22:14,707 null [INFO] (/home/meteo/dev/redist/fwidbmgr/include/Grid.h:1695) Grid angstrom configured.
2016-11-19 05:22:14,708 null [INFO] (/home/meteo/dev/redist/fwidbmgr/include/Grid.h:1595) Configuring grid: fmi
2016-11-19 05:22:14,708 null [INFO] (/home/meteo/dev/redist/fwidbmgr/include/Grid.h:1695) Grid fmi configured.
2016-11-19 05:22:14,709 null [INFO] (/home/meteo/dev/redist/fwidbmgr/include/Grid.h:1595) Configuring grid: sharples
2016-11-19 05:22:14,709 null [INFO] (/home/meteo/dev/redist/fwidbmgr/include/Grid.h:1695) Grid sharples configured.
2016-11-19 05:23:57,032 null [INFO] (/home/meteo/dev/redist/fwidbmgr/include/Grid.h:1595) Configuring grid: snow
2016-11-19 05:23:57,033 null [INFO] (/home/meteo/dev/redist/fwidbmgr/include/Grid.h:1695) Grid snow configured.
2016-11-19 05:23:57,033 null [INFO] (/home/meteo/dev/redist/fwidbmgr/include/Grid.h:1595) Configuring grid: snow_covering
2016-11-19 05:23:57,033 null [INFO] (/home/meteo/dev/redist/fwidbmgr/include/Grid.h:1695) Grid snow_covering configured.
2016-11-19 05:23:57,033 null [INFO] (/home/meteo/dev/redist/fwidbmgr/include/Grid.h:1595) Configuring grid: snow_dissolution
2016-11-19 05:23:57,033 null [INFO] (/home/meteo/dev/redist/fwidbmgr/include/Grid.h:1695) Grid snow_dissolution configured.
2016-11-19 05:23:57,033 null [INFO] (/home/meteo/dev/redist/fwidbmgr/include/Grid.h:1595) Configuring grid: temperature
2016-11-19 05:23:57,033 null [INFO] (/home/meteo/dev/redist/fwidbmgr/include/Grid.h:1695) Grid temperature configured.
2016-11-19 05:23:57,033 null [INFO] (/home/meteo/dev/redist/fwidbmgr/include/Grid.h:1595) Configuring grid: humidity
2016-11-19 05:23:57,033 null [INFO] (/home/meteo/dev/redist/fwidbmgr/include/Grid.h:1695) Grid humidity configured.
2016-11-19 05:23:57,033 null [INFO] (/home/meteo/dev/redist/fwidbmgr/include/Grid.h:1595) Configuring grid: windspeed
2016-11-19 05:23:57,033 null [INFO] (/home/meteo/dev/redist/fwidbmgr/include/Grid.h:1695) Grid windspeed configured.
2016-11-19 05:23:57,033 null [INFO] (/home/meteo/dev/redist/fwidbmgr/include/Grid.h:1595) Configuring grid: rain
2016-11-19 05:23:57,033 null [INFO] (/home/meteo/dev/redist/fwidbmgr/include/Grid.h:1695) Grid rain configured.
2016-11-19 05:23:57,033 null [INFO] (/home/meteo/dev/redist/fwidbmgr/include/Grid.h:1595) Configuring grid: cum_rain
2016-11-19 05:23:57,034 null [INFO] (/home/meteo/dev/redist/fwidbmgr/include/Grid.h:1695) Grid cum_rain configured.
2016-11-19 05:27:29,974 null [INFO] (../src/fwidbmgr.cpp:5466) OK --> 20161118 indexes computed.
2016-11-19 05:27:29,975 null [INFO] (../src/fwidbmgr.cpp:5496) action computeidx took about 315 seconds.
2016-11-19 05:27:29,975 null [INFO] (../src/fwidbmgr.cpp:5499) Disconnected from database.
2016-11-19 05:27:36,118 null [INFO] (../src/fwidbmgr.cpp:5207) fwi db manager
2016-11-19 05:27:36,118 null [INFO] (../src/fwidbmgr.cpp:5209) Program home: /home/meteo/dev/redist/fwidbmgr
2016-11-19 05:27:36,118 null [INFO] (../src/fwidbmgr.cpp:5211) Auto convert: 1
2016-11-19 05:27:36,118 null [INFO] (../src/fwidbmgr.cpp:458) action: exportidx.
2016-11-19 05:27:36,118 null [INFO] (../src/fwidbmgr.cpp:482) date: 20161118.
2016-11-19 05:27:36,118 null [INFO] (../src/fwidbmgr.cpp:319) Try to read: /home/meteo/dev/redist/fwidbmgr/config/fwidbmgr.conf.
2016-11-19 05:27:36,251 null [INFO] (../src/fwidbmgr.cpp:5240) Configuration parsing: OK.
2016-11-19 05:27:36,561 null [INFO] (../src/fwidbmgr.cpp:5322) Connected to database
2016-11-19 05:27:36,561 null [INFO] (../src/fwidbmgr.cpp:5323) Manage data for date: 20161118.
2016-11-19 05:27:36,561 null [INFO] (../src/fwidbmgr.cpp:5415) Exporting indexes.
2016-11-19 05:27:36,563 null [INFO] (/home/meteo/dev/redist/fwidbmgr/include/Grid.h:1595) Configuring grid: isi
2016-11-19 05:27:36,563 null [INFO] (/home/meteo/dev/redist/fwidbmgr/include/Grid.h:1695) Grid isi configured.
2016-11-19 05:27:36,564 null [INFO] (/home/meteo/dev/redist/fwidbmgr/include/Grid.h:1595) Configuring grid: fwi
2016-11-19 05:27:36,565 null [INFO] (/home/meteo/dev/redist/fwidbmgr/include/Grid.h:1695) Grid fwi configured.
2016-11-19 05:27:36,565 null [INFO] (/home/meteo/dev/redist/fwidbmgr/include/Grid.h:1595) Configuring grid: ffmc
2016-11-19 05:27:36,566 null [INFO] (/home/meteo/dev/redist/fwidbmgr/include/Grid.h:1695) Grid ffmc configured.
2016-11-19 05:27:36,566 null [INFO] (/home/meteo/dev/redist/fwidbmgr/include/Grid.h:1595) Configuring grid: dmc
2016-11-19 05:27:36,567 null [INFO] (/home/meteo/dev/redist/fwidbmgr/include/Grid.h:1695) Grid dmc configured.
2016-11-19 05:27:36,568 null [INFO] (/home/meteo/dev/redist/fwidbmgr/include/Grid.h:1595) Configuring grid: dc
2016-11-19 05:27:36,568 null [INFO] (/home/meteo/dev/redist/fwidbmgr/include/Grid.h:1695) Grid dc configured.
2016-11-19 05:27:36,569 null [INFO] (/home/meteo/dev/redist/fwidbmgr/include/Grid.h:1595) Configuring grid: bui
2016-11-19 05:27:36,569 null [INFO] (/home/meteo/dev/redist/fwidbmgr/include/Grid.h:1695) Grid bui configured.
2016-11-19 05:27:36,570 null [INFO] (/home/meteo/dev/redist/fwidbmgr/include/Grid.h:1595) Configuring grid: ffmc_tmp
2016-11-19 05:27:36,570 null [INFO] (/home/meteo/dev/redist/fwidbmgr/include/Grid.h:1695) Grid ffmc_tmp configured.
2016-11-19 05:27:36,571 null [INFO] (/home/meteo/dev/redist/fwidbmgr/include/Grid.h:1595) Configuring grid: dmc_tmp
2016-11-19 05:27:36,571 null [INFO] (/home/meteo/dev/redist/fwidbmgr/include/Grid.h:1695) Grid dmc_tmp configured.
2016-11-19 05:27:36,572 null [INFO] (/home/meteo/dev/redist/fwidbmgr/include/Grid.h:1595) Configuring grid: dc_tmp
2016-11-19 05:27:36,572 null [INFO] (/home/meteo/dev/redist/fwidbmgr/include/Grid.h:1695) Grid dc_tmp configured.
2016-11-19 05:27:36,573 null [INFO] (/home/meteo/dev/redist/fwidbmgr/include/Grid.h:1595) Configuring grid: idi
2016-11-19 05:27:36,573 null [INFO] (/home/meteo/dev/redist/fwidbmgr/include/Grid.h:1695) Grid idi configured.
2016-11-19 05:27:36,574 null [INFO] (/home/meteo/dev/redist/fwidbmgr/include/Grid.h:1595) Configuring grid: angstrom
2016-11-19 05:27:36,574 null [INFO] (/home/meteo/dev/redist/fwidbmgr/include/Grid.h:1695) Grid angstrom configured.
2016-11-19 05:27:36,575 null [INFO] (/home/meteo/dev/redist/fwidbmgr/include/Grid.h:1595) Configuring grid: fmi
2016-11-19 05:27:36,575 null [INFO] (/home/meteo/dev/redist/fwidbmgr/include/Grid.h:1695) Grid fmi configured.
2016-11-19 05:27:36,625 null [INFO] (/home/meteo/dev/redist/fwidbmgr/include/Grid.h:1595) Configuring grid: sharples
2016-11-19 05:27:36,625 null [INFO] (/home/meteo/dev/redist/fwidbmgr/include/Grid.h:1695) Grid sharples configured.
2016-11-19 05:30:30,624 null [INFO] (/home/meteo/dev/redist/fwidbmgr/include/Grid.h:1595) Configuring grid: isi
2016-11-19 05:30:30,625 null [INFO] (/home/meteo/dev/redist/fwidbmgr/include/Grid.h:1695) Grid isi configured.
2016-11-19 05:30:30,691 null [INFO] (/home/meteo/dev/redist/fwidbmgr/include/Grid.h:1595) Configuring grid: fwi
2016-11-19 05:30:30,692 null [INFO] (/home/meteo/dev/redist/fwidbmgr/include/Grid.h:1695) Grid fwi configured.
2016-11-19 05:30:30,710 null [INFO] (/home/meteo/dev/redist/fwidbmgr/include/Grid.h:1595) Configuring grid: ffmc
2016-11-19 05:30:30,710 null [INFO] (/home/meteo/dev/redist/fwidbmgr/include/Grid.h:1695) Grid ffmc configured.
2016-11-19 05:30:30,730 null [INFO] (/home/meteo/dev/redist/fwidbmgr/include/Grid.h:1595) Configuring grid: dmc
2016-11-19 05:30:30,730 null [INFO] (/home/meteo/dev/redist/fwidbmgr/include/Grid.h:1695) Grid dmc configured.
2016-11-19 05:30:30,748 null [INFO] (/home/meteo/dev/redist/fwidbmgr/include/Grid.h:1595) Configuring grid: dc
2016-11-19 05:30:30,748 null [INFO] (/home/meteo/dev/redist/fwidbmgr/include/Grid.h:1695) Grid dc configured.
2016-11-19 05:30:30,768 null [INFO] (/home/meteo/dev/redist/fwidbmgr/include/Grid.h:1595) Configuring grid: bui
2016-11-19 05:30:30,768 null [INFO] (/home/meteo/dev/redist/fwidbmgr/include/Grid.h:1695) Grid bui configured.
2016-11-19 05:30:30,786 null [INFO] (/home/meteo/dev/redist/fwidbmgr/include/Grid.h:1595) Configuring grid: ffmc_tmp
2016-11-19 05:30:30,786 null [INFO] (/home/meteo/dev/redist/fwidbmgr/include/Grid.h:1695) Grid ffmc_tmp configured.
2016-11-19 05:30:30,805 null [INFO] (/home/meteo/dev/redist/fwidbmgr/include/Grid.h:1595) Configuring grid: dmc_tmp
2016-11-19 05:30:30,805 null [INFO] (/home/meteo/dev/redist/fwidbmgr/include/Grid.h:1695) Grid dmc_tmp configured.
2016-11-19 05:30:30,822 null [INFO] (/home/meteo/dev/redist/fwidbmgr/include/Grid.h:1595) Configuring grid: dc_tmp
2016-11-19 05:30:30,822 null [INFO] (/home/meteo/dev/redist/fwidbmgr/include/Grid.h:1695) Grid dc_tmp configured.
2016-11-19 05:30:30,840 null [INFO] (/home/meteo/dev/redist/fwidbmgr/include/Grid.h:1595) Configuring grid: angstrom
2016-11-19 05:30:30,841 null [INFO] (/home/meteo/dev/redist/fwidbmgr/include/Grid.h:1695) Grid angstrom configured.
2016-11-19 05:30:30,997 null [INFO] (/home/meteo/dev/redist/fwidbmgr/include/Grid.h:1595) Configuring grid: sharples
2016-11-19 05:30:30,997 null [INFO] (/home/meteo/dev/redist/fwidbmgr/include/Grid.h:1695) Grid sharples configured.
2016-11-19 05:30:31,109 null [INFO] (/home/meteo/dev/redist/fwidbmgr/include/Grid.h:1595) Configuring grid: fmi
2016-11-19 05:30:31,109 null [INFO] (/home/meteo/dev/redist/fwidbmgr/include/Grid.h:1695) Grid fmi configured.
2016-11-19 05:30:31,198 null [INFO] (../src/fwidbmgr.cpp:5418) OK --> 20161118 indexes exported to files.
2016-11-19 05:30:31,198 null [INFO] (../src/fwidbmgr.cpp:5496) action exportidx took about 175 seconds.
2016-11-19 05:30:31,198 null [INFO] (../src/fwidbmgr.cpp:5499) Disconnected from database.
2016-11-19 05:31:08,618 null [INFO] (../src/fwidbmgr.cpp:5207) fwi db manager
2016-11-19 05:31:08,618 null [INFO] (../src/fwidbmgr.cpp:5209) Program home: /home/meteo/dev/redist/fwidbmgr
2016-11-19 05:31:08,618 null [INFO] (../src/fwidbmgr.cpp:5211) Auto convert: 1
2016-11-19 05:31:08,618 null [INFO] (../src/fwidbmgr.cpp:458) action: outimg.
2016-11-19 05:31:08,618 null [INFO] (../src/fwidbmgr.cpp:482) date: 20161118.
2016-11-19 05:31:08,618 null [INFO] (../src/fwidbmgr.cpp:319) Try to read: /home/meteo/dev/redist/fwidbmgr/config/fwidbmgr.conf.
2016-11-19 05:31:08,622 null [INFO] (../src/fwidbmgr.cpp:5240) Configuration parsing: OK.
2016-11-19 05:31:08,757 null [INFO] (../src/fwidbmgr.cpp:5322) Connected to database
2016-11-19 05:31:08,757 null [INFO] (../src/fwidbmgr.cpp:5323) Manage data for date: 20161118.
2016-11-19 05:31:08,757 null [INFO] (../src/fwidbmgr.cpp:5391) Importing fwi indexes images in database.
2016-11-19 05:31:14,478 null [INFO] (../src/fwidbmgr.cpp:5394) OK --> 20161118 images imported.
2016-11-19 05:31:14,479 null [INFO] (../src/fwidbmgr.cpp:5496) action outimg took about 6 seconds.
2016-11-19 05:31:14,479 null [INFO] (../src/fwidbmgr.cpp:5499) Disconnected from database.
2016-11-19 05:37:01,288 null [INFO] (../src/fwidbmgr.cpp:5207) fwi db manager
2016-11-19 05:37:01,288 null [INFO] (../src/fwidbmgr.cpp:5209) Program home: /home/meteo/dev/redist/fwidbmgr
2016-11-19 05:37:01,288 null [INFO] (../src/fwidbmgr.cpp:5211) Auto convert: 1
2016-11-19 05:37:01,288 null [INFO] (../src/fwidbmgr.cpp:458) action: outimg.
2016-11-19 05:37:01,288 null [INFO] (../src/fwidbmgr.cpp:482) date: 20161118.
2016-11-19 05:37:01,288 null [INFO] (../src/fwidbmgr.cpp:319) Try to read: /home/meteo/dev/redist/fwidbmgr/config/fwidbmgr.conf.
2016-11-19 05:37:01,289 null [INFO] (../src/fwidbmgr.cpp:5240) Configuration parsing: OK.
2016-11-19 05:37:01,291 null [INFO] (../src/fwidbmgr.cpp:5322) Connected to database
2016-11-19 05:37:01,291 null [INFO] (../src/fwidbmgr.cpp:5323) Manage data for date: 20161118.
2016-11-19 05:37:01,291 null [INFO] (../src/fwidbmgr.cpp:5391) Importing fwi indexes images in database.
2016-11-19 05:37:01,464 null [INFO] (../src/fwidbmgr.cpp:5394) OK --> 20161118 images imported.
2016-11-19 05:37:01,464 null [INFO] (../src/fwidbmgr.cpp:5496) action outimg took about 0 seconds.
2016-11-19 05:37:01,464 null [INFO] (../src/fwidbmgr.cpp:5499) Disconnected from database.
2016-11-19 06:05:01,238 null [INFO] (../src/fwidbmgr.cpp:5207) fwi db manager
2016-11-19 06:05:01,238 null [INFO] (../src/fwidbmgr.cpp:5209) Program home: /home/meteo/dev/redist/fwidbmgr
2016-11-19 06:05:01,238 null [INFO] (../src/fwidbmgr.cpp:5211) Auto convert: 1
2016-11-19 06:05:01,238 null [INFO] (../src/fwidbmgr.cpp:458) action: outimg.
2016-11-19 06:05:01,238 null [INFO] (../src/fwidbmgr.cpp:482) date: 20161118.
2016-11-19 06:05:01,238 null [INFO] (../src/fwidbmgr.cpp:319) Try to read: /home/meteo/dev/redist/fwidbmgr/config/fwidbmgr.conf.
2016-11-19 06:05:01,239 null [INFO] (../src/fwidbmgr.cpp:5240) Configuration parsing: OK.
2016-11-19 06:05:01,242 null [INFO] (../src/fwidbmgr.cpp:5322) Connected to database
2016-11-19 06:05:01,242 null [INFO] (../src/fwidbmgr.cpp:5323) Manage data for date: 20161118.
2016-11-19 06:05:01,242 null [INFO] (../src/fwidbmgr.cpp:5391) Importing fwi indexes images in database.
2016-11-19 06:05:01,289 null [INFO] (../src/fwidbmgr.cpp:5394) OK --> 20161118 images imported.
2016-11-19 06:05:01,289 null [INFO] (../src/fwidbmgr.cpp:5496) action outimg took about 0 seconds.
2016-11-19 06:05:01,289 null [INFO] (../src/fwidbmgr.cpp:5499) Disconnected from database.
2016-11-19 06:37:01,421 null [INFO] (../src/fwidbmgr.cpp:5207) fwi db manager
2016-11-19 06:37:01,421 null [INFO] (../src/fwidbmgr.cpp:5209) Program home: /home/meteo/dev/redist/fwidbmgr
2016-11-19 06:37:01,421 null [INFO] (../src/fwidbmgr.cpp:5211) Auto convert: 1
2016-11-19 06:37:01,421 null [INFO] (../src/fwidbmgr.cpp:458) action: outimg.
2016-11-19 06:37:01,421 null [INFO] (../src/fwidbmgr.cpp:482) date: 20161118.
2016-11-19 06:37:01,421 null [INFO] (../src/fwidbmgr.cpp:319) Try to read: /home/meteo/dev/redist/fwidbmgr/config/fwidbmgr.conf.
2016-11-19 06:37:01,422 null [INFO] (../src/fwidbmgr.cpp:5240) Configuration parsing: OK.
2016-11-19 06:37:01,424 null [INFO] (../src/fwidbmgr.cpp:5322) Connected to database
2016-11-19 06:37:01,424 null [INFO] (../src/fwidbmgr.cpp:5323) Manage data for date: 20161118.
2016-11-19 06:37:01,424 null [INFO] (../src/fwidbmgr.cpp:5391) Importing fwi indexes images in database.
2016-11-19 06:37:01,614 null [INFO] (../src/fwidbmgr.cpp:5394) OK --> 20161118 images imported.
2016-11-19 06:37:01,614 null [INFO] (../src/fwidbmgr.cpp:5496) action outimg took about 0 seconds.
2016-11-19 06:37:01,614 null [INFO] (../src/fwidbmgr.cpp:5499) Disconnected from database.
2016-11-19 07:05:02,117 null [INFO] (../src/fwidbmgr.cpp:5207) fwi db manager
2016-11-19 07:05:02,117 null [INFO] (../src/fwidbmgr.cpp:5209) Program home: /home/meteo/dev/redist/fwidbmgr
2016-11-19 07:05:02,117 null [INFO] (../src/fwidbmgr.cpp:5211) Auto convert: 1
2016-11-19 07:05:02,117 null [INFO] (../src/fwidbmgr.cpp:458) action: outimg.
2016-11-19 07:05:02,117 null [INFO] (../src/fwidbmgr.cpp:482) date: 20161118.
2016-11-19 07:05:02,117 null [INFO] (../src/fwidbmgr.cpp:319) Try to read: /home/meteo/dev/redist/fwidbmgr/config/fwidbmgr.conf.
2016-11-19 07:05:02,148 null [INFO] (../src/fwidbmgr.cpp:5240) Configuration parsing: OK.
2016-11-19 07:05:02,150 null [INFO] (../src/fwidbmgr.cpp:5322) Connected to database
2016-11-19 07:05:02,150 null [INFO] (../src/fwidbmgr.cpp:5323) Manage data for date: 20161118.
2016-11-19 07:05:02,150 null [INFO] (../src/fwidbmgr.cpp:5391) Importing fwi indexes images in database.
2016-11-19 07:05:02,209 null [INFO] (../src/fwidbmgr.cpp:5394) OK --> 20161118 images imported.
2016-11-19 07:05:02,209 null [INFO] (../src/fwidbmgr.cpp:5496) action outimg took about 0 seconds.
2016-11-19 07:05:02,209 null [INFO] (../src/fwidbmgr.cpp:5499) Disconnected from database.
2016-11-19 07:37:01,301 null [INFO] (../src/fwidbmgr.cpp:5207) fwi db manager
2016-11-19 07:37:01,301 null [INFO] (../src/fwidbmgr.cpp:5209) Program home: /home/meteo/dev/redist/fwidbmgr
2016-11-19 07:37:01,302 null [INFO] (../src/fwidbmgr.cpp:5211) Auto convert: 1
2016-11-19 07:37:01,302 null [INFO] (../src/fwidbmgr.cpp:458) action: outimg.
2016-11-19 07:37:01,302 null [INFO] (../src/fwidbmgr.cpp:482) date: 20161118.
2016-11-19 07:37:01,302 null [INFO] (../src/fwidbmgr.cpp:319) Try to read: /home/meteo/dev/redist/fwidbmgr/config/fwidbmgr.conf.
2016-11-19 07:37:01,302 null [INFO] (../src/fwidbmgr.cpp:5240) Configuration parsing: OK.
2016-11-19 07:37:01,305 null [INFO] (../src/fwidbmgr.cpp:5322) Connected to database
2016-11-19 07:37:01,305 null [INFO] (../src/fwidbmgr.cpp:5323) Manage data for date: 20161118.
2016-11-19 07:37:01,305 null [INFO] (../src/fwidbmgr.cpp:5391) Importing fwi indexes images in database.
2016-11-19 07:37:01,365 null [INFO] (../src/fwidbmgr.cpp:5394) OK --> 20161118 images imported.
2016-11-19 07:37:01,365 null [INFO] (../src/fwidbmgr.cpp:5496) action outimg took about 0 seconds.
2016-11-19 07:37:01,365 null [INFO] (../src/fwidbmgr.cpp:5499) Disconnected from database.
