2019-01-03 05:07:22,438 null [INFO] (../src/fwidbmgr.cpp:5361) fwi db manager
2019-01-03 05:07:22,438 null [INFO] (../src/fwidbmgr.cpp:5365) Program home: /home/meteo/dev/redist/fwidbmgr
2019-01-03 05:07:22,438 null [INFO] (../src/fwidbmgr.cpp:5369) Auto convert: 1
2019-01-03 05:07:22,438 null [INFO] (../src/fwidbmgr.cpp:446) action: in.
2019-01-03 05:07:22,438 null [INFO] (../src/fwidbmgr.cpp:470) date: 20190102.
2019-01-03 05:07:22,438 null [INFO] (../src/fwidbmgr.cpp:322) Try to read: /home/meteo/dev/redist/fwidbmgr/config/fwidbmgr.conf.
2019-01-03 05:07:22,440 null [INFO] (../src/fwidbmgr.cpp:5393) Configuration parsing: OK.
2019-01-03 05:07:22,444 null [INFO] (../src/fwidbmgr.cpp:5478) Connected to database
2019-01-03 05:07:22,444 null [INFO] (../src/fwidbmgr.cpp:5480) Manage data for date: 20190102.
2019-01-03 05:07:22,444 null [INFO] (../src/fwidbmgr.cpp:5536) Importing meteo data in database for day: 20190102.
2019-01-03 05:07:22,445 null [INFO] (/home/meteo/dev/redist/fwidbmgr/include/Grid.h:1595) Configuring grid: snow
2019-01-03 05:07:22,445 null [INFO] (/home/meteo/dev/redist/fwidbmgr/include/Grid.h:1695) Grid snow configured.
2019-01-03 05:07:22,456 null [INFO] (/home/meteo/dev/redist/fwidbmgr/include/Grid.h:1595) Configuring grid: snow_covering
2019-01-03 05:07:22,456 null [INFO] (/home/meteo/dev/redist/fwidbmgr/include/Grid.h:1695) Grid snow_covering configured.
2019-01-03 05:07:22,469 null [INFO] (/home/meteo/dev/redist/fwidbmgr/include/Grid.h:1595) Configuring grid: snow_dissolution
2019-01-03 05:07:22,470 null [INFO] (/home/meteo/dev/redist/fwidbmgr/include/Grid.h:1695) Grid snow_dissolution configured.
2019-01-03 05:07:22,492 null [INFO] (/home/meteo/dev/redist/fwidbmgr/include/Grid.h:1595) Configuring grid: temperature
2019-01-03 05:07:22,492 null [INFO] (/home/meteo/dev/redist/fwidbmgr/include/Grid.h:1695) Grid temperature configured.
2019-01-03 05:07:22,497 null [INFO] (/home/meteo/dev/redist/fwidbmgr/include/Grid.h:1595) Configuring grid: humidity
2019-01-03 05:07:22,497 null [INFO] (/home/meteo/dev/redist/fwidbmgr/include/Grid.h:1695) Grid humidity configured.
2019-01-03 05:07:22,507 null [INFO] (/home/meteo/dev/redist/fwidbmgr/include/Grid.h:1595) Configuring grid: windspeed
2019-01-03 05:07:22,507 null [INFO] (/home/meteo/dev/redist/fwidbmgr/include/Grid.h:1695) Grid windspeed configured.
2019-01-03 05:07:22,529 null [INFO] (/home/meteo/dev/redist/fwidbmgr/include/Grid.h:1595) Configuring grid: rain
2019-01-03 05:07:22,529 null [INFO] (/home/meteo/dev/redist/fwidbmgr/include/Grid.h:1695) Grid rain configured.
2019-01-03 05:07:22,532 null [INFO] (/home/meteo/dev/redist/fwidbmgr/include/Grid.h:1595) Configuring grid: cum_rain
2019-01-03 05:07:22,532 null [INFO] (/home/meteo/dev/redist/fwidbmgr/include/Grid.h:1695) Grid cum_rain configured.
2019-01-03 05:07:22,619 null [INFO] (../src/fwidbmgr.cpp:1518) Storing meteo input ...
2019-01-03 05:07:33,602 null [INFO] (../src/fwidbmgr.cpp:5540) OK --> 20190102 data imported.
2019-01-03 05:07:33,642 null [INFO] (../src/fwidbmgr.cpp:5695) action in took about 11 seconds.
2019-01-03 05:07:33,664 null [INFO] (../src/fwidbmgr.cpp:5699) Disconnected from database.
2019-01-03 05:08:41,998 null [INFO] (../src/fwidbmgr.cpp:5361) fwi db manager
2019-01-03 05:08:41,998 null [INFO] (../src/fwidbmgr.cpp:5365) Program home: /home/meteo/dev/redist/fwidbmgr
2019-01-03 05:08:41,998 null [INFO] (../src/fwidbmgr.cpp:5369) Auto convert: 1
2019-01-03 05:08:41,998 null [INFO] (../src/fwidbmgr.cpp:446) action: out.
2019-01-03 05:08:41,998 null [INFO] (../src/fwidbmgr.cpp:470) date: 20190102.
2019-01-03 05:08:41,998 null [INFO] (../src/fwidbmgr.cpp:322) Try to read: /home/meteo/dev/redist/fwidbmgr/config/fwidbmgr.conf.
2019-01-03 05:08:42,015 null [INFO] (../src/fwidbmgr.cpp:5393) Configuration parsing: OK.
2019-01-03 05:08:42,028 null [INFO] (../src/fwidbmgr.cpp:5478) Connected to database
2019-01-03 05:08:42,029 null [INFO] (../src/fwidbmgr.cpp:5480) Manage data for date: 20190102.
2019-01-03 05:08:42,029 null [INFO] (../src/fwidbmgr.cpp:5551) Importing fwi indexes data in database for day: 20190102.
2019-01-03 05:08:42,030 null [INFO] (/home/meteo/dev/redist/fwidbmgr/include/Grid.h:1595) Configuring grid: isi
2019-01-03 05:08:42,030 null [INFO] (/home/meteo/dev/redist/fwidbmgr/include/Grid.h:1695) Grid isi configured.
2019-01-03 05:08:42,043 null [INFO] (/home/meteo/dev/redist/fwidbmgr/include/Grid.h:1595) Configuring grid: fwi
2019-01-03 05:08:42,044 null [INFO] (/home/meteo/dev/redist/fwidbmgr/include/Grid.h:1695) Grid fwi configured.
2019-01-03 05:08:42,057 null [INFO] (/home/meteo/dev/redist/fwidbmgr/include/Grid.h:1595) Configuring grid: ffmc
2019-01-03 05:08:42,057 null [INFO] (/home/meteo/dev/redist/fwidbmgr/include/Grid.h:1695) Grid ffmc configured.
2019-01-03 05:08:42,070 null [INFO] (/home/meteo/dev/redist/fwidbmgr/include/Grid.h:1595) Configuring grid: dmc
2019-01-03 05:08:42,070 null [INFO] (/home/meteo/dev/redist/fwidbmgr/include/Grid.h:1695) Grid dmc configured.
2019-01-03 05:08:42,083 null [INFO] (/home/meteo/dev/redist/fwidbmgr/include/Grid.h:1595) Configuring grid: dc
2019-01-03 05:08:42,083 null [INFO] (/home/meteo/dev/redist/fwidbmgr/include/Grid.h:1695) Grid dc configured.
2019-01-03 05:08:42,097 null [INFO] (/home/meteo/dev/redist/fwidbmgr/include/Grid.h:1595) Configuring grid: bui
2019-01-03 05:08:42,097 null [INFO] (/home/meteo/dev/redist/fwidbmgr/include/Grid.h:1695) Grid bui configured.
2019-01-03 05:08:42,111 null [INFO] (/home/meteo/dev/redist/fwidbmgr/include/Grid.h:1595) Configuring grid: ffmc_tmp
2019-01-03 05:08:42,111 null [INFO] (/home/meteo/dev/redist/fwidbmgr/include/Grid.h:1695) Grid ffmc_tmp configured.
2019-01-03 05:08:42,142 null [INFO] (/home/meteo/dev/redist/fwidbmgr/include/Grid.h:1595) Configuring grid: dmc_tmp
2019-01-03 05:08:42,142 null [INFO] (/home/meteo/dev/redist/fwidbmgr/include/Grid.h:1695) Grid dmc_tmp configured.
2019-01-03 05:08:42,168 null [INFO] (/home/meteo/dev/redist/fwidbmgr/include/Grid.h:1595) Configuring grid: dc_tmp
2019-01-03 05:08:42,168 null [INFO] (/home/meteo/dev/redist/fwidbmgr/include/Grid.h:1695) Grid dc_tmp configured.
2019-01-03 05:08:42,191 null [INFO] (/home/meteo/dev/redist/fwidbmgr/include/Grid.h:1595) Configuring grid: idi
2019-01-03 05:08:42,191 null [INFO] (/home/meteo/dev/redist/fwidbmgr/include/Grid.h:1695) Grid idi configured.
2019-01-03 05:08:42,271 null [INFO] (../src/fwidbmgr.cpp:2081) Storing FWI indexes ...
2019-01-03 05:08:48,636 null [INFO] (../src/fwidbmgr.cpp:5555) OK --> 20190102 data imported.
2019-01-03 05:08:48,636 null [INFO] (../src/fwidbmgr.cpp:5695) action out took about 6 seconds.
2019-01-03 05:08:48,637 null [INFO] (../src/fwidbmgr.cpp:5699) Disconnected from database.
2019-01-03 05:08:48,651 null [INFO] (../src/fwidbmgr.cpp:5361) fwi db manager
2019-01-03 05:08:48,651 null [INFO] (../src/fwidbmgr.cpp:5365) Program home: /home/meteo/dev/redist/fwidbmgr
2019-01-03 05:08:48,651 null [INFO] (../src/fwidbmgr.cpp:5369) Auto convert: 1
2019-01-03 05:08:48,651 null [INFO] (../src/fwidbmgr.cpp:446) action: computeidx.
2019-01-03 05:08:48,651 null [INFO] (../src/fwidbmgr.cpp:470) date: 20190102.
2019-01-03 05:08:48,651 null [INFO] (../src/fwidbmgr.cpp:322) Try to read: /home/meteo/dev/redist/fwidbmgr/config/fwidbmgr.conf.
2019-01-03 05:08:48,653 null [INFO] (../src/fwidbmgr.cpp:5393) Configuration parsing: OK.
2019-01-03 05:08:48,656 null [INFO] (../src/fwidbmgr.cpp:5478) Connected to database
2019-01-03 05:08:48,656 null [INFO] (../src/fwidbmgr.cpp:5480) Manage data for date: 20190102.
2019-01-03 05:08:48,656 null [INFO] (../src/fwidbmgr.cpp:5656) Computing indexes.
2019-01-03 05:08:48,658 null [INFO] (/home/meteo/dev/redist/fwidbmgr/include/Grid.h:1595) Configuring grid: isi
2019-01-03 05:08:48,658 null [INFO] (/home/meteo/dev/redist/fwidbmgr/include/Grid.h:1695) Grid isi configured.
2019-01-03 05:08:48,659 null [INFO] (/home/meteo/dev/redist/fwidbmgr/include/Grid.h:1595) Configuring grid: fwi
2019-01-03 05:08:48,659 null [INFO] (/home/meteo/dev/redist/fwidbmgr/include/Grid.h:1695) Grid fwi configured.
2019-01-03 05:08:48,660 null [INFO] (/home/meteo/dev/redist/fwidbmgr/include/Grid.h:1595) Configuring grid: ffmc
2019-01-03 05:08:48,660 null [INFO] (/home/meteo/dev/redist/fwidbmgr/include/Grid.h:1695) Grid ffmc configured.
2019-01-03 05:08:48,662 null [INFO] (/home/meteo/dev/redist/fwidbmgr/include/Grid.h:1595) Configuring grid: dmc
2019-01-03 05:08:48,662 null [INFO] (/home/meteo/dev/redist/fwidbmgr/include/Grid.h:1695) Grid dmc configured.
2019-01-03 05:08:48,663 null [INFO] (/home/meteo/dev/redist/fwidbmgr/include/Grid.h:1595) Configuring grid: dc
2019-01-03 05:08:48,663 null [INFO] (/home/meteo/dev/redist/fwidbmgr/include/Grid.h:1695) Grid dc configured.
2019-01-03 05:08:48,664 null [INFO] (/home/meteo/dev/redist/fwidbmgr/include/Grid.h:1595) Configuring grid: bui
2019-01-03 05:08:48,664 null [INFO] (/home/meteo/dev/redist/fwidbmgr/include/Grid.h:1695) Grid bui configured.
2019-01-03 05:08:48,666 null [INFO] (/home/meteo/dev/redist/fwidbmgr/include/Grid.h:1595) Configuring grid: ffmc_tmp
2019-01-03 05:08:48,666 null [INFO] (/home/meteo/dev/redist/fwidbmgr/include/Grid.h:1695) Grid ffmc_tmp configured.
2019-01-03 05:08:48,667 null [INFO] (/home/meteo/dev/redist/fwidbmgr/include/Grid.h:1595) Configuring grid: dmc_tmp
2019-01-03 05:08:48,667 null [INFO] (/home/meteo/dev/redist/fwidbmgr/include/Grid.h:1695) Grid dmc_tmp configured.
2019-01-03 05:08:48,668 null [INFO] (/home/meteo/dev/redist/fwidbmgr/include/Grid.h:1595) Configuring grid: dc_tmp
2019-01-03 05:08:48,668 null [INFO] (/home/meteo/dev/redist/fwidbmgr/include/Grid.h:1695) Grid dc_tmp configured.
2019-01-03 05:08:48,670 null [INFO] (/home/meteo/dev/redist/fwidbmgr/include/Grid.h:1595) Configuring grid: idi
2019-01-03 05:08:48,670 null [INFO] (/home/meteo/dev/redist/fwidbmgr/include/Grid.h:1695) Grid idi configured.
2019-01-03 05:08:48,671 null [INFO] (/home/meteo/dev/redist/fwidbmgr/include/Grid.h:1595) Configuring grid: angstrom
2019-01-03 05:08:48,671 null [INFO] (/home/meteo/dev/redist/fwidbmgr/include/Grid.h:1695) Grid angstrom configured.
2019-01-03 05:08:48,672 null [INFO] (/home/meteo/dev/redist/fwidbmgr/include/Grid.h:1595) Configuring grid: fmi
2019-01-03 05:08:48,672 null [INFO] (/home/meteo/dev/redist/fwidbmgr/include/Grid.h:1695) Grid fmi configured.
2019-01-03 05:08:48,674 null [INFO] (/home/meteo/dev/redist/fwidbmgr/include/Grid.h:1595) Configuring grid: sharples
2019-01-03 05:08:48,674 null [INFO] (/home/meteo/dev/redist/fwidbmgr/include/Grid.h:1695) Grid sharples configured.
2019-01-03 05:08:49,232 null [INFO] (/home/meteo/dev/redist/fwidbmgr/include/Grid.h:1595) Configuring grid: snow
2019-01-03 05:08:49,234 null [INFO] (/home/meteo/dev/redist/fwidbmgr/include/Grid.h:1695) Grid snow configured.
2019-01-03 05:08:49,314 null [INFO] (/home/meteo/dev/redist/fwidbmgr/include/Grid.h:1595) Configuring grid: snow_covering
2019-01-03 05:08:49,314 null [INFO] (/home/meteo/dev/redist/fwidbmgr/include/Grid.h:1695) Grid snow_covering configured.
2019-01-03 05:08:49,314 null [INFO] (/home/meteo/dev/redist/fwidbmgr/include/Grid.h:1595) Configuring grid: snow_dissolution
2019-01-03 05:08:49,314 null [INFO] (/home/meteo/dev/redist/fwidbmgr/include/Grid.h:1695) Grid snow_dissolution configured.
2019-01-03 05:08:49,314 null [INFO] (/home/meteo/dev/redist/fwidbmgr/include/Grid.h:1595) Configuring grid: temperature
2019-01-03 05:08:49,314 null [INFO] (/home/meteo/dev/redist/fwidbmgr/include/Grid.h:1695) Grid temperature configured.
2019-01-03 05:08:49,315 null [INFO] (/home/meteo/dev/redist/fwidbmgr/include/Grid.h:1595) Configuring grid: humidity
2019-01-03 05:08:49,315 null [INFO] (/home/meteo/dev/redist/fwidbmgr/include/Grid.h:1695) Grid humidity configured.
2019-01-03 05:08:49,315 null [INFO] (/home/meteo/dev/redist/fwidbmgr/include/Grid.h:1595) Configuring grid: windspeed
2019-01-03 05:08:49,315 null [INFO] (/home/meteo/dev/redist/fwidbmgr/include/Grid.h:1695) Grid windspeed configured.
2019-01-03 05:08:49,315 null [INFO] (/home/meteo/dev/redist/fwidbmgr/include/Grid.h:1595) Configuring grid: rain
2019-01-03 05:08:49,315 null [INFO] (/home/meteo/dev/redist/fwidbmgr/include/Grid.h:1695) Grid rain configured.
2019-01-03 05:08:49,315 null [INFO] (/home/meteo/dev/redist/fwidbmgr/include/Grid.h:1595) Configuring grid: cum_rain
2019-01-03 05:08:49,315 null [INFO] (/home/meteo/dev/redist/fwidbmgr/include/Grid.h:1695) Grid cum_rain configured.
2019-01-03 05:10:39,486 null [INFO] (../src/fwidbmgr.cpp:5660) OK --> 20190102 indexes computed.
2019-01-03 05:10:39,486 null [INFO] (../src/fwidbmgr.cpp:5695) action computeidx took about 111 seconds.
2019-01-03 05:10:39,486 null [INFO] (../src/fwidbmgr.cpp:5699) Disconnected from database.
2019-01-03 05:10:39,514 null [INFO] (../src/fwidbmgr.cpp:5361) fwi db manager
2019-01-03 05:10:39,514 null [INFO] (../src/fwidbmgr.cpp:5365) Program home: /home/meteo/dev/redist/fwidbmgr
2019-01-03 05:10:39,514 null [INFO] (../src/fwidbmgr.cpp:5369) Auto convert: 1
2019-01-03 05:10:39,514 null [INFO] (../src/fwidbmgr.cpp:446) action: exportidx.
2019-01-03 05:10:39,514 null [INFO] (../src/fwidbmgr.cpp:470) date: 20190102.
2019-01-03 05:10:39,514 null [INFO] (../src/fwidbmgr.cpp:322) Try to read: /home/meteo/dev/redist/fwidbmgr/config/fwidbmgr.conf.
2019-01-03 05:10:39,516 null [INFO] (../src/fwidbmgr.cpp:5393) Configuration parsing: OK.
2019-01-03 05:10:39,520 null [INFO] (../src/fwidbmgr.cpp:5478) Connected to database
2019-01-03 05:10:39,520 null [INFO] (../src/fwidbmgr.cpp:5480) Manage data for date: 20190102.
2019-01-03 05:10:39,520 null [INFO] (../src/fwidbmgr.cpp:5596) Exporting indexes.
2019-01-03 05:10:39,521 null [INFO] (/home/meteo/dev/redist/fwidbmgr/include/Grid.h:1595) Configuring grid: isi
2019-01-03 05:10:39,521 null [INFO] (/home/meteo/dev/redist/fwidbmgr/include/Grid.h:1695) Grid isi configured.
2019-01-03 05:10:39,523 null [INFO] (/home/meteo/dev/redist/fwidbmgr/include/Grid.h:1595) Configuring grid: fwi
2019-01-03 05:10:39,523 null [INFO] (/home/meteo/dev/redist/fwidbmgr/include/Grid.h:1695) Grid fwi configured.
2019-01-03 05:10:39,524 null [INFO] (/home/meteo/dev/redist/fwidbmgr/include/Grid.h:1595) Configuring grid: ffmc
2019-01-03 05:10:39,524 null [INFO] (/home/meteo/dev/redist/fwidbmgr/include/Grid.h:1695) Grid ffmc configured.
2019-01-03 05:10:39,525 null [INFO] (/home/meteo/dev/redist/fwidbmgr/include/Grid.h:1595) Configuring grid: dmc
2019-01-03 05:10:39,525 null [INFO] (/home/meteo/dev/redist/fwidbmgr/include/Grid.h:1695) Grid dmc configured.
2019-01-03 05:10:39,527 null [INFO] (/home/meteo/dev/redist/fwidbmgr/include/Grid.h:1595) Configuring grid: dc
2019-01-03 05:10:39,527 null [INFO] (/home/meteo/dev/redist/fwidbmgr/include/Grid.h:1695) Grid dc configured.
2019-01-03 05:10:39,528 null [INFO] (/home/meteo/dev/redist/fwidbmgr/include/Grid.h:1595) Configuring grid: bui
2019-01-03 05:10:39,528 null [INFO] (/home/meteo/dev/redist/fwidbmgr/include/Grid.h:1695) Grid bui configured.
2019-01-03 05:10:39,529 null [INFO] (/home/meteo/dev/redist/fwidbmgr/include/Grid.h:1595) Configuring grid: ffmc_tmp
2019-01-03 05:10:39,529 null [INFO] (/home/meteo/dev/redist/fwidbmgr/include/Grid.h:1695) Grid ffmc_tmp configured.
2019-01-03 05:10:39,531 null [INFO] (/home/meteo/dev/redist/fwidbmgr/include/Grid.h:1595) Configuring grid: dmc_tmp
2019-01-03 05:10:39,531 null [INFO] (/home/meteo/dev/redist/fwidbmgr/include/Grid.h:1695) Grid dmc_tmp configured.
2019-01-03 05:10:39,532 null [INFO] (/home/meteo/dev/redist/fwidbmgr/include/Grid.h:1595) Configuring grid: dc_tmp
2019-01-03 05:10:39,532 null [INFO] (/home/meteo/dev/redist/fwidbmgr/include/Grid.h:1695) Grid dc_tmp configured.
2019-01-03 05:10:39,533 null [INFO] (/home/meteo/dev/redist/fwidbmgr/include/Grid.h:1595) Configuring grid: idi
2019-01-03 05:10:39,533 null [INFO] (/home/meteo/dev/redist/fwidbmgr/include/Grid.h:1695) Grid idi configured.
2019-01-03 05:10:39,535 null [INFO] (/home/meteo/dev/redist/fwidbmgr/include/Grid.h:1595) Configuring grid: angstrom
2019-01-03 05:10:39,535 null [INFO] (/home/meteo/dev/redist/fwidbmgr/include/Grid.h:1695) Grid angstrom configured.
2019-01-03 05:10:39,536 null [INFO] (/home/meteo/dev/redist/fwidbmgr/include/Grid.h:1595) Configuring grid: fmi
2019-01-03 05:10:39,536 null [INFO] (/home/meteo/dev/redist/fwidbmgr/include/Grid.h:1695) Grid fmi configured.
2019-01-03 05:10:39,537 null [INFO] (/home/meteo/dev/redist/fwidbmgr/include/Grid.h:1595) Configuring grid: sharples
2019-01-03 05:10:39,537 null [INFO] (/home/meteo/dev/redist/fwidbmgr/include/Grid.h:1695) Grid sharples configured.
2019-01-03 05:10:40,140 null [INFO] (/home/meteo/dev/redist/fwidbmgr/include/Grid.h:1595) Configuring grid: isi
2019-01-03 05:10:40,140 null [INFO] (/home/meteo/dev/redist/fwidbmgr/include/Grid.h:1695) Grid isi configured.
2019-01-03 05:10:40,177 null [INFO] (/home/meteo/dev/redist/fwidbmgr/include/Grid.h:1595) Configuring grid: fwi
2019-01-03 05:10:40,177 null [INFO] (/home/meteo/dev/redist/fwidbmgr/include/Grid.h:1695) Grid fwi configured.
2019-01-03 05:10:40,214 null [INFO] (/home/meteo/dev/redist/fwidbmgr/include/Grid.h:1595) Configuring grid: ffmc
2019-01-03 05:10:40,214 null [INFO] (/home/meteo/dev/redist/fwidbmgr/include/Grid.h:1695) Grid ffmc configured.
2019-01-03 05:10:40,252 null [INFO] (/home/meteo/dev/redist/fwidbmgr/include/Grid.h:1595) Configuring grid: dmc
2019-01-03 05:10:40,252 null [INFO] (/home/meteo/dev/redist/fwidbmgr/include/Grid.h:1695) Grid dmc configured.
2019-01-03 05:10:40,289 null [INFO] (/home/meteo/dev/redist/fwidbmgr/include/Grid.h:1595) Configuring grid: dc
2019-01-03 05:10:40,289 null [INFO] (/home/meteo/dev/redist/fwidbmgr/include/Grid.h:1695) Grid dc configured.
2019-01-03 05:10:40,326 null [INFO] (/home/meteo/dev/redist/fwidbmgr/include/Grid.h:1595) Configuring grid: bui
2019-01-03 05:10:40,326 null [INFO] (/home/meteo/dev/redist/fwidbmgr/include/Grid.h:1695) Grid bui configured.
2019-01-03 05:10:40,363 null [INFO] (/home/meteo/dev/redist/fwidbmgr/include/Grid.h:1595) Configuring grid: ffmc_tmp
2019-01-03 05:10:40,363 null [INFO] (/home/meteo/dev/redist/fwidbmgr/include/Grid.h:1695) Grid ffmc_tmp configured.
2019-01-03 05:10:40,399 null [INFO] (/home/meteo/dev/redist/fwidbmgr/include/Grid.h:1595) Configuring grid: dmc_tmp
2019-01-03 05:10:40,400 null [INFO] (/home/meteo/dev/redist/fwidbmgr/include/Grid.h:1695) Grid dmc_tmp configured.
2019-01-03 05:10:40,433 null [INFO] (/home/meteo/dev/redist/fwidbmgr/include/Grid.h:1595) Configuring grid: dc_tmp
2019-01-03 05:10:40,433 null [INFO] (/home/meteo/dev/redist/fwidbmgr/include/Grid.h:1695) Grid dc_tmp configured.
2019-01-03 05:10:40,469 null [INFO] (/home/meteo/dev/redist/fwidbmgr/include/Grid.h:1595) Configuring grid: angstrom
2019-01-03 05:10:40,469 null [INFO] (/home/meteo/dev/redist/fwidbmgr/include/Grid.h:1695) Grid angstrom configured.
2019-01-03 05:10:40,514 null [INFO] (/home/meteo/dev/redist/fwidbmgr/include/Grid.h:1595) Configuring grid: sharples
2019-01-03 05:10:40,514 null [INFO] (/home/meteo/dev/redist/fwidbmgr/include/Grid.h:1695) Grid sharples configured.
2019-01-03 05:10:40,552 null [INFO] (/home/meteo/dev/redist/fwidbmgr/include/Grid.h:1595) Configuring grid: fmi
2019-01-03 05:10:40,552 null [INFO] (/home/meteo/dev/redist/fwidbmgr/include/Grid.h:1695) Grid fmi configured.
2019-01-03 05:10:40,604 null [INFO] (../src/fwidbmgr.cpp:5600) OK --> 20190102 indexes exported to files.
2019-01-03 05:10:40,604 null [INFO] (../src/fwidbmgr.cpp:5695) action exportidx took about 1 seconds.
2019-01-03 05:10:40,606 null [INFO] (../src/fwidbmgr.cpp:5699) Disconnected from database.
2019-01-03 05:11:06,247 null [INFO] (../src/fwidbmgr.cpp:5361) fwi db manager
2019-01-03 05:11:06,247 null [INFO] (../src/fwidbmgr.cpp:5365) Program home: /home/meteo/dev/redist/fwidbmgr
2019-01-03 05:11:06,247 null [INFO] (../src/fwidbmgr.cpp:5369) Auto convert: 1
2019-01-03 05:11:06,247 null [INFO] (../src/fwidbmgr.cpp:446) action: outimg.
2019-01-03 05:11:06,247 null [INFO] (../src/fwidbmgr.cpp:470) date: 20190102.
2019-01-03 05:11:06,247 null [INFO] (../src/fwidbmgr.cpp:322) Try to read: /home/meteo/dev/redist/fwidbmgr/config/fwidbmgr.conf.
2019-01-03 05:11:06,249 null [INFO] (../src/fwidbmgr.cpp:5393) Configuration parsing: OK.
2019-01-03 05:11:06,252 null [INFO] (../src/fwidbmgr.cpp:5478) Connected to database
2019-01-03 05:11:06,252 null [INFO] (../src/fwidbmgr.cpp:5480) Manage data for date: 20190102.
2019-01-03 05:11:06,257 null [INFO] (../src/fwidbmgr.cpp:5566) Importing fwi indexes images in database.
2019-01-03 05:11:06,339 null [INFO] (../src/fwidbmgr.cpp:5570) OK --> 20190102 images imported.
2019-01-03 05:11:06,339 null [INFO] (../src/fwidbmgr.cpp:5695) action outimg took about 0 seconds.
2019-01-03 05:11:06,339 null [INFO] (../src/fwidbmgr.cpp:5699) Disconnected from database.
2019-01-03 05:37:01,690 null [INFO] (../src/fwidbmgr.cpp:5361) fwi db manager
2019-01-03 05:37:01,690 null [INFO] (../src/fwidbmgr.cpp:5365) Program home: /home/meteo/dev/redist/fwidbmgr
2019-01-03 05:37:01,690 null [INFO] (../src/fwidbmgr.cpp:5369) Auto convert: 1
2019-01-03 05:37:01,690 null [INFO] (../src/fwidbmgr.cpp:446) action: outimg.
2019-01-03 05:37:01,691 null [INFO] (../src/fwidbmgr.cpp:470) date: 20190102.
2019-01-03 05:37:01,691 null [INFO] (../src/fwidbmgr.cpp:322) Try to read: /home/meteo/dev/redist/fwidbmgr/config/fwidbmgr.conf.
2019-01-03 05:37:01,692 null [INFO] (../src/fwidbmgr.cpp:5393) Configuration parsing: OK.
2019-01-03 05:37:01,697 null [INFO] (../src/fwidbmgr.cpp:5478) Connected to database
2019-01-03 05:37:01,697 null [INFO] (../src/fwidbmgr.cpp:5480) Manage data for date: 20190102.
2019-01-03 05:37:01,697 null [INFO] (../src/fwidbmgr.cpp:5566) Importing fwi indexes images in database.
2019-01-03 05:37:01,819 null [INFO] (../src/fwidbmgr.cpp:5570) OK --> 20190102 images imported.
2019-01-03 05:37:01,819 null [INFO] (../src/fwidbmgr.cpp:5695) action outimg took about 0 seconds.
2019-01-03 05:37:01,820 null [INFO] (../src/fwidbmgr.cpp:5699) Disconnected from database.
2019-01-03 06:05:01,949 null [INFO] (../src/fwidbmgr.cpp:5361) fwi db manager
2019-01-03 06:05:01,949 null [INFO] (../src/fwidbmgr.cpp:5365) Program home: /home/meteo/dev/redist/fwidbmgr
2019-01-03 06:05:01,949 null [INFO] (../src/fwidbmgr.cpp:5369) Auto convert: 1
2019-01-03 06:05:01,949 null [INFO] (../src/fwidbmgr.cpp:446) action: outimg.
2019-01-03 06:05:01,949 null [INFO] (../src/fwidbmgr.cpp:470) date: 20190102.
2019-01-03 06:05:01,949 null [INFO] (../src/fwidbmgr.cpp:322) Try to read: /home/meteo/dev/redist/fwidbmgr/config/fwidbmgr.conf.
2019-01-03 06:05:01,951 null [INFO] (../src/fwidbmgr.cpp:5393) Configuration parsing: OK.
2019-01-03 06:05:01,959 null [INFO] (../src/fwidbmgr.cpp:5478) Connected to database
2019-01-03 06:05:01,959 null [INFO] (../src/fwidbmgr.cpp:5480) Manage data for date: 20190102.
2019-01-03 06:05:01,959 null [INFO] (../src/fwidbmgr.cpp:5566) Importing fwi indexes images in database.
2019-01-03 06:05:02,031 null [INFO] (../src/fwidbmgr.cpp:5570) OK --> 20190102 images imported.
2019-01-03 06:05:02,031 null [INFO] (../src/fwidbmgr.cpp:5695) action outimg took about 1 seconds.
2019-01-03 06:05:02,032 null [INFO] (../src/fwidbmgr.cpp:5699) Disconnected from database.
2019-01-03 06:37:01,190 null [INFO] (../src/fwidbmgr.cpp:5361) fwi db manager
2019-01-03 06:37:01,190 null [INFO] (../src/fwidbmgr.cpp:5365) Program home: /home/meteo/dev/redist/fwidbmgr
2019-01-03 06:37:01,190 null [INFO] (../src/fwidbmgr.cpp:5369) Auto convert: 1
2019-01-03 06:37:01,190 null [INFO] (../src/fwidbmgr.cpp:446) action: outimg.
2019-01-03 06:37:01,191 null [INFO] (../src/fwidbmgr.cpp:470) date: 20190102.
2019-01-03 06:37:01,191 null [INFO] (../src/fwidbmgr.cpp:322) Try to read: /home/meteo/dev/redist/fwidbmgr/config/fwidbmgr.conf.
2019-01-03 06:37:01,192 null [INFO] (../src/fwidbmgr.cpp:5393) Configuration parsing: OK.
2019-01-03 06:37:01,198 null [INFO] (../src/fwidbmgr.cpp:5478) Connected to database
2019-01-03 06:37:01,198 null [INFO] (../src/fwidbmgr.cpp:5480) Manage data for date: 20190102.
2019-01-03 06:37:01,198 null [INFO] (../src/fwidbmgr.cpp:5566) Importing fwi indexes images in database.
2019-01-03 06:37:01,287 null [INFO] (../src/fwidbmgr.cpp:5570) OK --> 20190102 images imported.
2019-01-03 06:37:01,288 null [INFO] (../src/fwidbmgr.cpp:5695) action outimg took about 0 seconds.
2019-01-03 06:37:01,288 null [INFO] (../src/fwidbmgr.cpp:5699) Disconnected from database.
2019-01-03 07:05:01,314 null [INFO] (../src/fwidbmgr.cpp:5361) fwi db manager
2019-01-03 07:05:01,314 null [INFO] (../src/fwidbmgr.cpp:5365) Program home: /home/meteo/dev/redist/fwidbmgr
2019-01-03 07:05:01,314 null [INFO] (../src/fwidbmgr.cpp:5369) Auto convert: 1
2019-01-03 07:05:01,314 null [INFO] (../src/fwidbmgr.cpp:446) action: outimg.
2019-01-03 07:05:01,314 null [INFO] (../src/fwidbmgr.cpp:470) date: 20190102.
2019-01-03 07:05:01,314 null [INFO] (../src/fwidbmgr.cpp:322) Try to read: /home/meteo/dev/redist/fwidbmgr/config/fwidbmgr.conf.
2019-01-03 07:05:01,316 null [INFO] (../src/fwidbmgr.cpp:5393) Configuration parsing: OK.
2019-01-03 07:05:01,329 null [INFO] (../src/fwidbmgr.cpp:5478) Connected to database
2019-01-03 07:05:01,330 null [INFO] (../src/fwidbmgr.cpp:5480) Manage data for date: 20190102.
2019-01-03 07:05:01,330 null [INFO] (../src/fwidbmgr.cpp:5566) Importing fwi indexes images in database.
2019-01-03 07:05:01,455 null [INFO] (../src/fwidbmgr.cpp:5570) OK --> 20190102 images imported.
2019-01-03 07:05:01,455 null [INFO] (../src/fwidbmgr.cpp:5695) action outimg took about 0 seconds.
2019-01-03 07:05:01,455 null [INFO] (../src/fwidbmgr.cpp:5699) Disconnected from database.
2019-01-03 07:37:01,754 null [INFO] (../src/fwidbmgr.cpp:5361) fwi db manager
2019-01-03 07:37:01,754 null [INFO] (../src/fwidbmgr.cpp:5365) Program home: /home/meteo/dev/redist/fwidbmgr
2019-01-03 07:37:01,754 null [INFO] (../src/fwidbmgr.cpp:5369) Auto convert: 1
2019-01-03 07:37:01,754 null [INFO] (../src/fwidbmgr.cpp:446) action: outimg.
2019-01-03 07:37:01,754 null [INFO] (../src/fwidbmgr.cpp:470) date: 20190102.
2019-01-03 07:37:01,754 null [INFO] (../src/fwidbmgr.cpp:322) Try to read: /home/meteo/dev/redist/fwidbmgr/config/fwidbmgr.conf.
2019-01-03 07:37:01,758 null [INFO] (../src/fwidbmgr.cpp:5393) Configuration parsing: OK.
2019-01-03 07:37:01,771 null [INFO] (../src/fwidbmgr.cpp:5478) Connected to database
2019-01-03 07:37:01,771 null [INFO] (../src/fwidbmgr.cpp:5480) Manage data for date: 20190102.
2019-01-03 07:37:01,771 null [INFO] (../src/fwidbmgr.cpp:5566) Importing fwi indexes images in database.
2019-01-03 07:37:01,881 null [INFO] (../src/fwidbmgr.cpp:5570) OK --> 20190102 images imported.
2019-01-03 07:37:01,881 null [INFO] (../src/fwidbmgr.cpp:5695) action outimg took about 0 seconds.
2019-01-03 07:37:01,881 null [INFO] (../src/fwidbmgr.cpp:5699) Disconnected from database.
