2017-11-17 04:06:59,066 null [INFO] (../src/fwidbmgr.cpp:5361) fwi db manager
2017-11-17 04:06:59,066 null [INFO] (../src/fwidbmgr.cpp:5365) Program home: /home/meteo/dev/redist/fwidbmgr
2017-11-17 04:06:59,066 null [INFO] (../src/fwidbmgr.cpp:5369) Auto convert: 1
2017-11-17 04:06:59,066 null [INFO] (../src/fwidbmgr.cpp:446) action: in.
2017-11-17 04:06:59,066 null [INFO] (../src/fwidbmgr.cpp:470) date: 20171116.
2017-11-17 04:06:59,066 null [INFO] (../src/fwidbmgr.cpp:322) Try to read: /home/meteo/dev/redist/fwidbmgr/config/fwidbmgr.conf.
2017-11-17 04:06:59,086 null [INFO] (../src/fwidbmgr.cpp:5393) Configuration parsing: OK.
2017-11-17 04:06:59,141 null [INFO] (../src/fwidbmgr.cpp:5478) Connected to database
2017-11-17 04:06:59,142 null [INFO] (../src/fwidbmgr.cpp:5480) Manage data for date: 20171116.
2017-11-17 04:06:59,142 null [INFO] (../src/fwidbmgr.cpp:5536) Importing meteo data in database for day: 20171116.
2017-11-17 04:06:59,151 null [INFO] (/home/meteo/dev/redist/fwidbmgr/include/Grid.h:1595) Configuring grid: snow
2017-11-17 04:06:59,152 null [INFO] (/home/meteo/dev/redist/fwidbmgr/include/Grid.h:1695) Grid snow configured.
2017-11-17 04:06:59,163 null [INFO] (/home/meteo/dev/redist/fwidbmgr/include/Grid.h:1595) Configuring grid: snow_covering
2017-11-17 04:06:59,163 null [INFO] (/home/meteo/dev/redist/fwidbmgr/include/Grid.h:1695) Grid snow_covering configured.
2017-11-17 04:06:59,176 null [INFO] (/home/meteo/dev/redist/fwidbmgr/include/Grid.h:1595) Configuring grid: snow_dissolution
2017-11-17 04:06:59,176 null [INFO] (/home/meteo/dev/redist/fwidbmgr/include/Grid.h:1695) Grid snow_dissolution configured.
2017-11-17 04:06:59,198 null [INFO] (/home/meteo/dev/redist/fwidbmgr/include/Grid.h:1595) Configuring grid: temperature
2017-11-17 04:06:59,198 null [INFO] (/home/meteo/dev/redist/fwidbmgr/include/Grid.h:1695) Grid temperature configured.
2017-11-17 04:06:59,203 null [INFO] (/home/meteo/dev/redist/fwidbmgr/include/Grid.h:1595) Configuring grid: humidity
2017-11-17 04:06:59,203 null [INFO] (/home/meteo/dev/redist/fwidbmgr/include/Grid.h:1695) Grid humidity configured.
2017-11-17 04:06:59,213 null [INFO] (/home/meteo/dev/redist/fwidbmgr/include/Grid.h:1595) Configuring grid: windspeed
2017-11-17 04:06:59,214 null [INFO] (/home/meteo/dev/redist/fwidbmgr/include/Grid.h:1695) Grid windspeed configured.
2017-11-17 04:06:59,235 null [INFO] (/home/meteo/dev/redist/fwidbmgr/include/Grid.h:1595) Configuring grid: rain
2017-11-17 04:06:59,235 null [INFO] (/home/meteo/dev/redist/fwidbmgr/include/Grid.h:1695) Grid rain configured.
2017-11-17 04:06:59,238 null [INFO] (/home/meteo/dev/redist/fwidbmgr/include/Grid.h:1595) Configuring grid: cum_rain
2017-11-17 04:06:59,238 null [INFO] (/home/meteo/dev/redist/fwidbmgr/include/Grid.h:1695) Grid cum_rain configured.
2017-11-17 04:07:05,525 null [INFO] (../src/fwidbmgr.cpp:1518) Storing meteo input ...
2017-11-17 04:07:22,332 null [INFO] (../src/fwidbmgr.cpp:5540) OK --> 20171116 data imported.
2017-11-17 04:07:22,366 null [INFO] (../src/fwidbmgr.cpp:5695) action in took about 23 seconds.
2017-11-17 04:07:22,544 null [INFO] (../src/fwidbmgr.cpp:5699) Disconnected from database.
2017-11-17 04:08:31,526 null [INFO] (../src/fwidbmgr.cpp:5361) fwi db manager
2017-11-17 04:08:31,526 null [INFO] (../src/fwidbmgr.cpp:5365) Program home: /home/meteo/dev/redist/fwidbmgr
2017-11-17 04:08:31,527 null [INFO] (../src/fwidbmgr.cpp:5369) Auto convert: 1
2017-11-17 04:08:31,527 null [INFO] (../src/fwidbmgr.cpp:446) action: out.
2017-11-17 04:08:31,527 null [INFO] (../src/fwidbmgr.cpp:470) date: 20171116.
2017-11-17 04:08:31,527 null [INFO] (../src/fwidbmgr.cpp:322) Try to read: /home/meteo/dev/redist/fwidbmgr/config/fwidbmgr.conf.
2017-11-17 04:08:31,533 null [INFO] (../src/fwidbmgr.cpp:5393) Configuration parsing: OK.
2017-11-17 04:08:31,561 null [INFO] (../src/fwidbmgr.cpp:5478) Connected to database
2017-11-17 04:08:31,561 null [INFO] (../src/fwidbmgr.cpp:5480) Manage data for date: 20171116.
2017-11-17 04:08:31,561 null [INFO] (../src/fwidbmgr.cpp:5551) Importing fwi indexes data in database for day: 20171116.
2017-11-17 04:08:31,570 null [INFO] (/home/meteo/dev/redist/fwidbmgr/include/Grid.h:1595) Configuring grid: isi
2017-11-17 04:08:31,570 null [INFO] (/home/meteo/dev/redist/fwidbmgr/include/Grid.h:1695) Grid isi configured.
2017-11-17 04:08:31,584 null [INFO] (/home/meteo/dev/redist/fwidbmgr/include/Grid.h:1595) Configuring grid: fwi
2017-11-17 04:08:31,584 null [INFO] (/home/meteo/dev/redist/fwidbmgr/include/Grid.h:1695) Grid fwi configured.
2017-11-17 04:08:31,596 null [INFO] (/home/meteo/dev/redist/fwidbmgr/include/Grid.h:1595) Configuring grid: ffmc
2017-11-17 04:08:31,596 null [INFO] (/home/meteo/dev/redist/fwidbmgr/include/Grid.h:1695) Grid ffmc configured.
2017-11-17 04:08:31,610 null [INFO] (/home/meteo/dev/redist/fwidbmgr/include/Grid.h:1595) Configuring grid: dmc
2017-11-17 04:08:31,610 null [INFO] (/home/meteo/dev/redist/fwidbmgr/include/Grid.h:1695) Grid dmc configured.
2017-11-17 04:08:31,623 null [INFO] (/home/meteo/dev/redist/fwidbmgr/include/Grid.h:1595) Configuring grid: dc
2017-11-17 04:08:31,623 null [INFO] (/home/meteo/dev/redist/fwidbmgr/include/Grid.h:1695) Grid dc configured.
2017-11-17 04:08:31,637 null [INFO] (/home/meteo/dev/redist/fwidbmgr/include/Grid.h:1595) Configuring grid: bui
2017-11-17 04:08:31,637 null [INFO] (/home/meteo/dev/redist/fwidbmgr/include/Grid.h:1695) Grid bui configured.
2017-11-17 04:08:31,651 null [INFO] (/home/meteo/dev/redist/fwidbmgr/include/Grid.h:1595) Configuring grid: ffmc_tmp
2017-11-17 04:08:31,651 null [INFO] (/home/meteo/dev/redist/fwidbmgr/include/Grid.h:1695) Grid ffmc_tmp configured.
2017-11-17 04:08:31,684 null [INFO] (/home/meteo/dev/redist/fwidbmgr/include/Grid.h:1595) Configuring grid: dmc_tmp
2017-11-17 04:08:31,684 null [INFO] (/home/meteo/dev/redist/fwidbmgr/include/Grid.h:1695) Grid dmc_tmp configured.
2017-11-17 04:08:31,705 null [INFO] (/home/meteo/dev/redist/fwidbmgr/include/Grid.h:1595) Configuring grid: dc_tmp
2017-11-17 04:08:31,705 null [INFO] (/home/meteo/dev/redist/fwidbmgr/include/Grid.h:1695) Grid dc_tmp configured.
2017-11-17 04:08:31,726 null [INFO] (/home/meteo/dev/redist/fwidbmgr/include/Grid.h:1595) Configuring grid: idi
2017-11-17 04:08:31,726 null [INFO] (/home/meteo/dev/redist/fwidbmgr/include/Grid.h:1695) Grid idi configured.
2017-11-17 04:08:41,641 null [INFO] (../src/fwidbmgr.cpp:2081) Storing FWI indexes ...
2017-11-17 04:09:12,918 null [INFO] (../src/fwidbmgr.cpp:5555) OK --> 20171116 data imported.
2017-11-17 04:09:12,918 null [INFO] (../src/fwidbmgr.cpp:5695) action out took about 41 seconds.
2017-11-17 04:09:12,919 null [INFO] (../src/fwidbmgr.cpp:5699) Disconnected from database.
2017-11-17 04:09:13,178 null [INFO] (../src/fwidbmgr.cpp:5361) fwi db manager
2017-11-17 04:09:13,178 null [INFO] (../src/fwidbmgr.cpp:5365) Program home: /home/meteo/dev/redist/fwidbmgr
2017-11-17 04:09:13,178 null [INFO] (../src/fwidbmgr.cpp:5369) Auto convert: 1
2017-11-17 04:09:13,178 null [INFO] (../src/fwidbmgr.cpp:446) action: computeidx.
2017-11-17 04:09:13,178 null [INFO] (../src/fwidbmgr.cpp:470) date: 20171116.
2017-11-17 04:09:13,178 null [INFO] (../src/fwidbmgr.cpp:322) Try to read: /home/meteo/dev/redist/fwidbmgr/config/fwidbmgr.conf.
2017-11-17 04:09:13,183 null [INFO] (../src/fwidbmgr.cpp:5393) Configuration parsing: OK.
2017-11-17 04:09:13,238 null [INFO] (../src/fwidbmgr.cpp:5478) Connected to database
2017-11-17 04:09:13,238 null [INFO] (../src/fwidbmgr.cpp:5480) Manage data for date: 20171116.
2017-11-17 04:09:13,238 null [INFO] (../src/fwidbmgr.cpp:5656) Computing indexes.
2017-11-17 04:09:13,239 null [INFO] (/home/meteo/dev/redist/fwidbmgr/include/Grid.h:1595) Configuring grid: isi
2017-11-17 04:09:13,240 null [INFO] (/home/meteo/dev/redist/fwidbmgr/include/Grid.h:1695) Grid isi configured.
2017-11-17 04:09:13,241 null [INFO] (/home/meteo/dev/redist/fwidbmgr/include/Grid.h:1595) Configuring grid: fwi
2017-11-17 04:09:13,241 null [INFO] (/home/meteo/dev/redist/fwidbmgr/include/Grid.h:1695) Grid fwi configured.
2017-11-17 04:09:13,242 null [INFO] (/home/meteo/dev/redist/fwidbmgr/include/Grid.h:1595) Configuring grid: ffmc
2017-11-17 04:09:13,242 null [INFO] (/home/meteo/dev/redist/fwidbmgr/include/Grid.h:1695) Grid ffmc configured.
2017-11-17 04:09:13,243 null [INFO] (/home/meteo/dev/redist/fwidbmgr/include/Grid.h:1595) Configuring grid: dmc
2017-11-17 04:09:13,243 null [INFO] (/home/meteo/dev/redist/fwidbmgr/include/Grid.h:1695) Grid dmc configured.
2017-11-17 04:09:13,245 null [INFO] (/home/meteo/dev/redist/fwidbmgr/include/Grid.h:1595) Configuring grid: dc
2017-11-17 04:09:13,245 null [INFO] (/home/meteo/dev/redist/fwidbmgr/include/Grid.h:1695) Grid dc configured.
2017-11-17 04:09:13,246 null [INFO] (/home/meteo/dev/redist/fwidbmgr/include/Grid.h:1595) Configuring grid: bui
2017-11-17 04:09:13,246 null [INFO] (/home/meteo/dev/redist/fwidbmgr/include/Grid.h:1695) Grid bui configured.
2017-11-17 04:09:13,247 null [INFO] (/home/meteo/dev/redist/fwidbmgr/include/Grid.h:1595) Configuring grid: ffmc_tmp
2017-11-17 04:09:13,247 null [INFO] (/home/meteo/dev/redist/fwidbmgr/include/Grid.h:1695) Grid ffmc_tmp configured.
2017-11-17 04:09:13,249 null [INFO] (/home/meteo/dev/redist/fwidbmgr/include/Grid.h:1595) Configuring grid: dmc_tmp
2017-11-17 04:09:13,249 null [INFO] (/home/meteo/dev/redist/fwidbmgr/include/Grid.h:1695) Grid dmc_tmp configured.
2017-11-17 04:09:13,250 null [INFO] (/home/meteo/dev/redist/fwidbmgr/include/Grid.h:1595) Configuring grid: dc_tmp
2017-11-17 04:09:13,250 null [INFO] (/home/meteo/dev/redist/fwidbmgr/include/Grid.h:1695) Grid dc_tmp configured.
2017-11-17 04:09:13,251 null [INFO] (/home/meteo/dev/redist/fwidbmgr/include/Grid.h:1595) Configuring grid: idi
2017-11-17 04:09:13,251 null [INFO] (/home/meteo/dev/redist/fwidbmgr/include/Grid.h:1695) Grid idi configured.
2017-11-17 04:09:13,252 null [INFO] (/home/meteo/dev/redist/fwidbmgr/include/Grid.h:1595) Configuring grid: angstrom
2017-11-17 04:09:13,253 null [INFO] (/home/meteo/dev/redist/fwidbmgr/include/Grid.h:1695) Grid angstrom configured.
2017-11-17 04:09:13,254 null [INFO] (/home/meteo/dev/redist/fwidbmgr/include/Grid.h:1595) Configuring grid: fmi
2017-11-17 04:09:13,254 null [INFO] (/home/meteo/dev/redist/fwidbmgr/include/Grid.h:1695) Grid fmi configured.
2017-11-17 04:09:13,255 null [INFO] (/home/meteo/dev/redist/fwidbmgr/include/Grid.h:1595) Configuring grid: sharples
2017-11-17 04:09:13,255 null [INFO] (/home/meteo/dev/redist/fwidbmgr/include/Grid.h:1695) Grid sharples configured.
2017-11-17 04:09:22,079 null [INFO] (/home/meteo/dev/redist/fwidbmgr/include/Grid.h:1595) Configuring grid: snow
2017-11-17 04:09:22,079 null [INFO] (/home/meteo/dev/redist/fwidbmgr/include/Grid.h:1695) Grid snow configured.
2017-11-17 04:09:22,079 null [INFO] (/home/meteo/dev/redist/fwidbmgr/include/Grid.h:1595) Configuring grid: snow_covering
2017-11-17 04:09:22,079 null [INFO] (/home/meteo/dev/redist/fwidbmgr/include/Grid.h:1695) Grid snow_covering configured.
2017-11-17 04:09:22,079 null [INFO] (/home/meteo/dev/redist/fwidbmgr/include/Grid.h:1595) Configuring grid: snow_dissolution
2017-11-17 04:09:22,079 null [INFO] (/home/meteo/dev/redist/fwidbmgr/include/Grid.h:1695) Grid snow_dissolution configured.
2017-11-17 04:09:22,079 null [INFO] (/home/meteo/dev/redist/fwidbmgr/include/Grid.h:1595) Configuring grid: temperature
2017-11-17 04:09:22,079 null [INFO] (/home/meteo/dev/redist/fwidbmgr/include/Grid.h:1695) Grid temperature configured.
2017-11-17 04:09:22,079 null [INFO] (/home/meteo/dev/redist/fwidbmgr/include/Grid.h:1595) Configuring grid: humidity
2017-11-17 04:09:22,080 null [INFO] (/home/meteo/dev/redist/fwidbmgr/include/Grid.h:1695) Grid humidity configured.
2017-11-17 04:09:22,080 null [INFO] (/home/meteo/dev/redist/fwidbmgr/include/Grid.h:1595) Configuring grid: windspeed
2017-11-17 04:09:22,080 null [INFO] (/home/meteo/dev/redist/fwidbmgr/include/Grid.h:1695) Grid windspeed configured.
2017-11-17 04:09:22,080 null [INFO] (/home/meteo/dev/redist/fwidbmgr/include/Grid.h:1595) Configuring grid: rain
2017-11-17 04:09:22,080 null [INFO] (/home/meteo/dev/redist/fwidbmgr/include/Grid.h:1695) Grid rain configured.
2017-11-17 04:09:22,080 null [INFO] (/home/meteo/dev/redist/fwidbmgr/include/Grid.h:1595) Configuring grid: cum_rain
2017-11-17 04:09:22,080 null [INFO] (/home/meteo/dev/redist/fwidbmgr/include/Grid.h:1695) Grid cum_rain configured.
2017-11-17 04:11:39,192 null [INFO] (../src/fwidbmgr.cpp:5660) OK --> 20171116 indexes computed.
2017-11-17 04:11:39,200 null [INFO] (../src/fwidbmgr.cpp:5695) action computeidx took about 146 seconds.
2017-11-17 04:11:39,201 null [INFO] (../src/fwidbmgr.cpp:5699) Disconnected from database.
2017-11-17 04:11:39,367 null [INFO] (../src/fwidbmgr.cpp:5361) fwi db manager
2017-11-17 04:11:39,367 null [INFO] (../src/fwidbmgr.cpp:5365) Program home: /home/meteo/dev/redist/fwidbmgr
2017-11-17 04:11:39,367 null [INFO] (../src/fwidbmgr.cpp:5369) Auto convert: 1
2017-11-17 04:11:39,367 null [INFO] (../src/fwidbmgr.cpp:446) action: exportidx.
2017-11-17 04:11:39,368 null [INFO] (../src/fwidbmgr.cpp:470) date: 20171116.
2017-11-17 04:11:39,368 null [INFO] (../src/fwidbmgr.cpp:322) Try to read: /home/meteo/dev/redist/fwidbmgr/config/fwidbmgr.conf.
2017-11-17 04:11:39,373 null [INFO] (../src/fwidbmgr.cpp:5393) Configuration parsing: OK.
2017-11-17 04:11:39,405 null [INFO] (../src/fwidbmgr.cpp:5478) Connected to database
2017-11-17 04:11:39,405 null [INFO] (../src/fwidbmgr.cpp:5480) Manage data for date: 20171116.
2017-11-17 04:11:39,405 null [INFO] (../src/fwidbmgr.cpp:5596) Exporting indexes.
2017-11-17 04:11:39,407 null [INFO] (/home/meteo/dev/redist/fwidbmgr/include/Grid.h:1595) Configuring grid: isi
2017-11-17 04:11:39,407 null [INFO] (/home/meteo/dev/redist/fwidbmgr/include/Grid.h:1695) Grid isi configured.
2017-11-17 04:11:39,409 null [INFO] (/home/meteo/dev/redist/fwidbmgr/include/Grid.h:1595) Configuring grid: fwi
2017-11-17 04:11:39,409 null [INFO] (/home/meteo/dev/redist/fwidbmgr/include/Grid.h:1695) Grid fwi configured.
2017-11-17 04:11:39,410 null [INFO] (/home/meteo/dev/redist/fwidbmgr/include/Grid.h:1595) Configuring grid: ffmc
2017-11-17 04:11:39,410 null [INFO] (/home/meteo/dev/redist/fwidbmgr/include/Grid.h:1695) Grid ffmc configured.
2017-11-17 04:11:39,412 null [INFO] (/home/meteo/dev/redist/fwidbmgr/include/Grid.h:1595) Configuring grid: dmc
2017-11-17 04:11:39,412 null [INFO] (/home/meteo/dev/redist/fwidbmgr/include/Grid.h:1695) Grid dmc configured.
2017-11-17 04:11:39,413 null [INFO] (/home/meteo/dev/redist/fwidbmgr/include/Grid.h:1595) Configuring grid: dc
2017-11-17 04:11:39,413 null [INFO] (/home/meteo/dev/redist/fwidbmgr/include/Grid.h:1695) Grid dc configured.
2017-11-17 04:11:39,415 null [INFO] (/home/meteo/dev/redist/fwidbmgr/include/Grid.h:1595) Configuring grid: bui
2017-11-17 04:11:39,415 null [INFO] (/home/meteo/dev/redist/fwidbmgr/include/Grid.h:1695) Grid bui configured.
2017-11-17 04:11:39,416 null [INFO] (/home/meteo/dev/redist/fwidbmgr/include/Grid.h:1595) Configuring grid: ffmc_tmp
2017-11-17 04:11:39,416 null [INFO] (/home/meteo/dev/redist/fwidbmgr/include/Grid.h:1695) Grid ffmc_tmp configured.
2017-11-17 04:11:39,418 null [INFO] (/home/meteo/dev/redist/fwidbmgr/include/Grid.h:1595) Configuring grid: dmc_tmp
2017-11-17 04:11:39,418 null [INFO] (/home/meteo/dev/redist/fwidbmgr/include/Grid.h:1695) Grid dmc_tmp configured.
2017-11-17 04:11:39,419 null [INFO] (/home/meteo/dev/redist/fwidbmgr/include/Grid.h:1595) Configuring grid: dc_tmp
2017-11-17 04:11:39,419 null [INFO] (/home/meteo/dev/redist/fwidbmgr/include/Grid.h:1695) Grid dc_tmp configured.
2017-11-17 04:11:39,420 null [INFO] (/home/meteo/dev/redist/fwidbmgr/include/Grid.h:1595) Configuring grid: idi
2017-11-17 04:11:39,421 null [INFO] (/home/meteo/dev/redist/fwidbmgr/include/Grid.h:1695) Grid idi configured.
2017-11-17 04:11:39,422 null [INFO] (/home/meteo/dev/redist/fwidbmgr/include/Grid.h:1595) Configuring grid: angstrom
2017-11-17 04:11:39,422 null [INFO] (/home/meteo/dev/redist/fwidbmgr/include/Grid.h:1695) Grid angstrom configured.
2017-11-17 04:11:39,423 null [INFO] (/home/meteo/dev/redist/fwidbmgr/include/Grid.h:1595) Configuring grid: fmi
2017-11-17 04:11:39,423 null [INFO] (/home/meteo/dev/redist/fwidbmgr/include/Grid.h:1695) Grid fmi configured.
2017-11-17 04:11:39,425 null [INFO] (/home/meteo/dev/redist/fwidbmgr/include/Grid.h:1595) Configuring grid: sharples
2017-11-17 04:11:39,425 null [INFO] (/home/meteo/dev/redist/fwidbmgr/include/Grid.h:1695) Grid sharples configured.
2017-11-17 04:12:05,837 null [INFO] (/home/meteo/dev/redist/fwidbmgr/include/Grid.h:1595) Configuring grid: isi
2017-11-17 04:12:05,837 null [INFO] (/home/meteo/dev/redist/fwidbmgr/include/Grid.h:1695) Grid isi configured.
2017-11-17 04:12:05,910 null [INFO] (/home/meteo/dev/redist/fwidbmgr/include/Grid.h:1595) Configuring grid: fwi
2017-11-17 04:12:05,910 null [INFO] (/home/meteo/dev/redist/fwidbmgr/include/Grid.h:1695) Grid fwi configured.
2017-11-17 04:12:05,947 null [INFO] (/home/meteo/dev/redist/fwidbmgr/include/Grid.h:1595) Configuring grid: ffmc
2017-11-17 04:12:05,947 null [INFO] (/home/meteo/dev/redist/fwidbmgr/include/Grid.h:1695) Grid ffmc configured.
2017-11-17 04:12:05,985 null [INFO] (/home/meteo/dev/redist/fwidbmgr/include/Grid.h:1595) Configuring grid: dmc
2017-11-17 04:12:05,985 null [INFO] (/home/meteo/dev/redist/fwidbmgr/include/Grid.h:1695) Grid dmc configured.
2017-11-17 04:12:06,022 null [INFO] (/home/meteo/dev/redist/fwidbmgr/include/Grid.h:1595) Configuring grid: dc
2017-11-17 04:12:06,022 null [INFO] (/home/meteo/dev/redist/fwidbmgr/include/Grid.h:1695) Grid dc configured.
2017-11-17 04:12:06,060 null [INFO] (/home/meteo/dev/redist/fwidbmgr/include/Grid.h:1595) Configuring grid: bui
2017-11-17 04:12:06,060 null [INFO] (/home/meteo/dev/redist/fwidbmgr/include/Grid.h:1695) Grid bui configured.
2017-11-17 04:12:06,097 null [INFO] (/home/meteo/dev/redist/fwidbmgr/include/Grid.h:1595) Configuring grid: ffmc_tmp
2017-11-17 04:12:06,097 null [INFO] (/home/meteo/dev/redist/fwidbmgr/include/Grid.h:1695) Grid ffmc_tmp configured.
2017-11-17 04:12:06,134 null [INFO] (/home/meteo/dev/redist/fwidbmgr/include/Grid.h:1595) Configuring grid: dmc_tmp
2017-11-17 04:12:06,134 null [INFO] (/home/meteo/dev/redist/fwidbmgr/include/Grid.h:1695) Grid dmc_tmp configured.
2017-11-17 04:12:06,167 null [INFO] (/home/meteo/dev/redist/fwidbmgr/include/Grid.h:1595) Configuring grid: dc_tmp
2017-11-17 04:12:06,168 null [INFO] (/home/meteo/dev/redist/fwidbmgr/include/Grid.h:1695) Grid dc_tmp configured.
2017-11-17 04:12:06,204 null [INFO] (/home/meteo/dev/redist/fwidbmgr/include/Grid.h:1595) Configuring grid: angstrom
2017-11-17 04:12:06,204 null [INFO] (/home/meteo/dev/redist/fwidbmgr/include/Grid.h:1695) Grid angstrom configured.
2017-11-17 04:12:06,275 null [INFO] (/home/meteo/dev/redist/fwidbmgr/include/Grid.h:1595) Configuring grid: sharples
2017-11-17 04:12:06,276 null [INFO] (/home/meteo/dev/redist/fwidbmgr/include/Grid.h:1695) Grid sharples configured.
2017-11-17 04:12:06,332 null [INFO] (/home/meteo/dev/redist/fwidbmgr/include/Grid.h:1595) Configuring grid: fmi
2017-11-17 04:12:06,332 null [INFO] (/home/meteo/dev/redist/fwidbmgr/include/Grid.h:1695) Grid fmi configured.
2017-11-17 04:12:06,406 null [INFO] (../src/fwidbmgr.cpp:5600) OK --> 20171116 indexes exported to files.
2017-11-17 04:12:06,406 null [INFO] (../src/fwidbmgr.cpp:5695) action exportidx took about 27 seconds.
2017-11-17 04:12:06,406 null [INFO] (../src/fwidbmgr.cpp:5699) Disconnected from database.
2017-11-17 04:12:34,015 null [INFO] (../src/fwidbmgr.cpp:5361) fwi db manager
2017-11-17 04:12:34,015 null [INFO] (../src/fwidbmgr.cpp:5365) Program home: /home/meteo/dev/redist/fwidbmgr
2017-11-17 04:12:34,015 null [INFO] (../src/fwidbmgr.cpp:5369) Auto convert: 1
2017-11-17 04:12:34,015 null [INFO] (../src/fwidbmgr.cpp:446) action: outimg.
2017-11-17 04:12:34,015 null [INFO] (../src/fwidbmgr.cpp:470) date: 20171116.
2017-11-17 04:12:34,015 null [INFO] (../src/fwidbmgr.cpp:322) Try to read: /home/meteo/dev/redist/fwidbmgr/config/fwidbmgr.conf.
2017-11-17 04:12:34,021 null [INFO] (../src/fwidbmgr.cpp:5393) Configuration parsing: OK.
2017-11-17 04:12:34,044 null [INFO] (../src/fwidbmgr.cpp:5478) Connected to database
2017-11-17 04:12:34,044 null [INFO] (../src/fwidbmgr.cpp:5480) Manage data for date: 20171116.
2017-11-17 04:12:34,044 null [INFO] (../src/fwidbmgr.cpp:5566) Importing fwi indexes images in database.
2017-11-17 04:12:34,425 null [INFO] (../src/fwidbmgr.cpp:5570) OK --> 20171116 images imported.
2017-11-17 04:12:34,425 null [INFO] (../src/fwidbmgr.cpp:5695) action outimg took about 0 seconds.
2017-11-17 04:12:34,425 null [INFO] (../src/fwidbmgr.cpp:5699) Disconnected from database.
2017-11-17 04:37:01,440 null [INFO] (../src/fwidbmgr.cpp:5361) fwi db manager
2017-11-17 04:37:01,440 null [INFO] (../src/fwidbmgr.cpp:5365) Program home: /home/meteo/dev/redist/fwidbmgr
2017-11-17 04:37:01,440 null [INFO] (../src/fwidbmgr.cpp:5369) Auto convert: 1
2017-11-17 04:37:01,440 null [INFO] (../src/fwidbmgr.cpp:446) action: outimg.
2017-11-17 04:37:01,440 null [INFO] (../src/fwidbmgr.cpp:470) date: 20171116.
2017-11-17 04:37:01,441 null [INFO] (../src/fwidbmgr.cpp:322) Try to read: /home/meteo/dev/redist/fwidbmgr/config/fwidbmgr.conf.
2017-11-17 04:37:01,442 null [INFO] (../src/fwidbmgr.cpp:5393) Configuration parsing: OK.
2017-11-17 04:37:01,447 null [INFO] (../src/fwidbmgr.cpp:5478) Connected to database
2017-11-17 04:37:01,447 null [INFO] (../src/fwidbmgr.cpp:5480) Manage data for date: 20171116.
2017-11-17 04:37:01,448 null [INFO] (../src/fwidbmgr.cpp:5566) Importing fwi indexes images in database.
2017-11-17 04:37:01,572 null [INFO] (../src/fwidbmgr.cpp:5570) OK --> 20171116 images imported.
2017-11-17 04:37:01,572 null [INFO] (../src/fwidbmgr.cpp:5695) action outimg took about 0 seconds.
2017-11-17 04:37:01,572 null [INFO] (../src/fwidbmgr.cpp:5699) Disconnected from database.
2017-11-17 05:05:01,708 null [INFO] (../src/fwidbmgr.cpp:5361) fwi db manager
2017-11-17 05:05:01,709 null [INFO] (../src/fwidbmgr.cpp:5365) Program home: /home/meteo/dev/redist/fwidbmgr
2017-11-17 05:05:01,709 null [INFO] (../src/fwidbmgr.cpp:5369) Auto convert: 1
2017-11-17 05:05:01,709 null [INFO] (../src/fwidbmgr.cpp:446) action: outimg.
2017-11-17 05:05:01,709 null [INFO] (../src/fwidbmgr.cpp:470) date: 20171116.
2017-11-17 05:05:01,709 null [INFO] (../src/fwidbmgr.cpp:322) Try to read: /home/meteo/dev/redist/fwidbmgr/config/fwidbmgr.conf.
2017-11-17 05:05:01,711 null [INFO] (../src/fwidbmgr.cpp:5393) Configuration parsing: OK.
2017-11-17 05:05:01,716 null [INFO] (../src/fwidbmgr.cpp:5478) Connected to database
2017-11-17 05:05:01,717 null [INFO] (../src/fwidbmgr.cpp:5480) Manage data for date: 20171116.
2017-11-17 05:05:01,717 null [INFO] (../src/fwidbmgr.cpp:5566) Importing fwi indexes images in database.
2017-11-17 05:05:01,786 null [INFO] (../src/fwidbmgr.cpp:5570) OK --> 20171116 images imported.
2017-11-17 05:05:01,786 null [INFO] (../src/fwidbmgr.cpp:5695) action outimg took about 0 seconds.
2017-11-17 05:05:01,786 null [INFO] (../src/fwidbmgr.cpp:5699) Disconnected from database.
2017-11-17 05:37:01,918 null [INFO] (../src/fwidbmgr.cpp:5361) fwi db manager
2017-11-17 05:37:01,919 null [INFO] (../src/fwidbmgr.cpp:5365) Program home: /home/meteo/dev/redist/fwidbmgr
2017-11-17 05:37:01,919 null [INFO] (../src/fwidbmgr.cpp:5369) Auto convert: 1
2017-11-17 05:37:01,919 null [INFO] (../src/fwidbmgr.cpp:446) action: outimg.
2017-11-17 05:37:01,919 null [INFO] (../src/fwidbmgr.cpp:470) date: 20171116.
2017-11-17 05:37:01,919 null [INFO] (../src/fwidbmgr.cpp:322) Try to read: /home/meteo/dev/redist/fwidbmgr/config/fwidbmgr.conf.
2017-11-17 05:37:01,921 null [INFO] (../src/fwidbmgr.cpp:5393) Configuration parsing: OK.
2017-11-17 05:37:01,926 null [INFO] (../src/fwidbmgr.cpp:5478) Connected to database
2017-11-17 05:37:01,926 null [INFO] (../src/fwidbmgr.cpp:5480) Manage data for date: 20171116.
2017-11-17 05:37:01,927 null [INFO] (../src/fwidbmgr.cpp:5566) Importing fwi indexes images in database.
2017-11-17 05:37:02,015 null [INFO] (../src/fwidbmgr.cpp:5570) OK --> 20171116 images imported.
2017-11-17 05:37:02,015 null [INFO] (../src/fwidbmgr.cpp:5695) action outimg took about 1 seconds.
2017-11-17 05:37:02,015 null [INFO] (../src/fwidbmgr.cpp:5699) Disconnected from database.
2017-11-17 06:05:01,676 null [INFO] (../src/fwidbmgr.cpp:5361) fwi db manager
2017-11-17 06:05:01,676 null [INFO] (../src/fwidbmgr.cpp:5365) Program home: /home/meteo/dev/redist/fwidbmgr
2017-11-17 06:05:01,676 null [INFO] (../src/fwidbmgr.cpp:5369) Auto convert: 1
2017-11-17 06:05:01,676 null [INFO] (../src/fwidbmgr.cpp:446) action: outimg.
2017-11-17 06:05:01,677 null [INFO] (../src/fwidbmgr.cpp:470) date: 20171116.
2017-11-17 06:05:01,677 null [INFO] (../src/fwidbmgr.cpp:322) Try to read: /home/meteo/dev/redist/fwidbmgr/config/fwidbmgr.conf.
2017-11-17 06:05:01,679 null [INFO] (../src/fwidbmgr.cpp:5393) Configuration parsing: OK.
2017-11-17 06:05:01,684 null [INFO] (../src/fwidbmgr.cpp:5478) Connected to database
2017-11-17 06:05:01,684 null [INFO] (../src/fwidbmgr.cpp:5480) Manage data for date: 20171116.
2017-11-17 06:05:01,684 null [INFO] (../src/fwidbmgr.cpp:5566) Importing fwi indexes images in database.
2017-11-17 06:05:01,755 null [INFO] (../src/fwidbmgr.cpp:5570) OK --> 20171116 images imported.
2017-11-17 06:05:01,755 null [INFO] (../src/fwidbmgr.cpp:5695) action outimg took about 0 seconds.
2017-11-17 06:05:01,755 null [INFO] (../src/fwidbmgr.cpp:5699) Disconnected from database.
2017-11-17 06:37:01,881 null [INFO] (../src/fwidbmgr.cpp:5361) fwi db manager
2017-11-17 06:37:01,881 null [INFO] (../src/fwidbmgr.cpp:5365) Program home: /home/meteo/dev/redist/fwidbmgr
2017-11-17 06:37:01,881 null [INFO] (../src/fwidbmgr.cpp:5369) Auto convert: 1
2017-11-17 06:37:01,881 null [INFO] (../src/fwidbmgr.cpp:446) action: outimg.
2017-11-17 06:37:01,881 null [INFO] (../src/fwidbmgr.cpp:470) date: 20171116.
2017-11-17 06:37:01,881 null [INFO] (../src/fwidbmgr.cpp:322) Try to read: /home/meteo/dev/redist/fwidbmgr/config/fwidbmgr.conf.
2017-11-17 06:37:01,883 null [INFO] (../src/fwidbmgr.cpp:5393) Configuration parsing: OK.
2017-11-17 06:37:01,888 null [INFO] (../src/fwidbmgr.cpp:5478) Connected to database
2017-11-17 06:37:01,888 null [INFO] (../src/fwidbmgr.cpp:5480) Manage data for date: 20171116.
2017-11-17 06:37:01,888 null [INFO] (../src/fwidbmgr.cpp:5566) Importing fwi indexes images in database.
2017-11-17 06:37:01,982 null [INFO] (../src/fwidbmgr.cpp:5570) OK --> 20171116 images imported.
2017-11-17 06:37:01,982 null [INFO] (../src/fwidbmgr.cpp:5695) action outimg took about 0 seconds.
2017-11-17 06:37:01,983 null [INFO] (../src/fwidbmgr.cpp:5699) Disconnected from database.
