2016-08-17 05:08:00,394 null [INFO] (../src/fwidbmgr.cpp:5207) fwi db manager
2016-08-17 05:08:00,395 null [INFO] (../src/fwidbmgr.cpp:5209) Program home: /home/meteo/dev/redist/fwidbmgr
2016-08-17 05:08:00,395 null [INFO] (../src/fwidbmgr.cpp:5211) Auto convert: 1
2016-08-17 05:08:00,395 null [INFO] (../src/fwidbmgr.cpp:458) action: in.
2016-08-17 05:08:00,395 null [INFO] (../src/fwidbmgr.cpp:482) date: 20160816.
2016-08-17 05:08:00,395 null [INFO] (../src/fwidbmgr.cpp:319) Try to read: /home/meteo/dev/redist/fwidbmgr/config/fwidbmgr.conf.
2016-08-17 05:08:00,701 null [INFO] (../src/fwidbmgr.cpp:5240) Configuration parsing: OK.
2016-08-17 05:08:02,843 null [INFO] (../src/fwidbmgr.cpp:5322) Connected to database
2016-08-17 05:08:02,843 null [INFO] (../src/fwidbmgr.cpp:5323) Manage data for date: 20160816.
2016-08-17 05:08:02,843 null [INFO] (../src/fwidbmgr.cpp:5367) Importing meteo data in database for day: 20160816.
2016-08-17 05:08:02,845 null [INFO] (/home/meteo/dev/redist/fwidbmgr/include/Grid.h:1595) Configuring grid: snow
2016-08-17 05:08:02,845 null [INFO] (/home/meteo/dev/redist/fwidbmgr/include/Grid.h:1695) Grid snow configured.
2016-08-17 05:08:02,857 null [INFO] (/home/meteo/dev/redist/fwidbmgr/include/Grid.h:1595) Configuring grid: snow_covering
2016-08-17 05:08:02,857 null [INFO] (/home/meteo/dev/redist/fwidbmgr/include/Grid.h:1695) Grid snow_covering configured.
2016-08-17 05:08:02,870 null [INFO] (/home/meteo/dev/redist/fwidbmgr/include/Grid.h:1595) Configuring grid: snow_dissolution
2016-08-17 05:08:02,871 null [INFO] (/home/meteo/dev/redist/fwidbmgr/include/Grid.h:1695) Grid snow_dissolution configured.
2016-08-17 05:08:02,897 null [INFO] (/home/meteo/dev/redist/fwidbmgr/include/Grid.h:1595) Configuring grid: temperature
2016-08-17 05:08:02,898 null [INFO] (/home/meteo/dev/redist/fwidbmgr/include/Grid.h:1695) Grid temperature configured.
2016-08-17 05:08:02,903 null [INFO] (/home/meteo/dev/redist/fwidbmgr/include/Grid.h:1595) Configuring grid: humidity
2016-08-17 05:08:02,903 null [INFO] (/home/meteo/dev/redist/fwidbmgr/include/Grid.h:1695) Grid humidity configured.
2016-08-17 05:08:02,913 null [INFO] (/home/meteo/dev/redist/fwidbmgr/include/Grid.h:1595) Configuring grid: windspeed
2016-08-17 05:08:02,913 null [INFO] (/home/meteo/dev/redist/fwidbmgr/include/Grid.h:1695) Grid windspeed configured.
2016-08-17 05:08:02,936 null [INFO] (/home/meteo/dev/redist/fwidbmgr/include/Grid.h:1595) Configuring grid: rain
2016-08-17 05:08:02,937 null [INFO] (/home/meteo/dev/redist/fwidbmgr/include/Grid.h:1695) Grid rain configured.
2016-08-17 05:08:02,940 null [INFO] (/home/meteo/dev/redist/fwidbmgr/include/Grid.h:1595) Configuring grid: cum_rain
2016-08-17 05:08:02,940 null [INFO] (/home/meteo/dev/redist/fwidbmgr/include/Grid.h:1695) Grid cum_rain configured.
2016-08-17 05:09:54,770 null [INFO] (../src/fwidbmgr.cpp:1502) Storing meteo input ...
2016-08-17 05:14:19,507 null [INFO] (../src/fwidbmgr.cpp:5370) OK --> 20160816 data imported.
2016-08-17 05:14:19,535 null [INFO] (../src/fwidbmgr.cpp:5496) action in took about 377 seconds.
2016-08-17 05:14:19,816 null [INFO] (../src/fwidbmgr.cpp:5499) Disconnected from database.
2016-08-17 05:16:15,602 null [INFO] (../src/fwidbmgr.cpp:5207) fwi db manager
2016-08-17 05:16:15,602 null [INFO] (../src/fwidbmgr.cpp:5209) Program home: /home/meteo/dev/redist/fwidbmgr
2016-08-17 05:16:15,603 null [INFO] (../src/fwidbmgr.cpp:5211) Auto convert: 1
2016-08-17 05:16:15,603 null [INFO] (../src/fwidbmgr.cpp:458) action: out.
2016-08-17 05:16:15,603 null [INFO] (../src/fwidbmgr.cpp:482) date: 20160816.
2016-08-17 05:16:15,603 null [INFO] (../src/fwidbmgr.cpp:319) Try to read: /home/meteo/dev/redist/fwidbmgr/config/fwidbmgr.conf.
2016-08-17 05:16:15,744 null [INFO] (../src/fwidbmgr.cpp:5240) Configuration parsing: OK.
2016-08-17 05:16:15,769 null [INFO] (../src/fwidbmgr.cpp:5322) Connected to database
2016-08-17 05:16:15,769 null [INFO] (../src/fwidbmgr.cpp:5323) Manage data for date: 20160816.
2016-08-17 05:16:15,769 null [INFO] (../src/fwidbmgr.cpp:5379) Importing fwi indexes data in database for day: 20160816.
2016-08-17 05:16:15,779 null [INFO] (/home/meteo/dev/redist/fwidbmgr/include/Grid.h:1595) Configuring grid: isi
2016-08-17 05:16:15,779 null [INFO] (/home/meteo/dev/redist/fwidbmgr/include/Grid.h:1695) Grid isi configured.
2016-08-17 05:16:15,793 null [INFO] (/home/meteo/dev/redist/fwidbmgr/include/Grid.h:1595) Configuring grid: fwi
2016-08-17 05:16:15,793 null [INFO] (/home/meteo/dev/redist/fwidbmgr/include/Grid.h:1695) Grid fwi configured.
2016-08-17 05:16:15,806 null [INFO] (/home/meteo/dev/redist/fwidbmgr/include/Grid.h:1595) Configuring grid: ffmc
2016-08-17 05:16:15,807 null [INFO] (/home/meteo/dev/redist/fwidbmgr/include/Grid.h:1695) Grid ffmc configured.
2016-08-17 05:16:15,822 null [INFO] (/home/meteo/dev/redist/fwidbmgr/include/Grid.h:1595) Configuring grid: dmc
2016-08-17 05:16:15,822 null [INFO] (/home/meteo/dev/redist/fwidbmgr/include/Grid.h:1695) Grid dmc configured.
2016-08-17 05:16:15,836 null [INFO] (/home/meteo/dev/redist/fwidbmgr/include/Grid.h:1595) Configuring grid: dc
2016-08-17 05:16:15,836 null [INFO] (/home/meteo/dev/redist/fwidbmgr/include/Grid.h:1695) Grid dc configured.
2016-08-17 05:16:15,850 null [INFO] (/home/meteo/dev/redist/fwidbmgr/include/Grid.h:1595) Configuring grid: bui
2016-08-17 05:16:15,850 null [INFO] (/home/meteo/dev/redist/fwidbmgr/include/Grid.h:1695) Grid bui configured.
2016-08-17 05:16:15,864 null [INFO] (/home/meteo/dev/redist/fwidbmgr/include/Grid.h:1595) Configuring grid: ffmc_tmp
2016-08-17 05:16:15,864 null [INFO] (/home/meteo/dev/redist/fwidbmgr/include/Grid.h:1695) Grid ffmc_tmp configured.
2016-08-17 05:16:16,018 null [INFO] (/home/meteo/dev/redist/fwidbmgr/include/Grid.h:1595) Configuring grid: dmc_tmp
2016-08-17 05:16:16,018 null [INFO] (/home/meteo/dev/redist/fwidbmgr/include/Grid.h:1695) Grid dmc_tmp configured.
2016-08-17 05:16:16,038 null [INFO] (/home/meteo/dev/redist/fwidbmgr/include/Grid.h:1595) Configuring grid: dc_tmp
2016-08-17 05:16:16,038 null [INFO] (/home/meteo/dev/redist/fwidbmgr/include/Grid.h:1695) Grid dc_tmp configured.
2016-08-17 05:16:16,059 null [INFO] (/home/meteo/dev/redist/fwidbmgr/include/Grid.h:1595) Configuring grid: idi
2016-08-17 05:16:16,059 null [INFO] (/home/meteo/dev/redist/fwidbmgr/include/Grid.h:1695) Grid idi configured.
2016-08-17 05:17:04,127 null [INFO] (../src/fwidbmgr.cpp:2045) Storing FWI indexes ...
2016-08-17 05:19:16,897 null [INFO] (../src/fwidbmgr.cpp:5382) OK --> 20160816 data imported.
2016-08-17 05:19:16,906 null [INFO] (../src/fwidbmgr.cpp:5496) action out took about 181 seconds.
2016-08-17 05:19:17,062 null [INFO] (../src/fwidbmgr.cpp:5499) Disconnected from database.
2016-08-17 05:19:17,702 null [INFO] (../src/fwidbmgr.cpp:5207) fwi db manager
2016-08-17 05:19:17,702 null [INFO] (../src/fwidbmgr.cpp:5209) Program home: /home/meteo/dev/redist/fwidbmgr
2016-08-17 05:19:17,702 null [INFO] (../src/fwidbmgr.cpp:5211) Auto convert: 1
2016-08-17 05:19:17,702 null [INFO] (../src/fwidbmgr.cpp:458) action: computeidx.
2016-08-17 05:19:17,702 null [INFO] (../src/fwidbmgr.cpp:482) date: 20160816.
2016-08-17 05:19:17,702 null [INFO] (../src/fwidbmgr.cpp:319) Try to read: /home/meteo/dev/redist/fwidbmgr/config/fwidbmgr.conf.
2016-08-17 05:19:17,775 null [INFO] (../src/fwidbmgr.cpp:5240) Configuration parsing: OK.
2016-08-17 05:19:18,125 null [INFO] (../src/fwidbmgr.cpp:5322) Connected to database
2016-08-17 05:19:18,125 null [INFO] (../src/fwidbmgr.cpp:5323) Manage data for date: 20160816.
2016-08-17 05:19:18,125 null [INFO] (../src/fwidbmgr.cpp:5463) Computing indexes.
2016-08-17 05:19:18,127 null [INFO] (/home/meteo/dev/redist/fwidbmgr/include/Grid.h:1595) Configuring grid: isi
2016-08-17 05:19:18,127 null [INFO] (/home/meteo/dev/redist/fwidbmgr/include/Grid.h:1695) Grid isi configured.
2016-08-17 05:19:18,128 null [INFO] (/home/meteo/dev/redist/fwidbmgr/include/Grid.h:1595) Configuring grid: fwi
2016-08-17 05:19:18,129 null [INFO] (/home/meteo/dev/redist/fwidbmgr/include/Grid.h:1695) Grid fwi configured.
2016-08-17 05:19:18,130 null [INFO] (/home/meteo/dev/redist/fwidbmgr/include/Grid.h:1595) Configuring grid: ffmc
2016-08-17 05:19:18,133 null [INFO] (/home/meteo/dev/redist/fwidbmgr/include/Grid.h:1695) Grid ffmc configured.
2016-08-17 05:19:18,136 null [INFO] (/home/meteo/dev/redist/fwidbmgr/include/Grid.h:1595) Configuring grid: dmc
2016-08-17 05:19:18,136 null [INFO] (/home/meteo/dev/redist/fwidbmgr/include/Grid.h:1695) Grid dmc configured.
2016-08-17 05:19:18,137 null [INFO] (/home/meteo/dev/redist/fwidbmgr/include/Grid.h:1595) Configuring grid: dc
2016-08-17 05:19:18,137 null [INFO] (/home/meteo/dev/redist/fwidbmgr/include/Grid.h:1695) Grid dc configured.
2016-08-17 05:19:18,139 null [INFO] (/home/meteo/dev/redist/fwidbmgr/include/Grid.h:1595) Configuring grid: bui
2016-08-17 05:19:18,139 null [INFO] (/home/meteo/dev/redist/fwidbmgr/include/Grid.h:1695) Grid bui configured.
2016-08-17 05:19:18,140 null [INFO] (/home/meteo/dev/redist/fwidbmgr/include/Grid.h:1595) Configuring grid: ffmc_tmp
2016-08-17 05:19:18,140 null [INFO] (/home/meteo/dev/redist/fwidbmgr/include/Grid.h:1695) Grid ffmc_tmp configured.
2016-08-17 05:19:18,142 null [INFO] (/home/meteo/dev/redist/fwidbmgr/include/Grid.h:1595) Configuring grid: dmc_tmp
2016-08-17 05:19:18,142 null [INFO] (/home/meteo/dev/redist/fwidbmgr/include/Grid.h:1695) Grid dmc_tmp configured.
2016-08-17 05:19:18,143 null [INFO] (/home/meteo/dev/redist/fwidbmgr/include/Grid.h:1595) Configuring grid: dc_tmp
2016-08-17 05:19:18,143 null [INFO] (/home/meteo/dev/redist/fwidbmgr/include/Grid.h:1695) Grid dc_tmp configured.
2016-08-17 05:19:18,144 null [INFO] (/home/meteo/dev/redist/fwidbmgr/include/Grid.h:1595) Configuring grid: idi
2016-08-17 05:19:18,145 null [INFO] (/home/meteo/dev/redist/fwidbmgr/include/Grid.h:1695) Grid idi configured.
2016-08-17 05:19:18,146 null [INFO] (/home/meteo/dev/redist/fwidbmgr/include/Grid.h:1595) Configuring grid: angstrom
2016-08-17 05:19:18,146 null [INFO] (/home/meteo/dev/redist/fwidbmgr/include/Grid.h:1695) Grid angstrom configured.
2016-08-17 05:19:18,147 null [INFO] (/home/meteo/dev/redist/fwidbmgr/include/Grid.h:1595) Configuring grid: fmi
2016-08-17 05:19:18,147 null [INFO] (/home/meteo/dev/redist/fwidbmgr/include/Grid.h:1695) Grid fmi configured.
2016-08-17 05:19:18,149 null [INFO] (/home/meteo/dev/redist/fwidbmgr/include/Grid.h:1595) Configuring grid: sharples
2016-08-17 05:19:18,149 null [INFO] (/home/meteo/dev/redist/fwidbmgr/include/Grid.h:1695) Grid sharples configured.
2016-08-17 05:19:59,732 null [INFO] (/home/meteo/dev/redist/fwidbmgr/include/Grid.h:1595) Configuring grid: snow
2016-08-17 05:19:59,783 null [INFO] (/home/meteo/dev/redist/fwidbmgr/include/Grid.h:1695) Grid snow configured.
2016-08-17 05:19:59,783 null [INFO] (/home/meteo/dev/redist/fwidbmgr/include/Grid.h:1595) Configuring grid: snow_covering
2016-08-17 05:19:59,784 null [INFO] (/home/meteo/dev/redist/fwidbmgr/include/Grid.h:1695) Grid snow_covering configured.
2016-08-17 05:19:59,784 null [INFO] (/home/meteo/dev/redist/fwidbmgr/include/Grid.h:1595) Configuring grid: snow_dissolution
2016-08-17 05:19:59,784 null [INFO] (/home/meteo/dev/redist/fwidbmgr/include/Grid.h:1695) Grid snow_dissolution configured.
2016-08-17 05:19:59,784 null [INFO] (/home/meteo/dev/redist/fwidbmgr/include/Grid.h:1595) Configuring grid: temperature
2016-08-17 05:19:59,784 null [INFO] (/home/meteo/dev/redist/fwidbmgr/include/Grid.h:1695) Grid temperature configured.
2016-08-17 05:19:59,784 null [INFO] (/home/meteo/dev/redist/fwidbmgr/include/Grid.h:1595) Configuring grid: humidity
2016-08-17 05:19:59,784 null [INFO] (/home/meteo/dev/redist/fwidbmgr/include/Grid.h:1695) Grid humidity configured.
2016-08-17 05:19:59,784 null [INFO] (/home/meteo/dev/redist/fwidbmgr/include/Grid.h:1595) Configuring grid: windspeed
2016-08-17 05:19:59,785 null [INFO] (/home/meteo/dev/redist/fwidbmgr/include/Grid.h:1695) Grid windspeed configured.
2016-08-17 05:19:59,785 null [INFO] (/home/meteo/dev/redist/fwidbmgr/include/Grid.h:1595) Configuring grid: rain
2016-08-17 05:19:59,785 null [INFO] (/home/meteo/dev/redist/fwidbmgr/include/Grid.h:1695) Grid rain configured.
2016-08-17 05:19:59,785 null [INFO] (/home/meteo/dev/redist/fwidbmgr/include/Grid.h:1595) Configuring grid: cum_rain
2016-08-17 05:19:59,785 null [INFO] (/home/meteo/dev/redist/fwidbmgr/include/Grid.h:1695) Grid cum_rain configured.
2016-08-17 05:23:58,542 null [INFO] (../src/fwidbmgr.cpp:5466) OK --> 20160816 indexes computed.
2016-08-17 05:23:58,560 null [INFO] (../src/fwidbmgr.cpp:5496) action computeidx took about 280 seconds.
2016-08-17 05:23:58,561 null [INFO] (../src/fwidbmgr.cpp:5499) Disconnected from database.
2016-08-17 05:23:59,357 null [INFO] (../src/fwidbmgr.cpp:5207) fwi db manager
2016-08-17 05:23:59,357 null [INFO] (../src/fwidbmgr.cpp:5209) Program home: /home/meteo/dev/redist/fwidbmgr
2016-08-17 05:23:59,357 null [INFO] (../src/fwidbmgr.cpp:5211) Auto convert: 1
2016-08-17 05:23:59,357 null [INFO] (../src/fwidbmgr.cpp:458) action: exportidx.
2016-08-17 05:23:59,357 null [INFO] (../src/fwidbmgr.cpp:482) date: 20160816.
2016-08-17 05:23:59,357 null [INFO] (../src/fwidbmgr.cpp:319) Try to read: /home/meteo/dev/redist/fwidbmgr/config/fwidbmgr.conf.
2016-08-17 05:23:59,381 null [INFO] (../src/fwidbmgr.cpp:5240) Configuration parsing: OK.
2016-08-17 05:23:59,404 null [INFO] (../src/fwidbmgr.cpp:5322) Connected to database
2016-08-17 05:23:59,404 null [INFO] (../src/fwidbmgr.cpp:5323) Manage data for date: 20160816.
2016-08-17 05:23:59,404 null [INFO] (../src/fwidbmgr.cpp:5415) Exporting indexes.
2016-08-17 05:23:59,406 null [INFO] (/home/meteo/dev/redist/fwidbmgr/include/Grid.h:1595) Configuring grid: isi
2016-08-17 05:23:59,406 null [INFO] (/home/meteo/dev/redist/fwidbmgr/include/Grid.h:1695) Grid isi configured.
2016-08-17 05:23:59,408 null [INFO] (/home/meteo/dev/redist/fwidbmgr/include/Grid.h:1595) Configuring grid: fwi
2016-08-17 05:23:59,408 null [INFO] (/home/meteo/dev/redist/fwidbmgr/include/Grid.h:1695) Grid fwi configured.
2016-08-17 05:23:59,409 null [INFO] (/home/meteo/dev/redist/fwidbmgr/include/Grid.h:1595) Configuring grid: ffmc
2016-08-17 05:23:59,409 null [INFO] (/home/meteo/dev/redist/fwidbmgr/include/Grid.h:1695) Grid ffmc configured.
2016-08-17 05:23:59,410 null [INFO] (/home/meteo/dev/redist/fwidbmgr/include/Grid.h:1595) Configuring grid: dmc
2016-08-17 05:23:59,411 null [INFO] (/home/meteo/dev/redist/fwidbmgr/include/Grid.h:1695) Grid dmc configured.
2016-08-17 05:23:59,412 null [INFO] (/home/meteo/dev/redist/fwidbmgr/include/Grid.h:1595) Configuring grid: dc
2016-08-17 05:23:59,412 null [INFO] (/home/meteo/dev/redist/fwidbmgr/include/Grid.h:1695) Grid dc configured.
2016-08-17 05:23:59,413 null [INFO] (/home/meteo/dev/redist/fwidbmgr/include/Grid.h:1595) Configuring grid: bui
2016-08-17 05:23:59,413 null [INFO] (/home/meteo/dev/redist/fwidbmgr/include/Grid.h:1695) Grid bui configured.
2016-08-17 05:23:59,415 null [INFO] (/home/meteo/dev/redist/fwidbmgr/include/Grid.h:1595) Configuring grid: ffmc_tmp
2016-08-17 05:23:59,415 null [INFO] (/home/meteo/dev/redist/fwidbmgr/include/Grid.h:1695) Grid ffmc_tmp configured.
2016-08-17 05:23:59,416 null [INFO] (/home/meteo/dev/redist/fwidbmgr/include/Grid.h:1595) Configuring grid: dmc_tmp
2016-08-17 05:23:59,416 null [INFO] (/home/meteo/dev/redist/fwidbmgr/include/Grid.h:1695) Grid dmc_tmp configured.
2016-08-17 05:23:59,419 null [INFO] (/home/meteo/dev/redist/fwidbmgr/include/Grid.h:1595) Configuring grid: dc_tmp
2016-08-17 05:23:59,419 null [INFO] (/home/meteo/dev/redist/fwidbmgr/include/Grid.h:1695) Grid dc_tmp configured.
2016-08-17 05:23:59,420 null [INFO] (/home/meteo/dev/redist/fwidbmgr/include/Grid.h:1595) Configuring grid: idi
2016-08-17 05:23:59,420 null [INFO] (/home/meteo/dev/redist/fwidbmgr/include/Grid.h:1695) Grid idi configured.
2016-08-17 05:23:59,422 null [INFO] (/home/meteo/dev/redist/fwidbmgr/include/Grid.h:1595) Configuring grid: angstrom
2016-08-17 05:23:59,422 null [INFO] (/home/meteo/dev/redist/fwidbmgr/include/Grid.h:1695) Grid angstrom configured.
2016-08-17 05:23:59,423 null [INFO] (/home/meteo/dev/redist/fwidbmgr/include/Grid.h:1595) Configuring grid: fmi
2016-08-17 05:23:59,423 null [INFO] (/home/meteo/dev/redist/fwidbmgr/include/Grid.h:1695) Grid fmi configured.
2016-08-17 05:23:59,426 null [INFO] (/home/meteo/dev/redist/fwidbmgr/include/Grid.h:1595) Configuring grid: sharples
2016-08-17 05:23:59,426 null [INFO] (/home/meteo/dev/redist/fwidbmgr/include/Grid.h:1695) Grid sharples configured.
2016-08-17 05:24:43,472 null [INFO] (/home/meteo/dev/redist/fwidbmgr/include/Grid.h:1595) Configuring grid: isi
2016-08-17 05:24:43,611 null [INFO] (/home/meteo/dev/redist/fwidbmgr/include/Grid.h:1695) Grid isi configured.
2016-08-17 05:24:43,712 null [INFO] (/home/meteo/dev/redist/fwidbmgr/include/Grid.h:1595) Configuring grid: fwi
2016-08-17 05:24:43,712 null [INFO] (/home/meteo/dev/redist/fwidbmgr/include/Grid.h:1695) Grid fwi configured.
2016-08-17 05:24:43,800 null [INFO] (/home/meteo/dev/redist/fwidbmgr/include/Grid.h:1595) Configuring grid: ffmc
2016-08-17 05:24:43,800 null [INFO] (/home/meteo/dev/redist/fwidbmgr/include/Grid.h:1695) Grid ffmc configured.
2016-08-17 05:24:43,845 null [INFO] (/home/meteo/dev/redist/fwidbmgr/include/Grid.h:1595) Configuring grid: dmc
2016-08-17 05:24:43,845 null [INFO] (/home/meteo/dev/redist/fwidbmgr/include/Grid.h:1695) Grid dmc configured.
2016-08-17 05:24:43,906 null [INFO] (/home/meteo/dev/redist/fwidbmgr/include/Grid.h:1595) Configuring grid: dc
2016-08-17 05:24:43,906 null [INFO] (/home/meteo/dev/redist/fwidbmgr/include/Grid.h:1695) Grid dc configured.
2016-08-17 05:24:43,969 null [INFO] (/home/meteo/dev/redist/fwidbmgr/include/Grid.h:1595) Configuring grid: bui
2016-08-17 05:24:43,969 null [INFO] (/home/meteo/dev/redist/fwidbmgr/include/Grid.h:1695) Grid bui configured.
2016-08-17 05:24:44,044 null [INFO] (/home/meteo/dev/redist/fwidbmgr/include/Grid.h:1595) Configuring grid: ffmc_tmp
2016-08-17 05:24:44,044 null [INFO] (/home/meteo/dev/redist/fwidbmgr/include/Grid.h:1695) Grid ffmc_tmp configured.
2016-08-17 05:24:44,152 null [INFO] (/home/meteo/dev/redist/fwidbmgr/include/Grid.h:1595) Configuring grid: dmc_tmp
2016-08-17 05:24:44,152 null [INFO] (/home/meteo/dev/redist/fwidbmgr/include/Grid.h:1695) Grid dmc_tmp configured.
2016-08-17 05:24:44,214 null [INFO] (/home/meteo/dev/redist/fwidbmgr/include/Grid.h:1595) Configuring grid: dc_tmp
2016-08-17 05:24:44,214 null [INFO] (/home/meteo/dev/redist/fwidbmgr/include/Grid.h:1695) Grid dc_tmp configured.
2016-08-17 05:24:44,262 null [INFO] (/home/meteo/dev/redist/fwidbmgr/include/Grid.h:1595) Configuring grid: angstrom
2016-08-17 05:24:44,262 null [INFO] (/home/meteo/dev/redist/fwidbmgr/include/Grid.h:1695) Grid angstrom configured.
2016-08-17 05:24:44,437 null [INFO] (/home/meteo/dev/redist/fwidbmgr/include/Grid.h:1595) Configuring grid: sharples
2016-08-17 05:24:44,437 null [INFO] (/home/meteo/dev/redist/fwidbmgr/include/Grid.h:1695) Grid sharples configured.
2016-08-17 05:24:44,497 null [INFO] (/home/meteo/dev/redist/fwidbmgr/include/Grid.h:1595) Configuring grid: fmi
2016-08-17 05:24:44,497 null [INFO] (/home/meteo/dev/redist/fwidbmgr/include/Grid.h:1695) Grid fmi configured.
2016-08-17 05:24:44,539 null [INFO] (../src/fwidbmgr.cpp:5418) OK --> 20160816 indexes exported to files.
2016-08-17 05:24:44,539 null [INFO] (../src/fwidbmgr.cpp:5496) action exportidx took about 45 seconds.
2016-08-17 05:24:44,539 null [INFO] (../src/fwidbmgr.cpp:5499) Disconnected from database.
2016-08-17 05:25:34,146 null [INFO] (../src/fwidbmgr.cpp:5207) fwi db manager
2016-08-17 05:25:34,146 null [INFO] (../src/fwidbmgr.cpp:5209) Program home: /home/meteo/dev/redist/fwidbmgr
2016-08-17 05:25:34,146 null [INFO] (../src/fwidbmgr.cpp:5211) Auto convert: 1
2016-08-17 05:25:34,146 null [INFO] (../src/fwidbmgr.cpp:458) action: outimg.
2016-08-17 05:25:34,146 null [INFO] (../src/fwidbmgr.cpp:482) date: 20160816.
2016-08-17 05:25:34,146 null [INFO] (../src/fwidbmgr.cpp:319) Try to read: /home/meteo/dev/redist/fwidbmgr/config/fwidbmgr.conf.
2016-08-17 05:25:34,153 null [INFO] (../src/fwidbmgr.cpp:5240) Configuration parsing: OK.
2016-08-17 05:25:34,180 null [INFO] (../src/fwidbmgr.cpp:5322) Connected to database
2016-08-17 05:25:34,180 null [INFO] (../src/fwidbmgr.cpp:5323) Manage data for date: 20160816.
2016-08-17 05:25:34,180 null [INFO] (../src/fwidbmgr.cpp:5391) Importing fwi indexes images in database.
2016-08-17 05:25:35,193 null [INFO] (../src/fwidbmgr.cpp:5394) OK --> 20160816 images imported.
2016-08-17 05:25:35,193 null [INFO] (../src/fwidbmgr.cpp:5496) action outimg took about 1 seconds.
2016-08-17 05:25:35,193 null [INFO] (../src/fwidbmgr.cpp:5499) Disconnected from database.
2016-08-17 05:37:02,042 null [INFO] (../src/fwidbmgr.cpp:5207) fwi db manager
2016-08-17 05:37:02,042 null [INFO] (../src/fwidbmgr.cpp:5209) Program home: /home/meteo/dev/redist/fwidbmgr
2016-08-17 05:37:02,042 null [INFO] (../src/fwidbmgr.cpp:5211) Auto convert: 1
2016-08-17 05:37:02,042 null [INFO] (../src/fwidbmgr.cpp:458) action: outimg.
2016-08-17 05:37:02,042 null [INFO] (../src/fwidbmgr.cpp:482) date: 20160816.
2016-08-17 05:37:02,042 null [INFO] (../src/fwidbmgr.cpp:319) Try to read: /home/meteo/dev/redist/fwidbmgr/config/fwidbmgr.conf.
2016-08-17 05:37:02,044 null [INFO] (../src/fwidbmgr.cpp:5240) Configuration parsing: OK.
2016-08-17 05:37:02,048 null [INFO] (../src/fwidbmgr.cpp:5322) Connected to database
2016-08-17 05:37:02,048 null [INFO] (../src/fwidbmgr.cpp:5323) Manage data for date: 20160816.
2016-08-17 05:37:02,048 null [INFO] (../src/fwidbmgr.cpp:5391) Importing fwi indexes images in database.
2016-08-17 05:37:02,139 null [INFO] (../src/fwidbmgr.cpp:5394) OK --> 20160816 images imported.
2016-08-17 05:37:02,139 null [INFO] (../src/fwidbmgr.cpp:5496) action outimg took about 0 seconds.
2016-08-17 05:37:02,139 null [INFO] (../src/fwidbmgr.cpp:5499) Disconnected from database.
2016-08-17 06:05:01,842 null [INFO] (../src/fwidbmgr.cpp:5207) fwi db manager
2016-08-17 06:05:01,842 null [INFO] (../src/fwidbmgr.cpp:5209) Program home: /home/meteo/dev/redist/fwidbmgr
2016-08-17 06:05:01,842 null [INFO] (../src/fwidbmgr.cpp:5211) Auto convert: 1
2016-08-17 06:05:01,842 null [INFO] (../src/fwidbmgr.cpp:458) action: outimg.
2016-08-17 06:05:01,842 null [INFO] (../src/fwidbmgr.cpp:482) date: 20160816.
2016-08-17 06:05:01,842 null [INFO] (../src/fwidbmgr.cpp:319) Try to read: /home/meteo/dev/redist/fwidbmgr/config/fwidbmgr.conf.
2016-08-17 06:05:01,844 null [INFO] (../src/fwidbmgr.cpp:5240) Configuration parsing: OK.
2016-08-17 06:05:01,850 null [INFO] (../src/fwidbmgr.cpp:5322) Connected to database
2016-08-17 06:05:01,850 null [INFO] (../src/fwidbmgr.cpp:5323) Manage data for date: 20160816.
2016-08-17 06:05:01,850 null [INFO] (../src/fwidbmgr.cpp:5391) Importing fwi indexes images in database.
2016-08-17 06:05:01,912 null [INFO] (../src/fwidbmgr.cpp:5394) OK --> 20160816 images imported.
2016-08-17 06:05:01,912 null [INFO] (../src/fwidbmgr.cpp:5496) action outimg took about 0 seconds.
2016-08-17 06:05:01,912 null [INFO] (../src/fwidbmgr.cpp:5499) Disconnected from database.
2016-08-17 06:37:02,239 null [INFO] (../src/fwidbmgr.cpp:5207) fwi db manager
2016-08-17 06:37:02,239 null [INFO] (../src/fwidbmgr.cpp:5209) Program home: /home/meteo/dev/redist/fwidbmgr
2016-08-17 06:37:02,239 null [INFO] (../src/fwidbmgr.cpp:5211) Auto convert: 1
2016-08-17 06:37:02,239 null [INFO] (../src/fwidbmgr.cpp:458) action: outimg.
2016-08-17 06:37:02,239 null [INFO] (../src/fwidbmgr.cpp:482) date: 20160816.
2016-08-17 06:37:02,239 null [INFO] (../src/fwidbmgr.cpp:319) Try to read: /home/meteo/dev/redist/fwidbmgr/config/fwidbmgr.conf.
2016-08-17 06:37:02,241 null [INFO] (../src/fwidbmgr.cpp:5240) Configuration parsing: OK.
2016-08-17 06:37:02,246 null [INFO] (../src/fwidbmgr.cpp:5322) Connected to database
2016-08-17 06:37:02,246 null [INFO] (../src/fwidbmgr.cpp:5323) Manage data for date: 20160816.
2016-08-17 06:37:02,246 null [INFO] (../src/fwidbmgr.cpp:5391) Importing fwi indexes images in database.
2016-08-17 06:37:02,331 null [INFO] (../src/fwidbmgr.cpp:5394) OK --> 20160816 images imported.
2016-08-17 06:37:02,331 null [INFO] (../src/fwidbmgr.cpp:5496) action outimg took about 0 seconds.
2016-08-17 06:37:02,332 null [INFO] (../src/fwidbmgr.cpp:5499) Disconnected from database.
2016-08-17 07:05:07,003 null [INFO] (../src/fwidbmgr.cpp:5207) fwi db manager
2016-08-17 07:05:07,024 null [INFO] (../src/fwidbmgr.cpp:5209) Program home: /home/meteo/dev/redist/fwidbmgr
2016-08-17 07:05:07,025 null [INFO] (../src/fwidbmgr.cpp:5211) Auto convert: 1
2016-08-17 07:05:07,026 null [INFO] (../src/fwidbmgr.cpp:458) action: outimg.
2016-08-17 07:05:07,026 null [INFO] (../src/fwidbmgr.cpp:482) date: 20160816.
2016-08-17 07:05:07,026 null [INFO] (../src/fwidbmgr.cpp:319) Try to read: /home/meteo/dev/redist/fwidbmgr/config/fwidbmgr.conf.
2016-08-17 07:05:07,133 null [INFO] (../src/fwidbmgr.cpp:5240) Configuration parsing: OK.
2016-08-17 07:05:07,253 null [INFO] (../src/fwidbmgr.cpp:5322) Connected to database
2016-08-17 07:05:07,253 null [INFO] (../src/fwidbmgr.cpp:5323) Manage data for date: 20160816.
2016-08-17 07:05:07,253 null [INFO] (../src/fwidbmgr.cpp:5391) Importing fwi indexes images in database.
2016-08-17 07:05:07,879 null [INFO] (../src/fwidbmgr.cpp:5394) OK --> 20160816 images imported.
2016-08-17 07:05:07,879 null [INFO] (../src/fwidbmgr.cpp:5496) action outimg took about 0 seconds.
2016-08-17 07:05:07,879 null [INFO] (../src/fwidbmgr.cpp:5499) Disconnected from database.
2016-08-17 07:37:02,578 null [INFO] (../src/fwidbmgr.cpp:5207) fwi db manager
2016-08-17 07:37:02,588 null [INFO] (../src/fwidbmgr.cpp:5209) Program home: /home/meteo/dev/redist/fwidbmgr
2016-08-17 07:37:02,588 null [INFO] (../src/fwidbmgr.cpp:5211) Auto convert: 1
2016-08-17 07:37:02,588 null [INFO] (../src/fwidbmgr.cpp:458) action: outimg.
2016-08-17 07:37:02,588 null [INFO] (../src/fwidbmgr.cpp:482) date: 20160816.
2016-08-17 07:37:02,588 null [INFO] (../src/fwidbmgr.cpp:319) Try to read: /home/meteo/dev/redist/fwidbmgr/config/fwidbmgr.conf.
2016-08-17 07:37:02,631 null [INFO] (../src/fwidbmgr.cpp:5240) Configuration parsing: OK.
2016-08-17 07:37:02,729 null [INFO] (../src/fwidbmgr.cpp:5322) Connected to database
2016-08-17 07:37:02,729 null [INFO] (../src/fwidbmgr.cpp:5323) Manage data for date: 20160816.
2016-08-17 07:37:02,729 null [INFO] (../src/fwidbmgr.cpp:5391) Importing fwi indexes images in database.
2016-08-17 07:37:03,653 null [INFO] (../src/fwidbmgr.cpp:5394) OK --> 20160816 images imported.
2016-08-17 07:37:03,653 null [INFO] (../src/fwidbmgr.cpp:5496) action outimg took about 1 seconds.
2016-08-17 07:37:03,653 null [INFO] (../src/fwidbmgr.cpp:5499) Disconnected from database.
