2020-01-19 05:05:03,736 null [INFO] (../src/fwidbmgr.cpp:5361) fwi db manager
2020-01-19 05:05:03,736 null [INFO] (../src/fwidbmgr.cpp:5365) Program home: /home/meteo/dev/redist/fwidbmgr
2020-01-19 05:05:03,736 null [INFO] (../src/fwidbmgr.cpp:5369) Auto convert: 1
2020-01-19 05:05:03,736 null [INFO] (../src/fwidbmgr.cpp:446) action: in.
2020-01-19 05:05:03,736 null [INFO] (../src/fwidbmgr.cpp:470) date: 20200118.
2020-01-19 05:05:03,736 null [INFO] (../src/fwidbmgr.cpp:322) Try to read: /home/meteo/dev/redist/fwidbmgr/config/fwidbmgr.conf.
2020-01-19 05:05:03,737 null [INFO] (../src/fwidbmgr.cpp:5393) Configuration parsing: OK.
2020-01-19 05:05:03,741 null [INFO] (../src/fwidbmgr.cpp:5478) Connected to database
2020-01-19 05:05:03,741 null [INFO] (../src/fwidbmgr.cpp:5480) Manage data for date: 20200118.
2020-01-19 05:05:03,741 null [INFO] (../src/fwidbmgr.cpp:5536) Importing meteo data in database for day: 20200118.
2020-01-19 05:05:03,742 null [INFO] (/home/meteo/dev/redist/fwidbmgr/include/Grid.h:1595) Configuring grid: snow
2020-01-19 05:05:03,742 null [INFO] (/home/meteo/dev/redist/fwidbmgr/include/Grid.h:1695) Grid snow configured.
2020-01-19 05:05:03,748 null [INFO] (/home/meteo/dev/redist/fwidbmgr/include/Grid.h:1595) Configuring grid: snow_covering
2020-01-19 05:05:03,748 null [INFO] (/home/meteo/dev/redist/fwidbmgr/include/Grid.h:1695) Grid snow_covering configured.
2020-01-19 05:05:03,754 null [INFO] (/home/meteo/dev/redist/fwidbmgr/include/Grid.h:1595) Configuring grid: snow_dissolution
2020-01-19 05:05:03,755 null [INFO] (/home/meteo/dev/redist/fwidbmgr/include/Grid.h:1695) Grid snow_dissolution configured.
2020-01-19 05:05:03,767 null [INFO] (/home/meteo/dev/redist/fwidbmgr/include/Grid.h:1595) Configuring grid: temperature
2020-01-19 05:05:03,767 null [INFO] (/home/meteo/dev/redist/fwidbmgr/include/Grid.h:1695) Grid temperature configured.
2020-01-19 05:05:03,768 null [INFO] (/home/meteo/dev/redist/fwidbmgr/include/Grid.h:1595) Configuring grid: humidity
2020-01-19 05:05:03,768 null [INFO] (/home/meteo/dev/redist/fwidbmgr/include/Grid.h:1695) Grid humidity configured.
2020-01-19 05:05:03,771 null [INFO] (/home/meteo/dev/redist/fwidbmgr/include/Grid.h:1595) Configuring grid: windspeed
2020-01-19 05:05:03,771 null [INFO] (/home/meteo/dev/redist/fwidbmgr/include/Grid.h:1695) Grid windspeed configured.
2020-01-19 05:05:03,776 null [INFO] (/home/meteo/dev/redist/fwidbmgr/include/Grid.h:1595) Configuring grid: rain
2020-01-19 05:05:03,776 null [INFO] (/home/meteo/dev/redist/fwidbmgr/include/Grid.h:1695) Grid rain configured.
2020-01-19 05:05:03,778 null [INFO] (/home/meteo/dev/redist/fwidbmgr/include/Grid.h:1595) Configuring grid: cum_rain
2020-01-19 05:05:03,778 null [INFO] (/home/meteo/dev/redist/fwidbmgr/include/Grid.h:1695) Grid cum_rain configured.
2020-01-19 05:05:03,854 null [INFO] (../src/fwidbmgr.cpp:1518) Storing meteo input ...
2020-01-19 05:05:08,742 null [INFO] (../src/fwidbmgr.cpp:5540) OK --> 20200118 data imported.
2020-01-19 05:05:08,769 null [INFO] (../src/fwidbmgr.cpp:5695) action in took about 5 seconds.
2020-01-19 05:05:08,779 null [INFO] (../src/fwidbmgr.cpp:5699) Disconnected from database.
2020-01-19 05:05:46,029 null [INFO] (../src/fwidbmgr.cpp:5361) fwi db manager
2020-01-19 05:05:46,029 null [INFO] (../src/fwidbmgr.cpp:5365) Program home: /home/meteo/dev/redist/fwidbmgr
2020-01-19 05:05:46,029 null [INFO] (../src/fwidbmgr.cpp:5369) Auto convert: 1
2020-01-19 05:05:46,029 null [INFO] (../src/fwidbmgr.cpp:446) action: out.
2020-01-19 05:05:46,029 null [INFO] (../src/fwidbmgr.cpp:470) date: 20200118.
2020-01-19 05:05:46,029 null [INFO] (../src/fwidbmgr.cpp:322) Try to read: /home/meteo/dev/redist/fwidbmgr/config/fwidbmgr.conf.
2020-01-19 05:05:46,037 null [INFO] (../src/fwidbmgr.cpp:5393) Configuration parsing: OK.
2020-01-19 05:05:46,079 null [INFO] (../src/fwidbmgr.cpp:5478) Connected to database
2020-01-19 05:05:46,079 null [INFO] (../src/fwidbmgr.cpp:5480) Manage data for date: 20200118.
2020-01-19 05:05:46,079 null [INFO] (../src/fwidbmgr.cpp:5551) Importing fwi indexes data in database for day: 20200118.
2020-01-19 05:05:46,082 null [INFO] (/home/meteo/dev/redist/fwidbmgr/include/Grid.h:1595) Configuring grid: isi
2020-01-19 05:05:46,082 null [INFO] (/home/meteo/dev/redist/fwidbmgr/include/Grid.h:1695) Grid isi configured.
2020-01-19 05:05:46,094 null [INFO] (/home/meteo/dev/redist/fwidbmgr/include/Grid.h:1595) Configuring grid: fwi
2020-01-19 05:05:46,094 null [INFO] (/home/meteo/dev/redist/fwidbmgr/include/Grid.h:1695) Grid fwi configured.
2020-01-19 05:05:46,101 null [INFO] (/home/meteo/dev/redist/fwidbmgr/include/Grid.h:1595) Configuring grid: ffmc
2020-01-19 05:05:46,101 null [INFO] (/home/meteo/dev/redist/fwidbmgr/include/Grid.h:1695) Grid ffmc configured.
2020-01-19 05:05:46,108 null [INFO] (/home/meteo/dev/redist/fwidbmgr/include/Grid.h:1595) Configuring grid: dmc
2020-01-19 05:05:46,108 null [INFO] (/home/meteo/dev/redist/fwidbmgr/include/Grid.h:1695) Grid dmc configured.
2020-01-19 05:05:46,115 null [INFO] (/home/meteo/dev/redist/fwidbmgr/include/Grid.h:1595) Configuring grid: dc
2020-01-19 05:05:46,115 null [INFO] (/home/meteo/dev/redist/fwidbmgr/include/Grid.h:1695) Grid dc configured.
2020-01-19 05:05:46,122 null [INFO] (/home/meteo/dev/redist/fwidbmgr/include/Grid.h:1595) Configuring grid: bui
2020-01-19 05:05:46,122 null [INFO] (/home/meteo/dev/redist/fwidbmgr/include/Grid.h:1695) Grid bui configured.
2020-01-19 05:05:46,128 null [INFO] (/home/meteo/dev/redist/fwidbmgr/include/Grid.h:1595) Configuring grid: ffmc_tmp
2020-01-19 05:05:46,128 null [INFO] (/home/meteo/dev/redist/fwidbmgr/include/Grid.h:1695) Grid ffmc_tmp configured.
2020-01-19 05:05:46,140 null [INFO] (/home/meteo/dev/redist/fwidbmgr/include/Grid.h:1595) Configuring grid: dmc_tmp
2020-01-19 05:05:46,140 null [INFO] (/home/meteo/dev/redist/fwidbmgr/include/Grid.h:1695) Grid dmc_tmp configured.
2020-01-19 05:05:46,150 null [INFO] (/home/meteo/dev/redist/fwidbmgr/include/Grid.h:1595) Configuring grid: dc_tmp
2020-01-19 05:05:46,150 null [INFO] (/home/meteo/dev/redist/fwidbmgr/include/Grid.h:1695) Grid dc_tmp configured.
2020-01-19 05:05:46,161 null [INFO] (/home/meteo/dev/redist/fwidbmgr/include/Grid.h:1595) Configuring grid: idi
2020-01-19 05:05:46,161 null [INFO] (/home/meteo/dev/redist/fwidbmgr/include/Grid.h:1695) Grid idi configured.
2020-01-19 05:05:46,244 null [INFO] (../src/fwidbmgr.cpp:2081) Storing FWI indexes ...
2020-01-19 05:05:49,029 null [INFO] (../src/fwidbmgr.cpp:5555) OK --> 20200118 data imported.
2020-01-19 05:05:49,029 null [INFO] (../src/fwidbmgr.cpp:5695) action out took about 3 seconds.
2020-01-19 05:05:49,030 null [INFO] (../src/fwidbmgr.cpp:5699) Disconnected from database.
2020-01-19 05:05:49,040 null [INFO] (../src/fwidbmgr.cpp:5361) fwi db manager
2020-01-19 05:05:49,040 null [INFO] (../src/fwidbmgr.cpp:5365) Program home: /home/meteo/dev/redist/fwidbmgr
2020-01-19 05:05:49,040 null [INFO] (../src/fwidbmgr.cpp:5369) Auto convert: 1
2020-01-19 05:05:49,040 null [INFO] (../src/fwidbmgr.cpp:446) action: computeidx.
2020-01-19 05:05:49,040 null [INFO] (../src/fwidbmgr.cpp:470) date: 20200118.
2020-01-19 05:05:49,040 null [INFO] (../src/fwidbmgr.cpp:322) Try to read: /home/meteo/dev/redist/fwidbmgr/config/fwidbmgr.conf.
2020-01-19 05:05:49,041 null [INFO] (../src/fwidbmgr.cpp:5393) Configuration parsing: OK.
2020-01-19 05:05:49,044 null [INFO] (../src/fwidbmgr.cpp:5478) Connected to database
2020-01-19 05:05:49,044 null [INFO] (../src/fwidbmgr.cpp:5480) Manage data for date: 20200118.
2020-01-19 05:05:49,044 null [INFO] (../src/fwidbmgr.cpp:5656) Computing indexes.
2020-01-19 05:05:49,047 null [INFO] (/home/meteo/dev/redist/fwidbmgr/include/Grid.h:1595) Configuring grid: isi
2020-01-19 05:05:49,047 null [INFO] (/home/meteo/dev/redist/fwidbmgr/include/Grid.h:1695) Grid isi configured.
2020-01-19 05:05:49,050 null [INFO] (/home/meteo/dev/redist/fwidbmgr/include/Grid.h:1595) Configuring grid: fwi
2020-01-19 05:05:49,050 null [INFO] (/home/meteo/dev/redist/fwidbmgr/include/Grid.h:1695) Grid fwi configured.
2020-01-19 05:05:49,051 null [INFO] (/home/meteo/dev/redist/fwidbmgr/include/Grid.h:1595) Configuring grid: ffmc
2020-01-19 05:05:49,051 null [INFO] (/home/meteo/dev/redist/fwidbmgr/include/Grid.h:1695) Grid ffmc configured.
2020-01-19 05:05:49,052 null [INFO] (/home/meteo/dev/redist/fwidbmgr/include/Grid.h:1595) Configuring grid: dmc
2020-01-19 05:05:49,052 null [INFO] (/home/meteo/dev/redist/fwidbmgr/include/Grid.h:1695) Grid dmc configured.
2020-01-19 05:05:49,053 null [INFO] (/home/meteo/dev/redist/fwidbmgr/include/Grid.h:1595) Configuring grid: dc
2020-01-19 05:05:49,054 null [INFO] (/home/meteo/dev/redist/fwidbmgr/include/Grid.h:1695) Grid dc configured.
2020-01-19 05:05:49,055 null [INFO] (/home/meteo/dev/redist/fwidbmgr/include/Grid.h:1595) Configuring grid: bui
2020-01-19 05:05:49,055 null [INFO] (/home/meteo/dev/redist/fwidbmgr/include/Grid.h:1695) Grid bui configured.
2020-01-19 05:05:49,056 null [INFO] (/home/meteo/dev/redist/fwidbmgr/include/Grid.h:1595) Configuring grid: ffmc_tmp
2020-01-19 05:05:49,056 null [INFO] (/home/meteo/dev/redist/fwidbmgr/include/Grid.h:1695) Grid ffmc_tmp configured.
2020-01-19 05:05:49,057 null [INFO] (/home/meteo/dev/redist/fwidbmgr/include/Grid.h:1595) Configuring grid: dmc_tmp
2020-01-19 05:05:49,057 null [INFO] (/home/meteo/dev/redist/fwidbmgr/include/Grid.h:1695) Grid dmc_tmp configured.
2020-01-19 05:05:49,058 null [INFO] (/home/meteo/dev/redist/fwidbmgr/include/Grid.h:1595) Configuring grid: dc_tmp
2020-01-19 05:05:49,058 null [INFO] (/home/meteo/dev/redist/fwidbmgr/include/Grid.h:1695) Grid dc_tmp configured.
2020-01-19 05:05:49,059 null [INFO] (/home/meteo/dev/redist/fwidbmgr/include/Grid.h:1595) Configuring grid: idi
2020-01-19 05:05:49,059 null [INFO] (/home/meteo/dev/redist/fwidbmgr/include/Grid.h:1695) Grid idi configured.
2020-01-19 05:05:49,060 null [INFO] (/home/meteo/dev/redist/fwidbmgr/include/Grid.h:1595) Configuring grid: angstrom
2020-01-19 05:05:49,060 null [INFO] (/home/meteo/dev/redist/fwidbmgr/include/Grid.h:1695) Grid angstrom configured.
2020-01-19 05:05:49,061 null [INFO] (/home/meteo/dev/redist/fwidbmgr/include/Grid.h:1595) Configuring grid: fmi
2020-01-19 05:05:49,061 null [INFO] (/home/meteo/dev/redist/fwidbmgr/include/Grid.h:1695) Grid fmi configured.
2020-01-19 05:05:49,062 null [INFO] (/home/meteo/dev/redist/fwidbmgr/include/Grid.h:1595) Configuring grid: sharples
2020-01-19 05:05:49,062 null [INFO] (/home/meteo/dev/redist/fwidbmgr/include/Grid.h:1695) Grid sharples configured.
2020-01-19 05:05:49,368 null [INFO] (/home/meteo/dev/redist/fwidbmgr/include/Grid.h:1595) Configuring grid: snow
2020-01-19 05:05:49,368 null [INFO] (/home/meteo/dev/redist/fwidbmgr/include/Grid.h:1695) Grid snow configured.
2020-01-19 05:05:49,368 null [INFO] (/home/meteo/dev/redist/fwidbmgr/include/Grid.h:1595) Configuring grid: snow_covering
2020-01-19 05:05:49,368 null [INFO] (/home/meteo/dev/redist/fwidbmgr/include/Grid.h:1695) Grid snow_covering configured.
2020-01-19 05:05:49,368 null [INFO] (/home/meteo/dev/redist/fwidbmgr/include/Grid.h:1595) Configuring grid: snow_dissolution
2020-01-19 05:05:49,368 null [INFO] (/home/meteo/dev/redist/fwidbmgr/include/Grid.h:1695) Grid snow_dissolution configured.
2020-01-19 05:05:49,368 null [INFO] (/home/meteo/dev/redist/fwidbmgr/include/Grid.h:1595) Configuring grid: temperature
2020-01-19 05:05:49,368 null [INFO] (/home/meteo/dev/redist/fwidbmgr/include/Grid.h:1695) Grid temperature configured.
2020-01-19 05:05:49,368 null [INFO] (/home/meteo/dev/redist/fwidbmgr/include/Grid.h:1595) Configuring grid: humidity
2020-01-19 05:05:49,368 null [INFO] (/home/meteo/dev/redist/fwidbmgr/include/Grid.h:1695) Grid humidity configured.
2020-01-19 05:05:49,368 null [INFO] (/home/meteo/dev/redist/fwidbmgr/include/Grid.h:1595) Configuring grid: windspeed
2020-01-19 05:05:49,368 null [INFO] (/home/meteo/dev/redist/fwidbmgr/include/Grid.h:1695) Grid windspeed configured.
2020-01-19 05:05:49,368 null [INFO] (/home/meteo/dev/redist/fwidbmgr/include/Grid.h:1595) Configuring grid: rain
2020-01-19 05:05:49,368 null [INFO] (/home/meteo/dev/redist/fwidbmgr/include/Grid.h:1695) Grid rain configured.
2020-01-19 05:05:49,368 null [INFO] (/home/meteo/dev/redist/fwidbmgr/include/Grid.h:1595) Configuring grid: cum_rain
2020-01-19 05:05:49,368 null [INFO] (/home/meteo/dev/redist/fwidbmgr/include/Grid.h:1695) Grid cum_rain configured.
2020-01-19 05:06:42,005 null [INFO] (../src/fwidbmgr.cpp:5660) OK --> 20200118 indexes computed.
2020-01-19 05:06:42,005 null [INFO] (../src/fwidbmgr.cpp:5695) action computeidx took about 53 seconds.
2020-01-19 05:06:42,005 null [INFO] (../src/fwidbmgr.cpp:5699) Disconnected from database.
2020-01-19 05:06:42,023 null [INFO] (../src/fwidbmgr.cpp:5361) fwi db manager
2020-01-19 05:06:42,023 null [INFO] (../src/fwidbmgr.cpp:5365) Program home: /home/meteo/dev/redist/fwidbmgr
2020-01-19 05:06:42,023 null [INFO] (../src/fwidbmgr.cpp:5369) Auto convert: 1
2020-01-19 05:06:42,023 null [INFO] (../src/fwidbmgr.cpp:446) action: exportidx.
2020-01-19 05:06:42,023 null [INFO] (../src/fwidbmgr.cpp:470) date: 20200118.
2020-01-19 05:06:42,023 null [INFO] (../src/fwidbmgr.cpp:322) Try to read: /home/meteo/dev/redist/fwidbmgr/config/fwidbmgr.conf.
2020-01-19 05:06:42,025 null [INFO] (../src/fwidbmgr.cpp:5393) Configuration parsing: OK.
2020-01-19 05:06:42,027 null [INFO] (../src/fwidbmgr.cpp:5478) Connected to database
2020-01-19 05:06:42,027 null [INFO] (../src/fwidbmgr.cpp:5480) Manage data for date: 20200118.
2020-01-19 05:06:42,027 null [INFO] (../src/fwidbmgr.cpp:5596) Exporting indexes.
2020-01-19 05:06:42,028 null [INFO] (/home/meteo/dev/redist/fwidbmgr/include/Grid.h:1595) Configuring grid: isi
2020-01-19 05:06:42,029 null [INFO] (/home/meteo/dev/redist/fwidbmgr/include/Grid.h:1695) Grid isi configured.
2020-01-19 05:06:42,030 null [INFO] (/home/meteo/dev/redist/fwidbmgr/include/Grid.h:1595) Configuring grid: fwi
2020-01-19 05:06:42,030 null [INFO] (/home/meteo/dev/redist/fwidbmgr/include/Grid.h:1695) Grid fwi configured.
2020-01-19 05:06:42,032 null [INFO] (/home/meteo/dev/redist/fwidbmgr/include/Grid.h:1595) Configuring grid: ffmc
2020-01-19 05:06:42,032 null [INFO] (/home/meteo/dev/redist/fwidbmgr/include/Grid.h:1695) Grid ffmc configured.
2020-01-19 05:06:42,033 null [INFO] (/home/meteo/dev/redist/fwidbmgr/include/Grid.h:1595) Configuring grid: dmc
2020-01-19 05:06:42,033 null [INFO] (/home/meteo/dev/redist/fwidbmgr/include/Grid.h:1695) Grid dmc configured.
2020-01-19 05:06:42,035 null [INFO] (/home/meteo/dev/redist/fwidbmgr/include/Grid.h:1595) Configuring grid: dc
2020-01-19 05:06:42,035 null [INFO] (/home/meteo/dev/redist/fwidbmgr/include/Grid.h:1695) Grid dc configured.
2020-01-19 05:06:42,036 null [INFO] (/home/meteo/dev/redist/fwidbmgr/include/Grid.h:1595) Configuring grid: bui
2020-01-19 05:06:42,037 null [INFO] (/home/meteo/dev/redist/fwidbmgr/include/Grid.h:1695) Grid bui configured.
2020-01-19 05:06:42,038 null [INFO] (/home/meteo/dev/redist/fwidbmgr/include/Grid.h:1595) Configuring grid: ffmc_tmp
2020-01-19 05:06:42,038 null [INFO] (/home/meteo/dev/redist/fwidbmgr/include/Grid.h:1695) Grid ffmc_tmp configured.
2020-01-19 05:06:42,039 null [INFO] (/home/meteo/dev/redist/fwidbmgr/include/Grid.h:1595) Configuring grid: dmc_tmp
2020-01-19 05:06:42,039 null [INFO] (/home/meteo/dev/redist/fwidbmgr/include/Grid.h:1695) Grid dmc_tmp configured.
2020-01-19 05:06:42,040 null [INFO] (/home/meteo/dev/redist/fwidbmgr/include/Grid.h:1595) Configuring grid: dc_tmp
2020-01-19 05:06:42,040 null [INFO] (/home/meteo/dev/redist/fwidbmgr/include/Grid.h:1695) Grid dc_tmp configured.
2020-01-19 05:06:42,041 null [INFO] (/home/meteo/dev/redist/fwidbmgr/include/Grid.h:1595) Configuring grid: idi
2020-01-19 05:06:42,041 null [INFO] (/home/meteo/dev/redist/fwidbmgr/include/Grid.h:1695) Grid idi configured.
2020-01-19 05:06:42,042 null [INFO] (/home/meteo/dev/redist/fwidbmgr/include/Grid.h:1595) Configuring grid: angstrom
2020-01-19 05:06:42,042 null [INFO] (/home/meteo/dev/redist/fwidbmgr/include/Grid.h:1695) Grid angstrom configured.
2020-01-19 05:06:42,043 null [INFO] (/home/meteo/dev/redist/fwidbmgr/include/Grid.h:1595) Configuring grid: fmi
2020-01-19 05:06:42,043 null [INFO] (/home/meteo/dev/redist/fwidbmgr/include/Grid.h:1695) Grid fmi configured.
2020-01-19 05:06:42,044 null [INFO] (/home/meteo/dev/redist/fwidbmgr/include/Grid.h:1595) Configuring grid: sharples
2020-01-19 05:06:42,044 null [INFO] (/home/meteo/dev/redist/fwidbmgr/include/Grid.h:1695) Grid sharples configured.
2020-01-19 05:06:42,351 null [INFO] (/home/meteo/dev/redist/fwidbmgr/include/Grid.h:1595) Configuring grid: isi
2020-01-19 05:06:42,351 null [INFO] (/home/meteo/dev/redist/fwidbmgr/include/Grid.h:1695) Grid isi configured.
2020-01-19 05:06:42,371 null [INFO] (/home/meteo/dev/redist/fwidbmgr/include/Grid.h:1595) Configuring grid: fwi
2020-01-19 05:06:42,371 null [INFO] (/home/meteo/dev/redist/fwidbmgr/include/Grid.h:1695) Grid fwi configured.
2020-01-19 05:06:42,390 null [INFO] (/home/meteo/dev/redist/fwidbmgr/include/Grid.h:1595) Configuring grid: ffmc
2020-01-19 05:06:42,390 null [INFO] (/home/meteo/dev/redist/fwidbmgr/include/Grid.h:1695) Grid ffmc configured.
2020-01-19 05:06:42,410 null [INFO] (/home/meteo/dev/redist/fwidbmgr/include/Grid.h:1595) Configuring grid: dmc
2020-01-19 05:06:42,410 null [INFO] (/home/meteo/dev/redist/fwidbmgr/include/Grid.h:1695) Grid dmc configured.
2020-01-19 05:06:42,429 null [INFO] (/home/meteo/dev/redist/fwidbmgr/include/Grid.h:1595) Configuring grid: dc
2020-01-19 05:06:42,429 null [INFO] (/home/meteo/dev/redist/fwidbmgr/include/Grid.h:1695) Grid dc configured.
2020-01-19 05:06:42,448 null [INFO] (/home/meteo/dev/redist/fwidbmgr/include/Grid.h:1595) Configuring grid: bui
2020-01-19 05:06:42,448 null [INFO] (/home/meteo/dev/redist/fwidbmgr/include/Grid.h:1695) Grid bui configured.
2020-01-19 05:06:42,467 null [INFO] (/home/meteo/dev/redist/fwidbmgr/include/Grid.h:1595) Configuring grid: ffmc_tmp
2020-01-19 05:06:42,467 null [INFO] (/home/meteo/dev/redist/fwidbmgr/include/Grid.h:1695) Grid ffmc_tmp configured.
2020-01-19 05:06:42,487 null [INFO] (/home/meteo/dev/redist/fwidbmgr/include/Grid.h:1595) Configuring grid: dmc_tmp
2020-01-19 05:06:42,487 null [INFO] (/home/meteo/dev/redist/fwidbmgr/include/Grid.h:1695) Grid dmc_tmp configured.
2020-01-19 05:06:42,505 null [INFO] (/home/meteo/dev/redist/fwidbmgr/include/Grid.h:1595) Configuring grid: dc_tmp
2020-01-19 05:06:42,505 null [INFO] (/home/meteo/dev/redist/fwidbmgr/include/Grid.h:1695) Grid dc_tmp configured.
2020-01-19 05:06:42,524 null [INFO] (/home/meteo/dev/redist/fwidbmgr/include/Grid.h:1595) Configuring grid: angstrom
2020-01-19 05:06:42,524 null [INFO] (/home/meteo/dev/redist/fwidbmgr/include/Grid.h:1695) Grid angstrom configured.
2020-01-19 05:06:42,551 null [INFO] (/home/meteo/dev/redist/fwidbmgr/include/Grid.h:1595) Configuring grid: sharples
2020-01-19 05:06:42,551 null [INFO] (/home/meteo/dev/redist/fwidbmgr/include/Grid.h:1695) Grid sharples configured.
2020-01-19 05:06:42,570 null [INFO] (/home/meteo/dev/redist/fwidbmgr/include/Grid.h:1595) Configuring grid: fmi
2020-01-19 05:06:42,570 null [INFO] (/home/meteo/dev/redist/fwidbmgr/include/Grid.h:1695) Grid fmi configured.
2020-01-19 05:06:42,590 null [INFO] (../src/fwidbmgr.cpp:5600) OK --> 20200118 indexes exported to files.
2020-01-19 05:06:42,590 null [INFO] (../src/fwidbmgr.cpp:5695) action exportidx took about 0 seconds.
2020-01-19 05:06:42,590 null [INFO] (../src/fwidbmgr.cpp:5699) Disconnected from database.
2020-01-19 05:06:56,426 null [INFO] (../src/fwidbmgr.cpp:5361) fwi db manager
2020-01-19 05:06:56,426 null [INFO] (../src/fwidbmgr.cpp:5365) Program home: /home/meteo/dev/redist/fwidbmgr
2020-01-19 05:06:56,427 null [INFO] (../src/fwidbmgr.cpp:5369) Auto convert: 1
2020-01-19 05:06:56,427 null [INFO] (../src/fwidbmgr.cpp:446) action: outimg.
2020-01-19 05:06:56,427 null [INFO] (../src/fwidbmgr.cpp:470) date: 20200118.
2020-01-19 05:06:56,427 null [INFO] (../src/fwidbmgr.cpp:322) Try to read: /home/meteo/dev/redist/fwidbmgr/config/fwidbmgr.conf.
2020-01-19 05:06:56,428 null [INFO] (../src/fwidbmgr.cpp:5393) Configuration parsing: OK.
2020-01-19 05:06:56,433 null [INFO] (../src/fwidbmgr.cpp:5478) Connected to database
2020-01-19 05:06:56,433 null [INFO] (../src/fwidbmgr.cpp:5480) Manage data for date: 20200118.
2020-01-19 05:06:56,434 null [INFO] (../src/fwidbmgr.cpp:5566) Importing fwi indexes images in database.
2020-01-19 05:06:56,502 null [INFO] (../src/fwidbmgr.cpp:5570) OK --> 20200118 images imported.
2020-01-19 05:06:56,502 null [INFO] (../src/fwidbmgr.cpp:5695) action outimg took about 0 seconds.
2020-01-19 05:06:56,502 null [INFO] (../src/fwidbmgr.cpp:5699) Disconnected from database.
2020-01-19 05:37:01,534 null [INFO] (../src/fwidbmgr.cpp:5361) fwi db manager
2020-01-19 05:37:01,534 null [INFO] (../src/fwidbmgr.cpp:5365) Program home: /home/meteo/dev/redist/fwidbmgr
2020-01-19 05:37:01,534 null [INFO] (../src/fwidbmgr.cpp:5369) Auto convert: 1
2020-01-19 05:37:01,534 null [INFO] (../src/fwidbmgr.cpp:446) action: outimg.
2020-01-19 05:37:01,534 null [INFO] (../src/fwidbmgr.cpp:470) date: 20200118.
2020-01-19 05:37:01,534 null [INFO] (../src/fwidbmgr.cpp:322) Try to read: /home/meteo/dev/redist/fwidbmgr/config/fwidbmgr.conf.
2020-01-19 05:37:01,535 null [INFO] (../src/fwidbmgr.cpp:5393) Configuration parsing: OK.
2020-01-19 05:37:01,542 null [INFO] (../src/fwidbmgr.cpp:5478) Connected to database
2020-01-19 05:37:01,542 null [INFO] (../src/fwidbmgr.cpp:5480) Manage data for date: 20200118.
2020-01-19 05:37:01,542 null [INFO] (../src/fwidbmgr.cpp:5566) Importing fwi indexes images in database.
2020-01-19 05:37:01,595 null [INFO] (../src/fwidbmgr.cpp:5570) OK --> 20200118 images imported.
2020-01-19 05:37:01,595 null [INFO] (../src/fwidbmgr.cpp:5695) action outimg took about 0 seconds.
2020-01-19 05:37:01,595 null [INFO] (../src/fwidbmgr.cpp:5699) Disconnected from database.
2020-01-19 06:05:01,732 null [INFO] (../src/fwidbmgr.cpp:5361) fwi db manager
2020-01-19 06:05:01,732 null [INFO] (../src/fwidbmgr.cpp:5365) Program home: /home/meteo/dev/redist/fwidbmgr
2020-01-19 06:05:01,732 null [INFO] (../src/fwidbmgr.cpp:5369) Auto convert: 1
2020-01-19 06:05:01,732 null [INFO] (../src/fwidbmgr.cpp:446) action: outimg.
2020-01-19 06:05:01,732 null [INFO] (../src/fwidbmgr.cpp:470) date: 20200118.
2020-01-19 06:05:01,732 null [INFO] (../src/fwidbmgr.cpp:322) Try to read: /home/meteo/dev/redist/fwidbmgr/config/fwidbmgr.conf.
2020-01-19 06:05:01,733 null [INFO] (../src/fwidbmgr.cpp:5393) Configuration parsing: OK.
2020-01-19 06:05:01,740 null [INFO] (../src/fwidbmgr.cpp:5478) Connected to database
2020-01-19 06:05:01,740 null [INFO] (../src/fwidbmgr.cpp:5480) Manage data for date: 20200118.
2020-01-19 06:05:01,740 null [INFO] (../src/fwidbmgr.cpp:5566) Importing fwi indexes images in database.
2020-01-19 06:05:01,793 null [INFO] (../src/fwidbmgr.cpp:5570) OK --> 20200118 images imported.
2020-01-19 06:05:01,793 null [INFO] (../src/fwidbmgr.cpp:5695) action outimg took about 0 seconds.
2020-01-19 06:05:01,793 null [INFO] (../src/fwidbmgr.cpp:5699) Disconnected from database.
2020-01-19 06:37:01,923 null [INFO] (../src/fwidbmgr.cpp:5361) fwi db manager
2020-01-19 06:37:01,923 null [INFO] (../src/fwidbmgr.cpp:5365) Program home: /home/meteo/dev/redist/fwidbmgr
2020-01-19 06:37:01,923 null [INFO] (../src/fwidbmgr.cpp:5369) Auto convert: 1
2020-01-19 06:37:01,923 null [INFO] (../src/fwidbmgr.cpp:446) action: outimg.
2020-01-19 06:37:01,923 null [INFO] (../src/fwidbmgr.cpp:470) date: 20200118.
2020-01-19 06:37:01,923 null [INFO] (../src/fwidbmgr.cpp:322) Try to read: /home/meteo/dev/redist/fwidbmgr/config/fwidbmgr.conf.
2020-01-19 06:37:01,924 null [INFO] (../src/fwidbmgr.cpp:5393) Configuration parsing: OK.
2020-01-19 06:37:01,930 null [INFO] (../src/fwidbmgr.cpp:5478) Connected to database
2020-01-19 06:37:01,930 null [INFO] (../src/fwidbmgr.cpp:5480) Manage data for date: 20200118.
2020-01-19 06:37:01,930 null [INFO] (../src/fwidbmgr.cpp:5566) Importing fwi indexes images in database.
2020-01-19 06:37:01,986 null [INFO] (../src/fwidbmgr.cpp:5570) OK --> 20200118 images imported.
2020-01-19 06:37:01,986 null [INFO] (../src/fwidbmgr.cpp:5695) action outimg took about 0 seconds.
2020-01-19 06:37:01,986 null [INFO] (../src/fwidbmgr.cpp:5699) Disconnected from database.
2020-01-19 07:05:01,734 null [INFO] (../src/fwidbmgr.cpp:5361) fwi db manager
2020-01-19 07:05:01,734 null [INFO] (../src/fwidbmgr.cpp:5365) Program home: /home/meteo/dev/redist/fwidbmgr
2020-01-19 07:05:01,734 null [INFO] (../src/fwidbmgr.cpp:5369) Auto convert: 1
2020-01-19 07:05:01,734 null [INFO] (../src/fwidbmgr.cpp:446) action: outimg.
2020-01-19 07:05:01,734 null [INFO] (../src/fwidbmgr.cpp:470) date: 20200118.
2020-01-19 07:05:01,734 null [INFO] (../src/fwidbmgr.cpp:322) Try to read: /home/meteo/dev/redist/fwidbmgr/config/fwidbmgr.conf.
2020-01-19 07:05:01,736 null [INFO] (../src/fwidbmgr.cpp:5393) Configuration parsing: OK.
2020-01-19 07:05:01,743 null [INFO] (../src/fwidbmgr.cpp:5478) Connected to database
2020-01-19 07:05:01,743 null [INFO] (../src/fwidbmgr.cpp:5480) Manage data for date: 20200118.
2020-01-19 07:05:01,743 null [INFO] (../src/fwidbmgr.cpp:5566) Importing fwi indexes images in database.
2020-01-19 07:05:01,800 null [INFO] (../src/fwidbmgr.cpp:5570) OK --> 20200118 images imported.
2020-01-19 07:05:01,800 null [INFO] (../src/fwidbmgr.cpp:5695) action outimg took about 0 seconds.
2020-01-19 07:05:01,800 null [INFO] (../src/fwidbmgr.cpp:5699) Disconnected from database.
2020-01-19 07:37:01,924 null [INFO] (../src/fwidbmgr.cpp:5361) fwi db manager
2020-01-19 07:37:01,924 null [INFO] (../src/fwidbmgr.cpp:5365) Program home: /home/meteo/dev/redist/fwidbmgr
2020-01-19 07:37:01,924 null [INFO] (../src/fwidbmgr.cpp:5369) Auto convert: 1
2020-01-19 07:37:01,924 null [INFO] (../src/fwidbmgr.cpp:446) action: outimg.
2020-01-19 07:37:01,924 null [INFO] (../src/fwidbmgr.cpp:470) date: 20200118.
2020-01-19 07:37:01,925 null [INFO] (../src/fwidbmgr.cpp:322) Try to read: /home/meteo/dev/redist/fwidbmgr/config/fwidbmgr.conf.
2020-01-19 07:37:01,926 null [INFO] (../src/fwidbmgr.cpp:5393) Configuration parsing: OK.
2020-01-19 07:37:01,931 null [INFO] (../src/fwidbmgr.cpp:5478) Connected to database
2020-01-19 07:37:01,931 null [INFO] (../src/fwidbmgr.cpp:5480) Manage data for date: 20200118.
2020-01-19 07:37:01,931 null [INFO] (../src/fwidbmgr.cpp:5566) Importing fwi indexes images in database.
2020-01-19 07:37:01,989 null [INFO] (../src/fwidbmgr.cpp:5570) OK --> 20200118 images imported.
2020-01-19 07:37:01,989 null [INFO] (../src/fwidbmgr.cpp:5695) action outimg took about 0 seconds.
2020-01-19 07:37:01,990 null [INFO] (../src/fwidbmgr.cpp:5699) Disconnected from database.
