2019-03-28 05:05:46,165 null [INFO] (../src/fwidbmgr.cpp:5361) fwi db manager
2019-03-28 05:05:46,165 null [INFO] (../src/fwidbmgr.cpp:5365) Program home: /home/meteo/dev/redist/fwidbmgr
2019-03-28 05:05:46,165 null [INFO] (../src/fwidbmgr.cpp:5369) Auto convert: 1
2019-03-28 05:05:46,165 null [INFO] (../src/fwidbmgr.cpp:446) action: in.
2019-03-28 05:05:46,165 null [INFO] (../src/fwidbmgr.cpp:470) date: 20190327.
2019-03-28 05:05:46,165 null [INFO] (../src/fwidbmgr.cpp:322) Try to read: /home/meteo/dev/redist/fwidbmgr/config/fwidbmgr.conf.
2019-03-28 05:05:46,170 null [INFO] (../src/fwidbmgr.cpp:5393) Configuration parsing: OK.
2019-03-28 05:05:46,185 null [INFO] (../src/fwidbmgr.cpp:5478) Connected to database
2019-03-28 05:05:46,185 null [INFO] (../src/fwidbmgr.cpp:5480) Manage data for date: 20190327.
2019-03-28 05:05:46,186 null [INFO] (../src/fwidbmgr.cpp:5536) Importing meteo data in database for day: 20190327.
2019-03-28 05:05:46,190 null [INFO] (/home/meteo/dev/redist/fwidbmgr/include/Grid.h:1595) Configuring grid: snow
2019-03-28 05:05:46,190 null [INFO] (/home/meteo/dev/redist/fwidbmgr/include/Grid.h:1695) Grid snow configured.
2019-03-28 05:05:46,200 null [INFO] (/home/meteo/dev/redist/fwidbmgr/include/Grid.h:1595) Configuring grid: snow_covering
2019-03-28 05:05:46,200 null [INFO] (/home/meteo/dev/redist/fwidbmgr/include/Grid.h:1695) Grid snow_covering configured.
2019-03-28 05:05:46,207 null [INFO] (/home/meteo/dev/redist/fwidbmgr/include/Grid.h:1595) Configuring grid: snow_dissolution
2019-03-28 05:05:46,207 null [INFO] (/home/meteo/dev/redist/fwidbmgr/include/Grid.h:1695) Grid snow_dissolution configured.
2019-03-28 05:05:46,220 null [INFO] (/home/meteo/dev/redist/fwidbmgr/include/Grid.h:1595) Configuring grid: temperature
2019-03-28 05:05:46,220 null [INFO] (/home/meteo/dev/redist/fwidbmgr/include/Grid.h:1695) Grid temperature configured.
2019-03-28 05:05:46,223 null [INFO] (/home/meteo/dev/redist/fwidbmgr/include/Grid.h:1595) Configuring grid: humidity
2019-03-28 05:05:46,223 null [INFO] (/home/meteo/dev/redist/fwidbmgr/include/Grid.h:1695) Grid humidity configured.
2019-03-28 05:05:46,229 null [INFO] (/home/meteo/dev/redist/fwidbmgr/include/Grid.h:1595) Configuring grid: windspeed
2019-03-28 05:05:46,229 null [INFO] (/home/meteo/dev/redist/fwidbmgr/include/Grid.h:1695) Grid windspeed configured.
2019-03-28 05:05:46,243 null [INFO] (/home/meteo/dev/redist/fwidbmgr/include/Grid.h:1595) Configuring grid: rain
2019-03-28 05:05:46,243 null [INFO] (/home/meteo/dev/redist/fwidbmgr/include/Grid.h:1695) Grid rain configured.
2019-03-28 05:05:46,245 null [INFO] (/home/meteo/dev/redist/fwidbmgr/include/Grid.h:1595) Configuring grid: cum_rain
2019-03-28 05:05:46,245 null [INFO] (/home/meteo/dev/redist/fwidbmgr/include/Grid.h:1695) Grid cum_rain configured.
2019-03-28 05:05:46,418 null [INFO] (../src/fwidbmgr.cpp:1518) Storing meteo input ...
2019-03-28 05:05:52,366 null [INFO] (../src/fwidbmgr.cpp:5540) OK --> 20190327 data imported.
2019-03-28 05:05:52,388 null [INFO] (../src/fwidbmgr.cpp:5695) action in took about 6 seconds.
2019-03-28 05:05:52,407 null [INFO] (../src/fwidbmgr.cpp:5699) Disconnected from database.
2019-03-28 05:06:28,807 null [INFO] (../src/fwidbmgr.cpp:5361) fwi db manager
2019-03-28 05:06:28,807 null [INFO] (../src/fwidbmgr.cpp:5365) Program home: /home/meteo/dev/redist/fwidbmgr
2019-03-28 05:06:28,807 null [INFO] (../src/fwidbmgr.cpp:5369) Auto convert: 1
2019-03-28 05:06:28,807 null [INFO] (../src/fwidbmgr.cpp:446) action: out.
2019-03-28 05:06:28,807 null [INFO] (../src/fwidbmgr.cpp:470) date: 20190327.
2019-03-28 05:06:28,807 null [INFO] (../src/fwidbmgr.cpp:322) Try to read: /home/meteo/dev/redist/fwidbmgr/config/fwidbmgr.conf.
2019-03-28 05:06:28,809 null [INFO] (../src/fwidbmgr.cpp:5393) Configuration parsing: OK.
2019-03-28 05:06:28,842 null [INFO] (../src/fwidbmgr.cpp:5478) Connected to database
2019-03-28 05:06:28,842 null [INFO] (../src/fwidbmgr.cpp:5480) Manage data for date: 20190327.
2019-03-28 05:06:28,842 null [INFO] (../src/fwidbmgr.cpp:5551) Importing fwi indexes data in database for day: 20190327.
2019-03-28 05:06:28,846 null [INFO] (/home/meteo/dev/redist/fwidbmgr/include/Grid.h:1595) Configuring grid: isi
2019-03-28 05:06:28,846 null [INFO] (/home/meteo/dev/redist/fwidbmgr/include/Grid.h:1695) Grid isi configured.
2019-03-28 05:06:28,859 null [INFO] (/home/meteo/dev/redist/fwidbmgr/include/Grid.h:1595) Configuring grid: fwi
2019-03-28 05:06:28,859 null [INFO] (/home/meteo/dev/redist/fwidbmgr/include/Grid.h:1695) Grid fwi configured.
2019-03-28 05:06:28,866 null [INFO] (/home/meteo/dev/redist/fwidbmgr/include/Grid.h:1595) Configuring grid: ffmc
2019-03-28 05:06:28,866 null [INFO] (/home/meteo/dev/redist/fwidbmgr/include/Grid.h:1695) Grid ffmc configured.
2019-03-28 05:06:28,873 null [INFO] (/home/meteo/dev/redist/fwidbmgr/include/Grid.h:1595) Configuring grid: dmc
2019-03-28 05:06:28,873 null [INFO] (/home/meteo/dev/redist/fwidbmgr/include/Grid.h:1695) Grid dmc configured.
2019-03-28 05:06:28,879 null [INFO] (/home/meteo/dev/redist/fwidbmgr/include/Grid.h:1595) Configuring grid: dc
2019-03-28 05:06:28,879 null [INFO] (/home/meteo/dev/redist/fwidbmgr/include/Grid.h:1695) Grid dc configured.
2019-03-28 05:06:28,886 null [INFO] (/home/meteo/dev/redist/fwidbmgr/include/Grid.h:1595) Configuring grid: bui
2019-03-28 05:06:28,886 null [INFO] (/home/meteo/dev/redist/fwidbmgr/include/Grid.h:1695) Grid bui configured.
2019-03-28 05:06:28,893 null [INFO] (/home/meteo/dev/redist/fwidbmgr/include/Grid.h:1595) Configuring grid: ffmc_tmp
2019-03-28 05:06:28,893 null [INFO] (/home/meteo/dev/redist/fwidbmgr/include/Grid.h:1695) Grid ffmc_tmp configured.
2019-03-28 05:06:28,905 null [INFO] (/home/meteo/dev/redist/fwidbmgr/include/Grid.h:1595) Configuring grid: dmc_tmp
2019-03-28 05:06:28,905 null [INFO] (/home/meteo/dev/redist/fwidbmgr/include/Grid.h:1695) Grid dmc_tmp configured.
2019-03-28 05:06:28,916 null [INFO] (/home/meteo/dev/redist/fwidbmgr/include/Grid.h:1595) Configuring grid: dc_tmp
2019-03-28 05:06:28,916 null [INFO] (/home/meteo/dev/redist/fwidbmgr/include/Grid.h:1695) Grid dc_tmp configured.
2019-03-28 05:06:28,928 null [INFO] (/home/meteo/dev/redist/fwidbmgr/include/Grid.h:1595) Configuring grid: idi
2019-03-28 05:06:28,928 null [INFO] (/home/meteo/dev/redist/fwidbmgr/include/Grid.h:1695) Grid idi configured.
2019-03-28 05:06:29,098 null [INFO] (../src/fwidbmgr.cpp:2081) Storing FWI indexes ...
2019-03-28 05:06:32,652 null [INFO] (../src/fwidbmgr.cpp:5555) OK --> 20190327 data imported.
2019-03-28 05:06:32,652 null [INFO] (../src/fwidbmgr.cpp:5695) action out took about 4 seconds.
2019-03-28 05:06:32,653 null [INFO] (../src/fwidbmgr.cpp:5699) Disconnected from database.
2019-03-28 05:06:32,669 null [INFO] (../src/fwidbmgr.cpp:5361) fwi db manager
2019-03-28 05:06:32,669 null [INFO] (../src/fwidbmgr.cpp:5365) Program home: /home/meteo/dev/redist/fwidbmgr
2019-03-28 05:06:32,669 null [INFO] (../src/fwidbmgr.cpp:5369) Auto convert: 1
2019-03-28 05:06:32,669 null [INFO] (../src/fwidbmgr.cpp:446) action: computeidx.
2019-03-28 05:06:32,669 null [INFO] (../src/fwidbmgr.cpp:470) date: 20190327.
2019-03-28 05:06:32,669 null [INFO] (../src/fwidbmgr.cpp:322) Try to read: /home/meteo/dev/redist/fwidbmgr/config/fwidbmgr.conf.
2019-03-28 05:06:32,670 null [INFO] (../src/fwidbmgr.cpp:5393) Configuration parsing: OK.
2019-03-28 05:06:32,675 null [INFO] (../src/fwidbmgr.cpp:5478) Connected to database
2019-03-28 05:06:32,675 null [INFO] (../src/fwidbmgr.cpp:5480) Manage data for date: 20190327.
2019-03-28 05:06:32,675 null [INFO] (../src/fwidbmgr.cpp:5656) Computing indexes.
2019-03-28 05:06:32,677 null [INFO] (/home/meteo/dev/redist/fwidbmgr/include/Grid.h:1595) Configuring grid: isi
2019-03-28 05:06:32,678 null [INFO] (/home/meteo/dev/redist/fwidbmgr/include/Grid.h:1695) Grid isi configured.
2019-03-28 05:06:32,680 null [INFO] (/home/meteo/dev/redist/fwidbmgr/include/Grid.h:1595) Configuring grid: fwi
2019-03-28 05:06:32,680 null [INFO] (/home/meteo/dev/redist/fwidbmgr/include/Grid.h:1695) Grid fwi configured.
2019-03-28 05:06:32,682 null [INFO] (/home/meteo/dev/redist/fwidbmgr/include/Grid.h:1595) Configuring grid: ffmc
2019-03-28 05:06:32,682 null [INFO] (/home/meteo/dev/redist/fwidbmgr/include/Grid.h:1695) Grid ffmc configured.
2019-03-28 05:06:32,683 null [INFO] (/home/meteo/dev/redist/fwidbmgr/include/Grid.h:1595) Configuring grid: dmc
2019-03-28 05:06:32,683 null [INFO] (/home/meteo/dev/redist/fwidbmgr/include/Grid.h:1695) Grid dmc configured.
2019-03-28 05:06:32,684 null [INFO] (/home/meteo/dev/redist/fwidbmgr/include/Grid.h:1595) Configuring grid: dc
2019-03-28 05:06:32,684 null [INFO] (/home/meteo/dev/redist/fwidbmgr/include/Grid.h:1695) Grid dc configured.
2019-03-28 05:06:32,685 null [INFO] (/home/meteo/dev/redist/fwidbmgr/include/Grid.h:1595) Configuring grid: bui
2019-03-28 05:06:32,685 null [INFO] (/home/meteo/dev/redist/fwidbmgr/include/Grid.h:1695) Grid bui configured.
2019-03-28 05:06:32,686 null [INFO] (/home/meteo/dev/redist/fwidbmgr/include/Grid.h:1595) Configuring grid: ffmc_tmp
2019-03-28 05:06:32,686 null [INFO] (/home/meteo/dev/redist/fwidbmgr/include/Grid.h:1695) Grid ffmc_tmp configured.
2019-03-28 05:06:32,687 null [INFO] (/home/meteo/dev/redist/fwidbmgr/include/Grid.h:1595) Configuring grid: dmc_tmp
2019-03-28 05:06:32,687 null [INFO] (/home/meteo/dev/redist/fwidbmgr/include/Grid.h:1695) Grid dmc_tmp configured.
2019-03-28 05:06:32,688 null [INFO] (/home/meteo/dev/redist/fwidbmgr/include/Grid.h:1595) Configuring grid: dc_tmp
2019-03-28 05:06:32,688 null [INFO] (/home/meteo/dev/redist/fwidbmgr/include/Grid.h:1695) Grid dc_tmp configured.
2019-03-28 05:06:32,689 null [INFO] (/home/meteo/dev/redist/fwidbmgr/include/Grid.h:1595) Configuring grid: idi
2019-03-28 05:06:32,689 null [INFO] (/home/meteo/dev/redist/fwidbmgr/include/Grid.h:1695) Grid idi configured.
2019-03-28 05:06:32,690 null [INFO] (/home/meteo/dev/redist/fwidbmgr/include/Grid.h:1595) Configuring grid: angstrom
2019-03-28 05:06:32,690 null [INFO] (/home/meteo/dev/redist/fwidbmgr/include/Grid.h:1695) Grid angstrom configured.
2019-03-28 05:06:32,691 null [INFO] (/home/meteo/dev/redist/fwidbmgr/include/Grid.h:1595) Configuring grid: fmi
2019-03-28 05:06:32,691 null [INFO] (/home/meteo/dev/redist/fwidbmgr/include/Grid.h:1695) Grid fmi configured.
2019-03-28 05:06:32,692 null [INFO] (/home/meteo/dev/redist/fwidbmgr/include/Grid.h:1595) Configuring grid: sharples
2019-03-28 05:06:32,692 null [INFO] (/home/meteo/dev/redist/fwidbmgr/include/Grid.h:1695) Grid sharples configured.
2019-03-28 05:06:33,058 null [INFO] (/home/meteo/dev/redist/fwidbmgr/include/Grid.h:1595) Configuring grid: snow
2019-03-28 05:06:33,058 null [INFO] (/home/meteo/dev/redist/fwidbmgr/include/Grid.h:1695) Grid snow configured.
2019-03-28 05:06:33,058 null [INFO] (/home/meteo/dev/redist/fwidbmgr/include/Grid.h:1595) Configuring grid: snow_covering
2019-03-28 05:06:33,058 null [INFO] (/home/meteo/dev/redist/fwidbmgr/include/Grid.h:1695) Grid snow_covering configured.
2019-03-28 05:06:33,058 null [INFO] (/home/meteo/dev/redist/fwidbmgr/include/Grid.h:1595) Configuring grid: snow_dissolution
2019-03-28 05:06:33,058 null [INFO] (/home/meteo/dev/redist/fwidbmgr/include/Grid.h:1695) Grid snow_dissolution configured.
2019-03-28 05:06:33,058 null [INFO] (/home/meteo/dev/redist/fwidbmgr/include/Grid.h:1595) Configuring grid: temperature
2019-03-28 05:06:33,058 null [INFO] (/home/meteo/dev/redist/fwidbmgr/include/Grid.h:1695) Grid temperature configured.
2019-03-28 05:06:33,058 null [INFO] (/home/meteo/dev/redist/fwidbmgr/include/Grid.h:1595) Configuring grid: humidity
2019-03-28 05:06:33,058 null [INFO] (/home/meteo/dev/redist/fwidbmgr/include/Grid.h:1695) Grid humidity configured.
2019-03-28 05:06:33,058 null [INFO] (/home/meteo/dev/redist/fwidbmgr/include/Grid.h:1595) Configuring grid: windspeed
2019-03-28 05:06:33,058 null [INFO] (/home/meteo/dev/redist/fwidbmgr/include/Grid.h:1695) Grid windspeed configured.
2019-03-28 05:06:33,058 null [INFO] (/home/meteo/dev/redist/fwidbmgr/include/Grid.h:1595) Configuring grid: rain
2019-03-28 05:06:33,058 null [INFO] (/home/meteo/dev/redist/fwidbmgr/include/Grid.h:1695) Grid rain configured.
2019-03-28 05:06:33,058 null [INFO] (/home/meteo/dev/redist/fwidbmgr/include/Grid.h:1595) Configuring grid: cum_rain
2019-03-28 05:06:33,058 null [INFO] (/home/meteo/dev/redist/fwidbmgr/include/Grid.h:1695) Grid cum_rain configured.
2019-03-28 05:07:25,807 null [INFO] (../src/fwidbmgr.cpp:5660) OK --> 20190327 indexes computed.
2019-03-28 05:07:25,807 null [INFO] (../src/fwidbmgr.cpp:5695) action computeidx took about 53 seconds.
2019-03-28 05:07:25,807 null [INFO] (../src/fwidbmgr.cpp:5699) Disconnected from database.
2019-03-28 05:07:25,821 null [INFO] (../src/fwidbmgr.cpp:5361) fwi db manager
2019-03-28 05:07:25,821 null [INFO] (../src/fwidbmgr.cpp:5365) Program home: /home/meteo/dev/redist/fwidbmgr
2019-03-28 05:07:25,821 null [INFO] (../src/fwidbmgr.cpp:5369) Auto convert: 1
2019-03-28 05:07:25,821 null [INFO] (../src/fwidbmgr.cpp:446) action: exportidx.
2019-03-28 05:07:25,821 null [INFO] (../src/fwidbmgr.cpp:470) date: 20190327.
2019-03-28 05:07:25,821 null [INFO] (../src/fwidbmgr.cpp:322) Try to read: /home/meteo/dev/redist/fwidbmgr/config/fwidbmgr.conf.
2019-03-28 05:07:25,822 null [INFO] (../src/fwidbmgr.cpp:5393) Configuration parsing: OK.
2019-03-28 05:07:25,824 null [INFO] (../src/fwidbmgr.cpp:5478) Connected to database
2019-03-28 05:07:25,824 null [INFO] (../src/fwidbmgr.cpp:5480) Manage data for date: 20190327.
2019-03-28 05:07:25,824 null [INFO] (../src/fwidbmgr.cpp:5596) Exporting indexes.
2019-03-28 05:07:25,826 null [INFO] (/home/meteo/dev/redist/fwidbmgr/include/Grid.h:1595) Configuring grid: isi
2019-03-28 05:07:25,826 null [INFO] (/home/meteo/dev/redist/fwidbmgr/include/Grid.h:1695) Grid isi configured.
2019-03-28 05:07:25,827 null [INFO] (/home/meteo/dev/redist/fwidbmgr/include/Grid.h:1595) Configuring grid: fwi
2019-03-28 05:07:25,827 null [INFO] (/home/meteo/dev/redist/fwidbmgr/include/Grid.h:1695) Grid fwi configured.
2019-03-28 05:07:25,828 null [INFO] (/home/meteo/dev/redist/fwidbmgr/include/Grid.h:1595) Configuring grid: ffmc
2019-03-28 05:07:25,828 null [INFO] (/home/meteo/dev/redist/fwidbmgr/include/Grid.h:1695) Grid ffmc configured.
2019-03-28 05:07:25,829 null [INFO] (/home/meteo/dev/redist/fwidbmgr/include/Grid.h:1595) Configuring grid: dmc
2019-03-28 05:07:25,829 null [INFO] (/home/meteo/dev/redist/fwidbmgr/include/Grid.h:1695) Grid dmc configured.
2019-03-28 05:07:25,830 null [INFO] (/home/meteo/dev/redist/fwidbmgr/include/Grid.h:1595) Configuring grid: dc
2019-03-28 05:07:25,831 null [INFO] (/home/meteo/dev/redist/fwidbmgr/include/Grid.h:1695) Grid dc configured.
2019-03-28 05:07:25,832 null [INFO] (/home/meteo/dev/redist/fwidbmgr/include/Grid.h:1595) Configuring grid: bui
2019-03-28 05:07:25,832 null [INFO] (/home/meteo/dev/redist/fwidbmgr/include/Grid.h:1695) Grid bui configured.
2019-03-28 05:07:25,833 null [INFO] (/home/meteo/dev/redist/fwidbmgr/include/Grid.h:1595) Configuring grid: ffmc_tmp
2019-03-28 05:07:25,833 null [INFO] (/home/meteo/dev/redist/fwidbmgr/include/Grid.h:1695) Grid ffmc_tmp configured.
2019-03-28 05:07:25,834 null [INFO] (/home/meteo/dev/redist/fwidbmgr/include/Grid.h:1595) Configuring grid: dmc_tmp
2019-03-28 05:07:25,834 null [INFO] (/home/meteo/dev/redist/fwidbmgr/include/Grid.h:1695) Grid dmc_tmp configured.
2019-03-28 05:07:25,835 null [INFO] (/home/meteo/dev/redist/fwidbmgr/include/Grid.h:1595) Configuring grid: dc_tmp
2019-03-28 05:07:25,835 null [INFO] (/home/meteo/dev/redist/fwidbmgr/include/Grid.h:1695) Grid dc_tmp configured.
2019-03-28 05:07:25,836 null [INFO] (/home/meteo/dev/redist/fwidbmgr/include/Grid.h:1595) Configuring grid: idi
2019-03-28 05:07:25,836 null [INFO] (/home/meteo/dev/redist/fwidbmgr/include/Grid.h:1695) Grid idi configured.
2019-03-28 05:07:25,837 null [INFO] (/home/meteo/dev/redist/fwidbmgr/include/Grid.h:1595) Configuring grid: angstrom
2019-03-28 05:07:25,837 null [INFO] (/home/meteo/dev/redist/fwidbmgr/include/Grid.h:1695) Grid angstrom configured.
2019-03-28 05:07:25,838 null [INFO] (/home/meteo/dev/redist/fwidbmgr/include/Grid.h:1595) Configuring grid: fmi
2019-03-28 05:07:25,838 null [INFO] (/home/meteo/dev/redist/fwidbmgr/include/Grid.h:1695) Grid fmi configured.
2019-03-28 05:07:25,839 null [INFO] (/home/meteo/dev/redist/fwidbmgr/include/Grid.h:1595) Configuring grid: sharples
2019-03-28 05:07:25,839 null [INFO] (/home/meteo/dev/redist/fwidbmgr/include/Grid.h:1695) Grid sharples configured.
2019-03-28 05:07:26,462 null [INFO] (/home/meteo/dev/redist/fwidbmgr/include/Grid.h:1595) Configuring grid: isi
2019-03-28 05:07:26,462 null [INFO] (/home/meteo/dev/redist/fwidbmgr/include/Grid.h:1695) Grid isi configured.
2019-03-28 05:07:26,481 null [INFO] (/home/meteo/dev/redist/fwidbmgr/include/Grid.h:1595) Configuring grid: fwi
2019-03-28 05:07:26,481 null [INFO] (/home/meteo/dev/redist/fwidbmgr/include/Grid.h:1695) Grid fwi configured.
2019-03-28 05:07:26,501 null [INFO] (/home/meteo/dev/redist/fwidbmgr/include/Grid.h:1595) Configuring grid: ffmc
2019-03-28 05:07:26,501 null [INFO] (/home/meteo/dev/redist/fwidbmgr/include/Grid.h:1695) Grid ffmc configured.
2019-03-28 05:07:26,522 null [INFO] (/home/meteo/dev/redist/fwidbmgr/include/Grid.h:1595) Configuring grid: dmc
2019-03-28 05:07:26,522 null [INFO] (/home/meteo/dev/redist/fwidbmgr/include/Grid.h:1695) Grid dmc configured.
2019-03-28 05:07:26,542 null [INFO] (/home/meteo/dev/redist/fwidbmgr/include/Grid.h:1595) Configuring grid: dc
2019-03-28 05:07:26,542 null [INFO] (/home/meteo/dev/redist/fwidbmgr/include/Grid.h:1695) Grid dc configured.
2019-03-28 05:07:26,562 null [INFO] (/home/meteo/dev/redist/fwidbmgr/include/Grid.h:1595) Configuring grid: bui
2019-03-28 05:07:26,562 null [INFO] (/home/meteo/dev/redist/fwidbmgr/include/Grid.h:1695) Grid bui configured.
2019-03-28 05:07:26,582 null [INFO] (/home/meteo/dev/redist/fwidbmgr/include/Grid.h:1595) Configuring grid: ffmc_tmp
2019-03-28 05:07:26,582 null [INFO] (/home/meteo/dev/redist/fwidbmgr/include/Grid.h:1695) Grid ffmc_tmp configured.
2019-03-28 05:07:26,602 null [INFO] (/home/meteo/dev/redist/fwidbmgr/include/Grid.h:1595) Configuring grid: dmc_tmp
2019-03-28 05:07:26,602 null [INFO] (/home/meteo/dev/redist/fwidbmgr/include/Grid.h:1695) Grid dmc_tmp configured.
2019-03-28 05:07:26,622 null [INFO] (/home/meteo/dev/redist/fwidbmgr/include/Grid.h:1595) Configuring grid: dc_tmp
2019-03-28 05:07:26,622 null [INFO] (/home/meteo/dev/redist/fwidbmgr/include/Grid.h:1695) Grid dc_tmp configured.
2019-03-28 05:07:26,641 null [INFO] (/home/meteo/dev/redist/fwidbmgr/include/Grid.h:1595) Configuring grid: angstrom
2019-03-28 05:07:26,641 null [INFO] (/home/meteo/dev/redist/fwidbmgr/include/Grid.h:1695) Grid angstrom configured.
2019-03-28 05:07:26,670 null [INFO] (/home/meteo/dev/redist/fwidbmgr/include/Grid.h:1595) Configuring grid: sharples
2019-03-28 05:07:26,670 null [INFO] (/home/meteo/dev/redist/fwidbmgr/include/Grid.h:1695) Grid sharples configured.
2019-03-28 05:07:26,691 null [INFO] (/home/meteo/dev/redist/fwidbmgr/include/Grid.h:1595) Configuring grid: fmi
2019-03-28 05:07:26,691 null [INFO] (/home/meteo/dev/redist/fwidbmgr/include/Grid.h:1695) Grid fmi configured.
2019-03-28 05:07:26,713 null [INFO] (../src/fwidbmgr.cpp:5600) OK --> 20190327 indexes exported to files.
2019-03-28 05:07:26,713 null [INFO] (../src/fwidbmgr.cpp:5695) action exportidx took about 1 seconds.
2019-03-28 05:07:26,713 null [INFO] (../src/fwidbmgr.cpp:5699) Disconnected from database.
2019-03-28 05:07:39,991 null [INFO] (../src/fwidbmgr.cpp:5361) fwi db manager
2019-03-28 05:07:39,991 null [INFO] (../src/fwidbmgr.cpp:5365) Program home: /home/meteo/dev/redist/fwidbmgr
2019-03-28 05:07:39,991 null [INFO] (../src/fwidbmgr.cpp:5369) Auto convert: 1
2019-03-28 05:07:39,991 null [INFO] (../src/fwidbmgr.cpp:446) action: outimg.
2019-03-28 05:07:39,991 null [INFO] (../src/fwidbmgr.cpp:470) date: 20190327.
2019-03-28 05:07:39,991 null [INFO] (../src/fwidbmgr.cpp:322) Try to read: /home/meteo/dev/redist/fwidbmgr/config/fwidbmgr.conf.
2019-03-28 05:07:39,992 null [INFO] (../src/fwidbmgr.cpp:5393) Configuration parsing: OK.
2019-03-28 05:07:39,996 null [INFO] (../src/fwidbmgr.cpp:5478) Connected to database
2019-03-28 05:07:39,996 null [INFO] (../src/fwidbmgr.cpp:5480) Manage data for date: 20190327.
2019-03-28 05:07:39,996 null [INFO] (../src/fwidbmgr.cpp:5566) Importing fwi indexes images in database.
2019-03-28 05:07:40,041 null [INFO] (../src/fwidbmgr.cpp:5570) OK --> 20190327 images imported.
2019-03-28 05:07:40,041 null [INFO] (../src/fwidbmgr.cpp:5695) action outimg took about 1 seconds.
2019-03-28 05:07:40,041 null [INFO] (../src/fwidbmgr.cpp:5699) Disconnected from database.
2019-03-28 05:37:01,284 null [INFO] (../src/fwidbmgr.cpp:5361) fwi db manager
2019-03-28 05:37:01,284 null [INFO] (../src/fwidbmgr.cpp:5365) Program home: /home/meteo/dev/redist/fwidbmgr
2019-03-28 05:37:01,284 null [INFO] (../src/fwidbmgr.cpp:5369) Auto convert: 1
2019-03-28 05:37:01,284 null [INFO] (../src/fwidbmgr.cpp:446) action: outimg.
2019-03-28 05:37:01,284 null [INFO] (../src/fwidbmgr.cpp:470) date: 20190327.
2019-03-28 05:37:01,284 null [INFO] (../src/fwidbmgr.cpp:322) Try to read: /home/meteo/dev/redist/fwidbmgr/config/fwidbmgr.conf.
2019-03-28 05:37:01,285 null [INFO] (../src/fwidbmgr.cpp:5393) Configuration parsing: OK.
2019-03-28 05:37:01,290 null [INFO] (../src/fwidbmgr.cpp:5478) Connected to database
2019-03-28 05:37:01,290 null [INFO] (../src/fwidbmgr.cpp:5480) Manage data for date: 20190327.
2019-03-28 05:37:01,290 null [INFO] (../src/fwidbmgr.cpp:5566) Importing fwi indexes images in database.
2019-03-28 05:37:01,346 null [INFO] (../src/fwidbmgr.cpp:5570) OK --> 20190327 images imported.
2019-03-28 05:37:01,346 null [INFO] (../src/fwidbmgr.cpp:5695) action outimg took about 0 seconds.
2019-03-28 05:37:01,347 null [INFO] (../src/fwidbmgr.cpp:5699) Disconnected from database.
2019-03-28 06:05:01,477 null [INFO] (../src/fwidbmgr.cpp:5361) fwi db manager
2019-03-28 06:05:01,477 null [INFO] (../src/fwidbmgr.cpp:5365) Program home: /home/meteo/dev/redist/fwidbmgr
2019-03-28 06:05:01,478 null [INFO] (../src/fwidbmgr.cpp:5369) Auto convert: 1
2019-03-28 06:05:01,478 null [INFO] (../src/fwidbmgr.cpp:446) action: outimg.
2019-03-28 06:05:01,478 null [INFO] (../src/fwidbmgr.cpp:470) date: 20190327.
2019-03-28 06:05:01,478 null [INFO] (../src/fwidbmgr.cpp:322) Try to read: /home/meteo/dev/redist/fwidbmgr/config/fwidbmgr.conf.
2019-03-28 06:05:01,479 null [INFO] (../src/fwidbmgr.cpp:5393) Configuration parsing: OK.
2019-03-28 06:05:01,483 null [INFO] (../src/fwidbmgr.cpp:5478) Connected to database
2019-03-28 06:05:01,483 null [INFO] (../src/fwidbmgr.cpp:5480) Manage data for date: 20190327.
2019-03-28 06:05:01,483 null [INFO] (../src/fwidbmgr.cpp:5566) Importing fwi indexes images in database.
2019-03-28 06:05:01,534 null [INFO] (../src/fwidbmgr.cpp:5570) OK --> 20190327 images imported.
2019-03-28 06:05:01,534 null [INFO] (../src/fwidbmgr.cpp:5695) action outimg took about 0 seconds.
2019-03-28 06:05:01,535 null [INFO] (../src/fwidbmgr.cpp:5699) Disconnected from database.
2019-03-28 06:37:01,681 null [INFO] (../src/fwidbmgr.cpp:5361) fwi db manager
2019-03-28 06:37:01,681 null [INFO] (../src/fwidbmgr.cpp:5365) Program home: /home/meteo/dev/redist/fwidbmgr
2019-03-28 06:37:01,681 null [INFO] (../src/fwidbmgr.cpp:5369) Auto convert: 1
2019-03-28 06:37:01,681 null [INFO] (../src/fwidbmgr.cpp:446) action: outimg.
2019-03-28 06:37:01,681 null [INFO] (../src/fwidbmgr.cpp:470) date: 20190327.
2019-03-28 06:37:01,681 null [INFO] (../src/fwidbmgr.cpp:322) Try to read: /home/meteo/dev/redist/fwidbmgr/config/fwidbmgr.conf.
2019-03-28 06:37:01,682 null [INFO] (../src/fwidbmgr.cpp:5393) Configuration parsing: OK.
2019-03-28 06:37:01,686 null [INFO] (../src/fwidbmgr.cpp:5478) Connected to database
2019-03-28 06:37:01,686 null [INFO] (../src/fwidbmgr.cpp:5480) Manage data for date: 20190327.
2019-03-28 06:37:01,686 null [INFO] (../src/fwidbmgr.cpp:5566) Importing fwi indexes images in database.
2019-03-28 06:37:01,745 null [INFO] (../src/fwidbmgr.cpp:5570) OK --> 20190327 images imported.
2019-03-28 06:37:01,745 null [INFO] (../src/fwidbmgr.cpp:5695) action outimg took about 0 seconds.
2019-03-28 06:37:01,746 null [INFO] (../src/fwidbmgr.cpp:5699) Disconnected from database.
2019-03-28 07:05:01,522 null [INFO] (../src/fwidbmgr.cpp:5361) fwi db manager
2019-03-28 07:05:01,522 null [INFO] (../src/fwidbmgr.cpp:5365) Program home: /home/meteo/dev/redist/fwidbmgr
2019-03-28 07:05:01,522 null [INFO] (../src/fwidbmgr.cpp:5369) Auto convert: 1
2019-03-28 07:05:01,522 null [INFO] (../src/fwidbmgr.cpp:446) action: outimg.
2019-03-28 07:05:01,522 null [INFO] (../src/fwidbmgr.cpp:470) date: 20190327.
2019-03-28 07:05:01,522 null [INFO] (../src/fwidbmgr.cpp:322) Try to read: /home/meteo/dev/redist/fwidbmgr/config/fwidbmgr.conf.
2019-03-28 07:05:01,524 null [INFO] (../src/fwidbmgr.cpp:5393) Configuration parsing: OK.
2019-03-28 07:05:01,528 null [INFO] (../src/fwidbmgr.cpp:5478) Connected to database
2019-03-28 07:05:01,528 null [INFO] (../src/fwidbmgr.cpp:5480) Manage data for date: 20190327.
2019-03-28 07:05:01,528 null [INFO] (../src/fwidbmgr.cpp:5566) Importing fwi indexes images in database.
2019-03-28 07:05:01,601 null [INFO] (../src/fwidbmgr.cpp:5570) OK --> 20190327 images imported.
2019-03-28 07:05:01,601 null [INFO] (../src/fwidbmgr.cpp:5695) action outimg took about 0 seconds.
2019-03-28 07:05:01,602 null [INFO] (../src/fwidbmgr.cpp:5699) Disconnected from database.
2019-03-28 07:37:01,750 null [INFO] (../src/fwidbmgr.cpp:5361) fwi db manager
2019-03-28 07:37:01,751 null [INFO] (../src/fwidbmgr.cpp:5365) Program home: /home/meteo/dev/redist/fwidbmgr
2019-03-28 07:37:01,751 null [INFO] (../src/fwidbmgr.cpp:5369) Auto convert: 1
2019-03-28 07:37:01,751 null [INFO] (../src/fwidbmgr.cpp:446) action: outimg.
2019-03-28 07:37:01,751 null [INFO] (../src/fwidbmgr.cpp:470) date: 20190327.
2019-03-28 07:37:01,751 null [INFO] (../src/fwidbmgr.cpp:322) Try to read: /home/meteo/dev/redist/fwidbmgr/config/fwidbmgr.conf.
2019-03-28 07:37:01,752 null [INFO] (../src/fwidbmgr.cpp:5393) Configuration parsing: OK.
2019-03-28 07:37:01,757 null [INFO] (../src/fwidbmgr.cpp:5478) Connected to database
2019-03-28 07:37:01,757 null [INFO] (../src/fwidbmgr.cpp:5480) Manage data for date: 20190327.
2019-03-28 07:37:01,757 null [INFO] (../src/fwidbmgr.cpp:5566) Importing fwi indexes images in database.
2019-03-28 07:37:01,822 null [INFO] (../src/fwidbmgr.cpp:5570) OK --> 20190327 images imported.
2019-03-28 07:37:01,822 null [INFO] (../src/fwidbmgr.cpp:5695) action outimg took about 0 seconds.
2019-03-28 07:37:01,822 null [INFO] (../src/fwidbmgr.cpp:5699) Disconnected from database.
