2015-09-10 05:07:16,442 null [INFO] (../src/fwidbmgr.cpp:5207) fwi db manager
2015-09-10 05:07:16,443 null [INFO] (../src/fwidbmgr.cpp:5209) Program home: /home/meteo/dev/redist/fwidbmgr
2015-09-10 05:07:16,443 null [INFO] (../src/fwidbmgr.cpp:5211) Auto convert: 1
2015-09-10 05:07:16,443 null [INFO] (../src/fwidbmgr.cpp:458) action: in.
2015-09-10 05:07:16,443 null [INFO] (../src/fwidbmgr.cpp:482) date: 20150909.
2015-09-10 05:07:16,443 null [INFO] (../src/fwidbmgr.cpp:319) Try to read: /home/meteo/dev/redist/fwidbmgr/config/fwidbmgr.conf.
2015-09-10 05:07:16,449 null [INFO] (../src/fwidbmgr.cpp:5240) Configuration parsing: OK.
2015-09-10 05:07:16,496 null [INFO] (../src/fwidbmgr.cpp:5322) Connected to database
2015-09-10 05:07:16,496 null [INFO] (../src/fwidbmgr.cpp:5323) Manage data for date: 20150909.
2015-09-10 05:07:16,497 null [INFO] (../src/fwidbmgr.cpp:5367) Importing meteo data in database for day: 20150909.
2015-09-10 05:07:16,498 null [INFO] (/home/meteo/dev/redist/fwidbmgr/include/Grid.h:1595) Configuring grid: snow
2015-09-10 05:07:16,498 null [INFO] (/home/meteo/dev/redist/fwidbmgr/include/Grid.h:1695) Grid snow configured.
2015-09-10 05:07:16,515 null [INFO] (/home/meteo/dev/redist/fwidbmgr/include/Grid.h:1595) Configuring grid: snow_covering
2015-09-10 05:07:16,515 null [INFO] (/home/meteo/dev/redist/fwidbmgr/include/Grid.h:1695) Grid snow_covering configured.
2015-09-10 05:07:16,531 null [INFO] (/home/meteo/dev/redist/fwidbmgr/include/Grid.h:1595) Configuring grid: snow_dissolution
2015-09-10 05:07:16,531 null [INFO] (/home/meteo/dev/redist/fwidbmgr/include/Grid.h:1695) Grid snow_dissolution configured.
2015-09-10 05:07:16,568 null [INFO] (/home/meteo/dev/redist/fwidbmgr/include/Grid.h:1595) Configuring grid: temperature
2015-09-10 05:07:16,568 null [INFO] (/home/meteo/dev/redist/fwidbmgr/include/Grid.h:1695) Grid temperature configured.
2015-09-10 05:07:16,574 null [INFO] (/home/meteo/dev/redist/fwidbmgr/include/Grid.h:1595) Configuring grid: humidity
2015-09-10 05:07:16,574 null [INFO] (/home/meteo/dev/redist/fwidbmgr/include/Grid.h:1695) Grid humidity configured.
2015-09-10 05:07:16,587 null [INFO] (/home/meteo/dev/redist/fwidbmgr/include/Grid.h:1595) Configuring grid: windspeed
2015-09-10 05:07:16,587 null [INFO] (/home/meteo/dev/redist/fwidbmgr/include/Grid.h:1695) Grid windspeed configured.
2015-09-10 05:07:16,618 null [INFO] (/home/meteo/dev/redist/fwidbmgr/include/Grid.h:1595) Configuring grid: rain
2015-09-10 05:07:16,618 null [INFO] (/home/meteo/dev/redist/fwidbmgr/include/Grid.h:1695) Grid rain configured.
2015-09-10 05:07:16,622 null [INFO] (/home/meteo/dev/redist/fwidbmgr/include/Grid.h:1595) Configuring grid: cum_rain
2015-09-10 05:07:16,622 null [INFO] (/home/meteo/dev/redist/fwidbmgr/include/Grid.h:1695) Grid cum_rain configured.
2015-09-10 05:07:32,513 null [INFO] (../src/fwidbmgr.cpp:1502) Storing meteo input ...
2015-09-10 05:09:07,835 null [INFO] (../src/fwidbmgr.cpp:5370) OK --> 20150909 data imported.
2015-09-10 05:09:08,058 null [INFO] (../src/fwidbmgr.cpp:5496) action in took about 112 seconds.
2015-09-10 05:09:08,102 null [INFO] (../src/fwidbmgr.cpp:5499) Disconnected from database.
2015-09-10 05:10:43,880 null [INFO] (../src/fwidbmgr.cpp:5207) fwi db manager
2015-09-10 05:10:43,880 null [INFO] (../src/fwidbmgr.cpp:5209) Program home: /home/meteo/dev/redist/fwidbmgr
2015-09-10 05:10:43,880 null [INFO] (../src/fwidbmgr.cpp:5211) Auto convert: 1
2015-09-10 05:10:43,880 null [INFO] (../src/fwidbmgr.cpp:458) action: out.
2015-09-10 05:10:43,880 null [INFO] (../src/fwidbmgr.cpp:482) date: 20150909.
2015-09-10 05:10:43,880 null [INFO] (../src/fwidbmgr.cpp:319) Try to read: /home/meteo/dev/redist/fwidbmgr/config/fwidbmgr.conf.
2015-09-10 05:10:43,884 null [INFO] (../src/fwidbmgr.cpp:5240) Configuration parsing: OK.
2015-09-10 05:10:43,942 null [INFO] (../src/fwidbmgr.cpp:5322) Connected to database
2015-09-10 05:10:43,942 null [INFO] (../src/fwidbmgr.cpp:5323) Manage data for date: 20150909.
2015-09-10 05:10:43,943 null [INFO] (../src/fwidbmgr.cpp:5379) Importing fwi indexes data in database for day: 20150909.
2015-09-10 05:10:43,944 null [INFO] (/home/meteo/dev/redist/fwidbmgr/include/Grid.h:1595) Configuring grid: isi
2015-09-10 05:10:43,944 null [INFO] (/home/meteo/dev/redist/fwidbmgr/include/Grid.h:1695) Grid isi configured.
2015-09-10 05:10:43,958 null [INFO] (/home/meteo/dev/redist/fwidbmgr/include/Grid.h:1595) Configuring grid: fwi
2015-09-10 05:10:43,958 null [INFO] (/home/meteo/dev/redist/fwidbmgr/include/Grid.h:1695) Grid fwi configured.
2015-09-10 05:10:43,971 null [INFO] (/home/meteo/dev/redist/fwidbmgr/include/Grid.h:1595) Configuring grid: ffmc
2015-09-10 05:10:43,971 null [INFO] (/home/meteo/dev/redist/fwidbmgr/include/Grid.h:1695) Grid ffmc configured.
2015-09-10 05:10:43,985 null [INFO] (/home/meteo/dev/redist/fwidbmgr/include/Grid.h:1595) Configuring grid: dmc
2015-09-10 05:10:43,985 null [INFO] (/home/meteo/dev/redist/fwidbmgr/include/Grid.h:1695) Grid dmc configured.
2015-09-10 05:10:43,999 null [INFO] (/home/meteo/dev/redist/fwidbmgr/include/Grid.h:1595) Configuring grid: dc
2015-09-10 05:10:43,999 null [INFO] (/home/meteo/dev/redist/fwidbmgr/include/Grid.h:1695) Grid dc configured.
2015-09-10 05:10:44,013 null [INFO] (/home/meteo/dev/redist/fwidbmgr/include/Grid.h:1595) Configuring grid: bui
2015-09-10 05:10:44,013 null [INFO] (/home/meteo/dev/redist/fwidbmgr/include/Grid.h:1695) Grid bui configured.
2015-09-10 05:10:44,027 null [INFO] (/home/meteo/dev/redist/fwidbmgr/include/Grid.h:1595) Configuring grid: ffmc_tmp
2015-09-10 05:10:44,027 null [INFO] (/home/meteo/dev/redist/fwidbmgr/include/Grid.h:1695) Grid ffmc_tmp configured.
2015-09-10 05:10:44,078 null [INFO] (/home/meteo/dev/redist/fwidbmgr/include/Grid.h:1595) Configuring grid: dmc_tmp
2015-09-10 05:10:44,078 null [INFO] (/home/meteo/dev/redist/fwidbmgr/include/Grid.h:1695) Grid dmc_tmp configured.
2015-09-10 05:10:44,099 null [INFO] (/home/meteo/dev/redist/fwidbmgr/include/Grid.h:1595) Configuring grid: dc_tmp
2015-09-10 05:10:44,099 null [INFO] (/home/meteo/dev/redist/fwidbmgr/include/Grid.h:1695) Grid dc_tmp configured.
2015-09-10 05:10:44,120 null [INFO] (/home/meteo/dev/redist/fwidbmgr/include/Grid.h:1595) Configuring grid: idi
2015-09-10 05:10:44,120 null [INFO] (/home/meteo/dev/redist/fwidbmgr/include/Grid.h:1695) Grid idi configured.
2015-09-10 05:10:59,861 null [INFO] (../src/fwidbmgr.cpp:2045) Storing FWI indexes ...
2015-09-10 05:12:12,655 null [INFO] (../src/fwidbmgr.cpp:5382) OK --> 20150909 data imported.
2015-09-10 05:12:12,658 null [INFO] (../src/fwidbmgr.cpp:5496) action out took about 89 seconds.
2015-09-10 05:12:12,662 null [INFO] (../src/fwidbmgr.cpp:5499) Disconnected from database.
2015-09-10 05:12:13,097 null [INFO] (../src/fwidbmgr.cpp:5207) fwi db manager
2015-09-10 05:12:13,097 null [INFO] (../src/fwidbmgr.cpp:5209) Program home: /home/meteo/dev/redist/fwidbmgr
2015-09-10 05:12:13,098 null [INFO] (../src/fwidbmgr.cpp:5211) Auto convert: 1
2015-09-10 05:12:13,098 null [INFO] (../src/fwidbmgr.cpp:458) action: computeidx.
2015-09-10 05:12:13,098 null [INFO] (../src/fwidbmgr.cpp:482) date: 20150909.
2015-09-10 05:12:13,098 null [INFO] (../src/fwidbmgr.cpp:319) Try to read: /home/meteo/dev/redist/fwidbmgr/config/fwidbmgr.conf.
2015-09-10 05:12:13,102 null [INFO] (../src/fwidbmgr.cpp:5240) Configuration parsing: OK.
2015-09-10 05:12:13,193 null [INFO] (../src/fwidbmgr.cpp:5322) Connected to database
2015-09-10 05:12:13,193 null [INFO] (../src/fwidbmgr.cpp:5323) Manage data for date: 20150909.
2015-09-10 05:12:13,193 null [INFO] (../src/fwidbmgr.cpp:5463) Computing indexes.
2015-09-10 05:12:13,194 null [INFO] (/home/meteo/dev/redist/fwidbmgr/include/Grid.h:1595) Configuring grid: isi
2015-09-10 05:12:13,195 null [INFO] (/home/meteo/dev/redist/fwidbmgr/include/Grid.h:1695) Grid isi configured.
2015-09-10 05:12:13,196 null [INFO] (/home/meteo/dev/redist/fwidbmgr/include/Grid.h:1595) Configuring grid: fwi
2015-09-10 05:12:13,196 null [INFO] (/home/meteo/dev/redist/fwidbmgr/include/Grid.h:1695) Grid fwi configured.
2015-09-10 05:12:13,198 null [INFO] (/home/meteo/dev/redist/fwidbmgr/include/Grid.h:1595) Configuring grid: ffmc
2015-09-10 05:12:13,201 null [INFO] (/home/meteo/dev/redist/fwidbmgr/include/Grid.h:1695) Grid ffmc configured.
2015-09-10 05:12:13,202 null [INFO] (/home/meteo/dev/redist/fwidbmgr/include/Grid.h:1595) Configuring grid: dmc
2015-09-10 05:12:13,202 null [INFO] (/home/meteo/dev/redist/fwidbmgr/include/Grid.h:1695) Grid dmc configured.
2015-09-10 05:12:13,203 null [INFO] (/home/meteo/dev/redist/fwidbmgr/include/Grid.h:1595) Configuring grid: dc
2015-09-10 05:12:13,204 null [INFO] (/home/meteo/dev/redist/fwidbmgr/include/Grid.h:1695) Grid dc configured.
2015-09-10 05:12:13,205 null [INFO] (/home/meteo/dev/redist/fwidbmgr/include/Grid.h:1595) Configuring grid: bui
2015-09-10 05:12:13,205 null [INFO] (/home/meteo/dev/redist/fwidbmgr/include/Grid.h:1695) Grid bui configured.
2015-09-10 05:12:13,206 null [INFO] (/home/meteo/dev/redist/fwidbmgr/include/Grid.h:1595) Configuring grid: ffmc_tmp
2015-09-10 05:12:13,207 null [INFO] (/home/meteo/dev/redist/fwidbmgr/include/Grid.h:1695) Grid ffmc_tmp configured.
2015-09-10 05:12:13,208 null [INFO] (/home/meteo/dev/redist/fwidbmgr/include/Grid.h:1595) Configuring grid: dmc_tmp
2015-09-10 05:12:13,208 null [INFO] (/home/meteo/dev/redist/fwidbmgr/include/Grid.h:1695) Grid dmc_tmp configured.
2015-09-10 05:12:13,209 null [INFO] (/home/meteo/dev/redist/fwidbmgr/include/Grid.h:1595) Configuring grid: dc_tmp
2015-09-10 05:12:13,210 null [INFO] (/home/meteo/dev/redist/fwidbmgr/include/Grid.h:1695) Grid dc_tmp configured.
2015-09-10 05:12:13,211 null [INFO] (/home/meteo/dev/redist/fwidbmgr/include/Grid.h:1595) Configuring grid: idi
2015-09-10 05:12:13,211 null [INFO] (/home/meteo/dev/redist/fwidbmgr/include/Grid.h:1695) Grid idi configured.
2015-09-10 05:12:13,212 null [INFO] (/home/meteo/dev/redist/fwidbmgr/include/Grid.h:1595) Configuring grid: angstrom
2015-09-10 05:12:13,213 null [INFO] (/home/meteo/dev/redist/fwidbmgr/include/Grid.h:1695) Grid angstrom configured.
2015-09-10 05:12:13,214 null [INFO] (/home/meteo/dev/redist/fwidbmgr/include/Grid.h:1595) Configuring grid: fmi
2015-09-10 05:12:13,214 null [INFO] (/home/meteo/dev/redist/fwidbmgr/include/Grid.h:1695) Grid fmi configured.
2015-09-10 05:12:13,215 null [INFO] (/home/meteo/dev/redist/fwidbmgr/include/Grid.h:1595) Configuring grid: sharples
2015-09-10 05:12:13,216 null [INFO] (/home/meteo/dev/redist/fwidbmgr/include/Grid.h:1695) Grid sharples configured.
2015-09-10 05:12:28,696 null [INFO] (/home/meteo/dev/redist/fwidbmgr/include/Grid.h:1595) Configuring grid: snow
2015-09-10 05:12:28,704 null [INFO] (/home/meteo/dev/redist/fwidbmgr/include/Grid.h:1695) Grid snow configured.
2015-09-10 05:12:28,705 null [INFO] (/home/meteo/dev/redist/fwidbmgr/include/Grid.h:1595) Configuring grid: snow_covering
2015-09-10 05:12:28,705 null [INFO] (/home/meteo/dev/redist/fwidbmgr/include/Grid.h:1695) Grid snow_covering configured.
2015-09-10 05:12:28,705 null [INFO] (/home/meteo/dev/redist/fwidbmgr/include/Grid.h:1595) Configuring grid: snow_dissolution
2015-09-10 05:12:28,705 null [INFO] (/home/meteo/dev/redist/fwidbmgr/include/Grid.h:1695) Grid snow_dissolution configured.
2015-09-10 05:12:28,705 null [INFO] (/home/meteo/dev/redist/fwidbmgr/include/Grid.h:1595) Configuring grid: temperature
2015-09-10 05:12:28,705 null [INFO] (/home/meteo/dev/redist/fwidbmgr/include/Grid.h:1695) Grid temperature configured.
2015-09-10 05:12:28,705 null [INFO] (/home/meteo/dev/redist/fwidbmgr/include/Grid.h:1595) Configuring grid: humidity
2015-09-10 05:12:28,705 null [INFO] (/home/meteo/dev/redist/fwidbmgr/include/Grid.h:1695) Grid humidity configured.
2015-09-10 05:12:28,705 null [INFO] (/home/meteo/dev/redist/fwidbmgr/include/Grid.h:1595) Configuring grid: windspeed
2015-09-10 05:12:28,706 null [INFO] (/home/meteo/dev/redist/fwidbmgr/include/Grid.h:1695) Grid windspeed configured.
2015-09-10 05:12:28,706 null [INFO] (/home/meteo/dev/redist/fwidbmgr/include/Grid.h:1595) Configuring grid: rain
2015-09-10 05:12:28,706 null [INFO] (/home/meteo/dev/redist/fwidbmgr/include/Grid.h:1695) Grid rain configured.
2015-09-10 05:12:28,706 null [INFO] (/home/meteo/dev/redist/fwidbmgr/include/Grid.h:1595) Configuring grid: cum_rain
2015-09-10 05:12:28,706 null [INFO] (/home/meteo/dev/redist/fwidbmgr/include/Grid.h:1695) Grid cum_rain configured.
2015-09-10 05:15:31,156 null [INFO] (../src/fwidbmgr.cpp:5466) OK --> 20150909 indexes computed.
2015-09-10 05:15:31,176 null [INFO] (../src/fwidbmgr.cpp:5496) action computeidx took about 198 seconds.
2015-09-10 05:15:31,176 null [INFO] (../src/fwidbmgr.cpp:5499) Disconnected from database.
2015-09-10 05:15:31,397 null [INFO] (../src/fwidbmgr.cpp:5207) fwi db manager
2015-09-10 05:15:31,397 null [INFO] (../src/fwidbmgr.cpp:5209) Program home: /home/meteo/dev/redist/fwidbmgr
2015-09-10 05:15:31,397 null [INFO] (../src/fwidbmgr.cpp:5211) Auto convert: 1
2015-09-10 05:15:31,397 null [INFO] (../src/fwidbmgr.cpp:458) action: exportidx.
2015-09-10 05:15:31,397 null [INFO] (../src/fwidbmgr.cpp:482) date: 20150909.
2015-09-10 05:15:31,397 null [INFO] (../src/fwidbmgr.cpp:319) Try to read: /home/meteo/dev/redist/fwidbmgr/config/fwidbmgr.conf.
2015-09-10 05:15:31,401 null [INFO] (../src/fwidbmgr.cpp:5240) Configuration parsing: OK.
2015-09-10 05:15:31,428 null [INFO] (../src/fwidbmgr.cpp:5322) Connected to database
2015-09-10 05:15:31,429 null [INFO] (../src/fwidbmgr.cpp:5323) Manage data for date: 20150909.
2015-09-10 05:15:31,429 null [INFO] (../src/fwidbmgr.cpp:5415) Exporting indexes.
2015-09-10 05:15:31,430 null [INFO] (/home/meteo/dev/redist/fwidbmgr/include/Grid.h:1595) Configuring grid: isi
2015-09-10 05:15:31,430 null [INFO] (/home/meteo/dev/redist/fwidbmgr/include/Grid.h:1695) Grid isi configured.
2015-09-10 05:15:31,432 null [INFO] (/home/meteo/dev/redist/fwidbmgr/include/Grid.h:1595) Configuring grid: fwi
2015-09-10 05:15:31,432 null [INFO] (/home/meteo/dev/redist/fwidbmgr/include/Grid.h:1695) Grid fwi configured.
2015-09-10 05:15:31,433 null [INFO] (/home/meteo/dev/redist/fwidbmgr/include/Grid.h:1595) Configuring grid: ffmc
2015-09-10 05:15:31,433 null [INFO] (/home/meteo/dev/redist/fwidbmgr/include/Grid.h:1695) Grid ffmc configured.
2015-09-10 05:15:31,435 null [INFO] (/home/meteo/dev/redist/fwidbmgr/include/Grid.h:1595) Configuring grid: dmc
2015-09-10 05:15:31,435 null [INFO] (/home/meteo/dev/redist/fwidbmgr/include/Grid.h:1695) Grid dmc configured.
2015-09-10 05:15:31,436 null [INFO] (/home/meteo/dev/redist/fwidbmgr/include/Grid.h:1595) Configuring grid: dc
2015-09-10 05:15:31,436 null [INFO] (/home/meteo/dev/redist/fwidbmgr/include/Grid.h:1695) Grid dc configured.
2015-09-10 05:15:31,438 null [INFO] (/home/meteo/dev/redist/fwidbmgr/include/Grid.h:1595) Configuring grid: bui
2015-09-10 05:15:31,438 null [INFO] (/home/meteo/dev/redist/fwidbmgr/include/Grid.h:1695) Grid bui configured.
2015-09-10 05:15:31,439 null [INFO] (/home/meteo/dev/redist/fwidbmgr/include/Grid.h:1595) Configuring grid: ffmc_tmp
2015-09-10 05:15:31,439 null [INFO] (/home/meteo/dev/redist/fwidbmgr/include/Grid.h:1695) Grid ffmc_tmp configured.
2015-09-10 05:15:31,441 null [INFO] (/home/meteo/dev/redist/fwidbmgr/include/Grid.h:1595) Configuring grid: dmc_tmp
2015-09-10 05:15:31,441 null [INFO] (/home/meteo/dev/redist/fwidbmgr/include/Grid.h:1695) Grid dmc_tmp configured.
2015-09-10 05:15:31,442 null [INFO] (/home/meteo/dev/redist/fwidbmgr/include/Grid.h:1595) Configuring grid: dc_tmp
2015-09-10 05:15:31,442 null [INFO] (/home/meteo/dev/redist/fwidbmgr/include/Grid.h:1695) Grid dc_tmp configured.
2015-09-10 05:15:31,444 null [INFO] (/home/meteo/dev/redist/fwidbmgr/include/Grid.h:1595) Configuring grid: idi
2015-09-10 05:15:31,444 null [INFO] (/home/meteo/dev/redist/fwidbmgr/include/Grid.h:1695) Grid idi configured.
2015-09-10 05:15:31,445 null [INFO] (/home/meteo/dev/redist/fwidbmgr/include/Grid.h:1595) Configuring grid: angstrom
2015-09-10 05:15:31,445 null [INFO] (/home/meteo/dev/redist/fwidbmgr/include/Grid.h:1695) Grid angstrom configured.
2015-09-10 05:15:31,447 null [INFO] (/home/meteo/dev/redist/fwidbmgr/include/Grid.h:1595) Configuring grid: fmi
2015-09-10 05:15:31,447 null [INFO] (/home/meteo/dev/redist/fwidbmgr/include/Grid.h:1695) Grid fmi configured.
2015-09-10 05:15:31,448 null [INFO] (/home/meteo/dev/redist/fwidbmgr/include/Grid.h:1595) Configuring grid: sharples
2015-09-10 05:15:31,448 null [INFO] (/home/meteo/dev/redist/fwidbmgr/include/Grid.h:1695) Grid sharples configured.
2015-09-10 05:15:55,924 null [INFO] (/home/meteo/dev/redist/fwidbmgr/include/Grid.h:1595) Configuring grid: isi
2015-09-10 05:15:55,931 null [INFO] (/home/meteo/dev/redist/fwidbmgr/include/Grid.h:1695) Grid isi configured.
2015-09-10 05:15:56,018 null [INFO] (/home/meteo/dev/redist/fwidbmgr/include/Grid.h:1595) Configuring grid: fwi
2015-09-10 05:15:56,018 null [INFO] (/home/meteo/dev/redist/fwidbmgr/include/Grid.h:1695) Grid fwi configured.
2015-09-10 05:15:56,150 null [INFO] (/home/meteo/dev/redist/fwidbmgr/include/Grid.h:1595) Configuring grid: ffmc
2015-09-10 05:15:56,150 null [INFO] (/home/meteo/dev/redist/fwidbmgr/include/Grid.h:1695) Grid ffmc configured.
2015-09-10 05:15:56,317 null [INFO] (/home/meteo/dev/redist/fwidbmgr/include/Grid.h:1595) Configuring grid: dmc
2015-09-10 05:15:56,317 null [INFO] (/home/meteo/dev/redist/fwidbmgr/include/Grid.h:1695) Grid dmc configured.
2015-09-10 05:15:56,412 null [INFO] (/home/meteo/dev/redist/fwidbmgr/include/Grid.h:1595) Configuring grid: dc
2015-09-10 05:15:56,412 null [INFO] (/home/meteo/dev/redist/fwidbmgr/include/Grid.h:1695) Grid dc configured.
2015-09-10 05:15:56,463 null [INFO] (/home/meteo/dev/redist/fwidbmgr/include/Grid.h:1595) Configuring grid: bui
2015-09-10 05:15:56,463 null [INFO] (/home/meteo/dev/redist/fwidbmgr/include/Grid.h:1695) Grid bui configured.
2015-09-10 05:15:56,502 null [INFO] (/home/meteo/dev/redist/fwidbmgr/include/Grid.h:1595) Configuring grid: ffmc_tmp
2015-09-10 05:15:56,502 null [INFO] (/home/meteo/dev/redist/fwidbmgr/include/Grid.h:1695) Grid ffmc_tmp configured.
2015-09-10 05:15:56,539 null [INFO] (/home/meteo/dev/redist/fwidbmgr/include/Grid.h:1595) Configuring grid: dmc_tmp
2015-09-10 05:15:56,539 null [INFO] (/home/meteo/dev/redist/fwidbmgr/include/Grid.h:1695) Grid dmc_tmp configured.
2015-09-10 05:15:56,575 null [INFO] (/home/meteo/dev/redist/fwidbmgr/include/Grid.h:1595) Configuring grid: dc_tmp
2015-09-10 05:15:56,575 null [INFO] (/home/meteo/dev/redist/fwidbmgr/include/Grid.h:1695) Grid dc_tmp configured.
2015-09-10 05:15:56,622 null [INFO] (/home/meteo/dev/redist/fwidbmgr/include/Grid.h:1595) Configuring grid: angstrom
2015-09-10 05:15:56,622 null [INFO] (/home/meteo/dev/redist/fwidbmgr/include/Grid.h:1695) Grid angstrom configured.
2015-09-10 05:15:56,720 null [INFO] (/home/meteo/dev/redist/fwidbmgr/include/Grid.h:1595) Configuring grid: sharples
2015-09-10 05:15:56,720 null [INFO] (/home/meteo/dev/redist/fwidbmgr/include/Grid.h:1695) Grid sharples configured.
2015-09-10 05:15:56,767 null [INFO] (/home/meteo/dev/redist/fwidbmgr/include/Grid.h:1595) Configuring grid: fmi
2015-09-10 05:15:56,767 null [INFO] (/home/meteo/dev/redist/fwidbmgr/include/Grid.h:1695) Grid fmi configured.
2015-09-10 05:15:56,819 null [INFO] (../src/fwidbmgr.cpp:5418) OK --> 20150909 indexes exported to files.
2015-09-10 05:15:56,819 null [INFO] (../src/fwidbmgr.cpp:5496) action exportidx took about 25 seconds.
2015-09-10 05:15:56,819 null [INFO] (../src/fwidbmgr.cpp:5499) Disconnected from database.
