2019-05-14 05:05:49,227 null [INFO] (../src/fwidbmgr.cpp:5361) fwi db manager
2019-05-14 05:05:49,227 null [INFO] (../src/fwidbmgr.cpp:5365) Program home: /home/meteo/dev/redist/fwidbmgr
2019-05-14 05:05:49,228 null [INFO] (../src/fwidbmgr.cpp:5369) Auto convert: 1
2019-05-14 05:05:49,228 null [INFO] (../src/fwidbmgr.cpp:446) action: in.
2019-05-14 05:05:49,228 null [INFO] (../src/fwidbmgr.cpp:470) date: 20190513.
2019-05-14 05:05:49,228 null [INFO] (../src/fwidbmgr.cpp:322) Try to read: /home/meteo/dev/redist/fwidbmgr/config/fwidbmgr.conf.
2019-05-14 05:05:49,232 null [INFO] (../src/fwidbmgr.cpp:5393) Configuration parsing: OK.
2019-05-14 05:05:49,235 null [INFO] (../src/fwidbmgr.cpp:5478) Connected to database
2019-05-14 05:05:49,235 null [INFO] (../src/fwidbmgr.cpp:5480) Manage data for date: 20190513.
2019-05-14 05:05:49,235 null [INFO] (../src/fwidbmgr.cpp:5536) Importing meteo data in database for day: 20190513.
2019-05-14 05:05:49,237 null [INFO] (/home/meteo/dev/redist/fwidbmgr/include/Grid.h:1595) Configuring grid: snow
2019-05-14 05:05:49,237 null [INFO] (/home/meteo/dev/redist/fwidbmgr/include/Grid.h:1695) Grid snow configured.
2019-05-14 05:05:49,243 null [INFO] (/home/meteo/dev/redist/fwidbmgr/include/Grid.h:1595) Configuring grid: snow_covering
2019-05-14 05:05:49,243 null [INFO] (/home/meteo/dev/redist/fwidbmgr/include/Grid.h:1695) Grid snow_covering configured.
2019-05-14 05:05:49,250 null [INFO] (/home/meteo/dev/redist/fwidbmgr/include/Grid.h:1595) Configuring grid: snow_dissolution
2019-05-14 05:05:49,250 null [INFO] (/home/meteo/dev/redist/fwidbmgr/include/Grid.h:1695) Grid snow_dissolution configured.
2019-05-14 05:05:49,262 null [INFO] (/home/meteo/dev/redist/fwidbmgr/include/Grid.h:1595) Configuring grid: temperature
2019-05-14 05:05:49,262 null [INFO] (/home/meteo/dev/redist/fwidbmgr/include/Grid.h:1695) Grid temperature configured.
2019-05-14 05:05:49,265 null [INFO] (/home/meteo/dev/redist/fwidbmgr/include/Grid.h:1595) Configuring grid: humidity
2019-05-14 05:05:49,266 null [INFO] (/home/meteo/dev/redist/fwidbmgr/include/Grid.h:1695) Grid humidity configured.
2019-05-14 05:05:49,272 null [INFO] (/home/meteo/dev/redist/fwidbmgr/include/Grid.h:1595) Configuring grid: windspeed
2019-05-14 05:05:49,272 null [INFO] (/home/meteo/dev/redist/fwidbmgr/include/Grid.h:1695) Grid windspeed configured.
2019-05-14 05:05:49,285 null [INFO] (/home/meteo/dev/redist/fwidbmgr/include/Grid.h:1595) Configuring grid: rain
2019-05-14 05:05:49,285 null [INFO] (/home/meteo/dev/redist/fwidbmgr/include/Grid.h:1695) Grid rain configured.
2019-05-14 05:05:49,287 null [INFO] (/home/meteo/dev/redist/fwidbmgr/include/Grid.h:1595) Configuring grid: cum_rain
2019-05-14 05:05:49,287 null [INFO] (/home/meteo/dev/redist/fwidbmgr/include/Grid.h:1695) Grid cum_rain configured.
2019-05-14 05:05:53,504 null [INFO] (../src/fwidbmgr.cpp:1518) Storing meteo input ...
2019-05-14 05:06:03,564 null [INFO] (../src/fwidbmgr.cpp:5540) OK --> 20190513 data imported.
2019-05-14 05:06:03,581 null [INFO] (../src/fwidbmgr.cpp:5695) action in took about 14 seconds.
2019-05-14 05:06:03,624 null [INFO] (../src/fwidbmgr.cpp:5699) Disconnected from database.
2019-05-14 05:06:43,338 null [INFO] (../src/fwidbmgr.cpp:5361) fwi db manager
2019-05-14 05:06:43,338 null [INFO] (../src/fwidbmgr.cpp:5365) Program home: /home/meteo/dev/redist/fwidbmgr
2019-05-14 05:06:43,338 null [INFO] (../src/fwidbmgr.cpp:5369) Auto convert: 1
2019-05-14 05:06:43,338 null [INFO] (../src/fwidbmgr.cpp:446) action: out.
2019-05-14 05:06:43,338 null [INFO] (../src/fwidbmgr.cpp:470) date: 20190513.
2019-05-14 05:06:43,338 null [INFO] (../src/fwidbmgr.cpp:322) Try to read: /home/meteo/dev/redist/fwidbmgr/config/fwidbmgr.conf.
2019-05-14 05:06:43,340 null [INFO] (../src/fwidbmgr.cpp:5393) Configuration parsing: OK.
2019-05-14 05:06:43,353 null [INFO] (../src/fwidbmgr.cpp:5478) Connected to database
2019-05-14 05:06:43,353 null [INFO] (../src/fwidbmgr.cpp:5480) Manage data for date: 20190513.
2019-05-14 05:06:43,354 null [INFO] (../src/fwidbmgr.cpp:5551) Importing fwi indexes data in database for day: 20190513.
2019-05-14 05:06:43,364 null [INFO] (/home/meteo/dev/redist/fwidbmgr/include/Grid.h:1595) Configuring grid: isi
2019-05-14 05:06:43,364 null [INFO] (/home/meteo/dev/redist/fwidbmgr/include/Grid.h:1695) Grid isi configured.
2019-05-14 05:06:43,376 null [INFO] (/home/meteo/dev/redist/fwidbmgr/include/Grid.h:1595) Configuring grid: fwi
2019-05-14 05:06:43,376 null [INFO] (/home/meteo/dev/redist/fwidbmgr/include/Grid.h:1695) Grid fwi configured.
2019-05-14 05:06:43,384 null [INFO] (/home/meteo/dev/redist/fwidbmgr/include/Grid.h:1595) Configuring grid: ffmc
2019-05-14 05:06:43,384 null [INFO] (/home/meteo/dev/redist/fwidbmgr/include/Grid.h:1695) Grid ffmc configured.
2019-05-14 05:06:43,391 null [INFO] (/home/meteo/dev/redist/fwidbmgr/include/Grid.h:1595) Configuring grid: dmc
2019-05-14 05:06:43,391 null [INFO] (/home/meteo/dev/redist/fwidbmgr/include/Grid.h:1695) Grid dmc configured.
2019-05-14 05:06:43,397 null [INFO] (/home/meteo/dev/redist/fwidbmgr/include/Grid.h:1595) Configuring grid: dc
2019-05-14 05:06:43,397 null [INFO] (/home/meteo/dev/redist/fwidbmgr/include/Grid.h:1695) Grid dc configured.
2019-05-14 05:06:43,404 null [INFO] (/home/meteo/dev/redist/fwidbmgr/include/Grid.h:1595) Configuring grid: bui
2019-05-14 05:06:43,404 null [INFO] (/home/meteo/dev/redist/fwidbmgr/include/Grid.h:1695) Grid bui configured.
2019-05-14 05:06:43,411 null [INFO] (/home/meteo/dev/redist/fwidbmgr/include/Grid.h:1595) Configuring grid: ffmc_tmp
2019-05-14 05:06:43,411 null [INFO] (/home/meteo/dev/redist/fwidbmgr/include/Grid.h:1695) Grid ffmc_tmp configured.
2019-05-14 05:06:43,423 null [INFO] (/home/meteo/dev/redist/fwidbmgr/include/Grid.h:1595) Configuring grid: dmc_tmp
2019-05-14 05:06:43,423 null [INFO] (/home/meteo/dev/redist/fwidbmgr/include/Grid.h:1695) Grid dmc_tmp configured.
2019-05-14 05:06:43,434 null [INFO] (/home/meteo/dev/redist/fwidbmgr/include/Grid.h:1595) Configuring grid: dc_tmp
2019-05-14 05:06:43,434 null [INFO] (/home/meteo/dev/redist/fwidbmgr/include/Grid.h:1695) Grid dc_tmp configured.
2019-05-14 05:06:43,446 null [INFO] (/home/meteo/dev/redist/fwidbmgr/include/Grid.h:1595) Configuring grid: idi
2019-05-14 05:06:43,446 null [INFO] (/home/meteo/dev/redist/fwidbmgr/include/Grid.h:1695) Grid idi configured.
2019-05-14 05:06:46,427 null [INFO] (../src/fwidbmgr.cpp:2081) Storing FWI indexes ...
2019-05-14 05:06:50,876 null [INFO] (../src/fwidbmgr.cpp:5555) OK --> 20190513 data imported.
2019-05-14 05:06:50,876 null [INFO] (../src/fwidbmgr.cpp:5695) action out took about 7 seconds.
2019-05-14 05:06:50,877 null [INFO] (../src/fwidbmgr.cpp:5699) Disconnected from database.
2019-05-14 05:06:50,962 null [INFO] (../src/fwidbmgr.cpp:5361) fwi db manager
2019-05-14 05:06:50,962 null [INFO] (../src/fwidbmgr.cpp:5365) Program home: /home/meteo/dev/redist/fwidbmgr
2019-05-14 05:06:50,962 null [INFO] (../src/fwidbmgr.cpp:5369) Auto convert: 1
2019-05-14 05:06:50,962 null [INFO] (../src/fwidbmgr.cpp:446) action: computeidx.
2019-05-14 05:06:50,962 null [INFO] (../src/fwidbmgr.cpp:470) date: 20190513.
2019-05-14 05:06:50,962 null [INFO] (../src/fwidbmgr.cpp:322) Try to read: /home/meteo/dev/redist/fwidbmgr/config/fwidbmgr.conf.
2019-05-14 05:06:50,963 null [INFO] (../src/fwidbmgr.cpp:5393) Configuration parsing: OK.
2019-05-14 05:06:50,969 null [INFO] (../src/fwidbmgr.cpp:5478) Connected to database
2019-05-14 05:06:50,969 null [INFO] (../src/fwidbmgr.cpp:5480) Manage data for date: 20190513.
2019-05-14 05:06:50,969 null [INFO] (../src/fwidbmgr.cpp:5656) Computing indexes.
2019-05-14 05:06:50,979 null [INFO] (/home/meteo/dev/redist/fwidbmgr/include/Grid.h:1595) Configuring grid: isi
2019-05-14 05:06:50,979 null [INFO] (/home/meteo/dev/redist/fwidbmgr/include/Grid.h:1695) Grid isi configured.
2019-05-14 05:06:50,983 null [INFO] (/home/meteo/dev/redist/fwidbmgr/include/Grid.h:1595) Configuring grid: fwi
2019-05-14 05:06:50,983 null [INFO] (/home/meteo/dev/redist/fwidbmgr/include/Grid.h:1695) Grid fwi configured.
2019-05-14 05:06:50,986 null [INFO] (/home/meteo/dev/redist/fwidbmgr/include/Grid.h:1595) Configuring grid: ffmc
2019-05-14 05:06:50,986 null [INFO] (/home/meteo/dev/redist/fwidbmgr/include/Grid.h:1695) Grid ffmc configured.
2019-05-14 05:06:50,989 null [INFO] (/home/meteo/dev/redist/fwidbmgr/include/Grid.h:1595) Configuring grid: dmc
2019-05-14 05:06:50,989 null [INFO] (/home/meteo/dev/redist/fwidbmgr/include/Grid.h:1695) Grid dmc configured.
2019-05-14 05:06:50,990 null [INFO] (/home/meteo/dev/redist/fwidbmgr/include/Grid.h:1595) Configuring grid: dc
2019-05-14 05:06:50,990 null [INFO] (/home/meteo/dev/redist/fwidbmgr/include/Grid.h:1695) Grid dc configured.
2019-05-14 05:06:50,991 null [INFO] (/home/meteo/dev/redist/fwidbmgr/include/Grid.h:1595) Configuring grid: bui
2019-05-14 05:06:50,991 null [INFO] (/home/meteo/dev/redist/fwidbmgr/include/Grid.h:1695) Grid bui configured.
2019-05-14 05:06:50,992 null [INFO] (/home/meteo/dev/redist/fwidbmgr/include/Grid.h:1595) Configuring grid: ffmc_tmp
2019-05-14 05:06:50,992 null [INFO] (/home/meteo/dev/redist/fwidbmgr/include/Grid.h:1695) Grid ffmc_tmp configured.
2019-05-14 05:06:50,993 null [INFO] (/home/meteo/dev/redist/fwidbmgr/include/Grid.h:1595) Configuring grid: dmc_tmp
2019-05-14 05:06:50,993 null [INFO] (/home/meteo/dev/redist/fwidbmgr/include/Grid.h:1695) Grid dmc_tmp configured.
2019-05-14 05:06:50,994 null [INFO] (/home/meteo/dev/redist/fwidbmgr/include/Grid.h:1595) Configuring grid: dc_tmp
2019-05-14 05:06:50,995 null [INFO] (/home/meteo/dev/redist/fwidbmgr/include/Grid.h:1695) Grid dc_tmp configured.
2019-05-14 05:06:50,996 null [INFO] (/home/meteo/dev/redist/fwidbmgr/include/Grid.h:1595) Configuring grid: idi
2019-05-14 05:06:50,996 null [INFO] (/home/meteo/dev/redist/fwidbmgr/include/Grid.h:1695) Grid idi configured.
2019-05-14 05:06:50,997 null [INFO] (/home/meteo/dev/redist/fwidbmgr/include/Grid.h:1595) Configuring grid: angstrom
2019-05-14 05:06:50,997 null [INFO] (/home/meteo/dev/redist/fwidbmgr/include/Grid.h:1695) Grid angstrom configured.
2019-05-14 05:06:50,998 null [INFO] (/home/meteo/dev/redist/fwidbmgr/include/Grid.h:1595) Configuring grid: fmi
2019-05-14 05:06:50,998 null [INFO] (/home/meteo/dev/redist/fwidbmgr/include/Grid.h:1695) Grid fmi configured.
2019-05-14 05:06:50,999 null [INFO] (/home/meteo/dev/redist/fwidbmgr/include/Grid.h:1595) Configuring grid: sharples
2019-05-14 05:06:50,999 null [INFO] (/home/meteo/dev/redist/fwidbmgr/include/Grid.h:1695) Grid sharples configured.
2019-05-14 05:06:52,928 null [INFO] (/home/meteo/dev/redist/fwidbmgr/include/Grid.h:1595) Configuring grid: snow
2019-05-14 05:06:52,928 null [INFO] (/home/meteo/dev/redist/fwidbmgr/include/Grid.h:1695) Grid snow configured.
2019-05-14 05:06:52,928 null [INFO] (/home/meteo/dev/redist/fwidbmgr/include/Grid.h:1595) Configuring grid: snow_covering
2019-05-14 05:06:52,928 null [INFO] (/home/meteo/dev/redist/fwidbmgr/include/Grid.h:1695) Grid snow_covering configured.
2019-05-14 05:06:52,928 null [INFO] (/home/meteo/dev/redist/fwidbmgr/include/Grid.h:1595) Configuring grid: snow_dissolution
2019-05-14 05:06:52,928 null [INFO] (/home/meteo/dev/redist/fwidbmgr/include/Grid.h:1695) Grid snow_dissolution configured.
2019-05-14 05:06:52,928 null [INFO] (/home/meteo/dev/redist/fwidbmgr/include/Grid.h:1595) Configuring grid: temperature
2019-05-14 05:06:52,928 null [INFO] (/home/meteo/dev/redist/fwidbmgr/include/Grid.h:1695) Grid temperature configured.
2019-05-14 05:06:52,928 null [INFO] (/home/meteo/dev/redist/fwidbmgr/include/Grid.h:1595) Configuring grid: humidity
2019-05-14 05:06:52,928 null [INFO] (/home/meteo/dev/redist/fwidbmgr/include/Grid.h:1695) Grid humidity configured.
2019-05-14 05:06:52,928 null [INFO] (/home/meteo/dev/redist/fwidbmgr/include/Grid.h:1595) Configuring grid: windspeed
2019-05-14 05:06:52,929 null [INFO] (/home/meteo/dev/redist/fwidbmgr/include/Grid.h:1695) Grid windspeed configured.
2019-05-14 05:06:52,929 null [INFO] (/home/meteo/dev/redist/fwidbmgr/include/Grid.h:1595) Configuring grid: rain
2019-05-14 05:06:52,929 null [INFO] (/home/meteo/dev/redist/fwidbmgr/include/Grid.h:1695) Grid rain configured.
2019-05-14 05:06:52,929 null [INFO] (/home/meteo/dev/redist/fwidbmgr/include/Grid.h:1595) Configuring grid: cum_rain
2019-05-14 05:06:52,929 null [INFO] (/home/meteo/dev/redist/fwidbmgr/include/Grid.h:1695) Grid cum_rain configured.
2019-05-14 05:07:55,610 null [INFO] (../src/fwidbmgr.cpp:5660) OK --> 20190513 indexes computed.
2019-05-14 05:07:55,611 null [INFO] (../src/fwidbmgr.cpp:5695) action computeidx took about 65 seconds.
2019-05-14 05:07:55,611 null [INFO] (../src/fwidbmgr.cpp:5699) Disconnected from database.
2019-05-14 05:07:55,678 null [INFO] (../src/fwidbmgr.cpp:5361) fwi db manager
2019-05-14 05:07:55,678 null [INFO] (../src/fwidbmgr.cpp:5365) Program home: /home/meteo/dev/redist/fwidbmgr
2019-05-14 05:07:55,678 null [INFO] (../src/fwidbmgr.cpp:5369) Auto convert: 1
2019-05-14 05:07:55,678 null [INFO] (../src/fwidbmgr.cpp:446) action: exportidx.
2019-05-14 05:07:55,678 null [INFO] (../src/fwidbmgr.cpp:470) date: 20190513.
2019-05-14 05:07:55,678 null [INFO] (../src/fwidbmgr.cpp:322) Try to read: /home/meteo/dev/redist/fwidbmgr/config/fwidbmgr.conf.
2019-05-14 05:07:55,679 null [INFO] (../src/fwidbmgr.cpp:5393) Configuration parsing: OK.
2019-05-14 05:07:55,684 null [INFO] (../src/fwidbmgr.cpp:5478) Connected to database
2019-05-14 05:07:55,684 null [INFO] (../src/fwidbmgr.cpp:5480) Manage data for date: 20190513.
2019-05-14 05:07:55,684 null [INFO] (../src/fwidbmgr.cpp:5596) Exporting indexes.
2019-05-14 05:07:55,689 null [INFO] (/home/meteo/dev/redist/fwidbmgr/include/Grid.h:1595) Configuring grid: isi
2019-05-14 05:07:55,689 null [INFO] (/home/meteo/dev/redist/fwidbmgr/include/Grid.h:1695) Grid isi configured.
2019-05-14 05:07:55,691 null [INFO] (/home/meteo/dev/redist/fwidbmgr/include/Grid.h:1595) Configuring grid: fwi
2019-05-14 05:07:55,691 null [INFO] (/home/meteo/dev/redist/fwidbmgr/include/Grid.h:1695) Grid fwi configured.
2019-05-14 05:07:55,693 null [INFO] (/home/meteo/dev/redist/fwidbmgr/include/Grid.h:1595) Configuring grid: ffmc
2019-05-14 05:07:55,693 null [INFO] (/home/meteo/dev/redist/fwidbmgr/include/Grid.h:1695) Grid ffmc configured.
2019-05-14 05:07:55,696 null [INFO] (/home/meteo/dev/redist/fwidbmgr/include/Grid.h:1595) Configuring grid: dmc
2019-05-14 05:07:55,696 null [INFO] (/home/meteo/dev/redist/fwidbmgr/include/Grid.h:1695) Grid dmc configured.
2019-05-14 05:07:55,697 null [INFO] (/home/meteo/dev/redist/fwidbmgr/include/Grid.h:1595) Configuring grid: dc
2019-05-14 05:07:55,697 null [INFO] (/home/meteo/dev/redist/fwidbmgr/include/Grid.h:1695) Grid dc configured.
2019-05-14 05:07:55,698 null [INFO] (/home/meteo/dev/redist/fwidbmgr/include/Grid.h:1595) Configuring grid: bui
2019-05-14 05:07:55,698 null [INFO] (/home/meteo/dev/redist/fwidbmgr/include/Grid.h:1695) Grid bui configured.
2019-05-14 05:07:55,699 null [INFO] (/home/meteo/dev/redist/fwidbmgr/include/Grid.h:1595) Configuring grid: ffmc_tmp
2019-05-14 05:07:55,699 null [INFO] (/home/meteo/dev/redist/fwidbmgr/include/Grid.h:1695) Grid ffmc_tmp configured.
2019-05-14 05:07:55,700 null [INFO] (/home/meteo/dev/redist/fwidbmgr/include/Grid.h:1595) Configuring grid: dmc_tmp
2019-05-14 05:07:55,700 null [INFO] (/home/meteo/dev/redist/fwidbmgr/include/Grid.h:1695) Grid dmc_tmp configured.
2019-05-14 05:07:55,701 null [INFO] (/home/meteo/dev/redist/fwidbmgr/include/Grid.h:1595) Configuring grid: dc_tmp
2019-05-14 05:07:55,701 null [INFO] (/home/meteo/dev/redist/fwidbmgr/include/Grid.h:1695) Grid dc_tmp configured.
2019-05-14 05:07:55,702 null [INFO] (/home/meteo/dev/redist/fwidbmgr/include/Grid.h:1595) Configuring grid: idi
2019-05-14 05:07:55,702 null [INFO] (/home/meteo/dev/redist/fwidbmgr/include/Grid.h:1695) Grid idi configured.
2019-05-14 05:07:55,703 null [INFO] (/home/meteo/dev/redist/fwidbmgr/include/Grid.h:1595) Configuring grid: angstrom
2019-05-14 05:07:55,703 null [INFO] (/home/meteo/dev/redist/fwidbmgr/include/Grid.h:1695) Grid angstrom configured.
2019-05-14 05:07:55,704 null [INFO] (/home/meteo/dev/redist/fwidbmgr/include/Grid.h:1595) Configuring grid: fmi
2019-05-14 05:07:55,704 null [INFO] (/home/meteo/dev/redist/fwidbmgr/include/Grid.h:1695) Grid fmi configured.
2019-05-14 05:07:55,705 null [INFO] (/home/meteo/dev/redist/fwidbmgr/include/Grid.h:1595) Configuring grid: sharples
2019-05-14 05:07:55,705 null [INFO] (/home/meteo/dev/redist/fwidbmgr/include/Grid.h:1695) Grid sharples configured.
2019-05-14 05:07:56,560 null [INFO] (/home/meteo/dev/redist/fwidbmgr/include/Grid.h:1595) Configuring grid: isi
2019-05-14 05:07:56,560 null [INFO] (/home/meteo/dev/redist/fwidbmgr/include/Grid.h:1695) Grid isi configured.
2019-05-14 05:07:56,580 null [INFO] (/home/meteo/dev/redist/fwidbmgr/include/Grid.h:1595) Configuring grid: fwi
2019-05-14 05:07:56,580 null [INFO] (/home/meteo/dev/redist/fwidbmgr/include/Grid.h:1695) Grid fwi configured.
2019-05-14 05:07:56,599 null [INFO] (/home/meteo/dev/redist/fwidbmgr/include/Grid.h:1595) Configuring grid: ffmc
2019-05-14 05:07:56,600 null [INFO] (/home/meteo/dev/redist/fwidbmgr/include/Grid.h:1695) Grid ffmc configured.
2019-05-14 05:07:56,620 null [INFO] (/home/meteo/dev/redist/fwidbmgr/include/Grid.h:1595) Configuring grid: dmc
2019-05-14 05:07:56,620 null [INFO] (/home/meteo/dev/redist/fwidbmgr/include/Grid.h:1695) Grid dmc configured.
2019-05-14 05:07:56,640 null [INFO] (/home/meteo/dev/redist/fwidbmgr/include/Grid.h:1595) Configuring grid: dc
2019-05-14 05:07:56,640 null [INFO] (/home/meteo/dev/redist/fwidbmgr/include/Grid.h:1695) Grid dc configured.
2019-05-14 05:07:56,661 null [INFO] (/home/meteo/dev/redist/fwidbmgr/include/Grid.h:1595) Configuring grid: bui
2019-05-14 05:07:56,661 null [INFO] (/home/meteo/dev/redist/fwidbmgr/include/Grid.h:1695) Grid bui configured.
2019-05-14 05:07:56,680 null [INFO] (/home/meteo/dev/redist/fwidbmgr/include/Grid.h:1595) Configuring grid: ffmc_tmp
2019-05-14 05:07:56,681 null [INFO] (/home/meteo/dev/redist/fwidbmgr/include/Grid.h:1695) Grid ffmc_tmp configured.
2019-05-14 05:07:56,701 null [INFO] (/home/meteo/dev/redist/fwidbmgr/include/Grid.h:1595) Configuring grid: dmc_tmp
2019-05-14 05:07:56,701 null [INFO] (/home/meteo/dev/redist/fwidbmgr/include/Grid.h:1695) Grid dmc_tmp configured.
2019-05-14 05:07:56,721 null [INFO] (/home/meteo/dev/redist/fwidbmgr/include/Grid.h:1595) Configuring grid: dc_tmp
2019-05-14 05:07:56,721 null [INFO] (/home/meteo/dev/redist/fwidbmgr/include/Grid.h:1695) Grid dc_tmp configured.
2019-05-14 05:07:56,741 null [INFO] (/home/meteo/dev/redist/fwidbmgr/include/Grid.h:1595) Configuring grid: angstrom
2019-05-14 05:07:56,741 null [INFO] (/home/meteo/dev/redist/fwidbmgr/include/Grid.h:1695) Grid angstrom configured.
2019-05-14 05:07:56,765 null [INFO] (/home/meteo/dev/redist/fwidbmgr/include/Grid.h:1595) Configuring grid: sharples
2019-05-14 05:07:56,765 null [INFO] (/home/meteo/dev/redist/fwidbmgr/include/Grid.h:1695) Grid sharples configured.
2019-05-14 05:07:56,786 null [INFO] (/home/meteo/dev/redist/fwidbmgr/include/Grid.h:1595) Configuring grid: fmi
2019-05-14 05:07:56,786 null [INFO] (/home/meteo/dev/redist/fwidbmgr/include/Grid.h:1695) Grid fmi configured.
2019-05-14 05:07:56,807 null [INFO] (../src/fwidbmgr.cpp:5600) OK --> 20190513 indexes exported to files.
2019-05-14 05:07:56,807 null [INFO] (../src/fwidbmgr.cpp:5695) action exportidx took about 1 seconds.
2019-05-14 05:07:56,809 null [INFO] (../src/fwidbmgr.cpp:5699) Disconnected from database.
2019-05-14 05:08:09,640 null [INFO] (../src/fwidbmgr.cpp:5361) fwi db manager
2019-05-14 05:08:09,640 null [INFO] (../src/fwidbmgr.cpp:5365) Program home: /home/meteo/dev/redist/fwidbmgr
2019-05-14 05:08:09,640 null [INFO] (../src/fwidbmgr.cpp:5369) Auto convert: 1
2019-05-14 05:08:09,641 null [INFO] (../src/fwidbmgr.cpp:446) action: outimg.
2019-05-14 05:08:09,641 null [INFO] (../src/fwidbmgr.cpp:470) date: 20190513.
2019-05-14 05:08:09,641 null [INFO] (../src/fwidbmgr.cpp:322) Try to read: /home/meteo/dev/redist/fwidbmgr/config/fwidbmgr.conf.
2019-05-14 05:08:09,642 null [INFO] (../src/fwidbmgr.cpp:5393) Configuration parsing: OK.
2019-05-14 05:08:09,646 null [INFO] (../src/fwidbmgr.cpp:5478) Connected to database
2019-05-14 05:08:09,646 null [INFO] (../src/fwidbmgr.cpp:5480) Manage data for date: 20190513.
2019-05-14 05:08:09,647 null [INFO] (../src/fwidbmgr.cpp:5566) Importing fwi indexes images in database.
2019-05-14 05:08:09,707 null [INFO] (../src/fwidbmgr.cpp:5570) OK --> 20190513 images imported.
2019-05-14 05:08:09,708 null [INFO] (../src/fwidbmgr.cpp:5695) action outimg took about 0 seconds.
2019-05-14 05:08:09,708 null [INFO] (../src/fwidbmgr.cpp:5699) Disconnected from database.
2019-05-14 05:37:02,110 null [INFO] (../src/fwidbmgr.cpp:5361) fwi db manager
2019-05-14 05:37:02,110 null [INFO] (../src/fwidbmgr.cpp:5365) Program home: /home/meteo/dev/redist/fwidbmgr
2019-05-14 05:37:02,110 null [INFO] (../src/fwidbmgr.cpp:5369) Auto convert: 1
2019-05-14 05:37:02,110 null [INFO] (../src/fwidbmgr.cpp:446) action: outimg.
2019-05-14 05:37:02,110 null [INFO] (../src/fwidbmgr.cpp:470) date: 20190513.
2019-05-14 05:37:02,110 null [INFO] (../src/fwidbmgr.cpp:322) Try to read: /home/meteo/dev/redist/fwidbmgr/config/fwidbmgr.conf.
2019-05-14 05:37:02,111 null [INFO] (../src/fwidbmgr.cpp:5393) Configuration parsing: OK.
2019-05-14 05:37:02,116 null [INFO] (../src/fwidbmgr.cpp:5478) Connected to database
2019-05-14 05:37:02,116 null [INFO] (../src/fwidbmgr.cpp:5480) Manage data for date: 20190513.
2019-05-14 05:37:02,116 null [INFO] (../src/fwidbmgr.cpp:5566) Importing fwi indexes images in database.
2019-05-14 05:37:02,174 null [INFO] (../src/fwidbmgr.cpp:5570) OK --> 20190513 images imported.
2019-05-14 05:37:02,175 null [INFO] (../src/fwidbmgr.cpp:5695) action outimg took about 0 seconds.
2019-05-14 05:37:02,175 null [INFO] (../src/fwidbmgr.cpp:5699) Disconnected from database.
2019-05-14 06:05:01,475 null [INFO] (../src/fwidbmgr.cpp:5361) fwi db manager
2019-05-14 06:05:01,475 null [INFO] (../src/fwidbmgr.cpp:5365) Program home: /home/meteo/dev/redist/fwidbmgr
2019-05-14 06:05:01,475 null [INFO] (../src/fwidbmgr.cpp:5369) Auto convert: 1
2019-05-14 06:05:01,475 null [INFO] (../src/fwidbmgr.cpp:446) action: outimg.
2019-05-14 06:05:01,475 null [INFO] (../src/fwidbmgr.cpp:470) date: 20190513.
2019-05-14 06:05:01,475 null [INFO] (../src/fwidbmgr.cpp:322) Try to read: /home/meteo/dev/redist/fwidbmgr/config/fwidbmgr.conf.
2019-05-14 06:05:01,477 null [INFO] (../src/fwidbmgr.cpp:5393) Configuration parsing: OK.
2019-05-14 06:05:01,483 null [INFO] (../src/fwidbmgr.cpp:5478) Connected to database
2019-05-14 06:05:01,483 null [INFO] (../src/fwidbmgr.cpp:5480) Manage data for date: 20190513.
2019-05-14 06:05:01,484 null [INFO] (../src/fwidbmgr.cpp:5566) Importing fwi indexes images in database.
2019-05-14 06:05:01,535 null [INFO] (../src/fwidbmgr.cpp:5570) OK --> 20190513 images imported.
2019-05-14 06:05:01,535 null [INFO] (../src/fwidbmgr.cpp:5695) action outimg took about 0 seconds.
2019-05-14 06:05:01,535 null [INFO] (../src/fwidbmgr.cpp:5699) Disconnected from database.
2019-05-14 06:37:01,759 null [INFO] (../src/fwidbmgr.cpp:5361) fwi db manager
2019-05-14 06:37:01,759 null [INFO] (../src/fwidbmgr.cpp:5365) Program home: /home/meteo/dev/redist/fwidbmgr
2019-05-14 06:37:01,759 null [INFO] (../src/fwidbmgr.cpp:5369) Auto convert: 1
2019-05-14 06:37:01,759 null [INFO] (../src/fwidbmgr.cpp:446) action: outimg.
2019-05-14 06:37:01,759 null [INFO] (../src/fwidbmgr.cpp:470) date: 20190513.
2019-05-14 06:37:01,759 null [INFO] (../src/fwidbmgr.cpp:322) Try to read: /home/meteo/dev/redist/fwidbmgr/config/fwidbmgr.conf.
2019-05-14 06:37:01,760 null [INFO] (../src/fwidbmgr.cpp:5393) Configuration parsing: OK.
2019-05-14 06:37:01,765 null [INFO] (../src/fwidbmgr.cpp:5478) Connected to database
2019-05-14 06:37:01,765 null [INFO] (../src/fwidbmgr.cpp:5480) Manage data for date: 20190513.
2019-05-14 06:37:01,766 null [INFO] (../src/fwidbmgr.cpp:5566) Importing fwi indexes images in database.
2019-05-14 06:37:01,822 null [INFO] (../src/fwidbmgr.cpp:5570) OK --> 20190513 images imported.
2019-05-14 06:37:01,822 null [INFO] (../src/fwidbmgr.cpp:5695) action outimg took about 0 seconds.
2019-05-14 06:37:01,822 null [INFO] (../src/fwidbmgr.cpp:5699) Disconnected from database.
2019-05-14 07:05:01,629 null [INFO] (../src/fwidbmgr.cpp:5361) fwi db manager
2019-05-14 07:05:01,629 null [INFO] (../src/fwidbmgr.cpp:5365) Program home: /home/meteo/dev/redist/fwidbmgr
2019-05-14 07:05:01,629 null [INFO] (../src/fwidbmgr.cpp:5369) Auto convert: 1
2019-05-14 07:05:01,629 null [INFO] (../src/fwidbmgr.cpp:446) action: outimg.
2019-05-14 07:05:01,629 null [INFO] (../src/fwidbmgr.cpp:470) date: 20190513.
2019-05-14 07:05:01,629 null [INFO] (../src/fwidbmgr.cpp:322) Try to read: /home/meteo/dev/redist/fwidbmgr/config/fwidbmgr.conf.
2019-05-14 07:05:01,631 null [INFO] (../src/fwidbmgr.cpp:5393) Configuration parsing: OK.
2019-05-14 07:05:01,636 null [INFO] (../src/fwidbmgr.cpp:5478) Connected to database
2019-05-14 07:05:01,636 null [INFO] (../src/fwidbmgr.cpp:5480) Manage data for date: 20190513.
2019-05-14 07:05:01,636 null [INFO] (../src/fwidbmgr.cpp:5566) Importing fwi indexes images in database.
2019-05-14 07:05:01,689 null [INFO] (../src/fwidbmgr.cpp:5570) OK --> 20190513 images imported.
2019-05-14 07:05:01,690 null [INFO] (../src/fwidbmgr.cpp:5695) action outimg took about 0 seconds.
2019-05-14 07:05:01,690 null [INFO] (../src/fwidbmgr.cpp:5699) Disconnected from database.
2019-05-14 07:37:01,943 null [INFO] (../src/fwidbmgr.cpp:5361) fwi db manager
2019-05-14 07:37:01,943 null [INFO] (../src/fwidbmgr.cpp:5365) Program home: /home/meteo/dev/redist/fwidbmgr
2019-05-14 07:37:01,943 null [INFO] (../src/fwidbmgr.cpp:5369) Auto convert: 1
2019-05-14 07:37:01,943 null [INFO] (../src/fwidbmgr.cpp:446) action: outimg.
2019-05-14 07:37:01,943 null [INFO] (../src/fwidbmgr.cpp:470) date: 20190513.
2019-05-14 07:37:01,943 null [INFO] (../src/fwidbmgr.cpp:322) Try to read: /home/meteo/dev/redist/fwidbmgr/config/fwidbmgr.conf.
2019-05-14 07:37:01,946 null [INFO] (../src/fwidbmgr.cpp:5393) Configuration parsing: OK.
2019-05-14 07:37:01,951 null [INFO] (../src/fwidbmgr.cpp:5478) Connected to database
2019-05-14 07:37:01,951 null [INFO] (../src/fwidbmgr.cpp:5480) Manage data for date: 20190513.
2019-05-14 07:37:01,951 null [INFO] (../src/fwidbmgr.cpp:5566) Importing fwi indexes images in database.
2019-05-14 07:37:01,998 null [INFO] (../src/fwidbmgr.cpp:5570) OK --> 20190513 images imported.
2019-05-14 07:37:01,998 null [INFO] (../src/fwidbmgr.cpp:5695) action outimg took about 0 seconds.
2019-05-14 07:37:01,999 null [INFO] (../src/fwidbmgr.cpp:5699) Disconnected from database.
