2017-07-10 05:06:48,219 null [INFO] (../src/fwidbmgr.cpp:5361) fwi db manager
2017-07-10 05:06:48,222 null [INFO] (../src/fwidbmgr.cpp:5365) Program home: /home/meteo/dev/redist/fwidbmgr
2017-07-10 05:06:48,222 null [INFO] (../src/fwidbmgr.cpp:5369) Auto convert: 1
2017-07-10 05:06:48,222 null [INFO] (../src/fwidbmgr.cpp:446) action: in.
2017-07-10 05:06:48,222 null [INFO] (../src/fwidbmgr.cpp:470) date: 20170709.
2017-07-10 05:06:48,223 null [INFO] (../src/fwidbmgr.cpp:322) Try to read: /home/meteo/dev/redist/fwidbmgr/config/fwidbmgr.conf.
2017-07-10 05:06:48,246 null [INFO] (../src/fwidbmgr.cpp:5393) Configuration parsing: OK.
2017-07-10 05:06:48,318 null [INFO] (../src/fwidbmgr.cpp:5478) Connected to database
2017-07-10 05:06:48,318 null [INFO] (../src/fwidbmgr.cpp:5480) Manage data for date: 20170709.
2017-07-10 05:06:48,318 null [INFO] (../src/fwidbmgr.cpp:5536) Importing meteo data in database for day: 20170709.
2017-07-10 05:06:48,321 null [INFO] (/home/meteo/dev/redist/fwidbmgr/include/Grid.h:1595) Configuring grid: snow
2017-07-10 05:06:48,321 null [INFO] (/home/meteo/dev/redist/fwidbmgr/include/Grid.h:1695) Grid snow configured.
2017-07-10 05:06:48,332 null [INFO] (/home/meteo/dev/redist/fwidbmgr/include/Grid.h:1595) Configuring grid: snow_covering
2017-07-10 05:06:48,332 null [INFO] (/home/meteo/dev/redist/fwidbmgr/include/Grid.h:1695) Grid snow_covering configured.
2017-07-10 05:06:48,346 null [INFO] (/home/meteo/dev/redist/fwidbmgr/include/Grid.h:1595) Configuring grid: snow_dissolution
2017-07-10 05:06:48,346 null [INFO] (/home/meteo/dev/redist/fwidbmgr/include/Grid.h:1695) Grid snow_dissolution configured.
2017-07-10 05:06:48,369 null [INFO] (/home/meteo/dev/redist/fwidbmgr/include/Grid.h:1595) Configuring grid: temperature
2017-07-10 05:06:48,369 null [INFO] (/home/meteo/dev/redist/fwidbmgr/include/Grid.h:1695) Grid temperature configured.
2017-07-10 05:06:48,374 null [INFO] (/home/meteo/dev/redist/fwidbmgr/include/Grid.h:1595) Configuring grid: humidity
2017-07-10 05:06:48,375 null [INFO] (/home/meteo/dev/redist/fwidbmgr/include/Grid.h:1695) Grid humidity configured.
2017-07-10 05:06:48,385 null [INFO] (/home/meteo/dev/redist/fwidbmgr/include/Grid.h:1595) Configuring grid: windspeed
2017-07-10 05:06:48,385 null [INFO] (/home/meteo/dev/redist/fwidbmgr/include/Grid.h:1695) Grid windspeed configured.
2017-07-10 05:06:48,407 null [INFO] (/home/meteo/dev/redist/fwidbmgr/include/Grid.h:1595) Configuring grid: rain
2017-07-10 05:06:48,407 null [INFO] (/home/meteo/dev/redist/fwidbmgr/include/Grid.h:1695) Grid rain configured.
2017-07-10 05:06:48,409 null [INFO] (/home/meteo/dev/redist/fwidbmgr/include/Grid.h:1595) Configuring grid: cum_rain
2017-07-10 05:06:48,410 null [INFO] (/home/meteo/dev/redist/fwidbmgr/include/Grid.h:1695) Grid cum_rain configured.
2017-07-10 05:06:56,378 null [INFO] (../src/fwidbmgr.cpp:1518) Storing meteo input ...
2017-07-10 05:07:18,689 null [INFO] (../src/fwidbmgr.cpp:5540) OK --> 20170709 data imported.
2017-07-10 05:07:18,716 null [INFO] (../src/fwidbmgr.cpp:5695) action in took about 30 seconds.
2017-07-10 05:07:18,774 null [INFO] (../src/fwidbmgr.cpp:5699) Disconnected from database.
2017-07-10 05:08:26,563 null [INFO] (../src/fwidbmgr.cpp:5361) fwi db manager
2017-07-10 05:08:26,563 null [INFO] (../src/fwidbmgr.cpp:5365) Program home: /home/meteo/dev/redist/fwidbmgr
2017-07-10 05:08:26,563 null [INFO] (../src/fwidbmgr.cpp:5369) Auto convert: 1
2017-07-10 05:08:26,563 null [INFO] (../src/fwidbmgr.cpp:446) action: out.
2017-07-10 05:08:26,563 null [INFO] (../src/fwidbmgr.cpp:470) date: 20170709.
2017-07-10 05:08:26,563 null [INFO] (../src/fwidbmgr.cpp:322) Try to read: /home/meteo/dev/redist/fwidbmgr/config/fwidbmgr.conf.
2017-07-10 05:08:26,580 null [INFO] (../src/fwidbmgr.cpp:5393) Configuration parsing: OK.
2017-07-10 05:08:26,588 null [INFO] (../src/fwidbmgr.cpp:5478) Connected to database
2017-07-10 05:08:26,588 null [INFO] (../src/fwidbmgr.cpp:5480) Manage data for date: 20170709.
2017-07-10 05:08:26,589 null [INFO] (../src/fwidbmgr.cpp:5551) Importing fwi indexes data in database for day: 20170709.
2017-07-10 05:08:26,596 null [INFO] (/home/meteo/dev/redist/fwidbmgr/include/Grid.h:1595) Configuring grid: isi
2017-07-10 05:08:26,596 null [INFO] (/home/meteo/dev/redist/fwidbmgr/include/Grid.h:1695) Grid isi configured.
2017-07-10 05:08:26,611 null [INFO] (/home/meteo/dev/redist/fwidbmgr/include/Grid.h:1595) Configuring grid: fwi
2017-07-10 05:08:26,611 null [INFO] (/home/meteo/dev/redist/fwidbmgr/include/Grid.h:1695) Grid fwi configured.
2017-07-10 05:08:26,625 null [INFO] (/home/meteo/dev/redist/fwidbmgr/include/Grid.h:1595) Configuring grid: ffmc
2017-07-10 05:08:26,625 null [INFO] (/home/meteo/dev/redist/fwidbmgr/include/Grid.h:1695) Grid ffmc configured.
2017-07-10 05:08:26,639 null [INFO] (/home/meteo/dev/redist/fwidbmgr/include/Grid.h:1595) Configuring grid: dmc
2017-07-10 05:08:26,639 null [INFO] (/home/meteo/dev/redist/fwidbmgr/include/Grid.h:1695) Grid dmc configured.
2017-07-10 05:08:26,653 null [INFO] (/home/meteo/dev/redist/fwidbmgr/include/Grid.h:1595) Configuring grid: dc
2017-07-10 05:08:26,653 null [INFO] (/home/meteo/dev/redist/fwidbmgr/include/Grid.h:1695) Grid dc configured.
2017-07-10 05:08:26,667 null [INFO] (/home/meteo/dev/redist/fwidbmgr/include/Grid.h:1595) Configuring grid: bui
2017-07-10 05:08:26,667 null [INFO] (/home/meteo/dev/redist/fwidbmgr/include/Grid.h:1695) Grid bui configured.
2017-07-10 05:08:26,681 null [INFO] (/home/meteo/dev/redist/fwidbmgr/include/Grid.h:1595) Configuring grid: ffmc_tmp
2017-07-10 05:08:26,681 null [INFO] (/home/meteo/dev/redist/fwidbmgr/include/Grid.h:1695) Grid ffmc_tmp configured.
2017-07-10 05:08:26,701 null [INFO] (/home/meteo/dev/redist/fwidbmgr/include/Grid.h:1595) Configuring grid: dmc_tmp
2017-07-10 05:08:26,701 null [INFO] (/home/meteo/dev/redist/fwidbmgr/include/Grid.h:1695) Grid dmc_tmp configured.
2017-07-10 05:08:26,722 null [INFO] (/home/meteo/dev/redist/fwidbmgr/include/Grid.h:1595) Configuring grid: dc_tmp
2017-07-10 05:08:26,722 null [INFO] (/home/meteo/dev/redist/fwidbmgr/include/Grid.h:1695) Grid dc_tmp configured.
2017-07-10 05:08:26,743 null [INFO] (/home/meteo/dev/redist/fwidbmgr/include/Grid.h:1595) Configuring grid: idi
2017-07-10 05:08:26,743 null [INFO] (/home/meteo/dev/redist/fwidbmgr/include/Grid.h:1695) Grid idi configured.
2017-07-10 05:08:32,471 null [INFO] (../src/fwidbmgr.cpp:2081) Storing FWI indexes ...
2017-07-10 05:08:49,524 null [INFO] (../src/fwidbmgr.cpp:5555) OK --> 20170709 data imported.
2017-07-10 05:08:49,526 null [INFO] (../src/fwidbmgr.cpp:5695) action out took about 23 seconds.
2017-07-10 05:08:49,527 null [INFO] (../src/fwidbmgr.cpp:5699) Disconnected from database.
2017-07-10 05:08:50,290 null [INFO] (../src/fwidbmgr.cpp:5361) fwi db manager
2017-07-10 05:08:50,290 null [INFO] (../src/fwidbmgr.cpp:5365) Program home: /home/meteo/dev/redist/fwidbmgr
2017-07-10 05:08:50,290 null [INFO] (../src/fwidbmgr.cpp:5369) Auto convert: 1
2017-07-10 05:08:50,290 null [INFO] (../src/fwidbmgr.cpp:446) action: computeidx.
2017-07-10 05:08:50,290 null [INFO] (../src/fwidbmgr.cpp:470) date: 20170709.
2017-07-10 05:08:50,290 null [INFO] (../src/fwidbmgr.cpp:322) Try to read: /home/meteo/dev/redist/fwidbmgr/config/fwidbmgr.conf.
2017-07-10 05:08:50,312 null [INFO] (../src/fwidbmgr.cpp:5393) Configuration parsing: OK.
2017-07-10 05:08:50,494 null [INFO] (../src/fwidbmgr.cpp:5478) Connected to database
2017-07-10 05:08:50,494 null [INFO] (../src/fwidbmgr.cpp:5480) Manage data for date: 20170709.
2017-07-10 05:08:50,494 null [INFO] (../src/fwidbmgr.cpp:5656) Computing indexes.
2017-07-10 05:08:50,496 null [INFO] (/home/meteo/dev/redist/fwidbmgr/include/Grid.h:1595) Configuring grid: isi
2017-07-10 05:08:50,496 null [INFO] (/home/meteo/dev/redist/fwidbmgr/include/Grid.h:1695) Grid isi configured.
2017-07-10 05:08:50,497 null [INFO] (/home/meteo/dev/redist/fwidbmgr/include/Grid.h:1595) Configuring grid: fwi
2017-07-10 05:08:50,497 null [INFO] (/home/meteo/dev/redist/fwidbmgr/include/Grid.h:1695) Grid fwi configured.
2017-07-10 05:08:50,499 null [INFO] (/home/meteo/dev/redist/fwidbmgr/include/Grid.h:1595) Configuring grid: ffmc
2017-07-10 05:08:50,510 null [INFO] (/home/meteo/dev/redist/fwidbmgr/include/Grid.h:1695) Grid ffmc configured.
2017-07-10 05:08:50,511 null [INFO] (/home/meteo/dev/redist/fwidbmgr/include/Grid.h:1595) Configuring grid: dmc
2017-07-10 05:08:50,511 null [INFO] (/home/meteo/dev/redist/fwidbmgr/include/Grid.h:1695) Grid dmc configured.
2017-07-10 05:08:50,512 null [INFO] (/home/meteo/dev/redist/fwidbmgr/include/Grid.h:1595) Configuring grid: dc
2017-07-10 05:08:50,512 null [INFO] (/home/meteo/dev/redist/fwidbmgr/include/Grid.h:1695) Grid dc configured.
2017-07-10 05:08:50,514 null [INFO] (/home/meteo/dev/redist/fwidbmgr/include/Grid.h:1595) Configuring grid: bui
2017-07-10 05:08:50,514 null [INFO] (/home/meteo/dev/redist/fwidbmgr/include/Grid.h:1695) Grid bui configured.
2017-07-10 05:08:50,515 null [INFO] (/home/meteo/dev/redist/fwidbmgr/include/Grid.h:1595) Configuring grid: ffmc_tmp
2017-07-10 05:08:50,515 null [INFO] (/home/meteo/dev/redist/fwidbmgr/include/Grid.h:1695) Grid ffmc_tmp configured.
2017-07-10 05:08:50,516 null [INFO] (/home/meteo/dev/redist/fwidbmgr/include/Grid.h:1595) Configuring grid: dmc_tmp
2017-07-10 05:08:50,516 null [INFO] (/home/meteo/dev/redist/fwidbmgr/include/Grid.h:1695) Grid dmc_tmp configured.
2017-07-10 05:08:50,517 null [INFO] (/home/meteo/dev/redist/fwidbmgr/include/Grid.h:1595) Configuring grid: dc_tmp
2017-07-10 05:08:50,518 null [INFO] (/home/meteo/dev/redist/fwidbmgr/include/Grid.h:1695) Grid dc_tmp configured.
2017-07-10 05:08:50,519 null [INFO] (/home/meteo/dev/redist/fwidbmgr/include/Grid.h:1595) Configuring grid: idi
2017-07-10 05:08:50,519 null [INFO] (/home/meteo/dev/redist/fwidbmgr/include/Grid.h:1695) Grid idi configured.
2017-07-10 05:08:50,520 null [INFO] (/home/meteo/dev/redist/fwidbmgr/include/Grid.h:1595) Configuring grid: angstrom
2017-07-10 05:08:50,520 null [INFO] (/home/meteo/dev/redist/fwidbmgr/include/Grid.h:1695) Grid angstrom configured.
2017-07-10 05:08:50,521 null [INFO] (/home/meteo/dev/redist/fwidbmgr/include/Grid.h:1595) Configuring grid: fmi
2017-07-10 05:08:50,521 null [INFO] (/home/meteo/dev/redist/fwidbmgr/include/Grid.h:1695) Grid fmi configured.
2017-07-10 05:08:50,523 null [INFO] (/home/meteo/dev/redist/fwidbmgr/include/Grid.h:1595) Configuring grid: sharples
2017-07-10 05:08:50,523 null [INFO] (/home/meteo/dev/redist/fwidbmgr/include/Grid.h:1695) Grid sharples configured.
2017-07-10 05:08:55,645 null [INFO] (/home/meteo/dev/redist/fwidbmgr/include/Grid.h:1595) Configuring grid: snow
2017-07-10 05:08:55,646 null [INFO] (/home/meteo/dev/redist/fwidbmgr/include/Grid.h:1695) Grid snow configured.
2017-07-10 05:08:55,646 null [INFO] (/home/meteo/dev/redist/fwidbmgr/include/Grid.h:1595) Configuring grid: snow_covering
2017-07-10 05:08:55,646 null [INFO] (/home/meteo/dev/redist/fwidbmgr/include/Grid.h:1695) Grid snow_covering configured.
2017-07-10 05:08:55,646 null [INFO] (/home/meteo/dev/redist/fwidbmgr/include/Grid.h:1595) Configuring grid: snow_dissolution
2017-07-10 05:08:55,646 null [INFO] (/home/meteo/dev/redist/fwidbmgr/include/Grid.h:1695) Grid snow_dissolution configured.
2017-07-10 05:08:55,646 null [INFO] (/home/meteo/dev/redist/fwidbmgr/include/Grid.h:1595) Configuring grid: temperature
2017-07-10 05:08:55,646 null [INFO] (/home/meteo/dev/redist/fwidbmgr/include/Grid.h:1695) Grid temperature configured.
2017-07-10 05:08:55,647 null [INFO] (/home/meteo/dev/redist/fwidbmgr/include/Grid.h:1595) Configuring grid: humidity
2017-07-10 05:08:55,647 null [INFO] (/home/meteo/dev/redist/fwidbmgr/include/Grid.h:1695) Grid humidity configured.
2017-07-10 05:08:55,647 null [INFO] (/home/meteo/dev/redist/fwidbmgr/include/Grid.h:1595) Configuring grid: windspeed
2017-07-10 05:08:55,648 null [INFO] (/home/meteo/dev/redist/fwidbmgr/include/Grid.h:1695) Grid windspeed configured.
2017-07-10 05:08:55,648 null [INFO] (/home/meteo/dev/redist/fwidbmgr/include/Grid.h:1595) Configuring grid: rain
2017-07-10 05:08:55,648 null [INFO] (/home/meteo/dev/redist/fwidbmgr/include/Grid.h:1695) Grid rain configured.
2017-07-10 05:08:55,648 null [INFO] (/home/meteo/dev/redist/fwidbmgr/include/Grid.h:1595) Configuring grid: cum_rain
2017-07-10 05:08:55,648 null [INFO] (/home/meteo/dev/redist/fwidbmgr/include/Grid.h:1695) Grid cum_rain configured.
2017-07-10 05:11:01,691 null [INFO] (../src/fwidbmgr.cpp:5660) OK --> 20170709 indexes computed.
2017-07-10 05:11:01,703 null [INFO] (../src/fwidbmgr.cpp:5695) action computeidx took about 131 seconds.
2017-07-10 05:11:01,703 null [INFO] (../src/fwidbmgr.cpp:5699) Disconnected from database.
2017-07-10 05:11:01,899 null [INFO] (../src/fwidbmgr.cpp:5361) fwi db manager
2017-07-10 05:11:01,900 null [INFO] (../src/fwidbmgr.cpp:5365) Program home: /home/meteo/dev/redist/fwidbmgr
2017-07-10 05:11:01,900 null [INFO] (../src/fwidbmgr.cpp:5369) Auto convert: 1
2017-07-10 05:11:01,900 null [INFO] (../src/fwidbmgr.cpp:446) action: exportidx.
2017-07-10 05:11:01,900 null [INFO] (../src/fwidbmgr.cpp:470) date: 20170709.
2017-07-10 05:11:01,900 null [INFO] (../src/fwidbmgr.cpp:322) Try to read: /home/meteo/dev/redist/fwidbmgr/config/fwidbmgr.conf.
2017-07-10 05:11:01,916 null [INFO] (../src/fwidbmgr.cpp:5393) Configuration parsing: OK.
2017-07-10 05:11:01,956 null [INFO] (../src/fwidbmgr.cpp:5478) Connected to database
2017-07-10 05:11:01,956 null [INFO] (../src/fwidbmgr.cpp:5480) Manage data for date: 20170709.
2017-07-10 05:11:01,956 null [INFO] (../src/fwidbmgr.cpp:5596) Exporting indexes.
2017-07-10 05:11:01,958 null [INFO] (/home/meteo/dev/redist/fwidbmgr/include/Grid.h:1595) Configuring grid: isi
2017-07-10 05:11:01,958 null [INFO] (/home/meteo/dev/redist/fwidbmgr/include/Grid.h:1695) Grid isi configured.
2017-07-10 05:11:01,959 null [INFO] (/home/meteo/dev/redist/fwidbmgr/include/Grid.h:1595) Configuring grid: fwi
2017-07-10 05:11:01,959 null [INFO] (/home/meteo/dev/redist/fwidbmgr/include/Grid.h:1695) Grid fwi configured.
2017-07-10 05:11:01,961 null [INFO] (/home/meteo/dev/redist/fwidbmgr/include/Grid.h:1595) Configuring grid: ffmc
2017-07-10 05:11:01,961 null [INFO] (/home/meteo/dev/redist/fwidbmgr/include/Grid.h:1695) Grid ffmc configured.
2017-07-10 05:11:01,962 null [INFO] (/home/meteo/dev/redist/fwidbmgr/include/Grid.h:1595) Configuring grid: dmc
2017-07-10 05:11:01,962 null [INFO] (/home/meteo/dev/redist/fwidbmgr/include/Grid.h:1695) Grid dmc configured.
2017-07-10 05:11:01,963 null [INFO] (/home/meteo/dev/redist/fwidbmgr/include/Grid.h:1595) Configuring grid: dc
2017-07-10 05:11:01,963 null [INFO] (/home/meteo/dev/redist/fwidbmgr/include/Grid.h:1695) Grid dc configured.
2017-07-10 05:11:01,965 null [INFO] (/home/meteo/dev/redist/fwidbmgr/include/Grid.h:1595) Configuring grid: bui
2017-07-10 05:11:01,965 null [INFO] (/home/meteo/dev/redist/fwidbmgr/include/Grid.h:1695) Grid bui configured.
2017-07-10 05:11:01,966 null [INFO] (/home/meteo/dev/redist/fwidbmgr/include/Grid.h:1595) Configuring grid: ffmc_tmp
2017-07-10 05:11:01,966 null [INFO] (/home/meteo/dev/redist/fwidbmgr/include/Grid.h:1695) Grid ffmc_tmp configured.
2017-07-10 05:11:01,967 null [INFO] (/home/meteo/dev/redist/fwidbmgr/include/Grid.h:1595) Configuring grid: dmc_tmp
2017-07-10 05:11:01,967 null [INFO] (/home/meteo/dev/redist/fwidbmgr/include/Grid.h:1695) Grid dmc_tmp configured.
2017-07-10 05:11:01,969 null [INFO] (/home/meteo/dev/redist/fwidbmgr/include/Grid.h:1595) Configuring grid: dc_tmp
2017-07-10 05:11:01,969 null [INFO] (/home/meteo/dev/redist/fwidbmgr/include/Grid.h:1695) Grid dc_tmp configured.
2017-07-10 05:11:01,970 null [INFO] (/home/meteo/dev/redist/fwidbmgr/include/Grid.h:1595) Configuring grid: idi
2017-07-10 05:11:01,970 null [INFO] (/home/meteo/dev/redist/fwidbmgr/include/Grid.h:1695) Grid idi configured.
2017-07-10 05:11:01,971 null [INFO] (/home/meteo/dev/redist/fwidbmgr/include/Grid.h:1595) Configuring grid: angstrom
2017-07-10 05:11:01,971 null [INFO] (/home/meteo/dev/redist/fwidbmgr/include/Grid.h:1695) Grid angstrom configured.
2017-07-10 05:11:01,972 null [INFO] (/home/meteo/dev/redist/fwidbmgr/include/Grid.h:1595) Configuring grid: fmi
2017-07-10 05:11:01,973 null [INFO] (/home/meteo/dev/redist/fwidbmgr/include/Grid.h:1695) Grid fmi configured.
2017-07-10 05:11:01,974 null [INFO] (/home/meteo/dev/redist/fwidbmgr/include/Grid.h:1595) Configuring grid: sharples
2017-07-10 05:11:01,974 null [INFO] (/home/meteo/dev/redist/fwidbmgr/include/Grid.h:1695) Grid sharples configured.
2017-07-10 05:11:07,087 null [INFO] (/home/meteo/dev/redist/fwidbmgr/include/Grid.h:1595) Configuring grid: isi
2017-07-10 05:11:07,087 null [INFO] (/home/meteo/dev/redist/fwidbmgr/include/Grid.h:1695) Grid isi configured.
2017-07-10 05:11:07,156 null [INFO] (/home/meteo/dev/redist/fwidbmgr/include/Grid.h:1595) Configuring grid: fwi
2017-07-10 05:11:07,156 null [INFO] (/home/meteo/dev/redist/fwidbmgr/include/Grid.h:1695) Grid fwi configured.
2017-07-10 05:11:07,213 null [INFO] (/home/meteo/dev/redist/fwidbmgr/include/Grid.h:1595) Configuring grid: ffmc
2017-07-10 05:11:07,213 null [INFO] (/home/meteo/dev/redist/fwidbmgr/include/Grid.h:1695) Grid ffmc configured.
2017-07-10 05:11:07,280 null [INFO] (/home/meteo/dev/redist/fwidbmgr/include/Grid.h:1595) Configuring grid: dmc
2017-07-10 05:11:07,280 null [INFO] (/home/meteo/dev/redist/fwidbmgr/include/Grid.h:1695) Grid dmc configured.
2017-07-10 05:11:07,322 null [INFO] (/home/meteo/dev/redist/fwidbmgr/include/Grid.h:1595) Configuring grid: dc
2017-07-10 05:11:07,322 null [INFO] (/home/meteo/dev/redist/fwidbmgr/include/Grid.h:1695) Grid dc configured.
2017-07-10 05:11:07,361 null [INFO] (/home/meteo/dev/redist/fwidbmgr/include/Grid.h:1595) Configuring grid: bui
2017-07-10 05:11:07,361 null [INFO] (/home/meteo/dev/redist/fwidbmgr/include/Grid.h:1695) Grid bui configured.
2017-07-10 05:11:07,404 null [INFO] (/home/meteo/dev/redist/fwidbmgr/include/Grid.h:1595) Configuring grid: ffmc_tmp
2017-07-10 05:11:07,404 null [INFO] (/home/meteo/dev/redist/fwidbmgr/include/Grid.h:1695) Grid ffmc_tmp configured.
2017-07-10 05:11:07,464 null [INFO] (/home/meteo/dev/redist/fwidbmgr/include/Grid.h:1595) Configuring grid: dmc_tmp
2017-07-10 05:11:07,464 null [INFO] (/home/meteo/dev/redist/fwidbmgr/include/Grid.h:1695) Grid dmc_tmp configured.
2017-07-10 05:11:07,509 null [INFO] (/home/meteo/dev/redist/fwidbmgr/include/Grid.h:1595) Configuring grid: dc_tmp
2017-07-10 05:11:07,509 null [INFO] (/home/meteo/dev/redist/fwidbmgr/include/Grid.h:1695) Grid dc_tmp configured.
2017-07-10 05:11:07,554 null [INFO] (/home/meteo/dev/redist/fwidbmgr/include/Grid.h:1595) Configuring grid: angstrom
2017-07-10 05:11:07,555 null [INFO] (/home/meteo/dev/redist/fwidbmgr/include/Grid.h:1695) Grid angstrom configured.
2017-07-10 05:11:07,637 null [INFO] (/home/meteo/dev/redist/fwidbmgr/include/Grid.h:1595) Configuring grid: sharples
2017-07-10 05:11:07,637 null [INFO] (/home/meteo/dev/redist/fwidbmgr/include/Grid.h:1695) Grid sharples configured.
2017-07-10 05:11:07,676 null [INFO] (/home/meteo/dev/redist/fwidbmgr/include/Grid.h:1595) Configuring grid: fmi
2017-07-10 05:11:07,676 null [INFO] (/home/meteo/dev/redist/fwidbmgr/include/Grid.h:1695) Grid fmi configured.
2017-07-10 05:11:07,725 null [INFO] (../src/fwidbmgr.cpp:5600) OK --> 20170709 indexes exported to files.
2017-07-10 05:11:07,725 null [INFO] (../src/fwidbmgr.cpp:5695) action exportidx took about 6 seconds.
2017-07-10 05:11:07,725 null [INFO] (../src/fwidbmgr.cpp:5699) Disconnected from database.
2017-07-10 05:11:40,497 null [INFO] (../src/fwidbmgr.cpp:5361) fwi db manager
2017-07-10 05:11:40,497 null [INFO] (../src/fwidbmgr.cpp:5365) Program home: /home/meteo/dev/redist/fwidbmgr
2017-07-10 05:11:40,497 null [INFO] (../src/fwidbmgr.cpp:5369) Auto convert: 1
2017-07-10 05:11:40,497 null [INFO] (../src/fwidbmgr.cpp:446) action: outimg.
2017-07-10 05:11:40,497 null [INFO] (../src/fwidbmgr.cpp:470) date: 20170709.
2017-07-10 05:11:40,498 null [INFO] (../src/fwidbmgr.cpp:322) Try to read: /home/meteo/dev/redist/fwidbmgr/config/fwidbmgr.conf.
2017-07-10 05:11:40,550 null [INFO] (../src/fwidbmgr.cpp:5393) Configuration parsing: OK.
2017-07-10 05:11:40,553 null [INFO] (../src/fwidbmgr.cpp:5478) Connected to database
2017-07-10 05:11:40,553 null [INFO] (../src/fwidbmgr.cpp:5480) Manage data for date: 20170709.
2017-07-10 05:11:40,553 null [INFO] (../src/fwidbmgr.cpp:5566) Importing fwi indexes images in database.
2017-07-10 05:11:41,336 null [INFO] (../src/fwidbmgr.cpp:5570) OK --> 20170709 images imported.
2017-07-10 05:11:41,336 null [INFO] (../src/fwidbmgr.cpp:5695) action outimg took about 1 seconds.
2017-07-10 05:11:41,336 null [INFO] (../src/fwidbmgr.cpp:5699) Disconnected from database.
2017-07-10 05:37:01,597 null [INFO] (../src/fwidbmgr.cpp:5361) fwi db manager
2017-07-10 05:37:01,597 null [INFO] (../src/fwidbmgr.cpp:5365) Program home: /home/meteo/dev/redist/fwidbmgr
2017-07-10 05:37:01,598 null [INFO] (../src/fwidbmgr.cpp:5369) Auto convert: 1
2017-07-10 05:37:01,598 null [INFO] (../src/fwidbmgr.cpp:446) action: outimg.
2017-07-10 05:37:01,598 null [INFO] (../src/fwidbmgr.cpp:470) date: 20170709.
2017-07-10 05:37:01,598 null [INFO] (../src/fwidbmgr.cpp:322) Try to read: /home/meteo/dev/redist/fwidbmgr/config/fwidbmgr.conf.
2017-07-10 05:37:01,604 null [INFO] (../src/fwidbmgr.cpp:5393) Configuration parsing: OK.
2017-07-10 05:37:01,614 null [INFO] (../src/fwidbmgr.cpp:5478) Connected to database
2017-07-10 05:37:01,614 null [INFO] (../src/fwidbmgr.cpp:5480) Manage data for date: 20170709.
2017-07-10 05:37:01,614 null [INFO] (../src/fwidbmgr.cpp:5566) Importing fwi indexes images in database.
2017-07-10 05:37:01,700 null [INFO] (../src/fwidbmgr.cpp:5570) OK --> 20170709 images imported.
2017-07-10 05:37:01,701 null [INFO] (../src/fwidbmgr.cpp:5695) action outimg took about 0 seconds.
2017-07-10 05:37:01,701 null [INFO] (../src/fwidbmgr.cpp:5699) Disconnected from database.
2017-07-10 06:05:01,845 null [INFO] (../src/fwidbmgr.cpp:5361) fwi db manager
2017-07-10 06:05:01,845 null [INFO] (../src/fwidbmgr.cpp:5365) Program home: /home/meteo/dev/redist/fwidbmgr
2017-07-10 06:05:01,845 null [INFO] (../src/fwidbmgr.cpp:5369) Auto convert: 1
2017-07-10 06:05:01,846 null [INFO] (../src/fwidbmgr.cpp:446) action: outimg.
2017-07-10 06:05:01,846 null [INFO] (../src/fwidbmgr.cpp:470) date: 20170709.
2017-07-10 06:05:01,846 null [INFO] (../src/fwidbmgr.cpp:322) Try to read: /home/meteo/dev/redist/fwidbmgr/config/fwidbmgr.conf.
2017-07-10 06:05:01,848 null [INFO] (../src/fwidbmgr.cpp:5393) Configuration parsing: OK.
2017-07-10 06:05:01,852 null [INFO] (../src/fwidbmgr.cpp:5478) Connected to database
2017-07-10 06:05:01,852 null [INFO] (../src/fwidbmgr.cpp:5480) Manage data for date: 20170709.
2017-07-10 06:05:01,852 null [INFO] (../src/fwidbmgr.cpp:5566) Importing fwi indexes images in database.
2017-07-10 06:05:01,920 null [INFO] (../src/fwidbmgr.cpp:5570) OK --> 20170709 images imported.
2017-07-10 06:05:01,920 null [INFO] (../src/fwidbmgr.cpp:5695) action outimg took about 0 seconds.
2017-07-10 06:05:01,921 null [INFO] (../src/fwidbmgr.cpp:5699) Disconnected from database.
2017-07-10 06:37:01,065 null [INFO] (../src/fwidbmgr.cpp:5361) fwi db manager
2017-07-10 06:37:01,065 null [INFO] (../src/fwidbmgr.cpp:5365) Program home: /home/meteo/dev/redist/fwidbmgr
2017-07-10 06:37:01,065 null [INFO] (../src/fwidbmgr.cpp:5369) Auto convert: 1
2017-07-10 06:37:01,065 null [INFO] (../src/fwidbmgr.cpp:446) action: outimg.
2017-07-10 06:37:01,065 null [INFO] (../src/fwidbmgr.cpp:470) date: 20170709.
2017-07-10 06:37:01,065 null [INFO] (../src/fwidbmgr.cpp:322) Try to read: /home/meteo/dev/redist/fwidbmgr/config/fwidbmgr.conf.
2017-07-10 06:37:01,068 null [INFO] (../src/fwidbmgr.cpp:5393) Configuration parsing: OK.
2017-07-10 06:37:01,088 null [INFO] (../src/fwidbmgr.cpp:5478) Connected to database
2017-07-10 06:37:01,088 null [INFO] (../src/fwidbmgr.cpp:5480) Manage data for date: 20170709.
2017-07-10 06:37:01,088 null [INFO] (../src/fwidbmgr.cpp:5566) Importing fwi indexes images in database.
2017-07-10 06:37:01,224 null [INFO] (../src/fwidbmgr.cpp:5570) OK --> 20170709 images imported.
2017-07-10 06:37:01,224 null [INFO] (../src/fwidbmgr.cpp:5695) action outimg took about 0 seconds.
2017-07-10 06:37:01,224 null [INFO] (../src/fwidbmgr.cpp:5699) Disconnected from database.
2017-07-10 07:05:01,933 null [INFO] (../src/fwidbmgr.cpp:5361) fwi db manager
2017-07-10 07:05:01,933 null [INFO] (../src/fwidbmgr.cpp:5365) Program home: /home/meteo/dev/redist/fwidbmgr
2017-07-10 07:05:01,934 null [INFO] (../src/fwidbmgr.cpp:5369) Auto convert: 1
2017-07-10 07:05:01,934 null [INFO] (../src/fwidbmgr.cpp:446) action: outimg.
2017-07-10 07:05:01,934 null [INFO] (../src/fwidbmgr.cpp:470) date: 20170709.
2017-07-10 07:05:01,934 null [INFO] (../src/fwidbmgr.cpp:322) Try to read: /home/meteo/dev/redist/fwidbmgr/config/fwidbmgr.conf.
2017-07-10 07:05:01,935 null [INFO] (../src/fwidbmgr.cpp:5393) Configuration parsing: OK.
2017-07-10 07:05:01,946 null [INFO] (../src/fwidbmgr.cpp:5478) Connected to database
2017-07-10 07:05:01,946 null [INFO] (../src/fwidbmgr.cpp:5480) Manage data for date: 20170709.
2017-07-10 07:05:01,946 null [INFO] (../src/fwidbmgr.cpp:5566) Importing fwi indexes images in database.
2017-07-10 07:05:02,049 null [INFO] (../src/fwidbmgr.cpp:5570) OK --> 20170709 images imported.
2017-07-10 07:05:02,049 null [INFO] (../src/fwidbmgr.cpp:5695) action outimg took about 1 seconds.
2017-07-10 07:05:02,049 null [INFO] (../src/fwidbmgr.cpp:5699) Disconnected from database.
2017-07-10 07:37:01,242 null [INFO] (../src/fwidbmgr.cpp:5361) fwi db manager
2017-07-10 07:37:01,242 null [INFO] (../src/fwidbmgr.cpp:5365) Program home: /home/meteo/dev/redist/fwidbmgr
2017-07-10 07:37:01,242 null [INFO] (../src/fwidbmgr.cpp:5369) Auto convert: 1
2017-07-10 07:37:01,242 null [INFO] (../src/fwidbmgr.cpp:446) action: outimg.
2017-07-10 07:37:01,242 null [INFO] (../src/fwidbmgr.cpp:470) date: 20170709.
2017-07-10 07:37:01,242 null [INFO] (../src/fwidbmgr.cpp:322) Try to read: /home/meteo/dev/redist/fwidbmgr/config/fwidbmgr.conf.
2017-07-10 07:37:01,244 null [INFO] (../src/fwidbmgr.cpp:5393) Configuration parsing: OK.
2017-07-10 07:37:01,262 null [INFO] (../src/fwidbmgr.cpp:5478) Connected to database
2017-07-10 07:37:01,262 null [INFO] (../src/fwidbmgr.cpp:5480) Manage data for date: 20170709.
2017-07-10 07:37:01,263 null [INFO] (../src/fwidbmgr.cpp:5566) Importing fwi indexes images in database.
2017-07-10 07:37:01,383 null [INFO] (../src/fwidbmgr.cpp:5570) OK --> 20170709 images imported.
2017-07-10 07:37:01,383 null [INFO] (../src/fwidbmgr.cpp:5695) action outimg took about 0 seconds.
2017-07-10 07:37:01,383 null [INFO] (../src/fwidbmgr.cpp:5699) Disconnected from database.
