2016-07-21 05:07:34,052 null [INFO] (../src/fwidbmgr.cpp:5207) fwi db manager
2016-07-21 05:07:34,052 null [INFO] (../src/fwidbmgr.cpp:5209) Program home: /home/meteo/dev/redist/fwidbmgr
2016-07-21 05:07:34,052 null [INFO] (../src/fwidbmgr.cpp:5211) Auto convert: 1
2016-07-21 05:07:34,052 null [INFO] (../src/fwidbmgr.cpp:458) action: in.
2016-07-21 05:07:34,052 null [INFO] (../src/fwidbmgr.cpp:482) date: 20160720.
2016-07-21 05:07:34,052 null [INFO] (../src/fwidbmgr.cpp:319) Try to read: /home/meteo/dev/redist/fwidbmgr/config/fwidbmgr.conf.
2016-07-21 05:07:34,538 null [INFO] (../src/fwidbmgr.cpp:5240) Configuration parsing: OK.
2016-07-21 05:07:36,539 null [INFO] (../src/fwidbmgr.cpp:5322) Connected to database
2016-07-21 05:07:36,539 null [INFO] (../src/fwidbmgr.cpp:5323) Manage data for date: 20160720.
2016-07-21 05:07:36,539 null [INFO] (../src/fwidbmgr.cpp:5367) Importing meteo data in database for day: 20160720.
2016-07-21 05:07:36,540 null [INFO] (/home/meteo/dev/redist/fwidbmgr/include/Grid.h:1595) Configuring grid: snow
2016-07-21 05:07:36,540 null [INFO] (/home/meteo/dev/redist/fwidbmgr/include/Grid.h:1695) Grid snow configured.
2016-07-21 05:07:36,552 null [INFO] (/home/meteo/dev/redist/fwidbmgr/include/Grid.h:1595) Configuring grid: snow_covering
2016-07-21 05:07:36,552 null [INFO] (/home/meteo/dev/redist/fwidbmgr/include/Grid.h:1695) Grid snow_covering configured.
2016-07-21 05:07:36,565 null [INFO] (/home/meteo/dev/redist/fwidbmgr/include/Grid.h:1595) Configuring grid: snow_dissolution
2016-07-21 05:07:36,565 null [INFO] (/home/meteo/dev/redist/fwidbmgr/include/Grid.h:1695) Grid snow_dissolution configured.
2016-07-21 05:07:36,587 null [INFO] (/home/meteo/dev/redist/fwidbmgr/include/Grid.h:1595) Configuring grid: temperature
2016-07-21 05:07:36,588 null [INFO] (/home/meteo/dev/redist/fwidbmgr/include/Grid.h:1695) Grid temperature configured.
2016-07-21 05:07:36,592 null [INFO] (/home/meteo/dev/redist/fwidbmgr/include/Grid.h:1595) Configuring grid: humidity
2016-07-21 05:07:36,593 null [INFO] (/home/meteo/dev/redist/fwidbmgr/include/Grid.h:1695) Grid humidity configured.
2016-07-21 05:07:36,603 null [INFO] (/home/meteo/dev/redist/fwidbmgr/include/Grid.h:1595) Configuring grid: windspeed
2016-07-21 05:07:36,603 null [INFO] (/home/meteo/dev/redist/fwidbmgr/include/Grid.h:1695) Grid windspeed configured.
2016-07-21 05:07:36,625 null [INFO] (/home/meteo/dev/redist/fwidbmgr/include/Grid.h:1595) Configuring grid: rain
2016-07-21 05:07:36,625 null [INFO] (/home/meteo/dev/redist/fwidbmgr/include/Grid.h:1695) Grid rain configured.
2016-07-21 05:07:36,628 null [INFO] (/home/meteo/dev/redist/fwidbmgr/include/Grid.h:1595) Configuring grid: cum_rain
2016-07-21 05:07:36,629 null [INFO] (/home/meteo/dev/redist/fwidbmgr/include/Grid.h:1695) Grid cum_rain configured.
2016-07-21 05:10:16,804 null [INFO] (../src/fwidbmgr.cpp:1502) Storing meteo input ...
2016-07-21 05:11:38,775 null [INFO] (../src/fwidbmgr.cpp:5370) OK --> 20160720 data imported.
2016-07-21 05:11:38,805 null [INFO] (../src/fwidbmgr.cpp:5496) action in took about 242 seconds.
2016-07-21 05:11:39,079 null [INFO] (../src/fwidbmgr.cpp:5499) Disconnected from database.
2016-07-21 05:13:19,047 null [INFO] (../src/fwidbmgr.cpp:5207) fwi db manager
2016-07-21 05:13:19,047 null [INFO] (../src/fwidbmgr.cpp:5209) Program home: /home/meteo/dev/redist/fwidbmgr
2016-07-21 05:13:19,047 null [INFO] (../src/fwidbmgr.cpp:5211) Auto convert: 1
2016-07-21 05:13:19,047 null [INFO] (../src/fwidbmgr.cpp:458) action: out.
2016-07-21 05:13:19,047 null [INFO] (../src/fwidbmgr.cpp:482) date: 20160720.
2016-07-21 05:13:19,047 null [INFO] (../src/fwidbmgr.cpp:319) Try to read: /home/meteo/dev/redist/fwidbmgr/config/fwidbmgr.conf.
2016-07-21 05:13:19,181 null [INFO] (../src/fwidbmgr.cpp:5240) Configuration parsing: OK.
2016-07-21 05:13:19,194 null [INFO] (../src/fwidbmgr.cpp:5322) Connected to database
2016-07-21 05:13:19,194 null [INFO] (../src/fwidbmgr.cpp:5323) Manage data for date: 20160720.
2016-07-21 05:13:19,194 null [INFO] (../src/fwidbmgr.cpp:5379) Importing fwi indexes data in database for day: 20160720.
2016-07-21 05:13:19,195 null [INFO] (/home/meteo/dev/redist/fwidbmgr/include/Grid.h:1595) Configuring grid: isi
2016-07-21 05:13:19,195 null [INFO] (/home/meteo/dev/redist/fwidbmgr/include/Grid.h:1695) Grid isi configured.
2016-07-21 05:13:19,209 null [INFO] (/home/meteo/dev/redist/fwidbmgr/include/Grid.h:1595) Configuring grid: fwi
2016-07-21 05:13:19,209 null [INFO] (/home/meteo/dev/redist/fwidbmgr/include/Grid.h:1695) Grid fwi configured.
2016-07-21 05:13:19,222 null [INFO] (/home/meteo/dev/redist/fwidbmgr/include/Grid.h:1595) Configuring grid: ffmc
2016-07-21 05:13:19,222 null [INFO] (/home/meteo/dev/redist/fwidbmgr/include/Grid.h:1695) Grid ffmc configured.
2016-07-21 05:13:19,236 null [INFO] (/home/meteo/dev/redist/fwidbmgr/include/Grid.h:1595) Configuring grid: dmc
2016-07-21 05:13:19,236 null [INFO] (/home/meteo/dev/redist/fwidbmgr/include/Grid.h:1695) Grid dmc configured.
2016-07-21 05:13:19,249 null [INFO] (/home/meteo/dev/redist/fwidbmgr/include/Grid.h:1595) Configuring grid: dc
2016-07-21 05:13:19,249 null [INFO] (/home/meteo/dev/redist/fwidbmgr/include/Grid.h:1695) Grid dc configured.
2016-07-21 05:13:19,263 null [INFO] (/home/meteo/dev/redist/fwidbmgr/include/Grid.h:1595) Configuring grid: bui
2016-07-21 05:13:19,263 null [INFO] (/home/meteo/dev/redist/fwidbmgr/include/Grid.h:1695) Grid bui configured.
2016-07-21 05:13:19,276 null [INFO] (/home/meteo/dev/redist/fwidbmgr/include/Grid.h:1595) Configuring grid: ffmc_tmp
2016-07-21 05:13:19,277 null [INFO] (/home/meteo/dev/redist/fwidbmgr/include/Grid.h:1695) Grid ffmc_tmp configured.
2016-07-21 05:13:19,353 null [INFO] (/home/meteo/dev/redist/fwidbmgr/include/Grid.h:1595) Configuring grid: dmc_tmp
2016-07-21 05:13:19,353 null [INFO] (/home/meteo/dev/redist/fwidbmgr/include/Grid.h:1695) Grid dmc_tmp configured.
2016-07-21 05:13:19,485 null [INFO] (/home/meteo/dev/redist/fwidbmgr/include/Grid.h:1595) Configuring grid: dc_tmp
2016-07-21 05:13:19,485 null [INFO] (/home/meteo/dev/redist/fwidbmgr/include/Grid.h:1695) Grid dc_tmp configured.
2016-07-21 05:13:19,695 null [INFO] (/home/meteo/dev/redist/fwidbmgr/include/Grid.h:1595) Configuring grid: idi
2016-07-21 05:13:19,695 null [INFO] (/home/meteo/dev/redist/fwidbmgr/include/Grid.h:1695) Grid idi configured.
2016-07-21 05:13:50,989 null [INFO] (../src/fwidbmgr.cpp:2045) Storing FWI indexes ...
2016-07-21 05:16:28,594 null [INFO] (../src/fwidbmgr.cpp:5382) OK --> 20160720 data imported.
2016-07-21 05:16:28,619 null [INFO] (../src/fwidbmgr.cpp:5496) action out took about 189 seconds.
2016-07-21 05:16:28,884 null [INFO] (../src/fwidbmgr.cpp:5499) Disconnected from database.
2016-07-21 05:16:29,682 null [INFO] (../src/fwidbmgr.cpp:5207) fwi db manager
2016-07-21 05:16:29,683 null [INFO] (../src/fwidbmgr.cpp:5209) Program home: /home/meteo/dev/redist/fwidbmgr
2016-07-21 05:16:29,683 null [INFO] (../src/fwidbmgr.cpp:5211) Auto convert: 1
2016-07-21 05:16:29,683 null [INFO] (../src/fwidbmgr.cpp:458) action: computeidx.
2016-07-21 05:16:29,683 null [INFO] (../src/fwidbmgr.cpp:482) date: 20160720.
2016-07-21 05:16:29,683 null [INFO] (../src/fwidbmgr.cpp:319) Try to read: /home/meteo/dev/redist/fwidbmgr/config/fwidbmgr.conf.
2016-07-21 05:16:29,824 null [INFO] (../src/fwidbmgr.cpp:5240) Configuration parsing: OK.
2016-07-21 05:16:29,862 null [INFO] (../src/fwidbmgr.cpp:5322) Connected to database
2016-07-21 05:16:29,862 null [INFO] (../src/fwidbmgr.cpp:5323) Manage data for date: 20160720.
2016-07-21 05:16:29,862 null [INFO] (../src/fwidbmgr.cpp:5463) Computing indexes.
2016-07-21 05:16:29,864 null [INFO] (/home/meteo/dev/redist/fwidbmgr/include/Grid.h:1595) Configuring grid: isi
2016-07-21 05:16:29,864 null [INFO] (/home/meteo/dev/redist/fwidbmgr/include/Grid.h:1695) Grid isi configured.
2016-07-21 05:16:29,865 null [INFO] (/home/meteo/dev/redist/fwidbmgr/include/Grid.h:1595) Configuring grid: fwi
2016-07-21 05:16:29,865 null [INFO] (/home/meteo/dev/redist/fwidbmgr/include/Grid.h:1695) Grid fwi configured.
2016-07-21 05:16:29,867 null [INFO] (/home/meteo/dev/redist/fwidbmgr/include/Grid.h:1595) Configuring grid: ffmc
2016-07-21 05:16:29,877 null [INFO] (/home/meteo/dev/redist/fwidbmgr/include/Grid.h:1695) Grid ffmc configured.
2016-07-21 05:16:29,878 null [INFO] (/home/meteo/dev/redist/fwidbmgr/include/Grid.h:1595) Configuring grid: dmc
2016-07-21 05:16:29,878 null [INFO] (/home/meteo/dev/redist/fwidbmgr/include/Grid.h:1695) Grid dmc configured.
2016-07-21 05:16:29,880 null [INFO] (/home/meteo/dev/redist/fwidbmgr/include/Grid.h:1595) Configuring grid: dc
2016-07-21 05:16:29,880 null [INFO] (/home/meteo/dev/redist/fwidbmgr/include/Grid.h:1695) Grid dc configured.
2016-07-21 05:16:29,881 null [INFO] (/home/meteo/dev/redist/fwidbmgr/include/Grid.h:1595) Configuring grid: bui
2016-07-21 05:16:29,881 null [INFO] (/home/meteo/dev/redist/fwidbmgr/include/Grid.h:1695) Grid bui configured.
2016-07-21 05:16:29,883 null [INFO] (/home/meteo/dev/redist/fwidbmgr/include/Grid.h:1595) Configuring grid: ffmc_tmp
2016-07-21 05:16:29,883 null [INFO] (/home/meteo/dev/redist/fwidbmgr/include/Grid.h:1695) Grid ffmc_tmp configured.
2016-07-21 05:16:29,884 null [INFO] (/home/meteo/dev/redist/fwidbmgr/include/Grid.h:1595) Configuring grid: dmc_tmp
2016-07-21 05:16:29,884 null [INFO] (/home/meteo/dev/redist/fwidbmgr/include/Grid.h:1695) Grid dmc_tmp configured.
2016-07-21 05:16:29,885 null [INFO] (/home/meteo/dev/redist/fwidbmgr/include/Grid.h:1595) Configuring grid: dc_tmp
2016-07-21 05:16:29,886 null [INFO] (/home/meteo/dev/redist/fwidbmgr/include/Grid.h:1695) Grid dc_tmp configured.
2016-07-21 05:16:29,887 null [INFO] (/home/meteo/dev/redist/fwidbmgr/include/Grid.h:1595) Configuring grid: idi
2016-07-21 05:16:29,887 null [INFO] (/home/meteo/dev/redist/fwidbmgr/include/Grid.h:1695) Grid idi configured.
2016-07-21 05:16:29,888 null [INFO] (/home/meteo/dev/redist/fwidbmgr/include/Grid.h:1595) Configuring grid: angstrom
2016-07-21 05:16:29,889 null [INFO] (/home/meteo/dev/redist/fwidbmgr/include/Grid.h:1695) Grid angstrom configured.
2016-07-21 05:16:29,890 null [INFO] (/home/meteo/dev/redist/fwidbmgr/include/Grid.h:1595) Configuring grid: fmi
2016-07-21 05:16:29,890 null [INFO] (/home/meteo/dev/redist/fwidbmgr/include/Grid.h:1695) Grid fmi configured.
2016-07-21 05:16:29,891 null [INFO] (/home/meteo/dev/redist/fwidbmgr/include/Grid.h:1595) Configuring grid: sharples
2016-07-21 05:16:29,891 null [INFO] (/home/meteo/dev/redist/fwidbmgr/include/Grid.h:1695) Grid sharples configured.
2016-07-21 05:16:59,225 null [INFO] (/home/meteo/dev/redist/fwidbmgr/include/Grid.h:1595) Configuring grid: snow
2016-07-21 05:16:59,225 null [INFO] (/home/meteo/dev/redist/fwidbmgr/include/Grid.h:1695) Grid snow configured.
2016-07-21 05:16:59,225 null [INFO] (/home/meteo/dev/redist/fwidbmgr/include/Grid.h:1595) Configuring grid: snow_covering
2016-07-21 05:16:59,225 null [INFO] (/home/meteo/dev/redist/fwidbmgr/include/Grid.h:1695) Grid snow_covering configured.
2016-07-21 05:16:59,226 null [INFO] (/home/meteo/dev/redist/fwidbmgr/include/Grid.h:1595) Configuring grid: snow_dissolution
2016-07-21 05:16:59,226 null [INFO] (/home/meteo/dev/redist/fwidbmgr/include/Grid.h:1695) Grid snow_dissolution configured.
2016-07-21 05:16:59,226 null [INFO] (/home/meteo/dev/redist/fwidbmgr/include/Grid.h:1595) Configuring grid: temperature
2016-07-21 05:16:59,226 null [INFO] (/home/meteo/dev/redist/fwidbmgr/include/Grid.h:1695) Grid temperature configured.
2016-07-21 05:16:59,226 null [INFO] (/home/meteo/dev/redist/fwidbmgr/include/Grid.h:1595) Configuring grid: humidity
2016-07-21 05:16:59,226 null [INFO] (/home/meteo/dev/redist/fwidbmgr/include/Grid.h:1695) Grid humidity configured.
2016-07-21 05:16:59,226 null [INFO] (/home/meteo/dev/redist/fwidbmgr/include/Grid.h:1595) Configuring grid: windspeed
2016-07-21 05:16:59,227 null [INFO] (/home/meteo/dev/redist/fwidbmgr/include/Grid.h:1695) Grid windspeed configured.
2016-07-21 05:16:59,227 null [INFO] (/home/meteo/dev/redist/fwidbmgr/include/Grid.h:1595) Configuring grid: rain
2016-07-21 05:16:59,227 null [INFO] (/home/meteo/dev/redist/fwidbmgr/include/Grid.h:1695) Grid rain configured.
2016-07-21 05:16:59,227 null [INFO] (/home/meteo/dev/redist/fwidbmgr/include/Grid.h:1595) Configuring grid: cum_rain
2016-07-21 05:16:59,227 null [INFO] (/home/meteo/dev/redist/fwidbmgr/include/Grid.h:1695) Grid cum_rain configured.
2016-07-21 05:20:34,780 null [INFO] (../src/fwidbmgr.cpp:5466) OK --> 20160720 indexes computed.
2016-07-21 05:20:34,800 null [INFO] (../src/fwidbmgr.cpp:5496) action computeidx took about 245 seconds.
2016-07-21 05:20:34,801 null [INFO] (../src/fwidbmgr.cpp:5499) Disconnected from database.
2016-07-21 05:20:35,498 null [INFO] (../src/fwidbmgr.cpp:5207) fwi db manager
2016-07-21 05:20:35,499 null [INFO] (../src/fwidbmgr.cpp:5209) Program home: /home/meteo/dev/redist/fwidbmgr
2016-07-21 05:20:35,499 null [INFO] (../src/fwidbmgr.cpp:5211) Auto convert: 1
2016-07-21 05:20:35,499 null [INFO] (../src/fwidbmgr.cpp:458) action: exportidx.
2016-07-21 05:20:35,499 null [INFO] (../src/fwidbmgr.cpp:482) date: 20160720.
2016-07-21 05:20:35,499 null [INFO] (../src/fwidbmgr.cpp:319) Try to read: /home/meteo/dev/redist/fwidbmgr/config/fwidbmgr.conf.
2016-07-21 05:20:35,538 null [INFO] (../src/fwidbmgr.cpp:5240) Configuration parsing: OK.
2016-07-21 05:20:35,640 null [INFO] (../src/fwidbmgr.cpp:5322) Connected to database
2016-07-21 05:20:35,640 null [INFO] (../src/fwidbmgr.cpp:5323) Manage data for date: 20160720.
2016-07-21 05:20:35,640 null [INFO] (../src/fwidbmgr.cpp:5415) Exporting indexes.
2016-07-21 05:20:35,650 null [INFO] (/home/meteo/dev/redist/fwidbmgr/include/Grid.h:1595) Configuring grid: isi
2016-07-21 05:20:35,650 null [INFO] (/home/meteo/dev/redist/fwidbmgr/include/Grid.h:1695) Grid isi configured.
2016-07-21 05:20:35,651 null [INFO] (/home/meteo/dev/redist/fwidbmgr/include/Grid.h:1595) Configuring grid: fwi
2016-07-21 05:20:35,651 null [INFO] (/home/meteo/dev/redist/fwidbmgr/include/Grid.h:1695) Grid fwi configured.
2016-07-21 05:20:35,653 null [INFO] (/home/meteo/dev/redist/fwidbmgr/include/Grid.h:1595) Configuring grid: ffmc
2016-07-21 05:20:35,653 null [INFO] (/home/meteo/dev/redist/fwidbmgr/include/Grid.h:1695) Grid ffmc configured.
2016-07-21 05:20:35,654 null [INFO] (/home/meteo/dev/redist/fwidbmgr/include/Grid.h:1595) Configuring grid: dmc
2016-07-21 05:20:35,654 null [INFO] (/home/meteo/dev/redist/fwidbmgr/include/Grid.h:1695) Grid dmc configured.
2016-07-21 05:20:35,655 null [INFO] (/home/meteo/dev/redist/fwidbmgr/include/Grid.h:1595) Configuring grid: dc
2016-07-21 05:20:35,655 null [INFO] (/home/meteo/dev/redist/fwidbmgr/include/Grid.h:1695) Grid dc configured.
2016-07-21 05:20:35,657 null [INFO] (/home/meteo/dev/redist/fwidbmgr/include/Grid.h:1595) Configuring grid: bui
2016-07-21 05:20:35,657 null [INFO] (/home/meteo/dev/redist/fwidbmgr/include/Grid.h:1695) Grid bui configured.
2016-07-21 05:20:35,658 null [INFO] (/home/meteo/dev/redist/fwidbmgr/include/Grid.h:1595) Configuring grid: ffmc_tmp
2016-07-21 05:20:35,658 null [INFO] (/home/meteo/dev/redist/fwidbmgr/include/Grid.h:1695) Grid ffmc_tmp configured.
2016-07-21 05:20:35,660 null [INFO] (/home/meteo/dev/redist/fwidbmgr/include/Grid.h:1595) Configuring grid: dmc_tmp
2016-07-21 05:20:35,660 null [INFO] (/home/meteo/dev/redist/fwidbmgr/include/Grid.h:1695) Grid dmc_tmp configured.
2016-07-21 05:20:35,661 null [INFO] (/home/meteo/dev/redist/fwidbmgr/include/Grid.h:1595) Configuring grid: dc_tmp
2016-07-21 05:20:35,661 null [INFO] (/home/meteo/dev/redist/fwidbmgr/include/Grid.h:1695) Grid dc_tmp configured.
2016-07-21 05:20:35,662 null [INFO] (/home/meteo/dev/redist/fwidbmgr/include/Grid.h:1595) Configuring grid: idi
2016-07-21 05:20:35,663 null [INFO] (/home/meteo/dev/redist/fwidbmgr/include/Grid.h:1695) Grid idi configured.
2016-07-21 05:20:35,664 null [INFO] (/home/meteo/dev/redist/fwidbmgr/include/Grid.h:1595) Configuring grid: angstrom
2016-07-21 05:20:35,664 null [INFO] (/home/meteo/dev/redist/fwidbmgr/include/Grid.h:1695) Grid angstrom configured.
2016-07-21 05:20:35,665 null [INFO] (/home/meteo/dev/redist/fwidbmgr/include/Grid.h:1595) Configuring grid: fmi
2016-07-21 05:20:35,665 null [INFO] (/home/meteo/dev/redist/fwidbmgr/include/Grid.h:1695) Grid fmi configured.
2016-07-21 05:20:35,667 null [INFO] (/home/meteo/dev/redist/fwidbmgr/include/Grid.h:1595) Configuring grid: sharples
2016-07-21 05:20:35,667 null [INFO] (/home/meteo/dev/redist/fwidbmgr/include/Grid.h:1695) Grid sharples configured.
2016-07-21 05:21:09,387 null [INFO] (/home/meteo/dev/redist/fwidbmgr/include/Grid.h:1595) Configuring grid: isi
2016-07-21 05:21:09,388 null [INFO] (/home/meteo/dev/redist/fwidbmgr/include/Grid.h:1695) Grid isi configured.
2016-07-21 05:21:09,438 null [INFO] (/home/meteo/dev/redist/fwidbmgr/include/Grid.h:1595) Configuring grid: fwi
2016-07-21 05:21:09,438 null [INFO] (/home/meteo/dev/redist/fwidbmgr/include/Grid.h:1695) Grid fwi configured.
2016-07-21 05:21:09,496 null [INFO] (/home/meteo/dev/redist/fwidbmgr/include/Grid.h:1595) Configuring grid: ffmc
2016-07-21 05:21:09,496 null [INFO] (/home/meteo/dev/redist/fwidbmgr/include/Grid.h:1695) Grid ffmc configured.
2016-07-21 05:21:09,545 null [INFO] (/home/meteo/dev/redist/fwidbmgr/include/Grid.h:1595) Configuring grid: dmc
2016-07-21 05:21:09,545 null [INFO] (/home/meteo/dev/redist/fwidbmgr/include/Grid.h:1695) Grid dmc configured.
2016-07-21 05:21:09,608 null [INFO] (/home/meteo/dev/redist/fwidbmgr/include/Grid.h:1595) Configuring grid: dc
2016-07-21 05:21:09,608 null [INFO] (/home/meteo/dev/redist/fwidbmgr/include/Grid.h:1695) Grid dc configured.
2016-07-21 05:21:09,671 null [INFO] (/home/meteo/dev/redist/fwidbmgr/include/Grid.h:1595) Configuring grid: bui
2016-07-21 05:21:09,671 null [INFO] (/home/meteo/dev/redist/fwidbmgr/include/Grid.h:1695) Grid bui configured.
2016-07-21 05:21:09,711 null [INFO] (/home/meteo/dev/redist/fwidbmgr/include/Grid.h:1595) Configuring grid: ffmc_tmp
2016-07-21 05:21:09,711 null [INFO] (/home/meteo/dev/redist/fwidbmgr/include/Grid.h:1695) Grid ffmc_tmp configured.
2016-07-21 05:21:09,751 null [INFO] (/home/meteo/dev/redist/fwidbmgr/include/Grid.h:1595) Configuring grid: dmc_tmp
2016-07-21 05:21:09,751 null [INFO] (/home/meteo/dev/redist/fwidbmgr/include/Grid.h:1695) Grid dmc_tmp configured.
2016-07-21 05:21:09,790 null [INFO] (/home/meteo/dev/redist/fwidbmgr/include/Grid.h:1595) Configuring grid: dc_tmp
2016-07-21 05:21:09,791 null [INFO] (/home/meteo/dev/redist/fwidbmgr/include/Grid.h:1695) Grid dc_tmp configured.
2016-07-21 05:21:09,831 null [INFO] (/home/meteo/dev/redist/fwidbmgr/include/Grid.h:1595) Configuring grid: angstrom
2016-07-21 05:21:09,831 null [INFO] (/home/meteo/dev/redist/fwidbmgr/include/Grid.h:1695) Grid angstrom configured.
2016-07-21 05:21:10,006 null [INFO] (/home/meteo/dev/redist/fwidbmgr/include/Grid.h:1595) Configuring grid: sharples
2016-07-21 05:21:10,006 null [INFO] (/home/meteo/dev/redist/fwidbmgr/include/Grid.h:1695) Grid sharples configured.
2016-07-21 05:21:10,045 null [INFO] (/home/meteo/dev/redist/fwidbmgr/include/Grid.h:1595) Configuring grid: fmi
2016-07-21 05:21:10,045 null [INFO] (/home/meteo/dev/redist/fwidbmgr/include/Grid.h:1695) Grid fmi configured.
2016-07-21 05:21:10,263 null [INFO] (../src/fwidbmgr.cpp:5418) OK --> 20160720 indexes exported to files.
2016-07-21 05:21:10,263 null [INFO] (../src/fwidbmgr.cpp:5496) action exportidx took about 35 seconds.
2016-07-21 05:21:10,264 null [INFO] (../src/fwidbmgr.cpp:5499) Disconnected from database.
2016-07-21 05:21:55,803 null [INFO] (../src/fwidbmgr.cpp:5207) fwi db manager
2016-07-21 05:21:55,803 null [INFO] (../src/fwidbmgr.cpp:5209) Program home: /home/meteo/dev/redist/fwidbmgr
2016-07-21 05:21:55,803 null [INFO] (../src/fwidbmgr.cpp:5211) Auto convert: 1
2016-07-21 05:21:55,803 null [INFO] (../src/fwidbmgr.cpp:458) action: outimg.
2016-07-21 05:21:55,803 null [INFO] (../src/fwidbmgr.cpp:482) date: 20160720.
2016-07-21 05:21:55,803 null [INFO] (../src/fwidbmgr.cpp:319) Try to read: /home/meteo/dev/redist/fwidbmgr/config/fwidbmgr.conf.
2016-07-21 05:21:55,836 null [INFO] (../src/fwidbmgr.cpp:5240) Configuration parsing: OK.
2016-07-21 05:21:55,862 null [INFO] (../src/fwidbmgr.cpp:5322) Connected to database
2016-07-21 05:21:55,862 null [INFO] (../src/fwidbmgr.cpp:5323) Manage data for date: 20160720.
2016-07-21 05:21:55,862 null [INFO] (../src/fwidbmgr.cpp:5391) Importing fwi indexes images in database.
2016-07-21 05:21:57,098 null [INFO] (../src/fwidbmgr.cpp:5394) OK --> 20160720 images imported.
2016-07-21 05:21:57,099 null [INFO] (../src/fwidbmgr.cpp:5496) action outimg took about 2 seconds.
2016-07-21 05:21:57,099 null [INFO] (../src/fwidbmgr.cpp:5499) Disconnected from database.
2016-07-21 05:37:01,792 null [INFO] (../src/fwidbmgr.cpp:5207) fwi db manager
2016-07-21 05:37:01,793 null [INFO] (../src/fwidbmgr.cpp:5209) Program home: /home/meteo/dev/redist/fwidbmgr
2016-07-21 05:37:01,793 null [INFO] (../src/fwidbmgr.cpp:5211) Auto convert: 1
2016-07-21 05:37:01,793 null [INFO] (../src/fwidbmgr.cpp:458) action: outimg.
2016-07-21 05:37:01,793 null [INFO] (../src/fwidbmgr.cpp:482) date: 20160720.
2016-07-21 05:37:01,793 null [INFO] (../src/fwidbmgr.cpp:319) Try to read: /home/meteo/dev/redist/fwidbmgr/config/fwidbmgr.conf.
2016-07-21 05:37:01,795 null [INFO] (../src/fwidbmgr.cpp:5240) Configuration parsing: OK.
2016-07-21 05:37:01,799 null [INFO] (../src/fwidbmgr.cpp:5322) Connected to database
2016-07-21 05:37:01,799 null [INFO] (../src/fwidbmgr.cpp:5323) Manage data for date: 20160720.
2016-07-21 05:37:01,799 null [INFO] (../src/fwidbmgr.cpp:5391) Importing fwi indexes images in database.
2016-07-21 05:37:02,392 null [INFO] (../src/fwidbmgr.cpp:5394) OK --> 20160720 images imported.
2016-07-21 05:37:02,392 null [INFO] (../src/fwidbmgr.cpp:5496) action outimg took about 1 seconds.
2016-07-21 05:37:02,392 null [INFO] (../src/fwidbmgr.cpp:5499) Disconnected from database.
2016-07-21 06:05:03,533 null [INFO] (../src/fwidbmgr.cpp:5207) fwi db manager
2016-07-21 06:05:03,533 null [INFO] (../src/fwidbmgr.cpp:5209) Program home: /home/meteo/dev/redist/fwidbmgr
2016-07-21 06:05:03,533 null [INFO] (../src/fwidbmgr.cpp:5211) Auto convert: 1
2016-07-21 06:05:03,533 null [INFO] (../src/fwidbmgr.cpp:458) action: outimg.
2016-07-21 06:05:03,533 null [INFO] (../src/fwidbmgr.cpp:482) date: 20160720.
2016-07-21 06:05:03,534 null [INFO] (../src/fwidbmgr.cpp:319) Try to read: /home/meteo/dev/redist/fwidbmgr/config/fwidbmgr.conf.
2016-07-21 06:05:03,535 null [INFO] (../src/fwidbmgr.cpp:5240) Configuration parsing: OK.
2016-07-21 06:05:03,540 null [INFO] (../src/fwidbmgr.cpp:5322) Connected to database
2016-07-21 06:05:03,540 null [INFO] (../src/fwidbmgr.cpp:5323) Manage data for date: 20160720.
2016-07-21 06:05:03,540 null [INFO] (../src/fwidbmgr.cpp:5391) Importing fwi indexes images in database.
2016-07-21 06:05:03,645 null [INFO] (../src/fwidbmgr.cpp:5394) OK --> 20160720 images imported.
2016-07-21 06:05:03,645 null [INFO] (../src/fwidbmgr.cpp:5496) action outimg took about 0 seconds.
2016-07-21 06:05:03,645 null [INFO] (../src/fwidbmgr.cpp:5499) Disconnected from database.
2016-07-21 06:37:01,986 null [INFO] (../src/fwidbmgr.cpp:5207) fwi db manager
2016-07-21 06:37:01,986 null [INFO] (../src/fwidbmgr.cpp:5209) Program home: /home/meteo/dev/redist/fwidbmgr
2016-07-21 06:37:01,986 null [INFO] (../src/fwidbmgr.cpp:5211) Auto convert: 1
2016-07-21 06:37:01,986 null [INFO] (../src/fwidbmgr.cpp:458) action: outimg.
2016-07-21 06:37:01,986 null [INFO] (../src/fwidbmgr.cpp:482) date: 20160720.
2016-07-21 06:37:01,986 null [INFO] (../src/fwidbmgr.cpp:319) Try to read: /home/meteo/dev/redist/fwidbmgr/config/fwidbmgr.conf.
2016-07-21 06:37:02,041 null [INFO] (../src/fwidbmgr.cpp:5240) Configuration parsing: OK.
2016-07-21 06:37:02,046 null [INFO] (../src/fwidbmgr.cpp:5322) Connected to database
2016-07-21 06:37:02,046 null [INFO] (../src/fwidbmgr.cpp:5323) Manage data for date: 20160720.
2016-07-21 06:37:02,046 null [INFO] (../src/fwidbmgr.cpp:5391) Importing fwi indexes images in database.
2016-07-21 06:37:02,135 null [INFO] (../src/fwidbmgr.cpp:5394) OK --> 20160720 images imported.
2016-07-21 06:37:02,135 null [INFO] (../src/fwidbmgr.cpp:5496) action outimg took about 0 seconds.
2016-07-21 06:37:02,135 null [INFO] (../src/fwidbmgr.cpp:5499) Disconnected from database.
2016-07-21 07:05:04,704 null [INFO] (../src/fwidbmgr.cpp:5207) fwi db manager
2016-07-21 07:05:04,706 null [INFO] (../src/fwidbmgr.cpp:5209) Program home: /home/meteo/dev/redist/fwidbmgr
2016-07-21 07:05:04,706 null [INFO] (../src/fwidbmgr.cpp:5211) Auto convert: 1
2016-07-21 07:05:04,706 null [INFO] (../src/fwidbmgr.cpp:458) action: outimg.
2016-07-21 07:05:04,706 null [INFO] (../src/fwidbmgr.cpp:482) date: 20160720.
2016-07-21 07:05:04,706 null [INFO] (../src/fwidbmgr.cpp:319) Try to read: /home/meteo/dev/redist/fwidbmgr/config/fwidbmgr.conf.
2016-07-21 07:05:04,708 null [INFO] (../src/fwidbmgr.cpp:5240) Configuration parsing: OK.
2016-07-21 07:05:04,831 null [INFO] (../src/fwidbmgr.cpp:5322) Connected to database
2016-07-21 07:05:04,832 null [INFO] (../src/fwidbmgr.cpp:5323) Manage data for date: 20160720.
2016-07-21 07:05:04,832 null [INFO] (../src/fwidbmgr.cpp:5391) Importing fwi indexes images in database.
2016-07-21 07:05:06,699 null [INFO] (../src/fwidbmgr.cpp:5394) OK --> 20160720 images imported.
2016-07-21 07:05:06,699 null [INFO] (../src/fwidbmgr.cpp:5496) action outimg took about 2 seconds.
2016-07-21 07:05:06,699 null [INFO] (../src/fwidbmgr.cpp:5499) Disconnected from database.
2016-07-21 07:37:02,790 null [INFO] (../src/fwidbmgr.cpp:5207) fwi db manager
2016-07-21 07:37:02,793 null [INFO] (../src/fwidbmgr.cpp:5209) Program home: /home/meteo/dev/redist/fwidbmgr
2016-07-21 07:37:02,793 null [INFO] (../src/fwidbmgr.cpp:5211) Auto convert: 1
2016-07-21 07:37:02,793 null [INFO] (../src/fwidbmgr.cpp:458) action: outimg.
2016-07-21 07:37:02,793 null [INFO] (../src/fwidbmgr.cpp:482) date: 20160720.
2016-07-21 07:37:02,793 null [INFO] (../src/fwidbmgr.cpp:319) Try to read: /home/meteo/dev/redist/fwidbmgr/config/fwidbmgr.conf.
2016-07-21 07:37:02,879 null [INFO] (../src/fwidbmgr.cpp:5240) Configuration parsing: OK.
2016-07-21 07:37:02,885 null [INFO] (../src/fwidbmgr.cpp:5322) Connected to database
2016-07-21 07:37:02,885 null [INFO] (../src/fwidbmgr.cpp:5323) Manage data for date: 20160720.
2016-07-21 07:37:02,886 null [INFO] (../src/fwidbmgr.cpp:5391) Importing fwi indexes images in database.
2016-07-21 07:37:03,108 null [INFO] (../src/fwidbmgr.cpp:5394) OK --> 20160720 images imported.
2016-07-21 07:37:03,109 null [INFO] (../src/fwidbmgr.cpp:5496) action outimg took about 1 seconds.
2016-07-21 07:37:03,109 null [INFO] (../src/fwidbmgr.cpp:5499) Disconnected from database.
