2016-11-08 05:06:40,140 null [INFO] (../src/fwidbmgr.cpp:5207) fwi db manager
2016-11-08 05:06:40,141 null [INFO] (../src/fwidbmgr.cpp:5209) Program home: /home/meteo/dev/redist/fwidbmgr
2016-11-08 05:06:40,141 null [INFO] (../src/fwidbmgr.cpp:5211) Auto convert: 1
2016-11-08 05:06:40,141 null [INFO] (../src/fwidbmgr.cpp:458) action: in.
2016-11-08 05:06:40,141 null [INFO] (../src/fwidbmgr.cpp:482) date: 20161107.
2016-11-08 05:06:40,141 null [INFO] (../src/fwidbmgr.cpp:319) Try to read: /home/meteo/dev/redist/fwidbmgr/config/fwidbmgr.conf.
2016-11-08 05:06:40,256 null [INFO] (../src/fwidbmgr.cpp:5240) Configuration parsing: OK.
2016-11-08 05:06:40,500 null [INFO] (../src/fwidbmgr.cpp:5322) Connected to database
2016-11-08 05:06:40,500 null [INFO] (../src/fwidbmgr.cpp:5323) Manage data for date: 20161107.
2016-11-08 05:06:40,501 null [INFO] (../src/fwidbmgr.cpp:5367) Importing meteo data in database for day: 20161107.
2016-11-08 05:06:40,502 null [INFO] (/home/meteo/dev/redist/fwidbmgr/include/Grid.h:1595) Configuring grid: snow
2016-11-08 05:06:40,502 null [INFO] (/home/meteo/dev/redist/fwidbmgr/include/Grid.h:1695) Grid snow configured.
2016-11-08 05:06:40,508 null [INFO] (/home/meteo/dev/redist/fwidbmgr/include/Grid.h:1595) Configuring grid: snow_covering
2016-11-08 05:06:40,508 null [INFO] (/home/meteo/dev/redist/fwidbmgr/include/Grid.h:1695) Grid snow_covering configured.
2016-11-08 05:06:40,514 null [INFO] (/home/meteo/dev/redist/fwidbmgr/include/Grid.h:1595) Configuring grid: snow_dissolution
2016-11-08 05:06:40,514 null [INFO] (/home/meteo/dev/redist/fwidbmgr/include/Grid.h:1695) Grid snow_dissolution configured.
2016-11-08 05:06:40,527 null [INFO] (/home/meteo/dev/redist/fwidbmgr/include/Grid.h:1595) Configuring grid: temperature
2016-11-08 05:06:40,527 null [INFO] (/home/meteo/dev/redist/fwidbmgr/include/Grid.h:1695) Grid temperature configured.
2016-11-08 05:06:40,530 null [INFO] (/home/meteo/dev/redist/fwidbmgr/include/Grid.h:1595) Configuring grid: humidity
2016-11-08 05:06:40,531 null [INFO] (/home/meteo/dev/redist/fwidbmgr/include/Grid.h:1695) Grid humidity configured.
2016-11-08 05:06:40,537 null [INFO] (/home/meteo/dev/redist/fwidbmgr/include/Grid.h:1595) Configuring grid: windspeed
2016-11-08 05:06:40,537 null [INFO] (/home/meteo/dev/redist/fwidbmgr/include/Grid.h:1695) Grid windspeed configured.
2016-11-08 05:06:40,551 null [INFO] (/home/meteo/dev/redist/fwidbmgr/include/Grid.h:1595) Configuring grid: rain
2016-11-08 05:06:40,551 null [INFO] (/home/meteo/dev/redist/fwidbmgr/include/Grid.h:1695) Grid rain configured.
2016-11-08 05:06:40,553 null [INFO] (/home/meteo/dev/redist/fwidbmgr/include/Grid.h:1595) Configuring grid: cum_rain
2016-11-08 05:06:40,553 null [INFO] (/home/meteo/dev/redist/fwidbmgr/include/Grid.h:1695) Grid cum_rain configured.
2016-11-08 05:06:48,481 null [INFO] (../src/fwidbmgr.cpp:1502) Storing meteo input ...
2016-11-08 05:07:04,954 null [INFO] (../src/fwidbmgr.cpp:5370) OK --> 20161107 data imported.
2016-11-08 05:07:04,981 null [INFO] (../src/fwidbmgr.cpp:5496) action in took about 24 seconds.
2016-11-08 05:07:05,270 null [INFO] (../src/fwidbmgr.cpp:5499) Disconnected from database.
2016-11-08 05:07:48,208 null [INFO] (../src/fwidbmgr.cpp:5207) fwi db manager
2016-11-08 05:07:48,208 null [INFO] (../src/fwidbmgr.cpp:5209) Program home: /home/meteo/dev/redist/fwidbmgr
2016-11-08 05:07:48,208 null [INFO] (../src/fwidbmgr.cpp:5211) Auto convert: 1
2016-11-08 05:07:48,208 null [INFO] (../src/fwidbmgr.cpp:458) action: out.
2016-11-08 05:07:48,208 null [INFO] (../src/fwidbmgr.cpp:482) date: 20161107.
2016-11-08 05:07:48,208 null [INFO] (../src/fwidbmgr.cpp:319) Try to read: /home/meteo/dev/redist/fwidbmgr/config/fwidbmgr.conf.
2016-11-08 05:07:48,309 null [INFO] (../src/fwidbmgr.cpp:5240) Configuration parsing: OK.
2016-11-08 05:07:48,337 null [INFO] (../src/fwidbmgr.cpp:5322) Connected to database
2016-11-08 05:07:48,337 null [INFO] (../src/fwidbmgr.cpp:5323) Manage data for date: 20161107.
2016-11-08 05:07:48,337 null [INFO] (../src/fwidbmgr.cpp:5379) Importing fwi indexes data in database for day: 20161107.
2016-11-08 05:07:48,339 null [INFO] (/home/meteo/dev/redist/fwidbmgr/include/Grid.h:1595) Configuring grid: isi
2016-11-08 05:07:48,340 null [INFO] (/home/meteo/dev/redist/fwidbmgr/include/Grid.h:1695) Grid isi configured.
2016-11-08 05:07:48,346 null [INFO] (/home/meteo/dev/redist/fwidbmgr/include/Grid.h:1595) Configuring grid: fwi
2016-11-08 05:07:48,346 null [INFO] (/home/meteo/dev/redist/fwidbmgr/include/Grid.h:1695) Grid fwi configured.
2016-11-08 05:07:48,353 null [INFO] (/home/meteo/dev/redist/fwidbmgr/include/Grid.h:1595) Configuring grid: ffmc
2016-11-08 05:07:48,353 null [INFO] (/home/meteo/dev/redist/fwidbmgr/include/Grid.h:1695) Grid ffmc configured.
2016-11-08 05:07:48,359 null [INFO] (/home/meteo/dev/redist/fwidbmgr/include/Grid.h:1595) Configuring grid: dmc
2016-11-08 05:07:48,360 null [INFO] (/home/meteo/dev/redist/fwidbmgr/include/Grid.h:1695) Grid dmc configured.
2016-11-08 05:07:48,366 null [INFO] (/home/meteo/dev/redist/fwidbmgr/include/Grid.h:1595) Configuring grid: dc
2016-11-08 05:07:48,366 null [INFO] (/home/meteo/dev/redist/fwidbmgr/include/Grid.h:1695) Grid dc configured.
2016-11-08 05:07:48,373 null [INFO] (/home/meteo/dev/redist/fwidbmgr/include/Grid.h:1595) Configuring grid: bui
2016-11-08 05:07:48,373 null [INFO] (/home/meteo/dev/redist/fwidbmgr/include/Grid.h:1695) Grid bui configured.
2016-11-08 05:07:48,380 null [INFO] (/home/meteo/dev/redist/fwidbmgr/include/Grid.h:1595) Configuring grid: ffmc_tmp
2016-11-08 05:07:48,380 null [INFO] (/home/meteo/dev/redist/fwidbmgr/include/Grid.h:1695) Grid ffmc_tmp configured.
2016-11-08 05:07:48,454 null [INFO] (/home/meteo/dev/redist/fwidbmgr/include/Grid.h:1595) Configuring grid: dmc_tmp
2016-11-08 05:07:48,454 null [INFO] (/home/meteo/dev/redist/fwidbmgr/include/Grid.h:1695) Grid dmc_tmp configured.
2016-11-08 05:07:48,494 null [INFO] (/home/meteo/dev/redist/fwidbmgr/include/Grid.h:1595) Configuring grid: dc_tmp
2016-11-08 05:07:48,494 null [INFO] (/home/meteo/dev/redist/fwidbmgr/include/Grid.h:1695) Grid dc_tmp configured.
2016-11-08 05:07:48,505 null [INFO] (/home/meteo/dev/redist/fwidbmgr/include/Grid.h:1595) Configuring grid: idi
2016-11-08 05:07:48,505 null [INFO] (/home/meteo/dev/redist/fwidbmgr/include/Grid.h:1695) Grid idi configured.
2016-11-08 05:08:44,531 null [INFO] (../src/fwidbmgr.cpp:2045) Storing FWI indexes ...
2016-11-08 05:10:55,912 null [INFO] (../src/fwidbmgr.cpp:5382) OK --> 20161107 data imported.
2016-11-08 05:10:55,912 null [INFO] (../src/fwidbmgr.cpp:5496) action out took about 187 seconds.
2016-11-08 05:10:55,912 null [INFO] (../src/fwidbmgr.cpp:5499) Disconnected from database.
2016-11-08 05:10:57,429 null [INFO] (../src/fwidbmgr.cpp:5207) fwi db manager
2016-11-08 05:10:57,429 null [INFO] (../src/fwidbmgr.cpp:5209) Program home: /home/meteo/dev/redist/fwidbmgr
2016-11-08 05:10:57,429 null [INFO] (../src/fwidbmgr.cpp:5211) Auto convert: 1
2016-11-08 05:10:57,429 null [INFO] (../src/fwidbmgr.cpp:458) action: computeidx.
2016-11-08 05:10:57,429 null [INFO] (../src/fwidbmgr.cpp:482) date: 20161107.
2016-11-08 05:10:57,429 null [INFO] (../src/fwidbmgr.cpp:319) Try to read: /home/meteo/dev/redist/fwidbmgr/config/fwidbmgr.conf.
2016-11-08 05:10:57,522 null [INFO] (../src/fwidbmgr.cpp:5240) Configuration parsing: OK.
2016-11-08 05:10:57,662 null [INFO] (../src/fwidbmgr.cpp:5322) Connected to database
2016-11-08 05:10:57,662 null [INFO] (../src/fwidbmgr.cpp:5323) Manage data for date: 20161107.
2016-11-08 05:10:57,662 null [INFO] (../src/fwidbmgr.cpp:5463) Computing indexes.
2016-11-08 05:10:57,663 null [INFO] (/home/meteo/dev/redist/fwidbmgr/include/Grid.h:1595) Configuring grid: isi
2016-11-08 05:10:57,663 null [INFO] (/home/meteo/dev/redist/fwidbmgr/include/Grid.h:1695) Grid isi configured.
2016-11-08 05:10:57,664 null [INFO] (/home/meteo/dev/redist/fwidbmgr/include/Grid.h:1595) Configuring grid: fwi
2016-11-08 05:10:57,664 null [INFO] (/home/meteo/dev/redist/fwidbmgr/include/Grid.h:1695) Grid fwi configured.
2016-11-08 05:10:57,665 null [INFO] (/home/meteo/dev/redist/fwidbmgr/include/Grid.h:1595) Configuring grid: ffmc
2016-11-08 05:10:57,699 null [INFO] (/home/meteo/dev/redist/fwidbmgr/include/Grid.h:1695) Grid ffmc configured.
2016-11-08 05:10:57,700 null [INFO] (/home/meteo/dev/redist/fwidbmgr/include/Grid.h:1595) Configuring grid: dmc
2016-11-08 05:10:57,700 null [INFO] (/home/meteo/dev/redist/fwidbmgr/include/Grid.h:1695) Grid dmc configured.
2016-11-08 05:10:57,701 null [INFO] (/home/meteo/dev/redist/fwidbmgr/include/Grid.h:1595) Configuring grid: dc
2016-11-08 05:10:57,701 null [INFO] (/home/meteo/dev/redist/fwidbmgr/include/Grid.h:1695) Grid dc configured.
2016-11-08 05:10:57,702 null [INFO] (/home/meteo/dev/redist/fwidbmgr/include/Grid.h:1595) Configuring grid: bui
2016-11-08 05:10:57,702 null [INFO] (/home/meteo/dev/redist/fwidbmgr/include/Grid.h:1695) Grid bui configured.
2016-11-08 05:10:57,703 null [INFO] (/home/meteo/dev/redist/fwidbmgr/include/Grid.h:1595) Configuring grid: ffmc_tmp
2016-11-08 05:10:57,703 null [INFO] (/home/meteo/dev/redist/fwidbmgr/include/Grid.h:1695) Grid ffmc_tmp configured.
2016-11-08 05:10:57,704 null [INFO] (/home/meteo/dev/redist/fwidbmgr/include/Grid.h:1595) Configuring grid: dmc_tmp
2016-11-08 05:10:57,704 null [INFO] (/home/meteo/dev/redist/fwidbmgr/include/Grid.h:1695) Grid dmc_tmp configured.
2016-11-08 05:10:57,705 null [INFO] (/home/meteo/dev/redist/fwidbmgr/include/Grid.h:1595) Configuring grid: dc_tmp
2016-11-08 05:10:57,705 null [INFO] (/home/meteo/dev/redist/fwidbmgr/include/Grid.h:1695) Grid dc_tmp configured.
2016-11-08 05:10:57,706 null [INFO] (/home/meteo/dev/redist/fwidbmgr/include/Grid.h:1595) Configuring grid: idi
2016-11-08 05:10:57,706 null [INFO] (/home/meteo/dev/redist/fwidbmgr/include/Grid.h:1695) Grid idi configured.
2016-11-08 05:10:57,707 null [INFO] (/home/meteo/dev/redist/fwidbmgr/include/Grid.h:1595) Configuring grid: angstrom
2016-11-08 05:10:57,707 null [INFO] (/home/meteo/dev/redist/fwidbmgr/include/Grid.h:1695) Grid angstrom configured.
2016-11-08 05:10:57,708 null [INFO] (/home/meteo/dev/redist/fwidbmgr/include/Grid.h:1595) Configuring grid: fmi
2016-11-08 05:10:57,708 null [INFO] (/home/meteo/dev/redist/fwidbmgr/include/Grid.h:1695) Grid fmi configured.
2016-11-08 05:10:57,709 null [INFO] (/home/meteo/dev/redist/fwidbmgr/include/Grid.h:1595) Configuring grid: sharples
2016-11-08 05:10:57,709 null [INFO] (/home/meteo/dev/redist/fwidbmgr/include/Grid.h:1695) Grid sharples configured.
2016-11-08 05:11:54,968 null [INFO] (/home/meteo/dev/redist/fwidbmgr/include/Grid.h:1595) Configuring grid: snow
2016-11-08 05:11:54,969 null [INFO] (/home/meteo/dev/redist/fwidbmgr/include/Grid.h:1695) Grid snow configured.
2016-11-08 05:11:54,969 null [INFO] (/home/meteo/dev/redist/fwidbmgr/include/Grid.h:1595) Configuring grid: snow_covering
2016-11-08 05:11:54,969 null [INFO] (/home/meteo/dev/redist/fwidbmgr/include/Grid.h:1695) Grid snow_covering configured.
2016-11-08 05:11:54,969 null [INFO] (/home/meteo/dev/redist/fwidbmgr/include/Grid.h:1595) Configuring grid: snow_dissolution
2016-11-08 05:11:54,969 null [INFO] (/home/meteo/dev/redist/fwidbmgr/include/Grid.h:1695) Grid snow_dissolution configured.
2016-11-08 05:11:54,969 null [INFO] (/home/meteo/dev/redist/fwidbmgr/include/Grid.h:1595) Configuring grid: temperature
2016-11-08 05:11:54,969 null [INFO] (/home/meteo/dev/redist/fwidbmgr/include/Grid.h:1695) Grid temperature configured.
2016-11-08 05:11:54,969 null [INFO] (/home/meteo/dev/redist/fwidbmgr/include/Grid.h:1595) Configuring grid: humidity
2016-11-08 05:11:54,969 null [INFO] (/home/meteo/dev/redist/fwidbmgr/include/Grid.h:1695) Grid humidity configured.
2016-11-08 05:11:54,969 null [INFO] (/home/meteo/dev/redist/fwidbmgr/include/Grid.h:1595) Configuring grid: windspeed
2016-11-08 05:11:54,969 null [INFO] (/home/meteo/dev/redist/fwidbmgr/include/Grid.h:1695) Grid windspeed configured.
2016-11-08 05:11:54,969 null [INFO] (/home/meteo/dev/redist/fwidbmgr/include/Grid.h:1595) Configuring grid: rain
2016-11-08 05:11:54,969 null [INFO] (/home/meteo/dev/redist/fwidbmgr/include/Grid.h:1695) Grid rain configured.
2016-11-08 05:11:54,969 null [INFO] (/home/meteo/dev/redist/fwidbmgr/include/Grid.h:1595) Configuring grid: cum_rain
2016-11-08 05:11:54,969 null [INFO] (/home/meteo/dev/redist/fwidbmgr/include/Grid.h:1695) Grid cum_rain configured.
2016-11-08 05:14:08,600 null [INFO] (../src/fwidbmgr.cpp:5466) OK --> 20161107 indexes computed.
2016-11-08 05:14:08,601 null [INFO] (../src/fwidbmgr.cpp:5496) action computeidx took about 191 seconds.
2016-11-08 05:14:08,602 null [INFO] (../src/fwidbmgr.cpp:5499) Disconnected from database.
2016-11-08 05:14:10,220 null [INFO] (../src/fwidbmgr.cpp:5207) fwi db manager
2016-11-08 05:14:10,221 null [INFO] (../src/fwidbmgr.cpp:5209) Program home: /home/meteo/dev/redist/fwidbmgr
2016-11-08 05:14:10,221 null [INFO] (../src/fwidbmgr.cpp:5211) Auto convert: 1
2016-11-08 05:14:10,221 null [INFO] (../src/fwidbmgr.cpp:458) action: exportidx.
2016-11-08 05:14:10,221 null [INFO] (../src/fwidbmgr.cpp:482) date: 20161107.
2016-11-08 05:14:10,221 null [INFO] (../src/fwidbmgr.cpp:319) Try to read: /home/meteo/dev/redist/fwidbmgr/config/fwidbmgr.conf.
2016-11-08 05:14:10,256 null [INFO] (../src/fwidbmgr.cpp:5240) Configuration parsing: OK.
2016-11-08 05:14:10,344 null [INFO] (../src/fwidbmgr.cpp:5322) Connected to database
2016-11-08 05:14:10,344 null [INFO] (../src/fwidbmgr.cpp:5323) Manage data for date: 20161107.
2016-11-08 05:14:10,344 null [INFO] (../src/fwidbmgr.cpp:5415) Exporting indexes.
2016-11-08 05:14:10,345 null [INFO] (/home/meteo/dev/redist/fwidbmgr/include/Grid.h:1595) Configuring grid: isi
2016-11-08 05:14:10,345 null [INFO] (/home/meteo/dev/redist/fwidbmgr/include/Grid.h:1695) Grid isi configured.
2016-11-08 05:14:10,346 null [INFO] (/home/meteo/dev/redist/fwidbmgr/include/Grid.h:1595) Configuring grid: fwi
2016-11-08 05:14:10,346 null [INFO] (/home/meteo/dev/redist/fwidbmgr/include/Grid.h:1695) Grid fwi configured.
2016-11-08 05:14:10,347 null [INFO] (/home/meteo/dev/redist/fwidbmgr/include/Grid.h:1595) Configuring grid: ffmc
2016-11-08 05:14:10,347 null [INFO] (/home/meteo/dev/redist/fwidbmgr/include/Grid.h:1695) Grid ffmc configured.
2016-11-08 05:14:10,348 null [INFO] (/home/meteo/dev/redist/fwidbmgr/include/Grid.h:1595) Configuring grid: dmc
2016-11-08 05:14:10,348 null [INFO] (/home/meteo/dev/redist/fwidbmgr/include/Grid.h:1695) Grid dmc configured.
2016-11-08 05:14:10,349 null [INFO] (/home/meteo/dev/redist/fwidbmgr/include/Grid.h:1595) Configuring grid: dc
2016-11-08 05:14:10,349 null [INFO] (/home/meteo/dev/redist/fwidbmgr/include/Grid.h:1695) Grid dc configured.
2016-11-08 05:14:10,350 null [INFO] (/home/meteo/dev/redist/fwidbmgr/include/Grid.h:1595) Configuring grid: bui
2016-11-08 05:14:10,350 null [INFO] (/home/meteo/dev/redist/fwidbmgr/include/Grid.h:1695) Grid bui configured.
2016-11-08 05:14:10,351 null [INFO] (/home/meteo/dev/redist/fwidbmgr/include/Grid.h:1595) Configuring grid: ffmc_tmp
2016-11-08 05:14:10,351 null [INFO] (/home/meteo/dev/redist/fwidbmgr/include/Grid.h:1695) Grid ffmc_tmp configured.
2016-11-08 05:14:10,352 null [INFO] (/home/meteo/dev/redist/fwidbmgr/include/Grid.h:1595) Configuring grid: dmc_tmp
2016-11-08 05:14:10,352 null [INFO] (/home/meteo/dev/redist/fwidbmgr/include/Grid.h:1695) Grid dmc_tmp configured.
2016-11-08 05:14:10,353 null [INFO] (/home/meteo/dev/redist/fwidbmgr/include/Grid.h:1595) Configuring grid: dc_tmp
2016-11-08 05:14:10,353 null [INFO] (/home/meteo/dev/redist/fwidbmgr/include/Grid.h:1695) Grid dc_tmp configured.
2016-11-08 05:14:10,354 null [INFO] (/home/meteo/dev/redist/fwidbmgr/include/Grid.h:1595) Configuring grid: idi
2016-11-08 05:14:10,354 null [INFO] (/home/meteo/dev/redist/fwidbmgr/include/Grid.h:1695) Grid idi configured.
2016-11-08 05:14:10,355 null [INFO] (/home/meteo/dev/redist/fwidbmgr/include/Grid.h:1595) Configuring grid: angstrom
2016-11-08 05:14:10,355 null [INFO] (/home/meteo/dev/redist/fwidbmgr/include/Grid.h:1695) Grid angstrom configured.
2016-11-08 05:14:10,357 null [INFO] (/home/meteo/dev/redist/fwidbmgr/include/Grid.h:1595) Configuring grid: fmi
2016-11-08 05:14:10,357 null [INFO] (/home/meteo/dev/redist/fwidbmgr/include/Grid.h:1695) Grid fmi configured.
2016-11-08 05:14:10,358 null [INFO] (/home/meteo/dev/redist/fwidbmgr/include/Grid.h:1595) Configuring grid: sharples
2016-11-08 05:14:10,358 null [INFO] (/home/meteo/dev/redist/fwidbmgr/include/Grid.h:1695) Grid sharples configured.
2016-11-08 05:14:57,608 null [INFO] (/home/meteo/dev/redist/fwidbmgr/include/Grid.h:1595) Configuring grid: isi
2016-11-08 05:14:57,609 null [INFO] (/home/meteo/dev/redist/fwidbmgr/include/Grid.h:1695) Grid isi configured.
2016-11-08 05:14:57,635 null [INFO] (/home/meteo/dev/redist/fwidbmgr/include/Grid.h:1595) Configuring grid: fwi
2016-11-08 05:14:57,635 null [INFO] (/home/meteo/dev/redist/fwidbmgr/include/Grid.h:1695) Grid fwi configured.
2016-11-08 05:14:57,655 null [INFO] (/home/meteo/dev/redist/fwidbmgr/include/Grid.h:1595) Configuring grid: ffmc
2016-11-08 05:14:57,655 null [INFO] (/home/meteo/dev/redist/fwidbmgr/include/Grid.h:1695) Grid ffmc configured.
2016-11-08 05:14:57,675 null [INFO] (/home/meteo/dev/redist/fwidbmgr/include/Grid.h:1595) Configuring grid: dmc
2016-11-08 05:14:57,675 null [INFO] (/home/meteo/dev/redist/fwidbmgr/include/Grid.h:1695) Grid dmc configured.
2016-11-08 05:14:57,694 null [INFO] (/home/meteo/dev/redist/fwidbmgr/include/Grid.h:1595) Configuring grid: dc
2016-11-08 05:14:57,694 null [INFO] (/home/meteo/dev/redist/fwidbmgr/include/Grid.h:1695) Grid dc configured.
2016-11-08 05:14:57,713 null [INFO] (/home/meteo/dev/redist/fwidbmgr/include/Grid.h:1595) Configuring grid: bui
2016-11-08 05:14:57,713 null [INFO] (/home/meteo/dev/redist/fwidbmgr/include/Grid.h:1695) Grid bui configured.
2016-11-08 05:14:57,732 null [INFO] (/home/meteo/dev/redist/fwidbmgr/include/Grid.h:1595) Configuring grid: ffmc_tmp
2016-11-08 05:14:57,732 null [INFO] (/home/meteo/dev/redist/fwidbmgr/include/Grid.h:1695) Grid ffmc_tmp configured.
2016-11-08 05:14:57,754 null [INFO] (/home/meteo/dev/redist/fwidbmgr/include/Grid.h:1595) Configuring grid: dmc_tmp
2016-11-08 05:14:57,754 null [INFO] (/home/meteo/dev/redist/fwidbmgr/include/Grid.h:1695) Grid dmc_tmp configured.
2016-11-08 05:14:57,773 null [INFO] (/home/meteo/dev/redist/fwidbmgr/include/Grid.h:1595) Configuring grid: dc_tmp
2016-11-08 05:14:57,773 null [INFO] (/home/meteo/dev/redist/fwidbmgr/include/Grid.h:1695) Grid dc_tmp configured.
2016-11-08 05:14:57,792 null [INFO] (/home/meteo/dev/redist/fwidbmgr/include/Grid.h:1595) Configuring grid: angstrom
2016-11-08 05:14:57,792 null [INFO] (/home/meteo/dev/redist/fwidbmgr/include/Grid.h:1695) Grid angstrom configured.
2016-11-08 05:14:57,923 null [INFO] (/home/meteo/dev/redist/fwidbmgr/include/Grid.h:1595) Configuring grid: sharples
2016-11-08 05:14:57,923 null [INFO] (/home/meteo/dev/redist/fwidbmgr/include/Grid.h:1695) Grid sharples configured.
2016-11-08 05:14:57,961 null [INFO] (/home/meteo/dev/redist/fwidbmgr/include/Grid.h:1595) Configuring grid: fmi
2016-11-08 05:14:57,961 null [INFO] (/home/meteo/dev/redist/fwidbmgr/include/Grid.h:1695) Grid fmi configured.
2016-11-08 05:14:58,006 null [INFO] (../src/fwidbmgr.cpp:5418) OK --> 20161107 indexes exported to files.
2016-11-08 05:14:58,006 null [INFO] (../src/fwidbmgr.cpp:5496) action exportidx took about 48 seconds.
2016-11-08 05:14:58,006 null [INFO] (../src/fwidbmgr.cpp:5499) Disconnected from database.
2016-11-08 05:15:22,738 null [INFO] (../src/fwidbmgr.cpp:5207) fwi db manager
2016-11-08 05:15:22,738 null [INFO] (../src/fwidbmgr.cpp:5209) Program home: /home/meteo/dev/redist/fwidbmgr
2016-11-08 05:15:22,738 null [INFO] (../src/fwidbmgr.cpp:5211) Auto convert: 1
2016-11-08 05:15:22,738 null [INFO] (../src/fwidbmgr.cpp:458) action: outimg.
2016-11-08 05:15:22,738 null [INFO] (../src/fwidbmgr.cpp:482) date: 20161107.
2016-11-08 05:15:22,738 null [INFO] (../src/fwidbmgr.cpp:319) Try to read: /home/meteo/dev/redist/fwidbmgr/config/fwidbmgr.conf.
2016-11-08 05:15:22,753 null [INFO] (../src/fwidbmgr.cpp:5240) Configuration parsing: OK.
2016-11-08 05:15:22,827 null [INFO] (../src/fwidbmgr.cpp:5322) Connected to database
2016-11-08 05:15:22,827 null [INFO] (../src/fwidbmgr.cpp:5323) Manage data for date: 20161107.
2016-11-08 05:15:22,827 null [INFO] (../src/fwidbmgr.cpp:5391) Importing fwi indexes images in database.
2016-11-08 05:15:25,013 null [INFO] (../src/fwidbmgr.cpp:5394) OK --> 20161107 images imported.
2016-11-08 05:15:25,013 null [INFO] (../src/fwidbmgr.cpp:5496) action outimg took about 3 seconds.
2016-11-08 05:15:25,013 null [INFO] (../src/fwidbmgr.cpp:5499) Disconnected from database.
2016-11-08 05:37:01,339 null [INFO] (../src/fwidbmgr.cpp:5207) fwi db manager
2016-11-08 05:37:01,339 null [INFO] (../src/fwidbmgr.cpp:5209) Program home: /home/meteo/dev/redist/fwidbmgr
2016-11-08 05:37:01,339 null [INFO] (../src/fwidbmgr.cpp:5211) Auto convert: 1
2016-11-08 05:37:01,339 null [INFO] (../src/fwidbmgr.cpp:458) action: outimg.
2016-11-08 05:37:01,339 null [INFO] (../src/fwidbmgr.cpp:482) date: 20161107.
2016-11-08 05:37:01,339 null [INFO] (../src/fwidbmgr.cpp:319) Try to read: /home/meteo/dev/redist/fwidbmgr/config/fwidbmgr.conf.
2016-11-08 05:37:01,340 null [INFO] (../src/fwidbmgr.cpp:5240) Configuration parsing: OK.
2016-11-08 05:37:01,342 null [INFO] (../src/fwidbmgr.cpp:5322) Connected to database
2016-11-08 05:37:01,342 null [INFO] (../src/fwidbmgr.cpp:5323) Manage data for date: 20161107.
2016-11-08 05:37:01,342 null [INFO] (../src/fwidbmgr.cpp:5391) Importing fwi indexes images in database.
2016-11-08 05:37:01,614 null [INFO] (../src/fwidbmgr.cpp:5394) OK --> 20161107 images imported.
2016-11-08 05:37:01,614 null [INFO] (../src/fwidbmgr.cpp:5496) action outimg took about 0 seconds.
2016-11-08 05:37:01,614 null [INFO] (../src/fwidbmgr.cpp:5499) Disconnected from database.
2016-11-08 06:05:01,691 null [INFO] (../src/fwidbmgr.cpp:5207) fwi db manager
2016-11-08 06:05:01,692 null [INFO] (../src/fwidbmgr.cpp:5209) Program home: /home/meteo/dev/redist/fwidbmgr
2016-11-08 06:05:01,692 null [INFO] (../src/fwidbmgr.cpp:5211) Auto convert: 1
2016-11-08 06:05:01,692 null [INFO] (../src/fwidbmgr.cpp:458) action: outimg.
2016-11-08 06:05:01,692 null [INFO] (../src/fwidbmgr.cpp:482) date: 20161107.
2016-11-08 06:05:01,692 null [INFO] (../src/fwidbmgr.cpp:319) Try to read: /home/meteo/dev/redist/fwidbmgr/config/fwidbmgr.conf.
2016-11-08 06:05:01,693 null [INFO] (../src/fwidbmgr.cpp:5240) Configuration parsing: OK.
2016-11-08 06:05:01,695 null [INFO] (../src/fwidbmgr.cpp:5322) Connected to database
2016-11-08 06:05:01,695 null [INFO] (../src/fwidbmgr.cpp:5323) Manage data for date: 20161107.
2016-11-08 06:05:01,695 null [INFO] (../src/fwidbmgr.cpp:5391) Importing fwi indexes images in database.
2016-11-08 06:05:01,727 null [INFO] (../src/fwidbmgr.cpp:5394) OK --> 20161107 images imported.
2016-11-08 06:05:01,728 null [INFO] (../src/fwidbmgr.cpp:5496) action outimg took about 0 seconds.
2016-11-08 06:05:01,728 null [INFO] (../src/fwidbmgr.cpp:5499) Disconnected from database.
2016-11-08 06:37:01,882 null [INFO] (../src/fwidbmgr.cpp:5207) fwi db manager
2016-11-08 06:37:01,882 null [INFO] (../src/fwidbmgr.cpp:5209) Program home: /home/meteo/dev/redist/fwidbmgr
2016-11-08 06:37:01,882 null [INFO] (../src/fwidbmgr.cpp:5211) Auto convert: 1
2016-11-08 06:37:01,882 null [INFO] (../src/fwidbmgr.cpp:458) action: outimg.
2016-11-08 06:37:01,882 null [INFO] (../src/fwidbmgr.cpp:482) date: 20161107.
2016-11-08 06:37:01,882 null [INFO] (../src/fwidbmgr.cpp:319) Try to read: /home/meteo/dev/redist/fwidbmgr/config/fwidbmgr.conf.
2016-11-08 06:37:01,883 null [INFO] (../src/fwidbmgr.cpp:5240) Configuration parsing: OK.
2016-11-08 06:37:01,885 null [INFO] (../src/fwidbmgr.cpp:5322) Connected to database
2016-11-08 06:37:01,885 null [INFO] (../src/fwidbmgr.cpp:5323) Manage data for date: 20161107.
2016-11-08 06:37:01,885 null [INFO] (../src/fwidbmgr.cpp:5391) Importing fwi indexes images in database.
2016-11-08 06:37:01,921 null [INFO] (../src/fwidbmgr.cpp:5394) OK --> 20161107 images imported.
2016-11-08 06:37:01,921 null [INFO] (../src/fwidbmgr.cpp:5496) action outimg took about 0 seconds.
2016-11-08 06:37:01,921 null [INFO] (../src/fwidbmgr.cpp:5499) Disconnected from database.
2016-11-08 07:05:02,055 null [INFO] (../src/fwidbmgr.cpp:5207) fwi db manager
2016-11-08 07:05:02,056 null [INFO] (../src/fwidbmgr.cpp:5209) Program home: /home/meteo/dev/redist/fwidbmgr
2016-11-08 07:05:02,056 null [INFO] (../src/fwidbmgr.cpp:5211) Auto convert: 1
2016-11-08 07:05:02,056 null [INFO] (../src/fwidbmgr.cpp:458) action: outimg.
2016-11-08 07:05:02,056 null [INFO] (../src/fwidbmgr.cpp:482) date: 20161107.
2016-11-08 07:05:02,056 null [INFO] (../src/fwidbmgr.cpp:319) Try to read: /home/meteo/dev/redist/fwidbmgr/config/fwidbmgr.conf.
2016-11-08 07:05:02,057 null [INFO] (../src/fwidbmgr.cpp:5240) Configuration parsing: OK.
2016-11-08 07:05:02,062 null [INFO] (../src/fwidbmgr.cpp:5322) Connected to database
2016-11-08 07:05:02,062 null [INFO] (../src/fwidbmgr.cpp:5323) Manage data for date: 20161107.
2016-11-08 07:05:02,062 null [INFO] (../src/fwidbmgr.cpp:5391) Importing fwi indexes images in database.
2016-11-08 07:05:02,095 null [INFO] (../src/fwidbmgr.cpp:5394) OK --> 20161107 images imported.
2016-11-08 07:05:02,095 null [INFO] (../src/fwidbmgr.cpp:5496) action outimg took about 0 seconds.
2016-11-08 07:05:02,096 null [INFO] (../src/fwidbmgr.cpp:5499) Disconnected from database.
2016-11-08 07:37:01,247 null [INFO] (../src/fwidbmgr.cpp:5207) fwi db manager
2016-11-08 07:37:01,247 null [INFO] (../src/fwidbmgr.cpp:5209) Program home: /home/meteo/dev/redist/fwidbmgr
2016-11-08 07:37:01,247 null [INFO] (../src/fwidbmgr.cpp:5211) Auto convert: 1
2016-11-08 07:37:01,247 null [INFO] (../src/fwidbmgr.cpp:458) action: outimg.
2016-11-08 07:37:01,247 null [INFO] (../src/fwidbmgr.cpp:482) date: 20161107.
2016-11-08 07:37:01,247 null [INFO] (../src/fwidbmgr.cpp:319) Try to read: /home/meteo/dev/redist/fwidbmgr/config/fwidbmgr.conf.
2016-11-08 07:37:01,251 null [INFO] (../src/fwidbmgr.cpp:5240) Configuration parsing: OK.
2016-11-08 07:37:01,255 null [INFO] (../src/fwidbmgr.cpp:5322) Connected to database
2016-11-08 07:37:01,255 null [INFO] (../src/fwidbmgr.cpp:5323) Manage data for date: 20161107.
2016-11-08 07:37:01,256 null [INFO] (../src/fwidbmgr.cpp:5391) Importing fwi indexes images in database.
2016-11-08 07:37:01,311 null [INFO] (../src/fwidbmgr.cpp:5394) OK --> 20161107 images imported.
2016-11-08 07:37:01,311 null [INFO] (../src/fwidbmgr.cpp:5496) action outimg took about 0 seconds.
2016-11-08 07:37:01,311 null [INFO] (../src/fwidbmgr.cpp:5499) Disconnected from database.
