2014-11-22 05:07:03,950 null [INFO] (../src/fwidbmgr.cpp:5207) fwi db manager
2014-11-22 05:07:03,950 null [INFO] (../src/fwidbmgr.cpp:5209) Program home: /home/meteo/dev/redist/fwidbmgr
2014-11-22 05:07:03,951 null [INFO] (../src/fwidbmgr.cpp:5211) Auto convert: 1
2014-11-22 05:07:03,951 null [INFO] (../src/fwidbmgr.cpp:458) action: in.
2014-11-22 05:07:03,951 null [INFO] (../src/fwidbmgr.cpp:482) date: 20141121.
2014-11-22 05:07:03,951 null [INFO] (../src/fwidbmgr.cpp:319) Try to read: /home/meteo/dev/redist/fwidbmgr/config/fwidbmgr.conf.
2014-11-22 05:07:03,991 null [INFO] (../src/fwidbmgr.cpp:5240) Configuration parsing: OK.
2014-11-22 05:07:04,053 null [INFO] (../src/fwidbmgr.cpp:5322) Connected to database
2014-11-22 05:07:04,053 null [INFO] (../src/fwidbmgr.cpp:5323) Manage data for date: 20141121.
2014-11-22 05:07:04,053 null [INFO] (../src/fwidbmgr.cpp:5367) Importing meteo data in database for day: 20141121.
2014-11-22 05:07:04,054 null [INFO] (/home/meteo/dev/redist/fwidbmgr/include/Grid.h:1595) Configuring grid: snow
2014-11-22 05:07:04,055 null [INFO] (/home/meteo/dev/redist/fwidbmgr/include/Grid.h:1695) Grid snow configured.
2014-11-22 05:07:04,066 null [INFO] (/home/meteo/dev/redist/fwidbmgr/include/Grid.h:1595) Configuring grid: snow_covering
2014-11-22 05:07:04,067 null [INFO] (/home/meteo/dev/redist/fwidbmgr/include/Grid.h:1695) Grid snow_covering configured.
2014-11-22 05:07:04,080 null [INFO] (/home/meteo/dev/redist/fwidbmgr/include/Grid.h:1595) Configuring grid: snow_dissolution
2014-11-22 05:07:04,080 null [INFO] (/home/meteo/dev/redist/fwidbmgr/include/Grid.h:1695) Grid snow_dissolution configured.
2014-11-22 05:07:04,107 null [INFO] (/home/meteo/dev/redist/fwidbmgr/include/Grid.h:1595) Configuring grid: temperature
2014-11-22 05:07:04,107 null [INFO] (/home/meteo/dev/redist/fwidbmgr/include/Grid.h:1695) Grid temperature configured.
2014-11-22 05:07:04,112 null [INFO] (/home/meteo/dev/redist/fwidbmgr/include/Grid.h:1595) Configuring grid: humidity
2014-11-22 05:07:04,112 null [INFO] (/home/meteo/dev/redist/fwidbmgr/include/Grid.h:1695) Grid humidity configured.
2014-11-22 05:07:04,123 null [INFO] (/home/meteo/dev/redist/fwidbmgr/include/Grid.h:1595) Configuring grid: windspeed
2014-11-22 05:07:04,123 null [INFO] (/home/meteo/dev/redist/fwidbmgr/include/Grid.h:1695) Grid windspeed configured.
2014-11-22 05:07:04,145 null [INFO] (/home/meteo/dev/redist/fwidbmgr/include/Grid.h:1595) Configuring grid: rain
2014-11-22 05:07:04,145 null [INFO] (/home/meteo/dev/redist/fwidbmgr/include/Grid.h:1695) Grid rain configured.
2014-11-22 05:07:04,149 null [INFO] (/home/meteo/dev/redist/fwidbmgr/include/Grid.h:1595) Configuring grid: cum_rain
2014-11-22 05:07:04,149 null [INFO] (/home/meteo/dev/redist/fwidbmgr/include/Grid.h:1695) Grid cum_rain configured.
2014-11-22 05:07:34,663 null [INFO] (../src/fwidbmgr.cpp:1502) Storing meteo input ...
2014-11-22 05:09:23,498 null [INFO] (../src/fwidbmgr.cpp:5370) OK --> 20141121 data imported.
2014-11-22 05:09:23,570 null [INFO] (../src/fwidbmgr.cpp:5496) action in took about 139 seconds.
2014-11-22 05:09:23,790 null [INFO] (../src/fwidbmgr.cpp:5499) Disconnected from database.
2014-11-22 05:10:45,023 null [INFO] (../src/fwidbmgr.cpp:5207) fwi db manager
2014-11-22 05:10:45,023 null [INFO] (../src/fwidbmgr.cpp:5209) Program home: /home/meteo/dev/redist/fwidbmgr
2014-11-22 05:10:45,023 null [INFO] (../src/fwidbmgr.cpp:5211) Auto convert: 1
2014-11-22 05:10:45,023 null [INFO] (../src/fwidbmgr.cpp:458) action: out.
2014-11-22 05:10:45,023 null [INFO] (../src/fwidbmgr.cpp:482) date: 20141121.
2014-11-22 05:10:45,023 null [INFO] (../src/fwidbmgr.cpp:319) Try to read: /home/meteo/dev/redist/fwidbmgr/config/fwidbmgr.conf.
2014-11-22 05:10:45,044 null [INFO] (../src/fwidbmgr.cpp:5240) Configuration parsing: OK.
2014-11-22 05:10:45,098 null [INFO] (../src/fwidbmgr.cpp:5322) Connected to database
2014-11-22 05:10:45,098 null [INFO] (../src/fwidbmgr.cpp:5323) Manage data for date: 20141121.
2014-11-22 05:10:45,098 null [INFO] (../src/fwidbmgr.cpp:5379) Importing fwi indexes data in database for day: 20141121.
2014-11-22 05:10:45,099 null [INFO] (/home/meteo/dev/redist/fwidbmgr/include/Grid.h:1595) Configuring grid: isi
2014-11-22 05:10:45,099 null [INFO] (/home/meteo/dev/redist/fwidbmgr/include/Grid.h:1695) Grid isi configured.
2014-11-22 05:10:45,113 null [INFO] (/home/meteo/dev/redist/fwidbmgr/include/Grid.h:1595) Configuring grid: fwi
2014-11-22 05:10:45,113 null [INFO] (/home/meteo/dev/redist/fwidbmgr/include/Grid.h:1695) Grid fwi configured.
2014-11-22 05:10:45,126 null [INFO] (/home/meteo/dev/redist/fwidbmgr/include/Grid.h:1595) Configuring grid: ffmc
2014-11-22 05:10:45,126 null [INFO] (/home/meteo/dev/redist/fwidbmgr/include/Grid.h:1695) Grid ffmc configured.
2014-11-22 05:10:45,139 null [INFO] (/home/meteo/dev/redist/fwidbmgr/include/Grid.h:1595) Configuring grid: dmc
2014-11-22 05:10:45,139 null [INFO] (/home/meteo/dev/redist/fwidbmgr/include/Grid.h:1695) Grid dmc configured.
2014-11-22 05:10:45,153 null [INFO] (/home/meteo/dev/redist/fwidbmgr/include/Grid.h:1595) Configuring grid: dc
2014-11-22 05:10:45,153 null [INFO] (/home/meteo/dev/redist/fwidbmgr/include/Grid.h:1695) Grid dc configured.
2014-11-22 05:10:45,166 null [INFO] (/home/meteo/dev/redist/fwidbmgr/include/Grid.h:1595) Configuring grid: bui
2014-11-22 05:10:45,166 null [INFO] (/home/meteo/dev/redist/fwidbmgr/include/Grid.h:1695) Grid bui configured.
2014-11-22 05:10:45,179 null [INFO] (/home/meteo/dev/redist/fwidbmgr/include/Grid.h:1595) Configuring grid: ffmc_tmp
2014-11-22 05:10:45,179 null [INFO] (/home/meteo/dev/redist/fwidbmgr/include/Grid.h:1695) Grid ffmc_tmp configured.
2014-11-22 05:10:45,238 null [INFO] (/home/meteo/dev/redist/fwidbmgr/include/Grid.h:1595) Configuring grid: dmc_tmp
2014-11-22 05:10:45,238 null [INFO] (/home/meteo/dev/redist/fwidbmgr/include/Grid.h:1695) Grid dmc_tmp configured.
2014-11-22 05:10:45,259 null [INFO] (/home/meteo/dev/redist/fwidbmgr/include/Grid.h:1595) Configuring grid: dc_tmp
2014-11-22 05:10:45,259 null [INFO] (/home/meteo/dev/redist/fwidbmgr/include/Grid.h:1695) Grid dc_tmp configured.
2014-11-22 05:10:45,280 null [INFO] (/home/meteo/dev/redist/fwidbmgr/include/Grid.h:1595) Configuring grid: idi
2014-11-22 05:10:45,280 null [INFO] (/home/meteo/dev/redist/fwidbmgr/include/Grid.h:1695) Grid idi configured.
2014-11-22 05:11:14,392 null [INFO] (../src/fwidbmgr.cpp:2045) Storing FWI indexes ...
2014-11-22 05:13:03,865 null [INFO] (../src/fwidbmgr.cpp:5382) OK --> 20141121 data imported.
2014-11-22 05:13:03,894 null [INFO] (../src/fwidbmgr.cpp:5496) action out took about 138 seconds.
2014-11-22 05:13:03,895 null [INFO] (../src/fwidbmgr.cpp:5499) Disconnected from database.
2014-11-22 05:13:05,138 null [INFO] (../src/fwidbmgr.cpp:5207) fwi db manager
2014-11-22 05:13:05,138 null [INFO] (../src/fwidbmgr.cpp:5209) Program home: /home/meteo/dev/redist/fwidbmgr
2014-11-22 05:13:05,138 null [INFO] (../src/fwidbmgr.cpp:5211) Auto convert: 1
2014-11-22 05:13:05,138 null [INFO] (../src/fwidbmgr.cpp:458) action: computeidx.
2014-11-22 05:13:05,138 null [INFO] (../src/fwidbmgr.cpp:482) date: 20141121.
2014-11-22 05:13:05,138 null [INFO] (../src/fwidbmgr.cpp:319) Try to read: /home/meteo/dev/redist/fwidbmgr/config/fwidbmgr.conf.
2014-11-22 05:13:05,164 null [INFO] (../src/fwidbmgr.cpp:5240) Configuration parsing: OK.
2014-11-22 05:13:05,295 null [INFO] (../src/fwidbmgr.cpp:5322) Connected to database
2014-11-22 05:13:05,295 null [INFO] (../src/fwidbmgr.cpp:5323) Manage data for date: 20141121.
2014-11-22 05:13:05,295 null [INFO] (../src/fwidbmgr.cpp:5463) Computing indexes.
2014-11-22 05:13:05,296 null [INFO] (/home/meteo/dev/redist/fwidbmgr/include/Grid.h:1595) Configuring grid: isi
2014-11-22 05:13:05,297 null [INFO] (/home/meteo/dev/redist/fwidbmgr/include/Grid.h:1695) Grid isi configured.
2014-11-22 05:13:05,298 null [INFO] (/home/meteo/dev/redist/fwidbmgr/include/Grid.h:1595) Configuring grid: fwi
2014-11-22 05:13:05,298 null [INFO] (/home/meteo/dev/redist/fwidbmgr/include/Grid.h:1695) Grid fwi configured.
2014-11-22 05:13:05,300 null [INFO] (/home/meteo/dev/redist/fwidbmgr/include/Grid.h:1595) Configuring grid: ffmc
2014-11-22 05:13:05,300 null [INFO] (/home/meteo/dev/redist/fwidbmgr/include/Grid.h:1695) Grid ffmc configured.
2014-11-22 05:13:05,301 null [INFO] (/home/meteo/dev/redist/fwidbmgr/include/Grid.h:1595) Configuring grid: dmc
2014-11-22 05:13:05,301 null [INFO] (/home/meteo/dev/redist/fwidbmgr/include/Grid.h:1695) Grid dmc configured.
2014-11-22 05:13:05,303 null [INFO] (/home/meteo/dev/redist/fwidbmgr/include/Grid.h:1595) Configuring grid: dc
2014-11-22 05:13:05,303 null [INFO] (/home/meteo/dev/redist/fwidbmgr/include/Grid.h:1695) Grid dc configured.
2014-11-22 05:13:05,304 null [INFO] (/home/meteo/dev/redist/fwidbmgr/include/Grid.h:1595) Configuring grid: bui
2014-11-22 05:13:05,304 null [INFO] (/home/meteo/dev/redist/fwidbmgr/include/Grid.h:1695) Grid bui configured.
2014-11-22 05:13:05,306 null [INFO] (/home/meteo/dev/redist/fwidbmgr/include/Grid.h:1595) Configuring grid: ffmc_tmp
2014-11-22 05:13:05,306 null [INFO] (/home/meteo/dev/redist/fwidbmgr/include/Grid.h:1695) Grid ffmc_tmp configured.
2014-11-22 05:13:05,489 null [INFO] (/home/meteo/dev/redist/fwidbmgr/include/Grid.h:1595) Configuring grid: dmc_tmp
2014-11-22 05:13:05,489 null [INFO] (/home/meteo/dev/redist/fwidbmgr/include/Grid.h:1695) Grid dmc_tmp configured.
2014-11-22 05:13:05,491 null [INFO] (/home/meteo/dev/redist/fwidbmgr/include/Grid.h:1595) Configuring grid: dc_tmp
2014-11-22 05:13:05,491 null [INFO] (/home/meteo/dev/redist/fwidbmgr/include/Grid.h:1695) Grid dc_tmp configured.
2014-11-22 05:13:05,492 null [INFO] (/home/meteo/dev/redist/fwidbmgr/include/Grid.h:1595) Configuring grid: idi
2014-11-22 05:13:05,492 null [INFO] (/home/meteo/dev/redist/fwidbmgr/include/Grid.h:1695) Grid idi configured.
2014-11-22 05:13:05,502 null [INFO] (/home/meteo/dev/redist/fwidbmgr/include/Grid.h:1595) Configuring grid: angstrom
2014-11-22 05:13:05,503 null [INFO] (/home/meteo/dev/redist/fwidbmgr/include/Grid.h:1695) Grid angstrom configured.
2014-11-22 05:13:05,504 null [INFO] (/home/meteo/dev/redist/fwidbmgr/include/Grid.h:1595) Configuring grid: fmi
2014-11-22 05:13:05,504 null [INFO] (/home/meteo/dev/redist/fwidbmgr/include/Grid.h:1695) Grid fmi configured.
2014-11-22 05:13:05,506 null [INFO] (/home/meteo/dev/redist/fwidbmgr/include/Grid.h:1595) Configuring grid: sharples
2014-11-22 05:13:05,506 null [INFO] (/home/meteo/dev/redist/fwidbmgr/include/Grid.h:1695) Grid sharples configured.
2014-11-22 05:13:42,085 null [INFO] (/home/meteo/dev/redist/fwidbmgr/include/Grid.h:1595) Configuring grid: snow
2014-11-22 05:13:42,093 null [INFO] (/home/meteo/dev/redist/fwidbmgr/include/Grid.h:1695) Grid snow configured.
2014-11-22 05:13:42,093 null [INFO] (/home/meteo/dev/redist/fwidbmgr/include/Grid.h:1595) Configuring grid: snow_covering
2014-11-22 05:13:42,094 null [INFO] (/home/meteo/dev/redist/fwidbmgr/include/Grid.h:1695) Grid snow_covering configured.
2014-11-22 05:13:42,094 null [INFO] (/home/meteo/dev/redist/fwidbmgr/include/Grid.h:1595) Configuring grid: snow_dissolution
2014-11-22 05:13:42,094 null [INFO] (/home/meteo/dev/redist/fwidbmgr/include/Grid.h:1695) Grid snow_dissolution configured.
2014-11-22 05:13:42,094 null [INFO] (/home/meteo/dev/redist/fwidbmgr/include/Grid.h:1595) Configuring grid: temperature
2014-11-22 05:13:42,094 null [INFO] (/home/meteo/dev/redist/fwidbmgr/include/Grid.h:1695) Grid temperature configured.
2014-11-22 05:13:42,094 null [INFO] (/home/meteo/dev/redist/fwidbmgr/include/Grid.h:1595) Configuring grid: humidity
2014-11-22 05:13:42,094 null [INFO] (/home/meteo/dev/redist/fwidbmgr/include/Grid.h:1695) Grid humidity configured.
2014-11-22 05:13:42,094 null [INFO] (/home/meteo/dev/redist/fwidbmgr/include/Grid.h:1595) Configuring grid: windspeed
2014-11-22 05:13:42,094 null [INFO] (/home/meteo/dev/redist/fwidbmgr/include/Grid.h:1695) Grid windspeed configured.
2014-11-22 05:13:42,095 null [INFO] (/home/meteo/dev/redist/fwidbmgr/include/Grid.h:1595) Configuring grid: rain
2014-11-22 05:13:42,095 null [INFO] (/home/meteo/dev/redist/fwidbmgr/include/Grid.h:1695) Grid rain configured.
2014-11-22 05:13:42,095 null [INFO] (/home/meteo/dev/redist/fwidbmgr/include/Grid.h:1595) Configuring grid: cum_rain
2014-11-22 05:13:42,095 null [INFO] (/home/meteo/dev/redist/fwidbmgr/include/Grid.h:1695) Grid cum_rain configured.
2014-11-22 05:17:05,715 null [INFO] (../src/fwidbmgr.cpp:5466) OK --> 20141121 indexes computed.
2014-11-22 05:17:05,806 null [INFO] (../src/fwidbmgr.cpp:5496) action computeidx took about 240 seconds.
2014-11-22 05:17:05,806 null [INFO] (../src/fwidbmgr.cpp:5499) Disconnected from database.
2014-11-22 05:17:07,262 null [INFO] (../src/fwidbmgr.cpp:5207) fwi db manager
2014-11-22 05:17:07,262 null [INFO] (../src/fwidbmgr.cpp:5209) Program home: /home/meteo/dev/redist/fwidbmgr
2014-11-22 05:17:07,262 null [INFO] (../src/fwidbmgr.cpp:5211) Auto convert: 1
2014-11-22 05:17:07,262 null [INFO] (../src/fwidbmgr.cpp:458) action: exportidx.
2014-11-22 05:17:07,262 null [INFO] (../src/fwidbmgr.cpp:482) date: 20141121.
2014-11-22 05:17:07,262 null [INFO] (../src/fwidbmgr.cpp:319) Try to read: /home/meteo/dev/redist/fwidbmgr/config/fwidbmgr.conf.
2014-11-22 05:17:07,291 null [INFO] (../src/fwidbmgr.cpp:5240) Configuration parsing: OK.
2014-11-22 05:17:07,503 null [INFO] (../src/fwidbmgr.cpp:5322) Connected to database
2014-11-22 05:17:07,503 null [INFO] (../src/fwidbmgr.cpp:5323) Manage data for date: 20141121.
2014-11-22 05:17:07,503 null [INFO] (../src/fwidbmgr.cpp:5415) Exporting indexes.
2014-11-22 05:17:07,505 null [INFO] (/home/meteo/dev/redist/fwidbmgr/include/Grid.h:1595) Configuring grid: isi
2014-11-22 05:17:07,505 null [INFO] (/home/meteo/dev/redist/fwidbmgr/include/Grid.h:1695) Grid isi configured.
2014-11-22 05:17:07,507 null [INFO] (/home/meteo/dev/redist/fwidbmgr/include/Grid.h:1595) Configuring grid: fwi
2014-11-22 05:17:07,507 null [INFO] (/home/meteo/dev/redist/fwidbmgr/include/Grid.h:1695) Grid fwi configured.
2014-11-22 05:17:07,508 null [INFO] (/home/meteo/dev/redist/fwidbmgr/include/Grid.h:1595) Configuring grid: ffmc
2014-11-22 05:17:07,508 null [INFO] (/home/meteo/dev/redist/fwidbmgr/include/Grid.h:1695) Grid ffmc configured.
2014-11-22 05:17:07,510 null [INFO] (/home/meteo/dev/redist/fwidbmgr/include/Grid.h:1595) Configuring grid: dmc
2014-11-22 05:17:07,510 null [INFO] (/home/meteo/dev/redist/fwidbmgr/include/Grid.h:1695) Grid dmc configured.
2014-11-22 05:17:07,511 null [INFO] (/home/meteo/dev/redist/fwidbmgr/include/Grid.h:1595) Configuring grid: dc
2014-11-22 05:17:07,511 null [INFO] (/home/meteo/dev/redist/fwidbmgr/include/Grid.h:1695) Grid dc configured.
2014-11-22 05:17:07,512 null [INFO] (/home/meteo/dev/redist/fwidbmgr/include/Grid.h:1595) Configuring grid: bui
2014-11-22 05:17:07,513 null [INFO] (/home/meteo/dev/redist/fwidbmgr/include/Grid.h:1695) Grid bui configured.
2014-11-22 05:17:07,514 null [INFO] (/home/meteo/dev/redist/fwidbmgr/include/Grid.h:1595) Configuring grid: ffmc_tmp
2014-11-22 05:17:07,514 null [INFO] (/home/meteo/dev/redist/fwidbmgr/include/Grid.h:1695) Grid ffmc_tmp configured.
2014-11-22 05:17:07,516 null [INFO] (/home/meteo/dev/redist/fwidbmgr/include/Grid.h:1595) Configuring grid: dmc_tmp
2014-11-22 05:17:07,516 null [INFO] (/home/meteo/dev/redist/fwidbmgr/include/Grid.h:1695) Grid dmc_tmp configured.
2014-11-22 05:17:07,517 null [INFO] (/home/meteo/dev/redist/fwidbmgr/include/Grid.h:1595) Configuring grid: dc_tmp
2014-11-22 05:17:07,517 null [INFO] (/home/meteo/dev/redist/fwidbmgr/include/Grid.h:1695) Grid dc_tmp configured.
2014-11-22 05:17:07,519 null [INFO] (/home/meteo/dev/redist/fwidbmgr/include/Grid.h:1595) Configuring grid: idi
2014-11-22 05:17:07,519 null [INFO] (/home/meteo/dev/redist/fwidbmgr/include/Grid.h:1695) Grid idi configured.
2014-11-22 05:17:07,520 null [INFO] (/home/meteo/dev/redist/fwidbmgr/include/Grid.h:1595) Configuring grid: angstrom
2014-11-22 05:17:07,520 null [INFO] (/home/meteo/dev/redist/fwidbmgr/include/Grid.h:1695) Grid angstrom configured.
2014-11-22 05:17:07,522 null [INFO] (/home/meteo/dev/redist/fwidbmgr/include/Grid.h:1595) Configuring grid: fmi
2014-11-22 05:17:07,522 null [INFO] (/home/meteo/dev/redist/fwidbmgr/include/Grid.h:1695) Grid fmi configured.
2014-11-22 05:17:07,523 null [INFO] (/home/meteo/dev/redist/fwidbmgr/include/Grid.h:1595) Configuring grid: sharples
2014-11-22 05:17:07,523 null [INFO] (/home/meteo/dev/redist/fwidbmgr/include/Grid.h:1695) Grid sharples configured.
2014-11-22 05:17:41,894 null [INFO] (/home/meteo/dev/redist/fwidbmgr/include/Grid.h:1595) Configuring grid: isi
2014-11-22 05:17:41,909 null [INFO] (/home/meteo/dev/redist/fwidbmgr/include/Grid.h:1695) Grid isi configured.
2014-11-22 05:17:42,025 null [INFO] (/home/meteo/dev/redist/fwidbmgr/include/Grid.h:1595) Configuring grid: fwi
2014-11-22 05:17:42,025 null [INFO] (/home/meteo/dev/redist/fwidbmgr/include/Grid.h:1695) Grid fwi configured.
2014-11-22 05:17:42,108 null [INFO] (/home/meteo/dev/redist/fwidbmgr/include/Grid.h:1595) Configuring grid: ffmc
2014-11-22 05:17:42,108 null [INFO] (/home/meteo/dev/redist/fwidbmgr/include/Grid.h:1695) Grid ffmc configured.
2014-11-22 05:17:42,254 null [INFO] (/home/meteo/dev/redist/fwidbmgr/include/Grid.h:1595) Configuring grid: dmc
2014-11-22 05:17:42,254 null [INFO] (/home/meteo/dev/redist/fwidbmgr/include/Grid.h:1695) Grid dmc configured.
2014-11-22 05:17:42,316 null [INFO] (/home/meteo/dev/redist/fwidbmgr/include/Grid.h:1595) Configuring grid: dc
2014-11-22 05:17:42,316 null [INFO] (/home/meteo/dev/redist/fwidbmgr/include/Grid.h:1695) Grid dc configured.
2014-11-22 05:17:42,366 null [INFO] (/home/meteo/dev/redist/fwidbmgr/include/Grid.h:1595) Configuring grid: bui
2014-11-22 05:17:42,366 null [INFO] (/home/meteo/dev/redist/fwidbmgr/include/Grid.h:1695) Grid bui configured.
2014-11-22 05:17:42,404 null [INFO] (/home/meteo/dev/redist/fwidbmgr/include/Grid.h:1595) Configuring grid: ffmc_tmp
2014-11-22 05:17:42,404 null [INFO] (/home/meteo/dev/redist/fwidbmgr/include/Grid.h:1695) Grid ffmc_tmp configured.
2014-11-22 05:17:42,483 null [INFO] (/home/meteo/dev/redist/fwidbmgr/include/Grid.h:1595) Configuring grid: dmc_tmp
2014-11-22 05:17:42,483 null [INFO] (/home/meteo/dev/redist/fwidbmgr/include/Grid.h:1695) Grid dmc_tmp configured.
2014-11-22 05:17:42,536 null [INFO] (/home/meteo/dev/redist/fwidbmgr/include/Grid.h:1595) Configuring grid: dc_tmp
2014-11-22 05:17:42,536 null [INFO] (/home/meteo/dev/redist/fwidbmgr/include/Grid.h:1695) Grid dc_tmp configured.
2014-11-22 05:17:42,603 null [INFO] (/home/meteo/dev/redist/fwidbmgr/include/Grid.h:1595) Configuring grid: angstrom
2014-11-22 05:17:42,603 null [INFO] (/home/meteo/dev/redist/fwidbmgr/include/Grid.h:1695) Grid angstrom configured.
2014-11-22 05:17:42,770 null [INFO] (/home/meteo/dev/redist/fwidbmgr/include/Grid.h:1595) Configuring grid: sharples
2014-11-22 05:17:42,770 null [INFO] (/home/meteo/dev/redist/fwidbmgr/include/Grid.h:1695) Grid sharples configured.
2014-11-22 05:17:42,813 null [INFO] (/home/meteo/dev/redist/fwidbmgr/include/Grid.h:1595) Configuring grid: fmi
2014-11-22 05:17:42,813 null [INFO] (/home/meteo/dev/redist/fwidbmgr/include/Grid.h:1695) Grid fmi configured.
2014-11-22 05:17:42,863 null [INFO] (../src/fwidbmgr.cpp:5418) OK --> 20141121 indexes exported to files.
2014-11-22 05:17:42,863 null [INFO] (../src/fwidbmgr.cpp:5496) action exportidx took about 35 seconds.
2014-11-22 05:17:42,863 null [INFO] (../src/fwidbmgr.cpp:5499) Disconnected from database.
