2018-04-09 05:06:50,213 null [INFO] (../src/fwidbmgr.cpp:5361) fwi db manager
2018-04-09 05:06:50,213 null [INFO] (../src/fwidbmgr.cpp:5365) Program home: /home/meteo/dev/redist/fwidbmgr
2018-04-09 05:06:50,213 null [INFO] (../src/fwidbmgr.cpp:5369) Auto convert: 1
2018-04-09 05:06:50,213 null [INFO] (../src/fwidbmgr.cpp:446) action: in.
2018-04-09 05:06:50,213 null [INFO] (../src/fwidbmgr.cpp:470) date: 20180408.
2018-04-09 05:06:50,213 null [INFO] (../src/fwidbmgr.cpp:322) Try to read: /home/meteo/dev/redist/fwidbmgr/config/fwidbmgr.conf.
2018-04-09 05:06:50,227 null [INFO] (../src/fwidbmgr.cpp:5393) Configuration parsing: OK.
2018-04-09 05:06:50,265 null [INFO] (../src/fwidbmgr.cpp:5478) Connected to database
2018-04-09 05:06:50,265 null [INFO] (../src/fwidbmgr.cpp:5480) Manage data for date: 20180408.
2018-04-09 05:06:50,266 null [INFO] (../src/fwidbmgr.cpp:5536) Importing meteo data in database for day: 20180408.
2018-04-09 05:06:50,268 null [INFO] (/home/meteo/dev/redist/fwidbmgr/include/Grid.h:1595) Configuring grid: snow
2018-04-09 05:06:50,268 null [INFO] (/home/meteo/dev/redist/fwidbmgr/include/Grid.h:1695) Grid snow configured.
2018-04-09 05:06:50,279 null [INFO] (/home/meteo/dev/redist/fwidbmgr/include/Grid.h:1595) Configuring grid: snow_covering
2018-04-09 05:06:50,279 null [INFO] (/home/meteo/dev/redist/fwidbmgr/include/Grid.h:1695) Grid snow_covering configured.
2018-04-09 05:06:50,292 null [INFO] (/home/meteo/dev/redist/fwidbmgr/include/Grid.h:1595) Configuring grid: snow_dissolution
2018-04-09 05:06:50,293 null [INFO] (/home/meteo/dev/redist/fwidbmgr/include/Grid.h:1695) Grid snow_dissolution configured.
2018-04-09 05:06:50,318 null [INFO] (/home/meteo/dev/redist/fwidbmgr/include/Grid.h:1595) Configuring grid: temperature
2018-04-09 05:06:50,318 null [INFO] (/home/meteo/dev/redist/fwidbmgr/include/Grid.h:1695) Grid temperature configured.
2018-04-09 05:06:50,323 null [INFO] (/home/meteo/dev/redist/fwidbmgr/include/Grid.h:1595) Configuring grid: humidity
2018-04-09 05:06:50,323 null [INFO] (/home/meteo/dev/redist/fwidbmgr/include/Grid.h:1695) Grid humidity configured.
2018-04-09 05:06:50,333 null [INFO] (/home/meteo/dev/redist/fwidbmgr/include/Grid.h:1595) Configuring grid: windspeed
2018-04-09 05:06:50,333 null [INFO] (/home/meteo/dev/redist/fwidbmgr/include/Grid.h:1695) Grid windspeed configured.
2018-04-09 05:06:50,356 null [INFO] (/home/meteo/dev/redist/fwidbmgr/include/Grid.h:1595) Configuring grid: rain
2018-04-09 05:06:50,356 null [INFO] (/home/meteo/dev/redist/fwidbmgr/include/Grid.h:1695) Grid rain configured.
2018-04-09 05:06:50,359 null [INFO] (/home/meteo/dev/redist/fwidbmgr/include/Grid.h:1595) Configuring grid: cum_rain
2018-04-09 05:06:50,359 null [INFO] (/home/meteo/dev/redist/fwidbmgr/include/Grid.h:1695) Grid cum_rain configured.
2018-04-09 05:06:50,666 null [INFO] (../src/fwidbmgr.cpp:1518) Storing meteo input ...
2018-04-09 05:07:03,271 null [INFO] (../src/fwidbmgr.cpp:5540) OK --> 20180408 data imported.
2018-04-09 05:07:03,343 null [INFO] (../src/fwidbmgr.cpp:5695) action in took about 13 seconds.
2018-04-09 05:07:03,434 null [INFO] (../src/fwidbmgr.cpp:5699) Disconnected from database.
2018-04-09 05:08:18,480 null [INFO] (../src/fwidbmgr.cpp:5361) fwi db manager
2018-04-09 05:08:18,480 null [INFO] (../src/fwidbmgr.cpp:5365) Program home: /home/meteo/dev/redist/fwidbmgr
2018-04-09 05:08:18,480 null [INFO] (../src/fwidbmgr.cpp:5369) Auto convert: 1
2018-04-09 05:08:18,480 null [INFO] (../src/fwidbmgr.cpp:446) action: out.
2018-04-09 05:08:18,480 null [INFO] (../src/fwidbmgr.cpp:470) date: 20180408.
2018-04-09 05:08:18,480 null [INFO] (../src/fwidbmgr.cpp:322) Try to read: /home/meteo/dev/redist/fwidbmgr/config/fwidbmgr.conf.
2018-04-09 05:08:18,488 null [INFO] (../src/fwidbmgr.cpp:5393) Configuration parsing: OK.
2018-04-09 05:08:18,507 null [INFO] (../src/fwidbmgr.cpp:5478) Connected to database
2018-04-09 05:08:18,507 null [INFO] (../src/fwidbmgr.cpp:5480) Manage data for date: 20180408.
2018-04-09 05:08:18,507 null [INFO] (../src/fwidbmgr.cpp:5551) Importing fwi indexes data in database for day: 20180408.
2018-04-09 05:08:18,518 null [INFO] (/home/meteo/dev/redist/fwidbmgr/include/Grid.h:1595) Configuring grid: isi
2018-04-09 05:08:18,518 null [INFO] (/home/meteo/dev/redist/fwidbmgr/include/Grid.h:1695) Grid isi configured.
2018-04-09 05:08:18,534 null [INFO] (/home/meteo/dev/redist/fwidbmgr/include/Grid.h:1595) Configuring grid: fwi
2018-04-09 05:08:18,534 null [INFO] (/home/meteo/dev/redist/fwidbmgr/include/Grid.h:1695) Grid fwi configured.
2018-04-09 05:08:18,549 null [INFO] (/home/meteo/dev/redist/fwidbmgr/include/Grid.h:1595) Configuring grid: ffmc
2018-04-09 05:08:18,549 null [INFO] (/home/meteo/dev/redist/fwidbmgr/include/Grid.h:1695) Grid ffmc configured.
2018-04-09 05:08:18,567 null [INFO] (/home/meteo/dev/redist/fwidbmgr/include/Grid.h:1595) Configuring grid: dmc
2018-04-09 05:08:18,567 null [INFO] (/home/meteo/dev/redist/fwidbmgr/include/Grid.h:1695) Grid dmc configured.
2018-04-09 05:08:18,581 null [INFO] (/home/meteo/dev/redist/fwidbmgr/include/Grid.h:1595) Configuring grid: dc
2018-04-09 05:08:18,581 null [INFO] (/home/meteo/dev/redist/fwidbmgr/include/Grid.h:1695) Grid dc configured.
2018-04-09 05:08:18,595 null [INFO] (/home/meteo/dev/redist/fwidbmgr/include/Grid.h:1595) Configuring grid: bui
2018-04-09 05:08:18,595 null [INFO] (/home/meteo/dev/redist/fwidbmgr/include/Grid.h:1695) Grid bui configured.
2018-04-09 05:08:18,613 null [INFO] (/home/meteo/dev/redist/fwidbmgr/include/Grid.h:1595) Configuring grid: ffmc_tmp
2018-04-09 05:08:18,613 null [INFO] (/home/meteo/dev/redist/fwidbmgr/include/Grid.h:1695) Grid ffmc_tmp configured.
2018-04-09 05:08:18,644 null [INFO] (/home/meteo/dev/redist/fwidbmgr/include/Grid.h:1595) Configuring grid: dmc_tmp
2018-04-09 05:08:18,647 null [INFO] (/home/meteo/dev/redist/fwidbmgr/include/Grid.h:1695) Grid dmc_tmp configured.
2018-04-09 05:08:18,695 null [INFO] (/home/meteo/dev/redist/fwidbmgr/include/Grid.h:1595) Configuring grid: dc_tmp
2018-04-09 05:08:18,696 null [INFO] (/home/meteo/dev/redist/fwidbmgr/include/Grid.h:1695) Grid dc_tmp configured.
2018-04-09 05:08:18,721 null [INFO] (/home/meteo/dev/redist/fwidbmgr/include/Grid.h:1595) Configuring grid: idi
2018-04-09 05:08:18,721 null [INFO] (/home/meteo/dev/redist/fwidbmgr/include/Grid.h:1695) Grid idi configured.
2018-04-09 05:08:19,133 null [INFO] (../src/fwidbmgr.cpp:2081) Storing FWI indexes ...
2018-04-09 05:08:27,009 null [INFO] (../src/fwidbmgr.cpp:5555) OK --> 20180408 data imported.
2018-04-09 05:08:27,009 null [INFO] (../src/fwidbmgr.cpp:5695) action out took about 9 seconds.
2018-04-09 05:08:27,010 null [INFO] (../src/fwidbmgr.cpp:5699) Disconnected from database.
2018-04-09 05:08:27,026 null [INFO] (../src/fwidbmgr.cpp:5361) fwi db manager
2018-04-09 05:08:27,026 null [INFO] (../src/fwidbmgr.cpp:5365) Program home: /home/meteo/dev/redist/fwidbmgr
2018-04-09 05:08:27,026 null [INFO] (../src/fwidbmgr.cpp:5369) Auto convert: 1
2018-04-09 05:08:27,026 null [INFO] (../src/fwidbmgr.cpp:446) action: computeidx.
2018-04-09 05:08:27,026 null [INFO] (../src/fwidbmgr.cpp:470) date: 20180408.
2018-04-09 05:08:27,026 null [INFO] (../src/fwidbmgr.cpp:322) Try to read: /home/meteo/dev/redist/fwidbmgr/config/fwidbmgr.conf.
2018-04-09 05:08:27,028 null [INFO] (../src/fwidbmgr.cpp:5393) Configuration parsing: OK.
2018-04-09 05:08:27,032 null [INFO] (../src/fwidbmgr.cpp:5478) Connected to database
2018-04-09 05:08:27,032 null [INFO] (../src/fwidbmgr.cpp:5480) Manage data for date: 20180408.
2018-04-09 05:08:27,032 null [INFO] (../src/fwidbmgr.cpp:5656) Computing indexes.
2018-04-09 05:08:27,033 null [INFO] (/home/meteo/dev/redist/fwidbmgr/include/Grid.h:1595) Configuring grid: isi
2018-04-09 05:08:27,033 null [INFO] (/home/meteo/dev/redist/fwidbmgr/include/Grid.h:1695) Grid isi configured.
2018-04-09 05:08:27,035 null [INFO] (/home/meteo/dev/redist/fwidbmgr/include/Grid.h:1595) Configuring grid: fwi
2018-04-09 05:08:27,035 null [INFO] (/home/meteo/dev/redist/fwidbmgr/include/Grid.h:1695) Grid fwi configured.
2018-04-09 05:08:27,036 null [INFO] (/home/meteo/dev/redist/fwidbmgr/include/Grid.h:1595) Configuring grid: ffmc
2018-04-09 05:08:27,036 null [INFO] (/home/meteo/dev/redist/fwidbmgr/include/Grid.h:1695) Grid ffmc configured.
2018-04-09 05:08:27,037 null [INFO] (/home/meteo/dev/redist/fwidbmgr/include/Grid.h:1595) Configuring grid: dmc
2018-04-09 05:08:27,037 null [INFO] (/home/meteo/dev/redist/fwidbmgr/include/Grid.h:1695) Grid dmc configured.
2018-04-09 05:08:27,039 null [INFO] (/home/meteo/dev/redist/fwidbmgr/include/Grid.h:1595) Configuring grid: dc
2018-04-09 05:08:27,039 null [INFO] (/home/meteo/dev/redist/fwidbmgr/include/Grid.h:1695) Grid dc configured.
2018-04-09 05:08:27,040 null [INFO] (/home/meteo/dev/redist/fwidbmgr/include/Grid.h:1595) Configuring grid: bui
2018-04-09 05:08:27,040 null [INFO] (/home/meteo/dev/redist/fwidbmgr/include/Grid.h:1695) Grid bui configured.
2018-04-09 05:08:27,041 null [INFO] (/home/meteo/dev/redist/fwidbmgr/include/Grid.h:1595) Configuring grid: ffmc_tmp
2018-04-09 05:08:27,041 null [INFO] (/home/meteo/dev/redist/fwidbmgr/include/Grid.h:1695) Grid ffmc_tmp configured.
2018-04-09 05:08:27,043 null [INFO] (/home/meteo/dev/redist/fwidbmgr/include/Grid.h:1595) Configuring grid: dmc_tmp
2018-04-09 05:08:27,043 null [INFO] (/home/meteo/dev/redist/fwidbmgr/include/Grid.h:1695) Grid dmc_tmp configured.
2018-04-09 05:08:27,044 null [INFO] (/home/meteo/dev/redist/fwidbmgr/include/Grid.h:1595) Configuring grid: dc_tmp
2018-04-09 05:08:27,044 null [INFO] (/home/meteo/dev/redist/fwidbmgr/include/Grid.h:1695) Grid dc_tmp configured.
2018-04-09 05:08:27,045 null [INFO] (/home/meteo/dev/redist/fwidbmgr/include/Grid.h:1595) Configuring grid: idi
2018-04-09 05:08:27,045 null [INFO] (/home/meteo/dev/redist/fwidbmgr/include/Grid.h:1695) Grid idi configured.
2018-04-09 05:08:27,047 null [INFO] (/home/meteo/dev/redist/fwidbmgr/include/Grid.h:1595) Configuring grid: angstrom
2018-04-09 05:08:27,047 null [INFO] (/home/meteo/dev/redist/fwidbmgr/include/Grid.h:1695) Grid angstrom configured.
2018-04-09 05:08:27,048 null [INFO] (/home/meteo/dev/redist/fwidbmgr/include/Grid.h:1595) Configuring grid: fmi
2018-04-09 05:08:27,048 null [INFO] (/home/meteo/dev/redist/fwidbmgr/include/Grid.h:1695) Grid fmi configured.
2018-04-09 05:08:27,049 null [INFO] (/home/meteo/dev/redist/fwidbmgr/include/Grid.h:1595) Configuring grid: sharples
2018-04-09 05:08:27,050 null [INFO] (/home/meteo/dev/redist/fwidbmgr/include/Grid.h:1695) Grid sharples configured.
2018-04-09 05:08:27,796 null [INFO] (/home/meteo/dev/redist/fwidbmgr/include/Grid.h:1595) Configuring grid: snow
2018-04-09 05:08:27,796 null [INFO] (/home/meteo/dev/redist/fwidbmgr/include/Grid.h:1695) Grid snow configured.
2018-04-09 05:08:27,796 null [INFO] (/home/meteo/dev/redist/fwidbmgr/include/Grid.h:1595) Configuring grid: snow_covering
2018-04-09 05:08:27,796 null [INFO] (/home/meteo/dev/redist/fwidbmgr/include/Grid.h:1695) Grid snow_covering configured.
2018-04-09 05:08:27,796 null [INFO] (/home/meteo/dev/redist/fwidbmgr/include/Grid.h:1595) Configuring grid: snow_dissolution
2018-04-09 05:08:27,796 null [INFO] (/home/meteo/dev/redist/fwidbmgr/include/Grid.h:1695) Grid snow_dissolution configured.
2018-04-09 05:08:27,796 null [INFO] (/home/meteo/dev/redist/fwidbmgr/include/Grid.h:1595) Configuring grid: temperature
2018-04-09 05:08:27,797 null [INFO] (/home/meteo/dev/redist/fwidbmgr/include/Grid.h:1695) Grid temperature configured.
2018-04-09 05:08:27,797 null [INFO] (/home/meteo/dev/redist/fwidbmgr/include/Grid.h:1595) Configuring grid: humidity
2018-04-09 05:08:27,797 null [INFO] (/home/meteo/dev/redist/fwidbmgr/include/Grid.h:1695) Grid humidity configured.
2018-04-09 05:08:27,797 null [INFO] (/home/meteo/dev/redist/fwidbmgr/include/Grid.h:1595) Configuring grid: windspeed
2018-04-09 05:08:27,797 null [INFO] (/home/meteo/dev/redist/fwidbmgr/include/Grid.h:1695) Grid windspeed configured.
2018-04-09 05:08:27,797 null [INFO] (/home/meteo/dev/redist/fwidbmgr/include/Grid.h:1595) Configuring grid: rain
2018-04-09 05:08:27,797 null [INFO] (/home/meteo/dev/redist/fwidbmgr/include/Grid.h:1695) Grid rain configured.
2018-04-09 05:08:27,797 null [INFO] (/home/meteo/dev/redist/fwidbmgr/include/Grid.h:1595) Configuring grid: cum_rain
2018-04-09 05:08:27,797 null [INFO] (/home/meteo/dev/redist/fwidbmgr/include/Grid.h:1695) Grid cum_rain configured.
2018-04-09 05:10:22,183 null [INFO] (../src/fwidbmgr.cpp:5660) OK --> 20180408 indexes computed.
2018-04-09 05:10:22,183 null [INFO] (../src/fwidbmgr.cpp:5695) action computeidx took about 115 seconds.
2018-04-09 05:10:22,183 null [INFO] (../src/fwidbmgr.cpp:5699) Disconnected from database.
2018-04-09 05:10:22,200 null [INFO] (../src/fwidbmgr.cpp:5361) fwi db manager
2018-04-09 05:10:22,200 null [INFO] (../src/fwidbmgr.cpp:5365) Program home: /home/meteo/dev/redist/fwidbmgr
2018-04-09 05:10:22,200 null [INFO] (../src/fwidbmgr.cpp:5369) Auto convert: 1
2018-04-09 05:10:22,200 null [INFO] (../src/fwidbmgr.cpp:446) action: exportidx.
2018-04-09 05:10:22,200 null [INFO] (../src/fwidbmgr.cpp:470) date: 20180408.
2018-04-09 05:10:22,200 null [INFO] (../src/fwidbmgr.cpp:322) Try to read: /home/meteo/dev/redist/fwidbmgr/config/fwidbmgr.conf.
2018-04-09 05:10:22,202 null [INFO] (../src/fwidbmgr.cpp:5393) Configuration parsing: OK.
2018-04-09 05:10:22,205 null [INFO] (../src/fwidbmgr.cpp:5478) Connected to database
2018-04-09 05:10:22,206 null [INFO] (../src/fwidbmgr.cpp:5480) Manage data for date: 20180408.
2018-04-09 05:10:22,206 null [INFO] (../src/fwidbmgr.cpp:5596) Exporting indexes.
2018-04-09 05:10:22,207 null [INFO] (/home/meteo/dev/redist/fwidbmgr/include/Grid.h:1595) Configuring grid: isi
2018-04-09 05:10:22,207 null [INFO] (/home/meteo/dev/redist/fwidbmgr/include/Grid.h:1695) Grid isi configured.
2018-04-09 05:10:22,209 null [INFO] (/home/meteo/dev/redist/fwidbmgr/include/Grid.h:1595) Configuring grid: fwi
2018-04-09 05:10:22,209 null [INFO] (/home/meteo/dev/redist/fwidbmgr/include/Grid.h:1695) Grid fwi configured.
2018-04-09 05:10:22,210 null [INFO] (/home/meteo/dev/redist/fwidbmgr/include/Grid.h:1595) Configuring grid: ffmc
2018-04-09 05:10:22,210 null [INFO] (/home/meteo/dev/redist/fwidbmgr/include/Grid.h:1695) Grid ffmc configured.
2018-04-09 05:10:22,211 null [INFO] (/home/meteo/dev/redist/fwidbmgr/include/Grid.h:1595) Configuring grid: dmc
2018-04-09 05:10:22,211 null [INFO] (/home/meteo/dev/redist/fwidbmgr/include/Grid.h:1695) Grid dmc configured.
2018-04-09 05:10:22,213 null [INFO] (/home/meteo/dev/redist/fwidbmgr/include/Grid.h:1595) Configuring grid: dc
2018-04-09 05:10:22,213 null [INFO] (/home/meteo/dev/redist/fwidbmgr/include/Grid.h:1695) Grid dc configured.
2018-04-09 05:10:22,214 null [INFO] (/home/meteo/dev/redist/fwidbmgr/include/Grid.h:1595) Configuring grid: bui
2018-04-09 05:10:22,214 null [INFO] (/home/meteo/dev/redist/fwidbmgr/include/Grid.h:1695) Grid bui configured.
2018-04-09 05:10:22,215 null [INFO] (/home/meteo/dev/redist/fwidbmgr/include/Grid.h:1595) Configuring grid: ffmc_tmp
2018-04-09 05:10:22,215 null [INFO] (/home/meteo/dev/redist/fwidbmgr/include/Grid.h:1695) Grid ffmc_tmp configured.
2018-04-09 05:10:22,216 null [INFO] (/home/meteo/dev/redist/fwidbmgr/include/Grid.h:1595) Configuring grid: dmc_tmp
2018-04-09 05:10:22,217 null [INFO] (/home/meteo/dev/redist/fwidbmgr/include/Grid.h:1695) Grid dmc_tmp configured.
2018-04-09 05:10:22,218 null [INFO] (/home/meteo/dev/redist/fwidbmgr/include/Grid.h:1595) Configuring grid: dc_tmp
2018-04-09 05:10:22,218 null [INFO] (/home/meteo/dev/redist/fwidbmgr/include/Grid.h:1695) Grid dc_tmp configured.
2018-04-09 05:10:22,219 null [INFO] (/home/meteo/dev/redist/fwidbmgr/include/Grid.h:1595) Configuring grid: idi
2018-04-09 05:10:22,219 null [INFO] (/home/meteo/dev/redist/fwidbmgr/include/Grid.h:1695) Grid idi configured.
2018-04-09 05:10:22,220 null [INFO] (/home/meteo/dev/redist/fwidbmgr/include/Grid.h:1595) Configuring grid: angstrom
2018-04-09 05:10:22,221 null [INFO] (/home/meteo/dev/redist/fwidbmgr/include/Grid.h:1695) Grid angstrom configured.
2018-04-09 05:10:22,222 null [INFO] (/home/meteo/dev/redist/fwidbmgr/include/Grid.h:1595) Configuring grid: fmi
2018-04-09 05:10:22,222 null [INFO] (/home/meteo/dev/redist/fwidbmgr/include/Grid.h:1695) Grid fmi configured.
2018-04-09 05:10:22,223 null [INFO] (/home/meteo/dev/redist/fwidbmgr/include/Grid.h:1595) Configuring grid: sharples
2018-04-09 05:10:22,223 null [INFO] (/home/meteo/dev/redist/fwidbmgr/include/Grid.h:1695) Grid sharples configured.
2018-04-09 05:10:23,042 null [INFO] (/home/meteo/dev/redist/fwidbmgr/include/Grid.h:1595) Configuring grid: isi
2018-04-09 05:10:23,042 null [INFO] (/home/meteo/dev/redist/fwidbmgr/include/Grid.h:1695) Grid isi configured.
2018-04-09 05:10:23,079 null [INFO] (/home/meteo/dev/redist/fwidbmgr/include/Grid.h:1595) Configuring grid: fwi
2018-04-09 05:10:23,079 null [INFO] (/home/meteo/dev/redist/fwidbmgr/include/Grid.h:1695) Grid fwi configured.
2018-04-09 05:10:23,117 null [INFO] (/home/meteo/dev/redist/fwidbmgr/include/Grid.h:1595) Configuring grid: ffmc
2018-04-09 05:10:23,117 null [INFO] (/home/meteo/dev/redist/fwidbmgr/include/Grid.h:1695) Grid ffmc configured.
2018-04-09 05:10:23,156 null [INFO] (/home/meteo/dev/redist/fwidbmgr/include/Grid.h:1595) Configuring grid: dmc
2018-04-09 05:10:23,156 null [INFO] (/home/meteo/dev/redist/fwidbmgr/include/Grid.h:1695) Grid dmc configured.
2018-04-09 05:10:23,194 null [INFO] (/home/meteo/dev/redist/fwidbmgr/include/Grid.h:1595) Configuring grid: dc
2018-04-09 05:10:23,194 null [INFO] (/home/meteo/dev/redist/fwidbmgr/include/Grid.h:1695) Grid dc configured.
2018-04-09 05:10:23,232 null [INFO] (/home/meteo/dev/redist/fwidbmgr/include/Grid.h:1595) Configuring grid: bui
2018-04-09 05:10:23,233 null [INFO] (/home/meteo/dev/redist/fwidbmgr/include/Grid.h:1695) Grid bui configured.
2018-04-09 05:10:23,270 null [INFO] (/home/meteo/dev/redist/fwidbmgr/include/Grid.h:1595) Configuring grid: ffmc_tmp
2018-04-09 05:10:23,270 null [INFO] (/home/meteo/dev/redist/fwidbmgr/include/Grid.h:1695) Grid ffmc_tmp configured.
2018-04-09 05:10:23,307 null [INFO] (/home/meteo/dev/redist/fwidbmgr/include/Grid.h:1595) Configuring grid: dmc_tmp
2018-04-09 05:10:23,307 null [INFO] (/home/meteo/dev/redist/fwidbmgr/include/Grid.h:1695) Grid dmc_tmp configured.
2018-04-09 05:10:23,341 null [INFO] (/home/meteo/dev/redist/fwidbmgr/include/Grid.h:1595) Configuring grid: dc_tmp
2018-04-09 05:10:23,342 null [INFO] (/home/meteo/dev/redist/fwidbmgr/include/Grid.h:1695) Grid dc_tmp configured.
2018-04-09 05:10:23,378 null [INFO] (/home/meteo/dev/redist/fwidbmgr/include/Grid.h:1595) Configuring grid: angstrom
2018-04-09 05:10:23,378 null [INFO] (/home/meteo/dev/redist/fwidbmgr/include/Grid.h:1695) Grid angstrom configured.
2018-04-09 05:10:23,445 null [INFO] (/home/meteo/dev/redist/fwidbmgr/include/Grid.h:1595) Configuring grid: sharples
2018-04-09 05:10:23,445 null [INFO] (/home/meteo/dev/redist/fwidbmgr/include/Grid.h:1695) Grid sharples configured.
2018-04-09 05:10:23,490 null [INFO] (/home/meteo/dev/redist/fwidbmgr/include/Grid.h:1595) Configuring grid: fmi
2018-04-09 05:10:23,490 null [INFO] (/home/meteo/dev/redist/fwidbmgr/include/Grid.h:1695) Grid fmi configured.
2018-04-09 05:10:23,534 null [INFO] (../src/fwidbmgr.cpp:5600) OK --> 20180408 indexes exported to files.
2018-04-09 05:10:23,534 null [INFO] (../src/fwidbmgr.cpp:5695) action exportidx took about 1 seconds.
2018-04-09 05:10:23,535 null [INFO] (../src/fwidbmgr.cpp:5699) Disconnected from database.
2018-04-09 05:10:50,911 null [INFO] (../src/fwidbmgr.cpp:5361) fwi db manager
2018-04-09 05:10:50,911 null [INFO] (../src/fwidbmgr.cpp:5365) Program home: /home/meteo/dev/redist/fwidbmgr
2018-04-09 05:10:50,911 null [INFO] (../src/fwidbmgr.cpp:5369) Auto convert: 1
2018-04-09 05:10:50,911 null [INFO] (../src/fwidbmgr.cpp:446) action: outimg.
2018-04-09 05:10:50,911 null [INFO] (../src/fwidbmgr.cpp:470) date: 20180408.
2018-04-09 05:10:50,911 null [INFO] (../src/fwidbmgr.cpp:322) Try to read: /home/meteo/dev/redist/fwidbmgr/config/fwidbmgr.conf.
2018-04-09 05:10:50,913 null [INFO] (../src/fwidbmgr.cpp:5393) Configuration parsing: OK.
2018-04-09 05:10:50,915 null [INFO] (../src/fwidbmgr.cpp:5478) Connected to database
2018-04-09 05:10:50,916 null [INFO] (../src/fwidbmgr.cpp:5480) Manage data for date: 20180408.
2018-04-09 05:10:50,916 null [INFO] (../src/fwidbmgr.cpp:5566) Importing fwi indexes images in database.
2018-04-09 05:10:50,986 null [INFO] (../src/fwidbmgr.cpp:5570) OK --> 20180408 images imported.
2018-04-09 05:10:50,986 null [INFO] (../src/fwidbmgr.cpp:5695) action outimg took about 0 seconds.
2018-04-09 05:10:50,986 null [INFO] (../src/fwidbmgr.cpp:5699) Disconnected from database.
2018-04-09 05:37:01,821 null [INFO] (../src/fwidbmgr.cpp:5361) fwi db manager
2018-04-09 05:37:01,822 null [INFO] (../src/fwidbmgr.cpp:5365) Program home: /home/meteo/dev/redist/fwidbmgr
2018-04-09 05:37:01,822 null [INFO] (../src/fwidbmgr.cpp:5369) Auto convert: 1
2018-04-09 05:37:01,822 null [INFO] (../src/fwidbmgr.cpp:446) action: outimg.
2018-04-09 05:37:01,822 null [INFO] (../src/fwidbmgr.cpp:470) date: 20180408.
2018-04-09 05:37:01,822 null [INFO] (../src/fwidbmgr.cpp:322) Try to read: /home/meteo/dev/redist/fwidbmgr/config/fwidbmgr.conf.
2018-04-09 05:37:01,824 null [INFO] (../src/fwidbmgr.cpp:5393) Configuration parsing: OK.
2018-04-09 05:37:01,829 null [INFO] (../src/fwidbmgr.cpp:5478) Connected to database
2018-04-09 05:37:01,829 null [INFO] (../src/fwidbmgr.cpp:5480) Manage data for date: 20180408.
2018-04-09 05:37:01,829 null [INFO] (../src/fwidbmgr.cpp:5566) Importing fwi indexes images in database.
2018-04-09 05:37:02,025 null [INFO] (../src/fwidbmgr.cpp:5570) OK --> 20180408 images imported.
2018-04-09 05:37:02,026 null [INFO] (../src/fwidbmgr.cpp:5695) action outimg took about 1 seconds.
2018-04-09 05:37:02,026 null [INFO] (../src/fwidbmgr.cpp:5699) Disconnected from database.
2018-04-09 06:05:01,947 null [INFO] (../src/fwidbmgr.cpp:5361) fwi db manager
2018-04-09 06:05:01,948 null [INFO] (../src/fwidbmgr.cpp:5365) Program home: /home/meteo/dev/redist/fwidbmgr
2018-04-09 06:05:01,948 null [INFO] (../src/fwidbmgr.cpp:5369) Auto convert: 1
2018-04-09 06:05:01,948 null [INFO] (../src/fwidbmgr.cpp:446) action: outimg.
2018-04-09 06:05:01,948 null [INFO] (../src/fwidbmgr.cpp:470) date: 20180408.
2018-04-09 06:05:01,948 null [INFO] (../src/fwidbmgr.cpp:322) Try to read: /home/meteo/dev/redist/fwidbmgr/config/fwidbmgr.conf.
2018-04-09 06:05:01,950 null [INFO] (../src/fwidbmgr.cpp:5393) Configuration parsing: OK.
2018-04-09 06:05:01,956 null [INFO] (../src/fwidbmgr.cpp:5478) Connected to database
2018-04-09 06:05:01,956 null [INFO] (../src/fwidbmgr.cpp:5480) Manage data for date: 20180408.
2018-04-09 06:05:01,956 null [INFO] (../src/fwidbmgr.cpp:5566) Importing fwi indexes images in database.
2018-04-09 06:05:02,102 null [INFO] (../src/fwidbmgr.cpp:5570) OK --> 20180408 images imported.
2018-04-09 06:05:02,102 null [INFO] (../src/fwidbmgr.cpp:5695) action outimg took about 1 seconds.
2018-04-09 06:05:02,102 null [INFO] (../src/fwidbmgr.cpp:5699) Disconnected from database.
2018-04-09 06:37:01,251 null [INFO] (../src/fwidbmgr.cpp:5361) fwi db manager
2018-04-09 06:37:01,251 null [INFO] (../src/fwidbmgr.cpp:5365) Program home: /home/meteo/dev/redist/fwidbmgr
2018-04-09 06:37:01,251 null [INFO] (../src/fwidbmgr.cpp:5369) Auto convert: 1
2018-04-09 06:37:01,251 null [INFO] (../src/fwidbmgr.cpp:446) action: outimg.
2018-04-09 06:37:01,251 null [INFO] (../src/fwidbmgr.cpp:470) date: 20180408.
2018-04-09 06:37:01,251 null [INFO] (../src/fwidbmgr.cpp:322) Try to read: /home/meteo/dev/redist/fwidbmgr/config/fwidbmgr.conf.
2018-04-09 06:37:01,253 null [INFO] (../src/fwidbmgr.cpp:5393) Configuration parsing: OK.
2018-04-09 06:37:01,259 null [INFO] (../src/fwidbmgr.cpp:5478) Connected to database
2018-04-09 06:37:01,259 null [INFO] (../src/fwidbmgr.cpp:5480) Manage data for date: 20180408.
2018-04-09 06:37:01,260 null [INFO] (../src/fwidbmgr.cpp:5566) Importing fwi indexes images in database.
2018-04-09 06:37:01,362 null [INFO] (../src/fwidbmgr.cpp:5570) OK --> 20180408 images imported.
2018-04-09 06:37:01,363 null [INFO] (../src/fwidbmgr.cpp:5695) action outimg took about 0 seconds.
2018-04-09 06:37:01,363 null [INFO] (../src/fwidbmgr.cpp:5699) Disconnected from database.
2018-04-09 07:05:01,299 null [INFO] (../src/fwidbmgr.cpp:5361) fwi db manager
2018-04-09 07:05:01,299 null [INFO] (../src/fwidbmgr.cpp:5365) Program home: /home/meteo/dev/redist/fwidbmgr
2018-04-09 07:05:01,299 null [INFO] (../src/fwidbmgr.cpp:5369) Auto convert: 1
2018-04-09 07:05:01,299 null [INFO] (../src/fwidbmgr.cpp:446) action: outimg.
2018-04-09 07:05:01,299 null [INFO] (../src/fwidbmgr.cpp:470) date: 20180408.
2018-04-09 07:05:01,299 null [INFO] (../src/fwidbmgr.cpp:322) Try to read: /home/meteo/dev/redist/fwidbmgr/config/fwidbmgr.conf.
2018-04-09 07:05:01,303 null [INFO] (../src/fwidbmgr.cpp:5393) Configuration parsing: OK.
2018-04-09 07:05:01,318 null [INFO] (../src/fwidbmgr.cpp:5478) Connected to database
2018-04-09 07:05:01,318 null [INFO] (../src/fwidbmgr.cpp:5480) Manage data for date: 20180408.
2018-04-09 07:05:01,318 null [INFO] (../src/fwidbmgr.cpp:5566) Importing fwi indexes images in database.
2018-04-09 07:05:01,442 null [INFO] (../src/fwidbmgr.cpp:5570) OK --> 20180408 images imported.
2018-04-09 07:05:01,442 null [INFO] (../src/fwidbmgr.cpp:5695) action outimg took about 0 seconds.
2018-04-09 07:05:01,442 null [INFO] (../src/fwidbmgr.cpp:5699) Disconnected from database.
2018-04-09 07:37:01,764 null [INFO] (../src/fwidbmgr.cpp:5361) fwi db manager
2018-04-09 07:37:01,764 null [INFO] (../src/fwidbmgr.cpp:5365) Program home: /home/meteo/dev/redist/fwidbmgr
2018-04-09 07:37:01,764 null [INFO] (../src/fwidbmgr.cpp:5369) Auto convert: 1
2018-04-09 07:37:01,764 null [INFO] (../src/fwidbmgr.cpp:446) action: outimg.
2018-04-09 07:37:01,765 null [INFO] (../src/fwidbmgr.cpp:470) date: 20180408.
2018-04-09 07:37:01,765 null [INFO] (../src/fwidbmgr.cpp:322) Try to read: /home/meteo/dev/redist/fwidbmgr/config/fwidbmgr.conf.
2018-04-09 07:37:01,771 null [INFO] (../src/fwidbmgr.cpp:5393) Configuration parsing: OK.
2018-04-09 07:37:01,793 null [INFO] (../src/fwidbmgr.cpp:5478) Connected to database
2018-04-09 07:37:01,793 null [INFO] (../src/fwidbmgr.cpp:5480) Manage data for date: 20180408.
2018-04-09 07:37:01,793 null [INFO] (../src/fwidbmgr.cpp:5566) Importing fwi indexes images in database.
2018-04-09 07:37:01,933 null [INFO] (../src/fwidbmgr.cpp:5570) OK --> 20180408 images imported.
2018-04-09 07:37:01,934 null [INFO] (../src/fwidbmgr.cpp:5695) action outimg took about 0 seconds.
2018-04-09 07:37:01,934 null [INFO] (../src/fwidbmgr.cpp:5699) Disconnected from database.
