2015-05-24 05:07:01,704 null [INFO] (../src/fwidbmgr.cpp:5207) fwi db manager
2015-05-24 05:07:01,711 null [INFO] (../src/fwidbmgr.cpp:5209) Program home: /home/meteo/dev/redist/fwidbmgr
2015-05-24 05:07:01,711 null [INFO] (../src/fwidbmgr.cpp:5211) Auto convert: 1
2015-05-24 05:07:01,711 null [INFO] (../src/fwidbmgr.cpp:458) action: in.
2015-05-24 05:07:01,711 null [INFO] (../src/fwidbmgr.cpp:482) date: 20150523.
2015-05-24 05:07:01,711 null [INFO] (../src/fwidbmgr.cpp:319) Try to read: /home/meteo/dev/redist/fwidbmgr/config/fwidbmgr.conf.
2015-05-24 05:07:01,804 null [INFO] (../src/fwidbmgr.cpp:5240) Configuration parsing: OK.
2015-05-24 05:07:01,917 null [INFO] (../src/fwidbmgr.cpp:5322) Connected to database
2015-05-24 05:07:01,917 null [INFO] (../src/fwidbmgr.cpp:5323) Manage data for date: 20150523.
2015-05-24 05:07:01,917 null [INFO] (../src/fwidbmgr.cpp:5367) Importing meteo data in database for day: 20150523.
2015-05-24 05:07:01,918 null [INFO] (/home/meteo/dev/redist/fwidbmgr/include/Grid.h:1595) Configuring grid: snow
2015-05-24 05:07:01,919 null [INFO] (/home/meteo/dev/redist/fwidbmgr/include/Grid.h:1695) Grid snow configured.
2015-05-24 05:07:01,930 null [INFO] (/home/meteo/dev/redist/fwidbmgr/include/Grid.h:1595) Configuring grid: snow_covering
2015-05-24 05:07:01,930 null [INFO] (/home/meteo/dev/redist/fwidbmgr/include/Grid.h:1695) Grid snow_covering configured.
2015-05-24 05:07:01,943 null [INFO] (/home/meteo/dev/redist/fwidbmgr/include/Grid.h:1595) Configuring grid: snow_dissolution
2015-05-24 05:07:01,943 null [INFO] (/home/meteo/dev/redist/fwidbmgr/include/Grid.h:1695) Grid snow_dissolution configured.
2015-05-24 05:07:01,967 null [INFO] (/home/meteo/dev/redist/fwidbmgr/include/Grid.h:1595) Configuring grid: temperature
2015-05-24 05:07:01,967 null [INFO] (/home/meteo/dev/redist/fwidbmgr/include/Grid.h:1695) Grid temperature configured.
2015-05-24 05:07:01,972 null [INFO] (/home/meteo/dev/redist/fwidbmgr/include/Grid.h:1595) Configuring grid: humidity
2015-05-24 05:07:01,973 null [INFO] (/home/meteo/dev/redist/fwidbmgr/include/Grid.h:1695) Grid humidity configured.
2015-05-24 05:07:01,983 null [INFO] (/home/meteo/dev/redist/fwidbmgr/include/Grid.h:1595) Configuring grid: windspeed
2015-05-24 05:07:01,983 null [INFO] (/home/meteo/dev/redist/fwidbmgr/include/Grid.h:1695) Grid windspeed configured.
2015-05-24 05:07:02,006 null [INFO] (/home/meteo/dev/redist/fwidbmgr/include/Grid.h:1595) Configuring grid: rain
2015-05-24 05:07:02,006 null [INFO] (/home/meteo/dev/redist/fwidbmgr/include/Grid.h:1695) Grid rain configured.
2015-05-24 05:07:02,010 null [INFO] (/home/meteo/dev/redist/fwidbmgr/include/Grid.h:1595) Configuring grid: cum_rain
2015-05-24 05:07:02,010 null [INFO] (/home/meteo/dev/redist/fwidbmgr/include/Grid.h:1695) Grid cum_rain configured.
2015-05-24 05:07:16,384 null [INFO] (../src/fwidbmgr.cpp:1502) Storing meteo input ...
2015-05-24 05:09:12,401 null [INFO] (../src/fwidbmgr.cpp:5370) OK --> 20150523 data imported.
2015-05-24 05:09:12,486 null [INFO] (../src/fwidbmgr.cpp:5496) action in took about 131 seconds.
2015-05-24 05:09:12,697 null [INFO] (../src/fwidbmgr.cpp:5499) Disconnected from database.
2015-05-24 05:10:40,142 null [INFO] (../src/fwidbmgr.cpp:5207) fwi db manager
2015-05-24 05:10:40,142 null [INFO] (../src/fwidbmgr.cpp:5209) Program home: /home/meteo/dev/redist/fwidbmgr
2015-05-24 05:10:40,142 null [INFO] (../src/fwidbmgr.cpp:5211) Auto convert: 1
2015-05-24 05:10:40,142 null [INFO] (../src/fwidbmgr.cpp:458) action: out.
2015-05-24 05:10:40,142 null [INFO] (../src/fwidbmgr.cpp:482) date: 20150523.
2015-05-24 05:10:40,142 null [INFO] (../src/fwidbmgr.cpp:319) Try to read: /home/meteo/dev/redist/fwidbmgr/config/fwidbmgr.conf.
2015-05-24 05:10:40,179 null [INFO] (../src/fwidbmgr.cpp:5240) Configuration parsing: OK.
2015-05-24 05:10:40,271 null [INFO] (../src/fwidbmgr.cpp:5322) Connected to database
2015-05-24 05:10:40,271 null [INFO] (../src/fwidbmgr.cpp:5323) Manage data for date: 20150523.
2015-05-24 05:10:40,271 null [INFO] (../src/fwidbmgr.cpp:5379) Importing fwi indexes data in database for day: 20150523.
2015-05-24 05:10:40,285 null [INFO] (/home/meteo/dev/redist/fwidbmgr/include/Grid.h:1595) Configuring grid: isi
2015-05-24 05:10:40,285 null [INFO] (/home/meteo/dev/redist/fwidbmgr/include/Grid.h:1695) Grid isi configured.
2015-05-24 05:10:40,299 null [INFO] (/home/meteo/dev/redist/fwidbmgr/include/Grid.h:1595) Configuring grid: fwi
2015-05-24 05:10:40,299 null [INFO] (/home/meteo/dev/redist/fwidbmgr/include/Grid.h:1695) Grid fwi configured.
2015-05-24 05:10:40,313 null [INFO] (/home/meteo/dev/redist/fwidbmgr/include/Grid.h:1595) Configuring grid: ffmc
2015-05-24 05:10:40,313 null [INFO] (/home/meteo/dev/redist/fwidbmgr/include/Grid.h:1695) Grid ffmc configured.
2015-05-24 05:10:40,327 null [INFO] (/home/meteo/dev/redist/fwidbmgr/include/Grid.h:1595) Configuring grid: dmc
2015-05-24 05:10:40,327 null [INFO] (/home/meteo/dev/redist/fwidbmgr/include/Grid.h:1695) Grid dmc configured.
2015-05-24 05:10:40,341 null [INFO] (/home/meteo/dev/redist/fwidbmgr/include/Grid.h:1595) Configuring grid: dc
2015-05-24 05:10:40,341 null [INFO] (/home/meteo/dev/redist/fwidbmgr/include/Grid.h:1695) Grid dc configured.
2015-05-24 05:10:40,355 null [INFO] (/home/meteo/dev/redist/fwidbmgr/include/Grid.h:1595) Configuring grid: bui
2015-05-24 05:10:40,356 null [INFO] (/home/meteo/dev/redist/fwidbmgr/include/Grid.h:1695) Grid bui configured.
2015-05-24 05:10:40,369 null [INFO] (/home/meteo/dev/redist/fwidbmgr/include/Grid.h:1595) Configuring grid: ffmc_tmp
2015-05-24 05:10:40,370 null [INFO] (/home/meteo/dev/redist/fwidbmgr/include/Grid.h:1695) Grid ffmc_tmp configured.
2015-05-24 05:10:40,434 null [INFO] (/home/meteo/dev/redist/fwidbmgr/include/Grid.h:1595) Configuring grid: dmc_tmp
2015-05-24 05:10:40,434 null [INFO] (/home/meteo/dev/redist/fwidbmgr/include/Grid.h:1695) Grid dmc_tmp configured.
2015-05-24 05:10:40,461 null [INFO] (/home/meteo/dev/redist/fwidbmgr/include/Grid.h:1595) Configuring grid: dc_tmp
2015-05-24 05:10:40,461 null [INFO] (/home/meteo/dev/redist/fwidbmgr/include/Grid.h:1695) Grid dc_tmp configured.
2015-05-24 05:10:40,496 null [INFO] (/home/meteo/dev/redist/fwidbmgr/include/Grid.h:1595) Configuring grid: idi
2015-05-24 05:10:40,496 null [INFO] (/home/meteo/dev/redist/fwidbmgr/include/Grid.h:1695) Grid idi configured.
2015-05-24 05:10:47,664 null [INFO] (../src/fwidbmgr.cpp:2045) Storing FWI indexes ...
2015-05-24 05:11:14,739 null [INFO] (../src/fwidbmgr.cpp:5382) OK --> 20150523 data imported.
2015-05-24 05:11:14,741 null [INFO] (../src/fwidbmgr.cpp:5496) action out took about 34 seconds.
2015-05-24 05:11:14,742 null [INFO] (../src/fwidbmgr.cpp:5499) Disconnected from database.
2015-05-24 05:11:15,703 null [INFO] (../src/fwidbmgr.cpp:5207) fwi db manager
2015-05-24 05:11:15,703 null [INFO] (../src/fwidbmgr.cpp:5209) Program home: /home/meteo/dev/redist/fwidbmgr
2015-05-24 05:11:15,703 null [INFO] (../src/fwidbmgr.cpp:5211) Auto convert: 1
2015-05-24 05:11:15,704 null [INFO] (../src/fwidbmgr.cpp:458) action: computeidx.
2015-05-24 05:11:15,704 null [INFO] (../src/fwidbmgr.cpp:482) date: 20150523.
2015-05-24 05:11:15,704 null [INFO] (../src/fwidbmgr.cpp:319) Try to read: /home/meteo/dev/redist/fwidbmgr/config/fwidbmgr.conf.
2015-05-24 05:11:15,723 null [INFO] (../src/fwidbmgr.cpp:5240) Configuration parsing: OK.
2015-05-24 05:11:15,860 null [INFO] (../src/fwidbmgr.cpp:5322) Connected to database
2015-05-24 05:11:15,860 null [INFO] (../src/fwidbmgr.cpp:5323) Manage data for date: 20150523.
2015-05-24 05:11:15,860 null [INFO] (../src/fwidbmgr.cpp:5463) Computing indexes.
2015-05-24 05:11:15,861 null [INFO] (/home/meteo/dev/redist/fwidbmgr/include/Grid.h:1595) Configuring grid: isi
2015-05-24 05:11:15,862 null [INFO] (/home/meteo/dev/redist/fwidbmgr/include/Grid.h:1695) Grid isi configured.
2015-05-24 05:11:15,863 null [INFO] (/home/meteo/dev/redist/fwidbmgr/include/Grid.h:1595) Configuring grid: fwi
2015-05-24 05:11:15,863 null [INFO] (/home/meteo/dev/redist/fwidbmgr/include/Grid.h:1695) Grid fwi configured.
2015-05-24 05:11:15,865 null [INFO] (/home/meteo/dev/redist/fwidbmgr/include/Grid.h:1595) Configuring grid: ffmc
2015-05-24 05:11:15,870 null [INFO] (/home/meteo/dev/redist/fwidbmgr/include/Grid.h:1695) Grid ffmc configured.
2015-05-24 05:11:15,872 null [INFO] (/home/meteo/dev/redist/fwidbmgr/include/Grid.h:1595) Configuring grid: dmc
2015-05-24 05:11:15,872 null [INFO] (/home/meteo/dev/redist/fwidbmgr/include/Grid.h:1695) Grid dmc configured.
2015-05-24 05:11:15,873 null [INFO] (/home/meteo/dev/redist/fwidbmgr/include/Grid.h:1595) Configuring grid: dc
2015-05-24 05:11:15,873 null [INFO] (/home/meteo/dev/redist/fwidbmgr/include/Grid.h:1695) Grid dc configured.
2015-05-24 05:11:15,875 null [INFO] (/home/meteo/dev/redist/fwidbmgr/include/Grid.h:1595) Configuring grid: bui
2015-05-24 05:11:15,875 null [INFO] (/home/meteo/dev/redist/fwidbmgr/include/Grid.h:1695) Grid bui configured.
2015-05-24 05:11:15,876 null [INFO] (/home/meteo/dev/redist/fwidbmgr/include/Grid.h:1595) Configuring grid: ffmc_tmp
2015-05-24 05:11:15,876 null [INFO] (/home/meteo/dev/redist/fwidbmgr/include/Grid.h:1695) Grid ffmc_tmp configured.
2015-05-24 05:11:15,878 null [INFO] (/home/meteo/dev/redist/fwidbmgr/include/Grid.h:1595) Configuring grid: dmc_tmp
2015-05-24 05:11:15,878 null [INFO] (/home/meteo/dev/redist/fwidbmgr/include/Grid.h:1695) Grid dmc_tmp configured.
2015-05-24 05:11:15,879 null [INFO] (/home/meteo/dev/redist/fwidbmgr/include/Grid.h:1595) Configuring grid: dc_tmp
2015-05-24 05:11:15,880 null [INFO] (/home/meteo/dev/redist/fwidbmgr/include/Grid.h:1695) Grid dc_tmp configured.
2015-05-24 05:11:15,881 null [INFO] (/home/meteo/dev/redist/fwidbmgr/include/Grid.h:1595) Configuring grid: idi
2015-05-24 05:11:15,881 null [INFO] (/home/meteo/dev/redist/fwidbmgr/include/Grid.h:1695) Grid idi configured.
2015-05-24 05:11:15,882 null [INFO] (/home/meteo/dev/redist/fwidbmgr/include/Grid.h:1595) Configuring grid: angstrom
2015-05-24 05:11:15,882 null [INFO] (/home/meteo/dev/redist/fwidbmgr/include/Grid.h:1695) Grid angstrom configured.
2015-05-24 05:11:15,884 null [INFO] (/home/meteo/dev/redist/fwidbmgr/include/Grid.h:1595) Configuring grid: fmi
2015-05-24 05:11:15,884 null [INFO] (/home/meteo/dev/redist/fwidbmgr/include/Grid.h:1695) Grid fmi configured.
2015-05-24 05:11:15,885 null [INFO] (/home/meteo/dev/redist/fwidbmgr/include/Grid.h:1595) Configuring grid: sharples
2015-05-24 05:11:15,885 null [INFO] (/home/meteo/dev/redist/fwidbmgr/include/Grid.h:1695) Grid sharples configured.
2015-05-24 05:11:21,411 null [INFO] (/home/meteo/dev/redist/fwidbmgr/include/Grid.h:1595) Configuring grid: snow
2015-05-24 05:11:21,411 null [INFO] (/home/meteo/dev/redist/fwidbmgr/include/Grid.h:1695) Grid snow configured.
2015-05-24 05:11:21,411 null [INFO] (/home/meteo/dev/redist/fwidbmgr/include/Grid.h:1595) Configuring grid: snow_covering
2015-05-24 05:11:21,411 null [INFO] (/home/meteo/dev/redist/fwidbmgr/include/Grid.h:1695) Grid snow_covering configured.
2015-05-24 05:11:21,411 null [INFO] (/home/meteo/dev/redist/fwidbmgr/include/Grid.h:1595) Configuring grid: snow_dissolution
2015-05-24 05:11:21,412 null [INFO] (/home/meteo/dev/redist/fwidbmgr/include/Grid.h:1695) Grid snow_dissolution configured.
2015-05-24 05:11:21,412 null [INFO] (/home/meteo/dev/redist/fwidbmgr/include/Grid.h:1595) Configuring grid: temperature
2015-05-24 05:11:21,412 null [INFO] (/home/meteo/dev/redist/fwidbmgr/include/Grid.h:1695) Grid temperature configured.
2015-05-24 05:11:21,412 null [INFO] (/home/meteo/dev/redist/fwidbmgr/include/Grid.h:1595) Configuring grid: humidity
2015-05-24 05:11:21,412 null [INFO] (/home/meteo/dev/redist/fwidbmgr/include/Grid.h:1695) Grid humidity configured.
2015-05-24 05:11:21,412 null [INFO] (/home/meteo/dev/redist/fwidbmgr/include/Grid.h:1595) Configuring grid: windspeed
2015-05-24 05:11:21,412 null [INFO] (/home/meteo/dev/redist/fwidbmgr/include/Grid.h:1695) Grid windspeed configured.
2015-05-24 05:11:21,412 null [INFO] (/home/meteo/dev/redist/fwidbmgr/include/Grid.h:1595) Configuring grid: rain
2015-05-24 05:11:21,412 null [INFO] (/home/meteo/dev/redist/fwidbmgr/include/Grid.h:1695) Grid rain configured.
2015-05-24 05:11:21,413 null [INFO] (/home/meteo/dev/redist/fwidbmgr/include/Grid.h:1595) Configuring grid: cum_rain
2015-05-24 05:11:21,413 null [INFO] (/home/meteo/dev/redist/fwidbmgr/include/Grid.h:1695) Grid cum_rain configured.
2015-05-24 05:13:32,091 null [INFO] (../src/fwidbmgr.cpp:5466) OK --> 20150523 indexes computed.
2015-05-24 05:13:32,092 null [INFO] (../src/fwidbmgr.cpp:5496) action computeidx took about 137 seconds.
2015-05-24 05:13:32,092 null [INFO] (../src/fwidbmgr.cpp:5499) Disconnected from database.
2015-05-24 05:13:32,596 null [INFO] (../src/fwidbmgr.cpp:5207) fwi db manager
2015-05-24 05:13:32,597 null [INFO] (../src/fwidbmgr.cpp:5209) Program home: /home/meteo/dev/redist/fwidbmgr
2015-05-24 05:13:32,597 null [INFO] (../src/fwidbmgr.cpp:5211) Auto convert: 1
2015-05-24 05:13:32,597 null [INFO] (../src/fwidbmgr.cpp:458) action: exportidx.
2015-05-24 05:13:32,597 null [INFO] (../src/fwidbmgr.cpp:482) date: 20150523.
2015-05-24 05:13:32,597 null [INFO] (../src/fwidbmgr.cpp:319) Try to read: /home/meteo/dev/redist/fwidbmgr/config/fwidbmgr.conf.
2015-05-24 05:13:32,617 null [INFO] (../src/fwidbmgr.cpp:5240) Configuration parsing: OK.
2015-05-24 05:13:32,688 null [INFO] (../src/fwidbmgr.cpp:5322) Connected to database
2015-05-24 05:13:32,688 null [INFO] (../src/fwidbmgr.cpp:5323) Manage data for date: 20150523.
2015-05-24 05:13:32,688 null [INFO] (../src/fwidbmgr.cpp:5415) Exporting indexes.
2015-05-24 05:13:32,712 null [INFO] (/home/meteo/dev/redist/fwidbmgr/include/Grid.h:1595) Configuring grid: isi
2015-05-24 05:13:32,713 null [INFO] (/home/meteo/dev/redist/fwidbmgr/include/Grid.h:1695) Grid isi configured.
2015-05-24 05:13:32,714 null [INFO] (/home/meteo/dev/redist/fwidbmgr/include/Grid.h:1595) Configuring grid: fwi
2015-05-24 05:13:32,714 null [INFO] (/home/meteo/dev/redist/fwidbmgr/include/Grid.h:1695) Grid fwi configured.
2015-05-24 05:13:32,715 null [INFO] (/home/meteo/dev/redist/fwidbmgr/include/Grid.h:1595) Configuring grid: ffmc
2015-05-24 05:13:32,715 null [INFO] (/home/meteo/dev/redist/fwidbmgr/include/Grid.h:1695) Grid ffmc configured.
2015-05-24 05:13:32,717 null [INFO] (/home/meteo/dev/redist/fwidbmgr/include/Grid.h:1595) Configuring grid: dmc
2015-05-24 05:13:32,717 null [INFO] (/home/meteo/dev/redist/fwidbmgr/include/Grid.h:1695) Grid dmc configured.
2015-05-24 05:13:32,718 null [INFO] (/home/meteo/dev/redist/fwidbmgr/include/Grid.h:1595) Configuring grid: dc
2015-05-24 05:13:32,718 null [INFO] (/home/meteo/dev/redist/fwidbmgr/include/Grid.h:1695) Grid dc configured.
2015-05-24 05:13:32,720 null [INFO] (/home/meteo/dev/redist/fwidbmgr/include/Grid.h:1595) Configuring grid: bui
2015-05-24 05:13:32,720 null [INFO] (/home/meteo/dev/redist/fwidbmgr/include/Grid.h:1695) Grid bui configured.
2015-05-24 05:13:32,721 null [INFO] (/home/meteo/dev/redist/fwidbmgr/include/Grid.h:1595) Configuring grid: ffmc_tmp
2015-05-24 05:13:32,721 null [INFO] (/home/meteo/dev/redist/fwidbmgr/include/Grid.h:1695) Grid ffmc_tmp configured.
2015-05-24 05:13:32,723 null [INFO] (/home/meteo/dev/redist/fwidbmgr/include/Grid.h:1595) Configuring grid: dmc_tmp
2015-05-24 05:13:32,723 null [INFO] (/home/meteo/dev/redist/fwidbmgr/include/Grid.h:1695) Grid dmc_tmp configured.
2015-05-24 05:13:32,724 null [INFO] (/home/meteo/dev/redist/fwidbmgr/include/Grid.h:1595) Configuring grid: dc_tmp
2015-05-24 05:13:32,724 null [INFO] (/home/meteo/dev/redist/fwidbmgr/include/Grid.h:1695) Grid dc_tmp configured.
2015-05-24 05:13:32,726 null [INFO] (/home/meteo/dev/redist/fwidbmgr/include/Grid.h:1595) Configuring grid: idi
2015-05-24 05:13:32,726 null [INFO] (/home/meteo/dev/redist/fwidbmgr/include/Grid.h:1695) Grid idi configured.
2015-05-24 05:13:32,727 null [INFO] (/home/meteo/dev/redist/fwidbmgr/include/Grid.h:1595) Configuring grid: angstrom
2015-05-24 05:13:32,727 null [INFO] (/home/meteo/dev/redist/fwidbmgr/include/Grid.h:1695) Grid angstrom configured.
2015-05-24 05:13:32,729 null [INFO] (/home/meteo/dev/redist/fwidbmgr/include/Grid.h:1595) Configuring grid: fmi
2015-05-24 05:13:32,729 null [INFO] (/home/meteo/dev/redist/fwidbmgr/include/Grid.h:1695) Grid fmi configured.
2015-05-24 05:13:32,730 null [INFO] (/home/meteo/dev/redist/fwidbmgr/include/Grid.h:1595) Configuring grid: sharples
2015-05-24 05:13:32,730 null [INFO] (/home/meteo/dev/redist/fwidbmgr/include/Grid.h:1695) Grid sharples configured.
2015-05-24 05:13:39,544 null [INFO] (/home/meteo/dev/redist/fwidbmgr/include/Grid.h:1595) Configuring grid: isi
2015-05-24 05:13:39,544 null [INFO] (/home/meteo/dev/redist/fwidbmgr/include/Grid.h:1695) Grid isi configured.
2015-05-24 05:13:39,636 null [INFO] (/home/meteo/dev/redist/fwidbmgr/include/Grid.h:1595) Configuring grid: fwi
2015-05-24 05:13:39,636 null [INFO] (/home/meteo/dev/redist/fwidbmgr/include/Grid.h:1695) Grid fwi configured.
2015-05-24 05:13:39,694 null [INFO] (/home/meteo/dev/redist/fwidbmgr/include/Grid.h:1595) Configuring grid: ffmc
2015-05-24 05:13:39,694 null [INFO] (/home/meteo/dev/redist/fwidbmgr/include/Grid.h:1695) Grid ffmc configured.
2015-05-24 05:13:39,795 null [INFO] (/home/meteo/dev/redist/fwidbmgr/include/Grid.h:1595) Configuring grid: dmc
2015-05-24 05:13:39,795 null [INFO] (/home/meteo/dev/redist/fwidbmgr/include/Grid.h:1695) Grid dmc configured.
2015-05-24 05:13:39,854 null [INFO] (/home/meteo/dev/redist/fwidbmgr/include/Grid.h:1595) Configuring grid: dc
2015-05-24 05:13:39,854 null [INFO] (/home/meteo/dev/redist/fwidbmgr/include/Grid.h:1695) Grid dc configured.
2015-05-24 05:13:39,909 null [INFO] (/home/meteo/dev/redist/fwidbmgr/include/Grid.h:1595) Configuring grid: bui
2015-05-24 05:13:39,909 null [INFO] (/home/meteo/dev/redist/fwidbmgr/include/Grid.h:1695) Grid bui configured.
2015-05-24 05:13:40,008 null [INFO] (/home/meteo/dev/redist/fwidbmgr/include/Grid.h:1595) Configuring grid: ffmc_tmp
2015-05-24 05:13:40,008 null [INFO] (/home/meteo/dev/redist/fwidbmgr/include/Grid.h:1695) Grid ffmc_tmp configured.
2015-05-24 05:13:40,083 null [INFO] (/home/meteo/dev/redist/fwidbmgr/include/Grid.h:1595) Configuring grid: dmc_tmp
2015-05-24 05:13:40,083 null [INFO] (/home/meteo/dev/redist/fwidbmgr/include/Grid.h:1695) Grid dmc_tmp configured.
2015-05-24 05:13:40,206 null [INFO] (/home/meteo/dev/redist/fwidbmgr/include/Grid.h:1595) Configuring grid: dc_tmp
2015-05-24 05:13:40,206 null [INFO] (/home/meteo/dev/redist/fwidbmgr/include/Grid.h:1695) Grid dc_tmp configured.
2015-05-24 05:13:40,303 null [INFO] (/home/meteo/dev/redist/fwidbmgr/include/Grid.h:1595) Configuring grid: angstrom
2015-05-24 05:13:40,303 null [INFO] (/home/meteo/dev/redist/fwidbmgr/include/Grid.h:1695) Grid angstrom configured.
2015-05-24 05:13:40,520 null [INFO] (/home/meteo/dev/redist/fwidbmgr/include/Grid.h:1595) Configuring grid: sharples
2015-05-24 05:13:40,521 null [INFO] (/home/meteo/dev/redist/fwidbmgr/include/Grid.h:1695) Grid sharples configured.
2015-05-24 05:13:40,581 null [INFO] (/home/meteo/dev/redist/fwidbmgr/include/Grid.h:1595) Configuring grid: fmi
2015-05-24 05:13:40,582 null [INFO] (/home/meteo/dev/redist/fwidbmgr/include/Grid.h:1695) Grid fmi configured.
2015-05-24 05:13:40,647 null [INFO] (../src/fwidbmgr.cpp:5418) OK --> 20150523 indexes exported to files.
2015-05-24 05:13:40,647 null [INFO] (../src/fwidbmgr.cpp:5496) action exportidx took about 8 seconds.
2015-05-24 05:13:40,647 null [INFO] (../src/fwidbmgr.cpp:5499) Disconnected from database.
