2019-09-28 05:05:03,336 null [INFO] (../src/fwidbmgr.cpp:5361) fwi db manager
2019-09-28 05:05:03,336 null [INFO] (../src/fwidbmgr.cpp:5365) Program home: /home/meteo/dev/redist/fwidbmgr
2019-09-28 05:05:03,336 null [INFO] (../src/fwidbmgr.cpp:5369) Auto convert: 1
2019-09-28 05:05:03,336 null [INFO] (../src/fwidbmgr.cpp:446) action: in.
2019-09-28 05:05:03,336 null [INFO] (../src/fwidbmgr.cpp:470) date: 20190927.
2019-09-28 05:05:03,336 null [INFO] (../src/fwidbmgr.cpp:322) Try to read: /home/meteo/dev/redist/fwidbmgr/config/fwidbmgr.conf.
2019-09-28 05:05:03,340 null [INFO] (../src/fwidbmgr.cpp:5393) Configuration parsing: OK.
2019-09-28 05:05:03,342 null [INFO] (../src/fwidbmgr.cpp:5478) Connected to database
2019-09-28 05:05:03,342 null [INFO] (../src/fwidbmgr.cpp:5480) Manage data for date: 20190927.
2019-09-28 05:05:03,343 null [INFO] (../src/fwidbmgr.cpp:5536) Importing meteo data in database for day: 20190927.
2019-09-28 05:05:03,345 null [INFO] (/home/meteo/dev/redist/fwidbmgr/include/Grid.h:1595) Configuring grid: snow
2019-09-28 05:05:03,345 null [INFO] (/home/meteo/dev/redist/fwidbmgr/include/Grid.h:1695) Grid snow configured.
2019-09-28 05:05:03,356 null [INFO] (/home/meteo/dev/redist/fwidbmgr/include/Grid.h:1595) Configuring grid: snow_covering
2019-09-28 05:05:03,356 null [INFO] (/home/meteo/dev/redist/fwidbmgr/include/Grid.h:1695) Grid snow_covering configured.
2019-09-28 05:05:03,364 null [INFO] (/home/meteo/dev/redist/fwidbmgr/include/Grid.h:1595) Configuring grid: snow_dissolution
2019-09-28 05:05:03,364 null [INFO] (/home/meteo/dev/redist/fwidbmgr/include/Grid.h:1695) Grid snow_dissolution configured.
2019-09-28 05:05:03,380 null [INFO] (/home/meteo/dev/redist/fwidbmgr/include/Grid.h:1595) Configuring grid: temperature
2019-09-28 05:05:03,380 null [INFO] (/home/meteo/dev/redist/fwidbmgr/include/Grid.h:1695) Grid temperature configured.
2019-09-28 05:05:03,382 null [INFO] (/home/meteo/dev/redist/fwidbmgr/include/Grid.h:1595) Configuring grid: humidity
2019-09-28 05:05:03,382 null [INFO] (/home/meteo/dev/redist/fwidbmgr/include/Grid.h:1695) Grid humidity configured.
2019-09-28 05:05:03,385 null [INFO] (/home/meteo/dev/redist/fwidbmgr/include/Grid.h:1595) Configuring grid: windspeed
2019-09-28 05:05:03,385 null [INFO] (/home/meteo/dev/redist/fwidbmgr/include/Grid.h:1695) Grid windspeed configured.
2019-09-28 05:05:03,391 null [INFO] (/home/meteo/dev/redist/fwidbmgr/include/Grid.h:1595) Configuring grid: rain
2019-09-28 05:05:03,392 null [INFO] (/home/meteo/dev/redist/fwidbmgr/include/Grid.h:1695) Grid rain configured.
2019-09-28 05:05:03,394 null [INFO] (/home/meteo/dev/redist/fwidbmgr/include/Grid.h:1595) Configuring grid: cum_rain
2019-09-28 05:05:03,394 null [INFO] (/home/meteo/dev/redist/fwidbmgr/include/Grid.h:1695) Grid cum_rain configured.
2019-09-28 05:05:13,554 null [INFO] (../src/fwidbmgr.cpp:1518) Storing meteo input ...
2019-09-28 05:05:28,845 null [INFO] (../src/fwidbmgr.cpp:5540) OK --> 20190927 data imported.
2019-09-28 05:05:28,854 null [INFO] (../src/fwidbmgr.cpp:5695) action in took about 25 seconds.
2019-09-28 05:05:28,865 null [INFO] (../src/fwidbmgr.cpp:5699) Disconnected from database.
2019-09-28 05:06:05,716 null [INFO] (../src/fwidbmgr.cpp:5361) fwi db manager
2019-09-28 05:06:05,716 null [INFO] (../src/fwidbmgr.cpp:5365) Program home: /home/meteo/dev/redist/fwidbmgr
2019-09-28 05:06:05,716 null [INFO] (../src/fwidbmgr.cpp:5369) Auto convert: 1
2019-09-28 05:06:05,716 null [INFO] (../src/fwidbmgr.cpp:446) action: out.
2019-09-28 05:06:05,716 null [INFO] (../src/fwidbmgr.cpp:470) date: 20190927.
2019-09-28 05:06:05,716 null [INFO] (../src/fwidbmgr.cpp:322) Try to read: /home/meteo/dev/redist/fwidbmgr/config/fwidbmgr.conf.
2019-09-28 05:06:05,740 null [INFO] (../src/fwidbmgr.cpp:5393) Configuration parsing: OK.
2019-09-28 05:06:05,742 null [INFO] (../src/fwidbmgr.cpp:5478) Connected to database
2019-09-28 05:06:05,742 null [INFO] (../src/fwidbmgr.cpp:5480) Manage data for date: 20190927.
2019-09-28 05:06:05,742 null [INFO] (../src/fwidbmgr.cpp:5551) Importing fwi indexes data in database for day: 20190927.
2019-09-28 05:06:05,744 null [INFO] (/home/meteo/dev/redist/fwidbmgr/include/Grid.h:1595) Configuring grid: isi
2019-09-28 05:06:05,744 null [INFO] (/home/meteo/dev/redist/fwidbmgr/include/Grid.h:1695) Grid isi configured.
2019-09-28 05:06:05,751 null [INFO] (/home/meteo/dev/redist/fwidbmgr/include/Grid.h:1595) Configuring grid: fwi
2019-09-28 05:06:05,751 null [INFO] (/home/meteo/dev/redist/fwidbmgr/include/Grid.h:1695) Grid fwi configured.
2019-09-28 05:06:05,759 null [INFO] (/home/meteo/dev/redist/fwidbmgr/include/Grid.h:1595) Configuring grid: ffmc
2019-09-28 05:06:05,760 null [INFO] (/home/meteo/dev/redist/fwidbmgr/include/Grid.h:1695) Grid ffmc configured.
2019-09-28 05:06:05,771 null [INFO] (/home/meteo/dev/redist/fwidbmgr/include/Grid.h:1595) Configuring grid: dmc
2019-09-28 05:06:05,771 null [INFO] (/home/meteo/dev/redist/fwidbmgr/include/Grid.h:1695) Grid dmc configured.
2019-09-28 05:06:05,778 null [INFO] (/home/meteo/dev/redist/fwidbmgr/include/Grid.h:1595) Configuring grid: dc
2019-09-28 05:06:05,778 null [INFO] (/home/meteo/dev/redist/fwidbmgr/include/Grid.h:1695) Grid dc configured.
2019-09-28 05:06:05,785 null [INFO] (/home/meteo/dev/redist/fwidbmgr/include/Grid.h:1595) Configuring grid: bui
2019-09-28 05:06:05,785 null [INFO] (/home/meteo/dev/redist/fwidbmgr/include/Grid.h:1695) Grid bui configured.
2019-09-28 05:06:05,793 null [INFO] (/home/meteo/dev/redist/fwidbmgr/include/Grid.h:1595) Configuring grid: ffmc_tmp
2019-09-28 05:06:05,793 null [INFO] (/home/meteo/dev/redist/fwidbmgr/include/Grid.h:1695) Grid ffmc_tmp configured.
2019-09-28 05:06:05,827 null [INFO] (/home/meteo/dev/redist/fwidbmgr/include/Grid.h:1595) Configuring grid: dmc_tmp
2019-09-28 05:06:05,828 null [INFO] (/home/meteo/dev/redist/fwidbmgr/include/Grid.h:1695) Grid dmc_tmp configured.
2019-09-28 05:06:05,841 null [INFO] (/home/meteo/dev/redist/fwidbmgr/include/Grid.h:1595) Configuring grid: dc_tmp
2019-09-28 05:06:05,841 null [INFO] (/home/meteo/dev/redist/fwidbmgr/include/Grid.h:1695) Grid dc_tmp configured.
2019-09-28 05:06:05,855 null [INFO] (/home/meteo/dev/redist/fwidbmgr/include/Grid.h:1595) Configuring grid: idi
2019-09-28 05:06:05,856 null [INFO] (/home/meteo/dev/redist/fwidbmgr/include/Grid.h:1695) Grid idi configured.
2019-09-28 05:06:18,259 null [INFO] (../src/fwidbmgr.cpp:2081) Storing FWI indexes ...
2019-09-28 05:06:39,184 null [INFO] (../src/fwidbmgr.cpp:5555) OK --> 20190927 data imported.
2019-09-28 05:06:39,185 null [INFO] (../src/fwidbmgr.cpp:5695) action out took about 34 seconds.
2019-09-28 05:06:39,186 null [INFO] (../src/fwidbmgr.cpp:5699) Disconnected from database.
2019-09-28 05:06:39,423 null [INFO] (../src/fwidbmgr.cpp:5361) fwi db manager
2019-09-28 05:06:39,423 null [INFO] (../src/fwidbmgr.cpp:5365) Program home: /home/meteo/dev/redist/fwidbmgr
2019-09-28 05:06:39,423 null [INFO] (../src/fwidbmgr.cpp:5369) Auto convert: 1
2019-09-28 05:06:39,423 null [INFO] (../src/fwidbmgr.cpp:446) action: computeidx.
2019-09-28 05:06:39,423 null [INFO] (../src/fwidbmgr.cpp:470) date: 20190927.
2019-09-28 05:06:39,423 null [INFO] (../src/fwidbmgr.cpp:322) Try to read: /home/meteo/dev/redist/fwidbmgr/config/fwidbmgr.conf.
2019-09-28 05:06:39,425 null [INFO] (../src/fwidbmgr.cpp:5393) Configuration parsing: OK.
2019-09-28 05:06:39,434 null [INFO] (../src/fwidbmgr.cpp:5478) Connected to database
2019-09-28 05:06:39,434 null [INFO] (../src/fwidbmgr.cpp:5480) Manage data for date: 20190927.
2019-09-28 05:06:39,434 null [INFO] (../src/fwidbmgr.cpp:5656) Computing indexes.
2019-09-28 05:06:39,436 null [INFO] (/home/meteo/dev/redist/fwidbmgr/include/Grid.h:1595) Configuring grid: isi
2019-09-28 05:06:39,436 null [INFO] (/home/meteo/dev/redist/fwidbmgr/include/Grid.h:1695) Grid isi configured.
2019-09-28 05:06:39,437 null [INFO] (/home/meteo/dev/redist/fwidbmgr/include/Grid.h:1595) Configuring grid: fwi
2019-09-28 05:06:39,437 null [INFO] (/home/meteo/dev/redist/fwidbmgr/include/Grid.h:1695) Grid fwi configured.
2019-09-28 05:06:39,439 null [INFO] (/home/meteo/dev/redist/fwidbmgr/include/Grid.h:1595) Configuring grid: ffmc
2019-09-28 05:06:39,439 null [INFO] (/home/meteo/dev/redist/fwidbmgr/include/Grid.h:1695) Grid ffmc configured.
2019-09-28 05:06:39,440 null [INFO] (/home/meteo/dev/redist/fwidbmgr/include/Grid.h:1595) Configuring grid: dmc
2019-09-28 05:06:39,440 null [INFO] (/home/meteo/dev/redist/fwidbmgr/include/Grid.h:1695) Grid dmc configured.
2019-09-28 05:06:39,441 null [INFO] (/home/meteo/dev/redist/fwidbmgr/include/Grid.h:1595) Configuring grid: dc
2019-09-28 05:06:39,441 null [INFO] (/home/meteo/dev/redist/fwidbmgr/include/Grid.h:1695) Grid dc configured.
2019-09-28 05:06:39,443 null [INFO] (/home/meteo/dev/redist/fwidbmgr/include/Grid.h:1595) Configuring grid: bui
2019-09-28 05:06:39,443 null [INFO] (/home/meteo/dev/redist/fwidbmgr/include/Grid.h:1695) Grid bui configured.
2019-09-28 05:06:39,444 null [INFO] (/home/meteo/dev/redist/fwidbmgr/include/Grid.h:1595) Configuring grid: ffmc_tmp
2019-09-28 05:06:39,444 null [INFO] (/home/meteo/dev/redist/fwidbmgr/include/Grid.h:1695) Grid ffmc_tmp configured.
2019-09-28 05:06:39,446 null [INFO] (/home/meteo/dev/redist/fwidbmgr/include/Grid.h:1595) Configuring grid: dmc_tmp
2019-09-28 05:06:39,446 null [INFO] (/home/meteo/dev/redist/fwidbmgr/include/Grid.h:1695) Grid dmc_tmp configured.
2019-09-28 05:06:39,447 null [INFO] (/home/meteo/dev/redist/fwidbmgr/include/Grid.h:1595) Configuring grid: dc_tmp
2019-09-28 05:06:39,447 null [INFO] (/home/meteo/dev/redist/fwidbmgr/include/Grid.h:1695) Grid dc_tmp configured.
2019-09-28 05:06:39,448 null [INFO] (/home/meteo/dev/redist/fwidbmgr/include/Grid.h:1595) Configuring grid: idi
2019-09-28 05:06:39,448 null [INFO] (/home/meteo/dev/redist/fwidbmgr/include/Grid.h:1695) Grid idi configured.
2019-09-28 05:06:39,449 null [INFO] (/home/meteo/dev/redist/fwidbmgr/include/Grid.h:1595) Configuring grid: angstrom
2019-09-28 05:06:39,449 null [INFO] (/home/meteo/dev/redist/fwidbmgr/include/Grid.h:1695) Grid angstrom configured.
2019-09-28 05:06:39,450 null [INFO] (/home/meteo/dev/redist/fwidbmgr/include/Grid.h:1595) Configuring grid: fmi
2019-09-28 05:06:39,450 null [INFO] (/home/meteo/dev/redist/fwidbmgr/include/Grid.h:1695) Grid fmi configured.
2019-09-28 05:06:39,451 null [INFO] (/home/meteo/dev/redist/fwidbmgr/include/Grid.h:1595) Configuring grid: sharples
2019-09-28 05:06:39,451 null [INFO] (/home/meteo/dev/redist/fwidbmgr/include/Grid.h:1695) Grid sharples configured.
2019-09-28 05:06:48,722 null [INFO] (/home/meteo/dev/redist/fwidbmgr/include/Grid.h:1595) Configuring grid: snow
2019-09-28 05:06:48,723 null [INFO] (/home/meteo/dev/redist/fwidbmgr/include/Grid.h:1695) Grid snow configured.
2019-09-28 05:06:48,723 null [INFO] (/home/meteo/dev/redist/fwidbmgr/include/Grid.h:1595) Configuring grid: snow_covering
2019-09-28 05:06:48,723 null [INFO] (/home/meteo/dev/redist/fwidbmgr/include/Grid.h:1695) Grid snow_covering configured.
2019-09-28 05:06:48,723 null [INFO] (/home/meteo/dev/redist/fwidbmgr/include/Grid.h:1595) Configuring grid: snow_dissolution
2019-09-28 05:06:48,723 null [INFO] (/home/meteo/dev/redist/fwidbmgr/include/Grid.h:1695) Grid snow_dissolution configured.
2019-09-28 05:06:48,723 null [INFO] (/home/meteo/dev/redist/fwidbmgr/include/Grid.h:1595) Configuring grid: temperature
2019-09-28 05:06:48,723 null [INFO] (/home/meteo/dev/redist/fwidbmgr/include/Grid.h:1695) Grid temperature configured.
2019-09-28 05:06:48,723 null [INFO] (/home/meteo/dev/redist/fwidbmgr/include/Grid.h:1595) Configuring grid: humidity
2019-09-28 05:06:48,723 null [INFO] (/home/meteo/dev/redist/fwidbmgr/include/Grid.h:1695) Grid humidity configured.
2019-09-28 05:06:48,723 null [INFO] (/home/meteo/dev/redist/fwidbmgr/include/Grid.h:1595) Configuring grid: windspeed
2019-09-28 05:06:48,723 null [INFO] (/home/meteo/dev/redist/fwidbmgr/include/Grid.h:1695) Grid windspeed configured.
2019-09-28 05:06:48,723 null [INFO] (/home/meteo/dev/redist/fwidbmgr/include/Grid.h:1595) Configuring grid: rain
2019-09-28 05:06:48,723 null [INFO] (/home/meteo/dev/redist/fwidbmgr/include/Grid.h:1695) Grid rain configured.
2019-09-28 05:06:48,723 null [INFO] (/home/meteo/dev/redist/fwidbmgr/include/Grid.h:1595) Configuring grid: cum_rain
2019-09-28 05:06:48,723 null [INFO] (/home/meteo/dev/redist/fwidbmgr/include/Grid.h:1695) Grid cum_rain configured.
2019-09-28 05:08:07,702 null [INFO] (../src/fwidbmgr.cpp:5660) OK --> 20190927 indexes computed.
2019-09-28 05:08:07,702 null [INFO] (../src/fwidbmgr.cpp:5695) action computeidx took about 88 seconds.
2019-09-28 05:08:07,702 null [INFO] (../src/fwidbmgr.cpp:5699) Disconnected from database.
2019-09-28 05:08:07,770 null [INFO] (../src/fwidbmgr.cpp:5361) fwi db manager
2019-09-28 05:08:07,770 null [INFO] (../src/fwidbmgr.cpp:5365) Program home: /home/meteo/dev/redist/fwidbmgr
2019-09-28 05:08:07,770 null [INFO] (../src/fwidbmgr.cpp:5369) Auto convert: 1
2019-09-28 05:08:07,770 null [INFO] (../src/fwidbmgr.cpp:446) action: exportidx.
2019-09-28 05:08:07,770 null [INFO] (../src/fwidbmgr.cpp:470) date: 20190927.
2019-09-28 05:08:07,770 null [INFO] (../src/fwidbmgr.cpp:322) Try to read: /home/meteo/dev/redist/fwidbmgr/config/fwidbmgr.conf.
2019-09-28 05:08:07,772 null [INFO] (../src/fwidbmgr.cpp:5393) Configuration parsing: OK.
2019-09-28 05:08:07,776 null [INFO] (../src/fwidbmgr.cpp:5478) Connected to database
2019-09-28 05:08:07,776 null [INFO] (../src/fwidbmgr.cpp:5480) Manage data for date: 20190927.
2019-09-28 05:08:07,776 null [INFO] (../src/fwidbmgr.cpp:5596) Exporting indexes.
2019-09-28 05:08:07,779 null [INFO] (/home/meteo/dev/redist/fwidbmgr/include/Grid.h:1595) Configuring grid: isi
2019-09-28 05:08:07,779 null [INFO] (/home/meteo/dev/redist/fwidbmgr/include/Grid.h:1695) Grid isi configured.
2019-09-28 05:08:07,782 null [INFO] (/home/meteo/dev/redist/fwidbmgr/include/Grid.h:1595) Configuring grid: fwi
2019-09-28 05:08:07,782 null [INFO] (/home/meteo/dev/redist/fwidbmgr/include/Grid.h:1695) Grid fwi configured.
2019-09-28 05:08:07,785 null [INFO] (/home/meteo/dev/redist/fwidbmgr/include/Grid.h:1595) Configuring grid: ffmc
2019-09-28 05:08:07,785 null [INFO] (/home/meteo/dev/redist/fwidbmgr/include/Grid.h:1695) Grid ffmc configured.
2019-09-28 05:08:07,789 null [INFO] (/home/meteo/dev/redist/fwidbmgr/include/Grid.h:1595) Configuring grid: dmc
2019-09-28 05:08:07,789 null [INFO] (/home/meteo/dev/redist/fwidbmgr/include/Grid.h:1695) Grid dmc configured.
2019-09-28 05:08:07,792 null [INFO] (/home/meteo/dev/redist/fwidbmgr/include/Grid.h:1595) Configuring grid: dc
2019-09-28 05:08:07,792 null [INFO] (/home/meteo/dev/redist/fwidbmgr/include/Grid.h:1695) Grid dc configured.
2019-09-28 05:08:07,793 null [INFO] (/home/meteo/dev/redist/fwidbmgr/include/Grid.h:1595) Configuring grid: bui
2019-09-28 05:08:07,793 null [INFO] (/home/meteo/dev/redist/fwidbmgr/include/Grid.h:1695) Grid bui configured.
2019-09-28 05:08:07,794 null [INFO] (/home/meteo/dev/redist/fwidbmgr/include/Grid.h:1595) Configuring grid: ffmc_tmp
2019-09-28 05:08:07,794 null [INFO] (/home/meteo/dev/redist/fwidbmgr/include/Grid.h:1695) Grid ffmc_tmp configured.
2019-09-28 05:08:07,795 null [INFO] (/home/meteo/dev/redist/fwidbmgr/include/Grid.h:1595) Configuring grid: dmc_tmp
2019-09-28 05:08:07,795 null [INFO] (/home/meteo/dev/redist/fwidbmgr/include/Grid.h:1695) Grid dmc_tmp configured.
2019-09-28 05:08:07,796 null [INFO] (/home/meteo/dev/redist/fwidbmgr/include/Grid.h:1595) Configuring grid: dc_tmp
2019-09-28 05:08:07,796 null [INFO] (/home/meteo/dev/redist/fwidbmgr/include/Grid.h:1695) Grid dc_tmp configured.
2019-09-28 05:08:07,797 null [INFO] (/home/meteo/dev/redist/fwidbmgr/include/Grid.h:1595) Configuring grid: idi
2019-09-28 05:08:07,797 null [INFO] (/home/meteo/dev/redist/fwidbmgr/include/Grid.h:1695) Grid idi configured.
2019-09-28 05:08:07,798 null [INFO] (/home/meteo/dev/redist/fwidbmgr/include/Grid.h:1595) Configuring grid: angstrom
2019-09-28 05:08:07,798 null [INFO] (/home/meteo/dev/redist/fwidbmgr/include/Grid.h:1695) Grid angstrom configured.
2019-09-28 05:08:07,799 null [INFO] (/home/meteo/dev/redist/fwidbmgr/include/Grid.h:1595) Configuring grid: fmi
2019-09-28 05:08:07,799 null [INFO] (/home/meteo/dev/redist/fwidbmgr/include/Grid.h:1695) Grid fmi configured.
2019-09-28 05:08:07,800 null [INFO] (/home/meteo/dev/redist/fwidbmgr/include/Grid.h:1595) Configuring grid: sharples
2019-09-28 05:08:07,800 null [INFO] (/home/meteo/dev/redist/fwidbmgr/include/Grid.h:1695) Grid sharples configured.
2019-09-28 05:08:13,218 null [INFO] (/home/meteo/dev/redist/fwidbmgr/include/Grid.h:1595) Configuring grid: isi
2019-09-28 05:08:13,218 null [INFO] (/home/meteo/dev/redist/fwidbmgr/include/Grid.h:1695) Grid isi configured.
2019-09-28 05:08:13,241 null [INFO] (/home/meteo/dev/redist/fwidbmgr/include/Grid.h:1595) Configuring grid: fwi
2019-09-28 05:08:13,241 null [INFO] (/home/meteo/dev/redist/fwidbmgr/include/Grid.h:1695) Grid fwi configured.
2019-09-28 05:08:13,262 null [INFO] (/home/meteo/dev/redist/fwidbmgr/include/Grid.h:1595) Configuring grid: ffmc
2019-09-28 05:08:13,262 null [INFO] (/home/meteo/dev/redist/fwidbmgr/include/Grid.h:1695) Grid ffmc configured.
2019-09-28 05:08:13,285 null [INFO] (/home/meteo/dev/redist/fwidbmgr/include/Grid.h:1595) Configuring grid: dmc
2019-09-28 05:08:13,285 null [INFO] (/home/meteo/dev/redist/fwidbmgr/include/Grid.h:1695) Grid dmc configured.
2019-09-28 05:08:13,306 null [INFO] (/home/meteo/dev/redist/fwidbmgr/include/Grid.h:1595) Configuring grid: dc
2019-09-28 05:08:13,306 null [INFO] (/home/meteo/dev/redist/fwidbmgr/include/Grid.h:1695) Grid dc configured.
2019-09-28 05:08:13,327 null [INFO] (/home/meteo/dev/redist/fwidbmgr/include/Grid.h:1595) Configuring grid: bui
2019-09-28 05:08:13,327 null [INFO] (/home/meteo/dev/redist/fwidbmgr/include/Grid.h:1695) Grid bui configured.
2019-09-28 05:08:13,348 null [INFO] (/home/meteo/dev/redist/fwidbmgr/include/Grid.h:1595) Configuring grid: ffmc_tmp
2019-09-28 05:08:13,348 null [INFO] (/home/meteo/dev/redist/fwidbmgr/include/Grid.h:1695) Grid ffmc_tmp configured.
2019-09-28 05:08:13,370 null [INFO] (/home/meteo/dev/redist/fwidbmgr/include/Grid.h:1595) Configuring grid: dmc_tmp
2019-09-28 05:08:13,370 null [INFO] (/home/meteo/dev/redist/fwidbmgr/include/Grid.h:1695) Grid dmc_tmp configured.
2019-09-28 05:08:13,391 null [INFO] (/home/meteo/dev/redist/fwidbmgr/include/Grid.h:1595) Configuring grid: dc_tmp
2019-09-28 05:08:13,391 null [INFO] (/home/meteo/dev/redist/fwidbmgr/include/Grid.h:1695) Grid dc_tmp configured.
2019-09-28 05:08:13,413 null [INFO] (/home/meteo/dev/redist/fwidbmgr/include/Grid.h:1595) Configuring grid: angstrom
2019-09-28 05:08:13,413 null [INFO] (/home/meteo/dev/redist/fwidbmgr/include/Grid.h:1695) Grid angstrom configured.
2019-09-28 05:08:13,450 null [INFO] (/home/meteo/dev/redist/fwidbmgr/include/Grid.h:1595) Configuring grid: sharples
2019-09-28 05:08:13,450 null [INFO] (/home/meteo/dev/redist/fwidbmgr/include/Grid.h:1695) Grid sharples configured.
2019-09-28 05:08:13,470 null [INFO] (/home/meteo/dev/redist/fwidbmgr/include/Grid.h:1595) Configuring grid: fmi
2019-09-28 05:08:13,470 null [INFO] (/home/meteo/dev/redist/fwidbmgr/include/Grid.h:1695) Grid fmi configured.
2019-09-28 05:08:13,490 null [INFO] (../src/fwidbmgr.cpp:5600) OK --> 20190927 indexes exported to files.
2019-09-28 05:08:13,490 null [INFO] (../src/fwidbmgr.cpp:5695) action exportidx took about 6 seconds.
2019-09-28 05:08:13,490 null [INFO] (../src/fwidbmgr.cpp:5699) Disconnected from database.
2019-09-28 05:08:27,928 null [INFO] (../src/fwidbmgr.cpp:5361) fwi db manager
2019-09-28 05:08:27,928 null [INFO] (../src/fwidbmgr.cpp:5365) Program home: /home/meteo/dev/redist/fwidbmgr
2019-09-28 05:08:27,928 null [INFO] (../src/fwidbmgr.cpp:5369) Auto convert: 1
2019-09-28 05:08:27,928 null [INFO] (../src/fwidbmgr.cpp:446) action: outimg.
2019-09-28 05:08:27,928 null [INFO] (../src/fwidbmgr.cpp:470) date: 20190927.
2019-09-28 05:08:27,928 null [INFO] (../src/fwidbmgr.cpp:322) Try to read: /home/meteo/dev/redist/fwidbmgr/config/fwidbmgr.conf.
2019-09-28 05:08:27,930 null [INFO] (../src/fwidbmgr.cpp:5393) Configuration parsing: OK.
2019-09-28 05:08:27,933 null [INFO] (../src/fwidbmgr.cpp:5478) Connected to database
2019-09-28 05:08:27,933 null [INFO] (../src/fwidbmgr.cpp:5480) Manage data for date: 20190927.
2019-09-28 05:08:27,933 null [INFO] (../src/fwidbmgr.cpp:5566) Importing fwi indexes images in database.
2019-09-28 05:08:28,020 null [INFO] (../src/fwidbmgr.cpp:5570) OK --> 20190927 images imported.
2019-09-28 05:08:28,021 null [INFO] (../src/fwidbmgr.cpp:5695) action outimg took about 1 seconds.
2019-09-28 05:08:28,021 null [INFO] (../src/fwidbmgr.cpp:5699) Disconnected from database.
2019-09-28 05:37:01,318 null [INFO] (../src/fwidbmgr.cpp:5361) fwi db manager
2019-09-28 05:37:01,318 null [INFO] (../src/fwidbmgr.cpp:5365) Program home: /home/meteo/dev/redist/fwidbmgr
2019-09-28 05:37:01,318 null [INFO] (../src/fwidbmgr.cpp:5369) Auto convert: 1
2019-09-28 05:37:01,318 null [INFO] (../src/fwidbmgr.cpp:446) action: outimg.
2019-09-28 05:37:01,318 null [INFO] (../src/fwidbmgr.cpp:470) date: 20190927.
2019-09-28 05:37:01,318 null [INFO] (../src/fwidbmgr.cpp:322) Try to read: /home/meteo/dev/redist/fwidbmgr/config/fwidbmgr.conf.
2019-09-28 05:37:01,319 null [INFO] (../src/fwidbmgr.cpp:5393) Configuration parsing: OK.
2019-09-28 05:37:01,323 null [INFO] (../src/fwidbmgr.cpp:5478) Connected to database
2019-09-28 05:37:01,324 null [INFO] (../src/fwidbmgr.cpp:5480) Manage data for date: 20190927.
2019-09-28 05:37:01,324 null [INFO] (../src/fwidbmgr.cpp:5566) Importing fwi indexes images in database.
2019-09-28 05:37:01,365 null [INFO] (../src/fwidbmgr.cpp:5570) OK --> 20190927 images imported.
2019-09-28 05:37:01,365 null [INFO] (../src/fwidbmgr.cpp:5695) action outimg took about 0 seconds.
2019-09-28 05:37:01,366 null [INFO] (../src/fwidbmgr.cpp:5699) Disconnected from database.
2019-09-28 06:05:01,475 null [INFO] (../src/fwidbmgr.cpp:5361) fwi db manager
2019-09-28 06:05:01,475 null [INFO] (../src/fwidbmgr.cpp:5365) Program home: /home/meteo/dev/redist/fwidbmgr
2019-09-28 06:05:01,475 null [INFO] (../src/fwidbmgr.cpp:5369) Auto convert: 1
2019-09-28 06:05:01,475 null [INFO] (../src/fwidbmgr.cpp:446) action: outimg.
2019-09-28 06:05:01,475 null [INFO] (../src/fwidbmgr.cpp:470) date: 20190927.
2019-09-28 06:05:01,475 null [INFO] (../src/fwidbmgr.cpp:322) Try to read: /home/meteo/dev/redist/fwidbmgr/config/fwidbmgr.conf.
2019-09-28 06:05:01,477 null [INFO] (../src/fwidbmgr.cpp:5393) Configuration parsing: OK.
2019-09-28 06:05:01,481 null [INFO] (../src/fwidbmgr.cpp:5478) Connected to database
2019-09-28 06:05:01,481 null [INFO] (../src/fwidbmgr.cpp:5480) Manage data for date: 20190927.
2019-09-28 06:05:01,481 null [INFO] (../src/fwidbmgr.cpp:5566) Importing fwi indexes images in database.
2019-09-28 06:05:01,526 null [INFO] (../src/fwidbmgr.cpp:5570) OK --> 20190927 images imported.
2019-09-28 06:05:01,526 null [INFO] (../src/fwidbmgr.cpp:5695) action outimg took about 0 seconds.
2019-09-28 06:05:01,526 null [INFO] (../src/fwidbmgr.cpp:5699) Disconnected from database.
2019-09-28 06:37:01,624 null [INFO] (../src/fwidbmgr.cpp:5361) fwi db manager
2019-09-28 06:37:01,624 null [INFO] (../src/fwidbmgr.cpp:5365) Program home: /home/meteo/dev/redist/fwidbmgr
2019-09-28 06:37:01,624 null [INFO] (../src/fwidbmgr.cpp:5369) Auto convert: 1
2019-09-28 06:37:01,624 null [INFO] (../src/fwidbmgr.cpp:446) action: outimg.
2019-09-28 06:37:01,624 null [INFO] (../src/fwidbmgr.cpp:470) date: 20190927.
2019-09-28 06:37:01,624 null [INFO] (../src/fwidbmgr.cpp:322) Try to read: /home/meteo/dev/redist/fwidbmgr/config/fwidbmgr.conf.
2019-09-28 06:37:01,625 null [INFO] (../src/fwidbmgr.cpp:5393) Configuration parsing: OK.
2019-09-28 06:37:01,629 null [INFO] (../src/fwidbmgr.cpp:5478) Connected to database
2019-09-28 06:37:01,629 null [INFO] (../src/fwidbmgr.cpp:5480) Manage data for date: 20190927.
2019-09-28 06:37:01,629 null [INFO] (../src/fwidbmgr.cpp:5566) Importing fwi indexes images in database.
2019-09-28 06:37:01,665 null [INFO] (../src/fwidbmgr.cpp:5570) OK --> 20190927 images imported.
2019-09-28 06:37:01,665 null [INFO] (../src/fwidbmgr.cpp:5695) action outimg took about 0 seconds.
2019-09-28 06:37:01,665 null [INFO] (../src/fwidbmgr.cpp:5699) Disconnected from database.
2019-09-28 07:05:01,288 null [INFO] (../src/fwidbmgr.cpp:5361) fwi db manager
2019-09-28 07:05:01,288 null [INFO] (../src/fwidbmgr.cpp:5365) Program home: /home/meteo/dev/redist/fwidbmgr
2019-09-28 07:05:01,288 null [INFO] (../src/fwidbmgr.cpp:5369) Auto convert: 1
2019-09-28 07:05:01,288 null [INFO] (../src/fwidbmgr.cpp:446) action: outimg.
2019-09-28 07:05:01,288 null [INFO] (../src/fwidbmgr.cpp:470) date: 20190927.
2019-09-28 07:05:01,289 null [INFO] (../src/fwidbmgr.cpp:322) Try to read: /home/meteo/dev/redist/fwidbmgr/config/fwidbmgr.conf.
2019-09-28 07:05:01,289 null [INFO] (../src/fwidbmgr.cpp:5393) Configuration parsing: OK.
2019-09-28 07:05:01,294 null [INFO] (../src/fwidbmgr.cpp:5478) Connected to database
2019-09-28 07:05:01,295 null [INFO] (../src/fwidbmgr.cpp:5480) Manage data for date: 20190927.
2019-09-28 07:05:01,295 null [INFO] (../src/fwidbmgr.cpp:5566) Importing fwi indexes images in database.
2019-09-28 07:05:01,341 null [INFO] (../src/fwidbmgr.cpp:5570) OK --> 20190927 images imported.
2019-09-28 07:05:01,341 null [INFO] (../src/fwidbmgr.cpp:5695) action outimg took about 0 seconds.
2019-09-28 07:05:01,341 null [INFO] (../src/fwidbmgr.cpp:5699) Disconnected from database.
2019-09-28 07:37:01,446 null [INFO] (../src/fwidbmgr.cpp:5361) fwi db manager
2019-09-28 07:37:01,446 null [INFO] (../src/fwidbmgr.cpp:5365) Program home: /home/meteo/dev/redist/fwidbmgr
2019-09-28 07:37:01,446 null [INFO] (../src/fwidbmgr.cpp:5369) Auto convert: 1
2019-09-28 07:37:01,446 null [INFO] (../src/fwidbmgr.cpp:446) action: outimg.
2019-09-28 07:37:01,447 null [INFO] (../src/fwidbmgr.cpp:470) date: 20190927.
2019-09-28 07:37:01,447 null [INFO] (../src/fwidbmgr.cpp:322) Try to read: /home/meteo/dev/redist/fwidbmgr/config/fwidbmgr.conf.
2019-09-28 07:37:01,448 null [INFO] (../src/fwidbmgr.cpp:5393) Configuration parsing: OK.
2019-09-28 07:37:01,451 null [INFO] (../src/fwidbmgr.cpp:5478) Connected to database
2019-09-28 07:37:01,452 null [INFO] (../src/fwidbmgr.cpp:5480) Manage data for date: 20190927.
2019-09-28 07:37:01,452 null [INFO] (../src/fwidbmgr.cpp:5566) Importing fwi indexes images in database.
2019-09-28 07:37:01,488 null [INFO] (../src/fwidbmgr.cpp:5570) OK --> 20190927 images imported.
2019-09-28 07:37:01,488 null [INFO] (../src/fwidbmgr.cpp:5695) action outimg took about 0 seconds.
2019-09-28 07:37:01,489 null [INFO] (../src/fwidbmgr.cpp:5699) Disconnected from database.
