2015-08-25 05:07:09,966 null [INFO] (../src/fwidbmgr.cpp:5207) fwi db manager
2015-08-25 05:07:09,980 null [INFO] (../src/fwidbmgr.cpp:5209) Program home: /home/meteo/dev/redist/fwidbmgr
2015-08-25 05:07:09,980 null [INFO] (../src/fwidbmgr.cpp:5211) Auto convert: 1
2015-08-25 05:07:09,980 null [INFO] (../src/fwidbmgr.cpp:458) action: in.
2015-08-25 05:07:09,980 null [INFO] (../src/fwidbmgr.cpp:482) date: 20150824.
2015-08-25 05:07:09,980 null [INFO] (../src/fwidbmgr.cpp:319) Try to read: /home/meteo/dev/redist/fwidbmgr/config/fwidbmgr.conf.
2015-08-25 05:07:09,996 null [INFO] (../src/fwidbmgr.cpp:5240) Configuration parsing: OK.
2015-08-25 05:07:11,434 null [INFO] (../src/fwidbmgr.cpp:5322) Connected to database
2015-08-25 05:07:11,435 null [INFO] (../src/fwidbmgr.cpp:5323) Manage data for date: 20150824.
2015-08-25 05:07:11,435 null [INFO] (../src/fwidbmgr.cpp:5367) Importing meteo data in database for day: 20150824.
2015-08-25 05:07:11,436 null [INFO] (/home/meteo/dev/redist/fwidbmgr/include/Grid.h:1595) Configuring grid: snow
2015-08-25 05:07:11,436 null [INFO] (/home/meteo/dev/redist/fwidbmgr/include/Grid.h:1695) Grid snow configured.
2015-08-25 05:07:11,447 null [INFO] (/home/meteo/dev/redist/fwidbmgr/include/Grid.h:1595) Configuring grid: snow_covering
2015-08-25 05:07:11,448 null [INFO] (/home/meteo/dev/redist/fwidbmgr/include/Grid.h:1695) Grid snow_covering configured.
2015-08-25 05:07:11,460 null [INFO] (/home/meteo/dev/redist/fwidbmgr/include/Grid.h:1595) Configuring grid: snow_dissolution
2015-08-25 05:07:11,460 null [INFO] (/home/meteo/dev/redist/fwidbmgr/include/Grid.h:1695) Grid snow_dissolution configured.
2015-08-25 05:07:11,484 null [INFO] (/home/meteo/dev/redist/fwidbmgr/include/Grid.h:1595) Configuring grid: temperature
2015-08-25 05:07:11,484 null [INFO] (/home/meteo/dev/redist/fwidbmgr/include/Grid.h:1695) Grid temperature configured.
2015-08-25 05:07:11,489 null [INFO] (/home/meteo/dev/redist/fwidbmgr/include/Grid.h:1595) Configuring grid: humidity
2015-08-25 05:07:11,489 null [INFO] (/home/meteo/dev/redist/fwidbmgr/include/Grid.h:1695) Grid humidity configured.
2015-08-25 05:07:11,499 null [INFO] (/home/meteo/dev/redist/fwidbmgr/include/Grid.h:1595) Configuring grid: windspeed
2015-08-25 05:07:11,500 null [INFO] (/home/meteo/dev/redist/fwidbmgr/include/Grid.h:1695) Grid windspeed configured.
2015-08-25 05:07:11,522 null [INFO] (/home/meteo/dev/redist/fwidbmgr/include/Grid.h:1595) Configuring grid: rain
2015-08-25 05:07:11,522 null [INFO] (/home/meteo/dev/redist/fwidbmgr/include/Grid.h:1695) Grid rain configured.
2015-08-25 05:07:11,525 null [INFO] (/home/meteo/dev/redist/fwidbmgr/include/Grid.h:1595) Configuring grid: cum_rain
2015-08-25 05:07:11,525 null [INFO] (/home/meteo/dev/redist/fwidbmgr/include/Grid.h:1695) Grid cum_rain configured.
2015-08-25 05:07:40,396 null [INFO] (../src/fwidbmgr.cpp:1502) Storing meteo input ...
2015-08-25 05:09:27,421 null [INFO] (../src/fwidbmgr.cpp:5370) OK --> 20150824 data imported.
2015-08-25 05:09:27,736 null [INFO] (../src/fwidbmgr.cpp:5496) action in took about 136 seconds.
2015-08-25 05:09:27,812 null [INFO] (../src/fwidbmgr.cpp:5499) Disconnected from database.
2015-08-25 05:11:22,331 null [INFO] (../src/fwidbmgr.cpp:5207) fwi db manager
2015-08-25 05:11:22,331 null [INFO] (../src/fwidbmgr.cpp:5209) Program home: /home/meteo/dev/redist/fwidbmgr
2015-08-25 05:11:22,331 null [INFO] (../src/fwidbmgr.cpp:5211) Auto convert: 1
2015-08-25 05:11:22,331 null [INFO] (../src/fwidbmgr.cpp:458) action: out.
2015-08-25 05:11:22,331 null [INFO] (../src/fwidbmgr.cpp:482) date: 20150824.
2015-08-25 05:11:22,331 null [INFO] (../src/fwidbmgr.cpp:319) Try to read: /home/meteo/dev/redist/fwidbmgr/config/fwidbmgr.conf.
2015-08-25 05:11:22,361 null [INFO] (../src/fwidbmgr.cpp:5240) Configuration parsing: OK.
2015-08-25 05:11:22,373 null [INFO] (../src/fwidbmgr.cpp:5322) Connected to database
2015-08-25 05:11:22,373 null [INFO] (../src/fwidbmgr.cpp:5323) Manage data for date: 20150824.
2015-08-25 05:11:22,373 null [INFO] (../src/fwidbmgr.cpp:5379) Importing fwi indexes data in database for day: 20150824.
2015-08-25 05:11:22,386 null [INFO] (/home/meteo/dev/redist/fwidbmgr/include/Grid.h:1595) Configuring grid: isi
2015-08-25 05:11:22,386 null [INFO] (/home/meteo/dev/redist/fwidbmgr/include/Grid.h:1695) Grid isi configured.
2015-08-25 05:11:22,399 null [INFO] (/home/meteo/dev/redist/fwidbmgr/include/Grid.h:1595) Configuring grid: fwi
2015-08-25 05:11:22,399 null [INFO] (/home/meteo/dev/redist/fwidbmgr/include/Grid.h:1695) Grid fwi configured.
2015-08-25 05:11:22,412 null [INFO] (/home/meteo/dev/redist/fwidbmgr/include/Grid.h:1595) Configuring grid: ffmc
2015-08-25 05:11:22,412 null [INFO] (/home/meteo/dev/redist/fwidbmgr/include/Grid.h:1695) Grid ffmc configured.
2015-08-25 05:11:22,426 null [INFO] (/home/meteo/dev/redist/fwidbmgr/include/Grid.h:1595) Configuring grid: dmc
2015-08-25 05:11:22,426 null [INFO] (/home/meteo/dev/redist/fwidbmgr/include/Grid.h:1695) Grid dmc configured.
2015-08-25 05:11:22,440 null [INFO] (/home/meteo/dev/redist/fwidbmgr/include/Grid.h:1595) Configuring grid: dc
2015-08-25 05:11:22,440 null [INFO] (/home/meteo/dev/redist/fwidbmgr/include/Grid.h:1695) Grid dc configured.
2015-08-25 05:11:22,454 null [INFO] (/home/meteo/dev/redist/fwidbmgr/include/Grid.h:1595) Configuring grid: bui
2015-08-25 05:11:22,454 null [INFO] (/home/meteo/dev/redist/fwidbmgr/include/Grid.h:1695) Grid bui configured.
2015-08-25 05:11:22,468 null [INFO] (/home/meteo/dev/redist/fwidbmgr/include/Grid.h:1595) Configuring grid: ffmc_tmp
2015-08-25 05:11:22,468 null [INFO] (/home/meteo/dev/redist/fwidbmgr/include/Grid.h:1695) Grid ffmc_tmp configured.
2015-08-25 05:11:22,546 null [INFO] (/home/meteo/dev/redist/fwidbmgr/include/Grid.h:1595) Configuring grid: dmc_tmp
2015-08-25 05:11:22,546 null [INFO] (/home/meteo/dev/redist/fwidbmgr/include/Grid.h:1695) Grid dmc_tmp configured.
2015-08-25 05:11:22,579 null [INFO] (/home/meteo/dev/redist/fwidbmgr/include/Grid.h:1595) Configuring grid: dc_tmp
2015-08-25 05:11:22,579 null [INFO] (/home/meteo/dev/redist/fwidbmgr/include/Grid.h:1695) Grid dc_tmp configured.
2015-08-25 05:11:22,623 null [INFO] (/home/meteo/dev/redist/fwidbmgr/include/Grid.h:1595) Configuring grid: idi
2015-08-25 05:11:22,623 null [INFO] (/home/meteo/dev/redist/fwidbmgr/include/Grid.h:1695) Grid idi configured.
2015-08-25 05:11:47,956 null [INFO] (../src/fwidbmgr.cpp:2045) Storing FWI indexes ...
2015-08-25 05:12:40,524 null [INFO] (../src/fwidbmgr.cpp:5382) OK --> 20150824 data imported.
2015-08-25 05:12:40,526 null [INFO] (../src/fwidbmgr.cpp:5496) action out took about 78 seconds.
2015-08-25 05:12:40,527 null [INFO] (../src/fwidbmgr.cpp:5499) Disconnected from database.
2015-08-25 05:12:40,985 null [INFO] (../src/fwidbmgr.cpp:5207) fwi db manager
2015-08-25 05:12:40,987 null [INFO] (../src/fwidbmgr.cpp:5209) Program home: /home/meteo/dev/redist/fwidbmgr
2015-08-25 05:12:40,987 null [INFO] (../src/fwidbmgr.cpp:5211) Auto convert: 1
2015-08-25 05:12:40,987 null [INFO] (../src/fwidbmgr.cpp:458) action: computeidx.
2015-08-25 05:12:40,987 null [INFO] (../src/fwidbmgr.cpp:482) date: 20150824.
2015-08-25 05:12:40,987 null [INFO] (../src/fwidbmgr.cpp:319) Try to read: /home/meteo/dev/redist/fwidbmgr/config/fwidbmgr.conf.
2015-08-25 05:12:40,991 null [INFO] (../src/fwidbmgr.cpp:5240) Configuration parsing: OK.
2015-08-25 05:12:41,040 null [INFO] (../src/fwidbmgr.cpp:5322) Connected to database
2015-08-25 05:12:41,040 null [INFO] (../src/fwidbmgr.cpp:5323) Manage data for date: 20150824.
2015-08-25 05:12:41,040 null [INFO] (../src/fwidbmgr.cpp:5463) Computing indexes.
2015-08-25 05:12:41,041 null [INFO] (/home/meteo/dev/redist/fwidbmgr/include/Grid.h:1595) Configuring grid: isi
2015-08-25 05:12:41,041 null [INFO] (/home/meteo/dev/redist/fwidbmgr/include/Grid.h:1695) Grid isi configured.
2015-08-25 05:12:41,043 null [INFO] (/home/meteo/dev/redist/fwidbmgr/include/Grid.h:1595) Configuring grid: fwi
2015-08-25 05:12:41,043 null [INFO] (/home/meteo/dev/redist/fwidbmgr/include/Grid.h:1695) Grid fwi configured.
2015-08-25 05:12:41,044 null [INFO] (/home/meteo/dev/redist/fwidbmgr/include/Grid.h:1595) Configuring grid: ffmc
2015-08-25 05:12:41,054 null [INFO] (/home/meteo/dev/redist/fwidbmgr/include/Grid.h:1695) Grid ffmc configured.
2015-08-25 05:12:41,056 null [INFO] (/home/meteo/dev/redist/fwidbmgr/include/Grid.h:1595) Configuring grid: dmc
2015-08-25 05:12:41,056 null [INFO] (/home/meteo/dev/redist/fwidbmgr/include/Grid.h:1695) Grid dmc configured.
2015-08-25 05:12:41,057 null [INFO] (/home/meteo/dev/redist/fwidbmgr/include/Grid.h:1595) Configuring grid: dc
2015-08-25 05:12:41,057 null [INFO] (/home/meteo/dev/redist/fwidbmgr/include/Grid.h:1695) Grid dc configured.
2015-08-25 05:12:41,059 null [INFO] (/home/meteo/dev/redist/fwidbmgr/include/Grid.h:1595) Configuring grid: bui
2015-08-25 05:12:41,059 null [INFO] (/home/meteo/dev/redist/fwidbmgr/include/Grid.h:1695) Grid bui configured.
2015-08-25 05:12:41,060 null [INFO] (/home/meteo/dev/redist/fwidbmgr/include/Grid.h:1595) Configuring grid: ffmc_tmp
2015-08-25 05:12:41,060 null [INFO] (/home/meteo/dev/redist/fwidbmgr/include/Grid.h:1695) Grid ffmc_tmp configured.
2015-08-25 05:12:41,062 null [INFO] (/home/meteo/dev/redist/fwidbmgr/include/Grid.h:1595) Configuring grid: dmc_tmp
2015-08-25 05:12:41,062 null [INFO] (/home/meteo/dev/redist/fwidbmgr/include/Grid.h:1695) Grid dmc_tmp configured.
2015-08-25 05:12:41,063 null [INFO] (/home/meteo/dev/redist/fwidbmgr/include/Grid.h:1595) Configuring grid: dc_tmp
2015-08-25 05:12:41,063 null [INFO] (/home/meteo/dev/redist/fwidbmgr/include/Grid.h:1695) Grid dc_tmp configured.
2015-08-25 05:12:41,065 null [INFO] (/home/meteo/dev/redist/fwidbmgr/include/Grid.h:1595) Configuring grid: idi
2015-08-25 05:12:41,065 null [INFO] (/home/meteo/dev/redist/fwidbmgr/include/Grid.h:1695) Grid idi configured.
2015-08-25 05:12:41,066 null [INFO] (/home/meteo/dev/redist/fwidbmgr/include/Grid.h:1595) Configuring grid: angstrom
2015-08-25 05:12:41,066 null [INFO] (/home/meteo/dev/redist/fwidbmgr/include/Grid.h:1695) Grid angstrom configured.
2015-08-25 05:12:41,068 null [INFO] (/home/meteo/dev/redist/fwidbmgr/include/Grid.h:1595) Configuring grid: fmi
2015-08-25 05:12:41,068 null [INFO] (/home/meteo/dev/redist/fwidbmgr/include/Grid.h:1695) Grid fmi configured.
2015-08-25 05:12:41,069 null [INFO] (/home/meteo/dev/redist/fwidbmgr/include/Grid.h:1595) Configuring grid: sharples
2015-08-25 05:12:41,069 null [INFO] (/home/meteo/dev/redist/fwidbmgr/include/Grid.h:1695) Grid sharples configured.
2015-08-25 05:12:56,184 null [INFO] (/home/meteo/dev/redist/fwidbmgr/include/Grid.h:1595) Configuring grid: snow
2015-08-25 05:12:56,188 null [INFO] (/home/meteo/dev/redist/fwidbmgr/include/Grid.h:1695) Grid snow configured.
2015-08-25 05:12:56,189 null [INFO] (/home/meteo/dev/redist/fwidbmgr/include/Grid.h:1595) Configuring grid: snow_covering
2015-08-25 05:12:56,189 null [INFO] (/home/meteo/dev/redist/fwidbmgr/include/Grid.h:1695) Grid snow_covering configured.
2015-08-25 05:12:56,189 null [INFO] (/home/meteo/dev/redist/fwidbmgr/include/Grid.h:1595) Configuring grid: snow_dissolution
2015-08-25 05:12:56,189 null [INFO] (/home/meteo/dev/redist/fwidbmgr/include/Grid.h:1695) Grid snow_dissolution configured.
2015-08-25 05:12:56,189 null [INFO] (/home/meteo/dev/redist/fwidbmgr/include/Grid.h:1595) Configuring grid: temperature
2015-08-25 05:12:56,190 null [INFO] (/home/meteo/dev/redist/fwidbmgr/include/Grid.h:1695) Grid temperature configured.
2015-08-25 05:12:56,190 null [INFO] (/home/meteo/dev/redist/fwidbmgr/include/Grid.h:1595) Configuring grid: humidity
2015-08-25 05:12:56,190 null [INFO] (/home/meteo/dev/redist/fwidbmgr/include/Grid.h:1695) Grid humidity configured.
2015-08-25 05:12:56,190 null [INFO] (/home/meteo/dev/redist/fwidbmgr/include/Grid.h:1595) Configuring grid: windspeed
2015-08-25 05:12:56,190 null [INFO] (/home/meteo/dev/redist/fwidbmgr/include/Grid.h:1695) Grid windspeed configured.
2015-08-25 05:12:56,190 null [INFO] (/home/meteo/dev/redist/fwidbmgr/include/Grid.h:1595) Configuring grid: rain
2015-08-25 05:12:56,190 null [INFO] (/home/meteo/dev/redist/fwidbmgr/include/Grid.h:1695) Grid rain configured.
2015-08-25 05:12:56,190 null [INFO] (/home/meteo/dev/redist/fwidbmgr/include/Grid.h:1595) Configuring grid: cum_rain
2015-08-25 05:12:56,190 null [INFO] (/home/meteo/dev/redist/fwidbmgr/include/Grid.h:1695) Grid cum_rain configured.
2015-08-25 05:16:00,955 null [INFO] (../src/fwidbmgr.cpp:5466) OK --> 20150824 indexes computed.
2015-08-25 05:16:00,988 null [INFO] (../src/fwidbmgr.cpp:5496) action computeidx took about 199 seconds.
2015-08-25 05:16:00,988 null [INFO] (../src/fwidbmgr.cpp:5499) Disconnected from database.
2015-08-25 05:16:01,168 null [INFO] (../src/fwidbmgr.cpp:5207) fwi db manager
2015-08-25 05:16:01,168 null [INFO] (../src/fwidbmgr.cpp:5209) Program home: /home/meteo/dev/redist/fwidbmgr
2015-08-25 05:16:01,168 null [INFO] (../src/fwidbmgr.cpp:5211) Auto convert: 1
2015-08-25 05:16:01,168 null [INFO] (../src/fwidbmgr.cpp:458) action: exportidx.
2015-08-25 05:16:01,168 null [INFO] (../src/fwidbmgr.cpp:482) date: 20150824.
2015-08-25 05:16:01,168 null [INFO] (../src/fwidbmgr.cpp:319) Try to read: /home/meteo/dev/redist/fwidbmgr/config/fwidbmgr.conf.
2015-08-25 05:16:01,172 null [INFO] (../src/fwidbmgr.cpp:5240) Configuration parsing: OK.
2015-08-25 05:16:01,198 null [INFO] (../src/fwidbmgr.cpp:5322) Connected to database
2015-08-25 05:16:01,199 null [INFO] (../src/fwidbmgr.cpp:5323) Manage data for date: 20150824.
2015-08-25 05:16:01,199 null [INFO] (../src/fwidbmgr.cpp:5415) Exporting indexes.
2015-08-25 05:16:01,200 null [INFO] (/home/meteo/dev/redist/fwidbmgr/include/Grid.h:1595) Configuring grid: isi
2015-08-25 05:16:01,201 null [INFO] (/home/meteo/dev/redist/fwidbmgr/include/Grid.h:1695) Grid isi configured.
2015-08-25 05:16:01,202 null [INFO] (/home/meteo/dev/redist/fwidbmgr/include/Grid.h:1595) Configuring grid: fwi
2015-08-25 05:16:01,202 null [INFO] (/home/meteo/dev/redist/fwidbmgr/include/Grid.h:1695) Grid fwi configured.
2015-08-25 05:16:01,204 null [INFO] (/home/meteo/dev/redist/fwidbmgr/include/Grid.h:1595) Configuring grid: ffmc
2015-08-25 05:16:01,204 null [INFO] (/home/meteo/dev/redist/fwidbmgr/include/Grid.h:1695) Grid ffmc configured.
2015-08-25 05:16:01,205 null [INFO] (/home/meteo/dev/redist/fwidbmgr/include/Grid.h:1595) Configuring grid: dmc
2015-08-25 05:16:01,205 null [INFO] (/home/meteo/dev/redist/fwidbmgr/include/Grid.h:1695) Grid dmc configured.
2015-08-25 05:16:01,207 null [INFO] (/home/meteo/dev/redist/fwidbmgr/include/Grid.h:1595) Configuring grid: dc
2015-08-25 05:16:01,207 null [INFO] (/home/meteo/dev/redist/fwidbmgr/include/Grid.h:1695) Grid dc configured.
2015-08-25 05:16:01,208 null [INFO] (/home/meteo/dev/redist/fwidbmgr/include/Grid.h:1595) Configuring grid: bui
2015-08-25 05:16:01,208 null [INFO] (/home/meteo/dev/redist/fwidbmgr/include/Grid.h:1695) Grid bui configured.
2015-08-25 05:16:01,210 null [INFO] (/home/meteo/dev/redist/fwidbmgr/include/Grid.h:1595) Configuring grid: ffmc_tmp
2015-08-25 05:16:01,210 null [INFO] (/home/meteo/dev/redist/fwidbmgr/include/Grid.h:1695) Grid ffmc_tmp configured.
2015-08-25 05:16:01,211 null [INFO] (/home/meteo/dev/redist/fwidbmgr/include/Grid.h:1595) Configuring grid: dmc_tmp
2015-08-25 05:16:01,211 null [INFO] (/home/meteo/dev/redist/fwidbmgr/include/Grid.h:1695) Grid dmc_tmp configured.
2015-08-25 05:16:01,213 null [INFO] (/home/meteo/dev/redist/fwidbmgr/include/Grid.h:1595) Configuring grid: dc_tmp
2015-08-25 05:16:01,213 null [INFO] (/home/meteo/dev/redist/fwidbmgr/include/Grid.h:1695) Grid dc_tmp configured.
2015-08-25 05:16:01,214 null [INFO] (/home/meteo/dev/redist/fwidbmgr/include/Grid.h:1595) Configuring grid: idi
2015-08-25 05:16:01,214 null [INFO] (/home/meteo/dev/redist/fwidbmgr/include/Grid.h:1695) Grid idi configured.
2015-08-25 05:16:01,216 null [INFO] (/home/meteo/dev/redist/fwidbmgr/include/Grid.h:1595) Configuring grid: angstrom
2015-08-25 05:16:01,216 null [INFO] (/home/meteo/dev/redist/fwidbmgr/include/Grid.h:1695) Grid angstrom configured.
2015-08-25 05:16:01,217 null [INFO] (/home/meteo/dev/redist/fwidbmgr/include/Grid.h:1595) Configuring grid: fmi
2015-08-25 05:16:01,218 null [INFO] (/home/meteo/dev/redist/fwidbmgr/include/Grid.h:1695) Grid fmi configured.
2015-08-25 05:16:01,219 null [INFO] (/home/meteo/dev/redist/fwidbmgr/include/Grid.h:1595) Configuring grid: sharples
2015-08-25 05:16:01,219 null [INFO] (/home/meteo/dev/redist/fwidbmgr/include/Grid.h:1695) Grid sharples configured.
2015-08-25 05:16:19,886 null [INFO] (/home/meteo/dev/redist/fwidbmgr/include/Grid.h:1595) Configuring grid: isi
2015-08-25 05:16:19,892 null [INFO] (/home/meteo/dev/redist/fwidbmgr/include/Grid.h:1695) Grid isi configured.
2015-08-25 05:16:19,950 null [INFO] (/home/meteo/dev/redist/fwidbmgr/include/Grid.h:1595) Configuring grid: fwi
2015-08-25 05:16:19,950 null [INFO] (/home/meteo/dev/redist/fwidbmgr/include/Grid.h:1695) Grid fwi configured.
2015-08-25 05:16:19,989 null [INFO] (/home/meteo/dev/redist/fwidbmgr/include/Grid.h:1595) Configuring grid: ffmc
2015-08-25 05:16:19,989 null [INFO] (/home/meteo/dev/redist/fwidbmgr/include/Grid.h:1695) Grid ffmc configured.
2015-08-25 05:16:20,034 null [INFO] (/home/meteo/dev/redist/fwidbmgr/include/Grid.h:1595) Configuring grid: dmc
2015-08-25 05:16:20,035 null [INFO] (/home/meteo/dev/redist/fwidbmgr/include/Grid.h:1695) Grid dmc configured.
2015-08-25 05:16:20,074 null [INFO] (/home/meteo/dev/redist/fwidbmgr/include/Grid.h:1595) Configuring grid: dc
2015-08-25 05:16:20,074 null [INFO] (/home/meteo/dev/redist/fwidbmgr/include/Grid.h:1695) Grid dc configured.
2015-08-25 05:16:20,114 null [INFO] (/home/meteo/dev/redist/fwidbmgr/include/Grid.h:1595) Configuring grid: bui
2015-08-25 05:16:20,114 null [INFO] (/home/meteo/dev/redist/fwidbmgr/include/Grid.h:1695) Grid bui configured.
2015-08-25 05:16:20,165 null [INFO] (/home/meteo/dev/redist/fwidbmgr/include/Grid.h:1595) Configuring grid: ffmc_tmp
2015-08-25 05:16:20,165 null [INFO] (/home/meteo/dev/redist/fwidbmgr/include/Grid.h:1695) Grid ffmc_tmp configured.
2015-08-25 05:16:20,203 null [INFO] (/home/meteo/dev/redist/fwidbmgr/include/Grid.h:1595) Configuring grid: dmc_tmp
2015-08-25 05:16:20,203 null [INFO] (/home/meteo/dev/redist/fwidbmgr/include/Grid.h:1695) Grid dmc_tmp configured.
2015-08-25 05:16:20,239 null [INFO] (/home/meteo/dev/redist/fwidbmgr/include/Grid.h:1595) Configuring grid: dc_tmp
2015-08-25 05:16:20,239 null [INFO] (/home/meteo/dev/redist/fwidbmgr/include/Grid.h:1695) Grid dc_tmp configured.
2015-08-25 05:16:20,277 null [INFO] (/home/meteo/dev/redist/fwidbmgr/include/Grid.h:1595) Configuring grid: angstrom
2015-08-25 05:16:20,278 null [INFO] (/home/meteo/dev/redist/fwidbmgr/include/Grid.h:1695) Grid angstrom configured.
2015-08-25 05:16:20,373 null [INFO] (/home/meteo/dev/redist/fwidbmgr/include/Grid.h:1595) Configuring grid: sharples
2015-08-25 05:16:20,373 null [INFO] (/home/meteo/dev/redist/fwidbmgr/include/Grid.h:1695) Grid sharples configured.
2015-08-25 05:16:20,439 null [INFO] (/home/meteo/dev/redist/fwidbmgr/include/Grid.h:1595) Configuring grid: fmi
2015-08-25 05:16:20,439 null [INFO] (/home/meteo/dev/redist/fwidbmgr/include/Grid.h:1695) Grid fmi configured.
2015-08-25 05:16:20,494 null [INFO] (../src/fwidbmgr.cpp:5418) OK --> 20150824 indexes exported to files.
2015-08-25 05:16:20,494 null [INFO] (../src/fwidbmgr.cpp:5496) action exportidx took about 19 seconds.
2015-08-25 05:16:20,494 null [INFO] (../src/fwidbmgr.cpp:5499) Disconnected from database.
