2018-10-20 05:07:09,261 null [INFO] (../src/fwidbmgr.cpp:5361) fwi db manager
2018-10-20 05:07:09,261 null [INFO] (../src/fwidbmgr.cpp:5365) Program home: /home/meteo/dev/redist/fwidbmgr
2018-10-20 05:07:09,261 null [INFO] (../src/fwidbmgr.cpp:5369) Auto convert: 1
2018-10-20 05:07:09,261 null [INFO] (../src/fwidbmgr.cpp:446) action: in.
2018-10-20 05:07:09,261 null [INFO] (../src/fwidbmgr.cpp:470) date: 20181019.
2018-10-20 05:07:09,262 null [INFO] (../src/fwidbmgr.cpp:322) Try to read: /home/meteo/dev/redist/fwidbmgr/config/fwidbmgr.conf.
2018-10-20 05:07:09,273 null [INFO] (../src/fwidbmgr.cpp:5393) Configuration parsing: OK.
2018-10-20 05:07:09,286 null [INFO] (../src/fwidbmgr.cpp:5478) Connected to database
2018-10-20 05:07:09,287 null [INFO] (../src/fwidbmgr.cpp:5480) Manage data for date: 20181019.
2018-10-20 05:07:09,287 null [INFO] (../src/fwidbmgr.cpp:5536) Importing meteo data in database for day: 20181019.
2018-10-20 05:07:09,298 null [INFO] (/home/meteo/dev/redist/fwidbmgr/include/Grid.h:1595) Configuring grid: snow
2018-10-20 05:07:09,298 null [INFO] (/home/meteo/dev/redist/fwidbmgr/include/Grid.h:1695) Grid snow configured.
2018-10-20 05:07:09,326 null [INFO] (/home/meteo/dev/redist/fwidbmgr/include/Grid.h:1595) Configuring grid: snow_covering
2018-10-20 05:07:09,326 null [INFO] (/home/meteo/dev/redist/fwidbmgr/include/Grid.h:1695) Grid snow_covering configured.
2018-10-20 05:07:09,370 null [INFO] (/home/meteo/dev/redist/fwidbmgr/include/Grid.h:1595) Configuring grid: snow_dissolution
2018-10-20 05:07:09,371 null [INFO] (/home/meteo/dev/redist/fwidbmgr/include/Grid.h:1695) Grid snow_dissolution configured.
2018-10-20 05:07:09,451 null [INFO] (/home/meteo/dev/redist/fwidbmgr/include/Grid.h:1595) Configuring grid: temperature
2018-10-20 05:07:09,452 null [INFO] (/home/meteo/dev/redist/fwidbmgr/include/Grid.h:1695) Grid temperature configured.
2018-10-20 05:07:09,469 null [INFO] (/home/meteo/dev/redist/fwidbmgr/include/Grid.h:1595) Configuring grid: humidity
2018-10-20 05:07:09,470 null [INFO] (/home/meteo/dev/redist/fwidbmgr/include/Grid.h:1695) Grid humidity configured.
2018-10-20 05:07:09,499 null [INFO] (/home/meteo/dev/redist/fwidbmgr/include/Grid.h:1595) Configuring grid: windspeed
2018-10-20 05:07:09,500 null [INFO] (/home/meteo/dev/redist/fwidbmgr/include/Grid.h:1695) Grid windspeed configured.
2018-10-20 05:07:09,556 null [INFO] (/home/meteo/dev/redist/fwidbmgr/include/Grid.h:1595) Configuring grid: rain
2018-10-20 05:07:09,556 null [INFO] (/home/meteo/dev/redist/fwidbmgr/include/Grid.h:1695) Grid rain configured.
2018-10-20 05:07:09,564 null [INFO] (/home/meteo/dev/redist/fwidbmgr/include/Grid.h:1595) Configuring grid: cum_rain
2018-10-20 05:07:09,564 null [INFO] (/home/meteo/dev/redist/fwidbmgr/include/Grid.h:1695) Grid cum_rain configured.
2018-10-20 05:07:13,306 null [INFO] (../src/fwidbmgr.cpp:1518) Storing meteo input ...
2018-10-20 05:07:41,324 null [INFO] (../src/fwidbmgr.cpp:5540) OK --> 20181019 data imported.
2018-10-20 05:07:41,374 null [INFO] (../src/fwidbmgr.cpp:5695) action in took about 32 seconds.
2018-10-20 05:07:41,539 null [INFO] (../src/fwidbmgr.cpp:5699) Disconnected from database.
2018-10-20 05:09:38,057 null [INFO] (../src/fwidbmgr.cpp:5361) fwi db manager
2018-10-20 05:09:38,057 null [INFO] (../src/fwidbmgr.cpp:5365) Program home: /home/meteo/dev/redist/fwidbmgr
2018-10-20 05:09:38,057 null [INFO] (../src/fwidbmgr.cpp:5369) Auto convert: 1
2018-10-20 05:09:38,057 null [INFO] (../src/fwidbmgr.cpp:446) action: out.
2018-10-20 05:09:38,057 null [INFO] (../src/fwidbmgr.cpp:470) date: 20181019.
2018-10-20 05:09:38,057 null [INFO] (../src/fwidbmgr.cpp:322) Try to read: /home/meteo/dev/redist/fwidbmgr/config/fwidbmgr.conf.
2018-10-20 05:09:38,072 null [INFO] (../src/fwidbmgr.cpp:5393) Configuration parsing: OK.
2018-10-20 05:09:38,097 null [INFO] (../src/fwidbmgr.cpp:5478) Connected to database
2018-10-20 05:09:38,097 null [INFO] (../src/fwidbmgr.cpp:5480) Manage data for date: 20181019.
2018-10-20 05:09:38,097 null [INFO] (../src/fwidbmgr.cpp:5551) Importing fwi indexes data in database for day: 20181019.
2018-10-20 05:09:38,113 null [INFO] (/home/meteo/dev/redist/fwidbmgr/include/Grid.h:1595) Configuring grid: isi
2018-10-20 05:09:38,113 null [INFO] (/home/meteo/dev/redist/fwidbmgr/include/Grid.h:1695) Grid isi configured.
2018-10-20 05:09:38,144 null [INFO] (/home/meteo/dev/redist/fwidbmgr/include/Grid.h:1595) Configuring grid: fwi
2018-10-20 05:09:38,144 null [INFO] (/home/meteo/dev/redist/fwidbmgr/include/Grid.h:1695) Grid fwi configured.
2018-10-20 05:09:38,173 null [INFO] (/home/meteo/dev/redist/fwidbmgr/include/Grid.h:1595) Configuring grid: ffmc
2018-10-20 05:09:38,173 null [INFO] (/home/meteo/dev/redist/fwidbmgr/include/Grid.h:1695) Grid ffmc configured.
2018-10-20 05:09:38,204 null [INFO] (/home/meteo/dev/redist/fwidbmgr/include/Grid.h:1595) Configuring grid: dmc
2018-10-20 05:09:38,204 null [INFO] (/home/meteo/dev/redist/fwidbmgr/include/Grid.h:1695) Grid dmc configured.
2018-10-20 05:09:38,234 null [INFO] (/home/meteo/dev/redist/fwidbmgr/include/Grid.h:1595) Configuring grid: dc
2018-10-20 05:09:38,234 null [INFO] (/home/meteo/dev/redist/fwidbmgr/include/Grid.h:1695) Grid dc configured.
2018-10-20 05:09:38,265 null [INFO] (/home/meteo/dev/redist/fwidbmgr/include/Grid.h:1595) Configuring grid: bui
2018-10-20 05:09:38,265 null [INFO] (/home/meteo/dev/redist/fwidbmgr/include/Grid.h:1695) Grid bui configured.
2018-10-20 05:09:38,294 null [INFO] (/home/meteo/dev/redist/fwidbmgr/include/Grid.h:1595) Configuring grid: ffmc_tmp
2018-10-20 05:09:38,294 null [INFO] (/home/meteo/dev/redist/fwidbmgr/include/Grid.h:1695) Grid ffmc_tmp configured.
2018-10-20 05:09:38,345 null [INFO] (/home/meteo/dev/redist/fwidbmgr/include/Grid.h:1595) Configuring grid: dmc_tmp
2018-10-20 05:09:38,345 null [INFO] (/home/meteo/dev/redist/fwidbmgr/include/Grid.h:1695) Grid dmc_tmp configured.
2018-10-20 05:09:38,388 null [INFO] (/home/meteo/dev/redist/fwidbmgr/include/Grid.h:1595) Configuring grid: dc_tmp
2018-10-20 05:09:38,388 null [INFO] (/home/meteo/dev/redist/fwidbmgr/include/Grid.h:1695) Grid dc_tmp configured.
2018-10-20 05:09:38,431 null [INFO] (/home/meteo/dev/redist/fwidbmgr/include/Grid.h:1595) Configuring grid: idi
2018-10-20 05:09:38,431 null [INFO] (/home/meteo/dev/redist/fwidbmgr/include/Grid.h:1695) Grid idi configured.
2018-10-20 05:09:47,582 null [INFO] (../src/fwidbmgr.cpp:2081) Storing FWI indexes ...
2018-10-20 05:10:26,185 null [INFO] (../src/fwidbmgr.cpp:5555) OK --> 20181019 data imported.
2018-10-20 05:10:26,186 null [INFO] (../src/fwidbmgr.cpp:5695) action out took about 48 seconds.
2018-10-20 05:10:26,187 null [INFO] (../src/fwidbmgr.cpp:5699) Disconnected from database.
2018-10-20 05:10:26,544 null [INFO] (../src/fwidbmgr.cpp:5361) fwi db manager
2018-10-20 05:10:26,544 null [INFO] (../src/fwidbmgr.cpp:5365) Program home: /home/meteo/dev/redist/fwidbmgr
2018-10-20 05:10:26,544 null [INFO] (../src/fwidbmgr.cpp:5369) Auto convert: 1
2018-10-20 05:10:26,544 null [INFO] (../src/fwidbmgr.cpp:446) action: computeidx.
2018-10-20 05:10:26,544 null [INFO] (../src/fwidbmgr.cpp:470) date: 20181019.
2018-10-20 05:10:26,544 null [INFO] (../src/fwidbmgr.cpp:322) Try to read: /home/meteo/dev/redist/fwidbmgr/config/fwidbmgr.conf.
2018-10-20 05:10:26,553 null [INFO] (../src/fwidbmgr.cpp:5393) Configuration parsing: OK.
2018-10-20 05:10:26,578 null [INFO] (../src/fwidbmgr.cpp:5478) Connected to database
2018-10-20 05:10:26,578 null [INFO] (../src/fwidbmgr.cpp:5480) Manage data for date: 20181019.
2018-10-20 05:10:26,578 null [INFO] (../src/fwidbmgr.cpp:5656) Computing indexes.
2018-10-20 05:10:26,581 null [INFO] (/home/meteo/dev/redist/fwidbmgr/include/Grid.h:1595) Configuring grid: isi
2018-10-20 05:10:26,581 null [INFO] (/home/meteo/dev/redist/fwidbmgr/include/Grid.h:1695) Grid isi configured.
2018-10-20 05:10:26,584 null [INFO] (/home/meteo/dev/redist/fwidbmgr/include/Grid.h:1595) Configuring grid: fwi
2018-10-20 05:10:26,584 null [INFO] (/home/meteo/dev/redist/fwidbmgr/include/Grid.h:1695) Grid fwi configured.
2018-10-20 05:10:26,587 null [INFO] (/home/meteo/dev/redist/fwidbmgr/include/Grid.h:1595) Configuring grid: ffmc
2018-10-20 05:10:26,587 null [INFO] (/home/meteo/dev/redist/fwidbmgr/include/Grid.h:1695) Grid ffmc configured.
2018-10-20 05:10:26,590 null [INFO] (/home/meteo/dev/redist/fwidbmgr/include/Grid.h:1595) Configuring grid: dmc
2018-10-20 05:10:26,590 null [INFO] (/home/meteo/dev/redist/fwidbmgr/include/Grid.h:1695) Grid dmc configured.
2018-10-20 05:10:26,593 null [INFO] (/home/meteo/dev/redist/fwidbmgr/include/Grid.h:1595) Configuring grid: dc
2018-10-20 05:10:26,593 null [INFO] (/home/meteo/dev/redist/fwidbmgr/include/Grid.h:1695) Grid dc configured.
2018-10-20 05:10:26,595 null [INFO] (/home/meteo/dev/redist/fwidbmgr/include/Grid.h:1595) Configuring grid: bui
2018-10-20 05:10:26,596 null [INFO] (/home/meteo/dev/redist/fwidbmgr/include/Grid.h:1695) Grid bui configured.
2018-10-20 05:10:26,598 null [INFO] (/home/meteo/dev/redist/fwidbmgr/include/Grid.h:1595) Configuring grid: ffmc_tmp
2018-10-20 05:10:26,598 null [INFO] (/home/meteo/dev/redist/fwidbmgr/include/Grid.h:1695) Grid ffmc_tmp configured.
2018-10-20 05:10:26,601 null [INFO] (/home/meteo/dev/redist/fwidbmgr/include/Grid.h:1595) Configuring grid: dmc_tmp
2018-10-20 05:10:26,601 null [INFO] (/home/meteo/dev/redist/fwidbmgr/include/Grid.h:1695) Grid dmc_tmp configured.
2018-10-20 05:10:26,604 null [INFO] (/home/meteo/dev/redist/fwidbmgr/include/Grid.h:1595) Configuring grid: dc_tmp
2018-10-20 05:10:26,604 null [INFO] (/home/meteo/dev/redist/fwidbmgr/include/Grid.h:1695) Grid dc_tmp configured.
2018-10-20 05:10:26,607 null [INFO] (/home/meteo/dev/redist/fwidbmgr/include/Grid.h:1595) Configuring grid: idi
2018-10-20 05:10:26,607 null [INFO] (/home/meteo/dev/redist/fwidbmgr/include/Grid.h:1695) Grid idi configured.
2018-10-20 05:10:26,609 null [INFO] (/home/meteo/dev/redist/fwidbmgr/include/Grid.h:1595) Configuring grid: angstrom
2018-10-20 05:10:26,610 null [INFO] (/home/meteo/dev/redist/fwidbmgr/include/Grid.h:1695) Grid angstrom configured.
2018-10-20 05:10:26,612 null [INFO] (/home/meteo/dev/redist/fwidbmgr/include/Grid.h:1595) Configuring grid: fmi
2018-10-20 05:10:26,612 null [INFO] (/home/meteo/dev/redist/fwidbmgr/include/Grid.h:1695) Grid fmi configured.
2018-10-20 05:10:26,615 null [INFO] (/home/meteo/dev/redist/fwidbmgr/include/Grid.h:1595) Configuring grid: sharples
2018-10-20 05:10:26,615 null [INFO] (/home/meteo/dev/redist/fwidbmgr/include/Grid.h:1695) Grid sharples configured.
2018-10-20 05:10:36,137 null [INFO] (/home/meteo/dev/redist/fwidbmgr/include/Grid.h:1595) Configuring grid: snow
2018-10-20 05:10:36,137 null [INFO] (/home/meteo/dev/redist/fwidbmgr/include/Grid.h:1695) Grid snow configured.
2018-10-20 05:10:36,138 null [INFO] (/home/meteo/dev/redist/fwidbmgr/include/Grid.h:1595) Configuring grid: snow_covering
2018-10-20 05:10:36,138 null [INFO] (/home/meteo/dev/redist/fwidbmgr/include/Grid.h:1695) Grid snow_covering configured.
2018-10-20 05:10:36,138 null [INFO] (/home/meteo/dev/redist/fwidbmgr/include/Grid.h:1595) Configuring grid: snow_dissolution
2018-10-20 05:10:36,138 null [INFO] (/home/meteo/dev/redist/fwidbmgr/include/Grid.h:1695) Grid snow_dissolution configured.
2018-10-20 05:10:36,138 null [INFO] (/home/meteo/dev/redist/fwidbmgr/include/Grid.h:1595) Configuring grid: temperature
2018-10-20 05:10:36,138 null [INFO] (/home/meteo/dev/redist/fwidbmgr/include/Grid.h:1695) Grid temperature configured.
2018-10-20 05:10:36,138 null [INFO] (/home/meteo/dev/redist/fwidbmgr/include/Grid.h:1595) Configuring grid: humidity
2018-10-20 05:10:36,138 null [INFO] (/home/meteo/dev/redist/fwidbmgr/include/Grid.h:1695) Grid humidity configured.
2018-10-20 05:10:36,138 null [INFO] (/home/meteo/dev/redist/fwidbmgr/include/Grid.h:1595) Configuring grid: windspeed
2018-10-20 05:10:36,138 null [INFO] (/home/meteo/dev/redist/fwidbmgr/include/Grid.h:1695) Grid windspeed configured.
2018-10-20 05:10:36,139 null [INFO] (/home/meteo/dev/redist/fwidbmgr/include/Grid.h:1595) Configuring grid: rain
2018-10-20 05:10:36,139 null [INFO] (/home/meteo/dev/redist/fwidbmgr/include/Grid.h:1695) Grid rain configured.
2018-10-20 05:10:36,139 null [INFO] (/home/meteo/dev/redist/fwidbmgr/include/Grid.h:1595) Configuring grid: cum_rain
2018-10-20 05:10:36,139 null [INFO] (/home/meteo/dev/redist/fwidbmgr/include/Grid.h:1695) Grid cum_rain configured.
2018-10-20 05:12:58,256 null [INFO] (../src/fwidbmgr.cpp:5660) OK --> 20181019 indexes computed.
2018-10-20 05:12:58,257 null [INFO] (../src/fwidbmgr.cpp:5695) action computeidx took about 152 seconds.
2018-10-20 05:12:58,257 null [INFO] (../src/fwidbmgr.cpp:5699) Disconnected from database.
2018-10-20 05:12:58,454 null [INFO] (../src/fwidbmgr.cpp:5361) fwi db manager
2018-10-20 05:12:58,454 null [INFO] (../src/fwidbmgr.cpp:5365) Program home: /home/meteo/dev/redist/fwidbmgr
2018-10-20 05:12:58,455 null [INFO] (../src/fwidbmgr.cpp:5369) Auto convert: 1
2018-10-20 05:12:58,455 null [INFO] (../src/fwidbmgr.cpp:446) action: exportidx.
2018-10-20 05:12:58,455 null [INFO] (../src/fwidbmgr.cpp:470) date: 20181019.
2018-10-20 05:12:58,455 null [INFO] (../src/fwidbmgr.cpp:322) Try to read: /home/meteo/dev/redist/fwidbmgr/config/fwidbmgr.conf.
2018-10-20 05:12:58,468 null [INFO] (../src/fwidbmgr.cpp:5393) Configuration parsing: OK.
2018-10-20 05:12:58,512 null [INFO] (../src/fwidbmgr.cpp:5478) Connected to database
2018-10-20 05:12:58,512 null [INFO] (../src/fwidbmgr.cpp:5480) Manage data for date: 20181019.
2018-10-20 05:12:58,512 null [INFO] (../src/fwidbmgr.cpp:5596) Exporting indexes.
2018-10-20 05:12:58,516 null [INFO] (/home/meteo/dev/redist/fwidbmgr/include/Grid.h:1595) Configuring grid: isi
2018-10-20 05:12:58,516 null [INFO] (/home/meteo/dev/redist/fwidbmgr/include/Grid.h:1695) Grid isi configured.
2018-10-20 05:12:58,519 null [INFO] (/home/meteo/dev/redist/fwidbmgr/include/Grid.h:1595) Configuring grid: fwi
2018-10-20 05:12:58,519 null [INFO] (/home/meteo/dev/redist/fwidbmgr/include/Grid.h:1695) Grid fwi configured.
2018-10-20 05:12:58,522 null [INFO] (/home/meteo/dev/redist/fwidbmgr/include/Grid.h:1595) Configuring grid: ffmc
2018-10-20 05:12:58,522 null [INFO] (/home/meteo/dev/redist/fwidbmgr/include/Grid.h:1695) Grid ffmc configured.
2018-10-20 05:12:58,524 null [INFO] (/home/meteo/dev/redist/fwidbmgr/include/Grid.h:1595) Configuring grid: dmc
2018-10-20 05:12:58,525 null [INFO] (/home/meteo/dev/redist/fwidbmgr/include/Grid.h:1695) Grid dmc configured.
2018-10-20 05:12:58,527 null [INFO] (/home/meteo/dev/redist/fwidbmgr/include/Grid.h:1595) Configuring grid: dc
2018-10-20 05:12:58,528 null [INFO] (/home/meteo/dev/redist/fwidbmgr/include/Grid.h:1695) Grid dc configured.
2018-10-20 05:12:58,530 null [INFO] (/home/meteo/dev/redist/fwidbmgr/include/Grid.h:1595) Configuring grid: bui
2018-10-20 05:12:58,530 null [INFO] (/home/meteo/dev/redist/fwidbmgr/include/Grid.h:1695) Grid bui configured.
2018-10-20 05:12:58,533 null [INFO] (/home/meteo/dev/redist/fwidbmgr/include/Grid.h:1595) Configuring grid: ffmc_tmp
2018-10-20 05:12:58,533 null [INFO] (/home/meteo/dev/redist/fwidbmgr/include/Grid.h:1695) Grid ffmc_tmp configured.
2018-10-20 05:12:58,536 null [INFO] (/home/meteo/dev/redist/fwidbmgr/include/Grid.h:1595) Configuring grid: dmc_tmp
2018-10-20 05:12:58,536 null [INFO] (/home/meteo/dev/redist/fwidbmgr/include/Grid.h:1695) Grid dmc_tmp configured.
2018-10-20 05:12:58,539 null [INFO] (/home/meteo/dev/redist/fwidbmgr/include/Grid.h:1595) Configuring grid: dc_tmp
2018-10-20 05:12:58,539 null [INFO] (/home/meteo/dev/redist/fwidbmgr/include/Grid.h:1695) Grid dc_tmp configured.
2018-10-20 05:12:58,542 null [INFO] (/home/meteo/dev/redist/fwidbmgr/include/Grid.h:1595) Configuring grid: idi
2018-10-20 05:12:58,542 null [INFO] (/home/meteo/dev/redist/fwidbmgr/include/Grid.h:1695) Grid idi configured.
2018-10-20 05:12:58,545 null [INFO] (/home/meteo/dev/redist/fwidbmgr/include/Grid.h:1595) Configuring grid: angstrom
2018-10-20 05:12:58,545 null [INFO] (/home/meteo/dev/redist/fwidbmgr/include/Grid.h:1695) Grid angstrom configured.
2018-10-20 05:12:58,548 null [INFO] (/home/meteo/dev/redist/fwidbmgr/include/Grid.h:1595) Configuring grid: fmi
2018-10-20 05:12:58,548 null [INFO] (/home/meteo/dev/redist/fwidbmgr/include/Grid.h:1695) Grid fmi configured.
2018-10-20 05:12:58,551 null [INFO] (/home/meteo/dev/redist/fwidbmgr/include/Grid.h:1595) Configuring grid: sharples
2018-10-20 05:12:58,551 null [INFO] (/home/meteo/dev/redist/fwidbmgr/include/Grid.h:1695) Grid sharples configured.
2018-10-20 05:13:09,735 null [INFO] (/home/meteo/dev/redist/fwidbmgr/include/Grid.h:1595) Configuring grid: isi
2018-10-20 05:13:09,748 null [INFO] (/home/meteo/dev/redist/fwidbmgr/include/Grid.h:1695) Grid isi configured.
2018-10-20 05:13:09,842 null [INFO] (/home/meteo/dev/redist/fwidbmgr/include/Grid.h:1595) Configuring grid: fwi
2018-10-20 05:13:09,842 null [INFO] (/home/meteo/dev/redist/fwidbmgr/include/Grid.h:1695) Grid fwi configured.
2018-10-20 05:13:09,921 null [INFO] (/home/meteo/dev/redist/fwidbmgr/include/Grid.h:1595) Configuring grid: ffmc
2018-10-20 05:13:09,921 null [INFO] (/home/meteo/dev/redist/fwidbmgr/include/Grid.h:1695) Grid ffmc configured.
2018-10-20 05:13:10,009 null [INFO] (/home/meteo/dev/redist/fwidbmgr/include/Grid.h:1595) Configuring grid: dmc
2018-10-20 05:13:10,010 null [INFO] (/home/meteo/dev/redist/fwidbmgr/include/Grid.h:1695) Grid dmc configured.
2018-10-20 05:13:10,097 null [INFO] (/home/meteo/dev/redist/fwidbmgr/include/Grid.h:1595) Configuring grid: dc
2018-10-20 05:13:10,098 null [INFO] (/home/meteo/dev/redist/fwidbmgr/include/Grid.h:1695) Grid dc configured.
2018-10-20 05:13:10,185 null [INFO] (/home/meteo/dev/redist/fwidbmgr/include/Grid.h:1595) Configuring grid: bui
2018-10-20 05:13:10,185 null [INFO] (/home/meteo/dev/redist/fwidbmgr/include/Grid.h:1695) Grid bui configured.
2018-10-20 05:13:10,234 null [INFO] (/home/meteo/dev/redist/fwidbmgr/include/Grid.h:1595) Configuring grid: ffmc_tmp
2018-10-20 05:13:10,234 null [INFO] (/home/meteo/dev/redist/fwidbmgr/include/Grid.h:1695) Grid ffmc_tmp configured.
2018-10-20 05:13:10,271 null [INFO] (/home/meteo/dev/redist/fwidbmgr/include/Grid.h:1595) Configuring grid: dmc_tmp
2018-10-20 05:13:10,272 null [INFO] (/home/meteo/dev/redist/fwidbmgr/include/Grid.h:1695) Grid dmc_tmp configured.
2018-10-20 05:13:10,307 null [INFO] (/home/meteo/dev/redist/fwidbmgr/include/Grid.h:1595) Configuring grid: dc_tmp
2018-10-20 05:13:10,307 null [INFO] (/home/meteo/dev/redist/fwidbmgr/include/Grid.h:1695) Grid dc_tmp configured.
2018-10-20 05:13:10,343 null [INFO] (/home/meteo/dev/redist/fwidbmgr/include/Grid.h:1595) Configuring grid: angstrom
2018-10-20 05:13:10,343 null [INFO] (/home/meteo/dev/redist/fwidbmgr/include/Grid.h:1695) Grid angstrom configured.
2018-10-20 05:13:10,408 null [INFO] (/home/meteo/dev/redist/fwidbmgr/include/Grid.h:1595) Configuring grid: sharples
2018-10-20 05:13:10,408 null [INFO] (/home/meteo/dev/redist/fwidbmgr/include/Grid.h:1695) Grid sharples configured.
2018-10-20 05:13:10,457 null [INFO] (/home/meteo/dev/redist/fwidbmgr/include/Grid.h:1595) Configuring grid: fmi
2018-10-20 05:13:10,457 null [INFO] (/home/meteo/dev/redist/fwidbmgr/include/Grid.h:1695) Grid fmi configured.
2018-10-20 05:13:10,523 null [INFO] (../src/fwidbmgr.cpp:5600) OK --> 20181019 indexes exported to files.
2018-10-20 05:13:10,523 null [INFO] (../src/fwidbmgr.cpp:5695) action exportidx took about 12 seconds.
2018-10-20 05:13:10,524 null [INFO] (../src/fwidbmgr.cpp:5699) Disconnected from database.
2018-10-20 05:13:53,605 null [INFO] (../src/fwidbmgr.cpp:5361) fwi db manager
2018-10-20 05:13:53,606 null [INFO] (../src/fwidbmgr.cpp:5365) Program home: /home/meteo/dev/redist/fwidbmgr
2018-10-20 05:13:53,606 null [INFO] (../src/fwidbmgr.cpp:5369) Auto convert: 1
2018-10-20 05:13:53,606 null [INFO] (../src/fwidbmgr.cpp:446) action: outimg.
2018-10-20 05:13:53,606 null [INFO] (../src/fwidbmgr.cpp:470) date: 20181019.
2018-10-20 05:13:53,606 null [INFO] (../src/fwidbmgr.cpp:322) Try to read: /home/meteo/dev/redist/fwidbmgr/config/fwidbmgr.conf.
2018-10-20 05:13:53,614 null [INFO] (../src/fwidbmgr.cpp:5393) Configuration parsing: OK.
2018-10-20 05:13:53,629 null [INFO] (../src/fwidbmgr.cpp:5478) Connected to database
2018-10-20 05:13:53,629 null [INFO] (../src/fwidbmgr.cpp:5480) Manage data for date: 20181019.
2018-10-20 05:13:53,630 null [INFO] (../src/fwidbmgr.cpp:5566) Importing fwi indexes images in database.
2018-10-20 05:13:54,130 null [INFO] (../src/fwidbmgr.cpp:5570) OK --> 20181019 images imported.
2018-10-20 05:13:54,130 null [INFO] (../src/fwidbmgr.cpp:5695) action outimg took about 1 seconds.
2018-10-20 05:13:54,131 null [INFO] (../src/fwidbmgr.cpp:5699) Disconnected from database.
2018-10-20 05:37:01,737 null [INFO] (../src/fwidbmgr.cpp:5361) fwi db manager
2018-10-20 05:37:01,737 null [INFO] (../src/fwidbmgr.cpp:5365) Program home: /home/meteo/dev/redist/fwidbmgr
2018-10-20 05:37:01,738 null [INFO] (../src/fwidbmgr.cpp:5369) Auto convert: 1
2018-10-20 05:37:01,738 null [INFO] (../src/fwidbmgr.cpp:446) action: outimg.
2018-10-20 05:37:01,738 null [INFO] (../src/fwidbmgr.cpp:470) date: 20181019.
2018-10-20 05:37:01,738 null [INFO] (../src/fwidbmgr.cpp:322) Try to read: /home/meteo/dev/redist/fwidbmgr/config/fwidbmgr.conf.
2018-10-20 05:37:01,742 null [INFO] (../src/fwidbmgr.cpp:5393) Configuration parsing: OK.
2018-10-20 05:37:01,751 null [INFO] (../src/fwidbmgr.cpp:5478) Connected to database
2018-10-20 05:37:01,751 null [INFO] (../src/fwidbmgr.cpp:5480) Manage data for date: 20181019.
2018-10-20 05:37:01,752 null [INFO] (../src/fwidbmgr.cpp:5566) Importing fwi indexes images in database.
2018-10-20 05:37:01,949 null [INFO] (../src/fwidbmgr.cpp:5570) OK --> 20181019 images imported.
2018-10-20 05:37:01,950 null [INFO] (../src/fwidbmgr.cpp:5695) action outimg took about 0 seconds.
2018-10-20 05:37:01,950 null [INFO] (../src/fwidbmgr.cpp:5699) Disconnected from database.
2018-10-20 06:05:01,219 null [INFO] (../src/fwidbmgr.cpp:5361) fwi db manager
2018-10-20 06:05:01,219 null [INFO] (../src/fwidbmgr.cpp:5365) Program home: /home/meteo/dev/redist/fwidbmgr
2018-10-20 06:05:01,220 null [INFO] (../src/fwidbmgr.cpp:5369) Auto convert: 1
2018-10-20 06:05:01,220 null [INFO] (../src/fwidbmgr.cpp:446) action: outimg.
2018-10-20 06:05:01,220 null [INFO] (../src/fwidbmgr.cpp:470) date: 20181019.
2018-10-20 06:05:01,220 null [INFO] (../src/fwidbmgr.cpp:322) Try to read: /home/meteo/dev/redist/fwidbmgr/config/fwidbmgr.conf.
2018-10-20 06:05:01,224 null [INFO] (../src/fwidbmgr.cpp:5393) Configuration parsing: OK.
2018-10-20 06:05:01,233 null [INFO] (../src/fwidbmgr.cpp:5478) Connected to database
2018-10-20 06:05:01,233 null [INFO] (../src/fwidbmgr.cpp:5480) Manage data for date: 20181019.
2018-10-20 06:05:01,233 null [INFO] (../src/fwidbmgr.cpp:5566) Importing fwi indexes images in database.
2018-10-20 06:05:01,378 null [INFO] (../src/fwidbmgr.cpp:5570) OK --> 20181019 images imported.
2018-10-20 06:05:01,378 null [INFO] (../src/fwidbmgr.cpp:5695) action outimg took about 0 seconds.
2018-10-20 06:05:01,378 null [INFO] (../src/fwidbmgr.cpp:5699) Disconnected from database.
2018-10-20 06:37:01,637 null [INFO] (../src/fwidbmgr.cpp:5361) fwi db manager
2018-10-20 06:37:01,637 null [INFO] (../src/fwidbmgr.cpp:5365) Program home: /home/meteo/dev/redist/fwidbmgr
2018-10-20 06:37:01,638 null [INFO] (../src/fwidbmgr.cpp:5369) Auto convert: 1
2018-10-20 06:37:01,638 null [INFO] (../src/fwidbmgr.cpp:446) action: outimg.
2018-10-20 06:37:01,638 null [INFO] (../src/fwidbmgr.cpp:470) date: 20181019.
2018-10-20 06:37:01,638 null [INFO] (../src/fwidbmgr.cpp:322) Try to read: /home/meteo/dev/redist/fwidbmgr/config/fwidbmgr.conf.
2018-10-20 06:37:01,642 null [INFO] (../src/fwidbmgr.cpp:5393) Configuration parsing: OK.
2018-10-20 06:37:01,648 null [INFO] (../src/fwidbmgr.cpp:5478) Connected to database
2018-10-20 06:37:01,648 null [INFO] (../src/fwidbmgr.cpp:5480) Manage data for date: 20181019.
2018-10-20 06:37:01,649 null [INFO] (../src/fwidbmgr.cpp:5566) Importing fwi indexes images in database.
2018-10-20 06:37:01,794 null [INFO] (../src/fwidbmgr.cpp:5570) OK --> 20181019 images imported.
2018-10-20 06:37:01,794 null [INFO] (../src/fwidbmgr.cpp:5695) action outimg took about 0 seconds.
2018-10-20 06:37:01,794 null [INFO] (../src/fwidbmgr.cpp:5699) Disconnected from database.
2018-10-20 07:05:01,896 null [INFO] (../src/fwidbmgr.cpp:5361) fwi db manager
2018-10-20 07:05:01,897 null [INFO] (../src/fwidbmgr.cpp:5365) Program home: /home/meteo/dev/redist/fwidbmgr
2018-10-20 07:05:01,897 null [INFO] (../src/fwidbmgr.cpp:5369) Auto convert: 1
2018-10-20 07:05:01,897 null [INFO] (../src/fwidbmgr.cpp:446) action: outimg.
2018-10-20 07:05:01,897 null [INFO] (../src/fwidbmgr.cpp:470) date: 20181019.
2018-10-20 07:05:01,897 null [INFO] (../src/fwidbmgr.cpp:322) Try to read: /home/meteo/dev/redist/fwidbmgr/config/fwidbmgr.conf.
2018-10-20 07:05:01,901 null [INFO] (../src/fwidbmgr.cpp:5393) Configuration parsing: OK.
2018-10-20 07:05:01,911 null [INFO] (../src/fwidbmgr.cpp:5478) Connected to database
2018-10-20 07:05:01,911 null [INFO] (../src/fwidbmgr.cpp:5480) Manage data for date: 20181019.
2018-10-20 07:05:01,911 null [INFO] (../src/fwidbmgr.cpp:5566) Importing fwi indexes images in database.
2018-10-20 07:05:02,062 null [INFO] (../src/fwidbmgr.cpp:5570) OK --> 20181019 images imported.
2018-10-20 07:05:02,063 null [INFO] (../src/fwidbmgr.cpp:5695) action outimg took about 1 seconds.
2018-10-20 07:05:02,063 null [INFO] (../src/fwidbmgr.cpp:5699) Disconnected from database.
2018-10-20 07:37:01,311 null [INFO] (../src/fwidbmgr.cpp:5361) fwi db manager
2018-10-20 07:37:01,311 null [INFO] (../src/fwidbmgr.cpp:5365) Program home: /home/meteo/dev/redist/fwidbmgr
2018-10-20 07:37:01,312 null [INFO] (../src/fwidbmgr.cpp:5369) Auto convert: 1
2018-10-20 07:37:01,312 null [INFO] (../src/fwidbmgr.cpp:446) action: outimg.
2018-10-20 07:37:01,312 null [INFO] (../src/fwidbmgr.cpp:470) date: 20181019.
2018-10-20 07:37:01,312 null [INFO] (../src/fwidbmgr.cpp:322) Try to read: /home/meteo/dev/redist/fwidbmgr/config/fwidbmgr.conf.
2018-10-20 07:37:01,316 null [INFO] (../src/fwidbmgr.cpp:5393) Configuration parsing: OK.
2018-10-20 07:37:01,324 null [INFO] (../src/fwidbmgr.cpp:5478) Connected to database
2018-10-20 07:37:01,324 null [INFO] (../src/fwidbmgr.cpp:5480) Manage data for date: 20181019.
2018-10-20 07:37:01,324 null [INFO] (../src/fwidbmgr.cpp:5566) Importing fwi indexes images in database.
2018-10-20 07:37:01,460 null [INFO] (../src/fwidbmgr.cpp:5570) OK --> 20181019 images imported.
2018-10-20 07:37:01,460 null [INFO] (../src/fwidbmgr.cpp:5695) action outimg took about 0 seconds.
2018-10-20 07:37:01,461 null [INFO] (../src/fwidbmgr.cpp:5699) Disconnected from database.
