2018-09-18 05:06:51,184 null [INFO] (../src/fwidbmgr.cpp:5361) fwi db manager
2018-09-18 05:06:51,184 null [INFO] (../src/fwidbmgr.cpp:5365) Program home: /home/meteo/dev/redist/fwidbmgr
2018-09-18 05:06:51,185 null [INFO] (../src/fwidbmgr.cpp:5369) Auto convert: 1
2018-09-18 05:06:51,185 null [INFO] (../src/fwidbmgr.cpp:446) action: in.
2018-09-18 05:06:51,185 null [INFO] (../src/fwidbmgr.cpp:470) date: 20180917.
2018-09-18 05:06:51,185 null [INFO] (../src/fwidbmgr.cpp:322) Try to read: /home/meteo/dev/redist/fwidbmgr/config/fwidbmgr.conf.
2018-09-18 05:06:51,194 null [INFO] (../src/fwidbmgr.cpp:5393) Configuration parsing: OK.
2018-09-18 05:06:51,198 null [INFO] (../src/fwidbmgr.cpp:5478) Connected to database
2018-09-18 05:06:51,198 null [INFO] (../src/fwidbmgr.cpp:5480) Manage data for date: 20180917.
2018-09-18 05:06:51,198 null [INFO] (../src/fwidbmgr.cpp:5536) Importing meteo data in database for day: 20180917.
2018-09-18 05:06:51,200 null [INFO] (/home/meteo/dev/redist/fwidbmgr/include/Grid.h:1595) Configuring grid: snow
2018-09-18 05:06:51,200 null [INFO] (/home/meteo/dev/redist/fwidbmgr/include/Grid.h:1695) Grid snow configured.
2018-09-18 05:06:51,211 null [INFO] (/home/meteo/dev/redist/fwidbmgr/include/Grid.h:1595) Configuring grid: snow_covering
2018-09-18 05:06:51,211 null [INFO] (/home/meteo/dev/redist/fwidbmgr/include/Grid.h:1695) Grid snow_covering configured.
2018-09-18 05:06:51,224 null [INFO] (/home/meteo/dev/redist/fwidbmgr/include/Grid.h:1595) Configuring grid: snow_dissolution
2018-09-18 05:06:51,224 null [INFO] (/home/meteo/dev/redist/fwidbmgr/include/Grid.h:1695) Grid snow_dissolution configured.
2018-09-18 05:06:51,246 null [INFO] (/home/meteo/dev/redist/fwidbmgr/include/Grid.h:1595) Configuring grid: temperature
2018-09-18 05:06:51,246 null [INFO] (/home/meteo/dev/redist/fwidbmgr/include/Grid.h:1695) Grid temperature configured.
2018-09-18 05:06:51,251 null [INFO] (/home/meteo/dev/redist/fwidbmgr/include/Grid.h:1595) Configuring grid: humidity
2018-09-18 05:06:51,252 null [INFO] (/home/meteo/dev/redist/fwidbmgr/include/Grid.h:1695) Grid humidity configured.
2018-09-18 05:06:51,262 null [INFO] (/home/meteo/dev/redist/fwidbmgr/include/Grid.h:1595) Configuring grid: windspeed
2018-09-18 05:06:51,262 null [INFO] (/home/meteo/dev/redist/fwidbmgr/include/Grid.h:1695) Grid windspeed configured.
2018-09-18 05:06:51,284 null [INFO] (/home/meteo/dev/redist/fwidbmgr/include/Grid.h:1595) Configuring grid: rain
2018-09-18 05:06:51,284 null [INFO] (/home/meteo/dev/redist/fwidbmgr/include/Grid.h:1695) Grid rain configured.
2018-09-18 05:06:51,287 null [INFO] (/home/meteo/dev/redist/fwidbmgr/include/Grid.h:1595) Configuring grid: cum_rain
2018-09-18 05:06:51,287 null [INFO] (/home/meteo/dev/redist/fwidbmgr/include/Grid.h:1695) Grid cum_rain configured.
2018-09-18 05:07:02,051 null [INFO] (../src/fwidbmgr.cpp:1518) Storing meteo input ...
2018-09-18 05:07:29,370 null [INFO] (../src/fwidbmgr.cpp:5540) OK --> 20180917 data imported.
2018-09-18 05:07:29,421 null [INFO] (../src/fwidbmgr.cpp:5695) action in took about 38 seconds.
2018-09-18 05:07:29,569 null [INFO] (../src/fwidbmgr.cpp:5699) Disconnected from database.
2018-09-18 05:08:38,169 null [INFO] (../src/fwidbmgr.cpp:5361) fwi db manager
2018-09-18 05:08:38,169 null [INFO] (../src/fwidbmgr.cpp:5365) Program home: /home/meteo/dev/redist/fwidbmgr
2018-09-18 05:08:38,169 null [INFO] (../src/fwidbmgr.cpp:5369) Auto convert: 1
2018-09-18 05:08:38,169 null [INFO] (../src/fwidbmgr.cpp:446) action: out.
2018-09-18 05:08:38,169 null [INFO] (../src/fwidbmgr.cpp:470) date: 20180917.
2018-09-18 05:08:38,169 null [INFO] (../src/fwidbmgr.cpp:322) Try to read: /home/meteo/dev/redist/fwidbmgr/config/fwidbmgr.conf.
2018-09-18 05:08:38,174 null [INFO] (../src/fwidbmgr.cpp:5393) Configuration parsing: OK.
2018-09-18 05:08:38,201 null [INFO] (../src/fwidbmgr.cpp:5478) Connected to database
2018-09-18 05:08:38,201 null [INFO] (../src/fwidbmgr.cpp:5480) Manage data for date: 20180917.
2018-09-18 05:08:38,201 null [INFO] (../src/fwidbmgr.cpp:5551) Importing fwi indexes data in database for day: 20180917.
2018-09-18 05:08:38,213 null [INFO] (/home/meteo/dev/redist/fwidbmgr/include/Grid.h:1595) Configuring grid: isi
2018-09-18 05:08:38,214 null [INFO] (/home/meteo/dev/redist/fwidbmgr/include/Grid.h:1695) Grid isi configured.
2018-09-18 05:08:38,227 null [INFO] (/home/meteo/dev/redist/fwidbmgr/include/Grid.h:1595) Configuring grid: fwi
2018-09-18 05:08:38,227 null [INFO] (/home/meteo/dev/redist/fwidbmgr/include/Grid.h:1695) Grid fwi configured.
2018-09-18 05:08:38,240 null [INFO] (/home/meteo/dev/redist/fwidbmgr/include/Grid.h:1595) Configuring grid: ffmc
2018-09-18 05:08:38,241 null [INFO] (/home/meteo/dev/redist/fwidbmgr/include/Grid.h:1695) Grid ffmc configured.
2018-09-18 05:08:38,254 null [INFO] (/home/meteo/dev/redist/fwidbmgr/include/Grid.h:1595) Configuring grid: dmc
2018-09-18 05:08:38,254 null [INFO] (/home/meteo/dev/redist/fwidbmgr/include/Grid.h:1695) Grid dmc configured.
2018-09-18 05:08:38,268 null [INFO] (/home/meteo/dev/redist/fwidbmgr/include/Grid.h:1595) Configuring grid: dc
2018-09-18 05:08:38,268 null [INFO] (/home/meteo/dev/redist/fwidbmgr/include/Grid.h:1695) Grid dc configured.
2018-09-18 05:08:38,282 null [INFO] (/home/meteo/dev/redist/fwidbmgr/include/Grid.h:1595) Configuring grid: bui
2018-09-18 05:08:38,282 null [INFO] (/home/meteo/dev/redist/fwidbmgr/include/Grid.h:1695) Grid bui configured.
2018-09-18 05:08:38,296 null [INFO] (/home/meteo/dev/redist/fwidbmgr/include/Grid.h:1595) Configuring grid: ffmc_tmp
2018-09-18 05:08:38,296 null [INFO] (/home/meteo/dev/redist/fwidbmgr/include/Grid.h:1695) Grid ffmc_tmp configured.
2018-09-18 05:08:38,328 null [INFO] (/home/meteo/dev/redist/fwidbmgr/include/Grid.h:1595) Configuring grid: dmc_tmp
2018-09-18 05:08:38,328 null [INFO] (/home/meteo/dev/redist/fwidbmgr/include/Grid.h:1695) Grid dmc_tmp configured.
2018-09-18 05:08:38,349 null [INFO] (/home/meteo/dev/redist/fwidbmgr/include/Grid.h:1595) Configuring grid: dc_tmp
2018-09-18 05:08:38,349 null [INFO] (/home/meteo/dev/redist/fwidbmgr/include/Grid.h:1695) Grid dc_tmp configured.
2018-09-18 05:08:38,371 null [INFO] (/home/meteo/dev/redist/fwidbmgr/include/Grid.h:1595) Configuring grid: idi
2018-09-18 05:08:38,371 null [INFO] (/home/meteo/dev/redist/fwidbmgr/include/Grid.h:1695) Grid idi configured.
2018-09-18 05:08:45,599 null [INFO] (../src/fwidbmgr.cpp:2081) Storing FWI indexes ...
2018-09-18 05:09:04,714 null [INFO] (../src/fwidbmgr.cpp:5555) OK --> 20180917 data imported.
2018-09-18 05:09:04,715 null [INFO] (../src/fwidbmgr.cpp:5695) action out took about 26 seconds.
2018-09-18 05:09:04,716 null [INFO] (../src/fwidbmgr.cpp:5699) Disconnected from database.
2018-09-18 05:09:04,955 null [INFO] (../src/fwidbmgr.cpp:5361) fwi db manager
2018-09-18 05:09:04,955 null [INFO] (../src/fwidbmgr.cpp:5365) Program home: /home/meteo/dev/redist/fwidbmgr
2018-09-18 05:09:04,955 null [INFO] (../src/fwidbmgr.cpp:5369) Auto convert: 1
2018-09-18 05:09:04,955 null [INFO] (../src/fwidbmgr.cpp:446) action: computeidx.
2018-09-18 05:09:04,955 null [INFO] (../src/fwidbmgr.cpp:470) date: 20180917.
2018-09-18 05:09:04,956 null [INFO] (../src/fwidbmgr.cpp:322) Try to read: /home/meteo/dev/redist/fwidbmgr/config/fwidbmgr.conf.
2018-09-18 05:09:04,960 null [INFO] (../src/fwidbmgr.cpp:5393) Configuration parsing: OK.
2018-09-18 05:09:04,994 null [INFO] (../src/fwidbmgr.cpp:5478) Connected to database
2018-09-18 05:09:04,994 null [INFO] (../src/fwidbmgr.cpp:5480) Manage data for date: 20180917.
2018-09-18 05:09:04,994 null [INFO] (../src/fwidbmgr.cpp:5656) Computing indexes.
2018-09-18 05:09:04,996 null [INFO] (/home/meteo/dev/redist/fwidbmgr/include/Grid.h:1595) Configuring grid: isi
2018-09-18 05:09:04,996 null [INFO] (/home/meteo/dev/redist/fwidbmgr/include/Grid.h:1695) Grid isi configured.
2018-09-18 05:09:04,997 null [INFO] (/home/meteo/dev/redist/fwidbmgr/include/Grid.h:1595) Configuring grid: fwi
2018-09-18 05:09:04,997 null [INFO] (/home/meteo/dev/redist/fwidbmgr/include/Grid.h:1695) Grid fwi configured.
2018-09-18 05:09:04,998 null [INFO] (/home/meteo/dev/redist/fwidbmgr/include/Grid.h:1595) Configuring grid: ffmc
2018-09-18 05:09:04,999 null [INFO] (/home/meteo/dev/redist/fwidbmgr/include/Grid.h:1695) Grid ffmc configured.
2018-09-18 05:09:05,000 null [INFO] (/home/meteo/dev/redist/fwidbmgr/include/Grid.h:1595) Configuring grid: dmc
2018-09-18 05:09:05,000 null [INFO] (/home/meteo/dev/redist/fwidbmgr/include/Grid.h:1695) Grid dmc configured.
2018-09-18 05:09:05,001 null [INFO] (/home/meteo/dev/redist/fwidbmgr/include/Grid.h:1595) Configuring grid: dc
2018-09-18 05:09:05,001 null [INFO] (/home/meteo/dev/redist/fwidbmgr/include/Grid.h:1695) Grid dc configured.
2018-09-18 05:09:05,003 null [INFO] (/home/meteo/dev/redist/fwidbmgr/include/Grid.h:1595) Configuring grid: bui
2018-09-18 05:09:05,003 null [INFO] (/home/meteo/dev/redist/fwidbmgr/include/Grid.h:1695) Grid bui configured.
2018-09-18 05:09:05,004 null [INFO] (/home/meteo/dev/redist/fwidbmgr/include/Grid.h:1595) Configuring grid: ffmc_tmp
2018-09-18 05:09:05,004 null [INFO] (/home/meteo/dev/redist/fwidbmgr/include/Grid.h:1695) Grid ffmc_tmp configured.
2018-09-18 05:09:05,005 null [INFO] (/home/meteo/dev/redist/fwidbmgr/include/Grid.h:1595) Configuring grid: dmc_tmp
2018-09-18 05:09:05,005 null [INFO] (/home/meteo/dev/redist/fwidbmgr/include/Grid.h:1695) Grid dmc_tmp configured.
2018-09-18 05:09:05,007 null [INFO] (/home/meteo/dev/redist/fwidbmgr/include/Grid.h:1595) Configuring grid: dc_tmp
2018-09-18 05:09:05,007 null [INFO] (/home/meteo/dev/redist/fwidbmgr/include/Grid.h:1695) Grid dc_tmp configured.
2018-09-18 05:09:05,008 null [INFO] (/home/meteo/dev/redist/fwidbmgr/include/Grid.h:1595) Configuring grid: idi
2018-09-18 05:09:05,008 null [INFO] (/home/meteo/dev/redist/fwidbmgr/include/Grid.h:1695) Grid idi configured.
2018-09-18 05:09:05,010 null [INFO] (/home/meteo/dev/redist/fwidbmgr/include/Grid.h:1595) Configuring grid: angstrom
2018-09-18 05:09:05,010 null [INFO] (/home/meteo/dev/redist/fwidbmgr/include/Grid.h:1695) Grid angstrom configured.
2018-09-18 05:09:05,011 null [INFO] (/home/meteo/dev/redist/fwidbmgr/include/Grid.h:1595) Configuring grid: fmi
2018-09-18 05:09:05,011 null [INFO] (/home/meteo/dev/redist/fwidbmgr/include/Grid.h:1695) Grid fmi configured.
2018-09-18 05:09:05,012 null [INFO] (/home/meteo/dev/redist/fwidbmgr/include/Grid.h:1595) Configuring grid: sharples
2018-09-18 05:09:05,012 null [INFO] (/home/meteo/dev/redist/fwidbmgr/include/Grid.h:1695) Grid sharples configured.
2018-09-18 05:09:13,562 null [INFO] (/home/meteo/dev/redist/fwidbmgr/include/Grid.h:1595) Configuring grid: snow
2018-09-18 05:09:13,563 null [INFO] (/home/meteo/dev/redist/fwidbmgr/include/Grid.h:1695) Grid snow configured.
2018-09-18 05:09:13,563 null [INFO] (/home/meteo/dev/redist/fwidbmgr/include/Grid.h:1595) Configuring grid: snow_covering
2018-09-18 05:09:13,563 null [INFO] (/home/meteo/dev/redist/fwidbmgr/include/Grid.h:1695) Grid snow_covering configured.
2018-09-18 05:09:13,563 null [INFO] (/home/meteo/dev/redist/fwidbmgr/include/Grid.h:1595) Configuring grid: snow_dissolution
2018-09-18 05:09:13,563 null [INFO] (/home/meteo/dev/redist/fwidbmgr/include/Grid.h:1695) Grid snow_dissolution configured.
2018-09-18 05:09:13,563 null [INFO] (/home/meteo/dev/redist/fwidbmgr/include/Grid.h:1595) Configuring grid: temperature
2018-09-18 05:09:13,563 null [INFO] (/home/meteo/dev/redist/fwidbmgr/include/Grid.h:1695) Grid temperature configured.
2018-09-18 05:09:13,563 null [INFO] (/home/meteo/dev/redist/fwidbmgr/include/Grid.h:1595) Configuring grid: humidity
2018-09-18 05:09:13,563 null [INFO] (/home/meteo/dev/redist/fwidbmgr/include/Grid.h:1695) Grid humidity configured.
2018-09-18 05:09:13,563 null [INFO] (/home/meteo/dev/redist/fwidbmgr/include/Grid.h:1595) Configuring grid: windspeed
2018-09-18 05:09:13,564 null [INFO] (/home/meteo/dev/redist/fwidbmgr/include/Grid.h:1695) Grid windspeed configured.
2018-09-18 05:09:13,564 null [INFO] (/home/meteo/dev/redist/fwidbmgr/include/Grid.h:1595) Configuring grid: rain
2018-09-18 05:09:13,564 null [INFO] (/home/meteo/dev/redist/fwidbmgr/include/Grid.h:1695) Grid rain configured.
2018-09-18 05:09:13,564 null [INFO] (/home/meteo/dev/redist/fwidbmgr/include/Grid.h:1595) Configuring grid: cum_rain
2018-09-18 05:09:13,564 null [INFO] (/home/meteo/dev/redist/fwidbmgr/include/Grid.h:1695) Grid cum_rain configured.
2018-09-18 05:11:28,205 null [INFO] (../src/fwidbmgr.cpp:5660) OK --> 20180917 indexes computed.
2018-09-18 05:11:28,205 null [INFO] (../src/fwidbmgr.cpp:5695) action computeidx took about 144 seconds.
2018-09-18 05:11:28,206 null [INFO] (../src/fwidbmgr.cpp:5699) Disconnected from database.
2018-09-18 05:11:28,324 null [INFO] (../src/fwidbmgr.cpp:5361) fwi db manager
2018-09-18 05:11:28,325 null [INFO] (../src/fwidbmgr.cpp:5365) Program home: /home/meteo/dev/redist/fwidbmgr
2018-09-18 05:11:28,325 null [INFO] (../src/fwidbmgr.cpp:5369) Auto convert: 1
2018-09-18 05:11:28,325 null [INFO] (../src/fwidbmgr.cpp:446) action: exportidx.
2018-09-18 05:11:28,325 null [INFO] (../src/fwidbmgr.cpp:470) date: 20180917.
2018-09-18 05:11:28,325 null [INFO] (../src/fwidbmgr.cpp:322) Try to read: /home/meteo/dev/redist/fwidbmgr/config/fwidbmgr.conf.
2018-09-18 05:11:28,332 null [INFO] (../src/fwidbmgr.cpp:5393) Configuration parsing: OK.
2018-09-18 05:11:28,354 null [INFO] (../src/fwidbmgr.cpp:5478) Connected to database
2018-09-18 05:11:28,354 null [INFO] (../src/fwidbmgr.cpp:5480) Manage data for date: 20180917.
2018-09-18 05:11:28,354 null [INFO] (../src/fwidbmgr.cpp:5596) Exporting indexes.
2018-09-18 05:11:28,356 null [INFO] (/home/meteo/dev/redist/fwidbmgr/include/Grid.h:1595) Configuring grid: isi
2018-09-18 05:11:28,356 null [INFO] (/home/meteo/dev/redist/fwidbmgr/include/Grid.h:1695) Grid isi configured.
2018-09-18 05:11:28,357 null [INFO] (/home/meteo/dev/redist/fwidbmgr/include/Grid.h:1595) Configuring grid: fwi
2018-09-18 05:11:28,358 null [INFO] (/home/meteo/dev/redist/fwidbmgr/include/Grid.h:1695) Grid fwi configured.
2018-09-18 05:11:28,359 null [INFO] (/home/meteo/dev/redist/fwidbmgr/include/Grid.h:1595) Configuring grid: ffmc
2018-09-18 05:11:28,359 null [INFO] (/home/meteo/dev/redist/fwidbmgr/include/Grid.h:1695) Grid ffmc configured.
2018-09-18 05:11:28,360 null [INFO] (/home/meteo/dev/redist/fwidbmgr/include/Grid.h:1595) Configuring grid: dmc
2018-09-18 05:11:28,360 null [INFO] (/home/meteo/dev/redist/fwidbmgr/include/Grid.h:1695) Grid dmc configured.
2018-09-18 05:11:28,362 null [INFO] (/home/meteo/dev/redist/fwidbmgr/include/Grid.h:1595) Configuring grid: dc
2018-09-18 05:11:28,362 null [INFO] (/home/meteo/dev/redist/fwidbmgr/include/Grid.h:1695) Grid dc configured.
2018-09-18 05:11:28,363 null [INFO] (/home/meteo/dev/redist/fwidbmgr/include/Grid.h:1595) Configuring grid: bui
2018-09-18 05:11:28,363 null [INFO] (/home/meteo/dev/redist/fwidbmgr/include/Grid.h:1695) Grid bui configured.
2018-09-18 05:11:28,364 null [INFO] (/home/meteo/dev/redist/fwidbmgr/include/Grid.h:1595) Configuring grid: ffmc_tmp
2018-09-18 05:11:28,364 null [INFO] (/home/meteo/dev/redist/fwidbmgr/include/Grid.h:1695) Grid ffmc_tmp configured.
2018-09-18 05:11:28,366 null [INFO] (/home/meteo/dev/redist/fwidbmgr/include/Grid.h:1595) Configuring grid: dmc_tmp
2018-09-18 05:11:28,366 null [INFO] (/home/meteo/dev/redist/fwidbmgr/include/Grid.h:1695) Grid dmc_tmp configured.
2018-09-18 05:11:28,367 null [INFO] (/home/meteo/dev/redist/fwidbmgr/include/Grid.h:1595) Configuring grid: dc_tmp
2018-09-18 05:11:28,367 null [INFO] (/home/meteo/dev/redist/fwidbmgr/include/Grid.h:1695) Grid dc_tmp configured.
2018-09-18 05:11:28,368 null [INFO] (/home/meteo/dev/redist/fwidbmgr/include/Grid.h:1595) Configuring grid: idi
2018-09-18 05:11:28,369 null [INFO] (/home/meteo/dev/redist/fwidbmgr/include/Grid.h:1695) Grid idi configured.
2018-09-18 05:11:28,370 null [INFO] (/home/meteo/dev/redist/fwidbmgr/include/Grid.h:1595) Configuring grid: angstrom
2018-09-18 05:11:28,370 null [INFO] (/home/meteo/dev/redist/fwidbmgr/include/Grid.h:1695) Grid angstrom configured.
2018-09-18 05:11:28,371 null [INFO] (/home/meteo/dev/redist/fwidbmgr/include/Grid.h:1595) Configuring grid: fmi
2018-09-18 05:11:28,371 null [INFO] (/home/meteo/dev/redist/fwidbmgr/include/Grid.h:1695) Grid fmi configured.
2018-09-18 05:11:28,373 null [INFO] (/home/meteo/dev/redist/fwidbmgr/include/Grid.h:1595) Configuring grid: sharples
2018-09-18 05:11:28,373 null [INFO] (/home/meteo/dev/redist/fwidbmgr/include/Grid.h:1695) Grid sharples configured.
2018-09-18 05:11:36,252 null [INFO] (/home/meteo/dev/redist/fwidbmgr/include/Grid.h:1595) Configuring grid: isi
2018-09-18 05:11:36,252 null [INFO] (/home/meteo/dev/redist/fwidbmgr/include/Grid.h:1695) Grid isi configured.
2018-09-18 05:11:36,307 null [INFO] (/home/meteo/dev/redist/fwidbmgr/include/Grid.h:1595) Configuring grid: fwi
2018-09-18 05:11:36,307 null [INFO] (/home/meteo/dev/redist/fwidbmgr/include/Grid.h:1695) Grid fwi configured.
2018-09-18 05:11:36,343 null [INFO] (/home/meteo/dev/redist/fwidbmgr/include/Grid.h:1595) Configuring grid: ffmc
2018-09-18 05:11:36,343 null [INFO] (/home/meteo/dev/redist/fwidbmgr/include/Grid.h:1695) Grid ffmc configured.
2018-09-18 05:11:36,382 null [INFO] (/home/meteo/dev/redist/fwidbmgr/include/Grid.h:1595) Configuring grid: dmc
2018-09-18 05:11:36,382 null [INFO] (/home/meteo/dev/redist/fwidbmgr/include/Grid.h:1695) Grid dmc configured.
2018-09-18 05:11:36,419 null [INFO] (/home/meteo/dev/redist/fwidbmgr/include/Grid.h:1595) Configuring grid: dc
2018-09-18 05:11:36,419 null [INFO] (/home/meteo/dev/redist/fwidbmgr/include/Grid.h:1695) Grid dc configured.
2018-09-18 05:11:36,457 null [INFO] (/home/meteo/dev/redist/fwidbmgr/include/Grid.h:1595) Configuring grid: bui
2018-09-18 05:11:36,457 null [INFO] (/home/meteo/dev/redist/fwidbmgr/include/Grid.h:1695) Grid bui configured.
2018-09-18 05:11:36,494 null [INFO] (/home/meteo/dev/redist/fwidbmgr/include/Grid.h:1595) Configuring grid: ffmc_tmp
2018-09-18 05:11:36,494 null [INFO] (/home/meteo/dev/redist/fwidbmgr/include/Grid.h:1695) Grid ffmc_tmp configured.
2018-09-18 05:11:36,530 null [INFO] (/home/meteo/dev/redist/fwidbmgr/include/Grid.h:1595) Configuring grid: dmc_tmp
2018-09-18 05:11:36,530 null [INFO] (/home/meteo/dev/redist/fwidbmgr/include/Grid.h:1695) Grid dmc_tmp configured.
2018-09-18 05:11:36,565 null [INFO] (/home/meteo/dev/redist/fwidbmgr/include/Grid.h:1595) Configuring grid: dc_tmp
2018-09-18 05:11:36,565 null [INFO] (/home/meteo/dev/redist/fwidbmgr/include/Grid.h:1695) Grid dc_tmp configured.
2018-09-18 05:11:36,601 null [INFO] (/home/meteo/dev/redist/fwidbmgr/include/Grid.h:1595) Configuring grid: angstrom
2018-09-18 05:11:36,601 null [INFO] (/home/meteo/dev/redist/fwidbmgr/include/Grid.h:1695) Grid angstrom configured.
2018-09-18 05:11:36,657 null [INFO] (/home/meteo/dev/redist/fwidbmgr/include/Grid.h:1595) Configuring grid: sharples
2018-09-18 05:11:36,657 null [INFO] (/home/meteo/dev/redist/fwidbmgr/include/Grid.h:1695) Grid sharples configured.
2018-09-18 05:11:36,696 null [INFO] (/home/meteo/dev/redist/fwidbmgr/include/Grid.h:1595) Configuring grid: fmi
2018-09-18 05:11:36,696 null [INFO] (/home/meteo/dev/redist/fwidbmgr/include/Grid.h:1695) Grid fmi configured.
2018-09-18 05:11:36,737 null [INFO] (../src/fwidbmgr.cpp:5600) OK --> 20180917 indexes exported to files.
2018-09-18 05:11:36,737 null [INFO] (../src/fwidbmgr.cpp:5695) action exportidx took about 8 seconds.
2018-09-18 05:11:36,740 null [INFO] (../src/fwidbmgr.cpp:5699) Disconnected from database.
2018-09-18 05:12:03,526 null [INFO] (../src/fwidbmgr.cpp:5361) fwi db manager
2018-09-18 05:12:03,526 null [INFO] (../src/fwidbmgr.cpp:5365) Program home: /home/meteo/dev/redist/fwidbmgr
2018-09-18 05:12:03,526 null [INFO] (../src/fwidbmgr.cpp:5369) Auto convert: 1
2018-09-18 05:12:03,526 null [INFO] (../src/fwidbmgr.cpp:446) action: outimg.
2018-09-18 05:12:03,526 null [INFO] (../src/fwidbmgr.cpp:470) date: 20180917.
2018-09-18 05:12:03,526 null [INFO] (../src/fwidbmgr.cpp:322) Try to read: /home/meteo/dev/redist/fwidbmgr/config/fwidbmgr.conf.
2018-09-18 05:12:03,530 null [INFO] (../src/fwidbmgr.cpp:5393) Configuration parsing: OK.
2018-09-18 05:12:03,533 null [INFO] (../src/fwidbmgr.cpp:5478) Connected to database
2018-09-18 05:12:03,533 null [INFO] (../src/fwidbmgr.cpp:5480) Manage data for date: 20180917.
2018-09-18 05:12:03,533 null [INFO] (../src/fwidbmgr.cpp:5566) Importing fwi indexes images in database.
2018-09-18 05:12:03,859 null [INFO] (../src/fwidbmgr.cpp:5570) OK --> 20180917 images imported.
2018-09-18 05:12:03,859 null [INFO] (../src/fwidbmgr.cpp:5695) action outimg took about 0 seconds.
2018-09-18 05:12:03,859 null [INFO] (../src/fwidbmgr.cpp:5699) Disconnected from database.
2018-09-18 05:37:02,089 null [INFO] (../src/fwidbmgr.cpp:5361) fwi db manager
2018-09-18 05:37:02,090 null [INFO] (../src/fwidbmgr.cpp:5365) Program home: /home/meteo/dev/redist/fwidbmgr
2018-09-18 05:37:02,090 null [INFO] (../src/fwidbmgr.cpp:5369) Auto convert: 1
2018-09-18 05:37:02,090 null [INFO] (../src/fwidbmgr.cpp:446) action: outimg.
2018-09-18 05:37:02,090 null [INFO] (../src/fwidbmgr.cpp:470) date: 20180917.
2018-09-18 05:37:02,090 null [INFO] (../src/fwidbmgr.cpp:322) Try to read: /home/meteo/dev/redist/fwidbmgr/config/fwidbmgr.conf.
2018-09-18 05:37:02,093 null [INFO] (../src/fwidbmgr.cpp:5393) Configuration parsing: OK.
2018-09-18 05:37:02,098 null [INFO] (../src/fwidbmgr.cpp:5478) Connected to database
2018-09-18 05:37:02,099 null [INFO] (../src/fwidbmgr.cpp:5480) Manage data for date: 20180917.
2018-09-18 05:37:02,099 null [INFO] (../src/fwidbmgr.cpp:5566) Importing fwi indexes images in database.
2018-09-18 05:37:02,193 null [INFO] (../src/fwidbmgr.cpp:5570) OK --> 20180917 images imported.
2018-09-18 05:37:02,193 null [INFO] (../src/fwidbmgr.cpp:5695) action outimg took about 0 seconds.
2018-09-18 05:37:02,193 null [INFO] (../src/fwidbmgr.cpp:5699) Disconnected from database.
2018-09-18 06:05:01,364 null [INFO] (../src/fwidbmgr.cpp:5361) fwi db manager
2018-09-18 06:05:01,364 null [INFO] (../src/fwidbmgr.cpp:5365) Program home: /home/meteo/dev/redist/fwidbmgr
2018-09-18 06:05:01,364 null [INFO] (../src/fwidbmgr.cpp:5369) Auto convert: 1
2018-09-18 06:05:01,364 null [INFO] (../src/fwidbmgr.cpp:446) action: outimg.
2018-09-18 06:05:01,364 null [INFO] (../src/fwidbmgr.cpp:470) date: 20180917.
2018-09-18 06:05:01,364 null [INFO] (../src/fwidbmgr.cpp:322) Try to read: /home/meteo/dev/redist/fwidbmgr/config/fwidbmgr.conf.
2018-09-18 06:05:01,366 null [INFO] (../src/fwidbmgr.cpp:5393) Configuration parsing: OK.
2018-09-18 06:05:01,376 null [INFO] (../src/fwidbmgr.cpp:5478) Connected to database
2018-09-18 06:05:01,376 null [INFO] (../src/fwidbmgr.cpp:5480) Manage data for date: 20180917.
2018-09-18 06:05:01,376 null [INFO] (../src/fwidbmgr.cpp:5566) Importing fwi indexes images in database.
2018-09-18 06:05:01,447 null [INFO] (../src/fwidbmgr.cpp:5570) OK --> 20180917 images imported.
2018-09-18 06:05:01,447 null [INFO] (../src/fwidbmgr.cpp:5695) action outimg took about 0 seconds.
2018-09-18 06:05:01,447 null [INFO] (../src/fwidbmgr.cpp:5699) Disconnected from database.
2018-09-18 06:37:01,651 null [INFO] (../src/fwidbmgr.cpp:5361) fwi db manager
2018-09-18 06:37:01,651 null [INFO] (../src/fwidbmgr.cpp:5365) Program home: /home/meteo/dev/redist/fwidbmgr
2018-09-18 06:37:01,651 null [INFO] (../src/fwidbmgr.cpp:5369) Auto convert: 1
2018-09-18 06:37:01,651 null [INFO] (../src/fwidbmgr.cpp:446) action: outimg.
2018-09-18 06:37:01,651 null [INFO] (../src/fwidbmgr.cpp:470) date: 20180917.
2018-09-18 06:37:01,651 null [INFO] (../src/fwidbmgr.cpp:322) Try to read: /home/meteo/dev/redist/fwidbmgr/config/fwidbmgr.conf.
2018-09-18 06:37:01,660 null [INFO] (../src/fwidbmgr.cpp:5393) Configuration parsing: OK.
2018-09-18 06:37:01,674 null [INFO] (../src/fwidbmgr.cpp:5478) Connected to database
2018-09-18 06:37:01,674 null [INFO] (../src/fwidbmgr.cpp:5480) Manage data for date: 20180917.
2018-09-18 06:37:01,674 null [INFO] (../src/fwidbmgr.cpp:5566) Importing fwi indexes images in database.
2018-09-18 06:37:01,776 null [INFO] (../src/fwidbmgr.cpp:5570) OK --> 20180917 images imported.
2018-09-18 06:37:01,776 null [INFO] (../src/fwidbmgr.cpp:5695) action outimg took about 0 seconds.
2018-09-18 06:37:01,776 null [INFO] (../src/fwidbmgr.cpp:5699) Disconnected from database.
2018-09-18 07:05:02,051 null [INFO] (../src/fwidbmgr.cpp:5361) fwi db manager
2018-09-18 07:05:02,051 null [INFO] (../src/fwidbmgr.cpp:5365) Program home: /home/meteo/dev/redist/fwidbmgr
2018-09-18 07:05:02,051 null [INFO] (../src/fwidbmgr.cpp:5369) Auto convert: 1
2018-09-18 07:05:02,051 null [INFO] (../src/fwidbmgr.cpp:446) action: outimg.
2018-09-18 07:05:02,051 null [INFO] (../src/fwidbmgr.cpp:470) date: 20180917.
2018-09-18 07:05:02,051 null [INFO] (../src/fwidbmgr.cpp:322) Try to read: /home/meteo/dev/redist/fwidbmgr/config/fwidbmgr.conf.
2018-09-18 07:05:02,056 null [INFO] (../src/fwidbmgr.cpp:5393) Configuration parsing: OK.
2018-09-18 07:05:02,086 null [INFO] (../src/fwidbmgr.cpp:5478) Connected to database
2018-09-18 07:05:02,087 null [INFO] (../src/fwidbmgr.cpp:5480) Manage data for date: 20180917.
2018-09-18 07:05:02,087 null [INFO] (../src/fwidbmgr.cpp:5566) Importing fwi indexes images in database.
2018-09-18 07:05:02,233 null [INFO] (../src/fwidbmgr.cpp:5570) OK --> 20180917 images imported.
2018-09-18 07:05:02,234 null [INFO] (../src/fwidbmgr.cpp:5695) action outimg took about 0 seconds.
2018-09-18 07:05:02,234 null [INFO] (../src/fwidbmgr.cpp:5699) Disconnected from database.
2018-09-18 07:37:01,374 null [INFO] (../src/fwidbmgr.cpp:5361) fwi db manager
2018-09-18 07:37:01,374 null [INFO] (../src/fwidbmgr.cpp:5365) Program home: /home/meteo/dev/redist/fwidbmgr
2018-09-18 07:37:01,374 null [INFO] (../src/fwidbmgr.cpp:5369) Auto convert: 1
2018-09-18 07:37:01,374 null [INFO] (../src/fwidbmgr.cpp:446) action: outimg.
2018-09-18 07:37:01,375 null [INFO] (../src/fwidbmgr.cpp:470) date: 20180917.
2018-09-18 07:37:01,375 null [INFO] (../src/fwidbmgr.cpp:322) Try to read: /home/meteo/dev/redist/fwidbmgr/config/fwidbmgr.conf.
2018-09-18 07:37:01,376 null [INFO] (../src/fwidbmgr.cpp:5393) Configuration parsing: OK.
2018-09-18 07:37:01,382 null [INFO] (../src/fwidbmgr.cpp:5478) Connected to database
2018-09-18 07:37:01,382 null [INFO] (../src/fwidbmgr.cpp:5480) Manage data for date: 20180917.
2018-09-18 07:37:01,382 null [INFO] (../src/fwidbmgr.cpp:5566) Importing fwi indexes images in database.
2018-09-18 07:37:01,528 null [INFO] (../src/fwidbmgr.cpp:5570) OK --> 20180917 images imported.
2018-09-18 07:37:01,528 null [INFO] (../src/fwidbmgr.cpp:5695) action outimg took about 0 seconds.
2018-09-18 07:37:01,528 null [INFO] (../src/fwidbmgr.cpp:5699) Disconnected from database.
