2016-07-12 05:07:37,764 null [INFO] (../src/fwidbmgr.cpp:5207) fwi db manager
2016-07-12 05:07:41,116 null [INFO] (../src/fwidbmgr.cpp:5209) Program home: /home/meteo/dev/redist/fwidbmgr
2016-07-12 05:07:41,116 null [INFO] (../src/fwidbmgr.cpp:5211) Auto convert: 1
2016-07-12 05:07:41,116 null [INFO] (../src/fwidbmgr.cpp:458) action: in.
2016-07-12 05:07:41,116 null [INFO] (../src/fwidbmgr.cpp:482) date: 20160711.
2016-07-12 05:07:41,116 null [INFO] (../src/fwidbmgr.cpp:319) Try to read: /home/meteo/dev/redist/fwidbmgr/config/fwidbmgr.conf.
2016-07-12 05:07:41,326 null [INFO] (../src/fwidbmgr.cpp:5240) Configuration parsing: OK.
2016-07-12 05:07:43,336 null [INFO] (../src/fwidbmgr.cpp:5322) Connected to database
2016-07-12 05:07:43,336 null [INFO] (../src/fwidbmgr.cpp:5323) Manage data for date: 20160711.
2016-07-12 05:07:43,336 null [INFO] (../src/fwidbmgr.cpp:5367) Importing meteo data in database for day: 20160711.
2016-07-12 05:07:43,337 null [INFO] (/home/meteo/dev/redist/fwidbmgr/include/Grid.h:1595) Configuring grid: snow
2016-07-12 05:07:43,338 null [INFO] (/home/meteo/dev/redist/fwidbmgr/include/Grid.h:1695) Grid snow configured.
2016-07-12 05:07:43,349 null [INFO] (/home/meteo/dev/redist/fwidbmgr/include/Grid.h:1595) Configuring grid: snow_covering
2016-07-12 05:07:43,349 null [INFO] (/home/meteo/dev/redist/fwidbmgr/include/Grid.h:1695) Grid snow_covering configured.
2016-07-12 05:07:43,362 null [INFO] (/home/meteo/dev/redist/fwidbmgr/include/Grid.h:1595) Configuring grid: snow_dissolution
2016-07-12 05:07:43,362 null [INFO] (/home/meteo/dev/redist/fwidbmgr/include/Grid.h:1695) Grid snow_dissolution configured.
2016-07-12 05:07:43,385 null [INFO] (/home/meteo/dev/redist/fwidbmgr/include/Grid.h:1595) Configuring grid: temperature
2016-07-12 05:07:43,386 null [INFO] (/home/meteo/dev/redist/fwidbmgr/include/Grid.h:1695) Grid temperature configured.
2016-07-12 05:07:43,391 null [INFO] (/home/meteo/dev/redist/fwidbmgr/include/Grid.h:1595) Configuring grid: humidity
2016-07-12 05:07:43,391 null [INFO] (/home/meteo/dev/redist/fwidbmgr/include/Grid.h:1695) Grid humidity configured.
2016-07-12 05:07:43,401 null [INFO] (/home/meteo/dev/redist/fwidbmgr/include/Grid.h:1595) Configuring grid: windspeed
2016-07-12 05:07:43,402 null [INFO] (/home/meteo/dev/redist/fwidbmgr/include/Grid.h:1695) Grid windspeed configured.
2016-07-12 05:07:43,424 null [INFO] (/home/meteo/dev/redist/fwidbmgr/include/Grid.h:1595) Configuring grid: rain
2016-07-12 05:07:43,424 null [INFO] (/home/meteo/dev/redist/fwidbmgr/include/Grid.h:1695) Grid rain configured.
2016-07-12 05:07:43,427 null [INFO] (/home/meteo/dev/redist/fwidbmgr/include/Grid.h:1595) Configuring grid: cum_rain
2016-07-12 05:07:43,428 null [INFO] (/home/meteo/dev/redist/fwidbmgr/include/Grid.h:1695) Grid cum_rain configured.
2016-07-12 05:10:07,479 null [INFO] (../src/fwidbmgr.cpp:1502) Storing meteo input ...
2016-07-12 05:15:50,203 null [INFO] (../src/fwidbmgr.cpp:5370) OK --> 20160711 data imported.
2016-07-12 05:15:50,293 null [INFO] (../src/fwidbmgr.cpp:5496) action in took about 487 seconds.
2016-07-12 05:15:50,810 null [INFO] (../src/fwidbmgr.cpp:5499) Disconnected from database.
2016-07-12 05:17:41,852 null [INFO] (../src/fwidbmgr.cpp:5207) fwi db manager
2016-07-12 05:17:41,852 null [INFO] (../src/fwidbmgr.cpp:5209) Program home: /home/meteo/dev/redist/fwidbmgr
2016-07-12 05:17:41,852 null [INFO] (../src/fwidbmgr.cpp:5211) Auto convert: 1
2016-07-12 05:17:41,852 null [INFO] (../src/fwidbmgr.cpp:458) action: out.
2016-07-12 05:17:41,852 null [INFO] (../src/fwidbmgr.cpp:482) date: 20160711.
2016-07-12 05:17:41,852 null [INFO] (../src/fwidbmgr.cpp:319) Try to read: /home/meteo/dev/redist/fwidbmgr/config/fwidbmgr.conf.
2016-07-12 05:17:41,911 null [INFO] (../src/fwidbmgr.cpp:5240) Configuration parsing: OK.
2016-07-12 05:17:41,988 null [INFO] (../src/fwidbmgr.cpp:5322) Connected to database
2016-07-12 05:17:41,988 null [INFO] (../src/fwidbmgr.cpp:5323) Manage data for date: 20160711.
2016-07-12 05:17:41,988 null [INFO] (../src/fwidbmgr.cpp:5379) Importing fwi indexes data in database for day: 20160711.
2016-07-12 05:17:41,997 null [INFO] (/home/meteo/dev/redist/fwidbmgr/include/Grid.h:1595) Configuring grid: isi
2016-07-12 05:17:41,998 null [INFO] (/home/meteo/dev/redist/fwidbmgr/include/Grid.h:1695) Grid isi configured.
2016-07-12 05:17:42,012 null [INFO] (/home/meteo/dev/redist/fwidbmgr/include/Grid.h:1595) Configuring grid: fwi
2016-07-12 05:17:42,013 null [INFO] (/home/meteo/dev/redist/fwidbmgr/include/Grid.h:1695) Grid fwi configured.
2016-07-12 05:17:42,026 null [INFO] (/home/meteo/dev/redist/fwidbmgr/include/Grid.h:1595) Configuring grid: ffmc
2016-07-12 05:17:42,026 null [INFO] (/home/meteo/dev/redist/fwidbmgr/include/Grid.h:1695) Grid ffmc configured.
2016-07-12 05:17:42,040 null [INFO] (/home/meteo/dev/redist/fwidbmgr/include/Grid.h:1595) Configuring grid: dmc
2016-07-12 05:17:42,040 null [INFO] (/home/meteo/dev/redist/fwidbmgr/include/Grid.h:1695) Grid dmc configured.
2016-07-12 05:17:42,054 null [INFO] (/home/meteo/dev/redist/fwidbmgr/include/Grid.h:1595) Configuring grid: dc
2016-07-12 05:17:42,054 null [INFO] (/home/meteo/dev/redist/fwidbmgr/include/Grid.h:1695) Grid dc configured.
2016-07-12 05:17:42,068 null [INFO] (/home/meteo/dev/redist/fwidbmgr/include/Grid.h:1595) Configuring grid: bui
2016-07-12 05:17:42,068 null [INFO] (/home/meteo/dev/redist/fwidbmgr/include/Grid.h:1695) Grid bui configured.
2016-07-12 05:17:42,082 null [INFO] (/home/meteo/dev/redist/fwidbmgr/include/Grid.h:1595) Configuring grid: ffmc_tmp
2016-07-12 05:17:42,082 null [INFO] (/home/meteo/dev/redist/fwidbmgr/include/Grid.h:1695) Grid ffmc_tmp configured.
2016-07-12 05:17:42,180 null [INFO] (/home/meteo/dev/redist/fwidbmgr/include/Grid.h:1595) Configuring grid: dmc_tmp
2016-07-12 05:17:42,180 null [INFO] (/home/meteo/dev/redist/fwidbmgr/include/Grid.h:1695) Grid dmc_tmp configured.
2016-07-12 05:17:42,291 null [INFO] (/home/meteo/dev/redist/fwidbmgr/include/Grid.h:1595) Configuring grid: dc_tmp
2016-07-12 05:17:42,291 null [INFO] (/home/meteo/dev/redist/fwidbmgr/include/Grid.h:1695) Grid dc_tmp configured.
2016-07-12 05:17:42,312 null [INFO] (/home/meteo/dev/redist/fwidbmgr/include/Grid.h:1595) Configuring grid: idi
2016-07-12 05:17:42,312 null [INFO] (/home/meteo/dev/redist/fwidbmgr/include/Grid.h:1695) Grid idi configured.
2016-07-12 05:18:38,923 null [INFO] (../src/fwidbmgr.cpp:2045) Storing FWI indexes ...
2016-07-12 05:22:23,085 null [INFO] (../src/fwidbmgr.cpp:5382) OK --> 20160711 data imported.
2016-07-12 05:22:23,106 null [INFO] (../src/fwidbmgr.cpp:5496) action out took about 282 seconds.
2016-07-12 05:22:23,107 null [INFO] (../src/fwidbmgr.cpp:5499) Disconnected from database.
2016-07-12 05:22:24,811 null [INFO] (../src/fwidbmgr.cpp:5207) fwi db manager
2016-07-12 05:22:24,811 null [INFO] (../src/fwidbmgr.cpp:5209) Program home: /home/meteo/dev/redist/fwidbmgr
2016-07-12 05:22:24,811 null [INFO] (../src/fwidbmgr.cpp:5211) Auto convert: 1
2016-07-12 05:22:24,811 null [INFO] (../src/fwidbmgr.cpp:458) action: computeidx.
2016-07-12 05:22:24,811 null [INFO] (../src/fwidbmgr.cpp:482) date: 20160711.
2016-07-12 05:22:24,811 null [INFO] (../src/fwidbmgr.cpp:319) Try to read: /home/meteo/dev/redist/fwidbmgr/config/fwidbmgr.conf.
2016-07-12 05:22:24,833 null [INFO] (../src/fwidbmgr.cpp:5240) Configuration parsing: OK.
2016-07-12 05:22:24,982 null [INFO] (../src/fwidbmgr.cpp:5322) Connected to database
2016-07-12 05:22:24,982 null [INFO] (../src/fwidbmgr.cpp:5323) Manage data for date: 20160711.
2016-07-12 05:22:24,982 null [INFO] (../src/fwidbmgr.cpp:5463) Computing indexes.
2016-07-12 05:22:24,983 null [INFO] (/home/meteo/dev/redist/fwidbmgr/include/Grid.h:1595) Configuring grid: isi
2016-07-12 05:22:24,984 null [INFO] (/home/meteo/dev/redist/fwidbmgr/include/Grid.h:1695) Grid isi configured.
2016-07-12 05:22:24,985 null [INFO] (/home/meteo/dev/redist/fwidbmgr/include/Grid.h:1595) Configuring grid: fwi
2016-07-12 05:22:24,985 null [INFO] (/home/meteo/dev/redist/fwidbmgr/include/Grid.h:1695) Grid fwi configured.
2016-07-12 05:22:24,987 null [INFO] (/home/meteo/dev/redist/fwidbmgr/include/Grid.h:1595) Configuring grid: ffmc
2016-07-12 05:22:24,990 null [INFO] (/home/meteo/dev/redist/fwidbmgr/include/Grid.h:1695) Grid ffmc configured.
2016-07-12 05:22:24,992 null [INFO] (/home/meteo/dev/redist/fwidbmgr/include/Grid.h:1595) Configuring grid: dmc
2016-07-12 05:22:24,992 null [INFO] (/home/meteo/dev/redist/fwidbmgr/include/Grid.h:1695) Grid dmc configured.
2016-07-12 05:22:24,993 null [INFO] (/home/meteo/dev/redist/fwidbmgr/include/Grid.h:1595) Configuring grid: dc
2016-07-12 05:22:24,993 null [INFO] (/home/meteo/dev/redist/fwidbmgr/include/Grid.h:1695) Grid dc configured.
2016-07-12 05:22:24,995 null [INFO] (/home/meteo/dev/redist/fwidbmgr/include/Grid.h:1595) Configuring grid: bui
2016-07-12 05:22:24,995 null [INFO] (/home/meteo/dev/redist/fwidbmgr/include/Grid.h:1695) Grid bui configured.
2016-07-12 05:22:24,996 null [INFO] (/home/meteo/dev/redist/fwidbmgr/include/Grid.h:1595) Configuring grid: ffmc_tmp
2016-07-12 05:22:24,996 null [INFO] (/home/meteo/dev/redist/fwidbmgr/include/Grid.h:1695) Grid ffmc_tmp configured.
2016-07-12 05:22:24,998 null [INFO] (/home/meteo/dev/redist/fwidbmgr/include/Grid.h:1595) Configuring grid: dmc_tmp
2016-07-12 05:22:24,998 null [INFO] (/home/meteo/dev/redist/fwidbmgr/include/Grid.h:1695) Grid dmc_tmp configured.
2016-07-12 05:22:24,999 null [INFO] (/home/meteo/dev/redist/fwidbmgr/include/Grid.h:1595) Configuring grid: dc_tmp
2016-07-12 05:22:24,999 null [INFO] (/home/meteo/dev/redist/fwidbmgr/include/Grid.h:1695) Grid dc_tmp configured.
2016-07-12 05:22:25,001 null [INFO] (/home/meteo/dev/redist/fwidbmgr/include/Grid.h:1595) Configuring grid: idi
2016-07-12 05:22:25,001 null [INFO] (/home/meteo/dev/redist/fwidbmgr/include/Grid.h:1695) Grid idi configured.
2016-07-12 05:22:25,002 null [INFO] (/home/meteo/dev/redist/fwidbmgr/include/Grid.h:1595) Configuring grid: angstrom
2016-07-12 05:22:25,002 null [INFO] (/home/meteo/dev/redist/fwidbmgr/include/Grid.h:1695) Grid angstrom configured.
2016-07-12 05:22:25,004 null [INFO] (/home/meteo/dev/redist/fwidbmgr/include/Grid.h:1595) Configuring grid: fmi
2016-07-12 05:22:25,004 null [INFO] (/home/meteo/dev/redist/fwidbmgr/include/Grid.h:1695) Grid fmi configured.
2016-07-12 05:22:25,005 null [INFO] (/home/meteo/dev/redist/fwidbmgr/include/Grid.h:1595) Configuring grid: sharples
2016-07-12 05:22:25,006 null [INFO] (/home/meteo/dev/redist/fwidbmgr/include/Grid.h:1695) Grid sharples configured.
2016-07-12 05:23:19,003 null [INFO] (/home/meteo/dev/redist/fwidbmgr/include/Grid.h:1595) Configuring grid: snow
2016-07-12 05:23:19,004 null [INFO] (/home/meteo/dev/redist/fwidbmgr/include/Grid.h:1695) Grid snow configured.
2016-07-12 05:23:19,004 null [INFO] (/home/meteo/dev/redist/fwidbmgr/include/Grid.h:1595) Configuring grid: snow_covering
2016-07-12 05:23:19,004 null [INFO] (/home/meteo/dev/redist/fwidbmgr/include/Grid.h:1695) Grid snow_covering configured.
2016-07-12 05:23:19,005 null [INFO] (/home/meteo/dev/redist/fwidbmgr/include/Grid.h:1595) Configuring grid: snow_dissolution
2016-07-12 05:23:19,005 null [INFO] (/home/meteo/dev/redist/fwidbmgr/include/Grid.h:1695) Grid snow_dissolution configured.
2016-07-12 05:23:19,005 null [INFO] (/home/meteo/dev/redist/fwidbmgr/include/Grid.h:1595) Configuring grid: temperature
2016-07-12 05:23:19,005 null [INFO] (/home/meteo/dev/redist/fwidbmgr/include/Grid.h:1695) Grid temperature configured.
2016-07-12 05:23:19,005 null [INFO] (/home/meteo/dev/redist/fwidbmgr/include/Grid.h:1595) Configuring grid: humidity
2016-07-12 05:23:19,005 null [INFO] (/home/meteo/dev/redist/fwidbmgr/include/Grid.h:1695) Grid humidity configured.
2016-07-12 05:23:19,005 null [INFO] (/home/meteo/dev/redist/fwidbmgr/include/Grid.h:1595) Configuring grid: windspeed
2016-07-12 05:23:19,006 null [INFO] (/home/meteo/dev/redist/fwidbmgr/include/Grid.h:1695) Grid windspeed configured.
2016-07-12 05:23:19,006 null [INFO] (/home/meteo/dev/redist/fwidbmgr/include/Grid.h:1595) Configuring grid: rain
2016-07-12 05:23:19,006 null [INFO] (/home/meteo/dev/redist/fwidbmgr/include/Grid.h:1695) Grid rain configured.
2016-07-12 05:23:19,006 null [INFO] (/home/meteo/dev/redist/fwidbmgr/include/Grid.h:1595) Configuring grid: cum_rain
2016-07-12 05:23:19,006 null [INFO] (/home/meteo/dev/redist/fwidbmgr/include/Grid.h:1695) Grid cum_rain configured.
2016-07-12 05:27:08,735 null [INFO] (../src/fwidbmgr.cpp:5466) OK --> 20160711 indexes computed.
2016-07-12 05:27:08,749 null [INFO] (../src/fwidbmgr.cpp:5496) action computeidx took about 284 seconds.
2016-07-12 05:27:08,749 null [INFO] (../src/fwidbmgr.cpp:5499) Disconnected from database.
2016-07-12 05:27:09,447 null [INFO] (../src/fwidbmgr.cpp:5207) fwi db manager
2016-07-12 05:27:09,447 null [INFO] (../src/fwidbmgr.cpp:5209) Program home: /home/meteo/dev/redist/fwidbmgr
2016-07-12 05:27:09,447 null [INFO] (../src/fwidbmgr.cpp:5211) Auto convert: 1
2016-07-12 05:27:09,448 null [INFO] (../src/fwidbmgr.cpp:458) action: exportidx.
2016-07-12 05:27:09,448 null [INFO] (../src/fwidbmgr.cpp:482) date: 20160711.
2016-07-12 05:27:09,448 null [INFO] (../src/fwidbmgr.cpp:319) Try to read: /home/meteo/dev/redist/fwidbmgr/config/fwidbmgr.conf.
2016-07-12 05:27:09,473 null [INFO] (../src/fwidbmgr.cpp:5240) Configuration parsing: OK.
2016-07-12 05:27:09,549 null [INFO] (../src/fwidbmgr.cpp:5322) Connected to database
2016-07-12 05:27:09,549 null [INFO] (../src/fwidbmgr.cpp:5323) Manage data for date: 20160711.
2016-07-12 05:27:09,550 null [INFO] (../src/fwidbmgr.cpp:5415) Exporting indexes.
2016-07-12 05:27:09,551 null [INFO] (/home/meteo/dev/redist/fwidbmgr/include/Grid.h:1595) Configuring grid: isi
2016-07-12 05:27:09,551 null [INFO] (/home/meteo/dev/redist/fwidbmgr/include/Grid.h:1695) Grid isi configured.
2016-07-12 05:27:09,553 null [INFO] (/home/meteo/dev/redist/fwidbmgr/include/Grid.h:1595) Configuring grid: fwi
2016-07-12 05:27:09,553 null [INFO] (/home/meteo/dev/redist/fwidbmgr/include/Grid.h:1695) Grid fwi configured.
2016-07-12 05:27:09,555 null [INFO] (/home/meteo/dev/redist/fwidbmgr/include/Grid.h:1595) Configuring grid: ffmc
2016-07-12 05:27:09,555 null [INFO] (/home/meteo/dev/redist/fwidbmgr/include/Grid.h:1695) Grid ffmc configured.
2016-07-12 05:27:09,556 null [INFO] (/home/meteo/dev/redist/fwidbmgr/include/Grid.h:1595) Configuring grid: dmc
2016-07-12 05:27:09,556 null [INFO] (/home/meteo/dev/redist/fwidbmgr/include/Grid.h:1695) Grid dmc configured.
2016-07-12 05:27:09,558 null [INFO] (/home/meteo/dev/redist/fwidbmgr/include/Grid.h:1595) Configuring grid: dc
2016-07-12 05:27:09,558 null [INFO] (/home/meteo/dev/redist/fwidbmgr/include/Grid.h:1695) Grid dc configured.
2016-07-12 05:27:09,559 null [INFO] (/home/meteo/dev/redist/fwidbmgr/include/Grid.h:1595) Configuring grid: bui
2016-07-12 05:27:09,559 null [INFO] (/home/meteo/dev/redist/fwidbmgr/include/Grid.h:1695) Grid bui configured.
2016-07-12 05:27:09,561 null [INFO] (/home/meteo/dev/redist/fwidbmgr/include/Grid.h:1595) Configuring grid: ffmc_tmp
2016-07-12 05:27:09,561 null [INFO] (/home/meteo/dev/redist/fwidbmgr/include/Grid.h:1695) Grid ffmc_tmp configured.
2016-07-12 05:27:09,563 null [INFO] (/home/meteo/dev/redist/fwidbmgr/include/Grid.h:1595) Configuring grid: dmc_tmp
2016-07-12 05:27:09,563 null [INFO] (/home/meteo/dev/redist/fwidbmgr/include/Grid.h:1695) Grid dmc_tmp configured.
2016-07-12 05:27:09,564 null [INFO] (/home/meteo/dev/redist/fwidbmgr/include/Grid.h:1595) Configuring grid: dc_tmp
2016-07-12 05:27:09,564 null [INFO] (/home/meteo/dev/redist/fwidbmgr/include/Grid.h:1695) Grid dc_tmp configured.
2016-07-12 05:27:09,566 null [INFO] (/home/meteo/dev/redist/fwidbmgr/include/Grid.h:1595) Configuring grid: idi
2016-07-12 05:27:09,566 null [INFO] (/home/meteo/dev/redist/fwidbmgr/include/Grid.h:1695) Grid idi configured.
2016-07-12 05:27:09,567 null [INFO] (/home/meteo/dev/redist/fwidbmgr/include/Grid.h:1595) Configuring grid: angstrom
2016-07-12 05:27:09,568 null [INFO] (/home/meteo/dev/redist/fwidbmgr/include/Grid.h:1695) Grid angstrom configured.
2016-07-12 05:27:09,569 null [INFO] (/home/meteo/dev/redist/fwidbmgr/include/Grid.h:1595) Configuring grid: fmi
2016-07-12 05:27:09,569 null [INFO] (/home/meteo/dev/redist/fwidbmgr/include/Grid.h:1695) Grid fmi configured.
2016-07-12 05:27:09,571 null [INFO] (/home/meteo/dev/redist/fwidbmgr/include/Grid.h:1595) Configuring grid: sharples
2016-07-12 05:27:09,571 null [INFO] (/home/meteo/dev/redist/fwidbmgr/include/Grid.h:1695) Grid sharples configured.
2016-07-12 05:27:33,949 null [INFO] (/home/meteo/dev/redist/fwidbmgr/include/Grid.h:1595) Configuring grid: isi
2016-07-12 05:27:33,950 null [INFO] (/home/meteo/dev/redist/fwidbmgr/include/Grid.h:1695) Grid isi configured.
2016-07-12 05:27:34,080 null [INFO] (/home/meteo/dev/redist/fwidbmgr/include/Grid.h:1595) Configuring grid: fwi
2016-07-12 05:27:34,080 null [INFO] (/home/meteo/dev/redist/fwidbmgr/include/Grid.h:1695) Grid fwi configured.
2016-07-12 05:27:34,121 null [INFO] (/home/meteo/dev/redist/fwidbmgr/include/Grid.h:1595) Configuring grid: ffmc
2016-07-12 05:27:34,122 null [INFO] (/home/meteo/dev/redist/fwidbmgr/include/Grid.h:1695) Grid ffmc configured.
2016-07-12 05:27:34,165 null [INFO] (/home/meteo/dev/redist/fwidbmgr/include/Grid.h:1595) Configuring grid: dmc
2016-07-12 05:27:34,165 null [INFO] (/home/meteo/dev/redist/fwidbmgr/include/Grid.h:1695) Grid dmc configured.
2016-07-12 05:27:34,207 null [INFO] (/home/meteo/dev/redist/fwidbmgr/include/Grid.h:1595) Configuring grid: dc
2016-07-12 05:27:34,207 null [INFO] (/home/meteo/dev/redist/fwidbmgr/include/Grid.h:1695) Grid dc configured.
2016-07-12 05:27:34,248 null [INFO] (/home/meteo/dev/redist/fwidbmgr/include/Grid.h:1595) Configuring grid: bui
2016-07-12 05:27:34,248 null [INFO] (/home/meteo/dev/redist/fwidbmgr/include/Grid.h:1695) Grid bui configured.
2016-07-12 05:27:34,289 null [INFO] (/home/meteo/dev/redist/fwidbmgr/include/Grid.h:1595) Configuring grid: ffmc_tmp
2016-07-12 05:27:34,289 null [INFO] (/home/meteo/dev/redist/fwidbmgr/include/Grid.h:1695) Grid ffmc_tmp configured.
2016-07-12 05:27:34,332 null [INFO] (/home/meteo/dev/redist/fwidbmgr/include/Grid.h:1595) Configuring grid: dmc_tmp
2016-07-12 05:27:34,332 null [INFO] (/home/meteo/dev/redist/fwidbmgr/include/Grid.h:1695) Grid dmc_tmp configured.
2016-07-12 05:27:34,372 null [INFO] (/home/meteo/dev/redist/fwidbmgr/include/Grid.h:1595) Configuring grid: dc_tmp
2016-07-12 05:27:34,372 null [INFO] (/home/meteo/dev/redist/fwidbmgr/include/Grid.h:1695) Grid dc_tmp configured.
2016-07-12 05:27:34,412 null [INFO] (/home/meteo/dev/redist/fwidbmgr/include/Grid.h:1595) Configuring grid: angstrom
2016-07-12 05:27:34,412 null [INFO] (/home/meteo/dev/redist/fwidbmgr/include/Grid.h:1695) Grid angstrom configured.
2016-07-12 05:27:34,769 null [INFO] (/home/meteo/dev/redist/fwidbmgr/include/Grid.h:1595) Configuring grid: sharples
2016-07-12 05:27:34,769 null [INFO] (/home/meteo/dev/redist/fwidbmgr/include/Grid.h:1695) Grid sharples configured.
2016-07-12 05:27:34,825 null [INFO] (/home/meteo/dev/redist/fwidbmgr/include/Grid.h:1595) Configuring grid: fmi
2016-07-12 05:27:34,825 null [INFO] (/home/meteo/dev/redist/fwidbmgr/include/Grid.h:1695) Grid fmi configured.
2016-07-12 05:27:34,890 null [INFO] (../src/fwidbmgr.cpp:5418) OK --> 20160711 indexes exported to files.
2016-07-12 05:27:34,890 null [INFO] (../src/fwidbmgr.cpp:5496) action exportidx took about 25 seconds.
2016-07-12 05:27:34,890 null [INFO] (../src/fwidbmgr.cpp:5499) Disconnected from database.
2016-07-12 05:28:17,508 null [INFO] (../src/fwidbmgr.cpp:5207) fwi db manager
2016-07-12 05:28:17,508 null [INFO] (../src/fwidbmgr.cpp:5209) Program home: /home/meteo/dev/redist/fwidbmgr
2016-07-12 05:28:17,508 null [INFO] (../src/fwidbmgr.cpp:5211) Auto convert: 1
2016-07-12 05:28:17,508 null [INFO] (../src/fwidbmgr.cpp:458) action: outimg.
2016-07-12 05:28:17,508 null [INFO] (../src/fwidbmgr.cpp:482) date: 20160711.
2016-07-12 05:28:17,508 null [INFO] (../src/fwidbmgr.cpp:319) Try to read: /home/meteo/dev/redist/fwidbmgr/config/fwidbmgr.conf.
2016-07-12 05:28:17,547 null [INFO] (../src/fwidbmgr.cpp:5240) Configuration parsing: OK.
2016-07-12 05:28:17,703 null [INFO] (../src/fwidbmgr.cpp:5322) Connected to database
2016-07-12 05:28:17,704 null [INFO] (../src/fwidbmgr.cpp:5323) Manage data for date: 20160711.
2016-07-12 05:28:17,704 null [INFO] (../src/fwidbmgr.cpp:5391) Importing fwi indexes images in database.
2016-07-12 05:28:18,073 null [INFO] (../src/fwidbmgr.cpp:5394) OK --> 20160711 images imported.
2016-07-12 05:28:18,073 null [INFO] (../src/fwidbmgr.cpp:5496) action outimg took about 1 seconds.
2016-07-12 05:28:18,074 null [INFO] (../src/fwidbmgr.cpp:5499) Disconnected from database.
2016-07-12 05:37:01,308 null [INFO] (../src/fwidbmgr.cpp:5207) fwi db manager
2016-07-12 05:37:01,308 null [INFO] (../src/fwidbmgr.cpp:5209) Program home: /home/meteo/dev/redist/fwidbmgr
2016-07-12 05:37:01,308 null [INFO] (../src/fwidbmgr.cpp:5211) Auto convert: 1
2016-07-12 05:37:01,308 null [INFO] (../src/fwidbmgr.cpp:458) action: outimg.
2016-07-12 05:37:01,308 null [INFO] (../src/fwidbmgr.cpp:482) date: 20160711.
2016-07-12 05:37:01,308 null [INFO] (../src/fwidbmgr.cpp:319) Try to read: /home/meteo/dev/redist/fwidbmgr/config/fwidbmgr.conf.
2016-07-12 05:37:01,310 null [INFO] (../src/fwidbmgr.cpp:5240) Configuration parsing: OK.
2016-07-12 05:37:01,314 null [INFO] (../src/fwidbmgr.cpp:5322) Connected to database
2016-07-12 05:37:01,314 null [INFO] (../src/fwidbmgr.cpp:5323) Manage data for date: 20160711.
2016-07-12 05:37:01,314 null [INFO] (../src/fwidbmgr.cpp:5391) Importing fwi indexes images in database.
2016-07-12 05:37:01,412 null [INFO] (../src/fwidbmgr.cpp:5394) OK --> 20160711 images imported.
2016-07-12 05:37:01,412 null [INFO] (../src/fwidbmgr.cpp:5496) action outimg took about 0 seconds.
2016-07-12 05:37:01,412 null [INFO] (../src/fwidbmgr.cpp:5499) Disconnected from database.
2016-07-12 06:05:03,776 null [INFO] (../src/fwidbmgr.cpp:5207) fwi db manager
2016-07-12 06:05:03,776 null [INFO] (../src/fwidbmgr.cpp:5209) Program home: /home/meteo/dev/redist/fwidbmgr
2016-07-12 06:05:03,776 null [INFO] (../src/fwidbmgr.cpp:5211) Auto convert: 1
2016-07-12 06:05:03,776 null [INFO] (../src/fwidbmgr.cpp:458) action: outimg.
2016-07-12 06:05:03,776 null [INFO] (../src/fwidbmgr.cpp:482) date: 20160711.
2016-07-12 06:05:03,776 null [INFO] (../src/fwidbmgr.cpp:319) Try to read: /home/meteo/dev/redist/fwidbmgr/config/fwidbmgr.conf.
2016-07-12 06:05:03,778 null [INFO] (../src/fwidbmgr.cpp:5240) Configuration parsing: OK.
2016-07-12 06:05:03,783 null [INFO] (../src/fwidbmgr.cpp:5322) Connected to database
2016-07-12 06:05:03,784 null [INFO] (../src/fwidbmgr.cpp:5323) Manage data for date: 20160711.
2016-07-12 06:05:03,784 null [INFO] (../src/fwidbmgr.cpp:5391) Importing fwi indexes images in database.
2016-07-12 06:05:03,851 null [INFO] (../src/fwidbmgr.cpp:5394) OK --> 20160711 images imported.
2016-07-12 06:05:03,851 null [INFO] (../src/fwidbmgr.cpp:5496) action outimg took about 0 seconds.
2016-07-12 06:05:03,851 null [INFO] (../src/fwidbmgr.cpp:5499) Disconnected from database.
2016-07-12 06:37:01,259 null [INFO] (../src/fwidbmgr.cpp:5207) fwi db manager
2016-07-12 06:37:01,259 null [INFO] (../src/fwidbmgr.cpp:5209) Program home: /home/meteo/dev/redist/fwidbmgr
2016-07-12 06:37:01,259 null [INFO] (../src/fwidbmgr.cpp:5211) Auto convert: 1
2016-07-12 06:37:01,259 null [INFO] (../src/fwidbmgr.cpp:458) action: outimg.
2016-07-12 06:37:01,259 null [INFO] (../src/fwidbmgr.cpp:482) date: 20160711.
2016-07-12 06:37:01,259 null [INFO] (../src/fwidbmgr.cpp:319) Try to read: /home/meteo/dev/redist/fwidbmgr/config/fwidbmgr.conf.
2016-07-12 06:37:01,261 null [INFO] (../src/fwidbmgr.cpp:5240) Configuration parsing: OK.
2016-07-12 06:37:01,265 null [INFO] (../src/fwidbmgr.cpp:5322) Connected to database
2016-07-12 06:37:01,265 null [INFO] (../src/fwidbmgr.cpp:5323) Manage data for date: 20160711.
2016-07-12 06:37:01,265 null [INFO] (../src/fwidbmgr.cpp:5391) Importing fwi indexes images in database.
2016-07-12 06:37:02,236 null [INFO] (../src/fwidbmgr.cpp:5394) OK --> 20160711 images imported.
2016-07-12 06:37:02,236 null [INFO] (../src/fwidbmgr.cpp:5496) action outimg took about 1 seconds.
2016-07-12 06:37:02,236 null [INFO] (../src/fwidbmgr.cpp:5499) Disconnected from database.
2016-07-12 07:05:06,168 null [INFO] (../src/fwidbmgr.cpp:5207) fwi db manager
2016-07-12 07:05:06,225 null [INFO] (../src/fwidbmgr.cpp:5209) Program home: /home/meteo/dev/redist/fwidbmgr
2016-07-12 07:05:06,226 null [INFO] (../src/fwidbmgr.cpp:5211) Auto convert: 1
2016-07-12 07:05:06,226 null [INFO] (../src/fwidbmgr.cpp:458) action: outimg.
2016-07-12 07:05:06,226 null [INFO] (../src/fwidbmgr.cpp:482) date: 20160711.
2016-07-12 07:05:06,226 null [INFO] (../src/fwidbmgr.cpp:319) Try to read: /home/meteo/dev/redist/fwidbmgr/config/fwidbmgr.conf.
2016-07-12 07:05:06,250 null [INFO] (../src/fwidbmgr.cpp:5240) Configuration parsing: OK.
2016-07-12 07:05:06,771 null [INFO] (../src/fwidbmgr.cpp:5322) Connected to database
2016-07-12 07:05:06,771 null [INFO] (../src/fwidbmgr.cpp:5323) Manage data for date: 20160711.
2016-07-12 07:05:06,771 null [INFO] (../src/fwidbmgr.cpp:5391) Importing fwi indexes images in database.
2016-07-12 07:05:07,996 null [INFO] (../src/fwidbmgr.cpp:5394) OK --> 20160711 images imported.
2016-07-12 07:05:07,996 null [INFO] (../src/fwidbmgr.cpp:5496) action outimg took about 1 seconds.
2016-07-12 07:05:07,996 null [INFO] (../src/fwidbmgr.cpp:5499) Disconnected from database.
2016-07-12 07:37:02,388 null [INFO] (../src/fwidbmgr.cpp:5207) fwi db manager
2016-07-12 07:37:02,388 null [INFO] (../src/fwidbmgr.cpp:5209) Program home: /home/meteo/dev/redist/fwidbmgr
2016-07-12 07:37:02,388 null [INFO] (../src/fwidbmgr.cpp:5211) Auto convert: 1
2016-07-12 07:37:02,388 null [INFO] (../src/fwidbmgr.cpp:458) action: outimg.
2016-07-12 07:37:02,388 null [INFO] (../src/fwidbmgr.cpp:482) date: 20160711.
2016-07-12 07:37:02,388 null [INFO] (../src/fwidbmgr.cpp:319) Try to read: /home/meteo/dev/redist/fwidbmgr/config/fwidbmgr.conf.
2016-07-12 07:37:02,495 null [INFO] (../src/fwidbmgr.cpp:5240) Configuration parsing: OK.
2016-07-12 07:37:02,520 null [INFO] (../src/fwidbmgr.cpp:5322) Connected to database
2016-07-12 07:37:02,520 null [INFO] (../src/fwidbmgr.cpp:5323) Manage data for date: 20160711.
2016-07-12 07:37:02,520 null [INFO] (../src/fwidbmgr.cpp:5391) Importing fwi indexes images in database.
2016-07-12 07:37:03,849 null [INFO] (../src/fwidbmgr.cpp:5394) OK --> 20160711 images imported.
2016-07-12 07:37:03,849 null [INFO] (../src/fwidbmgr.cpp:5496) action outimg took about 1 seconds.
2016-07-12 07:37:03,849 null [INFO] (../src/fwidbmgr.cpp:5499) Disconnected from database.
