2020-01-07 05:05:03,004 null [INFO] (../src/fwidbmgr.cpp:5361) fwi db manager
2020-01-07 05:05:03,004 null [INFO] (../src/fwidbmgr.cpp:5365) Program home: /home/meteo/dev/redist/fwidbmgr
2020-01-07 05:05:03,004 null [INFO] (../src/fwidbmgr.cpp:5369) Auto convert: 1
2020-01-07 05:05:03,004 null [INFO] (../src/fwidbmgr.cpp:446) action: in.
2020-01-07 05:05:03,004 null [INFO] (../src/fwidbmgr.cpp:470) date: 20200106.
2020-01-07 05:05:03,004 null [INFO] (../src/fwidbmgr.cpp:322) Try to read: /home/meteo/dev/redist/fwidbmgr/config/fwidbmgr.conf.
2020-01-07 05:05:03,005 null [INFO] (../src/fwidbmgr.cpp:5393) Configuration parsing: OK.
2020-01-07 05:05:03,010 null [INFO] (../src/fwidbmgr.cpp:5478) Connected to database
2020-01-07 05:05:03,011 null [INFO] (../src/fwidbmgr.cpp:5480) Manage data for date: 20200106.
2020-01-07 05:05:03,011 null [INFO] (../src/fwidbmgr.cpp:5536) Importing meteo data in database for day: 20200106.
2020-01-07 05:05:03,015 null [INFO] (/home/meteo/dev/redist/fwidbmgr/include/Grid.h:1595) Configuring grid: snow
2020-01-07 05:05:03,015 null [INFO] (/home/meteo/dev/redist/fwidbmgr/include/Grid.h:1695) Grid snow configured.
2020-01-07 05:05:03,021 null [INFO] (/home/meteo/dev/redist/fwidbmgr/include/Grid.h:1595) Configuring grid: snow_covering
2020-01-07 05:05:03,021 null [INFO] (/home/meteo/dev/redist/fwidbmgr/include/Grid.h:1695) Grid snow_covering configured.
2020-01-07 05:05:03,028 null [INFO] (/home/meteo/dev/redist/fwidbmgr/include/Grid.h:1595) Configuring grid: snow_dissolution
2020-01-07 05:05:03,028 null [INFO] (/home/meteo/dev/redist/fwidbmgr/include/Grid.h:1695) Grid snow_dissolution configured.
2020-01-07 05:05:03,041 null [INFO] (/home/meteo/dev/redist/fwidbmgr/include/Grid.h:1595) Configuring grid: temperature
2020-01-07 05:05:03,041 null [INFO] (/home/meteo/dev/redist/fwidbmgr/include/Grid.h:1695) Grid temperature configured.
2020-01-07 05:05:03,042 null [INFO] (/home/meteo/dev/redist/fwidbmgr/include/Grid.h:1595) Configuring grid: humidity
2020-01-07 05:05:03,042 null [INFO] (/home/meteo/dev/redist/fwidbmgr/include/Grid.h:1695) Grid humidity configured.
2020-01-07 05:05:03,045 null [INFO] (/home/meteo/dev/redist/fwidbmgr/include/Grid.h:1595) Configuring grid: windspeed
2020-01-07 05:05:03,045 null [INFO] (/home/meteo/dev/redist/fwidbmgr/include/Grid.h:1695) Grid windspeed configured.
2020-01-07 05:05:03,051 null [INFO] (/home/meteo/dev/redist/fwidbmgr/include/Grid.h:1595) Configuring grid: rain
2020-01-07 05:05:03,051 null [INFO] (/home/meteo/dev/redist/fwidbmgr/include/Grid.h:1695) Grid rain configured.
2020-01-07 05:05:03,053 null [INFO] (/home/meteo/dev/redist/fwidbmgr/include/Grid.h:1595) Configuring grid: cum_rain
2020-01-07 05:05:03,053 null [INFO] (/home/meteo/dev/redist/fwidbmgr/include/Grid.h:1695) Grid cum_rain configured.
2020-01-07 05:05:03,118 null [INFO] (../src/fwidbmgr.cpp:1518) Storing meteo input ...
2020-01-07 05:05:08,157 null [INFO] (../src/fwidbmgr.cpp:5540) OK --> 20200106 data imported.
2020-01-07 05:05:08,173 null [INFO] (../src/fwidbmgr.cpp:5695) action in took about 5 seconds.
2020-01-07 05:05:08,183 null [INFO] (../src/fwidbmgr.cpp:5699) Disconnected from database.
2020-01-07 05:05:47,172 null [INFO] (../src/fwidbmgr.cpp:5361) fwi db manager
2020-01-07 05:05:47,172 null [INFO] (../src/fwidbmgr.cpp:5365) Program home: /home/meteo/dev/redist/fwidbmgr
2020-01-07 05:05:47,172 null [INFO] (../src/fwidbmgr.cpp:5369) Auto convert: 1
2020-01-07 05:05:47,172 null [INFO] (../src/fwidbmgr.cpp:446) action: out.
2020-01-07 05:05:47,172 null [INFO] (../src/fwidbmgr.cpp:470) date: 20200106.
2020-01-07 05:05:47,172 null [INFO] (../src/fwidbmgr.cpp:322) Try to read: /home/meteo/dev/redist/fwidbmgr/config/fwidbmgr.conf.
2020-01-07 05:05:47,175 null [INFO] (../src/fwidbmgr.cpp:5393) Configuration parsing: OK.
2020-01-07 05:05:47,208 null [INFO] (../src/fwidbmgr.cpp:5478) Connected to database
2020-01-07 05:05:47,208 null [INFO] (../src/fwidbmgr.cpp:5480) Manage data for date: 20200106.
2020-01-07 05:05:47,208 null [INFO] (../src/fwidbmgr.cpp:5551) Importing fwi indexes data in database for day: 20200106.
2020-01-07 05:05:47,210 null [INFO] (/home/meteo/dev/redist/fwidbmgr/include/Grid.h:1595) Configuring grid: isi
2020-01-07 05:05:47,211 null [INFO] (/home/meteo/dev/redist/fwidbmgr/include/Grid.h:1695) Grid isi configured.
2020-01-07 05:05:47,211 null [FATAL] (../src/fwidbmgr.cpp:1800) Error: unable to read txt file./home/meteo/programmi/fwi_grid/indici/ana/isi_20200106.txt.
2020-01-07 05:05:47,211 null [FATAL] (../src/fwidbmgr.cpp:5560) ERROR --> 20200106 data not imported.
2020-01-07 05:05:47,211 null [INFO] (../src/fwidbmgr.cpp:5695) action out took about 0 seconds.
2020-01-07 05:05:47,211 null [INFO] (../src/fwidbmgr.cpp:5699) Disconnected from database.
2020-01-07 05:05:47,230 null [INFO] (../src/fwidbmgr.cpp:5361) fwi db manager
2020-01-07 05:05:47,230 null [INFO] (../src/fwidbmgr.cpp:5365) Program home: /home/meteo/dev/redist/fwidbmgr
2020-01-07 05:05:47,230 null [INFO] (../src/fwidbmgr.cpp:5369) Auto convert: 1
2020-01-07 05:05:47,230 null [INFO] (../src/fwidbmgr.cpp:446) action: computeidx.
2020-01-07 05:05:47,230 null [INFO] (../src/fwidbmgr.cpp:470) date: 20200106.
2020-01-07 05:05:47,230 null [INFO] (../src/fwidbmgr.cpp:322) Try to read: /home/meteo/dev/redist/fwidbmgr/config/fwidbmgr.conf.
2020-01-07 05:05:47,232 null [INFO] (../src/fwidbmgr.cpp:5393) Configuration parsing: OK.
2020-01-07 05:05:47,235 null [INFO] (../src/fwidbmgr.cpp:5478) Connected to database
2020-01-07 05:05:47,235 null [INFO] (../src/fwidbmgr.cpp:5480) Manage data for date: 20200106.
2020-01-07 05:05:47,235 null [INFO] (../src/fwidbmgr.cpp:5656) Computing indexes.
2020-01-07 05:05:47,236 null [INFO] (/home/meteo/dev/redist/fwidbmgr/include/Grid.h:1595) Configuring grid: isi
2020-01-07 05:05:47,236 null [INFO] (/home/meteo/dev/redist/fwidbmgr/include/Grid.h:1695) Grid isi configured.
2020-01-07 05:05:47,238 null [INFO] (/home/meteo/dev/redist/fwidbmgr/include/Grid.h:1595) Configuring grid: fwi
2020-01-07 05:05:47,238 null [INFO] (/home/meteo/dev/redist/fwidbmgr/include/Grid.h:1695) Grid fwi configured.
2020-01-07 05:05:47,239 null [INFO] (/home/meteo/dev/redist/fwidbmgr/include/Grid.h:1595) Configuring grid: ffmc
2020-01-07 05:05:47,239 null [INFO] (/home/meteo/dev/redist/fwidbmgr/include/Grid.h:1695) Grid ffmc configured.
2020-01-07 05:05:47,240 null [INFO] (/home/meteo/dev/redist/fwidbmgr/include/Grid.h:1595) Configuring grid: dmc
2020-01-07 05:05:47,240 null [INFO] (/home/meteo/dev/redist/fwidbmgr/include/Grid.h:1695) Grid dmc configured.
2020-01-07 05:05:47,242 null [INFO] (/home/meteo/dev/redist/fwidbmgr/include/Grid.h:1595) Configuring grid: dc
2020-01-07 05:05:47,242 null [INFO] (/home/meteo/dev/redist/fwidbmgr/include/Grid.h:1695) Grid dc configured.
2020-01-07 05:05:47,243 null [INFO] (/home/meteo/dev/redist/fwidbmgr/include/Grid.h:1595) Configuring grid: bui
2020-01-07 05:05:47,243 null [INFO] (/home/meteo/dev/redist/fwidbmgr/include/Grid.h:1695) Grid bui configured.
2020-01-07 05:05:47,244 null [INFO] (/home/meteo/dev/redist/fwidbmgr/include/Grid.h:1595) Configuring grid: ffmc_tmp
2020-01-07 05:05:47,244 null [INFO] (/home/meteo/dev/redist/fwidbmgr/include/Grid.h:1695) Grid ffmc_tmp configured.
2020-01-07 05:05:47,245 null [INFO] (/home/meteo/dev/redist/fwidbmgr/include/Grid.h:1595) Configuring grid: dmc_tmp
2020-01-07 05:05:47,245 null [INFO] (/home/meteo/dev/redist/fwidbmgr/include/Grid.h:1695) Grid dmc_tmp configured.
2020-01-07 05:05:47,247 null [INFO] (/home/meteo/dev/redist/fwidbmgr/include/Grid.h:1595) Configuring grid: dc_tmp
2020-01-07 05:05:47,247 null [INFO] (/home/meteo/dev/redist/fwidbmgr/include/Grid.h:1695) Grid dc_tmp configured.
2020-01-07 05:05:47,248 null [INFO] (/home/meteo/dev/redist/fwidbmgr/include/Grid.h:1595) Configuring grid: idi
2020-01-07 05:05:47,248 null [INFO] (/home/meteo/dev/redist/fwidbmgr/include/Grid.h:1695) Grid idi configured.
2020-01-07 05:05:47,249 null [INFO] (/home/meteo/dev/redist/fwidbmgr/include/Grid.h:1595) Configuring grid: angstrom
2020-01-07 05:05:47,249 null [INFO] (/home/meteo/dev/redist/fwidbmgr/include/Grid.h:1695) Grid angstrom configured.
2020-01-07 05:05:47,250 null [INFO] (/home/meteo/dev/redist/fwidbmgr/include/Grid.h:1595) Configuring grid: fmi
2020-01-07 05:05:47,251 null [INFO] (/home/meteo/dev/redist/fwidbmgr/include/Grid.h:1695) Grid fmi configured.
2020-01-07 05:05:47,252 null [INFO] (/home/meteo/dev/redist/fwidbmgr/include/Grid.h:1595) Configuring grid: sharples
2020-01-07 05:05:47,252 null [INFO] (/home/meteo/dev/redist/fwidbmgr/include/Grid.h:1695) Grid sharples configured.
2020-01-07 05:05:47,394 null [INFO] (../src/fwidbmgr.cpp:5361) fwi db manager
2020-01-07 05:05:47,395 null [INFO] (../src/fwidbmgr.cpp:5365) Program home: /home/meteo/dev/redist/fwidbmgr
2020-01-07 05:05:47,395 null [INFO] (../src/fwidbmgr.cpp:5369) Auto convert: 1
2020-01-07 05:05:47,395 null [INFO] (../src/fwidbmgr.cpp:446) action: exportidx.
2020-01-07 05:05:47,395 null [INFO] (../src/fwidbmgr.cpp:470) date: 20200106.
2020-01-07 05:05:47,395 null [INFO] (../src/fwidbmgr.cpp:322) Try to read: /home/meteo/dev/redist/fwidbmgr/config/fwidbmgr.conf.
2020-01-07 05:05:47,396 null [INFO] (../src/fwidbmgr.cpp:5393) Configuration parsing: OK.
2020-01-07 05:05:47,401 null [INFO] (../src/fwidbmgr.cpp:5478) Connected to database
2020-01-07 05:05:47,401 null [INFO] (../src/fwidbmgr.cpp:5480) Manage data for date: 20200106.
2020-01-07 05:05:47,401 null [INFO] (../src/fwidbmgr.cpp:5596) Exporting indexes.
2020-01-07 05:05:47,403 null [INFO] (/home/meteo/dev/redist/fwidbmgr/include/Grid.h:1595) Configuring grid: isi
2020-01-07 05:05:47,403 null [INFO] (/home/meteo/dev/redist/fwidbmgr/include/Grid.h:1695) Grid isi configured.
2020-01-07 05:05:47,405 null [INFO] (/home/meteo/dev/redist/fwidbmgr/include/Grid.h:1595) Configuring grid: fwi
2020-01-07 05:05:47,405 null [INFO] (/home/meteo/dev/redist/fwidbmgr/include/Grid.h:1695) Grid fwi configured.
2020-01-07 05:05:47,406 null [INFO] (/home/meteo/dev/redist/fwidbmgr/include/Grid.h:1595) Configuring grid: ffmc
2020-01-07 05:05:47,407 null [INFO] (/home/meteo/dev/redist/fwidbmgr/include/Grid.h:1695) Grid ffmc configured.
2020-01-07 05:05:47,408 null [INFO] (/home/meteo/dev/redist/fwidbmgr/include/Grid.h:1595) Configuring grid: dmc
2020-01-07 05:05:47,408 null [INFO] (/home/meteo/dev/redist/fwidbmgr/include/Grid.h:1695) Grid dmc configured.
2020-01-07 05:05:47,409 null [INFO] (/home/meteo/dev/redist/fwidbmgr/include/Grid.h:1595) Configuring grid: dc
2020-01-07 05:05:47,409 null [INFO] (/home/meteo/dev/redist/fwidbmgr/include/Grid.h:1695) Grid dc configured.
2020-01-07 05:05:47,410 null [INFO] (/home/meteo/dev/redist/fwidbmgr/include/Grid.h:1595) Configuring grid: bui
2020-01-07 05:05:47,410 null [INFO] (/home/meteo/dev/redist/fwidbmgr/include/Grid.h:1695) Grid bui configured.
2020-01-07 05:05:47,412 null [INFO] (/home/meteo/dev/redist/fwidbmgr/include/Grid.h:1595) Configuring grid: ffmc_tmp
2020-01-07 05:05:47,412 null [INFO] (/home/meteo/dev/redist/fwidbmgr/include/Grid.h:1695) Grid ffmc_tmp configured.
2020-01-07 05:05:47,414 null [INFO] (/home/meteo/dev/redist/fwidbmgr/include/Grid.h:1595) Configuring grid: dmc_tmp
2020-01-07 05:05:47,414 null [INFO] (/home/meteo/dev/redist/fwidbmgr/include/Grid.h:1695) Grid dmc_tmp configured.
2020-01-07 05:05:47,415 null [INFO] (/home/meteo/dev/redist/fwidbmgr/include/Grid.h:1595) Configuring grid: dc_tmp
2020-01-07 05:05:47,415 null [INFO] (/home/meteo/dev/redist/fwidbmgr/include/Grid.h:1695) Grid dc_tmp configured.
2020-01-07 05:05:47,417 null [INFO] (/home/meteo/dev/redist/fwidbmgr/include/Grid.h:1595) Configuring grid: idi
2020-01-07 05:05:47,417 null [INFO] (/home/meteo/dev/redist/fwidbmgr/include/Grid.h:1695) Grid idi configured.
2020-01-07 05:05:47,418 null [INFO] (/home/meteo/dev/redist/fwidbmgr/include/Grid.h:1595) Configuring grid: angstrom
2020-01-07 05:05:47,418 null [INFO] (/home/meteo/dev/redist/fwidbmgr/include/Grid.h:1695) Grid angstrom configured.
2020-01-07 05:05:47,419 null [INFO] (/home/meteo/dev/redist/fwidbmgr/include/Grid.h:1595) Configuring grid: fmi
2020-01-07 05:05:47,419 null [INFO] (/home/meteo/dev/redist/fwidbmgr/include/Grid.h:1695) Grid fmi configured.
2020-01-07 05:05:47,420 null [INFO] (/home/meteo/dev/redist/fwidbmgr/include/Grid.h:1595) Configuring grid: sharples
2020-01-07 05:05:47,420 null [INFO] (/home/meteo/dev/redist/fwidbmgr/include/Grid.h:1695) Grid sharples configured.
2020-01-07 05:05:58,665 null [INFO] (../src/fwidbmgr.cpp:5361) fwi db manager
2020-01-07 05:05:58,665 null [INFO] (../src/fwidbmgr.cpp:5365) Program home: /home/meteo/dev/redist/fwidbmgr
2020-01-07 05:05:58,665 null [INFO] (../src/fwidbmgr.cpp:5369) Auto convert: 1
2020-01-07 05:05:58,665 null [INFO] (../src/fwidbmgr.cpp:446) action: outimg.
2020-01-07 05:05:58,665 null [INFO] (../src/fwidbmgr.cpp:470) date: 20200106.
2020-01-07 05:05:58,665 null [INFO] (../src/fwidbmgr.cpp:322) Try to read: /home/meteo/dev/redist/fwidbmgr/config/fwidbmgr.conf.
2020-01-07 05:05:58,666 null [INFO] (../src/fwidbmgr.cpp:5393) Configuration parsing: OK.
2020-01-07 05:05:58,669 null [INFO] (../src/fwidbmgr.cpp:5478) Connected to database
2020-01-07 05:05:58,669 null [INFO] (../src/fwidbmgr.cpp:5480) Manage data for date: 20200106.
2020-01-07 05:05:58,669 null [INFO] (../src/fwidbmgr.cpp:5566) Importing fwi indexes images in database.
2020-01-07 05:05:58,707 null [INFO] (../src/fwidbmgr.cpp:5570) OK --> 20200106 images imported.
2020-01-07 05:05:58,707 null [INFO] (../src/fwidbmgr.cpp:5695) action outimg took about 0 seconds.
2020-01-07 05:05:58,707 null [INFO] (../src/fwidbmgr.cpp:5699) Disconnected from database.
2020-01-07 05:37:02,022 null [INFO] (../src/fwidbmgr.cpp:5361) fwi db manager
2020-01-07 05:37:02,022 null [INFO] (../src/fwidbmgr.cpp:5365) Program home: /home/meteo/dev/redist/fwidbmgr
2020-01-07 05:37:02,022 null [INFO] (../src/fwidbmgr.cpp:5369) Auto convert: 1
2020-01-07 05:37:02,022 null [INFO] (../src/fwidbmgr.cpp:446) action: outimg.
2020-01-07 05:37:02,022 null [INFO] (../src/fwidbmgr.cpp:470) date: 20200106.
2020-01-07 05:37:02,022 null [INFO] (../src/fwidbmgr.cpp:322) Try to read: /home/meteo/dev/redist/fwidbmgr/config/fwidbmgr.conf.
2020-01-07 05:37:02,023 null [INFO] (../src/fwidbmgr.cpp:5393) Configuration parsing: OK.
2020-01-07 05:37:02,026 null [INFO] (../src/fwidbmgr.cpp:5478) Connected to database
2020-01-07 05:37:02,026 null [INFO] (../src/fwidbmgr.cpp:5480) Manage data for date: 20200106.
2020-01-07 05:37:02,026 null [INFO] (../src/fwidbmgr.cpp:5566) Importing fwi indexes images in database.
2020-01-07 05:37:02,067 null [INFO] (../src/fwidbmgr.cpp:5570) OK --> 20200106 images imported.
2020-01-07 05:37:02,068 null [INFO] (../src/fwidbmgr.cpp:5695) action outimg took about 0 seconds.
2020-01-07 05:37:02,068 null [INFO] (../src/fwidbmgr.cpp:5699) Disconnected from database.
2020-01-07 06:05:01,173 null [INFO] (../src/fwidbmgr.cpp:5361) fwi db manager
2020-01-07 06:05:01,173 null [INFO] (../src/fwidbmgr.cpp:5365) Program home: /home/meteo/dev/redist/fwidbmgr
2020-01-07 06:05:01,174 null [INFO] (../src/fwidbmgr.cpp:5369) Auto convert: 1
2020-01-07 06:05:01,174 null [INFO] (../src/fwidbmgr.cpp:446) action: outimg.
2020-01-07 06:05:01,174 null [INFO] (../src/fwidbmgr.cpp:470) date: 20200106.
2020-01-07 06:05:01,174 null [INFO] (../src/fwidbmgr.cpp:322) Try to read: /home/meteo/dev/redist/fwidbmgr/config/fwidbmgr.conf.
2020-01-07 06:05:01,175 null [INFO] (../src/fwidbmgr.cpp:5393) Configuration parsing: OK.
2020-01-07 06:05:01,178 null [INFO] (../src/fwidbmgr.cpp:5478) Connected to database
2020-01-07 06:05:01,178 null [INFO] (../src/fwidbmgr.cpp:5480) Manage data for date: 20200106.
2020-01-07 06:05:01,178 null [INFO] (../src/fwidbmgr.cpp:5566) Importing fwi indexes images in database.
2020-01-07 06:05:01,237 null [INFO] (../src/fwidbmgr.cpp:5570) OK --> 20200106 images imported.
2020-01-07 06:05:01,237 null [INFO] (../src/fwidbmgr.cpp:5695) action outimg took about 0 seconds.
2020-01-07 06:05:01,237 null [INFO] (../src/fwidbmgr.cpp:5699) Disconnected from database.
2020-01-07 06:37:01,356 null [INFO] (../src/fwidbmgr.cpp:5361) fwi db manager
2020-01-07 06:37:01,356 null [INFO] (../src/fwidbmgr.cpp:5365) Program home: /home/meteo/dev/redist/fwidbmgr
2020-01-07 06:37:01,356 null [INFO] (../src/fwidbmgr.cpp:5369) Auto convert: 1
2020-01-07 06:37:01,356 null [INFO] (../src/fwidbmgr.cpp:446) action: outimg.
2020-01-07 06:37:01,356 null [INFO] (../src/fwidbmgr.cpp:470) date: 20200106.
2020-01-07 06:37:01,356 null [INFO] (../src/fwidbmgr.cpp:322) Try to read: /home/meteo/dev/redist/fwidbmgr/config/fwidbmgr.conf.
2020-01-07 06:37:01,357 null [INFO] (../src/fwidbmgr.cpp:5393) Configuration parsing: OK.
2020-01-07 06:37:01,361 null [INFO] (../src/fwidbmgr.cpp:5478) Connected to database
2020-01-07 06:37:01,361 null [INFO] (../src/fwidbmgr.cpp:5480) Manage data for date: 20200106.
2020-01-07 06:37:01,361 null [INFO] (../src/fwidbmgr.cpp:5566) Importing fwi indexes images in database.
2020-01-07 06:37:01,403 null [INFO] (../src/fwidbmgr.cpp:5570) OK --> 20200106 images imported.
2020-01-07 06:37:01,403 null [INFO] (../src/fwidbmgr.cpp:5695) action outimg took about 0 seconds.
2020-01-07 06:37:01,403 null [INFO] (../src/fwidbmgr.cpp:5699) Disconnected from database.
2020-01-07 07:05:01,039 null [INFO] (../src/fwidbmgr.cpp:5361) fwi db manager
2020-01-07 07:05:01,039 null [INFO] (../src/fwidbmgr.cpp:5365) Program home: /home/meteo/dev/redist/fwidbmgr
2020-01-07 07:05:01,039 null [INFO] (../src/fwidbmgr.cpp:5369) Auto convert: 1
2020-01-07 07:05:01,039 null [INFO] (../src/fwidbmgr.cpp:446) action: outimg.
2020-01-07 07:05:01,039 null [INFO] (../src/fwidbmgr.cpp:470) date: 20200106.
2020-01-07 07:05:01,039 null [INFO] (../src/fwidbmgr.cpp:322) Try to read: /home/meteo/dev/redist/fwidbmgr/config/fwidbmgr.conf.
2020-01-07 07:05:01,041 null [INFO] (../src/fwidbmgr.cpp:5393) Configuration parsing: OK.
2020-01-07 07:05:01,046 null [INFO] (../src/fwidbmgr.cpp:5478) Connected to database
2020-01-07 07:05:01,046 null [INFO] (../src/fwidbmgr.cpp:5480) Manage data for date: 20200106.
2020-01-07 07:05:01,046 null [INFO] (../src/fwidbmgr.cpp:5566) Importing fwi indexes images in database.
2020-01-07 07:05:01,096 null [INFO] (../src/fwidbmgr.cpp:5570) OK --> 20200106 images imported.
2020-01-07 07:05:01,096 null [INFO] (../src/fwidbmgr.cpp:5695) action outimg took about 0 seconds.
2020-01-07 07:05:01,096 null [INFO] (../src/fwidbmgr.cpp:5699) Disconnected from database.
2020-01-07 07:37:01,206 null [INFO] (../src/fwidbmgr.cpp:5361) fwi db manager
2020-01-07 07:37:01,206 null [INFO] (../src/fwidbmgr.cpp:5365) Program home: /home/meteo/dev/redist/fwidbmgr
2020-01-07 07:37:01,206 null [INFO] (../src/fwidbmgr.cpp:5369) Auto convert: 1
2020-01-07 07:37:01,206 null [INFO] (../src/fwidbmgr.cpp:446) action: outimg.
2020-01-07 07:37:01,206 null [INFO] (../src/fwidbmgr.cpp:470) date: 20200106.
2020-01-07 07:37:01,206 null [INFO] (../src/fwidbmgr.cpp:322) Try to read: /home/meteo/dev/redist/fwidbmgr/config/fwidbmgr.conf.
2020-01-07 07:37:01,207 null [INFO] (../src/fwidbmgr.cpp:5393) Configuration parsing: OK.
2020-01-07 07:37:01,210 null [INFO] (../src/fwidbmgr.cpp:5478) Connected to database
2020-01-07 07:37:01,211 null [INFO] (../src/fwidbmgr.cpp:5480) Manage data for date: 20200106.
2020-01-07 07:37:01,211 null [INFO] (../src/fwidbmgr.cpp:5566) Importing fwi indexes images in database.
2020-01-07 07:37:01,265 null [INFO] (../src/fwidbmgr.cpp:5570) OK --> 20200106 images imported.
2020-01-07 07:37:01,266 null [INFO] (../src/fwidbmgr.cpp:5695) action outimg took about 0 seconds.
2020-01-07 07:37:01,266 null [INFO] (../src/fwidbmgr.cpp:5699) Disconnected from database.
2020-01-07 09:52:50,221 null [INFO] (../src/fwidbmgr.cpp:5361) fwi db manager
2020-01-07 09:52:50,221 null [INFO] (../src/fwidbmgr.cpp:5365) Program home: /home/meteo/dev/redist/fwidbmgr
2020-01-07 09:52:50,221 null [INFO] (../src/fwidbmgr.cpp:5369) Auto convert: 1
2020-01-07 09:52:50,221 null [INFO] (../src/fwidbmgr.cpp:446) action: exportimg.
2020-01-07 09:52:50,221 null [INFO] (../src/fwidbmgr.cpp:470) date: 20200105.
2020-01-07 09:52:50,221 null [INFO] (../src/fwidbmgr.cpp:322) Try to read: /home/meteo/dev/redist/fwidbmgr/config/fwidbmgr.conf.
2020-01-07 09:52:50,222 null [INFO] (../src/fwidbmgr.cpp:5393) Configuration parsing: OK.
2020-01-07 09:52:50,227 null [INFO] (../src/fwidbmgr.cpp:5478) Connected to database
2020-01-07 09:52:50,227 null [INFO] (../src/fwidbmgr.cpp:5480) Manage data for date: 20200105.
2020-01-07 09:52:50,227 null [INFO] (../src/fwidbmgr.cpp:5581) Exporting images
2020-01-07 09:52:50,239 null [INFO] (../src/fwidbmgr.cpp:2872) /home/meteo/programmi/fwi_grid/immagini/ana/impaginata_20200105.gif points to 207875 bytes.
2020-01-07 09:52:50,242 null [INFO] (../src/fwidbmgr.cpp:2919) /home/meteo/programmi/fwi_grid/immagini/meteo/ana/impaginatameteo_20200105.gif points to 93139 bytes.
2020-01-07 09:52:50,246 null [INFO] (../src/fwidbmgr.cpp:2966) /home/meteo/programmi/fwi_grid/meteo/ana/neve_20200105.img points to 406969 bytes.
2020-01-07 09:52:50,247 null [INFO] (../src/fwidbmgr.cpp:5585) OK --> 20200105 images exported to files.
2020-01-07 09:52:50,247 null [INFO] (../src/fwidbmgr.cpp:5695) action exportimg took about 0 seconds.
2020-01-07 09:52:50,248 null [INFO] (../src/fwidbmgr.cpp:5699) Disconnected from database.
2020-01-07 09:52:50,271 null [INFO] (../src/fwidbmgr.cpp:5361) fwi db manager
2020-01-07 09:52:50,271 null [INFO] (../src/fwidbmgr.cpp:5365) Program home: /home/meteo/dev/redist/fwidbmgr
2020-01-07 09:52:50,271 null [INFO] (../src/fwidbmgr.cpp:5369) Auto convert: 1
2020-01-07 09:52:50,271 null [INFO] (../src/fwidbmgr.cpp:446) action: exportidx.
2020-01-07 09:52:50,271 null [INFO] (../src/fwidbmgr.cpp:470) date: 20200104.
2020-01-07 09:52:50,271 null [INFO] (../src/fwidbmgr.cpp:322) Try to read: /home/meteo/dev/redist/fwidbmgr/config/fwidbmgr.conf.
2020-01-07 09:52:50,272 null [INFO] (../src/fwidbmgr.cpp:5393) Configuration parsing: OK.
2020-01-07 09:52:50,275 null [INFO] (../src/fwidbmgr.cpp:5478) Connected to database
2020-01-07 09:52:50,275 null [INFO] (../src/fwidbmgr.cpp:5480) Manage data for date: 20200104.
2020-01-07 09:52:50,275 null [INFO] (../src/fwidbmgr.cpp:5596) Exporting indexes.
2020-01-07 09:52:50,279 null [INFO] (/home/meteo/dev/redist/fwidbmgr/include/Grid.h:1595) Configuring grid: isi
2020-01-07 09:52:50,279 null [INFO] (/home/meteo/dev/redist/fwidbmgr/include/Grid.h:1695) Grid isi configured.
2020-01-07 09:52:50,282 null [INFO] (/home/meteo/dev/redist/fwidbmgr/include/Grid.h:1595) Configuring grid: fwi
2020-01-07 09:52:50,282 null [INFO] (/home/meteo/dev/redist/fwidbmgr/include/Grid.h:1695) Grid fwi configured.
2020-01-07 09:52:50,284 null [INFO] (/home/meteo/dev/redist/fwidbmgr/include/Grid.h:1595) Configuring grid: ffmc
2020-01-07 09:52:50,284 null [INFO] (/home/meteo/dev/redist/fwidbmgr/include/Grid.h:1695) Grid ffmc configured.
2020-01-07 09:52:50,286 null [INFO] (/home/meteo/dev/redist/fwidbmgr/include/Grid.h:1595) Configuring grid: dmc
2020-01-07 09:52:50,286 null [INFO] (/home/meteo/dev/redist/fwidbmgr/include/Grid.h:1695) Grid dmc configured.
2020-01-07 09:52:50,288 null [INFO] (/home/meteo/dev/redist/fwidbmgr/include/Grid.h:1595) Configuring grid: dc
2020-01-07 09:52:50,288 null [INFO] (/home/meteo/dev/redist/fwidbmgr/include/Grid.h:1695) Grid dc configured.
2020-01-07 09:52:50,290 null [INFO] (/home/meteo/dev/redist/fwidbmgr/include/Grid.h:1595) Configuring grid: bui
2020-01-07 09:52:50,290 null [INFO] (/home/meteo/dev/redist/fwidbmgr/include/Grid.h:1695) Grid bui configured.
2020-01-07 09:52:50,291 null [INFO] (/home/meteo/dev/redist/fwidbmgr/include/Grid.h:1595) Configuring grid: ffmc_tmp
2020-01-07 09:52:50,291 null [INFO] (/home/meteo/dev/redist/fwidbmgr/include/Grid.h:1695) Grid ffmc_tmp configured.
2020-01-07 09:52:50,292 null [INFO] (/home/meteo/dev/redist/fwidbmgr/include/Grid.h:1595) Configuring grid: dmc_tmp
2020-01-07 09:52:50,292 null [INFO] (/home/meteo/dev/redist/fwidbmgr/include/Grid.h:1695) Grid dmc_tmp configured.
2020-01-07 09:52:50,293 null [INFO] (/home/meteo/dev/redist/fwidbmgr/include/Grid.h:1595) Configuring grid: dc_tmp
2020-01-07 09:52:50,293 null [INFO] (/home/meteo/dev/redist/fwidbmgr/include/Grid.h:1695) Grid dc_tmp configured.
2020-01-07 09:52:50,294 null [INFO] (/home/meteo/dev/redist/fwidbmgr/include/Grid.h:1595) Configuring grid: idi
2020-01-07 09:52:50,294 null [INFO] (/home/meteo/dev/redist/fwidbmgr/include/Grid.h:1695) Grid idi configured.
2020-01-07 09:52:50,295 null [INFO] (/home/meteo/dev/redist/fwidbmgr/include/Grid.h:1595) Configuring grid: angstrom
2020-01-07 09:52:50,295 null [INFO] (/home/meteo/dev/redist/fwidbmgr/include/Grid.h:1695) Grid angstrom configured.
2020-01-07 09:52:50,296 null [INFO] (/home/meteo/dev/redist/fwidbmgr/include/Grid.h:1595) Configuring grid: fmi
2020-01-07 09:52:50,296 null [INFO] (/home/meteo/dev/redist/fwidbmgr/include/Grid.h:1695) Grid fmi configured.
2020-01-07 09:52:50,297 null [INFO] (/home/meteo/dev/redist/fwidbmgr/include/Grid.h:1595) Configuring grid: sharples
2020-01-07 09:52:50,297 null [INFO] (/home/meteo/dev/redist/fwidbmgr/include/Grid.h:1695) Grid sharples configured.
2020-01-07 09:52:50,626 null [INFO] (/home/meteo/dev/redist/fwidbmgr/include/Grid.h:1595) Configuring grid: isi
2020-01-07 09:52:50,626 null [INFO] (/home/meteo/dev/redist/fwidbmgr/include/Grid.h:1695) Grid isi configured.
2020-01-07 09:52:50,647 null [INFO] (/home/meteo/dev/redist/fwidbmgr/include/Grid.h:1595) Configuring grid: fwi
2020-01-07 09:52:50,647 null [INFO] (/home/meteo/dev/redist/fwidbmgr/include/Grid.h:1695) Grid fwi configured.
2020-01-07 09:52:50,668 null [INFO] (/home/meteo/dev/redist/fwidbmgr/include/Grid.h:1595) Configuring grid: ffmc
2020-01-07 09:52:50,668 null [INFO] (/home/meteo/dev/redist/fwidbmgr/include/Grid.h:1695) Grid ffmc configured.
2020-01-07 09:52:50,690 null [INFO] (/home/meteo/dev/redist/fwidbmgr/include/Grid.h:1595) Configuring grid: dmc
2020-01-07 09:52:50,690 null [INFO] (/home/meteo/dev/redist/fwidbmgr/include/Grid.h:1695) Grid dmc configured.
2020-01-07 09:52:50,710 null [INFO] (/home/meteo/dev/redist/fwidbmgr/include/Grid.h:1595) Configuring grid: dc
2020-01-07 09:52:50,710 null [INFO] (/home/meteo/dev/redist/fwidbmgr/include/Grid.h:1695) Grid dc configured.
2020-01-07 09:52:50,731 null [INFO] (/home/meteo/dev/redist/fwidbmgr/include/Grid.h:1595) Configuring grid: bui
2020-01-07 09:52:50,731 null [INFO] (/home/meteo/dev/redist/fwidbmgr/include/Grid.h:1695) Grid bui configured.
2020-01-07 09:52:50,752 null [INFO] (/home/meteo/dev/redist/fwidbmgr/include/Grid.h:1595) Configuring grid: ffmc_tmp
2020-01-07 09:52:50,752 null [INFO] (/home/meteo/dev/redist/fwidbmgr/include/Grid.h:1695) Grid ffmc_tmp configured.
2020-01-07 09:52:50,774 null [INFO] (/home/meteo/dev/redist/fwidbmgr/include/Grid.h:1595) Configuring grid: dmc_tmp
2020-01-07 09:52:50,774 null [INFO] (/home/meteo/dev/redist/fwidbmgr/include/Grid.h:1695) Grid dmc_tmp configured.
2020-01-07 09:52:50,793 null [INFO] (/home/meteo/dev/redist/fwidbmgr/include/Grid.h:1595) Configuring grid: dc_tmp
2020-01-07 09:52:50,793 null [INFO] (/home/meteo/dev/redist/fwidbmgr/include/Grid.h:1695) Grid dc_tmp configured.
2020-01-07 09:52:50,814 null [INFO] (/home/meteo/dev/redist/fwidbmgr/include/Grid.h:1595) Configuring grid: angstrom
2020-01-07 09:52:50,814 null [INFO] (/home/meteo/dev/redist/fwidbmgr/include/Grid.h:1695) Grid angstrom configured.
2020-01-07 09:52:50,836 null [INFO] (/home/meteo/dev/redist/fwidbmgr/include/Grid.h:1595) Configuring grid: sharples
2020-01-07 09:52:50,836 null [INFO] (/home/meteo/dev/redist/fwidbmgr/include/Grid.h:1695) Grid sharples configured.
2020-01-07 09:52:50,857 null [INFO] (/home/meteo/dev/redist/fwidbmgr/include/Grid.h:1595) Configuring grid: fmi
2020-01-07 09:52:50,857 null [INFO] (/home/meteo/dev/redist/fwidbmgr/include/Grid.h:1695) Grid fmi configured.
2020-01-07 09:52:50,878 null [INFO] (../src/fwidbmgr.cpp:5600) OK --> 20200104 indexes exported to files.
2020-01-07 09:52:50,878 null [INFO] (../src/fwidbmgr.cpp:5695) action exportidx took about 0 seconds.
2020-01-07 09:52:50,878 null [INFO] (../src/fwidbmgr.cpp:5699) Disconnected from database.
2020-01-07 09:53:32,681 null [INFO] (../src/fwidbmgr.cpp:5361) fwi db manager
2020-01-07 09:53:32,681 null [INFO] (../src/fwidbmgr.cpp:5365) Program home: /home/meteo/dev/redist/fwidbmgr
2020-01-07 09:53:32,681 null [INFO] (../src/fwidbmgr.cpp:5369) Auto convert: 1
2020-01-07 09:53:32,681 null [INFO] (../src/fwidbmgr.cpp:446) action: in.
2020-01-07 09:53:32,681 null [INFO] (../src/fwidbmgr.cpp:470) date: 20200105.
2020-01-07 09:53:32,681 null [INFO] (../src/fwidbmgr.cpp:322) Try to read: /home/meteo/dev/redist/fwidbmgr/config/fwidbmgr.conf.
2020-01-07 09:53:32,682 null [INFO] (../src/fwidbmgr.cpp:5393) Configuration parsing: OK.
2020-01-07 09:53:32,684 null [INFO] (../src/fwidbmgr.cpp:5478) Connected to database
2020-01-07 09:53:32,684 null [INFO] (../src/fwidbmgr.cpp:5480) Manage data for date: 20200105.
2020-01-07 09:53:32,685 null [INFO] (../src/fwidbmgr.cpp:5536) Importing meteo data in database for day: 20200105.
2020-01-07 09:53:32,688 null [INFO] (/home/meteo/dev/redist/fwidbmgr/include/Grid.h:1595) Configuring grid: snow
2020-01-07 09:53:32,688 null [INFO] (/home/meteo/dev/redist/fwidbmgr/include/Grid.h:1695) Grid snow configured.
2020-01-07 09:53:32,701 null [INFO] (/home/meteo/dev/redist/fwidbmgr/include/Grid.h:1595) Configuring grid: snow_covering
2020-01-07 09:53:32,701 null [INFO] (/home/meteo/dev/redist/fwidbmgr/include/Grid.h:1695) Grid snow_covering configured.
2020-01-07 09:53:32,709 null [INFO] (/home/meteo/dev/redist/fwidbmgr/include/Grid.h:1595) Configuring grid: snow_dissolution
2020-01-07 09:53:32,709 null [INFO] (/home/meteo/dev/redist/fwidbmgr/include/Grid.h:1695) Grid snow_dissolution configured.
2020-01-07 09:53:32,722 null [INFO] (/home/meteo/dev/redist/fwidbmgr/include/Grid.h:1595) Configuring grid: temperature
2020-01-07 09:53:32,722 null [INFO] (/home/meteo/dev/redist/fwidbmgr/include/Grid.h:1695) Grid temperature configured.
2020-01-07 09:53:32,723 null [INFO] (/home/meteo/dev/redist/fwidbmgr/include/Grid.h:1595) Configuring grid: humidity
2020-01-07 09:53:32,724 null [INFO] (/home/meteo/dev/redist/fwidbmgr/include/Grid.h:1695) Grid humidity configured.
2020-01-07 09:53:32,726 null [INFO] (/home/meteo/dev/redist/fwidbmgr/include/Grid.h:1595) Configuring grid: windspeed
2020-01-07 09:53:32,727 null [INFO] (/home/meteo/dev/redist/fwidbmgr/include/Grid.h:1695) Grid windspeed configured.
2020-01-07 09:53:32,732 null [INFO] (/home/meteo/dev/redist/fwidbmgr/include/Grid.h:1595) Configuring grid: rain
2020-01-07 09:53:32,733 null [INFO] (/home/meteo/dev/redist/fwidbmgr/include/Grid.h:1695) Grid rain configured.
2020-01-07 09:53:32,735 null [INFO] (/home/meteo/dev/redist/fwidbmgr/include/Grid.h:1595) Configuring grid: cum_rain
2020-01-07 09:53:32,735 null [INFO] (/home/meteo/dev/redist/fwidbmgr/include/Grid.h:1695) Grid cum_rain configured.
2020-01-07 09:53:32,825 null [INFO] (../src/fwidbmgr.cpp:1506) Meteo input for date 20200105 already stored, delete it.
2020-01-07 09:53:32,891 null [INFO] (../src/fwidbmgr.cpp:1514) Meteo input for date 20200105 deleted.
2020-01-07 09:53:32,891 null [INFO] (../src/fwidbmgr.cpp:1518) Storing meteo input ...
2020-01-07 09:53:37,777 null [INFO] (../src/fwidbmgr.cpp:5540) OK --> 20200105 data imported.
2020-01-07 09:53:37,794 null [INFO] (../src/fwidbmgr.cpp:5695) action in took about 5 seconds.
2020-01-07 09:53:37,805 null [INFO] (../src/fwidbmgr.cpp:5699) Disconnected from database.
2020-01-07 09:54:09,166 null [INFO] (../src/fwidbmgr.cpp:5361) fwi db manager
2020-01-07 09:54:09,166 null [INFO] (../src/fwidbmgr.cpp:5365) Program home: /home/meteo/dev/redist/fwidbmgr
2020-01-07 09:54:09,166 null [INFO] (../src/fwidbmgr.cpp:5369) Auto convert: 1
2020-01-07 09:54:09,166 null [INFO] (../src/fwidbmgr.cpp:446) action: outimg.
2020-01-07 09:54:09,167 null [INFO] (../src/fwidbmgr.cpp:470) date: 20200105.
2020-01-07 09:54:09,167 null [INFO] (../src/fwidbmgr.cpp:322) Try to read: /home/meteo/dev/redist/fwidbmgr/config/fwidbmgr.conf.
2020-01-07 09:54:09,171 null [INFO] (../src/fwidbmgr.cpp:5393) Configuration parsing: OK.
2020-01-07 09:54:09,196 null [INFO] (../src/fwidbmgr.cpp:5478) Connected to database
2020-01-07 09:54:09,196 null [INFO] (../src/fwidbmgr.cpp:5480) Manage data for date: 20200105.
2020-01-07 09:54:09,196 null [INFO] (../src/fwidbmgr.cpp:5566) Importing fwi indexes images in database.
2020-01-07 09:54:09,258 null [INFO] (../src/fwidbmgr.cpp:5570) OK --> 20200105 images imported.
2020-01-07 09:54:09,259 null [INFO] (../src/fwidbmgr.cpp:5695) action outimg took about 0 seconds.
2020-01-07 09:54:09,259 null [INFO] (../src/fwidbmgr.cpp:5699) Disconnected from database.
2020-01-07 09:54:09,630 null [INFO] (../src/fwidbmgr.cpp:5361) fwi db manager
2020-01-07 09:54:09,630 null [INFO] (../src/fwidbmgr.cpp:5365) Program home: /home/meteo/dev/redist/fwidbmgr
2020-01-07 09:54:09,630 null [INFO] (../src/fwidbmgr.cpp:5369) Auto convert: 1
2020-01-07 09:54:09,630 null [INFO] (../src/fwidbmgr.cpp:446) action: exportimg.
2020-01-07 09:54:09,630 null [INFO] (../src/fwidbmgr.cpp:470) date: 20200106.
2020-01-07 09:54:09,630 null [INFO] (../src/fwidbmgr.cpp:322) Try to read: /home/meteo/dev/redist/fwidbmgr/config/fwidbmgr.conf.
2020-01-07 09:54:09,631 null [INFO] (../src/fwidbmgr.cpp:5393) Configuration parsing: OK.
2020-01-07 09:54:09,633 null [INFO] (../src/fwidbmgr.cpp:5478) Connected to database
2020-01-07 09:54:09,633 null [INFO] (../src/fwidbmgr.cpp:5480) Manage data for date: 20200106.
2020-01-07 09:54:09,633 null [INFO] (../src/fwidbmgr.cpp:5581) Exporting images
2020-01-07 09:54:09,645 null [INFO] (../src/fwidbmgr.cpp:2872) /home/meteo/programmi/fwi_grid/immagini/ana/impaginata_20200106.gif points to 134860 bytes.
2020-01-07 09:54:09,647 null [INFO] (../src/fwidbmgr.cpp:2919) /home/meteo/programmi/fwi_grid/immagini/meteo/ana/impaginatameteo_20200106.gif points to 50042 bytes.
2020-01-07 09:54:09,651 null [INFO] (../src/fwidbmgr.cpp:2966) /home/meteo/programmi/fwi_grid/meteo/ana/neve_20200106.img points to 406969 bytes.
2020-01-07 09:54:09,652 null [INFO] (../src/fwidbmgr.cpp:5585) OK --> 20200106 images exported to files.
2020-01-07 09:54:09,652 null [INFO] (../src/fwidbmgr.cpp:5695) action exportimg took about 0 seconds.
2020-01-07 09:54:09,652 null [INFO] (../src/fwidbmgr.cpp:5699) Disconnected from database.
2020-01-07 09:54:09,677 null [INFO] (../src/fwidbmgr.cpp:5361) fwi db manager
2020-01-07 09:54:09,678 null [INFO] (../src/fwidbmgr.cpp:5365) Program home: /home/meteo/dev/redist/fwidbmgr
2020-01-07 09:54:09,678 null [INFO] (../src/fwidbmgr.cpp:5369) Auto convert: 1
2020-01-07 09:54:09,678 null [INFO] (../src/fwidbmgr.cpp:446) action: exportidx.
2020-01-07 09:54:09,678 null [INFO] (../src/fwidbmgr.cpp:470) date: 20200105.
2020-01-07 09:54:09,678 null [INFO] (../src/fwidbmgr.cpp:322) Try to read: /home/meteo/dev/redist/fwidbmgr/config/fwidbmgr.conf.
2020-01-07 09:54:09,679 null [INFO] (../src/fwidbmgr.cpp:5393) Configuration parsing: OK.
2020-01-07 09:54:09,682 null [INFO] (../src/fwidbmgr.cpp:5478) Connected to database
2020-01-07 09:54:09,682 null [INFO] (../src/fwidbmgr.cpp:5480) Manage data for date: 20200105.
2020-01-07 09:54:09,682 null [INFO] (../src/fwidbmgr.cpp:5596) Exporting indexes.
2020-01-07 09:54:09,684 null [INFO] (/home/meteo/dev/redist/fwidbmgr/include/Grid.h:1595) Configuring grid: isi
2020-01-07 09:54:09,685 null [INFO] (/home/meteo/dev/redist/fwidbmgr/include/Grid.h:1695) Grid isi configured.
2020-01-07 09:54:09,686 null [INFO] (/home/meteo/dev/redist/fwidbmgr/include/Grid.h:1595) Configuring grid: fwi
2020-01-07 09:54:09,686 null [INFO] (/home/meteo/dev/redist/fwidbmgr/include/Grid.h:1695) Grid fwi configured.
2020-01-07 09:54:09,687 null [INFO] (/home/meteo/dev/redist/fwidbmgr/include/Grid.h:1595) Configuring grid: ffmc
2020-01-07 09:54:09,688 null [INFO] (/home/meteo/dev/redist/fwidbmgr/include/Grid.h:1695) Grid ffmc configured.
2020-01-07 09:54:09,689 null [INFO] (/home/meteo/dev/redist/fwidbmgr/include/Grid.h:1595) Configuring grid: dmc
2020-01-07 09:54:09,689 null [INFO] (/home/meteo/dev/redist/fwidbmgr/include/Grid.h:1695) Grid dmc configured.
2020-01-07 09:54:09,690 null [INFO] (/home/meteo/dev/redist/fwidbmgr/include/Grid.h:1595) Configuring grid: dc
2020-01-07 09:54:09,690 null [INFO] (/home/meteo/dev/redist/fwidbmgr/include/Grid.h:1695) Grid dc configured.
2020-01-07 09:54:09,691 null [INFO] (/home/meteo/dev/redist/fwidbmgr/include/Grid.h:1595) Configuring grid: bui
2020-01-07 09:54:09,691 null [INFO] (/home/meteo/dev/redist/fwidbmgr/include/Grid.h:1695) Grid bui configured.
2020-01-07 09:54:09,692 null [INFO] (/home/meteo/dev/redist/fwidbmgr/include/Grid.h:1595) Configuring grid: ffmc_tmp
2020-01-07 09:54:09,692 null [INFO] (/home/meteo/dev/redist/fwidbmgr/include/Grid.h:1695) Grid ffmc_tmp configured.
2020-01-07 09:54:09,694 null [INFO] (/home/meteo/dev/redist/fwidbmgr/include/Grid.h:1595) Configuring grid: dmc_tmp
2020-01-07 09:54:09,694 null [INFO] (/home/meteo/dev/redist/fwidbmgr/include/Grid.h:1695) Grid dmc_tmp configured.
2020-01-07 09:54:09,695 null [INFO] (/home/meteo/dev/redist/fwidbmgr/include/Grid.h:1595) Configuring grid: dc_tmp
2020-01-07 09:54:09,695 null [INFO] (/home/meteo/dev/redist/fwidbmgr/include/Grid.h:1695) Grid dc_tmp configured.
2020-01-07 09:54:09,696 null [INFO] (/home/meteo/dev/redist/fwidbmgr/include/Grid.h:1595) Configuring grid: idi
2020-01-07 09:54:09,696 null [INFO] (/home/meteo/dev/redist/fwidbmgr/include/Grid.h:1695) Grid idi configured.
2020-01-07 09:54:09,697 null [INFO] (/home/meteo/dev/redist/fwidbmgr/include/Grid.h:1595) Configuring grid: angstrom
2020-01-07 09:54:09,697 null [INFO] (/home/meteo/dev/redist/fwidbmgr/include/Grid.h:1695) Grid angstrom configured.
2020-01-07 09:54:09,698 null [INFO] (/home/meteo/dev/redist/fwidbmgr/include/Grid.h:1595) Configuring grid: fmi
2020-01-07 09:54:09,698 null [INFO] (/home/meteo/dev/redist/fwidbmgr/include/Grid.h:1695) Grid fmi configured.
2020-01-07 09:54:09,699 null [INFO] (/home/meteo/dev/redist/fwidbmgr/include/Grid.h:1595) Configuring grid: sharples
2020-01-07 09:54:09,699 null [INFO] (/home/meteo/dev/redist/fwidbmgr/include/Grid.h:1695) Grid sharples configured.
2020-01-07 09:54:10,038 null [INFO] (/home/meteo/dev/redist/fwidbmgr/include/Grid.h:1595) Configuring grid: isi
2020-01-07 09:54:10,038 null [INFO] (/home/meteo/dev/redist/fwidbmgr/include/Grid.h:1695) Grid isi configured.
2020-01-07 09:54:10,059 null [INFO] (/home/meteo/dev/redist/fwidbmgr/include/Grid.h:1595) Configuring grid: fwi
2020-01-07 09:54:10,059 null [INFO] (/home/meteo/dev/redist/fwidbmgr/include/Grid.h:1695) Grid fwi configured.
2020-01-07 09:54:10,079 null [INFO] (/home/meteo/dev/redist/fwidbmgr/include/Grid.h:1595) Configuring grid: ffmc
2020-01-07 09:54:10,079 null [INFO] (/home/meteo/dev/redist/fwidbmgr/include/Grid.h:1695) Grid ffmc configured.
2020-01-07 09:54:10,100 null [INFO] (/home/meteo/dev/redist/fwidbmgr/include/Grid.h:1595) Configuring grid: dmc
2020-01-07 09:54:10,100 null [INFO] (/home/meteo/dev/redist/fwidbmgr/include/Grid.h:1695) Grid dmc configured.
2020-01-07 09:54:10,120 null [INFO] (/home/meteo/dev/redist/fwidbmgr/include/Grid.h:1595) Configuring grid: dc
2020-01-07 09:54:10,120 null [INFO] (/home/meteo/dev/redist/fwidbmgr/include/Grid.h:1695) Grid dc configured.
2020-01-07 09:54:10,141 null [INFO] (/home/meteo/dev/redist/fwidbmgr/include/Grid.h:1595) Configuring grid: bui
2020-01-07 09:54:10,141 null [INFO] (/home/meteo/dev/redist/fwidbmgr/include/Grid.h:1695) Grid bui configured.
2020-01-07 09:54:10,161 null [INFO] (/home/meteo/dev/redist/fwidbmgr/include/Grid.h:1595) Configuring grid: ffmc_tmp
2020-01-07 09:54:10,161 null [INFO] (/home/meteo/dev/redist/fwidbmgr/include/Grid.h:1695) Grid ffmc_tmp configured.
2020-01-07 09:54:10,183 null [INFO] (/home/meteo/dev/redist/fwidbmgr/include/Grid.h:1595) Configuring grid: dmc_tmp
2020-01-07 09:54:10,183 null [INFO] (/home/meteo/dev/redist/fwidbmgr/include/Grid.h:1695) Grid dmc_tmp configured.
2020-01-07 09:54:10,202 null [INFO] (/home/meteo/dev/redist/fwidbmgr/include/Grid.h:1595) Configuring grid: dc_tmp
2020-01-07 09:54:10,202 null [INFO] (/home/meteo/dev/redist/fwidbmgr/include/Grid.h:1695) Grid dc_tmp configured.
2020-01-07 09:54:10,222 null [INFO] (/home/meteo/dev/redist/fwidbmgr/include/Grid.h:1595) Configuring grid: angstrom
2020-01-07 09:54:10,222 null [INFO] (/home/meteo/dev/redist/fwidbmgr/include/Grid.h:1695) Grid angstrom configured.
2020-01-07 09:54:10,242 null [INFO] (/home/meteo/dev/redist/fwidbmgr/include/Grid.h:1595) Configuring grid: sharples
2020-01-07 09:54:10,242 null [INFO] (/home/meteo/dev/redist/fwidbmgr/include/Grid.h:1695) Grid sharples configured.
2020-01-07 09:54:10,263 null [INFO] (/home/meteo/dev/redist/fwidbmgr/include/Grid.h:1595) Configuring grid: fmi
2020-01-07 09:54:10,263 null [INFO] (/home/meteo/dev/redist/fwidbmgr/include/Grid.h:1695) Grid fmi configured.
2020-01-07 09:54:10,283 null [INFO] (../src/fwidbmgr.cpp:5600) OK --> 20200105 indexes exported to files.
2020-01-07 09:54:10,283 null [INFO] (../src/fwidbmgr.cpp:5695) action exportidx took about 1 seconds.
2020-01-07 09:54:10,283 null [INFO] (../src/fwidbmgr.cpp:5699) Disconnected from database.
2020-01-07 09:54:51,713 null [INFO] (../src/fwidbmgr.cpp:5361) fwi db manager
2020-01-07 09:54:51,713 null [INFO] (../src/fwidbmgr.cpp:5365) Program home: /home/meteo/dev/redist/fwidbmgr
2020-01-07 09:54:51,713 null [INFO] (../src/fwidbmgr.cpp:5369) Auto convert: 1
2020-01-07 09:54:51,713 null [INFO] (../src/fwidbmgr.cpp:446) action: in.
2020-01-07 09:54:51,713 null [INFO] (../src/fwidbmgr.cpp:470) date: 20200106.
2020-01-07 09:54:51,713 null [INFO] (../src/fwidbmgr.cpp:322) Try to read: /home/meteo/dev/redist/fwidbmgr/config/fwidbmgr.conf.
2020-01-07 09:54:51,714 null [INFO] (../src/fwidbmgr.cpp:5393) Configuration parsing: OK.
2020-01-07 09:54:51,717 null [INFO] (../src/fwidbmgr.cpp:5478) Connected to database
2020-01-07 09:54:51,717 null [INFO] (../src/fwidbmgr.cpp:5480) Manage data for date: 20200106.
2020-01-07 09:54:51,717 null [INFO] (../src/fwidbmgr.cpp:5536) Importing meteo data in database for day: 20200106.
2020-01-07 09:54:51,719 null [INFO] (/home/meteo/dev/redist/fwidbmgr/include/Grid.h:1595) Configuring grid: snow
2020-01-07 09:54:51,719 null [INFO] (/home/meteo/dev/redist/fwidbmgr/include/Grid.h:1695) Grid snow configured.
2020-01-07 09:54:51,729 null [INFO] (/home/meteo/dev/redist/fwidbmgr/include/Grid.h:1595) Configuring grid: snow_covering
2020-01-07 09:54:51,729 null [INFO] (/home/meteo/dev/redist/fwidbmgr/include/Grid.h:1695) Grid snow_covering configured.
2020-01-07 09:54:51,738 null [INFO] (/home/meteo/dev/redist/fwidbmgr/include/Grid.h:1595) Configuring grid: snow_dissolution
2020-01-07 09:54:51,738 null [INFO] (/home/meteo/dev/redist/fwidbmgr/include/Grid.h:1695) Grid snow_dissolution configured.
2020-01-07 09:54:51,752 null [INFO] (/home/meteo/dev/redist/fwidbmgr/include/Grid.h:1595) Configuring grid: temperature
2020-01-07 09:54:51,752 null [INFO] (/home/meteo/dev/redist/fwidbmgr/include/Grid.h:1695) Grid temperature configured.
2020-01-07 09:54:51,754 null [INFO] (/home/meteo/dev/redist/fwidbmgr/include/Grid.h:1595) Configuring grid: humidity
2020-01-07 09:54:51,754 null [INFO] (/home/meteo/dev/redist/fwidbmgr/include/Grid.h:1695) Grid humidity configured.
2020-01-07 09:54:51,757 null [INFO] (/home/meteo/dev/redist/fwidbmgr/include/Grid.h:1595) Configuring grid: windspeed
2020-01-07 09:54:51,757 null [INFO] (/home/meteo/dev/redist/fwidbmgr/include/Grid.h:1695) Grid windspeed configured.
2020-01-07 09:54:51,763 null [INFO] (/home/meteo/dev/redist/fwidbmgr/include/Grid.h:1595) Configuring grid: rain
2020-01-07 09:54:51,763 null [INFO] (/home/meteo/dev/redist/fwidbmgr/include/Grid.h:1695) Grid rain configured.
2020-01-07 09:54:51,765 null [INFO] (/home/meteo/dev/redist/fwidbmgr/include/Grid.h:1595) Configuring grid: cum_rain
2020-01-07 09:54:51,765 null [INFO] (/home/meteo/dev/redist/fwidbmgr/include/Grid.h:1695) Grid cum_rain configured.
2020-01-07 09:54:51,840 null [INFO] (../src/fwidbmgr.cpp:1506) Meteo input for date 20200106 already stored, delete it.
2020-01-07 09:54:51,906 null [INFO] (../src/fwidbmgr.cpp:1514) Meteo input for date 20200106 deleted.
2020-01-07 09:54:51,906 null [INFO] (../src/fwidbmgr.cpp:1518) Storing meteo input ...
2020-01-07 09:54:56,532 null [INFO] (../src/fwidbmgr.cpp:5540) OK --> 20200106 data imported.
2020-01-07 09:54:56,533 null [INFO] (../src/fwidbmgr.cpp:5695) action in took about 5 seconds.
2020-01-07 09:54:56,534 null [INFO] (../src/fwidbmgr.cpp:5699) Disconnected from database.
2020-01-07 09:55:27,221 null [INFO] (../src/fwidbmgr.cpp:5361) fwi db manager
2020-01-07 09:55:27,221 null [INFO] (../src/fwidbmgr.cpp:5365) Program home: /home/meteo/dev/redist/fwidbmgr
2020-01-07 09:55:27,221 null [INFO] (../src/fwidbmgr.cpp:5369) Auto convert: 1
2020-01-07 09:55:27,221 null [INFO] (../src/fwidbmgr.cpp:446) action: outimg.
2020-01-07 09:55:27,221 null [INFO] (../src/fwidbmgr.cpp:470) date: 20200106.
2020-01-07 09:55:27,221 null [INFO] (../src/fwidbmgr.cpp:322) Try to read: /home/meteo/dev/redist/fwidbmgr/config/fwidbmgr.conf.
2020-01-07 09:55:27,223 null [INFO] (../src/fwidbmgr.cpp:5393) Configuration parsing: OK.
2020-01-07 09:55:27,227 null [INFO] (../src/fwidbmgr.cpp:5478) Connected to database
2020-01-07 09:55:27,227 null [INFO] (../src/fwidbmgr.cpp:5480) Manage data for date: 20200106.
2020-01-07 09:55:27,228 null [INFO] (../src/fwidbmgr.cpp:5566) Importing fwi indexes images in database.
2020-01-07 09:55:27,297 null [INFO] (../src/fwidbmgr.cpp:5570) OK --> 20200106 images imported.
2020-01-07 09:55:27,297 null [INFO] (../src/fwidbmgr.cpp:5695) action outimg took about 0 seconds.
2020-01-07 09:55:27,297 null [INFO] (../src/fwidbmgr.cpp:5699) Disconnected from database.
2020-01-07 10:02:59,347 null [INFO] (../src/fwidbmgr.cpp:5361) fwi db manager
2020-01-07 10:02:59,347 null [INFO] (../src/fwidbmgr.cpp:5365) Program home: /home/meteo/dev/redist/fwidbmgr
2020-01-07 10:02:59,347 null [INFO] (../src/fwidbmgr.cpp:5369) Auto convert: 1
2020-01-07 10:02:59,347 null [INFO] (../src/fwidbmgr.cpp:446) action: outimg.
2020-01-07 10:02:59,347 null [INFO] (../src/fwidbmgr.cpp:470) date: 20200106.
2020-01-07 10:02:59,347 null [INFO] (../src/fwidbmgr.cpp:322) Try to read: /home/meteo/dev/redist/fwidbmgr/config/fwidbmgr.conf.
2020-01-07 10:02:59,348 null [INFO] (../src/fwidbmgr.cpp:5393) Configuration parsing: OK.
2020-01-07 10:02:59,354 null [INFO] (../src/fwidbmgr.cpp:5478) Connected to database
2020-01-07 10:02:59,354 null [INFO] (../src/fwidbmgr.cpp:5480) Manage data for date: 20200106.
2020-01-07 10:02:59,355 null [INFO] (../src/fwidbmgr.cpp:5566) Importing fwi indexes images in database.
2020-01-07 10:02:59,405 null [INFO] (../src/fwidbmgr.cpp:5570) OK --> 20200106 images imported.
2020-01-07 10:02:59,405 null [INFO] (../src/fwidbmgr.cpp:5695) action outimg took about 0 seconds.
2020-01-07 10:02:59,405 null [INFO] (../src/fwidbmgr.cpp:5699) Disconnected from database.
2020-01-07 10:05:49,226 null [INFO] (../src/fwidbmgr.cpp:5361) fwi db manager
2020-01-07 10:05:49,226 null [INFO] (../src/fwidbmgr.cpp:5365) Program home: /home/meteo/dev/redist/fwidbmgr
2020-01-07 10:05:49,226 null [INFO] (../src/fwidbmgr.cpp:5369) Auto convert: 1
2020-01-07 10:05:49,226 null [INFO] (../src/fwidbmgr.cpp:446) action: exportimg.
2020-01-07 10:05:49,226 null [INFO] (../src/fwidbmgr.cpp:470) date: 20200105.
2020-01-07 10:05:49,226 null [INFO] (../src/fwidbmgr.cpp:322) Try to read: /home/meteo/dev/redist/fwidbmgr/config/fwidbmgr.conf.
2020-01-07 10:05:49,227 null [INFO] (../src/fwidbmgr.cpp:5393) Configuration parsing: OK.
2020-01-07 10:05:49,230 null [INFO] (../src/fwidbmgr.cpp:5478) Connected to database
2020-01-07 10:05:49,230 null [INFO] (../src/fwidbmgr.cpp:5480) Manage data for date: 20200105.
2020-01-07 10:05:49,230 null [INFO] (../src/fwidbmgr.cpp:5581) Exporting images
2020-01-07 10:05:49,243 null [INFO] (../src/fwidbmgr.cpp:2872) /home/meteo/programmi/fwi_grid/immagini/ana/impaginata_20200105.gif points to 207822 bytes.
2020-01-07 10:05:49,246 null [INFO] (../src/fwidbmgr.cpp:2919) /home/meteo/programmi/fwi_grid/immagini/meteo/ana/impaginatameteo_20200105.gif points to 92792 bytes.
2020-01-07 10:05:49,251 null [INFO] (../src/fwidbmgr.cpp:2966) /home/meteo/programmi/fwi_grid/meteo/ana/neve_20200105.img points to 406969 bytes.
2020-01-07 10:05:49,252 null [INFO] (../src/fwidbmgr.cpp:5585) OK --> 20200105 images exported to files.
2020-01-07 10:05:49,252 null [INFO] (../src/fwidbmgr.cpp:5695) action exportimg took about 0 seconds.
2020-01-07 10:05:49,252 null [INFO] (../src/fwidbmgr.cpp:5699) Disconnected from database.
2020-01-07 10:05:49,276 null [INFO] (../src/fwidbmgr.cpp:5361) fwi db manager
2020-01-07 10:05:49,276 null [INFO] (../src/fwidbmgr.cpp:5365) Program home: /home/meteo/dev/redist/fwidbmgr
2020-01-07 10:05:49,276 null [INFO] (../src/fwidbmgr.cpp:5369) Auto convert: 1
2020-01-07 10:05:49,276 null [INFO] (../src/fwidbmgr.cpp:446) action: exportidx.
2020-01-07 10:05:49,276 null [INFO] (../src/fwidbmgr.cpp:470) date: 20200104.
2020-01-07 10:05:49,276 null [INFO] (../src/fwidbmgr.cpp:322) Try to read: /home/meteo/dev/redist/fwidbmgr/config/fwidbmgr.conf.
2020-01-07 10:05:49,277 null [INFO] (../src/fwidbmgr.cpp:5393) Configuration parsing: OK.
2020-01-07 10:05:49,280 null [INFO] (../src/fwidbmgr.cpp:5478) Connected to database
2020-01-07 10:05:49,280 null [INFO] (../src/fwidbmgr.cpp:5480) Manage data for date: 20200104.
2020-01-07 10:05:49,280 null [INFO] (../src/fwidbmgr.cpp:5596) Exporting indexes.
2020-01-07 10:05:49,285 null [INFO] (/home/meteo/dev/redist/fwidbmgr/include/Grid.h:1595) Configuring grid: isi
2020-01-07 10:05:49,285 null [INFO] (/home/meteo/dev/redist/fwidbmgr/include/Grid.h:1695) Grid isi configured.
2020-01-07 10:05:49,287 null [INFO] (/home/meteo/dev/redist/fwidbmgr/include/Grid.h:1595) Configuring grid: fwi
2020-01-07 10:05:49,288 null [INFO] (/home/meteo/dev/redist/fwidbmgr/include/Grid.h:1695) Grid fwi configured.
2020-01-07 10:05:49,291 null [INFO] (/home/meteo/dev/redist/fwidbmgr/include/Grid.h:1595) Configuring grid: ffmc
2020-01-07 10:05:49,291 null [INFO] (/home/meteo/dev/redist/fwidbmgr/include/Grid.h:1695) Grid ffmc configured.
2020-01-07 10:05:49,292 null [INFO] (/home/meteo/dev/redist/fwidbmgr/include/Grid.h:1595) Configuring grid: dmc
2020-01-07 10:05:49,292 null [INFO] (/home/meteo/dev/redist/fwidbmgr/include/Grid.h:1695) Grid dmc configured.
2020-01-07 10:05:49,293 null [INFO] (/home/meteo/dev/redist/fwidbmgr/include/Grid.h:1595) Configuring grid: dc
2020-01-07 10:05:49,293 null [INFO] (/home/meteo/dev/redist/fwidbmgr/include/Grid.h:1695) Grid dc configured.
2020-01-07 10:05:49,294 null [INFO] (/home/meteo/dev/redist/fwidbmgr/include/Grid.h:1595) Configuring grid: bui
2020-01-07 10:05:49,294 null [INFO] (/home/meteo/dev/redist/fwidbmgr/include/Grid.h:1695) Grid bui configured.
2020-01-07 10:05:49,295 null [INFO] (/home/meteo/dev/redist/fwidbmgr/include/Grid.h:1595) Configuring grid: ffmc_tmp
2020-01-07 10:05:49,296 null [INFO] (/home/meteo/dev/redist/fwidbmgr/include/Grid.h:1695) Grid ffmc_tmp configured.
2020-01-07 10:05:49,297 null [INFO] (/home/meteo/dev/redist/fwidbmgr/include/Grid.h:1595) Configuring grid: dmc_tmp
2020-01-07 10:05:49,297 null [INFO] (/home/meteo/dev/redist/fwidbmgr/include/Grid.h:1695) Grid dmc_tmp configured.
2020-01-07 10:05:49,298 null [INFO] (/home/meteo/dev/redist/fwidbmgr/include/Grid.h:1595) Configuring grid: dc_tmp
2020-01-07 10:05:49,298 null [INFO] (/home/meteo/dev/redist/fwidbmgr/include/Grid.h:1695) Grid dc_tmp configured.
2020-01-07 10:05:49,299 null [INFO] (/home/meteo/dev/redist/fwidbmgr/include/Grid.h:1595) Configuring grid: idi
2020-01-07 10:05:49,299 null [INFO] (/home/meteo/dev/redist/fwidbmgr/include/Grid.h:1695) Grid idi configured.
2020-01-07 10:05:49,300 null [INFO] (/home/meteo/dev/redist/fwidbmgr/include/Grid.h:1595) Configuring grid: angstrom
2020-01-07 10:05:49,300 null [INFO] (/home/meteo/dev/redist/fwidbmgr/include/Grid.h:1695) Grid angstrom configured.
2020-01-07 10:05:49,301 null [INFO] (/home/meteo/dev/redist/fwidbmgr/include/Grid.h:1595) Configuring grid: fmi
2020-01-07 10:05:49,301 null [INFO] (/home/meteo/dev/redist/fwidbmgr/include/Grid.h:1695) Grid fmi configured.
2020-01-07 10:05:49,302 null [INFO] (/home/meteo/dev/redist/fwidbmgr/include/Grid.h:1595) Configuring grid: sharples
2020-01-07 10:05:49,302 null [INFO] (/home/meteo/dev/redist/fwidbmgr/include/Grid.h:1695) Grid sharples configured.
2020-01-07 10:05:49,615 null [INFO] (/home/meteo/dev/redist/fwidbmgr/include/Grid.h:1595) Configuring grid: isi
2020-01-07 10:05:49,615 null [INFO] (/home/meteo/dev/redist/fwidbmgr/include/Grid.h:1695) Grid isi configured.
2020-01-07 10:05:49,637 null [INFO] (/home/meteo/dev/redist/fwidbmgr/include/Grid.h:1595) Configuring grid: fwi
2020-01-07 10:05:49,637 null [INFO] (/home/meteo/dev/redist/fwidbmgr/include/Grid.h:1695) Grid fwi configured.
2020-01-07 10:05:49,658 null [INFO] (/home/meteo/dev/redist/fwidbmgr/include/Grid.h:1595) Configuring grid: ffmc
2020-01-07 10:05:49,658 null [INFO] (/home/meteo/dev/redist/fwidbmgr/include/Grid.h:1695) Grid ffmc configured.
2020-01-07 10:05:49,681 null [INFO] (/home/meteo/dev/redist/fwidbmgr/include/Grid.h:1595) Configuring grid: dmc
2020-01-07 10:05:49,681 null [INFO] (/home/meteo/dev/redist/fwidbmgr/include/Grid.h:1695) Grid dmc configured.
2020-01-07 10:05:49,701 null [INFO] (/home/meteo/dev/redist/fwidbmgr/include/Grid.h:1595) Configuring grid: dc
2020-01-07 10:05:49,701 null [INFO] (/home/meteo/dev/redist/fwidbmgr/include/Grid.h:1695) Grid dc configured.
2020-01-07 10:05:49,721 null [INFO] (/home/meteo/dev/redist/fwidbmgr/include/Grid.h:1595) Configuring grid: bui
2020-01-07 10:05:49,721 null [INFO] (/home/meteo/dev/redist/fwidbmgr/include/Grid.h:1695) Grid bui configured.
2020-01-07 10:05:49,741 null [INFO] (/home/meteo/dev/redist/fwidbmgr/include/Grid.h:1595) Configuring grid: ffmc_tmp
2020-01-07 10:05:49,741 null [INFO] (/home/meteo/dev/redist/fwidbmgr/include/Grid.h:1695) Grid ffmc_tmp configured.
2020-01-07 10:05:49,763 null [INFO] (/home/meteo/dev/redist/fwidbmgr/include/Grid.h:1595) Configuring grid: dmc_tmp
2020-01-07 10:05:49,763 null [INFO] (/home/meteo/dev/redist/fwidbmgr/include/Grid.h:1695) Grid dmc_tmp configured.
2020-01-07 10:05:49,782 null [INFO] (/home/meteo/dev/redist/fwidbmgr/include/Grid.h:1595) Configuring grid: dc_tmp
2020-01-07 10:05:49,782 null [INFO] (/home/meteo/dev/redist/fwidbmgr/include/Grid.h:1695) Grid dc_tmp configured.
2020-01-07 10:05:49,802 null [INFO] (/home/meteo/dev/redist/fwidbmgr/include/Grid.h:1595) Configuring grid: angstrom
2020-01-07 10:05:49,802 null [INFO] (/home/meteo/dev/redist/fwidbmgr/include/Grid.h:1695) Grid angstrom configured.
2020-01-07 10:05:49,821 null [INFO] (/home/meteo/dev/redist/fwidbmgr/include/Grid.h:1595) Configuring grid: sharples
2020-01-07 10:05:49,821 null [INFO] (/home/meteo/dev/redist/fwidbmgr/include/Grid.h:1695) Grid sharples configured.
2020-01-07 10:05:49,841 null [INFO] (/home/meteo/dev/redist/fwidbmgr/include/Grid.h:1595) Configuring grid: fmi
2020-01-07 10:05:49,841 null [INFO] (/home/meteo/dev/redist/fwidbmgr/include/Grid.h:1695) Grid fmi configured.
2020-01-07 10:05:49,861 null [INFO] (../src/fwidbmgr.cpp:5600) OK --> 20200104 indexes exported to files.
2020-01-07 10:05:49,861 null [INFO] (../src/fwidbmgr.cpp:5695) action exportidx took about 0 seconds.
2020-01-07 10:05:49,862 null [INFO] (../src/fwidbmgr.cpp:5699) Disconnected from database.
2020-01-07 10:06:30,835 null [INFO] (../src/fwidbmgr.cpp:5361) fwi db manager
2020-01-07 10:06:30,835 null [INFO] (../src/fwidbmgr.cpp:5365) Program home: /home/meteo/dev/redist/fwidbmgr
2020-01-07 10:06:30,835 null [INFO] (../src/fwidbmgr.cpp:5369) Auto convert: 1
2020-01-07 10:06:30,835 null [INFO] (../src/fwidbmgr.cpp:446) action: in.
2020-01-07 10:06:30,835 null [INFO] (../src/fwidbmgr.cpp:470) date: 20200105.
2020-01-07 10:06:30,835 null [INFO] (../src/fwidbmgr.cpp:322) Try to read: /home/meteo/dev/redist/fwidbmgr/config/fwidbmgr.conf.
2020-01-07 10:06:30,836 null [INFO] (../src/fwidbmgr.cpp:5393) Configuration parsing: OK.
2020-01-07 10:06:30,839 null [INFO] (../src/fwidbmgr.cpp:5478) Connected to database
2020-01-07 10:06:30,840 null [INFO] (../src/fwidbmgr.cpp:5480) Manage data for date: 20200105.
2020-01-07 10:06:30,840 null [INFO] (../src/fwidbmgr.cpp:5536) Importing meteo data in database for day: 20200105.
2020-01-07 10:06:30,842 null [INFO] (/home/meteo/dev/redist/fwidbmgr/include/Grid.h:1595) Configuring grid: snow
2020-01-07 10:06:30,843 null [INFO] (/home/meteo/dev/redist/fwidbmgr/include/Grid.h:1695) Grid snow configured.
2020-01-07 10:06:30,854 null [INFO] (/home/meteo/dev/redist/fwidbmgr/include/Grid.h:1595) Configuring grid: snow_covering
2020-01-07 10:06:30,854 null [INFO] (/home/meteo/dev/redist/fwidbmgr/include/Grid.h:1695) Grid snow_covering configured.
2020-01-07 10:06:30,861 null [INFO] (/home/meteo/dev/redist/fwidbmgr/include/Grid.h:1595) Configuring grid: snow_dissolution
2020-01-07 10:06:30,861 null [INFO] (/home/meteo/dev/redist/fwidbmgr/include/Grid.h:1695) Grid snow_dissolution configured.
2020-01-07 10:06:30,874 null [INFO] (/home/meteo/dev/redist/fwidbmgr/include/Grid.h:1595) Configuring grid: temperature
2020-01-07 10:06:30,874 null [INFO] (/home/meteo/dev/redist/fwidbmgr/include/Grid.h:1695) Grid temperature configured.
2020-01-07 10:06:30,875 null [INFO] (/home/meteo/dev/redist/fwidbmgr/include/Grid.h:1595) Configuring grid: humidity
2020-01-07 10:06:30,875 null [INFO] (/home/meteo/dev/redist/fwidbmgr/include/Grid.h:1695) Grid humidity configured.
2020-01-07 10:06:30,878 null [INFO] (/home/meteo/dev/redist/fwidbmgr/include/Grid.h:1595) Configuring grid: windspeed
2020-01-07 10:06:30,878 null [INFO] (/home/meteo/dev/redist/fwidbmgr/include/Grid.h:1695) Grid windspeed configured.
2020-01-07 10:06:30,884 null [INFO] (/home/meteo/dev/redist/fwidbmgr/include/Grid.h:1595) Configuring grid: rain
2020-01-07 10:06:30,884 null [INFO] (/home/meteo/dev/redist/fwidbmgr/include/Grid.h:1695) Grid rain configured.
2020-01-07 10:06:30,886 null [INFO] (/home/meteo/dev/redist/fwidbmgr/include/Grid.h:1595) Configuring grid: cum_rain
2020-01-07 10:06:30,886 null [INFO] (/home/meteo/dev/redist/fwidbmgr/include/Grid.h:1695) Grid cum_rain configured.
2020-01-07 10:06:30,991 null [INFO] (../src/fwidbmgr.cpp:1506) Meteo input for date 20200105 already stored, delete it.
2020-01-07 10:06:31,078 null [INFO] (../src/fwidbmgr.cpp:1514) Meteo input for date 20200105 deleted.
2020-01-07 10:06:31,078 null [INFO] (../src/fwidbmgr.cpp:1518) Storing meteo input ...
2020-01-07 10:06:35,792 null [INFO] (../src/fwidbmgr.cpp:5540) OK --> 20200105 data imported.
2020-01-07 10:06:35,792 null [INFO] (../src/fwidbmgr.cpp:5695) action in took about 5 seconds.
2020-01-07 10:06:35,793 null [INFO] (../src/fwidbmgr.cpp:5699) Disconnected from database.
2020-01-07 10:07:06,026 null [INFO] (../src/fwidbmgr.cpp:5361) fwi db manager
2020-01-07 10:07:06,026 null [INFO] (../src/fwidbmgr.cpp:5365) Program home: /home/meteo/dev/redist/fwidbmgr
2020-01-07 10:07:06,026 null [INFO] (../src/fwidbmgr.cpp:5369) Auto convert: 1
2020-01-07 10:07:06,026 null [INFO] (../src/fwidbmgr.cpp:446) action: outimg.
2020-01-07 10:07:06,026 null [INFO] (../src/fwidbmgr.cpp:470) date: 20200105.
2020-01-07 10:07:06,026 null [INFO] (../src/fwidbmgr.cpp:322) Try to read: /home/meteo/dev/redist/fwidbmgr/config/fwidbmgr.conf.
2020-01-07 10:07:06,028 null [INFO] (../src/fwidbmgr.cpp:5393) Configuration parsing: OK.
2020-01-07 10:07:06,046 null [INFO] (../src/fwidbmgr.cpp:5478) Connected to database
2020-01-07 10:07:06,046 null [INFO] (../src/fwidbmgr.cpp:5480) Manage data for date: 20200105.
2020-01-07 10:07:06,047 null [INFO] (../src/fwidbmgr.cpp:5566) Importing fwi indexes images in database.
2020-01-07 10:07:06,098 null [INFO] (../src/fwidbmgr.cpp:5570) OK --> 20200105 images imported.
2020-01-07 10:07:06,098 null [INFO] (../src/fwidbmgr.cpp:5695) action outimg took about 0 seconds.
2020-01-07 10:07:06,098 null [INFO] (../src/fwidbmgr.cpp:5699) Disconnected from database.
2020-01-07 10:07:06,423 null [INFO] (../src/fwidbmgr.cpp:5361) fwi db manager
2020-01-07 10:07:06,424 null [INFO] (../src/fwidbmgr.cpp:5365) Program home: /home/meteo/dev/redist/fwidbmgr
2020-01-07 10:07:06,424 null [INFO] (../src/fwidbmgr.cpp:5369) Auto convert: 1
2020-01-07 10:07:06,424 null [INFO] (../src/fwidbmgr.cpp:446) action: exportimg.
2020-01-07 10:07:06,424 null [INFO] (../src/fwidbmgr.cpp:470) date: 20200106.
2020-01-07 10:07:06,424 null [INFO] (../src/fwidbmgr.cpp:322) Try to read: /home/meteo/dev/redist/fwidbmgr/config/fwidbmgr.conf.
2020-01-07 10:07:06,425 null [INFO] (../src/fwidbmgr.cpp:5393) Configuration parsing: OK.
2020-01-07 10:07:06,428 null [INFO] (../src/fwidbmgr.cpp:5478) Connected to database
2020-01-07 10:07:06,428 null [INFO] (../src/fwidbmgr.cpp:5480) Manage data for date: 20200106.
2020-01-07 10:07:06,428 null [INFO] (../src/fwidbmgr.cpp:5581) Exporting images
2020-01-07 10:07:06,438 null [INFO] (../src/fwidbmgr.cpp:2872) /home/meteo/programmi/fwi_grid/immagini/ana/impaginata_20200106.gif points to 208509 bytes.
2020-01-07 10:07:06,441 null [INFO] (../src/fwidbmgr.cpp:2919) /home/meteo/programmi/fwi_grid/immagini/meteo/ana/impaginatameteo_20200106.gif points to 77708 bytes.
2020-01-07 10:07:06,448 null [INFO] (../src/fwidbmgr.cpp:2966) /home/meteo/programmi/fwi_grid/meteo/ana/neve_20200106.img points to 406969 bytes.
2020-01-07 10:07:06,448 null [INFO] (../src/fwidbmgr.cpp:5585) OK --> 20200106 images exported to files.
2020-01-07 10:07:06,449 null [INFO] (../src/fwidbmgr.cpp:5695) action exportimg took about 0 seconds.
2020-01-07 10:07:06,449 null [INFO] (../src/fwidbmgr.cpp:5699) Disconnected from database.
2020-01-07 10:07:06,468 null [INFO] (../src/fwidbmgr.cpp:5361) fwi db manager
2020-01-07 10:07:06,468 null [INFO] (../src/fwidbmgr.cpp:5365) Program home: /home/meteo/dev/redist/fwidbmgr
2020-01-07 10:07:06,468 null [INFO] (../src/fwidbmgr.cpp:5369) Auto convert: 1
2020-01-07 10:07:06,469 null [INFO] (../src/fwidbmgr.cpp:446) action: exportidx.
2020-01-07 10:07:06,469 null [INFO] (../src/fwidbmgr.cpp:470) date: 20200105.
2020-01-07 10:07:06,469 null [INFO] (../src/fwidbmgr.cpp:322) Try to read: /home/meteo/dev/redist/fwidbmgr/config/fwidbmgr.conf.
2020-01-07 10:07:06,469 null [INFO] (../src/fwidbmgr.cpp:5393) Configuration parsing: OK.
2020-01-07 10:07:06,474 null [INFO] (../src/fwidbmgr.cpp:5478) Connected to database
2020-01-07 10:07:06,474 null [INFO] (../src/fwidbmgr.cpp:5480) Manage data for date: 20200105.
2020-01-07 10:07:06,474 null [INFO] (../src/fwidbmgr.cpp:5596) Exporting indexes.
2020-01-07 10:07:06,477 null [INFO] (/home/meteo/dev/redist/fwidbmgr/include/Grid.h:1595) Configuring grid: isi
2020-01-07 10:07:06,477 null [INFO] (/home/meteo/dev/redist/fwidbmgr/include/Grid.h:1695) Grid isi configured.
2020-01-07 10:07:06,480 null [INFO] (/home/meteo/dev/redist/fwidbmgr/include/Grid.h:1595) Configuring grid: fwi
2020-01-07 10:07:06,480 null [INFO] (/home/meteo/dev/redist/fwidbmgr/include/Grid.h:1695) Grid fwi configured.
2020-01-07 10:07:06,483 null [INFO] (/home/meteo/dev/redist/fwidbmgr/include/Grid.h:1595) Configuring grid: ffmc
2020-01-07 10:07:06,483 null [INFO] (/home/meteo/dev/redist/fwidbmgr/include/Grid.h:1695) Grid ffmc configured.
2020-01-07 10:07:06,485 null [INFO] (/home/meteo/dev/redist/fwidbmgr/include/Grid.h:1595) Configuring grid: dmc
2020-01-07 10:07:06,485 null [INFO] (/home/meteo/dev/redist/fwidbmgr/include/Grid.h:1695) Grid dmc configured.
2020-01-07 10:07:06,486 null [INFO] (/home/meteo/dev/redist/fwidbmgr/include/Grid.h:1595) Configuring grid: dc
2020-01-07 10:07:06,486 null [INFO] (/home/meteo/dev/redist/fwidbmgr/include/Grid.h:1695) Grid dc configured.
2020-01-07 10:07:06,487 null [INFO] (/home/meteo/dev/redist/fwidbmgr/include/Grid.h:1595) Configuring grid: bui
2020-01-07 10:07:06,487 null [INFO] (/home/meteo/dev/redist/fwidbmgr/include/Grid.h:1695) Grid bui configured.
2020-01-07 10:07:06,488 null [INFO] (/home/meteo/dev/redist/fwidbmgr/include/Grid.h:1595) Configuring grid: ffmc_tmp
2020-01-07 10:07:06,488 null [INFO] (/home/meteo/dev/redist/fwidbmgr/include/Grid.h:1695) Grid ffmc_tmp configured.
2020-01-07 10:07:06,489 null [INFO] (/home/meteo/dev/redist/fwidbmgr/include/Grid.h:1595) Configuring grid: dmc_tmp
2020-01-07 10:07:06,489 null [INFO] (/home/meteo/dev/redist/fwidbmgr/include/Grid.h:1695) Grid dmc_tmp configured.
2020-01-07 10:07:06,490 null [INFO] (/home/meteo/dev/redist/fwidbmgr/include/Grid.h:1595) Configuring grid: dc_tmp
2020-01-07 10:07:06,490 null [INFO] (/home/meteo/dev/redist/fwidbmgr/include/Grid.h:1695) Grid dc_tmp configured.
2020-01-07 10:07:06,491 null [INFO] (/home/meteo/dev/redist/fwidbmgr/include/Grid.h:1595) Configuring grid: idi
2020-01-07 10:07:06,491 null [INFO] (/home/meteo/dev/redist/fwidbmgr/include/Grid.h:1695) Grid idi configured.
2020-01-07 10:07:06,492 null [INFO] (/home/meteo/dev/redist/fwidbmgr/include/Grid.h:1595) Configuring grid: angstrom
2020-01-07 10:07:06,492 null [INFO] (/home/meteo/dev/redist/fwidbmgr/include/Grid.h:1695) Grid angstrom configured.
2020-01-07 10:07:06,493 null [INFO] (/home/meteo/dev/redist/fwidbmgr/include/Grid.h:1595) Configuring grid: fmi
2020-01-07 10:07:06,493 null [INFO] (/home/meteo/dev/redist/fwidbmgr/include/Grid.h:1695) Grid fmi configured.
2020-01-07 10:07:06,494 null [INFO] (/home/meteo/dev/redist/fwidbmgr/include/Grid.h:1595) Configuring grid: sharples
2020-01-07 10:07:06,494 null [INFO] (/home/meteo/dev/redist/fwidbmgr/include/Grid.h:1695) Grid sharples configured.
2020-01-07 10:07:06,816 null [INFO] (/home/meteo/dev/redist/fwidbmgr/include/Grid.h:1595) Configuring grid: isi
2020-01-07 10:07:06,816 null [INFO] (/home/meteo/dev/redist/fwidbmgr/include/Grid.h:1695) Grid isi configured.
2020-01-07 10:07:06,836 null [INFO] (/home/meteo/dev/redist/fwidbmgr/include/Grid.h:1595) Configuring grid: fwi
2020-01-07 10:07:06,836 null [INFO] (/home/meteo/dev/redist/fwidbmgr/include/Grid.h:1695) Grid fwi configured.
2020-01-07 10:07:06,856 null [INFO] (/home/meteo/dev/redist/fwidbmgr/include/Grid.h:1595) Configuring grid: ffmc
2020-01-07 10:07:06,856 null [INFO] (/home/meteo/dev/redist/fwidbmgr/include/Grid.h:1695) Grid ffmc configured.
2020-01-07 10:07:06,878 null [INFO] (/home/meteo/dev/redist/fwidbmgr/include/Grid.h:1595) Configuring grid: dmc
2020-01-07 10:07:06,879 null [INFO] (/home/meteo/dev/redist/fwidbmgr/include/Grid.h:1695) Grid dmc configured.
2020-01-07 10:07:06,900 null [INFO] (/home/meteo/dev/redist/fwidbmgr/include/Grid.h:1595) Configuring grid: dc
2020-01-07 10:07:06,900 null [INFO] (/home/meteo/dev/redist/fwidbmgr/include/Grid.h:1695) Grid dc configured.
2020-01-07 10:07:06,921 null [INFO] (/home/meteo/dev/redist/fwidbmgr/include/Grid.h:1595) Configuring grid: bui
2020-01-07 10:07:06,922 null [INFO] (/home/meteo/dev/redist/fwidbmgr/include/Grid.h:1695) Grid bui configured.
2020-01-07 10:07:06,942 null [INFO] (/home/meteo/dev/redist/fwidbmgr/include/Grid.h:1595) Configuring grid: ffmc_tmp
2020-01-07 10:07:06,942 null [INFO] (/home/meteo/dev/redist/fwidbmgr/include/Grid.h:1695) Grid ffmc_tmp configured.
2020-01-07 10:07:06,963 null [INFO] (/home/meteo/dev/redist/fwidbmgr/include/Grid.h:1595) Configuring grid: dmc_tmp
2020-01-07 10:07:06,964 null [INFO] (/home/meteo/dev/redist/fwidbmgr/include/Grid.h:1695) Grid dmc_tmp configured.
2020-01-07 10:07:06,982 null [INFO] (/home/meteo/dev/redist/fwidbmgr/include/Grid.h:1595) Configuring grid: dc_tmp
2020-01-07 10:07:06,983 null [INFO] (/home/meteo/dev/redist/fwidbmgr/include/Grid.h:1695) Grid dc_tmp configured.
2020-01-07 10:07:07,002 null [INFO] (/home/meteo/dev/redist/fwidbmgr/include/Grid.h:1595) Configuring grid: angstrom
2020-01-07 10:07:07,002 null [INFO] (/home/meteo/dev/redist/fwidbmgr/include/Grid.h:1695) Grid angstrom configured.
2020-01-07 10:07:07,021 null [INFO] (/home/meteo/dev/redist/fwidbmgr/include/Grid.h:1595) Configuring grid: sharples
2020-01-07 10:07:07,021 null [INFO] (/home/meteo/dev/redist/fwidbmgr/include/Grid.h:1695) Grid sharples configured.
2020-01-07 10:07:07,042 null [INFO] (/home/meteo/dev/redist/fwidbmgr/include/Grid.h:1595) Configuring grid: fmi
2020-01-07 10:07:07,042 null [INFO] (/home/meteo/dev/redist/fwidbmgr/include/Grid.h:1695) Grid fmi configured.
2020-01-07 10:07:07,061 null [INFO] (../src/fwidbmgr.cpp:5600) OK --> 20200105 indexes exported to files.
2020-01-07 10:07:07,061 null [INFO] (../src/fwidbmgr.cpp:5695) action exportidx took about 1 seconds.
2020-01-07 10:07:07,061 null [INFO] (../src/fwidbmgr.cpp:5699) Disconnected from database.
2020-01-07 10:07:48,437 null [INFO] (../src/fwidbmgr.cpp:5361) fwi db manager
2020-01-07 10:07:48,437 null [INFO] (../src/fwidbmgr.cpp:5365) Program home: /home/meteo/dev/redist/fwidbmgr
2020-01-07 10:07:48,437 null [INFO] (../src/fwidbmgr.cpp:5369) Auto convert: 1
2020-01-07 10:07:48,437 null [INFO] (../src/fwidbmgr.cpp:446) action: in.
2020-01-07 10:07:48,437 null [INFO] (../src/fwidbmgr.cpp:470) date: 20200106.
2020-01-07 10:07:48,437 null [INFO] (../src/fwidbmgr.cpp:322) Try to read: /home/meteo/dev/redist/fwidbmgr/config/fwidbmgr.conf.
2020-01-07 10:07:48,439 null [INFO] (../src/fwidbmgr.cpp:5393) Configuration parsing: OK.
2020-01-07 10:07:48,441 null [INFO] (../src/fwidbmgr.cpp:5478) Connected to database
2020-01-07 10:07:48,441 null [INFO] (../src/fwidbmgr.cpp:5480) Manage data for date: 20200106.
2020-01-07 10:07:48,441 null [INFO] (../src/fwidbmgr.cpp:5536) Importing meteo data in database for day: 20200106.
2020-01-07 10:07:48,445 null [INFO] (/home/meteo/dev/redist/fwidbmgr/include/Grid.h:1595) Configuring grid: snow
2020-01-07 10:07:48,446 null [INFO] (/home/meteo/dev/redist/fwidbmgr/include/Grid.h:1695) Grid snow configured.
2020-01-07 10:07:48,458 null [INFO] (/home/meteo/dev/redist/fwidbmgr/include/Grid.h:1595) Configuring grid: snow_covering
2020-01-07 10:07:48,458 null [INFO] (/home/meteo/dev/redist/fwidbmgr/include/Grid.h:1695) Grid snow_covering configured.
2020-01-07 10:07:48,474 null [INFO] (/home/meteo/dev/redist/fwidbmgr/include/Grid.h:1595) Configuring grid: snow_dissolution
2020-01-07 10:07:48,474 null [INFO] (/home/meteo/dev/redist/fwidbmgr/include/Grid.h:1695) Grid snow_dissolution configured.
2020-01-07 10:07:48,487 null [INFO] (/home/meteo/dev/redist/fwidbmgr/include/Grid.h:1595) Configuring grid: temperature
2020-01-07 10:07:48,487 null [INFO] (/home/meteo/dev/redist/fwidbmgr/include/Grid.h:1695) Grid temperature configured.
2020-01-07 10:07:48,488 null [INFO] (/home/meteo/dev/redist/fwidbmgr/include/Grid.h:1595) Configuring grid: humidity
2020-01-07 10:07:48,488 null [INFO] (/home/meteo/dev/redist/fwidbmgr/include/Grid.h:1695) Grid humidity configured.
2020-01-07 10:07:48,491 null [INFO] (/home/meteo/dev/redist/fwidbmgr/include/Grid.h:1595) Configuring grid: windspeed
2020-01-07 10:07:48,491 null [INFO] (/home/meteo/dev/redist/fwidbmgr/include/Grid.h:1695) Grid windspeed configured.
2020-01-07 10:07:48,497 null [INFO] (/home/meteo/dev/redist/fwidbmgr/include/Grid.h:1595) Configuring grid: rain
2020-01-07 10:07:48,497 null [INFO] (/home/meteo/dev/redist/fwidbmgr/include/Grid.h:1695) Grid rain configured.
2020-01-07 10:07:48,499 null [INFO] (/home/meteo/dev/redist/fwidbmgr/include/Grid.h:1595) Configuring grid: cum_rain
2020-01-07 10:07:48,499 null [INFO] (/home/meteo/dev/redist/fwidbmgr/include/Grid.h:1695) Grid cum_rain configured.
2020-01-07 10:07:48,580 null [INFO] (../src/fwidbmgr.cpp:1506) Meteo input for date 20200106 already stored, delete it.
2020-01-07 10:07:48,647 null [INFO] (../src/fwidbmgr.cpp:1514) Meteo input for date 20200106 deleted.
2020-01-07 10:07:48,647 null [INFO] (../src/fwidbmgr.cpp:1518) Storing meteo input ...
2020-01-07 10:07:53,146 null [INFO] (../src/fwidbmgr.cpp:5540) OK --> 20200106 data imported.
2020-01-07 10:07:53,147 null [INFO] (../src/fwidbmgr.cpp:5695) action in took about 5 seconds.
2020-01-07 10:07:53,148 null [INFO] (../src/fwidbmgr.cpp:5699) Disconnected from database.
2020-01-07 10:08:23,940 null [INFO] (../src/fwidbmgr.cpp:5361) fwi db manager
2020-01-07 10:08:23,940 null [INFO] (../src/fwidbmgr.cpp:5365) Program home: /home/meteo/dev/redist/fwidbmgr
2020-01-07 10:08:23,940 null [INFO] (../src/fwidbmgr.cpp:5369) Auto convert: 1
2020-01-07 10:08:23,940 null [INFO] (../src/fwidbmgr.cpp:446) action: outimg.
2020-01-07 10:08:23,940 null [INFO] (../src/fwidbmgr.cpp:470) date: 20200106.
2020-01-07 10:08:23,940 null [INFO] (../src/fwidbmgr.cpp:322) Try to read: /home/meteo/dev/redist/fwidbmgr/config/fwidbmgr.conf.
2020-01-07 10:08:23,942 null [INFO] (../src/fwidbmgr.cpp:5393) Configuration parsing: OK.
2020-01-07 10:08:23,947 null [INFO] (../src/fwidbmgr.cpp:5478) Connected to database
2020-01-07 10:08:23,947 null [INFO] (../src/fwidbmgr.cpp:5480) Manage data for date: 20200106.
2020-01-07 10:08:23,947 null [INFO] (../src/fwidbmgr.cpp:5566) Importing fwi indexes images in database.
2020-01-07 10:08:23,998 null [INFO] (../src/fwidbmgr.cpp:5570) OK --> 20200106 images imported.
2020-01-07 10:08:23,999 null [INFO] (../src/fwidbmgr.cpp:5695) action outimg took about 0 seconds.
2020-01-07 10:08:23,999 null [INFO] (../src/fwidbmgr.cpp:5699) Disconnected from database.
2020-01-07 10:08:35,371 null [INFO] (../src/fwidbmgr.cpp:5361) fwi db manager
2020-01-07 10:08:35,371 null [INFO] (../src/fwidbmgr.cpp:5365) Program home: /home/meteo/dev/redist/fwidbmgr
2020-01-07 10:08:35,371 null [INFO] (../src/fwidbmgr.cpp:5369) Auto convert: 1
2020-01-07 10:08:35,371 null [INFO] (../src/fwidbmgr.cpp:446) action: in.
2020-01-07 10:08:35,371 null [INFO] (../src/fwidbmgr.cpp:470) date: 20200106.
2020-01-07 10:08:35,371 null [INFO] (../src/fwidbmgr.cpp:322) Try to read: /home/meteo/dev/redist/fwidbmgr/config/fwidbmgr.conf.
2020-01-07 10:08:35,372 null [INFO] (../src/fwidbmgr.cpp:5393) Configuration parsing: OK.
2020-01-07 10:08:35,375 null [INFO] (../src/fwidbmgr.cpp:5478) Connected to database
2020-01-07 10:08:35,375 null [INFO] (../src/fwidbmgr.cpp:5480) Manage data for date: 20200106.
2020-01-07 10:08:35,375 null [INFO] (../src/fwidbmgr.cpp:5536) Importing meteo data in database for day: 20200106.
2020-01-07 10:08:35,377 null [INFO] (/home/meteo/dev/redist/fwidbmgr/include/Grid.h:1595) Configuring grid: snow
2020-01-07 10:08:35,377 null [INFO] (/home/meteo/dev/redist/fwidbmgr/include/Grid.h:1695) Grid snow configured.
2020-01-07 10:08:35,388 null [INFO] (/home/meteo/dev/redist/fwidbmgr/include/Grid.h:1595) Configuring grid: snow_covering
2020-01-07 10:08:35,388 null [INFO] (/home/meteo/dev/redist/fwidbmgr/include/Grid.h:1695) Grid snow_covering configured.
2020-01-07 10:08:35,400 null [INFO] (/home/meteo/dev/redist/fwidbmgr/include/Grid.h:1595) Configuring grid: snow_dissolution
2020-01-07 10:08:35,400 null [INFO] (/home/meteo/dev/redist/fwidbmgr/include/Grid.h:1695) Grid snow_dissolution configured.
2020-01-07 10:08:35,424 null [INFO] (/home/meteo/dev/redist/fwidbmgr/include/Grid.h:1595) Configuring grid: temperature
2020-01-07 10:08:35,424 null [INFO] (/home/meteo/dev/redist/fwidbmgr/include/Grid.h:1695) Grid temperature configured.
2020-01-07 10:08:35,428 null [INFO] (/home/meteo/dev/redist/fwidbmgr/include/Grid.h:1595) Configuring grid: humidity
2020-01-07 10:08:35,428 null [INFO] (/home/meteo/dev/redist/fwidbmgr/include/Grid.h:1695) Grid humidity configured.
2020-01-07 10:08:35,434 null [INFO] (/home/meteo/dev/redist/fwidbmgr/include/Grid.h:1595) Configuring grid: windspeed
2020-01-07 10:08:35,434 null [INFO] (/home/meteo/dev/redist/fwidbmgr/include/Grid.h:1695) Grid windspeed configured.
2020-01-07 10:08:35,440 null [INFO] (/home/meteo/dev/redist/fwidbmgr/include/Grid.h:1595) Configuring grid: rain
2020-01-07 10:08:35,440 null [INFO] (/home/meteo/dev/redist/fwidbmgr/include/Grid.h:1695) Grid rain configured.
2020-01-07 10:08:35,442 null [INFO] (/home/meteo/dev/redist/fwidbmgr/include/Grid.h:1595) Configuring grid: cum_rain
2020-01-07 10:08:35,442 null [INFO] (/home/meteo/dev/redist/fwidbmgr/include/Grid.h:1695) Grid cum_rain configured.
2020-01-07 10:08:35,528 null [INFO] (../src/fwidbmgr.cpp:1506) Meteo input for date 20200106 already stored, delete it.
2020-01-07 10:08:35,574 null [INFO] (../src/fwidbmgr.cpp:1514) Meteo input for date 20200106 deleted.
2020-01-07 10:08:35,574 null [INFO] (../src/fwidbmgr.cpp:1518) Storing meteo input ...
2020-01-07 10:08:40,197 null [INFO] (../src/fwidbmgr.cpp:5540) OK --> 20200106 data imported.
2020-01-07 10:08:40,198 null [INFO] (../src/fwidbmgr.cpp:5695) action in took about 5 seconds.
2020-01-07 10:08:40,199 null [INFO] (../src/fwidbmgr.cpp:5699) Disconnected from database.
2020-01-07 10:09:21,312 null [INFO] (../src/fwidbmgr.cpp:5361) fwi db manager
2020-01-07 10:09:21,312 null [INFO] (../src/fwidbmgr.cpp:5365) Program home: /home/meteo/dev/redist/fwidbmgr
2020-01-07 10:09:21,312 null [INFO] (../src/fwidbmgr.cpp:5369) Auto convert: 1
2020-01-07 10:09:21,312 null [INFO] (../src/fwidbmgr.cpp:446) action: out.
2020-01-07 10:09:21,312 null [INFO] (../src/fwidbmgr.cpp:470) date: 20200106.
2020-01-07 10:09:21,312 null [INFO] (../src/fwidbmgr.cpp:322) Try to read: /home/meteo/dev/redist/fwidbmgr/config/fwidbmgr.conf.
2020-01-07 10:09:21,313 null [INFO] (../src/fwidbmgr.cpp:5393) Configuration parsing: OK.
2020-01-07 10:09:21,329 null [INFO] (../src/fwidbmgr.cpp:5478) Connected to database
2020-01-07 10:09:21,329 null [INFO] (../src/fwidbmgr.cpp:5480) Manage data for date: 20200106.
2020-01-07 10:09:21,329 null [INFO] (../src/fwidbmgr.cpp:5551) Importing fwi indexes data in database for day: 20200106.
2020-01-07 10:09:21,339 null [INFO] (/home/meteo/dev/redist/fwidbmgr/include/Grid.h:1595) Configuring grid: isi
2020-01-07 10:09:21,339 null [INFO] (/home/meteo/dev/redist/fwidbmgr/include/Grid.h:1695) Grid isi configured.
2020-01-07 10:09:21,347 null [INFO] (/home/meteo/dev/redist/fwidbmgr/include/Grid.h:1595) Configuring grid: fwi
2020-01-07 10:09:21,347 null [INFO] (/home/meteo/dev/redist/fwidbmgr/include/Grid.h:1695) Grid fwi configured.
2020-01-07 10:09:21,355 null [INFO] (/home/meteo/dev/redist/fwidbmgr/include/Grid.h:1595) Configuring grid: ffmc
2020-01-07 10:09:21,355 null [INFO] (/home/meteo/dev/redist/fwidbmgr/include/Grid.h:1695) Grid ffmc configured.
2020-01-07 10:09:21,362 null [INFO] (/home/meteo/dev/redist/fwidbmgr/include/Grid.h:1595) Configuring grid: dmc
2020-01-07 10:09:21,362 null [INFO] (/home/meteo/dev/redist/fwidbmgr/include/Grid.h:1695) Grid dmc configured.
2020-01-07 10:09:21,369 null [INFO] (/home/meteo/dev/redist/fwidbmgr/include/Grid.h:1595) Configuring grid: dc
2020-01-07 10:09:21,369 null [INFO] (/home/meteo/dev/redist/fwidbmgr/include/Grid.h:1695) Grid dc configured.
2020-01-07 10:09:21,376 null [INFO] (/home/meteo/dev/redist/fwidbmgr/include/Grid.h:1595) Configuring grid: bui
2020-01-07 10:09:21,376 null [INFO] (/home/meteo/dev/redist/fwidbmgr/include/Grid.h:1695) Grid bui configured.
2020-01-07 10:09:21,383 null [INFO] (/home/meteo/dev/redist/fwidbmgr/include/Grid.h:1595) Configuring grid: ffmc_tmp
2020-01-07 10:09:21,383 null [INFO] (/home/meteo/dev/redist/fwidbmgr/include/Grid.h:1695) Grid ffmc_tmp configured.
2020-01-07 10:09:21,394 null [INFO] (/home/meteo/dev/redist/fwidbmgr/include/Grid.h:1595) Configuring grid: dmc_tmp
2020-01-07 10:09:21,394 null [INFO] (/home/meteo/dev/redist/fwidbmgr/include/Grid.h:1695) Grid dmc_tmp configured.
2020-01-07 10:09:21,404 null [INFO] (/home/meteo/dev/redist/fwidbmgr/include/Grid.h:1595) Configuring grid: dc_tmp
2020-01-07 10:09:21,404 null [INFO] (/home/meteo/dev/redist/fwidbmgr/include/Grid.h:1695) Grid dc_tmp configured.
2020-01-07 10:09:21,415 null [INFO] (/home/meteo/dev/redist/fwidbmgr/include/Grid.h:1595) Configuring grid: idi
2020-01-07 10:09:21,415 null [INFO] (/home/meteo/dev/redist/fwidbmgr/include/Grid.h:1695) Grid idi configured.
2020-01-07 10:09:21,461 null [INFO] (../src/fwidbmgr.cpp:2081) Storing FWI indexes ...
2020-01-07 10:09:24,237 null [INFO] (../src/fwidbmgr.cpp:5555) OK --> 20200106 data imported.
2020-01-07 10:09:24,237 null [INFO] (../src/fwidbmgr.cpp:5695) action out took about 3 seconds.
2020-01-07 10:09:24,237 null [INFO] (../src/fwidbmgr.cpp:5699) Disconnected from database.
2020-01-07 10:09:24,247 null [INFO] (../src/fwidbmgr.cpp:5361) fwi db manager
2020-01-07 10:09:24,247 null [INFO] (../src/fwidbmgr.cpp:5365) Program home: /home/meteo/dev/redist/fwidbmgr
2020-01-07 10:09:24,247 null [INFO] (../src/fwidbmgr.cpp:5369) Auto convert: 1
2020-01-07 10:09:24,248 null [INFO] (../src/fwidbmgr.cpp:446) action: computeidx.
2020-01-07 10:09:24,248 null [INFO] (../src/fwidbmgr.cpp:470) date: 20200106.
2020-01-07 10:09:24,248 null [INFO] (../src/fwidbmgr.cpp:322) Try to read: /home/meteo/dev/redist/fwidbmgr/config/fwidbmgr.conf.
2020-01-07 10:09:24,249 null [INFO] (../src/fwidbmgr.cpp:5393) Configuration parsing: OK.
2020-01-07 10:09:24,251 null [INFO] (../src/fwidbmgr.cpp:5478) Connected to database
2020-01-07 10:09:24,251 null [INFO] (../src/fwidbmgr.cpp:5480) Manage data for date: 20200106.
2020-01-07 10:09:24,251 null [INFO] (../src/fwidbmgr.cpp:5656) Computing indexes.
2020-01-07 10:09:24,252 null [INFO] (/home/meteo/dev/redist/fwidbmgr/include/Grid.h:1595) Configuring grid: isi
2020-01-07 10:09:24,252 null [INFO] (/home/meteo/dev/redist/fwidbmgr/include/Grid.h:1695) Grid isi configured.
2020-01-07 10:09:24,253 null [INFO] (/home/meteo/dev/redist/fwidbmgr/include/Grid.h:1595) Configuring grid: fwi
2020-01-07 10:09:24,253 null [INFO] (/home/meteo/dev/redist/fwidbmgr/include/Grid.h:1695) Grid fwi configured.
2020-01-07 10:09:24,254 null [INFO] (/home/meteo/dev/redist/fwidbmgr/include/Grid.h:1595) Configuring grid: ffmc
2020-01-07 10:09:24,254 null [INFO] (/home/meteo/dev/redist/fwidbmgr/include/Grid.h:1695) Grid ffmc configured.
2020-01-07 10:09:24,255 null [INFO] (/home/meteo/dev/redist/fwidbmgr/include/Grid.h:1595) Configuring grid: dmc
2020-01-07 10:09:24,255 null [INFO] (/home/meteo/dev/redist/fwidbmgr/include/Grid.h:1695) Grid dmc configured.
2020-01-07 10:09:24,256 null [INFO] (/home/meteo/dev/redist/fwidbmgr/include/Grid.h:1595) Configuring grid: dc
2020-01-07 10:09:24,256 null [INFO] (/home/meteo/dev/redist/fwidbmgr/include/Grid.h:1695) Grid dc configured.
2020-01-07 10:09:24,257 null [INFO] (/home/meteo/dev/redist/fwidbmgr/include/Grid.h:1595) Configuring grid: bui
2020-01-07 10:09:24,257 null [INFO] (/home/meteo/dev/redist/fwidbmgr/include/Grid.h:1695) Grid bui configured.
2020-01-07 10:09:24,258 null [INFO] (/home/meteo/dev/redist/fwidbmgr/include/Grid.h:1595) Configuring grid: ffmc_tmp
2020-01-07 10:09:24,258 null [INFO] (/home/meteo/dev/redist/fwidbmgr/include/Grid.h:1695) Grid ffmc_tmp configured.
2020-01-07 10:09:24,259 null [INFO] (/home/meteo/dev/redist/fwidbmgr/include/Grid.h:1595) Configuring grid: dmc_tmp
2020-01-07 10:09:24,259 null [INFO] (/home/meteo/dev/redist/fwidbmgr/include/Grid.h:1695) Grid dmc_tmp configured.
2020-01-07 10:09:24,260 null [INFO] (/home/meteo/dev/redist/fwidbmgr/include/Grid.h:1595) Configuring grid: dc_tmp
2020-01-07 10:09:24,260 null [INFO] (/home/meteo/dev/redist/fwidbmgr/include/Grid.h:1695) Grid dc_tmp configured.
2020-01-07 10:09:24,261 null [INFO] (/home/meteo/dev/redist/fwidbmgr/include/Grid.h:1595) Configuring grid: idi
2020-01-07 10:09:24,261 null [INFO] (/home/meteo/dev/redist/fwidbmgr/include/Grid.h:1695) Grid idi configured.
2020-01-07 10:09:24,262 null [INFO] (/home/meteo/dev/redist/fwidbmgr/include/Grid.h:1595) Configuring grid: angstrom
2020-01-07 10:09:24,262 null [INFO] (/home/meteo/dev/redist/fwidbmgr/include/Grid.h:1695) Grid angstrom configured.
2020-01-07 10:09:24,263 null [INFO] (/home/meteo/dev/redist/fwidbmgr/include/Grid.h:1595) Configuring grid: fmi
2020-01-07 10:09:24,263 null [INFO] (/home/meteo/dev/redist/fwidbmgr/include/Grid.h:1695) Grid fmi configured.
2020-01-07 10:09:24,264 null [INFO] (/home/meteo/dev/redist/fwidbmgr/include/Grid.h:1595) Configuring grid: sharples
2020-01-07 10:09:24,264 null [INFO] (/home/meteo/dev/redist/fwidbmgr/include/Grid.h:1695) Grid sharples configured.
2020-01-07 10:09:24,556 null [INFO] (/home/meteo/dev/redist/fwidbmgr/include/Grid.h:1595) Configuring grid: snow
2020-01-07 10:09:24,557 null [INFO] (/home/meteo/dev/redist/fwidbmgr/include/Grid.h:1695) Grid snow configured.
2020-01-07 10:09:24,557 null [INFO] (/home/meteo/dev/redist/fwidbmgr/include/Grid.h:1595) Configuring grid: snow_covering
2020-01-07 10:09:24,557 null [INFO] (/home/meteo/dev/redist/fwidbmgr/include/Grid.h:1695) Grid snow_covering configured.
2020-01-07 10:09:24,557 null [INFO] (/home/meteo/dev/redist/fwidbmgr/include/Grid.h:1595) Configuring grid: snow_dissolution
2020-01-07 10:09:24,557 null [INFO] (/home/meteo/dev/redist/fwidbmgr/include/Grid.h:1695) Grid snow_dissolution configured.
2020-01-07 10:09:24,557 null [INFO] (/home/meteo/dev/redist/fwidbmgr/include/Grid.h:1595) Configuring grid: temperature
2020-01-07 10:09:24,557 null [INFO] (/home/meteo/dev/redist/fwidbmgr/include/Grid.h:1695) Grid temperature configured.
2020-01-07 10:09:24,557 null [INFO] (/home/meteo/dev/redist/fwidbmgr/include/Grid.h:1595) Configuring grid: humidity
2020-01-07 10:09:24,557 null [INFO] (/home/meteo/dev/redist/fwidbmgr/include/Grid.h:1695) Grid humidity configured.
2020-01-07 10:09:24,557 null [INFO] (/home/meteo/dev/redist/fwidbmgr/include/Grid.h:1595) Configuring grid: windspeed
2020-01-07 10:09:24,557 null [INFO] (/home/meteo/dev/redist/fwidbmgr/include/Grid.h:1695) Grid windspeed configured.
2020-01-07 10:09:24,557 null [INFO] (/home/meteo/dev/redist/fwidbmgr/include/Grid.h:1595) Configuring grid: rain
2020-01-07 10:09:24,557 null [INFO] (/home/meteo/dev/redist/fwidbmgr/include/Grid.h:1695) Grid rain configured.
2020-01-07 10:09:24,557 null [INFO] (/home/meteo/dev/redist/fwidbmgr/include/Grid.h:1595) Configuring grid: cum_rain
2020-01-07 10:09:24,557 null [INFO] (/home/meteo/dev/redist/fwidbmgr/include/Grid.h:1695) Grid cum_rain configured.
2020-01-07 10:10:20,610 null [INFO] (../src/fwidbmgr.cpp:5660) OK --> 20200106 indexes computed.
2020-01-07 10:10:20,611 null [INFO] (../src/fwidbmgr.cpp:5695) action computeidx took about 56 seconds.
2020-01-07 10:10:20,611 null [INFO] (../src/fwidbmgr.cpp:5699) Disconnected from database.
2020-01-07 10:10:20,633 null [INFO] (../src/fwidbmgr.cpp:5361) fwi db manager
2020-01-07 10:10:20,633 null [INFO] (../src/fwidbmgr.cpp:5365) Program home: /home/meteo/dev/redist/fwidbmgr
2020-01-07 10:10:20,634 null [INFO] (../src/fwidbmgr.cpp:5369) Auto convert: 1
2020-01-07 10:10:20,634 null [INFO] (../src/fwidbmgr.cpp:446) action: exportidx.
2020-01-07 10:10:20,634 null [INFO] (../src/fwidbmgr.cpp:470) date: 20200106.
2020-01-07 10:10:20,634 null [INFO] (../src/fwidbmgr.cpp:322) Try to read: /home/meteo/dev/redist/fwidbmgr/config/fwidbmgr.conf.
2020-01-07 10:10:20,636 null [INFO] (../src/fwidbmgr.cpp:5393) Configuration parsing: OK.
2020-01-07 10:10:20,639 null [INFO] (../src/fwidbmgr.cpp:5478) Connected to database
2020-01-07 10:10:20,639 null [INFO] (../src/fwidbmgr.cpp:5480) Manage data for date: 20200106.
2020-01-07 10:10:20,639 null [INFO] (../src/fwidbmgr.cpp:5596) Exporting indexes.
2020-01-07 10:10:20,641 null [INFO] (/home/meteo/dev/redist/fwidbmgr/include/Grid.h:1595) Configuring grid: isi
2020-01-07 10:10:20,641 null [INFO] (/home/meteo/dev/redist/fwidbmgr/include/Grid.h:1695) Grid isi configured.
2020-01-07 10:10:20,642 null [INFO] (/home/meteo/dev/redist/fwidbmgr/include/Grid.h:1595) Configuring grid: fwi
2020-01-07 10:10:20,642 null [INFO] (/home/meteo/dev/redist/fwidbmgr/include/Grid.h:1695) Grid fwi configured.
2020-01-07 10:10:20,643 null [INFO] (/home/meteo/dev/redist/fwidbmgr/include/Grid.h:1595) Configuring grid: ffmc
2020-01-07 10:10:20,643 null [INFO] (/home/meteo/dev/redist/fwidbmgr/include/Grid.h:1695) Grid ffmc configured.
2020-01-07 10:10:20,644 null [INFO] (/home/meteo/dev/redist/fwidbmgr/include/Grid.h:1595) Configuring grid: dmc
2020-01-07 10:10:20,644 null [INFO] (/home/meteo/dev/redist/fwidbmgr/include/Grid.h:1695) Grid dmc configured.
2020-01-07 10:10:20,645 null [INFO] (/home/meteo/dev/redist/fwidbmgr/include/Grid.h:1595) Configuring grid: dc
2020-01-07 10:10:20,645 null [INFO] (/home/meteo/dev/redist/fwidbmgr/include/Grid.h:1695) Grid dc configured.
2020-01-07 10:10:20,646 null [INFO] (/home/meteo/dev/redist/fwidbmgr/include/Grid.h:1595) Configuring grid: bui
2020-01-07 10:10:20,646 null [INFO] (/home/meteo/dev/redist/fwidbmgr/include/Grid.h:1695) Grid bui configured.
2020-01-07 10:10:20,647 null [INFO] (/home/meteo/dev/redist/fwidbmgr/include/Grid.h:1595) Configuring grid: ffmc_tmp
2020-01-07 10:10:20,647 null [INFO] (/home/meteo/dev/redist/fwidbmgr/include/Grid.h:1695) Grid ffmc_tmp configured.
2020-01-07 10:10:20,648 null [INFO] (/home/meteo/dev/redist/fwidbmgr/include/Grid.h:1595) Configuring grid: dmc_tmp
2020-01-07 10:10:20,648 null [INFO] (/home/meteo/dev/redist/fwidbmgr/include/Grid.h:1695) Grid dmc_tmp configured.
2020-01-07 10:10:20,649 null [INFO] (/home/meteo/dev/redist/fwidbmgr/include/Grid.h:1595) Configuring grid: dc_tmp
2020-01-07 10:10:20,649 null [INFO] (/home/meteo/dev/redist/fwidbmgr/include/Grid.h:1695) Grid dc_tmp configured.
2020-01-07 10:10:20,650 null [INFO] (/home/meteo/dev/redist/fwidbmgr/include/Grid.h:1595) Configuring grid: idi
2020-01-07 10:10:20,650 null [INFO] (/home/meteo/dev/redist/fwidbmgr/include/Grid.h:1695) Grid idi configured.
2020-01-07 10:10:20,651 null [INFO] (/home/meteo/dev/redist/fwidbmgr/include/Grid.h:1595) Configuring grid: angstrom
2020-01-07 10:10:20,651 null [INFO] (/home/meteo/dev/redist/fwidbmgr/include/Grid.h:1695) Grid angstrom configured.
2020-01-07 10:10:20,652 null [INFO] (/home/meteo/dev/redist/fwidbmgr/include/Grid.h:1595) Configuring grid: fmi
2020-01-07 10:10:20,652 null [INFO] (/home/meteo/dev/redist/fwidbmgr/include/Grid.h:1695) Grid fmi configured.
2020-01-07 10:10:20,653 null [INFO] (/home/meteo/dev/redist/fwidbmgr/include/Grid.h:1595) Configuring grid: sharples
2020-01-07 10:10:20,653 null [INFO] (/home/meteo/dev/redist/fwidbmgr/include/Grid.h:1695) Grid sharples configured.
2020-01-07 10:10:20,968 null [INFO] (/home/meteo/dev/redist/fwidbmgr/include/Grid.h:1595) Configuring grid: isi
2020-01-07 10:10:20,968 null [INFO] (/home/meteo/dev/redist/fwidbmgr/include/Grid.h:1695) Grid isi configured.
2020-01-07 10:10:20,988 null [INFO] (/home/meteo/dev/redist/fwidbmgr/include/Grid.h:1595) Configuring grid: fwi
2020-01-07 10:10:20,988 null [INFO] (/home/meteo/dev/redist/fwidbmgr/include/Grid.h:1695) Grid fwi configured.
2020-01-07 10:10:21,008 null [INFO] (/home/meteo/dev/redist/fwidbmgr/include/Grid.h:1595) Configuring grid: ffmc
2020-01-07 10:10:21,008 null [INFO] (/home/meteo/dev/redist/fwidbmgr/include/Grid.h:1695) Grid ffmc configured.
2020-01-07 10:10:21,029 null [INFO] (/home/meteo/dev/redist/fwidbmgr/include/Grid.h:1595) Configuring grid: dmc
2020-01-07 10:10:21,029 null [INFO] (/home/meteo/dev/redist/fwidbmgr/include/Grid.h:1695) Grid dmc configured.
2020-01-07 10:10:21,048 null [INFO] (/home/meteo/dev/redist/fwidbmgr/include/Grid.h:1595) Configuring grid: dc
2020-01-07 10:10:21,049 null [INFO] (/home/meteo/dev/redist/fwidbmgr/include/Grid.h:1695) Grid dc configured.
2020-01-07 10:10:21,071 null [INFO] (/home/meteo/dev/redist/fwidbmgr/include/Grid.h:1595) Configuring grid: bui
2020-01-07 10:10:21,071 null [INFO] (/home/meteo/dev/redist/fwidbmgr/include/Grid.h:1695) Grid bui configured.
2020-01-07 10:10:21,091 null [INFO] (/home/meteo/dev/redist/fwidbmgr/include/Grid.h:1595) Configuring grid: ffmc_tmp
2020-01-07 10:10:21,091 null [INFO] (/home/meteo/dev/redist/fwidbmgr/include/Grid.h:1695) Grid ffmc_tmp configured.
2020-01-07 10:10:21,112 null [INFO] (/home/meteo/dev/redist/fwidbmgr/include/Grid.h:1595) Configuring grid: dmc_tmp
2020-01-07 10:10:21,112 null [INFO] (/home/meteo/dev/redist/fwidbmgr/include/Grid.h:1695) Grid dmc_tmp configured.
2020-01-07 10:10:21,130 null [INFO] (/home/meteo/dev/redist/fwidbmgr/include/Grid.h:1595) Configuring grid: dc_tmp
2020-01-07 10:10:21,130 null [INFO] (/home/meteo/dev/redist/fwidbmgr/include/Grid.h:1695) Grid dc_tmp configured.
2020-01-07 10:10:21,150 null [INFO] (/home/meteo/dev/redist/fwidbmgr/include/Grid.h:1595) Configuring grid: angstrom
2020-01-07 10:10:21,150 null [INFO] (/home/meteo/dev/redist/fwidbmgr/include/Grid.h:1695) Grid angstrom configured.
2020-01-07 10:10:21,172 null [INFO] (/home/meteo/dev/redist/fwidbmgr/include/Grid.h:1595) Configuring grid: sharples
2020-01-07 10:10:21,172 null [INFO] (/home/meteo/dev/redist/fwidbmgr/include/Grid.h:1695) Grid sharples configured.
2020-01-07 10:10:21,191 null [INFO] (/home/meteo/dev/redist/fwidbmgr/include/Grid.h:1595) Configuring grid: fmi
2020-01-07 10:10:21,191 null [INFO] (/home/meteo/dev/redist/fwidbmgr/include/Grid.h:1695) Grid fmi configured.
2020-01-07 10:10:21,210 null [INFO] (../src/fwidbmgr.cpp:5600) OK --> 20200106 indexes exported to files.
2020-01-07 10:10:21,210 null [INFO] (../src/fwidbmgr.cpp:5695) action exportidx took about 1 seconds.
2020-01-07 10:10:21,210 null [INFO] (../src/fwidbmgr.cpp:5699) Disconnected from database.
2020-01-07 10:10:36,137 null [INFO] (../src/fwidbmgr.cpp:5361) fwi db manager
2020-01-07 10:10:36,137 null [INFO] (../src/fwidbmgr.cpp:5365) Program home: /home/meteo/dev/redist/fwidbmgr
2020-01-07 10:10:36,137 null [INFO] (../src/fwidbmgr.cpp:5369) Auto convert: 1
2020-01-07 10:10:36,137 null [INFO] (../src/fwidbmgr.cpp:446) action: outimg.
2020-01-07 10:10:36,137 null [INFO] (../src/fwidbmgr.cpp:470) date: 20200106.
2020-01-07 10:10:36,137 null [INFO] (../src/fwidbmgr.cpp:322) Try to read: /home/meteo/dev/redist/fwidbmgr/config/fwidbmgr.conf.
2020-01-07 10:10:36,138 null [INFO] (../src/fwidbmgr.cpp:5393) Configuration parsing: OK.
2020-01-07 10:10:36,140 null [INFO] (../src/fwidbmgr.cpp:5478) Connected to database
2020-01-07 10:10:36,140 null [INFO] (../src/fwidbmgr.cpp:5480) Manage data for date: 20200106.
2020-01-07 10:10:36,140 null [INFO] (../src/fwidbmgr.cpp:5566) Importing fwi indexes images in database.
2020-01-07 10:10:36,181 null [INFO] (../src/fwidbmgr.cpp:5570) OK --> 20200106 images imported.
2020-01-07 10:10:36,182 null [INFO] (../src/fwidbmgr.cpp:5695) action outimg took about 0 seconds.
2020-01-07 10:10:36,182 null [INFO] (../src/fwidbmgr.cpp:5699) Disconnected from database.
