2017-10-12 05:06:49,953 null [INFO] (../src/fwidbmgr.cpp:5361) fwi db manager
2017-10-12 05:06:49,954 null [INFO] (../src/fwidbmgr.cpp:5365) Program home: /home/meteo/dev/redist/fwidbmgr
2017-10-12 05:06:49,954 null [INFO] (../src/fwidbmgr.cpp:5369) Auto convert: 1
2017-10-12 05:06:49,954 null [INFO] (../src/fwidbmgr.cpp:446) action: in.
2017-10-12 05:06:49,954 null [INFO] (../src/fwidbmgr.cpp:470) date: 20171011.
2017-10-12 05:06:49,954 null [INFO] (../src/fwidbmgr.cpp:322) Try to read: /home/meteo/dev/redist/fwidbmgr/config/fwidbmgr.conf.
2017-10-12 05:06:49,972 null [INFO] (../src/fwidbmgr.cpp:5393) Configuration parsing: OK.
2017-10-12 05:06:49,992 null [INFO] (../src/fwidbmgr.cpp:5478) Connected to database
2017-10-12 05:06:49,992 null [INFO] (../src/fwidbmgr.cpp:5480) Manage data for date: 20171011.
2017-10-12 05:06:49,992 null [INFO] (../src/fwidbmgr.cpp:5536) Importing meteo data in database for day: 20171011.
2017-10-12 05:06:50,000 null [INFO] (/home/meteo/dev/redist/fwidbmgr/include/Grid.h:1595) Configuring grid: snow
2017-10-12 05:06:50,001 null [INFO] (/home/meteo/dev/redist/fwidbmgr/include/Grid.h:1695) Grid snow configured.
2017-10-12 05:06:50,012 null [INFO] (/home/meteo/dev/redist/fwidbmgr/include/Grid.h:1595) Configuring grid: snow_covering
2017-10-12 05:06:50,012 null [INFO] (/home/meteo/dev/redist/fwidbmgr/include/Grid.h:1695) Grid snow_covering configured.
2017-10-12 05:06:50,025 null [INFO] (/home/meteo/dev/redist/fwidbmgr/include/Grid.h:1595) Configuring grid: snow_dissolution
2017-10-12 05:06:50,025 null [INFO] (/home/meteo/dev/redist/fwidbmgr/include/Grid.h:1695) Grid snow_dissolution configured.
2017-10-12 05:06:50,047 null [INFO] (/home/meteo/dev/redist/fwidbmgr/include/Grid.h:1595) Configuring grid: temperature
2017-10-12 05:06:50,047 null [INFO] (/home/meteo/dev/redist/fwidbmgr/include/Grid.h:1695) Grid temperature configured.
2017-10-12 05:06:50,052 null [INFO] (/home/meteo/dev/redist/fwidbmgr/include/Grid.h:1595) Configuring grid: humidity
2017-10-12 05:06:50,053 null [INFO] (/home/meteo/dev/redist/fwidbmgr/include/Grid.h:1695) Grid humidity configured.
2017-10-12 05:06:50,063 null [INFO] (/home/meteo/dev/redist/fwidbmgr/include/Grid.h:1595) Configuring grid: windspeed
2017-10-12 05:06:50,063 null [INFO] (/home/meteo/dev/redist/fwidbmgr/include/Grid.h:1695) Grid windspeed configured.
2017-10-12 05:06:50,085 null [INFO] (/home/meteo/dev/redist/fwidbmgr/include/Grid.h:1595) Configuring grid: rain
2017-10-12 05:06:50,085 null [INFO] (/home/meteo/dev/redist/fwidbmgr/include/Grid.h:1695) Grid rain configured.
2017-10-12 05:06:50,088 null [INFO] (/home/meteo/dev/redist/fwidbmgr/include/Grid.h:1595) Configuring grid: cum_rain
2017-10-12 05:06:50,088 null [INFO] (/home/meteo/dev/redist/fwidbmgr/include/Grid.h:1695) Grid cum_rain configured.
2017-10-12 05:06:55,793 null [INFO] (../src/fwidbmgr.cpp:1518) Storing meteo input ...
2017-10-12 05:07:10,367 null [INFO] (../src/fwidbmgr.cpp:5540) OK --> 20171011 data imported.
2017-10-12 05:07:10,409 null [INFO] (../src/fwidbmgr.cpp:5695) action in took about 21 seconds.
2017-10-12 05:07:10,566 null [INFO] (../src/fwidbmgr.cpp:5699) Disconnected from database.
2017-10-12 05:08:22,046 null [INFO] (../src/fwidbmgr.cpp:5361) fwi db manager
2017-10-12 05:08:22,046 null [INFO] (../src/fwidbmgr.cpp:5365) Program home: /home/meteo/dev/redist/fwidbmgr
2017-10-12 05:08:22,046 null [INFO] (../src/fwidbmgr.cpp:5369) Auto convert: 1
2017-10-12 05:08:22,046 null [INFO] (../src/fwidbmgr.cpp:446) action: out.
2017-10-12 05:08:22,047 null [INFO] (../src/fwidbmgr.cpp:470) date: 20171011.
2017-10-12 05:08:22,047 null [INFO] (../src/fwidbmgr.cpp:322) Try to read: /home/meteo/dev/redist/fwidbmgr/config/fwidbmgr.conf.
2017-10-12 05:08:22,053 null [INFO] (../src/fwidbmgr.cpp:5393) Configuration parsing: OK.
2017-10-12 05:08:22,073 null [INFO] (../src/fwidbmgr.cpp:5478) Connected to database
2017-10-12 05:08:22,073 null [INFO] (../src/fwidbmgr.cpp:5480) Manage data for date: 20171011.
2017-10-12 05:08:22,074 null [INFO] (../src/fwidbmgr.cpp:5551) Importing fwi indexes data in database for day: 20171011.
2017-10-12 05:08:22,081 null [INFO] (/home/meteo/dev/redist/fwidbmgr/include/Grid.h:1595) Configuring grid: isi
2017-10-12 05:08:22,081 null [INFO] (/home/meteo/dev/redist/fwidbmgr/include/Grid.h:1695) Grid isi configured.
2017-10-12 05:08:22,095 null [INFO] (/home/meteo/dev/redist/fwidbmgr/include/Grid.h:1595) Configuring grid: fwi
2017-10-12 05:08:22,095 null [INFO] (/home/meteo/dev/redist/fwidbmgr/include/Grid.h:1695) Grid fwi configured.
2017-10-12 05:08:22,109 null [INFO] (/home/meteo/dev/redist/fwidbmgr/include/Grid.h:1595) Configuring grid: ffmc
2017-10-12 05:08:22,109 null [INFO] (/home/meteo/dev/redist/fwidbmgr/include/Grid.h:1695) Grid ffmc configured.
2017-10-12 05:08:22,123 null [INFO] (/home/meteo/dev/redist/fwidbmgr/include/Grid.h:1595) Configuring grid: dmc
2017-10-12 05:08:22,124 null [INFO] (/home/meteo/dev/redist/fwidbmgr/include/Grid.h:1695) Grid dmc configured.
2017-10-12 05:08:22,138 null [INFO] (/home/meteo/dev/redist/fwidbmgr/include/Grid.h:1595) Configuring grid: dc
2017-10-12 05:08:22,138 null [INFO] (/home/meteo/dev/redist/fwidbmgr/include/Grid.h:1695) Grid dc configured.
2017-10-12 05:08:22,152 null [INFO] (/home/meteo/dev/redist/fwidbmgr/include/Grid.h:1595) Configuring grid: bui
2017-10-12 05:08:22,152 null [INFO] (/home/meteo/dev/redist/fwidbmgr/include/Grid.h:1695) Grid bui configured.
2017-10-12 05:08:22,166 null [INFO] (/home/meteo/dev/redist/fwidbmgr/include/Grid.h:1595) Configuring grid: ffmc_tmp
2017-10-12 05:08:22,166 null [INFO] (/home/meteo/dev/redist/fwidbmgr/include/Grid.h:1695) Grid ffmc_tmp configured.
2017-10-12 05:08:22,199 null [INFO] (/home/meteo/dev/redist/fwidbmgr/include/Grid.h:1595) Configuring grid: dmc_tmp
2017-10-12 05:08:22,200 null [INFO] (/home/meteo/dev/redist/fwidbmgr/include/Grid.h:1695) Grid dmc_tmp configured.
2017-10-12 05:08:22,221 null [INFO] (/home/meteo/dev/redist/fwidbmgr/include/Grid.h:1595) Configuring grid: dc_tmp
2017-10-12 05:08:22,221 null [INFO] (/home/meteo/dev/redist/fwidbmgr/include/Grid.h:1695) Grid dc_tmp configured.
2017-10-12 05:08:22,241 null [INFO] (/home/meteo/dev/redist/fwidbmgr/include/Grid.h:1595) Configuring grid: idi
2017-10-12 05:08:22,242 null [INFO] (/home/meteo/dev/redist/fwidbmgr/include/Grid.h:1695) Grid idi configured.
2017-10-12 05:08:30,911 null [INFO] (../src/fwidbmgr.cpp:2081) Storing FWI indexes ...
2017-10-12 05:09:03,784 null [INFO] (../src/fwidbmgr.cpp:5555) OK --> 20171011 data imported.
2017-10-12 05:09:03,784 null [INFO] (../src/fwidbmgr.cpp:5695) action out took about 41 seconds.
2017-10-12 05:09:03,785 null [INFO] (../src/fwidbmgr.cpp:5699) Disconnected from database.
2017-10-12 05:09:04,270 null [INFO] (../src/fwidbmgr.cpp:5361) fwi db manager
2017-10-12 05:09:04,270 null [INFO] (../src/fwidbmgr.cpp:5365) Program home: /home/meteo/dev/redist/fwidbmgr
2017-10-12 05:09:04,270 null [INFO] (../src/fwidbmgr.cpp:5369) Auto convert: 1
2017-10-12 05:09:04,270 null [INFO] (../src/fwidbmgr.cpp:446) action: computeidx.
2017-10-12 05:09:04,270 null [INFO] (../src/fwidbmgr.cpp:470) date: 20171011.
2017-10-12 05:09:04,270 null [INFO] (../src/fwidbmgr.cpp:322) Try to read: /home/meteo/dev/redist/fwidbmgr/config/fwidbmgr.conf.
2017-10-12 05:09:04,281 null [INFO] (../src/fwidbmgr.cpp:5393) Configuration parsing: OK.
2017-10-12 05:09:04,344 null [INFO] (../src/fwidbmgr.cpp:5478) Connected to database
2017-10-12 05:09:04,344 null [INFO] (../src/fwidbmgr.cpp:5480) Manage data for date: 20171011.
2017-10-12 05:09:04,344 null [INFO] (../src/fwidbmgr.cpp:5656) Computing indexes.
2017-10-12 05:09:04,345 null [INFO] (/home/meteo/dev/redist/fwidbmgr/include/Grid.h:1595) Configuring grid: isi
2017-10-12 05:09:04,346 null [INFO] (/home/meteo/dev/redist/fwidbmgr/include/Grid.h:1695) Grid isi configured.
2017-10-12 05:09:04,347 null [INFO] (/home/meteo/dev/redist/fwidbmgr/include/Grid.h:1595) Configuring grid: fwi
2017-10-12 05:09:04,347 null [INFO] (/home/meteo/dev/redist/fwidbmgr/include/Grid.h:1695) Grid fwi configured.
2017-10-12 05:09:04,348 null [INFO] (/home/meteo/dev/redist/fwidbmgr/include/Grid.h:1595) Configuring grid: ffmc
2017-10-12 05:09:04,357 null [INFO] (/home/meteo/dev/redist/fwidbmgr/include/Grid.h:1695) Grid ffmc configured.
2017-10-12 05:09:04,358 null [INFO] (/home/meteo/dev/redist/fwidbmgr/include/Grid.h:1595) Configuring grid: dmc
2017-10-12 05:09:04,358 null [INFO] (/home/meteo/dev/redist/fwidbmgr/include/Grid.h:1695) Grid dmc configured.
2017-10-12 05:09:04,359 null [INFO] (/home/meteo/dev/redist/fwidbmgr/include/Grid.h:1595) Configuring grid: dc
2017-10-12 05:09:04,359 null [INFO] (/home/meteo/dev/redist/fwidbmgr/include/Grid.h:1695) Grid dc configured.
2017-10-12 05:09:04,360 null [INFO] (/home/meteo/dev/redist/fwidbmgr/include/Grid.h:1595) Configuring grid: bui
2017-10-12 05:09:04,361 null [INFO] (/home/meteo/dev/redist/fwidbmgr/include/Grid.h:1695) Grid bui configured.
2017-10-12 05:09:04,362 null [INFO] (/home/meteo/dev/redist/fwidbmgr/include/Grid.h:1595) Configuring grid: ffmc_tmp
2017-10-12 05:09:04,362 null [INFO] (/home/meteo/dev/redist/fwidbmgr/include/Grid.h:1695) Grid ffmc_tmp configured.
2017-10-12 05:09:04,363 null [INFO] (/home/meteo/dev/redist/fwidbmgr/include/Grid.h:1595) Configuring grid: dmc_tmp
2017-10-12 05:09:04,364 null [INFO] (/home/meteo/dev/redist/fwidbmgr/include/Grid.h:1695) Grid dmc_tmp configured.
2017-10-12 05:09:04,365 null [INFO] (/home/meteo/dev/redist/fwidbmgr/include/Grid.h:1595) Configuring grid: dc_tmp
2017-10-12 05:09:04,365 null [INFO] (/home/meteo/dev/redist/fwidbmgr/include/Grid.h:1695) Grid dc_tmp configured.
2017-10-12 05:09:04,366 null [INFO] (/home/meteo/dev/redist/fwidbmgr/include/Grid.h:1595) Configuring grid: idi
2017-10-12 05:09:04,366 null [INFO] (/home/meteo/dev/redist/fwidbmgr/include/Grid.h:1695) Grid idi configured.
2017-10-12 05:09:04,367 null [INFO] (/home/meteo/dev/redist/fwidbmgr/include/Grid.h:1595) Configuring grid: angstrom
2017-10-12 05:09:04,368 null [INFO] (/home/meteo/dev/redist/fwidbmgr/include/Grid.h:1695) Grid angstrom configured.
2017-10-12 05:09:04,369 null [INFO] (/home/meteo/dev/redist/fwidbmgr/include/Grid.h:1595) Configuring grid: fmi
2017-10-12 05:09:04,369 null [INFO] (/home/meteo/dev/redist/fwidbmgr/include/Grid.h:1695) Grid fmi configured.
2017-10-12 05:09:04,370 null [INFO] (/home/meteo/dev/redist/fwidbmgr/include/Grid.h:1595) Configuring grid: sharples
2017-10-12 05:09:04,370 null [INFO] (/home/meteo/dev/redist/fwidbmgr/include/Grid.h:1695) Grid sharples configured.
2017-10-12 05:09:18,172 null [INFO] (/home/meteo/dev/redist/fwidbmgr/include/Grid.h:1595) Configuring grid: snow
2017-10-12 05:09:18,172 null [INFO] (/home/meteo/dev/redist/fwidbmgr/include/Grid.h:1695) Grid snow configured.
2017-10-12 05:09:18,172 null [INFO] (/home/meteo/dev/redist/fwidbmgr/include/Grid.h:1595) Configuring grid: snow_covering
2017-10-12 05:09:18,173 null [INFO] (/home/meteo/dev/redist/fwidbmgr/include/Grid.h:1695) Grid snow_covering configured.
2017-10-12 05:09:18,173 null [INFO] (/home/meteo/dev/redist/fwidbmgr/include/Grid.h:1595) Configuring grid: snow_dissolution
2017-10-12 05:09:18,173 null [INFO] (/home/meteo/dev/redist/fwidbmgr/include/Grid.h:1695) Grid snow_dissolution configured.
2017-10-12 05:09:18,173 null [INFO] (/home/meteo/dev/redist/fwidbmgr/include/Grid.h:1595) Configuring grid: temperature
2017-10-12 05:09:18,173 null [INFO] (/home/meteo/dev/redist/fwidbmgr/include/Grid.h:1695) Grid temperature configured.
2017-10-12 05:09:18,173 null [INFO] (/home/meteo/dev/redist/fwidbmgr/include/Grid.h:1595) Configuring grid: humidity
2017-10-12 05:09:18,173 null [INFO] (/home/meteo/dev/redist/fwidbmgr/include/Grid.h:1695) Grid humidity configured.
2017-10-12 05:09:18,173 null [INFO] (/home/meteo/dev/redist/fwidbmgr/include/Grid.h:1595) Configuring grid: windspeed
2017-10-12 05:09:18,173 null [INFO] (/home/meteo/dev/redist/fwidbmgr/include/Grid.h:1695) Grid windspeed configured.
2017-10-12 05:09:18,173 null [INFO] (/home/meteo/dev/redist/fwidbmgr/include/Grid.h:1595) Configuring grid: rain
2017-10-12 05:09:18,174 null [INFO] (/home/meteo/dev/redist/fwidbmgr/include/Grid.h:1695) Grid rain configured.
2017-10-12 05:09:18,174 null [INFO] (/home/meteo/dev/redist/fwidbmgr/include/Grid.h:1595) Configuring grid: cum_rain
2017-10-12 05:09:18,174 null [INFO] (/home/meteo/dev/redist/fwidbmgr/include/Grid.h:1695) Grid cum_rain configured.
2017-10-12 05:11:28,255 null [INFO] (../src/fwidbmgr.cpp:5660) OK --> 20171011 indexes computed.
2017-10-12 05:11:28,255 null [INFO] (../src/fwidbmgr.cpp:5695) action computeidx took about 144 seconds.
2017-10-12 05:11:28,256 null [INFO] (../src/fwidbmgr.cpp:5699) Disconnected from database.
2017-10-12 05:11:28,457 null [INFO] (../src/fwidbmgr.cpp:5361) fwi db manager
2017-10-12 05:11:28,458 null [INFO] (../src/fwidbmgr.cpp:5365) Program home: /home/meteo/dev/redist/fwidbmgr
2017-10-12 05:11:28,458 null [INFO] (../src/fwidbmgr.cpp:5369) Auto convert: 1
2017-10-12 05:11:28,458 null [INFO] (../src/fwidbmgr.cpp:446) action: exportidx.
2017-10-12 05:11:28,458 null [INFO] (../src/fwidbmgr.cpp:470) date: 20171011.
2017-10-12 05:11:28,458 null [INFO] (../src/fwidbmgr.cpp:322) Try to read: /home/meteo/dev/redist/fwidbmgr/config/fwidbmgr.conf.
2017-10-12 05:11:28,464 null [INFO] (../src/fwidbmgr.cpp:5393) Configuration parsing: OK.
2017-10-12 05:11:28,506 null [INFO] (../src/fwidbmgr.cpp:5478) Connected to database
2017-10-12 05:11:28,506 null [INFO] (../src/fwidbmgr.cpp:5480) Manage data for date: 20171011.
2017-10-12 05:11:28,506 null [INFO] (../src/fwidbmgr.cpp:5596) Exporting indexes.
2017-10-12 05:11:28,508 null [INFO] (/home/meteo/dev/redist/fwidbmgr/include/Grid.h:1595) Configuring grid: isi
2017-10-12 05:11:28,508 null [INFO] (/home/meteo/dev/redist/fwidbmgr/include/Grid.h:1695) Grid isi configured.
2017-10-12 05:11:28,509 null [INFO] (/home/meteo/dev/redist/fwidbmgr/include/Grid.h:1595) Configuring grid: fwi
2017-10-12 05:11:28,509 null [INFO] (/home/meteo/dev/redist/fwidbmgr/include/Grid.h:1695) Grid fwi configured.
2017-10-12 05:11:28,510 null [INFO] (/home/meteo/dev/redist/fwidbmgr/include/Grid.h:1595) Configuring grid: ffmc
2017-10-12 05:11:28,511 null [INFO] (/home/meteo/dev/redist/fwidbmgr/include/Grid.h:1695) Grid ffmc configured.
2017-10-12 05:11:28,512 null [INFO] (/home/meteo/dev/redist/fwidbmgr/include/Grid.h:1595) Configuring grid: dmc
2017-10-12 05:11:28,512 null [INFO] (/home/meteo/dev/redist/fwidbmgr/include/Grid.h:1695) Grid dmc configured.
2017-10-12 05:11:28,513 null [INFO] (/home/meteo/dev/redist/fwidbmgr/include/Grid.h:1595) Configuring grid: dc
2017-10-12 05:11:28,513 null [INFO] (/home/meteo/dev/redist/fwidbmgr/include/Grid.h:1695) Grid dc configured.
2017-10-12 05:11:28,514 null [INFO] (/home/meteo/dev/redist/fwidbmgr/include/Grid.h:1595) Configuring grid: bui
2017-10-12 05:11:28,515 null [INFO] (/home/meteo/dev/redist/fwidbmgr/include/Grid.h:1695) Grid bui configured.
2017-10-12 05:11:28,516 null [INFO] (/home/meteo/dev/redist/fwidbmgr/include/Grid.h:1595) Configuring grid: ffmc_tmp
2017-10-12 05:11:28,516 null [INFO] (/home/meteo/dev/redist/fwidbmgr/include/Grid.h:1695) Grid ffmc_tmp configured.
2017-10-12 05:11:28,517 null [INFO] (/home/meteo/dev/redist/fwidbmgr/include/Grid.h:1595) Configuring grid: dmc_tmp
2017-10-12 05:11:28,517 null [INFO] (/home/meteo/dev/redist/fwidbmgr/include/Grid.h:1695) Grid dmc_tmp configured.
2017-10-12 05:11:28,518 null [INFO] (/home/meteo/dev/redist/fwidbmgr/include/Grid.h:1595) Configuring grid: dc_tmp
2017-10-12 05:11:28,519 null [INFO] (/home/meteo/dev/redist/fwidbmgr/include/Grid.h:1695) Grid dc_tmp configured.
2017-10-12 05:11:28,520 null [INFO] (/home/meteo/dev/redist/fwidbmgr/include/Grid.h:1595) Configuring grid: idi
2017-10-12 05:11:28,520 null [INFO] (/home/meteo/dev/redist/fwidbmgr/include/Grid.h:1695) Grid idi configured.
2017-10-12 05:11:28,521 null [INFO] (/home/meteo/dev/redist/fwidbmgr/include/Grid.h:1595) Configuring grid: angstrom
2017-10-12 05:11:28,521 null [INFO] (/home/meteo/dev/redist/fwidbmgr/include/Grid.h:1695) Grid angstrom configured.
2017-10-12 05:11:28,522 null [INFO] (/home/meteo/dev/redist/fwidbmgr/include/Grid.h:1595) Configuring grid: fmi
2017-10-12 05:11:28,522 null [INFO] (/home/meteo/dev/redist/fwidbmgr/include/Grid.h:1695) Grid fmi configured.
2017-10-12 05:11:28,524 null [INFO] (/home/meteo/dev/redist/fwidbmgr/include/Grid.h:1595) Configuring grid: sharples
2017-10-12 05:11:28,524 null [INFO] (/home/meteo/dev/redist/fwidbmgr/include/Grid.h:1695) Grid sharples configured.
2017-10-12 05:11:40,631 null [INFO] (/home/meteo/dev/redist/fwidbmgr/include/Grid.h:1595) Configuring grid: isi
2017-10-12 05:11:40,631 null [INFO] (/home/meteo/dev/redist/fwidbmgr/include/Grid.h:1695) Grid isi configured.
2017-10-12 05:11:40,691 null [INFO] (/home/meteo/dev/redist/fwidbmgr/include/Grid.h:1595) Configuring grid: fwi
2017-10-12 05:11:40,691 null [INFO] (/home/meteo/dev/redist/fwidbmgr/include/Grid.h:1695) Grid fwi configured.
2017-10-12 05:11:40,729 null [INFO] (/home/meteo/dev/redist/fwidbmgr/include/Grid.h:1595) Configuring grid: ffmc
2017-10-12 05:11:40,729 null [INFO] (/home/meteo/dev/redist/fwidbmgr/include/Grid.h:1695) Grid ffmc configured.
2017-10-12 05:11:40,767 null [INFO] (/home/meteo/dev/redist/fwidbmgr/include/Grid.h:1595) Configuring grid: dmc
2017-10-12 05:11:40,767 null [INFO] (/home/meteo/dev/redist/fwidbmgr/include/Grid.h:1695) Grid dmc configured.
2017-10-12 05:11:40,805 null [INFO] (/home/meteo/dev/redist/fwidbmgr/include/Grid.h:1595) Configuring grid: dc
2017-10-12 05:11:40,805 null [INFO] (/home/meteo/dev/redist/fwidbmgr/include/Grid.h:1695) Grid dc configured.
2017-10-12 05:11:40,844 null [INFO] (/home/meteo/dev/redist/fwidbmgr/include/Grid.h:1595) Configuring grid: bui
2017-10-12 05:11:40,844 null [INFO] (/home/meteo/dev/redist/fwidbmgr/include/Grid.h:1695) Grid bui configured.
2017-10-12 05:11:40,883 null [INFO] (/home/meteo/dev/redist/fwidbmgr/include/Grid.h:1595) Configuring grid: ffmc_tmp
2017-10-12 05:11:40,883 null [INFO] (/home/meteo/dev/redist/fwidbmgr/include/Grid.h:1695) Grid ffmc_tmp configured.
2017-10-12 05:11:40,920 null [INFO] (/home/meteo/dev/redist/fwidbmgr/include/Grid.h:1595) Configuring grid: dmc_tmp
2017-10-12 05:11:40,920 null [INFO] (/home/meteo/dev/redist/fwidbmgr/include/Grid.h:1695) Grid dmc_tmp configured.
2017-10-12 05:11:40,956 null [INFO] (/home/meteo/dev/redist/fwidbmgr/include/Grid.h:1595) Configuring grid: dc_tmp
2017-10-12 05:11:40,956 null [INFO] (/home/meteo/dev/redist/fwidbmgr/include/Grid.h:1695) Grid dc_tmp configured.
2017-10-12 05:11:40,992 null [INFO] (/home/meteo/dev/redist/fwidbmgr/include/Grid.h:1595) Configuring grid: angstrom
2017-10-12 05:11:40,993 null [INFO] (/home/meteo/dev/redist/fwidbmgr/include/Grid.h:1695) Grid angstrom configured.
2017-10-12 05:11:41,063 null [INFO] (/home/meteo/dev/redist/fwidbmgr/include/Grid.h:1595) Configuring grid: sharples
2017-10-12 05:11:41,063 null [INFO] (/home/meteo/dev/redist/fwidbmgr/include/Grid.h:1695) Grid sharples configured.
2017-10-12 05:11:41,108 null [INFO] (/home/meteo/dev/redist/fwidbmgr/include/Grid.h:1595) Configuring grid: fmi
2017-10-12 05:11:41,108 null [INFO] (/home/meteo/dev/redist/fwidbmgr/include/Grid.h:1695) Grid fmi configured.
2017-10-12 05:11:41,149 null [INFO] (../src/fwidbmgr.cpp:5600) OK --> 20171011 indexes exported to files.
2017-10-12 05:11:41,149 null [INFO] (../src/fwidbmgr.cpp:5695) action exportidx took about 13 seconds.
2017-10-12 05:11:41,150 null [INFO] (../src/fwidbmgr.cpp:5699) Disconnected from database.
2017-10-12 05:12:10,461 null [INFO] (../src/fwidbmgr.cpp:5361) fwi db manager
2017-10-12 05:12:10,461 null [INFO] (../src/fwidbmgr.cpp:5365) Program home: /home/meteo/dev/redist/fwidbmgr
2017-10-12 05:12:10,461 null [INFO] (../src/fwidbmgr.cpp:5369) Auto convert: 1
2017-10-12 05:12:10,461 null [INFO] (../src/fwidbmgr.cpp:446) action: outimg.
2017-10-12 05:12:10,461 null [INFO] (../src/fwidbmgr.cpp:470) date: 20171011.
2017-10-12 05:12:10,461 null [INFO] (../src/fwidbmgr.cpp:322) Try to read: /home/meteo/dev/redist/fwidbmgr/config/fwidbmgr.conf.
2017-10-12 05:12:10,469 null [INFO] (../src/fwidbmgr.cpp:5393) Configuration parsing: OK.
2017-10-12 05:12:10,478 null [INFO] (../src/fwidbmgr.cpp:5478) Connected to database
2017-10-12 05:12:10,479 null [INFO] (../src/fwidbmgr.cpp:5480) Manage data for date: 20171011.
2017-10-12 05:12:10,479 null [INFO] (../src/fwidbmgr.cpp:5566) Importing fwi indexes images in database.
2017-10-12 05:12:10,927 null [INFO] (../src/fwidbmgr.cpp:5570) OK --> 20171011 images imported.
2017-10-12 05:12:10,927 null [INFO] (../src/fwidbmgr.cpp:5695) action outimg took about 0 seconds.
2017-10-12 05:12:10,927 null [INFO] (../src/fwidbmgr.cpp:5699) Disconnected from database.
2017-10-12 05:37:01,737 null [INFO] (../src/fwidbmgr.cpp:5361) fwi db manager
2017-10-12 05:37:01,737 null [INFO] (../src/fwidbmgr.cpp:5365) Program home: /home/meteo/dev/redist/fwidbmgr
2017-10-12 05:37:01,737 null [INFO] (../src/fwidbmgr.cpp:5369) Auto convert: 1
2017-10-12 05:37:01,737 null [INFO] (../src/fwidbmgr.cpp:446) action: outimg.
2017-10-12 05:37:01,737 null [INFO] (../src/fwidbmgr.cpp:470) date: 20171011.
2017-10-12 05:37:01,737 null [INFO] (../src/fwidbmgr.cpp:322) Try to read: /home/meteo/dev/redist/fwidbmgr/config/fwidbmgr.conf.
2017-10-12 05:37:01,739 null [INFO] (../src/fwidbmgr.cpp:5393) Configuration parsing: OK.
2017-10-12 05:37:01,744 null [INFO] (../src/fwidbmgr.cpp:5478) Connected to database
2017-10-12 05:37:01,744 null [INFO] (../src/fwidbmgr.cpp:5480) Manage data for date: 20171011.
2017-10-12 05:37:01,744 null [INFO] (../src/fwidbmgr.cpp:5566) Importing fwi indexes images in database.
2017-10-12 05:37:01,871 null [INFO] (../src/fwidbmgr.cpp:5570) OK --> 20171011 images imported.
2017-10-12 05:37:01,871 null [INFO] (../src/fwidbmgr.cpp:5695) action outimg took about 0 seconds.
2017-10-12 05:37:01,871 null [INFO] (../src/fwidbmgr.cpp:5699) Disconnected from database.
2017-10-12 06:05:01,969 null [INFO] (../src/fwidbmgr.cpp:5361) fwi db manager
2017-10-12 06:05:01,969 null [INFO] (../src/fwidbmgr.cpp:5365) Program home: /home/meteo/dev/redist/fwidbmgr
2017-10-12 06:05:01,969 null [INFO] (../src/fwidbmgr.cpp:5369) Auto convert: 1
2017-10-12 06:05:01,969 null [INFO] (../src/fwidbmgr.cpp:446) action: outimg.
2017-10-12 06:05:01,969 null [INFO] (../src/fwidbmgr.cpp:470) date: 20171011.
2017-10-12 06:05:01,969 null [INFO] (../src/fwidbmgr.cpp:322) Try to read: /home/meteo/dev/redist/fwidbmgr/config/fwidbmgr.conf.
2017-10-12 06:05:01,971 null [INFO] (../src/fwidbmgr.cpp:5393) Configuration parsing: OK.
2017-10-12 06:05:01,977 null [INFO] (../src/fwidbmgr.cpp:5478) Connected to database
2017-10-12 06:05:01,977 null [INFO] (../src/fwidbmgr.cpp:5480) Manage data for date: 20171011.
2017-10-12 06:05:01,977 null [INFO] (../src/fwidbmgr.cpp:5566) Importing fwi indexes images in database.
2017-10-12 06:05:02,053 null [INFO] (../src/fwidbmgr.cpp:5570) OK --> 20171011 images imported.
2017-10-12 06:05:02,053 null [INFO] (../src/fwidbmgr.cpp:5695) action outimg took about 1 seconds.
2017-10-12 06:05:02,053 null [INFO] (../src/fwidbmgr.cpp:5699) Disconnected from database.
2017-10-12 06:37:01,230 null [INFO] (../src/fwidbmgr.cpp:5361) fwi db manager
2017-10-12 06:37:01,230 null [INFO] (../src/fwidbmgr.cpp:5365) Program home: /home/meteo/dev/redist/fwidbmgr
2017-10-12 06:37:01,230 null [INFO] (../src/fwidbmgr.cpp:5369) Auto convert: 1
2017-10-12 06:37:01,230 null [INFO] (../src/fwidbmgr.cpp:446) action: outimg.
2017-10-12 06:37:01,230 null [INFO] (../src/fwidbmgr.cpp:470) date: 20171011.
2017-10-12 06:37:01,230 null [INFO] (../src/fwidbmgr.cpp:322) Try to read: /home/meteo/dev/redist/fwidbmgr/config/fwidbmgr.conf.
2017-10-12 06:37:01,233 null [INFO] (../src/fwidbmgr.cpp:5393) Configuration parsing: OK.
2017-10-12 06:37:01,240 null [INFO] (../src/fwidbmgr.cpp:5478) Connected to database
2017-10-12 06:37:01,240 null [INFO] (../src/fwidbmgr.cpp:5480) Manage data for date: 20171011.
2017-10-12 06:37:01,240 null [INFO] (../src/fwidbmgr.cpp:5566) Importing fwi indexes images in database.
2017-10-12 06:37:01,315 null [INFO] (../src/fwidbmgr.cpp:5570) OK --> 20171011 images imported.
2017-10-12 06:37:01,315 null [INFO] (../src/fwidbmgr.cpp:5695) action outimg took about 0 seconds.
2017-10-12 06:37:01,315 null [INFO] (../src/fwidbmgr.cpp:5699) Disconnected from database.
2017-10-12 07:05:01,158 null [INFO] (../src/fwidbmgr.cpp:5361) fwi db manager
2017-10-12 07:05:01,158 null [INFO] (../src/fwidbmgr.cpp:5365) Program home: /home/meteo/dev/redist/fwidbmgr
2017-10-12 07:05:01,158 null [INFO] (../src/fwidbmgr.cpp:5369) Auto convert: 1
2017-10-12 07:05:01,158 null [INFO] (../src/fwidbmgr.cpp:446) action: outimg.
2017-10-12 07:05:01,158 null [INFO] (../src/fwidbmgr.cpp:470) date: 20171011.
2017-10-12 07:05:01,158 null [INFO] (../src/fwidbmgr.cpp:322) Try to read: /home/meteo/dev/redist/fwidbmgr/config/fwidbmgr.conf.
2017-10-12 07:05:01,160 null [INFO] (../src/fwidbmgr.cpp:5393) Configuration parsing: OK.
2017-10-12 07:05:01,166 null [INFO] (../src/fwidbmgr.cpp:5478) Connected to database
2017-10-12 07:05:01,166 null [INFO] (../src/fwidbmgr.cpp:5480) Manage data for date: 20171011.
2017-10-12 07:05:01,167 null [INFO] (../src/fwidbmgr.cpp:5566) Importing fwi indexes images in database.
2017-10-12 07:05:01,244 null [INFO] (../src/fwidbmgr.cpp:5570) OK --> 20171011 images imported.
2017-10-12 07:05:01,244 null [INFO] (../src/fwidbmgr.cpp:5695) action outimg took about 0 seconds.
2017-10-12 07:05:01,245 null [INFO] (../src/fwidbmgr.cpp:5699) Disconnected from database.
2017-10-12 07:37:01,384 null [INFO] (../src/fwidbmgr.cpp:5361) fwi db manager
2017-10-12 07:37:01,384 null [INFO] (../src/fwidbmgr.cpp:5365) Program home: /home/meteo/dev/redist/fwidbmgr
2017-10-12 07:37:01,384 null [INFO] (../src/fwidbmgr.cpp:5369) Auto convert: 1
2017-10-12 07:37:01,384 null [INFO] (../src/fwidbmgr.cpp:446) action: outimg.
2017-10-12 07:37:01,384 null [INFO] (../src/fwidbmgr.cpp:470) date: 20171011.
2017-10-12 07:37:01,384 null [INFO] (../src/fwidbmgr.cpp:322) Try to read: /home/meteo/dev/redist/fwidbmgr/config/fwidbmgr.conf.
2017-10-12 07:37:01,386 null [INFO] (../src/fwidbmgr.cpp:5393) Configuration parsing: OK.
2017-10-12 07:37:01,391 null [INFO] (../src/fwidbmgr.cpp:5478) Connected to database
2017-10-12 07:37:01,391 null [INFO] (../src/fwidbmgr.cpp:5480) Manage data for date: 20171011.
2017-10-12 07:37:01,392 null [INFO] (../src/fwidbmgr.cpp:5566) Importing fwi indexes images in database.
2017-10-12 07:37:01,462 null [INFO] (../src/fwidbmgr.cpp:5570) OK --> 20171011 images imported.
2017-10-12 07:37:01,462 null [INFO] (../src/fwidbmgr.cpp:5695) action outimg took about 0 seconds.
2017-10-12 07:37:01,463 null [INFO] (../src/fwidbmgr.cpp:5699) Disconnected from database.
