2018-05-06 05:06:51,236 null [INFO] (../src/fwidbmgr.cpp:5361) fwi db manager
2018-05-06 05:06:51,236 null [INFO] (../src/fwidbmgr.cpp:5365) Program home: /home/meteo/dev/redist/fwidbmgr
2018-05-06 05:06:51,236 null [INFO] (../src/fwidbmgr.cpp:5369) Auto convert: 1
2018-05-06 05:06:51,236 null [INFO] (../src/fwidbmgr.cpp:446) action: in.
2018-05-06 05:06:51,236 null [INFO] (../src/fwidbmgr.cpp:470) date: 20180505.
2018-05-06 05:06:51,236 null [INFO] (../src/fwidbmgr.cpp:322) Try to read: /home/meteo/dev/redist/fwidbmgr/config/fwidbmgr.conf.
2018-05-06 05:06:51,238 null [INFO] (../src/fwidbmgr.cpp:5393) Configuration parsing: OK.
2018-05-06 05:06:51,242 null [INFO] (../src/fwidbmgr.cpp:5478) Connected to database
2018-05-06 05:06:51,242 null [INFO] (../src/fwidbmgr.cpp:5480) Manage data for date: 20180505.
2018-05-06 05:06:51,242 null [INFO] (../src/fwidbmgr.cpp:5536) Importing meteo data in database for day: 20180505.
2018-05-06 05:06:51,244 null [INFO] (/home/meteo/dev/redist/fwidbmgr/include/Grid.h:1595) Configuring grid: snow
2018-05-06 05:06:51,244 null [INFO] (/home/meteo/dev/redist/fwidbmgr/include/Grid.h:1695) Grid snow configured.
2018-05-06 05:06:51,270 null [INFO] (/home/meteo/dev/redist/fwidbmgr/include/Grid.h:1595) Configuring grid: snow_covering
2018-05-06 05:06:51,271 null [INFO] (/home/meteo/dev/redist/fwidbmgr/include/Grid.h:1695) Grid snow_covering configured.
2018-05-06 05:06:51,283 null [INFO] (/home/meteo/dev/redist/fwidbmgr/include/Grid.h:1595) Configuring grid: snow_dissolution
2018-05-06 05:06:51,283 null [INFO] (/home/meteo/dev/redist/fwidbmgr/include/Grid.h:1695) Grid snow_dissolution configured.
2018-05-06 05:06:51,305 null [INFO] (/home/meteo/dev/redist/fwidbmgr/include/Grid.h:1595) Configuring grid: temperature
2018-05-06 05:06:51,306 null [INFO] (/home/meteo/dev/redist/fwidbmgr/include/Grid.h:1695) Grid temperature configured.
2018-05-06 05:06:51,310 null [INFO] (/home/meteo/dev/redist/fwidbmgr/include/Grid.h:1595) Configuring grid: humidity
2018-05-06 05:06:51,311 null [INFO] (/home/meteo/dev/redist/fwidbmgr/include/Grid.h:1695) Grid humidity configured.
2018-05-06 05:06:51,321 null [INFO] (/home/meteo/dev/redist/fwidbmgr/include/Grid.h:1595) Configuring grid: windspeed
2018-05-06 05:06:51,321 null [INFO] (/home/meteo/dev/redist/fwidbmgr/include/Grid.h:1695) Grid windspeed configured.
2018-05-06 05:06:51,343 null [INFO] (/home/meteo/dev/redist/fwidbmgr/include/Grid.h:1595) Configuring grid: rain
2018-05-06 05:06:51,343 null [INFO] (/home/meteo/dev/redist/fwidbmgr/include/Grid.h:1695) Grid rain configured.
2018-05-06 05:06:51,346 null [INFO] (/home/meteo/dev/redist/fwidbmgr/include/Grid.h:1595) Configuring grid: cum_rain
2018-05-06 05:06:51,346 null [INFO] (/home/meteo/dev/redist/fwidbmgr/include/Grid.h:1695) Grid cum_rain configured.
2018-05-06 05:06:56,190 null [INFO] (../src/fwidbmgr.cpp:1518) Storing meteo input ...
2018-05-06 05:07:15,621 null [INFO] (../src/fwidbmgr.cpp:5540) OK --> 20180505 data imported.
2018-05-06 05:07:15,683 null [INFO] (../src/fwidbmgr.cpp:5695) action in took about 24 seconds.
2018-05-06 05:07:15,801 null [INFO] (../src/fwidbmgr.cpp:5699) Disconnected from database.
2018-05-06 05:08:28,830 null [INFO] (../src/fwidbmgr.cpp:5361) fwi db manager
2018-05-06 05:08:28,830 null [INFO] (../src/fwidbmgr.cpp:5365) Program home: /home/meteo/dev/redist/fwidbmgr
2018-05-06 05:08:28,830 null [INFO] (../src/fwidbmgr.cpp:5369) Auto convert: 1
2018-05-06 05:08:28,830 null [INFO] (../src/fwidbmgr.cpp:446) action: out.
2018-05-06 05:08:28,830 null [INFO] (../src/fwidbmgr.cpp:470) date: 20180505.
2018-05-06 05:08:28,830 null [INFO] (../src/fwidbmgr.cpp:322) Try to read: /home/meteo/dev/redist/fwidbmgr/config/fwidbmgr.conf.
2018-05-06 05:08:28,841 null [INFO] (../src/fwidbmgr.cpp:5393) Configuration parsing: OK.
2018-05-06 05:08:28,856 null [INFO] (../src/fwidbmgr.cpp:5478) Connected to database
2018-05-06 05:08:28,856 null [INFO] (../src/fwidbmgr.cpp:5480) Manage data for date: 20180505.
2018-05-06 05:08:28,856 null [INFO] (../src/fwidbmgr.cpp:5551) Importing fwi indexes data in database for day: 20180505.
2018-05-06 05:08:28,867 null [INFO] (/home/meteo/dev/redist/fwidbmgr/include/Grid.h:1595) Configuring grid: isi
2018-05-06 05:08:28,867 null [INFO] (/home/meteo/dev/redist/fwidbmgr/include/Grid.h:1695) Grid isi configured.
2018-05-06 05:08:28,880 null [INFO] (/home/meteo/dev/redist/fwidbmgr/include/Grid.h:1595) Configuring grid: fwi
2018-05-06 05:08:28,880 null [INFO] (/home/meteo/dev/redist/fwidbmgr/include/Grid.h:1695) Grid fwi configured.
2018-05-06 05:08:28,893 null [INFO] (/home/meteo/dev/redist/fwidbmgr/include/Grid.h:1595) Configuring grid: ffmc
2018-05-06 05:08:28,893 null [INFO] (/home/meteo/dev/redist/fwidbmgr/include/Grid.h:1695) Grid ffmc configured.
2018-05-06 05:08:28,907 null [INFO] (/home/meteo/dev/redist/fwidbmgr/include/Grid.h:1595) Configuring grid: dmc
2018-05-06 05:08:28,907 null [INFO] (/home/meteo/dev/redist/fwidbmgr/include/Grid.h:1695) Grid dmc configured.
2018-05-06 05:08:28,920 null [INFO] (/home/meteo/dev/redist/fwidbmgr/include/Grid.h:1595) Configuring grid: dc
2018-05-06 05:08:28,920 null [INFO] (/home/meteo/dev/redist/fwidbmgr/include/Grid.h:1695) Grid dc configured.
2018-05-06 05:08:28,934 null [INFO] (/home/meteo/dev/redist/fwidbmgr/include/Grid.h:1595) Configuring grid: bui
2018-05-06 05:08:28,934 null [INFO] (/home/meteo/dev/redist/fwidbmgr/include/Grid.h:1695) Grid bui configured.
2018-05-06 05:08:28,947 null [INFO] (/home/meteo/dev/redist/fwidbmgr/include/Grid.h:1595) Configuring grid: ffmc_tmp
2018-05-06 05:08:28,947 null [INFO] (/home/meteo/dev/redist/fwidbmgr/include/Grid.h:1695) Grid ffmc_tmp configured.
2018-05-06 05:08:29,030 null [INFO] (/home/meteo/dev/redist/fwidbmgr/include/Grid.h:1595) Configuring grid: dmc_tmp
2018-05-06 05:08:29,030 null [INFO] (/home/meteo/dev/redist/fwidbmgr/include/Grid.h:1695) Grid dmc_tmp configured.
2018-05-06 05:08:29,051 null [INFO] (/home/meteo/dev/redist/fwidbmgr/include/Grid.h:1595) Configuring grid: dc_tmp
2018-05-06 05:08:29,051 null [INFO] (/home/meteo/dev/redist/fwidbmgr/include/Grid.h:1695) Grid dc_tmp configured.
2018-05-06 05:08:29,071 null [INFO] (/home/meteo/dev/redist/fwidbmgr/include/Grid.h:1595) Configuring grid: idi
2018-05-06 05:08:29,071 null [INFO] (/home/meteo/dev/redist/fwidbmgr/include/Grid.h:1695) Grid idi configured.
2018-05-06 05:08:32,463 null [INFO] (../src/fwidbmgr.cpp:2081) Storing FWI indexes ...
2018-05-06 05:08:44,511 null [INFO] (../src/fwidbmgr.cpp:5555) OK --> 20180505 data imported.
2018-05-06 05:08:44,517 null [INFO] (../src/fwidbmgr.cpp:5695) action out took about 16 seconds.
2018-05-06 05:08:44,518 null [INFO] (../src/fwidbmgr.cpp:5699) Disconnected from database.
2018-05-06 05:08:44,759 null [INFO] (../src/fwidbmgr.cpp:5361) fwi db manager
2018-05-06 05:08:44,759 null [INFO] (../src/fwidbmgr.cpp:5365) Program home: /home/meteo/dev/redist/fwidbmgr
2018-05-06 05:08:44,759 null [INFO] (../src/fwidbmgr.cpp:5369) Auto convert: 1
2018-05-06 05:08:44,759 null [INFO] (../src/fwidbmgr.cpp:446) action: computeidx.
2018-05-06 05:08:44,759 null [INFO] (../src/fwidbmgr.cpp:470) date: 20180505.
2018-05-06 05:08:44,759 null [INFO] (../src/fwidbmgr.cpp:322) Try to read: /home/meteo/dev/redist/fwidbmgr/config/fwidbmgr.conf.
2018-05-06 05:08:44,761 null [INFO] (../src/fwidbmgr.cpp:5393) Configuration parsing: OK.
2018-05-06 05:08:44,764 null [INFO] (../src/fwidbmgr.cpp:5478) Connected to database
2018-05-06 05:08:44,764 null [INFO] (../src/fwidbmgr.cpp:5480) Manage data for date: 20180505.
2018-05-06 05:08:44,764 null [INFO] (../src/fwidbmgr.cpp:5656) Computing indexes.
2018-05-06 05:08:44,775 null [INFO] (/home/meteo/dev/redist/fwidbmgr/include/Grid.h:1595) Configuring grid: isi
2018-05-06 05:08:44,775 null [INFO] (/home/meteo/dev/redist/fwidbmgr/include/Grid.h:1695) Grid isi configured.
2018-05-06 05:08:44,777 null [INFO] (/home/meteo/dev/redist/fwidbmgr/include/Grid.h:1595) Configuring grid: fwi
2018-05-06 05:08:44,777 null [INFO] (/home/meteo/dev/redist/fwidbmgr/include/Grid.h:1695) Grid fwi configured.
2018-05-06 05:08:44,778 null [INFO] (/home/meteo/dev/redist/fwidbmgr/include/Grid.h:1595) Configuring grid: ffmc
2018-05-06 05:08:44,782 null [INFO] (/home/meteo/dev/redist/fwidbmgr/include/Grid.h:1695) Grid ffmc configured.
2018-05-06 05:08:44,784 null [INFO] (/home/meteo/dev/redist/fwidbmgr/include/Grid.h:1595) Configuring grid: dmc
2018-05-06 05:08:44,784 null [INFO] (/home/meteo/dev/redist/fwidbmgr/include/Grid.h:1695) Grid dmc configured.
2018-05-06 05:08:44,785 null [INFO] (/home/meteo/dev/redist/fwidbmgr/include/Grid.h:1595) Configuring grid: dc
2018-05-06 05:08:44,785 null [INFO] (/home/meteo/dev/redist/fwidbmgr/include/Grid.h:1695) Grid dc configured.
2018-05-06 05:08:44,786 null [INFO] (/home/meteo/dev/redist/fwidbmgr/include/Grid.h:1595) Configuring grid: bui
2018-05-06 05:08:44,786 null [INFO] (/home/meteo/dev/redist/fwidbmgr/include/Grid.h:1695) Grid bui configured.
2018-05-06 05:08:44,787 null [INFO] (/home/meteo/dev/redist/fwidbmgr/include/Grid.h:1595) Configuring grid: ffmc_tmp
2018-05-06 05:08:44,787 null [INFO] (/home/meteo/dev/redist/fwidbmgr/include/Grid.h:1695) Grid ffmc_tmp configured.
2018-05-06 05:08:44,789 null [INFO] (/home/meteo/dev/redist/fwidbmgr/include/Grid.h:1595) Configuring grid: dmc_tmp
2018-05-06 05:08:44,789 null [INFO] (/home/meteo/dev/redist/fwidbmgr/include/Grid.h:1695) Grid dmc_tmp configured.
2018-05-06 05:08:44,790 null [INFO] (/home/meteo/dev/redist/fwidbmgr/include/Grid.h:1595) Configuring grid: dc_tmp
2018-05-06 05:08:44,790 null [INFO] (/home/meteo/dev/redist/fwidbmgr/include/Grid.h:1695) Grid dc_tmp configured.
2018-05-06 05:08:44,791 null [INFO] (/home/meteo/dev/redist/fwidbmgr/include/Grid.h:1595) Configuring grid: idi
2018-05-06 05:08:44,791 null [INFO] (/home/meteo/dev/redist/fwidbmgr/include/Grid.h:1695) Grid idi configured.
2018-05-06 05:08:44,793 null [INFO] (/home/meteo/dev/redist/fwidbmgr/include/Grid.h:1595) Configuring grid: angstrom
2018-05-06 05:08:44,793 null [INFO] (/home/meteo/dev/redist/fwidbmgr/include/Grid.h:1695) Grid angstrom configured.
2018-05-06 05:08:44,794 null [INFO] (/home/meteo/dev/redist/fwidbmgr/include/Grid.h:1595) Configuring grid: fmi
2018-05-06 05:08:44,794 null [INFO] (/home/meteo/dev/redist/fwidbmgr/include/Grid.h:1695) Grid fmi configured.
2018-05-06 05:08:44,795 null [INFO] (/home/meteo/dev/redist/fwidbmgr/include/Grid.h:1595) Configuring grid: sharples
2018-05-06 05:08:44,795 null [INFO] (/home/meteo/dev/redist/fwidbmgr/include/Grid.h:1695) Grid sharples configured.
2018-05-06 05:08:46,942 null [INFO] (/home/meteo/dev/redist/fwidbmgr/include/Grid.h:1595) Configuring grid: snow
2018-05-06 05:08:46,942 null [INFO] (/home/meteo/dev/redist/fwidbmgr/include/Grid.h:1695) Grid snow configured.
2018-05-06 05:08:46,942 null [INFO] (/home/meteo/dev/redist/fwidbmgr/include/Grid.h:1595) Configuring grid: snow_covering
2018-05-06 05:08:46,942 null [INFO] (/home/meteo/dev/redist/fwidbmgr/include/Grid.h:1695) Grid snow_covering configured.
2018-05-06 05:08:46,942 null [INFO] (/home/meteo/dev/redist/fwidbmgr/include/Grid.h:1595) Configuring grid: snow_dissolution
2018-05-06 05:08:46,943 null [INFO] (/home/meteo/dev/redist/fwidbmgr/include/Grid.h:1695) Grid snow_dissolution configured.
2018-05-06 05:08:46,943 null [INFO] (/home/meteo/dev/redist/fwidbmgr/include/Grid.h:1595) Configuring grid: temperature
2018-05-06 05:08:46,943 null [INFO] (/home/meteo/dev/redist/fwidbmgr/include/Grid.h:1695) Grid temperature configured.
2018-05-06 05:08:46,955 null [INFO] (/home/meteo/dev/redist/fwidbmgr/include/Grid.h:1595) Configuring grid: humidity
2018-05-06 05:08:46,955 null [INFO] (/home/meteo/dev/redist/fwidbmgr/include/Grid.h:1695) Grid humidity configured.
2018-05-06 05:08:46,955 null [INFO] (/home/meteo/dev/redist/fwidbmgr/include/Grid.h:1595) Configuring grid: windspeed
2018-05-06 05:08:46,955 null [INFO] (/home/meteo/dev/redist/fwidbmgr/include/Grid.h:1695) Grid windspeed configured.
2018-05-06 05:08:46,955 null [INFO] (/home/meteo/dev/redist/fwidbmgr/include/Grid.h:1595) Configuring grid: rain
2018-05-06 05:08:46,955 null [INFO] (/home/meteo/dev/redist/fwidbmgr/include/Grid.h:1695) Grid rain configured.
2018-05-06 05:08:46,955 null [INFO] (/home/meteo/dev/redist/fwidbmgr/include/Grid.h:1595) Configuring grid: cum_rain
2018-05-06 05:08:46,955 null [INFO] (/home/meteo/dev/redist/fwidbmgr/include/Grid.h:1695) Grid cum_rain configured.
2018-05-06 05:10:45,934 null [INFO] (../src/fwidbmgr.cpp:5660) OK --> 20180505 indexes computed.
2018-05-06 05:10:45,952 null [INFO] (../src/fwidbmgr.cpp:5695) action computeidx took about 121 seconds.
2018-05-06 05:10:45,953 null [INFO] (../src/fwidbmgr.cpp:5699) Disconnected from database.
2018-05-06 05:10:46,282 null [INFO] (../src/fwidbmgr.cpp:5361) fwi db manager
2018-05-06 05:10:46,282 null [INFO] (../src/fwidbmgr.cpp:5365) Program home: /home/meteo/dev/redist/fwidbmgr
2018-05-06 05:10:46,282 null [INFO] (../src/fwidbmgr.cpp:5369) Auto convert: 1
2018-05-06 05:10:46,282 null [INFO] (../src/fwidbmgr.cpp:446) action: exportidx.
2018-05-06 05:10:46,282 null [INFO] (../src/fwidbmgr.cpp:470) date: 20180505.
2018-05-06 05:10:46,282 null [INFO] (../src/fwidbmgr.cpp:322) Try to read: /home/meteo/dev/redist/fwidbmgr/config/fwidbmgr.conf.
2018-05-06 05:10:46,284 null [INFO] (../src/fwidbmgr.cpp:5393) Configuration parsing: OK.
2018-05-06 05:10:46,288 null [INFO] (../src/fwidbmgr.cpp:5478) Connected to database
2018-05-06 05:10:46,288 null [INFO] (../src/fwidbmgr.cpp:5480) Manage data for date: 20180505.
2018-05-06 05:10:46,288 null [INFO] (../src/fwidbmgr.cpp:5596) Exporting indexes.
2018-05-06 05:10:46,299 null [INFO] (/home/meteo/dev/redist/fwidbmgr/include/Grid.h:1595) Configuring grid: isi
2018-05-06 05:10:46,299 null [INFO] (/home/meteo/dev/redist/fwidbmgr/include/Grid.h:1695) Grid isi configured.
2018-05-06 05:10:46,300 null [INFO] (/home/meteo/dev/redist/fwidbmgr/include/Grid.h:1595) Configuring grid: fwi
2018-05-06 05:10:46,300 null [INFO] (/home/meteo/dev/redist/fwidbmgr/include/Grid.h:1695) Grid fwi configured.
2018-05-06 05:10:46,301 null [INFO] (/home/meteo/dev/redist/fwidbmgr/include/Grid.h:1595) Configuring grid: ffmc
2018-05-06 05:10:46,301 null [INFO] (/home/meteo/dev/redist/fwidbmgr/include/Grid.h:1695) Grid ffmc configured.
2018-05-06 05:10:46,303 null [INFO] (/home/meteo/dev/redist/fwidbmgr/include/Grid.h:1595) Configuring grid: dmc
2018-05-06 05:10:46,303 null [INFO] (/home/meteo/dev/redist/fwidbmgr/include/Grid.h:1695) Grid dmc configured.
2018-05-06 05:10:46,304 null [INFO] (/home/meteo/dev/redist/fwidbmgr/include/Grid.h:1595) Configuring grid: dc
2018-05-06 05:10:46,304 null [INFO] (/home/meteo/dev/redist/fwidbmgr/include/Grid.h:1695) Grid dc configured.
2018-05-06 05:10:46,305 null [INFO] (/home/meteo/dev/redist/fwidbmgr/include/Grid.h:1595) Configuring grid: bui
2018-05-06 05:10:46,305 null [INFO] (/home/meteo/dev/redist/fwidbmgr/include/Grid.h:1695) Grid bui configured.
2018-05-06 05:10:46,307 null [INFO] (/home/meteo/dev/redist/fwidbmgr/include/Grid.h:1595) Configuring grid: ffmc_tmp
2018-05-06 05:10:46,307 null [INFO] (/home/meteo/dev/redist/fwidbmgr/include/Grid.h:1695) Grid ffmc_tmp configured.
2018-05-06 05:10:46,308 null [INFO] (/home/meteo/dev/redist/fwidbmgr/include/Grid.h:1595) Configuring grid: dmc_tmp
2018-05-06 05:10:46,308 null [INFO] (/home/meteo/dev/redist/fwidbmgr/include/Grid.h:1695) Grid dmc_tmp configured.
2018-05-06 05:10:46,309 null [INFO] (/home/meteo/dev/redist/fwidbmgr/include/Grid.h:1595) Configuring grid: dc_tmp
2018-05-06 05:10:46,309 null [INFO] (/home/meteo/dev/redist/fwidbmgr/include/Grid.h:1695) Grid dc_tmp configured.
2018-05-06 05:10:46,311 null [INFO] (/home/meteo/dev/redist/fwidbmgr/include/Grid.h:1595) Configuring grid: idi
2018-05-06 05:10:46,311 null [INFO] (/home/meteo/dev/redist/fwidbmgr/include/Grid.h:1695) Grid idi configured.
2018-05-06 05:10:46,312 null [INFO] (/home/meteo/dev/redist/fwidbmgr/include/Grid.h:1595) Configuring grid: angstrom
2018-05-06 05:10:46,312 null [INFO] (/home/meteo/dev/redist/fwidbmgr/include/Grid.h:1695) Grid angstrom configured.
2018-05-06 05:10:46,313 null [INFO] (/home/meteo/dev/redist/fwidbmgr/include/Grid.h:1595) Configuring grid: fmi
2018-05-06 05:10:46,313 null [INFO] (/home/meteo/dev/redist/fwidbmgr/include/Grid.h:1695) Grid fmi configured.
2018-05-06 05:10:46,315 null [INFO] (/home/meteo/dev/redist/fwidbmgr/include/Grid.h:1595) Configuring grid: sharples
2018-05-06 05:10:46,315 null [INFO] (/home/meteo/dev/redist/fwidbmgr/include/Grid.h:1695) Grid sharples configured.
2018-05-06 05:10:48,356 null [INFO] (/home/meteo/dev/redist/fwidbmgr/include/Grid.h:1595) Configuring grid: isi
2018-05-06 05:10:48,356 null [INFO] (/home/meteo/dev/redist/fwidbmgr/include/Grid.h:1695) Grid isi configured.
2018-05-06 05:10:48,407 null [INFO] (/home/meteo/dev/redist/fwidbmgr/include/Grid.h:1595) Configuring grid: fwi
2018-05-06 05:10:48,407 null [INFO] (/home/meteo/dev/redist/fwidbmgr/include/Grid.h:1695) Grid fwi configured.
2018-05-06 05:10:48,444 null [INFO] (/home/meteo/dev/redist/fwidbmgr/include/Grid.h:1595) Configuring grid: ffmc
2018-05-06 05:10:48,444 null [INFO] (/home/meteo/dev/redist/fwidbmgr/include/Grid.h:1695) Grid ffmc configured.
2018-05-06 05:10:48,491 null [INFO] (/home/meteo/dev/redist/fwidbmgr/include/Grid.h:1595) Configuring grid: dmc
2018-05-06 05:10:48,491 null [INFO] (/home/meteo/dev/redist/fwidbmgr/include/Grid.h:1695) Grid dmc configured.
2018-05-06 05:10:48,538 null [INFO] (/home/meteo/dev/redist/fwidbmgr/include/Grid.h:1595) Configuring grid: dc
2018-05-06 05:10:48,538 null [INFO] (/home/meteo/dev/redist/fwidbmgr/include/Grid.h:1695) Grid dc configured.
2018-05-06 05:10:48,581 null [INFO] (/home/meteo/dev/redist/fwidbmgr/include/Grid.h:1595) Configuring grid: bui
2018-05-06 05:10:48,581 null [INFO] (/home/meteo/dev/redist/fwidbmgr/include/Grid.h:1695) Grid bui configured.
2018-05-06 05:10:48,621 null [INFO] (/home/meteo/dev/redist/fwidbmgr/include/Grid.h:1595) Configuring grid: ffmc_tmp
2018-05-06 05:10:48,621 null [INFO] (/home/meteo/dev/redist/fwidbmgr/include/Grid.h:1695) Grid ffmc_tmp configured.
2018-05-06 05:10:48,658 null [INFO] (/home/meteo/dev/redist/fwidbmgr/include/Grid.h:1595) Configuring grid: dmc_tmp
2018-05-06 05:10:48,658 null [INFO] (/home/meteo/dev/redist/fwidbmgr/include/Grid.h:1695) Grid dmc_tmp configured.
2018-05-06 05:10:48,692 null [INFO] (/home/meteo/dev/redist/fwidbmgr/include/Grid.h:1595) Configuring grid: dc_tmp
2018-05-06 05:10:48,692 null [INFO] (/home/meteo/dev/redist/fwidbmgr/include/Grid.h:1695) Grid dc_tmp configured.
2018-05-06 05:10:48,730 null [INFO] (/home/meteo/dev/redist/fwidbmgr/include/Grid.h:1595) Configuring grid: angstrom
2018-05-06 05:10:48,730 null [INFO] (/home/meteo/dev/redist/fwidbmgr/include/Grid.h:1695) Grid angstrom configured.
2018-05-06 05:10:48,803 null [INFO] (/home/meteo/dev/redist/fwidbmgr/include/Grid.h:1595) Configuring grid: sharples
2018-05-06 05:10:48,803 null [INFO] (/home/meteo/dev/redist/fwidbmgr/include/Grid.h:1695) Grid sharples configured.
2018-05-06 05:10:48,847 null [INFO] (/home/meteo/dev/redist/fwidbmgr/include/Grid.h:1595) Configuring grid: fmi
2018-05-06 05:10:48,847 null [INFO] (/home/meteo/dev/redist/fwidbmgr/include/Grid.h:1695) Grid fmi configured.
2018-05-06 05:10:48,887 null [INFO] (../src/fwidbmgr.cpp:5600) OK --> 20180505 indexes exported to files.
2018-05-06 05:10:48,887 null [INFO] (../src/fwidbmgr.cpp:5695) action exportidx took about 2 seconds.
2018-05-06 05:10:48,888 null [INFO] (../src/fwidbmgr.cpp:5699) Disconnected from database.
2018-05-06 05:11:16,993 null [INFO] (../src/fwidbmgr.cpp:5361) fwi db manager
2018-05-06 05:11:16,993 null [INFO] (../src/fwidbmgr.cpp:5365) Program home: /home/meteo/dev/redist/fwidbmgr
2018-05-06 05:11:16,993 null [INFO] (../src/fwidbmgr.cpp:5369) Auto convert: 1
2018-05-06 05:11:16,993 null [INFO] (../src/fwidbmgr.cpp:446) action: outimg.
2018-05-06 05:11:16,993 null [INFO] (../src/fwidbmgr.cpp:470) date: 20180505.
2018-05-06 05:11:16,993 null [INFO] (../src/fwidbmgr.cpp:322) Try to read: /home/meteo/dev/redist/fwidbmgr/config/fwidbmgr.conf.
2018-05-06 05:11:16,995 null [INFO] (../src/fwidbmgr.cpp:5393) Configuration parsing: OK.
2018-05-06 05:11:16,998 null [INFO] (../src/fwidbmgr.cpp:5478) Connected to database
2018-05-06 05:11:16,998 null [INFO] (../src/fwidbmgr.cpp:5480) Manage data for date: 20180505.
2018-05-06 05:11:16,998 null [INFO] (../src/fwidbmgr.cpp:5566) Importing fwi indexes images in database.
2018-05-06 05:11:17,147 null [INFO] (../src/fwidbmgr.cpp:5570) OK --> 20180505 images imported.
2018-05-06 05:11:17,147 null [INFO] (../src/fwidbmgr.cpp:5695) action outimg took about 1 seconds.
2018-05-06 05:11:17,147 null [INFO] (../src/fwidbmgr.cpp:5699) Disconnected from database.
2018-05-06 05:37:01,544 null [INFO] (../src/fwidbmgr.cpp:5361) fwi db manager
2018-05-06 05:37:01,544 null [INFO] (../src/fwidbmgr.cpp:5365) Program home: /home/meteo/dev/redist/fwidbmgr
2018-05-06 05:37:01,544 null [INFO] (../src/fwidbmgr.cpp:5369) Auto convert: 1
2018-05-06 05:37:01,544 null [INFO] (../src/fwidbmgr.cpp:446) action: outimg.
2018-05-06 05:37:01,544 null [INFO] (../src/fwidbmgr.cpp:470) date: 20180505.
2018-05-06 05:37:01,544 null [INFO] (../src/fwidbmgr.cpp:322) Try to read: /home/meteo/dev/redist/fwidbmgr/config/fwidbmgr.conf.
2018-05-06 05:37:01,546 null [INFO] (../src/fwidbmgr.cpp:5393) Configuration parsing: OK.
2018-05-06 05:37:01,550 null [INFO] (../src/fwidbmgr.cpp:5478) Connected to database
2018-05-06 05:37:01,551 null [INFO] (../src/fwidbmgr.cpp:5480) Manage data for date: 20180505.
2018-05-06 05:37:01,551 null [INFO] (../src/fwidbmgr.cpp:5566) Importing fwi indexes images in database.
2018-05-06 05:37:01,632 null [INFO] (../src/fwidbmgr.cpp:5570) OK --> 20180505 images imported.
2018-05-06 05:37:01,632 null [INFO] (../src/fwidbmgr.cpp:5695) action outimg took about 0 seconds.
2018-05-06 05:37:01,632 null [INFO] (../src/fwidbmgr.cpp:5699) Disconnected from database.
2018-05-06 06:05:01,763 null [INFO] (../src/fwidbmgr.cpp:5361) fwi db manager
2018-05-06 06:05:01,763 null [INFO] (../src/fwidbmgr.cpp:5365) Program home: /home/meteo/dev/redist/fwidbmgr
2018-05-06 06:05:01,763 null [INFO] (../src/fwidbmgr.cpp:5369) Auto convert: 1
2018-05-06 06:05:01,764 null [INFO] (../src/fwidbmgr.cpp:446) action: outimg.
2018-05-06 06:05:01,764 null [INFO] (../src/fwidbmgr.cpp:470) date: 20180505.
2018-05-06 06:05:01,764 null [INFO] (../src/fwidbmgr.cpp:322) Try to read: /home/meteo/dev/redist/fwidbmgr/config/fwidbmgr.conf.
2018-05-06 06:05:01,765 null [INFO] (../src/fwidbmgr.cpp:5393) Configuration parsing: OK.
2018-05-06 06:05:01,770 null [INFO] (../src/fwidbmgr.cpp:5478) Connected to database
2018-05-06 06:05:01,770 null [INFO] (../src/fwidbmgr.cpp:5480) Manage data for date: 20180505.
2018-05-06 06:05:01,770 null [INFO] (../src/fwidbmgr.cpp:5566) Importing fwi indexes images in database.
2018-05-06 06:05:01,847 null [INFO] (../src/fwidbmgr.cpp:5570) OK --> 20180505 images imported.
2018-05-06 06:05:01,848 null [INFO] (../src/fwidbmgr.cpp:5695) action outimg took about 0 seconds.
2018-05-06 06:05:01,848 null [INFO] (../src/fwidbmgr.cpp:5699) Disconnected from database.
2018-05-06 06:37:01,974 null [INFO] (../src/fwidbmgr.cpp:5361) fwi db manager
2018-05-06 06:37:01,974 null [INFO] (../src/fwidbmgr.cpp:5365) Program home: /home/meteo/dev/redist/fwidbmgr
2018-05-06 06:37:01,975 null [INFO] (../src/fwidbmgr.cpp:5369) Auto convert: 1
2018-05-06 06:37:01,975 null [INFO] (../src/fwidbmgr.cpp:446) action: outimg.
2018-05-06 06:37:01,975 null [INFO] (../src/fwidbmgr.cpp:470) date: 20180505.
2018-05-06 06:37:01,975 null [INFO] (../src/fwidbmgr.cpp:322) Try to read: /home/meteo/dev/redist/fwidbmgr/config/fwidbmgr.conf.
2018-05-06 06:37:01,979 null [INFO] (../src/fwidbmgr.cpp:5393) Configuration parsing: OK.
2018-05-06 06:37:01,983 null [INFO] (../src/fwidbmgr.cpp:5478) Connected to database
2018-05-06 06:37:01,983 null [INFO] (../src/fwidbmgr.cpp:5480) Manage data for date: 20180505.
2018-05-06 06:37:01,983 null [INFO] (../src/fwidbmgr.cpp:5566) Importing fwi indexes images in database.
2018-05-06 06:37:02,066 null [INFO] (../src/fwidbmgr.cpp:5570) OK --> 20180505 images imported.
2018-05-06 06:37:02,066 null [INFO] (../src/fwidbmgr.cpp:5695) action outimg took about 1 seconds.
2018-05-06 06:37:02,066 null [INFO] (../src/fwidbmgr.cpp:5699) Disconnected from database.
2018-05-06 07:05:01,718 null [INFO] (../src/fwidbmgr.cpp:5361) fwi db manager
2018-05-06 07:05:01,718 null [INFO] (../src/fwidbmgr.cpp:5365) Program home: /home/meteo/dev/redist/fwidbmgr
2018-05-06 07:05:01,719 null [INFO] (../src/fwidbmgr.cpp:5369) Auto convert: 1
2018-05-06 07:05:01,719 null [INFO] (../src/fwidbmgr.cpp:446) action: outimg.
2018-05-06 07:05:01,719 null [INFO] (../src/fwidbmgr.cpp:470) date: 20180505.
2018-05-06 07:05:01,719 null [INFO] (../src/fwidbmgr.cpp:322) Try to read: /home/meteo/dev/redist/fwidbmgr/config/fwidbmgr.conf.
2018-05-06 07:05:01,721 null [INFO] (../src/fwidbmgr.cpp:5393) Configuration parsing: OK.
2018-05-06 07:05:01,739 null [INFO] (../src/fwidbmgr.cpp:5478) Connected to database
2018-05-06 07:05:01,739 null [INFO] (../src/fwidbmgr.cpp:5480) Manage data for date: 20180505.
2018-05-06 07:05:01,739 null [INFO] (../src/fwidbmgr.cpp:5566) Importing fwi indexes images in database.
2018-05-06 07:05:01,809 null [INFO] (../src/fwidbmgr.cpp:5570) OK --> 20180505 images imported.
2018-05-06 07:05:01,809 null [INFO] (../src/fwidbmgr.cpp:5695) action outimg took about 0 seconds.
2018-05-06 07:05:01,809 null [INFO] (../src/fwidbmgr.cpp:5699) Disconnected from database.
2018-05-06 07:37:01,929 null [INFO] (../src/fwidbmgr.cpp:5361) fwi db manager
2018-05-06 07:37:01,929 null [INFO] (../src/fwidbmgr.cpp:5365) Program home: /home/meteo/dev/redist/fwidbmgr
2018-05-06 07:37:01,930 null [INFO] (../src/fwidbmgr.cpp:5369) Auto convert: 1
2018-05-06 07:37:01,930 null [INFO] (../src/fwidbmgr.cpp:446) action: outimg.
2018-05-06 07:37:01,930 null [INFO] (../src/fwidbmgr.cpp:470) date: 20180505.
2018-05-06 07:37:01,930 null [INFO] (../src/fwidbmgr.cpp:322) Try to read: /home/meteo/dev/redist/fwidbmgr/config/fwidbmgr.conf.
2018-05-06 07:37:01,932 null [INFO] (../src/fwidbmgr.cpp:5393) Configuration parsing: OK.
2018-05-06 07:37:01,936 null [INFO] (../src/fwidbmgr.cpp:5478) Connected to database
2018-05-06 07:37:01,936 null [INFO] (../src/fwidbmgr.cpp:5480) Manage data for date: 20180505.
2018-05-06 07:37:01,936 null [INFO] (../src/fwidbmgr.cpp:5566) Importing fwi indexes images in database.
2018-05-06 07:37:02,009 null [INFO] (../src/fwidbmgr.cpp:5570) OK --> 20180505 images imported.
2018-05-06 07:37:02,010 null [INFO] (../src/fwidbmgr.cpp:5695) action outimg took about 1 seconds.
2018-05-06 07:37:02,010 null [INFO] (../src/fwidbmgr.cpp:5699) Disconnected from database.
