2019-02-18 05:05:59,713 null [INFO] (../src/fwidbmgr.cpp:5361) fwi db manager
2019-02-18 05:05:59,713 null [INFO] (../src/fwidbmgr.cpp:5365) Program home: /home/meteo/dev/redist/fwidbmgr
2019-02-18 05:05:59,713 null [INFO] (../src/fwidbmgr.cpp:5369) Auto convert: 1
2019-02-18 05:05:59,714 null [INFO] (../src/fwidbmgr.cpp:446) action: in.
2019-02-18 05:05:59,714 null [INFO] (../src/fwidbmgr.cpp:470) date: 20190217.
2019-02-18 05:05:59,714 null [INFO] (../src/fwidbmgr.cpp:322) Try to read: /home/meteo/dev/redist/fwidbmgr/config/fwidbmgr.conf.
2019-02-18 05:05:59,734 null [INFO] (../src/fwidbmgr.cpp:5393) Configuration parsing: OK.
2019-02-18 05:05:59,812 null [INFO] (../src/fwidbmgr.cpp:5478) Connected to database
2019-02-18 05:05:59,812 null [INFO] (../src/fwidbmgr.cpp:5480) Manage data for date: 20190217.
2019-02-18 05:05:59,812 null [INFO] (../src/fwidbmgr.cpp:5536) Importing meteo data in database for day: 20190217.
2019-02-18 05:05:59,823 null [INFO] (/home/meteo/dev/redist/fwidbmgr/include/Grid.h:1595) Configuring grid: snow
2019-02-18 05:05:59,823 null [INFO] (/home/meteo/dev/redist/fwidbmgr/include/Grid.h:1695) Grid snow configured.
2019-02-18 05:05:59,836 null [INFO] (/home/meteo/dev/redist/fwidbmgr/include/Grid.h:1595) Configuring grid: snow_covering
2019-02-18 05:05:59,836 null [INFO] (/home/meteo/dev/redist/fwidbmgr/include/Grid.h:1695) Grid snow_covering configured.
2019-02-18 05:05:59,843 null [INFO] (/home/meteo/dev/redist/fwidbmgr/include/Grid.h:1595) Configuring grid: snow_dissolution
2019-02-18 05:05:59,843 null [INFO] (/home/meteo/dev/redist/fwidbmgr/include/Grid.h:1695) Grid snow_dissolution configured.
2019-02-18 05:05:59,863 null [INFO] (/home/meteo/dev/redist/fwidbmgr/include/Grid.h:1595) Configuring grid: temperature
2019-02-18 05:05:59,863 null [INFO] (/home/meteo/dev/redist/fwidbmgr/include/Grid.h:1695) Grid temperature configured.
2019-02-18 05:05:59,869 null [INFO] (/home/meteo/dev/redist/fwidbmgr/include/Grid.h:1595) Configuring grid: humidity
2019-02-18 05:05:59,869 null [INFO] (/home/meteo/dev/redist/fwidbmgr/include/Grid.h:1695) Grid humidity configured.
2019-02-18 05:05:59,877 null [INFO] (/home/meteo/dev/redist/fwidbmgr/include/Grid.h:1595) Configuring grid: windspeed
2019-02-18 05:05:59,877 null [INFO] (/home/meteo/dev/redist/fwidbmgr/include/Grid.h:1695) Grid windspeed configured.
2019-02-18 05:05:59,891 null [INFO] (/home/meteo/dev/redist/fwidbmgr/include/Grid.h:1595) Configuring grid: rain
2019-02-18 05:05:59,891 null [INFO] (/home/meteo/dev/redist/fwidbmgr/include/Grid.h:1695) Grid rain configured.
2019-02-18 05:05:59,893 null [INFO] (/home/meteo/dev/redist/fwidbmgr/include/Grid.h:1595) Configuring grid: cum_rain
2019-02-18 05:05:59,893 null [INFO] (/home/meteo/dev/redist/fwidbmgr/include/Grid.h:1695) Grid cum_rain configured.
2019-02-18 05:06:00,019 null [INFO] (../src/fwidbmgr.cpp:1518) Storing meteo input ...
2019-02-18 05:06:06,798 null [INFO] (../src/fwidbmgr.cpp:5540) OK --> 20190217 data imported.
2019-02-18 05:06:06,858 null [INFO] (../src/fwidbmgr.cpp:5695) action in took about 7 seconds.
2019-02-18 05:06:07,001 null [INFO] (../src/fwidbmgr.cpp:5699) Disconnected from database.
2019-02-18 05:06:52,044 null [INFO] (../src/fwidbmgr.cpp:5361) fwi db manager
2019-02-18 05:06:52,044 null [INFO] (../src/fwidbmgr.cpp:5365) Program home: /home/meteo/dev/redist/fwidbmgr
2019-02-18 05:06:52,044 null [INFO] (../src/fwidbmgr.cpp:5369) Auto convert: 1
2019-02-18 05:06:52,044 null [INFO] (../src/fwidbmgr.cpp:446) action: out.
2019-02-18 05:06:52,044 null [INFO] (../src/fwidbmgr.cpp:470) date: 20190217.
2019-02-18 05:06:52,044 null [INFO] (../src/fwidbmgr.cpp:322) Try to read: /home/meteo/dev/redist/fwidbmgr/config/fwidbmgr.conf.
2019-02-18 05:06:52,050 null [INFO] (../src/fwidbmgr.cpp:5393) Configuration parsing: OK.
2019-02-18 05:06:52,054 null [INFO] (../src/fwidbmgr.cpp:5478) Connected to database
2019-02-18 05:06:52,054 null [INFO] (../src/fwidbmgr.cpp:5480) Manage data for date: 20190217.
2019-02-18 05:06:52,055 null [INFO] (../src/fwidbmgr.cpp:5551) Importing fwi indexes data in database for day: 20190217.
2019-02-18 05:06:52,058 null [INFO] (/home/meteo/dev/redist/fwidbmgr/include/Grid.h:1595) Configuring grid: isi
2019-02-18 05:06:52,058 null [INFO] (/home/meteo/dev/redist/fwidbmgr/include/Grid.h:1695) Grid isi configured.
2019-02-18 05:06:52,073 null [INFO] (/home/meteo/dev/redist/fwidbmgr/include/Grid.h:1595) Configuring grid: fwi
2019-02-18 05:06:52,073 null [INFO] (/home/meteo/dev/redist/fwidbmgr/include/Grid.h:1695) Grid fwi configured.
2019-02-18 05:06:52,079 null [INFO] (/home/meteo/dev/redist/fwidbmgr/include/Grid.h:1595) Configuring grid: ffmc
2019-02-18 05:06:52,079 null [INFO] (/home/meteo/dev/redist/fwidbmgr/include/Grid.h:1695) Grid ffmc configured.
2019-02-18 05:06:52,086 null [INFO] (/home/meteo/dev/redist/fwidbmgr/include/Grid.h:1595) Configuring grid: dmc
2019-02-18 05:06:52,086 null [INFO] (/home/meteo/dev/redist/fwidbmgr/include/Grid.h:1695) Grid dmc configured.
2019-02-18 05:06:52,093 null [INFO] (/home/meteo/dev/redist/fwidbmgr/include/Grid.h:1595) Configuring grid: dc
2019-02-18 05:06:52,093 null [INFO] (/home/meteo/dev/redist/fwidbmgr/include/Grid.h:1695) Grid dc configured.
2019-02-18 05:06:52,100 null [INFO] (/home/meteo/dev/redist/fwidbmgr/include/Grid.h:1595) Configuring grid: bui
2019-02-18 05:06:52,100 null [INFO] (/home/meteo/dev/redist/fwidbmgr/include/Grid.h:1695) Grid bui configured.
2019-02-18 05:06:52,106 null [INFO] (/home/meteo/dev/redist/fwidbmgr/include/Grid.h:1595) Configuring grid: ffmc_tmp
2019-02-18 05:06:52,106 null [INFO] (/home/meteo/dev/redist/fwidbmgr/include/Grid.h:1695) Grid ffmc_tmp configured.
2019-02-18 05:06:52,127 null [INFO] (/home/meteo/dev/redist/fwidbmgr/include/Grid.h:1595) Configuring grid: dmc_tmp
2019-02-18 05:06:52,128 null [INFO] (/home/meteo/dev/redist/fwidbmgr/include/Grid.h:1695) Grid dmc_tmp configured.
2019-02-18 05:06:52,141 null [INFO] (/home/meteo/dev/redist/fwidbmgr/include/Grid.h:1595) Configuring grid: dc_tmp
2019-02-18 05:06:52,141 null [INFO] (/home/meteo/dev/redist/fwidbmgr/include/Grid.h:1695) Grid dc_tmp configured.
2019-02-18 05:06:52,153 null [INFO] (/home/meteo/dev/redist/fwidbmgr/include/Grid.h:1595) Configuring grid: idi
2019-02-18 05:06:52,153 null [INFO] (/home/meteo/dev/redist/fwidbmgr/include/Grid.h:1695) Grid idi configured.
2019-02-18 05:06:52,372 null [INFO] (../src/fwidbmgr.cpp:2081) Storing FWI indexes ...
2019-02-18 05:06:55,596 null [INFO] (../src/fwidbmgr.cpp:5555) OK --> 20190217 data imported.
2019-02-18 05:06:55,597 null [INFO] (../src/fwidbmgr.cpp:5695) action out took about 3 seconds.
2019-02-18 05:06:55,597 null [INFO] (../src/fwidbmgr.cpp:5699) Disconnected from database.
2019-02-18 05:06:55,619 null [INFO] (../src/fwidbmgr.cpp:5361) fwi db manager
2019-02-18 05:06:55,619 null [INFO] (../src/fwidbmgr.cpp:5365) Program home: /home/meteo/dev/redist/fwidbmgr
2019-02-18 05:06:55,619 null [INFO] (../src/fwidbmgr.cpp:5369) Auto convert: 1
2019-02-18 05:06:55,619 null [INFO] (../src/fwidbmgr.cpp:446) action: computeidx.
2019-02-18 05:06:55,619 null [INFO] (../src/fwidbmgr.cpp:470) date: 20190217.
2019-02-18 05:06:55,619 null [INFO] (../src/fwidbmgr.cpp:322) Try to read: /home/meteo/dev/redist/fwidbmgr/config/fwidbmgr.conf.
2019-02-18 05:06:55,621 null [INFO] (../src/fwidbmgr.cpp:5393) Configuration parsing: OK.
2019-02-18 05:06:55,626 null [INFO] (../src/fwidbmgr.cpp:5478) Connected to database
2019-02-18 05:06:55,626 null [INFO] (../src/fwidbmgr.cpp:5480) Manage data for date: 20190217.
2019-02-18 05:06:55,626 null [INFO] (../src/fwidbmgr.cpp:5656) Computing indexes.
2019-02-18 05:06:55,628 null [INFO] (/home/meteo/dev/redist/fwidbmgr/include/Grid.h:1595) Configuring grid: isi
2019-02-18 05:06:55,628 null [INFO] (/home/meteo/dev/redist/fwidbmgr/include/Grid.h:1695) Grid isi configured.
2019-02-18 05:06:55,630 null [INFO] (/home/meteo/dev/redist/fwidbmgr/include/Grid.h:1595) Configuring grid: fwi
2019-02-18 05:06:55,630 null [INFO] (/home/meteo/dev/redist/fwidbmgr/include/Grid.h:1695) Grid fwi configured.
2019-02-18 05:06:55,632 null [INFO] (/home/meteo/dev/redist/fwidbmgr/include/Grid.h:1595) Configuring grid: ffmc
2019-02-18 05:06:55,632 null [INFO] (/home/meteo/dev/redist/fwidbmgr/include/Grid.h:1695) Grid ffmc configured.
2019-02-18 05:06:55,633 null [INFO] (/home/meteo/dev/redist/fwidbmgr/include/Grid.h:1595) Configuring grid: dmc
2019-02-18 05:06:55,633 null [INFO] (/home/meteo/dev/redist/fwidbmgr/include/Grid.h:1695) Grid dmc configured.
2019-02-18 05:06:55,635 null [INFO] (/home/meteo/dev/redist/fwidbmgr/include/Grid.h:1595) Configuring grid: dc
2019-02-18 05:06:55,635 null [INFO] (/home/meteo/dev/redist/fwidbmgr/include/Grid.h:1695) Grid dc configured.
2019-02-18 05:06:55,636 null [INFO] (/home/meteo/dev/redist/fwidbmgr/include/Grid.h:1595) Configuring grid: bui
2019-02-18 05:06:55,636 null [INFO] (/home/meteo/dev/redist/fwidbmgr/include/Grid.h:1695) Grid bui configured.
2019-02-18 05:06:55,637 null [INFO] (/home/meteo/dev/redist/fwidbmgr/include/Grid.h:1595) Configuring grid: ffmc_tmp
2019-02-18 05:06:55,637 null [INFO] (/home/meteo/dev/redist/fwidbmgr/include/Grid.h:1695) Grid ffmc_tmp configured.
2019-02-18 05:06:55,639 null [INFO] (/home/meteo/dev/redist/fwidbmgr/include/Grid.h:1595) Configuring grid: dmc_tmp
2019-02-18 05:06:55,639 null [INFO] (/home/meteo/dev/redist/fwidbmgr/include/Grid.h:1695) Grid dmc_tmp configured.
2019-02-18 05:06:55,640 null [INFO] (/home/meteo/dev/redist/fwidbmgr/include/Grid.h:1595) Configuring grid: dc_tmp
2019-02-18 05:06:55,640 null [INFO] (/home/meteo/dev/redist/fwidbmgr/include/Grid.h:1695) Grid dc_tmp configured.
2019-02-18 05:06:55,641 null [INFO] (/home/meteo/dev/redist/fwidbmgr/include/Grid.h:1595) Configuring grid: idi
2019-02-18 05:06:55,642 null [INFO] (/home/meteo/dev/redist/fwidbmgr/include/Grid.h:1695) Grid idi configured.
2019-02-18 05:06:55,642 null [INFO] (/home/meteo/dev/redist/fwidbmgr/include/Grid.h:1595) Configuring grid: angstrom
2019-02-18 05:06:55,643 null [INFO] (/home/meteo/dev/redist/fwidbmgr/include/Grid.h:1695) Grid angstrom configured.
2019-02-18 05:06:55,643 null [INFO] (/home/meteo/dev/redist/fwidbmgr/include/Grid.h:1595) Configuring grid: fmi
2019-02-18 05:06:55,643 null [INFO] (/home/meteo/dev/redist/fwidbmgr/include/Grid.h:1695) Grid fmi configured.
2019-02-18 05:06:55,644 null [INFO] (/home/meteo/dev/redist/fwidbmgr/include/Grid.h:1595) Configuring grid: sharples
2019-02-18 05:06:55,644 null [INFO] (/home/meteo/dev/redist/fwidbmgr/include/Grid.h:1695) Grid sharples configured.
2019-02-18 05:06:55,970 null [INFO] (/home/meteo/dev/redist/fwidbmgr/include/Grid.h:1595) Configuring grid: snow
2019-02-18 05:06:55,970 null [INFO] (/home/meteo/dev/redist/fwidbmgr/include/Grid.h:1695) Grid snow configured.
2019-02-18 05:06:55,970 null [INFO] (/home/meteo/dev/redist/fwidbmgr/include/Grid.h:1595) Configuring grid: snow_covering
2019-02-18 05:06:55,970 null [INFO] (/home/meteo/dev/redist/fwidbmgr/include/Grid.h:1695) Grid snow_covering configured.
2019-02-18 05:06:55,970 null [INFO] (/home/meteo/dev/redist/fwidbmgr/include/Grid.h:1595) Configuring grid: snow_dissolution
2019-02-18 05:06:55,970 null [INFO] (/home/meteo/dev/redist/fwidbmgr/include/Grid.h:1695) Grid snow_dissolution configured.
2019-02-18 05:06:55,970 null [INFO] (/home/meteo/dev/redist/fwidbmgr/include/Grid.h:1595) Configuring grid: temperature
2019-02-18 05:06:55,970 null [INFO] (/home/meteo/dev/redist/fwidbmgr/include/Grid.h:1695) Grid temperature configured.
2019-02-18 05:06:55,970 null [INFO] (/home/meteo/dev/redist/fwidbmgr/include/Grid.h:1595) Configuring grid: humidity
2019-02-18 05:06:55,970 null [INFO] (/home/meteo/dev/redist/fwidbmgr/include/Grid.h:1695) Grid humidity configured.
2019-02-18 05:06:55,970 null [INFO] (/home/meteo/dev/redist/fwidbmgr/include/Grid.h:1595) Configuring grid: windspeed
2019-02-18 05:06:55,970 null [INFO] (/home/meteo/dev/redist/fwidbmgr/include/Grid.h:1695) Grid windspeed configured.
2019-02-18 05:06:55,970 null [INFO] (/home/meteo/dev/redist/fwidbmgr/include/Grid.h:1595) Configuring grid: rain
2019-02-18 05:06:55,970 null [INFO] (/home/meteo/dev/redist/fwidbmgr/include/Grid.h:1695) Grid rain configured.
2019-02-18 05:06:55,970 null [INFO] (/home/meteo/dev/redist/fwidbmgr/include/Grid.h:1595) Configuring grid: cum_rain
2019-02-18 05:06:55,970 null [INFO] (/home/meteo/dev/redist/fwidbmgr/include/Grid.h:1695) Grid cum_rain configured.
2019-02-18 05:07:48,869 null [INFO] (../src/fwidbmgr.cpp:5660) OK --> 20190217 indexes computed.
2019-02-18 05:07:48,869 null [INFO] (../src/fwidbmgr.cpp:5695) action computeidx took about 53 seconds.
2019-02-18 05:07:48,869 null [INFO] (../src/fwidbmgr.cpp:5699) Disconnected from database.
2019-02-18 05:07:48,889 null [INFO] (../src/fwidbmgr.cpp:5361) fwi db manager
2019-02-18 05:07:48,889 null [INFO] (../src/fwidbmgr.cpp:5365) Program home: /home/meteo/dev/redist/fwidbmgr
2019-02-18 05:07:48,889 null [INFO] (../src/fwidbmgr.cpp:5369) Auto convert: 1
2019-02-18 05:07:48,889 null [INFO] (../src/fwidbmgr.cpp:446) action: exportidx.
2019-02-18 05:07:48,889 null [INFO] (../src/fwidbmgr.cpp:470) date: 20190217.
2019-02-18 05:07:48,889 null [INFO] (../src/fwidbmgr.cpp:322) Try to read: /home/meteo/dev/redist/fwidbmgr/config/fwidbmgr.conf.
2019-02-18 05:07:48,890 null [INFO] (../src/fwidbmgr.cpp:5393) Configuration parsing: OK.
2019-02-18 05:07:48,893 null [INFO] (../src/fwidbmgr.cpp:5478) Connected to database
2019-02-18 05:07:48,893 null [INFO] (../src/fwidbmgr.cpp:5480) Manage data for date: 20190217.
2019-02-18 05:07:48,893 null [INFO] (../src/fwidbmgr.cpp:5596) Exporting indexes.
2019-02-18 05:07:48,894 null [INFO] (/home/meteo/dev/redist/fwidbmgr/include/Grid.h:1595) Configuring grid: isi
2019-02-18 05:07:48,895 null [INFO] (/home/meteo/dev/redist/fwidbmgr/include/Grid.h:1695) Grid isi configured.
2019-02-18 05:07:48,896 null [INFO] (/home/meteo/dev/redist/fwidbmgr/include/Grid.h:1595) Configuring grid: fwi
2019-02-18 05:07:48,896 null [INFO] (/home/meteo/dev/redist/fwidbmgr/include/Grid.h:1695) Grid fwi configured.
2019-02-18 05:07:48,898 null [INFO] (/home/meteo/dev/redist/fwidbmgr/include/Grid.h:1595) Configuring grid: ffmc
2019-02-18 05:07:48,898 null [INFO] (/home/meteo/dev/redist/fwidbmgr/include/Grid.h:1695) Grid ffmc configured.
2019-02-18 05:07:48,900 null [INFO] (/home/meteo/dev/redist/fwidbmgr/include/Grid.h:1595) Configuring grid: dmc
2019-02-18 05:07:48,900 null [INFO] (/home/meteo/dev/redist/fwidbmgr/include/Grid.h:1695) Grid dmc configured.
2019-02-18 05:07:48,902 null [INFO] (/home/meteo/dev/redist/fwidbmgr/include/Grid.h:1595) Configuring grid: dc
2019-02-18 05:07:48,902 null [INFO] (/home/meteo/dev/redist/fwidbmgr/include/Grid.h:1695) Grid dc configured.
2019-02-18 05:07:48,903 null [INFO] (/home/meteo/dev/redist/fwidbmgr/include/Grid.h:1595) Configuring grid: bui
2019-02-18 05:07:48,903 null [INFO] (/home/meteo/dev/redist/fwidbmgr/include/Grid.h:1695) Grid bui configured.
2019-02-18 05:07:48,905 null [INFO] (/home/meteo/dev/redist/fwidbmgr/include/Grid.h:1595) Configuring grid: ffmc_tmp
2019-02-18 05:07:48,905 null [INFO] (/home/meteo/dev/redist/fwidbmgr/include/Grid.h:1695) Grid ffmc_tmp configured.
2019-02-18 05:07:48,906 null [INFO] (/home/meteo/dev/redist/fwidbmgr/include/Grid.h:1595) Configuring grid: dmc_tmp
2019-02-18 05:07:48,906 null [INFO] (/home/meteo/dev/redist/fwidbmgr/include/Grid.h:1695) Grid dmc_tmp configured.
2019-02-18 05:07:48,907 null [INFO] (/home/meteo/dev/redist/fwidbmgr/include/Grid.h:1595) Configuring grid: dc_tmp
2019-02-18 05:07:48,907 null [INFO] (/home/meteo/dev/redist/fwidbmgr/include/Grid.h:1695) Grid dc_tmp configured.
2019-02-18 05:07:48,908 null [INFO] (/home/meteo/dev/redist/fwidbmgr/include/Grid.h:1595) Configuring grid: idi
2019-02-18 05:07:48,908 null [INFO] (/home/meteo/dev/redist/fwidbmgr/include/Grid.h:1695) Grid idi configured.
2019-02-18 05:07:48,909 null [INFO] (/home/meteo/dev/redist/fwidbmgr/include/Grid.h:1595) Configuring grid: angstrom
2019-02-18 05:07:48,909 null [INFO] (/home/meteo/dev/redist/fwidbmgr/include/Grid.h:1695) Grid angstrom configured.
2019-02-18 05:07:48,909 null [INFO] (/home/meteo/dev/redist/fwidbmgr/include/Grid.h:1595) Configuring grid: fmi
2019-02-18 05:07:48,910 null [INFO] (/home/meteo/dev/redist/fwidbmgr/include/Grid.h:1695) Grid fmi configured.
2019-02-18 05:07:48,910 null [INFO] (/home/meteo/dev/redist/fwidbmgr/include/Grid.h:1595) Configuring grid: sharples
2019-02-18 05:07:48,910 null [INFO] (/home/meteo/dev/redist/fwidbmgr/include/Grid.h:1695) Grid sharples configured.
2019-02-18 05:07:49,344 null [INFO] (/home/meteo/dev/redist/fwidbmgr/include/Grid.h:1595) Configuring grid: isi
2019-02-18 05:07:49,344 null [INFO] (/home/meteo/dev/redist/fwidbmgr/include/Grid.h:1695) Grid isi configured.
2019-02-18 05:07:49,364 null [INFO] (/home/meteo/dev/redist/fwidbmgr/include/Grid.h:1595) Configuring grid: fwi
2019-02-18 05:07:49,364 null [INFO] (/home/meteo/dev/redist/fwidbmgr/include/Grid.h:1695) Grid fwi configured.
2019-02-18 05:07:49,383 null [INFO] (/home/meteo/dev/redist/fwidbmgr/include/Grid.h:1595) Configuring grid: ffmc
2019-02-18 05:07:49,383 null [INFO] (/home/meteo/dev/redist/fwidbmgr/include/Grid.h:1695) Grid ffmc configured.
2019-02-18 05:07:49,403 null [INFO] (/home/meteo/dev/redist/fwidbmgr/include/Grid.h:1595) Configuring grid: dmc
2019-02-18 05:07:49,403 null [INFO] (/home/meteo/dev/redist/fwidbmgr/include/Grid.h:1695) Grid dmc configured.
2019-02-18 05:07:49,422 null [INFO] (/home/meteo/dev/redist/fwidbmgr/include/Grid.h:1595) Configuring grid: dc
2019-02-18 05:07:49,422 null [INFO] (/home/meteo/dev/redist/fwidbmgr/include/Grid.h:1695) Grid dc configured.
2019-02-18 05:07:49,442 null [INFO] (/home/meteo/dev/redist/fwidbmgr/include/Grid.h:1595) Configuring grid: bui
2019-02-18 05:07:49,442 null [INFO] (/home/meteo/dev/redist/fwidbmgr/include/Grid.h:1695) Grid bui configured.
2019-02-18 05:07:49,462 null [INFO] (/home/meteo/dev/redist/fwidbmgr/include/Grid.h:1595) Configuring grid: ffmc_tmp
2019-02-18 05:07:49,462 null [INFO] (/home/meteo/dev/redist/fwidbmgr/include/Grid.h:1695) Grid ffmc_tmp configured.
2019-02-18 05:07:49,482 null [INFO] (/home/meteo/dev/redist/fwidbmgr/include/Grid.h:1595) Configuring grid: dmc_tmp
2019-02-18 05:07:49,482 null [INFO] (/home/meteo/dev/redist/fwidbmgr/include/Grid.h:1695) Grid dmc_tmp configured.
2019-02-18 05:07:49,500 null [INFO] (/home/meteo/dev/redist/fwidbmgr/include/Grid.h:1595) Configuring grid: dc_tmp
2019-02-18 05:07:49,500 null [INFO] (/home/meteo/dev/redist/fwidbmgr/include/Grid.h:1695) Grid dc_tmp configured.
2019-02-18 05:07:49,519 null [INFO] (/home/meteo/dev/redist/fwidbmgr/include/Grid.h:1595) Configuring grid: angstrom
2019-02-18 05:07:49,519 null [INFO] (/home/meteo/dev/redist/fwidbmgr/include/Grid.h:1695) Grid angstrom configured.
2019-02-18 05:07:49,578 null [INFO] (/home/meteo/dev/redist/fwidbmgr/include/Grid.h:1595) Configuring grid: sharples
2019-02-18 05:07:49,578 null [INFO] (/home/meteo/dev/redist/fwidbmgr/include/Grid.h:1695) Grid sharples configured.
2019-02-18 05:07:49,601 null [INFO] (/home/meteo/dev/redist/fwidbmgr/include/Grid.h:1595) Configuring grid: fmi
2019-02-18 05:07:49,601 null [INFO] (/home/meteo/dev/redist/fwidbmgr/include/Grid.h:1695) Grid fmi configured.
2019-02-18 05:07:49,647 null [INFO] (../src/fwidbmgr.cpp:5600) OK --> 20190217 indexes exported to files.
2019-02-18 05:07:49,648 null [INFO] (../src/fwidbmgr.cpp:5695) action exportidx took about 1 seconds.
2019-02-18 05:07:49,648 null [INFO] (../src/fwidbmgr.cpp:5699) Disconnected from database.
2019-02-18 05:08:05,837 null [INFO] (../src/fwidbmgr.cpp:5361) fwi db manager
2019-02-18 05:08:05,837 null [INFO] (../src/fwidbmgr.cpp:5365) Program home: /home/meteo/dev/redist/fwidbmgr
2019-02-18 05:08:05,837 null [INFO] (../src/fwidbmgr.cpp:5369) Auto convert: 1
2019-02-18 05:08:05,837 null [INFO] (../src/fwidbmgr.cpp:446) action: outimg.
2019-02-18 05:08:05,837 null [INFO] (../src/fwidbmgr.cpp:470) date: 20190217.
2019-02-18 05:08:05,837 null [INFO] (../src/fwidbmgr.cpp:322) Try to read: /home/meteo/dev/redist/fwidbmgr/config/fwidbmgr.conf.
2019-02-18 05:08:05,838 null [INFO] (../src/fwidbmgr.cpp:5393) Configuration parsing: OK.
2019-02-18 05:08:05,843 null [INFO] (../src/fwidbmgr.cpp:5478) Connected to database
2019-02-18 05:08:05,843 null [INFO] (../src/fwidbmgr.cpp:5480) Manage data for date: 20190217.
2019-02-18 05:08:05,843 null [INFO] (../src/fwidbmgr.cpp:5566) Importing fwi indexes images in database.
2019-02-18 05:08:05,926 null [INFO] (../src/fwidbmgr.cpp:5570) OK --> 20190217 images imported.
2019-02-18 05:08:05,926 null [INFO] (../src/fwidbmgr.cpp:5695) action outimg took about 0 seconds.
2019-02-18 05:08:05,927 null [INFO] (../src/fwidbmgr.cpp:5699) Disconnected from database.
2019-02-18 05:37:02,043 null [INFO] (../src/fwidbmgr.cpp:5361) fwi db manager
2019-02-18 05:37:02,043 null [INFO] (../src/fwidbmgr.cpp:5365) Program home: /home/meteo/dev/redist/fwidbmgr
2019-02-18 05:37:02,043 null [INFO] (../src/fwidbmgr.cpp:5369) Auto convert: 1
2019-02-18 05:37:02,043 null [INFO] (../src/fwidbmgr.cpp:446) action: outimg.
2019-02-18 05:37:02,043 null [INFO] (../src/fwidbmgr.cpp:470) date: 20190217.
2019-02-18 05:37:02,043 null [INFO] (../src/fwidbmgr.cpp:322) Try to read: /home/meteo/dev/redist/fwidbmgr/config/fwidbmgr.conf.
2019-02-18 05:37:02,044 null [INFO] (../src/fwidbmgr.cpp:5393) Configuration parsing: OK.
2019-02-18 05:37:02,048 null [INFO] (../src/fwidbmgr.cpp:5478) Connected to database
2019-02-18 05:37:02,049 null [INFO] (../src/fwidbmgr.cpp:5480) Manage data for date: 20190217.
2019-02-18 05:37:02,049 null [INFO] (../src/fwidbmgr.cpp:5566) Importing fwi indexes images in database.
2019-02-18 05:37:02,120 null [INFO] (../src/fwidbmgr.cpp:5570) OK --> 20190217 images imported.
2019-02-18 05:37:02,121 null [INFO] (../src/fwidbmgr.cpp:5695) action outimg took about 0 seconds.
2019-02-18 05:37:02,121 null [INFO] (../src/fwidbmgr.cpp:5699) Disconnected from database.
2019-02-18 06:05:01,293 null [INFO] (../src/fwidbmgr.cpp:5361) fwi db manager
2019-02-18 06:05:01,294 null [INFO] (../src/fwidbmgr.cpp:5365) Program home: /home/meteo/dev/redist/fwidbmgr
2019-02-18 06:05:01,294 null [INFO] (../src/fwidbmgr.cpp:5369) Auto convert: 1
2019-02-18 06:05:01,294 null [INFO] (../src/fwidbmgr.cpp:446) action: outimg.
2019-02-18 06:05:01,294 null [INFO] (../src/fwidbmgr.cpp:470) date: 20190217.
2019-02-18 06:05:01,294 null [INFO] (../src/fwidbmgr.cpp:322) Try to read: /home/meteo/dev/redist/fwidbmgr/config/fwidbmgr.conf.
2019-02-18 06:05:01,295 null [INFO] (../src/fwidbmgr.cpp:5393) Configuration parsing: OK.
2019-02-18 06:05:01,309 null [INFO] (../src/fwidbmgr.cpp:5478) Connected to database
2019-02-18 06:05:01,309 null [INFO] (../src/fwidbmgr.cpp:5480) Manage data for date: 20190217.
2019-02-18 06:05:01,310 null [INFO] (../src/fwidbmgr.cpp:5566) Importing fwi indexes images in database.
2019-02-18 06:05:01,357 null [INFO] (../src/fwidbmgr.cpp:5570) OK --> 20190217 images imported.
2019-02-18 06:05:01,357 null [INFO] (../src/fwidbmgr.cpp:5695) action outimg took about 0 seconds.
2019-02-18 06:05:01,357 null [INFO] (../src/fwidbmgr.cpp:5699) Disconnected from database.
2019-02-18 06:37:01,489 null [INFO] (../src/fwidbmgr.cpp:5361) fwi db manager
2019-02-18 06:37:01,489 null [INFO] (../src/fwidbmgr.cpp:5365) Program home: /home/meteo/dev/redist/fwidbmgr
2019-02-18 06:37:01,489 null [INFO] (../src/fwidbmgr.cpp:5369) Auto convert: 1
2019-02-18 06:37:01,489 null [INFO] (../src/fwidbmgr.cpp:446) action: outimg.
2019-02-18 06:37:01,489 null [INFO] (../src/fwidbmgr.cpp:470) date: 20190217.
2019-02-18 06:37:01,489 null [INFO] (../src/fwidbmgr.cpp:322) Try to read: /home/meteo/dev/redist/fwidbmgr/config/fwidbmgr.conf.
2019-02-18 06:37:01,490 null [INFO] (../src/fwidbmgr.cpp:5393) Configuration parsing: OK.
2019-02-18 06:37:01,495 null [INFO] (../src/fwidbmgr.cpp:5478) Connected to database
2019-02-18 06:37:01,495 null [INFO] (../src/fwidbmgr.cpp:5480) Manage data for date: 20190217.
2019-02-18 06:37:01,496 null [INFO] (../src/fwidbmgr.cpp:5566) Importing fwi indexes images in database.
2019-02-18 06:37:01,553 null [INFO] (../src/fwidbmgr.cpp:5570) OK --> 20190217 images imported.
2019-02-18 06:37:01,553 null [INFO] (../src/fwidbmgr.cpp:5695) action outimg took about 0 seconds.
2019-02-18 06:37:01,553 null [INFO] (../src/fwidbmgr.cpp:5699) Disconnected from database.
2019-02-18 07:05:01,131 null [INFO] (../src/fwidbmgr.cpp:5361) fwi db manager
2019-02-18 07:05:01,131 null [INFO] (../src/fwidbmgr.cpp:5365) Program home: /home/meteo/dev/redist/fwidbmgr
2019-02-18 07:05:01,131 null [INFO] (../src/fwidbmgr.cpp:5369) Auto convert: 1
2019-02-18 07:05:01,131 null [INFO] (../src/fwidbmgr.cpp:446) action: outimg.
2019-02-18 07:05:01,131 null [INFO] (../src/fwidbmgr.cpp:470) date: 20190217.
2019-02-18 07:05:01,131 null [INFO] (../src/fwidbmgr.cpp:322) Try to read: /home/meteo/dev/redist/fwidbmgr/config/fwidbmgr.conf.
2019-02-18 07:05:01,132 null [INFO] (../src/fwidbmgr.cpp:5393) Configuration parsing: OK.
2019-02-18 07:05:01,137 null [INFO] (../src/fwidbmgr.cpp:5478) Connected to database
2019-02-18 07:05:01,137 null [INFO] (../src/fwidbmgr.cpp:5480) Manage data for date: 20190217.
2019-02-18 07:05:01,138 null [INFO] (../src/fwidbmgr.cpp:5566) Importing fwi indexes images in database.
2019-02-18 07:05:01,208 null [INFO] (../src/fwidbmgr.cpp:5570) OK --> 20190217 images imported.
2019-02-18 07:05:01,208 null [INFO] (../src/fwidbmgr.cpp:5695) action outimg took about 0 seconds.
2019-02-18 07:05:01,208 null [INFO] (../src/fwidbmgr.cpp:5699) Disconnected from database.
2019-02-18 07:37:01,344 null [INFO] (../src/fwidbmgr.cpp:5361) fwi db manager
2019-02-18 07:37:01,344 null [INFO] (../src/fwidbmgr.cpp:5365) Program home: /home/meteo/dev/redist/fwidbmgr
2019-02-18 07:37:01,344 null [INFO] (../src/fwidbmgr.cpp:5369) Auto convert: 1
2019-02-18 07:37:01,344 null [INFO] (../src/fwidbmgr.cpp:446) action: outimg.
2019-02-18 07:37:01,344 null [INFO] (../src/fwidbmgr.cpp:470) date: 20190217.
2019-02-18 07:37:01,344 null [INFO] (../src/fwidbmgr.cpp:322) Try to read: /home/meteo/dev/redist/fwidbmgr/config/fwidbmgr.conf.
2019-02-18 07:37:01,345 null [INFO] (../src/fwidbmgr.cpp:5393) Configuration parsing: OK.
2019-02-18 07:37:01,349 null [INFO] (../src/fwidbmgr.cpp:5478) Connected to database
2019-02-18 07:37:01,349 null [INFO] (../src/fwidbmgr.cpp:5480) Manage data for date: 20190217.
2019-02-18 07:37:01,349 null [INFO] (../src/fwidbmgr.cpp:5566) Importing fwi indexes images in database.
2019-02-18 07:37:01,399 null [INFO] (../src/fwidbmgr.cpp:5570) OK --> 20190217 images imported.
2019-02-18 07:37:01,399 null [INFO] (../src/fwidbmgr.cpp:5695) action outimg took about 0 seconds.
2019-02-18 07:37:01,399 null [INFO] (../src/fwidbmgr.cpp:5699) Disconnected from database.
