2015-05-22 05:07:02,107 null [INFO] (../src/fwidbmgr.cpp:5207) fwi db manager
2015-05-22 05:07:02,114 null [INFO] (../src/fwidbmgr.cpp:5209) Program home: /home/meteo/dev/redist/fwidbmgr
2015-05-22 05:07:02,115 null [INFO] (../src/fwidbmgr.cpp:5211) Auto convert: 1
2015-05-22 05:07:02,115 null [INFO] (../src/fwidbmgr.cpp:458) action: in.
2015-05-22 05:07:02,115 null [INFO] (../src/fwidbmgr.cpp:482) date: 20150521.
2015-05-22 05:07:02,115 null [INFO] (../src/fwidbmgr.cpp:319) Try to read: /home/meteo/dev/redist/fwidbmgr/config/fwidbmgr.conf.
2015-05-22 05:07:02,151 null [INFO] (../src/fwidbmgr.cpp:5240) Configuration parsing: OK.
2015-05-22 05:07:02,273 null [INFO] (../src/fwidbmgr.cpp:5322) Connected to database
2015-05-22 05:07:02,273 null [INFO] (../src/fwidbmgr.cpp:5323) Manage data for date: 20150521.
2015-05-22 05:07:02,273 null [INFO] (../src/fwidbmgr.cpp:5367) Importing meteo data in database for day: 20150521.
2015-05-22 05:07:02,274 null [INFO] (/home/meteo/dev/redist/fwidbmgr/include/Grid.h:1595) Configuring grid: snow
2015-05-22 05:07:02,274 null [INFO] (/home/meteo/dev/redist/fwidbmgr/include/Grid.h:1695) Grid snow configured.
2015-05-22 05:07:02,286 null [INFO] (/home/meteo/dev/redist/fwidbmgr/include/Grid.h:1595) Configuring grid: snow_covering
2015-05-22 05:07:02,286 null [INFO] (/home/meteo/dev/redist/fwidbmgr/include/Grid.h:1695) Grid snow_covering configured.
2015-05-22 05:07:02,300 null [INFO] (/home/meteo/dev/redist/fwidbmgr/include/Grid.h:1595) Configuring grid: snow_dissolution
2015-05-22 05:07:02,300 null [INFO] (/home/meteo/dev/redist/fwidbmgr/include/Grid.h:1695) Grid snow_dissolution configured.
2015-05-22 05:07:02,324 null [INFO] (/home/meteo/dev/redist/fwidbmgr/include/Grid.h:1595) Configuring grid: temperature
2015-05-22 05:07:02,324 null [INFO] (/home/meteo/dev/redist/fwidbmgr/include/Grid.h:1695) Grid temperature configured.
2015-05-22 05:07:02,329 null [INFO] (/home/meteo/dev/redist/fwidbmgr/include/Grid.h:1595) Configuring grid: humidity
2015-05-22 05:07:02,329 null [INFO] (/home/meteo/dev/redist/fwidbmgr/include/Grid.h:1695) Grid humidity configured.
2015-05-22 05:07:02,340 null [INFO] (/home/meteo/dev/redist/fwidbmgr/include/Grid.h:1595) Configuring grid: windspeed
2015-05-22 05:07:02,340 null [INFO] (/home/meteo/dev/redist/fwidbmgr/include/Grid.h:1695) Grid windspeed configured.
2015-05-22 05:07:02,363 null [INFO] (/home/meteo/dev/redist/fwidbmgr/include/Grid.h:1595) Configuring grid: rain
2015-05-22 05:07:02,363 null [INFO] (/home/meteo/dev/redist/fwidbmgr/include/Grid.h:1695) Grid rain configured.
2015-05-22 05:07:02,366 null [INFO] (/home/meteo/dev/redist/fwidbmgr/include/Grid.h:1595) Configuring grid: cum_rain
2015-05-22 05:07:02,366 null [INFO] (/home/meteo/dev/redist/fwidbmgr/include/Grid.h:1695) Grid cum_rain configured.
2015-05-22 05:07:18,440 null [INFO] (../src/fwidbmgr.cpp:1502) Storing meteo input ...
2015-05-22 05:09:21,834 null [INFO] (../src/fwidbmgr.cpp:5370) OK --> 20150521 data imported.
2015-05-22 05:09:21,928 null [INFO] (../src/fwidbmgr.cpp:5496) action in took about 139 seconds.
2015-05-22 05:09:22,070 null [INFO] (../src/fwidbmgr.cpp:5499) Disconnected from database.
2015-05-22 05:10:58,743 null [INFO] (../src/fwidbmgr.cpp:5207) fwi db manager
2015-05-22 05:10:58,743 null [INFO] (../src/fwidbmgr.cpp:5209) Program home: /home/meteo/dev/redist/fwidbmgr
2015-05-22 05:10:58,744 null [INFO] (../src/fwidbmgr.cpp:5211) Auto convert: 1
2015-05-22 05:10:58,744 null [INFO] (../src/fwidbmgr.cpp:458) action: out.
2015-05-22 05:10:58,744 null [INFO] (../src/fwidbmgr.cpp:482) date: 20150521.
2015-05-22 05:10:58,744 null [INFO] (../src/fwidbmgr.cpp:319) Try to read: /home/meteo/dev/redist/fwidbmgr/config/fwidbmgr.conf.
2015-05-22 05:10:58,779 null [INFO] (../src/fwidbmgr.cpp:5240) Configuration parsing: OK.
2015-05-22 05:10:58,806 null [INFO] (../src/fwidbmgr.cpp:5322) Connected to database
2015-05-22 05:10:58,806 null [INFO] (../src/fwidbmgr.cpp:5323) Manage data for date: 20150521.
2015-05-22 05:10:58,806 null [INFO] (../src/fwidbmgr.cpp:5379) Importing fwi indexes data in database for day: 20150521.
2015-05-22 05:10:58,815 null [INFO] (/home/meteo/dev/redist/fwidbmgr/include/Grid.h:1595) Configuring grid: isi
2015-05-22 05:10:58,815 null [INFO] (/home/meteo/dev/redist/fwidbmgr/include/Grid.h:1695) Grid isi configured.
2015-05-22 05:10:58,829 null [INFO] (/home/meteo/dev/redist/fwidbmgr/include/Grid.h:1595) Configuring grid: fwi
2015-05-22 05:10:58,829 null [INFO] (/home/meteo/dev/redist/fwidbmgr/include/Grid.h:1695) Grid fwi configured.
2015-05-22 05:10:58,843 null [INFO] (/home/meteo/dev/redist/fwidbmgr/include/Grid.h:1595) Configuring grid: ffmc
2015-05-22 05:10:58,843 null [INFO] (/home/meteo/dev/redist/fwidbmgr/include/Grid.h:1695) Grid ffmc configured.
2015-05-22 05:10:58,857 null [INFO] (/home/meteo/dev/redist/fwidbmgr/include/Grid.h:1595) Configuring grid: dmc
2015-05-22 05:10:58,858 null [INFO] (/home/meteo/dev/redist/fwidbmgr/include/Grid.h:1695) Grid dmc configured.
2015-05-22 05:10:58,872 null [INFO] (/home/meteo/dev/redist/fwidbmgr/include/Grid.h:1595) Configuring grid: dc
2015-05-22 05:10:58,872 null [INFO] (/home/meteo/dev/redist/fwidbmgr/include/Grid.h:1695) Grid dc configured.
2015-05-22 05:10:58,887 null [INFO] (/home/meteo/dev/redist/fwidbmgr/include/Grid.h:1595) Configuring grid: bui
2015-05-22 05:10:58,887 null [INFO] (/home/meteo/dev/redist/fwidbmgr/include/Grid.h:1695) Grid bui configured.
2015-05-22 05:10:58,902 null [INFO] (/home/meteo/dev/redist/fwidbmgr/include/Grid.h:1595) Configuring grid: ffmc_tmp
2015-05-22 05:10:58,902 null [INFO] (/home/meteo/dev/redist/fwidbmgr/include/Grid.h:1695) Grid ffmc_tmp configured.
2015-05-22 05:10:58,950 null [INFO] (/home/meteo/dev/redist/fwidbmgr/include/Grid.h:1595) Configuring grid: dmc_tmp
2015-05-22 05:10:58,950 null [INFO] (/home/meteo/dev/redist/fwidbmgr/include/Grid.h:1695) Grid dmc_tmp configured.
2015-05-22 05:10:58,974 null [INFO] (/home/meteo/dev/redist/fwidbmgr/include/Grid.h:1595) Configuring grid: dc_tmp
2015-05-22 05:10:58,974 null [INFO] (/home/meteo/dev/redist/fwidbmgr/include/Grid.h:1695) Grid dc_tmp configured.
2015-05-22 05:10:59,008 null [INFO] (/home/meteo/dev/redist/fwidbmgr/include/Grid.h:1595) Configuring grid: idi
2015-05-22 05:10:59,009 null [INFO] (/home/meteo/dev/redist/fwidbmgr/include/Grid.h:1695) Grid idi configured.
2015-05-22 05:11:06,603 null [INFO] (../src/fwidbmgr.cpp:2045) Storing FWI indexes ...
2015-05-22 05:11:47,414 null [INFO] (../src/fwidbmgr.cpp:5382) OK --> 20150521 data imported.
2015-05-22 05:11:47,433 null [INFO] (../src/fwidbmgr.cpp:5496) action out took about 49 seconds.
2015-05-22 05:11:47,457 null [INFO] (../src/fwidbmgr.cpp:5499) Disconnected from database.
2015-05-22 05:11:49,224 null [INFO] (../src/fwidbmgr.cpp:5207) fwi db manager
2015-05-22 05:11:49,224 null [INFO] (../src/fwidbmgr.cpp:5209) Program home: /home/meteo/dev/redist/fwidbmgr
2015-05-22 05:11:49,224 null [INFO] (../src/fwidbmgr.cpp:5211) Auto convert: 1
2015-05-22 05:11:49,224 null [INFO] (../src/fwidbmgr.cpp:458) action: computeidx.
2015-05-22 05:11:49,224 null [INFO] (../src/fwidbmgr.cpp:482) date: 20150521.
2015-05-22 05:11:49,311 null [INFO] (../src/fwidbmgr.cpp:319) Try to read: /home/meteo/dev/redist/fwidbmgr/config/fwidbmgr.conf.
2015-05-22 05:11:49,347 null [INFO] (../src/fwidbmgr.cpp:5240) Configuration parsing: OK.
2015-05-22 05:11:49,510 null [INFO] (../src/fwidbmgr.cpp:5322) Connected to database
2015-05-22 05:11:49,510 null [INFO] (../src/fwidbmgr.cpp:5323) Manage data for date: 20150521.
2015-05-22 05:11:49,511 null [INFO] (../src/fwidbmgr.cpp:5463) Computing indexes.
2015-05-22 05:11:49,512 null [INFO] (/home/meteo/dev/redist/fwidbmgr/include/Grid.h:1595) Configuring grid: isi
2015-05-22 05:11:49,512 null [INFO] (/home/meteo/dev/redist/fwidbmgr/include/Grid.h:1695) Grid isi configured.
2015-05-22 05:11:49,514 null [INFO] (/home/meteo/dev/redist/fwidbmgr/include/Grid.h:1595) Configuring grid: fwi
2015-05-22 05:11:49,514 null [INFO] (/home/meteo/dev/redist/fwidbmgr/include/Grid.h:1695) Grid fwi configured.
2015-05-22 05:11:49,515 null [INFO] (/home/meteo/dev/redist/fwidbmgr/include/Grid.h:1595) Configuring grid: ffmc
2015-05-22 05:11:49,605 null [INFO] (/home/meteo/dev/redist/fwidbmgr/include/Grid.h:1695) Grid ffmc configured.
2015-05-22 05:11:49,607 null [INFO] (/home/meteo/dev/redist/fwidbmgr/include/Grid.h:1595) Configuring grid: dmc
2015-05-22 05:11:49,607 null [INFO] (/home/meteo/dev/redist/fwidbmgr/include/Grid.h:1695) Grid dmc configured.
2015-05-22 05:11:49,608 null [INFO] (/home/meteo/dev/redist/fwidbmgr/include/Grid.h:1595) Configuring grid: dc
2015-05-22 05:11:49,608 null [INFO] (/home/meteo/dev/redist/fwidbmgr/include/Grid.h:1695) Grid dc configured.
2015-05-22 05:11:49,610 null [INFO] (/home/meteo/dev/redist/fwidbmgr/include/Grid.h:1595) Configuring grid: bui
2015-05-22 05:11:49,610 null [INFO] (/home/meteo/dev/redist/fwidbmgr/include/Grid.h:1695) Grid bui configured.
2015-05-22 05:11:49,611 null [INFO] (/home/meteo/dev/redist/fwidbmgr/include/Grid.h:1595) Configuring grid: ffmc_tmp
2015-05-22 05:11:49,611 null [INFO] (/home/meteo/dev/redist/fwidbmgr/include/Grid.h:1695) Grid ffmc_tmp configured.
2015-05-22 05:11:49,613 null [INFO] (/home/meteo/dev/redist/fwidbmgr/include/Grid.h:1595) Configuring grid: dmc_tmp
2015-05-22 05:11:49,613 null [INFO] (/home/meteo/dev/redist/fwidbmgr/include/Grid.h:1695) Grid dmc_tmp configured.
2015-05-22 05:11:49,616 null [INFO] (/home/meteo/dev/redist/fwidbmgr/include/Grid.h:1595) Configuring grid: dc_tmp
2015-05-22 05:11:49,616 null [INFO] (/home/meteo/dev/redist/fwidbmgr/include/Grid.h:1695) Grid dc_tmp configured.
2015-05-22 05:11:49,618 null [INFO] (/home/meteo/dev/redist/fwidbmgr/include/Grid.h:1595) Configuring grid: idi
2015-05-22 05:11:49,618 null [INFO] (/home/meteo/dev/redist/fwidbmgr/include/Grid.h:1695) Grid idi configured.
2015-05-22 05:11:49,619 null [INFO] (/home/meteo/dev/redist/fwidbmgr/include/Grid.h:1595) Configuring grid: angstrom
2015-05-22 05:11:49,619 null [INFO] (/home/meteo/dev/redist/fwidbmgr/include/Grid.h:1695) Grid angstrom configured.
2015-05-22 05:11:49,621 null [INFO] (/home/meteo/dev/redist/fwidbmgr/include/Grid.h:1595) Configuring grid: fmi
2015-05-22 05:11:49,621 null [INFO] (/home/meteo/dev/redist/fwidbmgr/include/Grid.h:1695) Grid fmi configured.
2015-05-22 05:11:49,622 null [INFO] (/home/meteo/dev/redist/fwidbmgr/include/Grid.h:1595) Configuring grid: sharples
2015-05-22 05:11:49,623 null [INFO] (/home/meteo/dev/redist/fwidbmgr/include/Grid.h:1695) Grid sharples configured.
2015-05-22 05:11:58,668 null [INFO] (/home/meteo/dev/redist/fwidbmgr/include/Grid.h:1595) Configuring grid: snow
2015-05-22 05:11:58,668 null [INFO] (/home/meteo/dev/redist/fwidbmgr/include/Grid.h:1695) Grid snow configured.
2015-05-22 05:11:58,668 null [INFO] (/home/meteo/dev/redist/fwidbmgr/include/Grid.h:1595) Configuring grid: snow_covering
2015-05-22 05:11:58,668 null [INFO] (/home/meteo/dev/redist/fwidbmgr/include/Grid.h:1695) Grid snow_covering configured.
2015-05-22 05:11:58,668 null [INFO] (/home/meteo/dev/redist/fwidbmgr/include/Grid.h:1595) Configuring grid: snow_dissolution
2015-05-22 05:11:58,668 null [INFO] (/home/meteo/dev/redist/fwidbmgr/include/Grid.h:1695) Grid snow_dissolution configured.
2015-05-22 05:11:58,668 null [INFO] (/home/meteo/dev/redist/fwidbmgr/include/Grid.h:1595) Configuring grid: temperature
2015-05-22 05:11:58,668 null [INFO] (/home/meteo/dev/redist/fwidbmgr/include/Grid.h:1695) Grid temperature configured.
2015-05-22 05:11:58,668 null [INFO] (/home/meteo/dev/redist/fwidbmgr/include/Grid.h:1595) Configuring grid: humidity
2015-05-22 05:11:58,668 null [INFO] (/home/meteo/dev/redist/fwidbmgr/include/Grid.h:1695) Grid humidity configured.
2015-05-22 05:11:58,669 null [INFO] (/home/meteo/dev/redist/fwidbmgr/include/Grid.h:1595) Configuring grid: windspeed
2015-05-22 05:11:58,669 null [INFO] (/home/meteo/dev/redist/fwidbmgr/include/Grid.h:1695) Grid windspeed configured.
2015-05-22 05:11:58,669 null [INFO] (/home/meteo/dev/redist/fwidbmgr/include/Grid.h:1595) Configuring grid: rain
2015-05-22 05:11:58,669 null [INFO] (/home/meteo/dev/redist/fwidbmgr/include/Grid.h:1695) Grid rain configured.
2015-05-22 05:11:58,669 null [INFO] (/home/meteo/dev/redist/fwidbmgr/include/Grid.h:1595) Configuring grid: cum_rain
2015-05-22 05:11:58,669 null [INFO] (/home/meteo/dev/redist/fwidbmgr/include/Grid.h:1695) Grid cum_rain configured.
2015-05-22 05:14:17,380 null [INFO] (../src/fwidbmgr.cpp:5466) OK --> 20150521 indexes computed.
2015-05-22 05:14:17,410 null [INFO] (../src/fwidbmgr.cpp:5496) action computeidx took about 148 seconds.
2015-05-22 05:14:17,410 null [INFO] (../src/fwidbmgr.cpp:5499) Disconnected from database.
2015-05-22 05:14:18,045 null [INFO] (../src/fwidbmgr.cpp:5207) fwi db manager
2015-05-22 05:14:18,046 null [INFO] (../src/fwidbmgr.cpp:5209) Program home: /home/meteo/dev/redist/fwidbmgr
2015-05-22 05:14:18,046 null [INFO] (../src/fwidbmgr.cpp:5211) Auto convert: 1
2015-05-22 05:14:18,046 null [INFO] (../src/fwidbmgr.cpp:458) action: exportidx.
2015-05-22 05:14:18,046 null [INFO] (../src/fwidbmgr.cpp:482) date: 20150521.
2015-05-22 05:14:18,046 null [INFO] (../src/fwidbmgr.cpp:319) Try to read: /home/meteo/dev/redist/fwidbmgr/config/fwidbmgr.conf.
2015-05-22 05:14:18,074 null [INFO] (../src/fwidbmgr.cpp:5240) Configuration parsing: OK.
2015-05-22 05:14:18,137 null [INFO] (../src/fwidbmgr.cpp:5322) Connected to database
2015-05-22 05:14:18,137 null [INFO] (../src/fwidbmgr.cpp:5323) Manage data for date: 20150521.
2015-05-22 05:14:18,137 null [INFO] (../src/fwidbmgr.cpp:5415) Exporting indexes.
2015-05-22 05:14:18,139 null [INFO] (/home/meteo/dev/redist/fwidbmgr/include/Grid.h:1595) Configuring grid: isi
2015-05-22 05:14:18,139 null [INFO] (/home/meteo/dev/redist/fwidbmgr/include/Grid.h:1695) Grid isi configured.
2015-05-22 05:14:18,141 null [INFO] (/home/meteo/dev/redist/fwidbmgr/include/Grid.h:1595) Configuring grid: fwi
2015-05-22 05:14:18,141 null [INFO] (/home/meteo/dev/redist/fwidbmgr/include/Grid.h:1695) Grid fwi configured.
2015-05-22 05:14:18,142 null [INFO] (/home/meteo/dev/redist/fwidbmgr/include/Grid.h:1595) Configuring grid: ffmc
2015-05-22 05:14:18,142 null [INFO] (/home/meteo/dev/redist/fwidbmgr/include/Grid.h:1695) Grid ffmc configured.
2015-05-22 05:14:18,143 null [INFO] (/home/meteo/dev/redist/fwidbmgr/include/Grid.h:1595) Configuring grid: dmc
2015-05-22 05:14:18,144 null [INFO] (/home/meteo/dev/redist/fwidbmgr/include/Grid.h:1695) Grid dmc configured.
2015-05-22 05:14:18,145 null [INFO] (/home/meteo/dev/redist/fwidbmgr/include/Grid.h:1595) Configuring grid: dc
2015-05-22 05:14:18,145 null [INFO] (/home/meteo/dev/redist/fwidbmgr/include/Grid.h:1695) Grid dc configured.
2015-05-22 05:14:18,146 null [INFO] (/home/meteo/dev/redist/fwidbmgr/include/Grid.h:1595) Configuring grid: bui
2015-05-22 05:14:18,146 null [INFO] (/home/meteo/dev/redist/fwidbmgr/include/Grid.h:1695) Grid bui configured.
2015-05-22 05:14:18,148 null [INFO] (/home/meteo/dev/redist/fwidbmgr/include/Grid.h:1595) Configuring grid: ffmc_tmp
2015-05-22 05:14:18,148 null [INFO] (/home/meteo/dev/redist/fwidbmgr/include/Grid.h:1695) Grid ffmc_tmp configured.
2015-05-22 05:14:18,149 null [INFO] (/home/meteo/dev/redist/fwidbmgr/include/Grid.h:1595) Configuring grid: dmc_tmp
2015-05-22 05:14:18,149 null [INFO] (/home/meteo/dev/redist/fwidbmgr/include/Grid.h:1695) Grid dmc_tmp configured.
2015-05-22 05:14:18,151 null [INFO] (/home/meteo/dev/redist/fwidbmgr/include/Grid.h:1595) Configuring grid: dc_tmp
2015-05-22 05:14:18,151 null [INFO] (/home/meteo/dev/redist/fwidbmgr/include/Grid.h:1695) Grid dc_tmp configured.
2015-05-22 05:14:18,152 null [INFO] (/home/meteo/dev/redist/fwidbmgr/include/Grid.h:1595) Configuring grid: idi
2015-05-22 05:14:18,152 null [INFO] (/home/meteo/dev/redist/fwidbmgr/include/Grid.h:1695) Grid idi configured.
2015-05-22 05:14:18,154 null [INFO] (/home/meteo/dev/redist/fwidbmgr/include/Grid.h:1595) Configuring grid: angstrom
2015-05-22 05:14:18,154 null [INFO] (/home/meteo/dev/redist/fwidbmgr/include/Grid.h:1695) Grid angstrom configured.
2015-05-22 05:14:18,155 null [INFO] (/home/meteo/dev/redist/fwidbmgr/include/Grid.h:1595) Configuring grid: fmi
2015-05-22 05:14:18,155 null [INFO] (/home/meteo/dev/redist/fwidbmgr/include/Grid.h:1695) Grid fmi configured.
2015-05-22 05:14:18,157 null [INFO] (/home/meteo/dev/redist/fwidbmgr/include/Grid.h:1595) Configuring grid: sharples
2015-05-22 05:14:18,157 null [INFO] (/home/meteo/dev/redist/fwidbmgr/include/Grid.h:1695) Grid sharples configured.
2015-05-22 05:14:25,153 null [INFO] (/home/meteo/dev/redist/fwidbmgr/include/Grid.h:1595) Configuring grid: isi
2015-05-22 05:14:25,153 null [INFO] (/home/meteo/dev/redist/fwidbmgr/include/Grid.h:1695) Grid isi configured.
2015-05-22 05:14:25,308 null [INFO] (/home/meteo/dev/redist/fwidbmgr/include/Grid.h:1595) Configuring grid: fwi
2015-05-22 05:14:25,308 null [INFO] (/home/meteo/dev/redist/fwidbmgr/include/Grid.h:1695) Grid fwi configured.
2015-05-22 05:14:25,348 null [INFO] (/home/meteo/dev/redist/fwidbmgr/include/Grid.h:1595) Configuring grid: ffmc
2015-05-22 05:14:25,348 null [INFO] (/home/meteo/dev/redist/fwidbmgr/include/Grid.h:1695) Grid ffmc configured.
2015-05-22 05:14:25,429 null [INFO] (/home/meteo/dev/redist/fwidbmgr/include/Grid.h:1595) Configuring grid: dmc
2015-05-22 05:14:25,429 null [INFO] (/home/meteo/dev/redist/fwidbmgr/include/Grid.h:1695) Grid dmc configured.
2015-05-22 05:14:25,483 null [INFO] (/home/meteo/dev/redist/fwidbmgr/include/Grid.h:1595) Configuring grid: dc
2015-05-22 05:14:25,483 null [INFO] (/home/meteo/dev/redist/fwidbmgr/include/Grid.h:1695) Grid dc configured.
2015-05-22 05:14:25,523 null [INFO] (/home/meteo/dev/redist/fwidbmgr/include/Grid.h:1595) Configuring grid: bui
2015-05-22 05:14:25,523 null [INFO] (/home/meteo/dev/redist/fwidbmgr/include/Grid.h:1695) Grid bui configured.
2015-05-22 05:14:25,562 null [INFO] (/home/meteo/dev/redist/fwidbmgr/include/Grid.h:1595) Configuring grid: ffmc_tmp
2015-05-22 05:14:25,562 null [INFO] (/home/meteo/dev/redist/fwidbmgr/include/Grid.h:1695) Grid ffmc_tmp configured.
2015-05-22 05:14:25,614 null [INFO] (/home/meteo/dev/redist/fwidbmgr/include/Grid.h:1595) Configuring grid: dmc_tmp
2015-05-22 05:14:25,614 null [INFO] (/home/meteo/dev/redist/fwidbmgr/include/Grid.h:1695) Grid dmc_tmp configured.
2015-05-22 05:14:25,651 null [INFO] (/home/meteo/dev/redist/fwidbmgr/include/Grid.h:1595) Configuring grid: dc_tmp
2015-05-22 05:14:25,652 null [INFO] (/home/meteo/dev/redist/fwidbmgr/include/Grid.h:1695) Grid dc_tmp configured.
2015-05-22 05:14:25,694 null [INFO] (/home/meteo/dev/redist/fwidbmgr/include/Grid.h:1595) Configuring grid: angstrom
2015-05-22 05:14:25,695 null [INFO] (/home/meteo/dev/redist/fwidbmgr/include/Grid.h:1695) Grid angstrom configured.
2015-05-22 05:14:25,772 null [INFO] (/home/meteo/dev/redist/fwidbmgr/include/Grid.h:1595) Configuring grid: sharples
2015-05-22 05:14:25,772 null [INFO] (/home/meteo/dev/redist/fwidbmgr/include/Grid.h:1695) Grid sharples configured.
2015-05-22 05:14:25,821 null [INFO] (/home/meteo/dev/redist/fwidbmgr/include/Grid.h:1595) Configuring grid: fmi
2015-05-22 05:14:25,821 null [INFO] (/home/meteo/dev/redist/fwidbmgr/include/Grid.h:1695) Grid fmi configured.
2015-05-22 05:14:25,865 null [INFO] (../src/fwidbmgr.cpp:5418) OK --> 20150521 indexes exported to files.
2015-05-22 05:14:25,865 null [INFO] (../src/fwidbmgr.cpp:5496) action exportidx took about 7 seconds.
2015-05-22 05:14:25,865 null [INFO] (../src/fwidbmgr.cpp:5499) Disconnected from database.
