2018-05-29 05:06:51,013 null [INFO] (../src/fwidbmgr.cpp:5361) fwi db manager
2018-05-29 05:06:51,013 null [INFO] (../src/fwidbmgr.cpp:5365) Program home: /home/meteo/dev/redist/fwidbmgr
2018-05-29 05:06:51,013 null [INFO] (../src/fwidbmgr.cpp:5369) Auto convert: 1
2018-05-29 05:06:51,013 null [INFO] (../src/fwidbmgr.cpp:446) action: in.
2018-05-29 05:06:51,013 null [INFO] (../src/fwidbmgr.cpp:470) date: 20180528.
2018-05-29 05:06:51,013 null [INFO] (../src/fwidbmgr.cpp:322) Try to read: /home/meteo/dev/redist/fwidbmgr/config/fwidbmgr.conf.
2018-05-29 05:06:51,026 null [INFO] (../src/fwidbmgr.cpp:5393) Configuration parsing: OK.
2018-05-29 05:06:51,031 null [INFO] (../src/fwidbmgr.cpp:5478) Connected to database
2018-05-29 05:06:51,032 null [INFO] (../src/fwidbmgr.cpp:5480) Manage data for date: 20180528.
2018-05-29 05:06:51,032 null [INFO] (../src/fwidbmgr.cpp:5536) Importing meteo data in database for day: 20180528.
2018-05-29 05:06:51,034 null [INFO] (/home/meteo/dev/redist/fwidbmgr/include/Grid.h:1595) Configuring grid: snow
2018-05-29 05:06:51,034 null [INFO] (/home/meteo/dev/redist/fwidbmgr/include/Grid.h:1695) Grid snow configured.
2018-05-29 05:06:51,048 null [INFO] (/home/meteo/dev/redist/fwidbmgr/include/Grid.h:1595) Configuring grid: snow_covering
2018-05-29 05:06:51,048 null [INFO] (/home/meteo/dev/redist/fwidbmgr/include/Grid.h:1695) Grid snow_covering configured.
2018-05-29 05:06:51,062 null [INFO] (/home/meteo/dev/redist/fwidbmgr/include/Grid.h:1595) Configuring grid: snow_dissolution
2018-05-29 05:06:51,062 null [INFO] (/home/meteo/dev/redist/fwidbmgr/include/Grid.h:1695) Grid snow_dissolution configured.
2018-05-29 05:06:51,087 null [INFO] (/home/meteo/dev/redist/fwidbmgr/include/Grid.h:1595) Configuring grid: temperature
2018-05-29 05:06:51,087 null [INFO] (/home/meteo/dev/redist/fwidbmgr/include/Grid.h:1695) Grid temperature configured.
2018-05-29 05:06:51,092 null [INFO] (/home/meteo/dev/redist/fwidbmgr/include/Grid.h:1595) Configuring grid: humidity
2018-05-29 05:06:51,092 null [INFO] (/home/meteo/dev/redist/fwidbmgr/include/Grid.h:1695) Grid humidity configured.
2018-05-29 05:06:51,103 null [INFO] (/home/meteo/dev/redist/fwidbmgr/include/Grid.h:1595) Configuring grid: windspeed
2018-05-29 05:06:51,104 null [INFO] (/home/meteo/dev/redist/fwidbmgr/include/Grid.h:1695) Grid windspeed configured.
2018-05-29 05:06:51,127 null [INFO] (/home/meteo/dev/redist/fwidbmgr/include/Grid.h:1595) Configuring grid: rain
2018-05-29 05:06:51,127 null [INFO] (/home/meteo/dev/redist/fwidbmgr/include/Grid.h:1695) Grid rain configured.
2018-05-29 05:06:51,130 null [INFO] (/home/meteo/dev/redist/fwidbmgr/include/Grid.h:1595) Configuring grid: cum_rain
2018-05-29 05:06:51,130 null [INFO] (/home/meteo/dev/redist/fwidbmgr/include/Grid.h:1695) Grid cum_rain configured.
2018-05-29 05:06:57,123 null [INFO] (../src/fwidbmgr.cpp:1518) Storing meteo input ...
2018-05-29 05:07:19,086 null [INFO] (../src/fwidbmgr.cpp:5540) OK --> 20180528 data imported.
2018-05-29 05:07:19,133 null [INFO] (../src/fwidbmgr.cpp:5695) action in took about 28 seconds.
2018-05-29 05:07:19,187 null [INFO] (../src/fwidbmgr.cpp:5699) Disconnected from database.
2018-05-29 05:08:31,007 null [INFO] (../src/fwidbmgr.cpp:5361) fwi db manager
2018-05-29 05:08:31,008 null [INFO] (../src/fwidbmgr.cpp:5365) Program home: /home/meteo/dev/redist/fwidbmgr
2018-05-29 05:08:31,008 null [INFO] (../src/fwidbmgr.cpp:5369) Auto convert: 1
2018-05-29 05:08:31,008 null [INFO] (../src/fwidbmgr.cpp:446) action: out.
2018-05-29 05:08:31,008 null [INFO] (../src/fwidbmgr.cpp:470) date: 20180528.
2018-05-29 05:08:31,008 null [INFO] (../src/fwidbmgr.cpp:322) Try to read: /home/meteo/dev/redist/fwidbmgr/config/fwidbmgr.conf.
2018-05-29 05:08:31,022 null [INFO] (../src/fwidbmgr.cpp:5393) Configuration parsing: OK.
2018-05-29 05:08:31,069 null [INFO] (../src/fwidbmgr.cpp:5478) Connected to database
2018-05-29 05:08:31,069 null [INFO] (../src/fwidbmgr.cpp:5480) Manage data for date: 20180528.
2018-05-29 05:08:31,069 null [INFO] (../src/fwidbmgr.cpp:5551) Importing fwi indexes data in database for day: 20180528.
2018-05-29 05:08:31,088 null [INFO] (/home/meteo/dev/redist/fwidbmgr/include/Grid.h:1595) Configuring grid: isi
2018-05-29 05:08:31,088 null [INFO] (/home/meteo/dev/redist/fwidbmgr/include/Grid.h:1695) Grid isi configured.
2018-05-29 05:08:31,103 null [INFO] (/home/meteo/dev/redist/fwidbmgr/include/Grid.h:1595) Configuring grid: fwi
2018-05-29 05:08:31,103 null [INFO] (/home/meteo/dev/redist/fwidbmgr/include/Grid.h:1695) Grid fwi configured.
2018-05-29 05:08:31,116 null [INFO] (/home/meteo/dev/redist/fwidbmgr/include/Grid.h:1595) Configuring grid: ffmc
2018-05-29 05:08:31,117 null [INFO] (/home/meteo/dev/redist/fwidbmgr/include/Grid.h:1695) Grid ffmc configured.
2018-05-29 05:08:31,131 null [INFO] (/home/meteo/dev/redist/fwidbmgr/include/Grid.h:1595) Configuring grid: dmc
2018-05-29 05:08:31,131 null [INFO] (/home/meteo/dev/redist/fwidbmgr/include/Grid.h:1695) Grid dmc configured.
2018-05-29 05:08:31,145 null [INFO] (/home/meteo/dev/redist/fwidbmgr/include/Grid.h:1595) Configuring grid: dc
2018-05-29 05:08:31,145 null [INFO] (/home/meteo/dev/redist/fwidbmgr/include/Grid.h:1695) Grid dc configured.
2018-05-29 05:08:31,160 null [INFO] (/home/meteo/dev/redist/fwidbmgr/include/Grid.h:1595) Configuring grid: bui
2018-05-29 05:08:31,160 null [INFO] (/home/meteo/dev/redist/fwidbmgr/include/Grid.h:1695) Grid bui configured.
2018-05-29 05:08:31,174 null [INFO] (/home/meteo/dev/redist/fwidbmgr/include/Grid.h:1595) Configuring grid: ffmc_tmp
2018-05-29 05:08:31,174 null [INFO] (/home/meteo/dev/redist/fwidbmgr/include/Grid.h:1695) Grid ffmc_tmp configured.
2018-05-29 05:08:31,217 null [INFO] (/home/meteo/dev/redist/fwidbmgr/include/Grid.h:1595) Configuring grid: dmc_tmp
2018-05-29 05:08:31,217 null [INFO] (/home/meteo/dev/redist/fwidbmgr/include/Grid.h:1695) Grid dmc_tmp configured.
2018-05-29 05:08:31,239 null [INFO] (/home/meteo/dev/redist/fwidbmgr/include/Grid.h:1595) Configuring grid: dc_tmp
2018-05-29 05:08:31,239 null [INFO] (/home/meteo/dev/redist/fwidbmgr/include/Grid.h:1695) Grid dc_tmp configured.
2018-05-29 05:08:31,260 null [INFO] (/home/meteo/dev/redist/fwidbmgr/include/Grid.h:1595) Configuring grid: idi
2018-05-29 05:08:31,260 null [INFO] (/home/meteo/dev/redist/fwidbmgr/include/Grid.h:1695) Grid idi configured.
2018-05-29 05:08:36,489 null [INFO] (../src/fwidbmgr.cpp:2081) Storing FWI indexes ...
2018-05-29 05:08:49,312 null [INFO] (../src/fwidbmgr.cpp:5555) OK --> 20180528 data imported.
2018-05-29 05:08:49,329 null [INFO] (../src/fwidbmgr.cpp:5695) action out took about 18 seconds.
2018-05-29 05:08:49,330 null [INFO] (../src/fwidbmgr.cpp:5699) Disconnected from database.
2018-05-29 05:08:49,635 null [INFO] (../src/fwidbmgr.cpp:5361) fwi db manager
2018-05-29 05:08:49,635 null [INFO] (../src/fwidbmgr.cpp:5365) Program home: /home/meteo/dev/redist/fwidbmgr
2018-05-29 05:08:49,635 null [INFO] (../src/fwidbmgr.cpp:5369) Auto convert: 1
2018-05-29 05:08:49,635 null [INFO] (../src/fwidbmgr.cpp:446) action: computeidx.
2018-05-29 05:08:49,635 null [INFO] (../src/fwidbmgr.cpp:470) date: 20180528.
2018-05-29 05:08:49,635 null [INFO] (../src/fwidbmgr.cpp:322) Try to read: /home/meteo/dev/redist/fwidbmgr/config/fwidbmgr.conf.
2018-05-29 05:08:49,646 null [INFO] (../src/fwidbmgr.cpp:5393) Configuration parsing: OK.
2018-05-29 05:08:49,707 null [INFO] (../src/fwidbmgr.cpp:5478) Connected to database
2018-05-29 05:08:49,707 null [INFO] (../src/fwidbmgr.cpp:5480) Manage data for date: 20180528.
2018-05-29 05:08:49,707 null [INFO] (../src/fwidbmgr.cpp:5656) Computing indexes.
2018-05-29 05:08:49,719 null [INFO] (/home/meteo/dev/redist/fwidbmgr/include/Grid.h:1595) Configuring grid: isi
2018-05-29 05:08:49,719 null [INFO] (/home/meteo/dev/redist/fwidbmgr/include/Grid.h:1695) Grid isi configured.
2018-05-29 05:08:49,721 null [INFO] (/home/meteo/dev/redist/fwidbmgr/include/Grid.h:1595) Configuring grid: fwi
2018-05-29 05:08:49,721 null [INFO] (/home/meteo/dev/redist/fwidbmgr/include/Grid.h:1695) Grid fwi configured.
2018-05-29 05:08:49,722 null [INFO] (/home/meteo/dev/redist/fwidbmgr/include/Grid.h:1595) Configuring grid: ffmc
2018-05-29 05:08:49,722 null [INFO] (/home/meteo/dev/redist/fwidbmgr/include/Grid.h:1695) Grid ffmc configured.
2018-05-29 05:08:49,724 null [INFO] (/home/meteo/dev/redist/fwidbmgr/include/Grid.h:1595) Configuring grid: dmc
2018-05-29 05:08:49,724 null [INFO] (/home/meteo/dev/redist/fwidbmgr/include/Grid.h:1695) Grid dmc configured.
2018-05-29 05:08:49,725 null [INFO] (/home/meteo/dev/redist/fwidbmgr/include/Grid.h:1595) Configuring grid: dc
2018-05-29 05:08:49,725 null [INFO] (/home/meteo/dev/redist/fwidbmgr/include/Grid.h:1695) Grid dc configured.
2018-05-29 05:08:49,726 null [INFO] (/home/meteo/dev/redist/fwidbmgr/include/Grid.h:1595) Configuring grid: bui
2018-05-29 05:08:49,726 null [INFO] (/home/meteo/dev/redist/fwidbmgr/include/Grid.h:1695) Grid bui configured.
2018-05-29 05:08:49,727 null [INFO] (/home/meteo/dev/redist/fwidbmgr/include/Grid.h:1595) Configuring grid: ffmc_tmp
2018-05-29 05:08:49,728 null [INFO] (/home/meteo/dev/redist/fwidbmgr/include/Grid.h:1695) Grid ffmc_tmp configured.
2018-05-29 05:08:49,729 null [INFO] (/home/meteo/dev/redist/fwidbmgr/include/Grid.h:1595) Configuring grid: dmc_tmp
2018-05-29 05:08:49,729 null [INFO] (/home/meteo/dev/redist/fwidbmgr/include/Grid.h:1695) Grid dmc_tmp configured.
2018-05-29 05:08:49,730 null [INFO] (/home/meteo/dev/redist/fwidbmgr/include/Grid.h:1595) Configuring grid: dc_tmp
2018-05-29 05:08:49,730 null [INFO] (/home/meteo/dev/redist/fwidbmgr/include/Grid.h:1695) Grid dc_tmp configured.
2018-05-29 05:08:49,732 null [INFO] (/home/meteo/dev/redist/fwidbmgr/include/Grid.h:1595) Configuring grid: idi
2018-05-29 05:08:49,732 null [INFO] (/home/meteo/dev/redist/fwidbmgr/include/Grid.h:1695) Grid idi configured.
2018-05-29 05:08:49,733 null [INFO] (/home/meteo/dev/redist/fwidbmgr/include/Grid.h:1595) Configuring grid: angstrom
2018-05-29 05:08:49,733 null [INFO] (/home/meteo/dev/redist/fwidbmgr/include/Grid.h:1695) Grid angstrom configured.
2018-05-29 05:08:49,734 null [INFO] (/home/meteo/dev/redist/fwidbmgr/include/Grid.h:1595) Configuring grid: fmi
2018-05-29 05:08:49,734 null [INFO] (/home/meteo/dev/redist/fwidbmgr/include/Grid.h:1695) Grid fmi configured.
2018-05-29 05:08:49,735 null [INFO] (/home/meteo/dev/redist/fwidbmgr/include/Grid.h:1595) Configuring grid: sharples
2018-05-29 05:08:49,736 null [INFO] (/home/meteo/dev/redist/fwidbmgr/include/Grid.h:1695) Grid sharples configured.
2018-05-29 05:08:52,921 null [INFO] (/home/meteo/dev/redist/fwidbmgr/include/Grid.h:1595) Configuring grid: snow
2018-05-29 05:08:52,922 null [INFO] (/home/meteo/dev/redist/fwidbmgr/include/Grid.h:1695) Grid snow configured.
2018-05-29 05:08:52,922 null [INFO] (/home/meteo/dev/redist/fwidbmgr/include/Grid.h:1595) Configuring grid: snow_covering
2018-05-29 05:08:52,922 null [INFO] (/home/meteo/dev/redist/fwidbmgr/include/Grid.h:1695) Grid snow_covering configured.
2018-05-29 05:08:52,922 null [INFO] (/home/meteo/dev/redist/fwidbmgr/include/Grid.h:1595) Configuring grid: snow_dissolution
2018-05-29 05:08:52,922 null [INFO] (/home/meteo/dev/redist/fwidbmgr/include/Grid.h:1695) Grid snow_dissolution configured.
2018-05-29 05:08:52,922 null [INFO] (/home/meteo/dev/redist/fwidbmgr/include/Grid.h:1595) Configuring grid: temperature
2018-05-29 05:08:52,922 null [INFO] (/home/meteo/dev/redist/fwidbmgr/include/Grid.h:1695) Grid temperature configured.
2018-05-29 05:08:52,922 null [INFO] (/home/meteo/dev/redist/fwidbmgr/include/Grid.h:1595) Configuring grid: humidity
2018-05-29 05:08:52,922 null [INFO] (/home/meteo/dev/redist/fwidbmgr/include/Grid.h:1695) Grid humidity configured.
2018-05-29 05:08:52,922 null [INFO] (/home/meteo/dev/redist/fwidbmgr/include/Grid.h:1595) Configuring grid: windspeed
2018-05-29 05:08:52,923 null [INFO] (/home/meteo/dev/redist/fwidbmgr/include/Grid.h:1695) Grid windspeed configured.
2018-05-29 05:08:52,923 null [INFO] (/home/meteo/dev/redist/fwidbmgr/include/Grid.h:1595) Configuring grid: rain
2018-05-29 05:08:52,923 null [INFO] (/home/meteo/dev/redist/fwidbmgr/include/Grid.h:1695) Grid rain configured.
2018-05-29 05:08:52,923 null [INFO] (/home/meteo/dev/redist/fwidbmgr/include/Grid.h:1595) Configuring grid: cum_rain
2018-05-29 05:08:52,923 null [INFO] (/home/meteo/dev/redist/fwidbmgr/include/Grid.h:1695) Grid cum_rain configured.
2018-05-29 05:10:55,864 null [INFO] (../src/fwidbmgr.cpp:5660) OK --> 20180528 indexes computed.
2018-05-29 05:10:55,876 null [INFO] (../src/fwidbmgr.cpp:5695) action computeidx took about 126 seconds.
2018-05-29 05:10:55,876 null [INFO] (../src/fwidbmgr.cpp:5699) Disconnected from database.
2018-05-29 05:10:56,033 null [INFO] (../src/fwidbmgr.cpp:5361) fwi db manager
2018-05-29 05:10:56,034 null [INFO] (../src/fwidbmgr.cpp:5365) Program home: /home/meteo/dev/redist/fwidbmgr
2018-05-29 05:10:56,034 null [INFO] (../src/fwidbmgr.cpp:5369) Auto convert: 1
2018-05-29 05:10:56,034 null [INFO] (../src/fwidbmgr.cpp:446) action: exportidx.
2018-05-29 05:10:56,034 null [INFO] (../src/fwidbmgr.cpp:470) date: 20180528.
2018-05-29 05:10:56,034 null [INFO] (../src/fwidbmgr.cpp:322) Try to read: /home/meteo/dev/redist/fwidbmgr/config/fwidbmgr.conf.
2018-05-29 05:10:56,039 null [INFO] (../src/fwidbmgr.cpp:5393) Configuration parsing: OK.
2018-05-29 05:10:56,050 null [INFO] (../src/fwidbmgr.cpp:5478) Connected to database
2018-05-29 05:10:56,050 null [INFO] (../src/fwidbmgr.cpp:5480) Manage data for date: 20180528.
2018-05-29 05:10:56,050 null [INFO] (../src/fwidbmgr.cpp:5596) Exporting indexes.
2018-05-29 05:10:56,080 null [INFO] (/home/meteo/dev/redist/fwidbmgr/include/Grid.h:1595) Configuring grid: isi
2018-05-29 05:10:56,080 null [INFO] (/home/meteo/dev/redist/fwidbmgr/include/Grid.h:1695) Grid isi configured.
2018-05-29 05:10:56,082 null [INFO] (/home/meteo/dev/redist/fwidbmgr/include/Grid.h:1595) Configuring grid: fwi
2018-05-29 05:10:56,082 null [INFO] (/home/meteo/dev/redist/fwidbmgr/include/Grid.h:1695) Grid fwi configured.
2018-05-29 05:10:56,083 null [INFO] (/home/meteo/dev/redist/fwidbmgr/include/Grid.h:1595) Configuring grid: ffmc
2018-05-29 05:10:56,083 null [INFO] (/home/meteo/dev/redist/fwidbmgr/include/Grid.h:1695) Grid ffmc configured.
2018-05-29 05:10:56,084 null [INFO] (/home/meteo/dev/redist/fwidbmgr/include/Grid.h:1595) Configuring grid: dmc
2018-05-29 05:10:56,084 null [INFO] (/home/meteo/dev/redist/fwidbmgr/include/Grid.h:1695) Grid dmc configured.
2018-05-29 05:10:56,085 null [INFO] (/home/meteo/dev/redist/fwidbmgr/include/Grid.h:1595) Configuring grid: dc
2018-05-29 05:10:56,086 null [INFO] (/home/meteo/dev/redist/fwidbmgr/include/Grid.h:1695) Grid dc configured.
2018-05-29 05:10:56,087 null [INFO] (/home/meteo/dev/redist/fwidbmgr/include/Grid.h:1595) Configuring grid: bui
2018-05-29 05:10:56,087 null [INFO] (/home/meteo/dev/redist/fwidbmgr/include/Grid.h:1695) Grid bui configured.
2018-05-29 05:10:56,088 null [INFO] (/home/meteo/dev/redist/fwidbmgr/include/Grid.h:1595) Configuring grid: ffmc_tmp
2018-05-29 05:10:56,088 null [INFO] (/home/meteo/dev/redist/fwidbmgr/include/Grid.h:1695) Grid ffmc_tmp configured.
2018-05-29 05:10:56,089 null [INFO] (/home/meteo/dev/redist/fwidbmgr/include/Grid.h:1595) Configuring grid: dmc_tmp
2018-05-29 05:10:56,090 null [INFO] (/home/meteo/dev/redist/fwidbmgr/include/Grid.h:1695) Grid dmc_tmp configured.
2018-05-29 05:10:56,091 null [INFO] (/home/meteo/dev/redist/fwidbmgr/include/Grid.h:1595) Configuring grid: dc_tmp
2018-05-29 05:10:56,091 null [INFO] (/home/meteo/dev/redist/fwidbmgr/include/Grid.h:1695) Grid dc_tmp configured.
2018-05-29 05:10:56,092 null [INFO] (/home/meteo/dev/redist/fwidbmgr/include/Grid.h:1595) Configuring grid: idi
2018-05-29 05:10:56,092 null [INFO] (/home/meteo/dev/redist/fwidbmgr/include/Grid.h:1695) Grid idi configured.
2018-05-29 05:10:56,094 null [INFO] (/home/meteo/dev/redist/fwidbmgr/include/Grid.h:1595) Configuring grid: angstrom
2018-05-29 05:10:56,094 null [INFO] (/home/meteo/dev/redist/fwidbmgr/include/Grid.h:1695) Grid angstrom configured.
2018-05-29 05:10:56,095 null [INFO] (/home/meteo/dev/redist/fwidbmgr/include/Grid.h:1595) Configuring grid: fmi
2018-05-29 05:10:56,095 null [INFO] (/home/meteo/dev/redist/fwidbmgr/include/Grid.h:1695) Grid fmi configured.
2018-05-29 05:10:56,096 null [INFO] (/home/meteo/dev/redist/fwidbmgr/include/Grid.h:1595) Configuring grid: sharples
2018-05-29 05:10:56,096 null [INFO] (/home/meteo/dev/redist/fwidbmgr/include/Grid.h:1695) Grid sharples configured.
2018-05-29 05:10:58,600 null [INFO] (/home/meteo/dev/redist/fwidbmgr/include/Grid.h:1595) Configuring grid: isi
2018-05-29 05:10:58,600 null [INFO] (/home/meteo/dev/redist/fwidbmgr/include/Grid.h:1695) Grid isi configured.
2018-05-29 05:10:58,670 null [INFO] (/home/meteo/dev/redist/fwidbmgr/include/Grid.h:1595) Configuring grid: fwi
2018-05-29 05:10:58,670 null [INFO] (/home/meteo/dev/redist/fwidbmgr/include/Grid.h:1695) Grid fwi configured.
2018-05-29 05:10:58,710 null [INFO] (/home/meteo/dev/redist/fwidbmgr/include/Grid.h:1595) Configuring grid: ffmc
2018-05-29 05:10:58,710 null [INFO] (/home/meteo/dev/redist/fwidbmgr/include/Grid.h:1695) Grid ffmc configured.
2018-05-29 05:10:58,757 null [INFO] (/home/meteo/dev/redist/fwidbmgr/include/Grid.h:1595) Configuring grid: dmc
2018-05-29 05:10:58,757 null [INFO] (/home/meteo/dev/redist/fwidbmgr/include/Grid.h:1695) Grid dmc configured.
2018-05-29 05:10:58,803 null [INFO] (/home/meteo/dev/redist/fwidbmgr/include/Grid.h:1595) Configuring grid: dc
2018-05-29 05:10:58,803 null [INFO] (/home/meteo/dev/redist/fwidbmgr/include/Grid.h:1695) Grid dc configured.
2018-05-29 05:10:58,843 null [INFO] (/home/meteo/dev/redist/fwidbmgr/include/Grid.h:1595) Configuring grid: bui
2018-05-29 05:10:58,843 null [INFO] (/home/meteo/dev/redist/fwidbmgr/include/Grid.h:1695) Grid bui configured.
2018-05-29 05:10:58,885 null [INFO] (/home/meteo/dev/redist/fwidbmgr/include/Grid.h:1595) Configuring grid: ffmc_tmp
2018-05-29 05:10:58,886 null [INFO] (/home/meteo/dev/redist/fwidbmgr/include/Grid.h:1695) Grid ffmc_tmp configured.
2018-05-29 05:10:58,933 null [INFO] (/home/meteo/dev/redist/fwidbmgr/include/Grid.h:1595) Configuring grid: dmc_tmp
2018-05-29 05:10:58,933 null [INFO] (/home/meteo/dev/redist/fwidbmgr/include/Grid.h:1695) Grid dmc_tmp configured.
2018-05-29 05:10:58,971 null [INFO] (/home/meteo/dev/redist/fwidbmgr/include/Grid.h:1595) Configuring grid: dc_tmp
2018-05-29 05:10:58,971 null [INFO] (/home/meteo/dev/redist/fwidbmgr/include/Grid.h:1695) Grid dc_tmp configured.
2018-05-29 05:10:59,010 null [INFO] (/home/meteo/dev/redist/fwidbmgr/include/Grid.h:1595) Configuring grid: angstrom
2018-05-29 05:10:59,010 null [INFO] (/home/meteo/dev/redist/fwidbmgr/include/Grid.h:1695) Grid angstrom configured.
2018-05-29 05:10:59,085 null [INFO] (/home/meteo/dev/redist/fwidbmgr/include/Grid.h:1595) Configuring grid: sharples
2018-05-29 05:10:59,085 null [INFO] (/home/meteo/dev/redist/fwidbmgr/include/Grid.h:1695) Grid sharples configured.
2018-05-29 05:10:59,127 null [INFO] (/home/meteo/dev/redist/fwidbmgr/include/Grid.h:1595) Configuring grid: fmi
2018-05-29 05:10:59,127 null [INFO] (/home/meteo/dev/redist/fwidbmgr/include/Grid.h:1695) Grid fmi configured.
2018-05-29 05:10:59,175 null [INFO] (../src/fwidbmgr.cpp:5600) OK --> 20180528 indexes exported to files.
2018-05-29 05:10:59,175 null [INFO] (../src/fwidbmgr.cpp:5695) action exportidx took about 3 seconds.
2018-05-29 05:10:59,175 null [INFO] (../src/fwidbmgr.cpp:5699) Disconnected from database.
2018-05-29 05:11:33,094 null [INFO] (../src/fwidbmgr.cpp:5361) fwi db manager
2018-05-29 05:11:33,094 null [INFO] (../src/fwidbmgr.cpp:5365) Program home: /home/meteo/dev/redist/fwidbmgr
2018-05-29 05:11:33,094 null [INFO] (../src/fwidbmgr.cpp:5369) Auto convert: 1
2018-05-29 05:11:33,094 null [INFO] (../src/fwidbmgr.cpp:446) action: outimg.
2018-05-29 05:11:33,094 null [INFO] (../src/fwidbmgr.cpp:470) date: 20180528.
2018-05-29 05:11:33,094 null [INFO] (../src/fwidbmgr.cpp:322) Try to read: /home/meteo/dev/redist/fwidbmgr/config/fwidbmgr.conf.
2018-05-29 05:11:33,096 null [INFO] (../src/fwidbmgr.cpp:5393) Configuration parsing: OK.
2018-05-29 05:11:33,100 null [INFO] (../src/fwidbmgr.cpp:5478) Connected to database
2018-05-29 05:11:33,100 null [INFO] (../src/fwidbmgr.cpp:5480) Manage data for date: 20180528.
2018-05-29 05:11:33,100 null [INFO] (../src/fwidbmgr.cpp:5566) Importing fwi indexes images in database.
2018-05-29 05:11:33,381 null [INFO] (../src/fwidbmgr.cpp:5570) OK --> 20180528 images imported.
2018-05-29 05:11:33,381 null [INFO] (../src/fwidbmgr.cpp:5695) action outimg took about 0 seconds.
2018-05-29 05:11:33,382 null [INFO] (../src/fwidbmgr.cpp:5699) Disconnected from database.
2018-05-29 05:37:01,895 null [INFO] (../src/fwidbmgr.cpp:5361) fwi db manager
2018-05-29 05:37:01,895 null [INFO] (../src/fwidbmgr.cpp:5365) Program home: /home/meteo/dev/redist/fwidbmgr
2018-05-29 05:37:01,895 null [INFO] (../src/fwidbmgr.cpp:5369) Auto convert: 1
2018-05-29 05:37:01,895 null [INFO] (../src/fwidbmgr.cpp:446) action: outimg.
2018-05-29 05:37:01,895 null [INFO] (../src/fwidbmgr.cpp:470) date: 20180528.
2018-05-29 05:37:01,895 null [INFO] (../src/fwidbmgr.cpp:322) Try to read: /home/meteo/dev/redist/fwidbmgr/config/fwidbmgr.conf.
2018-05-29 05:37:01,897 null [INFO] (../src/fwidbmgr.cpp:5393) Configuration parsing: OK.
2018-05-29 05:37:01,902 null [INFO] (../src/fwidbmgr.cpp:5478) Connected to database
2018-05-29 05:37:01,902 null [INFO] (../src/fwidbmgr.cpp:5480) Manage data for date: 20180528.
2018-05-29 05:37:01,902 null [INFO] (../src/fwidbmgr.cpp:5566) Importing fwi indexes images in database.
2018-05-29 05:37:01,997 null [INFO] (../src/fwidbmgr.cpp:5570) OK --> 20180528 images imported.
2018-05-29 05:37:01,997 null [INFO] (../src/fwidbmgr.cpp:5695) action outimg took about 0 seconds.
2018-05-29 05:37:01,997 null [INFO] (../src/fwidbmgr.cpp:5699) Disconnected from database.
2018-05-29 06:05:01,221 null [INFO] (../src/fwidbmgr.cpp:5361) fwi db manager
2018-05-29 06:05:01,222 null [INFO] (../src/fwidbmgr.cpp:5365) Program home: /home/meteo/dev/redist/fwidbmgr
2018-05-29 06:05:01,222 null [INFO] (../src/fwidbmgr.cpp:5369) Auto convert: 1
2018-05-29 06:05:01,222 null [INFO] (../src/fwidbmgr.cpp:446) action: outimg.
2018-05-29 06:05:01,222 null [INFO] (../src/fwidbmgr.cpp:470) date: 20180528.
2018-05-29 06:05:01,222 null [INFO] (../src/fwidbmgr.cpp:322) Try to read: /home/meteo/dev/redist/fwidbmgr/config/fwidbmgr.conf.
2018-05-29 06:05:01,224 null [INFO] (../src/fwidbmgr.cpp:5393) Configuration parsing: OK.
2018-05-29 06:05:01,229 null [INFO] (../src/fwidbmgr.cpp:5478) Connected to database
2018-05-29 06:05:01,229 null [INFO] (../src/fwidbmgr.cpp:5480) Manage data for date: 20180528.
2018-05-29 06:05:01,229 null [INFO] (../src/fwidbmgr.cpp:5566) Importing fwi indexes images in database.
2018-05-29 06:05:01,307 null [INFO] (../src/fwidbmgr.cpp:5570) OK --> 20180528 images imported.
2018-05-29 06:05:01,307 null [INFO] (../src/fwidbmgr.cpp:5695) action outimg took about 0 seconds.
2018-05-29 06:05:01,307 null [INFO] (../src/fwidbmgr.cpp:5699) Disconnected from database.
2018-05-29 06:37:01,441 null [INFO] (../src/fwidbmgr.cpp:5361) fwi db manager
2018-05-29 06:37:01,441 null [INFO] (../src/fwidbmgr.cpp:5365) Program home: /home/meteo/dev/redist/fwidbmgr
2018-05-29 06:37:01,441 null [INFO] (../src/fwidbmgr.cpp:5369) Auto convert: 1
2018-05-29 06:37:01,441 null [INFO] (../src/fwidbmgr.cpp:446) action: outimg.
2018-05-29 06:37:01,441 null [INFO] (../src/fwidbmgr.cpp:470) date: 20180528.
2018-05-29 06:37:01,441 null [INFO] (../src/fwidbmgr.cpp:322) Try to read: /home/meteo/dev/redist/fwidbmgr/config/fwidbmgr.conf.
2018-05-29 06:37:01,443 null [INFO] (../src/fwidbmgr.cpp:5393) Configuration parsing: OK.
2018-05-29 06:37:01,447 null [INFO] (../src/fwidbmgr.cpp:5478) Connected to database
2018-05-29 06:37:01,447 null [INFO] (../src/fwidbmgr.cpp:5480) Manage data for date: 20180528.
2018-05-29 06:37:01,447 null [INFO] (../src/fwidbmgr.cpp:5566) Importing fwi indexes images in database.
2018-05-29 06:37:01,525 null [INFO] (../src/fwidbmgr.cpp:5570) OK --> 20180528 images imported.
2018-05-29 06:37:01,525 null [INFO] (../src/fwidbmgr.cpp:5695) action outimg took about 0 seconds.
2018-05-29 06:37:01,525 null [INFO] (../src/fwidbmgr.cpp:5699) Disconnected from database.
2018-05-29 07:05:01,167 null [INFO] (../src/fwidbmgr.cpp:5361) fwi db manager
2018-05-29 07:05:01,168 null [INFO] (../src/fwidbmgr.cpp:5365) Program home: /home/meteo/dev/redist/fwidbmgr
2018-05-29 07:05:01,169 null [INFO] (../src/fwidbmgr.cpp:5369) Auto convert: 1
2018-05-29 07:05:01,169 null [INFO] (../src/fwidbmgr.cpp:446) action: outimg.
2018-05-29 07:05:01,169 null [INFO] (../src/fwidbmgr.cpp:470) date: 20180528.
2018-05-29 07:05:01,169 null [INFO] (../src/fwidbmgr.cpp:322) Try to read: /home/meteo/dev/redist/fwidbmgr/config/fwidbmgr.conf.
2018-05-29 07:05:01,180 null [INFO] (../src/fwidbmgr.cpp:5393) Configuration parsing: OK.
2018-05-29 07:05:01,191 null [INFO] (../src/fwidbmgr.cpp:5478) Connected to database
2018-05-29 07:05:01,191 null [INFO] (../src/fwidbmgr.cpp:5480) Manage data for date: 20180528.
2018-05-29 07:05:01,192 null [INFO] (../src/fwidbmgr.cpp:5566) Importing fwi indexes images in database.
2018-05-29 07:05:01,305 null [INFO] (../src/fwidbmgr.cpp:5570) OK --> 20180528 images imported.
2018-05-29 07:05:01,305 null [INFO] (../src/fwidbmgr.cpp:5695) action outimg took about 0 seconds.
2018-05-29 07:05:01,306 null [INFO] (../src/fwidbmgr.cpp:5699) Disconnected from database.
2018-05-29 07:37:01,531 null [INFO] (../src/fwidbmgr.cpp:5361) fwi db manager
2018-05-29 07:37:01,533 null [INFO] (../src/fwidbmgr.cpp:5365) Program home: /home/meteo/dev/redist/fwidbmgr
2018-05-29 07:37:01,533 null [INFO] (../src/fwidbmgr.cpp:5369) Auto convert: 1
2018-05-29 07:37:01,533 null [INFO] (../src/fwidbmgr.cpp:446) action: outimg.
2018-05-29 07:37:01,534 null [INFO] (../src/fwidbmgr.cpp:470) date: 20180528.
2018-05-29 07:37:01,534 null [INFO] (../src/fwidbmgr.cpp:322) Try to read: /home/meteo/dev/redist/fwidbmgr/config/fwidbmgr.conf.
2018-05-29 07:37:01,537 null [INFO] (../src/fwidbmgr.cpp:5393) Configuration parsing: OK.
2018-05-29 07:37:01,546 null [INFO] (../src/fwidbmgr.cpp:5478) Connected to database
2018-05-29 07:37:01,546 null [INFO] (../src/fwidbmgr.cpp:5480) Manage data for date: 20180528.
2018-05-29 07:37:01,546 null [INFO] (../src/fwidbmgr.cpp:5566) Importing fwi indexes images in database.
2018-05-29 07:37:01,669 null [INFO] (../src/fwidbmgr.cpp:5570) OK --> 20180528 images imported.
2018-05-29 07:37:01,670 null [INFO] (../src/fwidbmgr.cpp:5695) action outimg took about 0 seconds.
2018-05-29 07:37:01,670 null [INFO] (../src/fwidbmgr.cpp:5699) Disconnected from database.
