2017-11-15 04:06:54,924 null [INFO] (../src/fwidbmgr.cpp:5361) fwi db manager
2017-11-15 04:06:54,925 null [INFO] (../src/fwidbmgr.cpp:5365) Program home: /home/meteo/dev/redist/fwidbmgr
2017-11-15 04:06:54,925 null [INFO] (../src/fwidbmgr.cpp:5369) Auto convert: 1
2017-11-15 04:06:54,925 null [INFO] (../src/fwidbmgr.cpp:446) action: in.
2017-11-15 04:06:54,925 null [INFO] (../src/fwidbmgr.cpp:470) date: 20171114.
2017-11-15 04:06:54,925 null [INFO] (../src/fwidbmgr.cpp:322) Try to read: /home/meteo/dev/redist/fwidbmgr/config/fwidbmgr.conf.
2017-11-15 04:06:54,942 null [INFO] (../src/fwidbmgr.cpp:5393) Configuration parsing: OK.
2017-11-15 04:06:54,965 null [INFO] (../src/fwidbmgr.cpp:5478) Connected to database
2017-11-15 04:06:54,965 null [INFO] (../src/fwidbmgr.cpp:5480) Manage data for date: 20171114.
2017-11-15 04:06:54,965 null [INFO] (../src/fwidbmgr.cpp:5536) Importing meteo data in database for day: 20171114.
2017-11-15 04:06:54,993 null [INFO] (/home/meteo/dev/redist/fwidbmgr/include/Grid.h:1595) Configuring grid: snow
2017-11-15 04:06:54,993 null [INFO] (/home/meteo/dev/redist/fwidbmgr/include/Grid.h:1695) Grid snow configured.
2017-11-15 04:06:55,004 null [INFO] (/home/meteo/dev/redist/fwidbmgr/include/Grid.h:1595) Configuring grid: snow_covering
2017-11-15 04:06:55,004 null [INFO] (/home/meteo/dev/redist/fwidbmgr/include/Grid.h:1695) Grid snow_covering configured.
2017-11-15 04:06:55,018 null [INFO] (/home/meteo/dev/redist/fwidbmgr/include/Grid.h:1595) Configuring grid: snow_dissolution
2017-11-15 04:06:55,018 null [INFO] (/home/meteo/dev/redist/fwidbmgr/include/Grid.h:1695) Grid snow_dissolution configured.
2017-11-15 04:06:55,041 null [INFO] (/home/meteo/dev/redist/fwidbmgr/include/Grid.h:1595) Configuring grid: temperature
2017-11-15 04:06:55,041 null [INFO] (/home/meteo/dev/redist/fwidbmgr/include/Grid.h:1695) Grid temperature configured.
2017-11-15 04:06:55,046 null [INFO] (/home/meteo/dev/redist/fwidbmgr/include/Grid.h:1595) Configuring grid: humidity
2017-11-15 04:06:55,047 null [INFO] (/home/meteo/dev/redist/fwidbmgr/include/Grid.h:1695) Grid humidity configured.
2017-11-15 04:06:55,057 null [INFO] (/home/meteo/dev/redist/fwidbmgr/include/Grid.h:1595) Configuring grid: windspeed
2017-11-15 04:06:55,057 null [INFO] (/home/meteo/dev/redist/fwidbmgr/include/Grid.h:1695) Grid windspeed configured.
2017-11-15 04:06:55,078 null [INFO] (/home/meteo/dev/redist/fwidbmgr/include/Grid.h:1595) Configuring grid: rain
2017-11-15 04:06:55,078 null [INFO] (/home/meteo/dev/redist/fwidbmgr/include/Grid.h:1695) Grid rain configured.
2017-11-15 04:06:55,081 null [INFO] (/home/meteo/dev/redist/fwidbmgr/include/Grid.h:1595) Configuring grid: cum_rain
2017-11-15 04:06:55,081 null [INFO] (/home/meteo/dev/redist/fwidbmgr/include/Grid.h:1695) Grid cum_rain configured.
2017-11-15 04:07:01,860 null [INFO] (../src/fwidbmgr.cpp:1518) Storing meteo input ...
2017-11-15 04:07:17,901 null [INFO] (../src/fwidbmgr.cpp:5540) OK --> 20171114 data imported.
2017-11-15 04:07:17,948 null [INFO] (../src/fwidbmgr.cpp:5695) action in took about 23 seconds.
2017-11-15 04:07:18,101 null [INFO] (../src/fwidbmgr.cpp:5699) Disconnected from database.
2017-11-15 04:08:26,864 null [INFO] (../src/fwidbmgr.cpp:5361) fwi db manager
2017-11-15 04:08:26,864 null [INFO] (../src/fwidbmgr.cpp:5365) Program home: /home/meteo/dev/redist/fwidbmgr
2017-11-15 04:08:26,864 null [INFO] (../src/fwidbmgr.cpp:5369) Auto convert: 1
2017-11-15 04:08:26,864 null [INFO] (../src/fwidbmgr.cpp:446) action: out.
2017-11-15 04:08:26,864 null [INFO] (../src/fwidbmgr.cpp:470) date: 20171114.
2017-11-15 04:08:26,864 null [INFO] (../src/fwidbmgr.cpp:322) Try to read: /home/meteo/dev/redist/fwidbmgr/config/fwidbmgr.conf.
2017-11-15 04:08:26,872 null [INFO] (../src/fwidbmgr.cpp:5393) Configuration parsing: OK.
2017-11-15 04:08:26,892 null [INFO] (../src/fwidbmgr.cpp:5478) Connected to database
2017-11-15 04:08:26,892 null [INFO] (../src/fwidbmgr.cpp:5480) Manage data for date: 20171114.
2017-11-15 04:08:26,892 null [INFO] (../src/fwidbmgr.cpp:5551) Importing fwi indexes data in database for day: 20171114.
2017-11-15 04:08:26,904 null [INFO] (/home/meteo/dev/redist/fwidbmgr/include/Grid.h:1595) Configuring grid: isi
2017-11-15 04:08:26,904 null [INFO] (/home/meteo/dev/redist/fwidbmgr/include/Grid.h:1695) Grid isi configured.
2017-11-15 04:08:26,917 null [INFO] (/home/meteo/dev/redist/fwidbmgr/include/Grid.h:1595) Configuring grid: fwi
2017-11-15 04:08:26,917 null [INFO] (/home/meteo/dev/redist/fwidbmgr/include/Grid.h:1695) Grid fwi configured.
2017-11-15 04:08:26,930 null [INFO] (/home/meteo/dev/redist/fwidbmgr/include/Grid.h:1595) Configuring grid: ffmc
2017-11-15 04:08:26,930 null [INFO] (/home/meteo/dev/redist/fwidbmgr/include/Grid.h:1695) Grid ffmc configured.
2017-11-15 04:08:26,943 null [INFO] (/home/meteo/dev/redist/fwidbmgr/include/Grid.h:1595) Configuring grid: dmc
2017-11-15 04:08:26,944 null [INFO] (/home/meteo/dev/redist/fwidbmgr/include/Grid.h:1695) Grid dmc configured.
2017-11-15 04:08:26,956 null [INFO] (/home/meteo/dev/redist/fwidbmgr/include/Grid.h:1595) Configuring grid: dc
2017-11-15 04:08:26,956 null [INFO] (/home/meteo/dev/redist/fwidbmgr/include/Grid.h:1695) Grid dc configured.
2017-11-15 04:08:26,970 null [INFO] (/home/meteo/dev/redist/fwidbmgr/include/Grid.h:1595) Configuring grid: bui
2017-11-15 04:08:26,970 null [INFO] (/home/meteo/dev/redist/fwidbmgr/include/Grid.h:1695) Grid bui configured.
2017-11-15 04:08:26,983 null [INFO] (/home/meteo/dev/redist/fwidbmgr/include/Grid.h:1595) Configuring grid: ffmc_tmp
2017-11-15 04:08:26,983 null [INFO] (/home/meteo/dev/redist/fwidbmgr/include/Grid.h:1695) Grid ffmc_tmp configured.
2017-11-15 04:08:27,011 null [INFO] (/home/meteo/dev/redist/fwidbmgr/include/Grid.h:1595) Configuring grid: dmc_tmp
2017-11-15 04:08:27,012 null [INFO] (/home/meteo/dev/redist/fwidbmgr/include/Grid.h:1695) Grid dmc_tmp configured.
2017-11-15 04:08:27,032 null [INFO] (/home/meteo/dev/redist/fwidbmgr/include/Grid.h:1595) Configuring grid: dc_tmp
2017-11-15 04:08:27,032 null [INFO] (/home/meteo/dev/redist/fwidbmgr/include/Grid.h:1695) Grid dc_tmp configured.
2017-11-15 04:08:27,053 null [INFO] (/home/meteo/dev/redist/fwidbmgr/include/Grid.h:1595) Configuring grid: idi
2017-11-15 04:08:27,053 null [INFO] (/home/meteo/dev/redist/fwidbmgr/include/Grid.h:1695) Grid idi configured.
2017-11-15 04:08:36,571 null [INFO] (../src/fwidbmgr.cpp:2081) Storing FWI indexes ...
2017-11-15 04:09:12,239 null [INFO] (../src/fwidbmgr.cpp:5555) OK --> 20171114 data imported.
2017-11-15 04:09:12,239 null [INFO] (../src/fwidbmgr.cpp:5695) action out took about 46 seconds.
2017-11-15 04:09:12,240 null [INFO] (../src/fwidbmgr.cpp:5699) Disconnected from database.
2017-11-15 04:09:12,709 null [INFO] (../src/fwidbmgr.cpp:5361) fwi db manager
2017-11-15 04:09:12,709 null [INFO] (../src/fwidbmgr.cpp:5365) Program home: /home/meteo/dev/redist/fwidbmgr
2017-11-15 04:09:12,709 null [INFO] (../src/fwidbmgr.cpp:5369) Auto convert: 1
2017-11-15 04:09:12,709 null [INFO] (../src/fwidbmgr.cpp:446) action: computeidx.
2017-11-15 04:09:12,709 null [INFO] (../src/fwidbmgr.cpp:470) date: 20171114.
2017-11-15 04:09:12,709 null [INFO] (../src/fwidbmgr.cpp:322) Try to read: /home/meteo/dev/redist/fwidbmgr/config/fwidbmgr.conf.
2017-11-15 04:09:12,717 null [INFO] (../src/fwidbmgr.cpp:5393) Configuration parsing: OK.
2017-11-15 04:09:12,760 null [INFO] (../src/fwidbmgr.cpp:5478) Connected to database
2017-11-15 04:09:12,760 null [INFO] (../src/fwidbmgr.cpp:5480) Manage data for date: 20171114.
2017-11-15 04:09:12,760 null [INFO] (../src/fwidbmgr.cpp:5656) Computing indexes.
2017-11-15 04:09:12,761 null [INFO] (/home/meteo/dev/redist/fwidbmgr/include/Grid.h:1595) Configuring grid: isi
2017-11-15 04:09:12,762 null [INFO] (/home/meteo/dev/redist/fwidbmgr/include/Grid.h:1695) Grid isi configured.
2017-11-15 04:09:12,763 null [INFO] (/home/meteo/dev/redist/fwidbmgr/include/Grid.h:1595) Configuring grid: fwi
2017-11-15 04:09:12,763 null [INFO] (/home/meteo/dev/redist/fwidbmgr/include/Grid.h:1695) Grid fwi configured.
2017-11-15 04:09:12,764 null [INFO] (/home/meteo/dev/redist/fwidbmgr/include/Grid.h:1595) Configuring grid: ffmc
2017-11-15 04:09:12,764 null [INFO] (/home/meteo/dev/redist/fwidbmgr/include/Grid.h:1695) Grid ffmc configured.
2017-11-15 04:09:12,765 null [INFO] (/home/meteo/dev/redist/fwidbmgr/include/Grid.h:1595) Configuring grid: dmc
2017-11-15 04:09:12,766 null [INFO] (/home/meteo/dev/redist/fwidbmgr/include/Grid.h:1695) Grid dmc configured.
2017-11-15 04:09:12,767 null [INFO] (/home/meteo/dev/redist/fwidbmgr/include/Grid.h:1595) Configuring grid: dc
2017-11-15 04:09:12,767 null [INFO] (/home/meteo/dev/redist/fwidbmgr/include/Grid.h:1695) Grid dc configured.
2017-11-15 04:09:12,768 null [INFO] (/home/meteo/dev/redist/fwidbmgr/include/Grid.h:1595) Configuring grid: bui
2017-11-15 04:09:12,768 null [INFO] (/home/meteo/dev/redist/fwidbmgr/include/Grid.h:1695) Grid bui configured.
2017-11-15 04:09:12,769 null [INFO] (/home/meteo/dev/redist/fwidbmgr/include/Grid.h:1595) Configuring grid: ffmc_tmp
2017-11-15 04:09:12,769 null [INFO] (/home/meteo/dev/redist/fwidbmgr/include/Grid.h:1695) Grid ffmc_tmp configured.
2017-11-15 04:09:12,771 null [INFO] (/home/meteo/dev/redist/fwidbmgr/include/Grid.h:1595) Configuring grid: dmc_tmp
2017-11-15 04:09:12,771 null [INFO] (/home/meteo/dev/redist/fwidbmgr/include/Grid.h:1695) Grid dmc_tmp configured.
2017-11-15 04:09:12,772 null [INFO] (/home/meteo/dev/redist/fwidbmgr/include/Grid.h:1595) Configuring grid: dc_tmp
2017-11-15 04:09:12,772 null [INFO] (/home/meteo/dev/redist/fwidbmgr/include/Grid.h:1695) Grid dc_tmp configured.
2017-11-15 04:09:12,774 null [INFO] (/home/meteo/dev/redist/fwidbmgr/include/Grid.h:1595) Configuring grid: idi
2017-11-15 04:09:12,774 null [INFO] (/home/meteo/dev/redist/fwidbmgr/include/Grid.h:1695) Grid idi configured.
2017-11-15 04:09:12,775 null [INFO] (/home/meteo/dev/redist/fwidbmgr/include/Grid.h:1595) Configuring grid: angstrom
2017-11-15 04:09:12,775 null [INFO] (/home/meteo/dev/redist/fwidbmgr/include/Grid.h:1695) Grid angstrom configured.
2017-11-15 04:09:12,776 null [INFO] (/home/meteo/dev/redist/fwidbmgr/include/Grid.h:1595) Configuring grid: fmi
2017-11-15 04:09:12,776 null [INFO] (/home/meteo/dev/redist/fwidbmgr/include/Grid.h:1695) Grid fmi configured.
2017-11-15 04:09:12,777 null [INFO] (/home/meteo/dev/redist/fwidbmgr/include/Grid.h:1595) Configuring grid: sharples
2017-11-15 04:09:12,778 null [INFO] (/home/meteo/dev/redist/fwidbmgr/include/Grid.h:1695) Grid sharples configured.
2017-11-15 04:09:21,604 null [INFO] (/home/meteo/dev/redist/fwidbmgr/include/Grid.h:1595) Configuring grid: snow
2017-11-15 04:09:21,604 null [INFO] (/home/meteo/dev/redist/fwidbmgr/include/Grid.h:1695) Grid snow configured.
2017-11-15 04:09:21,604 null [INFO] (/home/meteo/dev/redist/fwidbmgr/include/Grid.h:1595) Configuring grid: snow_covering
2017-11-15 04:09:21,604 null [INFO] (/home/meteo/dev/redist/fwidbmgr/include/Grid.h:1695) Grid snow_covering configured.
2017-11-15 04:09:21,604 null [INFO] (/home/meteo/dev/redist/fwidbmgr/include/Grid.h:1595) Configuring grid: snow_dissolution
2017-11-15 04:09:21,605 null [INFO] (/home/meteo/dev/redist/fwidbmgr/include/Grid.h:1695) Grid snow_dissolution configured.
2017-11-15 04:09:21,605 null [INFO] (/home/meteo/dev/redist/fwidbmgr/include/Grid.h:1595) Configuring grid: temperature
2017-11-15 04:09:21,605 null [INFO] (/home/meteo/dev/redist/fwidbmgr/include/Grid.h:1695) Grid temperature configured.
2017-11-15 04:09:21,605 null [INFO] (/home/meteo/dev/redist/fwidbmgr/include/Grid.h:1595) Configuring grid: humidity
2017-11-15 04:09:21,605 null [INFO] (/home/meteo/dev/redist/fwidbmgr/include/Grid.h:1695) Grid humidity configured.
2017-11-15 04:09:21,605 null [INFO] (/home/meteo/dev/redist/fwidbmgr/include/Grid.h:1595) Configuring grid: windspeed
2017-11-15 04:09:21,605 null [INFO] (/home/meteo/dev/redist/fwidbmgr/include/Grid.h:1695) Grid windspeed configured.
2017-11-15 04:09:21,605 null [INFO] (/home/meteo/dev/redist/fwidbmgr/include/Grid.h:1595) Configuring grid: rain
2017-11-15 04:09:21,605 null [INFO] (/home/meteo/dev/redist/fwidbmgr/include/Grid.h:1695) Grid rain configured.
2017-11-15 04:09:21,606 null [INFO] (/home/meteo/dev/redist/fwidbmgr/include/Grid.h:1595) Configuring grid: cum_rain
2017-11-15 04:09:21,606 null [INFO] (/home/meteo/dev/redist/fwidbmgr/include/Grid.h:1695) Grid cum_rain configured.
2017-11-15 04:11:41,936 null [INFO] (../src/fwidbmgr.cpp:5660) OK --> 20171114 indexes computed.
2017-11-15 04:11:41,942 null [INFO] (../src/fwidbmgr.cpp:5695) action computeidx took about 149 seconds.
2017-11-15 04:11:41,942 null [INFO] (../src/fwidbmgr.cpp:5699) Disconnected from database.
2017-11-15 04:11:42,112 null [INFO] (../src/fwidbmgr.cpp:5361) fwi db manager
2017-11-15 04:11:42,112 null [INFO] (../src/fwidbmgr.cpp:5365) Program home: /home/meteo/dev/redist/fwidbmgr
2017-11-15 04:11:42,112 null [INFO] (../src/fwidbmgr.cpp:5369) Auto convert: 1
2017-11-15 04:11:42,112 null [INFO] (../src/fwidbmgr.cpp:446) action: exportidx.
2017-11-15 04:11:42,112 null [INFO] (../src/fwidbmgr.cpp:470) date: 20171114.
2017-11-15 04:11:42,112 null [INFO] (../src/fwidbmgr.cpp:322) Try to read: /home/meteo/dev/redist/fwidbmgr/config/fwidbmgr.conf.
2017-11-15 04:11:42,135 null [INFO] (../src/fwidbmgr.cpp:5393) Configuration parsing: OK.
2017-11-15 04:11:42,206 null [INFO] (../src/fwidbmgr.cpp:5478) Connected to database
2017-11-15 04:11:42,206 null [INFO] (../src/fwidbmgr.cpp:5480) Manage data for date: 20171114.
2017-11-15 04:11:42,206 null [INFO] (../src/fwidbmgr.cpp:5596) Exporting indexes.
2017-11-15 04:11:42,208 null [INFO] (/home/meteo/dev/redist/fwidbmgr/include/Grid.h:1595) Configuring grid: isi
2017-11-15 04:11:42,208 null [INFO] (/home/meteo/dev/redist/fwidbmgr/include/Grid.h:1695) Grid isi configured.
2017-11-15 04:11:42,209 null [INFO] (/home/meteo/dev/redist/fwidbmgr/include/Grid.h:1595) Configuring grid: fwi
2017-11-15 04:11:42,209 null [INFO] (/home/meteo/dev/redist/fwidbmgr/include/Grid.h:1695) Grid fwi configured.
2017-11-15 04:11:42,211 null [INFO] (/home/meteo/dev/redist/fwidbmgr/include/Grid.h:1595) Configuring grid: ffmc
2017-11-15 04:11:42,211 null [INFO] (/home/meteo/dev/redist/fwidbmgr/include/Grid.h:1695) Grid ffmc configured.
2017-11-15 04:11:42,212 null [INFO] (/home/meteo/dev/redist/fwidbmgr/include/Grid.h:1595) Configuring grid: dmc
2017-11-15 04:11:42,212 null [INFO] (/home/meteo/dev/redist/fwidbmgr/include/Grid.h:1695) Grid dmc configured.
2017-11-15 04:11:42,213 null [INFO] (/home/meteo/dev/redist/fwidbmgr/include/Grid.h:1595) Configuring grid: dc
2017-11-15 04:11:42,213 null [INFO] (/home/meteo/dev/redist/fwidbmgr/include/Grid.h:1695) Grid dc configured.
2017-11-15 04:11:42,215 null [INFO] (/home/meteo/dev/redist/fwidbmgr/include/Grid.h:1595) Configuring grid: bui
2017-11-15 04:11:42,215 null [INFO] (/home/meteo/dev/redist/fwidbmgr/include/Grid.h:1695) Grid bui configured.
2017-11-15 04:11:42,216 null [INFO] (/home/meteo/dev/redist/fwidbmgr/include/Grid.h:1595) Configuring grid: ffmc_tmp
2017-11-15 04:11:42,216 null [INFO] (/home/meteo/dev/redist/fwidbmgr/include/Grid.h:1695) Grid ffmc_tmp configured.
2017-11-15 04:11:42,217 null [INFO] (/home/meteo/dev/redist/fwidbmgr/include/Grid.h:1595) Configuring grid: dmc_tmp
2017-11-15 04:11:42,217 null [INFO] (/home/meteo/dev/redist/fwidbmgr/include/Grid.h:1695) Grid dmc_tmp configured.
2017-11-15 04:11:42,218 null [INFO] (/home/meteo/dev/redist/fwidbmgr/include/Grid.h:1595) Configuring grid: dc_tmp
2017-11-15 04:11:42,219 null [INFO] (/home/meteo/dev/redist/fwidbmgr/include/Grid.h:1695) Grid dc_tmp configured.
2017-11-15 04:11:42,220 null [INFO] (/home/meteo/dev/redist/fwidbmgr/include/Grid.h:1595) Configuring grid: idi
2017-11-15 04:11:42,220 null [INFO] (/home/meteo/dev/redist/fwidbmgr/include/Grid.h:1695) Grid idi configured.
2017-11-15 04:11:42,221 null [INFO] (/home/meteo/dev/redist/fwidbmgr/include/Grid.h:1595) Configuring grid: angstrom
2017-11-15 04:11:42,221 null [INFO] (/home/meteo/dev/redist/fwidbmgr/include/Grid.h:1695) Grid angstrom configured.
2017-11-15 04:11:42,222 null [INFO] (/home/meteo/dev/redist/fwidbmgr/include/Grid.h:1595) Configuring grid: fmi
2017-11-15 04:11:42,222 null [INFO] (/home/meteo/dev/redist/fwidbmgr/include/Grid.h:1695) Grid fmi configured.
2017-11-15 04:11:42,224 null [INFO] (/home/meteo/dev/redist/fwidbmgr/include/Grid.h:1595) Configuring grid: sharples
2017-11-15 04:11:42,224 null [INFO] (/home/meteo/dev/redist/fwidbmgr/include/Grid.h:1695) Grid sharples configured.
2017-11-15 04:11:51,078 null [INFO] (/home/meteo/dev/redist/fwidbmgr/include/Grid.h:1595) Configuring grid: isi
2017-11-15 04:11:51,078 null [INFO] (/home/meteo/dev/redist/fwidbmgr/include/Grid.h:1695) Grid isi configured.
2017-11-15 04:11:51,141 null [INFO] (/home/meteo/dev/redist/fwidbmgr/include/Grid.h:1595) Configuring grid: fwi
2017-11-15 04:11:51,141 null [INFO] (/home/meteo/dev/redist/fwidbmgr/include/Grid.h:1695) Grid fwi configured.
2017-11-15 04:11:51,177 null [INFO] (/home/meteo/dev/redist/fwidbmgr/include/Grid.h:1595) Configuring grid: ffmc
2017-11-15 04:11:51,177 null [INFO] (/home/meteo/dev/redist/fwidbmgr/include/Grid.h:1695) Grid ffmc configured.
2017-11-15 04:11:51,214 null [INFO] (/home/meteo/dev/redist/fwidbmgr/include/Grid.h:1595) Configuring grid: dmc
2017-11-15 04:11:51,214 null [INFO] (/home/meteo/dev/redist/fwidbmgr/include/Grid.h:1695) Grid dmc configured.
2017-11-15 04:11:51,251 null [INFO] (/home/meteo/dev/redist/fwidbmgr/include/Grid.h:1595) Configuring grid: dc
2017-11-15 04:11:51,251 null [INFO] (/home/meteo/dev/redist/fwidbmgr/include/Grid.h:1695) Grid dc configured.
2017-11-15 04:11:51,289 null [INFO] (/home/meteo/dev/redist/fwidbmgr/include/Grid.h:1595) Configuring grid: bui
2017-11-15 04:11:51,289 null [INFO] (/home/meteo/dev/redist/fwidbmgr/include/Grid.h:1695) Grid bui configured.
2017-11-15 04:11:51,326 null [INFO] (/home/meteo/dev/redist/fwidbmgr/include/Grid.h:1595) Configuring grid: ffmc_tmp
2017-11-15 04:11:51,326 null [INFO] (/home/meteo/dev/redist/fwidbmgr/include/Grid.h:1695) Grid ffmc_tmp configured.
2017-11-15 04:11:51,362 null [INFO] (/home/meteo/dev/redist/fwidbmgr/include/Grid.h:1595) Configuring grid: dmc_tmp
2017-11-15 04:11:51,362 null [INFO] (/home/meteo/dev/redist/fwidbmgr/include/Grid.h:1695) Grid dmc_tmp configured.
2017-11-15 04:11:51,395 null [INFO] (/home/meteo/dev/redist/fwidbmgr/include/Grid.h:1595) Configuring grid: dc_tmp
2017-11-15 04:11:51,395 null [INFO] (/home/meteo/dev/redist/fwidbmgr/include/Grid.h:1695) Grid dc_tmp configured.
2017-11-15 04:11:51,430 null [INFO] (/home/meteo/dev/redist/fwidbmgr/include/Grid.h:1595) Configuring grid: angstrom
2017-11-15 04:11:51,430 null [INFO] (/home/meteo/dev/redist/fwidbmgr/include/Grid.h:1695) Grid angstrom configured.
2017-11-15 04:11:51,491 null [INFO] (/home/meteo/dev/redist/fwidbmgr/include/Grid.h:1595) Configuring grid: sharples
2017-11-15 04:11:51,491 null [INFO] (/home/meteo/dev/redist/fwidbmgr/include/Grid.h:1695) Grid sharples configured.
2017-11-15 04:11:51,536 null [INFO] (/home/meteo/dev/redist/fwidbmgr/include/Grid.h:1595) Configuring grid: fmi
2017-11-15 04:11:51,536 null [INFO] (/home/meteo/dev/redist/fwidbmgr/include/Grid.h:1695) Grid fmi configured.
2017-11-15 04:11:51,583 null [INFO] (../src/fwidbmgr.cpp:5600) OK --> 20171114 indexes exported to files.
2017-11-15 04:11:51,583 null [INFO] (../src/fwidbmgr.cpp:5695) action exportidx took about 9 seconds.
2017-11-15 04:11:51,583 null [INFO] (../src/fwidbmgr.cpp:5699) Disconnected from database.
2017-11-15 04:12:19,081 null [INFO] (../src/fwidbmgr.cpp:5361) fwi db manager
2017-11-15 04:12:19,081 null [INFO] (../src/fwidbmgr.cpp:5365) Program home: /home/meteo/dev/redist/fwidbmgr
2017-11-15 04:12:19,081 null [INFO] (../src/fwidbmgr.cpp:5369) Auto convert: 1
2017-11-15 04:12:19,081 null [INFO] (../src/fwidbmgr.cpp:446) action: outimg.
2017-11-15 04:12:19,081 null [INFO] (../src/fwidbmgr.cpp:470) date: 20171114.
2017-11-15 04:12:19,081 null [INFO] (../src/fwidbmgr.cpp:322) Try to read: /home/meteo/dev/redist/fwidbmgr/config/fwidbmgr.conf.
2017-11-15 04:12:19,089 null [INFO] (../src/fwidbmgr.cpp:5393) Configuration parsing: OK.
2017-11-15 04:12:19,091 null [INFO] (../src/fwidbmgr.cpp:5478) Connected to database
2017-11-15 04:12:19,091 null [INFO] (../src/fwidbmgr.cpp:5480) Manage data for date: 20171114.
2017-11-15 04:12:19,092 null [INFO] (../src/fwidbmgr.cpp:5566) Importing fwi indexes images in database.
2017-11-15 04:12:19,770 null [INFO] (../src/fwidbmgr.cpp:5570) OK --> 20171114 images imported.
2017-11-15 04:12:19,770 null [INFO] (../src/fwidbmgr.cpp:5695) action outimg took about 0 seconds.
2017-11-15 04:12:19,771 null [INFO] (../src/fwidbmgr.cpp:5699) Disconnected from database.
2017-11-15 04:37:01,513 null [INFO] (../src/fwidbmgr.cpp:5361) fwi db manager
2017-11-15 04:37:01,514 null [INFO] (../src/fwidbmgr.cpp:5365) Program home: /home/meteo/dev/redist/fwidbmgr
2017-11-15 04:37:01,514 null [INFO] (../src/fwidbmgr.cpp:5369) Auto convert: 1
2017-11-15 04:37:01,514 null [INFO] (../src/fwidbmgr.cpp:446) action: outimg.
2017-11-15 04:37:01,514 null [INFO] (../src/fwidbmgr.cpp:470) date: 20171114.
2017-11-15 04:37:01,514 null [INFO] (../src/fwidbmgr.cpp:322) Try to read: /home/meteo/dev/redist/fwidbmgr/config/fwidbmgr.conf.
2017-11-15 04:37:01,516 null [INFO] (../src/fwidbmgr.cpp:5393) Configuration parsing: OK.
2017-11-15 04:37:01,521 null [INFO] (../src/fwidbmgr.cpp:5478) Connected to database
2017-11-15 04:37:01,521 null [INFO] (../src/fwidbmgr.cpp:5480) Manage data for date: 20171114.
2017-11-15 04:37:01,521 null [INFO] (../src/fwidbmgr.cpp:5566) Importing fwi indexes images in database.
2017-11-15 04:37:01,635 null [INFO] (../src/fwidbmgr.cpp:5570) OK --> 20171114 images imported.
2017-11-15 04:37:01,635 null [INFO] (../src/fwidbmgr.cpp:5695) action outimg took about 0 seconds.
2017-11-15 04:37:01,635 null [INFO] (../src/fwidbmgr.cpp:5699) Disconnected from database.
2017-11-15 05:05:01,775 null [INFO] (../src/fwidbmgr.cpp:5361) fwi db manager
2017-11-15 05:05:01,775 null [INFO] (../src/fwidbmgr.cpp:5365) Program home: /home/meteo/dev/redist/fwidbmgr
2017-11-15 05:05:01,775 null [INFO] (../src/fwidbmgr.cpp:5369) Auto convert: 1
2017-11-15 05:05:01,775 null [INFO] (../src/fwidbmgr.cpp:446) action: outimg.
2017-11-15 05:05:01,775 null [INFO] (../src/fwidbmgr.cpp:470) date: 20171114.
2017-11-15 05:05:01,775 null [INFO] (../src/fwidbmgr.cpp:322) Try to read: /home/meteo/dev/redist/fwidbmgr/config/fwidbmgr.conf.
2017-11-15 05:05:01,777 null [INFO] (../src/fwidbmgr.cpp:5393) Configuration parsing: OK.
2017-11-15 05:05:01,783 null [INFO] (../src/fwidbmgr.cpp:5478) Connected to database
2017-11-15 05:05:01,783 null [INFO] (../src/fwidbmgr.cpp:5480) Manage data for date: 20171114.
2017-11-15 05:05:01,783 null [INFO] (../src/fwidbmgr.cpp:5566) Importing fwi indexes images in database.
2017-11-15 05:05:01,858 null [INFO] (../src/fwidbmgr.cpp:5570) OK --> 20171114 images imported.
2017-11-15 05:05:01,858 null [INFO] (../src/fwidbmgr.cpp:5695) action outimg took about 0 seconds.
2017-11-15 05:05:01,858 null [INFO] (../src/fwidbmgr.cpp:5699) Disconnected from database.
2017-11-15 05:37:01,992 null [INFO] (../src/fwidbmgr.cpp:5361) fwi db manager
2017-11-15 05:37:01,992 null [INFO] (../src/fwidbmgr.cpp:5365) Program home: /home/meteo/dev/redist/fwidbmgr
2017-11-15 05:37:01,992 null [INFO] (../src/fwidbmgr.cpp:5369) Auto convert: 1
2017-11-15 05:37:01,992 null [INFO] (../src/fwidbmgr.cpp:446) action: outimg.
2017-11-15 05:37:01,992 null [INFO] (../src/fwidbmgr.cpp:470) date: 20171114.
2017-11-15 05:37:01,992 null [INFO] (../src/fwidbmgr.cpp:322) Try to read: /home/meteo/dev/redist/fwidbmgr/config/fwidbmgr.conf.
2017-11-15 05:37:01,994 null [INFO] (../src/fwidbmgr.cpp:5393) Configuration parsing: OK.
2017-11-15 05:37:02,000 null [INFO] (../src/fwidbmgr.cpp:5478) Connected to database
2017-11-15 05:37:02,000 null [INFO] (../src/fwidbmgr.cpp:5480) Manage data for date: 20171114.
2017-11-15 05:37:02,000 null [INFO] (../src/fwidbmgr.cpp:5566) Importing fwi indexes images in database.
2017-11-15 05:37:02,092 null [INFO] (../src/fwidbmgr.cpp:5570) OK --> 20171114 images imported.
2017-11-15 05:37:02,092 null [INFO] (../src/fwidbmgr.cpp:5695) action outimg took about 0 seconds.
2017-11-15 05:37:02,092 null [INFO] (../src/fwidbmgr.cpp:5699) Disconnected from database.
2017-11-15 06:05:01,681 null [INFO] (../src/fwidbmgr.cpp:5361) fwi db manager
2017-11-15 06:05:01,681 null [INFO] (../src/fwidbmgr.cpp:5365) Program home: /home/meteo/dev/redist/fwidbmgr
2017-11-15 06:05:01,681 null [INFO] (../src/fwidbmgr.cpp:5369) Auto convert: 1
2017-11-15 06:05:01,681 null [INFO] (../src/fwidbmgr.cpp:446) action: outimg.
2017-11-15 06:05:01,681 null [INFO] (../src/fwidbmgr.cpp:470) date: 20171114.
2017-11-15 06:05:01,681 null [INFO] (../src/fwidbmgr.cpp:322) Try to read: /home/meteo/dev/redist/fwidbmgr/config/fwidbmgr.conf.
2017-11-15 06:05:01,683 null [INFO] (../src/fwidbmgr.cpp:5393) Configuration parsing: OK.
2017-11-15 06:05:01,689 null [INFO] (../src/fwidbmgr.cpp:5478) Connected to database
2017-11-15 06:05:01,689 null [INFO] (../src/fwidbmgr.cpp:5480) Manage data for date: 20171114.
2017-11-15 06:05:01,689 null [INFO] (../src/fwidbmgr.cpp:5566) Importing fwi indexes images in database.
2017-11-15 06:05:01,766 null [INFO] (../src/fwidbmgr.cpp:5570) OK --> 20171114 images imported.
2017-11-15 06:05:01,766 null [INFO] (../src/fwidbmgr.cpp:5695) action outimg took about 0 seconds.
2017-11-15 06:05:01,767 null [INFO] (../src/fwidbmgr.cpp:5699) Disconnected from database.
2017-11-15 06:37:01,897 null [INFO] (../src/fwidbmgr.cpp:5361) fwi db manager
2017-11-15 06:37:01,898 null [INFO] (../src/fwidbmgr.cpp:5365) Program home: /home/meteo/dev/redist/fwidbmgr
2017-11-15 06:37:01,898 null [INFO] (../src/fwidbmgr.cpp:5369) Auto convert: 1
2017-11-15 06:37:01,898 null [INFO] (../src/fwidbmgr.cpp:446) action: outimg.
2017-11-15 06:37:01,898 null [INFO] (../src/fwidbmgr.cpp:470) date: 20171114.
2017-11-15 06:37:01,898 null [INFO] (../src/fwidbmgr.cpp:322) Try to read: /home/meteo/dev/redist/fwidbmgr/config/fwidbmgr.conf.
2017-11-15 06:37:01,900 null [INFO] (../src/fwidbmgr.cpp:5393) Configuration parsing: OK.
2017-11-15 06:37:01,905 null [INFO] (../src/fwidbmgr.cpp:5478) Connected to database
2017-11-15 06:37:01,906 null [INFO] (../src/fwidbmgr.cpp:5480) Manage data for date: 20171114.
2017-11-15 06:37:01,906 null [INFO] (../src/fwidbmgr.cpp:5566) Importing fwi indexes images in database.
2017-11-15 06:37:01,978 null [INFO] (../src/fwidbmgr.cpp:5570) OK --> 20171114 images imported.
2017-11-15 06:37:01,978 null [INFO] (../src/fwidbmgr.cpp:5695) action outimg took about 0 seconds.
2017-11-15 06:37:01,978 null [INFO] (../src/fwidbmgr.cpp:5699) Disconnected from database.
