2017-05-30 05:06:47,311 null [INFO] (../src/fwidbmgr.cpp:5361) fwi db manager
2017-05-30 05:06:47,314 null [INFO] (../src/fwidbmgr.cpp:5365) Program home: /home/meteo/dev/redist/fwidbmgr
2017-05-30 05:06:47,314 null [INFO] (../src/fwidbmgr.cpp:5369) Auto convert: 1
2017-05-30 05:06:47,314 null [INFO] (../src/fwidbmgr.cpp:446) action: in.
2017-05-30 05:06:47,314 null [INFO] (../src/fwidbmgr.cpp:470) date: 20170529.
2017-05-30 05:06:47,314 null [INFO] (../src/fwidbmgr.cpp:322) Try to read: /home/meteo/dev/redist/fwidbmgr/config/fwidbmgr.conf.
2017-05-30 05:06:47,331 null [INFO] (../src/fwidbmgr.cpp:5393) Configuration parsing: OK.
2017-05-30 05:06:47,367 null [INFO] (../src/fwidbmgr.cpp:5478) Connected to database
2017-05-30 05:06:47,367 null [INFO] (../src/fwidbmgr.cpp:5480) Manage data for date: 20170529.
2017-05-30 05:06:47,367 null [INFO] (../src/fwidbmgr.cpp:5536) Importing meteo data in database for day: 20170529.
2017-05-30 05:06:47,380 null [INFO] (/home/meteo/dev/redist/fwidbmgr/include/Grid.h:1595) Configuring grid: snow
2017-05-30 05:06:47,380 null [INFO] (/home/meteo/dev/redist/fwidbmgr/include/Grid.h:1695) Grid snow configured.
2017-05-30 05:06:47,391 null [INFO] (/home/meteo/dev/redist/fwidbmgr/include/Grid.h:1595) Configuring grid: snow_covering
2017-05-30 05:06:47,391 null [INFO] (/home/meteo/dev/redist/fwidbmgr/include/Grid.h:1695) Grid snow_covering configured.
2017-05-30 05:06:47,404 null [INFO] (/home/meteo/dev/redist/fwidbmgr/include/Grid.h:1595) Configuring grid: snow_dissolution
2017-05-30 05:06:47,404 null [INFO] (/home/meteo/dev/redist/fwidbmgr/include/Grid.h:1695) Grid snow_dissolution configured.
2017-05-30 05:06:47,430 null [INFO] (/home/meteo/dev/redist/fwidbmgr/include/Grid.h:1595) Configuring grid: temperature
2017-05-30 05:06:47,430 null [INFO] (/home/meteo/dev/redist/fwidbmgr/include/Grid.h:1695) Grid temperature configured.
2017-05-30 05:06:47,435 null [INFO] (/home/meteo/dev/redist/fwidbmgr/include/Grid.h:1595) Configuring grid: humidity
2017-05-30 05:06:47,435 null [INFO] (/home/meteo/dev/redist/fwidbmgr/include/Grid.h:1695) Grid humidity configured.
2017-05-30 05:06:47,446 null [INFO] (/home/meteo/dev/redist/fwidbmgr/include/Grid.h:1595) Configuring grid: windspeed
2017-05-30 05:06:47,446 null [INFO] (/home/meteo/dev/redist/fwidbmgr/include/Grid.h:1695) Grid windspeed configured.
2017-05-30 05:06:47,467 null [INFO] (/home/meteo/dev/redist/fwidbmgr/include/Grid.h:1595) Configuring grid: rain
2017-05-30 05:06:47,467 null [INFO] (/home/meteo/dev/redist/fwidbmgr/include/Grid.h:1695) Grid rain configured.
2017-05-30 05:06:47,470 null [INFO] (/home/meteo/dev/redist/fwidbmgr/include/Grid.h:1595) Configuring grid: cum_rain
2017-05-30 05:06:47,470 null [INFO] (/home/meteo/dev/redist/fwidbmgr/include/Grid.h:1695) Grid cum_rain configured.
2017-05-30 05:06:53,240 null [INFO] (../src/fwidbmgr.cpp:1518) Storing meteo input ...
2017-05-30 05:07:14,296 null [INFO] (../src/fwidbmgr.cpp:5540) OK --> 20170529 data imported.
2017-05-30 05:07:14,319 null [INFO] (../src/fwidbmgr.cpp:5695) action in took about 27 seconds.
2017-05-30 05:07:14,365 null [INFO] (../src/fwidbmgr.cpp:5699) Disconnected from database.
2017-05-30 05:08:22,379 null [INFO] (../src/fwidbmgr.cpp:5361) fwi db manager
2017-05-30 05:08:22,379 null [INFO] (../src/fwidbmgr.cpp:5365) Program home: /home/meteo/dev/redist/fwidbmgr
2017-05-30 05:08:22,379 null [INFO] (../src/fwidbmgr.cpp:5369) Auto convert: 1
2017-05-30 05:08:22,379 null [INFO] (../src/fwidbmgr.cpp:446) action: out.
2017-05-30 05:08:22,379 null [INFO] (../src/fwidbmgr.cpp:470) date: 20170529.
2017-05-30 05:08:22,379 null [INFO] (../src/fwidbmgr.cpp:322) Try to read: /home/meteo/dev/redist/fwidbmgr/config/fwidbmgr.conf.
2017-05-30 05:08:22,392 null [INFO] (../src/fwidbmgr.cpp:5393) Configuration parsing: OK.
2017-05-30 05:08:22,400 null [INFO] (../src/fwidbmgr.cpp:5478) Connected to database
2017-05-30 05:08:22,400 null [INFO] (../src/fwidbmgr.cpp:5480) Manage data for date: 20170529.
2017-05-30 05:08:22,400 null [INFO] (../src/fwidbmgr.cpp:5551) Importing fwi indexes data in database for day: 20170529.
2017-05-30 05:08:22,408 null [INFO] (/home/meteo/dev/redist/fwidbmgr/include/Grid.h:1595) Configuring grid: isi
2017-05-30 05:08:22,408 null [INFO] (/home/meteo/dev/redist/fwidbmgr/include/Grid.h:1695) Grid isi configured.
2017-05-30 05:08:22,422 null [INFO] (/home/meteo/dev/redist/fwidbmgr/include/Grid.h:1595) Configuring grid: fwi
2017-05-30 05:08:22,423 null [INFO] (/home/meteo/dev/redist/fwidbmgr/include/Grid.h:1695) Grid fwi configured.
2017-05-30 05:08:22,436 null [INFO] (/home/meteo/dev/redist/fwidbmgr/include/Grid.h:1595) Configuring grid: ffmc
2017-05-30 05:08:22,436 null [INFO] (/home/meteo/dev/redist/fwidbmgr/include/Grid.h:1695) Grid ffmc configured.
2017-05-30 05:08:22,450 null [INFO] (/home/meteo/dev/redist/fwidbmgr/include/Grid.h:1595) Configuring grid: dmc
2017-05-30 05:08:22,450 null [INFO] (/home/meteo/dev/redist/fwidbmgr/include/Grid.h:1695) Grid dmc configured.
2017-05-30 05:08:22,464 null [INFO] (/home/meteo/dev/redist/fwidbmgr/include/Grid.h:1595) Configuring grid: dc
2017-05-30 05:08:22,464 null [INFO] (/home/meteo/dev/redist/fwidbmgr/include/Grid.h:1695) Grid dc configured.
2017-05-30 05:08:22,478 null [INFO] (/home/meteo/dev/redist/fwidbmgr/include/Grid.h:1595) Configuring grid: bui
2017-05-30 05:08:22,479 null [INFO] (/home/meteo/dev/redist/fwidbmgr/include/Grid.h:1695) Grid bui configured.
2017-05-30 05:08:22,493 null [INFO] (/home/meteo/dev/redist/fwidbmgr/include/Grid.h:1595) Configuring grid: ffmc_tmp
2017-05-30 05:08:22,493 null [INFO] (/home/meteo/dev/redist/fwidbmgr/include/Grid.h:1695) Grid ffmc_tmp configured.
2017-05-30 05:08:22,514 null [INFO] (/home/meteo/dev/redist/fwidbmgr/include/Grid.h:1595) Configuring grid: dmc_tmp
2017-05-30 05:08:22,514 null [INFO] (/home/meteo/dev/redist/fwidbmgr/include/Grid.h:1695) Grid dmc_tmp configured.
2017-05-30 05:08:22,534 null [INFO] (/home/meteo/dev/redist/fwidbmgr/include/Grid.h:1595) Configuring grid: dc_tmp
2017-05-30 05:08:22,534 null [INFO] (/home/meteo/dev/redist/fwidbmgr/include/Grid.h:1695) Grid dc_tmp configured.
2017-05-30 05:08:22,554 null [INFO] (/home/meteo/dev/redist/fwidbmgr/include/Grid.h:1595) Configuring grid: idi
2017-05-30 05:08:22,555 null [INFO] (/home/meteo/dev/redist/fwidbmgr/include/Grid.h:1695) Grid idi configured.
2017-05-30 05:08:26,533 null [INFO] (../src/fwidbmgr.cpp:2081) Storing FWI indexes ...
2017-05-30 05:08:36,694 null [INFO] (../src/fwidbmgr.cpp:5555) OK --> 20170529 data imported.
2017-05-30 05:08:36,694 null [INFO] (../src/fwidbmgr.cpp:5695) action out took about 14 seconds.
2017-05-30 05:08:36,695 null [INFO] (../src/fwidbmgr.cpp:5699) Disconnected from database.
2017-05-30 05:08:37,091 null [INFO] (../src/fwidbmgr.cpp:5361) fwi db manager
2017-05-30 05:08:37,091 null [INFO] (../src/fwidbmgr.cpp:5365) Program home: /home/meteo/dev/redist/fwidbmgr
2017-05-30 05:08:37,091 null [INFO] (../src/fwidbmgr.cpp:5369) Auto convert: 1
2017-05-30 05:08:37,091 null [INFO] (../src/fwidbmgr.cpp:446) action: computeidx.
2017-05-30 05:08:37,091 null [INFO] (../src/fwidbmgr.cpp:470) date: 20170529.
2017-05-30 05:08:37,091 null [INFO] (../src/fwidbmgr.cpp:322) Try to read: /home/meteo/dev/redist/fwidbmgr/config/fwidbmgr.conf.
2017-05-30 05:08:37,103 null [INFO] (../src/fwidbmgr.cpp:5393) Configuration parsing: OK.
2017-05-30 05:08:37,152 null [INFO] (../src/fwidbmgr.cpp:5478) Connected to database
2017-05-30 05:08:37,152 null [INFO] (../src/fwidbmgr.cpp:5480) Manage data for date: 20170529.
2017-05-30 05:08:37,152 null [INFO] (../src/fwidbmgr.cpp:5656) Computing indexes.
2017-05-30 05:08:37,174 null [INFO] (/home/meteo/dev/redist/fwidbmgr/include/Grid.h:1595) Configuring grid: isi
2017-05-30 05:08:37,174 null [INFO] (/home/meteo/dev/redist/fwidbmgr/include/Grid.h:1695) Grid isi configured.
2017-05-30 05:08:37,176 null [INFO] (/home/meteo/dev/redist/fwidbmgr/include/Grid.h:1595) Configuring grid: fwi
2017-05-30 05:08:37,176 null [INFO] (/home/meteo/dev/redist/fwidbmgr/include/Grid.h:1695) Grid fwi configured.
2017-05-30 05:08:37,177 null [INFO] (/home/meteo/dev/redist/fwidbmgr/include/Grid.h:1595) Configuring grid: ffmc
2017-05-30 05:08:37,177 null [INFO] (/home/meteo/dev/redist/fwidbmgr/include/Grid.h:1695) Grid ffmc configured.
2017-05-30 05:08:37,178 null [INFO] (/home/meteo/dev/redist/fwidbmgr/include/Grid.h:1595) Configuring grid: dmc
2017-05-30 05:08:37,178 null [INFO] (/home/meteo/dev/redist/fwidbmgr/include/Grid.h:1695) Grid dmc configured.
2017-05-30 05:08:37,180 null [INFO] (/home/meteo/dev/redist/fwidbmgr/include/Grid.h:1595) Configuring grid: dc
2017-05-30 05:08:37,180 null [INFO] (/home/meteo/dev/redist/fwidbmgr/include/Grid.h:1695) Grid dc configured.
2017-05-30 05:08:37,181 null [INFO] (/home/meteo/dev/redist/fwidbmgr/include/Grid.h:1595) Configuring grid: bui
2017-05-30 05:08:37,181 null [INFO] (/home/meteo/dev/redist/fwidbmgr/include/Grid.h:1695) Grid bui configured.
2017-05-30 05:08:37,182 null [INFO] (/home/meteo/dev/redist/fwidbmgr/include/Grid.h:1595) Configuring grid: ffmc_tmp
2017-05-30 05:08:37,182 null [INFO] (/home/meteo/dev/redist/fwidbmgr/include/Grid.h:1695) Grid ffmc_tmp configured.
2017-05-30 05:08:37,183 null [INFO] (/home/meteo/dev/redist/fwidbmgr/include/Grid.h:1595) Configuring grid: dmc_tmp
2017-05-30 05:08:37,183 null [INFO] (/home/meteo/dev/redist/fwidbmgr/include/Grid.h:1695) Grid dmc_tmp configured.
2017-05-30 05:08:37,185 null [INFO] (/home/meteo/dev/redist/fwidbmgr/include/Grid.h:1595) Configuring grid: dc_tmp
2017-05-30 05:08:37,185 null [INFO] (/home/meteo/dev/redist/fwidbmgr/include/Grid.h:1695) Grid dc_tmp configured.
2017-05-30 05:08:37,186 null [INFO] (/home/meteo/dev/redist/fwidbmgr/include/Grid.h:1595) Configuring grid: idi
2017-05-30 05:08:37,186 null [INFO] (/home/meteo/dev/redist/fwidbmgr/include/Grid.h:1695) Grid idi configured.
2017-05-30 05:08:37,187 null [INFO] (/home/meteo/dev/redist/fwidbmgr/include/Grid.h:1595) Configuring grid: angstrom
2017-05-30 05:08:37,187 null [INFO] (/home/meteo/dev/redist/fwidbmgr/include/Grid.h:1695) Grid angstrom configured.
2017-05-30 05:08:37,189 null [INFO] (/home/meteo/dev/redist/fwidbmgr/include/Grid.h:1595) Configuring grid: fmi
2017-05-30 05:08:37,189 null [INFO] (/home/meteo/dev/redist/fwidbmgr/include/Grid.h:1695) Grid fmi configured.
2017-05-30 05:08:37,190 null [INFO] (/home/meteo/dev/redist/fwidbmgr/include/Grid.h:1595) Configuring grid: sharples
2017-05-30 05:08:37,190 null [INFO] (/home/meteo/dev/redist/fwidbmgr/include/Grid.h:1695) Grid sharples configured.
2017-05-30 05:08:41,069 null [INFO] (/home/meteo/dev/redist/fwidbmgr/include/Grid.h:1595) Configuring grid: snow
2017-05-30 05:08:41,069 null [INFO] (/home/meteo/dev/redist/fwidbmgr/include/Grid.h:1695) Grid snow configured.
2017-05-30 05:08:41,069 null [INFO] (/home/meteo/dev/redist/fwidbmgr/include/Grid.h:1595) Configuring grid: snow_covering
2017-05-30 05:08:41,069 null [INFO] (/home/meteo/dev/redist/fwidbmgr/include/Grid.h:1695) Grid snow_covering configured.
2017-05-30 05:08:41,069 null [INFO] (/home/meteo/dev/redist/fwidbmgr/include/Grid.h:1595) Configuring grid: snow_dissolution
2017-05-30 05:08:41,069 null [INFO] (/home/meteo/dev/redist/fwidbmgr/include/Grid.h:1695) Grid snow_dissolution configured.
2017-05-30 05:08:41,069 null [INFO] (/home/meteo/dev/redist/fwidbmgr/include/Grid.h:1595) Configuring grid: temperature
2017-05-30 05:08:41,069 null [INFO] (/home/meteo/dev/redist/fwidbmgr/include/Grid.h:1695) Grid temperature configured.
2017-05-30 05:08:41,069 null [INFO] (/home/meteo/dev/redist/fwidbmgr/include/Grid.h:1595) Configuring grid: humidity
2017-05-30 05:08:41,070 null [INFO] (/home/meteo/dev/redist/fwidbmgr/include/Grid.h:1695) Grid humidity configured.
2017-05-30 05:08:41,070 null [INFO] (/home/meteo/dev/redist/fwidbmgr/include/Grid.h:1595) Configuring grid: windspeed
2017-05-30 05:08:41,070 null [INFO] (/home/meteo/dev/redist/fwidbmgr/include/Grid.h:1695) Grid windspeed configured.
2017-05-30 05:08:41,070 null [INFO] (/home/meteo/dev/redist/fwidbmgr/include/Grid.h:1595) Configuring grid: rain
2017-05-30 05:08:41,070 null [INFO] (/home/meteo/dev/redist/fwidbmgr/include/Grid.h:1695) Grid rain configured.
2017-05-30 05:08:41,070 null [INFO] (/home/meteo/dev/redist/fwidbmgr/include/Grid.h:1595) Configuring grid: cum_rain
2017-05-30 05:08:41,070 null [INFO] (/home/meteo/dev/redist/fwidbmgr/include/Grid.h:1695) Grid cum_rain configured.
2017-05-30 05:10:40,465 null [INFO] (../src/fwidbmgr.cpp:5660) OK --> 20170529 indexes computed.
2017-05-30 05:10:40,466 null [INFO] (../src/fwidbmgr.cpp:5695) action computeidx took about 123 seconds.
2017-05-30 05:10:40,466 null [INFO] (../src/fwidbmgr.cpp:5699) Disconnected from database.
2017-05-30 05:10:40,643 null [INFO] (../src/fwidbmgr.cpp:5361) fwi db manager
2017-05-30 05:10:40,643 null [INFO] (../src/fwidbmgr.cpp:5365) Program home: /home/meteo/dev/redist/fwidbmgr
2017-05-30 05:10:40,643 null [INFO] (../src/fwidbmgr.cpp:5369) Auto convert: 1
2017-05-30 05:10:40,643 null [INFO] (../src/fwidbmgr.cpp:446) action: exportidx.
2017-05-30 05:10:40,643 null [INFO] (../src/fwidbmgr.cpp:470) date: 20170529.
2017-05-30 05:10:40,643 null [INFO] (../src/fwidbmgr.cpp:322) Try to read: /home/meteo/dev/redist/fwidbmgr/config/fwidbmgr.conf.
2017-05-30 05:10:40,656 null [INFO] (../src/fwidbmgr.cpp:5393) Configuration parsing: OK.
2017-05-30 05:10:40,679 null [INFO] (../src/fwidbmgr.cpp:5478) Connected to database
2017-05-30 05:10:40,679 null [INFO] (../src/fwidbmgr.cpp:5480) Manage data for date: 20170529.
2017-05-30 05:10:40,679 null [INFO] (../src/fwidbmgr.cpp:5596) Exporting indexes.
2017-05-30 05:10:40,693 null [INFO] (/home/meteo/dev/redist/fwidbmgr/include/Grid.h:1595) Configuring grid: isi
2017-05-30 05:10:40,693 null [INFO] (/home/meteo/dev/redist/fwidbmgr/include/Grid.h:1695) Grid isi configured.
2017-05-30 05:10:40,694 null [INFO] (/home/meteo/dev/redist/fwidbmgr/include/Grid.h:1595) Configuring grid: fwi
2017-05-30 05:10:40,694 null [INFO] (/home/meteo/dev/redist/fwidbmgr/include/Grid.h:1695) Grid fwi configured.
2017-05-30 05:10:40,695 null [INFO] (/home/meteo/dev/redist/fwidbmgr/include/Grid.h:1595) Configuring grid: ffmc
2017-05-30 05:10:40,695 null [INFO] (/home/meteo/dev/redist/fwidbmgr/include/Grid.h:1695) Grid ffmc configured.
2017-05-30 05:10:40,697 null [INFO] (/home/meteo/dev/redist/fwidbmgr/include/Grid.h:1595) Configuring grid: dmc
2017-05-30 05:10:40,697 null [INFO] (/home/meteo/dev/redist/fwidbmgr/include/Grid.h:1695) Grid dmc configured.
2017-05-30 05:10:40,698 null [INFO] (/home/meteo/dev/redist/fwidbmgr/include/Grid.h:1595) Configuring grid: dc
2017-05-30 05:10:40,698 null [INFO] (/home/meteo/dev/redist/fwidbmgr/include/Grid.h:1695) Grid dc configured.
2017-05-30 05:10:40,699 null [INFO] (/home/meteo/dev/redist/fwidbmgr/include/Grid.h:1595) Configuring grid: bui
2017-05-30 05:10:40,699 null [INFO] (/home/meteo/dev/redist/fwidbmgr/include/Grid.h:1695) Grid bui configured.
2017-05-30 05:10:40,701 null [INFO] (/home/meteo/dev/redist/fwidbmgr/include/Grid.h:1595) Configuring grid: ffmc_tmp
2017-05-30 05:10:40,701 null [INFO] (/home/meteo/dev/redist/fwidbmgr/include/Grid.h:1695) Grid ffmc_tmp configured.
2017-05-30 05:10:40,702 null [INFO] (/home/meteo/dev/redist/fwidbmgr/include/Grid.h:1595) Configuring grid: dmc_tmp
2017-05-30 05:10:40,702 null [INFO] (/home/meteo/dev/redist/fwidbmgr/include/Grid.h:1695) Grid dmc_tmp configured.
2017-05-30 05:10:40,703 null [INFO] (/home/meteo/dev/redist/fwidbmgr/include/Grid.h:1595) Configuring grid: dc_tmp
2017-05-30 05:10:40,704 null [INFO] (/home/meteo/dev/redist/fwidbmgr/include/Grid.h:1695) Grid dc_tmp configured.
2017-05-30 05:10:40,705 null [INFO] (/home/meteo/dev/redist/fwidbmgr/include/Grid.h:1595) Configuring grid: idi
2017-05-30 05:10:40,705 null [INFO] (/home/meteo/dev/redist/fwidbmgr/include/Grid.h:1695) Grid idi configured.
2017-05-30 05:10:40,706 null [INFO] (/home/meteo/dev/redist/fwidbmgr/include/Grid.h:1595) Configuring grid: angstrom
2017-05-30 05:10:40,706 null [INFO] (/home/meteo/dev/redist/fwidbmgr/include/Grid.h:1695) Grid angstrom configured.
2017-05-30 05:10:40,707 null [INFO] (/home/meteo/dev/redist/fwidbmgr/include/Grid.h:1595) Configuring grid: fmi
2017-05-30 05:10:40,708 null [INFO] (/home/meteo/dev/redist/fwidbmgr/include/Grid.h:1695) Grid fmi configured.
2017-05-30 05:10:40,709 null [INFO] (/home/meteo/dev/redist/fwidbmgr/include/Grid.h:1595) Configuring grid: sharples
2017-05-30 05:10:40,709 null [INFO] (/home/meteo/dev/redist/fwidbmgr/include/Grid.h:1695) Grid sharples configured.
2017-05-30 05:10:42,983 null [INFO] (/home/meteo/dev/redist/fwidbmgr/include/Grid.h:1595) Configuring grid: isi
2017-05-30 05:10:42,983 null [INFO] (/home/meteo/dev/redist/fwidbmgr/include/Grid.h:1695) Grid isi configured.
2017-05-30 05:10:43,020 null [INFO] (/home/meteo/dev/redist/fwidbmgr/include/Grid.h:1595) Configuring grid: fwi
2017-05-30 05:10:43,020 null [INFO] (/home/meteo/dev/redist/fwidbmgr/include/Grid.h:1695) Grid fwi configured.
2017-05-30 05:10:43,057 null [INFO] (/home/meteo/dev/redist/fwidbmgr/include/Grid.h:1595) Configuring grid: ffmc
2017-05-30 05:10:43,057 null [INFO] (/home/meteo/dev/redist/fwidbmgr/include/Grid.h:1695) Grid ffmc configured.
2017-05-30 05:10:43,097 null [INFO] (/home/meteo/dev/redist/fwidbmgr/include/Grid.h:1595) Configuring grid: dmc
2017-05-30 05:10:43,097 null [INFO] (/home/meteo/dev/redist/fwidbmgr/include/Grid.h:1695) Grid dmc configured.
2017-05-30 05:10:43,135 null [INFO] (/home/meteo/dev/redist/fwidbmgr/include/Grid.h:1595) Configuring grid: dc
2017-05-30 05:10:43,135 null [INFO] (/home/meteo/dev/redist/fwidbmgr/include/Grid.h:1695) Grid dc configured.
2017-05-30 05:10:43,173 null [INFO] (/home/meteo/dev/redist/fwidbmgr/include/Grid.h:1595) Configuring grid: bui
2017-05-30 05:10:43,173 null [INFO] (/home/meteo/dev/redist/fwidbmgr/include/Grid.h:1695) Grid bui configured.
2017-05-30 05:10:43,211 null [INFO] (/home/meteo/dev/redist/fwidbmgr/include/Grid.h:1595) Configuring grid: ffmc_tmp
2017-05-30 05:10:43,211 null [INFO] (/home/meteo/dev/redist/fwidbmgr/include/Grid.h:1695) Grid ffmc_tmp configured.
2017-05-30 05:10:43,272 null [INFO] (/home/meteo/dev/redist/fwidbmgr/include/Grid.h:1595) Configuring grid: dmc_tmp
2017-05-30 05:10:43,272 null [INFO] (/home/meteo/dev/redist/fwidbmgr/include/Grid.h:1695) Grid dmc_tmp configured.
2017-05-30 05:10:43,316 null [INFO] (/home/meteo/dev/redist/fwidbmgr/include/Grid.h:1595) Configuring grid: dc_tmp
2017-05-30 05:10:43,316 null [INFO] (/home/meteo/dev/redist/fwidbmgr/include/Grid.h:1695) Grid dc_tmp configured.
2017-05-30 05:10:43,357 null [INFO] (/home/meteo/dev/redist/fwidbmgr/include/Grid.h:1595) Configuring grid: angstrom
2017-05-30 05:10:43,357 null [INFO] (/home/meteo/dev/redist/fwidbmgr/include/Grid.h:1695) Grid angstrom configured.
2017-05-30 05:10:43,424 null [INFO] (/home/meteo/dev/redist/fwidbmgr/include/Grid.h:1595) Configuring grid: sharples
2017-05-30 05:10:43,424 null [INFO] (/home/meteo/dev/redist/fwidbmgr/include/Grid.h:1695) Grid sharples configured.
2017-05-30 05:10:43,471 null [INFO] (/home/meteo/dev/redist/fwidbmgr/include/Grid.h:1595) Configuring grid: fmi
2017-05-30 05:10:43,471 null [INFO] (/home/meteo/dev/redist/fwidbmgr/include/Grid.h:1695) Grid fmi configured.
2017-05-30 05:10:43,516 null [INFO] (../src/fwidbmgr.cpp:5600) OK --> 20170529 indexes exported to files.
2017-05-30 05:10:43,516 null [INFO] (../src/fwidbmgr.cpp:5695) action exportidx took about 3 seconds.
2017-05-30 05:10:43,516 null [INFO] (../src/fwidbmgr.cpp:5699) Disconnected from database.
2017-05-30 05:11:10,266 null [INFO] (../src/fwidbmgr.cpp:5361) fwi db manager
2017-05-30 05:11:10,266 null [INFO] (../src/fwidbmgr.cpp:5365) Program home: /home/meteo/dev/redist/fwidbmgr
2017-05-30 05:11:10,266 null [INFO] (../src/fwidbmgr.cpp:5369) Auto convert: 1
2017-05-30 05:11:10,267 null [INFO] (../src/fwidbmgr.cpp:446) action: outimg.
2017-05-30 05:11:10,267 null [INFO] (../src/fwidbmgr.cpp:470) date: 20170529.
2017-05-30 05:11:10,267 null [INFO] (../src/fwidbmgr.cpp:322) Try to read: /home/meteo/dev/redist/fwidbmgr/config/fwidbmgr.conf.
2017-05-30 05:11:10,269 null [INFO] (../src/fwidbmgr.cpp:5393) Configuration parsing: OK.
2017-05-30 05:11:10,281 null [INFO] (../src/fwidbmgr.cpp:5478) Connected to database
2017-05-30 05:11:10,281 null [INFO] (../src/fwidbmgr.cpp:5480) Manage data for date: 20170529.
2017-05-30 05:11:10,281 null [INFO] (../src/fwidbmgr.cpp:5566) Importing fwi indexes images in database.
2017-05-30 05:11:10,413 null [INFO] (../src/fwidbmgr.cpp:5570) OK --> 20170529 images imported.
2017-05-30 05:11:10,413 null [INFO] (../src/fwidbmgr.cpp:5695) action outimg took about 0 seconds.
2017-05-30 05:11:10,413 null [INFO] (../src/fwidbmgr.cpp:5699) Disconnected from database.
2017-05-30 05:37:01,335 null [INFO] (../src/fwidbmgr.cpp:5361) fwi db manager
2017-05-30 05:37:01,335 null [INFO] (../src/fwidbmgr.cpp:5365) Program home: /home/meteo/dev/redist/fwidbmgr
2017-05-30 05:37:01,336 null [INFO] (../src/fwidbmgr.cpp:5369) Auto convert: 1
2017-05-30 05:37:01,336 null [INFO] (../src/fwidbmgr.cpp:446) action: outimg.
2017-05-30 05:37:01,336 null [INFO] (../src/fwidbmgr.cpp:470) date: 20170529.
2017-05-30 05:37:01,336 null [INFO] (../src/fwidbmgr.cpp:322) Try to read: /home/meteo/dev/redist/fwidbmgr/config/fwidbmgr.conf.
2017-05-30 05:37:01,337 null [INFO] (../src/fwidbmgr.cpp:5393) Configuration parsing: OK.
2017-05-30 05:37:01,343 null [INFO] (../src/fwidbmgr.cpp:5478) Connected to database
2017-05-30 05:37:01,343 null [INFO] (../src/fwidbmgr.cpp:5480) Manage data for date: 20170529.
2017-05-30 05:37:01,343 null [INFO] (../src/fwidbmgr.cpp:5566) Importing fwi indexes images in database.
2017-05-30 05:37:01,450 null [INFO] (../src/fwidbmgr.cpp:5570) OK --> 20170529 images imported.
2017-05-30 05:37:01,450 null [INFO] (../src/fwidbmgr.cpp:5695) action outimg took about 0 seconds.
2017-05-30 05:37:01,451 null [INFO] (../src/fwidbmgr.cpp:5699) Disconnected from database.
2017-05-30 06:05:01,593 null [INFO] (../src/fwidbmgr.cpp:5361) fwi db manager
2017-05-30 06:05:01,593 null [INFO] (../src/fwidbmgr.cpp:5365) Program home: /home/meteo/dev/redist/fwidbmgr
2017-05-30 06:05:01,593 null [INFO] (../src/fwidbmgr.cpp:5369) Auto convert: 1
2017-05-30 06:05:01,593 null [INFO] (../src/fwidbmgr.cpp:446) action: outimg.
2017-05-30 06:05:01,593 null [INFO] (../src/fwidbmgr.cpp:470) date: 20170529.
2017-05-30 06:05:01,593 null [INFO] (../src/fwidbmgr.cpp:322) Try to read: /home/meteo/dev/redist/fwidbmgr/config/fwidbmgr.conf.
2017-05-30 06:05:01,601 null [INFO] (../src/fwidbmgr.cpp:5393) Configuration parsing: OK.
2017-05-30 06:05:01,605 null [INFO] (../src/fwidbmgr.cpp:5478) Connected to database
2017-05-30 06:05:01,606 null [INFO] (../src/fwidbmgr.cpp:5480) Manage data for date: 20170529.
2017-05-30 06:05:01,606 null [INFO] (../src/fwidbmgr.cpp:5566) Importing fwi indexes images in database.
2017-05-30 06:05:01,673 null [INFO] (../src/fwidbmgr.cpp:5570) OK --> 20170529 images imported.
2017-05-30 06:05:01,673 null [INFO] (../src/fwidbmgr.cpp:5695) action outimg took about 0 seconds.
2017-05-30 06:05:01,674 null [INFO] (../src/fwidbmgr.cpp:5699) Disconnected from database.
2017-05-30 06:37:01,801 null [INFO] (../src/fwidbmgr.cpp:5361) fwi db manager
2017-05-30 06:37:01,801 null [INFO] (../src/fwidbmgr.cpp:5365) Program home: /home/meteo/dev/redist/fwidbmgr
2017-05-30 06:37:01,801 null [INFO] (../src/fwidbmgr.cpp:5369) Auto convert: 1
2017-05-30 06:37:01,801 null [INFO] (../src/fwidbmgr.cpp:446) action: outimg.
2017-05-30 06:37:01,801 null [INFO] (../src/fwidbmgr.cpp:470) date: 20170529.
2017-05-30 06:37:01,801 null [INFO] (../src/fwidbmgr.cpp:322) Try to read: /home/meteo/dev/redist/fwidbmgr/config/fwidbmgr.conf.
2017-05-30 06:37:01,803 null [INFO] (../src/fwidbmgr.cpp:5393) Configuration parsing: OK.
2017-05-30 06:37:01,809 null [INFO] (../src/fwidbmgr.cpp:5478) Connected to database
2017-05-30 06:37:01,809 null [INFO] (../src/fwidbmgr.cpp:5480) Manage data for date: 20170529.
2017-05-30 06:37:01,810 null [INFO] (../src/fwidbmgr.cpp:5566) Importing fwi indexes images in database.
2017-05-30 06:37:01,901 null [INFO] (../src/fwidbmgr.cpp:5570) OK --> 20170529 images imported.
2017-05-30 06:37:01,901 null [INFO] (../src/fwidbmgr.cpp:5695) action outimg took about 0 seconds.
2017-05-30 06:37:01,901 null [INFO] (../src/fwidbmgr.cpp:5699) Disconnected from database.
2017-05-30 07:05:01,461 null [INFO] (../src/fwidbmgr.cpp:5361) fwi db manager
2017-05-30 07:05:01,461 null [INFO] (../src/fwidbmgr.cpp:5365) Program home: /home/meteo/dev/redist/fwidbmgr
2017-05-30 07:05:01,461 null [INFO] (../src/fwidbmgr.cpp:5369) Auto convert: 1
2017-05-30 07:05:01,461 null [INFO] (../src/fwidbmgr.cpp:446) action: outimg.
2017-05-30 07:05:01,461 null [INFO] (../src/fwidbmgr.cpp:470) date: 20170529.
2017-05-30 07:05:01,461 null [INFO] (../src/fwidbmgr.cpp:322) Try to read: /home/meteo/dev/redist/fwidbmgr/config/fwidbmgr.conf.
2017-05-30 07:05:01,463 null [INFO] (../src/fwidbmgr.cpp:5393) Configuration parsing: OK.
2017-05-30 07:05:01,471 null [INFO] (../src/fwidbmgr.cpp:5478) Connected to database
2017-05-30 07:05:01,471 null [INFO] (../src/fwidbmgr.cpp:5480) Manage data for date: 20170529.
2017-05-30 07:05:01,472 null [INFO] (../src/fwidbmgr.cpp:5566) Importing fwi indexes images in database.
2017-05-30 07:05:01,557 null [INFO] (../src/fwidbmgr.cpp:5570) OK --> 20170529 images imported.
2017-05-30 07:05:01,557 null [INFO] (../src/fwidbmgr.cpp:5695) action outimg took about 0 seconds.
2017-05-30 07:05:01,557 null [INFO] (../src/fwidbmgr.cpp:5699) Disconnected from database.
2017-05-30 07:37:01,756 null [INFO] (../src/fwidbmgr.cpp:5361) fwi db manager
2017-05-30 07:37:01,756 null [INFO] (../src/fwidbmgr.cpp:5365) Program home: /home/meteo/dev/redist/fwidbmgr
2017-05-30 07:37:01,756 null [INFO] (../src/fwidbmgr.cpp:5369) Auto convert: 1
2017-05-30 07:37:01,756 null [INFO] (../src/fwidbmgr.cpp:446) action: outimg.
2017-05-30 07:37:01,756 null [INFO] (../src/fwidbmgr.cpp:470) date: 20170529.
2017-05-30 07:37:01,756 null [INFO] (../src/fwidbmgr.cpp:322) Try to read: /home/meteo/dev/redist/fwidbmgr/config/fwidbmgr.conf.
2017-05-30 07:37:01,758 null [INFO] (../src/fwidbmgr.cpp:5393) Configuration parsing: OK.
2017-05-30 07:37:01,775 null [INFO] (../src/fwidbmgr.cpp:5478) Connected to database
2017-05-30 07:37:01,775 null [INFO] (../src/fwidbmgr.cpp:5480) Manage data for date: 20170529.
2017-05-30 07:37:01,775 null [INFO] (../src/fwidbmgr.cpp:5566) Importing fwi indexes images in database.
2017-05-30 07:37:01,889 null [INFO] (../src/fwidbmgr.cpp:5570) OK --> 20170529 images imported.
2017-05-30 07:37:01,890 null [INFO] (../src/fwidbmgr.cpp:5695) action outimg took about 0 seconds.
2017-05-30 07:37:01,890 null [INFO] (../src/fwidbmgr.cpp:5699) Disconnected from database.
