2019-02-07 05:05:57,372 null [INFO] (../src/fwidbmgr.cpp:5361) fwi db manager
2019-02-07 05:05:57,373 null [INFO] (../src/fwidbmgr.cpp:5365) Program home: /home/meteo/dev/redist/fwidbmgr
2019-02-07 05:05:57,373 null [INFO] (../src/fwidbmgr.cpp:5369) Auto convert: 1
2019-02-07 05:05:57,373 null [INFO] (../src/fwidbmgr.cpp:446) action: in.
2019-02-07 05:05:57,373 null [INFO] (../src/fwidbmgr.cpp:470) date: 20190206.
2019-02-07 05:05:57,373 null [INFO] (../src/fwidbmgr.cpp:322) Try to read: /home/meteo/dev/redist/fwidbmgr/config/fwidbmgr.conf.
2019-02-07 05:05:57,374 null [INFO] (../src/fwidbmgr.cpp:5393) Configuration parsing: OK.
2019-02-07 05:05:57,381 null [INFO] (../src/fwidbmgr.cpp:5478) Connected to database
2019-02-07 05:05:57,381 null [INFO] (../src/fwidbmgr.cpp:5480) Manage data for date: 20190206.
2019-02-07 05:05:57,381 null [INFO] (../src/fwidbmgr.cpp:5536) Importing meteo data in database for day: 20190206.
2019-02-07 05:05:57,385 null [INFO] (/home/meteo/dev/redist/fwidbmgr/include/Grid.h:1595) Configuring grid: snow
2019-02-07 05:05:57,385 null [INFO] (/home/meteo/dev/redist/fwidbmgr/include/Grid.h:1695) Grid snow configured.
2019-02-07 05:05:57,395 null [INFO] (/home/meteo/dev/redist/fwidbmgr/include/Grid.h:1595) Configuring grid: snow_covering
2019-02-07 05:05:57,395 null [INFO] (/home/meteo/dev/redist/fwidbmgr/include/Grid.h:1695) Grid snow_covering configured.
2019-02-07 05:05:57,401 null [INFO] (/home/meteo/dev/redist/fwidbmgr/include/Grid.h:1595) Configuring grid: snow_dissolution
2019-02-07 05:05:57,401 null [INFO] (/home/meteo/dev/redist/fwidbmgr/include/Grid.h:1695) Grid snow_dissolution configured.
2019-02-07 05:05:57,417 null [INFO] (/home/meteo/dev/redist/fwidbmgr/include/Grid.h:1595) Configuring grid: temperature
2019-02-07 05:05:57,417 null [INFO] (/home/meteo/dev/redist/fwidbmgr/include/Grid.h:1695) Grid temperature configured.
2019-02-07 05:05:57,420 null [INFO] (/home/meteo/dev/redist/fwidbmgr/include/Grid.h:1595) Configuring grid: humidity
2019-02-07 05:05:57,420 null [INFO] (/home/meteo/dev/redist/fwidbmgr/include/Grid.h:1695) Grid humidity configured.
2019-02-07 05:05:57,427 null [INFO] (/home/meteo/dev/redist/fwidbmgr/include/Grid.h:1595) Configuring grid: windspeed
2019-02-07 05:05:57,427 null [INFO] (/home/meteo/dev/redist/fwidbmgr/include/Grid.h:1695) Grid windspeed configured.
2019-02-07 05:05:57,440 null [INFO] (/home/meteo/dev/redist/fwidbmgr/include/Grid.h:1595) Configuring grid: rain
2019-02-07 05:05:57,440 null [INFO] (/home/meteo/dev/redist/fwidbmgr/include/Grid.h:1695) Grid rain configured.
2019-02-07 05:05:57,442 null [INFO] (/home/meteo/dev/redist/fwidbmgr/include/Grid.h:1595) Configuring grid: cum_rain
2019-02-07 05:05:57,442 null [INFO] (/home/meteo/dev/redist/fwidbmgr/include/Grid.h:1695) Grid cum_rain configured.
2019-02-07 05:05:57,575 null [INFO] (../src/fwidbmgr.cpp:1518) Storing meteo input ...
2019-02-07 05:06:03,476 null [INFO] (../src/fwidbmgr.cpp:5540) OK --> 20190206 data imported.
2019-02-07 05:06:03,477 null [INFO] (../src/fwidbmgr.cpp:5695) action in took about 6 seconds.
2019-02-07 05:06:03,480 null [INFO] (../src/fwidbmgr.cpp:5699) Disconnected from database.
2019-02-07 05:06:49,108 null [INFO] (../src/fwidbmgr.cpp:5361) fwi db manager
2019-02-07 05:06:49,108 null [INFO] (../src/fwidbmgr.cpp:5365) Program home: /home/meteo/dev/redist/fwidbmgr
2019-02-07 05:06:49,108 null [INFO] (../src/fwidbmgr.cpp:5369) Auto convert: 1
2019-02-07 05:06:49,108 null [INFO] (../src/fwidbmgr.cpp:446) action: out.
2019-02-07 05:06:49,108 null [INFO] (../src/fwidbmgr.cpp:470) date: 20190206.
2019-02-07 05:06:49,108 null [INFO] (../src/fwidbmgr.cpp:322) Try to read: /home/meteo/dev/redist/fwidbmgr/config/fwidbmgr.conf.
2019-02-07 05:06:49,109 null [INFO] (../src/fwidbmgr.cpp:5393) Configuration parsing: OK.
2019-02-07 05:06:49,124 null [INFO] (../src/fwidbmgr.cpp:5478) Connected to database
2019-02-07 05:06:49,124 null [INFO] (../src/fwidbmgr.cpp:5480) Manage data for date: 20190206.
2019-02-07 05:06:49,124 null [INFO] (../src/fwidbmgr.cpp:5551) Importing fwi indexes data in database for day: 20190206.
2019-02-07 05:06:49,138 null [INFO] (/home/meteo/dev/redist/fwidbmgr/include/Grid.h:1595) Configuring grid: isi
2019-02-07 05:06:49,138 null [INFO] (/home/meteo/dev/redist/fwidbmgr/include/Grid.h:1695) Grid isi configured.
2019-02-07 05:06:49,151 null [INFO] (/home/meteo/dev/redist/fwidbmgr/include/Grid.h:1595) Configuring grid: fwi
2019-02-07 05:06:49,151 null [INFO] (/home/meteo/dev/redist/fwidbmgr/include/Grid.h:1695) Grid fwi configured.
2019-02-07 05:06:49,159 null [INFO] (/home/meteo/dev/redist/fwidbmgr/include/Grid.h:1595) Configuring grid: ffmc
2019-02-07 05:06:49,159 null [INFO] (/home/meteo/dev/redist/fwidbmgr/include/Grid.h:1695) Grid ffmc configured.
2019-02-07 05:06:49,166 null [INFO] (/home/meteo/dev/redist/fwidbmgr/include/Grid.h:1595) Configuring grid: dmc
2019-02-07 05:06:49,166 null [INFO] (/home/meteo/dev/redist/fwidbmgr/include/Grid.h:1695) Grid dmc configured.
2019-02-07 05:06:49,173 null [INFO] (/home/meteo/dev/redist/fwidbmgr/include/Grid.h:1595) Configuring grid: dc
2019-02-07 05:06:49,173 null [INFO] (/home/meteo/dev/redist/fwidbmgr/include/Grid.h:1695) Grid dc configured.
2019-02-07 05:06:49,180 null [INFO] (/home/meteo/dev/redist/fwidbmgr/include/Grid.h:1595) Configuring grid: bui
2019-02-07 05:06:49,180 null [INFO] (/home/meteo/dev/redist/fwidbmgr/include/Grid.h:1695) Grid bui configured.
2019-02-07 05:06:49,186 null [INFO] (/home/meteo/dev/redist/fwidbmgr/include/Grid.h:1595) Configuring grid: ffmc_tmp
2019-02-07 05:06:49,186 null [INFO] (/home/meteo/dev/redist/fwidbmgr/include/Grid.h:1695) Grid ffmc_tmp configured.
2019-02-07 05:06:49,242 null [INFO] (/home/meteo/dev/redist/fwidbmgr/include/Grid.h:1595) Configuring grid: dmc_tmp
2019-02-07 05:06:49,242 null [INFO] (/home/meteo/dev/redist/fwidbmgr/include/Grid.h:1695) Grid dmc_tmp configured.
2019-02-07 05:06:49,255 null [INFO] (/home/meteo/dev/redist/fwidbmgr/include/Grid.h:1595) Configuring grid: dc_tmp
2019-02-07 05:06:49,255 null [INFO] (/home/meteo/dev/redist/fwidbmgr/include/Grid.h:1695) Grid dc_tmp configured.
2019-02-07 05:06:49,266 null [INFO] (/home/meteo/dev/redist/fwidbmgr/include/Grid.h:1595) Configuring grid: idi
2019-02-07 05:06:49,266 null [INFO] (/home/meteo/dev/redist/fwidbmgr/include/Grid.h:1695) Grid idi configured.
2019-02-07 05:06:49,410 null [INFO] (../src/fwidbmgr.cpp:2081) Storing FWI indexes ...
2019-02-07 05:06:52,618 null [INFO] (../src/fwidbmgr.cpp:5555) OK --> 20190206 data imported.
2019-02-07 05:06:52,618 null [INFO] (../src/fwidbmgr.cpp:5695) action out took about 3 seconds.
2019-02-07 05:06:52,618 null [INFO] (../src/fwidbmgr.cpp:5699) Disconnected from database.
2019-02-07 05:06:52,636 null [INFO] (../src/fwidbmgr.cpp:5361) fwi db manager
2019-02-07 05:06:52,636 null [INFO] (../src/fwidbmgr.cpp:5365) Program home: /home/meteo/dev/redist/fwidbmgr
2019-02-07 05:06:52,636 null [INFO] (../src/fwidbmgr.cpp:5369) Auto convert: 1
2019-02-07 05:06:52,636 null [INFO] (../src/fwidbmgr.cpp:446) action: computeidx.
2019-02-07 05:06:52,636 null [INFO] (../src/fwidbmgr.cpp:470) date: 20190206.
2019-02-07 05:06:52,636 null [INFO] (../src/fwidbmgr.cpp:322) Try to read: /home/meteo/dev/redist/fwidbmgr/config/fwidbmgr.conf.
2019-02-07 05:06:52,637 null [INFO] (../src/fwidbmgr.cpp:5393) Configuration parsing: OK.
2019-02-07 05:06:52,640 null [INFO] (../src/fwidbmgr.cpp:5478) Connected to database
2019-02-07 05:06:52,640 null [INFO] (../src/fwidbmgr.cpp:5480) Manage data for date: 20190206.
2019-02-07 05:06:52,640 null [INFO] (../src/fwidbmgr.cpp:5656) Computing indexes.
2019-02-07 05:06:52,641 null [INFO] (/home/meteo/dev/redist/fwidbmgr/include/Grid.h:1595) Configuring grid: isi
2019-02-07 05:06:52,641 null [INFO] (/home/meteo/dev/redist/fwidbmgr/include/Grid.h:1695) Grid isi configured.
2019-02-07 05:06:52,643 null [INFO] (/home/meteo/dev/redist/fwidbmgr/include/Grid.h:1595) Configuring grid: fwi
2019-02-07 05:06:52,643 null [INFO] (/home/meteo/dev/redist/fwidbmgr/include/Grid.h:1695) Grid fwi configured.
2019-02-07 05:06:52,644 null [INFO] (/home/meteo/dev/redist/fwidbmgr/include/Grid.h:1595) Configuring grid: ffmc
2019-02-07 05:06:52,644 null [INFO] (/home/meteo/dev/redist/fwidbmgr/include/Grid.h:1695) Grid ffmc configured.
2019-02-07 05:06:52,645 null [INFO] (/home/meteo/dev/redist/fwidbmgr/include/Grid.h:1595) Configuring grid: dmc
2019-02-07 05:06:52,645 null [INFO] (/home/meteo/dev/redist/fwidbmgr/include/Grid.h:1695) Grid dmc configured.
2019-02-07 05:06:52,646 null [INFO] (/home/meteo/dev/redist/fwidbmgr/include/Grid.h:1595) Configuring grid: dc
2019-02-07 05:06:52,646 null [INFO] (/home/meteo/dev/redist/fwidbmgr/include/Grid.h:1695) Grid dc configured.
2019-02-07 05:06:52,647 null [INFO] (/home/meteo/dev/redist/fwidbmgr/include/Grid.h:1595) Configuring grid: bui
2019-02-07 05:06:52,647 null [INFO] (/home/meteo/dev/redist/fwidbmgr/include/Grid.h:1695) Grid bui configured.
2019-02-07 05:06:52,648 null [INFO] (/home/meteo/dev/redist/fwidbmgr/include/Grid.h:1595) Configuring grid: ffmc_tmp
2019-02-07 05:06:52,648 null [INFO] (/home/meteo/dev/redist/fwidbmgr/include/Grid.h:1695) Grid ffmc_tmp configured.
2019-02-07 05:06:52,649 null [INFO] (/home/meteo/dev/redist/fwidbmgr/include/Grid.h:1595) Configuring grid: dmc_tmp
2019-02-07 05:06:52,649 null [INFO] (/home/meteo/dev/redist/fwidbmgr/include/Grid.h:1695) Grid dmc_tmp configured.
2019-02-07 05:06:52,650 null [INFO] (/home/meteo/dev/redist/fwidbmgr/include/Grid.h:1595) Configuring grid: dc_tmp
2019-02-07 05:06:52,650 null [INFO] (/home/meteo/dev/redist/fwidbmgr/include/Grid.h:1695) Grid dc_tmp configured.
2019-02-07 05:06:52,651 null [INFO] (/home/meteo/dev/redist/fwidbmgr/include/Grid.h:1595) Configuring grid: idi
2019-02-07 05:06:52,651 null [INFO] (/home/meteo/dev/redist/fwidbmgr/include/Grid.h:1695) Grid idi configured.
2019-02-07 05:06:52,652 null [INFO] (/home/meteo/dev/redist/fwidbmgr/include/Grid.h:1595) Configuring grid: angstrom
2019-02-07 05:06:52,652 null [INFO] (/home/meteo/dev/redist/fwidbmgr/include/Grid.h:1695) Grid angstrom configured.
2019-02-07 05:06:52,653 null [INFO] (/home/meteo/dev/redist/fwidbmgr/include/Grid.h:1595) Configuring grid: fmi
2019-02-07 05:06:52,653 null [INFO] (/home/meteo/dev/redist/fwidbmgr/include/Grid.h:1695) Grid fmi configured.
2019-02-07 05:06:52,654 null [INFO] (/home/meteo/dev/redist/fwidbmgr/include/Grid.h:1595) Configuring grid: sharples
2019-02-07 05:06:52,654 null [INFO] (/home/meteo/dev/redist/fwidbmgr/include/Grid.h:1695) Grid sharples configured.
2019-02-07 05:06:52,971 null [INFO] (/home/meteo/dev/redist/fwidbmgr/include/Grid.h:1595) Configuring grid: snow
2019-02-07 05:06:52,971 null [INFO] (/home/meteo/dev/redist/fwidbmgr/include/Grid.h:1695) Grid snow configured.
2019-02-07 05:06:52,971 null [INFO] (/home/meteo/dev/redist/fwidbmgr/include/Grid.h:1595) Configuring grid: snow_covering
2019-02-07 05:06:52,971 null [INFO] (/home/meteo/dev/redist/fwidbmgr/include/Grid.h:1695) Grid snow_covering configured.
2019-02-07 05:06:52,971 null [INFO] (/home/meteo/dev/redist/fwidbmgr/include/Grid.h:1595) Configuring grid: snow_dissolution
2019-02-07 05:06:52,971 null [INFO] (/home/meteo/dev/redist/fwidbmgr/include/Grid.h:1695) Grid snow_dissolution configured.
2019-02-07 05:06:52,972 null [INFO] (/home/meteo/dev/redist/fwidbmgr/include/Grid.h:1595) Configuring grid: temperature
2019-02-07 05:06:52,972 null [INFO] (/home/meteo/dev/redist/fwidbmgr/include/Grid.h:1695) Grid temperature configured.
2019-02-07 05:06:52,972 null [INFO] (/home/meteo/dev/redist/fwidbmgr/include/Grid.h:1595) Configuring grid: humidity
2019-02-07 05:06:52,972 null [INFO] (/home/meteo/dev/redist/fwidbmgr/include/Grid.h:1695) Grid humidity configured.
2019-02-07 05:06:52,972 null [INFO] (/home/meteo/dev/redist/fwidbmgr/include/Grid.h:1595) Configuring grid: windspeed
2019-02-07 05:06:52,972 null [INFO] (/home/meteo/dev/redist/fwidbmgr/include/Grid.h:1695) Grid windspeed configured.
2019-02-07 05:06:52,972 null [INFO] (/home/meteo/dev/redist/fwidbmgr/include/Grid.h:1595) Configuring grid: rain
2019-02-07 05:06:52,972 null [INFO] (/home/meteo/dev/redist/fwidbmgr/include/Grid.h:1695) Grid rain configured.
2019-02-07 05:06:52,972 null [INFO] (/home/meteo/dev/redist/fwidbmgr/include/Grid.h:1595) Configuring grid: cum_rain
2019-02-07 05:06:52,972 null [INFO] (/home/meteo/dev/redist/fwidbmgr/include/Grid.h:1695) Grid cum_rain configured.
2019-02-07 05:07:45,995 null [INFO] (../src/fwidbmgr.cpp:5660) OK --> 20190206 indexes computed.
2019-02-07 05:07:45,996 null [INFO] (../src/fwidbmgr.cpp:5695) action computeidx took about 53 seconds.
2019-02-07 05:07:45,996 null [INFO] (../src/fwidbmgr.cpp:5699) Disconnected from database.
2019-02-07 05:07:46,032 null [INFO] (../src/fwidbmgr.cpp:5361) fwi db manager
2019-02-07 05:07:46,033 null [INFO] (../src/fwidbmgr.cpp:5365) Program home: /home/meteo/dev/redist/fwidbmgr
2019-02-07 05:07:46,033 null [INFO] (../src/fwidbmgr.cpp:5369) Auto convert: 1
2019-02-07 05:07:46,033 null [INFO] (../src/fwidbmgr.cpp:446) action: exportidx.
2019-02-07 05:07:46,033 null [INFO] (../src/fwidbmgr.cpp:470) date: 20190206.
2019-02-07 05:07:46,033 null [INFO] (../src/fwidbmgr.cpp:322) Try to read: /home/meteo/dev/redist/fwidbmgr/config/fwidbmgr.conf.
2019-02-07 05:07:46,034 null [INFO] (../src/fwidbmgr.cpp:5393) Configuration parsing: OK.
2019-02-07 05:07:46,038 null [INFO] (../src/fwidbmgr.cpp:5478) Connected to database
2019-02-07 05:07:46,038 null [INFO] (../src/fwidbmgr.cpp:5480) Manage data for date: 20190206.
2019-02-07 05:07:46,038 null [INFO] (../src/fwidbmgr.cpp:5596) Exporting indexes.
2019-02-07 05:07:46,042 null [INFO] (/home/meteo/dev/redist/fwidbmgr/include/Grid.h:1595) Configuring grid: isi
2019-02-07 05:07:46,042 null [INFO] (/home/meteo/dev/redist/fwidbmgr/include/Grid.h:1695) Grid isi configured.
2019-02-07 05:07:46,045 null [INFO] (/home/meteo/dev/redist/fwidbmgr/include/Grid.h:1595) Configuring grid: fwi
2019-02-07 05:07:46,045 null [INFO] (/home/meteo/dev/redist/fwidbmgr/include/Grid.h:1695) Grid fwi configured.
2019-02-07 05:07:46,047 null [INFO] (/home/meteo/dev/redist/fwidbmgr/include/Grid.h:1595) Configuring grid: ffmc
2019-02-07 05:07:46,048 null [INFO] (/home/meteo/dev/redist/fwidbmgr/include/Grid.h:1695) Grid ffmc configured.
2019-02-07 05:07:46,050 null [INFO] (/home/meteo/dev/redist/fwidbmgr/include/Grid.h:1595) Configuring grid: dmc
2019-02-07 05:07:46,050 null [INFO] (/home/meteo/dev/redist/fwidbmgr/include/Grid.h:1695) Grid dmc configured.
2019-02-07 05:07:46,052 null [INFO] (/home/meteo/dev/redist/fwidbmgr/include/Grid.h:1595) Configuring grid: dc
2019-02-07 05:07:46,053 null [INFO] (/home/meteo/dev/redist/fwidbmgr/include/Grid.h:1695) Grid dc configured.
2019-02-07 05:07:46,053 null [INFO] (/home/meteo/dev/redist/fwidbmgr/include/Grid.h:1595) Configuring grid: bui
2019-02-07 05:07:46,053 null [INFO] (/home/meteo/dev/redist/fwidbmgr/include/Grid.h:1695) Grid bui configured.
2019-02-07 05:07:46,054 null [INFO] (/home/meteo/dev/redist/fwidbmgr/include/Grid.h:1595) Configuring grid: ffmc_tmp
2019-02-07 05:07:46,054 null [INFO] (/home/meteo/dev/redist/fwidbmgr/include/Grid.h:1695) Grid ffmc_tmp configured.
2019-02-07 05:07:46,055 null [INFO] (/home/meteo/dev/redist/fwidbmgr/include/Grid.h:1595) Configuring grid: dmc_tmp
2019-02-07 05:07:46,055 null [INFO] (/home/meteo/dev/redist/fwidbmgr/include/Grid.h:1695) Grid dmc_tmp configured.
2019-02-07 05:07:46,056 null [INFO] (/home/meteo/dev/redist/fwidbmgr/include/Grid.h:1595) Configuring grid: dc_tmp
2019-02-07 05:07:46,056 null [INFO] (/home/meteo/dev/redist/fwidbmgr/include/Grid.h:1695) Grid dc_tmp configured.
2019-02-07 05:07:46,057 null [INFO] (/home/meteo/dev/redist/fwidbmgr/include/Grid.h:1595) Configuring grid: idi
2019-02-07 05:07:46,057 null [INFO] (/home/meteo/dev/redist/fwidbmgr/include/Grid.h:1695) Grid idi configured.
2019-02-07 05:07:46,058 null [INFO] (/home/meteo/dev/redist/fwidbmgr/include/Grid.h:1595) Configuring grid: angstrom
2019-02-07 05:07:46,058 null [INFO] (/home/meteo/dev/redist/fwidbmgr/include/Grid.h:1695) Grid angstrom configured.
2019-02-07 05:07:46,059 null [INFO] (/home/meteo/dev/redist/fwidbmgr/include/Grid.h:1595) Configuring grid: fmi
2019-02-07 05:07:46,059 null [INFO] (/home/meteo/dev/redist/fwidbmgr/include/Grid.h:1695) Grid fmi configured.
2019-02-07 05:07:46,060 null [INFO] (/home/meteo/dev/redist/fwidbmgr/include/Grid.h:1595) Configuring grid: sharples
2019-02-07 05:07:46,060 null [INFO] (/home/meteo/dev/redist/fwidbmgr/include/Grid.h:1695) Grid sharples configured.
2019-02-07 05:07:46,398 null [INFO] (/home/meteo/dev/redist/fwidbmgr/include/Grid.h:1595) Configuring grid: isi
2019-02-07 05:07:46,398 null [INFO] (/home/meteo/dev/redist/fwidbmgr/include/Grid.h:1695) Grid isi configured.
2019-02-07 05:07:46,418 null [INFO] (/home/meteo/dev/redist/fwidbmgr/include/Grid.h:1595) Configuring grid: fwi
2019-02-07 05:07:46,418 null [INFO] (/home/meteo/dev/redist/fwidbmgr/include/Grid.h:1695) Grid fwi configured.
2019-02-07 05:07:46,437 null [INFO] (/home/meteo/dev/redist/fwidbmgr/include/Grid.h:1595) Configuring grid: ffmc
2019-02-07 05:07:46,437 null [INFO] (/home/meteo/dev/redist/fwidbmgr/include/Grid.h:1695) Grid ffmc configured.
2019-02-07 05:07:46,458 null [INFO] (/home/meteo/dev/redist/fwidbmgr/include/Grid.h:1595) Configuring grid: dmc
2019-02-07 05:07:46,458 null [INFO] (/home/meteo/dev/redist/fwidbmgr/include/Grid.h:1695) Grid dmc configured.
2019-02-07 05:07:46,477 null [INFO] (/home/meteo/dev/redist/fwidbmgr/include/Grid.h:1595) Configuring grid: dc
2019-02-07 05:07:46,477 null [INFO] (/home/meteo/dev/redist/fwidbmgr/include/Grid.h:1695) Grid dc configured.
2019-02-07 05:07:46,498 null [INFO] (/home/meteo/dev/redist/fwidbmgr/include/Grid.h:1595) Configuring grid: bui
2019-02-07 05:07:46,498 null [INFO] (/home/meteo/dev/redist/fwidbmgr/include/Grid.h:1695) Grid bui configured.
2019-02-07 05:07:46,518 null [INFO] (/home/meteo/dev/redist/fwidbmgr/include/Grid.h:1595) Configuring grid: ffmc_tmp
2019-02-07 05:07:46,518 null [INFO] (/home/meteo/dev/redist/fwidbmgr/include/Grid.h:1695) Grid ffmc_tmp configured.
2019-02-07 05:07:46,538 null [INFO] (/home/meteo/dev/redist/fwidbmgr/include/Grid.h:1595) Configuring grid: dmc_tmp
2019-02-07 05:07:46,538 null [INFO] (/home/meteo/dev/redist/fwidbmgr/include/Grid.h:1695) Grid dmc_tmp configured.
2019-02-07 05:07:46,556 null [INFO] (/home/meteo/dev/redist/fwidbmgr/include/Grid.h:1595) Configuring grid: dc_tmp
2019-02-07 05:07:46,556 null [INFO] (/home/meteo/dev/redist/fwidbmgr/include/Grid.h:1695) Grid dc_tmp configured.
2019-02-07 05:07:46,576 null [INFO] (/home/meteo/dev/redist/fwidbmgr/include/Grid.h:1595) Configuring grid: angstrom
2019-02-07 05:07:46,576 null [INFO] (/home/meteo/dev/redist/fwidbmgr/include/Grid.h:1695) Grid angstrom configured.
2019-02-07 05:07:46,627 null [INFO] (/home/meteo/dev/redist/fwidbmgr/include/Grid.h:1595) Configuring grid: sharples
2019-02-07 05:07:46,628 null [INFO] (/home/meteo/dev/redist/fwidbmgr/include/Grid.h:1695) Grid sharples configured.
2019-02-07 05:07:46,655 null [INFO] (/home/meteo/dev/redist/fwidbmgr/include/Grid.h:1595) Configuring grid: fmi
2019-02-07 05:07:46,655 null [INFO] (/home/meteo/dev/redist/fwidbmgr/include/Grid.h:1695) Grid fmi configured.
2019-02-07 05:07:46,688 null [INFO] (../src/fwidbmgr.cpp:5600) OK --> 20190206 indexes exported to files.
2019-02-07 05:07:46,688 null [INFO] (../src/fwidbmgr.cpp:5695) action exportidx took about 0 seconds.
2019-02-07 05:07:46,688 null [INFO] (../src/fwidbmgr.cpp:5699) Disconnected from database.
2019-02-07 05:08:02,664 null [INFO] (../src/fwidbmgr.cpp:5361) fwi db manager
2019-02-07 05:08:02,664 null [INFO] (../src/fwidbmgr.cpp:5365) Program home: /home/meteo/dev/redist/fwidbmgr
2019-02-07 05:08:02,664 null [INFO] (../src/fwidbmgr.cpp:5369) Auto convert: 1
2019-02-07 05:08:02,664 null [INFO] (../src/fwidbmgr.cpp:446) action: outimg.
2019-02-07 05:08:02,664 null [INFO] (../src/fwidbmgr.cpp:470) date: 20190206.
2019-02-07 05:08:02,664 null [INFO] (../src/fwidbmgr.cpp:322) Try to read: /home/meteo/dev/redist/fwidbmgr/config/fwidbmgr.conf.
2019-02-07 05:08:02,665 null [INFO] (../src/fwidbmgr.cpp:5393) Configuration parsing: OK.
2019-02-07 05:08:02,670 null [INFO] (../src/fwidbmgr.cpp:5478) Connected to database
2019-02-07 05:08:02,670 null [INFO] (../src/fwidbmgr.cpp:5480) Manage data for date: 20190206.
2019-02-07 05:08:02,670 null [INFO] (../src/fwidbmgr.cpp:5566) Importing fwi indexes images in database.
2019-02-07 05:08:02,756 null [INFO] (../src/fwidbmgr.cpp:5570) OK --> 20190206 images imported.
2019-02-07 05:08:02,756 null [INFO] (../src/fwidbmgr.cpp:5695) action outimg took about 0 seconds.
2019-02-07 05:08:02,756 null [INFO] (../src/fwidbmgr.cpp:5699) Disconnected from database.
2019-02-07 05:37:01,564 null [INFO] (../src/fwidbmgr.cpp:5361) fwi db manager
2019-02-07 05:37:01,564 null [INFO] (../src/fwidbmgr.cpp:5365) Program home: /home/meteo/dev/redist/fwidbmgr
2019-02-07 05:37:01,564 null [INFO] (../src/fwidbmgr.cpp:5369) Auto convert: 1
2019-02-07 05:37:01,564 null [INFO] (../src/fwidbmgr.cpp:446) action: outimg.
2019-02-07 05:37:01,564 null [INFO] (../src/fwidbmgr.cpp:470) date: 20190206.
2019-02-07 05:37:01,564 null [INFO] (../src/fwidbmgr.cpp:322) Try to read: /home/meteo/dev/redist/fwidbmgr/config/fwidbmgr.conf.
2019-02-07 05:37:01,565 null [INFO] (../src/fwidbmgr.cpp:5393) Configuration parsing: OK.
2019-02-07 05:37:01,570 null [INFO] (../src/fwidbmgr.cpp:5478) Connected to database
2019-02-07 05:37:01,571 null [INFO] (../src/fwidbmgr.cpp:5480) Manage data for date: 20190206.
2019-02-07 05:37:01,571 null [INFO] (../src/fwidbmgr.cpp:5566) Importing fwi indexes images in database.
2019-02-07 05:37:01,653 null [INFO] (../src/fwidbmgr.cpp:5570) OK --> 20190206 images imported.
2019-02-07 05:37:01,653 null [INFO] (../src/fwidbmgr.cpp:5695) action outimg took about 0 seconds.
2019-02-07 05:37:01,654 null [INFO] (../src/fwidbmgr.cpp:5699) Disconnected from database.
2019-02-07 06:05:01,828 null [INFO] (../src/fwidbmgr.cpp:5361) fwi db manager
2019-02-07 06:05:01,829 null [INFO] (../src/fwidbmgr.cpp:5365) Program home: /home/meteo/dev/redist/fwidbmgr
2019-02-07 06:05:01,829 null [INFO] (../src/fwidbmgr.cpp:5369) Auto convert: 1
2019-02-07 06:05:01,829 null [INFO] (../src/fwidbmgr.cpp:446) action: outimg.
2019-02-07 06:05:01,829 null [INFO] (../src/fwidbmgr.cpp:470) date: 20190206.
2019-02-07 06:05:01,829 null [INFO] (../src/fwidbmgr.cpp:322) Try to read: /home/meteo/dev/redist/fwidbmgr/config/fwidbmgr.conf.
2019-02-07 06:05:01,830 null [INFO] (../src/fwidbmgr.cpp:5393) Configuration parsing: OK.
2019-02-07 06:05:01,846 null [INFO] (../src/fwidbmgr.cpp:5478) Connected to database
2019-02-07 06:05:01,846 null [INFO] (../src/fwidbmgr.cpp:5480) Manage data for date: 20190206.
2019-02-07 06:05:01,846 null [INFO] (../src/fwidbmgr.cpp:5566) Importing fwi indexes images in database.
2019-02-07 06:05:01,918 null [INFO] (../src/fwidbmgr.cpp:5570) OK --> 20190206 images imported.
2019-02-07 06:05:01,918 null [INFO] (../src/fwidbmgr.cpp:5695) action outimg took about 0 seconds.
2019-02-07 06:05:01,918 null [INFO] (../src/fwidbmgr.cpp:5699) Disconnected from database.
2019-02-07 06:37:01,051 null [INFO] (../src/fwidbmgr.cpp:5361) fwi db manager
2019-02-07 06:37:01,051 null [INFO] (../src/fwidbmgr.cpp:5365) Program home: /home/meteo/dev/redist/fwidbmgr
2019-02-07 06:37:01,051 null [INFO] (../src/fwidbmgr.cpp:5369) Auto convert: 1
2019-02-07 06:37:01,051 null [INFO] (../src/fwidbmgr.cpp:446) action: outimg.
2019-02-07 06:37:01,051 null [INFO] (../src/fwidbmgr.cpp:470) date: 20190206.
2019-02-07 06:37:01,051 null [INFO] (../src/fwidbmgr.cpp:322) Try to read: /home/meteo/dev/redist/fwidbmgr/config/fwidbmgr.conf.
2019-02-07 06:37:01,052 null [INFO] (../src/fwidbmgr.cpp:5393) Configuration parsing: OK.
2019-02-07 06:37:01,058 null [INFO] (../src/fwidbmgr.cpp:5478) Connected to database
2019-02-07 06:37:01,058 null [INFO] (../src/fwidbmgr.cpp:5480) Manage data for date: 20190206.
2019-02-07 06:37:01,059 null [INFO] (../src/fwidbmgr.cpp:5566) Importing fwi indexes images in database.
2019-02-07 06:37:01,132 null [INFO] (../src/fwidbmgr.cpp:5570) OK --> 20190206 images imported.
2019-02-07 06:37:01,132 null [INFO] (../src/fwidbmgr.cpp:5695) action outimg took about 0 seconds.
2019-02-07 06:37:01,132 null [INFO] (../src/fwidbmgr.cpp:5699) Disconnected from database.
2019-02-07 07:05:01,088 null [INFO] (../src/fwidbmgr.cpp:5361) fwi db manager
2019-02-07 07:05:01,088 null [INFO] (../src/fwidbmgr.cpp:5365) Program home: /home/meteo/dev/redist/fwidbmgr
2019-02-07 07:05:01,088 null [INFO] (../src/fwidbmgr.cpp:5369) Auto convert: 1
2019-02-07 07:05:01,088 null [INFO] (../src/fwidbmgr.cpp:446) action: outimg.
2019-02-07 07:05:01,088 null [INFO] (../src/fwidbmgr.cpp:470) date: 20190206.
2019-02-07 07:05:01,088 null [INFO] (../src/fwidbmgr.cpp:322) Try to read: /home/meteo/dev/redist/fwidbmgr/config/fwidbmgr.conf.
2019-02-07 07:05:01,094 null [INFO] (../src/fwidbmgr.cpp:5393) Configuration parsing: OK.
2019-02-07 07:05:01,100 null [INFO] (../src/fwidbmgr.cpp:5478) Connected to database
2019-02-07 07:05:01,101 null [INFO] (../src/fwidbmgr.cpp:5480) Manage data for date: 20190206.
2019-02-07 07:05:01,101 null [INFO] (../src/fwidbmgr.cpp:5566) Importing fwi indexes images in database.
2019-02-07 07:05:01,168 null [INFO] (../src/fwidbmgr.cpp:5570) OK --> 20190206 images imported.
2019-02-07 07:05:01,168 null [INFO] (../src/fwidbmgr.cpp:5695) action outimg took about 0 seconds.
2019-02-07 07:05:01,168 null [INFO] (../src/fwidbmgr.cpp:5699) Disconnected from database.
2019-02-07 07:37:01,307 null [INFO] (../src/fwidbmgr.cpp:5361) fwi db manager
2019-02-07 07:37:01,307 null [INFO] (../src/fwidbmgr.cpp:5365) Program home: /home/meteo/dev/redist/fwidbmgr
2019-02-07 07:37:01,307 null [INFO] (../src/fwidbmgr.cpp:5369) Auto convert: 1
2019-02-07 07:37:01,307 null [INFO] (../src/fwidbmgr.cpp:446) action: outimg.
2019-02-07 07:37:01,307 null [INFO] (../src/fwidbmgr.cpp:470) date: 20190206.
2019-02-07 07:37:01,307 null [INFO] (../src/fwidbmgr.cpp:322) Try to read: /home/meteo/dev/redist/fwidbmgr/config/fwidbmgr.conf.
2019-02-07 07:37:01,308 null [INFO] (../src/fwidbmgr.cpp:5393) Configuration parsing: OK.
2019-02-07 07:37:01,313 null [INFO] (../src/fwidbmgr.cpp:5478) Connected to database
2019-02-07 07:37:01,313 null [INFO] (../src/fwidbmgr.cpp:5480) Manage data for date: 20190206.
2019-02-07 07:37:01,313 null [INFO] (../src/fwidbmgr.cpp:5566) Importing fwi indexes images in database.
2019-02-07 07:37:01,399 null [INFO] (../src/fwidbmgr.cpp:5570) OK --> 20190206 images imported.
2019-02-07 07:37:01,399 null [INFO] (../src/fwidbmgr.cpp:5695) action outimg took about 0 seconds.
2019-02-07 07:37:01,399 null [INFO] (../src/fwidbmgr.cpp:5699) Disconnected from database.
