2019-06-24 05:05:03,490 null [INFO] (../src/fwidbmgr.cpp:5361) fwi db manager
2019-06-24 05:05:03,490 null [INFO] (../src/fwidbmgr.cpp:5365) Program home: /home/meteo/dev/redist/fwidbmgr
2019-06-24 05:05:03,490 null [INFO] (../src/fwidbmgr.cpp:5369) Auto convert: 1
2019-06-24 05:05:03,490 null [INFO] (../src/fwidbmgr.cpp:446) action: in.
2019-06-24 05:05:03,490 null [INFO] (../src/fwidbmgr.cpp:470) date: 20190623.
2019-06-24 05:05:03,490 null [INFO] (../src/fwidbmgr.cpp:322) Try to read: /home/meteo/dev/redist/fwidbmgr/config/fwidbmgr.conf.
2019-06-24 05:05:03,493 null [INFO] (../src/fwidbmgr.cpp:5393) Configuration parsing: OK.
2019-06-24 05:05:03,497 null [INFO] (../src/fwidbmgr.cpp:5478) Connected to database
2019-06-24 05:05:03,497 null [INFO] (../src/fwidbmgr.cpp:5480) Manage data for date: 20190623.
2019-06-24 05:05:03,497 null [INFO] (../src/fwidbmgr.cpp:5536) Importing meteo data in database for day: 20190623.
2019-06-24 05:05:03,501 null [INFO] (/home/meteo/dev/redist/fwidbmgr/include/Grid.h:1595) Configuring grid: snow
2019-06-24 05:05:03,501 null [INFO] (/home/meteo/dev/redist/fwidbmgr/include/Grid.h:1695) Grid snow configured.
2019-06-24 05:05:03,514 null [INFO] (/home/meteo/dev/redist/fwidbmgr/include/Grid.h:1595) Configuring grid: snow_covering
2019-06-24 05:05:03,514 null [INFO] (/home/meteo/dev/redist/fwidbmgr/include/Grid.h:1695) Grid snow_covering configured.
2019-06-24 05:05:03,521 null [INFO] (/home/meteo/dev/redist/fwidbmgr/include/Grid.h:1595) Configuring grid: snow_dissolution
2019-06-24 05:05:03,521 null [INFO] (/home/meteo/dev/redist/fwidbmgr/include/Grid.h:1695) Grid snow_dissolution configured.
2019-06-24 05:05:03,535 null [INFO] (/home/meteo/dev/redist/fwidbmgr/include/Grid.h:1595) Configuring grid: temperature
2019-06-24 05:05:03,536 null [INFO] (/home/meteo/dev/redist/fwidbmgr/include/Grid.h:1695) Grid temperature configured.
2019-06-24 05:05:03,537 null [INFO] (/home/meteo/dev/redist/fwidbmgr/include/Grid.h:1595) Configuring grid: humidity
2019-06-24 05:05:03,537 null [INFO] (/home/meteo/dev/redist/fwidbmgr/include/Grid.h:1695) Grid humidity configured.
2019-06-24 05:05:03,540 null [INFO] (/home/meteo/dev/redist/fwidbmgr/include/Grid.h:1595) Configuring grid: windspeed
2019-06-24 05:05:03,540 null [INFO] (/home/meteo/dev/redist/fwidbmgr/include/Grid.h:1695) Grid windspeed configured.
2019-06-24 05:05:03,545 null [INFO] (/home/meteo/dev/redist/fwidbmgr/include/Grid.h:1595) Configuring grid: rain
2019-06-24 05:05:03,545 null [INFO] (/home/meteo/dev/redist/fwidbmgr/include/Grid.h:1695) Grid rain configured.
2019-06-24 05:05:03,547 null [INFO] (/home/meteo/dev/redist/fwidbmgr/include/Grid.h:1595) Configuring grid: cum_rain
2019-06-24 05:05:03,548 null [INFO] (/home/meteo/dev/redist/fwidbmgr/include/Grid.h:1695) Grid cum_rain configured.
2019-06-24 05:05:09,326 null [INFO] (../src/fwidbmgr.cpp:1518) Storing meteo input ...
2019-06-24 05:05:20,423 null [INFO] (../src/fwidbmgr.cpp:5540) OK --> 20190623 data imported.
2019-06-24 05:05:20,430 null [INFO] (../src/fwidbmgr.cpp:5695) action in took about 17 seconds.
2019-06-24 05:05:20,444 null [INFO] (../src/fwidbmgr.cpp:5699) Disconnected from database.
2019-06-24 05:05:58,296 null [INFO] (../src/fwidbmgr.cpp:5361) fwi db manager
2019-06-24 05:05:58,296 null [INFO] (../src/fwidbmgr.cpp:5365) Program home: /home/meteo/dev/redist/fwidbmgr
2019-06-24 05:05:58,296 null [INFO] (../src/fwidbmgr.cpp:5369) Auto convert: 1
2019-06-24 05:05:58,297 null [INFO] (../src/fwidbmgr.cpp:446) action: out.
2019-06-24 05:05:58,297 null [INFO] (../src/fwidbmgr.cpp:470) date: 20190623.
2019-06-24 05:05:58,297 null [INFO] (../src/fwidbmgr.cpp:322) Try to read: /home/meteo/dev/redist/fwidbmgr/config/fwidbmgr.conf.
2019-06-24 05:05:58,298 null [INFO] (../src/fwidbmgr.cpp:5393) Configuration parsing: OK.
2019-06-24 05:05:58,306 null [INFO] (../src/fwidbmgr.cpp:5478) Connected to database
2019-06-24 05:05:58,306 null [INFO] (../src/fwidbmgr.cpp:5480) Manage data for date: 20190623.
2019-06-24 05:05:58,306 null [INFO] (../src/fwidbmgr.cpp:5551) Importing fwi indexes data in database for day: 20190623.
2019-06-24 05:05:58,316 null [INFO] (/home/meteo/dev/redist/fwidbmgr/include/Grid.h:1595) Configuring grid: isi
2019-06-24 05:05:58,316 null [INFO] (/home/meteo/dev/redist/fwidbmgr/include/Grid.h:1695) Grid isi configured.
2019-06-24 05:05:58,327 null [INFO] (/home/meteo/dev/redist/fwidbmgr/include/Grid.h:1595) Configuring grid: fwi
2019-06-24 05:05:58,327 null [INFO] (/home/meteo/dev/redist/fwidbmgr/include/Grid.h:1695) Grid fwi configured.
2019-06-24 05:05:58,334 null [INFO] (/home/meteo/dev/redist/fwidbmgr/include/Grid.h:1595) Configuring grid: ffmc
2019-06-24 05:05:58,334 null [INFO] (/home/meteo/dev/redist/fwidbmgr/include/Grid.h:1695) Grid ffmc configured.
2019-06-24 05:05:58,341 null [INFO] (/home/meteo/dev/redist/fwidbmgr/include/Grid.h:1595) Configuring grid: dmc
2019-06-24 05:05:58,341 null [INFO] (/home/meteo/dev/redist/fwidbmgr/include/Grid.h:1695) Grid dmc configured.
2019-06-24 05:05:58,348 null [INFO] (/home/meteo/dev/redist/fwidbmgr/include/Grid.h:1595) Configuring grid: dc
2019-06-24 05:05:58,349 null [INFO] (/home/meteo/dev/redist/fwidbmgr/include/Grid.h:1695) Grid dc configured.
2019-06-24 05:05:58,356 null [INFO] (/home/meteo/dev/redist/fwidbmgr/include/Grid.h:1595) Configuring grid: bui
2019-06-24 05:05:58,356 null [INFO] (/home/meteo/dev/redist/fwidbmgr/include/Grid.h:1695) Grid bui configured.
2019-06-24 05:05:58,365 null [INFO] (/home/meteo/dev/redist/fwidbmgr/include/Grid.h:1595) Configuring grid: ffmc_tmp
2019-06-24 05:05:58,365 null [INFO] (/home/meteo/dev/redist/fwidbmgr/include/Grid.h:1695) Grid ffmc_tmp configured.
2019-06-24 05:05:58,380 null [INFO] (/home/meteo/dev/redist/fwidbmgr/include/Grid.h:1595) Configuring grid: dmc_tmp
2019-06-24 05:05:58,380 null [INFO] (/home/meteo/dev/redist/fwidbmgr/include/Grid.h:1695) Grid dmc_tmp configured.
2019-06-24 05:05:58,391 null [INFO] (/home/meteo/dev/redist/fwidbmgr/include/Grid.h:1595) Configuring grid: dc_tmp
2019-06-24 05:05:58,391 null [INFO] (/home/meteo/dev/redist/fwidbmgr/include/Grid.h:1695) Grid dc_tmp configured.
2019-06-24 05:05:58,401 null [INFO] (/home/meteo/dev/redist/fwidbmgr/include/Grid.h:1595) Configuring grid: idi
2019-06-24 05:05:58,401 null [INFO] (/home/meteo/dev/redist/fwidbmgr/include/Grid.h:1695) Grid idi configured.
2019-06-24 05:06:02,421 null [INFO] (../src/fwidbmgr.cpp:2081) Storing FWI indexes ...
2019-06-24 05:06:07,886 null [INFO] (../src/fwidbmgr.cpp:5555) OK --> 20190623 data imported.
2019-06-24 05:06:07,886 null [INFO] (../src/fwidbmgr.cpp:5695) action out took about 9 seconds.
2019-06-24 05:06:07,887 null [INFO] (../src/fwidbmgr.cpp:5699) Disconnected from database.
2019-06-24 05:06:07,990 null [INFO] (../src/fwidbmgr.cpp:5361) fwi db manager
2019-06-24 05:06:07,990 null [INFO] (../src/fwidbmgr.cpp:5365) Program home: /home/meteo/dev/redist/fwidbmgr
2019-06-24 05:06:07,990 null [INFO] (../src/fwidbmgr.cpp:5369) Auto convert: 1
2019-06-24 05:06:07,990 null [INFO] (../src/fwidbmgr.cpp:446) action: computeidx.
2019-06-24 05:06:07,990 null [INFO] (../src/fwidbmgr.cpp:470) date: 20190623.
2019-06-24 05:06:07,990 null [INFO] (../src/fwidbmgr.cpp:322) Try to read: /home/meteo/dev/redist/fwidbmgr/config/fwidbmgr.conf.
2019-06-24 05:06:07,992 null [INFO] (../src/fwidbmgr.cpp:5393) Configuration parsing: OK.
2019-06-24 05:06:08,007 null [INFO] (../src/fwidbmgr.cpp:5478) Connected to database
2019-06-24 05:06:08,007 null [INFO] (../src/fwidbmgr.cpp:5480) Manage data for date: 20190623.
2019-06-24 05:06:08,008 null [INFO] (../src/fwidbmgr.cpp:5656) Computing indexes.
2019-06-24 05:06:08,011 null [INFO] (/home/meteo/dev/redist/fwidbmgr/include/Grid.h:1595) Configuring grid: isi
2019-06-24 05:06:08,011 null [INFO] (/home/meteo/dev/redist/fwidbmgr/include/Grid.h:1695) Grid isi configured.
2019-06-24 05:06:08,015 null [INFO] (/home/meteo/dev/redist/fwidbmgr/include/Grid.h:1595) Configuring grid: fwi
2019-06-24 05:06:08,015 null [INFO] (/home/meteo/dev/redist/fwidbmgr/include/Grid.h:1695) Grid fwi configured.
2019-06-24 05:06:08,018 null [INFO] (/home/meteo/dev/redist/fwidbmgr/include/Grid.h:1595) Configuring grid: ffmc
2019-06-24 05:06:08,018 null [INFO] (/home/meteo/dev/redist/fwidbmgr/include/Grid.h:1695) Grid ffmc configured.
2019-06-24 05:06:08,021 null [INFO] (/home/meteo/dev/redist/fwidbmgr/include/Grid.h:1595) Configuring grid: dmc
2019-06-24 05:06:08,021 null [INFO] (/home/meteo/dev/redist/fwidbmgr/include/Grid.h:1695) Grid dmc configured.
2019-06-24 05:06:08,022 null [INFO] (/home/meteo/dev/redist/fwidbmgr/include/Grid.h:1595) Configuring grid: dc
2019-06-24 05:06:08,022 null [INFO] (/home/meteo/dev/redist/fwidbmgr/include/Grid.h:1695) Grid dc configured.
2019-06-24 05:06:08,023 null [INFO] (/home/meteo/dev/redist/fwidbmgr/include/Grid.h:1595) Configuring grid: bui
2019-06-24 05:06:08,023 null [INFO] (/home/meteo/dev/redist/fwidbmgr/include/Grid.h:1695) Grid bui configured.
2019-06-24 05:06:08,024 null [INFO] (/home/meteo/dev/redist/fwidbmgr/include/Grid.h:1595) Configuring grid: ffmc_tmp
2019-06-24 05:06:08,024 null [INFO] (/home/meteo/dev/redist/fwidbmgr/include/Grid.h:1695) Grid ffmc_tmp configured.
2019-06-24 05:06:08,025 null [INFO] (/home/meteo/dev/redist/fwidbmgr/include/Grid.h:1595) Configuring grid: dmc_tmp
2019-06-24 05:06:08,025 null [INFO] (/home/meteo/dev/redist/fwidbmgr/include/Grid.h:1695) Grid dmc_tmp configured.
2019-06-24 05:06:08,026 null [INFO] (/home/meteo/dev/redist/fwidbmgr/include/Grid.h:1595) Configuring grid: dc_tmp
2019-06-24 05:06:08,026 null [INFO] (/home/meteo/dev/redist/fwidbmgr/include/Grid.h:1695) Grid dc_tmp configured.
2019-06-24 05:06:08,027 null [INFO] (/home/meteo/dev/redist/fwidbmgr/include/Grid.h:1595) Configuring grid: idi
2019-06-24 05:06:08,027 null [INFO] (/home/meteo/dev/redist/fwidbmgr/include/Grid.h:1695) Grid idi configured.
2019-06-24 05:06:08,028 null [INFO] (/home/meteo/dev/redist/fwidbmgr/include/Grid.h:1595) Configuring grid: angstrom
2019-06-24 05:06:08,028 null [INFO] (/home/meteo/dev/redist/fwidbmgr/include/Grid.h:1695) Grid angstrom configured.
2019-06-24 05:06:08,029 null [INFO] (/home/meteo/dev/redist/fwidbmgr/include/Grid.h:1595) Configuring grid: fmi
2019-06-24 05:06:08,029 null [INFO] (/home/meteo/dev/redist/fwidbmgr/include/Grid.h:1695) Grid fmi configured.
2019-06-24 05:06:08,031 null [INFO] (/home/meteo/dev/redist/fwidbmgr/include/Grid.h:1595) Configuring grid: sharples
2019-06-24 05:06:08,031 null [INFO] (/home/meteo/dev/redist/fwidbmgr/include/Grid.h:1695) Grid sharples configured.
2019-06-24 05:06:10,415 null [INFO] (/home/meteo/dev/redist/fwidbmgr/include/Grid.h:1595) Configuring grid: snow
2019-06-24 05:06:10,415 null [INFO] (/home/meteo/dev/redist/fwidbmgr/include/Grid.h:1695) Grid snow configured.
2019-06-24 05:06:10,415 null [INFO] (/home/meteo/dev/redist/fwidbmgr/include/Grid.h:1595) Configuring grid: snow_covering
2019-06-24 05:06:10,415 null [INFO] (/home/meteo/dev/redist/fwidbmgr/include/Grid.h:1695) Grid snow_covering configured.
2019-06-24 05:06:10,416 null [INFO] (/home/meteo/dev/redist/fwidbmgr/include/Grid.h:1595) Configuring grid: snow_dissolution
2019-06-24 05:06:10,416 null [INFO] (/home/meteo/dev/redist/fwidbmgr/include/Grid.h:1695) Grid snow_dissolution configured.
2019-06-24 05:06:10,416 null [INFO] (/home/meteo/dev/redist/fwidbmgr/include/Grid.h:1595) Configuring grid: temperature
2019-06-24 05:06:10,416 null [INFO] (/home/meteo/dev/redist/fwidbmgr/include/Grid.h:1695) Grid temperature configured.
2019-06-24 05:06:10,416 null [INFO] (/home/meteo/dev/redist/fwidbmgr/include/Grid.h:1595) Configuring grid: humidity
2019-06-24 05:06:10,416 null [INFO] (/home/meteo/dev/redist/fwidbmgr/include/Grid.h:1695) Grid humidity configured.
2019-06-24 05:06:10,416 null [INFO] (/home/meteo/dev/redist/fwidbmgr/include/Grid.h:1595) Configuring grid: windspeed
2019-06-24 05:06:10,416 null [INFO] (/home/meteo/dev/redist/fwidbmgr/include/Grid.h:1695) Grid windspeed configured.
2019-06-24 05:06:10,416 null [INFO] (/home/meteo/dev/redist/fwidbmgr/include/Grid.h:1595) Configuring grid: rain
2019-06-24 05:06:10,416 null [INFO] (/home/meteo/dev/redist/fwidbmgr/include/Grid.h:1695) Grid rain configured.
2019-06-24 05:06:10,416 null [INFO] (/home/meteo/dev/redist/fwidbmgr/include/Grid.h:1595) Configuring grid: cum_rain
2019-06-24 05:06:10,416 null [INFO] (/home/meteo/dev/redist/fwidbmgr/include/Grid.h:1695) Grid cum_rain configured.
2019-06-24 05:07:16,451 null [INFO] (../src/fwidbmgr.cpp:5660) OK --> 20190623 indexes computed.
2019-06-24 05:07:16,452 null [INFO] (../src/fwidbmgr.cpp:5695) action computeidx took about 68 seconds.
2019-06-24 05:07:16,452 null [INFO] (../src/fwidbmgr.cpp:5699) Disconnected from database.
2019-06-24 05:07:16,523 null [INFO] (../src/fwidbmgr.cpp:5361) fwi db manager
2019-06-24 05:07:16,523 null [INFO] (../src/fwidbmgr.cpp:5365) Program home: /home/meteo/dev/redist/fwidbmgr
2019-06-24 05:07:16,524 null [INFO] (../src/fwidbmgr.cpp:5369) Auto convert: 1
2019-06-24 05:07:16,524 null [INFO] (../src/fwidbmgr.cpp:446) action: exportidx.
2019-06-24 05:07:16,524 null [INFO] (../src/fwidbmgr.cpp:470) date: 20190623.
2019-06-24 05:07:16,524 null [INFO] (../src/fwidbmgr.cpp:322) Try to read: /home/meteo/dev/redist/fwidbmgr/config/fwidbmgr.conf.
2019-06-24 05:07:16,527 null [INFO] (../src/fwidbmgr.cpp:5393) Configuration parsing: OK.
2019-06-24 05:07:16,535 null [INFO] (../src/fwidbmgr.cpp:5478) Connected to database
2019-06-24 05:07:16,535 null [INFO] (../src/fwidbmgr.cpp:5480) Manage data for date: 20190623.
2019-06-24 05:07:16,535 null [INFO] (../src/fwidbmgr.cpp:5596) Exporting indexes.
2019-06-24 05:07:16,538 null [INFO] (/home/meteo/dev/redist/fwidbmgr/include/Grid.h:1595) Configuring grid: isi
2019-06-24 05:07:16,539 null [INFO] (/home/meteo/dev/redist/fwidbmgr/include/Grid.h:1695) Grid isi configured.
2019-06-24 05:07:16,542 null [INFO] (/home/meteo/dev/redist/fwidbmgr/include/Grid.h:1595) Configuring grid: fwi
2019-06-24 05:07:16,542 null [INFO] (/home/meteo/dev/redist/fwidbmgr/include/Grid.h:1695) Grid fwi configured.
2019-06-24 05:07:16,544 null [INFO] (/home/meteo/dev/redist/fwidbmgr/include/Grid.h:1595) Configuring grid: ffmc
2019-06-24 05:07:16,544 null [INFO] (/home/meteo/dev/redist/fwidbmgr/include/Grid.h:1695) Grid ffmc configured.
2019-06-24 05:07:16,545 null [INFO] (/home/meteo/dev/redist/fwidbmgr/include/Grid.h:1595) Configuring grid: dmc
2019-06-24 05:07:16,545 null [INFO] (/home/meteo/dev/redist/fwidbmgr/include/Grid.h:1695) Grid dmc configured.
2019-06-24 05:07:16,547 null [INFO] (/home/meteo/dev/redist/fwidbmgr/include/Grid.h:1595) Configuring grid: dc
2019-06-24 05:07:16,547 null [INFO] (/home/meteo/dev/redist/fwidbmgr/include/Grid.h:1695) Grid dc configured.
2019-06-24 05:07:16,548 null [INFO] (/home/meteo/dev/redist/fwidbmgr/include/Grid.h:1595) Configuring grid: bui
2019-06-24 05:07:16,548 null [INFO] (/home/meteo/dev/redist/fwidbmgr/include/Grid.h:1695) Grid bui configured.
2019-06-24 05:07:16,549 null [INFO] (/home/meteo/dev/redist/fwidbmgr/include/Grid.h:1595) Configuring grid: ffmc_tmp
2019-06-24 05:07:16,549 null [INFO] (/home/meteo/dev/redist/fwidbmgr/include/Grid.h:1695) Grid ffmc_tmp configured.
2019-06-24 05:07:16,551 null [INFO] (/home/meteo/dev/redist/fwidbmgr/include/Grid.h:1595) Configuring grid: dmc_tmp
2019-06-24 05:07:16,551 null [INFO] (/home/meteo/dev/redist/fwidbmgr/include/Grid.h:1695) Grid dmc_tmp configured.
2019-06-24 05:07:16,552 null [INFO] (/home/meteo/dev/redist/fwidbmgr/include/Grid.h:1595) Configuring grid: dc_tmp
2019-06-24 05:07:16,552 null [INFO] (/home/meteo/dev/redist/fwidbmgr/include/Grid.h:1695) Grid dc_tmp configured.
2019-06-24 05:07:16,553 null [INFO] (/home/meteo/dev/redist/fwidbmgr/include/Grid.h:1595) Configuring grid: idi
2019-06-24 05:07:16,553 null [INFO] (/home/meteo/dev/redist/fwidbmgr/include/Grid.h:1695) Grid idi configured.
2019-06-24 05:07:16,554 null [INFO] (/home/meteo/dev/redist/fwidbmgr/include/Grid.h:1595) Configuring grid: angstrom
2019-06-24 05:07:16,554 null [INFO] (/home/meteo/dev/redist/fwidbmgr/include/Grid.h:1695) Grid angstrom configured.
2019-06-24 05:07:16,555 null [INFO] (/home/meteo/dev/redist/fwidbmgr/include/Grid.h:1595) Configuring grid: fmi
2019-06-24 05:07:16,555 null [INFO] (/home/meteo/dev/redist/fwidbmgr/include/Grid.h:1695) Grid fmi configured.
2019-06-24 05:07:16,556 null [INFO] (/home/meteo/dev/redist/fwidbmgr/include/Grid.h:1595) Configuring grid: sharples
2019-06-24 05:07:16,556 null [INFO] (/home/meteo/dev/redist/fwidbmgr/include/Grid.h:1695) Grid sharples configured.
2019-06-24 05:07:18,667 null [INFO] (/home/meteo/dev/redist/fwidbmgr/include/Grid.h:1595) Configuring grid: isi
2019-06-24 05:07:18,668 null [INFO] (/home/meteo/dev/redist/fwidbmgr/include/Grid.h:1695) Grid isi configured.
2019-06-24 05:07:18,695 null [INFO] (/home/meteo/dev/redist/fwidbmgr/include/Grid.h:1595) Configuring grid: fwi
2019-06-24 05:07:18,695 null [INFO] (/home/meteo/dev/redist/fwidbmgr/include/Grid.h:1695) Grid fwi configured.
2019-06-24 05:07:18,718 null [INFO] (/home/meteo/dev/redist/fwidbmgr/include/Grid.h:1595) Configuring grid: ffmc
2019-06-24 05:07:18,718 null [INFO] (/home/meteo/dev/redist/fwidbmgr/include/Grid.h:1695) Grid ffmc configured.
2019-06-24 05:07:18,738 null [INFO] (/home/meteo/dev/redist/fwidbmgr/include/Grid.h:1595) Configuring grid: dmc
2019-06-24 05:07:18,738 null [INFO] (/home/meteo/dev/redist/fwidbmgr/include/Grid.h:1695) Grid dmc configured.
2019-06-24 05:07:18,759 null [INFO] (/home/meteo/dev/redist/fwidbmgr/include/Grid.h:1595) Configuring grid: dc
2019-06-24 05:07:18,759 null [INFO] (/home/meteo/dev/redist/fwidbmgr/include/Grid.h:1695) Grid dc configured.
2019-06-24 05:07:18,779 null [INFO] (/home/meteo/dev/redist/fwidbmgr/include/Grid.h:1595) Configuring grid: bui
2019-06-24 05:07:18,779 null [INFO] (/home/meteo/dev/redist/fwidbmgr/include/Grid.h:1695) Grid bui configured.
2019-06-24 05:07:18,799 null [INFO] (/home/meteo/dev/redist/fwidbmgr/include/Grid.h:1595) Configuring grid: ffmc_tmp
2019-06-24 05:07:18,799 null [INFO] (/home/meteo/dev/redist/fwidbmgr/include/Grid.h:1695) Grid ffmc_tmp configured.
2019-06-24 05:07:18,819 null [INFO] (/home/meteo/dev/redist/fwidbmgr/include/Grid.h:1595) Configuring grid: dmc_tmp
2019-06-24 05:07:18,819 null [INFO] (/home/meteo/dev/redist/fwidbmgr/include/Grid.h:1695) Grid dmc_tmp configured.
2019-06-24 05:07:18,839 null [INFO] (/home/meteo/dev/redist/fwidbmgr/include/Grid.h:1595) Configuring grid: dc_tmp
2019-06-24 05:07:18,839 null [INFO] (/home/meteo/dev/redist/fwidbmgr/include/Grid.h:1695) Grid dc_tmp configured.
2019-06-24 05:07:18,859 null [INFO] (/home/meteo/dev/redist/fwidbmgr/include/Grid.h:1595) Configuring grid: angstrom
2019-06-24 05:07:18,859 null [INFO] (/home/meteo/dev/redist/fwidbmgr/include/Grid.h:1695) Grid angstrom configured.
2019-06-24 05:07:18,881 null [INFO] (/home/meteo/dev/redist/fwidbmgr/include/Grid.h:1595) Configuring grid: sharples
2019-06-24 05:07:18,881 null [INFO] (/home/meteo/dev/redist/fwidbmgr/include/Grid.h:1695) Grid sharples configured.
2019-06-24 05:07:18,901 null [INFO] (/home/meteo/dev/redist/fwidbmgr/include/Grid.h:1595) Configuring grid: fmi
2019-06-24 05:07:18,901 null [INFO] (/home/meteo/dev/redist/fwidbmgr/include/Grid.h:1695) Grid fmi configured.
2019-06-24 05:07:18,920 null [INFO] (../src/fwidbmgr.cpp:5600) OK --> 20190623 indexes exported to files.
2019-06-24 05:07:18,920 null [INFO] (../src/fwidbmgr.cpp:5695) action exportidx took about 2 seconds.
2019-06-24 05:07:18,920 null [INFO] (../src/fwidbmgr.cpp:5699) Disconnected from database.
2019-06-24 05:07:32,695 null [INFO] (../src/fwidbmgr.cpp:5361) fwi db manager
2019-06-24 05:07:32,695 null [INFO] (../src/fwidbmgr.cpp:5365) Program home: /home/meteo/dev/redist/fwidbmgr
2019-06-24 05:07:32,695 null [INFO] (../src/fwidbmgr.cpp:5369) Auto convert: 1
2019-06-24 05:07:32,695 null [INFO] (../src/fwidbmgr.cpp:446) action: outimg.
2019-06-24 05:07:32,695 null [INFO] (../src/fwidbmgr.cpp:470) date: 20190623.
2019-06-24 05:07:32,695 null [INFO] (../src/fwidbmgr.cpp:322) Try to read: /home/meteo/dev/redist/fwidbmgr/config/fwidbmgr.conf.
2019-06-24 05:07:32,696 null [INFO] (../src/fwidbmgr.cpp:5393) Configuration parsing: OK.
2019-06-24 05:07:32,706 null [INFO] (../src/fwidbmgr.cpp:5478) Connected to database
2019-06-24 05:07:32,706 null [INFO] (../src/fwidbmgr.cpp:5480) Manage data for date: 20190623.
2019-06-24 05:07:32,706 null [INFO] (../src/fwidbmgr.cpp:5566) Importing fwi indexes images in database.
2019-06-24 05:07:32,761 null [INFO] (../src/fwidbmgr.cpp:5570) OK --> 20190623 images imported.
2019-06-24 05:07:32,761 null [INFO] (../src/fwidbmgr.cpp:5695) action outimg took about 0 seconds.
2019-06-24 05:07:32,761 null [INFO] (../src/fwidbmgr.cpp:5699) Disconnected from database.
2019-06-24 05:37:01,456 null [INFO] (../src/fwidbmgr.cpp:5361) fwi db manager
2019-06-24 05:37:01,456 null [INFO] (../src/fwidbmgr.cpp:5365) Program home: /home/meteo/dev/redist/fwidbmgr
2019-06-24 05:37:01,456 null [INFO] (../src/fwidbmgr.cpp:5369) Auto convert: 1
2019-06-24 05:37:01,456 null [INFO] (../src/fwidbmgr.cpp:446) action: outimg.
2019-06-24 05:37:01,456 null [INFO] (../src/fwidbmgr.cpp:470) date: 20190623.
2019-06-24 05:37:01,456 null [INFO] (../src/fwidbmgr.cpp:322) Try to read: /home/meteo/dev/redist/fwidbmgr/config/fwidbmgr.conf.
2019-06-24 05:37:01,457 null [INFO] (../src/fwidbmgr.cpp:5393) Configuration parsing: OK.
2019-06-24 05:37:01,462 null [INFO] (../src/fwidbmgr.cpp:5478) Connected to database
2019-06-24 05:37:01,462 null [INFO] (../src/fwidbmgr.cpp:5480) Manage data for date: 20190623.
2019-06-24 05:37:01,462 null [INFO] (../src/fwidbmgr.cpp:5566) Importing fwi indexes images in database.
2019-06-24 05:37:01,513 null [INFO] (../src/fwidbmgr.cpp:5570) OK --> 20190623 images imported.
2019-06-24 05:37:01,514 null [INFO] (../src/fwidbmgr.cpp:5695) action outimg took about 0 seconds.
2019-06-24 05:37:01,514 null [INFO] (../src/fwidbmgr.cpp:5699) Disconnected from database.
2019-06-24 06:05:01,643 null [INFO] (../src/fwidbmgr.cpp:5361) fwi db manager
2019-06-24 06:05:01,643 null [INFO] (../src/fwidbmgr.cpp:5365) Program home: /home/meteo/dev/redist/fwidbmgr
2019-06-24 06:05:01,643 null [INFO] (../src/fwidbmgr.cpp:5369) Auto convert: 1
2019-06-24 06:05:01,643 null [INFO] (../src/fwidbmgr.cpp:446) action: outimg.
2019-06-24 06:05:01,643 null [INFO] (../src/fwidbmgr.cpp:470) date: 20190623.
2019-06-24 06:05:01,643 null [INFO] (../src/fwidbmgr.cpp:322) Try to read: /home/meteo/dev/redist/fwidbmgr/config/fwidbmgr.conf.
2019-06-24 06:05:01,645 null [INFO] (../src/fwidbmgr.cpp:5393) Configuration parsing: OK.
2019-06-24 06:05:01,650 null [INFO] (../src/fwidbmgr.cpp:5478) Connected to database
2019-06-24 06:05:01,650 null [INFO] (../src/fwidbmgr.cpp:5480) Manage data for date: 20190623.
2019-06-24 06:05:01,650 null [INFO] (../src/fwidbmgr.cpp:5566) Importing fwi indexes images in database.
2019-06-24 06:05:01,697 null [INFO] (../src/fwidbmgr.cpp:5570) OK --> 20190623 images imported.
2019-06-24 06:05:01,697 null [INFO] (../src/fwidbmgr.cpp:5695) action outimg took about 0 seconds.
2019-06-24 06:05:01,697 null [INFO] (../src/fwidbmgr.cpp:5699) Disconnected from database.
2019-06-24 06:37:01,834 null [INFO] (../src/fwidbmgr.cpp:5361) fwi db manager
2019-06-24 06:37:01,834 null [INFO] (../src/fwidbmgr.cpp:5365) Program home: /home/meteo/dev/redist/fwidbmgr
2019-06-24 06:37:01,834 null [INFO] (../src/fwidbmgr.cpp:5369) Auto convert: 1
2019-06-24 06:37:01,834 null [INFO] (../src/fwidbmgr.cpp:446) action: outimg.
2019-06-24 06:37:01,834 null [INFO] (../src/fwidbmgr.cpp:470) date: 20190623.
2019-06-24 06:37:01,834 null [INFO] (../src/fwidbmgr.cpp:322) Try to read: /home/meteo/dev/redist/fwidbmgr/config/fwidbmgr.conf.
2019-06-24 06:37:01,835 null [INFO] (../src/fwidbmgr.cpp:5393) Configuration parsing: OK.
2019-06-24 06:37:01,840 null [INFO] (../src/fwidbmgr.cpp:5478) Connected to database
2019-06-24 06:37:01,840 null [INFO] (../src/fwidbmgr.cpp:5480) Manage data for date: 20190623.
2019-06-24 06:37:01,840 null [INFO] (../src/fwidbmgr.cpp:5566) Importing fwi indexes images in database.
2019-06-24 06:37:01,888 null [INFO] (../src/fwidbmgr.cpp:5570) OK --> 20190623 images imported.
2019-06-24 06:37:01,888 null [INFO] (../src/fwidbmgr.cpp:5695) action outimg took about 0 seconds.
2019-06-24 06:37:01,888 null [INFO] (../src/fwidbmgr.cpp:5699) Disconnected from database.
2019-06-24 07:05:01,519 null [INFO] (../src/fwidbmgr.cpp:5361) fwi db manager
2019-06-24 07:05:01,519 null [INFO] (../src/fwidbmgr.cpp:5365) Program home: /home/meteo/dev/redist/fwidbmgr
2019-06-24 07:05:01,519 null [INFO] (../src/fwidbmgr.cpp:5369) Auto convert: 1
2019-06-24 07:05:01,519 null [INFO] (../src/fwidbmgr.cpp:446) action: outimg.
2019-06-24 07:05:01,519 null [INFO] (../src/fwidbmgr.cpp:470) date: 20190623.
2019-06-24 07:05:01,519 null [INFO] (../src/fwidbmgr.cpp:322) Try to read: /home/meteo/dev/redist/fwidbmgr/config/fwidbmgr.conf.
2019-06-24 07:05:01,520 null [INFO] (../src/fwidbmgr.cpp:5393) Configuration parsing: OK.
2019-06-24 07:05:01,527 null [INFO] (../src/fwidbmgr.cpp:5478) Connected to database
2019-06-24 07:05:01,527 null [INFO] (../src/fwidbmgr.cpp:5480) Manage data for date: 20190623.
2019-06-24 07:05:01,527 null [INFO] (../src/fwidbmgr.cpp:5566) Importing fwi indexes images in database.
2019-06-24 07:05:01,574 null [INFO] (../src/fwidbmgr.cpp:5570) OK --> 20190623 images imported.
2019-06-24 07:05:01,574 null [INFO] (../src/fwidbmgr.cpp:5695) action outimg took about 0 seconds.
2019-06-24 07:05:01,574 null [INFO] (../src/fwidbmgr.cpp:5699) Disconnected from database.
2019-06-24 07:37:01,704 null [INFO] (../src/fwidbmgr.cpp:5361) fwi db manager
2019-06-24 07:37:01,704 null [INFO] (../src/fwidbmgr.cpp:5365) Program home: /home/meteo/dev/redist/fwidbmgr
2019-06-24 07:37:01,704 null [INFO] (../src/fwidbmgr.cpp:5369) Auto convert: 1
2019-06-24 07:37:01,704 null [INFO] (../src/fwidbmgr.cpp:446) action: outimg.
2019-06-24 07:37:01,704 null [INFO] (../src/fwidbmgr.cpp:470) date: 20190623.
2019-06-24 07:37:01,704 null [INFO] (../src/fwidbmgr.cpp:322) Try to read: /home/meteo/dev/redist/fwidbmgr/config/fwidbmgr.conf.
2019-06-24 07:37:01,705 null [INFO] (../src/fwidbmgr.cpp:5393) Configuration parsing: OK.
2019-06-24 07:37:01,709 null [INFO] (../src/fwidbmgr.cpp:5478) Connected to database
2019-06-24 07:37:01,709 null [INFO] (../src/fwidbmgr.cpp:5480) Manage data for date: 20190623.
2019-06-24 07:37:01,710 null [INFO] (../src/fwidbmgr.cpp:5566) Importing fwi indexes images in database.
2019-06-24 07:37:01,756 null [INFO] (../src/fwidbmgr.cpp:5570) OK --> 20190623 images imported.
2019-06-24 07:37:01,756 null [INFO] (../src/fwidbmgr.cpp:5695) action outimg took about 0 seconds.
2019-06-24 07:37:01,757 null [INFO] (../src/fwidbmgr.cpp:5699) Disconnected from database.
