2016-03-23 05:07:35,626 null [INFO] (../src/fwidbmgr.cpp:5207) fwi db manager
2016-03-23 05:07:35,627 null [INFO] (../src/fwidbmgr.cpp:5209) Program home: /home/meteo/dev/redist/fwidbmgr
2016-03-23 05:07:35,627 null [INFO] (../src/fwidbmgr.cpp:5211) Auto convert: 1
2016-03-23 05:07:35,627 null [INFO] (../src/fwidbmgr.cpp:458) action: in.
2016-03-23 05:07:35,627 null [INFO] (../src/fwidbmgr.cpp:482) date: 20160322.
2016-03-23 05:07:35,627 null [INFO] (../src/fwidbmgr.cpp:319) Try to read: /home/meteo/dev/redist/fwidbmgr/config/fwidbmgr.conf.
2016-03-23 05:07:35,666 null [INFO] (../src/fwidbmgr.cpp:5240) Configuration parsing: OK.
2016-03-23 05:07:36,373 null [INFO] (../src/fwidbmgr.cpp:5322) Connected to database
2016-03-23 05:07:36,373 null [INFO] (../src/fwidbmgr.cpp:5323) Manage data for date: 20160322.
2016-03-23 05:07:36,373 null [INFO] (../src/fwidbmgr.cpp:5367) Importing meteo data in database for day: 20160322.
2016-03-23 05:07:36,375 null [INFO] (/home/meteo/dev/redist/fwidbmgr/include/Grid.h:1595) Configuring grid: snow
2016-03-23 05:07:36,375 null [INFO] (/home/meteo/dev/redist/fwidbmgr/include/Grid.h:1695) Grid snow configured.
2016-03-23 05:07:36,387 null [INFO] (/home/meteo/dev/redist/fwidbmgr/include/Grid.h:1595) Configuring grid: snow_covering
2016-03-23 05:07:36,387 null [INFO] (/home/meteo/dev/redist/fwidbmgr/include/Grid.h:1695) Grid snow_covering configured.
2016-03-23 05:07:36,401 null [INFO] (/home/meteo/dev/redist/fwidbmgr/include/Grid.h:1595) Configuring grid: snow_dissolution
2016-03-23 05:07:36,401 null [INFO] (/home/meteo/dev/redist/fwidbmgr/include/Grid.h:1695) Grid snow_dissolution configured.
2016-03-23 05:07:36,425 null [INFO] (/home/meteo/dev/redist/fwidbmgr/include/Grid.h:1595) Configuring grid: temperature
2016-03-23 05:07:36,425 null [INFO] (/home/meteo/dev/redist/fwidbmgr/include/Grid.h:1695) Grid temperature configured.
2016-03-23 05:07:36,430 null [INFO] (/home/meteo/dev/redist/fwidbmgr/include/Grid.h:1595) Configuring grid: humidity
2016-03-23 05:07:36,430 null [INFO] (/home/meteo/dev/redist/fwidbmgr/include/Grid.h:1695) Grid humidity configured.
2016-03-23 05:07:36,440 null [INFO] (/home/meteo/dev/redist/fwidbmgr/include/Grid.h:1595) Configuring grid: windspeed
2016-03-23 05:07:36,441 null [INFO] (/home/meteo/dev/redist/fwidbmgr/include/Grid.h:1695) Grid windspeed configured.
2016-03-23 05:07:36,465 null [INFO] (/home/meteo/dev/redist/fwidbmgr/include/Grid.h:1595) Configuring grid: rain
2016-03-23 05:07:36,465 null [INFO] (/home/meteo/dev/redist/fwidbmgr/include/Grid.h:1695) Grid rain configured.
2016-03-23 05:07:36,468 null [INFO] (/home/meteo/dev/redist/fwidbmgr/include/Grid.h:1595) Configuring grid: cum_rain
2016-03-23 05:07:36,468 null [INFO] (/home/meteo/dev/redist/fwidbmgr/include/Grid.h:1695) Grid cum_rain configured.
2016-03-23 05:08:28,595 null [INFO] (../src/fwidbmgr.cpp:1502) Storing meteo input ...
2016-03-23 05:08:50,286 null [INFO] (../src/fwidbmgr.cpp:5370) OK --> 20160322 data imported.
2016-03-23 05:08:50,383 null [INFO] (../src/fwidbmgr.cpp:5496) action in took about 74 seconds.
2016-03-23 05:08:50,567 null [INFO] (../src/fwidbmgr.cpp:5499) Disconnected from database.
2016-03-23 05:10:34,914 null [INFO] (../src/fwidbmgr.cpp:5207) fwi db manager
2016-03-23 05:10:34,914 null [INFO] (../src/fwidbmgr.cpp:5209) Program home: /home/meteo/dev/redist/fwidbmgr
2016-03-23 05:10:34,914 null [INFO] (../src/fwidbmgr.cpp:5211) Auto convert: 1
2016-03-23 05:10:34,914 null [INFO] (../src/fwidbmgr.cpp:458) action: out.
2016-03-23 05:10:34,914 null [INFO] (../src/fwidbmgr.cpp:482) date: 20160322.
2016-03-23 05:10:34,914 null [INFO] (../src/fwidbmgr.cpp:319) Try to read: /home/meteo/dev/redist/fwidbmgr/config/fwidbmgr.conf.
2016-03-23 05:10:34,954 null [INFO] (../src/fwidbmgr.cpp:5240) Configuration parsing: OK.
2016-03-23 05:10:34,990 null [INFO] (../src/fwidbmgr.cpp:5322) Connected to database
2016-03-23 05:10:34,990 null [INFO] (../src/fwidbmgr.cpp:5323) Manage data for date: 20160322.
2016-03-23 05:10:34,990 null [INFO] (../src/fwidbmgr.cpp:5379) Importing fwi indexes data in database for day: 20160322.
2016-03-23 05:10:35,000 null [INFO] (/home/meteo/dev/redist/fwidbmgr/include/Grid.h:1595) Configuring grid: isi
2016-03-23 05:10:35,000 null [INFO] (/home/meteo/dev/redist/fwidbmgr/include/Grid.h:1695) Grid isi configured.
2016-03-23 05:10:35,015 null [INFO] (/home/meteo/dev/redist/fwidbmgr/include/Grid.h:1595) Configuring grid: fwi
2016-03-23 05:10:35,015 null [INFO] (/home/meteo/dev/redist/fwidbmgr/include/Grid.h:1695) Grid fwi configured.
2016-03-23 05:10:35,029 null [INFO] (/home/meteo/dev/redist/fwidbmgr/include/Grid.h:1595) Configuring grid: ffmc
2016-03-23 05:10:35,029 null [INFO] (/home/meteo/dev/redist/fwidbmgr/include/Grid.h:1695) Grid ffmc configured.
2016-03-23 05:10:35,043 null [INFO] (/home/meteo/dev/redist/fwidbmgr/include/Grid.h:1595) Configuring grid: dmc
2016-03-23 05:10:35,043 null [INFO] (/home/meteo/dev/redist/fwidbmgr/include/Grid.h:1695) Grid dmc configured.
2016-03-23 05:10:35,058 null [INFO] (/home/meteo/dev/redist/fwidbmgr/include/Grid.h:1595) Configuring grid: dc
2016-03-23 05:10:35,058 null [INFO] (/home/meteo/dev/redist/fwidbmgr/include/Grid.h:1695) Grid dc configured.
2016-03-23 05:10:35,072 null [INFO] (/home/meteo/dev/redist/fwidbmgr/include/Grid.h:1595) Configuring grid: bui
2016-03-23 05:10:35,072 null [INFO] (/home/meteo/dev/redist/fwidbmgr/include/Grid.h:1695) Grid bui configured.
2016-03-23 05:10:35,086 null [INFO] (/home/meteo/dev/redist/fwidbmgr/include/Grid.h:1595) Configuring grid: ffmc_tmp
2016-03-23 05:10:35,086 null [INFO] (/home/meteo/dev/redist/fwidbmgr/include/Grid.h:1695) Grid ffmc_tmp configured.
2016-03-23 05:10:35,174 null [INFO] (/home/meteo/dev/redist/fwidbmgr/include/Grid.h:1595) Configuring grid: dmc_tmp
2016-03-23 05:10:35,174 null [INFO] (/home/meteo/dev/redist/fwidbmgr/include/Grid.h:1695) Grid dmc_tmp configured.
2016-03-23 05:10:35,215 null [INFO] (/home/meteo/dev/redist/fwidbmgr/include/Grid.h:1595) Configuring grid: dc_tmp
2016-03-23 05:10:35,215 null [INFO] (/home/meteo/dev/redist/fwidbmgr/include/Grid.h:1695) Grid dc_tmp configured.
2016-03-23 05:10:35,308 null [INFO] (/home/meteo/dev/redist/fwidbmgr/include/Grid.h:1595) Configuring grid: idi
2016-03-23 05:10:35,308 null [INFO] (/home/meteo/dev/redist/fwidbmgr/include/Grid.h:1695) Grid idi configured.
2016-03-23 05:11:06,141 null [INFO] (../src/fwidbmgr.cpp:2045) Storing FWI indexes ...
2016-03-23 05:11:18,709 null [INFO] (../src/fwidbmgr.cpp:5382) OK --> 20160322 data imported.
2016-03-23 05:11:18,709 null [INFO] (../src/fwidbmgr.cpp:5496) action out took about 44 seconds.
2016-03-23 05:11:18,710 null [INFO] (../src/fwidbmgr.cpp:5499) Disconnected from database.
2016-03-23 05:11:19,395 null [INFO] (../src/fwidbmgr.cpp:5207) fwi db manager
2016-03-23 05:11:19,395 null [INFO] (../src/fwidbmgr.cpp:5209) Program home: /home/meteo/dev/redist/fwidbmgr
2016-03-23 05:11:19,395 null [INFO] (../src/fwidbmgr.cpp:5211) Auto convert: 1
2016-03-23 05:11:19,395 null [INFO] (../src/fwidbmgr.cpp:458) action: computeidx.
2016-03-23 05:11:19,395 null [INFO] (../src/fwidbmgr.cpp:482) date: 20160322.
2016-03-23 05:11:19,395 null [INFO] (../src/fwidbmgr.cpp:319) Try to read: /home/meteo/dev/redist/fwidbmgr/config/fwidbmgr.conf.
2016-03-23 05:11:19,397 null [INFO] (../src/fwidbmgr.cpp:5240) Configuration parsing: OK.
2016-03-23 05:11:19,401 null [INFO] (../src/fwidbmgr.cpp:5322) Connected to database
2016-03-23 05:11:19,401 null [INFO] (../src/fwidbmgr.cpp:5323) Manage data for date: 20160322.
2016-03-23 05:11:19,401 null [INFO] (../src/fwidbmgr.cpp:5463) Computing indexes.
2016-03-23 05:11:19,407 null [INFO] (/home/meteo/dev/redist/fwidbmgr/include/Grid.h:1595) Configuring grid: isi
2016-03-23 05:11:19,407 null [INFO] (/home/meteo/dev/redist/fwidbmgr/include/Grid.h:1695) Grid isi configured.
2016-03-23 05:11:19,409 null [INFO] (/home/meteo/dev/redist/fwidbmgr/include/Grid.h:1595) Configuring grid: fwi
2016-03-23 05:11:19,409 null [INFO] (/home/meteo/dev/redist/fwidbmgr/include/Grid.h:1695) Grid fwi configured.
2016-03-23 05:11:19,410 null [INFO] (/home/meteo/dev/redist/fwidbmgr/include/Grid.h:1595) Configuring grid: ffmc
2016-03-23 05:11:19,410 null [INFO] (/home/meteo/dev/redist/fwidbmgr/include/Grid.h:1695) Grid ffmc configured.
2016-03-23 05:11:19,412 null [INFO] (/home/meteo/dev/redist/fwidbmgr/include/Grid.h:1595) Configuring grid: dmc
2016-03-23 05:11:19,412 null [INFO] (/home/meteo/dev/redist/fwidbmgr/include/Grid.h:1695) Grid dmc configured.
2016-03-23 05:11:19,413 null [INFO] (/home/meteo/dev/redist/fwidbmgr/include/Grid.h:1595) Configuring grid: dc
2016-03-23 05:11:19,413 null [INFO] (/home/meteo/dev/redist/fwidbmgr/include/Grid.h:1695) Grid dc configured.
2016-03-23 05:11:19,415 null [INFO] (/home/meteo/dev/redist/fwidbmgr/include/Grid.h:1595) Configuring grid: bui
2016-03-23 05:11:19,415 null [INFO] (/home/meteo/dev/redist/fwidbmgr/include/Grid.h:1695) Grid bui configured.
2016-03-23 05:11:19,416 null [INFO] (/home/meteo/dev/redist/fwidbmgr/include/Grid.h:1595) Configuring grid: ffmc_tmp
2016-03-23 05:11:19,416 null [INFO] (/home/meteo/dev/redist/fwidbmgr/include/Grid.h:1695) Grid ffmc_tmp configured.
2016-03-23 05:11:19,417 null [INFO] (/home/meteo/dev/redist/fwidbmgr/include/Grid.h:1595) Configuring grid: dmc_tmp
2016-03-23 05:11:19,418 null [INFO] (/home/meteo/dev/redist/fwidbmgr/include/Grid.h:1695) Grid dmc_tmp configured.
2016-03-23 05:11:19,419 null [INFO] (/home/meteo/dev/redist/fwidbmgr/include/Grid.h:1595) Configuring grid: dc_tmp
2016-03-23 05:11:19,419 null [INFO] (/home/meteo/dev/redist/fwidbmgr/include/Grid.h:1695) Grid dc_tmp configured.
2016-03-23 05:11:19,420 null [INFO] (/home/meteo/dev/redist/fwidbmgr/include/Grid.h:1595) Configuring grid: idi
2016-03-23 05:11:19,420 null [INFO] (/home/meteo/dev/redist/fwidbmgr/include/Grid.h:1695) Grid idi configured.
2016-03-23 05:11:19,422 null [INFO] (/home/meteo/dev/redist/fwidbmgr/include/Grid.h:1595) Configuring grid: angstrom
2016-03-23 05:11:19,422 null [INFO] (/home/meteo/dev/redist/fwidbmgr/include/Grid.h:1695) Grid angstrom configured.
2016-03-23 05:11:19,423 null [INFO] (/home/meteo/dev/redist/fwidbmgr/include/Grid.h:1595) Configuring grid: fmi
2016-03-23 05:11:19,423 null [INFO] (/home/meteo/dev/redist/fwidbmgr/include/Grid.h:1695) Grid fmi configured.
2016-03-23 05:11:19,425 null [INFO] (/home/meteo/dev/redist/fwidbmgr/include/Grid.h:1595) Configuring grid: sharples
2016-03-23 05:11:19,425 null [INFO] (/home/meteo/dev/redist/fwidbmgr/include/Grid.h:1695) Grid sharples configured.
2016-03-23 05:11:20,561 null [INFO] (/home/meteo/dev/redist/fwidbmgr/include/Grid.h:1595) Configuring grid: snow
2016-03-23 05:11:20,561 null [INFO] (/home/meteo/dev/redist/fwidbmgr/include/Grid.h:1695) Grid snow configured.
2016-03-23 05:11:20,561 null [INFO] (/home/meteo/dev/redist/fwidbmgr/include/Grid.h:1595) Configuring grid: snow_covering
2016-03-23 05:11:20,561 null [INFO] (/home/meteo/dev/redist/fwidbmgr/include/Grid.h:1695) Grid snow_covering configured.
2016-03-23 05:11:20,561 null [INFO] (/home/meteo/dev/redist/fwidbmgr/include/Grid.h:1595) Configuring grid: snow_dissolution
2016-03-23 05:11:20,561 null [INFO] (/home/meteo/dev/redist/fwidbmgr/include/Grid.h:1695) Grid snow_dissolution configured.
2016-03-23 05:11:20,561 null [INFO] (/home/meteo/dev/redist/fwidbmgr/include/Grid.h:1595) Configuring grid: temperature
2016-03-23 05:11:20,561 null [INFO] (/home/meteo/dev/redist/fwidbmgr/include/Grid.h:1695) Grid temperature configured.
2016-03-23 05:11:20,561 null [INFO] (/home/meteo/dev/redist/fwidbmgr/include/Grid.h:1595) Configuring grid: humidity
2016-03-23 05:11:20,562 null [INFO] (/home/meteo/dev/redist/fwidbmgr/include/Grid.h:1695) Grid humidity configured.
2016-03-23 05:11:20,562 null [INFO] (/home/meteo/dev/redist/fwidbmgr/include/Grid.h:1595) Configuring grid: windspeed
2016-03-23 05:11:20,562 null [INFO] (/home/meteo/dev/redist/fwidbmgr/include/Grid.h:1695) Grid windspeed configured.
2016-03-23 05:11:20,562 null [INFO] (/home/meteo/dev/redist/fwidbmgr/include/Grid.h:1595) Configuring grid: rain
2016-03-23 05:11:20,562 null [INFO] (/home/meteo/dev/redist/fwidbmgr/include/Grid.h:1695) Grid rain configured.
2016-03-23 05:11:20,562 null [INFO] (/home/meteo/dev/redist/fwidbmgr/include/Grid.h:1595) Configuring grid: cum_rain
2016-03-23 05:11:20,562 null [INFO] (/home/meteo/dev/redist/fwidbmgr/include/Grid.h:1695) Grid cum_rain configured.
2016-03-23 05:13:21,314 null [INFO] (../src/fwidbmgr.cpp:5466) OK --> 20160322 indexes computed.
2016-03-23 05:13:21,314 null [INFO] (../src/fwidbmgr.cpp:5496) action computeidx took about 122 seconds.
2016-03-23 05:13:21,314 null [INFO] (../src/fwidbmgr.cpp:5499) Disconnected from database.
2016-03-23 05:13:21,333 null [INFO] (../src/fwidbmgr.cpp:5207) fwi db manager
2016-03-23 05:13:21,334 null [INFO] (../src/fwidbmgr.cpp:5209) Program home: /home/meteo/dev/redist/fwidbmgr
2016-03-23 05:13:21,334 null [INFO] (../src/fwidbmgr.cpp:5211) Auto convert: 1
2016-03-23 05:13:21,334 null [INFO] (../src/fwidbmgr.cpp:458) action: exportidx.
2016-03-23 05:13:21,334 null [INFO] (../src/fwidbmgr.cpp:482) date: 20160322.
2016-03-23 05:13:21,334 null [INFO] (../src/fwidbmgr.cpp:319) Try to read: /home/meteo/dev/redist/fwidbmgr/config/fwidbmgr.conf.
2016-03-23 05:13:21,336 null [INFO] (../src/fwidbmgr.cpp:5240) Configuration parsing: OK.
2016-03-23 05:13:21,340 null [INFO] (../src/fwidbmgr.cpp:5322) Connected to database
2016-03-23 05:13:21,340 null [INFO] (../src/fwidbmgr.cpp:5323) Manage data for date: 20160322.
2016-03-23 05:13:21,340 null [INFO] (../src/fwidbmgr.cpp:5415) Exporting indexes.
2016-03-23 05:13:21,341 null [INFO] (/home/meteo/dev/redist/fwidbmgr/include/Grid.h:1595) Configuring grid: isi
2016-03-23 05:13:21,342 null [INFO] (/home/meteo/dev/redist/fwidbmgr/include/Grid.h:1695) Grid isi configured.
2016-03-23 05:13:21,343 null [INFO] (/home/meteo/dev/redist/fwidbmgr/include/Grid.h:1595) Configuring grid: fwi
2016-03-23 05:13:21,343 null [INFO] (/home/meteo/dev/redist/fwidbmgr/include/Grid.h:1695) Grid fwi configured.
2016-03-23 05:13:21,344 null [INFO] (/home/meteo/dev/redist/fwidbmgr/include/Grid.h:1595) Configuring grid: ffmc
2016-03-23 05:13:21,344 null [INFO] (/home/meteo/dev/redist/fwidbmgr/include/Grid.h:1695) Grid ffmc configured.
2016-03-23 05:13:21,346 null [INFO] (/home/meteo/dev/redist/fwidbmgr/include/Grid.h:1595) Configuring grid: dmc
2016-03-23 05:13:21,346 null [INFO] (/home/meteo/dev/redist/fwidbmgr/include/Grid.h:1695) Grid dmc configured.
2016-03-23 05:13:21,347 null [INFO] (/home/meteo/dev/redist/fwidbmgr/include/Grid.h:1595) Configuring grid: dc
2016-03-23 05:13:21,348 null [INFO] (/home/meteo/dev/redist/fwidbmgr/include/Grid.h:1695) Grid dc configured.
2016-03-23 05:13:21,349 null [INFO] (/home/meteo/dev/redist/fwidbmgr/include/Grid.h:1595) Configuring grid: bui
2016-03-23 05:13:21,349 null [INFO] (/home/meteo/dev/redist/fwidbmgr/include/Grid.h:1695) Grid bui configured.
2016-03-23 05:13:21,350 null [INFO] (/home/meteo/dev/redist/fwidbmgr/include/Grid.h:1595) Configuring grid: ffmc_tmp
2016-03-23 05:13:21,350 null [INFO] (/home/meteo/dev/redist/fwidbmgr/include/Grid.h:1695) Grid ffmc_tmp configured.
2016-03-23 05:13:21,352 null [INFO] (/home/meteo/dev/redist/fwidbmgr/include/Grid.h:1595) Configuring grid: dmc_tmp
2016-03-23 05:13:21,352 null [INFO] (/home/meteo/dev/redist/fwidbmgr/include/Grid.h:1695) Grid dmc_tmp configured.
2016-03-23 05:13:21,353 null [INFO] (/home/meteo/dev/redist/fwidbmgr/include/Grid.h:1595) Configuring grid: dc_tmp
2016-03-23 05:13:21,353 null [INFO] (/home/meteo/dev/redist/fwidbmgr/include/Grid.h:1695) Grid dc_tmp configured.
2016-03-23 05:13:21,355 null [INFO] (/home/meteo/dev/redist/fwidbmgr/include/Grid.h:1595) Configuring grid: idi
2016-03-23 05:13:21,355 null [INFO] (/home/meteo/dev/redist/fwidbmgr/include/Grid.h:1695) Grid idi configured.
2016-03-23 05:13:21,356 null [INFO] (/home/meteo/dev/redist/fwidbmgr/include/Grid.h:1595) Configuring grid: angstrom
2016-03-23 05:13:21,356 null [INFO] (/home/meteo/dev/redist/fwidbmgr/include/Grid.h:1695) Grid angstrom configured.
2016-03-23 05:13:21,358 null [INFO] (/home/meteo/dev/redist/fwidbmgr/include/Grid.h:1595) Configuring grid: fmi
2016-03-23 05:13:21,358 null [INFO] (/home/meteo/dev/redist/fwidbmgr/include/Grid.h:1695) Grid fmi configured.
2016-03-23 05:13:21,359 null [INFO] (/home/meteo/dev/redist/fwidbmgr/include/Grid.h:1595) Configuring grid: sharples
2016-03-23 05:13:21,359 null [INFO] (/home/meteo/dev/redist/fwidbmgr/include/Grid.h:1695) Grid sharples configured.
2016-03-23 05:13:22,195 null [INFO] (/home/meteo/dev/redist/fwidbmgr/include/Grid.h:1595) Configuring grid: isi
2016-03-23 05:13:22,196 null [INFO] (/home/meteo/dev/redist/fwidbmgr/include/Grid.h:1695) Grid isi configured.
2016-03-23 05:13:22,235 null [INFO] (/home/meteo/dev/redist/fwidbmgr/include/Grid.h:1595) Configuring grid: fwi
2016-03-23 05:13:22,236 null [INFO] (/home/meteo/dev/redist/fwidbmgr/include/Grid.h:1695) Grid fwi configured.
2016-03-23 05:13:22,275 null [INFO] (/home/meteo/dev/redist/fwidbmgr/include/Grid.h:1595) Configuring grid: ffmc
2016-03-23 05:13:22,275 null [INFO] (/home/meteo/dev/redist/fwidbmgr/include/Grid.h:1695) Grid ffmc configured.
2016-03-23 05:13:22,317 null [INFO] (/home/meteo/dev/redist/fwidbmgr/include/Grid.h:1595) Configuring grid: dmc
2016-03-23 05:13:22,317 null [INFO] (/home/meteo/dev/redist/fwidbmgr/include/Grid.h:1695) Grid dmc configured.
2016-03-23 05:13:22,356 null [INFO] (/home/meteo/dev/redist/fwidbmgr/include/Grid.h:1595) Configuring grid: dc
2016-03-23 05:13:22,356 null [INFO] (/home/meteo/dev/redist/fwidbmgr/include/Grid.h:1695) Grid dc configured.
2016-03-23 05:13:22,396 null [INFO] (/home/meteo/dev/redist/fwidbmgr/include/Grid.h:1595) Configuring grid: bui
2016-03-23 05:13:22,396 null [INFO] (/home/meteo/dev/redist/fwidbmgr/include/Grid.h:1695) Grid bui configured.
2016-03-23 05:13:22,436 null [INFO] (/home/meteo/dev/redist/fwidbmgr/include/Grid.h:1595) Configuring grid: ffmc_tmp
2016-03-23 05:13:22,436 null [INFO] (/home/meteo/dev/redist/fwidbmgr/include/Grid.h:1695) Grid ffmc_tmp configured.
2016-03-23 05:13:22,474 null [INFO] (/home/meteo/dev/redist/fwidbmgr/include/Grid.h:1595) Configuring grid: dmc_tmp
2016-03-23 05:13:22,474 null [INFO] (/home/meteo/dev/redist/fwidbmgr/include/Grid.h:1695) Grid dmc_tmp configured.
2016-03-23 05:13:22,510 null [INFO] (/home/meteo/dev/redist/fwidbmgr/include/Grid.h:1595) Configuring grid: dc_tmp
2016-03-23 05:13:22,510 null [INFO] (/home/meteo/dev/redist/fwidbmgr/include/Grid.h:1695) Grid dc_tmp configured.
2016-03-23 05:13:22,548 null [INFO] (/home/meteo/dev/redist/fwidbmgr/include/Grid.h:1595) Configuring grid: angstrom
2016-03-23 05:13:22,548 null [INFO] (/home/meteo/dev/redist/fwidbmgr/include/Grid.h:1695) Grid angstrom configured.
2016-03-23 05:13:22,623 null [INFO] (/home/meteo/dev/redist/fwidbmgr/include/Grid.h:1595) Configuring grid: sharples
2016-03-23 05:13:22,623 null [INFO] (/home/meteo/dev/redist/fwidbmgr/include/Grid.h:1695) Grid sharples configured.
2016-03-23 05:13:22,705 null [INFO] (/home/meteo/dev/redist/fwidbmgr/include/Grid.h:1595) Configuring grid: fmi
2016-03-23 05:13:22,706 null [INFO] (/home/meteo/dev/redist/fwidbmgr/include/Grid.h:1695) Grid fmi configured.
2016-03-23 05:13:22,785 null [INFO] (../src/fwidbmgr.cpp:5418) OK --> 20160322 indexes exported to files.
2016-03-23 05:13:22,786 null [INFO] (../src/fwidbmgr.cpp:5496) action exportidx took about 1 seconds.
2016-03-23 05:13:22,786 null [INFO] (../src/fwidbmgr.cpp:5499) Disconnected from database.
