2019-08-27 05:05:03,579 null [INFO] (../src/fwidbmgr.cpp:5361) fwi db manager
2019-08-27 05:05:03,579 null [INFO] (../src/fwidbmgr.cpp:5365) Program home: /home/meteo/dev/redist/fwidbmgr
2019-08-27 05:05:03,579 null [INFO] (../src/fwidbmgr.cpp:5369) Auto convert: 1
2019-08-27 05:05:03,579 null [INFO] (../src/fwidbmgr.cpp:446) action: in.
2019-08-27 05:05:03,579 null [INFO] (../src/fwidbmgr.cpp:470) date: 20190826.
2019-08-27 05:05:03,579 null [INFO] (../src/fwidbmgr.cpp:322) Try to read: /home/meteo/dev/redist/fwidbmgr/config/fwidbmgr.conf.
2019-08-27 05:05:03,582 null [INFO] (../src/fwidbmgr.cpp:5393) Configuration parsing: OK.
2019-08-27 05:05:03,593 null [INFO] (../src/fwidbmgr.cpp:5478) Connected to database
2019-08-27 05:05:03,593 null [INFO] (../src/fwidbmgr.cpp:5480) Manage data for date: 20190826.
2019-08-27 05:05:03,593 null [INFO] (../src/fwidbmgr.cpp:5536) Importing meteo data in database for day: 20190826.
2019-08-27 05:05:03,602 null [INFO] (/home/meteo/dev/redist/fwidbmgr/include/Grid.h:1595) Configuring grid: snow
2019-08-27 05:05:03,602 null [INFO] (/home/meteo/dev/redist/fwidbmgr/include/Grid.h:1695) Grid snow configured.
2019-08-27 05:05:03,615 null [INFO] (/home/meteo/dev/redist/fwidbmgr/include/Grid.h:1595) Configuring grid: snow_covering
2019-08-27 05:05:03,615 null [INFO] (/home/meteo/dev/redist/fwidbmgr/include/Grid.h:1695) Grid snow_covering configured.
2019-08-27 05:05:03,621 null [INFO] (/home/meteo/dev/redist/fwidbmgr/include/Grid.h:1595) Configuring grid: snow_dissolution
2019-08-27 05:05:03,622 null [INFO] (/home/meteo/dev/redist/fwidbmgr/include/Grid.h:1695) Grid snow_dissolution configured.
2019-08-27 05:05:03,636 null [INFO] (/home/meteo/dev/redist/fwidbmgr/include/Grid.h:1595) Configuring grid: temperature
2019-08-27 05:05:03,636 null [INFO] (/home/meteo/dev/redist/fwidbmgr/include/Grid.h:1695) Grid temperature configured.
2019-08-27 05:05:03,637 null [INFO] (/home/meteo/dev/redist/fwidbmgr/include/Grid.h:1595) Configuring grid: humidity
2019-08-27 05:05:03,637 null [INFO] (/home/meteo/dev/redist/fwidbmgr/include/Grid.h:1695) Grid humidity configured.
2019-08-27 05:05:03,640 null [INFO] (/home/meteo/dev/redist/fwidbmgr/include/Grid.h:1595) Configuring grid: windspeed
2019-08-27 05:05:03,640 null [INFO] (/home/meteo/dev/redist/fwidbmgr/include/Grid.h:1695) Grid windspeed configured.
2019-08-27 05:05:03,645 null [INFO] (/home/meteo/dev/redist/fwidbmgr/include/Grid.h:1595) Configuring grid: rain
2019-08-27 05:05:03,645 null [INFO] (/home/meteo/dev/redist/fwidbmgr/include/Grid.h:1695) Grid rain configured.
2019-08-27 05:05:03,647 null [INFO] (/home/meteo/dev/redist/fwidbmgr/include/Grid.h:1595) Configuring grid: cum_rain
2019-08-27 05:05:03,647 null [INFO] (/home/meteo/dev/redist/fwidbmgr/include/Grid.h:1695) Grid cum_rain configured.
2019-08-27 05:05:11,676 null [INFO] (../src/fwidbmgr.cpp:1518) Storing meteo input ...
2019-08-27 05:05:26,217 null [INFO] (../src/fwidbmgr.cpp:5540) OK --> 20190826 data imported.
2019-08-27 05:05:26,224 null [INFO] (../src/fwidbmgr.cpp:5695) action in took about 23 seconds.
2019-08-27 05:05:26,260 null [INFO] (../src/fwidbmgr.cpp:5699) Disconnected from database.
2019-08-27 05:06:01,961 null [INFO] (../src/fwidbmgr.cpp:5361) fwi db manager
2019-08-27 05:06:01,961 null [INFO] (../src/fwidbmgr.cpp:5365) Program home: /home/meteo/dev/redist/fwidbmgr
2019-08-27 05:06:01,961 null [INFO] (../src/fwidbmgr.cpp:5369) Auto convert: 1
2019-08-27 05:06:01,961 null [INFO] (../src/fwidbmgr.cpp:446) action: out.
2019-08-27 05:06:01,961 null [INFO] (../src/fwidbmgr.cpp:470) date: 20190826.
2019-08-27 05:06:01,961 null [INFO] (../src/fwidbmgr.cpp:322) Try to read: /home/meteo/dev/redist/fwidbmgr/config/fwidbmgr.conf.
2019-08-27 05:06:01,963 null [INFO] (../src/fwidbmgr.cpp:5393) Configuration parsing: OK.
2019-08-27 05:06:01,966 null [INFO] (../src/fwidbmgr.cpp:5478) Connected to database
2019-08-27 05:06:01,966 null [INFO] (../src/fwidbmgr.cpp:5480) Manage data for date: 20190826.
2019-08-27 05:06:01,967 null [INFO] (../src/fwidbmgr.cpp:5551) Importing fwi indexes data in database for day: 20190826.
2019-08-27 05:06:01,971 null [INFO] (/home/meteo/dev/redist/fwidbmgr/include/Grid.h:1595) Configuring grid: isi
2019-08-27 05:06:01,971 null [INFO] (/home/meteo/dev/redist/fwidbmgr/include/Grid.h:1695) Grid isi configured.
2019-08-27 05:06:01,980 null [INFO] (/home/meteo/dev/redist/fwidbmgr/include/Grid.h:1595) Configuring grid: fwi
2019-08-27 05:06:01,980 null [INFO] (/home/meteo/dev/redist/fwidbmgr/include/Grid.h:1695) Grid fwi configured.
2019-08-27 05:06:01,987 null [INFO] (/home/meteo/dev/redist/fwidbmgr/include/Grid.h:1595) Configuring grid: ffmc
2019-08-27 05:06:01,987 null [INFO] (/home/meteo/dev/redist/fwidbmgr/include/Grid.h:1695) Grid ffmc configured.
2019-08-27 05:06:01,994 null [INFO] (/home/meteo/dev/redist/fwidbmgr/include/Grid.h:1595) Configuring grid: dmc
2019-08-27 05:06:01,994 null [INFO] (/home/meteo/dev/redist/fwidbmgr/include/Grid.h:1695) Grid dmc configured.
2019-08-27 05:06:02,000 null [INFO] (/home/meteo/dev/redist/fwidbmgr/include/Grid.h:1595) Configuring grid: dc
2019-08-27 05:06:02,001 null [INFO] (/home/meteo/dev/redist/fwidbmgr/include/Grid.h:1695) Grid dc configured.
2019-08-27 05:06:02,008 null [INFO] (/home/meteo/dev/redist/fwidbmgr/include/Grid.h:1595) Configuring grid: bui
2019-08-27 05:06:02,008 null [INFO] (/home/meteo/dev/redist/fwidbmgr/include/Grid.h:1695) Grid bui configured.
2019-08-27 05:06:02,014 null [INFO] (/home/meteo/dev/redist/fwidbmgr/include/Grid.h:1595) Configuring grid: ffmc_tmp
2019-08-27 05:06:02,014 null [INFO] (/home/meteo/dev/redist/fwidbmgr/include/Grid.h:1695) Grid ffmc_tmp configured.
2019-08-27 05:06:02,025 null [INFO] (/home/meteo/dev/redist/fwidbmgr/include/Grid.h:1595) Configuring grid: dmc_tmp
2019-08-27 05:06:02,025 null [INFO] (/home/meteo/dev/redist/fwidbmgr/include/Grid.h:1695) Grid dmc_tmp configured.
2019-08-27 05:06:02,036 null [INFO] (/home/meteo/dev/redist/fwidbmgr/include/Grid.h:1595) Configuring grid: dc_tmp
2019-08-27 05:06:02,036 null [INFO] (/home/meteo/dev/redist/fwidbmgr/include/Grid.h:1695) Grid dc_tmp configured.
2019-08-27 05:06:02,047 null [INFO] (/home/meteo/dev/redist/fwidbmgr/include/Grid.h:1595) Configuring grid: idi
2019-08-27 05:06:02,047 null [INFO] (/home/meteo/dev/redist/fwidbmgr/include/Grid.h:1695) Grid idi configured.
2019-08-27 05:06:08,885 null [INFO] (../src/fwidbmgr.cpp:2081) Storing FWI indexes ...
2019-08-27 05:06:19,199 null [INFO] (../src/fwidbmgr.cpp:5555) OK --> 20190826 data imported.
2019-08-27 05:06:19,199 null [INFO] (../src/fwidbmgr.cpp:5695) action out took about 18 seconds.
2019-08-27 05:06:19,200 null [INFO] (../src/fwidbmgr.cpp:5699) Disconnected from database.
2019-08-27 05:06:19,330 null [INFO] (../src/fwidbmgr.cpp:5361) fwi db manager
2019-08-27 05:06:19,330 null [INFO] (../src/fwidbmgr.cpp:5365) Program home: /home/meteo/dev/redist/fwidbmgr
2019-08-27 05:06:19,330 null [INFO] (../src/fwidbmgr.cpp:5369) Auto convert: 1
2019-08-27 05:06:19,330 null [INFO] (../src/fwidbmgr.cpp:446) action: computeidx.
2019-08-27 05:06:19,330 null [INFO] (../src/fwidbmgr.cpp:470) date: 20190826.
2019-08-27 05:06:19,330 null [INFO] (../src/fwidbmgr.cpp:322) Try to read: /home/meteo/dev/redist/fwidbmgr/config/fwidbmgr.conf.
2019-08-27 05:06:19,332 null [INFO] (../src/fwidbmgr.cpp:5393) Configuration parsing: OK.
2019-08-27 05:06:19,344 null [INFO] (../src/fwidbmgr.cpp:5478) Connected to database
2019-08-27 05:06:19,344 null [INFO] (../src/fwidbmgr.cpp:5480) Manage data for date: 20190826.
2019-08-27 05:06:19,344 null [INFO] (../src/fwidbmgr.cpp:5656) Computing indexes.
2019-08-27 05:06:19,348 null [INFO] (/home/meteo/dev/redist/fwidbmgr/include/Grid.h:1595) Configuring grid: isi
2019-08-27 05:06:19,348 null [INFO] (/home/meteo/dev/redist/fwidbmgr/include/Grid.h:1695) Grid isi configured.
2019-08-27 05:06:19,351 null [INFO] (/home/meteo/dev/redist/fwidbmgr/include/Grid.h:1595) Configuring grid: fwi
2019-08-27 05:06:19,351 null [INFO] (/home/meteo/dev/redist/fwidbmgr/include/Grid.h:1695) Grid fwi configured.
2019-08-27 05:06:19,353 null [INFO] (/home/meteo/dev/redist/fwidbmgr/include/Grid.h:1595) Configuring grid: ffmc
2019-08-27 05:06:19,353 null [INFO] (/home/meteo/dev/redist/fwidbmgr/include/Grid.h:1695) Grid ffmc configured.
2019-08-27 05:06:19,354 null [INFO] (/home/meteo/dev/redist/fwidbmgr/include/Grid.h:1595) Configuring grid: dmc
2019-08-27 05:06:19,354 null [INFO] (/home/meteo/dev/redist/fwidbmgr/include/Grid.h:1695) Grid dmc configured.
2019-08-27 05:06:19,355 null [INFO] (/home/meteo/dev/redist/fwidbmgr/include/Grid.h:1595) Configuring grid: dc
2019-08-27 05:06:19,356 null [INFO] (/home/meteo/dev/redist/fwidbmgr/include/Grid.h:1695) Grid dc configured.
2019-08-27 05:06:19,357 null [INFO] (/home/meteo/dev/redist/fwidbmgr/include/Grid.h:1595) Configuring grid: bui
2019-08-27 05:06:19,357 null [INFO] (/home/meteo/dev/redist/fwidbmgr/include/Grid.h:1695) Grid bui configured.
2019-08-27 05:06:19,358 null [INFO] (/home/meteo/dev/redist/fwidbmgr/include/Grid.h:1595) Configuring grid: ffmc_tmp
2019-08-27 05:06:19,358 null [INFO] (/home/meteo/dev/redist/fwidbmgr/include/Grid.h:1695) Grid ffmc_tmp configured.
2019-08-27 05:06:19,359 null [INFO] (/home/meteo/dev/redist/fwidbmgr/include/Grid.h:1595) Configuring grid: dmc_tmp
2019-08-27 05:06:19,359 null [INFO] (/home/meteo/dev/redist/fwidbmgr/include/Grid.h:1695) Grid dmc_tmp configured.
2019-08-27 05:06:19,360 null [INFO] (/home/meteo/dev/redist/fwidbmgr/include/Grid.h:1595) Configuring grid: dc_tmp
2019-08-27 05:06:19,360 null [INFO] (/home/meteo/dev/redist/fwidbmgr/include/Grid.h:1695) Grid dc_tmp configured.
2019-08-27 05:06:19,362 null [INFO] (/home/meteo/dev/redist/fwidbmgr/include/Grid.h:1595) Configuring grid: idi
2019-08-27 05:06:19,362 null [INFO] (/home/meteo/dev/redist/fwidbmgr/include/Grid.h:1695) Grid idi configured.
2019-08-27 05:06:19,363 null [INFO] (/home/meteo/dev/redist/fwidbmgr/include/Grid.h:1595) Configuring grid: angstrom
2019-08-27 05:06:19,363 null [INFO] (/home/meteo/dev/redist/fwidbmgr/include/Grid.h:1695) Grid angstrom configured.
2019-08-27 05:06:19,364 null [INFO] (/home/meteo/dev/redist/fwidbmgr/include/Grid.h:1595) Configuring grid: fmi
2019-08-27 05:06:19,364 null [INFO] (/home/meteo/dev/redist/fwidbmgr/include/Grid.h:1695) Grid fmi configured.
2019-08-27 05:06:19,365 null [INFO] (/home/meteo/dev/redist/fwidbmgr/include/Grid.h:1595) Configuring grid: sharples
2019-08-27 05:06:19,365 null [INFO] (/home/meteo/dev/redist/fwidbmgr/include/Grid.h:1695) Grid sharples configured.
2019-08-27 05:06:24,870 null [INFO] (/home/meteo/dev/redist/fwidbmgr/include/Grid.h:1595) Configuring grid: snow
2019-08-27 05:06:24,870 null [INFO] (/home/meteo/dev/redist/fwidbmgr/include/Grid.h:1695) Grid snow configured.
2019-08-27 05:06:24,870 null [INFO] (/home/meteo/dev/redist/fwidbmgr/include/Grid.h:1595) Configuring grid: snow_covering
2019-08-27 05:06:24,870 null [INFO] (/home/meteo/dev/redist/fwidbmgr/include/Grid.h:1695) Grid snow_covering configured.
2019-08-27 05:06:24,870 null [INFO] (/home/meteo/dev/redist/fwidbmgr/include/Grid.h:1595) Configuring grid: snow_dissolution
2019-08-27 05:06:24,870 null [INFO] (/home/meteo/dev/redist/fwidbmgr/include/Grid.h:1695) Grid snow_dissolution configured.
2019-08-27 05:06:24,870 null [INFO] (/home/meteo/dev/redist/fwidbmgr/include/Grid.h:1595) Configuring grid: temperature
2019-08-27 05:06:24,870 null [INFO] (/home/meteo/dev/redist/fwidbmgr/include/Grid.h:1695) Grid temperature configured.
2019-08-27 05:06:24,870 null [INFO] (/home/meteo/dev/redist/fwidbmgr/include/Grid.h:1595) Configuring grid: humidity
2019-08-27 05:06:24,870 null [INFO] (/home/meteo/dev/redist/fwidbmgr/include/Grid.h:1695) Grid humidity configured.
2019-08-27 05:06:24,870 null [INFO] (/home/meteo/dev/redist/fwidbmgr/include/Grid.h:1595) Configuring grid: windspeed
2019-08-27 05:06:24,870 null [INFO] (/home/meteo/dev/redist/fwidbmgr/include/Grid.h:1695) Grid windspeed configured.
2019-08-27 05:06:24,870 null [INFO] (/home/meteo/dev/redist/fwidbmgr/include/Grid.h:1595) Configuring grid: rain
2019-08-27 05:06:24,870 null [INFO] (/home/meteo/dev/redist/fwidbmgr/include/Grid.h:1695) Grid rain configured.
2019-08-27 05:06:24,870 null [INFO] (/home/meteo/dev/redist/fwidbmgr/include/Grid.h:1595) Configuring grid: cum_rain
2019-08-27 05:06:24,870 null [INFO] (/home/meteo/dev/redist/fwidbmgr/include/Grid.h:1695) Grid cum_rain configured.
2019-08-27 05:07:31,527 null [INFO] (../src/fwidbmgr.cpp:5660) OK --> 20190826 indexes computed.
2019-08-27 05:07:31,528 null [INFO] (../src/fwidbmgr.cpp:5695) action computeidx took about 72 seconds.
2019-08-27 05:07:31,528 null [INFO] (../src/fwidbmgr.cpp:5699) Disconnected from database.
2019-08-27 05:07:31,602 null [INFO] (../src/fwidbmgr.cpp:5361) fwi db manager
2019-08-27 05:07:31,602 null [INFO] (../src/fwidbmgr.cpp:5365) Program home: /home/meteo/dev/redist/fwidbmgr
2019-08-27 05:07:31,602 null [INFO] (../src/fwidbmgr.cpp:5369) Auto convert: 1
2019-08-27 05:07:31,602 null [INFO] (../src/fwidbmgr.cpp:446) action: exportidx.
2019-08-27 05:07:31,602 null [INFO] (../src/fwidbmgr.cpp:470) date: 20190826.
2019-08-27 05:07:31,602 null [INFO] (../src/fwidbmgr.cpp:322) Try to read: /home/meteo/dev/redist/fwidbmgr/config/fwidbmgr.conf.
2019-08-27 05:07:31,604 null [INFO] (../src/fwidbmgr.cpp:5393) Configuration parsing: OK.
2019-08-27 05:07:31,617 null [INFO] (../src/fwidbmgr.cpp:5478) Connected to database
2019-08-27 05:07:31,618 null [INFO] (../src/fwidbmgr.cpp:5480) Manage data for date: 20190826.
2019-08-27 05:07:31,618 null [INFO] (../src/fwidbmgr.cpp:5596) Exporting indexes.
2019-08-27 05:07:31,621 null [INFO] (/home/meteo/dev/redist/fwidbmgr/include/Grid.h:1595) Configuring grid: isi
2019-08-27 05:07:31,621 null [INFO] (/home/meteo/dev/redist/fwidbmgr/include/Grid.h:1695) Grid isi configured.
2019-08-27 05:07:31,623 null [INFO] (/home/meteo/dev/redist/fwidbmgr/include/Grid.h:1595) Configuring grid: fwi
2019-08-27 05:07:31,623 null [INFO] (/home/meteo/dev/redist/fwidbmgr/include/Grid.h:1695) Grid fwi configured.
2019-08-27 05:07:31,625 null [INFO] (/home/meteo/dev/redist/fwidbmgr/include/Grid.h:1595) Configuring grid: ffmc
2019-08-27 05:07:31,625 null [INFO] (/home/meteo/dev/redist/fwidbmgr/include/Grid.h:1695) Grid ffmc configured.
2019-08-27 05:07:31,627 null [INFO] (/home/meteo/dev/redist/fwidbmgr/include/Grid.h:1595) Configuring grid: dmc
2019-08-27 05:07:31,628 null [INFO] (/home/meteo/dev/redist/fwidbmgr/include/Grid.h:1695) Grid dmc configured.
2019-08-27 05:07:31,630 null [INFO] (/home/meteo/dev/redist/fwidbmgr/include/Grid.h:1595) Configuring grid: dc
2019-08-27 05:07:31,630 null [INFO] (/home/meteo/dev/redist/fwidbmgr/include/Grid.h:1695) Grid dc configured.
2019-08-27 05:07:31,631 null [INFO] (/home/meteo/dev/redist/fwidbmgr/include/Grid.h:1595) Configuring grid: bui
2019-08-27 05:07:31,631 null [INFO] (/home/meteo/dev/redist/fwidbmgr/include/Grid.h:1695) Grid bui configured.
2019-08-27 05:07:31,632 null [INFO] (/home/meteo/dev/redist/fwidbmgr/include/Grid.h:1595) Configuring grid: ffmc_tmp
2019-08-27 05:07:31,632 null [INFO] (/home/meteo/dev/redist/fwidbmgr/include/Grid.h:1695) Grid ffmc_tmp configured.
2019-08-27 05:07:31,633 null [INFO] (/home/meteo/dev/redist/fwidbmgr/include/Grid.h:1595) Configuring grid: dmc_tmp
2019-08-27 05:07:31,633 null [INFO] (/home/meteo/dev/redist/fwidbmgr/include/Grid.h:1695) Grid dmc_tmp configured.
2019-08-27 05:07:31,634 null [INFO] (/home/meteo/dev/redist/fwidbmgr/include/Grid.h:1595) Configuring grid: dc_tmp
2019-08-27 05:07:31,634 null [INFO] (/home/meteo/dev/redist/fwidbmgr/include/Grid.h:1695) Grid dc_tmp configured.
2019-08-27 05:07:31,635 null [INFO] (/home/meteo/dev/redist/fwidbmgr/include/Grid.h:1595) Configuring grid: idi
2019-08-27 05:07:31,635 null [INFO] (/home/meteo/dev/redist/fwidbmgr/include/Grid.h:1695) Grid idi configured.
2019-08-27 05:07:31,636 null [INFO] (/home/meteo/dev/redist/fwidbmgr/include/Grid.h:1595) Configuring grid: angstrom
2019-08-27 05:07:31,636 null [INFO] (/home/meteo/dev/redist/fwidbmgr/include/Grid.h:1695) Grid angstrom configured.
2019-08-27 05:07:31,637 null [INFO] (/home/meteo/dev/redist/fwidbmgr/include/Grid.h:1595) Configuring grid: fmi
2019-08-27 05:07:31,637 null [INFO] (/home/meteo/dev/redist/fwidbmgr/include/Grid.h:1695) Grid fmi configured.
2019-08-27 05:07:31,638 null [INFO] (/home/meteo/dev/redist/fwidbmgr/include/Grid.h:1595) Configuring grid: sharples
2019-08-27 05:07:31,638 null [INFO] (/home/meteo/dev/redist/fwidbmgr/include/Grid.h:1695) Grid sharples configured.
2019-08-27 05:07:37,033 null [INFO] (/home/meteo/dev/redist/fwidbmgr/include/Grid.h:1595) Configuring grid: isi
2019-08-27 05:07:37,033 null [INFO] (/home/meteo/dev/redist/fwidbmgr/include/Grid.h:1695) Grid isi configured.
2019-08-27 05:07:37,056 null [INFO] (/home/meteo/dev/redist/fwidbmgr/include/Grid.h:1595) Configuring grid: fwi
2019-08-27 05:07:37,056 null [INFO] (/home/meteo/dev/redist/fwidbmgr/include/Grid.h:1695) Grid fwi configured.
2019-08-27 05:07:37,086 null [INFO] (/home/meteo/dev/redist/fwidbmgr/include/Grid.h:1595) Configuring grid: ffmc
2019-08-27 05:07:37,086 null [INFO] (/home/meteo/dev/redist/fwidbmgr/include/Grid.h:1695) Grid ffmc configured.
2019-08-27 05:07:37,106 null [INFO] (/home/meteo/dev/redist/fwidbmgr/include/Grid.h:1595) Configuring grid: dmc
2019-08-27 05:07:37,106 null [INFO] (/home/meteo/dev/redist/fwidbmgr/include/Grid.h:1695) Grid dmc configured.
2019-08-27 05:07:37,125 null [INFO] (/home/meteo/dev/redist/fwidbmgr/include/Grid.h:1595) Configuring grid: dc
2019-08-27 05:07:37,125 null [INFO] (/home/meteo/dev/redist/fwidbmgr/include/Grid.h:1695) Grid dc configured.
2019-08-27 05:07:37,145 null [INFO] (/home/meteo/dev/redist/fwidbmgr/include/Grid.h:1595) Configuring grid: bui
2019-08-27 05:07:37,145 null [INFO] (/home/meteo/dev/redist/fwidbmgr/include/Grid.h:1695) Grid bui configured.
2019-08-27 05:07:37,164 null [INFO] (/home/meteo/dev/redist/fwidbmgr/include/Grid.h:1595) Configuring grid: ffmc_tmp
2019-08-27 05:07:37,164 null [INFO] (/home/meteo/dev/redist/fwidbmgr/include/Grid.h:1695) Grid ffmc_tmp configured.
2019-08-27 05:07:37,184 null [INFO] (/home/meteo/dev/redist/fwidbmgr/include/Grid.h:1595) Configuring grid: dmc_tmp
2019-08-27 05:07:37,184 null [INFO] (/home/meteo/dev/redist/fwidbmgr/include/Grid.h:1695) Grid dmc_tmp configured.
2019-08-27 05:07:37,203 null [INFO] (/home/meteo/dev/redist/fwidbmgr/include/Grid.h:1595) Configuring grid: dc_tmp
2019-08-27 05:07:37,203 null [INFO] (/home/meteo/dev/redist/fwidbmgr/include/Grid.h:1695) Grid dc_tmp configured.
2019-08-27 05:07:37,222 null [INFO] (/home/meteo/dev/redist/fwidbmgr/include/Grid.h:1595) Configuring grid: angstrom
2019-08-27 05:07:37,222 null [INFO] (/home/meteo/dev/redist/fwidbmgr/include/Grid.h:1695) Grid angstrom configured.
2019-08-27 05:07:37,245 null [INFO] (/home/meteo/dev/redist/fwidbmgr/include/Grid.h:1595) Configuring grid: sharples
2019-08-27 05:07:37,245 null [INFO] (/home/meteo/dev/redist/fwidbmgr/include/Grid.h:1695) Grid sharples configured.
2019-08-27 05:07:37,265 null [INFO] (/home/meteo/dev/redist/fwidbmgr/include/Grid.h:1595) Configuring grid: fmi
2019-08-27 05:07:37,265 null [INFO] (/home/meteo/dev/redist/fwidbmgr/include/Grid.h:1695) Grid fmi configured.
2019-08-27 05:07:37,283 null [INFO] (../src/fwidbmgr.cpp:5600) OK --> 20190826 indexes exported to files.
2019-08-27 05:07:37,283 null [INFO] (../src/fwidbmgr.cpp:5695) action exportidx took about 6 seconds.
2019-08-27 05:07:37,284 null [INFO] (../src/fwidbmgr.cpp:5699) Disconnected from database.
2019-08-27 05:07:51,935 null [INFO] (../src/fwidbmgr.cpp:5361) fwi db manager
2019-08-27 05:07:51,935 null [INFO] (../src/fwidbmgr.cpp:5365) Program home: /home/meteo/dev/redist/fwidbmgr
2019-08-27 05:07:51,935 null [INFO] (../src/fwidbmgr.cpp:5369) Auto convert: 1
2019-08-27 05:07:51,935 null [INFO] (../src/fwidbmgr.cpp:446) action: outimg.
2019-08-27 05:07:51,935 null [INFO] (../src/fwidbmgr.cpp:470) date: 20190826.
2019-08-27 05:07:51,935 null [INFO] (../src/fwidbmgr.cpp:322) Try to read: /home/meteo/dev/redist/fwidbmgr/config/fwidbmgr.conf.
2019-08-27 05:07:51,939 null [INFO] (../src/fwidbmgr.cpp:5393) Configuration parsing: OK.
2019-08-27 05:07:51,942 null [INFO] (../src/fwidbmgr.cpp:5478) Connected to database
2019-08-27 05:07:51,942 null [INFO] (../src/fwidbmgr.cpp:5480) Manage data for date: 20190826.
2019-08-27 05:07:51,942 null [INFO] (../src/fwidbmgr.cpp:5566) Importing fwi indexes images in database.
2019-08-27 05:07:52,042 null [INFO] (../src/fwidbmgr.cpp:5570) OK --> 20190826 images imported.
2019-08-27 05:07:52,042 null [INFO] (../src/fwidbmgr.cpp:5695) action outimg took about 1 seconds.
2019-08-27 05:07:52,042 null [INFO] (../src/fwidbmgr.cpp:5699) Disconnected from database.
2019-08-27 05:37:01,143 null [INFO] (../src/fwidbmgr.cpp:5361) fwi db manager
2019-08-27 05:37:01,143 null [INFO] (../src/fwidbmgr.cpp:5365) Program home: /home/meteo/dev/redist/fwidbmgr
2019-08-27 05:37:01,144 null [INFO] (../src/fwidbmgr.cpp:5369) Auto convert: 1
2019-08-27 05:37:01,144 null [INFO] (../src/fwidbmgr.cpp:446) action: outimg.
2019-08-27 05:37:01,144 null [INFO] (../src/fwidbmgr.cpp:470) date: 20190826.
2019-08-27 05:37:01,144 null [INFO] (../src/fwidbmgr.cpp:322) Try to read: /home/meteo/dev/redist/fwidbmgr/config/fwidbmgr.conf.
2019-08-27 05:37:01,145 null [INFO] (../src/fwidbmgr.cpp:5393) Configuration parsing: OK.
2019-08-27 05:37:01,151 null [INFO] (../src/fwidbmgr.cpp:5478) Connected to database
2019-08-27 05:37:01,151 null [INFO] (../src/fwidbmgr.cpp:5480) Manage data for date: 20190826.
2019-08-27 05:37:01,151 null [INFO] (../src/fwidbmgr.cpp:5566) Importing fwi indexes images in database.
2019-08-27 05:37:01,216 null [INFO] (../src/fwidbmgr.cpp:5570) OK --> 20190826 images imported.
2019-08-27 05:37:01,216 null [INFO] (../src/fwidbmgr.cpp:5695) action outimg took about 0 seconds.
2019-08-27 05:37:01,216 null [INFO] (../src/fwidbmgr.cpp:5699) Disconnected from database.
2019-08-27 06:05:01,370 null [INFO] (../src/fwidbmgr.cpp:5361) fwi db manager
2019-08-27 06:05:01,371 null [INFO] (../src/fwidbmgr.cpp:5365) Program home: /home/meteo/dev/redist/fwidbmgr
2019-08-27 06:05:01,371 null [INFO] (../src/fwidbmgr.cpp:5369) Auto convert: 1
2019-08-27 06:05:01,371 null [INFO] (../src/fwidbmgr.cpp:446) action: outimg.
2019-08-27 06:05:01,371 null [INFO] (../src/fwidbmgr.cpp:470) date: 20190826.
2019-08-27 06:05:01,371 null [INFO] (../src/fwidbmgr.cpp:322) Try to read: /home/meteo/dev/redist/fwidbmgr/config/fwidbmgr.conf.
2019-08-27 06:05:01,373 null [INFO] (../src/fwidbmgr.cpp:5393) Configuration parsing: OK.
2019-08-27 06:05:01,379 null [INFO] (../src/fwidbmgr.cpp:5478) Connected to database
2019-08-27 06:05:01,379 null [INFO] (../src/fwidbmgr.cpp:5480) Manage data for date: 20190826.
2019-08-27 06:05:01,379 null [INFO] (../src/fwidbmgr.cpp:5566) Importing fwi indexes images in database.
2019-08-27 06:05:01,427 null [INFO] (../src/fwidbmgr.cpp:5570) OK --> 20190826 images imported.
2019-08-27 06:05:01,428 null [INFO] (../src/fwidbmgr.cpp:5695) action outimg took about 0 seconds.
2019-08-27 06:05:01,428 null [INFO] (../src/fwidbmgr.cpp:5699) Disconnected from database.
2019-08-27 06:37:01,570 null [INFO] (../src/fwidbmgr.cpp:5361) fwi db manager
2019-08-27 06:37:01,570 null [INFO] (../src/fwidbmgr.cpp:5365) Program home: /home/meteo/dev/redist/fwidbmgr
2019-08-27 06:37:01,570 null [INFO] (../src/fwidbmgr.cpp:5369) Auto convert: 1
2019-08-27 06:37:01,570 null [INFO] (../src/fwidbmgr.cpp:446) action: outimg.
2019-08-27 06:37:01,570 null [INFO] (../src/fwidbmgr.cpp:470) date: 20190826.
2019-08-27 06:37:01,570 null [INFO] (../src/fwidbmgr.cpp:322) Try to read: /home/meteo/dev/redist/fwidbmgr/config/fwidbmgr.conf.
2019-08-27 06:37:01,571 null [INFO] (../src/fwidbmgr.cpp:5393) Configuration parsing: OK.
2019-08-27 06:37:01,576 null [INFO] (../src/fwidbmgr.cpp:5478) Connected to database
2019-08-27 06:37:01,576 null [INFO] (../src/fwidbmgr.cpp:5480) Manage data for date: 20190826.
2019-08-27 06:37:01,576 null [INFO] (../src/fwidbmgr.cpp:5566) Importing fwi indexes images in database.
2019-08-27 06:37:01,615 null [INFO] (../src/fwidbmgr.cpp:5570) OK --> 20190826 images imported.
2019-08-27 06:37:01,615 null [INFO] (../src/fwidbmgr.cpp:5695) action outimg took about 0 seconds.
2019-08-27 06:37:01,615 null [INFO] (../src/fwidbmgr.cpp:5699) Disconnected from database.
2019-08-27 07:05:01,352 null [INFO] (../src/fwidbmgr.cpp:5361) fwi db manager
2019-08-27 07:05:01,352 null [INFO] (../src/fwidbmgr.cpp:5365) Program home: /home/meteo/dev/redist/fwidbmgr
2019-08-27 07:05:01,352 null [INFO] (../src/fwidbmgr.cpp:5369) Auto convert: 1
2019-08-27 07:05:01,352 null [INFO] (../src/fwidbmgr.cpp:446) action: outimg.
2019-08-27 07:05:01,352 null [INFO] (../src/fwidbmgr.cpp:470) date: 20190826.
2019-08-27 07:05:01,353 null [INFO] (../src/fwidbmgr.cpp:322) Try to read: /home/meteo/dev/redist/fwidbmgr/config/fwidbmgr.conf.
2019-08-27 07:05:01,354 null [INFO] (../src/fwidbmgr.cpp:5393) Configuration parsing: OK.
2019-08-27 07:05:01,360 null [INFO] (../src/fwidbmgr.cpp:5478) Connected to database
2019-08-27 07:05:01,360 null [INFO] (../src/fwidbmgr.cpp:5480) Manage data for date: 20190826.
2019-08-27 07:05:01,360 null [INFO] (../src/fwidbmgr.cpp:5566) Importing fwi indexes images in database.
2019-08-27 07:05:01,397 null [INFO] (../src/fwidbmgr.cpp:5570) OK --> 20190826 images imported.
2019-08-27 07:05:01,397 null [INFO] (../src/fwidbmgr.cpp:5695) action outimg took about 0 seconds.
2019-08-27 07:05:01,397 null [INFO] (../src/fwidbmgr.cpp:5699) Disconnected from database.
2019-08-27 07:37:01,532 null [INFO] (../src/fwidbmgr.cpp:5361) fwi db manager
2019-08-27 07:37:01,533 null [INFO] (../src/fwidbmgr.cpp:5365) Program home: /home/meteo/dev/redist/fwidbmgr
2019-08-27 07:37:01,533 null [INFO] (../src/fwidbmgr.cpp:5369) Auto convert: 1
2019-08-27 07:37:01,533 null [INFO] (../src/fwidbmgr.cpp:446) action: outimg.
2019-08-27 07:37:01,533 null [INFO] (../src/fwidbmgr.cpp:470) date: 20190826.
2019-08-27 07:37:01,533 null [INFO] (../src/fwidbmgr.cpp:322) Try to read: /home/meteo/dev/redist/fwidbmgr/config/fwidbmgr.conf.
2019-08-27 07:37:01,534 null [INFO] (../src/fwidbmgr.cpp:5393) Configuration parsing: OK.
2019-08-27 07:37:01,543 null [INFO] (../src/fwidbmgr.cpp:5478) Connected to database
2019-08-27 07:37:01,543 null [INFO] (../src/fwidbmgr.cpp:5480) Manage data for date: 20190826.
2019-08-27 07:37:01,543 null [INFO] (../src/fwidbmgr.cpp:5566) Importing fwi indexes images in database.
2019-08-27 07:37:01,585 null [INFO] (../src/fwidbmgr.cpp:5570) OK --> 20190826 images imported.
2019-08-27 07:37:01,585 null [INFO] (../src/fwidbmgr.cpp:5695) action outimg took about 0 seconds.
2019-08-27 07:37:01,585 null [INFO] (../src/fwidbmgr.cpp:5699) Disconnected from database.
