2018-03-13 05:06:48,006 null [INFO] (../src/fwidbmgr.cpp:5361) fwi db manager
2018-03-13 05:06:48,007 null [INFO] (../src/fwidbmgr.cpp:5365) Program home: /home/meteo/dev/redist/fwidbmgr
2018-03-13 05:06:48,007 null [INFO] (../src/fwidbmgr.cpp:5369) Auto convert: 1
2018-03-13 05:06:48,007 null [INFO] (../src/fwidbmgr.cpp:446) action: in.
2018-03-13 05:06:48,007 null [INFO] (../src/fwidbmgr.cpp:470) date: 20180312.
2018-03-13 05:06:48,007 null [INFO] (../src/fwidbmgr.cpp:322) Try to read: /home/meteo/dev/redist/fwidbmgr/config/fwidbmgr.conf.
2018-03-13 05:06:48,021 null [INFO] (../src/fwidbmgr.cpp:5393) Configuration parsing: OK.
2018-03-13 05:06:48,025 null [INFO] (../src/fwidbmgr.cpp:5478) Connected to database
2018-03-13 05:06:48,025 null [INFO] (../src/fwidbmgr.cpp:5480) Manage data for date: 20180312.
2018-03-13 05:06:48,025 null [INFO] (../src/fwidbmgr.cpp:5536) Importing meteo data in database for day: 20180312.
2018-03-13 05:06:48,027 null [INFO] (/home/meteo/dev/redist/fwidbmgr/include/Grid.h:1595) Configuring grid: snow
2018-03-13 05:06:48,027 null [INFO] (/home/meteo/dev/redist/fwidbmgr/include/Grid.h:1695) Grid snow configured.
2018-03-13 05:06:48,038 null [INFO] (/home/meteo/dev/redist/fwidbmgr/include/Grid.h:1595) Configuring grid: snow_covering
2018-03-13 05:06:48,038 null [INFO] (/home/meteo/dev/redist/fwidbmgr/include/Grid.h:1695) Grid snow_covering configured.
2018-03-13 05:06:48,052 null [INFO] (/home/meteo/dev/redist/fwidbmgr/include/Grid.h:1595) Configuring grid: snow_dissolution
2018-03-13 05:06:48,052 null [INFO] (/home/meteo/dev/redist/fwidbmgr/include/Grid.h:1695) Grid snow_dissolution configured.
2018-03-13 05:06:48,075 null [INFO] (/home/meteo/dev/redist/fwidbmgr/include/Grid.h:1595) Configuring grid: temperature
2018-03-13 05:06:48,075 null [INFO] (/home/meteo/dev/redist/fwidbmgr/include/Grid.h:1695) Grid temperature configured.
2018-03-13 05:06:48,080 null [INFO] (/home/meteo/dev/redist/fwidbmgr/include/Grid.h:1595) Configuring grid: humidity
2018-03-13 05:06:48,080 null [INFO] (/home/meteo/dev/redist/fwidbmgr/include/Grid.h:1695) Grid humidity configured.
2018-03-13 05:06:48,090 null [INFO] (/home/meteo/dev/redist/fwidbmgr/include/Grid.h:1595) Configuring grid: windspeed
2018-03-13 05:06:48,090 null [INFO] (/home/meteo/dev/redist/fwidbmgr/include/Grid.h:1695) Grid windspeed configured.
2018-03-13 05:06:48,113 null [INFO] (/home/meteo/dev/redist/fwidbmgr/include/Grid.h:1595) Configuring grid: rain
2018-03-13 05:06:48,113 null [INFO] (/home/meteo/dev/redist/fwidbmgr/include/Grid.h:1695) Grid rain configured.
2018-03-13 05:06:48,116 null [INFO] (/home/meteo/dev/redist/fwidbmgr/include/Grid.h:1595) Configuring grid: cum_rain
2018-03-13 05:06:48,116 null [INFO] (/home/meteo/dev/redist/fwidbmgr/include/Grid.h:1695) Grid cum_rain configured.
2018-03-13 05:06:48,379 null [INFO] (../src/fwidbmgr.cpp:1518) Storing meteo input ...
2018-03-13 05:07:01,851 null [INFO] (../src/fwidbmgr.cpp:5540) OK --> 20180312 data imported.
2018-03-13 05:07:01,943 null [INFO] (../src/fwidbmgr.cpp:5695) action in took about 13 seconds.
2018-03-13 05:07:01,962 null [INFO] (../src/fwidbmgr.cpp:5699) Disconnected from database.
2018-03-13 05:08:22,030 null [INFO] (../src/fwidbmgr.cpp:5361) fwi db manager
2018-03-13 05:08:22,030 null [INFO] (../src/fwidbmgr.cpp:5365) Program home: /home/meteo/dev/redist/fwidbmgr
2018-03-13 05:08:22,030 null [INFO] (../src/fwidbmgr.cpp:5369) Auto convert: 1
2018-03-13 05:08:22,030 null [INFO] (../src/fwidbmgr.cpp:446) action: out.
2018-03-13 05:08:22,030 null [INFO] (../src/fwidbmgr.cpp:470) date: 20180312.
2018-03-13 05:08:22,030 null [INFO] (../src/fwidbmgr.cpp:322) Try to read: /home/meteo/dev/redist/fwidbmgr/config/fwidbmgr.conf.
2018-03-13 05:08:22,039 null [INFO] (../src/fwidbmgr.cpp:5393) Configuration parsing: OK.
2018-03-13 05:08:22,049 null [INFO] (../src/fwidbmgr.cpp:5478) Connected to database
2018-03-13 05:08:22,049 null [INFO] (../src/fwidbmgr.cpp:5480) Manage data for date: 20180312.
2018-03-13 05:08:22,049 null [INFO] (../src/fwidbmgr.cpp:5551) Importing fwi indexes data in database for day: 20180312.
2018-03-13 05:08:22,051 null [INFO] (/home/meteo/dev/redist/fwidbmgr/include/Grid.h:1595) Configuring grid: isi
2018-03-13 05:08:22,051 null [INFO] (/home/meteo/dev/redist/fwidbmgr/include/Grid.h:1695) Grid isi configured.
2018-03-13 05:08:22,065 null [INFO] (/home/meteo/dev/redist/fwidbmgr/include/Grid.h:1595) Configuring grid: fwi
2018-03-13 05:08:22,065 null [INFO] (/home/meteo/dev/redist/fwidbmgr/include/Grid.h:1695) Grid fwi configured.
2018-03-13 05:08:22,079 null [INFO] (/home/meteo/dev/redist/fwidbmgr/include/Grid.h:1595) Configuring grid: ffmc
2018-03-13 05:08:22,079 null [INFO] (/home/meteo/dev/redist/fwidbmgr/include/Grid.h:1695) Grid ffmc configured.
2018-03-13 05:08:22,094 null [INFO] (/home/meteo/dev/redist/fwidbmgr/include/Grid.h:1595) Configuring grid: dmc
2018-03-13 05:08:22,094 null [INFO] (/home/meteo/dev/redist/fwidbmgr/include/Grid.h:1695) Grid dmc configured.
2018-03-13 05:08:22,107 null [INFO] (/home/meteo/dev/redist/fwidbmgr/include/Grid.h:1595) Configuring grid: dc
2018-03-13 05:08:22,107 null [INFO] (/home/meteo/dev/redist/fwidbmgr/include/Grid.h:1695) Grid dc configured.
2018-03-13 05:08:22,122 null [INFO] (/home/meteo/dev/redist/fwidbmgr/include/Grid.h:1595) Configuring grid: bui
2018-03-13 05:08:22,122 null [INFO] (/home/meteo/dev/redist/fwidbmgr/include/Grid.h:1695) Grid bui configured.
2018-03-13 05:08:22,136 null [INFO] (/home/meteo/dev/redist/fwidbmgr/include/Grid.h:1595) Configuring grid: ffmc_tmp
2018-03-13 05:08:22,136 null [INFO] (/home/meteo/dev/redist/fwidbmgr/include/Grid.h:1695) Grid ffmc_tmp configured.
2018-03-13 05:08:22,163 null [INFO] (/home/meteo/dev/redist/fwidbmgr/include/Grid.h:1595) Configuring grid: dmc_tmp
2018-03-13 05:08:22,163 null [INFO] (/home/meteo/dev/redist/fwidbmgr/include/Grid.h:1695) Grid dmc_tmp configured.
2018-03-13 05:08:22,184 null [INFO] (/home/meteo/dev/redist/fwidbmgr/include/Grid.h:1595) Configuring grid: dc_tmp
2018-03-13 05:08:22,184 null [INFO] (/home/meteo/dev/redist/fwidbmgr/include/Grid.h:1695) Grid dc_tmp configured.
2018-03-13 05:08:22,205 null [INFO] (/home/meteo/dev/redist/fwidbmgr/include/Grid.h:1595) Configuring grid: idi
2018-03-13 05:08:22,205 null [INFO] (/home/meteo/dev/redist/fwidbmgr/include/Grid.h:1695) Grid idi configured.
2018-03-13 05:08:22,509 null [INFO] (../src/fwidbmgr.cpp:2081) Storing FWI indexes ...
2018-03-13 05:08:30,315 null [INFO] (../src/fwidbmgr.cpp:5555) OK --> 20180312 data imported.
2018-03-13 05:08:30,315 null [INFO] (../src/fwidbmgr.cpp:5695) action out took about 8 seconds.
2018-03-13 05:08:30,316 null [INFO] (../src/fwidbmgr.cpp:5699) Disconnected from database.
2018-03-13 05:08:30,332 null [INFO] (../src/fwidbmgr.cpp:5361) fwi db manager
2018-03-13 05:08:30,332 null [INFO] (../src/fwidbmgr.cpp:5365) Program home: /home/meteo/dev/redist/fwidbmgr
2018-03-13 05:08:30,332 null [INFO] (../src/fwidbmgr.cpp:5369) Auto convert: 1
2018-03-13 05:08:30,332 null [INFO] (../src/fwidbmgr.cpp:446) action: computeidx.
2018-03-13 05:08:30,332 null [INFO] (../src/fwidbmgr.cpp:470) date: 20180312.
2018-03-13 05:08:30,332 null [INFO] (../src/fwidbmgr.cpp:322) Try to read: /home/meteo/dev/redist/fwidbmgr/config/fwidbmgr.conf.
2018-03-13 05:08:30,334 null [INFO] (../src/fwidbmgr.cpp:5393) Configuration parsing: OK.
2018-03-13 05:08:30,338 null [INFO] (../src/fwidbmgr.cpp:5478) Connected to database
2018-03-13 05:08:30,338 null [INFO] (../src/fwidbmgr.cpp:5480) Manage data for date: 20180312.
2018-03-13 05:08:30,339 null [INFO] (../src/fwidbmgr.cpp:5656) Computing indexes.
2018-03-13 05:08:30,340 null [INFO] (/home/meteo/dev/redist/fwidbmgr/include/Grid.h:1595) Configuring grid: isi
2018-03-13 05:08:30,341 null [INFO] (/home/meteo/dev/redist/fwidbmgr/include/Grid.h:1695) Grid isi configured.
2018-03-13 05:08:30,342 null [INFO] (/home/meteo/dev/redist/fwidbmgr/include/Grid.h:1595) Configuring grid: fwi
2018-03-13 05:08:30,342 null [INFO] (/home/meteo/dev/redist/fwidbmgr/include/Grid.h:1695) Grid fwi configured.
2018-03-13 05:08:30,344 null [INFO] (/home/meteo/dev/redist/fwidbmgr/include/Grid.h:1595) Configuring grid: ffmc
2018-03-13 05:08:30,344 null [INFO] (/home/meteo/dev/redist/fwidbmgr/include/Grid.h:1695) Grid ffmc configured.
2018-03-13 05:08:30,345 null [INFO] (/home/meteo/dev/redist/fwidbmgr/include/Grid.h:1595) Configuring grid: dmc
2018-03-13 05:08:30,346 null [INFO] (/home/meteo/dev/redist/fwidbmgr/include/Grid.h:1695) Grid dmc configured.
2018-03-13 05:08:30,347 null [INFO] (/home/meteo/dev/redist/fwidbmgr/include/Grid.h:1595) Configuring grid: dc
2018-03-13 05:08:30,347 null [INFO] (/home/meteo/dev/redist/fwidbmgr/include/Grid.h:1695) Grid dc configured.
2018-03-13 05:08:30,349 null [INFO] (/home/meteo/dev/redist/fwidbmgr/include/Grid.h:1595) Configuring grid: bui
2018-03-13 05:08:30,349 null [INFO] (/home/meteo/dev/redist/fwidbmgr/include/Grid.h:1695) Grid bui configured.
2018-03-13 05:08:30,350 null [INFO] (/home/meteo/dev/redist/fwidbmgr/include/Grid.h:1595) Configuring grid: ffmc_tmp
2018-03-13 05:08:30,350 null [INFO] (/home/meteo/dev/redist/fwidbmgr/include/Grid.h:1695) Grid ffmc_tmp configured.
2018-03-13 05:08:30,352 null [INFO] (/home/meteo/dev/redist/fwidbmgr/include/Grid.h:1595) Configuring grid: dmc_tmp
2018-03-13 05:08:30,352 null [INFO] (/home/meteo/dev/redist/fwidbmgr/include/Grid.h:1695) Grid dmc_tmp configured.
2018-03-13 05:08:30,354 null [INFO] (/home/meteo/dev/redist/fwidbmgr/include/Grid.h:1595) Configuring grid: dc_tmp
2018-03-13 05:08:30,354 null [INFO] (/home/meteo/dev/redist/fwidbmgr/include/Grid.h:1695) Grid dc_tmp configured.
2018-03-13 05:08:30,356 null [INFO] (/home/meteo/dev/redist/fwidbmgr/include/Grid.h:1595) Configuring grid: idi
2018-03-13 05:08:30,356 null [INFO] (/home/meteo/dev/redist/fwidbmgr/include/Grid.h:1695) Grid idi configured.
2018-03-13 05:08:30,357 null [INFO] (/home/meteo/dev/redist/fwidbmgr/include/Grid.h:1595) Configuring grid: angstrom
2018-03-13 05:08:30,357 null [INFO] (/home/meteo/dev/redist/fwidbmgr/include/Grid.h:1695) Grid angstrom configured.
2018-03-13 05:08:30,359 null [INFO] (/home/meteo/dev/redist/fwidbmgr/include/Grid.h:1595) Configuring grid: fmi
2018-03-13 05:08:30,359 null [INFO] (/home/meteo/dev/redist/fwidbmgr/include/Grid.h:1695) Grid fmi configured.
2018-03-13 05:08:30,360 null [INFO] (/home/meteo/dev/redist/fwidbmgr/include/Grid.h:1595) Configuring grid: sharples
2018-03-13 05:08:30,361 null [INFO] (/home/meteo/dev/redist/fwidbmgr/include/Grid.h:1695) Grid sharples configured.
2018-03-13 05:08:31,313 null [INFO] (/home/meteo/dev/redist/fwidbmgr/include/Grid.h:1595) Configuring grid: snow
2018-03-13 05:08:31,313 null [INFO] (/home/meteo/dev/redist/fwidbmgr/include/Grid.h:1695) Grid snow configured.
2018-03-13 05:08:31,313 null [INFO] (/home/meteo/dev/redist/fwidbmgr/include/Grid.h:1595) Configuring grid: snow_covering
2018-03-13 05:08:31,313 null [INFO] (/home/meteo/dev/redist/fwidbmgr/include/Grid.h:1695) Grid snow_covering configured.
2018-03-13 05:08:31,313 null [INFO] (/home/meteo/dev/redist/fwidbmgr/include/Grid.h:1595) Configuring grid: snow_dissolution
2018-03-13 05:08:31,313 null [INFO] (/home/meteo/dev/redist/fwidbmgr/include/Grid.h:1695) Grid snow_dissolution configured.
2018-03-13 05:08:31,313 null [INFO] (/home/meteo/dev/redist/fwidbmgr/include/Grid.h:1595) Configuring grid: temperature
2018-03-13 05:08:31,313 null [INFO] (/home/meteo/dev/redist/fwidbmgr/include/Grid.h:1695) Grid temperature configured.
2018-03-13 05:08:31,314 null [INFO] (/home/meteo/dev/redist/fwidbmgr/include/Grid.h:1595) Configuring grid: humidity
2018-03-13 05:08:31,314 null [INFO] (/home/meteo/dev/redist/fwidbmgr/include/Grid.h:1695) Grid humidity configured.
2018-03-13 05:08:31,314 null [INFO] (/home/meteo/dev/redist/fwidbmgr/include/Grid.h:1595) Configuring grid: windspeed
2018-03-13 05:08:31,314 null [INFO] (/home/meteo/dev/redist/fwidbmgr/include/Grid.h:1695) Grid windspeed configured.
2018-03-13 05:08:31,314 null [INFO] (/home/meteo/dev/redist/fwidbmgr/include/Grid.h:1595) Configuring grid: rain
2018-03-13 05:08:31,314 null [INFO] (/home/meteo/dev/redist/fwidbmgr/include/Grid.h:1695) Grid rain configured.
2018-03-13 05:08:31,314 null [INFO] (/home/meteo/dev/redist/fwidbmgr/include/Grid.h:1595) Configuring grid: cum_rain
2018-03-13 05:08:31,315 null [INFO] (/home/meteo/dev/redist/fwidbmgr/include/Grid.h:1695) Grid cum_rain configured.
2018-03-13 05:10:33,617 null [INFO] (../src/fwidbmgr.cpp:5660) OK --> 20180312 indexes computed.
2018-03-13 05:10:33,618 null [INFO] (../src/fwidbmgr.cpp:5695) action computeidx took about 123 seconds.
2018-03-13 05:10:33,618 null [INFO] (../src/fwidbmgr.cpp:5699) Disconnected from database.
2018-03-13 05:10:33,646 null [INFO] (../src/fwidbmgr.cpp:5361) fwi db manager
2018-03-13 05:10:33,646 null [INFO] (../src/fwidbmgr.cpp:5365) Program home: /home/meteo/dev/redist/fwidbmgr
2018-03-13 05:10:33,646 null [INFO] (../src/fwidbmgr.cpp:5369) Auto convert: 1
2018-03-13 05:10:33,646 null [INFO] (../src/fwidbmgr.cpp:446) action: exportidx.
2018-03-13 05:10:33,646 null [INFO] (../src/fwidbmgr.cpp:470) date: 20180312.
2018-03-13 05:10:33,646 null [INFO] (../src/fwidbmgr.cpp:322) Try to read: /home/meteo/dev/redist/fwidbmgr/config/fwidbmgr.conf.
2018-03-13 05:10:33,648 null [INFO] (../src/fwidbmgr.cpp:5393) Configuration parsing: OK.
2018-03-13 05:10:33,652 null [INFO] (../src/fwidbmgr.cpp:5478) Connected to database
2018-03-13 05:10:33,653 null [INFO] (../src/fwidbmgr.cpp:5480) Manage data for date: 20180312.
2018-03-13 05:10:33,653 null [INFO] (../src/fwidbmgr.cpp:5596) Exporting indexes.
2018-03-13 05:10:33,655 null [INFO] (/home/meteo/dev/redist/fwidbmgr/include/Grid.h:1595) Configuring grid: isi
2018-03-13 05:10:33,655 null [INFO] (/home/meteo/dev/redist/fwidbmgr/include/Grid.h:1695) Grid isi configured.
2018-03-13 05:10:33,657 null [INFO] (/home/meteo/dev/redist/fwidbmgr/include/Grid.h:1595) Configuring grid: fwi
2018-03-13 05:10:33,657 null [INFO] (/home/meteo/dev/redist/fwidbmgr/include/Grid.h:1695) Grid fwi configured.
2018-03-13 05:10:33,659 null [INFO] (/home/meteo/dev/redist/fwidbmgr/include/Grid.h:1595) Configuring grid: ffmc
2018-03-13 05:10:33,659 null [INFO] (/home/meteo/dev/redist/fwidbmgr/include/Grid.h:1695) Grid ffmc configured.
2018-03-13 05:10:33,662 null [INFO] (/home/meteo/dev/redist/fwidbmgr/include/Grid.h:1595) Configuring grid: dmc
2018-03-13 05:10:33,662 null [INFO] (/home/meteo/dev/redist/fwidbmgr/include/Grid.h:1695) Grid dmc configured.
2018-03-13 05:10:33,666 null [INFO] (/home/meteo/dev/redist/fwidbmgr/include/Grid.h:1595) Configuring grid: dc
2018-03-13 05:10:33,666 null [INFO] (/home/meteo/dev/redist/fwidbmgr/include/Grid.h:1695) Grid dc configured.
2018-03-13 05:10:33,670 null [INFO] (/home/meteo/dev/redist/fwidbmgr/include/Grid.h:1595) Configuring grid: bui
2018-03-13 05:10:33,670 null [INFO] (/home/meteo/dev/redist/fwidbmgr/include/Grid.h:1695) Grid bui configured.
2018-03-13 05:10:33,674 null [INFO] (/home/meteo/dev/redist/fwidbmgr/include/Grid.h:1595) Configuring grid: ffmc_tmp
2018-03-13 05:10:33,674 null [INFO] (/home/meteo/dev/redist/fwidbmgr/include/Grid.h:1695) Grid ffmc_tmp configured.
2018-03-13 05:10:33,678 null [INFO] (/home/meteo/dev/redist/fwidbmgr/include/Grid.h:1595) Configuring grid: dmc_tmp
2018-03-13 05:10:33,678 null [INFO] (/home/meteo/dev/redist/fwidbmgr/include/Grid.h:1695) Grid dmc_tmp configured.
2018-03-13 05:10:33,680 null [INFO] (/home/meteo/dev/redist/fwidbmgr/include/Grid.h:1595) Configuring grid: dc_tmp
2018-03-13 05:10:33,680 null [INFO] (/home/meteo/dev/redist/fwidbmgr/include/Grid.h:1695) Grid dc_tmp configured.
2018-03-13 05:10:33,682 null [INFO] (/home/meteo/dev/redist/fwidbmgr/include/Grid.h:1595) Configuring grid: idi
2018-03-13 05:10:33,682 null [INFO] (/home/meteo/dev/redist/fwidbmgr/include/Grid.h:1695) Grid idi configured.
2018-03-13 05:10:33,683 null [INFO] (/home/meteo/dev/redist/fwidbmgr/include/Grid.h:1595) Configuring grid: angstrom
2018-03-13 05:10:33,683 null [INFO] (/home/meteo/dev/redist/fwidbmgr/include/Grid.h:1695) Grid angstrom configured.
2018-03-13 05:10:33,685 null [INFO] (/home/meteo/dev/redist/fwidbmgr/include/Grid.h:1595) Configuring grid: fmi
2018-03-13 05:10:33,685 null [INFO] (/home/meteo/dev/redist/fwidbmgr/include/Grid.h:1695) Grid fmi configured.
2018-03-13 05:10:33,687 null [INFO] (/home/meteo/dev/redist/fwidbmgr/include/Grid.h:1595) Configuring grid: sharples
2018-03-13 05:10:33,687 null [INFO] (/home/meteo/dev/redist/fwidbmgr/include/Grid.h:1695) Grid sharples configured.
2018-03-13 05:10:34,688 null [INFO] (/home/meteo/dev/redist/fwidbmgr/include/Grid.h:1595) Configuring grid: isi
2018-03-13 05:10:34,688 null [INFO] (/home/meteo/dev/redist/fwidbmgr/include/Grid.h:1695) Grid isi configured.
2018-03-13 05:10:34,736 null [INFO] (/home/meteo/dev/redist/fwidbmgr/include/Grid.h:1595) Configuring grid: fwi
2018-03-13 05:10:34,736 null [INFO] (/home/meteo/dev/redist/fwidbmgr/include/Grid.h:1695) Grid fwi configured.
2018-03-13 05:10:34,785 null [INFO] (/home/meteo/dev/redist/fwidbmgr/include/Grid.h:1595) Configuring grid: ffmc
2018-03-13 05:10:34,785 null [INFO] (/home/meteo/dev/redist/fwidbmgr/include/Grid.h:1695) Grid ffmc configured.
2018-03-13 05:10:34,836 null [INFO] (/home/meteo/dev/redist/fwidbmgr/include/Grid.h:1595) Configuring grid: dmc
2018-03-13 05:10:34,837 null [INFO] (/home/meteo/dev/redist/fwidbmgr/include/Grid.h:1695) Grid dmc configured.
2018-03-13 05:10:34,882 null [INFO] (/home/meteo/dev/redist/fwidbmgr/include/Grid.h:1595) Configuring grid: dc
2018-03-13 05:10:34,882 null [INFO] (/home/meteo/dev/redist/fwidbmgr/include/Grid.h:1695) Grid dc configured.
2018-03-13 05:10:34,925 null [INFO] (/home/meteo/dev/redist/fwidbmgr/include/Grid.h:1595) Configuring grid: bui
2018-03-13 05:10:34,926 null [INFO] (/home/meteo/dev/redist/fwidbmgr/include/Grid.h:1695) Grid bui configured.
2018-03-13 05:10:34,969 null [INFO] (/home/meteo/dev/redist/fwidbmgr/include/Grid.h:1595) Configuring grid: ffmc_tmp
2018-03-13 05:10:34,969 null [INFO] (/home/meteo/dev/redist/fwidbmgr/include/Grid.h:1695) Grid ffmc_tmp configured.
2018-03-13 05:10:35,013 null [INFO] (/home/meteo/dev/redist/fwidbmgr/include/Grid.h:1595) Configuring grid: dmc_tmp
2018-03-13 05:10:35,013 null [INFO] (/home/meteo/dev/redist/fwidbmgr/include/Grid.h:1695) Grid dmc_tmp configured.
2018-03-13 05:10:35,059 null [INFO] (/home/meteo/dev/redist/fwidbmgr/include/Grid.h:1595) Configuring grid: dc_tmp
2018-03-13 05:10:35,060 null [INFO] (/home/meteo/dev/redist/fwidbmgr/include/Grid.h:1695) Grid dc_tmp configured.
2018-03-13 05:10:35,100 null [INFO] (/home/meteo/dev/redist/fwidbmgr/include/Grid.h:1595) Configuring grid: angstrom
2018-03-13 05:10:35,100 null [INFO] (/home/meteo/dev/redist/fwidbmgr/include/Grid.h:1695) Grid angstrom configured.
2018-03-13 05:10:35,179 null [INFO] (/home/meteo/dev/redist/fwidbmgr/include/Grid.h:1595) Configuring grid: sharples
2018-03-13 05:10:35,179 null [INFO] (/home/meteo/dev/redist/fwidbmgr/include/Grid.h:1695) Grid sharples configured.
2018-03-13 05:10:35,234 null [INFO] (/home/meteo/dev/redist/fwidbmgr/include/Grid.h:1595) Configuring grid: fmi
2018-03-13 05:10:35,234 null [INFO] (/home/meteo/dev/redist/fwidbmgr/include/Grid.h:1695) Grid fmi configured.
2018-03-13 05:10:35,288 null [INFO] (../src/fwidbmgr.cpp:5600) OK --> 20180312 indexes exported to files.
2018-03-13 05:10:35,288 null [INFO] (../src/fwidbmgr.cpp:5695) action exportidx took about 2 seconds.
2018-03-13 05:10:35,289 null [INFO] (../src/fwidbmgr.cpp:5699) Disconnected from database.
2018-03-13 05:11:07,718 null [INFO] (../src/fwidbmgr.cpp:5361) fwi db manager
2018-03-13 05:11:07,718 null [INFO] (../src/fwidbmgr.cpp:5365) Program home: /home/meteo/dev/redist/fwidbmgr
2018-03-13 05:11:07,718 null [INFO] (../src/fwidbmgr.cpp:5369) Auto convert: 1
2018-03-13 05:11:07,718 null [INFO] (../src/fwidbmgr.cpp:446) action: outimg.
2018-03-13 05:11:07,718 null [INFO] (../src/fwidbmgr.cpp:470) date: 20180312.
2018-03-13 05:11:07,718 null [INFO] (../src/fwidbmgr.cpp:322) Try to read: /home/meteo/dev/redist/fwidbmgr/config/fwidbmgr.conf.
2018-03-13 05:11:07,720 null [INFO] (../src/fwidbmgr.cpp:5393) Configuration parsing: OK.
2018-03-13 05:11:07,723 null [INFO] (../src/fwidbmgr.cpp:5478) Connected to database
2018-03-13 05:11:07,723 null [INFO] (../src/fwidbmgr.cpp:5480) Manage data for date: 20180312.
2018-03-13 05:11:07,723 null [INFO] (../src/fwidbmgr.cpp:5566) Importing fwi indexes images in database.
2018-03-13 05:11:07,804 null [INFO] (../src/fwidbmgr.cpp:5570) OK --> 20180312 images imported.
2018-03-13 05:11:07,804 null [INFO] (../src/fwidbmgr.cpp:5695) action outimg took about 0 seconds.
2018-03-13 05:11:07,804 null [INFO] (../src/fwidbmgr.cpp:5699) Disconnected from database.
2018-03-13 05:37:01,561 null [INFO] (../src/fwidbmgr.cpp:5361) fwi db manager
2018-03-13 05:37:01,561 null [INFO] (../src/fwidbmgr.cpp:5365) Program home: /home/meteo/dev/redist/fwidbmgr
2018-03-13 05:37:01,561 null [INFO] (../src/fwidbmgr.cpp:5369) Auto convert: 1
2018-03-13 05:37:01,561 null [INFO] (../src/fwidbmgr.cpp:446) action: outimg.
2018-03-13 05:37:01,561 null [INFO] (../src/fwidbmgr.cpp:470) date: 20180312.
2018-03-13 05:37:01,561 null [INFO] (../src/fwidbmgr.cpp:322) Try to read: /home/meteo/dev/redist/fwidbmgr/config/fwidbmgr.conf.
2018-03-13 05:37:01,563 null [INFO] (../src/fwidbmgr.cpp:5393) Configuration parsing: OK.
2018-03-13 05:37:01,568 null [INFO] (../src/fwidbmgr.cpp:5478) Connected to database
2018-03-13 05:37:01,568 null [INFO] (../src/fwidbmgr.cpp:5480) Manage data for date: 20180312.
2018-03-13 05:37:01,568 null [INFO] (../src/fwidbmgr.cpp:5566) Importing fwi indexes images in database.
2018-03-13 05:37:01,708 null [INFO] (../src/fwidbmgr.cpp:5570) OK --> 20180312 images imported.
2018-03-13 05:37:01,708 null [INFO] (../src/fwidbmgr.cpp:5695) action outimg took about 0 seconds.
2018-03-13 05:37:01,708 null [INFO] (../src/fwidbmgr.cpp:5699) Disconnected from database.
2018-03-13 06:05:01,887 null [INFO] (../src/fwidbmgr.cpp:5361) fwi db manager
2018-03-13 06:05:01,887 null [INFO] (../src/fwidbmgr.cpp:5365) Program home: /home/meteo/dev/redist/fwidbmgr
2018-03-13 06:05:01,887 null [INFO] (../src/fwidbmgr.cpp:5369) Auto convert: 1
2018-03-13 06:05:01,887 null [INFO] (../src/fwidbmgr.cpp:446) action: outimg.
2018-03-13 06:05:01,887 null [INFO] (../src/fwidbmgr.cpp:470) date: 20180312.
2018-03-13 06:05:01,887 null [INFO] (../src/fwidbmgr.cpp:322) Try to read: /home/meteo/dev/redist/fwidbmgr/config/fwidbmgr.conf.
2018-03-13 06:05:01,889 null [INFO] (../src/fwidbmgr.cpp:5393) Configuration parsing: OK.
2018-03-13 06:05:01,894 null [INFO] (../src/fwidbmgr.cpp:5478) Connected to database
2018-03-13 06:05:01,894 null [INFO] (../src/fwidbmgr.cpp:5480) Manage data for date: 20180312.
2018-03-13 06:05:01,894 null [INFO] (../src/fwidbmgr.cpp:5566) Importing fwi indexes images in database.
2018-03-13 06:05:02,017 null [INFO] (../src/fwidbmgr.cpp:5570) OK --> 20180312 images imported.
2018-03-13 06:05:02,017 null [INFO] (../src/fwidbmgr.cpp:5695) action outimg took about 1 seconds.
2018-03-13 06:05:02,017 null [INFO] (../src/fwidbmgr.cpp:5699) Disconnected from database.
2018-03-13 06:37:01,275 null [INFO] (../src/fwidbmgr.cpp:5361) fwi db manager
2018-03-13 06:37:01,275 null [INFO] (../src/fwidbmgr.cpp:5365) Program home: /home/meteo/dev/redist/fwidbmgr
2018-03-13 06:37:01,275 null [INFO] (../src/fwidbmgr.cpp:5369) Auto convert: 1
2018-03-13 06:37:01,275 null [INFO] (../src/fwidbmgr.cpp:446) action: outimg.
2018-03-13 06:37:01,275 null [INFO] (../src/fwidbmgr.cpp:470) date: 20180312.
2018-03-13 06:37:01,275 null [INFO] (../src/fwidbmgr.cpp:322) Try to read: /home/meteo/dev/redist/fwidbmgr/config/fwidbmgr.conf.
2018-03-13 06:37:01,284 null [INFO] (../src/fwidbmgr.cpp:5393) Configuration parsing: OK.
2018-03-13 06:37:01,293 null [INFO] (../src/fwidbmgr.cpp:5478) Connected to database
2018-03-13 06:37:01,293 null [INFO] (../src/fwidbmgr.cpp:5480) Manage data for date: 20180312.
2018-03-13 06:37:01,293 null [INFO] (../src/fwidbmgr.cpp:5566) Importing fwi indexes images in database.
2018-03-13 06:37:01,405 null [INFO] (../src/fwidbmgr.cpp:5570) OK --> 20180312 images imported.
2018-03-13 06:37:01,405 null [INFO] (../src/fwidbmgr.cpp:5695) action outimg took about 0 seconds.
2018-03-13 06:37:01,405 null [INFO] (../src/fwidbmgr.cpp:5699) Disconnected from database.
2018-03-13 07:05:01,190 null [INFO] (../src/fwidbmgr.cpp:5361) fwi db manager
2018-03-13 07:05:01,190 null [INFO] (../src/fwidbmgr.cpp:5365) Program home: /home/meteo/dev/redist/fwidbmgr
2018-03-13 07:05:01,190 null [INFO] (../src/fwidbmgr.cpp:5369) Auto convert: 1
2018-03-13 07:05:01,190 null [INFO] (../src/fwidbmgr.cpp:446) action: outimg.
2018-03-13 07:05:01,190 null [INFO] (../src/fwidbmgr.cpp:470) date: 20180312.
2018-03-13 07:05:01,190 null [INFO] (../src/fwidbmgr.cpp:322) Try to read: /home/meteo/dev/redist/fwidbmgr/config/fwidbmgr.conf.
2018-03-13 07:05:01,194 null [INFO] (../src/fwidbmgr.cpp:5393) Configuration parsing: OK.
2018-03-13 07:05:01,213 null [INFO] (../src/fwidbmgr.cpp:5478) Connected to database
2018-03-13 07:05:01,213 null [INFO] (../src/fwidbmgr.cpp:5480) Manage data for date: 20180312.
2018-03-13 07:05:01,213 null [INFO] (../src/fwidbmgr.cpp:5566) Importing fwi indexes images in database.
2018-03-13 07:05:01,323 null [INFO] (../src/fwidbmgr.cpp:5570) OK --> 20180312 images imported.
2018-03-13 07:05:01,323 null [INFO] (../src/fwidbmgr.cpp:5695) action outimg took about 0 seconds.
2018-03-13 07:05:01,324 null [INFO] (../src/fwidbmgr.cpp:5699) Disconnected from database.
2018-03-13 07:37:01,580 null [INFO] (../src/fwidbmgr.cpp:5361) fwi db manager
2018-03-13 07:37:01,583 null [INFO] (../src/fwidbmgr.cpp:5365) Program home: /home/meteo/dev/redist/fwidbmgr
2018-03-13 07:37:01,583 null [INFO] (../src/fwidbmgr.cpp:5369) Auto convert: 1
2018-03-13 07:37:01,583 null [INFO] (../src/fwidbmgr.cpp:446) action: outimg.
2018-03-13 07:37:01,583 null [INFO] (../src/fwidbmgr.cpp:470) date: 20180312.
2018-03-13 07:37:01,583 null [INFO] (../src/fwidbmgr.cpp:322) Try to read: /home/meteo/dev/redist/fwidbmgr/config/fwidbmgr.conf.
2018-03-13 07:37:01,588 null [INFO] (../src/fwidbmgr.cpp:5393) Configuration parsing: OK.
2018-03-13 07:37:01,598 null [INFO] (../src/fwidbmgr.cpp:5478) Connected to database
2018-03-13 07:37:01,598 null [INFO] (../src/fwidbmgr.cpp:5480) Manage data for date: 20180312.
2018-03-13 07:37:01,598 null [INFO] (../src/fwidbmgr.cpp:5566) Importing fwi indexes images in database.
2018-03-13 07:37:01,729 null [INFO] (../src/fwidbmgr.cpp:5570) OK --> 20180312 images imported.
2018-03-13 07:37:01,729 null [INFO] (../src/fwidbmgr.cpp:5695) action outimg took about 0 seconds.
2018-03-13 07:37:01,730 null [INFO] (../src/fwidbmgr.cpp:5699) Disconnected from database.
