2019-05-15 05:05:49,660 null [INFO] (../src/fwidbmgr.cpp:5361) fwi db manager
2019-05-15 05:05:49,661 null [INFO] (../src/fwidbmgr.cpp:5365) Program home: /home/meteo/dev/redist/fwidbmgr
2019-05-15 05:05:49,661 null [INFO] (../src/fwidbmgr.cpp:5369) Auto convert: 1
2019-05-15 05:05:49,661 null [INFO] (../src/fwidbmgr.cpp:446) action: in.
2019-05-15 05:05:49,661 null [INFO] (../src/fwidbmgr.cpp:470) date: 20190514.
2019-05-15 05:05:49,661 null [INFO] (../src/fwidbmgr.cpp:322) Try to read: /home/meteo/dev/redist/fwidbmgr/config/fwidbmgr.conf.
2019-05-15 05:05:49,666 null [INFO] (../src/fwidbmgr.cpp:5393) Configuration parsing: OK.
2019-05-15 05:05:49,670 null [INFO] (../src/fwidbmgr.cpp:5478) Connected to database
2019-05-15 05:05:49,670 null [INFO] (../src/fwidbmgr.cpp:5480) Manage data for date: 20190514.
2019-05-15 05:05:49,670 null [INFO] (../src/fwidbmgr.cpp:5536) Importing meteo data in database for day: 20190514.
2019-05-15 05:05:49,672 null [INFO] (/home/meteo/dev/redist/fwidbmgr/include/Grid.h:1595) Configuring grid: snow
2019-05-15 05:05:49,673 null [INFO] (/home/meteo/dev/redist/fwidbmgr/include/Grid.h:1695) Grid snow configured.
2019-05-15 05:05:49,680 null [INFO] (/home/meteo/dev/redist/fwidbmgr/include/Grid.h:1595) Configuring grid: snow_covering
2019-05-15 05:05:49,680 null [INFO] (/home/meteo/dev/redist/fwidbmgr/include/Grid.h:1695) Grid snow_covering configured.
2019-05-15 05:05:49,687 null [INFO] (/home/meteo/dev/redist/fwidbmgr/include/Grid.h:1595) Configuring grid: snow_dissolution
2019-05-15 05:05:49,687 null [INFO] (/home/meteo/dev/redist/fwidbmgr/include/Grid.h:1695) Grid snow_dissolution configured.
2019-05-15 05:05:49,699 null [INFO] (/home/meteo/dev/redist/fwidbmgr/include/Grid.h:1595) Configuring grid: temperature
2019-05-15 05:05:49,699 null [INFO] (/home/meteo/dev/redist/fwidbmgr/include/Grid.h:1695) Grid temperature configured.
2019-05-15 05:05:49,702 null [INFO] (/home/meteo/dev/redist/fwidbmgr/include/Grid.h:1595) Configuring grid: humidity
2019-05-15 05:05:49,702 null [INFO] (/home/meteo/dev/redist/fwidbmgr/include/Grid.h:1695) Grid humidity configured.
2019-05-15 05:05:49,708 null [INFO] (/home/meteo/dev/redist/fwidbmgr/include/Grid.h:1595) Configuring grid: windspeed
2019-05-15 05:05:49,709 null [INFO] (/home/meteo/dev/redist/fwidbmgr/include/Grid.h:1695) Grid windspeed configured.
2019-05-15 05:05:49,722 null [INFO] (/home/meteo/dev/redist/fwidbmgr/include/Grid.h:1595) Configuring grid: rain
2019-05-15 05:05:49,722 null [INFO] (/home/meteo/dev/redist/fwidbmgr/include/Grid.h:1695) Grid rain configured.
2019-05-15 05:05:49,724 null [INFO] (/home/meteo/dev/redist/fwidbmgr/include/Grid.h:1595) Configuring grid: cum_rain
2019-05-15 05:05:49,724 null [INFO] (/home/meteo/dev/redist/fwidbmgr/include/Grid.h:1695) Grid cum_rain configured.
2019-05-15 05:05:54,532 null [INFO] (../src/fwidbmgr.cpp:1518) Storing meteo input ...
2019-05-15 05:06:05,018 null [INFO] (../src/fwidbmgr.cpp:5540) OK --> 20190514 data imported.
2019-05-15 05:06:05,028 null [INFO] (../src/fwidbmgr.cpp:5695) action in took about 16 seconds.
2019-05-15 05:06:05,066 null [INFO] (../src/fwidbmgr.cpp:5699) Disconnected from database.
2019-05-15 05:06:44,478 null [INFO] (../src/fwidbmgr.cpp:5361) fwi db manager
2019-05-15 05:06:44,478 null [INFO] (../src/fwidbmgr.cpp:5365) Program home: /home/meteo/dev/redist/fwidbmgr
2019-05-15 05:06:44,478 null [INFO] (../src/fwidbmgr.cpp:5369) Auto convert: 1
2019-05-15 05:06:44,478 null [INFO] (../src/fwidbmgr.cpp:446) action: out.
2019-05-15 05:06:44,478 null [INFO] (../src/fwidbmgr.cpp:470) date: 20190514.
2019-05-15 05:06:44,478 null [INFO] (../src/fwidbmgr.cpp:322) Try to read: /home/meteo/dev/redist/fwidbmgr/config/fwidbmgr.conf.
2019-05-15 05:06:44,480 null [INFO] (../src/fwidbmgr.cpp:5393) Configuration parsing: OK.
2019-05-15 05:06:44,499 null [INFO] (../src/fwidbmgr.cpp:5478) Connected to database
2019-05-15 05:06:44,499 null [INFO] (../src/fwidbmgr.cpp:5480) Manage data for date: 20190514.
2019-05-15 05:06:44,499 null [INFO] (../src/fwidbmgr.cpp:5551) Importing fwi indexes data in database for day: 20190514.
2019-05-15 05:06:44,509 null [INFO] (/home/meteo/dev/redist/fwidbmgr/include/Grid.h:1595) Configuring grid: isi
2019-05-15 05:06:44,510 null [INFO] (/home/meteo/dev/redist/fwidbmgr/include/Grid.h:1695) Grid isi configured.
2019-05-15 05:06:44,523 null [INFO] (/home/meteo/dev/redist/fwidbmgr/include/Grid.h:1595) Configuring grid: fwi
2019-05-15 05:06:44,523 null [INFO] (/home/meteo/dev/redist/fwidbmgr/include/Grid.h:1695) Grid fwi configured.
2019-05-15 05:06:44,530 null [INFO] (/home/meteo/dev/redist/fwidbmgr/include/Grid.h:1595) Configuring grid: ffmc
2019-05-15 05:06:44,530 null [INFO] (/home/meteo/dev/redist/fwidbmgr/include/Grid.h:1695) Grid ffmc configured.
2019-05-15 05:06:44,537 null [INFO] (/home/meteo/dev/redist/fwidbmgr/include/Grid.h:1595) Configuring grid: dmc
2019-05-15 05:06:44,537 null [INFO] (/home/meteo/dev/redist/fwidbmgr/include/Grid.h:1695) Grid dmc configured.
2019-05-15 05:06:44,544 null [INFO] (/home/meteo/dev/redist/fwidbmgr/include/Grid.h:1595) Configuring grid: dc
2019-05-15 05:06:44,544 null [INFO] (/home/meteo/dev/redist/fwidbmgr/include/Grid.h:1695) Grid dc configured.
2019-05-15 05:06:44,551 null [INFO] (/home/meteo/dev/redist/fwidbmgr/include/Grid.h:1595) Configuring grid: bui
2019-05-15 05:06:44,551 null [INFO] (/home/meteo/dev/redist/fwidbmgr/include/Grid.h:1695) Grid bui configured.
2019-05-15 05:06:44,557 null [INFO] (/home/meteo/dev/redist/fwidbmgr/include/Grid.h:1595) Configuring grid: ffmc_tmp
2019-05-15 05:06:44,557 null [INFO] (/home/meteo/dev/redist/fwidbmgr/include/Grid.h:1695) Grid ffmc_tmp configured.
2019-05-15 05:06:44,568 null [INFO] (/home/meteo/dev/redist/fwidbmgr/include/Grid.h:1595) Configuring grid: dmc_tmp
2019-05-15 05:06:44,568 null [INFO] (/home/meteo/dev/redist/fwidbmgr/include/Grid.h:1695) Grid dmc_tmp configured.
2019-05-15 05:06:44,589 null [INFO] (/home/meteo/dev/redist/fwidbmgr/include/Grid.h:1595) Configuring grid: dc_tmp
2019-05-15 05:06:44,589 null [INFO] (/home/meteo/dev/redist/fwidbmgr/include/Grid.h:1695) Grid dc_tmp configured.
2019-05-15 05:06:44,600 null [INFO] (/home/meteo/dev/redist/fwidbmgr/include/Grid.h:1595) Configuring grid: idi
2019-05-15 05:06:44,600 null [INFO] (/home/meteo/dev/redist/fwidbmgr/include/Grid.h:1695) Grid idi configured.
2019-05-15 05:06:47,304 null [INFO] (../src/fwidbmgr.cpp:2081) Storing FWI indexes ...
2019-05-15 05:06:52,002 null [INFO] (../src/fwidbmgr.cpp:5555) OK --> 20190514 data imported.
2019-05-15 05:06:52,002 null [INFO] (../src/fwidbmgr.cpp:5695) action out took about 8 seconds.
2019-05-15 05:06:52,004 null [INFO] (../src/fwidbmgr.cpp:5699) Disconnected from database.
2019-05-15 05:06:52,088 null [INFO] (../src/fwidbmgr.cpp:5361) fwi db manager
2019-05-15 05:06:52,088 null [INFO] (../src/fwidbmgr.cpp:5365) Program home: /home/meteo/dev/redist/fwidbmgr
2019-05-15 05:06:52,088 null [INFO] (../src/fwidbmgr.cpp:5369) Auto convert: 1
2019-05-15 05:06:52,088 null [INFO] (../src/fwidbmgr.cpp:446) action: computeidx.
2019-05-15 05:06:52,088 null [INFO] (../src/fwidbmgr.cpp:470) date: 20190514.
2019-05-15 05:06:52,088 null [INFO] (../src/fwidbmgr.cpp:322) Try to read: /home/meteo/dev/redist/fwidbmgr/config/fwidbmgr.conf.
2019-05-15 05:06:52,089 null [INFO] (../src/fwidbmgr.cpp:5393) Configuration parsing: OK.
2019-05-15 05:06:52,095 null [INFO] (../src/fwidbmgr.cpp:5478) Connected to database
2019-05-15 05:06:52,095 null [INFO] (../src/fwidbmgr.cpp:5480) Manage data for date: 20190514.
2019-05-15 05:06:52,095 null [INFO] (../src/fwidbmgr.cpp:5656) Computing indexes.
2019-05-15 05:06:52,106 null [INFO] (/home/meteo/dev/redist/fwidbmgr/include/Grid.h:1595) Configuring grid: isi
2019-05-15 05:06:52,106 null [INFO] (/home/meteo/dev/redist/fwidbmgr/include/Grid.h:1695) Grid isi configured.
2019-05-15 05:06:52,110 null [INFO] (/home/meteo/dev/redist/fwidbmgr/include/Grid.h:1595) Configuring grid: fwi
2019-05-15 05:06:52,110 null [INFO] (/home/meteo/dev/redist/fwidbmgr/include/Grid.h:1695) Grid fwi configured.
2019-05-15 05:06:52,113 null [INFO] (/home/meteo/dev/redist/fwidbmgr/include/Grid.h:1595) Configuring grid: ffmc
2019-05-15 05:06:52,113 null [INFO] (/home/meteo/dev/redist/fwidbmgr/include/Grid.h:1695) Grid ffmc configured.
2019-05-15 05:06:52,115 null [INFO] (/home/meteo/dev/redist/fwidbmgr/include/Grid.h:1595) Configuring grid: dmc
2019-05-15 05:06:52,115 null [INFO] (/home/meteo/dev/redist/fwidbmgr/include/Grid.h:1695) Grid dmc configured.
2019-05-15 05:06:52,116 null [INFO] (/home/meteo/dev/redist/fwidbmgr/include/Grid.h:1595) Configuring grid: dc
2019-05-15 05:06:52,117 null [INFO] (/home/meteo/dev/redist/fwidbmgr/include/Grid.h:1695) Grid dc configured.
2019-05-15 05:06:52,118 null [INFO] (/home/meteo/dev/redist/fwidbmgr/include/Grid.h:1595) Configuring grid: bui
2019-05-15 05:06:52,118 null [INFO] (/home/meteo/dev/redist/fwidbmgr/include/Grid.h:1695) Grid bui configured.
2019-05-15 05:06:52,119 null [INFO] (/home/meteo/dev/redist/fwidbmgr/include/Grid.h:1595) Configuring grid: ffmc_tmp
2019-05-15 05:06:52,119 null [INFO] (/home/meteo/dev/redist/fwidbmgr/include/Grid.h:1695) Grid ffmc_tmp configured.
2019-05-15 05:06:52,120 null [INFO] (/home/meteo/dev/redist/fwidbmgr/include/Grid.h:1595) Configuring grid: dmc_tmp
2019-05-15 05:06:52,120 null [INFO] (/home/meteo/dev/redist/fwidbmgr/include/Grid.h:1695) Grid dmc_tmp configured.
2019-05-15 05:06:52,121 null [INFO] (/home/meteo/dev/redist/fwidbmgr/include/Grid.h:1595) Configuring grid: dc_tmp
2019-05-15 05:06:52,121 null [INFO] (/home/meteo/dev/redist/fwidbmgr/include/Grid.h:1695) Grid dc_tmp configured.
2019-05-15 05:06:52,122 null [INFO] (/home/meteo/dev/redist/fwidbmgr/include/Grid.h:1595) Configuring grid: idi
2019-05-15 05:06:52,122 null [INFO] (/home/meteo/dev/redist/fwidbmgr/include/Grid.h:1695) Grid idi configured.
2019-05-15 05:06:52,123 null [INFO] (/home/meteo/dev/redist/fwidbmgr/include/Grid.h:1595) Configuring grid: angstrom
2019-05-15 05:06:52,123 null [INFO] (/home/meteo/dev/redist/fwidbmgr/include/Grid.h:1695) Grid angstrom configured.
2019-05-15 05:06:52,124 null [INFO] (/home/meteo/dev/redist/fwidbmgr/include/Grid.h:1595) Configuring grid: fmi
2019-05-15 05:06:52,124 null [INFO] (/home/meteo/dev/redist/fwidbmgr/include/Grid.h:1695) Grid fmi configured.
2019-05-15 05:06:52,125 null [INFO] (/home/meteo/dev/redist/fwidbmgr/include/Grid.h:1595) Configuring grid: sharples
2019-05-15 05:06:52,125 null [INFO] (/home/meteo/dev/redist/fwidbmgr/include/Grid.h:1695) Grid sharples configured.
2019-05-15 05:06:53,687 null [INFO] (/home/meteo/dev/redist/fwidbmgr/include/Grid.h:1595) Configuring grid: snow
2019-05-15 05:06:53,687 null [INFO] (/home/meteo/dev/redist/fwidbmgr/include/Grid.h:1695) Grid snow configured.
2019-05-15 05:06:53,687 null [INFO] (/home/meteo/dev/redist/fwidbmgr/include/Grid.h:1595) Configuring grid: snow_covering
2019-05-15 05:06:53,687 null [INFO] (/home/meteo/dev/redist/fwidbmgr/include/Grid.h:1695) Grid snow_covering configured.
2019-05-15 05:06:53,687 null [INFO] (/home/meteo/dev/redist/fwidbmgr/include/Grid.h:1595) Configuring grid: snow_dissolution
2019-05-15 05:06:53,687 null [INFO] (/home/meteo/dev/redist/fwidbmgr/include/Grid.h:1695) Grid snow_dissolution configured.
2019-05-15 05:06:53,687 null [INFO] (/home/meteo/dev/redist/fwidbmgr/include/Grid.h:1595) Configuring grid: temperature
2019-05-15 05:06:53,687 null [INFO] (/home/meteo/dev/redist/fwidbmgr/include/Grid.h:1695) Grid temperature configured.
2019-05-15 05:06:53,687 null [INFO] (/home/meteo/dev/redist/fwidbmgr/include/Grid.h:1595) Configuring grid: humidity
2019-05-15 05:06:53,688 null [INFO] (/home/meteo/dev/redist/fwidbmgr/include/Grid.h:1695) Grid humidity configured.
2019-05-15 05:06:53,688 null [INFO] (/home/meteo/dev/redist/fwidbmgr/include/Grid.h:1595) Configuring grid: windspeed
2019-05-15 05:06:53,688 null [INFO] (/home/meteo/dev/redist/fwidbmgr/include/Grid.h:1695) Grid windspeed configured.
2019-05-15 05:06:53,688 null [INFO] (/home/meteo/dev/redist/fwidbmgr/include/Grid.h:1595) Configuring grid: rain
2019-05-15 05:06:53,688 null [INFO] (/home/meteo/dev/redist/fwidbmgr/include/Grid.h:1695) Grid rain configured.
2019-05-15 05:06:53,688 null [INFO] (/home/meteo/dev/redist/fwidbmgr/include/Grid.h:1595) Configuring grid: cum_rain
2019-05-15 05:06:53,688 null [INFO] (/home/meteo/dev/redist/fwidbmgr/include/Grid.h:1695) Grid cum_rain configured.
2019-05-15 05:07:54,727 null [INFO] (../src/fwidbmgr.cpp:5660) OK --> 20190514 indexes computed.
2019-05-15 05:07:54,727 null [INFO] (../src/fwidbmgr.cpp:5695) action computeidx took about 62 seconds.
2019-05-15 05:07:54,727 null [INFO] (../src/fwidbmgr.cpp:5699) Disconnected from database.
2019-05-15 05:07:54,793 null [INFO] (../src/fwidbmgr.cpp:5361) fwi db manager
2019-05-15 05:07:54,794 null [INFO] (../src/fwidbmgr.cpp:5365) Program home: /home/meteo/dev/redist/fwidbmgr
2019-05-15 05:07:54,794 null [INFO] (../src/fwidbmgr.cpp:5369) Auto convert: 1
2019-05-15 05:07:54,794 null [INFO] (../src/fwidbmgr.cpp:446) action: exportidx.
2019-05-15 05:07:54,794 null [INFO] (../src/fwidbmgr.cpp:470) date: 20190514.
2019-05-15 05:07:54,794 null [INFO] (../src/fwidbmgr.cpp:322) Try to read: /home/meteo/dev/redist/fwidbmgr/config/fwidbmgr.conf.
2019-05-15 05:07:54,795 null [INFO] (../src/fwidbmgr.cpp:5393) Configuration parsing: OK.
2019-05-15 05:07:54,800 null [INFO] (../src/fwidbmgr.cpp:5478) Connected to database
2019-05-15 05:07:54,800 null [INFO] (../src/fwidbmgr.cpp:5480) Manage data for date: 20190514.
2019-05-15 05:07:54,801 null [INFO] (../src/fwidbmgr.cpp:5596) Exporting indexes.
2019-05-15 05:07:54,807 null [INFO] (/home/meteo/dev/redist/fwidbmgr/include/Grid.h:1595) Configuring grid: isi
2019-05-15 05:07:54,807 null [INFO] (/home/meteo/dev/redist/fwidbmgr/include/Grid.h:1695) Grid isi configured.
2019-05-15 05:07:54,809 null [INFO] (/home/meteo/dev/redist/fwidbmgr/include/Grid.h:1595) Configuring grid: fwi
2019-05-15 05:07:54,809 null [INFO] (/home/meteo/dev/redist/fwidbmgr/include/Grid.h:1695) Grid fwi configured.
2019-05-15 05:07:54,811 null [INFO] (/home/meteo/dev/redist/fwidbmgr/include/Grid.h:1595) Configuring grid: ffmc
2019-05-15 05:07:54,811 null [INFO] (/home/meteo/dev/redist/fwidbmgr/include/Grid.h:1695) Grid ffmc configured.
2019-05-15 05:07:54,813 null [INFO] (/home/meteo/dev/redist/fwidbmgr/include/Grid.h:1595) Configuring grid: dmc
2019-05-15 05:07:54,813 null [INFO] (/home/meteo/dev/redist/fwidbmgr/include/Grid.h:1695) Grid dmc configured.
2019-05-15 05:07:54,815 null [INFO] (/home/meteo/dev/redist/fwidbmgr/include/Grid.h:1595) Configuring grid: dc
2019-05-15 05:07:54,815 null [INFO] (/home/meteo/dev/redist/fwidbmgr/include/Grid.h:1695) Grid dc configured.
2019-05-15 05:07:54,817 null [INFO] (/home/meteo/dev/redist/fwidbmgr/include/Grid.h:1595) Configuring grid: bui
2019-05-15 05:07:54,817 null [INFO] (/home/meteo/dev/redist/fwidbmgr/include/Grid.h:1695) Grid bui configured.
2019-05-15 05:07:54,819 null [INFO] (/home/meteo/dev/redist/fwidbmgr/include/Grid.h:1595) Configuring grid: ffmc_tmp
2019-05-15 05:07:54,819 null [INFO] (/home/meteo/dev/redist/fwidbmgr/include/Grid.h:1695) Grid ffmc_tmp configured.
2019-05-15 05:07:54,820 null [INFO] (/home/meteo/dev/redist/fwidbmgr/include/Grid.h:1595) Configuring grid: dmc_tmp
2019-05-15 05:07:54,820 null [INFO] (/home/meteo/dev/redist/fwidbmgr/include/Grid.h:1695) Grid dmc_tmp configured.
2019-05-15 05:07:54,821 null [INFO] (/home/meteo/dev/redist/fwidbmgr/include/Grid.h:1595) Configuring grid: dc_tmp
2019-05-15 05:07:54,821 null [INFO] (/home/meteo/dev/redist/fwidbmgr/include/Grid.h:1695) Grid dc_tmp configured.
2019-05-15 05:07:54,821 null [INFO] (/home/meteo/dev/redist/fwidbmgr/include/Grid.h:1595) Configuring grid: idi
2019-05-15 05:07:54,822 null [INFO] (/home/meteo/dev/redist/fwidbmgr/include/Grid.h:1695) Grid idi configured.
2019-05-15 05:07:54,822 null [INFO] (/home/meteo/dev/redist/fwidbmgr/include/Grid.h:1595) Configuring grid: angstrom
2019-05-15 05:07:54,822 null [INFO] (/home/meteo/dev/redist/fwidbmgr/include/Grid.h:1695) Grid angstrom configured.
2019-05-15 05:07:54,823 null [INFO] (/home/meteo/dev/redist/fwidbmgr/include/Grid.h:1595) Configuring grid: fmi
2019-05-15 05:07:54,823 null [INFO] (/home/meteo/dev/redist/fwidbmgr/include/Grid.h:1695) Grid fmi configured.
2019-05-15 05:07:54,824 null [INFO] (/home/meteo/dev/redist/fwidbmgr/include/Grid.h:1595) Configuring grid: sharples
2019-05-15 05:07:54,824 null [INFO] (/home/meteo/dev/redist/fwidbmgr/include/Grid.h:1695) Grid sharples configured.
2019-05-15 05:07:55,949 null [INFO] (/home/meteo/dev/redist/fwidbmgr/include/Grid.h:1595) Configuring grid: isi
2019-05-15 05:07:55,949 null [INFO] (/home/meteo/dev/redist/fwidbmgr/include/Grid.h:1695) Grid isi configured.
2019-05-15 05:07:55,980 null [INFO] (/home/meteo/dev/redist/fwidbmgr/include/Grid.h:1595) Configuring grid: fwi
2019-05-15 05:07:55,980 null [INFO] (/home/meteo/dev/redist/fwidbmgr/include/Grid.h:1695) Grid fwi configured.
2019-05-15 05:07:56,012 null [INFO] (/home/meteo/dev/redist/fwidbmgr/include/Grid.h:1595) Configuring grid: ffmc
2019-05-15 05:07:56,012 null [INFO] (/home/meteo/dev/redist/fwidbmgr/include/Grid.h:1695) Grid ffmc configured.
2019-05-15 05:07:56,045 null [INFO] (/home/meteo/dev/redist/fwidbmgr/include/Grid.h:1595) Configuring grid: dmc
2019-05-15 05:07:56,045 null [INFO] (/home/meteo/dev/redist/fwidbmgr/include/Grid.h:1695) Grid dmc configured.
2019-05-15 05:07:56,081 null [INFO] (/home/meteo/dev/redist/fwidbmgr/include/Grid.h:1595) Configuring grid: dc
2019-05-15 05:07:56,082 null [INFO] (/home/meteo/dev/redist/fwidbmgr/include/Grid.h:1695) Grid dc configured.
2019-05-15 05:07:56,103 null [INFO] (/home/meteo/dev/redist/fwidbmgr/include/Grid.h:1595) Configuring grid: bui
2019-05-15 05:07:56,103 null [INFO] (/home/meteo/dev/redist/fwidbmgr/include/Grid.h:1695) Grid bui configured.
2019-05-15 05:07:56,124 null [INFO] (/home/meteo/dev/redist/fwidbmgr/include/Grid.h:1595) Configuring grid: ffmc_tmp
2019-05-15 05:07:56,124 null [INFO] (/home/meteo/dev/redist/fwidbmgr/include/Grid.h:1695) Grid ffmc_tmp configured.
2019-05-15 05:07:56,144 null [INFO] (/home/meteo/dev/redist/fwidbmgr/include/Grid.h:1595) Configuring grid: dmc_tmp
2019-05-15 05:07:56,144 null [INFO] (/home/meteo/dev/redist/fwidbmgr/include/Grid.h:1695) Grid dmc_tmp configured.
2019-05-15 05:07:56,163 null [INFO] (/home/meteo/dev/redist/fwidbmgr/include/Grid.h:1595) Configuring grid: dc_tmp
2019-05-15 05:07:56,163 null [INFO] (/home/meteo/dev/redist/fwidbmgr/include/Grid.h:1695) Grid dc_tmp configured.
2019-05-15 05:07:56,182 null [INFO] (/home/meteo/dev/redist/fwidbmgr/include/Grid.h:1595) Configuring grid: angstrom
2019-05-15 05:07:56,182 null [INFO] (/home/meteo/dev/redist/fwidbmgr/include/Grid.h:1695) Grid angstrom configured.
2019-05-15 05:07:56,207 null [INFO] (/home/meteo/dev/redist/fwidbmgr/include/Grid.h:1595) Configuring grid: sharples
2019-05-15 05:07:56,207 null [INFO] (/home/meteo/dev/redist/fwidbmgr/include/Grid.h:1695) Grid sharples configured.
2019-05-15 05:07:56,227 null [INFO] (/home/meteo/dev/redist/fwidbmgr/include/Grid.h:1595) Configuring grid: fmi
2019-05-15 05:07:56,227 null [INFO] (/home/meteo/dev/redist/fwidbmgr/include/Grid.h:1695) Grid fmi configured.
2019-05-15 05:07:56,249 null [INFO] (../src/fwidbmgr.cpp:5600) OK --> 20190514 indexes exported to files.
2019-05-15 05:07:56,249 null [INFO] (../src/fwidbmgr.cpp:5695) action exportidx took about 2 seconds.
2019-05-15 05:07:56,250 null [INFO] (../src/fwidbmgr.cpp:5699) Disconnected from database.
2019-05-15 05:08:09,317 null [INFO] (../src/fwidbmgr.cpp:5361) fwi db manager
2019-05-15 05:08:09,317 null [INFO] (../src/fwidbmgr.cpp:5365) Program home: /home/meteo/dev/redist/fwidbmgr
2019-05-15 05:08:09,317 null [INFO] (../src/fwidbmgr.cpp:5369) Auto convert: 1
2019-05-15 05:08:09,317 null [INFO] (../src/fwidbmgr.cpp:446) action: outimg.
2019-05-15 05:08:09,317 null [INFO] (../src/fwidbmgr.cpp:470) date: 20190514.
2019-05-15 05:08:09,317 null [INFO] (../src/fwidbmgr.cpp:322) Try to read: /home/meteo/dev/redist/fwidbmgr/config/fwidbmgr.conf.
2019-05-15 05:08:09,319 null [INFO] (../src/fwidbmgr.cpp:5393) Configuration parsing: OK.
2019-05-15 05:08:09,320 null [INFO] (../src/fwidbmgr.cpp:5478) Connected to database
2019-05-15 05:08:09,321 null [INFO] (../src/fwidbmgr.cpp:5480) Manage data for date: 20190514.
2019-05-15 05:08:09,321 null [INFO] (../src/fwidbmgr.cpp:5566) Importing fwi indexes images in database.
2019-05-15 05:08:09,390 null [INFO] (../src/fwidbmgr.cpp:5570) OK --> 20190514 images imported.
2019-05-15 05:08:09,390 null [INFO] (../src/fwidbmgr.cpp:5695) action outimg took about 0 seconds.
2019-05-15 05:08:09,390 null [INFO] (../src/fwidbmgr.cpp:5699) Disconnected from database.
2019-05-15 05:37:01,939 null [INFO] (../src/fwidbmgr.cpp:5361) fwi db manager
2019-05-15 05:37:01,939 null [INFO] (../src/fwidbmgr.cpp:5365) Program home: /home/meteo/dev/redist/fwidbmgr
2019-05-15 05:37:01,939 null [INFO] (../src/fwidbmgr.cpp:5369) Auto convert: 1
2019-05-15 05:37:01,939 null [INFO] (../src/fwidbmgr.cpp:446) action: outimg.
2019-05-15 05:37:01,939 null [INFO] (../src/fwidbmgr.cpp:470) date: 20190514.
2019-05-15 05:37:01,939 null [INFO] (../src/fwidbmgr.cpp:322) Try to read: /home/meteo/dev/redist/fwidbmgr/config/fwidbmgr.conf.
2019-05-15 05:37:01,941 null [INFO] (../src/fwidbmgr.cpp:5393) Configuration parsing: OK.
2019-05-15 05:37:01,948 null [INFO] (../src/fwidbmgr.cpp:5478) Connected to database
2019-05-15 05:37:01,948 null [INFO] (../src/fwidbmgr.cpp:5480) Manage data for date: 20190514.
2019-05-15 05:37:01,948 null [INFO] (../src/fwidbmgr.cpp:5566) Importing fwi indexes images in database.
2019-05-15 05:37:02,004 null [INFO] (../src/fwidbmgr.cpp:5570) OK --> 20190514 images imported.
2019-05-15 05:37:02,004 null [INFO] (../src/fwidbmgr.cpp:5695) action outimg took about 1 seconds.
2019-05-15 05:37:02,005 null [INFO] (../src/fwidbmgr.cpp:5699) Disconnected from database.
2019-05-15 06:05:01,137 null [INFO] (../src/fwidbmgr.cpp:5361) fwi db manager
2019-05-15 06:05:01,137 null [INFO] (../src/fwidbmgr.cpp:5365) Program home: /home/meteo/dev/redist/fwidbmgr
2019-05-15 06:05:01,138 null [INFO] (../src/fwidbmgr.cpp:5369) Auto convert: 1
2019-05-15 06:05:01,138 null [INFO] (../src/fwidbmgr.cpp:446) action: outimg.
2019-05-15 06:05:01,138 null [INFO] (../src/fwidbmgr.cpp:470) date: 20190514.
2019-05-15 06:05:01,138 null [INFO] (../src/fwidbmgr.cpp:322) Try to read: /home/meteo/dev/redist/fwidbmgr/config/fwidbmgr.conf.
2019-05-15 06:05:01,139 null [INFO] (../src/fwidbmgr.cpp:5393) Configuration parsing: OK.
2019-05-15 06:05:01,147 null [INFO] (../src/fwidbmgr.cpp:5478) Connected to database
2019-05-15 06:05:01,147 null [INFO] (../src/fwidbmgr.cpp:5480) Manage data for date: 20190514.
2019-05-15 06:05:01,147 null [INFO] (../src/fwidbmgr.cpp:5566) Importing fwi indexes images in database.
2019-05-15 06:05:01,206 null [INFO] (../src/fwidbmgr.cpp:5570) OK --> 20190514 images imported.
2019-05-15 06:05:01,206 null [INFO] (../src/fwidbmgr.cpp:5695) action outimg took about 0 seconds.
2019-05-15 06:05:01,206 null [INFO] (../src/fwidbmgr.cpp:5699) Disconnected from database.
2019-05-15 06:37:01,354 null [INFO] (../src/fwidbmgr.cpp:5361) fwi db manager
2019-05-15 06:37:01,354 null [INFO] (../src/fwidbmgr.cpp:5365) Program home: /home/meteo/dev/redist/fwidbmgr
2019-05-15 06:37:01,354 null [INFO] (../src/fwidbmgr.cpp:5369) Auto convert: 1
2019-05-15 06:37:01,354 null [INFO] (../src/fwidbmgr.cpp:446) action: outimg.
2019-05-15 06:37:01,354 null [INFO] (../src/fwidbmgr.cpp:470) date: 20190514.
2019-05-15 06:37:01,354 null [INFO] (../src/fwidbmgr.cpp:322) Try to read: /home/meteo/dev/redist/fwidbmgr/config/fwidbmgr.conf.
2019-05-15 06:37:01,355 null [INFO] (../src/fwidbmgr.cpp:5393) Configuration parsing: OK.
2019-05-15 06:37:01,360 null [INFO] (../src/fwidbmgr.cpp:5478) Connected to database
2019-05-15 06:37:01,360 null [INFO] (../src/fwidbmgr.cpp:5480) Manage data for date: 20190514.
2019-05-15 06:37:01,360 null [INFO] (../src/fwidbmgr.cpp:5566) Importing fwi indexes images in database.
2019-05-15 06:37:01,418 null [INFO] (../src/fwidbmgr.cpp:5570) OK --> 20190514 images imported.
2019-05-15 06:37:01,418 null [INFO] (../src/fwidbmgr.cpp:5695) action outimg took about 0 seconds.
2019-05-15 06:37:01,418 null [INFO] (../src/fwidbmgr.cpp:5699) Disconnected from database.
2019-05-15 07:05:01,180 null [INFO] (../src/fwidbmgr.cpp:5361) fwi db manager
2019-05-15 07:05:01,180 null [INFO] (../src/fwidbmgr.cpp:5365) Program home: /home/meteo/dev/redist/fwidbmgr
2019-05-15 07:05:01,180 null [INFO] (../src/fwidbmgr.cpp:5369) Auto convert: 1
2019-05-15 07:05:01,180 null [INFO] (../src/fwidbmgr.cpp:446) action: outimg.
2019-05-15 07:05:01,180 null [INFO] (../src/fwidbmgr.cpp:470) date: 20190514.
2019-05-15 07:05:01,180 null [INFO] (../src/fwidbmgr.cpp:322) Try to read: /home/meteo/dev/redist/fwidbmgr/config/fwidbmgr.conf.
2019-05-15 07:05:01,181 null [INFO] (../src/fwidbmgr.cpp:5393) Configuration parsing: OK.
2019-05-15 07:05:01,185 null [INFO] (../src/fwidbmgr.cpp:5478) Connected to database
2019-05-15 07:05:01,185 null [INFO] (../src/fwidbmgr.cpp:5480) Manage data for date: 20190514.
2019-05-15 07:05:01,185 null [INFO] (../src/fwidbmgr.cpp:5566) Importing fwi indexes images in database.
2019-05-15 07:05:01,235 null [INFO] (../src/fwidbmgr.cpp:5570) OK --> 20190514 images imported.
2019-05-15 07:05:01,235 null [INFO] (../src/fwidbmgr.cpp:5695) action outimg took about 0 seconds.
2019-05-15 07:05:01,236 null [INFO] (../src/fwidbmgr.cpp:5699) Disconnected from database.
2019-05-15 07:37:01,381 null [INFO] (../src/fwidbmgr.cpp:5361) fwi db manager
2019-05-15 07:37:01,381 null [INFO] (../src/fwidbmgr.cpp:5365) Program home: /home/meteo/dev/redist/fwidbmgr
2019-05-15 07:37:01,381 null [INFO] (../src/fwidbmgr.cpp:5369) Auto convert: 1
2019-05-15 07:37:01,381 null [INFO] (../src/fwidbmgr.cpp:446) action: outimg.
2019-05-15 07:37:01,381 null [INFO] (../src/fwidbmgr.cpp:470) date: 20190514.
2019-05-15 07:37:01,381 null [INFO] (../src/fwidbmgr.cpp:322) Try to read: /home/meteo/dev/redist/fwidbmgr/config/fwidbmgr.conf.
2019-05-15 07:37:01,383 null [INFO] (../src/fwidbmgr.cpp:5393) Configuration parsing: OK.
2019-05-15 07:37:01,387 null [INFO] (../src/fwidbmgr.cpp:5478) Connected to database
2019-05-15 07:37:01,387 null [INFO] (../src/fwidbmgr.cpp:5480) Manage data for date: 20190514.
2019-05-15 07:37:01,387 null [INFO] (../src/fwidbmgr.cpp:5566) Importing fwi indexes images in database.
2019-05-15 07:37:01,438 null [INFO] (../src/fwidbmgr.cpp:5570) OK --> 20190514 images imported.
2019-05-15 07:37:01,438 null [INFO] (../src/fwidbmgr.cpp:5695) action outimg took about 0 seconds.
2019-05-15 07:37:01,439 null [INFO] (../src/fwidbmgr.cpp:5699) Disconnected from database.
