2018-01-03 04:06:55,826 null [INFO] (../src/fwidbmgr.cpp:5361) fwi db manager
2018-01-03 04:06:55,827 null [INFO] (../src/fwidbmgr.cpp:5365) Program home: /home/meteo/dev/redist/fwidbmgr
2018-01-03 04:06:55,827 null [INFO] (../src/fwidbmgr.cpp:5369) Auto convert: 1
2018-01-03 04:06:55,827 null [INFO] (../src/fwidbmgr.cpp:446) action: in.
2018-01-03 04:06:55,827 null [INFO] (../src/fwidbmgr.cpp:470) date: 20180102.
2018-01-03 04:06:55,827 null [INFO] (../src/fwidbmgr.cpp:322) Try to read: /home/meteo/dev/redist/fwidbmgr/config/fwidbmgr.conf.
2018-01-03 04:06:55,845 null [INFO] (../src/fwidbmgr.cpp:5393) Configuration parsing: OK.
2018-01-03 04:06:55,879 null [INFO] (../src/fwidbmgr.cpp:5478) Connected to database
2018-01-03 04:06:55,879 null [INFO] (../src/fwidbmgr.cpp:5480) Manage data for date: 20180102.
2018-01-03 04:06:55,879 null [INFO] (../src/fwidbmgr.cpp:5536) Importing meteo data in database for day: 20180102.
2018-01-03 04:06:55,891 null [INFO] (/home/meteo/dev/redist/fwidbmgr/include/Grid.h:1595) Configuring grid: snow
2018-01-03 04:06:55,891 null [INFO] (/home/meteo/dev/redist/fwidbmgr/include/Grid.h:1695) Grid snow configured.
2018-01-03 04:06:55,908 null [INFO] (/home/meteo/dev/redist/fwidbmgr/include/Grid.h:1595) Configuring grid: snow_covering
2018-01-03 04:06:55,908 null [INFO] (/home/meteo/dev/redist/fwidbmgr/include/Grid.h:1695) Grid snow_covering configured.
2018-01-03 04:06:55,927 null [INFO] (/home/meteo/dev/redist/fwidbmgr/include/Grid.h:1595) Configuring grid: snow_dissolution
2018-01-03 04:06:55,927 null [INFO] (/home/meteo/dev/redist/fwidbmgr/include/Grid.h:1695) Grid snow_dissolution configured.
2018-01-03 04:06:55,957 null [INFO] (/home/meteo/dev/redist/fwidbmgr/include/Grid.h:1595) Configuring grid: temperature
2018-01-03 04:06:55,958 null [INFO] (/home/meteo/dev/redist/fwidbmgr/include/Grid.h:1695) Grid temperature configured.
2018-01-03 04:06:55,965 null [INFO] (/home/meteo/dev/redist/fwidbmgr/include/Grid.h:1595) Configuring grid: humidity
2018-01-03 04:06:55,966 null [INFO] (/home/meteo/dev/redist/fwidbmgr/include/Grid.h:1695) Grid humidity configured.
2018-01-03 04:06:55,984 null [INFO] (/home/meteo/dev/redist/fwidbmgr/include/Grid.h:1595) Configuring grid: windspeed
2018-01-03 04:06:55,984 null [INFO] (/home/meteo/dev/redist/fwidbmgr/include/Grid.h:1695) Grid windspeed configured.
2018-01-03 04:06:56,013 null [INFO] (/home/meteo/dev/redist/fwidbmgr/include/Grid.h:1595) Configuring grid: rain
2018-01-03 04:06:56,013 null [INFO] (/home/meteo/dev/redist/fwidbmgr/include/Grid.h:1695) Grid rain configured.
2018-01-03 04:06:56,017 null [INFO] (/home/meteo/dev/redist/fwidbmgr/include/Grid.h:1595) Configuring grid: cum_rain
2018-01-03 04:06:56,017 null [INFO] (/home/meteo/dev/redist/fwidbmgr/include/Grid.h:1695) Grid cum_rain configured.
2018-01-03 04:06:56,217 null [INFO] (../src/fwidbmgr.cpp:1518) Storing meteo input ...
2018-01-03 04:07:07,504 null [INFO] (../src/fwidbmgr.cpp:5540) OK --> 20180102 data imported.
2018-01-03 04:07:07,509 null [INFO] (../src/fwidbmgr.cpp:5695) action in took about 12 seconds.
2018-01-03 04:07:07,605 null [INFO] (../src/fwidbmgr.cpp:5699) Disconnected from database.
2018-01-03 04:08:24,332 null [INFO] (../src/fwidbmgr.cpp:5361) fwi db manager
2018-01-03 04:08:24,332 null [INFO] (../src/fwidbmgr.cpp:5365) Program home: /home/meteo/dev/redist/fwidbmgr
2018-01-03 04:08:24,332 null [INFO] (../src/fwidbmgr.cpp:5369) Auto convert: 1
2018-01-03 04:08:24,332 null [INFO] (../src/fwidbmgr.cpp:446) action: out.
2018-01-03 04:08:24,332 null [INFO] (../src/fwidbmgr.cpp:470) date: 20180102.
2018-01-03 04:08:24,332 null [INFO] (../src/fwidbmgr.cpp:322) Try to read: /home/meteo/dev/redist/fwidbmgr/config/fwidbmgr.conf.
2018-01-03 04:08:24,341 null [INFO] (../src/fwidbmgr.cpp:5393) Configuration parsing: OK.
2018-01-03 04:08:24,361 null [INFO] (../src/fwidbmgr.cpp:5478) Connected to database
2018-01-03 04:08:24,361 null [INFO] (../src/fwidbmgr.cpp:5480) Manage data for date: 20180102.
2018-01-03 04:08:24,361 null [INFO] (../src/fwidbmgr.cpp:5551) Importing fwi indexes data in database for day: 20180102.
2018-01-03 04:08:24,362 null [INFO] (/home/meteo/dev/redist/fwidbmgr/include/Grid.h:1595) Configuring grid: isi
2018-01-03 04:08:24,363 null [INFO] (/home/meteo/dev/redist/fwidbmgr/include/Grid.h:1695) Grid isi configured.
2018-01-03 04:08:24,376 null [INFO] (/home/meteo/dev/redist/fwidbmgr/include/Grid.h:1595) Configuring grid: fwi
2018-01-03 04:08:24,376 null [INFO] (/home/meteo/dev/redist/fwidbmgr/include/Grid.h:1695) Grid fwi configured.
2018-01-03 04:08:24,389 null [INFO] (/home/meteo/dev/redist/fwidbmgr/include/Grid.h:1595) Configuring grid: ffmc
2018-01-03 04:08:24,389 null [INFO] (/home/meteo/dev/redist/fwidbmgr/include/Grid.h:1695) Grid ffmc configured.
2018-01-03 04:08:24,403 null [INFO] (/home/meteo/dev/redist/fwidbmgr/include/Grid.h:1595) Configuring grid: dmc
2018-01-03 04:08:24,403 null [INFO] (/home/meteo/dev/redist/fwidbmgr/include/Grid.h:1695) Grid dmc configured.
2018-01-03 04:08:24,416 null [INFO] (/home/meteo/dev/redist/fwidbmgr/include/Grid.h:1595) Configuring grid: dc
2018-01-03 04:08:24,416 null [INFO] (/home/meteo/dev/redist/fwidbmgr/include/Grid.h:1695) Grid dc configured.
2018-01-03 04:08:24,429 null [INFO] (/home/meteo/dev/redist/fwidbmgr/include/Grid.h:1595) Configuring grid: bui
2018-01-03 04:08:24,429 null [INFO] (/home/meteo/dev/redist/fwidbmgr/include/Grid.h:1695) Grid bui configured.
2018-01-03 04:08:24,442 null [INFO] (/home/meteo/dev/redist/fwidbmgr/include/Grid.h:1595) Configuring grid: ffmc_tmp
2018-01-03 04:08:24,442 null [INFO] (/home/meteo/dev/redist/fwidbmgr/include/Grid.h:1695) Grid ffmc_tmp configured.
2018-01-03 04:08:24,470 null [INFO] (/home/meteo/dev/redist/fwidbmgr/include/Grid.h:1595) Configuring grid: dmc_tmp
2018-01-03 04:08:24,470 null [INFO] (/home/meteo/dev/redist/fwidbmgr/include/Grid.h:1695) Grid dmc_tmp configured.
2018-01-03 04:08:24,490 null [INFO] (/home/meteo/dev/redist/fwidbmgr/include/Grid.h:1595) Configuring grid: dc_tmp
2018-01-03 04:08:24,490 null [INFO] (/home/meteo/dev/redist/fwidbmgr/include/Grid.h:1695) Grid dc_tmp configured.
2018-01-03 04:08:24,512 null [INFO] (/home/meteo/dev/redist/fwidbmgr/include/Grid.h:1595) Configuring grid: idi
2018-01-03 04:08:24,512 null [INFO] (/home/meteo/dev/redist/fwidbmgr/include/Grid.h:1695) Grid idi configured.
2018-01-03 04:08:24,661 null [INFO] (../src/fwidbmgr.cpp:2081) Storing FWI indexes ...
2018-01-03 04:08:30,972 null [INFO] (../src/fwidbmgr.cpp:5555) OK --> 20180102 data imported.
2018-01-03 04:08:30,972 null [INFO] (../src/fwidbmgr.cpp:5695) action out took about 6 seconds.
2018-01-03 04:08:30,973 null [INFO] (../src/fwidbmgr.cpp:5699) Disconnected from database.
2018-01-03 04:08:30,987 null [INFO] (../src/fwidbmgr.cpp:5361) fwi db manager
2018-01-03 04:08:30,987 null [INFO] (../src/fwidbmgr.cpp:5365) Program home: /home/meteo/dev/redist/fwidbmgr
2018-01-03 04:08:30,987 null [INFO] (../src/fwidbmgr.cpp:5369) Auto convert: 1
2018-01-03 04:08:30,987 null [INFO] (../src/fwidbmgr.cpp:446) action: computeidx.
2018-01-03 04:08:30,987 null [INFO] (../src/fwidbmgr.cpp:470) date: 20180102.
2018-01-03 04:08:30,988 null [INFO] (../src/fwidbmgr.cpp:322) Try to read: /home/meteo/dev/redist/fwidbmgr/config/fwidbmgr.conf.
2018-01-03 04:08:30,989 null [INFO] (../src/fwidbmgr.cpp:5393) Configuration parsing: OK.
2018-01-03 04:08:30,993 null [INFO] (../src/fwidbmgr.cpp:5478) Connected to database
2018-01-03 04:08:30,993 null [INFO] (../src/fwidbmgr.cpp:5480) Manage data for date: 20180102.
2018-01-03 04:08:30,993 null [INFO] (../src/fwidbmgr.cpp:5656) Computing indexes.
2018-01-03 04:08:30,994 null [INFO] (/home/meteo/dev/redist/fwidbmgr/include/Grid.h:1595) Configuring grid: isi
2018-01-03 04:08:30,994 null [INFO] (/home/meteo/dev/redist/fwidbmgr/include/Grid.h:1695) Grid isi configured.
2018-01-03 04:08:30,996 null [INFO] (/home/meteo/dev/redist/fwidbmgr/include/Grid.h:1595) Configuring grid: fwi
2018-01-03 04:08:30,996 null [INFO] (/home/meteo/dev/redist/fwidbmgr/include/Grid.h:1695) Grid fwi configured.
2018-01-03 04:08:30,997 null [INFO] (/home/meteo/dev/redist/fwidbmgr/include/Grid.h:1595) Configuring grid: ffmc
2018-01-03 04:08:30,997 null [INFO] (/home/meteo/dev/redist/fwidbmgr/include/Grid.h:1695) Grid ffmc configured.
2018-01-03 04:08:30,998 null [INFO] (/home/meteo/dev/redist/fwidbmgr/include/Grid.h:1595) Configuring grid: dmc
2018-01-03 04:08:30,998 null [INFO] (/home/meteo/dev/redist/fwidbmgr/include/Grid.h:1695) Grid dmc configured.
2018-01-03 04:08:31,000 null [INFO] (/home/meteo/dev/redist/fwidbmgr/include/Grid.h:1595) Configuring grid: dc
2018-01-03 04:08:31,000 null [INFO] (/home/meteo/dev/redist/fwidbmgr/include/Grid.h:1695) Grid dc configured.
2018-01-03 04:08:31,001 null [INFO] (/home/meteo/dev/redist/fwidbmgr/include/Grid.h:1595) Configuring grid: bui
2018-01-03 04:08:31,001 null [INFO] (/home/meteo/dev/redist/fwidbmgr/include/Grid.h:1695) Grid bui configured.
2018-01-03 04:08:31,002 null [INFO] (/home/meteo/dev/redist/fwidbmgr/include/Grid.h:1595) Configuring grid: ffmc_tmp
2018-01-03 04:08:31,002 null [INFO] (/home/meteo/dev/redist/fwidbmgr/include/Grid.h:1695) Grid ffmc_tmp configured.
2018-01-03 04:08:31,004 null [INFO] (/home/meteo/dev/redist/fwidbmgr/include/Grid.h:1595) Configuring grid: dmc_tmp
2018-01-03 04:08:31,004 null [INFO] (/home/meteo/dev/redist/fwidbmgr/include/Grid.h:1695) Grid dmc_tmp configured.
2018-01-03 04:08:31,005 null [INFO] (/home/meteo/dev/redist/fwidbmgr/include/Grid.h:1595) Configuring grid: dc_tmp
2018-01-03 04:08:31,005 null [INFO] (/home/meteo/dev/redist/fwidbmgr/include/Grid.h:1695) Grid dc_tmp configured.
2018-01-03 04:08:31,006 null [INFO] (/home/meteo/dev/redist/fwidbmgr/include/Grid.h:1595) Configuring grid: idi
2018-01-03 04:08:31,007 null [INFO] (/home/meteo/dev/redist/fwidbmgr/include/Grid.h:1695) Grid idi configured.
2018-01-03 04:08:31,008 null [INFO] (/home/meteo/dev/redist/fwidbmgr/include/Grid.h:1595) Configuring grid: angstrom
2018-01-03 04:08:31,008 null [INFO] (/home/meteo/dev/redist/fwidbmgr/include/Grid.h:1695) Grid angstrom configured.
2018-01-03 04:08:31,009 null [INFO] (/home/meteo/dev/redist/fwidbmgr/include/Grid.h:1595) Configuring grid: fmi
2018-01-03 04:08:31,009 null [INFO] (/home/meteo/dev/redist/fwidbmgr/include/Grid.h:1695) Grid fmi configured.
2018-01-03 04:08:31,010 null [INFO] (/home/meteo/dev/redist/fwidbmgr/include/Grid.h:1595) Configuring grid: sharples
2018-01-03 04:08:31,010 null [INFO] (/home/meteo/dev/redist/fwidbmgr/include/Grid.h:1695) Grid sharples configured.
2018-01-03 04:08:31,581 null [INFO] (/home/meteo/dev/redist/fwidbmgr/include/Grid.h:1595) Configuring grid: snow
2018-01-03 04:08:31,581 null [INFO] (/home/meteo/dev/redist/fwidbmgr/include/Grid.h:1695) Grid snow configured.
2018-01-03 04:08:31,582 null [INFO] (/home/meteo/dev/redist/fwidbmgr/include/Grid.h:1595) Configuring grid: snow_covering
2018-01-03 04:08:31,582 null [INFO] (/home/meteo/dev/redist/fwidbmgr/include/Grid.h:1695) Grid snow_covering configured.
2018-01-03 04:08:31,582 null [INFO] (/home/meteo/dev/redist/fwidbmgr/include/Grid.h:1595) Configuring grid: snow_dissolution
2018-01-03 04:08:31,582 null [INFO] (/home/meteo/dev/redist/fwidbmgr/include/Grid.h:1695) Grid snow_dissolution configured.
2018-01-03 04:08:31,582 null [INFO] (/home/meteo/dev/redist/fwidbmgr/include/Grid.h:1595) Configuring grid: temperature
2018-01-03 04:08:31,582 null [INFO] (/home/meteo/dev/redist/fwidbmgr/include/Grid.h:1695) Grid temperature configured.
2018-01-03 04:08:31,582 null [INFO] (/home/meteo/dev/redist/fwidbmgr/include/Grid.h:1595) Configuring grid: humidity
2018-01-03 04:08:31,582 null [INFO] (/home/meteo/dev/redist/fwidbmgr/include/Grid.h:1695) Grid humidity configured.
2018-01-03 04:08:31,582 null [INFO] (/home/meteo/dev/redist/fwidbmgr/include/Grid.h:1595) Configuring grid: windspeed
2018-01-03 04:08:31,582 null [INFO] (/home/meteo/dev/redist/fwidbmgr/include/Grid.h:1695) Grid windspeed configured.
2018-01-03 04:08:31,582 null [INFO] (/home/meteo/dev/redist/fwidbmgr/include/Grid.h:1595) Configuring grid: rain
2018-01-03 04:08:31,583 null [INFO] (/home/meteo/dev/redist/fwidbmgr/include/Grid.h:1695) Grid rain configured.
2018-01-03 04:08:31,583 null [INFO] (/home/meteo/dev/redist/fwidbmgr/include/Grid.h:1595) Configuring grid: cum_rain
2018-01-03 04:08:31,583 null [INFO] (/home/meteo/dev/redist/fwidbmgr/include/Grid.h:1695) Grid cum_rain configured.
2018-01-03 04:10:20,337 null [INFO] (../src/fwidbmgr.cpp:5660) OK --> 20180102 indexes computed.
2018-01-03 04:10:20,337 null [INFO] (../src/fwidbmgr.cpp:5695) action computeidx took about 110 seconds.
2018-01-03 04:10:20,338 null [INFO] (../src/fwidbmgr.cpp:5699) Disconnected from database.
2018-01-03 04:10:20,362 null [INFO] (../src/fwidbmgr.cpp:5361) fwi db manager
2018-01-03 04:10:20,362 null [INFO] (../src/fwidbmgr.cpp:5365) Program home: /home/meteo/dev/redist/fwidbmgr
2018-01-03 04:10:20,362 null [INFO] (../src/fwidbmgr.cpp:5369) Auto convert: 1
2018-01-03 04:10:20,362 null [INFO] (../src/fwidbmgr.cpp:446) action: exportidx.
2018-01-03 04:10:20,362 null [INFO] (../src/fwidbmgr.cpp:470) date: 20180102.
2018-01-03 04:10:20,362 null [INFO] (../src/fwidbmgr.cpp:322) Try to read: /home/meteo/dev/redist/fwidbmgr/config/fwidbmgr.conf.
2018-01-03 04:10:20,365 null [INFO] (../src/fwidbmgr.cpp:5393) Configuration parsing: OK.
2018-01-03 04:10:20,369 null [INFO] (../src/fwidbmgr.cpp:5478) Connected to database
2018-01-03 04:10:20,369 null [INFO] (../src/fwidbmgr.cpp:5480) Manage data for date: 20180102.
2018-01-03 04:10:20,369 null [INFO] (../src/fwidbmgr.cpp:5596) Exporting indexes.
2018-01-03 04:10:20,371 null [INFO] (/home/meteo/dev/redist/fwidbmgr/include/Grid.h:1595) Configuring grid: isi
2018-01-03 04:10:20,371 null [INFO] (/home/meteo/dev/redist/fwidbmgr/include/Grid.h:1695) Grid isi configured.
2018-01-03 04:10:20,372 null [INFO] (/home/meteo/dev/redist/fwidbmgr/include/Grid.h:1595) Configuring grid: fwi
2018-01-03 04:10:20,372 null [INFO] (/home/meteo/dev/redist/fwidbmgr/include/Grid.h:1695) Grid fwi configured.
2018-01-03 04:10:20,374 null [INFO] (/home/meteo/dev/redist/fwidbmgr/include/Grid.h:1595) Configuring grid: ffmc
2018-01-03 04:10:20,374 null [INFO] (/home/meteo/dev/redist/fwidbmgr/include/Grid.h:1695) Grid ffmc configured.
2018-01-03 04:10:20,375 null [INFO] (/home/meteo/dev/redist/fwidbmgr/include/Grid.h:1595) Configuring grid: dmc
2018-01-03 04:10:20,375 null [INFO] (/home/meteo/dev/redist/fwidbmgr/include/Grid.h:1695) Grid dmc configured.
2018-01-03 04:10:20,376 null [INFO] (/home/meteo/dev/redist/fwidbmgr/include/Grid.h:1595) Configuring grid: dc
2018-01-03 04:10:20,376 null [INFO] (/home/meteo/dev/redist/fwidbmgr/include/Grid.h:1695) Grid dc configured.
2018-01-03 04:10:20,378 null [INFO] (/home/meteo/dev/redist/fwidbmgr/include/Grid.h:1595) Configuring grid: bui
2018-01-03 04:10:20,378 null [INFO] (/home/meteo/dev/redist/fwidbmgr/include/Grid.h:1695) Grid bui configured.
2018-01-03 04:10:20,379 null [INFO] (/home/meteo/dev/redist/fwidbmgr/include/Grid.h:1595) Configuring grid: ffmc_tmp
2018-01-03 04:10:20,379 null [INFO] (/home/meteo/dev/redist/fwidbmgr/include/Grid.h:1695) Grid ffmc_tmp configured.
2018-01-03 04:10:20,380 null [INFO] (/home/meteo/dev/redist/fwidbmgr/include/Grid.h:1595) Configuring grid: dmc_tmp
2018-01-03 04:10:20,380 null [INFO] (/home/meteo/dev/redist/fwidbmgr/include/Grid.h:1695) Grid dmc_tmp configured.
2018-01-03 04:10:20,382 null [INFO] (/home/meteo/dev/redist/fwidbmgr/include/Grid.h:1595) Configuring grid: dc_tmp
2018-01-03 04:10:20,382 null [INFO] (/home/meteo/dev/redist/fwidbmgr/include/Grid.h:1695) Grid dc_tmp configured.
2018-01-03 04:10:20,383 null [INFO] (/home/meteo/dev/redist/fwidbmgr/include/Grid.h:1595) Configuring grid: idi
2018-01-03 04:10:20,383 null [INFO] (/home/meteo/dev/redist/fwidbmgr/include/Grid.h:1695) Grid idi configured.
2018-01-03 04:10:20,384 null [INFO] (/home/meteo/dev/redist/fwidbmgr/include/Grid.h:1595) Configuring grid: angstrom
2018-01-03 04:10:20,384 null [INFO] (/home/meteo/dev/redist/fwidbmgr/include/Grid.h:1695) Grid angstrom configured.
2018-01-03 04:10:20,386 null [INFO] (/home/meteo/dev/redist/fwidbmgr/include/Grid.h:1595) Configuring grid: fmi
2018-01-03 04:10:20,386 null [INFO] (/home/meteo/dev/redist/fwidbmgr/include/Grid.h:1695) Grid fmi configured.
2018-01-03 04:10:20,387 null [INFO] (/home/meteo/dev/redist/fwidbmgr/include/Grid.h:1595) Configuring grid: sharples
2018-01-03 04:10:20,387 null [INFO] (/home/meteo/dev/redist/fwidbmgr/include/Grid.h:1695) Grid sharples configured.
2018-01-03 04:10:20,991 null [INFO] (/home/meteo/dev/redist/fwidbmgr/include/Grid.h:1595) Configuring grid: isi
2018-01-03 04:10:20,991 null [INFO] (/home/meteo/dev/redist/fwidbmgr/include/Grid.h:1695) Grid isi configured.
2018-01-03 04:10:21,030 null [INFO] (/home/meteo/dev/redist/fwidbmgr/include/Grid.h:1595) Configuring grid: fwi
2018-01-03 04:10:21,030 null [INFO] (/home/meteo/dev/redist/fwidbmgr/include/Grid.h:1695) Grid fwi configured.
2018-01-03 04:10:21,067 null [INFO] (/home/meteo/dev/redist/fwidbmgr/include/Grid.h:1595) Configuring grid: ffmc
2018-01-03 04:10:21,067 null [INFO] (/home/meteo/dev/redist/fwidbmgr/include/Grid.h:1695) Grid ffmc configured.
2018-01-03 04:10:21,107 null [INFO] (/home/meteo/dev/redist/fwidbmgr/include/Grid.h:1595) Configuring grid: dmc
2018-01-03 04:10:21,107 null [INFO] (/home/meteo/dev/redist/fwidbmgr/include/Grid.h:1695) Grid dmc configured.
2018-01-03 04:10:21,145 null [INFO] (/home/meteo/dev/redist/fwidbmgr/include/Grid.h:1595) Configuring grid: dc
2018-01-03 04:10:21,145 null [INFO] (/home/meteo/dev/redist/fwidbmgr/include/Grid.h:1695) Grid dc configured.
2018-01-03 04:10:21,186 null [INFO] (/home/meteo/dev/redist/fwidbmgr/include/Grid.h:1595) Configuring grid: bui
2018-01-03 04:10:21,186 null [INFO] (/home/meteo/dev/redist/fwidbmgr/include/Grid.h:1695) Grid bui configured.
2018-01-03 04:10:21,224 null [INFO] (/home/meteo/dev/redist/fwidbmgr/include/Grid.h:1595) Configuring grid: ffmc_tmp
2018-01-03 04:10:21,224 null [INFO] (/home/meteo/dev/redist/fwidbmgr/include/Grid.h:1695) Grid ffmc_tmp configured.
2018-01-03 04:10:21,261 null [INFO] (/home/meteo/dev/redist/fwidbmgr/include/Grid.h:1595) Configuring grid: dmc_tmp
2018-01-03 04:10:21,262 null [INFO] (/home/meteo/dev/redist/fwidbmgr/include/Grid.h:1695) Grid dmc_tmp configured.
2018-01-03 04:10:21,296 null [INFO] (/home/meteo/dev/redist/fwidbmgr/include/Grid.h:1595) Configuring grid: dc_tmp
2018-01-03 04:10:21,297 null [INFO] (/home/meteo/dev/redist/fwidbmgr/include/Grid.h:1695) Grid dc_tmp configured.
2018-01-03 04:10:21,332 null [INFO] (/home/meteo/dev/redist/fwidbmgr/include/Grid.h:1595) Configuring grid: angstrom
2018-01-03 04:10:21,332 null [INFO] (/home/meteo/dev/redist/fwidbmgr/include/Grid.h:1695) Grid angstrom configured.
2018-01-03 04:10:21,396 null [INFO] (/home/meteo/dev/redist/fwidbmgr/include/Grid.h:1595) Configuring grid: sharples
2018-01-03 04:10:21,396 null [INFO] (/home/meteo/dev/redist/fwidbmgr/include/Grid.h:1695) Grid sharples configured.
2018-01-03 04:10:21,445 null [INFO] (/home/meteo/dev/redist/fwidbmgr/include/Grid.h:1595) Configuring grid: fmi
2018-01-03 04:10:21,445 null [INFO] (/home/meteo/dev/redist/fwidbmgr/include/Grid.h:1695) Grid fmi configured.
2018-01-03 04:10:21,492 null [INFO] (../src/fwidbmgr.cpp:5600) OK --> 20180102 indexes exported to files.
2018-01-03 04:10:21,493 null [INFO] (../src/fwidbmgr.cpp:5695) action exportidx took about 1 seconds.
2018-01-03 04:10:21,494 null [INFO] (../src/fwidbmgr.cpp:5699) Disconnected from database.
2018-01-03 04:10:48,664 null [INFO] (../src/fwidbmgr.cpp:5361) fwi db manager
2018-01-03 04:10:48,664 null [INFO] (../src/fwidbmgr.cpp:5365) Program home: /home/meteo/dev/redist/fwidbmgr
2018-01-03 04:10:48,664 null [INFO] (../src/fwidbmgr.cpp:5369) Auto convert: 1
2018-01-03 04:10:48,664 null [INFO] (../src/fwidbmgr.cpp:446) action: outimg.
2018-01-03 04:10:48,664 null [INFO] (../src/fwidbmgr.cpp:470) date: 20180102.
2018-01-03 04:10:48,664 null [INFO] (../src/fwidbmgr.cpp:322) Try to read: /home/meteo/dev/redist/fwidbmgr/config/fwidbmgr.conf.
2018-01-03 04:10:48,666 null [INFO] (../src/fwidbmgr.cpp:5393) Configuration parsing: OK.
2018-01-03 04:10:48,669 null [INFO] (../src/fwidbmgr.cpp:5478) Connected to database
2018-01-03 04:10:48,669 null [INFO] (../src/fwidbmgr.cpp:5480) Manage data for date: 20180102.
2018-01-03 04:10:48,669 null [INFO] (../src/fwidbmgr.cpp:5566) Importing fwi indexes images in database.
2018-01-03 04:10:48,755 null [INFO] (../src/fwidbmgr.cpp:5570) OK --> 20180102 images imported.
2018-01-03 04:10:48,755 null [INFO] (../src/fwidbmgr.cpp:5695) action outimg took about 0 seconds.
2018-01-03 04:10:48,756 null [INFO] (../src/fwidbmgr.cpp:5699) Disconnected from database.
2018-01-03 04:37:01,509 null [INFO] (../src/fwidbmgr.cpp:5361) fwi db manager
2018-01-03 04:37:01,509 null [INFO] (../src/fwidbmgr.cpp:5365) Program home: /home/meteo/dev/redist/fwidbmgr
2018-01-03 04:37:01,509 null [INFO] (../src/fwidbmgr.cpp:5369) Auto convert: 1
2018-01-03 04:37:01,509 null [INFO] (../src/fwidbmgr.cpp:446) action: outimg.
2018-01-03 04:37:01,509 null [INFO] (../src/fwidbmgr.cpp:470) date: 20180102.
2018-01-03 04:37:01,509 null [INFO] (../src/fwidbmgr.cpp:322) Try to read: /home/meteo/dev/redist/fwidbmgr/config/fwidbmgr.conf.
2018-01-03 04:37:01,511 null [INFO] (../src/fwidbmgr.cpp:5393) Configuration parsing: OK.
2018-01-03 04:37:01,516 null [INFO] (../src/fwidbmgr.cpp:5478) Connected to database
2018-01-03 04:37:01,516 null [INFO] (../src/fwidbmgr.cpp:5480) Manage data for date: 20180102.
2018-01-03 04:37:01,517 null [INFO] (../src/fwidbmgr.cpp:5566) Importing fwi indexes images in database.
2018-01-03 04:37:01,604 null [INFO] (../src/fwidbmgr.cpp:5570) OK --> 20180102 images imported.
2018-01-03 04:37:01,604 null [INFO] (../src/fwidbmgr.cpp:5695) action outimg took about 0 seconds.
2018-01-03 04:37:01,604 null [INFO] (../src/fwidbmgr.cpp:5699) Disconnected from database.
2018-01-03 05:05:01,757 null [INFO] (../src/fwidbmgr.cpp:5361) fwi db manager
2018-01-03 05:05:01,757 null [INFO] (../src/fwidbmgr.cpp:5365) Program home: /home/meteo/dev/redist/fwidbmgr
2018-01-03 05:05:01,757 null [INFO] (../src/fwidbmgr.cpp:5369) Auto convert: 1
2018-01-03 05:05:01,757 null [INFO] (../src/fwidbmgr.cpp:446) action: outimg.
2018-01-03 05:05:01,757 null [INFO] (../src/fwidbmgr.cpp:470) date: 20180102.
2018-01-03 05:05:01,757 null [INFO] (../src/fwidbmgr.cpp:322) Try to read: /home/meteo/dev/redist/fwidbmgr/config/fwidbmgr.conf.
2018-01-03 05:05:01,759 null [INFO] (../src/fwidbmgr.cpp:5393) Configuration parsing: OK.
2018-01-03 05:05:01,764 null [INFO] (../src/fwidbmgr.cpp:5478) Connected to database
2018-01-03 05:05:01,764 null [INFO] (../src/fwidbmgr.cpp:5480) Manage data for date: 20180102.
2018-01-03 05:05:01,765 null [INFO] (../src/fwidbmgr.cpp:5566) Importing fwi indexes images in database.
2018-01-03 05:05:01,858 null [INFO] (../src/fwidbmgr.cpp:5570) OK --> 20180102 images imported.
2018-01-03 05:05:01,858 null [INFO] (../src/fwidbmgr.cpp:5695) action outimg took about 0 seconds.
2018-01-03 05:05:01,858 null [INFO] (../src/fwidbmgr.cpp:5699) Disconnected from database.
2018-01-03 05:37:01,991 null [INFO] (../src/fwidbmgr.cpp:5361) fwi db manager
2018-01-03 05:37:01,991 null [INFO] (../src/fwidbmgr.cpp:5365) Program home: /home/meteo/dev/redist/fwidbmgr
2018-01-03 05:37:01,991 null [INFO] (../src/fwidbmgr.cpp:5369) Auto convert: 1
2018-01-03 05:37:01,991 null [INFO] (../src/fwidbmgr.cpp:446) action: outimg.
2018-01-03 05:37:01,991 null [INFO] (../src/fwidbmgr.cpp:470) date: 20180102.
2018-01-03 05:37:01,991 null [INFO] (../src/fwidbmgr.cpp:322) Try to read: /home/meteo/dev/redist/fwidbmgr/config/fwidbmgr.conf.
2018-01-03 05:37:01,993 null [INFO] (../src/fwidbmgr.cpp:5393) Configuration parsing: OK.
2018-01-03 05:37:01,998 null [INFO] (../src/fwidbmgr.cpp:5478) Connected to database
2018-01-03 05:37:01,998 null [INFO] (../src/fwidbmgr.cpp:5480) Manage data for date: 20180102.
2018-01-03 05:37:01,998 null [INFO] (../src/fwidbmgr.cpp:5566) Importing fwi indexes images in database.
2018-01-03 05:37:02,086 null [INFO] (../src/fwidbmgr.cpp:5570) OK --> 20180102 images imported.
2018-01-03 05:37:02,087 null [INFO] (../src/fwidbmgr.cpp:5695) action outimg took about 1 seconds.
2018-01-03 05:37:02,087 null [INFO] (../src/fwidbmgr.cpp:5699) Disconnected from database.
2018-01-03 06:05:01,884 null [INFO] (../src/fwidbmgr.cpp:5361) fwi db manager
2018-01-03 06:05:01,884 null [INFO] (../src/fwidbmgr.cpp:5365) Program home: /home/meteo/dev/redist/fwidbmgr
2018-01-03 06:05:01,884 null [INFO] (../src/fwidbmgr.cpp:5369) Auto convert: 1
2018-01-03 06:05:01,884 null [INFO] (../src/fwidbmgr.cpp:446) action: outimg.
2018-01-03 06:05:01,884 null [INFO] (../src/fwidbmgr.cpp:470) date: 20180102.
2018-01-03 06:05:01,884 null [INFO] (../src/fwidbmgr.cpp:322) Try to read: /home/meteo/dev/redist/fwidbmgr/config/fwidbmgr.conf.
2018-01-03 06:05:01,886 null [INFO] (../src/fwidbmgr.cpp:5393) Configuration parsing: OK.
2018-01-03 06:05:01,903 null [INFO] (../src/fwidbmgr.cpp:5478) Connected to database
2018-01-03 06:05:01,903 null [INFO] (../src/fwidbmgr.cpp:5480) Manage data for date: 20180102.
2018-01-03 06:05:01,904 null [INFO] (../src/fwidbmgr.cpp:5566) Importing fwi indexes images in database.
2018-01-03 06:05:02,089 null [INFO] (../src/fwidbmgr.cpp:5570) OK --> 20180102 images imported.
2018-01-03 06:05:02,089 null [INFO] (../src/fwidbmgr.cpp:5695) action outimg took about 1 seconds.
2018-01-03 06:05:02,089 null [INFO] (../src/fwidbmgr.cpp:5699) Disconnected from database.
2018-01-03 06:37:01,250 null [INFO] (../src/fwidbmgr.cpp:5361) fwi db manager
2018-01-03 06:37:01,250 null [INFO] (../src/fwidbmgr.cpp:5365) Program home: /home/meteo/dev/redist/fwidbmgr
2018-01-03 06:37:01,250 null [INFO] (../src/fwidbmgr.cpp:5369) Auto convert: 1
2018-01-03 06:37:01,250 null [INFO] (../src/fwidbmgr.cpp:446) action: outimg.
2018-01-03 06:37:01,250 null [INFO] (../src/fwidbmgr.cpp:470) date: 20180102.
2018-01-03 06:37:01,250 null [INFO] (../src/fwidbmgr.cpp:322) Try to read: /home/meteo/dev/redist/fwidbmgr/config/fwidbmgr.conf.
2018-01-03 06:37:01,252 null [INFO] (../src/fwidbmgr.cpp:5393) Configuration parsing: OK.
2018-01-03 06:37:01,258 null [INFO] (../src/fwidbmgr.cpp:5478) Connected to database
2018-01-03 06:37:01,258 null [INFO] (../src/fwidbmgr.cpp:5480) Manage data for date: 20180102.
2018-01-03 06:37:01,258 null [INFO] (../src/fwidbmgr.cpp:5566) Importing fwi indexes images in database.
2018-01-03 06:37:01,342 null [INFO] (../src/fwidbmgr.cpp:5570) OK --> 20180102 images imported.
2018-01-03 06:37:01,342 null [INFO] (../src/fwidbmgr.cpp:5695) action outimg took about 0 seconds.
2018-01-03 06:37:01,343 null [INFO] (../src/fwidbmgr.cpp:5699) Disconnected from database.
