2018-01-10 04:06:44,928 null [INFO] (../src/fwidbmgr.cpp:5361) fwi db manager
2018-01-10 04:06:44,929 null [INFO] (../src/fwidbmgr.cpp:5365) Program home: /home/meteo/dev/redist/fwidbmgr
2018-01-10 04:06:44,929 null [INFO] (../src/fwidbmgr.cpp:5369) Auto convert: 1
2018-01-10 04:06:44,929 null [INFO] (../src/fwidbmgr.cpp:446) action: in.
2018-01-10 04:06:44,929 null [INFO] (../src/fwidbmgr.cpp:470) date: 20180109.
2018-01-10 04:06:44,929 null [INFO] (../src/fwidbmgr.cpp:322) Try to read: /home/meteo/dev/redist/fwidbmgr/config/fwidbmgr.conf.
2018-01-10 04:06:44,945 null [INFO] (../src/fwidbmgr.cpp:5393) Configuration parsing: OK.
2018-01-10 04:06:44,975 null [INFO] (../src/fwidbmgr.cpp:5478) Connected to database
2018-01-10 04:06:44,975 null [INFO] (../src/fwidbmgr.cpp:5480) Manage data for date: 20180109.
2018-01-10 04:06:44,975 null [INFO] (../src/fwidbmgr.cpp:5536) Importing meteo data in database for day: 20180109.
2018-01-10 04:06:44,987 null [INFO] (/home/meteo/dev/redist/fwidbmgr/include/Grid.h:1595) Configuring grid: snow
2018-01-10 04:06:44,988 null [INFO] (/home/meteo/dev/redist/fwidbmgr/include/Grid.h:1695) Grid snow configured.
2018-01-10 04:06:44,999 null [INFO] (/home/meteo/dev/redist/fwidbmgr/include/Grid.h:1595) Configuring grid: snow_covering
2018-01-10 04:06:44,999 null [INFO] (/home/meteo/dev/redist/fwidbmgr/include/Grid.h:1695) Grid snow_covering configured.
2018-01-10 04:06:45,013 null [INFO] (/home/meteo/dev/redist/fwidbmgr/include/Grid.h:1595) Configuring grid: snow_dissolution
2018-01-10 04:06:45,013 null [INFO] (/home/meteo/dev/redist/fwidbmgr/include/Grid.h:1695) Grid snow_dissolution configured.
2018-01-10 04:06:45,036 null [INFO] (/home/meteo/dev/redist/fwidbmgr/include/Grid.h:1595) Configuring grid: temperature
2018-01-10 04:06:45,036 null [INFO] (/home/meteo/dev/redist/fwidbmgr/include/Grid.h:1695) Grid temperature configured.
2018-01-10 04:06:45,041 null [INFO] (/home/meteo/dev/redist/fwidbmgr/include/Grid.h:1595) Configuring grid: humidity
2018-01-10 04:06:45,041 null [INFO] (/home/meteo/dev/redist/fwidbmgr/include/Grid.h:1695) Grid humidity configured.
2018-01-10 04:06:45,051 null [INFO] (/home/meteo/dev/redist/fwidbmgr/include/Grid.h:1595) Configuring grid: windspeed
2018-01-10 04:06:45,052 null [INFO] (/home/meteo/dev/redist/fwidbmgr/include/Grid.h:1695) Grid windspeed configured.
2018-01-10 04:06:45,074 null [INFO] (/home/meteo/dev/redist/fwidbmgr/include/Grid.h:1595) Configuring grid: rain
2018-01-10 04:06:45,075 null [INFO] (/home/meteo/dev/redist/fwidbmgr/include/Grid.h:1695) Grid rain configured.
2018-01-10 04:06:45,078 null [INFO] (/home/meteo/dev/redist/fwidbmgr/include/Grid.h:1595) Configuring grid: cum_rain
2018-01-10 04:06:45,078 null [INFO] (/home/meteo/dev/redist/fwidbmgr/include/Grid.h:1695) Grid cum_rain configured.
2018-01-10 04:06:45,664 null [INFO] (../src/fwidbmgr.cpp:1518) Storing meteo input ...
2018-01-10 04:06:57,789 null [INFO] (../src/fwidbmgr.cpp:5540) OK --> 20180109 data imported.
2018-01-10 04:06:57,840 null [INFO] (../src/fwidbmgr.cpp:5695) action in took about 13 seconds.
2018-01-10 04:06:57,890 null [INFO] (../src/fwidbmgr.cpp:5699) Disconnected from database.
2018-01-10 04:08:15,923 null [INFO] (../src/fwidbmgr.cpp:5361) fwi db manager
2018-01-10 04:08:15,924 null [INFO] (../src/fwidbmgr.cpp:5365) Program home: /home/meteo/dev/redist/fwidbmgr
2018-01-10 04:08:15,924 null [INFO] (../src/fwidbmgr.cpp:5369) Auto convert: 1
2018-01-10 04:08:15,924 null [INFO] (../src/fwidbmgr.cpp:446) action: out.
2018-01-10 04:08:15,924 null [INFO] (../src/fwidbmgr.cpp:470) date: 20180109.
2018-01-10 04:08:15,924 null [INFO] (../src/fwidbmgr.cpp:322) Try to read: /home/meteo/dev/redist/fwidbmgr/config/fwidbmgr.conf.
2018-01-10 04:08:15,929 null [INFO] (../src/fwidbmgr.cpp:5393) Configuration parsing: OK.
2018-01-10 04:08:15,944 null [INFO] (../src/fwidbmgr.cpp:5478) Connected to database
2018-01-10 04:08:15,945 null [INFO] (../src/fwidbmgr.cpp:5480) Manage data for date: 20180109.
2018-01-10 04:08:15,945 null [INFO] (../src/fwidbmgr.cpp:5551) Importing fwi indexes data in database for day: 20180109.
2018-01-10 04:08:15,947 null [INFO] (/home/meteo/dev/redist/fwidbmgr/include/Grid.h:1595) Configuring grid: isi
2018-01-10 04:08:15,947 null [INFO] (/home/meteo/dev/redist/fwidbmgr/include/Grid.h:1695) Grid isi configured.
2018-01-10 04:08:15,960 null [INFO] (/home/meteo/dev/redist/fwidbmgr/include/Grid.h:1595) Configuring grid: fwi
2018-01-10 04:08:15,960 null [INFO] (/home/meteo/dev/redist/fwidbmgr/include/Grid.h:1695) Grid fwi configured.
2018-01-10 04:08:15,973 null [INFO] (/home/meteo/dev/redist/fwidbmgr/include/Grid.h:1595) Configuring grid: ffmc
2018-01-10 04:08:15,973 null [INFO] (/home/meteo/dev/redist/fwidbmgr/include/Grid.h:1695) Grid ffmc configured.
2018-01-10 04:08:15,987 null [INFO] (/home/meteo/dev/redist/fwidbmgr/include/Grid.h:1595) Configuring grid: dmc
2018-01-10 04:08:15,987 null [INFO] (/home/meteo/dev/redist/fwidbmgr/include/Grid.h:1695) Grid dmc configured.
2018-01-10 04:08:16,000 null [INFO] (/home/meteo/dev/redist/fwidbmgr/include/Grid.h:1595) Configuring grid: dc
2018-01-10 04:08:16,000 null [INFO] (/home/meteo/dev/redist/fwidbmgr/include/Grid.h:1695) Grid dc configured.
2018-01-10 04:08:16,014 null [INFO] (/home/meteo/dev/redist/fwidbmgr/include/Grid.h:1595) Configuring grid: bui
2018-01-10 04:08:16,014 null [INFO] (/home/meteo/dev/redist/fwidbmgr/include/Grid.h:1695) Grid bui configured.
2018-01-10 04:08:16,027 null [INFO] (/home/meteo/dev/redist/fwidbmgr/include/Grid.h:1595) Configuring grid: ffmc_tmp
2018-01-10 04:08:16,027 null [INFO] (/home/meteo/dev/redist/fwidbmgr/include/Grid.h:1695) Grid ffmc_tmp configured.
2018-01-10 04:08:16,067 null [INFO] (/home/meteo/dev/redist/fwidbmgr/include/Grid.h:1595) Configuring grid: dmc_tmp
2018-01-10 04:08:16,067 null [INFO] (/home/meteo/dev/redist/fwidbmgr/include/Grid.h:1695) Grid dmc_tmp configured.
2018-01-10 04:08:16,088 null [INFO] (/home/meteo/dev/redist/fwidbmgr/include/Grid.h:1595) Configuring grid: dc_tmp
2018-01-10 04:08:16,088 null [INFO] (/home/meteo/dev/redist/fwidbmgr/include/Grid.h:1695) Grid dc_tmp configured.
2018-01-10 04:08:16,109 null [INFO] (/home/meteo/dev/redist/fwidbmgr/include/Grid.h:1595) Configuring grid: idi
2018-01-10 04:08:16,109 null [INFO] (/home/meteo/dev/redist/fwidbmgr/include/Grid.h:1695) Grid idi configured.
2018-01-10 04:08:16,497 null [INFO] (../src/fwidbmgr.cpp:2081) Storing FWI indexes ...
2018-01-10 04:08:23,112 null [INFO] (../src/fwidbmgr.cpp:5555) OK --> 20180109 data imported.
2018-01-10 04:08:23,112 null [INFO] (../src/fwidbmgr.cpp:5695) action out took about 8 seconds.
2018-01-10 04:08:23,113 null [INFO] (../src/fwidbmgr.cpp:5699) Disconnected from database.
2018-01-10 04:08:23,128 null [INFO] (../src/fwidbmgr.cpp:5361) fwi db manager
2018-01-10 04:08:23,128 null [INFO] (../src/fwidbmgr.cpp:5365) Program home: /home/meteo/dev/redist/fwidbmgr
2018-01-10 04:08:23,128 null [INFO] (../src/fwidbmgr.cpp:5369) Auto convert: 1
2018-01-10 04:08:23,128 null [INFO] (../src/fwidbmgr.cpp:446) action: computeidx.
2018-01-10 04:08:23,128 null [INFO] (../src/fwidbmgr.cpp:470) date: 20180109.
2018-01-10 04:08:23,128 null [INFO] (../src/fwidbmgr.cpp:322) Try to read: /home/meteo/dev/redist/fwidbmgr/config/fwidbmgr.conf.
2018-01-10 04:08:23,130 null [INFO] (../src/fwidbmgr.cpp:5393) Configuration parsing: OK.
2018-01-10 04:08:23,133 null [INFO] (../src/fwidbmgr.cpp:5478) Connected to database
2018-01-10 04:08:23,133 null [INFO] (../src/fwidbmgr.cpp:5480) Manage data for date: 20180109.
2018-01-10 04:08:23,133 null [INFO] (../src/fwidbmgr.cpp:5656) Computing indexes.
2018-01-10 04:08:23,135 null [INFO] (/home/meteo/dev/redist/fwidbmgr/include/Grid.h:1595) Configuring grid: isi
2018-01-10 04:08:23,135 null [INFO] (/home/meteo/dev/redist/fwidbmgr/include/Grid.h:1695) Grid isi configured.
2018-01-10 04:08:23,136 null [INFO] (/home/meteo/dev/redist/fwidbmgr/include/Grid.h:1595) Configuring grid: fwi
2018-01-10 04:08:23,136 null [INFO] (/home/meteo/dev/redist/fwidbmgr/include/Grid.h:1695) Grid fwi configured.
2018-01-10 04:08:23,137 null [INFO] (/home/meteo/dev/redist/fwidbmgr/include/Grid.h:1595) Configuring grid: ffmc
2018-01-10 04:08:23,137 null [INFO] (/home/meteo/dev/redist/fwidbmgr/include/Grid.h:1695) Grid ffmc configured.
2018-01-10 04:08:23,139 null [INFO] (/home/meteo/dev/redist/fwidbmgr/include/Grid.h:1595) Configuring grid: dmc
2018-01-10 04:08:23,139 null [INFO] (/home/meteo/dev/redist/fwidbmgr/include/Grid.h:1695) Grid dmc configured.
2018-01-10 04:08:23,140 null [INFO] (/home/meteo/dev/redist/fwidbmgr/include/Grid.h:1595) Configuring grid: dc
2018-01-10 04:08:23,140 null [INFO] (/home/meteo/dev/redist/fwidbmgr/include/Grid.h:1695) Grid dc configured.
2018-01-10 04:08:23,141 null [INFO] (/home/meteo/dev/redist/fwidbmgr/include/Grid.h:1595) Configuring grid: bui
2018-01-10 04:08:23,141 null [INFO] (/home/meteo/dev/redist/fwidbmgr/include/Grid.h:1695) Grid bui configured.
2018-01-10 04:08:23,142 null [INFO] (/home/meteo/dev/redist/fwidbmgr/include/Grid.h:1595) Configuring grid: ffmc_tmp
2018-01-10 04:08:23,143 null [INFO] (/home/meteo/dev/redist/fwidbmgr/include/Grid.h:1695) Grid ffmc_tmp configured.
2018-01-10 04:08:23,144 null [INFO] (/home/meteo/dev/redist/fwidbmgr/include/Grid.h:1595) Configuring grid: dmc_tmp
2018-01-10 04:08:23,144 null [INFO] (/home/meteo/dev/redist/fwidbmgr/include/Grid.h:1695) Grid dmc_tmp configured.
2018-01-10 04:08:23,145 null [INFO] (/home/meteo/dev/redist/fwidbmgr/include/Grid.h:1595) Configuring grid: dc_tmp
2018-01-10 04:08:23,145 null [INFO] (/home/meteo/dev/redist/fwidbmgr/include/Grid.h:1695) Grid dc_tmp configured.
2018-01-10 04:08:23,147 null [INFO] (/home/meteo/dev/redist/fwidbmgr/include/Grid.h:1595) Configuring grid: idi
2018-01-10 04:08:23,147 null [INFO] (/home/meteo/dev/redist/fwidbmgr/include/Grid.h:1695) Grid idi configured.
2018-01-10 04:08:23,148 null [INFO] (/home/meteo/dev/redist/fwidbmgr/include/Grid.h:1595) Configuring grid: angstrom
2018-01-10 04:08:23,148 null [INFO] (/home/meteo/dev/redist/fwidbmgr/include/Grid.h:1695) Grid angstrom configured.
2018-01-10 04:08:23,149 null [INFO] (/home/meteo/dev/redist/fwidbmgr/include/Grid.h:1595) Configuring grid: fmi
2018-01-10 04:08:23,149 null [INFO] (/home/meteo/dev/redist/fwidbmgr/include/Grid.h:1695) Grid fmi configured.
2018-01-10 04:08:23,150 null [INFO] (/home/meteo/dev/redist/fwidbmgr/include/Grid.h:1595) Configuring grid: sharples
2018-01-10 04:08:23,151 null [INFO] (/home/meteo/dev/redist/fwidbmgr/include/Grid.h:1695) Grid sharples configured.
2018-01-10 04:08:23,725 null [INFO] (/home/meteo/dev/redist/fwidbmgr/include/Grid.h:1595) Configuring grid: snow
2018-01-10 04:08:23,725 null [INFO] (/home/meteo/dev/redist/fwidbmgr/include/Grid.h:1695) Grid snow configured.
2018-01-10 04:08:23,725 null [INFO] (/home/meteo/dev/redist/fwidbmgr/include/Grid.h:1595) Configuring grid: snow_covering
2018-01-10 04:08:23,725 null [INFO] (/home/meteo/dev/redist/fwidbmgr/include/Grid.h:1695) Grid snow_covering configured.
2018-01-10 04:08:23,725 null [INFO] (/home/meteo/dev/redist/fwidbmgr/include/Grid.h:1595) Configuring grid: snow_dissolution
2018-01-10 04:08:23,726 null [INFO] (/home/meteo/dev/redist/fwidbmgr/include/Grid.h:1695) Grid snow_dissolution configured.
2018-01-10 04:08:23,726 null [INFO] (/home/meteo/dev/redist/fwidbmgr/include/Grid.h:1595) Configuring grid: temperature
2018-01-10 04:08:23,726 null [INFO] (/home/meteo/dev/redist/fwidbmgr/include/Grid.h:1695) Grid temperature configured.
2018-01-10 04:08:23,726 null [INFO] (/home/meteo/dev/redist/fwidbmgr/include/Grid.h:1595) Configuring grid: humidity
2018-01-10 04:08:23,726 null [INFO] (/home/meteo/dev/redist/fwidbmgr/include/Grid.h:1695) Grid humidity configured.
2018-01-10 04:08:23,726 null [INFO] (/home/meteo/dev/redist/fwidbmgr/include/Grid.h:1595) Configuring grid: windspeed
2018-01-10 04:08:23,726 null [INFO] (/home/meteo/dev/redist/fwidbmgr/include/Grid.h:1695) Grid windspeed configured.
2018-01-10 04:08:23,726 null [INFO] (/home/meteo/dev/redist/fwidbmgr/include/Grid.h:1595) Configuring grid: rain
2018-01-10 04:08:23,726 null [INFO] (/home/meteo/dev/redist/fwidbmgr/include/Grid.h:1695) Grid rain configured.
2018-01-10 04:08:23,726 null [INFO] (/home/meteo/dev/redist/fwidbmgr/include/Grid.h:1595) Configuring grid: cum_rain
2018-01-10 04:08:23,727 null [INFO] (/home/meteo/dev/redist/fwidbmgr/include/Grid.h:1695) Grid cum_rain configured.
2018-01-10 04:10:13,221 null [INFO] (../src/fwidbmgr.cpp:5660) OK --> 20180109 indexes computed.
2018-01-10 04:10:13,222 null [INFO] (../src/fwidbmgr.cpp:5695) action computeidx took about 110 seconds.
2018-01-10 04:10:13,222 null [INFO] (../src/fwidbmgr.cpp:5699) Disconnected from database.
2018-01-10 04:10:13,243 null [INFO] (../src/fwidbmgr.cpp:5361) fwi db manager
2018-01-10 04:10:13,243 null [INFO] (../src/fwidbmgr.cpp:5365) Program home: /home/meteo/dev/redist/fwidbmgr
2018-01-10 04:10:13,243 null [INFO] (../src/fwidbmgr.cpp:5369) Auto convert: 1
2018-01-10 04:10:13,243 null [INFO] (../src/fwidbmgr.cpp:446) action: exportidx.
2018-01-10 04:10:13,243 null [INFO] (../src/fwidbmgr.cpp:470) date: 20180109.
2018-01-10 04:10:13,243 null [INFO] (../src/fwidbmgr.cpp:322) Try to read: /home/meteo/dev/redist/fwidbmgr/config/fwidbmgr.conf.
2018-01-10 04:10:13,245 null [INFO] (../src/fwidbmgr.cpp:5393) Configuration parsing: OK.
2018-01-10 04:10:13,248 null [INFO] (../src/fwidbmgr.cpp:5478) Connected to database
2018-01-10 04:10:13,248 null [INFO] (../src/fwidbmgr.cpp:5480) Manage data for date: 20180109.
2018-01-10 04:10:13,248 null [INFO] (../src/fwidbmgr.cpp:5596) Exporting indexes.
2018-01-10 04:10:13,250 null [INFO] (/home/meteo/dev/redist/fwidbmgr/include/Grid.h:1595) Configuring grid: isi
2018-01-10 04:10:13,250 null [INFO] (/home/meteo/dev/redist/fwidbmgr/include/Grid.h:1695) Grid isi configured.
2018-01-10 04:10:13,252 null [INFO] (/home/meteo/dev/redist/fwidbmgr/include/Grid.h:1595) Configuring grid: fwi
2018-01-10 04:10:13,252 null [INFO] (/home/meteo/dev/redist/fwidbmgr/include/Grid.h:1695) Grid fwi configured.
2018-01-10 04:10:13,253 null [INFO] (/home/meteo/dev/redist/fwidbmgr/include/Grid.h:1595) Configuring grid: ffmc
2018-01-10 04:10:13,253 null [INFO] (/home/meteo/dev/redist/fwidbmgr/include/Grid.h:1695) Grid ffmc configured.
2018-01-10 04:10:13,254 null [INFO] (/home/meteo/dev/redist/fwidbmgr/include/Grid.h:1595) Configuring grid: dmc
2018-01-10 04:10:13,254 null [INFO] (/home/meteo/dev/redist/fwidbmgr/include/Grid.h:1695) Grid dmc configured.
2018-01-10 04:10:13,256 null [INFO] (/home/meteo/dev/redist/fwidbmgr/include/Grid.h:1595) Configuring grid: dc
2018-01-10 04:10:13,256 null [INFO] (/home/meteo/dev/redist/fwidbmgr/include/Grid.h:1695) Grid dc configured.
2018-01-10 04:10:13,257 null [INFO] (/home/meteo/dev/redist/fwidbmgr/include/Grid.h:1595) Configuring grid: bui
2018-01-10 04:10:13,257 null [INFO] (/home/meteo/dev/redist/fwidbmgr/include/Grid.h:1695) Grid bui configured.
2018-01-10 04:10:13,258 null [INFO] (/home/meteo/dev/redist/fwidbmgr/include/Grid.h:1595) Configuring grid: ffmc_tmp
2018-01-10 04:10:13,258 null [INFO] (/home/meteo/dev/redist/fwidbmgr/include/Grid.h:1695) Grid ffmc_tmp configured.
2018-01-10 04:10:13,260 null [INFO] (/home/meteo/dev/redist/fwidbmgr/include/Grid.h:1595) Configuring grid: dmc_tmp
2018-01-10 04:10:13,260 null [INFO] (/home/meteo/dev/redist/fwidbmgr/include/Grid.h:1695) Grid dmc_tmp configured.
2018-01-10 04:10:13,261 null [INFO] (/home/meteo/dev/redist/fwidbmgr/include/Grid.h:1595) Configuring grid: dc_tmp
2018-01-10 04:10:13,261 null [INFO] (/home/meteo/dev/redist/fwidbmgr/include/Grid.h:1695) Grid dc_tmp configured.
2018-01-10 04:10:13,262 null [INFO] (/home/meteo/dev/redist/fwidbmgr/include/Grid.h:1595) Configuring grid: idi
2018-01-10 04:10:13,263 null [INFO] (/home/meteo/dev/redist/fwidbmgr/include/Grid.h:1695) Grid idi configured.
2018-01-10 04:10:13,264 null [INFO] (/home/meteo/dev/redist/fwidbmgr/include/Grid.h:1595) Configuring grid: angstrom
2018-01-10 04:10:13,264 null [INFO] (/home/meteo/dev/redist/fwidbmgr/include/Grid.h:1695) Grid angstrom configured.
2018-01-10 04:10:13,265 null [INFO] (/home/meteo/dev/redist/fwidbmgr/include/Grid.h:1595) Configuring grid: fmi
2018-01-10 04:10:13,265 null [INFO] (/home/meteo/dev/redist/fwidbmgr/include/Grid.h:1695) Grid fmi configured.
2018-01-10 04:10:13,267 null [INFO] (/home/meteo/dev/redist/fwidbmgr/include/Grid.h:1595) Configuring grid: sharples
2018-01-10 04:10:13,267 null [INFO] (/home/meteo/dev/redist/fwidbmgr/include/Grid.h:1695) Grid sharples configured.
2018-01-10 04:10:13,937 null [INFO] (/home/meteo/dev/redist/fwidbmgr/include/Grid.h:1595) Configuring grid: isi
2018-01-10 04:10:13,938 null [INFO] (/home/meteo/dev/redist/fwidbmgr/include/Grid.h:1695) Grid isi configured.
2018-01-10 04:10:13,975 null [INFO] (/home/meteo/dev/redist/fwidbmgr/include/Grid.h:1595) Configuring grid: fwi
2018-01-10 04:10:13,975 null [INFO] (/home/meteo/dev/redist/fwidbmgr/include/Grid.h:1695) Grid fwi configured.
2018-01-10 04:10:14,012 null [INFO] (/home/meteo/dev/redist/fwidbmgr/include/Grid.h:1595) Configuring grid: ffmc
2018-01-10 04:10:14,012 null [INFO] (/home/meteo/dev/redist/fwidbmgr/include/Grid.h:1695) Grid ffmc configured.
2018-01-10 04:10:14,050 null [INFO] (/home/meteo/dev/redist/fwidbmgr/include/Grid.h:1595) Configuring grid: dmc
2018-01-10 04:10:14,050 null [INFO] (/home/meteo/dev/redist/fwidbmgr/include/Grid.h:1695) Grid dmc configured.
2018-01-10 04:10:14,086 null [INFO] (/home/meteo/dev/redist/fwidbmgr/include/Grid.h:1595) Configuring grid: dc
2018-01-10 04:10:14,087 null [INFO] (/home/meteo/dev/redist/fwidbmgr/include/Grid.h:1695) Grid dc configured.
2018-01-10 04:10:14,125 null [INFO] (/home/meteo/dev/redist/fwidbmgr/include/Grid.h:1595) Configuring grid: bui
2018-01-10 04:10:14,126 null [INFO] (/home/meteo/dev/redist/fwidbmgr/include/Grid.h:1695) Grid bui configured.
2018-01-10 04:10:14,162 null [INFO] (/home/meteo/dev/redist/fwidbmgr/include/Grid.h:1595) Configuring grid: ffmc_tmp
2018-01-10 04:10:14,162 null [INFO] (/home/meteo/dev/redist/fwidbmgr/include/Grid.h:1695) Grid ffmc_tmp configured.
2018-01-10 04:10:14,198 null [INFO] (/home/meteo/dev/redist/fwidbmgr/include/Grid.h:1595) Configuring grid: dmc_tmp
2018-01-10 04:10:14,198 null [INFO] (/home/meteo/dev/redist/fwidbmgr/include/Grid.h:1695) Grid dmc_tmp configured.
2018-01-10 04:10:14,233 null [INFO] (/home/meteo/dev/redist/fwidbmgr/include/Grid.h:1595) Configuring grid: dc_tmp
2018-01-10 04:10:14,233 null [INFO] (/home/meteo/dev/redist/fwidbmgr/include/Grid.h:1695) Grid dc_tmp configured.
2018-01-10 04:10:14,268 null [INFO] (/home/meteo/dev/redist/fwidbmgr/include/Grid.h:1595) Configuring grid: angstrom
2018-01-10 04:10:14,268 null [INFO] (/home/meteo/dev/redist/fwidbmgr/include/Grid.h:1695) Grid angstrom configured.
2018-01-10 04:10:14,339 null [INFO] (/home/meteo/dev/redist/fwidbmgr/include/Grid.h:1595) Configuring grid: sharples
2018-01-10 04:10:14,339 null [INFO] (/home/meteo/dev/redist/fwidbmgr/include/Grid.h:1695) Grid sharples configured.
2018-01-10 04:10:14,383 null [INFO] (/home/meteo/dev/redist/fwidbmgr/include/Grid.h:1595) Configuring grid: fmi
2018-01-10 04:10:14,383 null [INFO] (/home/meteo/dev/redist/fwidbmgr/include/Grid.h:1695) Grid fmi configured.
2018-01-10 04:10:14,426 null [INFO] (../src/fwidbmgr.cpp:5600) OK --> 20180109 indexes exported to files.
2018-01-10 04:10:14,426 null [INFO] (../src/fwidbmgr.cpp:5695) action exportidx took about 1 seconds.
2018-01-10 04:10:14,426 null [INFO] (../src/fwidbmgr.cpp:5699) Disconnected from database.
2018-01-10 04:10:40,415 null [INFO] (../src/fwidbmgr.cpp:5361) fwi db manager
2018-01-10 04:10:40,415 null [INFO] (../src/fwidbmgr.cpp:5365) Program home: /home/meteo/dev/redist/fwidbmgr
2018-01-10 04:10:40,415 null [INFO] (../src/fwidbmgr.cpp:5369) Auto convert: 1
2018-01-10 04:10:40,415 null [INFO] (../src/fwidbmgr.cpp:446) action: outimg.
2018-01-10 04:10:40,415 null [INFO] (../src/fwidbmgr.cpp:470) date: 20180109.
2018-01-10 04:10:40,415 null [INFO] (../src/fwidbmgr.cpp:322) Try to read: /home/meteo/dev/redist/fwidbmgr/config/fwidbmgr.conf.
2018-01-10 04:10:40,417 null [INFO] (../src/fwidbmgr.cpp:5393) Configuration parsing: OK.
2018-01-10 04:10:40,420 null [INFO] (../src/fwidbmgr.cpp:5478) Connected to database
2018-01-10 04:10:40,420 null [INFO] (../src/fwidbmgr.cpp:5480) Manage data for date: 20180109.
2018-01-10 04:10:40,420 null [INFO] (../src/fwidbmgr.cpp:5566) Importing fwi indexes images in database.
2018-01-10 04:10:40,533 null [INFO] (../src/fwidbmgr.cpp:5570) OK --> 20180109 images imported.
2018-01-10 04:10:40,533 null [INFO] (../src/fwidbmgr.cpp:5695) action outimg took about 0 seconds.
2018-01-10 04:10:40,533 null [INFO] (../src/fwidbmgr.cpp:5699) Disconnected from database.
2018-01-10 04:37:01,822 null [INFO] (../src/fwidbmgr.cpp:5361) fwi db manager
2018-01-10 04:37:01,822 null [INFO] (../src/fwidbmgr.cpp:5365) Program home: /home/meteo/dev/redist/fwidbmgr
2018-01-10 04:37:01,822 null [INFO] (../src/fwidbmgr.cpp:5369) Auto convert: 1
2018-01-10 04:37:01,822 null [INFO] (../src/fwidbmgr.cpp:446) action: outimg.
2018-01-10 04:37:01,822 null [INFO] (../src/fwidbmgr.cpp:470) date: 20180109.
2018-01-10 04:37:01,822 null [INFO] (../src/fwidbmgr.cpp:322) Try to read: /home/meteo/dev/redist/fwidbmgr/config/fwidbmgr.conf.
2018-01-10 04:37:01,824 null [INFO] (../src/fwidbmgr.cpp:5393) Configuration parsing: OK.
2018-01-10 04:37:01,830 null [INFO] (../src/fwidbmgr.cpp:5478) Connected to database
2018-01-10 04:37:01,830 null [INFO] (../src/fwidbmgr.cpp:5480) Manage data for date: 20180109.
2018-01-10 04:37:01,830 null [INFO] (../src/fwidbmgr.cpp:5566) Importing fwi indexes images in database.
2018-01-10 04:37:01,945 null [INFO] (../src/fwidbmgr.cpp:5570) OK --> 20180109 images imported.
2018-01-10 04:37:01,945 null [INFO] (../src/fwidbmgr.cpp:5695) action outimg took about 0 seconds.
2018-01-10 04:37:01,946 null [INFO] (../src/fwidbmgr.cpp:5699) Disconnected from database.
2018-01-10 05:05:01,113 null [INFO] (../src/fwidbmgr.cpp:5361) fwi db manager
2018-01-10 05:05:01,114 null [INFO] (../src/fwidbmgr.cpp:5365) Program home: /home/meteo/dev/redist/fwidbmgr
2018-01-10 05:05:01,114 null [INFO] (../src/fwidbmgr.cpp:5369) Auto convert: 1
2018-01-10 05:05:01,114 null [INFO] (../src/fwidbmgr.cpp:446) action: outimg.
2018-01-10 05:05:01,114 null [INFO] (../src/fwidbmgr.cpp:470) date: 20180109.
2018-01-10 05:05:01,114 null [INFO] (../src/fwidbmgr.cpp:322) Try to read: /home/meteo/dev/redist/fwidbmgr/config/fwidbmgr.conf.
2018-01-10 05:05:01,116 null [INFO] (../src/fwidbmgr.cpp:5393) Configuration parsing: OK.
2018-01-10 05:05:01,122 null [INFO] (../src/fwidbmgr.cpp:5478) Connected to database
2018-01-10 05:05:01,122 null [INFO] (../src/fwidbmgr.cpp:5480) Manage data for date: 20180109.
2018-01-10 05:05:01,122 null [INFO] (../src/fwidbmgr.cpp:5566) Importing fwi indexes images in database.
2018-01-10 05:05:01,219 null [INFO] (../src/fwidbmgr.cpp:5570) OK --> 20180109 images imported.
2018-01-10 05:05:01,220 null [INFO] (../src/fwidbmgr.cpp:5695) action outimg took about 0 seconds.
2018-01-10 05:05:01,220 null [INFO] (../src/fwidbmgr.cpp:5699) Disconnected from database.
2018-01-10 05:37:01,355 null [INFO] (../src/fwidbmgr.cpp:5361) fwi db manager
2018-01-10 05:37:01,356 null [INFO] (../src/fwidbmgr.cpp:5365) Program home: /home/meteo/dev/redist/fwidbmgr
2018-01-10 05:37:01,356 null [INFO] (../src/fwidbmgr.cpp:5369) Auto convert: 1
2018-01-10 05:37:01,356 null [INFO] (../src/fwidbmgr.cpp:446) action: outimg.
2018-01-10 05:37:01,356 null [INFO] (../src/fwidbmgr.cpp:470) date: 20180109.
2018-01-10 05:37:01,356 null [INFO] (../src/fwidbmgr.cpp:322) Try to read: /home/meteo/dev/redist/fwidbmgr/config/fwidbmgr.conf.
2018-01-10 05:37:01,358 null [INFO] (../src/fwidbmgr.cpp:5393) Configuration parsing: OK.
2018-01-10 05:37:01,363 null [INFO] (../src/fwidbmgr.cpp:5478) Connected to database
2018-01-10 05:37:01,363 null [INFO] (../src/fwidbmgr.cpp:5480) Manage data for date: 20180109.
2018-01-10 05:37:01,363 null [INFO] (../src/fwidbmgr.cpp:5566) Importing fwi indexes images in database.
2018-01-10 05:37:01,442 null [INFO] (../src/fwidbmgr.cpp:5570) OK --> 20180109 images imported.
2018-01-10 05:37:01,442 null [INFO] (../src/fwidbmgr.cpp:5695) action outimg took about 0 seconds.
2018-01-10 05:37:01,442 null [INFO] (../src/fwidbmgr.cpp:5699) Disconnected from database.
2018-01-10 06:05:02,043 null [INFO] (../src/fwidbmgr.cpp:5361) fwi db manager
2018-01-10 06:05:02,043 null [INFO] (../src/fwidbmgr.cpp:5365) Program home: /home/meteo/dev/redist/fwidbmgr
2018-01-10 06:05:02,043 null [INFO] (../src/fwidbmgr.cpp:5369) Auto convert: 1
2018-01-10 06:05:02,044 null [INFO] (../src/fwidbmgr.cpp:446) action: outimg.
2018-01-10 06:05:02,044 null [INFO] (../src/fwidbmgr.cpp:470) date: 20180109.
2018-01-10 06:05:02,044 null [INFO] (../src/fwidbmgr.cpp:322) Try to read: /home/meteo/dev/redist/fwidbmgr/config/fwidbmgr.conf.
2018-01-10 06:05:02,046 null [INFO] (../src/fwidbmgr.cpp:5393) Configuration parsing: OK.
2018-01-10 06:05:02,059 null [INFO] (../src/fwidbmgr.cpp:5478) Connected to database
2018-01-10 06:05:02,059 null [INFO] (../src/fwidbmgr.cpp:5480) Manage data for date: 20180109.
2018-01-10 06:05:02,059 null [INFO] (../src/fwidbmgr.cpp:5566) Importing fwi indexes images in database.
2018-01-10 06:05:02,140 null [INFO] (../src/fwidbmgr.cpp:5570) OK --> 20180109 images imported.
2018-01-10 06:05:02,140 null [INFO] (../src/fwidbmgr.cpp:5695) action outimg took about 0 seconds.
2018-01-10 06:05:02,140 null [INFO] (../src/fwidbmgr.cpp:5699) Disconnected from database.
2018-01-10 06:37:01,284 null [INFO] (../src/fwidbmgr.cpp:5361) fwi db manager
2018-01-10 06:37:01,284 null [INFO] (../src/fwidbmgr.cpp:5365) Program home: /home/meteo/dev/redist/fwidbmgr
2018-01-10 06:37:01,284 null [INFO] (../src/fwidbmgr.cpp:5369) Auto convert: 1
2018-01-10 06:37:01,284 null [INFO] (../src/fwidbmgr.cpp:446) action: outimg.
2018-01-10 06:37:01,284 null [INFO] (../src/fwidbmgr.cpp:470) date: 20180109.
2018-01-10 06:37:01,284 null [INFO] (../src/fwidbmgr.cpp:322) Try to read: /home/meteo/dev/redist/fwidbmgr/config/fwidbmgr.conf.
2018-01-10 06:37:01,286 null [INFO] (../src/fwidbmgr.cpp:5393) Configuration parsing: OK.
2018-01-10 06:37:01,292 null [INFO] (../src/fwidbmgr.cpp:5478) Connected to database
2018-01-10 06:37:01,292 null [INFO] (../src/fwidbmgr.cpp:5480) Manage data for date: 20180109.
2018-01-10 06:37:01,292 null [INFO] (../src/fwidbmgr.cpp:5566) Importing fwi indexes images in database.
2018-01-10 06:37:01,386 null [INFO] (../src/fwidbmgr.cpp:5570) OK --> 20180109 images imported.
2018-01-10 06:37:01,386 null [INFO] (../src/fwidbmgr.cpp:5695) action outimg took about 0 seconds.
2018-01-10 06:37:01,386 null [INFO] (../src/fwidbmgr.cpp:5699) Disconnected from database.
