2019-05-20 05:05:48,475 null [INFO] (../src/fwidbmgr.cpp:5361) fwi db manager
2019-05-20 05:05:48,475 null [INFO] (../src/fwidbmgr.cpp:5365) Program home: /home/meteo/dev/redist/fwidbmgr
2019-05-20 05:05:48,475 null [INFO] (../src/fwidbmgr.cpp:5369) Auto convert: 1
2019-05-20 05:05:48,475 null [INFO] (../src/fwidbmgr.cpp:446) action: in.
2019-05-20 05:05:48,475 null [INFO] (../src/fwidbmgr.cpp:470) date: 20190519.
2019-05-20 05:05:48,475 null [INFO] (../src/fwidbmgr.cpp:322) Try to read: /home/meteo/dev/redist/fwidbmgr/config/fwidbmgr.conf.
2019-05-20 05:05:48,478 null [INFO] (../src/fwidbmgr.cpp:5393) Configuration parsing: OK.
2019-05-20 05:05:48,482 null [INFO] (../src/fwidbmgr.cpp:5478) Connected to database
2019-05-20 05:05:48,482 null [INFO] (../src/fwidbmgr.cpp:5480) Manage data for date: 20190519.
2019-05-20 05:05:48,482 null [INFO] (../src/fwidbmgr.cpp:5536) Importing meteo data in database for day: 20190519.
2019-05-20 05:05:48,484 null [INFO] (/home/meteo/dev/redist/fwidbmgr/include/Grid.h:1595) Configuring grid: snow
2019-05-20 05:05:48,484 null [INFO] (/home/meteo/dev/redist/fwidbmgr/include/Grid.h:1695) Grid snow configured.
2019-05-20 05:05:48,492 null [INFO] (/home/meteo/dev/redist/fwidbmgr/include/Grid.h:1595) Configuring grid: snow_covering
2019-05-20 05:05:48,492 null [INFO] (/home/meteo/dev/redist/fwidbmgr/include/Grid.h:1695) Grid snow_covering configured.
2019-05-20 05:05:48,502 null [INFO] (/home/meteo/dev/redist/fwidbmgr/include/Grid.h:1595) Configuring grid: snow_dissolution
2019-05-20 05:05:48,502 null [INFO] (/home/meteo/dev/redist/fwidbmgr/include/Grid.h:1695) Grid snow_dissolution configured.
2019-05-20 05:05:48,518 null [INFO] (/home/meteo/dev/redist/fwidbmgr/include/Grid.h:1595) Configuring grid: temperature
2019-05-20 05:05:48,518 null [INFO] (/home/meteo/dev/redist/fwidbmgr/include/Grid.h:1695) Grid temperature configured.
2019-05-20 05:05:48,523 null [INFO] (/home/meteo/dev/redist/fwidbmgr/include/Grid.h:1595) Configuring grid: humidity
2019-05-20 05:05:48,523 null [INFO] (/home/meteo/dev/redist/fwidbmgr/include/Grid.h:1695) Grid humidity configured.
2019-05-20 05:05:48,531 null [INFO] (/home/meteo/dev/redist/fwidbmgr/include/Grid.h:1595) Configuring grid: windspeed
2019-05-20 05:05:48,531 null [INFO] (/home/meteo/dev/redist/fwidbmgr/include/Grid.h:1695) Grid windspeed configured.
2019-05-20 05:05:48,549 null [INFO] (/home/meteo/dev/redist/fwidbmgr/include/Grid.h:1595) Configuring grid: rain
2019-05-20 05:05:48,549 null [INFO] (/home/meteo/dev/redist/fwidbmgr/include/Grid.h:1695) Grid rain configured.
2019-05-20 05:05:48,552 null [INFO] (/home/meteo/dev/redist/fwidbmgr/include/Grid.h:1595) Configuring grid: cum_rain
2019-05-20 05:05:48,552 null [INFO] (/home/meteo/dev/redist/fwidbmgr/include/Grid.h:1695) Grid cum_rain configured.
2019-05-20 05:05:52,640 null [INFO] (../src/fwidbmgr.cpp:1518) Storing meteo input ...
2019-05-20 05:06:04,294 null [INFO] (../src/fwidbmgr.cpp:5540) OK --> 20190519 data imported.
2019-05-20 05:06:04,310 null [INFO] (../src/fwidbmgr.cpp:5695) action in took about 16 seconds.
2019-05-20 05:06:04,333 null [INFO] (../src/fwidbmgr.cpp:5699) Disconnected from database.
2019-05-20 05:06:42,928 null [INFO] (../src/fwidbmgr.cpp:5361) fwi db manager
2019-05-20 05:06:42,928 null [INFO] (../src/fwidbmgr.cpp:5365) Program home: /home/meteo/dev/redist/fwidbmgr
2019-05-20 05:06:42,928 null [INFO] (../src/fwidbmgr.cpp:5369) Auto convert: 1
2019-05-20 05:06:42,928 null [INFO] (../src/fwidbmgr.cpp:446) action: out.
2019-05-20 05:06:42,928 null [INFO] (../src/fwidbmgr.cpp:470) date: 20190519.
2019-05-20 05:06:42,928 null [INFO] (../src/fwidbmgr.cpp:322) Try to read: /home/meteo/dev/redist/fwidbmgr/config/fwidbmgr.conf.
2019-05-20 05:06:42,930 null [INFO] (../src/fwidbmgr.cpp:5393) Configuration parsing: OK.
2019-05-20 05:06:42,943 null [INFO] (../src/fwidbmgr.cpp:5478) Connected to database
2019-05-20 05:06:42,943 null [INFO] (../src/fwidbmgr.cpp:5480) Manage data for date: 20190519.
2019-05-20 05:06:42,943 null [INFO] (../src/fwidbmgr.cpp:5551) Importing fwi indexes data in database for day: 20190519.
2019-05-20 05:06:42,953 null [INFO] (/home/meteo/dev/redist/fwidbmgr/include/Grid.h:1595) Configuring grid: isi
2019-05-20 05:06:42,954 null [INFO] (/home/meteo/dev/redist/fwidbmgr/include/Grid.h:1695) Grid isi configured.
2019-05-20 05:06:42,968 null [INFO] (/home/meteo/dev/redist/fwidbmgr/include/Grid.h:1595) Configuring grid: fwi
2019-05-20 05:06:42,968 null [INFO] (/home/meteo/dev/redist/fwidbmgr/include/Grid.h:1695) Grid fwi configured.
2019-05-20 05:06:42,975 null [INFO] (/home/meteo/dev/redist/fwidbmgr/include/Grid.h:1595) Configuring grid: ffmc
2019-05-20 05:06:42,975 null [INFO] (/home/meteo/dev/redist/fwidbmgr/include/Grid.h:1695) Grid ffmc configured.
2019-05-20 05:06:42,982 null [INFO] (/home/meteo/dev/redist/fwidbmgr/include/Grid.h:1595) Configuring grid: dmc
2019-05-20 05:06:42,982 null [INFO] (/home/meteo/dev/redist/fwidbmgr/include/Grid.h:1695) Grid dmc configured.
2019-05-20 05:06:42,988 null [INFO] (/home/meteo/dev/redist/fwidbmgr/include/Grid.h:1595) Configuring grid: dc
2019-05-20 05:06:42,988 null [INFO] (/home/meteo/dev/redist/fwidbmgr/include/Grid.h:1695) Grid dc configured.
2019-05-20 05:06:42,995 null [INFO] (/home/meteo/dev/redist/fwidbmgr/include/Grid.h:1595) Configuring grid: bui
2019-05-20 05:06:42,995 null [INFO] (/home/meteo/dev/redist/fwidbmgr/include/Grid.h:1695) Grid bui configured.
2019-05-20 05:06:43,002 null [INFO] (/home/meteo/dev/redist/fwidbmgr/include/Grid.h:1595) Configuring grid: ffmc_tmp
2019-05-20 05:06:43,002 null [INFO] (/home/meteo/dev/redist/fwidbmgr/include/Grid.h:1695) Grid ffmc_tmp configured.
2019-05-20 05:06:43,013 null [INFO] (/home/meteo/dev/redist/fwidbmgr/include/Grid.h:1595) Configuring grid: dmc_tmp
2019-05-20 05:06:43,013 null [INFO] (/home/meteo/dev/redist/fwidbmgr/include/Grid.h:1695) Grid dmc_tmp configured.
2019-05-20 05:06:43,025 null [INFO] (/home/meteo/dev/redist/fwidbmgr/include/Grid.h:1595) Configuring grid: dc_tmp
2019-05-20 05:06:43,025 null [INFO] (/home/meteo/dev/redist/fwidbmgr/include/Grid.h:1695) Grid dc_tmp configured.
2019-05-20 05:06:43,035 null [INFO] (/home/meteo/dev/redist/fwidbmgr/include/Grid.h:1595) Configuring grid: idi
2019-05-20 05:06:43,035 null [INFO] (/home/meteo/dev/redist/fwidbmgr/include/Grid.h:1695) Grid idi configured.
2019-05-20 05:06:46,190 null [INFO] (../src/fwidbmgr.cpp:2081) Storing FWI indexes ...
2019-05-20 05:06:50,851 null [INFO] (../src/fwidbmgr.cpp:5555) OK --> 20190519 data imported.
2019-05-20 05:06:50,851 null [INFO] (../src/fwidbmgr.cpp:5695) action out took about 8 seconds.
2019-05-20 05:06:50,851 null [INFO] (../src/fwidbmgr.cpp:5699) Disconnected from database.
2019-05-20 05:06:50,939 null [INFO] (../src/fwidbmgr.cpp:5361) fwi db manager
2019-05-20 05:06:50,939 null [INFO] (../src/fwidbmgr.cpp:5365) Program home: /home/meteo/dev/redist/fwidbmgr
2019-05-20 05:06:50,939 null [INFO] (../src/fwidbmgr.cpp:5369) Auto convert: 1
2019-05-20 05:06:50,939 null [INFO] (../src/fwidbmgr.cpp:446) action: computeidx.
2019-05-20 05:06:50,939 null [INFO] (../src/fwidbmgr.cpp:470) date: 20190519.
2019-05-20 05:06:50,939 null [INFO] (../src/fwidbmgr.cpp:322) Try to read: /home/meteo/dev/redist/fwidbmgr/config/fwidbmgr.conf.
2019-05-20 05:06:50,940 null [INFO] (../src/fwidbmgr.cpp:5393) Configuration parsing: OK.
2019-05-20 05:06:50,945 null [INFO] (../src/fwidbmgr.cpp:5478) Connected to database
2019-05-20 05:06:50,945 null [INFO] (../src/fwidbmgr.cpp:5480) Manage data for date: 20190519.
2019-05-20 05:06:50,946 null [INFO] (../src/fwidbmgr.cpp:5656) Computing indexes.
2019-05-20 05:06:50,956 null [INFO] (/home/meteo/dev/redist/fwidbmgr/include/Grid.h:1595) Configuring grid: isi
2019-05-20 05:06:50,956 null [INFO] (/home/meteo/dev/redist/fwidbmgr/include/Grid.h:1695) Grid isi configured.
2019-05-20 05:06:50,959 null [INFO] (/home/meteo/dev/redist/fwidbmgr/include/Grid.h:1595) Configuring grid: fwi
2019-05-20 05:06:50,959 null [INFO] (/home/meteo/dev/redist/fwidbmgr/include/Grid.h:1695) Grid fwi configured.
2019-05-20 05:06:50,962 null [INFO] (/home/meteo/dev/redist/fwidbmgr/include/Grid.h:1595) Configuring grid: ffmc
2019-05-20 05:06:50,962 null [INFO] (/home/meteo/dev/redist/fwidbmgr/include/Grid.h:1695) Grid ffmc configured.
2019-05-20 05:06:50,965 null [INFO] (/home/meteo/dev/redist/fwidbmgr/include/Grid.h:1595) Configuring grid: dmc
2019-05-20 05:06:50,965 null [INFO] (/home/meteo/dev/redist/fwidbmgr/include/Grid.h:1695) Grid dmc configured.
2019-05-20 05:06:50,967 null [INFO] (/home/meteo/dev/redist/fwidbmgr/include/Grid.h:1595) Configuring grid: dc
2019-05-20 05:06:50,967 null [INFO] (/home/meteo/dev/redist/fwidbmgr/include/Grid.h:1695) Grid dc configured.
2019-05-20 05:06:50,968 null [INFO] (/home/meteo/dev/redist/fwidbmgr/include/Grid.h:1595) Configuring grid: bui
2019-05-20 05:06:50,968 null [INFO] (/home/meteo/dev/redist/fwidbmgr/include/Grid.h:1695) Grid bui configured.
2019-05-20 05:06:50,969 null [INFO] (/home/meteo/dev/redist/fwidbmgr/include/Grid.h:1595) Configuring grid: ffmc_tmp
2019-05-20 05:06:50,969 null [INFO] (/home/meteo/dev/redist/fwidbmgr/include/Grid.h:1695) Grid ffmc_tmp configured.
2019-05-20 05:06:50,970 null [INFO] (/home/meteo/dev/redist/fwidbmgr/include/Grid.h:1595) Configuring grid: dmc_tmp
2019-05-20 05:06:50,970 null [INFO] (/home/meteo/dev/redist/fwidbmgr/include/Grid.h:1695) Grid dmc_tmp configured.
2019-05-20 05:06:50,971 null [INFO] (/home/meteo/dev/redist/fwidbmgr/include/Grid.h:1595) Configuring grid: dc_tmp
2019-05-20 05:06:50,971 null [INFO] (/home/meteo/dev/redist/fwidbmgr/include/Grid.h:1695) Grid dc_tmp configured.
2019-05-20 05:06:50,972 null [INFO] (/home/meteo/dev/redist/fwidbmgr/include/Grid.h:1595) Configuring grid: idi
2019-05-20 05:06:50,972 null [INFO] (/home/meteo/dev/redist/fwidbmgr/include/Grid.h:1695) Grid idi configured.
2019-05-20 05:06:50,973 null [INFO] (/home/meteo/dev/redist/fwidbmgr/include/Grid.h:1595) Configuring grid: angstrom
2019-05-20 05:06:50,973 null [INFO] (/home/meteo/dev/redist/fwidbmgr/include/Grid.h:1695) Grid angstrom configured.
2019-05-20 05:06:50,974 null [INFO] (/home/meteo/dev/redist/fwidbmgr/include/Grid.h:1595) Configuring grid: fmi
2019-05-20 05:06:50,974 null [INFO] (/home/meteo/dev/redist/fwidbmgr/include/Grid.h:1695) Grid fmi configured.
2019-05-20 05:06:50,975 null [INFO] (/home/meteo/dev/redist/fwidbmgr/include/Grid.h:1595) Configuring grid: sharples
2019-05-20 05:06:50,975 null [INFO] (/home/meteo/dev/redist/fwidbmgr/include/Grid.h:1695) Grid sharples configured.
2019-05-20 05:06:52,255 null [INFO] (/home/meteo/dev/redist/fwidbmgr/include/Grid.h:1595) Configuring grid: snow
2019-05-20 05:06:52,256 null [INFO] (/home/meteo/dev/redist/fwidbmgr/include/Grid.h:1695) Grid snow configured.
2019-05-20 05:06:52,256 null [INFO] (/home/meteo/dev/redist/fwidbmgr/include/Grid.h:1595) Configuring grid: snow_covering
2019-05-20 05:06:52,256 null [INFO] (/home/meteo/dev/redist/fwidbmgr/include/Grid.h:1695) Grid snow_covering configured.
2019-05-20 05:06:52,256 null [INFO] (/home/meteo/dev/redist/fwidbmgr/include/Grid.h:1595) Configuring grid: snow_dissolution
2019-05-20 05:06:52,256 null [INFO] (/home/meteo/dev/redist/fwidbmgr/include/Grid.h:1695) Grid snow_dissolution configured.
2019-05-20 05:06:52,256 null [INFO] (/home/meteo/dev/redist/fwidbmgr/include/Grid.h:1595) Configuring grid: temperature
2019-05-20 05:06:52,256 null [INFO] (/home/meteo/dev/redist/fwidbmgr/include/Grid.h:1695) Grid temperature configured.
2019-05-20 05:06:52,256 null [INFO] (/home/meteo/dev/redist/fwidbmgr/include/Grid.h:1595) Configuring grid: humidity
2019-05-20 05:06:52,256 null [INFO] (/home/meteo/dev/redist/fwidbmgr/include/Grid.h:1695) Grid humidity configured.
2019-05-20 05:06:52,256 null [INFO] (/home/meteo/dev/redist/fwidbmgr/include/Grid.h:1595) Configuring grid: windspeed
2019-05-20 05:06:52,256 null [INFO] (/home/meteo/dev/redist/fwidbmgr/include/Grid.h:1695) Grid windspeed configured.
2019-05-20 05:06:52,256 null [INFO] (/home/meteo/dev/redist/fwidbmgr/include/Grid.h:1595) Configuring grid: rain
2019-05-20 05:06:52,256 null [INFO] (/home/meteo/dev/redist/fwidbmgr/include/Grid.h:1695) Grid rain configured.
2019-05-20 05:06:52,256 null [INFO] (/home/meteo/dev/redist/fwidbmgr/include/Grid.h:1595) Configuring grid: cum_rain
2019-05-20 05:06:52,256 null [INFO] (/home/meteo/dev/redist/fwidbmgr/include/Grid.h:1695) Grid cum_rain configured.
2019-05-20 05:07:52,773 null [INFO] (../src/fwidbmgr.cpp:5660) OK --> 20190519 indexes computed.
2019-05-20 05:07:52,774 null [INFO] (../src/fwidbmgr.cpp:5695) action computeidx took about 62 seconds.
2019-05-20 05:07:52,774 null [INFO] (../src/fwidbmgr.cpp:5699) Disconnected from database.
2019-05-20 05:07:52,841 null [INFO] (../src/fwidbmgr.cpp:5361) fwi db manager
2019-05-20 05:07:52,841 null [INFO] (../src/fwidbmgr.cpp:5365) Program home: /home/meteo/dev/redist/fwidbmgr
2019-05-20 05:07:52,841 null [INFO] (../src/fwidbmgr.cpp:5369) Auto convert: 1
2019-05-20 05:07:52,841 null [INFO] (../src/fwidbmgr.cpp:446) action: exportidx.
2019-05-20 05:07:52,841 null [INFO] (../src/fwidbmgr.cpp:470) date: 20190519.
2019-05-20 05:07:52,841 null [INFO] (../src/fwidbmgr.cpp:322) Try to read: /home/meteo/dev/redist/fwidbmgr/config/fwidbmgr.conf.
2019-05-20 05:07:52,842 null [INFO] (../src/fwidbmgr.cpp:5393) Configuration parsing: OK.
2019-05-20 05:07:52,847 null [INFO] (../src/fwidbmgr.cpp:5478) Connected to database
2019-05-20 05:07:52,847 null [INFO] (../src/fwidbmgr.cpp:5480) Manage data for date: 20190519.
2019-05-20 05:07:52,847 null [INFO] (../src/fwidbmgr.cpp:5596) Exporting indexes.
2019-05-20 05:07:52,854 null [INFO] (/home/meteo/dev/redist/fwidbmgr/include/Grid.h:1595) Configuring grid: isi
2019-05-20 05:07:52,854 null [INFO] (/home/meteo/dev/redist/fwidbmgr/include/Grid.h:1695) Grid isi configured.
2019-05-20 05:07:52,857 null [INFO] (/home/meteo/dev/redist/fwidbmgr/include/Grid.h:1595) Configuring grid: fwi
2019-05-20 05:07:52,857 null [INFO] (/home/meteo/dev/redist/fwidbmgr/include/Grid.h:1695) Grid fwi configured.
2019-05-20 05:07:52,859 null [INFO] (/home/meteo/dev/redist/fwidbmgr/include/Grid.h:1595) Configuring grid: ffmc
2019-05-20 05:07:52,859 null [INFO] (/home/meteo/dev/redist/fwidbmgr/include/Grid.h:1695) Grid ffmc configured.
2019-05-20 05:07:52,861 null [INFO] (/home/meteo/dev/redist/fwidbmgr/include/Grid.h:1595) Configuring grid: dmc
2019-05-20 05:07:52,861 null [INFO] (/home/meteo/dev/redist/fwidbmgr/include/Grid.h:1695) Grid dmc configured.
2019-05-20 05:07:52,862 null [INFO] (/home/meteo/dev/redist/fwidbmgr/include/Grid.h:1595) Configuring grid: dc
2019-05-20 05:07:52,862 null [INFO] (/home/meteo/dev/redist/fwidbmgr/include/Grid.h:1695) Grid dc configured.
2019-05-20 05:07:52,864 null [INFO] (/home/meteo/dev/redist/fwidbmgr/include/Grid.h:1595) Configuring grid: bui
2019-05-20 05:07:52,864 null [INFO] (/home/meteo/dev/redist/fwidbmgr/include/Grid.h:1695) Grid bui configured.
2019-05-20 05:07:52,865 null [INFO] (/home/meteo/dev/redist/fwidbmgr/include/Grid.h:1595) Configuring grid: ffmc_tmp
2019-05-20 05:07:52,865 null [INFO] (/home/meteo/dev/redist/fwidbmgr/include/Grid.h:1695) Grid ffmc_tmp configured.
2019-05-20 05:07:52,867 null [INFO] (/home/meteo/dev/redist/fwidbmgr/include/Grid.h:1595) Configuring grid: dmc_tmp
2019-05-20 05:07:52,867 null [INFO] (/home/meteo/dev/redist/fwidbmgr/include/Grid.h:1695) Grid dmc_tmp configured.
2019-05-20 05:07:52,870 null [INFO] (/home/meteo/dev/redist/fwidbmgr/include/Grid.h:1595) Configuring grid: dc_tmp
2019-05-20 05:07:52,870 null [INFO] (/home/meteo/dev/redist/fwidbmgr/include/Grid.h:1695) Grid dc_tmp configured.
2019-05-20 05:07:52,873 null [INFO] (/home/meteo/dev/redist/fwidbmgr/include/Grid.h:1595) Configuring grid: idi
2019-05-20 05:07:52,873 null [INFO] (/home/meteo/dev/redist/fwidbmgr/include/Grid.h:1695) Grid idi configured.
2019-05-20 05:07:52,876 null [INFO] (/home/meteo/dev/redist/fwidbmgr/include/Grid.h:1595) Configuring grid: angstrom
2019-05-20 05:07:52,876 null [INFO] (/home/meteo/dev/redist/fwidbmgr/include/Grid.h:1695) Grid angstrom configured.
2019-05-20 05:07:52,880 null [INFO] (/home/meteo/dev/redist/fwidbmgr/include/Grid.h:1595) Configuring grid: fmi
2019-05-20 05:07:52,880 null [INFO] (/home/meteo/dev/redist/fwidbmgr/include/Grid.h:1695) Grid fmi configured.
2019-05-20 05:07:52,883 null [INFO] (/home/meteo/dev/redist/fwidbmgr/include/Grid.h:1595) Configuring grid: sharples
2019-05-20 05:07:52,883 null [INFO] (/home/meteo/dev/redist/fwidbmgr/include/Grid.h:1695) Grid sharples configured.
2019-05-20 05:07:54,001 null [INFO] (/home/meteo/dev/redist/fwidbmgr/include/Grid.h:1595) Configuring grid: isi
2019-05-20 05:07:54,002 null [INFO] (/home/meteo/dev/redist/fwidbmgr/include/Grid.h:1695) Grid isi configured.
2019-05-20 05:07:54,022 null [INFO] (/home/meteo/dev/redist/fwidbmgr/include/Grid.h:1595) Configuring grid: fwi
2019-05-20 05:07:54,022 null [INFO] (/home/meteo/dev/redist/fwidbmgr/include/Grid.h:1695) Grid fwi configured.
2019-05-20 05:07:54,041 null [INFO] (/home/meteo/dev/redist/fwidbmgr/include/Grid.h:1595) Configuring grid: ffmc
2019-05-20 05:07:54,041 null [INFO] (/home/meteo/dev/redist/fwidbmgr/include/Grid.h:1695) Grid ffmc configured.
2019-05-20 05:07:54,061 null [INFO] (/home/meteo/dev/redist/fwidbmgr/include/Grid.h:1595) Configuring grid: dmc
2019-05-20 05:07:54,061 null [INFO] (/home/meteo/dev/redist/fwidbmgr/include/Grid.h:1695) Grid dmc configured.
2019-05-20 05:07:54,081 null [INFO] (/home/meteo/dev/redist/fwidbmgr/include/Grid.h:1595) Configuring grid: dc
2019-05-20 05:07:54,081 null [INFO] (/home/meteo/dev/redist/fwidbmgr/include/Grid.h:1695) Grid dc configured.
2019-05-20 05:07:54,102 null [INFO] (/home/meteo/dev/redist/fwidbmgr/include/Grid.h:1595) Configuring grid: bui
2019-05-20 05:07:54,102 null [INFO] (/home/meteo/dev/redist/fwidbmgr/include/Grid.h:1695) Grid bui configured.
2019-05-20 05:07:54,121 null [INFO] (/home/meteo/dev/redist/fwidbmgr/include/Grid.h:1595) Configuring grid: ffmc_tmp
2019-05-20 05:07:54,121 null [INFO] (/home/meteo/dev/redist/fwidbmgr/include/Grid.h:1695) Grid ffmc_tmp configured.
2019-05-20 05:07:54,141 null [INFO] (/home/meteo/dev/redist/fwidbmgr/include/Grid.h:1595) Configuring grid: dmc_tmp
2019-05-20 05:07:54,141 null [INFO] (/home/meteo/dev/redist/fwidbmgr/include/Grid.h:1695) Grid dmc_tmp configured.
2019-05-20 05:07:54,159 null [INFO] (/home/meteo/dev/redist/fwidbmgr/include/Grid.h:1595) Configuring grid: dc_tmp
2019-05-20 05:07:54,159 null [INFO] (/home/meteo/dev/redist/fwidbmgr/include/Grid.h:1695) Grid dc_tmp configured.
2019-05-20 05:07:54,179 null [INFO] (/home/meteo/dev/redist/fwidbmgr/include/Grid.h:1595) Configuring grid: angstrom
2019-05-20 05:07:54,179 null [INFO] (/home/meteo/dev/redist/fwidbmgr/include/Grid.h:1695) Grid angstrom configured.
2019-05-20 05:07:54,203 null [INFO] (/home/meteo/dev/redist/fwidbmgr/include/Grid.h:1595) Configuring grid: sharples
2019-05-20 05:07:54,203 null [INFO] (/home/meteo/dev/redist/fwidbmgr/include/Grid.h:1695) Grid sharples configured.
2019-05-20 05:07:54,224 null [INFO] (/home/meteo/dev/redist/fwidbmgr/include/Grid.h:1595) Configuring grid: fmi
2019-05-20 05:07:54,224 null [INFO] (/home/meteo/dev/redist/fwidbmgr/include/Grid.h:1695) Grid fmi configured.
2019-05-20 05:07:54,246 null [INFO] (../src/fwidbmgr.cpp:5600) OK --> 20190519 indexes exported to files.
2019-05-20 05:07:54,246 null [INFO] (../src/fwidbmgr.cpp:5695) action exportidx took about 2 seconds.
2019-05-20 05:07:54,246 null [INFO] (../src/fwidbmgr.cpp:5699) Disconnected from database.
2019-05-20 05:08:06,768 null [INFO] (../src/fwidbmgr.cpp:5361) fwi db manager
2019-05-20 05:08:06,768 null [INFO] (../src/fwidbmgr.cpp:5365) Program home: /home/meteo/dev/redist/fwidbmgr
2019-05-20 05:08:06,768 null [INFO] (../src/fwidbmgr.cpp:5369) Auto convert: 1
2019-05-20 05:08:06,769 null [INFO] (../src/fwidbmgr.cpp:446) action: outimg.
2019-05-20 05:08:06,769 null [INFO] (../src/fwidbmgr.cpp:470) date: 20190519.
2019-05-20 05:08:06,769 null [INFO] (../src/fwidbmgr.cpp:322) Try to read: /home/meteo/dev/redist/fwidbmgr/config/fwidbmgr.conf.
2019-05-20 05:08:06,770 null [INFO] (../src/fwidbmgr.cpp:5393) Configuration parsing: OK.
2019-05-20 05:08:06,775 null [INFO] (../src/fwidbmgr.cpp:5478) Connected to database
2019-05-20 05:08:06,775 null [INFO] (../src/fwidbmgr.cpp:5480) Manage data for date: 20190519.
2019-05-20 05:08:06,775 null [INFO] (../src/fwidbmgr.cpp:5566) Importing fwi indexes images in database.
2019-05-20 05:08:06,860 null [INFO] (../src/fwidbmgr.cpp:5570) OK --> 20190519 images imported.
2019-05-20 05:08:06,860 null [INFO] (../src/fwidbmgr.cpp:5695) action outimg took about 0 seconds.
2019-05-20 05:08:06,860 null [INFO] (../src/fwidbmgr.cpp:5699) Disconnected from database.
2019-05-20 05:37:01,497 null [INFO] (../src/fwidbmgr.cpp:5361) fwi db manager
2019-05-20 05:37:01,498 null [INFO] (../src/fwidbmgr.cpp:5365) Program home: /home/meteo/dev/redist/fwidbmgr
2019-05-20 05:37:01,498 null [INFO] (../src/fwidbmgr.cpp:5369) Auto convert: 1
2019-05-20 05:37:01,498 null [INFO] (../src/fwidbmgr.cpp:446) action: outimg.
2019-05-20 05:37:01,498 null [INFO] (../src/fwidbmgr.cpp:470) date: 20190519.
2019-05-20 05:37:01,498 null [INFO] (../src/fwidbmgr.cpp:322) Try to read: /home/meteo/dev/redist/fwidbmgr/config/fwidbmgr.conf.
2019-05-20 05:37:01,500 null [INFO] (../src/fwidbmgr.cpp:5393) Configuration parsing: OK.
2019-05-20 05:37:01,506 null [INFO] (../src/fwidbmgr.cpp:5478) Connected to database
2019-05-20 05:37:01,506 null [INFO] (../src/fwidbmgr.cpp:5480) Manage data for date: 20190519.
2019-05-20 05:37:01,506 null [INFO] (../src/fwidbmgr.cpp:5566) Importing fwi indexes images in database.
2019-05-20 05:37:01,581 null [INFO] (../src/fwidbmgr.cpp:5570) OK --> 20190519 images imported.
2019-05-20 05:37:01,581 null [INFO] (../src/fwidbmgr.cpp:5695) action outimg took about 0 seconds.
2019-05-20 05:37:01,581 null [INFO] (../src/fwidbmgr.cpp:5699) Disconnected from database.
2019-05-20 06:05:01,724 null [INFO] (../src/fwidbmgr.cpp:5361) fwi db manager
2019-05-20 06:05:01,725 null [INFO] (../src/fwidbmgr.cpp:5365) Program home: /home/meteo/dev/redist/fwidbmgr
2019-05-20 06:05:01,725 null [INFO] (../src/fwidbmgr.cpp:5369) Auto convert: 1
2019-05-20 06:05:01,725 null [INFO] (../src/fwidbmgr.cpp:446) action: outimg.
2019-05-20 06:05:01,725 null [INFO] (../src/fwidbmgr.cpp:470) date: 20190519.
2019-05-20 06:05:01,725 null [INFO] (../src/fwidbmgr.cpp:322) Try to read: /home/meteo/dev/redist/fwidbmgr/config/fwidbmgr.conf.
2019-05-20 06:05:01,726 null [INFO] (../src/fwidbmgr.cpp:5393) Configuration parsing: OK.
2019-05-20 06:05:01,730 null [INFO] (../src/fwidbmgr.cpp:5478) Connected to database
2019-05-20 06:05:01,731 null [INFO] (../src/fwidbmgr.cpp:5480) Manage data for date: 20190519.
2019-05-20 06:05:01,731 null [INFO] (../src/fwidbmgr.cpp:5566) Importing fwi indexes images in database.
2019-05-20 06:05:01,791 null [INFO] (../src/fwidbmgr.cpp:5570) OK --> 20190519 images imported.
2019-05-20 06:05:01,791 null [INFO] (../src/fwidbmgr.cpp:5695) action outimg took about 0 seconds.
2019-05-20 06:05:01,791 null [INFO] (../src/fwidbmgr.cpp:5699) Disconnected from database.
2019-05-20 06:37:01,942 null [INFO] (../src/fwidbmgr.cpp:5361) fwi db manager
2019-05-20 06:37:01,942 null [INFO] (../src/fwidbmgr.cpp:5365) Program home: /home/meteo/dev/redist/fwidbmgr
2019-05-20 06:37:01,942 null [INFO] (../src/fwidbmgr.cpp:5369) Auto convert: 1
2019-05-20 06:37:01,942 null [INFO] (../src/fwidbmgr.cpp:446) action: outimg.
2019-05-20 06:37:01,942 null [INFO] (../src/fwidbmgr.cpp:470) date: 20190519.
2019-05-20 06:37:01,942 null [INFO] (../src/fwidbmgr.cpp:322) Try to read: /home/meteo/dev/redist/fwidbmgr/config/fwidbmgr.conf.
2019-05-20 06:37:01,944 null [INFO] (../src/fwidbmgr.cpp:5393) Configuration parsing: OK.
2019-05-20 06:37:01,950 null [INFO] (../src/fwidbmgr.cpp:5478) Connected to database
2019-05-20 06:37:01,950 null [INFO] (../src/fwidbmgr.cpp:5480) Manage data for date: 20190519.
2019-05-20 06:37:01,950 null [INFO] (../src/fwidbmgr.cpp:5566) Importing fwi indexes images in database.
2019-05-20 06:37:02,005 null [INFO] (../src/fwidbmgr.cpp:5570) OK --> 20190519 images imported.
2019-05-20 06:37:02,005 null [INFO] (../src/fwidbmgr.cpp:5695) action outimg took about 1 seconds.
2019-05-20 06:37:02,006 null [INFO] (../src/fwidbmgr.cpp:5699) Disconnected from database.
2019-05-20 07:05:01,661 null [INFO] (../src/fwidbmgr.cpp:5361) fwi db manager
2019-05-20 07:05:01,662 null [INFO] (../src/fwidbmgr.cpp:5365) Program home: /home/meteo/dev/redist/fwidbmgr
2019-05-20 07:05:01,662 null [INFO] (../src/fwidbmgr.cpp:5369) Auto convert: 1
2019-05-20 07:05:01,662 null [INFO] (../src/fwidbmgr.cpp:446) action: outimg.
2019-05-20 07:05:01,662 null [INFO] (../src/fwidbmgr.cpp:470) date: 20190519.
2019-05-20 07:05:01,662 null [INFO] (../src/fwidbmgr.cpp:322) Try to read: /home/meteo/dev/redist/fwidbmgr/config/fwidbmgr.conf.
2019-05-20 07:05:01,663 null [INFO] (../src/fwidbmgr.cpp:5393) Configuration parsing: OK.
2019-05-20 07:05:01,668 null [INFO] (../src/fwidbmgr.cpp:5478) Connected to database
2019-05-20 07:05:01,668 null [INFO] (../src/fwidbmgr.cpp:5480) Manage data for date: 20190519.
2019-05-20 07:05:01,668 null [INFO] (../src/fwidbmgr.cpp:5566) Importing fwi indexes images in database.
2019-05-20 07:05:01,713 null [INFO] (../src/fwidbmgr.cpp:5570) OK --> 20190519 images imported.
2019-05-20 07:05:01,713 null [INFO] (../src/fwidbmgr.cpp:5695) action outimg took about 0 seconds.
2019-05-20 07:05:01,714 null [INFO] (../src/fwidbmgr.cpp:5699) Disconnected from database.
2019-05-20 07:37:01,839 null [INFO] (../src/fwidbmgr.cpp:5361) fwi db manager
2019-05-20 07:37:01,839 null [INFO] (../src/fwidbmgr.cpp:5365) Program home: /home/meteo/dev/redist/fwidbmgr
2019-05-20 07:37:01,839 null [INFO] (../src/fwidbmgr.cpp:5369) Auto convert: 1
2019-05-20 07:37:01,839 null [INFO] (../src/fwidbmgr.cpp:446) action: outimg.
2019-05-20 07:37:01,839 null [INFO] (../src/fwidbmgr.cpp:470) date: 20190519.
2019-05-20 07:37:01,839 null [INFO] (../src/fwidbmgr.cpp:322) Try to read: /home/meteo/dev/redist/fwidbmgr/config/fwidbmgr.conf.
2019-05-20 07:37:01,841 null [INFO] (../src/fwidbmgr.cpp:5393) Configuration parsing: OK.
2019-05-20 07:37:01,846 null [INFO] (../src/fwidbmgr.cpp:5478) Connected to database
2019-05-20 07:37:01,846 null [INFO] (../src/fwidbmgr.cpp:5480) Manage data for date: 20190519.
2019-05-20 07:37:01,846 null [INFO] (../src/fwidbmgr.cpp:5566) Importing fwi indexes images in database.
2019-05-20 07:37:01,891 null [INFO] (../src/fwidbmgr.cpp:5570) OK --> 20190519 images imported.
2019-05-20 07:37:01,892 null [INFO] (../src/fwidbmgr.cpp:5695) action outimg took about 0 seconds.
2019-05-20 07:37:01,892 null [INFO] (../src/fwidbmgr.cpp:5699) Disconnected from database.
