2020-01-14 05:05:03,290 null [INFO] (../src/fwidbmgr.cpp:5361) fwi db manager
2020-01-14 05:05:03,290 null [INFO] (../src/fwidbmgr.cpp:5365) Program home: /home/meteo/dev/redist/fwidbmgr
2020-01-14 05:05:03,290 null [INFO] (../src/fwidbmgr.cpp:5369) Auto convert: 1
2020-01-14 05:05:03,290 null [INFO] (../src/fwidbmgr.cpp:446) action: in.
2020-01-14 05:05:03,290 null [INFO] (../src/fwidbmgr.cpp:470) date: 20200113.
2020-01-14 05:05:03,290 null [INFO] (../src/fwidbmgr.cpp:322) Try to read: /home/meteo/dev/redist/fwidbmgr/config/fwidbmgr.conf.
2020-01-14 05:05:03,291 null [INFO] (../src/fwidbmgr.cpp:5393) Configuration parsing: OK.
2020-01-14 05:05:03,295 null [INFO] (../src/fwidbmgr.cpp:5478) Connected to database
2020-01-14 05:05:03,295 null [INFO] (../src/fwidbmgr.cpp:5480) Manage data for date: 20200113.
2020-01-14 05:05:03,295 null [INFO] (../src/fwidbmgr.cpp:5536) Importing meteo data in database for day: 20200113.
2020-01-14 05:05:03,298 null [INFO] (/home/meteo/dev/redist/fwidbmgr/include/Grid.h:1595) Configuring grid: snow
2020-01-14 05:05:03,299 null [INFO] (/home/meteo/dev/redist/fwidbmgr/include/Grid.h:1695) Grid snow configured.
2020-01-14 05:05:03,310 null [INFO] (/home/meteo/dev/redist/fwidbmgr/include/Grid.h:1595) Configuring grid: snow_covering
2020-01-14 05:05:03,310 null [INFO] (/home/meteo/dev/redist/fwidbmgr/include/Grid.h:1695) Grid snow_covering configured.
2020-01-14 05:05:03,317 null [INFO] (/home/meteo/dev/redist/fwidbmgr/include/Grid.h:1595) Configuring grid: snow_dissolution
2020-01-14 05:05:03,317 null [INFO] (/home/meteo/dev/redist/fwidbmgr/include/Grid.h:1695) Grid snow_dissolution configured.
2020-01-14 05:05:03,330 null [INFO] (/home/meteo/dev/redist/fwidbmgr/include/Grid.h:1595) Configuring grid: temperature
2020-01-14 05:05:03,330 null [INFO] (/home/meteo/dev/redist/fwidbmgr/include/Grid.h:1695) Grid temperature configured.
2020-01-14 05:05:03,331 null [INFO] (/home/meteo/dev/redist/fwidbmgr/include/Grid.h:1595) Configuring grid: humidity
2020-01-14 05:05:03,331 null [INFO] (/home/meteo/dev/redist/fwidbmgr/include/Grid.h:1695) Grid humidity configured.
2020-01-14 05:05:03,334 null [INFO] (/home/meteo/dev/redist/fwidbmgr/include/Grid.h:1595) Configuring grid: windspeed
2020-01-14 05:05:03,334 null [INFO] (/home/meteo/dev/redist/fwidbmgr/include/Grid.h:1695) Grid windspeed configured.
2020-01-14 05:05:03,340 null [INFO] (/home/meteo/dev/redist/fwidbmgr/include/Grid.h:1595) Configuring grid: rain
2020-01-14 05:05:03,341 null [INFO] (/home/meteo/dev/redist/fwidbmgr/include/Grid.h:1695) Grid rain configured.
2020-01-14 05:05:03,343 null [INFO] (/home/meteo/dev/redist/fwidbmgr/include/Grid.h:1595) Configuring grid: cum_rain
2020-01-14 05:05:03,343 null [INFO] (/home/meteo/dev/redist/fwidbmgr/include/Grid.h:1695) Grid cum_rain configured.
2020-01-14 05:05:03,417 null [INFO] (../src/fwidbmgr.cpp:1518) Storing meteo input ...
2020-01-14 05:05:08,656 null [INFO] (../src/fwidbmgr.cpp:5540) OK --> 20200113 data imported.
2020-01-14 05:05:08,666 null [INFO] (../src/fwidbmgr.cpp:5695) action in took about 5 seconds.
2020-01-14 05:05:08,674 null [INFO] (../src/fwidbmgr.cpp:5699) Disconnected from database.
2020-01-14 05:05:48,291 null [INFO] (../src/fwidbmgr.cpp:5361) fwi db manager
2020-01-14 05:05:48,291 null [INFO] (../src/fwidbmgr.cpp:5365) Program home: /home/meteo/dev/redist/fwidbmgr
2020-01-14 05:05:48,291 null [INFO] (../src/fwidbmgr.cpp:5369) Auto convert: 1
2020-01-14 05:05:48,291 null [INFO] (../src/fwidbmgr.cpp:446) action: out.
2020-01-14 05:05:48,291 null [INFO] (../src/fwidbmgr.cpp:470) date: 20200113.
2020-01-14 05:05:48,291 null [INFO] (../src/fwidbmgr.cpp:322) Try to read: /home/meteo/dev/redist/fwidbmgr/config/fwidbmgr.conf.
2020-01-14 05:05:48,294 null [INFO] (../src/fwidbmgr.cpp:5393) Configuration parsing: OK.
2020-01-14 05:05:48,304 null [INFO] (../src/fwidbmgr.cpp:5478) Connected to database
2020-01-14 05:05:48,305 null [INFO] (../src/fwidbmgr.cpp:5480) Manage data for date: 20200113.
2020-01-14 05:05:48,305 null [INFO] (../src/fwidbmgr.cpp:5551) Importing fwi indexes data in database for day: 20200113.
2020-01-14 05:05:48,318 null [INFO] (/home/meteo/dev/redist/fwidbmgr/include/Grid.h:1595) Configuring grid: isi
2020-01-14 05:05:48,318 null [INFO] (/home/meteo/dev/redist/fwidbmgr/include/Grid.h:1695) Grid isi configured.
2020-01-14 05:05:48,333 null [INFO] (/home/meteo/dev/redist/fwidbmgr/include/Grid.h:1595) Configuring grid: fwi
2020-01-14 05:05:48,333 null [INFO] (/home/meteo/dev/redist/fwidbmgr/include/Grid.h:1695) Grid fwi configured.
2020-01-14 05:05:48,340 null [INFO] (/home/meteo/dev/redist/fwidbmgr/include/Grid.h:1595) Configuring grid: ffmc
2020-01-14 05:05:48,340 null [INFO] (/home/meteo/dev/redist/fwidbmgr/include/Grid.h:1695) Grid ffmc configured.
2020-01-14 05:05:48,347 null [INFO] (/home/meteo/dev/redist/fwidbmgr/include/Grid.h:1595) Configuring grid: dmc
2020-01-14 05:05:48,347 null [INFO] (/home/meteo/dev/redist/fwidbmgr/include/Grid.h:1695) Grid dmc configured.
2020-01-14 05:05:48,354 null [INFO] (/home/meteo/dev/redist/fwidbmgr/include/Grid.h:1595) Configuring grid: dc
2020-01-14 05:05:48,354 null [INFO] (/home/meteo/dev/redist/fwidbmgr/include/Grid.h:1695) Grid dc configured.
2020-01-14 05:05:48,361 null [INFO] (/home/meteo/dev/redist/fwidbmgr/include/Grid.h:1595) Configuring grid: bui
2020-01-14 05:05:48,361 null [INFO] (/home/meteo/dev/redist/fwidbmgr/include/Grid.h:1695) Grid bui configured.
2020-01-14 05:05:48,368 null [INFO] (/home/meteo/dev/redist/fwidbmgr/include/Grid.h:1595) Configuring grid: ffmc_tmp
2020-01-14 05:05:48,368 null [INFO] (/home/meteo/dev/redist/fwidbmgr/include/Grid.h:1695) Grid ffmc_tmp configured.
2020-01-14 05:05:48,381 null [INFO] (/home/meteo/dev/redist/fwidbmgr/include/Grid.h:1595) Configuring grid: dmc_tmp
2020-01-14 05:05:48,381 null [INFO] (/home/meteo/dev/redist/fwidbmgr/include/Grid.h:1695) Grid dmc_tmp configured.
2020-01-14 05:05:48,405 null [INFO] (/home/meteo/dev/redist/fwidbmgr/include/Grid.h:1595) Configuring grid: dc_tmp
2020-01-14 05:05:48,405 null [INFO] (/home/meteo/dev/redist/fwidbmgr/include/Grid.h:1695) Grid dc_tmp configured.
2020-01-14 05:05:48,423 null [INFO] (/home/meteo/dev/redist/fwidbmgr/include/Grid.h:1595) Configuring grid: idi
2020-01-14 05:05:48,423 null [INFO] (/home/meteo/dev/redist/fwidbmgr/include/Grid.h:1695) Grid idi configured.
2020-01-14 05:05:48,498 null [INFO] (../src/fwidbmgr.cpp:2081) Storing FWI indexes ...
2020-01-14 05:05:51,368 null [INFO] (../src/fwidbmgr.cpp:5555) OK --> 20200113 data imported.
2020-01-14 05:05:51,368 null [INFO] (../src/fwidbmgr.cpp:5695) action out took about 3 seconds.
2020-01-14 05:05:51,369 null [INFO] (../src/fwidbmgr.cpp:5699) Disconnected from database.
2020-01-14 05:05:51,385 null [INFO] (../src/fwidbmgr.cpp:5361) fwi db manager
2020-01-14 05:05:51,385 null [INFO] (../src/fwidbmgr.cpp:5365) Program home: /home/meteo/dev/redist/fwidbmgr
2020-01-14 05:05:51,385 null [INFO] (../src/fwidbmgr.cpp:5369) Auto convert: 1
2020-01-14 05:05:51,385 null [INFO] (../src/fwidbmgr.cpp:446) action: computeidx.
2020-01-14 05:05:51,385 null [INFO] (../src/fwidbmgr.cpp:470) date: 20200113.
2020-01-14 05:05:51,385 null [INFO] (../src/fwidbmgr.cpp:322) Try to read: /home/meteo/dev/redist/fwidbmgr/config/fwidbmgr.conf.
2020-01-14 05:05:51,386 null [INFO] (../src/fwidbmgr.cpp:5393) Configuration parsing: OK.
2020-01-14 05:05:51,389 null [INFO] (../src/fwidbmgr.cpp:5478) Connected to database
2020-01-14 05:05:51,389 null [INFO] (../src/fwidbmgr.cpp:5480) Manage data for date: 20200113.
2020-01-14 05:05:51,389 null [INFO] (../src/fwidbmgr.cpp:5656) Computing indexes.
2020-01-14 05:05:51,390 null [INFO] (/home/meteo/dev/redist/fwidbmgr/include/Grid.h:1595) Configuring grid: isi
2020-01-14 05:05:51,390 null [INFO] (/home/meteo/dev/redist/fwidbmgr/include/Grid.h:1695) Grid isi configured.
2020-01-14 05:05:51,392 null [INFO] (/home/meteo/dev/redist/fwidbmgr/include/Grid.h:1595) Configuring grid: fwi
2020-01-14 05:05:51,392 null [INFO] (/home/meteo/dev/redist/fwidbmgr/include/Grid.h:1695) Grid fwi configured.
2020-01-14 05:05:51,393 null [INFO] (/home/meteo/dev/redist/fwidbmgr/include/Grid.h:1595) Configuring grid: ffmc
2020-01-14 05:05:51,393 null [INFO] (/home/meteo/dev/redist/fwidbmgr/include/Grid.h:1695) Grid ffmc configured.
2020-01-14 05:05:51,394 null [INFO] (/home/meteo/dev/redist/fwidbmgr/include/Grid.h:1595) Configuring grid: dmc
2020-01-14 05:05:51,394 null [INFO] (/home/meteo/dev/redist/fwidbmgr/include/Grid.h:1695) Grid dmc configured.
2020-01-14 05:05:51,395 null [INFO] (/home/meteo/dev/redist/fwidbmgr/include/Grid.h:1595) Configuring grid: dc
2020-01-14 05:05:51,395 null [INFO] (/home/meteo/dev/redist/fwidbmgr/include/Grid.h:1695) Grid dc configured.
2020-01-14 05:05:51,396 null [INFO] (/home/meteo/dev/redist/fwidbmgr/include/Grid.h:1595) Configuring grid: bui
2020-01-14 05:05:51,396 null [INFO] (/home/meteo/dev/redist/fwidbmgr/include/Grid.h:1695) Grid bui configured.
2020-01-14 05:05:51,397 null [INFO] (/home/meteo/dev/redist/fwidbmgr/include/Grid.h:1595) Configuring grid: ffmc_tmp
2020-01-14 05:05:51,397 null [INFO] (/home/meteo/dev/redist/fwidbmgr/include/Grid.h:1695) Grid ffmc_tmp configured.
2020-01-14 05:05:51,398 null [INFO] (/home/meteo/dev/redist/fwidbmgr/include/Grid.h:1595) Configuring grid: dmc_tmp
2020-01-14 05:05:51,398 null [INFO] (/home/meteo/dev/redist/fwidbmgr/include/Grid.h:1695) Grid dmc_tmp configured.
2020-01-14 05:05:51,399 null [INFO] (/home/meteo/dev/redist/fwidbmgr/include/Grid.h:1595) Configuring grid: dc_tmp
2020-01-14 05:05:51,399 null [INFO] (/home/meteo/dev/redist/fwidbmgr/include/Grid.h:1695) Grid dc_tmp configured.
2020-01-14 05:05:51,400 null [INFO] (/home/meteo/dev/redist/fwidbmgr/include/Grid.h:1595) Configuring grid: idi
2020-01-14 05:05:51,400 null [INFO] (/home/meteo/dev/redist/fwidbmgr/include/Grid.h:1695) Grid idi configured.
2020-01-14 05:05:51,401 null [INFO] (/home/meteo/dev/redist/fwidbmgr/include/Grid.h:1595) Configuring grid: angstrom
2020-01-14 05:05:51,401 null [INFO] (/home/meteo/dev/redist/fwidbmgr/include/Grid.h:1695) Grid angstrom configured.
2020-01-14 05:05:51,402 null [INFO] (/home/meteo/dev/redist/fwidbmgr/include/Grid.h:1595) Configuring grid: fmi
2020-01-14 05:05:51,402 null [INFO] (/home/meteo/dev/redist/fwidbmgr/include/Grid.h:1695) Grid fmi configured.
2020-01-14 05:05:51,403 null [INFO] (/home/meteo/dev/redist/fwidbmgr/include/Grid.h:1595) Configuring grid: sharples
2020-01-14 05:05:51,403 null [INFO] (/home/meteo/dev/redist/fwidbmgr/include/Grid.h:1695) Grid sharples configured.
2020-01-14 05:05:51,716 null [INFO] (/home/meteo/dev/redist/fwidbmgr/include/Grid.h:1595) Configuring grid: snow
2020-01-14 05:05:51,717 null [INFO] (/home/meteo/dev/redist/fwidbmgr/include/Grid.h:1695) Grid snow configured.
2020-01-14 05:05:51,717 null [INFO] (/home/meteo/dev/redist/fwidbmgr/include/Grid.h:1595) Configuring grid: snow_covering
2020-01-14 05:05:51,717 null [INFO] (/home/meteo/dev/redist/fwidbmgr/include/Grid.h:1695) Grid snow_covering configured.
2020-01-14 05:05:51,717 null [INFO] (/home/meteo/dev/redist/fwidbmgr/include/Grid.h:1595) Configuring grid: snow_dissolution
2020-01-14 05:05:51,717 null [INFO] (/home/meteo/dev/redist/fwidbmgr/include/Grid.h:1695) Grid snow_dissolution configured.
2020-01-14 05:05:51,717 null [INFO] (/home/meteo/dev/redist/fwidbmgr/include/Grid.h:1595) Configuring grid: temperature
2020-01-14 05:05:51,717 null [INFO] (/home/meteo/dev/redist/fwidbmgr/include/Grid.h:1695) Grid temperature configured.
2020-01-14 05:05:51,717 null [INFO] (/home/meteo/dev/redist/fwidbmgr/include/Grid.h:1595) Configuring grid: humidity
2020-01-14 05:05:51,717 null [INFO] (/home/meteo/dev/redist/fwidbmgr/include/Grid.h:1695) Grid humidity configured.
2020-01-14 05:05:51,717 null [INFO] (/home/meteo/dev/redist/fwidbmgr/include/Grid.h:1595) Configuring grid: windspeed
2020-01-14 05:05:51,717 null [INFO] (/home/meteo/dev/redist/fwidbmgr/include/Grid.h:1695) Grid windspeed configured.
2020-01-14 05:05:51,717 null [INFO] (/home/meteo/dev/redist/fwidbmgr/include/Grid.h:1595) Configuring grid: rain
2020-01-14 05:05:51,717 null [INFO] (/home/meteo/dev/redist/fwidbmgr/include/Grid.h:1695) Grid rain configured.
2020-01-14 05:05:51,717 null [INFO] (/home/meteo/dev/redist/fwidbmgr/include/Grid.h:1595) Configuring grid: cum_rain
2020-01-14 05:05:51,717 null [INFO] (/home/meteo/dev/redist/fwidbmgr/include/Grid.h:1695) Grid cum_rain configured.
2020-01-14 05:06:45,656 null [INFO] (../src/fwidbmgr.cpp:5660) OK --> 20200113 indexes computed.
2020-01-14 05:06:45,657 null [INFO] (../src/fwidbmgr.cpp:5695) action computeidx took about 54 seconds.
2020-01-14 05:06:45,657 null [INFO] (../src/fwidbmgr.cpp:5699) Disconnected from database.
2020-01-14 05:06:45,672 null [INFO] (../src/fwidbmgr.cpp:5361) fwi db manager
2020-01-14 05:06:45,672 null [INFO] (../src/fwidbmgr.cpp:5365) Program home: /home/meteo/dev/redist/fwidbmgr
2020-01-14 05:06:45,672 null [INFO] (../src/fwidbmgr.cpp:5369) Auto convert: 1
2020-01-14 05:06:45,672 null [INFO] (../src/fwidbmgr.cpp:446) action: exportidx.
2020-01-14 05:06:45,672 null [INFO] (../src/fwidbmgr.cpp:470) date: 20200113.
2020-01-14 05:06:45,672 null [INFO] (../src/fwidbmgr.cpp:322) Try to read: /home/meteo/dev/redist/fwidbmgr/config/fwidbmgr.conf.
2020-01-14 05:06:45,673 null [INFO] (../src/fwidbmgr.cpp:5393) Configuration parsing: OK.
2020-01-14 05:06:45,678 null [INFO] (../src/fwidbmgr.cpp:5478) Connected to database
2020-01-14 05:06:45,678 null [INFO] (../src/fwidbmgr.cpp:5480) Manage data for date: 20200113.
2020-01-14 05:06:45,678 null [INFO] (../src/fwidbmgr.cpp:5596) Exporting indexes.
2020-01-14 05:06:45,679 null [INFO] (/home/meteo/dev/redist/fwidbmgr/include/Grid.h:1595) Configuring grid: isi
2020-01-14 05:06:45,679 null [INFO] (/home/meteo/dev/redist/fwidbmgr/include/Grid.h:1695) Grid isi configured.
2020-01-14 05:06:45,680 null [INFO] (/home/meteo/dev/redist/fwidbmgr/include/Grid.h:1595) Configuring grid: fwi
2020-01-14 05:06:45,680 null [INFO] (/home/meteo/dev/redist/fwidbmgr/include/Grid.h:1695) Grid fwi configured.
2020-01-14 05:06:45,681 null [INFO] (/home/meteo/dev/redist/fwidbmgr/include/Grid.h:1595) Configuring grid: ffmc
2020-01-14 05:06:45,682 null [INFO] (/home/meteo/dev/redist/fwidbmgr/include/Grid.h:1695) Grid ffmc configured.
2020-01-14 05:06:45,683 null [INFO] (/home/meteo/dev/redist/fwidbmgr/include/Grid.h:1595) Configuring grid: dmc
2020-01-14 05:06:45,683 null [INFO] (/home/meteo/dev/redist/fwidbmgr/include/Grid.h:1695) Grid dmc configured.
2020-01-14 05:06:45,684 null [INFO] (/home/meteo/dev/redist/fwidbmgr/include/Grid.h:1595) Configuring grid: dc
2020-01-14 05:06:45,684 null [INFO] (/home/meteo/dev/redist/fwidbmgr/include/Grid.h:1695) Grid dc configured.
2020-01-14 05:06:45,685 null [INFO] (/home/meteo/dev/redist/fwidbmgr/include/Grid.h:1595) Configuring grid: bui
2020-01-14 05:06:45,685 null [INFO] (/home/meteo/dev/redist/fwidbmgr/include/Grid.h:1695) Grid bui configured.
2020-01-14 05:06:45,686 null [INFO] (/home/meteo/dev/redist/fwidbmgr/include/Grid.h:1595) Configuring grid: ffmc_tmp
2020-01-14 05:06:45,686 null [INFO] (/home/meteo/dev/redist/fwidbmgr/include/Grid.h:1695) Grid ffmc_tmp configured.
2020-01-14 05:06:45,687 null [INFO] (/home/meteo/dev/redist/fwidbmgr/include/Grid.h:1595) Configuring grid: dmc_tmp
2020-01-14 05:06:45,687 null [INFO] (/home/meteo/dev/redist/fwidbmgr/include/Grid.h:1695) Grid dmc_tmp configured.
2020-01-14 05:06:45,688 null [INFO] (/home/meteo/dev/redist/fwidbmgr/include/Grid.h:1595) Configuring grid: dc_tmp
2020-01-14 05:06:45,688 null [INFO] (/home/meteo/dev/redist/fwidbmgr/include/Grid.h:1695) Grid dc_tmp configured.
2020-01-14 05:06:45,689 null [INFO] (/home/meteo/dev/redist/fwidbmgr/include/Grid.h:1595) Configuring grid: idi
2020-01-14 05:06:45,689 null [INFO] (/home/meteo/dev/redist/fwidbmgr/include/Grid.h:1695) Grid idi configured.
2020-01-14 05:06:45,690 null [INFO] (/home/meteo/dev/redist/fwidbmgr/include/Grid.h:1595) Configuring grid: angstrom
2020-01-14 05:06:45,690 null [INFO] (/home/meteo/dev/redist/fwidbmgr/include/Grid.h:1695) Grid angstrom configured.
2020-01-14 05:06:45,691 null [INFO] (/home/meteo/dev/redist/fwidbmgr/include/Grid.h:1595) Configuring grid: fmi
2020-01-14 05:06:45,691 null [INFO] (/home/meteo/dev/redist/fwidbmgr/include/Grid.h:1695) Grid fmi configured.
2020-01-14 05:06:45,692 null [INFO] (/home/meteo/dev/redist/fwidbmgr/include/Grid.h:1595) Configuring grid: sharples
2020-01-14 05:06:45,692 null [INFO] (/home/meteo/dev/redist/fwidbmgr/include/Grid.h:1695) Grid sharples configured.
2020-01-14 05:06:46,044 null [INFO] (/home/meteo/dev/redist/fwidbmgr/include/Grid.h:1595) Configuring grid: isi
2020-01-14 05:06:46,044 null [INFO] (/home/meteo/dev/redist/fwidbmgr/include/Grid.h:1695) Grid isi configured.
2020-01-14 05:06:46,064 null [INFO] (/home/meteo/dev/redist/fwidbmgr/include/Grid.h:1595) Configuring grid: fwi
2020-01-14 05:06:46,064 null [INFO] (/home/meteo/dev/redist/fwidbmgr/include/Grid.h:1695) Grid fwi configured.
2020-01-14 05:06:46,084 null [INFO] (/home/meteo/dev/redist/fwidbmgr/include/Grid.h:1595) Configuring grid: ffmc
2020-01-14 05:06:46,084 null [INFO] (/home/meteo/dev/redist/fwidbmgr/include/Grid.h:1695) Grid ffmc configured.
2020-01-14 05:06:46,105 null [INFO] (/home/meteo/dev/redist/fwidbmgr/include/Grid.h:1595) Configuring grid: dmc
2020-01-14 05:06:46,105 null [INFO] (/home/meteo/dev/redist/fwidbmgr/include/Grid.h:1695) Grid dmc configured.
2020-01-14 05:06:46,125 null [INFO] (/home/meteo/dev/redist/fwidbmgr/include/Grid.h:1595) Configuring grid: dc
2020-01-14 05:06:46,125 null [INFO] (/home/meteo/dev/redist/fwidbmgr/include/Grid.h:1695) Grid dc configured.
2020-01-14 05:06:46,145 null [INFO] (/home/meteo/dev/redist/fwidbmgr/include/Grid.h:1595) Configuring grid: bui
2020-01-14 05:06:46,145 null [INFO] (/home/meteo/dev/redist/fwidbmgr/include/Grid.h:1695) Grid bui configured.
2020-01-14 05:06:46,165 null [INFO] (/home/meteo/dev/redist/fwidbmgr/include/Grid.h:1595) Configuring grid: ffmc_tmp
2020-01-14 05:06:46,165 null [INFO] (/home/meteo/dev/redist/fwidbmgr/include/Grid.h:1695) Grid ffmc_tmp configured.
2020-01-14 05:06:46,185 null [INFO] (/home/meteo/dev/redist/fwidbmgr/include/Grid.h:1595) Configuring grid: dmc_tmp
2020-01-14 05:06:46,185 null [INFO] (/home/meteo/dev/redist/fwidbmgr/include/Grid.h:1695) Grid dmc_tmp configured.
2020-01-14 05:06:46,205 null [INFO] (/home/meteo/dev/redist/fwidbmgr/include/Grid.h:1595) Configuring grid: dc_tmp
2020-01-14 05:06:46,205 null [INFO] (/home/meteo/dev/redist/fwidbmgr/include/Grid.h:1695) Grid dc_tmp configured.
2020-01-14 05:06:46,224 null [INFO] (/home/meteo/dev/redist/fwidbmgr/include/Grid.h:1595) Configuring grid: angstrom
2020-01-14 05:06:46,224 null [INFO] (/home/meteo/dev/redist/fwidbmgr/include/Grid.h:1695) Grid angstrom configured.
2020-01-14 05:06:46,252 null [INFO] (/home/meteo/dev/redist/fwidbmgr/include/Grid.h:1595) Configuring grid: sharples
2020-01-14 05:06:46,252 null [INFO] (/home/meteo/dev/redist/fwidbmgr/include/Grid.h:1695) Grid sharples configured.
2020-01-14 05:06:46,274 null [INFO] (/home/meteo/dev/redist/fwidbmgr/include/Grid.h:1595) Configuring grid: fmi
2020-01-14 05:06:46,274 null [INFO] (/home/meteo/dev/redist/fwidbmgr/include/Grid.h:1695) Grid fmi configured.
2020-01-14 05:06:46,295 null [INFO] (../src/fwidbmgr.cpp:5600) OK --> 20200113 indexes exported to files.
2020-01-14 05:06:46,295 null [INFO] (../src/fwidbmgr.cpp:5695) action exportidx took about 1 seconds.
2020-01-14 05:06:46,295 null [INFO] (../src/fwidbmgr.cpp:5699) Disconnected from database.
2020-01-14 05:07:00,649 null [INFO] (../src/fwidbmgr.cpp:5361) fwi db manager
2020-01-14 05:07:00,649 null [INFO] (../src/fwidbmgr.cpp:5365) Program home: /home/meteo/dev/redist/fwidbmgr
2020-01-14 05:07:00,649 null [INFO] (../src/fwidbmgr.cpp:5369) Auto convert: 1
2020-01-14 05:07:00,649 null [INFO] (../src/fwidbmgr.cpp:446) action: outimg.
2020-01-14 05:07:00,649 null [INFO] (../src/fwidbmgr.cpp:470) date: 20200113.
2020-01-14 05:07:00,649 null [INFO] (../src/fwidbmgr.cpp:322) Try to read: /home/meteo/dev/redist/fwidbmgr/config/fwidbmgr.conf.
2020-01-14 05:07:00,650 null [INFO] (../src/fwidbmgr.cpp:5393) Configuration parsing: OK.
2020-01-14 05:07:00,655 null [INFO] (../src/fwidbmgr.cpp:5478) Connected to database
2020-01-14 05:07:00,655 null [INFO] (../src/fwidbmgr.cpp:5480) Manage data for date: 20200113.
2020-01-14 05:07:00,655 null [INFO] (../src/fwidbmgr.cpp:5566) Importing fwi indexes images in database.
2020-01-14 05:07:00,756 null [INFO] (../src/fwidbmgr.cpp:5570) OK --> 20200113 images imported.
2020-01-14 05:07:00,756 null [INFO] (../src/fwidbmgr.cpp:5695) action outimg took about 0 seconds.
2020-01-14 05:07:00,756 null [INFO] (../src/fwidbmgr.cpp:5699) Disconnected from database.
2020-01-14 05:37:01,802 null [INFO] (../src/fwidbmgr.cpp:5361) fwi db manager
2020-01-14 05:37:01,802 null [INFO] (../src/fwidbmgr.cpp:5365) Program home: /home/meteo/dev/redist/fwidbmgr
2020-01-14 05:37:01,802 null [INFO] (../src/fwidbmgr.cpp:5369) Auto convert: 1
2020-01-14 05:37:01,802 null [INFO] (../src/fwidbmgr.cpp:446) action: outimg.
2020-01-14 05:37:01,802 null [INFO] (../src/fwidbmgr.cpp:470) date: 20200113.
2020-01-14 05:37:01,802 null [INFO] (../src/fwidbmgr.cpp:322) Try to read: /home/meteo/dev/redist/fwidbmgr/config/fwidbmgr.conf.
2020-01-14 05:37:01,803 null [INFO] (../src/fwidbmgr.cpp:5393) Configuration parsing: OK.
2020-01-14 05:37:01,809 null [INFO] (../src/fwidbmgr.cpp:5478) Connected to database
2020-01-14 05:37:01,809 null [INFO] (../src/fwidbmgr.cpp:5480) Manage data for date: 20200113.
2020-01-14 05:37:01,809 null [INFO] (../src/fwidbmgr.cpp:5566) Importing fwi indexes images in database.
2020-01-14 05:37:01,873 null [INFO] (../src/fwidbmgr.cpp:5570) OK --> 20200113 images imported.
2020-01-14 05:37:01,873 null [INFO] (../src/fwidbmgr.cpp:5695) action outimg took about 0 seconds.
2020-01-14 05:37:01,873 null [INFO] (../src/fwidbmgr.cpp:5699) Disconnected from database.
2020-01-14 06:05:01,991 null [INFO] (../src/fwidbmgr.cpp:5361) fwi db manager
2020-01-14 06:05:01,991 null [INFO] (../src/fwidbmgr.cpp:5365) Program home: /home/meteo/dev/redist/fwidbmgr
2020-01-14 06:05:01,991 null [INFO] (../src/fwidbmgr.cpp:5369) Auto convert: 1
2020-01-14 06:05:01,991 null [INFO] (../src/fwidbmgr.cpp:446) action: outimg.
2020-01-14 06:05:01,991 null [INFO] (../src/fwidbmgr.cpp:470) date: 20200113.
2020-01-14 06:05:01,991 null [INFO] (../src/fwidbmgr.cpp:322) Try to read: /home/meteo/dev/redist/fwidbmgr/config/fwidbmgr.conf.
2020-01-14 06:05:01,994 null [INFO] (../src/fwidbmgr.cpp:5393) Configuration parsing: OK.
2020-01-14 06:05:01,999 null [INFO] (../src/fwidbmgr.cpp:5478) Connected to database
2020-01-14 06:05:01,999 null [INFO] (../src/fwidbmgr.cpp:5480) Manage data for date: 20200113.
2020-01-14 06:05:01,999 null [INFO] (../src/fwidbmgr.cpp:5566) Importing fwi indexes images in database.
2020-01-14 06:05:02,061 null [INFO] (../src/fwidbmgr.cpp:5570) OK --> 20200113 images imported.
2020-01-14 06:05:02,061 null [INFO] (../src/fwidbmgr.cpp:5695) action outimg took about 1 seconds.
2020-01-14 06:05:02,062 null [INFO] (../src/fwidbmgr.cpp:5699) Disconnected from database.
2020-01-14 06:37:01,189 null [INFO] (../src/fwidbmgr.cpp:5361) fwi db manager
2020-01-14 06:37:01,189 null [INFO] (../src/fwidbmgr.cpp:5365) Program home: /home/meteo/dev/redist/fwidbmgr
2020-01-14 06:37:01,189 null [INFO] (../src/fwidbmgr.cpp:5369) Auto convert: 1
2020-01-14 06:37:01,189 null [INFO] (../src/fwidbmgr.cpp:446) action: outimg.
2020-01-14 06:37:01,189 null [INFO] (../src/fwidbmgr.cpp:470) date: 20200113.
2020-01-14 06:37:01,189 null [INFO] (../src/fwidbmgr.cpp:322) Try to read: /home/meteo/dev/redist/fwidbmgr/config/fwidbmgr.conf.
2020-01-14 06:37:01,191 null [INFO] (../src/fwidbmgr.cpp:5393) Configuration parsing: OK.
2020-01-14 06:37:01,202 null [INFO] (../src/fwidbmgr.cpp:5478) Connected to database
2020-01-14 06:37:01,202 null [INFO] (../src/fwidbmgr.cpp:5480) Manage data for date: 20200113.
2020-01-14 06:37:01,202 null [INFO] (../src/fwidbmgr.cpp:5566) Importing fwi indexes images in database.
2020-01-14 06:37:01,261 null [INFO] (../src/fwidbmgr.cpp:5570) OK --> 20200113 images imported.
2020-01-14 06:37:01,261 null [INFO] (../src/fwidbmgr.cpp:5695) action outimg took about 0 seconds.
2020-01-14 06:37:01,261 null [INFO] (../src/fwidbmgr.cpp:5699) Disconnected from database.
2020-01-14 07:05:01,930 null [INFO] (../src/fwidbmgr.cpp:5361) fwi db manager
2020-01-14 07:05:01,930 null [INFO] (../src/fwidbmgr.cpp:5365) Program home: /home/meteo/dev/redist/fwidbmgr
2020-01-14 07:05:01,930 null [INFO] (../src/fwidbmgr.cpp:5369) Auto convert: 1
2020-01-14 07:05:01,930 null [INFO] (../src/fwidbmgr.cpp:446) action: outimg.
2020-01-14 07:05:01,930 null [INFO] (../src/fwidbmgr.cpp:470) date: 20200113.
2020-01-14 07:05:01,930 null [INFO] (../src/fwidbmgr.cpp:322) Try to read: /home/meteo/dev/redist/fwidbmgr/config/fwidbmgr.conf.
2020-01-14 07:05:01,932 null [INFO] (../src/fwidbmgr.cpp:5393) Configuration parsing: OK.
2020-01-14 07:05:01,936 null [INFO] (../src/fwidbmgr.cpp:5478) Connected to database
2020-01-14 07:05:01,936 null [INFO] (../src/fwidbmgr.cpp:5480) Manage data for date: 20200113.
2020-01-14 07:05:01,936 null [INFO] (../src/fwidbmgr.cpp:5566) Importing fwi indexes images in database.
2020-01-14 07:05:01,990 null [INFO] (../src/fwidbmgr.cpp:5570) OK --> 20200113 images imported.
2020-01-14 07:05:01,990 null [INFO] (../src/fwidbmgr.cpp:5695) action outimg took about 0 seconds.
2020-01-14 07:05:01,990 null [INFO] (../src/fwidbmgr.cpp:5699) Disconnected from database.
2020-01-14 07:37:01,106 null [INFO] (../src/fwidbmgr.cpp:5361) fwi db manager
2020-01-14 07:37:01,106 null [INFO] (../src/fwidbmgr.cpp:5365) Program home: /home/meteo/dev/redist/fwidbmgr
2020-01-14 07:37:01,106 null [INFO] (../src/fwidbmgr.cpp:5369) Auto convert: 1
2020-01-14 07:37:01,107 null [INFO] (../src/fwidbmgr.cpp:446) action: outimg.
2020-01-14 07:37:01,107 null [INFO] (../src/fwidbmgr.cpp:470) date: 20200113.
2020-01-14 07:37:01,107 null [INFO] (../src/fwidbmgr.cpp:322) Try to read: /home/meteo/dev/redist/fwidbmgr/config/fwidbmgr.conf.
2020-01-14 07:37:01,108 null [INFO] (../src/fwidbmgr.cpp:5393) Configuration parsing: OK.
2020-01-14 07:37:01,113 null [INFO] (../src/fwidbmgr.cpp:5478) Connected to database
2020-01-14 07:37:01,113 null [INFO] (../src/fwidbmgr.cpp:5480) Manage data for date: 20200113.
2020-01-14 07:37:01,113 null [INFO] (../src/fwidbmgr.cpp:5566) Importing fwi indexes images in database.
2020-01-14 07:37:01,161 null [INFO] (../src/fwidbmgr.cpp:5570) OK --> 20200113 images imported.
2020-01-14 07:37:01,161 null [INFO] (../src/fwidbmgr.cpp:5695) action outimg took about 0 seconds.
2020-01-14 07:37:01,161 null [INFO] (../src/fwidbmgr.cpp:5699) Disconnected from database.
