2017-11-21 04:07:18,481 null [INFO] (../src/fwidbmgr.cpp:5361) fwi db manager
2017-11-21 04:07:18,481 null [INFO] (../src/fwidbmgr.cpp:5365) Program home: /home/meteo/dev/redist/fwidbmgr
2017-11-21 04:07:18,481 null [INFO] (../src/fwidbmgr.cpp:5369) Auto convert: 1
2017-11-21 04:07:18,481 null [INFO] (../src/fwidbmgr.cpp:446) action: in.
2017-11-21 04:07:18,481 null [INFO] (../src/fwidbmgr.cpp:470) date: 20171120.
2017-11-21 04:07:18,481 null [INFO] (../src/fwidbmgr.cpp:322) Try to read: /home/meteo/dev/redist/fwidbmgr/config/fwidbmgr.conf.
2017-11-21 04:07:18,498 null [INFO] (../src/fwidbmgr.cpp:5393) Configuration parsing: OK.
2017-11-21 04:07:18,545 null [INFO] (../src/fwidbmgr.cpp:5478) Connected to database
2017-11-21 04:07:18,545 null [INFO] (../src/fwidbmgr.cpp:5480) Manage data for date: 20171120.
2017-11-21 04:07:18,545 null [INFO] (../src/fwidbmgr.cpp:5536) Importing meteo data in database for day: 20171120.
2017-11-21 04:07:18,554 null [INFO] (/home/meteo/dev/redist/fwidbmgr/include/Grid.h:1595) Configuring grid: snow
2017-11-21 04:07:18,555 null [INFO] (/home/meteo/dev/redist/fwidbmgr/include/Grid.h:1695) Grid snow configured.
2017-11-21 04:07:18,566 null [INFO] (/home/meteo/dev/redist/fwidbmgr/include/Grid.h:1595) Configuring grid: snow_covering
2017-11-21 04:07:18,566 null [INFO] (/home/meteo/dev/redist/fwidbmgr/include/Grid.h:1695) Grid snow_covering configured.
2017-11-21 04:07:18,580 null [INFO] (/home/meteo/dev/redist/fwidbmgr/include/Grid.h:1595) Configuring grid: snow_dissolution
2017-11-21 04:07:18,580 null [INFO] (/home/meteo/dev/redist/fwidbmgr/include/Grid.h:1695) Grid snow_dissolution configured.
2017-11-21 04:07:18,603 null [INFO] (/home/meteo/dev/redist/fwidbmgr/include/Grid.h:1595) Configuring grid: temperature
2017-11-21 04:07:18,603 null [INFO] (/home/meteo/dev/redist/fwidbmgr/include/Grid.h:1695) Grid temperature configured.
2017-11-21 04:07:18,608 null [INFO] (/home/meteo/dev/redist/fwidbmgr/include/Grid.h:1595) Configuring grid: humidity
2017-11-21 04:07:18,608 null [INFO] (/home/meteo/dev/redist/fwidbmgr/include/Grid.h:1695) Grid humidity configured.
2017-11-21 04:07:18,618 null [INFO] (/home/meteo/dev/redist/fwidbmgr/include/Grid.h:1595) Configuring grid: windspeed
2017-11-21 04:07:18,618 null [INFO] (/home/meteo/dev/redist/fwidbmgr/include/Grid.h:1695) Grid windspeed configured.
2017-11-21 04:07:18,640 null [INFO] (/home/meteo/dev/redist/fwidbmgr/include/Grid.h:1595) Configuring grid: rain
2017-11-21 04:07:18,640 null [INFO] (/home/meteo/dev/redist/fwidbmgr/include/Grid.h:1695) Grid rain configured.
2017-11-21 04:07:18,643 null [INFO] (/home/meteo/dev/redist/fwidbmgr/include/Grid.h:1595) Configuring grid: cum_rain
2017-11-21 04:07:18,643 null [INFO] (/home/meteo/dev/redist/fwidbmgr/include/Grid.h:1695) Grid cum_rain configured.
2017-11-21 04:07:24,123 null [INFO] (../src/fwidbmgr.cpp:1518) Storing meteo input ...
2017-11-21 04:07:39,822 null [INFO] (../src/fwidbmgr.cpp:5540) OK --> 20171120 data imported.
2017-11-21 04:07:39,870 null [INFO] (../src/fwidbmgr.cpp:5695) action in took about 21 seconds.
2017-11-21 04:07:39,992 null [INFO] (../src/fwidbmgr.cpp:5699) Disconnected from database.
2017-11-21 04:08:49,783 null [INFO] (../src/fwidbmgr.cpp:5361) fwi db manager
2017-11-21 04:08:49,783 null [INFO] (../src/fwidbmgr.cpp:5365) Program home: /home/meteo/dev/redist/fwidbmgr
2017-11-21 04:08:49,783 null [INFO] (../src/fwidbmgr.cpp:5369) Auto convert: 1
2017-11-21 04:08:49,783 null [INFO] (../src/fwidbmgr.cpp:446) action: out.
2017-11-21 04:08:49,784 null [INFO] (../src/fwidbmgr.cpp:470) date: 20171120.
2017-11-21 04:08:49,784 null [INFO] (../src/fwidbmgr.cpp:322) Try to read: /home/meteo/dev/redist/fwidbmgr/config/fwidbmgr.conf.
2017-11-21 04:08:49,788 null [INFO] (../src/fwidbmgr.cpp:5393) Configuration parsing: OK.
2017-11-21 04:08:49,802 null [INFO] (../src/fwidbmgr.cpp:5478) Connected to database
2017-11-21 04:08:49,802 null [INFO] (../src/fwidbmgr.cpp:5480) Manage data for date: 20171120.
2017-11-21 04:08:49,802 null [INFO] (../src/fwidbmgr.cpp:5551) Importing fwi indexes data in database for day: 20171120.
2017-11-21 04:08:49,804 null [INFO] (/home/meteo/dev/redist/fwidbmgr/include/Grid.h:1595) Configuring grid: isi
2017-11-21 04:08:49,804 null [INFO] (/home/meteo/dev/redist/fwidbmgr/include/Grid.h:1695) Grid isi configured.
2017-11-21 04:08:49,818 null [INFO] (/home/meteo/dev/redist/fwidbmgr/include/Grid.h:1595) Configuring grid: fwi
2017-11-21 04:08:49,818 null [INFO] (/home/meteo/dev/redist/fwidbmgr/include/Grid.h:1695) Grid fwi configured.
2017-11-21 04:08:49,831 null [INFO] (/home/meteo/dev/redist/fwidbmgr/include/Grid.h:1595) Configuring grid: ffmc
2017-11-21 04:08:49,831 null [INFO] (/home/meteo/dev/redist/fwidbmgr/include/Grid.h:1695) Grid ffmc configured.
2017-11-21 04:08:49,846 null [INFO] (/home/meteo/dev/redist/fwidbmgr/include/Grid.h:1595) Configuring grid: dmc
2017-11-21 04:08:49,846 null [INFO] (/home/meteo/dev/redist/fwidbmgr/include/Grid.h:1695) Grid dmc configured.
2017-11-21 04:08:49,859 null [INFO] (/home/meteo/dev/redist/fwidbmgr/include/Grid.h:1595) Configuring grid: dc
2017-11-21 04:08:49,859 null [INFO] (/home/meteo/dev/redist/fwidbmgr/include/Grid.h:1695) Grid dc configured.
2017-11-21 04:08:49,874 null [INFO] (/home/meteo/dev/redist/fwidbmgr/include/Grid.h:1595) Configuring grid: bui
2017-11-21 04:08:49,874 null [INFO] (/home/meteo/dev/redist/fwidbmgr/include/Grid.h:1695) Grid bui configured.
2017-11-21 04:08:49,887 null [INFO] (/home/meteo/dev/redist/fwidbmgr/include/Grid.h:1595) Configuring grid: ffmc_tmp
2017-11-21 04:08:49,887 null [INFO] (/home/meteo/dev/redist/fwidbmgr/include/Grid.h:1695) Grid ffmc_tmp configured.
2017-11-21 04:08:49,918 null [INFO] (/home/meteo/dev/redist/fwidbmgr/include/Grid.h:1595) Configuring grid: dmc_tmp
2017-11-21 04:08:49,918 null [INFO] (/home/meteo/dev/redist/fwidbmgr/include/Grid.h:1695) Grid dmc_tmp configured.
2017-11-21 04:08:49,938 null [INFO] (/home/meteo/dev/redist/fwidbmgr/include/Grid.h:1595) Configuring grid: dc_tmp
2017-11-21 04:08:49,938 null [INFO] (/home/meteo/dev/redist/fwidbmgr/include/Grid.h:1695) Grid dc_tmp configured.
2017-11-21 04:08:49,959 null [INFO] (/home/meteo/dev/redist/fwidbmgr/include/Grid.h:1595) Configuring grid: idi
2017-11-21 04:08:49,959 null [INFO] (/home/meteo/dev/redist/fwidbmgr/include/Grid.h:1695) Grid idi configured.
2017-11-21 04:08:58,923 null [INFO] (../src/fwidbmgr.cpp:2081) Storing FWI indexes ...
2017-11-21 04:09:29,645 null [INFO] (../src/fwidbmgr.cpp:5555) OK --> 20171120 data imported.
2017-11-21 04:09:29,645 null [INFO] (../src/fwidbmgr.cpp:5695) action out took about 40 seconds.
2017-11-21 04:09:29,646 null [INFO] (../src/fwidbmgr.cpp:5699) Disconnected from database.
2017-11-21 04:09:29,927 null [INFO] (../src/fwidbmgr.cpp:5361) fwi db manager
2017-11-21 04:09:29,927 null [INFO] (../src/fwidbmgr.cpp:5365) Program home: /home/meteo/dev/redist/fwidbmgr
2017-11-21 04:09:29,927 null [INFO] (../src/fwidbmgr.cpp:5369) Auto convert: 1
2017-11-21 04:09:29,927 null [INFO] (../src/fwidbmgr.cpp:446) action: computeidx.
2017-11-21 04:09:29,927 null [INFO] (../src/fwidbmgr.cpp:470) date: 20171120.
2017-11-21 04:09:29,927 null [INFO] (../src/fwidbmgr.cpp:322) Try to read: /home/meteo/dev/redist/fwidbmgr/config/fwidbmgr.conf.
2017-11-21 04:09:29,935 null [INFO] (../src/fwidbmgr.cpp:5393) Configuration parsing: OK.
2017-11-21 04:09:29,980 null [INFO] (../src/fwidbmgr.cpp:5478) Connected to database
2017-11-21 04:09:29,981 null [INFO] (../src/fwidbmgr.cpp:5480) Manage data for date: 20171120.
2017-11-21 04:09:29,981 null [INFO] (../src/fwidbmgr.cpp:5656) Computing indexes.
2017-11-21 04:09:29,982 null [INFO] (/home/meteo/dev/redist/fwidbmgr/include/Grid.h:1595) Configuring grid: isi
2017-11-21 04:09:29,982 null [INFO] (/home/meteo/dev/redist/fwidbmgr/include/Grid.h:1695) Grid isi configured.
2017-11-21 04:09:29,983 null [INFO] (/home/meteo/dev/redist/fwidbmgr/include/Grid.h:1595) Configuring grid: fwi
2017-11-21 04:09:29,984 null [INFO] (/home/meteo/dev/redist/fwidbmgr/include/Grid.h:1695) Grid fwi configured.
2017-11-21 04:09:29,985 null [INFO] (/home/meteo/dev/redist/fwidbmgr/include/Grid.h:1595) Configuring grid: ffmc
2017-11-21 04:09:29,985 null [INFO] (/home/meteo/dev/redist/fwidbmgr/include/Grid.h:1695) Grid ffmc configured.
2017-11-21 04:09:29,986 null [INFO] (/home/meteo/dev/redist/fwidbmgr/include/Grid.h:1595) Configuring grid: dmc
2017-11-21 04:09:29,986 null [INFO] (/home/meteo/dev/redist/fwidbmgr/include/Grid.h:1695) Grid dmc configured.
2017-11-21 04:09:29,987 null [INFO] (/home/meteo/dev/redist/fwidbmgr/include/Grid.h:1595) Configuring grid: dc
2017-11-21 04:09:29,987 null [INFO] (/home/meteo/dev/redist/fwidbmgr/include/Grid.h:1695) Grid dc configured.
2017-11-21 04:09:29,989 null [INFO] (/home/meteo/dev/redist/fwidbmgr/include/Grid.h:1595) Configuring grid: bui
2017-11-21 04:09:29,989 null [INFO] (/home/meteo/dev/redist/fwidbmgr/include/Grid.h:1695) Grid bui configured.
2017-11-21 04:09:29,990 null [INFO] (/home/meteo/dev/redist/fwidbmgr/include/Grid.h:1595) Configuring grid: ffmc_tmp
2017-11-21 04:09:29,990 null [INFO] (/home/meteo/dev/redist/fwidbmgr/include/Grid.h:1695) Grid ffmc_tmp configured.
2017-11-21 04:09:29,991 null [INFO] (/home/meteo/dev/redist/fwidbmgr/include/Grid.h:1595) Configuring grid: dmc_tmp
2017-11-21 04:09:29,991 null [INFO] (/home/meteo/dev/redist/fwidbmgr/include/Grid.h:1695) Grid dmc_tmp configured.
2017-11-21 04:09:29,993 null [INFO] (/home/meteo/dev/redist/fwidbmgr/include/Grid.h:1595) Configuring grid: dc_tmp
2017-11-21 04:09:29,993 null [INFO] (/home/meteo/dev/redist/fwidbmgr/include/Grid.h:1695) Grid dc_tmp configured.
2017-11-21 04:09:29,994 null [INFO] (/home/meteo/dev/redist/fwidbmgr/include/Grid.h:1595) Configuring grid: idi
2017-11-21 04:09:29,994 null [INFO] (/home/meteo/dev/redist/fwidbmgr/include/Grid.h:1695) Grid idi configured.
2017-11-21 04:09:29,995 null [INFO] (/home/meteo/dev/redist/fwidbmgr/include/Grid.h:1595) Configuring grid: angstrom
2017-11-21 04:09:29,995 null [INFO] (/home/meteo/dev/redist/fwidbmgr/include/Grid.h:1695) Grid angstrom configured.
2017-11-21 04:09:29,997 null [INFO] (/home/meteo/dev/redist/fwidbmgr/include/Grid.h:1595) Configuring grid: fmi
2017-11-21 04:09:29,997 null [INFO] (/home/meteo/dev/redist/fwidbmgr/include/Grid.h:1695) Grid fmi configured.
2017-11-21 04:09:29,998 null [INFO] (/home/meteo/dev/redist/fwidbmgr/include/Grid.h:1595) Configuring grid: sharples
2017-11-21 04:09:29,998 null [INFO] (/home/meteo/dev/redist/fwidbmgr/include/Grid.h:1695) Grid sharples configured.
2017-11-21 04:09:41,021 null [INFO] (/home/meteo/dev/redist/fwidbmgr/include/Grid.h:1595) Configuring grid: snow
2017-11-21 04:09:41,021 null [INFO] (/home/meteo/dev/redist/fwidbmgr/include/Grid.h:1695) Grid snow configured.
2017-11-21 04:09:41,021 null [INFO] (/home/meteo/dev/redist/fwidbmgr/include/Grid.h:1595) Configuring grid: snow_covering
2017-11-21 04:09:41,021 null [INFO] (/home/meteo/dev/redist/fwidbmgr/include/Grid.h:1695) Grid snow_covering configured.
2017-11-21 04:09:41,021 null [INFO] (/home/meteo/dev/redist/fwidbmgr/include/Grid.h:1595) Configuring grid: snow_dissolution
2017-11-21 04:09:41,022 null [INFO] (/home/meteo/dev/redist/fwidbmgr/include/Grid.h:1695) Grid snow_dissolution configured.
2017-11-21 04:09:41,022 null [INFO] (/home/meteo/dev/redist/fwidbmgr/include/Grid.h:1595) Configuring grid: temperature
2017-11-21 04:09:41,022 null [INFO] (/home/meteo/dev/redist/fwidbmgr/include/Grid.h:1695) Grid temperature configured.
2017-11-21 04:09:41,022 null [INFO] (/home/meteo/dev/redist/fwidbmgr/include/Grid.h:1595) Configuring grid: humidity
2017-11-21 04:09:41,022 null [INFO] (/home/meteo/dev/redist/fwidbmgr/include/Grid.h:1695) Grid humidity configured.
2017-11-21 04:09:41,022 null [INFO] (/home/meteo/dev/redist/fwidbmgr/include/Grid.h:1595) Configuring grid: windspeed
2017-11-21 04:09:41,022 null [INFO] (/home/meteo/dev/redist/fwidbmgr/include/Grid.h:1695) Grid windspeed configured.
2017-11-21 04:09:41,022 null [INFO] (/home/meteo/dev/redist/fwidbmgr/include/Grid.h:1595) Configuring grid: rain
2017-11-21 04:09:41,022 null [INFO] (/home/meteo/dev/redist/fwidbmgr/include/Grid.h:1695) Grid rain configured.
2017-11-21 04:09:41,022 null [INFO] (/home/meteo/dev/redist/fwidbmgr/include/Grid.h:1595) Configuring grid: cum_rain
2017-11-21 04:09:41,023 null [INFO] (/home/meteo/dev/redist/fwidbmgr/include/Grid.h:1695) Grid cum_rain configured.
2017-11-21 04:11:54,275 null [INFO] (../src/fwidbmgr.cpp:5660) OK --> 20171120 indexes computed.
2017-11-21 04:11:54,276 null [INFO] (../src/fwidbmgr.cpp:5695) action computeidx took about 145 seconds.
2017-11-21 04:11:54,276 null [INFO] (../src/fwidbmgr.cpp:5699) Disconnected from database.
2017-11-21 04:11:54,466 null [INFO] (../src/fwidbmgr.cpp:5361) fwi db manager
2017-11-21 04:11:54,466 null [INFO] (../src/fwidbmgr.cpp:5365) Program home: /home/meteo/dev/redist/fwidbmgr
2017-11-21 04:11:54,466 null [INFO] (../src/fwidbmgr.cpp:5369) Auto convert: 1
2017-11-21 04:11:54,466 null [INFO] (../src/fwidbmgr.cpp:446) action: exportidx.
2017-11-21 04:11:54,466 null [INFO] (../src/fwidbmgr.cpp:470) date: 20171120.
2017-11-21 04:11:54,466 null [INFO] (../src/fwidbmgr.cpp:322) Try to read: /home/meteo/dev/redist/fwidbmgr/config/fwidbmgr.conf.
2017-11-21 04:11:54,474 null [INFO] (../src/fwidbmgr.cpp:5393) Configuration parsing: OK.
2017-11-21 04:11:54,525 null [INFO] (../src/fwidbmgr.cpp:5478) Connected to database
2017-11-21 04:11:54,525 null [INFO] (../src/fwidbmgr.cpp:5480) Manage data for date: 20171120.
2017-11-21 04:11:54,525 null [INFO] (../src/fwidbmgr.cpp:5596) Exporting indexes.
2017-11-21 04:11:54,527 null [INFO] (/home/meteo/dev/redist/fwidbmgr/include/Grid.h:1595) Configuring grid: isi
2017-11-21 04:11:54,527 null [INFO] (/home/meteo/dev/redist/fwidbmgr/include/Grid.h:1695) Grid isi configured.
2017-11-21 04:11:54,528 null [INFO] (/home/meteo/dev/redist/fwidbmgr/include/Grid.h:1595) Configuring grid: fwi
2017-11-21 04:11:54,528 null [INFO] (/home/meteo/dev/redist/fwidbmgr/include/Grid.h:1695) Grid fwi configured.
2017-11-21 04:11:54,529 null [INFO] (/home/meteo/dev/redist/fwidbmgr/include/Grid.h:1595) Configuring grid: ffmc
2017-11-21 04:11:54,530 null [INFO] (/home/meteo/dev/redist/fwidbmgr/include/Grid.h:1695) Grid ffmc configured.
2017-11-21 04:11:54,531 null [INFO] (/home/meteo/dev/redist/fwidbmgr/include/Grid.h:1595) Configuring grid: dmc
2017-11-21 04:11:54,531 null [INFO] (/home/meteo/dev/redist/fwidbmgr/include/Grid.h:1695) Grid dmc configured.
2017-11-21 04:11:54,532 null [INFO] (/home/meteo/dev/redist/fwidbmgr/include/Grid.h:1595) Configuring grid: dc
2017-11-21 04:11:54,532 null [INFO] (/home/meteo/dev/redist/fwidbmgr/include/Grid.h:1695) Grid dc configured.
2017-11-21 04:11:54,534 null [INFO] (/home/meteo/dev/redist/fwidbmgr/include/Grid.h:1595) Configuring grid: bui
2017-11-21 04:11:54,534 null [INFO] (/home/meteo/dev/redist/fwidbmgr/include/Grid.h:1695) Grid bui configured.
2017-11-21 04:11:54,535 null [INFO] (/home/meteo/dev/redist/fwidbmgr/include/Grid.h:1595) Configuring grid: ffmc_tmp
2017-11-21 04:11:54,535 null [INFO] (/home/meteo/dev/redist/fwidbmgr/include/Grid.h:1695) Grid ffmc_tmp configured.
2017-11-21 04:11:54,536 null [INFO] (/home/meteo/dev/redist/fwidbmgr/include/Grid.h:1595) Configuring grid: dmc_tmp
2017-11-21 04:11:54,536 null [INFO] (/home/meteo/dev/redist/fwidbmgr/include/Grid.h:1695) Grid dmc_tmp configured.
2017-11-21 04:11:54,537 null [INFO] (/home/meteo/dev/redist/fwidbmgr/include/Grid.h:1595) Configuring grid: dc_tmp
2017-11-21 04:11:54,537 null [INFO] (/home/meteo/dev/redist/fwidbmgr/include/Grid.h:1695) Grid dc_tmp configured.
2017-11-21 04:11:54,539 null [INFO] (/home/meteo/dev/redist/fwidbmgr/include/Grid.h:1595) Configuring grid: idi
2017-11-21 04:11:54,539 null [INFO] (/home/meteo/dev/redist/fwidbmgr/include/Grid.h:1695) Grid idi configured.
2017-11-21 04:11:54,540 null [INFO] (/home/meteo/dev/redist/fwidbmgr/include/Grid.h:1595) Configuring grid: angstrom
2017-11-21 04:11:54,540 null [INFO] (/home/meteo/dev/redist/fwidbmgr/include/Grid.h:1695) Grid angstrom configured.
2017-11-21 04:11:54,541 null [INFO] (/home/meteo/dev/redist/fwidbmgr/include/Grid.h:1595) Configuring grid: fmi
2017-11-21 04:11:54,541 null [INFO] (/home/meteo/dev/redist/fwidbmgr/include/Grid.h:1695) Grid fmi configured.
2017-11-21 04:11:54,543 null [INFO] (/home/meteo/dev/redist/fwidbmgr/include/Grid.h:1595) Configuring grid: sharples
2017-11-21 04:11:54,543 null [INFO] (/home/meteo/dev/redist/fwidbmgr/include/Grid.h:1695) Grid sharples configured.
2017-11-21 04:12:03,477 null [INFO] (/home/meteo/dev/redist/fwidbmgr/include/Grid.h:1595) Configuring grid: isi
2017-11-21 04:12:03,477 null [INFO] (/home/meteo/dev/redist/fwidbmgr/include/Grid.h:1695) Grid isi configured.
2017-11-21 04:12:03,536 null [INFO] (/home/meteo/dev/redist/fwidbmgr/include/Grid.h:1595) Configuring grid: fwi
2017-11-21 04:12:03,537 null [INFO] (/home/meteo/dev/redist/fwidbmgr/include/Grid.h:1695) Grid fwi configured.
2017-11-21 04:12:03,572 null [INFO] (/home/meteo/dev/redist/fwidbmgr/include/Grid.h:1595) Configuring grid: ffmc
2017-11-21 04:12:03,572 null [INFO] (/home/meteo/dev/redist/fwidbmgr/include/Grid.h:1695) Grid ffmc configured.
2017-11-21 04:12:03,610 null [INFO] (/home/meteo/dev/redist/fwidbmgr/include/Grid.h:1595) Configuring grid: dmc
2017-11-21 04:12:03,610 null [INFO] (/home/meteo/dev/redist/fwidbmgr/include/Grid.h:1695) Grid dmc configured.
2017-11-21 04:12:03,647 null [INFO] (/home/meteo/dev/redist/fwidbmgr/include/Grid.h:1595) Configuring grid: dc
2017-11-21 04:12:03,647 null [INFO] (/home/meteo/dev/redist/fwidbmgr/include/Grid.h:1695) Grid dc configured.
2017-11-21 04:12:03,684 null [INFO] (/home/meteo/dev/redist/fwidbmgr/include/Grid.h:1595) Configuring grid: bui
2017-11-21 04:12:03,684 null [INFO] (/home/meteo/dev/redist/fwidbmgr/include/Grid.h:1695) Grid bui configured.
2017-11-21 04:12:03,721 null [INFO] (/home/meteo/dev/redist/fwidbmgr/include/Grid.h:1595) Configuring grid: ffmc_tmp
2017-11-21 04:12:03,721 null [INFO] (/home/meteo/dev/redist/fwidbmgr/include/Grid.h:1695) Grid ffmc_tmp configured.
2017-11-21 04:12:03,757 null [INFO] (/home/meteo/dev/redist/fwidbmgr/include/Grid.h:1595) Configuring grid: dmc_tmp
2017-11-21 04:12:03,757 null [INFO] (/home/meteo/dev/redist/fwidbmgr/include/Grid.h:1695) Grid dmc_tmp configured.
2017-11-21 04:12:03,790 null [INFO] (/home/meteo/dev/redist/fwidbmgr/include/Grid.h:1595) Configuring grid: dc_tmp
2017-11-21 04:12:03,790 null [INFO] (/home/meteo/dev/redist/fwidbmgr/include/Grid.h:1695) Grid dc_tmp configured.
2017-11-21 04:12:03,825 null [INFO] (/home/meteo/dev/redist/fwidbmgr/include/Grid.h:1595) Configuring grid: angstrom
2017-11-21 04:12:03,825 null [INFO] (/home/meteo/dev/redist/fwidbmgr/include/Grid.h:1695) Grid angstrom configured.
2017-11-21 04:12:03,887 null [INFO] (/home/meteo/dev/redist/fwidbmgr/include/Grid.h:1595) Configuring grid: sharples
2017-11-21 04:12:03,887 null [INFO] (/home/meteo/dev/redist/fwidbmgr/include/Grid.h:1695) Grid sharples configured.
2017-11-21 04:12:03,927 null [INFO] (/home/meteo/dev/redist/fwidbmgr/include/Grid.h:1595) Configuring grid: fmi
2017-11-21 04:12:03,927 null [INFO] (/home/meteo/dev/redist/fwidbmgr/include/Grid.h:1695) Grid fmi configured.
2017-11-21 04:12:03,969 null [INFO] (../src/fwidbmgr.cpp:5600) OK --> 20171120 indexes exported to files.
2017-11-21 04:12:03,969 null [INFO] (../src/fwidbmgr.cpp:5695) action exportidx took about 9 seconds.
2017-11-21 04:12:03,971 null [INFO] (../src/fwidbmgr.cpp:5699) Disconnected from database.
2017-11-21 04:12:30,386 null [INFO] (../src/fwidbmgr.cpp:5361) fwi db manager
2017-11-21 04:12:30,386 null [INFO] (../src/fwidbmgr.cpp:5365) Program home: /home/meteo/dev/redist/fwidbmgr
2017-11-21 04:12:30,386 null [INFO] (../src/fwidbmgr.cpp:5369) Auto convert: 1
2017-11-21 04:12:30,386 null [INFO] (../src/fwidbmgr.cpp:446) action: outimg.
2017-11-21 04:12:30,386 null [INFO] (../src/fwidbmgr.cpp:470) date: 20171120.
2017-11-21 04:12:30,386 null [INFO] (../src/fwidbmgr.cpp:322) Try to read: /home/meteo/dev/redist/fwidbmgr/config/fwidbmgr.conf.
2017-11-21 04:12:30,394 null [INFO] (../src/fwidbmgr.cpp:5393) Configuration parsing: OK.
2017-11-21 04:12:30,396 null [INFO] (../src/fwidbmgr.cpp:5478) Connected to database
2017-11-21 04:12:30,396 null [INFO] (../src/fwidbmgr.cpp:5480) Manage data for date: 20171120.
2017-11-21 04:12:30,397 null [INFO] (../src/fwidbmgr.cpp:5566) Importing fwi indexes images in database.
2017-11-21 04:12:30,804 null [INFO] (../src/fwidbmgr.cpp:5570) OK --> 20171120 images imported.
2017-11-21 04:12:30,804 null [INFO] (../src/fwidbmgr.cpp:5695) action outimg took about 0 seconds.
2017-11-21 04:12:30,804 null [INFO] (../src/fwidbmgr.cpp:5699) Disconnected from database.
2017-11-21 04:37:01,987 null [INFO] (../src/fwidbmgr.cpp:5361) fwi db manager
2017-11-21 04:37:01,987 null [INFO] (../src/fwidbmgr.cpp:5365) Program home: /home/meteo/dev/redist/fwidbmgr
2017-11-21 04:37:01,988 null [INFO] (../src/fwidbmgr.cpp:5369) Auto convert: 1
2017-11-21 04:37:01,988 null [INFO] (../src/fwidbmgr.cpp:446) action: outimg.
2017-11-21 04:37:01,988 null [INFO] (../src/fwidbmgr.cpp:470) date: 20171120.
2017-11-21 04:37:01,988 null [INFO] (../src/fwidbmgr.cpp:322) Try to read: /home/meteo/dev/redist/fwidbmgr/config/fwidbmgr.conf.
2017-11-21 04:37:01,990 null [INFO] (../src/fwidbmgr.cpp:5393) Configuration parsing: OK.
2017-11-21 04:37:01,996 null [INFO] (../src/fwidbmgr.cpp:5478) Connected to database
2017-11-21 04:37:01,996 null [INFO] (../src/fwidbmgr.cpp:5480) Manage data for date: 20171120.
2017-11-21 04:37:01,996 null [INFO] (../src/fwidbmgr.cpp:5566) Importing fwi indexes images in database.
2017-11-21 04:37:02,126 null [INFO] (../src/fwidbmgr.cpp:5570) OK --> 20171120 images imported.
2017-11-21 04:37:02,126 null [INFO] (../src/fwidbmgr.cpp:5695) action outimg took about 1 seconds.
2017-11-21 04:37:02,126 null [INFO] (../src/fwidbmgr.cpp:5699) Disconnected from database.
2017-11-21 05:05:01,260 null [INFO] (../src/fwidbmgr.cpp:5361) fwi db manager
2017-11-21 05:05:01,260 null [INFO] (../src/fwidbmgr.cpp:5365) Program home: /home/meteo/dev/redist/fwidbmgr
2017-11-21 05:05:01,260 null [INFO] (../src/fwidbmgr.cpp:5369) Auto convert: 1
2017-11-21 05:05:01,260 null [INFO] (../src/fwidbmgr.cpp:446) action: outimg.
2017-11-21 05:05:01,260 null [INFO] (../src/fwidbmgr.cpp:470) date: 20171120.
2017-11-21 05:05:01,260 null [INFO] (../src/fwidbmgr.cpp:322) Try to read: /home/meteo/dev/redist/fwidbmgr/config/fwidbmgr.conf.
2017-11-21 05:05:01,263 null [INFO] (../src/fwidbmgr.cpp:5393) Configuration parsing: OK.
2017-11-21 05:05:01,268 null [INFO] (../src/fwidbmgr.cpp:5478) Connected to database
2017-11-21 05:05:01,268 null [INFO] (../src/fwidbmgr.cpp:5480) Manage data for date: 20171120.
2017-11-21 05:05:01,269 null [INFO] (../src/fwidbmgr.cpp:5566) Importing fwi indexes images in database.
2017-11-21 05:05:01,345 null [INFO] (../src/fwidbmgr.cpp:5570) OK --> 20171120 images imported.
2017-11-21 05:05:01,345 null [INFO] (../src/fwidbmgr.cpp:5695) action outimg took about 0 seconds.
2017-11-21 05:05:01,345 null [INFO] (../src/fwidbmgr.cpp:5699) Disconnected from database.
2017-11-21 05:37:01,473 null [INFO] (../src/fwidbmgr.cpp:5361) fwi db manager
2017-11-21 05:37:01,473 null [INFO] (../src/fwidbmgr.cpp:5365) Program home: /home/meteo/dev/redist/fwidbmgr
2017-11-21 05:37:01,473 null [INFO] (../src/fwidbmgr.cpp:5369) Auto convert: 1
2017-11-21 05:37:01,473 null [INFO] (../src/fwidbmgr.cpp:446) action: outimg.
2017-11-21 05:37:01,473 null [INFO] (../src/fwidbmgr.cpp:470) date: 20171120.
2017-11-21 05:37:01,473 null [INFO] (../src/fwidbmgr.cpp:322) Try to read: /home/meteo/dev/redist/fwidbmgr/config/fwidbmgr.conf.
2017-11-21 05:37:01,475 null [INFO] (../src/fwidbmgr.cpp:5393) Configuration parsing: OK.
2017-11-21 05:37:01,481 null [INFO] (../src/fwidbmgr.cpp:5478) Connected to database
2017-11-21 05:37:01,481 null [INFO] (../src/fwidbmgr.cpp:5480) Manage data for date: 20171120.
2017-11-21 05:37:01,481 null [INFO] (../src/fwidbmgr.cpp:5566) Importing fwi indexes images in database.
2017-11-21 05:37:01,597 null [INFO] (../src/fwidbmgr.cpp:5570) OK --> 20171120 images imported.
2017-11-21 05:37:01,597 null [INFO] (../src/fwidbmgr.cpp:5695) action outimg took about 0 seconds.
2017-11-21 05:37:01,597 null [INFO] (../src/fwidbmgr.cpp:5699) Disconnected from database.
2017-11-21 06:05:01,258 null [INFO] (../src/fwidbmgr.cpp:5361) fwi db manager
2017-11-21 06:05:01,258 null [INFO] (../src/fwidbmgr.cpp:5365) Program home: /home/meteo/dev/redist/fwidbmgr
2017-11-21 06:05:01,258 null [INFO] (../src/fwidbmgr.cpp:5369) Auto convert: 1
2017-11-21 06:05:01,258 null [INFO] (../src/fwidbmgr.cpp:446) action: outimg.
2017-11-21 06:05:01,258 null [INFO] (../src/fwidbmgr.cpp:470) date: 20171120.
2017-11-21 06:05:01,258 null [INFO] (../src/fwidbmgr.cpp:322) Try to read: /home/meteo/dev/redist/fwidbmgr/config/fwidbmgr.conf.
2017-11-21 06:05:01,260 null [INFO] (../src/fwidbmgr.cpp:5393) Configuration parsing: OK.
2017-11-21 06:05:01,266 null [INFO] (../src/fwidbmgr.cpp:5478) Connected to database
2017-11-21 06:05:01,266 null [INFO] (../src/fwidbmgr.cpp:5480) Manage data for date: 20171120.
2017-11-21 06:05:01,266 null [INFO] (../src/fwidbmgr.cpp:5566) Importing fwi indexes images in database.
2017-11-21 06:05:01,349 null [INFO] (../src/fwidbmgr.cpp:5570) OK --> 20171120 images imported.
2017-11-21 06:05:01,350 null [INFO] (../src/fwidbmgr.cpp:5695) action outimg took about 0 seconds.
2017-11-21 06:05:01,350 null [INFO] (../src/fwidbmgr.cpp:5699) Disconnected from database.
2017-11-21 06:37:01,477 null [INFO] (../src/fwidbmgr.cpp:5361) fwi db manager
2017-11-21 06:37:01,477 null [INFO] (../src/fwidbmgr.cpp:5365) Program home: /home/meteo/dev/redist/fwidbmgr
2017-11-21 06:37:01,478 null [INFO] (../src/fwidbmgr.cpp:5369) Auto convert: 1
2017-11-21 06:37:01,478 null [INFO] (../src/fwidbmgr.cpp:446) action: outimg.
2017-11-21 06:37:01,478 null [INFO] (../src/fwidbmgr.cpp:470) date: 20171120.
2017-11-21 06:37:01,478 null [INFO] (../src/fwidbmgr.cpp:322) Try to read: /home/meteo/dev/redist/fwidbmgr/config/fwidbmgr.conf.
2017-11-21 06:37:01,480 null [INFO] (../src/fwidbmgr.cpp:5393) Configuration parsing: OK.
2017-11-21 06:37:01,485 null [INFO] (../src/fwidbmgr.cpp:5478) Connected to database
2017-11-21 06:37:01,485 null [INFO] (../src/fwidbmgr.cpp:5480) Manage data for date: 20171120.
2017-11-21 06:37:01,485 null [INFO] (../src/fwidbmgr.cpp:5566) Importing fwi indexes images in database.
2017-11-21 06:37:01,601 null [INFO] (../src/fwidbmgr.cpp:5570) OK --> 20171120 images imported.
2017-11-21 06:37:01,601 null [INFO] (../src/fwidbmgr.cpp:5695) action outimg took about 0 seconds.
2017-11-21 06:37:01,601 null [INFO] (../src/fwidbmgr.cpp:5699) Disconnected from database.
