2018-12-13 05:07:40,621 null [INFO] (../src/fwidbmgr.cpp:5361) fwi db manager
2018-12-13 05:07:40,621 null [INFO] (../src/fwidbmgr.cpp:5365) Program home: /home/meteo/dev/redist/fwidbmgr
2018-12-13 05:07:40,621 null [INFO] (../src/fwidbmgr.cpp:5369) Auto convert: 1
2018-12-13 05:07:40,621 null [INFO] (../src/fwidbmgr.cpp:446) action: in.
2018-12-13 05:07:40,621 null [INFO] (../src/fwidbmgr.cpp:470) date: 20181212.
2018-12-13 05:07:40,621 null [INFO] (../src/fwidbmgr.cpp:322) Try to read: /home/meteo/dev/redist/fwidbmgr/config/fwidbmgr.conf.
2018-12-13 05:07:40,629 null [INFO] (../src/fwidbmgr.cpp:5393) Configuration parsing: OK.
2018-12-13 05:07:40,642 null [INFO] (../src/fwidbmgr.cpp:5478) Connected to database
2018-12-13 05:07:40,642 null [INFO] (../src/fwidbmgr.cpp:5480) Manage data for date: 20181212.
2018-12-13 05:07:40,642 null [INFO] (../src/fwidbmgr.cpp:5536) Importing meteo data in database for day: 20181212.
2018-12-13 05:07:40,652 null [INFO] (/home/meteo/dev/redist/fwidbmgr/include/Grid.h:1595) Configuring grid: snow
2018-12-13 05:07:40,653 null [INFO] (/home/meteo/dev/redist/fwidbmgr/include/Grid.h:1695) Grid snow configured.
2018-12-13 05:07:40,664 null [INFO] (/home/meteo/dev/redist/fwidbmgr/include/Grid.h:1595) Configuring grid: snow_covering
2018-12-13 05:07:40,664 null [INFO] (/home/meteo/dev/redist/fwidbmgr/include/Grid.h:1695) Grid snow_covering configured.
2018-12-13 05:07:40,677 null [INFO] (/home/meteo/dev/redist/fwidbmgr/include/Grid.h:1595) Configuring grid: snow_dissolution
2018-12-13 05:07:40,677 null [INFO] (/home/meteo/dev/redist/fwidbmgr/include/Grid.h:1695) Grid snow_dissolution configured.
2018-12-13 05:07:40,700 null [INFO] (/home/meteo/dev/redist/fwidbmgr/include/Grid.h:1595) Configuring grid: temperature
2018-12-13 05:07:40,701 null [INFO] (/home/meteo/dev/redist/fwidbmgr/include/Grid.h:1695) Grid temperature configured.
2018-12-13 05:07:40,706 null [INFO] (/home/meteo/dev/redist/fwidbmgr/include/Grid.h:1595) Configuring grid: humidity
2018-12-13 05:07:40,706 null [INFO] (/home/meteo/dev/redist/fwidbmgr/include/Grid.h:1695) Grid humidity configured.
2018-12-13 05:07:40,716 null [INFO] (/home/meteo/dev/redist/fwidbmgr/include/Grid.h:1595) Configuring grid: windspeed
2018-12-13 05:07:40,716 null [INFO] (/home/meteo/dev/redist/fwidbmgr/include/Grid.h:1695) Grid windspeed configured.
2018-12-13 05:07:40,738 null [INFO] (/home/meteo/dev/redist/fwidbmgr/include/Grid.h:1595) Configuring grid: rain
2018-12-13 05:07:40,738 null [INFO] (/home/meteo/dev/redist/fwidbmgr/include/Grid.h:1695) Grid rain configured.
2018-12-13 05:07:40,741 null [INFO] (/home/meteo/dev/redist/fwidbmgr/include/Grid.h:1595) Configuring grid: cum_rain
2018-12-13 05:07:40,741 null [INFO] (/home/meteo/dev/redist/fwidbmgr/include/Grid.h:1695) Grid cum_rain configured.
2018-12-13 05:07:44,734 null [INFO] (../src/fwidbmgr.cpp:1518) Storing meteo input ...
2018-12-13 05:08:19,781 null [INFO] (../src/fwidbmgr.cpp:5540) OK --> 20181212 data imported.
2018-12-13 05:08:19,925 null [INFO] (../src/fwidbmgr.cpp:5695) action in took about 39 seconds.
2018-12-13 05:08:20,136 null [INFO] (../src/fwidbmgr.cpp:5699) Disconnected from database.
2018-12-13 05:10:17,396 null [INFO] (../src/fwidbmgr.cpp:5361) fwi db manager
2018-12-13 05:10:17,397 null [INFO] (../src/fwidbmgr.cpp:5365) Program home: /home/meteo/dev/redist/fwidbmgr
2018-12-13 05:10:17,397 null [INFO] (../src/fwidbmgr.cpp:5369) Auto convert: 1
2018-12-13 05:10:17,397 null [INFO] (../src/fwidbmgr.cpp:446) action: out.
2018-12-13 05:10:17,397 null [INFO] (../src/fwidbmgr.cpp:470) date: 20181212.
2018-12-13 05:10:17,397 null [INFO] (../src/fwidbmgr.cpp:322) Try to read: /home/meteo/dev/redist/fwidbmgr/config/fwidbmgr.conf.
2018-12-13 05:10:17,404 null [INFO] (../src/fwidbmgr.cpp:5393) Configuration parsing: OK.
2018-12-13 05:10:17,435 null [INFO] (../src/fwidbmgr.cpp:5478) Connected to database
2018-12-13 05:10:17,435 null [INFO] (../src/fwidbmgr.cpp:5480) Manage data for date: 20181212.
2018-12-13 05:10:17,435 null [INFO] (../src/fwidbmgr.cpp:5551) Importing fwi indexes data in database for day: 20181212.
2018-12-13 05:10:17,448 null [INFO] (/home/meteo/dev/redist/fwidbmgr/include/Grid.h:1595) Configuring grid: isi
2018-12-13 05:10:17,448 null [INFO] (/home/meteo/dev/redist/fwidbmgr/include/Grid.h:1695) Grid isi configured.
2018-12-13 05:10:17,478 null [INFO] (/home/meteo/dev/redist/fwidbmgr/include/Grid.h:1595) Configuring grid: fwi
2018-12-13 05:10:17,478 null [INFO] (/home/meteo/dev/redist/fwidbmgr/include/Grid.h:1695) Grid fwi configured.
2018-12-13 05:10:17,508 null [INFO] (/home/meteo/dev/redist/fwidbmgr/include/Grid.h:1595) Configuring grid: ffmc
2018-12-13 05:10:17,508 null [INFO] (/home/meteo/dev/redist/fwidbmgr/include/Grid.h:1695) Grid ffmc configured.
2018-12-13 05:10:17,555 null [INFO] (/home/meteo/dev/redist/fwidbmgr/include/Grid.h:1595) Configuring grid: dmc
2018-12-13 05:10:17,555 null [INFO] (/home/meteo/dev/redist/fwidbmgr/include/Grid.h:1695) Grid dmc configured.
2018-12-13 05:10:17,585 null [INFO] (/home/meteo/dev/redist/fwidbmgr/include/Grid.h:1595) Configuring grid: dc
2018-12-13 05:10:17,585 null [INFO] (/home/meteo/dev/redist/fwidbmgr/include/Grid.h:1695) Grid dc configured.
2018-12-13 05:10:17,615 null [INFO] (/home/meteo/dev/redist/fwidbmgr/include/Grid.h:1595) Configuring grid: bui
2018-12-13 05:10:17,615 null [INFO] (/home/meteo/dev/redist/fwidbmgr/include/Grid.h:1695) Grid bui configured.
2018-12-13 05:10:17,644 null [INFO] (/home/meteo/dev/redist/fwidbmgr/include/Grid.h:1595) Configuring grid: ffmc_tmp
2018-12-13 05:10:17,644 null [INFO] (/home/meteo/dev/redist/fwidbmgr/include/Grid.h:1695) Grid ffmc_tmp configured.
2018-12-13 05:10:17,693 null [INFO] (/home/meteo/dev/redist/fwidbmgr/include/Grid.h:1595) Configuring grid: dmc_tmp
2018-12-13 05:10:17,694 null [INFO] (/home/meteo/dev/redist/fwidbmgr/include/Grid.h:1695) Grid dmc_tmp configured.
2018-12-13 05:10:17,736 null [INFO] (/home/meteo/dev/redist/fwidbmgr/include/Grid.h:1595) Configuring grid: dc_tmp
2018-12-13 05:10:17,736 null [INFO] (/home/meteo/dev/redist/fwidbmgr/include/Grid.h:1695) Grid dc_tmp configured.
2018-12-13 05:10:17,783 null [INFO] (/home/meteo/dev/redist/fwidbmgr/include/Grid.h:1595) Configuring grid: idi
2018-12-13 05:10:17,783 null [INFO] (/home/meteo/dev/redist/fwidbmgr/include/Grid.h:1695) Grid idi configured.
2018-12-13 05:10:29,364 null [INFO] (../src/fwidbmgr.cpp:2081) Storing FWI indexes ...
2018-12-13 05:11:07,322 null [INFO] (../src/fwidbmgr.cpp:5555) OK --> 20181212 data imported.
2018-12-13 05:11:07,322 null [INFO] (../src/fwidbmgr.cpp:5695) action out took about 50 seconds.
2018-12-13 05:11:07,324 null [INFO] (../src/fwidbmgr.cpp:5699) Disconnected from database.
2018-12-13 05:11:07,557 null [INFO] (../src/fwidbmgr.cpp:5361) fwi db manager
2018-12-13 05:11:07,557 null [INFO] (../src/fwidbmgr.cpp:5365) Program home: /home/meteo/dev/redist/fwidbmgr
2018-12-13 05:11:07,558 null [INFO] (../src/fwidbmgr.cpp:5369) Auto convert: 1
2018-12-13 05:11:07,558 null [INFO] (../src/fwidbmgr.cpp:446) action: computeidx.
2018-12-13 05:11:07,558 null [INFO] (../src/fwidbmgr.cpp:470) date: 20181212.
2018-12-13 05:11:07,558 null [INFO] (../src/fwidbmgr.cpp:322) Try to read: /home/meteo/dev/redist/fwidbmgr/config/fwidbmgr.conf.
2018-12-13 05:11:07,567 null [INFO] (../src/fwidbmgr.cpp:5393) Configuration parsing: OK.
2018-12-13 05:11:07,602 null [INFO] (../src/fwidbmgr.cpp:5478) Connected to database
2018-12-13 05:11:07,602 null [INFO] (../src/fwidbmgr.cpp:5480) Manage data for date: 20181212.
2018-12-13 05:11:07,602 null [INFO] (../src/fwidbmgr.cpp:5656) Computing indexes.
2018-12-13 05:11:07,605 null [INFO] (/home/meteo/dev/redist/fwidbmgr/include/Grid.h:1595) Configuring grid: isi
2018-12-13 05:11:07,605 null [INFO] (/home/meteo/dev/redist/fwidbmgr/include/Grid.h:1695) Grid isi configured.
2018-12-13 05:11:07,608 null [INFO] (/home/meteo/dev/redist/fwidbmgr/include/Grid.h:1595) Configuring grid: fwi
2018-12-13 05:11:07,608 null [INFO] (/home/meteo/dev/redist/fwidbmgr/include/Grid.h:1695) Grid fwi configured.
2018-12-13 05:11:07,611 null [INFO] (/home/meteo/dev/redist/fwidbmgr/include/Grid.h:1595) Configuring grid: ffmc
2018-12-13 05:11:07,615 null [INFO] (/home/meteo/dev/redist/fwidbmgr/include/Grid.h:1695) Grid ffmc configured.
2018-12-13 05:11:07,618 null [INFO] (/home/meteo/dev/redist/fwidbmgr/include/Grid.h:1595) Configuring grid: dmc
2018-12-13 05:11:07,618 null [INFO] (/home/meteo/dev/redist/fwidbmgr/include/Grid.h:1695) Grid dmc configured.
2018-12-13 05:11:07,621 null [INFO] (/home/meteo/dev/redist/fwidbmgr/include/Grid.h:1595) Configuring grid: dc
2018-12-13 05:11:07,621 null [INFO] (/home/meteo/dev/redist/fwidbmgr/include/Grid.h:1695) Grid dc configured.
2018-12-13 05:11:07,624 null [INFO] (/home/meteo/dev/redist/fwidbmgr/include/Grid.h:1595) Configuring grid: bui
2018-12-13 05:11:07,624 null [INFO] (/home/meteo/dev/redist/fwidbmgr/include/Grid.h:1695) Grid bui configured.
2018-12-13 05:11:07,627 null [INFO] (/home/meteo/dev/redist/fwidbmgr/include/Grid.h:1595) Configuring grid: ffmc_tmp
2018-12-13 05:11:07,627 null [INFO] (/home/meteo/dev/redist/fwidbmgr/include/Grid.h:1695) Grid ffmc_tmp configured.
2018-12-13 05:11:07,629 null [INFO] (/home/meteo/dev/redist/fwidbmgr/include/Grid.h:1595) Configuring grid: dmc_tmp
2018-12-13 05:11:07,630 null [INFO] (/home/meteo/dev/redist/fwidbmgr/include/Grid.h:1695) Grid dmc_tmp configured.
2018-12-13 05:11:07,632 null [INFO] (/home/meteo/dev/redist/fwidbmgr/include/Grid.h:1595) Configuring grid: dc_tmp
2018-12-13 05:11:07,632 null [INFO] (/home/meteo/dev/redist/fwidbmgr/include/Grid.h:1695) Grid dc_tmp configured.
2018-12-13 05:11:07,635 null [INFO] (/home/meteo/dev/redist/fwidbmgr/include/Grid.h:1595) Configuring grid: idi
2018-12-13 05:11:07,635 null [INFO] (/home/meteo/dev/redist/fwidbmgr/include/Grid.h:1695) Grid idi configured.
2018-12-13 05:11:07,638 null [INFO] (/home/meteo/dev/redist/fwidbmgr/include/Grid.h:1595) Configuring grid: angstrom
2018-12-13 05:11:07,638 null [INFO] (/home/meteo/dev/redist/fwidbmgr/include/Grid.h:1695) Grid angstrom configured.
2018-12-13 05:11:07,641 null [INFO] (/home/meteo/dev/redist/fwidbmgr/include/Grid.h:1595) Configuring grid: fmi
2018-12-13 05:11:07,641 null [INFO] (/home/meteo/dev/redist/fwidbmgr/include/Grid.h:1695) Grid fmi configured.
2018-12-13 05:11:07,643 null [INFO] (/home/meteo/dev/redist/fwidbmgr/include/Grid.h:1595) Configuring grid: sharples
2018-12-13 05:11:07,644 null [INFO] (/home/meteo/dev/redist/fwidbmgr/include/Grid.h:1695) Grid sharples configured.
2018-12-13 05:11:19,990 null [INFO] (/home/meteo/dev/redist/fwidbmgr/include/Grid.h:1595) Configuring grid: snow
2018-12-13 05:11:19,990 null [INFO] (/home/meteo/dev/redist/fwidbmgr/include/Grid.h:1695) Grid snow configured.
2018-12-13 05:11:19,990 null [INFO] (/home/meteo/dev/redist/fwidbmgr/include/Grid.h:1595) Configuring grid: snow_covering
2018-12-13 05:11:19,990 null [INFO] (/home/meteo/dev/redist/fwidbmgr/include/Grid.h:1695) Grid snow_covering configured.
2018-12-13 05:11:19,991 null [INFO] (/home/meteo/dev/redist/fwidbmgr/include/Grid.h:1595) Configuring grid: snow_dissolution
2018-12-13 05:11:19,991 null [INFO] (/home/meteo/dev/redist/fwidbmgr/include/Grid.h:1695) Grid snow_dissolution configured.
2018-12-13 05:11:19,991 null [INFO] (/home/meteo/dev/redist/fwidbmgr/include/Grid.h:1595) Configuring grid: temperature
2018-12-13 05:11:19,991 null [INFO] (/home/meteo/dev/redist/fwidbmgr/include/Grid.h:1695) Grid temperature configured.
2018-12-13 05:11:19,991 null [INFO] (/home/meteo/dev/redist/fwidbmgr/include/Grid.h:1595) Configuring grid: humidity
2018-12-13 05:11:19,992 null [INFO] (/home/meteo/dev/redist/fwidbmgr/include/Grid.h:1695) Grid humidity configured.
2018-12-13 05:11:19,992 null [INFO] (/home/meteo/dev/redist/fwidbmgr/include/Grid.h:1595) Configuring grid: windspeed
2018-12-13 05:11:19,992 null [INFO] (/home/meteo/dev/redist/fwidbmgr/include/Grid.h:1695) Grid windspeed configured.
2018-12-13 05:11:19,992 null [INFO] (/home/meteo/dev/redist/fwidbmgr/include/Grid.h:1595) Configuring grid: rain
2018-12-13 05:11:19,993 null [INFO] (/home/meteo/dev/redist/fwidbmgr/include/Grid.h:1695) Grid rain configured.
2018-12-13 05:11:19,993 null [INFO] (/home/meteo/dev/redist/fwidbmgr/include/Grid.h:1595) Configuring grid: cum_rain
2018-12-13 05:11:19,993 null [INFO] (/home/meteo/dev/redist/fwidbmgr/include/Grid.h:1695) Grid cum_rain configured.
2018-12-13 05:14:05,471 null [INFO] (../src/fwidbmgr.cpp:5660) OK --> 20181212 indexes computed.
2018-12-13 05:14:05,471 null [INFO] (../src/fwidbmgr.cpp:5695) action computeidx took about 178 seconds.
2018-12-13 05:14:05,472 null [INFO] (../src/fwidbmgr.cpp:5699) Disconnected from database.
2018-12-13 05:14:05,690 null [INFO] (../src/fwidbmgr.cpp:5361) fwi db manager
2018-12-13 05:14:05,691 null [INFO] (../src/fwidbmgr.cpp:5365) Program home: /home/meteo/dev/redist/fwidbmgr
2018-12-13 05:14:05,691 null [INFO] (../src/fwidbmgr.cpp:5369) Auto convert: 1
2018-12-13 05:14:05,691 null [INFO] (../src/fwidbmgr.cpp:446) action: exportidx.
2018-12-13 05:14:05,691 null [INFO] (../src/fwidbmgr.cpp:470) date: 20181212.
2018-12-13 05:14:05,691 null [INFO] (../src/fwidbmgr.cpp:322) Try to read: /home/meteo/dev/redist/fwidbmgr/config/fwidbmgr.conf.
2018-12-13 05:14:05,698 null [INFO] (../src/fwidbmgr.cpp:5393) Configuration parsing: OK.
2018-12-13 05:14:05,725 null [INFO] (../src/fwidbmgr.cpp:5478) Connected to database
2018-12-13 05:14:05,725 null [INFO] (../src/fwidbmgr.cpp:5480) Manage data for date: 20181212.
2018-12-13 05:14:05,725 null [INFO] (../src/fwidbmgr.cpp:5596) Exporting indexes.
2018-12-13 05:14:05,727 null [INFO] (/home/meteo/dev/redist/fwidbmgr/include/Grid.h:1595) Configuring grid: isi
2018-12-13 05:14:05,727 null [INFO] (/home/meteo/dev/redist/fwidbmgr/include/Grid.h:1695) Grid isi configured.
2018-12-13 05:14:05,728 null [INFO] (/home/meteo/dev/redist/fwidbmgr/include/Grid.h:1595) Configuring grid: fwi
2018-12-13 05:14:05,728 null [INFO] (/home/meteo/dev/redist/fwidbmgr/include/Grid.h:1695) Grid fwi configured.
2018-12-13 05:14:05,730 null [INFO] (/home/meteo/dev/redist/fwidbmgr/include/Grid.h:1595) Configuring grid: ffmc
2018-12-13 05:14:05,730 null [INFO] (/home/meteo/dev/redist/fwidbmgr/include/Grid.h:1695) Grid ffmc configured.
2018-12-13 05:14:05,731 null [INFO] (/home/meteo/dev/redist/fwidbmgr/include/Grid.h:1595) Configuring grid: dmc
2018-12-13 05:14:05,731 null [INFO] (/home/meteo/dev/redist/fwidbmgr/include/Grid.h:1695) Grid dmc configured.
2018-12-13 05:14:05,732 null [INFO] (/home/meteo/dev/redist/fwidbmgr/include/Grid.h:1595) Configuring grid: dc
2018-12-13 05:14:05,733 null [INFO] (/home/meteo/dev/redist/fwidbmgr/include/Grid.h:1695) Grid dc configured.
2018-12-13 05:14:05,734 null [INFO] (/home/meteo/dev/redist/fwidbmgr/include/Grid.h:1595) Configuring grid: bui
2018-12-13 05:14:05,734 null [INFO] (/home/meteo/dev/redist/fwidbmgr/include/Grid.h:1695) Grid bui configured.
2018-12-13 05:14:05,735 null [INFO] (/home/meteo/dev/redist/fwidbmgr/include/Grid.h:1595) Configuring grid: ffmc_tmp
2018-12-13 05:14:05,735 null [INFO] (/home/meteo/dev/redist/fwidbmgr/include/Grid.h:1695) Grid ffmc_tmp configured.
2018-12-13 05:14:05,736 null [INFO] (/home/meteo/dev/redist/fwidbmgr/include/Grid.h:1595) Configuring grid: dmc_tmp
2018-12-13 05:14:05,737 null [INFO] (/home/meteo/dev/redist/fwidbmgr/include/Grid.h:1695) Grid dmc_tmp configured.
2018-12-13 05:14:05,738 null [INFO] (/home/meteo/dev/redist/fwidbmgr/include/Grid.h:1595) Configuring grid: dc_tmp
2018-12-13 05:14:05,738 null [INFO] (/home/meteo/dev/redist/fwidbmgr/include/Grid.h:1695) Grid dc_tmp configured.
2018-12-13 05:14:05,739 null [INFO] (/home/meteo/dev/redist/fwidbmgr/include/Grid.h:1595) Configuring grid: idi
2018-12-13 05:14:05,739 null [INFO] (/home/meteo/dev/redist/fwidbmgr/include/Grid.h:1695) Grid idi configured.
2018-12-13 05:14:05,741 null [INFO] (/home/meteo/dev/redist/fwidbmgr/include/Grid.h:1595) Configuring grid: angstrom
2018-12-13 05:14:05,741 null [INFO] (/home/meteo/dev/redist/fwidbmgr/include/Grid.h:1695) Grid angstrom configured.
2018-12-13 05:14:05,742 null [INFO] (/home/meteo/dev/redist/fwidbmgr/include/Grid.h:1595) Configuring grid: fmi
2018-12-13 05:14:05,742 null [INFO] (/home/meteo/dev/redist/fwidbmgr/include/Grid.h:1695) Grid fmi configured.
2018-12-13 05:14:05,743 null [INFO] (/home/meteo/dev/redist/fwidbmgr/include/Grid.h:1595) Configuring grid: sharples
2018-12-13 05:14:05,743 null [INFO] (/home/meteo/dev/redist/fwidbmgr/include/Grid.h:1695) Grid sharples configured.
2018-12-13 05:14:18,323 null [INFO] (/home/meteo/dev/redist/fwidbmgr/include/Grid.h:1595) Configuring grid: isi
2018-12-13 05:14:18,324 null [INFO] (/home/meteo/dev/redist/fwidbmgr/include/Grid.h:1695) Grid isi configured.
2018-12-13 05:14:18,420 null [INFO] (/home/meteo/dev/redist/fwidbmgr/include/Grid.h:1595) Configuring grid: fwi
2018-12-13 05:14:18,421 null [INFO] (/home/meteo/dev/redist/fwidbmgr/include/Grid.h:1695) Grid fwi configured.
2018-12-13 05:14:18,499 null [INFO] (/home/meteo/dev/redist/fwidbmgr/include/Grid.h:1595) Configuring grid: ffmc
2018-12-13 05:14:18,499 null [INFO] (/home/meteo/dev/redist/fwidbmgr/include/Grid.h:1695) Grid ffmc configured.
2018-12-13 05:14:18,599 null [INFO] (/home/meteo/dev/redist/fwidbmgr/include/Grid.h:1595) Configuring grid: dmc
2018-12-13 05:14:18,600 null [INFO] (/home/meteo/dev/redist/fwidbmgr/include/Grid.h:1695) Grid dmc configured.
2018-12-13 05:14:18,679 null [INFO] (/home/meteo/dev/redist/fwidbmgr/include/Grid.h:1595) Configuring grid: dc
2018-12-13 05:14:18,679 null [INFO] (/home/meteo/dev/redist/fwidbmgr/include/Grid.h:1695) Grid dc configured.
2018-12-13 05:14:18,761 null [INFO] (/home/meteo/dev/redist/fwidbmgr/include/Grid.h:1595) Configuring grid: bui
2018-12-13 05:14:18,761 null [INFO] (/home/meteo/dev/redist/fwidbmgr/include/Grid.h:1695) Grid bui configured.
2018-12-13 05:14:18,831 null [INFO] (/home/meteo/dev/redist/fwidbmgr/include/Grid.h:1595) Configuring grid: ffmc_tmp
2018-12-13 05:14:18,831 null [INFO] (/home/meteo/dev/redist/fwidbmgr/include/Grid.h:1695) Grid ffmc_tmp configured.
2018-12-13 05:14:18,867 null [INFO] (/home/meteo/dev/redist/fwidbmgr/include/Grid.h:1595) Configuring grid: dmc_tmp
2018-12-13 05:14:18,867 null [INFO] (/home/meteo/dev/redist/fwidbmgr/include/Grid.h:1695) Grid dmc_tmp configured.
2018-12-13 05:14:18,981 null [INFO] (/home/meteo/dev/redist/fwidbmgr/include/Grid.h:1595) Configuring grid: dc_tmp
2018-12-13 05:14:18,982 null [INFO] (/home/meteo/dev/redist/fwidbmgr/include/Grid.h:1695) Grid dc_tmp configured.
2018-12-13 05:14:19,035 null [INFO] (/home/meteo/dev/redist/fwidbmgr/include/Grid.h:1595) Configuring grid: angstrom
2018-12-13 05:14:19,035 null [INFO] (/home/meteo/dev/redist/fwidbmgr/include/Grid.h:1695) Grid angstrom configured.
2018-12-13 05:14:19,126 null [INFO] (/home/meteo/dev/redist/fwidbmgr/include/Grid.h:1595) Configuring grid: sharples
2018-12-13 05:14:19,126 null [INFO] (/home/meteo/dev/redist/fwidbmgr/include/Grid.h:1695) Grid sharples configured.
2018-12-13 05:14:19,216 null [INFO] (/home/meteo/dev/redist/fwidbmgr/include/Grid.h:1595) Configuring grid: fmi
2018-12-13 05:14:19,216 null [INFO] (/home/meteo/dev/redist/fwidbmgr/include/Grid.h:1695) Grid fmi configured.
2018-12-13 05:14:19,327 null [INFO] (../src/fwidbmgr.cpp:5600) OK --> 20181212 indexes exported to files.
2018-12-13 05:14:19,328 null [INFO] (../src/fwidbmgr.cpp:5695) action exportidx took about 14 seconds.
2018-12-13 05:14:19,328 null [INFO] (../src/fwidbmgr.cpp:5699) Disconnected from database.
2018-12-13 05:15:01,748 null [INFO] (../src/fwidbmgr.cpp:5361) fwi db manager
2018-12-13 05:15:01,748 null [INFO] (../src/fwidbmgr.cpp:5365) Program home: /home/meteo/dev/redist/fwidbmgr
2018-12-13 05:15:01,748 null [INFO] (../src/fwidbmgr.cpp:5369) Auto convert: 1
2018-12-13 05:15:01,748 null [INFO] (../src/fwidbmgr.cpp:446) action: outimg.
2018-12-13 05:15:01,748 null [INFO] (../src/fwidbmgr.cpp:470) date: 20181212.
2018-12-13 05:15:01,748 null [INFO] (../src/fwidbmgr.cpp:322) Try to read: /home/meteo/dev/redist/fwidbmgr/config/fwidbmgr.conf.
2018-12-13 05:15:01,758 null [INFO] (../src/fwidbmgr.cpp:5393) Configuration parsing: OK.
2018-12-13 05:15:01,772 null [INFO] (../src/fwidbmgr.cpp:5478) Connected to database
2018-12-13 05:15:01,772 null [INFO] (../src/fwidbmgr.cpp:5480) Manage data for date: 20181212.
2018-12-13 05:15:01,772 null [INFO] (../src/fwidbmgr.cpp:5566) Importing fwi indexes images in database.
2018-12-13 05:15:02,323 null [INFO] (../src/fwidbmgr.cpp:5570) OK --> 20181212 images imported.
2018-12-13 05:15:02,324 null [INFO] (../src/fwidbmgr.cpp:5695) action outimg took about 1 seconds.
2018-12-13 05:15:02,324 null [INFO] (../src/fwidbmgr.cpp:5699) Disconnected from database.
2018-12-13 05:37:01,940 null [INFO] (../src/fwidbmgr.cpp:5361) fwi db manager
2018-12-13 05:37:01,940 null [INFO] (../src/fwidbmgr.cpp:5365) Program home: /home/meteo/dev/redist/fwidbmgr
2018-12-13 05:37:01,940 null [INFO] (../src/fwidbmgr.cpp:5369) Auto convert: 1
2018-12-13 05:37:01,940 null [INFO] (../src/fwidbmgr.cpp:446) action: outimg.
2018-12-13 05:37:01,940 null [INFO] (../src/fwidbmgr.cpp:470) date: 20181212.
2018-12-13 05:37:01,940 null [INFO] (../src/fwidbmgr.cpp:322) Try to read: /home/meteo/dev/redist/fwidbmgr/config/fwidbmgr.conf.
2018-12-13 05:37:01,944 null [INFO] (../src/fwidbmgr.cpp:5393) Configuration parsing: OK.
2018-12-13 05:37:01,953 null [INFO] (../src/fwidbmgr.cpp:5478) Connected to database
2018-12-13 05:37:01,953 null [INFO] (../src/fwidbmgr.cpp:5480) Manage data for date: 20181212.
2018-12-13 05:37:01,953 null [INFO] (../src/fwidbmgr.cpp:5566) Importing fwi indexes images in database.
2018-12-13 05:37:02,174 null [INFO] (../src/fwidbmgr.cpp:5570) OK --> 20181212 images imported.
2018-12-13 05:37:02,175 null [INFO] (../src/fwidbmgr.cpp:5695) action outimg took about 1 seconds.
2018-12-13 05:37:02,176 null [INFO] (../src/fwidbmgr.cpp:5699) Disconnected from database.
2018-12-13 06:05:01,393 null [INFO] (../src/fwidbmgr.cpp:5361) fwi db manager
2018-12-13 06:05:01,394 null [INFO] (../src/fwidbmgr.cpp:5365) Program home: /home/meteo/dev/redist/fwidbmgr
2018-12-13 06:05:01,394 null [INFO] (../src/fwidbmgr.cpp:5369) Auto convert: 1
2018-12-13 06:05:01,394 null [INFO] (../src/fwidbmgr.cpp:446) action: outimg.
2018-12-13 06:05:01,394 null [INFO] (../src/fwidbmgr.cpp:470) date: 20181212.
2018-12-13 06:05:01,394 null [INFO] (../src/fwidbmgr.cpp:322) Try to read: /home/meteo/dev/redist/fwidbmgr/config/fwidbmgr.conf.
2018-12-13 06:05:01,398 null [INFO] (../src/fwidbmgr.cpp:5393) Configuration parsing: OK.
2018-12-13 06:05:01,407 null [INFO] (../src/fwidbmgr.cpp:5478) Connected to database
2018-12-13 06:05:01,407 null [INFO] (../src/fwidbmgr.cpp:5480) Manage data for date: 20181212.
2018-12-13 06:05:01,407 null [INFO] (../src/fwidbmgr.cpp:5566) Importing fwi indexes images in database.
2018-12-13 06:05:01,580 null [INFO] (../src/fwidbmgr.cpp:5570) OK --> 20181212 images imported.
2018-12-13 06:05:01,581 null [INFO] (../src/fwidbmgr.cpp:5695) action outimg took about 0 seconds.
2018-12-13 06:05:01,581 null [INFO] (../src/fwidbmgr.cpp:5699) Disconnected from database.
2018-12-13 06:37:01,948 null [INFO] (../src/fwidbmgr.cpp:5361) fwi db manager
2018-12-13 06:37:01,949 null [INFO] (../src/fwidbmgr.cpp:5365) Program home: /home/meteo/dev/redist/fwidbmgr
2018-12-13 06:37:01,951 null [INFO] (../src/fwidbmgr.cpp:5369) Auto convert: 1
2018-12-13 06:37:01,951 null [INFO] (../src/fwidbmgr.cpp:446) action: outimg.
2018-12-13 06:37:01,951 null [INFO] (../src/fwidbmgr.cpp:470) date: 20181212.
2018-12-13 06:37:01,951 null [INFO] (../src/fwidbmgr.cpp:322) Try to read: /home/meteo/dev/redist/fwidbmgr/config/fwidbmgr.conf.
2018-12-13 06:37:01,964 null [INFO] (../src/fwidbmgr.cpp:5393) Configuration parsing: OK.
2018-12-13 06:37:01,979 null [INFO] (../src/fwidbmgr.cpp:5478) Connected to database
2018-12-13 06:37:01,979 null [INFO] (../src/fwidbmgr.cpp:5480) Manage data for date: 20181212.
2018-12-13 06:37:01,979 null [INFO] (../src/fwidbmgr.cpp:5566) Importing fwi indexes images in database.
2018-12-13 06:37:02,173 null [INFO] (../src/fwidbmgr.cpp:5570) OK --> 20181212 images imported.
2018-12-13 06:37:02,173 null [INFO] (../src/fwidbmgr.cpp:5695) action outimg took about 1 seconds.
2018-12-13 06:37:02,173 null [INFO] (../src/fwidbmgr.cpp:5699) Disconnected from database.
2018-12-13 07:05:01,819 null [INFO] (../src/fwidbmgr.cpp:5361) fwi db manager
2018-12-13 07:05:01,819 null [INFO] (../src/fwidbmgr.cpp:5365) Program home: /home/meteo/dev/redist/fwidbmgr
2018-12-13 07:05:01,820 null [INFO] (../src/fwidbmgr.cpp:5369) Auto convert: 1
2018-12-13 07:05:01,820 null [INFO] (../src/fwidbmgr.cpp:446) action: outimg.
2018-12-13 07:05:01,820 null [INFO] (../src/fwidbmgr.cpp:470) date: 20181212.
2018-12-13 07:05:01,820 null [INFO] (../src/fwidbmgr.cpp:322) Try to read: /home/meteo/dev/redist/fwidbmgr/config/fwidbmgr.conf.
2018-12-13 07:05:01,840 null [INFO] (../src/fwidbmgr.cpp:5393) Configuration parsing: OK.
2018-12-13 07:05:01,853 null [INFO] (../src/fwidbmgr.cpp:5478) Connected to database
2018-12-13 07:05:01,853 null [INFO] (../src/fwidbmgr.cpp:5480) Manage data for date: 20181212.
2018-12-13 07:05:01,853 null [INFO] (../src/fwidbmgr.cpp:5566) Importing fwi indexes images in database.
2018-12-13 07:05:02,016 null [INFO] (../src/fwidbmgr.cpp:5570) OK --> 20181212 images imported.
2018-12-13 07:05:02,017 null [INFO] (../src/fwidbmgr.cpp:5695) action outimg took about 1 seconds.
2018-12-13 07:05:02,017 null [INFO] (../src/fwidbmgr.cpp:5699) Disconnected from database.
2018-12-13 07:37:01,676 null [INFO] (../src/fwidbmgr.cpp:5361) fwi db manager
2018-12-13 07:37:01,676 null [INFO] (../src/fwidbmgr.cpp:5365) Program home: /home/meteo/dev/redist/fwidbmgr
2018-12-13 07:37:01,677 null [INFO] (../src/fwidbmgr.cpp:5369) Auto convert: 1
2018-12-13 07:37:01,677 null [INFO] (../src/fwidbmgr.cpp:446) action: outimg.
2018-12-13 07:37:01,677 null [INFO] (../src/fwidbmgr.cpp:470) date: 20181212.
2018-12-13 07:37:01,677 null [INFO] (../src/fwidbmgr.cpp:322) Try to read: /home/meteo/dev/redist/fwidbmgr/config/fwidbmgr.conf.
2018-12-13 07:37:01,684 null [INFO] (../src/fwidbmgr.cpp:5393) Configuration parsing: OK.
2018-12-13 07:37:01,701 null [INFO] (../src/fwidbmgr.cpp:5478) Connected to database
2018-12-13 07:37:01,701 null [INFO] (../src/fwidbmgr.cpp:5480) Manage data for date: 20181212.
2018-12-13 07:37:01,701 null [INFO] (../src/fwidbmgr.cpp:5566) Importing fwi indexes images in database.
2018-12-13 07:37:01,918 null [INFO] (../src/fwidbmgr.cpp:5570) OK --> 20181212 images imported.
2018-12-13 07:37:01,918 null [INFO] (../src/fwidbmgr.cpp:5695) action outimg took about 0 seconds.
2018-12-13 07:37:01,918 null [INFO] (../src/fwidbmgr.cpp:5699) Disconnected from database.
