2015-10-04 05:06:59,567 null [INFO] (../src/fwidbmgr.cpp:5207) fwi db manager
2015-10-04 05:06:59,766 null [INFO] (../src/fwidbmgr.cpp:5209) Program home: /home/meteo/dev/redist/fwidbmgr
2015-10-04 05:06:59,766 null [INFO] (../src/fwidbmgr.cpp:5211) Auto convert: 1
2015-10-04 05:06:59,766 null [INFO] (../src/fwidbmgr.cpp:458) action: in.
2015-10-04 05:06:59,766 null [INFO] (../src/fwidbmgr.cpp:482) date: 20151003.
2015-10-04 05:06:59,766 null [INFO] (../src/fwidbmgr.cpp:319) Try to read: /home/meteo/dev/redist/fwidbmgr/config/fwidbmgr.conf.
2015-10-04 05:06:59,787 null [INFO] (../src/fwidbmgr.cpp:5240) Configuration parsing: OK.
2015-10-04 05:06:59,948 null [INFO] (../src/fwidbmgr.cpp:5322) Connected to database
2015-10-04 05:06:59,948 null [INFO] (../src/fwidbmgr.cpp:5323) Manage data for date: 20151003.
2015-10-04 05:06:59,948 null [INFO] (../src/fwidbmgr.cpp:5367) Importing meteo data in database for day: 20151003.
2015-10-04 05:06:59,950 null [INFO] (/home/meteo/dev/redist/fwidbmgr/include/Grid.h:1595) Configuring grid: snow
2015-10-04 05:06:59,950 null [INFO] (/home/meteo/dev/redist/fwidbmgr/include/Grid.h:1695) Grid snow configured.
2015-10-04 05:06:59,961 null [INFO] (/home/meteo/dev/redist/fwidbmgr/include/Grid.h:1595) Configuring grid: snow_covering
2015-10-04 05:06:59,961 null [INFO] (/home/meteo/dev/redist/fwidbmgr/include/Grid.h:1695) Grid snow_covering configured.
2015-10-04 05:06:59,974 null [INFO] (/home/meteo/dev/redist/fwidbmgr/include/Grid.h:1595) Configuring grid: snow_dissolution
2015-10-04 05:06:59,974 null [INFO] (/home/meteo/dev/redist/fwidbmgr/include/Grid.h:1695) Grid snow_dissolution configured.
2015-10-04 05:06:59,997 null [INFO] (/home/meteo/dev/redist/fwidbmgr/include/Grid.h:1595) Configuring grid: temperature
2015-10-04 05:06:59,997 null [INFO] (/home/meteo/dev/redist/fwidbmgr/include/Grid.h:1695) Grid temperature configured.
2015-10-04 05:07:00,003 null [INFO] (/home/meteo/dev/redist/fwidbmgr/include/Grid.h:1595) Configuring grid: humidity
2015-10-04 05:07:00,003 null [INFO] (/home/meteo/dev/redist/fwidbmgr/include/Grid.h:1695) Grid humidity configured.
2015-10-04 05:07:00,013 null [INFO] (/home/meteo/dev/redist/fwidbmgr/include/Grid.h:1595) Configuring grid: windspeed
2015-10-04 05:07:00,013 null [INFO] (/home/meteo/dev/redist/fwidbmgr/include/Grid.h:1695) Grid windspeed configured.
2015-10-04 05:07:00,035 null [INFO] (/home/meteo/dev/redist/fwidbmgr/include/Grid.h:1595) Configuring grid: rain
2015-10-04 05:07:00,035 null [INFO] (/home/meteo/dev/redist/fwidbmgr/include/Grid.h:1695) Grid rain configured.
2015-10-04 05:07:00,038 null [INFO] (/home/meteo/dev/redist/fwidbmgr/include/Grid.h:1595) Configuring grid: cum_rain
2015-10-04 05:07:00,038 null [INFO] (/home/meteo/dev/redist/fwidbmgr/include/Grid.h:1695) Grid cum_rain configured.
2015-10-04 05:07:11,743 null [INFO] (../src/fwidbmgr.cpp:1502) Storing meteo input ...
2015-10-04 05:07:32,857 null [INFO] (../src/fwidbmgr.cpp:5370) OK --> 20151003 data imported.
2015-10-04 05:07:32,892 null [INFO] (../src/fwidbmgr.cpp:5496) action in took about 33 seconds.
2015-10-04 05:07:33,011 null [INFO] (../src/fwidbmgr.cpp:5499) Disconnected from database.
2015-10-04 05:08:50,445 null [INFO] (../src/fwidbmgr.cpp:5207) fwi db manager
2015-10-04 05:08:50,445 null [INFO] (../src/fwidbmgr.cpp:5209) Program home: /home/meteo/dev/redist/fwidbmgr
2015-10-04 05:08:50,445 null [INFO] (../src/fwidbmgr.cpp:5211) Auto convert: 1
2015-10-04 05:08:50,445 null [INFO] (../src/fwidbmgr.cpp:458) action: out.
2015-10-04 05:08:50,445 null [INFO] (../src/fwidbmgr.cpp:482) date: 20151003.
2015-10-04 05:08:50,445 null [INFO] (../src/fwidbmgr.cpp:319) Try to read: /home/meteo/dev/redist/fwidbmgr/config/fwidbmgr.conf.
2015-10-04 05:08:50,468 null [INFO] (../src/fwidbmgr.cpp:5240) Configuration parsing: OK.
2015-10-04 05:08:50,480 null [INFO] (../src/fwidbmgr.cpp:5322) Connected to database
2015-10-04 05:08:50,480 null [INFO] (../src/fwidbmgr.cpp:5323) Manage data for date: 20151003.
2015-10-04 05:08:50,480 null [INFO] (../src/fwidbmgr.cpp:5379) Importing fwi indexes data in database for day: 20151003.
2015-10-04 05:08:50,481 null [INFO] (/home/meteo/dev/redist/fwidbmgr/include/Grid.h:1595) Configuring grid: isi
2015-10-04 05:08:50,481 null [INFO] (/home/meteo/dev/redist/fwidbmgr/include/Grid.h:1695) Grid isi configured.
2015-10-04 05:08:50,495 null [INFO] (/home/meteo/dev/redist/fwidbmgr/include/Grid.h:1595) Configuring grid: fwi
2015-10-04 05:08:50,495 null [INFO] (/home/meteo/dev/redist/fwidbmgr/include/Grid.h:1695) Grid fwi configured.
2015-10-04 05:08:50,508 null [INFO] (/home/meteo/dev/redist/fwidbmgr/include/Grid.h:1595) Configuring grid: ffmc
2015-10-04 05:08:50,508 null [INFO] (/home/meteo/dev/redist/fwidbmgr/include/Grid.h:1695) Grid ffmc configured.
2015-10-04 05:08:50,522 null [INFO] (/home/meteo/dev/redist/fwidbmgr/include/Grid.h:1595) Configuring grid: dmc
2015-10-04 05:08:50,522 null [INFO] (/home/meteo/dev/redist/fwidbmgr/include/Grid.h:1695) Grid dmc configured.
2015-10-04 05:08:50,535 null [INFO] (/home/meteo/dev/redist/fwidbmgr/include/Grid.h:1595) Configuring grid: dc
2015-10-04 05:08:50,536 null [INFO] (/home/meteo/dev/redist/fwidbmgr/include/Grid.h:1695) Grid dc configured.
2015-10-04 05:08:50,549 null [INFO] (/home/meteo/dev/redist/fwidbmgr/include/Grid.h:1595) Configuring grid: bui
2015-10-04 05:08:50,549 null [INFO] (/home/meteo/dev/redist/fwidbmgr/include/Grid.h:1695) Grid bui configured.
2015-10-04 05:08:50,563 null [INFO] (/home/meteo/dev/redist/fwidbmgr/include/Grid.h:1595) Configuring grid: ffmc_tmp
2015-10-04 05:08:50,563 null [INFO] (/home/meteo/dev/redist/fwidbmgr/include/Grid.h:1695) Grid ffmc_tmp configured.
2015-10-04 05:08:50,604 null [INFO] (/home/meteo/dev/redist/fwidbmgr/include/Grid.h:1595) Configuring grid: dmc_tmp
2015-10-04 05:08:50,604 null [INFO] (/home/meteo/dev/redist/fwidbmgr/include/Grid.h:1695) Grid dmc_tmp configured.
2015-10-04 05:08:50,624 null [INFO] (/home/meteo/dev/redist/fwidbmgr/include/Grid.h:1595) Configuring grid: dc_tmp
2015-10-04 05:08:50,624 null [INFO] (/home/meteo/dev/redist/fwidbmgr/include/Grid.h:1695) Grid dc_tmp configured.
2015-10-04 05:08:50,644 null [INFO] (/home/meteo/dev/redist/fwidbmgr/include/Grid.h:1595) Configuring grid: idi
2015-10-04 05:08:50,644 null [INFO] (/home/meteo/dev/redist/fwidbmgr/include/Grid.h:1695) Grid idi configured.
2015-10-04 05:09:03,882 null [INFO] (../src/fwidbmgr.cpp:2045) Storing FWI indexes ...
2015-10-04 05:09:47,453 null [INFO] (../src/fwidbmgr.cpp:5382) OK --> 20151003 data imported.
2015-10-04 05:09:47,453 null [INFO] (../src/fwidbmgr.cpp:5496) action out took about 57 seconds.
2015-10-04 05:09:47,454 null [INFO] (../src/fwidbmgr.cpp:5499) Disconnected from database.
2015-10-04 05:09:47,812 null [INFO] (../src/fwidbmgr.cpp:5207) fwi db manager
2015-10-04 05:09:47,812 null [INFO] (../src/fwidbmgr.cpp:5209) Program home: /home/meteo/dev/redist/fwidbmgr
2015-10-04 05:09:47,812 null [INFO] (../src/fwidbmgr.cpp:5211) Auto convert: 1
2015-10-04 05:09:47,812 null [INFO] (../src/fwidbmgr.cpp:458) action: computeidx.
2015-10-04 05:09:47,812 null [INFO] (../src/fwidbmgr.cpp:482) date: 20151003.
2015-10-04 05:09:47,812 null [INFO] (../src/fwidbmgr.cpp:319) Try to read: /home/meteo/dev/redist/fwidbmgr/config/fwidbmgr.conf.
2015-10-04 05:09:47,825 null [INFO] (../src/fwidbmgr.cpp:5240) Configuration parsing: OK.
2015-10-04 05:09:47,859 null [INFO] (../src/fwidbmgr.cpp:5322) Connected to database
2015-10-04 05:09:47,859 null [INFO] (../src/fwidbmgr.cpp:5323) Manage data for date: 20151003.
2015-10-04 05:09:47,859 null [INFO] (../src/fwidbmgr.cpp:5463) Computing indexes.
2015-10-04 05:09:47,860 null [INFO] (/home/meteo/dev/redist/fwidbmgr/include/Grid.h:1595) Configuring grid: isi
2015-10-04 05:09:47,861 null [INFO] (/home/meteo/dev/redist/fwidbmgr/include/Grid.h:1695) Grid isi configured.
2015-10-04 05:09:47,862 null [INFO] (/home/meteo/dev/redist/fwidbmgr/include/Grid.h:1595) Configuring grid: fwi
2015-10-04 05:09:47,862 null [INFO] (/home/meteo/dev/redist/fwidbmgr/include/Grid.h:1695) Grid fwi configured.
2015-10-04 05:09:47,863 null [INFO] (/home/meteo/dev/redist/fwidbmgr/include/Grid.h:1595) Configuring grid: ffmc
2015-10-04 05:09:47,863 null [INFO] (/home/meteo/dev/redist/fwidbmgr/include/Grid.h:1695) Grid ffmc configured.
2015-10-04 05:09:47,865 null [INFO] (/home/meteo/dev/redist/fwidbmgr/include/Grid.h:1595) Configuring grid: dmc
2015-10-04 05:09:47,865 null [INFO] (/home/meteo/dev/redist/fwidbmgr/include/Grid.h:1695) Grid dmc configured.
2015-10-04 05:09:47,866 null [INFO] (/home/meteo/dev/redist/fwidbmgr/include/Grid.h:1595) Configuring grid: dc
2015-10-04 05:09:47,866 null [INFO] (/home/meteo/dev/redist/fwidbmgr/include/Grid.h:1695) Grid dc configured.
2015-10-04 05:09:47,867 null [INFO] (/home/meteo/dev/redist/fwidbmgr/include/Grid.h:1595) Configuring grid: bui
2015-10-04 05:09:47,868 null [INFO] (/home/meteo/dev/redist/fwidbmgr/include/Grid.h:1695) Grid bui configured.
2015-10-04 05:09:47,869 null [INFO] (/home/meteo/dev/redist/fwidbmgr/include/Grid.h:1595) Configuring grid: ffmc_tmp
2015-10-04 05:09:47,869 null [INFO] (/home/meteo/dev/redist/fwidbmgr/include/Grid.h:1695) Grid ffmc_tmp configured.
2015-10-04 05:09:47,870 null [INFO] (/home/meteo/dev/redist/fwidbmgr/include/Grid.h:1595) Configuring grid: dmc_tmp
2015-10-04 05:09:47,870 null [INFO] (/home/meteo/dev/redist/fwidbmgr/include/Grid.h:1695) Grid dmc_tmp configured.
2015-10-04 05:09:47,872 null [INFO] (/home/meteo/dev/redist/fwidbmgr/include/Grid.h:1595) Configuring grid: dc_tmp
2015-10-04 05:09:47,872 null [INFO] (/home/meteo/dev/redist/fwidbmgr/include/Grid.h:1695) Grid dc_tmp configured.
2015-10-04 05:09:47,873 null [INFO] (/home/meteo/dev/redist/fwidbmgr/include/Grid.h:1595) Configuring grid: idi
2015-10-04 05:09:47,873 null [INFO] (/home/meteo/dev/redist/fwidbmgr/include/Grid.h:1695) Grid idi configured.
2015-10-04 05:09:47,874 null [INFO] (/home/meteo/dev/redist/fwidbmgr/include/Grid.h:1595) Configuring grid: angstrom
2015-10-04 05:09:47,875 null [INFO] (/home/meteo/dev/redist/fwidbmgr/include/Grid.h:1695) Grid angstrom configured.
2015-10-04 05:09:47,876 null [INFO] (/home/meteo/dev/redist/fwidbmgr/include/Grid.h:1595) Configuring grid: fmi
2015-10-04 05:09:47,876 null [INFO] (/home/meteo/dev/redist/fwidbmgr/include/Grid.h:1695) Grid fmi configured.
2015-10-04 05:09:47,877 null [INFO] (/home/meteo/dev/redist/fwidbmgr/include/Grid.h:1595) Configuring grid: sharples
2015-10-04 05:09:47,877 null [INFO] (/home/meteo/dev/redist/fwidbmgr/include/Grid.h:1695) Grid sharples configured.
2015-10-04 05:10:02,635 null [INFO] (/home/meteo/dev/redist/fwidbmgr/include/Grid.h:1595) Configuring grid: snow
2015-10-04 05:10:02,641 null [INFO] (/home/meteo/dev/redist/fwidbmgr/include/Grid.h:1695) Grid snow configured.
2015-10-04 05:10:02,642 null [INFO] (/home/meteo/dev/redist/fwidbmgr/include/Grid.h:1595) Configuring grid: snow_covering
2015-10-04 05:10:02,642 null [INFO] (/home/meteo/dev/redist/fwidbmgr/include/Grid.h:1695) Grid snow_covering configured.
2015-10-04 05:10:02,642 null [INFO] (/home/meteo/dev/redist/fwidbmgr/include/Grid.h:1595) Configuring grid: snow_dissolution
2015-10-04 05:10:02,642 null [INFO] (/home/meteo/dev/redist/fwidbmgr/include/Grid.h:1695) Grid snow_dissolution configured.
2015-10-04 05:10:02,642 null [INFO] (/home/meteo/dev/redist/fwidbmgr/include/Grid.h:1595) Configuring grid: temperature
2015-10-04 05:10:02,642 null [INFO] (/home/meteo/dev/redist/fwidbmgr/include/Grid.h:1695) Grid temperature configured.
2015-10-04 05:10:02,642 null [INFO] (/home/meteo/dev/redist/fwidbmgr/include/Grid.h:1595) Configuring grid: humidity
2015-10-04 05:10:02,642 null [INFO] (/home/meteo/dev/redist/fwidbmgr/include/Grid.h:1695) Grid humidity configured.
2015-10-04 05:10:02,642 null [INFO] (/home/meteo/dev/redist/fwidbmgr/include/Grid.h:1595) Configuring grid: windspeed
2015-10-04 05:10:02,643 null [INFO] (/home/meteo/dev/redist/fwidbmgr/include/Grid.h:1695) Grid windspeed configured.
2015-10-04 05:10:02,643 null [INFO] (/home/meteo/dev/redist/fwidbmgr/include/Grid.h:1595) Configuring grid: rain
2015-10-04 05:10:02,643 null [INFO] (/home/meteo/dev/redist/fwidbmgr/include/Grid.h:1695) Grid rain configured.
2015-10-04 05:10:02,643 null [INFO] (/home/meteo/dev/redist/fwidbmgr/include/Grid.h:1595) Configuring grid: cum_rain
2015-10-04 05:10:02,643 null [INFO] (/home/meteo/dev/redist/fwidbmgr/include/Grid.h:1695) Grid cum_rain configured.
2015-10-04 05:12:20,282 null [INFO] (../src/fwidbmgr.cpp:5466) OK --> 20151003 indexes computed.
2015-10-04 05:12:20,309 null [INFO] (../src/fwidbmgr.cpp:5496) action computeidx took about 153 seconds.
2015-10-04 05:12:20,309 null [INFO] (../src/fwidbmgr.cpp:5499) Disconnected from database.
2015-10-04 05:12:20,797 null [INFO] (../src/fwidbmgr.cpp:5207) fwi db manager
2015-10-04 05:12:20,797 null [INFO] (../src/fwidbmgr.cpp:5209) Program home: /home/meteo/dev/redist/fwidbmgr
2015-10-04 05:12:20,797 null [INFO] (../src/fwidbmgr.cpp:5211) Auto convert: 1
2015-10-04 05:12:20,797 null [INFO] (../src/fwidbmgr.cpp:458) action: exportidx.
2015-10-04 05:12:20,797 null [INFO] (../src/fwidbmgr.cpp:482) date: 20151003.
2015-10-04 05:12:20,797 null [INFO] (../src/fwidbmgr.cpp:319) Try to read: /home/meteo/dev/redist/fwidbmgr/config/fwidbmgr.conf.
2015-10-04 05:12:20,802 null [INFO] (../src/fwidbmgr.cpp:5240) Configuration parsing: OK.
2015-10-04 05:12:21,057 null [INFO] (../src/fwidbmgr.cpp:5322) Connected to database
2015-10-04 05:12:21,057 null [INFO] (../src/fwidbmgr.cpp:5323) Manage data for date: 20151003.
2015-10-04 05:12:21,057 null [INFO] (../src/fwidbmgr.cpp:5415) Exporting indexes.
2015-10-04 05:12:21,070 null [INFO] (/home/meteo/dev/redist/fwidbmgr/include/Grid.h:1595) Configuring grid: isi
2015-10-04 05:12:21,070 null [INFO] (/home/meteo/dev/redist/fwidbmgr/include/Grid.h:1695) Grid isi configured.
2015-10-04 05:12:21,071 null [INFO] (/home/meteo/dev/redist/fwidbmgr/include/Grid.h:1595) Configuring grid: fwi
2015-10-04 05:12:21,071 null [INFO] (/home/meteo/dev/redist/fwidbmgr/include/Grid.h:1695) Grid fwi configured.
2015-10-04 05:12:21,073 null [INFO] (/home/meteo/dev/redist/fwidbmgr/include/Grid.h:1595) Configuring grid: ffmc
2015-10-04 05:12:21,073 null [INFO] (/home/meteo/dev/redist/fwidbmgr/include/Grid.h:1695) Grid ffmc configured.
2015-10-04 05:12:21,074 null [INFO] (/home/meteo/dev/redist/fwidbmgr/include/Grid.h:1595) Configuring grid: dmc
2015-10-04 05:12:21,074 null [INFO] (/home/meteo/dev/redist/fwidbmgr/include/Grid.h:1695) Grid dmc configured.
2015-10-04 05:12:21,076 null [INFO] (/home/meteo/dev/redist/fwidbmgr/include/Grid.h:1595) Configuring grid: dc
2015-10-04 05:12:21,076 null [INFO] (/home/meteo/dev/redist/fwidbmgr/include/Grid.h:1695) Grid dc configured.
2015-10-04 05:12:21,077 null [INFO] (/home/meteo/dev/redist/fwidbmgr/include/Grid.h:1595) Configuring grid: bui
2015-10-04 05:12:21,077 null [INFO] (/home/meteo/dev/redist/fwidbmgr/include/Grid.h:1695) Grid bui configured.
2015-10-04 05:12:21,078 null [INFO] (/home/meteo/dev/redist/fwidbmgr/include/Grid.h:1595) Configuring grid: ffmc_tmp
2015-10-04 05:12:21,078 null [INFO] (/home/meteo/dev/redist/fwidbmgr/include/Grid.h:1695) Grid ffmc_tmp configured.
2015-10-04 05:12:21,080 null [INFO] (/home/meteo/dev/redist/fwidbmgr/include/Grid.h:1595) Configuring grid: dmc_tmp
2015-10-04 05:12:21,080 null [INFO] (/home/meteo/dev/redist/fwidbmgr/include/Grid.h:1695) Grid dmc_tmp configured.
2015-10-04 05:12:21,081 null [INFO] (/home/meteo/dev/redist/fwidbmgr/include/Grid.h:1595) Configuring grid: dc_tmp
2015-10-04 05:12:21,081 null [INFO] (/home/meteo/dev/redist/fwidbmgr/include/Grid.h:1695) Grid dc_tmp configured.
2015-10-04 05:12:21,083 null [INFO] (/home/meteo/dev/redist/fwidbmgr/include/Grid.h:1595) Configuring grid: idi
2015-10-04 05:12:21,083 null [INFO] (/home/meteo/dev/redist/fwidbmgr/include/Grid.h:1695) Grid idi configured.
2015-10-04 05:12:21,084 null [INFO] (/home/meteo/dev/redist/fwidbmgr/include/Grid.h:1595) Configuring grid: angstrom
2015-10-04 05:12:21,084 null [INFO] (/home/meteo/dev/redist/fwidbmgr/include/Grid.h:1695) Grid angstrom configured.
2015-10-04 05:12:21,085 null [INFO] (/home/meteo/dev/redist/fwidbmgr/include/Grid.h:1595) Configuring grid: fmi
2015-10-04 05:12:21,085 null [INFO] (/home/meteo/dev/redist/fwidbmgr/include/Grid.h:1695) Grid fmi configured.
2015-10-04 05:12:21,087 null [INFO] (/home/meteo/dev/redist/fwidbmgr/include/Grid.h:1595) Configuring grid: sharples
2015-10-04 05:12:21,087 null [INFO] (/home/meteo/dev/redist/fwidbmgr/include/Grid.h:1695) Grid sharples configured.
2015-10-04 05:12:39,127 null [INFO] (/home/meteo/dev/redist/fwidbmgr/include/Grid.h:1595) Configuring grid: isi
2015-10-04 05:12:39,129 null [INFO] (/home/meteo/dev/redist/fwidbmgr/include/Grid.h:1695) Grid isi configured.
2015-10-04 05:12:39,171 null [INFO] (/home/meteo/dev/redist/fwidbmgr/include/Grid.h:1595) Configuring grid: fwi
2015-10-04 05:12:39,171 null [INFO] (/home/meteo/dev/redist/fwidbmgr/include/Grid.h:1695) Grid fwi configured.
2015-10-04 05:12:39,207 null [INFO] (/home/meteo/dev/redist/fwidbmgr/include/Grid.h:1595) Configuring grid: ffmc
2015-10-04 05:12:39,207 null [INFO] (/home/meteo/dev/redist/fwidbmgr/include/Grid.h:1695) Grid ffmc configured.
2015-10-04 05:12:39,245 null [INFO] (/home/meteo/dev/redist/fwidbmgr/include/Grid.h:1595) Configuring grid: dmc
2015-10-04 05:12:39,245 null [INFO] (/home/meteo/dev/redist/fwidbmgr/include/Grid.h:1695) Grid dmc configured.
2015-10-04 05:12:39,283 null [INFO] (/home/meteo/dev/redist/fwidbmgr/include/Grid.h:1595) Configuring grid: dc
2015-10-04 05:12:39,283 null [INFO] (/home/meteo/dev/redist/fwidbmgr/include/Grid.h:1695) Grid dc configured.
2015-10-04 05:12:39,321 null [INFO] (/home/meteo/dev/redist/fwidbmgr/include/Grid.h:1595) Configuring grid: bui
2015-10-04 05:12:39,321 null [INFO] (/home/meteo/dev/redist/fwidbmgr/include/Grid.h:1695) Grid bui configured.
2015-10-04 05:12:39,358 null [INFO] (/home/meteo/dev/redist/fwidbmgr/include/Grid.h:1595) Configuring grid: ffmc_tmp
2015-10-04 05:12:39,358 null [INFO] (/home/meteo/dev/redist/fwidbmgr/include/Grid.h:1695) Grid ffmc_tmp configured.
2015-10-04 05:12:39,395 null [INFO] (/home/meteo/dev/redist/fwidbmgr/include/Grid.h:1595) Configuring grid: dmc_tmp
2015-10-04 05:12:39,395 null [INFO] (/home/meteo/dev/redist/fwidbmgr/include/Grid.h:1695) Grid dmc_tmp configured.
2015-10-04 05:12:39,430 null [INFO] (/home/meteo/dev/redist/fwidbmgr/include/Grid.h:1595) Configuring grid: dc_tmp
2015-10-04 05:12:39,430 null [INFO] (/home/meteo/dev/redist/fwidbmgr/include/Grid.h:1695) Grid dc_tmp configured.
2015-10-04 05:12:39,465 null [INFO] (/home/meteo/dev/redist/fwidbmgr/include/Grid.h:1595) Configuring grid: angstrom
2015-10-04 05:12:39,465 null [INFO] (/home/meteo/dev/redist/fwidbmgr/include/Grid.h:1695) Grid angstrom configured.
2015-10-04 05:12:39,542 null [INFO] (/home/meteo/dev/redist/fwidbmgr/include/Grid.h:1595) Configuring grid: sharples
2015-10-04 05:12:39,542 null [INFO] (/home/meteo/dev/redist/fwidbmgr/include/Grid.h:1695) Grid sharples configured.
2015-10-04 05:12:39,591 null [INFO] (/home/meteo/dev/redist/fwidbmgr/include/Grid.h:1595) Configuring grid: fmi
2015-10-04 05:12:39,591 null [INFO] (/home/meteo/dev/redist/fwidbmgr/include/Grid.h:1695) Grid fmi configured.
2015-10-04 05:12:39,631 null [INFO] (../src/fwidbmgr.cpp:5418) OK --> 20151003 indexes exported to files.
2015-10-04 05:12:39,631 null [INFO] (../src/fwidbmgr.cpp:5496) action exportidx took about 18 seconds.
2015-10-04 05:12:39,631 null [INFO] (../src/fwidbmgr.cpp:5499) Disconnected from database.
