2019-04-10 05:05:45,704 null [INFO] (../src/fwidbmgr.cpp:5361) fwi db manager
2019-04-10 05:05:45,704 null [INFO] (../src/fwidbmgr.cpp:5365) Program home: /home/meteo/dev/redist/fwidbmgr
2019-04-10 05:05:45,704 null [INFO] (../src/fwidbmgr.cpp:5369) Auto convert: 1
2019-04-10 05:05:45,704 null [INFO] (../src/fwidbmgr.cpp:446) action: in.
2019-04-10 05:05:45,704 null [INFO] (../src/fwidbmgr.cpp:470) date: 20190409.
2019-04-10 05:05:45,704 null [INFO] (../src/fwidbmgr.cpp:322) Try to read: /home/meteo/dev/redist/fwidbmgr/config/fwidbmgr.conf.
2019-04-10 05:05:45,707 null [INFO] (../src/fwidbmgr.cpp:5393) Configuration parsing: OK.
2019-04-10 05:05:45,711 null [INFO] (../src/fwidbmgr.cpp:5478) Connected to database
2019-04-10 05:05:45,711 null [INFO] (../src/fwidbmgr.cpp:5480) Manage data for date: 20190409.
2019-04-10 05:05:45,711 null [INFO] (../src/fwidbmgr.cpp:5536) Importing meteo data in database for day: 20190409.
2019-04-10 05:05:45,715 null [INFO] (/home/meteo/dev/redist/fwidbmgr/include/Grid.h:1595) Configuring grid: snow
2019-04-10 05:05:45,716 null [INFO] (/home/meteo/dev/redist/fwidbmgr/include/Grid.h:1695) Grid snow configured.
2019-04-10 05:05:45,726 null [INFO] (/home/meteo/dev/redist/fwidbmgr/include/Grid.h:1595) Configuring grid: snow_covering
2019-04-10 05:05:45,726 null [INFO] (/home/meteo/dev/redist/fwidbmgr/include/Grid.h:1695) Grid snow_covering configured.
2019-04-10 05:05:45,733 null [INFO] (/home/meteo/dev/redist/fwidbmgr/include/Grid.h:1595) Configuring grid: snow_dissolution
2019-04-10 05:05:45,733 null [INFO] (/home/meteo/dev/redist/fwidbmgr/include/Grid.h:1695) Grid snow_dissolution configured.
2019-04-10 05:05:45,747 null [INFO] (/home/meteo/dev/redist/fwidbmgr/include/Grid.h:1595) Configuring grid: temperature
2019-04-10 05:05:45,747 null [INFO] (/home/meteo/dev/redist/fwidbmgr/include/Grid.h:1695) Grid temperature configured.
2019-04-10 05:05:45,750 null [INFO] (/home/meteo/dev/redist/fwidbmgr/include/Grid.h:1595) Configuring grid: humidity
2019-04-10 05:05:45,750 null [INFO] (/home/meteo/dev/redist/fwidbmgr/include/Grid.h:1695) Grid humidity configured.
2019-04-10 05:05:45,757 null [INFO] (/home/meteo/dev/redist/fwidbmgr/include/Grid.h:1595) Configuring grid: windspeed
2019-04-10 05:05:45,757 null [INFO] (/home/meteo/dev/redist/fwidbmgr/include/Grid.h:1695) Grid windspeed configured.
2019-04-10 05:05:45,770 null [INFO] (/home/meteo/dev/redist/fwidbmgr/include/Grid.h:1595) Configuring grid: rain
2019-04-10 05:05:45,770 null [INFO] (/home/meteo/dev/redist/fwidbmgr/include/Grid.h:1695) Grid rain configured.
2019-04-10 05:05:45,772 null [INFO] (/home/meteo/dev/redist/fwidbmgr/include/Grid.h:1595) Configuring grid: cum_rain
2019-04-10 05:05:45,772 null [INFO] (/home/meteo/dev/redist/fwidbmgr/include/Grid.h:1695) Grid cum_rain configured.
2019-04-10 05:05:45,947 null [INFO] (../src/fwidbmgr.cpp:1518) Storing meteo input ...
2019-04-10 05:05:52,985 null [INFO] (../src/fwidbmgr.cpp:5540) OK --> 20190409 data imported.
2019-04-10 05:05:53,002 null [INFO] (../src/fwidbmgr.cpp:5695) action in took about 8 seconds.
2019-04-10 05:05:53,028 null [INFO] (../src/fwidbmgr.cpp:5699) Disconnected from database.
2019-04-10 05:06:32,768 null [INFO] (../src/fwidbmgr.cpp:5361) fwi db manager
2019-04-10 05:06:32,769 null [INFO] (../src/fwidbmgr.cpp:5365) Program home: /home/meteo/dev/redist/fwidbmgr
2019-04-10 05:06:32,769 null [INFO] (../src/fwidbmgr.cpp:5369) Auto convert: 1
2019-04-10 05:06:32,769 null [INFO] (../src/fwidbmgr.cpp:446) action: out.
2019-04-10 05:06:32,769 null [INFO] (../src/fwidbmgr.cpp:470) date: 20190409.
2019-04-10 05:06:32,769 null [INFO] (../src/fwidbmgr.cpp:322) Try to read: /home/meteo/dev/redist/fwidbmgr/config/fwidbmgr.conf.
2019-04-10 05:06:32,770 null [INFO] (../src/fwidbmgr.cpp:5393) Configuration parsing: OK.
2019-04-10 05:06:32,781 null [INFO] (../src/fwidbmgr.cpp:5478) Connected to database
2019-04-10 05:06:32,781 null [INFO] (../src/fwidbmgr.cpp:5480) Manage data for date: 20190409.
2019-04-10 05:06:32,781 null [INFO] (../src/fwidbmgr.cpp:5551) Importing fwi indexes data in database for day: 20190409.
2019-04-10 05:06:32,783 null [INFO] (/home/meteo/dev/redist/fwidbmgr/include/Grid.h:1595) Configuring grid: isi
2019-04-10 05:06:32,783 null [INFO] (/home/meteo/dev/redist/fwidbmgr/include/Grid.h:1695) Grid isi configured.
2019-04-10 05:06:32,793 null [INFO] (/home/meteo/dev/redist/fwidbmgr/include/Grid.h:1595) Configuring grid: fwi
2019-04-10 05:06:32,793 null [INFO] (/home/meteo/dev/redist/fwidbmgr/include/Grid.h:1695) Grid fwi configured.
2019-04-10 05:06:32,800 null [INFO] (/home/meteo/dev/redist/fwidbmgr/include/Grid.h:1595) Configuring grid: ffmc
2019-04-10 05:06:32,800 null [INFO] (/home/meteo/dev/redist/fwidbmgr/include/Grid.h:1695) Grid ffmc configured.
2019-04-10 05:06:32,807 null [INFO] (/home/meteo/dev/redist/fwidbmgr/include/Grid.h:1595) Configuring grid: dmc
2019-04-10 05:06:32,807 null [INFO] (/home/meteo/dev/redist/fwidbmgr/include/Grid.h:1695) Grid dmc configured.
2019-04-10 05:06:32,813 null [INFO] (/home/meteo/dev/redist/fwidbmgr/include/Grid.h:1595) Configuring grid: dc
2019-04-10 05:06:32,813 null [INFO] (/home/meteo/dev/redist/fwidbmgr/include/Grid.h:1695) Grid dc configured.
2019-04-10 05:06:32,820 null [INFO] (/home/meteo/dev/redist/fwidbmgr/include/Grid.h:1595) Configuring grid: bui
2019-04-10 05:06:32,820 null [INFO] (/home/meteo/dev/redist/fwidbmgr/include/Grid.h:1695) Grid bui configured.
2019-04-10 05:06:32,827 null [INFO] (/home/meteo/dev/redist/fwidbmgr/include/Grid.h:1595) Configuring grid: ffmc_tmp
2019-04-10 05:06:32,827 null [INFO] (/home/meteo/dev/redist/fwidbmgr/include/Grid.h:1695) Grid ffmc_tmp configured.
2019-04-10 05:06:32,838 null [INFO] (/home/meteo/dev/redist/fwidbmgr/include/Grid.h:1595) Configuring grid: dmc_tmp
2019-04-10 05:06:32,838 null [INFO] (/home/meteo/dev/redist/fwidbmgr/include/Grid.h:1695) Grid dmc_tmp configured.
2019-04-10 05:06:32,849 null [INFO] (/home/meteo/dev/redist/fwidbmgr/include/Grid.h:1595) Configuring grid: dc_tmp
2019-04-10 05:06:32,849 null [INFO] (/home/meteo/dev/redist/fwidbmgr/include/Grid.h:1695) Grid dc_tmp configured.
2019-04-10 05:06:32,860 null [INFO] (/home/meteo/dev/redist/fwidbmgr/include/Grid.h:1595) Configuring grid: idi
2019-04-10 05:06:32,860 null [INFO] (/home/meteo/dev/redist/fwidbmgr/include/Grid.h:1695) Grid idi configured.
2019-04-10 05:06:33,039 null [INFO] (../src/fwidbmgr.cpp:2081) Storing FWI indexes ...
2019-04-10 05:06:36,520 null [INFO] (../src/fwidbmgr.cpp:5555) OK --> 20190409 data imported.
2019-04-10 05:06:36,521 null [INFO] (../src/fwidbmgr.cpp:5695) action out took about 4 seconds.
2019-04-10 05:06:36,521 null [INFO] (../src/fwidbmgr.cpp:5699) Disconnected from database.
2019-04-10 05:06:36,540 null [INFO] (../src/fwidbmgr.cpp:5361) fwi db manager
2019-04-10 05:06:36,540 null [INFO] (../src/fwidbmgr.cpp:5365) Program home: /home/meteo/dev/redist/fwidbmgr
2019-04-10 05:06:36,540 null [INFO] (../src/fwidbmgr.cpp:5369) Auto convert: 1
2019-04-10 05:06:36,540 null [INFO] (../src/fwidbmgr.cpp:446) action: computeidx.
2019-04-10 05:06:36,540 null [INFO] (../src/fwidbmgr.cpp:470) date: 20190409.
2019-04-10 05:06:36,540 null [INFO] (../src/fwidbmgr.cpp:322) Try to read: /home/meteo/dev/redist/fwidbmgr/config/fwidbmgr.conf.
2019-04-10 05:06:36,541 null [INFO] (../src/fwidbmgr.cpp:5393) Configuration parsing: OK.
2019-04-10 05:06:36,544 null [INFO] (../src/fwidbmgr.cpp:5478) Connected to database
2019-04-10 05:06:36,544 null [INFO] (../src/fwidbmgr.cpp:5480) Manage data for date: 20190409.
2019-04-10 05:06:36,544 null [INFO] (../src/fwidbmgr.cpp:5656) Computing indexes.
2019-04-10 05:06:36,545 null [INFO] (/home/meteo/dev/redist/fwidbmgr/include/Grid.h:1595) Configuring grid: isi
2019-04-10 05:06:36,545 null [INFO] (/home/meteo/dev/redist/fwidbmgr/include/Grid.h:1695) Grid isi configured.
2019-04-10 05:06:36,546 null [INFO] (/home/meteo/dev/redist/fwidbmgr/include/Grid.h:1595) Configuring grid: fwi
2019-04-10 05:06:36,546 null [INFO] (/home/meteo/dev/redist/fwidbmgr/include/Grid.h:1695) Grid fwi configured.
2019-04-10 05:06:36,548 null [INFO] (/home/meteo/dev/redist/fwidbmgr/include/Grid.h:1595) Configuring grid: ffmc
2019-04-10 05:06:36,548 null [INFO] (/home/meteo/dev/redist/fwidbmgr/include/Grid.h:1695) Grid ffmc configured.
2019-04-10 05:06:36,549 null [INFO] (/home/meteo/dev/redist/fwidbmgr/include/Grid.h:1595) Configuring grid: dmc
2019-04-10 05:06:36,549 null [INFO] (/home/meteo/dev/redist/fwidbmgr/include/Grid.h:1695) Grid dmc configured.
2019-04-10 05:06:36,550 null [INFO] (/home/meteo/dev/redist/fwidbmgr/include/Grid.h:1595) Configuring grid: dc
2019-04-10 05:06:36,550 null [INFO] (/home/meteo/dev/redist/fwidbmgr/include/Grid.h:1695) Grid dc configured.
2019-04-10 05:06:36,551 null [INFO] (/home/meteo/dev/redist/fwidbmgr/include/Grid.h:1595) Configuring grid: bui
2019-04-10 05:06:36,551 null [INFO] (/home/meteo/dev/redist/fwidbmgr/include/Grid.h:1695) Grid bui configured.
2019-04-10 05:06:36,552 null [INFO] (/home/meteo/dev/redist/fwidbmgr/include/Grid.h:1595) Configuring grid: ffmc_tmp
2019-04-10 05:06:36,552 null [INFO] (/home/meteo/dev/redist/fwidbmgr/include/Grid.h:1695) Grid ffmc_tmp configured.
2019-04-10 05:06:36,553 null [INFO] (/home/meteo/dev/redist/fwidbmgr/include/Grid.h:1595) Configuring grid: dmc_tmp
2019-04-10 05:06:36,553 null [INFO] (/home/meteo/dev/redist/fwidbmgr/include/Grid.h:1695) Grid dmc_tmp configured.
2019-04-10 05:06:36,554 null [INFO] (/home/meteo/dev/redist/fwidbmgr/include/Grid.h:1595) Configuring grid: dc_tmp
2019-04-10 05:06:36,554 null [INFO] (/home/meteo/dev/redist/fwidbmgr/include/Grid.h:1695) Grid dc_tmp configured.
2019-04-10 05:06:36,555 null [INFO] (/home/meteo/dev/redist/fwidbmgr/include/Grid.h:1595) Configuring grid: idi
2019-04-10 05:06:36,555 null [INFO] (/home/meteo/dev/redist/fwidbmgr/include/Grid.h:1695) Grid idi configured.
2019-04-10 05:06:36,556 null [INFO] (/home/meteo/dev/redist/fwidbmgr/include/Grid.h:1595) Configuring grid: angstrom
2019-04-10 05:06:36,556 null [INFO] (/home/meteo/dev/redist/fwidbmgr/include/Grid.h:1695) Grid angstrom configured.
2019-04-10 05:06:36,557 null [INFO] (/home/meteo/dev/redist/fwidbmgr/include/Grid.h:1595) Configuring grid: fmi
2019-04-10 05:06:36,557 null [INFO] (/home/meteo/dev/redist/fwidbmgr/include/Grid.h:1695) Grid fmi configured.
2019-04-10 05:06:36,558 null [INFO] (/home/meteo/dev/redist/fwidbmgr/include/Grid.h:1595) Configuring grid: sharples
2019-04-10 05:06:36,558 null [INFO] (/home/meteo/dev/redist/fwidbmgr/include/Grid.h:1695) Grid sharples configured.
2019-04-10 05:06:36,938 null [INFO] (/home/meteo/dev/redist/fwidbmgr/include/Grid.h:1595) Configuring grid: snow
2019-04-10 05:06:36,938 null [INFO] (/home/meteo/dev/redist/fwidbmgr/include/Grid.h:1695) Grid snow configured.
2019-04-10 05:06:36,938 null [INFO] (/home/meteo/dev/redist/fwidbmgr/include/Grid.h:1595) Configuring grid: snow_covering
2019-04-10 05:06:36,938 null [INFO] (/home/meteo/dev/redist/fwidbmgr/include/Grid.h:1695) Grid snow_covering configured.
2019-04-10 05:06:36,938 null [INFO] (/home/meteo/dev/redist/fwidbmgr/include/Grid.h:1595) Configuring grid: snow_dissolution
2019-04-10 05:06:36,938 null [INFO] (/home/meteo/dev/redist/fwidbmgr/include/Grid.h:1695) Grid snow_dissolution configured.
2019-04-10 05:06:36,938 null [INFO] (/home/meteo/dev/redist/fwidbmgr/include/Grid.h:1595) Configuring grid: temperature
2019-04-10 05:06:36,938 null [INFO] (/home/meteo/dev/redist/fwidbmgr/include/Grid.h:1695) Grid temperature configured.
2019-04-10 05:06:36,938 null [INFO] (/home/meteo/dev/redist/fwidbmgr/include/Grid.h:1595) Configuring grid: humidity
2019-04-10 05:06:36,938 null [INFO] (/home/meteo/dev/redist/fwidbmgr/include/Grid.h:1695) Grid humidity configured.
2019-04-10 05:06:36,938 null [INFO] (/home/meteo/dev/redist/fwidbmgr/include/Grid.h:1595) Configuring grid: windspeed
2019-04-10 05:06:36,939 null [INFO] (/home/meteo/dev/redist/fwidbmgr/include/Grid.h:1695) Grid windspeed configured.
2019-04-10 05:06:36,939 null [INFO] (/home/meteo/dev/redist/fwidbmgr/include/Grid.h:1595) Configuring grid: rain
2019-04-10 05:06:36,939 null [INFO] (/home/meteo/dev/redist/fwidbmgr/include/Grid.h:1695) Grid rain configured.
2019-04-10 05:06:36,939 null [INFO] (/home/meteo/dev/redist/fwidbmgr/include/Grid.h:1595) Configuring grid: cum_rain
2019-04-10 05:06:36,939 null [INFO] (/home/meteo/dev/redist/fwidbmgr/include/Grid.h:1695) Grid cum_rain configured.
2019-04-10 05:07:29,695 null [INFO] (../src/fwidbmgr.cpp:5660) OK --> 20190409 indexes computed.
2019-04-10 05:07:29,695 null [INFO] (../src/fwidbmgr.cpp:5695) action computeidx took about 53 seconds.
2019-04-10 05:07:29,696 null [INFO] (../src/fwidbmgr.cpp:5699) Disconnected from database.
2019-04-10 05:07:29,709 null [INFO] (../src/fwidbmgr.cpp:5361) fwi db manager
2019-04-10 05:07:29,710 null [INFO] (../src/fwidbmgr.cpp:5365) Program home: /home/meteo/dev/redist/fwidbmgr
2019-04-10 05:07:29,710 null [INFO] (../src/fwidbmgr.cpp:5369) Auto convert: 1
2019-04-10 05:07:29,710 null [INFO] (../src/fwidbmgr.cpp:446) action: exportidx.
2019-04-10 05:07:29,710 null [INFO] (../src/fwidbmgr.cpp:470) date: 20190409.
2019-04-10 05:07:29,710 null [INFO] (../src/fwidbmgr.cpp:322) Try to read: /home/meteo/dev/redist/fwidbmgr/config/fwidbmgr.conf.
2019-04-10 05:07:29,711 null [INFO] (../src/fwidbmgr.cpp:5393) Configuration parsing: OK.
2019-04-10 05:07:29,713 null [INFO] (../src/fwidbmgr.cpp:5478) Connected to database
2019-04-10 05:07:29,713 null [INFO] (../src/fwidbmgr.cpp:5480) Manage data for date: 20190409.
2019-04-10 05:07:29,713 null [INFO] (../src/fwidbmgr.cpp:5596) Exporting indexes.
2019-04-10 05:07:29,714 null [INFO] (/home/meteo/dev/redist/fwidbmgr/include/Grid.h:1595) Configuring grid: isi
2019-04-10 05:07:29,715 null [INFO] (/home/meteo/dev/redist/fwidbmgr/include/Grid.h:1695) Grid isi configured.
2019-04-10 05:07:29,716 null [INFO] (/home/meteo/dev/redist/fwidbmgr/include/Grid.h:1595) Configuring grid: fwi
2019-04-10 05:07:29,716 null [INFO] (/home/meteo/dev/redist/fwidbmgr/include/Grid.h:1695) Grid fwi configured.
2019-04-10 05:07:29,717 null [INFO] (/home/meteo/dev/redist/fwidbmgr/include/Grid.h:1595) Configuring grid: ffmc
2019-04-10 05:07:29,717 null [INFO] (/home/meteo/dev/redist/fwidbmgr/include/Grid.h:1695) Grid ffmc configured.
2019-04-10 05:07:29,718 null [INFO] (/home/meteo/dev/redist/fwidbmgr/include/Grid.h:1595) Configuring grid: dmc
2019-04-10 05:07:29,718 null [INFO] (/home/meteo/dev/redist/fwidbmgr/include/Grid.h:1695) Grid dmc configured.
2019-04-10 05:07:29,719 null [INFO] (/home/meteo/dev/redist/fwidbmgr/include/Grid.h:1595) Configuring grid: dc
2019-04-10 05:07:29,719 null [INFO] (/home/meteo/dev/redist/fwidbmgr/include/Grid.h:1695) Grid dc configured.
2019-04-10 05:07:29,720 null [INFO] (/home/meteo/dev/redist/fwidbmgr/include/Grid.h:1595) Configuring grid: bui
2019-04-10 05:07:29,720 null [INFO] (/home/meteo/dev/redist/fwidbmgr/include/Grid.h:1695) Grid bui configured.
2019-04-10 05:07:29,721 null [INFO] (/home/meteo/dev/redist/fwidbmgr/include/Grid.h:1595) Configuring grid: ffmc_tmp
2019-04-10 05:07:29,721 null [INFO] (/home/meteo/dev/redist/fwidbmgr/include/Grid.h:1695) Grid ffmc_tmp configured.
2019-04-10 05:07:29,722 null [INFO] (/home/meteo/dev/redist/fwidbmgr/include/Grid.h:1595) Configuring grid: dmc_tmp
2019-04-10 05:07:29,722 null [INFO] (/home/meteo/dev/redist/fwidbmgr/include/Grid.h:1695) Grid dmc_tmp configured.
2019-04-10 05:07:29,723 null [INFO] (/home/meteo/dev/redist/fwidbmgr/include/Grid.h:1595) Configuring grid: dc_tmp
2019-04-10 05:07:29,723 null [INFO] (/home/meteo/dev/redist/fwidbmgr/include/Grid.h:1695) Grid dc_tmp configured.
2019-04-10 05:07:29,724 null [INFO] (/home/meteo/dev/redist/fwidbmgr/include/Grid.h:1595) Configuring grid: idi
2019-04-10 05:07:29,724 null [INFO] (/home/meteo/dev/redist/fwidbmgr/include/Grid.h:1695) Grid idi configured.
2019-04-10 05:07:29,725 null [INFO] (/home/meteo/dev/redist/fwidbmgr/include/Grid.h:1595) Configuring grid: angstrom
2019-04-10 05:07:29,725 null [INFO] (/home/meteo/dev/redist/fwidbmgr/include/Grid.h:1695) Grid angstrom configured.
2019-04-10 05:07:29,726 null [INFO] (/home/meteo/dev/redist/fwidbmgr/include/Grid.h:1595) Configuring grid: fmi
2019-04-10 05:07:29,726 null [INFO] (/home/meteo/dev/redist/fwidbmgr/include/Grid.h:1695) Grid fmi configured.
2019-04-10 05:07:29,726 null [INFO] (/home/meteo/dev/redist/fwidbmgr/include/Grid.h:1595) Configuring grid: sharples
2019-04-10 05:07:29,727 null [INFO] (/home/meteo/dev/redist/fwidbmgr/include/Grid.h:1695) Grid sharples configured.
2019-04-10 05:07:30,151 null [INFO] (/home/meteo/dev/redist/fwidbmgr/include/Grid.h:1595) Configuring grid: isi
2019-04-10 05:07:30,151 null [INFO] (/home/meteo/dev/redist/fwidbmgr/include/Grid.h:1695) Grid isi configured.
2019-04-10 05:07:30,171 null [INFO] (/home/meteo/dev/redist/fwidbmgr/include/Grid.h:1595) Configuring grid: fwi
2019-04-10 05:07:30,171 null [INFO] (/home/meteo/dev/redist/fwidbmgr/include/Grid.h:1695) Grid fwi configured.
2019-04-10 05:07:30,191 null [INFO] (/home/meteo/dev/redist/fwidbmgr/include/Grid.h:1595) Configuring grid: ffmc
2019-04-10 05:07:30,191 null [INFO] (/home/meteo/dev/redist/fwidbmgr/include/Grid.h:1695) Grid ffmc configured.
2019-04-10 05:07:30,211 null [INFO] (/home/meteo/dev/redist/fwidbmgr/include/Grid.h:1595) Configuring grid: dmc
2019-04-10 05:07:30,211 null [INFO] (/home/meteo/dev/redist/fwidbmgr/include/Grid.h:1695) Grid dmc configured.
2019-04-10 05:07:30,230 null [INFO] (/home/meteo/dev/redist/fwidbmgr/include/Grid.h:1595) Configuring grid: dc
2019-04-10 05:07:30,230 null [INFO] (/home/meteo/dev/redist/fwidbmgr/include/Grid.h:1695) Grid dc configured.
2019-04-10 05:07:30,250 null [INFO] (/home/meteo/dev/redist/fwidbmgr/include/Grid.h:1595) Configuring grid: bui
2019-04-10 05:07:30,251 null [INFO] (/home/meteo/dev/redist/fwidbmgr/include/Grid.h:1695) Grid bui configured.
2019-04-10 05:07:30,270 null [INFO] (/home/meteo/dev/redist/fwidbmgr/include/Grid.h:1595) Configuring grid: ffmc_tmp
2019-04-10 05:07:30,270 null [INFO] (/home/meteo/dev/redist/fwidbmgr/include/Grid.h:1695) Grid ffmc_tmp configured.
2019-04-10 05:07:30,290 null [INFO] (/home/meteo/dev/redist/fwidbmgr/include/Grid.h:1595) Configuring grid: dmc_tmp
2019-04-10 05:07:30,290 null [INFO] (/home/meteo/dev/redist/fwidbmgr/include/Grid.h:1695) Grid dmc_tmp configured.
2019-04-10 05:07:30,309 null [INFO] (/home/meteo/dev/redist/fwidbmgr/include/Grid.h:1595) Configuring grid: dc_tmp
2019-04-10 05:07:30,309 null [INFO] (/home/meteo/dev/redist/fwidbmgr/include/Grid.h:1695) Grid dc_tmp configured.
2019-04-10 05:07:30,329 null [INFO] (/home/meteo/dev/redist/fwidbmgr/include/Grid.h:1595) Configuring grid: angstrom
2019-04-10 05:07:30,329 null [INFO] (/home/meteo/dev/redist/fwidbmgr/include/Grid.h:1695) Grid angstrom configured.
2019-04-10 05:07:30,353 null [INFO] (/home/meteo/dev/redist/fwidbmgr/include/Grid.h:1595) Configuring grid: sharples
2019-04-10 05:07:30,353 null [INFO] (/home/meteo/dev/redist/fwidbmgr/include/Grid.h:1695) Grid sharples configured.
2019-04-10 05:07:30,374 null [INFO] (/home/meteo/dev/redist/fwidbmgr/include/Grid.h:1595) Configuring grid: fmi
2019-04-10 05:07:30,374 null [INFO] (/home/meteo/dev/redist/fwidbmgr/include/Grid.h:1695) Grid fmi configured.
2019-04-10 05:07:30,400 null [INFO] (../src/fwidbmgr.cpp:5600) OK --> 20190409 indexes exported to files.
2019-04-10 05:07:30,400 null [INFO] (../src/fwidbmgr.cpp:5695) action exportidx took about 1 seconds.
2019-04-10 05:07:30,400 null [INFO] (../src/fwidbmgr.cpp:5699) Disconnected from database.
2019-04-10 05:07:44,148 null [INFO] (../src/fwidbmgr.cpp:5361) fwi db manager
2019-04-10 05:07:44,148 null [INFO] (../src/fwidbmgr.cpp:5365) Program home: /home/meteo/dev/redist/fwidbmgr
2019-04-10 05:07:44,148 null [INFO] (../src/fwidbmgr.cpp:5369) Auto convert: 1
2019-04-10 05:07:44,148 null [INFO] (../src/fwidbmgr.cpp:446) action: outimg.
2019-04-10 05:07:44,149 null [INFO] (../src/fwidbmgr.cpp:470) date: 20190409.
2019-04-10 05:07:44,149 null [INFO] (../src/fwidbmgr.cpp:322) Try to read: /home/meteo/dev/redist/fwidbmgr/config/fwidbmgr.conf.
2019-04-10 05:07:44,150 null [INFO] (../src/fwidbmgr.cpp:5393) Configuration parsing: OK.
2019-04-10 05:07:44,155 null [INFO] (../src/fwidbmgr.cpp:5478) Connected to database
2019-04-10 05:07:44,155 null [INFO] (../src/fwidbmgr.cpp:5480) Manage data for date: 20190409.
2019-04-10 05:07:44,155 null [INFO] (../src/fwidbmgr.cpp:5566) Importing fwi indexes images in database.
2019-04-10 05:07:44,204 null [INFO] (../src/fwidbmgr.cpp:5570) OK --> 20190409 images imported.
2019-04-10 05:07:44,204 null [INFO] (../src/fwidbmgr.cpp:5695) action outimg took about 0 seconds.
2019-04-10 05:07:44,204 null [INFO] (../src/fwidbmgr.cpp:5699) Disconnected from database.
2019-04-10 05:37:01,139 null [INFO] (../src/fwidbmgr.cpp:5361) fwi db manager
2019-04-10 05:37:01,139 null [INFO] (../src/fwidbmgr.cpp:5365) Program home: /home/meteo/dev/redist/fwidbmgr
2019-04-10 05:37:01,139 null [INFO] (../src/fwidbmgr.cpp:5369) Auto convert: 1
2019-04-10 05:37:01,139 null [INFO] (../src/fwidbmgr.cpp:446) action: outimg.
2019-04-10 05:37:01,139 null [INFO] (../src/fwidbmgr.cpp:470) date: 20190409.
2019-04-10 05:37:01,139 null [INFO] (../src/fwidbmgr.cpp:322) Try to read: /home/meteo/dev/redist/fwidbmgr/config/fwidbmgr.conf.
2019-04-10 05:37:01,141 null [INFO] (../src/fwidbmgr.cpp:5393) Configuration parsing: OK.
2019-04-10 05:37:01,147 null [INFO] (../src/fwidbmgr.cpp:5478) Connected to database
2019-04-10 05:37:01,147 null [INFO] (../src/fwidbmgr.cpp:5480) Manage data for date: 20190409.
2019-04-10 05:37:01,147 null [INFO] (../src/fwidbmgr.cpp:5566) Importing fwi indexes images in database.
2019-04-10 05:37:01,213 null [INFO] (../src/fwidbmgr.cpp:5570) OK --> 20190409 images imported.
2019-04-10 05:37:01,213 null [INFO] (../src/fwidbmgr.cpp:5695) action outimg took about 0 seconds.
2019-04-10 05:37:01,213 null [INFO] (../src/fwidbmgr.cpp:5699) Disconnected from database.
2019-04-10 06:05:01,368 null [INFO] (../src/fwidbmgr.cpp:5361) fwi db manager
2019-04-10 06:05:01,369 null [INFO] (../src/fwidbmgr.cpp:5365) Program home: /home/meteo/dev/redist/fwidbmgr
2019-04-10 06:05:01,369 null [INFO] (../src/fwidbmgr.cpp:5369) Auto convert: 1
2019-04-10 06:05:01,369 null [INFO] (../src/fwidbmgr.cpp:446) action: outimg.
2019-04-10 06:05:01,369 null [INFO] (../src/fwidbmgr.cpp:470) date: 20190409.
2019-04-10 06:05:01,369 null [INFO] (../src/fwidbmgr.cpp:322) Try to read: /home/meteo/dev/redist/fwidbmgr/config/fwidbmgr.conf.
2019-04-10 06:05:01,371 null [INFO] (../src/fwidbmgr.cpp:5393) Configuration parsing: OK.
2019-04-10 06:05:01,378 null [INFO] (../src/fwidbmgr.cpp:5478) Connected to database
2019-04-10 06:05:01,378 null [INFO] (../src/fwidbmgr.cpp:5480) Manage data for date: 20190409.
2019-04-10 06:05:01,378 null [INFO] (../src/fwidbmgr.cpp:5566) Importing fwi indexes images in database.
2019-04-10 06:05:01,445 null [INFO] (../src/fwidbmgr.cpp:5570) OK --> 20190409 images imported.
2019-04-10 06:05:01,445 null [INFO] (../src/fwidbmgr.cpp:5695) action outimg took about 0 seconds.
2019-04-10 06:05:01,445 null [INFO] (../src/fwidbmgr.cpp:5699) Disconnected from database.
2019-04-10 06:37:01,561 null [INFO] (../src/fwidbmgr.cpp:5361) fwi db manager
2019-04-10 06:37:01,561 null [INFO] (../src/fwidbmgr.cpp:5365) Program home: /home/meteo/dev/redist/fwidbmgr
2019-04-10 06:37:01,561 null [INFO] (../src/fwidbmgr.cpp:5369) Auto convert: 1
2019-04-10 06:37:01,561 null [INFO] (../src/fwidbmgr.cpp:446) action: outimg.
2019-04-10 06:37:01,561 null [INFO] (../src/fwidbmgr.cpp:470) date: 20190409.
2019-04-10 06:37:01,561 null [INFO] (../src/fwidbmgr.cpp:322) Try to read: /home/meteo/dev/redist/fwidbmgr/config/fwidbmgr.conf.
2019-04-10 06:37:01,562 null [INFO] (../src/fwidbmgr.cpp:5393) Configuration parsing: OK.
2019-04-10 06:37:01,568 null [INFO] (../src/fwidbmgr.cpp:5478) Connected to database
2019-04-10 06:37:01,568 null [INFO] (../src/fwidbmgr.cpp:5480) Manage data for date: 20190409.
2019-04-10 06:37:01,568 null [INFO] (../src/fwidbmgr.cpp:5566) Importing fwi indexes images in database.
2019-04-10 06:37:01,631 null [INFO] (../src/fwidbmgr.cpp:5570) OK --> 20190409 images imported.
2019-04-10 06:37:01,631 null [INFO] (../src/fwidbmgr.cpp:5695) action outimg took about 0 seconds.
2019-04-10 06:37:01,631 null [INFO] (../src/fwidbmgr.cpp:5699) Disconnected from database.
2019-04-10 07:05:01,284 null [INFO] (../src/fwidbmgr.cpp:5361) fwi db manager
2019-04-10 07:05:01,284 null [INFO] (../src/fwidbmgr.cpp:5365) Program home: /home/meteo/dev/redist/fwidbmgr
2019-04-10 07:05:01,284 null [INFO] (../src/fwidbmgr.cpp:5369) Auto convert: 1
2019-04-10 07:05:01,284 null [INFO] (../src/fwidbmgr.cpp:446) action: outimg.
2019-04-10 07:05:01,284 null [INFO] (../src/fwidbmgr.cpp:470) date: 20190409.
2019-04-10 07:05:01,284 null [INFO] (../src/fwidbmgr.cpp:322) Try to read: /home/meteo/dev/redist/fwidbmgr/config/fwidbmgr.conf.
2019-04-10 07:05:01,285 null [INFO] (../src/fwidbmgr.cpp:5393) Configuration parsing: OK.
2019-04-10 07:05:01,290 null [INFO] (../src/fwidbmgr.cpp:5478) Connected to database
2019-04-10 07:05:01,290 null [INFO] (../src/fwidbmgr.cpp:5480) Manage data for date: 20190409.
2019-04-10 07:05:01,290 null [INFO] (../src/fwidbmgr.cpp:5566) Importing fwi indexes images in database.
2019-04-10 07:05:01,371 null [INFO] (../src/fwidbmgr.cpp:5570) OK --> 20190409 images imported.
2019-04-10 07:05:01,371 null [INFO] (../src/fwidbmgr.cpp:5695) action outimg took about 0 seconds.
2019-04-10 07:05:01,371 null [INFO] (../src/fwidbmgr.cpp:5699) Disconnected from database.
2019-04-10 07:37:01,486 null [INFO] (../src/fwidbmgr.cpp:5361) fwi db manager
2019-04-10 07:37:01,486 null [INFO] (../src/fwidbmgr.cpp:5365) Program home: /home/meteo/dev/redist/fwidbmgr
2019-04-10 07:37:01,486 null [INFO] (../src/fwidbmgr.cpp:5369) Auto convert: 1
2019-04-10 07:37:01,486 null [INFO] (../src/fwidbmgr.cpp:446) action: outimg.
2019-04-10 07:37:01,486 null [INFO] (../src/fwidbmgr.cpp:470) date: 20190409.
2019-04-10 07:37:01,486 null [INFO] (../src/fwidbmgr.cpp:322) Try to read: /home/meteo/dev/redist/fwidbmgr/config/fwidbmgr.conf.
2019-04-10 07:37:01,488 null [INFO] (../src/fwidbmgr.cpp:5393) Configuration parsing: OK.
2019-04-10 07:37:01,491 null [INFO] (../src/fwidbmgr.cpp:5478) Connected to database
2019-04-10 07:37:01,491 null [INFO] (../src/fwidbmgr.cpp:5480) Manage data for date: 20190409.
2019-04-10 07:37:01,491 null [INFO] (../src/fwidbmgr.cpp:5566) Importing fwi indexes images in database.
2019-04-10 07:37:01,553 null [INFO] (../src/fwidbmgr.cpp:5570) OK --> 20190409 images imported.
2019-04-10 07:37:01,554 null [INFO] (../src/fwidbmgr.cpp:5695) action outimg took about 0 seconds.
2019-04-10 07:37:01,554 null [INFO] (../src/fwidbmgr.cpp:5699) Disconnected from database.
