2014-06-10 05:39:19,690 null [INFO] (../src/fwidbmgr.cpp:5207) fwi db manager
2014-06-10 05:39:19,698 null [INFO] (../src/fwidbmgr.cpp:5209) Program home: /home/meteo/dev/redist/fwidbmgr
2014-06-10 05:39:19,698 null [INFO] (../src/fwidbmgr.cpp:5211) Auto convert: 1
2014-06-10 05:39:19,699 null [INFO] (../src/fwidbmgr.cpp:458) action: in.
2014-06-10 05:39:19,699 null [INFO] (../src/fwidbmgr.cpp:482) date: 20140609.
2014-06-10 05:39:19,699 null [INFO] (../src/fwidbmgr.cpp:319) Try to read: /home/meteo/dev/redist/fwidbmgr/config/fwidbmgr.conf.
2014-06-10 05:39:19,741 null [INFO] (../src/fwidbmgr.cpp:5240) Configuration parsing: OK.
2014-06-10 05:39:19,786 null [INFO] (../src/fwidbmgr.cpp:5322) Connected to database
2014-06-10 05:39:19,786 null [INFO] (../src/fwidbmgr.cpp:5323) Manage data for date: 20140609.
2014-06-10 05:39:19,786 null [INFO] (../src/fwidbmgr.cpp:5367) Importing meteo data in database for day: 20140609.
2014-06-10 05:39:19,789 null [INFO] (/home/meteo/dev/redist/fwidbmgr/include/Grid.h:1595) Configuring grid: snow
2014-06-10 05:39:19,789 null [INFO] (/home/meteo/dev/redist/fwidbmgr/include/Grid.h:1695) Grid snow configured.
2014-06-10 05:39:19,814 null [INFO] (/home/meteo/dev/redist/fwidbmgr/include/Grid.h:1595) Configuring grid: snow_covering
2014-06-10 05:39:19,815 null [INFO] (/home/meteo/dev/redist/fwidbmgr/include/Grid.h:1695) Grid snow_covering configured.
2014-06-10 05:39:19,843 null [INFO] (/home/meteo/dev/redist/fwidbmgr/include/Grid.h:1595) Configuring grid: snow_dissolution
2014-06-10 05:39:19,843 null [INFO] (/home/meteo/dev/redist/fwidbmgr/include/Grid.h:1695) Grid snow_dissolution configured.
2014-06-10 05:39:19,894 null [INFO] (/home/meteo/dev/redist/fwidbmgr/include/Grid.h:1595) Configuring grid: temperature
2014-06-10 05:39:19,895 null [INFO] (/home/meteo/dev/redist/fwidbmgr/include/Grid.h:1695) Grid temperature configured.
2014-06-10 05:39:19,905 null [INFO] (/home/meteo/dev/redist/fwidbmgr/include/Grid.h:1595) Configuring grid: humidity
2014-06-10 05:39:19,906 null [INFO] (/home/meteo/dev/redist/fwidbmgr/include/Grid.h:1695) Grid humidity configured.
2014-06-10 05:39:19,927 null [INFO] (/home/meteo/dev/redist/fwidbmgr/include/Grid.h:1595) Configuring grid: windspeed
2014-06-10 05:39:19,928 null [INFO] (/home/meteo/dev/redist/fwidbmgr/include/Grid.h:1695) Grid windspeed configured.
2014-06-10 05:39:19,976 null [INFO] (/home/meteo/dev/redist/fwidbmgr/include/Grid.h:1595) Configuring grid: rain
2014-06-10 05:39:19,976 null [INFO] (/home/meteo/dev/redist/fwidbmgr/include/Grid.h:1695) Grid rain configured.
2014-06-10 05:39:19,983 null [INFO] (/home/meteo/dev/redist/fwidbmgr/include/Grid.h:1595) Configuring grid: cum_rain
2014-06-10 05:39:19,983 null [INFO] (/home/meteo/dev/redist/fwidbmgr/include/Grid.h:1695) Grid cum_rain configured.
2014-06-10 05:39:20,544 null [INFO] (../src/fwidbmgr.cpp:1502) Storing meteo input ...
2014-06-10 05:39:35,725 null [INFO] (../src/fwidbmgr.cpp:5370) OK --> 20140609 data imported.
2014-06-10 05:39:35,738 null [INFO] (../src/fwidbmgr.cpp:5496) action in took about 16 seconds.
2014-06-10 05:39:35,968 null [INFO] (../src/fwidbmgr.cpp:5499) Disconnected from database.
2014-06-10 05:42:07,626 null [INFO] (../src/fwidbmgr.cpp:5207) fwi db manager
2014-06-10 05:42:07,626 null [INFO] (../src/fwidbmgr.cpp:5209) Program home: /home/meteo/dev/redist/fwidbmgr
2014-06-10 05:42:07,627 null [INFO] (../src/fwidbmgr.cpp:5211) Auto convert: 1
2014-06-10 05:42:07,627 null [INFO] (../src/fwidbmgr.cpp:458) action: out.
2014-06-10 05:42:07,627 null [INFO] (../src/fwidbmgr.cpp:482) date: 20140609.
2014-06-10 05:42:07,627 null [INFO] (../src/fwidbmgr.cpp:319) Try to read: /home/meteo/dev/redist/fwidbmgr/config/fwidbmgr.conf.
2014-06-10 05:42:07,646 null [INFO] (../src/fwidbmgr.cpp:5240) Configuration parsing: OK.
2014-06-10 05:42:07,690 null [INFO] (../src/fwidbmgr.cpp:5322) Connected to database
2014-06-10 05:42:07,690 null [INFO] (../src/fwidbmgr.cpp:5323) Manage data for date: 20140609.
2014-06-10 05:42:07,690 null [INFO] (../src/fwidbmgr.cpp:5379) Importing fwi indexes data in database for day: 20140609.
2014-06-10 05:42:07,710 null [INFO] (/home/meteo/dev/redist/fwidbmgr/include/Grid.h:1595) Configuring grid: isi
2014-06-10 05:42:07,710 null [INFO] (/home/meteo/dev/redist/fwidbmgr/include/Grid.h:1695) Grid isi configured.
2014-06-10 05:42:07,741 null [INFO] (/home/meteo/dev/redist/fwidbmgr/include/Grid.h:1595) Configuring grid: fwi
2014-06-10 05:42:07,742 null [INFO] (/home/meteo/dev/redist/fwidbmgr/include/Grid.h:1695) Grid fwi configured.
2014-06-10 05:42:07,774 null [INFO] (/home/meteo/dev/redist/fwidbmgr/include/Grid.h:1595) Configuring grid: ffmc
2014-06-10 05:42:07,774 null [INFO] (/home/meteo/dev/redist/fwidbmgr/include/Grid.h:1695) Grid ffmc configured.
2014-06-10 05:42:07,804 null [INFO] (/home/meteo/dev/redist/fwidbmgr/include/Grid.h:1595) Configuring grid: dmc
2014-06-10 05:42:07,804 null [INFO] (/home/meteo/dev/redist/fwidbmgr/include/Grid.h:1695) Grid dmc configured.
2014-06-10 05:42:07,835 null [INFO] (/home/meteo/dev/redist/fwidbmgr/include/Grid.h:1595) Configuring grid: dc
2014-06-10 05:42:07,835 null [INFO] (/home/meteo/dev/redist/fwidbmgr/include/Grid.h:1695) Grid dc configured.
2014-06-10 05:42:07,866 null [INFO] (/home/meteo/dev/redist/fwidbmgr/include/Grid.h:1595) Configuring grid: bui
2014-06-10 05:42:07,866 null [INFO] (/home/meteo/dev/redist/fwidbmgr/include/Grid.h:1695) Grid bui configured.
2014-06-10 05:42:07,896 null [INFO] (/home/meteo/dev/redist/fwidbmgr/include/Grid.h:1595) Configuring grid: ffmc_tmp
2014-06-10 05:42:07,896 null [INFO] (/home/meteo/dev/redist/fwidbmgr/include/Grid.h:1695) Grid ffmc_tmp configured.
2014-06-10 05:42:07,959 null [INFO] (/home/meteo/dev/redist/fwidbmgr/include/Grid.h:1595) Configuring grid: dmc_tmp
2014-06-10 05:42:07,959 null [INFO] (/home/meteo/dev/redist/fwidbmgr/include/Grid.h:1695) Grid dmc_tmp configured.
2014-06-10 05:42:08,006 null [INFO] (/home/meteo/dev/redist/fwidbmgr/include/Grid.h:1595) Configuring grid: dc_tmp
2014-06-10 05:42:08,006 null [INFO] (/home/meteo/dev/redist/fwidbmgr/include/Grid.h:1695) Grid dc_tmp configured.
2014-06-10 05:42:08,053 null [INFO] (/home/meteo/dev/redist/fwidbmgr/include/Grid.h:1595) Configuring grid: idi
2014-06-10 05:42:08,054 null [INFO] (/home/meteo/dev/redist/fwidbmgr/include/Grid.h:1695) Grid idi configured.
2014-06-10 05:42:14,906 null [INFO] (../src/fwidbmgr.cpp:2045) Storing FWI indexes ...
2014-06-10 05:42:29,229 null [INFO] (../src/fwidbmgr.cpp:5382) OK --> 20140609 data imported.
2014-06-10 05:42:29,230 null [INFO] (../src/fwidbmgr.cpp:5496) action out took about 22 seconds.
2014-06-10 05:42:29,232 null [INFO] (../src/fwidbmgr.cpp:5499) Disconnected from database.
