2017-12-05 04:06:50,787 null [INFO] (../src/fwidbmgr.cpp:5361) fwi db manager
2017-12-05 04:06:50,787 null [INFO] (../src/fwidbmgr.cpp:5365) Program home: /home/meteo/dev/redist/fwidbmgr
2017-12-05 04:06:50,787 null [INFO] (../src/fwidbmgr.cpp:5369) Auto convert: 1
2017-12-05 04:06:50,787 null [INFO] (../src/fwidbmgr.cpp:446) action: in.
2017-12-05 04:06:50,787 null [INFO] (../src/fwidbmgr.cpp:470) date: 20171204.
2017-12-05 04:06:50,787 null [INFO] (../src/fwidbmgr.cpp:322) Try to read: /home/meteo/dev/redist/fwidbmgr/config/fwidbmgr.conf.
2017-12-05 04:06:50,809 null [INFO] (../src/fwidbmgr.cpp:5393) Configuration parsing: OK.
2017-12-05 04:06:50,858 null [INFO] (../src/fwidbmgr.cpp:5478) Connected to database
2017-12-05 04:06:50,858 null [INFO] (../src/fwidbmgr.cpp:5480) Manage data for date: 20171204.
2017-12-05 04:06:50,858 null [INFO] (../src/fwidbmgr.cpp:5536) Importing meteo data in database for day: 20171204.
2017-12-05 04:06:50,868 null [INFO] (/home/meteo/dev/redist/fwidbmgr/include/Grid.h:1595) Configuring grid: snow
2017-12-05 04:06:50,868 null [INFO] (/home/meteo/dev/redist/fwidbmgr/include/Grid.h:1695) Grid snow configured.
2017-12-05 04:06:50,879 null [INFO] (/home/meteo/dev/redist/fwidbmgr/include/Grid.h:1595) Configuring grid: snow_covering
2017-12-05 04:06:50,879 null [INFO] (/home/meteo/dev/redist/fwidbmgr/include/Grid.h:1695) Grid snow_covering configured.
2017-12-05 04:06:50,892 null [INFO] (/home/meteo/dev/redist/fwidbmgr/include/Grid.h:1595) Configuring grid: snow_dissolution
2017-12-05 04:06:50,892 null [INFO] (/home/meteo/dev/redist/fwidbmgr/include/Grid.h:1695) Grid snow_dissolution configured.
2017-12-05 04:06:50,916 null [INFO] (/home/meteo/dev/redist/fwidbmgr/include/Grid.h:1595) Configuring grid: temperature
2017-12-05 04:06:50,916 null [INFO] (/home/meteo/dev/redist/fwidbmgr/include/Grid.h:1695) Grid temperature configured.
2017-12-05 04:06:50,921 null [INFO] (/home/meteo/dev/redist/fwidbmgr/include/Grid.h:1595) Configuring grid: humidity
2017-12-05 04:06:50,921 null [INFO] (/home/meteo/dev/redist/fwidbmgr/include/Grid.h:1695) Grid humidity configured.
2017-12-05 04:06:50,931 null [INFO] (/home/meteo/dev/redist/fwidbmgr/include/Grid.h:1595) Configuring grid: windspeed
2017-12-05 04:06:50,931 null [INFO] (/home/meteo/dev/redist/fwidbmgr/include/Grid.h:1695) Grid windspeed configured.
2017-12-05 04:06:50,954 null [INFO] (/home/meteo/dev/redist/fwidbmgr/include/Grid.h:1595) Configuring grid: rain
2017-12-05 04:06:50,954 null [INFO] (/home/meteo/dev/redist/fwidbmgr/include/Grid.h:1695) Grid rain configured.
2017-12-05 04:06:50,957 null [INFO] (/home/meteo/dev/redist/fwidbmgr/include/Grid.h:1595) Configuring grid: cum_rain
2017-12-05 04:06:50,957 null [INFO] (/home/meteo/dev/redist/fwidbmgr/include/Grid.h:1695) Grid cum_rain configured.
2017-12-05 04:06:59,981 null [INFO] (../src/fwidbmgr.cpp:1518) Storing meteo input ...
2017-12-05 04:07:16,614 null [INFO] (../src/fwidbmgr.cpp:5540) OK --> 20171204 data imported.
2017-12-05 04:07:16,660 null [INFO] (../src/fwidbmgr.cpp:5695) action in took about 26 seconds.
2017-12-05 04:07:17,416 null [INFO] (../src/fwidbmgr.cpp:5699) Disconnected from database.
2017-12-05 04:08:27,509 null [INFO] (../src/fwidbmgr.cpp:5361) fwi db manager
2017-12-05 04:08:27,509 null [INFO] (../src/fwidbmgr.cpp:5365) Program home: /home/meteo/dev/redist/fwidbmgr
2017-12-05 04:08:27,509 null [INFO] (../src/fwidbmgr.cpp:5369) Auto convert: 1
2017-12-05 04:08:27,509 null [INFO] (../src/fwidbmgr.cpp:446) action: out.
2017-12-05 04:08:27,509 null [INFO] (../src/fwidbmgr.cpp:470) date: 20171204.
2017-12-05 04:08:27,509 null [INFO] (../src/fwidbmgr.cpp:322) Try to read: /home/meteo/dev/redist/fwidbmgr/config/fwidbmgr.conf.
2017-12-05 04:08:27,517 null [INFO] (../src/fwidbmgr.cpp:5393) Configuration parsing: OK.
2017-12-05 04:08:27,532 null [INFO] (../src/fwidbmgr.cpp:5478) Connected to database
2017-12-05 04:08:27,532 null [INFO] (../src/fwidbmgr.cpp:5480) Manage data for date: 20171204.
2017-12-05 04:08:27,532 null [INFO] (../src/fwidbmgr.cpp:5551) Importing fwi indexes data in database for day: 20171204.
2017-12-05 04:08:27,539 null [INFO] (/home/meteo/dev/redist/fwidbmgr/include/Grid.h:1595) Configuring grid: isi
2017-12-05 04:08:27,539 null [INFO] (/home/meteo/dev/redist/fwidbmgr/include/Grid.h:1695) Grid isi configured.
2017-12-05 04:08:27,553 null [INFO] (/home/meteo/dev/redist/fwidbmgr/include/Grid.h:1595) Configuring grid: fwi
2017-12-05 04:08:27,553 null [INFO] (/home/meteo/dev/redist/fwidbmgr/include/Grid.h:1695) Grid fwi configured.
2017-12-05 04:08:27,566 null [INFO] (/home/meteo/dev/redist/fwidbmgr/include/Grid.h:1595) Configuring grid: ffmc
2017-12-05 04:08:27,566 null [INFO] (/home/meteo/dev/redist/fwidbmgr/include/Grid.h:1695) Grid ffmc configured.
2017-12-05 04:08:27,580 null [INFO] (/home/meteo/dev/redist/fwidbmgr/include/Grid.h:1595) Configuring grid: dmc
2017-12-05 04:08:27,581 null [INFO] (/home/meteo/dev/redist/fwidbmgr/include/Grid.h:1695) Grid dmc configured.
2017-12-05 04:08:27,594 null [INFO] (/home/meteo/dev/redist/fwidbmgr/include/Grid.h:1595) Configuring grid: dc
2017-12-05 04:08:27,594 null [INFO] (/home/meteo/dev/redist/fwidbmgr/include/Grid.h:1695) Grid dc configured.
2017-12-05 04:08:27,609 null [INFO] (/home/meteo/dev/redist/fwidbmgr/include/Grid.h:1595) Configuring grid: bui
2017-12-05 04:08:27,609 null [INFO] (/home/meteo/dev/redist/fwidbmgr/include/Grid.h:1695) Grid bui configured.
2017-12-05 04:08:27,622 null [INFO] (/home/meteo/dev/redist/fwidbmgr/include/Grid.h:1595) Configuring grid: ffmc_tmp
2017-12-05 04:08:27,622 null [INFO] (/home/meteo/dev/redist/fwidbmgr/include/Grid.h:1695) Grid ffmc_tmp configured.
2017-12-05 04:08:27,650 null [INFO] (/home/meteo/dev/redist/fwidbmgr/include/Grid.h:1595) Configuring grid: dmc_tmp
2017-12-05 04:08:27,650 null [INFO] (/home/meteo/dev/redist/fwidbmgr/include/Grid.h:1695) Grid dmc_tmp configured.
2017-12-05 04:08:27,670 null [INFO] (/home/meteo/dev/redist/fwidbmgr/include/Grid.h:1595) Configuring grid: dc_tmp
2017-12-05 04:08:27,670 null [INFO] (/home/meteo/dev/redist/fwidbmgr/include/Grid.h:1695) Grid dc_tmp configured.
2017-12-05 04:08:27,691 null [INFO] (/home/meteo/dev/redist/fwidbmgr/include/Grid.h:1595) Configuring grid: idi
2017-12-05 04:08:27,691 null [INFO] (/home/meteo/dev/redist/fwidbmgr/include/Grid.h:1695) Grid idi configured.
2017-12-05 04:08:37,200 null [INFO] (../src/fwidbmgr.cpp:2081) Storing FWI indexes ...
2017-12-05 04:09:10,182 null [INFO] (../src/fwidbmgr.cpp:5555) OK --> 20171204 data imported.
2017-12-05 04:09:10,182 null [INFO] (../src/fwidbmgr.cpp:5695) action out took about 43 seconds.
2017-12-05 04:09:10,183 null [INFO] (../src/fwidbmgr.cpp:5699) Disconnected from database.
2017-12-05 04:09:10,443 null [INFO] (../src/fwidbmgr.cpp:5361) fwi db manager
2017-12-05 04:09:10,443 null [INFO] (../src/fwidbmgr.cpp:5365) Program home: /home/meteo/dev/redist/fwidbmgr
2017-12-05 04:09:10,443 null [INFO] (../src/fwidbmgr.cpp:5369) Auto convert: 1
2017-12-05 04:09:10,443 null [INFO] (../src/fwidbmgr.cpp:446) action: computeidx.
2017-12-05 04:09:10,443 null [INFO] (../src/fwidbmgr.cpp:470) date: 20171204.
2017-12-05 04:09:10,443 null [INFO] (../src/fwidbmgr.cpp:322) Try to read: /home/meteo/dev/redist/fwidbmgr/config/fwidbmgr.conf.
2017-12-05 04:09:10,451 null [INFO] (../src/fwidbmgr.cpp:5393) Configuration parsing: OK.
2017-12-05 04:09:10,501 null [INFO] (../src/fwidbmgr.cpp:5478) Connected to database
2017-12-05 04:09:10,501 null [INFO] (../src/fwidbmgr.cpp:5480) Manage data for date: 20171204.
2017-12-05 04:09:10,501 null [INFO] (../src/fwidbmgr.cpp:5656) Computing indexes.
2017-12-05 04:09:10,502 null [INFO] (/home/meteo/dev/redist/fwidbmgr/include/Grid.h:1595) Configuring grid: isi
2017-12-05 04:09:10,502 null [INFO] (/home/meteo/dev/redist/fwidbmgr/include/Grid.h:1695) Grid isi configured.
2017-12-05 04:09:10,504 null [INFO] (/home/meteo/dev/redist/fwidbmgr/include/Grid.h:1595) Configuring grid: fwi
2017-12-05 04:09:10,504 null [INFO] (/home/meteo/dev/redist/fwidbmgr/include/Grid.h:1695) Grid fwi configured.
2017-12-05 04:09:10,505 null [INFO] (/home/meteo/dev/redist/fwidbmgr/include/Grid.h:1595) Configuring grid: ffmc
2017-12-05 04:09:10,512 null [INFO] (/home/meteo/dev/redist/fwidbmgr/include/Grid.h:1695) Grid ffmc configured.
2017-12-05 04:09:10,514 null [INFO] (/home/meteo/dev/redist/fwidbmgr/include/Grid.h:1595) Configuring grid: dmc
2017-12-05 04:09:10,514 null [INFO] (/home/meteo/dev/redist/fwidbmgr/include/Grid.h:1695) Grid dmc configured.
2017-12-05 04:09:10,515 null [INFO] (/home/meteo/dev/redist/fwidbmgr/include/Grid.h:1595) Configuring grid: dc
2017-12-05 04:09:10,515 null [INFO] (/home/meteo/dev/redist/fwidbmgr/include/Grid.h:1695) Grid dc configured.
2017-12-05 04:09:10,516 null [INFO] (/home/meteo/dev/redist/fwidbmgr/include/Grid.h:1595) Configuring grid: bui
2017-12-05 04:09:10,516 null [INFO] (/home/meteo/dev/redist/fwidbmgr/include/Grid.h:1695) Grid bui configured.
2017-12-05 04:09:10,518 null [INFO] (/home/meteo/dev/redist/fwidbmgr/include/Grid.h:1595) Configuring grid: ffmc_tmp
2017-12-05 04:09:10,518 null [INFO] (/home/meteo/dev/redist/fwidbmgr/include/Grid.h:1695) Grid ffmc_tmp configured.
2017-12-05 04:09:10,519 null [INFO] (/home/meteo/dev/redist/fwidbmgr/include/Grid.h:1595) Configuring grid: dmc_tmp
2017-12-05 04:09:10,519 null [INFO] (/home/meteo/dev/redist/fwidbmgr/include/Grid.h:1695) Grid dmc_tmp configured.
2017-12-05 04:09:10,520 null [INFO] (/home/meteo/dev/redist/fwidbmgr/include/Grid.h:1595) Configuring grid: dc_tmp
2017-12-05 04:09:10,520 null [INFO] (/home/meteo/dev/redist/fwidbmgr/include/Grid.h:1695) Grid dc_tmp configured.
2017-12-05 04:09:10,521 null [INFO] (/home/meteo/dev/redist/fwidbmgr/include/Grid.h:1595) Configuring grid: idi
2017-12-05 04:09:10,522 null [INFO] (/home/meteo/dev/redist/fwidbmgr/include/Grid.h:1695) Grid idi configured.
2017-12-05 04:09:10,523 null [INFO] (/home/meteo/dev/redist/fwidbmgr/include/Grid.h:1595) Configuring grid: angstrom
2017-12-05 04:09:10,523 null [INFO] (/home/meteo/dev/redist/fwidbmgr/include/Grid.h:1695) Grid angstrom configured.
2017-12-05 04:09:10,524 null [INFO] (/home/meteo/dev/redist/fwidbmgr/include/Grid.h:1595) Configuring grid: fmi
2017-12-05 04:09:10,524 null [INFO] (/home/meteo/dev/redist/fwidbmgr/include/Grid.h:1695) Grid fmi configured.
2017-12-05 04:09:10,525 null [INFO] (/home/meteo/dev/redist/fwidbmgr/include/Grid.h:1595) Configuring grid: sharples
2017-12-05 04:09:10,526 null [INFO] (/home/meteo/dev/redist/fwidbmgr/include/Grid.h:1695) Grid sharples configured.
2017-12-05 04:09:21,257 null [INFO] (/home/meteo/dev/redist/fwidbmgr/include/Grid.h:1595) Configuring grid: snow
2017-12-05 04:09:21,257 null [INFO] (/home/meteo/dev/redist/fwidbmgr/include/Grid.h:1695) Grid snow configured.
2017-12-05 04:09:21,258 null [INFO] (/home/meteo/dev/redist/fwidbmgr/include/Grid.h:1595) Configuring grid: snow_covering
2017-12-05 04:09:21,258 null [INFO] (/home/meteo/dev/redist/fwidbmgr/include/Grid.h:1695) Grid snow_covering configured.
2017-12-05 04:09:21,258 null [INFO] (/home/meteo/dev/redist/fwidbmgr/include/Grid.h:1595) Configuring grid: snow_dissolution
2017-12-05 04:09:21,258 null [INFO] (/home/meteo/dev/redist/fwidbmgr/include/Grid.h:1695) Grid snow_dissolution configured.
2017-12-05 04:09:21,258 null [INFO] (/home/meteo/dev/redist/fwidbmgr/include/Grid.h:1595) Configuring grid: temperature
2017-12-05 04:09:21,258 null [INFO] (/home/meteo/dev/redist/fwidbmgr/include/Grid.h:1695) Grid temperature configured.
2017-12-05 04:09:21,258 null [INFO] (/home/meteo/dev/redist/fwidbmgr/include/Grid.h:1595) Configuring grid: humidity
2017-12-05 04:09:21,258 null [INFO] (/home/meteo/dev/redist/fwidbmgr/include/Grid.h:1695) Grid humidity configured.
2017-12-05 04:09:21,258 null [INFO] (/home/meteo/dev/redist/fwidbmgr/include/Grid.h:1595) Configuring grid: windspeed
2017-12-05 04:09:21,258 null [INFO] (/home/meteo/dev/redist/fwidbmgr/include/Grid.h:1695) Grid windspeed configured.
2017-12-05 04:09:21,259 null [INFO] (/home/meteo/dev/redist/fwidbmgr/include/Grid.h:1595) Configuring grid: rain
2017-12-05 04:09:21,259 null [INFO] (/home/meteo/dev/redist/fwidbmgr/include/Grid.h:1695) Grid rain configured.
2017-12-05 04:09:21,259 null [INFO] (/home/meteo/dev/redist/fwidbmgr/include/Grid.h:1595) Configuring grid: cum_rain
2017-12-05 04:09:21,259 null [INFO] (/home/meteo/dev/redist/fwidbmgr/include/Grid.h:1695) Grid cum_rain configured.
2017-12-05 04:11:37,059 null [INFO] (../src/fwidbmgr.cpp:5660) OK --> 20171204 indexes computed.
2017-12-05 04:11:37,059 null [INFO] (../src/fwidbmgr.cpp:5695) action computeidx took about 147 seconds.
2017-12-05 04:11:37,060 null [INFO] (../src/fwidbmgr.cpp:5699) Disconnected from database.
2017-12-05 04:11:37,264 null [INFO] (../src/fwidbmgr.cpp:5361) fwi db manager
2017-12-05 04:11:37,264 null [INFO] (../src/fwidbmgr.cpp:5365) Program home: /home/meteo/dev/redist/fwidbmgr
2017-12-05 04:11:37,264 null [INFO] (../src/fwidbmgr.cpp:5369) Auto convert: 1
2017-12-05 04:11:37,264 null [INFO] (../src/fwidbmgr.cpp:446) action: exportidx.
2017-12-05 04:11:37,264 null [INFO] (../src/fwidbmgr.cpp:470) date: 20171204.
2017-12-05 04:11:37,264 null [INFO] (../src/fwidbmgr.cpp:322) Try to read: /home/meteo/dev/redist/fwidbmgr/config/fwidbmgr.conf.
2017-12-05 04:11:37,270 null [INFO] (../src/fwidbmgr.cpp:5393) Configuration parsing: OK.
2017-12-05 04:11:37,320 null [INFO] (../src/fwidbmgr.cpp:5478) Connected to database
2017-12-05 04:11:37,320 null [INFO] (../src/fwidbmgr.cpp:5480) Manage data for date: 20171204.
2017-12-05 04:11:37,320 null [INFO] (../src/fwidbmgr.cpp:5596) Exporting indexes.
2017-12-05 04:11:37,322 null [INFO] (/home/meteo/dev/redist/fwidbmgr/include/Grid.h:1595) Configuring grid: isi
2017-12-05 04:11:37,322 null [INFO] (/home/meteo/dev/redist/fwidbmgr/include/Grid.h:1695) Grid isi configured.
2017-12-05 04:11:37,323 null [INFO] (/home/meteo/dev/redist/fwidbmgr/include/Grid.h:1595) Configuring grid: fwi
2017-12-05 04:11:37,323 null [INFO] (/home/meteo/dev/redist/fwidbmgr/include/Grid.h:1695) Grid fwi configured.
2017-12-05 04:11:37,325 null [INFO] (/home/meteo/dev/redist/fwidbmgr/include/Grid.h:1595) Configuring grid: ffmc
2017-12-05 04:11:37,325 null [INFO] (/home/meteo/dev/redist/fwidbmgr/include/Grid.h:1695) Grid ffmc configured.
2017-12-05 04:11:37,326 null [INFO] (/home/meteo/dev/redist/fwidbmgr/include/Grid.h:1595) Configuring grid: dmc
2017-12-05 04:11:37,326 null [INFO] (/home/meteo/dev/redist/fwidbmgr/include/Grid.h:1695) Grid dmc configured.
2017-12-05 04:11:37,328 null [INFO] (/home/meteo/dev/redist/fwidbmgr/include/Grid.h:1595) Configuring grid: dc
2017-12-05 04:11:37,328 null [INFO] (/home/meteo/dev/redist/fwidbmgr/include/Grid.h:1695) Grid dc configured.
2017-12-05 04:11:37,329 null [INFO] (/home/meteo/dev/redist/fwidbmgr/include/Grid.h:1595) Configuring grid: bui
2017-12-05 04:11:37,329 null [INFO] (/home/meteo/dev/redist/fwidbmgr/include/Grid.h:1695) Grid bui configured.
2017-12-05 04:11:37,330 null [INFO] (/home/meteo/dev/redist/fwidbmgr/include/Grid.h:1595) Configuring grid: ffmc_tmp
2017-12-05 04:11:37,330 null [INFO] (/home/meteo/dev/redist/fwidbmgr/include/Grid.h:1695) Grid ffmc_tmp configured.
2017-12-05 04:11:37,332 null [INFO] (/home/meteo/dev/redist/fwidbmgr/include/Grid.h:1595) Configuring grid: dmc_tmp
2017-12-05 04:11:37,332 null [INFO] (/home/meteo/dev/redist/fwidbmgr/include/Grid.h:1695) Grid dmc_tmp configured.
2017-12-05 04:11:37,333 null [INFO] (/home/meteo/dev/redist/fwidbmgr/include/Grid.h:1595) Configuring grid: dc_tmp
2017-12-05 04:11:37,333 null [INFO] (/home/meteo/dev/redist/fwidbmgr/include/Grid.h:1695) Grid dc_tmp configured.
2017-12-05 04:11:37,335 null [INFO] (/home/meteo/dev/redist/fwidbmgr/include/Grid.h:1595) Configuring grid: idi
2017-12-05 04:11:37,335 null [INFO] (/home/meteo/dev/redist/fwidbmgr/include/Grid.h:1695) Grid idi configured.
2017-12-05 04:11:37,336 null [INFO] (/home/meteo/dev/redist/fwidbmgr/include/Grid.h:1595) Configuring grid: angstrom
2017-12-05 04:11:37,336 null [INFO] (/home/meteo/dev/redist/fwidbmgr/include/Grid.h:1695) Grid angstrom configured.
2017-12-05 04:11:37,337 null [INFO] (/home/meteo/dev/redist/fwidbmgr/include/Grid.h:1595) Configuring grid: fmi
2017-12-05 04:11:37,337 null [INFO] (/home/meteo/dev/redist/fwidbmgr/include/Grid.h:1695) Grid fmi configured.
2017-12-05 04:11:37,339 null [INFO] (/home/meteo/dev/redist/fwidbmgr/include/Grid.h:1595) Configuring grid: sharples
2017-12-05 04:11:37,339 null [INFO] (/home/meteo/dev/redist/fwidbmgr/include/Grid.h:1695) Grid sharples configured.
2017-12-05 04:11:47,603 null [INFO] (/home/meteo/dev/redist/fwidbmgr/include/Grid.h:1595) Configuring grid: isi
2017-12-05 04:11:47,603 null [INFO] (/home/meteo/dev/redist/fwidbmgr/include/Grid.h:1695) Grid isi configured.
2017-12-05 04:11:47,648 null [INFO] (/home/meteo/dev/redist/fwidbmgr/include/Grid.h:1595) Configuring grid: fwi
2017-12-05 04:11:47,648 null [INFO] (/home/meteo/dev/redist/fwidbmgr/include/Grid.h:1695) Grid fwi configured.
2017-12-05 04:11:47,685 null [INFO] (/home/meteo/dev/redist/fwidbmgr/include/Grid.h:1595) Configuring grid: ffmc
2017-12-05 04:11:47,685 null [INFO] (/home/meteo/dev/redist/fwidbmgr/include/Grid.h:1695) Grid ffmc configured.
2017-12-05 04:11:47,724 null [INFO] (/home/meteo/dev/redist/fwidbmgr/include/Grid.h:1595) Configuring grid: dmc
2017-12-05 04:11:47,724 null [INFO] (/home/meteo/dev/redist/fwidbmgr/include/Grid.h:1695) Grid dmc configured.
2017-12-05 04:11:47,762 null [INFO] (/home/meteo/dev/redist/fwidbmgr/include/Grid.h:1595) Configuring grid: dc
2017-12-05 04:11:47,762 null [INFO] (/home/meteo/dev/redist/fwidbmgr/include/Grid.h:1695) Grid dc configured.
2017-12-05 04:11:47,801 null [INFO] (/home/meteo/dev/redist/fwidbmgr/include/Grid.h:1595) Configuring grid: bui
2017-12-05 04:11:47,801 null [INFO] (/home/meteo/dev/redist/fwidbmgr/include/Grid.h:1695) Grid bui configured.
2017-12-05 04:11:47,839 null [INFO] (/home/meteo/dev/redist/fwidbmgr/include/Grid.h:1595) Configuring grid: ffmc_tmp
2017-12-05 04:11:47,839 null [INFO] (/home/meteo/dev/redist/fwidbmgr/include/Grid.h:1695) Grid ffmc_tmp configured.
2017-12-05 04:11:47,876 null [INFO] (/home/meteo/dev/redist/fwidbmgr/include/Grid.h:1595) Configuring grid: dmc_tmp
2017-12-05 04:11:47,876 null [INFO] (/home/meteo/dev/redist/fwidbmgr/include/Grid.h:1695) Grid dmc_tmp configured.
2017-12-05 04:11:47,910 null [INFO] (/home/meteo/dev/redist/fwidbmgr/include/Grid.h:1595) Configuring grid: dc_tmp
2017-12-05 04:11:47,910 null [INFO] (/home/meteo/dev/redist/fwidbmgr/include/Grid.h:1695) Grid dc_tmp configured.
2017-12-05 04:11:47,946 null [INFO] (/home/meteo/dev/redist/fwidbmgr/include/Grid.h:1595) Configuring grid: angstrom
2017-12-05 04:11:47,946 null [INFO] (/home/meteo/dev/redist/fwidbmgr/include/Grid.h:1695) Grid angstrom configured.
2017-12-05 04:11:48,000 null [INFO] (/home/meteo/dev/redist/fwidbmgr/include/Grid.h:1595) Configuring grid: sharples
2017-12-05 04:11:48,001 null [INFO] (/home/meteo/dev/redist/fwidbmgr/include/Grid.h:1695) Grid sharples configured.
2017-12-05 04:11:48,053 null [INFO] (/home/meteo/dev/redist/fwidbmgr/include/Grid.h:1595) Configuring grid: fmi
2017-12-05 04:11:48,053 null [INFO] (/home/meteo/dev/redist/fwidbmgr/include/Grid.h:1695) Grid fmi configured.
2017-12-05 04:11:48,099 null [INFO] (../src/fwidbmgr.cpp:5600) OK --> 20171204 indexes exported to files.
2017-12-05 04:11:48,099 null [INFO] (../src/fwidbmgr.cpp:5695) action exportidx took about 11 seconds.
2017-12-05 04:11:48,099 null [INFO] (../src/fwidbmgr.cpp:5699) Disconnected from database.
2017-12-05 04:12:15,503 null [INFO] (../src/fwidbmgr.cpp:5361) fwi db manager
2017-12-05 04:12:15,503 null [INFO] (../src/fwidbmgr.cpp:5365) Program home: /home/meteo/dev/redist/fwidbmgr
2017-12-05 04:12:15,503 null [INFO] (../src/fwidbmgr.cpp:5369) Auto convert: 1
2017-12-05 04:12:15,503 null [INFO] (../src/fwidbmgr.cpp:446) action: outimg.
2017-12-05 04:12:15,503 null [INFO] (../src/fwidbmgr.cpp:470) date: 20171204.
2017-12-05 04:12:15,503 null [INFO] (../src/fwidbmgr.cpp:322) Try to read: /home/meteo/dev/redist/fwidbmgr/config/fwidbmgr.conf.
2017-12-05 04:12:15,511 null [INFO] (../src/fwidbmgr.cpp:5393) Configuration parsing: OK.
2017-12-05 04:12:15,514 null [INFO] (../src/fwidbmgr.cpp:5478) Connected to database
2017-12-05 04:12:15,514 null [INFO] (../src/fwidbmgr.cpp:5480) Manage data for date: 20171204.
2017-12-05 04:12:15,514 null [INFO] (../src/fwidbmgr.cpp:5566) Importing fwi indexes images in database.
2017-12-05 04:12:15,907 null [INFO] (../src/fwidbmgr.cpp:5570) OK --> 20171204 images imported.
2017-12-05 04:12:15,907 null [INFO] (../src/fwidbmgr.cpp:5695) action outimg took about 0 seconds.
2017-12-05 04:12:15,907 null [INFO] (../src/fwidbmgr.cpp:5699) Disconnected from database.
2017-12-05 04:37:01,645 null [INFO] (../src/fwidbmgr.cpp:5361) fwi db manager
2017-12-05 04:37:01,645 null [INFO] (../src/fwidbmgr.cpp:5365) Program home: /home/meteo/dev/redist/fwidbmgr
2017-12-05 04:37:01,645 null [INFO] (../src/fwidbmgr.cpp:5369) Auto convert: 1
2017-12-05 04:37:01,645 null [INFO] (../src/fwidbmgr.cpp:446) action: outimg.
2017-12-05 04:37:01,646 null [INFO] (../src/fwidbmgr.cpp:470) date: 20171204.
2017-12-05 04:37:01,646 null [INFO] (../src/fwidbmgr.cpp:322) Try to read: /home/meteo/dev/redist/fwidbmgr/config/fwidbmgr.conf.
2017-12-05 04:37:01,648 null [INFO] (../src/fwidbmgr.cpp:5393) Configuration parsing: OK.
2017-12-05 04:37:01,652 null [INFO] (../src/fwidbmgr.cpp:5478) Connected to database
2017-12-05 04:37:01,652 null [INFO] (../src/fwidbmgr.cpp:5480) Manage data for date: 20171204.
2017-12-05 04:37:01,652 null [INFO] (../src/fwidbmgr.cpp:5566) Importing fwi indexes images in database.
2017-12-05 04:37:01,750 null [INFO] (../src/fwidbmgr.cpp:5570) OK --> 20171204 images imported.
2017-12-05 04:37:01,750 null [INFO] (../src/fwidbmgr.cpp:5695) action outimg took about 0 seconds.
2017-12-05 04:37:01,750 null [INFO] (../src/fwidbmgr.cpp:5699) Disconnected from database.
2017-12-05 05:05:01,879 null [INFO] (../src/fwidbmgr.cpp:5361) fwi db manager
2017-12-05 05:05:01,879 null [INFO] (../src/fwidbmgr.cpp:5365) Program home: /home/meteo/dev/redist/fwidbmgr
2017-12-05 05:05:01,879 null [INFO] (../src/fwidbmgr.cpp:5369) Auto convert: 1
2017-12-05 05:05:01,880 null [INFO] (../src/fwidbmgr.cpp:446) action: outimg.
2017-12-05 05:05:01,880 null [INFO] (../src/fwidbmgr.cpp:470) date: 20171204.
2017-12-05 05:05:01,880 null [INFO] (../src/fwidbmgr.cpp:322) Try to read: /home/meteo/dev/redist/fwidbmgr/config/fwidbmgr.conf.
2017-12-05 05:05:01,882 null [INFO] (../src/fwidbmgr.cpp:5393) Configuration parsing: OK.
2017-12-05 05:05:01,887 null [INFO] (../src/fwidbmgr.cpp:5478) Connected to database
2017-12-05 05:05:01,887 null [INFO] (../src/fwidbmgr.cpp:5480) Manage data for date: 20171204.
2017-12-05 05:05:01,887 null [INFO] (../src/fwidbmgr.cpp:5566) Importing fwi indexes images in database.
2017-12-05 05:05:02,111 null [INFO] (../src/fwidbmgr.cpp:5570) OK --> 20171204 images imported.
2017-12-05 05:05:02,111 null [INFO] (../src/fwidbmgr.cpp:5695) action outimg took about 1 seconds.
2017-12-05 05:05:02,111 null [INFO] (../src/fwidbmgr.cpp:5699) Disconnected from database.
2017-12-05 05:37:01,238 null [INFO] (../src/fwidbmgr.cpp:5361) fwi db manager
2017-12-05 05:37:01,238 null [INFO] (../src/fwidbmgr.cpp:5365) Program home: /home/meteo/dev/redist/fwidbmgr
2017-12-05 05:37:01,239 null [INFO] (../src/fwidbmgr.cpp:5369) Auto convert: 1
2017-12-05 05:37:01,239 null [INFO] (../src/fwidbmgr.cpp:446) action: outimg.
2017-12-05 05:37:01,239 null [INFO] (../src/fwidbmgr.cpp:470) date: 20171204.
2017-12-05 05:37:01,239 null [INFO] (../src/fwidbmgr.cpp:322) Try to read: /home/meteo/dev/redist/fwidbmgr/config/fwidbmgr.conf.
2017-12-05 05:37:01,241 null [INFO] (../src/fwidbmgr.cpp:5393) Configuration parsing: OK.
2017-12-05 05:37:01,246 null [INFO] (../src/fwidbmgr.cpp:5478) Connected to database
2017-12-05 05:37:01,247 null [INFO] (../src/fwidbmgr.cpp:5480) Manage data for date: 20171204.
2017-12-05 05:37:01,247 null [INFO] (../src/fwidbmgr.cpp:5566) Importing fwi indexes images in database.
2017-12-05 05:37:01,324 null [INFO] (../src/fwidbmgr.cpp:5570) OK --> 20171204 images imported.
2017-12-05 05:37:01,325 null [INFO] (../src/fwidbmgr.cpp:5695) action outimg took about 0 seconds.
2017-12-05 05:37:01,325 null [INFO] (../src/fwidbmgr.cpp:5699) Disconnected from database.
2017-12-05 06:05:01,964 null [INFO] (../src/fwidbmgr.cpp:5361) fwi db manager
2017-12-05 06:05:01,964 null [INFO] (../src/fwidbmgr.cpp:5365) Program home: /home/meteo/dev/redist/fwidbmgr
2017-12-05 06:05:01,964 null [INFO] (../src/fwidbmgr.cpp:5369) Auto convert: 1
2017-12-05 06:05:01,964 null [INFO] (../src/fwidbmgr.cpp:446) action: outimg.
2017-12-05 06:05:01,965 null [INFO] (../src/fwidbmgr.cpp:470) date: 20171204.
2017-12-05 06:05:01,965 null [INFO] (../src/fwidbmgr.cpp:322) Try to read: /home/meteo/dev/redist/fwidbmgr/config/fwidbmgr.conf.
2017-12-05 06:05:01,967 null [INFO] (../src/fwidbmgr.cpp:5393) Configuration parsing: OK.
2017-12-05 06:05:01,972 null [INFO] (../src/fwidbmgr.cpp:5478) Connected to database
2017-12-05 06:05:01,972 null [INFO] (../src/fwidbmgr.cpp:5480) Manage data for date: 20171204.
2017-12-05 06:05:01,972 null [INFO] (../src/fwidbmgr.cpp:5566) Importing fwi indexes images in database.
2017-12-05 06:05:02,058 null [INFO] (../src/fwidbmgr.cpp:5570) OK --> 20171204 images imported.
2017-12-05 06:05:02,058 null [INFO] (../src/fwidbmgr.cpp:5695) action outimg took about 1 seconds.
2017-12-05 06:05:02,058 null [INFO] (../src/fwidbmgr.cpp:5699) Disconnected from database.
2017-12-05 06:37:01,189 null [INFO] (../src/fwidbmgr.cpp:5361) fwi db manager
2017-12-05 06:37:01,189 null [INFO] (../src/fwidbmgr.cpp:5365) Program home: /home/meteo/dev/redist/fwidbmgr
2017-12-05 06:37:01,189 null [INFO] (../src/fwidbmgr.cpp:5369) Auto convert: 1
2017-12-05 06:37:01,189 null [INFO] (../src/fwidbmgr.cpp:446) action: outimg.
2017-12-05 06:37:01,189 null [INFO] (../src/fwidbmgr.cpp:470) date: 20171204.
2017-12-05 06:37:01,189 null [INFO] (../src/fwidbmgr.cpp:322) Try to read: /home/meteo/dev/redist/fwidbmgr/config/fwidbmgr.conf.
2017-12-05 06:37:01,191 null [INFO] (../src/fwidbmgr.cpp:5393) Configuration parsing: OK.
2017-12-05 06:37:01,196 null [INFO] (../src/fwidbmgr.cpp:5478) Connected to database
2017-12-05 06:37:01,196 null [INFO] (../src/fwidbmgr.cpp:5480) Manage data for date: 20171204.
2017-12-05 06:37:01,196 null [INFO] (../src/fwidbmgr.cpp:5566) Importing fwi indexes images in database.
2017-12-05 06:37:01,283 null [INFO] (../src/fwidbmgr.cpp:5570) OK --> 20171204 images imported.
2017-12-05 06:37:01,283 null [INFO] (../src/fwidbmgr.cpp:5695) action outimg took about 0 seconds.
2017-12-05 06:37:01,283 null [INFO] (../src/fwidbmgr.cpp:5699) Disconnected from database.
