2018-11-15 05:07:10,540 null [INFO] (../src/fwidbmgr.cpp:5361) fwi db manager
2018-11-15 05:07:10,540 null [INFO] (../src/fwidbmgr.cpp:5365) Program home: /home/meteo/dev/redist/fwidbmgr
2018-11-15 05:07:10,540 null [INFO] (../src/fwidbmgr.cpp:5369) Auto convert: 1
2018-11-15 05:07:10,540 null [INFO] (../src/fwidbmgr.cpp:446) action: in.
2018-11-15 05:07:10,540 null [INFO] (../src/fwidbmgr.cpp:470) date: 20181114.
2018-11-15 05:07:10,540 null [INFO] (../src/fwidbmgr.cpp:322) Try to read: /home/meteo/dev/redist/fwidbmgr/config/fwidbmgr.conf.
2018-11-15 05:07:10,546 null [INFO] (../src/fwidbmgr.cpp:5393) Configuration parsing: OK.
2018-11-15 05:07:10,558 null [INFO] (../src/fwidbmgr.cpp:5478) Connected to database
2018-11-15 05:07:10,559 null [INFO] (../src/fwidbmgr.cpp:5480) Manage data for date: 20181114.
2018-11-15 05:07:10,559 null [INFO] (../src/fwidbmgr.cpp:5536) Importing meteo data in database for day: 20181114.
2018-11-15 05:07:10,567 null [INFO] (/home/meteo/dev/redist/fwidbmgr/include/Grid.h:1595) Configuring grid: snow
2018-11-15 05:07:10,567 null [INFO] (/home/meteo/dev/redist/fwidbmgr/include/Grid.h:1695) Grid snow configured.
2018-11-15 05:07:10,578 null [INFO] (/home/meteo/dev/redist/fwidbmgr/include/Grid.h:1595) Configuring grid: snow_covering
2018-11-15 05:07:10,578 null [INFO] (/home/meteo/dev/redist/fwidbmgr/include/Grid.h:1695) Grid snow_covering configured.
2018-11-15 05:07:10,618 null [INFO] (/home/meteo/dev/redist/fwidbmgr/include/Grid.h:1595) Configuring grid: snow_dissolution
2018-11-15 05:07:10,618 null [INFO] (/home/meteo/dev/redist/fwidbmgr/include/Grid.h:1695) Grid snow_dissolution configured.
2018-11-15 05:07:10,672 null [INFO] (/home/meteo/dev/redist/fwidbmgr/include/Grid.h:1595) Configuring grid: temperature
2018-11-15 05:07:10,673 null [INFO] (/home/meteo/dev/redist/fwidbmgr/include/Grid.h:1695) Grid temperature configured.
2018-11-15 05:07:10,683 null [INFO] (/home/meteo/dev/redist/fwidbmgr/include/Grid.h:1595) Configuring grid: humidity
2018-11-15 05:07:10,684 null [INFO] (/home/meteo/dev/redist/fwidbmgr/include/Grid.h:1695) Grid humidity configured.
2018-11-15 05:07:10,705 null [INFO] (/home/meteo/dev/redist/fwidbmgr/include/Grid.h:1595) Configuring grid: windspeed
2018-11-15 05:07:10,706 null [INFO] (/home/meteo/dev/redist/fwidbmgr/include/Grid.h:1695) Grid windspeed configured.
2018-11-15 05:07:10,753 null [INFO] (/home/meteo/dev/redist/fwidbmgr/include/Grid.h:1595) Configuring grid: rain
2018-11-15 05:07:10,754 null [INFO] (/home/meteo/dev/redist/fwidbmgr/include/Grid.h:1695) Grid rain configured.
2018-11-15 05:07:10,760 null [INFO] (/home/meteo/dev/redist/fwidbmgr/include/Grid.h:1595) Configuring grid: cum_rain
2018-11-15 05:07:10,760 null [INFO] (/home/meteo/dev/redist/fwidbmgr/include/Grid.h:1695) Grid cum_rain configured.
2018-11-15 05:07:14,962 null [INFO] (../src/fwidbmgr.cpp:1518) Storing meteo input ...
2018-11-15 05:07:38,502 null [INFO] (../src/fwidbmgr.cpp:5540) OK --> 20181114 data imported.
2018-11-15 05:07:38,564 null [INFO] (../src/fwidbmgr.cpp:5695) action in took about 28 seconds.
2018-11-15 05:07:38,653 null [INFO] (../src/fwidbmgr.cpp:5699) Disconnected from database.
2018-11-15 05:09:29,010 null [INFO] (../src/fwidbmgr.cpp:5361) fwi db manager
2018-11-15 05:09:29,010 null [INFO] (../src/fwidbmgr.cpp:5365) Program home: /home/meteo/dev/redist/fwidbmgr
2018-11-15 05:09:29,010 null [INFO] (../src/fwidbmgr.cpp:5369) Auto convert: 1
2018-11-15 05:09:29,010 null [INFO] (../src/fwidbmgr.cpp:446) action: out.
2018-11-15 05:09:29,010 null [INFO] (../src/fwidbmgr.cpp:470) date: 20181114.
2018-11-15 05:09:29,010 null [INFO] (../src/fwidbmgr.cpp:322) Try to read: /home/meteo/dev/redist/fwidbmgr/config/fwidbmgr.conf.
2018-11-15 05:09:29,017 null [INFO] (../src/fwidbmgr.cpp:5393) Configuration parsing: OK.
2018-11-15 05:09:29,036 null [INFO] (../src/fwidbmgr.cpp:5478) Connected to database
2018-11-15 05:09:29,036 null [INFO] (../src/fwidbmgr.cpp:5480) Manage data for date: 20181114.
2018-11-15 05:09:29,036 null [INFO] (../src/fwidbmgr.cpp:5551) Importing fwi indexes data in database for day: 20181114.
2018-11-15 05:09:29,049 null [INFO] (/home/meteo/dev/redist/fwidbmgr/include/Grid.h:1595) Configuring grid: isi
2018-11-15 05:09:29,049 null [INFO] (/home/meteo/dev/redist/fwidbmgr/include/Grid.h:1695) Grid isi configured.
2018-11-15 05:09:29,063 null [INFO] (/home/meteo/dev/redist/fwidbmgr/include/Grid.h:1595) Configuring grid: fwi
2018-11-15 05:09:29,063 null [INFO] (/home/meteo/dev/redist/fwidbmgr/include/Grid.h:1695) Grid fwi configured.
2018-11-15 05:09:29,075 null [INFO] (/home/meteo/dev/redist/fwidbmgr/include/Grid.h:1595) Configuring grid: ffmc
2018-11-15 05:09:29,075 null [INFO] (/home/meteo/dev/redist/fwidbmgr/include/Grid.h:1695) Grid ffmc configured.
2018-11-15 05:09:29,105 null [INFO] (/home/meteo/dev/redist/fwidbmgr/include/Grid.h:1595) Configuring grid: dmc
2018-11-15 05:09:29,105 null [INFO] (/home/meteo/dev/redist/fwidbmgr/include/Grid.h:1695) Grid dmc configured.
2018-11-15 05:09:29,128 null [INFO] (/home/meteo/dev/redist/fwidbmgr/include/Grid.h:1595) Configuring grid: dc
2018-11-15 05:09:29,128 null [INFO] (/home/meteo/dev/redist/fwidbmgr/include/Grid.h:1695) Grid dc configured.
2018-11-15 05:09:29,152 null [INFO] (/home/meteo/dev/redist/fwidbmgr/include/Grid.h:1595) Configuring grid: bui
2018-11-15 05:09:29,152 null [INFO] (/home/meteo/dev/redist/fwidbmgr/include/Grid.h:1695) Grid bui configured.
2018-11-15 05:09:29,175 null [INFO] (/home/meteo/dev/redist/fwidbmgr/include/Grid.h:1595) Configuring grid: ffmc_tmp
2018-11-15 05:09:29,176 null [INFO] (/home/meteo/dev/redist/fwidbmgr/include/Grid.h:1695) Grid ffmc_tmp configured.
2018-11-15 05:09:29,240 null [INFO] (/home/meteo/dev/redist/fwidbmgr/include/Grid.h:1595) Configuring grid: dmc_tmp
2018-11-15 05:09:29,240 null [INFO] (/home/meteo/dev/redist/fwidbmgr/include/Grid.h:1695) Grid dmc_tmp configured.
2018-11-15 05:09:29,275 null [INFO] (/home/meteo/dev/redist/fwidbmgr/include/Grid.h:1595) Configuring grid: dc_tmp
2018-11-15 05:09:29,275 null [INFO] (/home/meteo/dev/redist/fwidbmgr/include/Grid.h:1695) Grid dc_tmp configured.
2018-11-15 05:09:29,310 null [INFO] (/home/meteo/dev/redist/fwidbmgr/include/Grid.h:1595) Configuring grid: idi
2018-11-15 05:09:29,310 null [INFO] (/home/meteo/dev/redist/fwidbmgr/include/Grid.h:1695) Grid idi configured.
2018-11-15 05:09:40,083 null [INFO] (../src/fwidbmgr.cpp:2081) Storing FWI indexes ...
2018-11-15 05:10:20,190 null [INFO] (../src/fwidbmgr.cpp:5555) OK --> 20181114 data imported.
2018-11-15 05:10:20,196 null [INFO] (../src/fwidbmgr.cpp:5695) action out took about 51 seconds.
2018-11-15 05:10:20,198 null [INFO] (../src/fwidbmgr.cpp:5699) Disconnected from database.
2018-11-15 05:10:20,405 null [INFO] (../src/fwidbmgr.cpp:5361) fwi db manager
2018-11-15 05:10:20,405 null [INFO] (../src/fwidbmgr.cpp:5365) Program home: /home/meteo/dev/redist/fwidbmgr
2018-11-15 05:10:20,405 null [INFO] (../src/fwidbmgr.cpp:5369) Auto convert: 1
2018-11-15 05:10:20,405 null [INFO] (../src/fwidbmgr.cpp:446) action: computeidx.
2018-11-15 05:10:20,405 null [INFO] (../src/fwidbmgr.cpp:470) date: 20181114.
2018-11-15 05:10:20,405 null [INFO] (../src/fwidbmgr.cpp:322) Try to read: /home/meteo/dev/redist/fwidbmgr/config/fwidbmgr.conf.
2018-11-15 05:10:20,412 null [INFO] (../src/fwidbmgr.cpp:5393) Configuration parsing: OK.
2018-11-15 05:10:20,451 null [INFO] (../src/fwidbmgr.cpp:5478) Connected to database
2018-11-15 05:10:20,451 null [INFO] (../src/fwidbmgr.cpp:5480) Manage data for date: 20181114.
2018-11-15 05:10:20,451 null [INFO] (../src/fwidbmgr.cpp:5656) Computing indexes.
2018-11-15 05:10:20,454 null [INFO] (/home/meteo/dev/redist/fwidbmgr/include/Grid.h:1595) Configuring grid: isi
2018-11-15 05:10:20,454 null [INFO] (/home/meteo/dev/redist/fwidbmgr/include/Grid.h:1695) Grid isi configured.
2018-11-15 05:10:20,457 null [INFO] (/home/meteo/dev/redist/fwidbmgr/include/Grid.h:1595) Configuring grid: fwi
2018-11-15 05:10:20,457 null [INFO] (/home/meteo/dev/redist/fwidbmgr/include/Grid.h:1695) Grid fwi configured.
2018-11-15 05:10:20,460 null [INFO] (/home/meteo/dev/redist/fwidbmgr/include/Grid.h:1595) Configuring grid: ffmc
2018-11-15 05:10:20,460 null [INFO] (/home/meteo/dev/redist/fwidbmgr/include/Grid.h:1695) Grid ffmc configured.
2018-11-15 05:10:20,462 null [INFO] (/home/meteo/dev/redist/fwidbmgr/include/Grid.h:1595) Configuring grid: dmc
2018-11-15 05:10:20,463 null [INFO] (/home/meteo/dev/redist/fwidbmgr/include/Grid.h:1695) Grid dmc configured.
2018-11-15 05:10:20,465 null [INFO] (/home/meteo/dev/redist/fwidbmgr/include/Grid.h:1595) Configuring grid: dc
2018-11-15 05:10:20,465 null [INFO] (/home/meteo/dev/redist/fwidbmgr/include/Grid.h:1695) Grid dc configured.
2018-11-15 05:10:20,468 null [INFO] (/home/meteo/dev/redist/fwidbmgr/include/Grid.h:1595) Configuring grid: bui
2018-11-15 05:10:20,468 null [INFO] (/home/meteo/dev/redist/fwidbmgr/include/Grid.h:1695) Grid bui configured.
2018-11-15 05:10:20,471 null [INFO] (/home/meteo/dev/redist/fwidbmgr/include/Grid.h:1595) Configuring grid: ffmc_tmp
2018-11-15 05:10:20,471 null [INFO] (/home/meteo/dev/redist/fwidbmgr/include/Grid.h:1695) Grid ffmc_tmp configured.
2018-11-15 05:10:20,474 null [INFO] (/home/meteo/dev/redist/fwidbmgr/include/Grid.h:1595) Configuring grid: dmc_tmp
2018-11-15 05:10:20,474 null [INFO] (/home/meteo/dev/redist/fwidbmgr/include/Grid.h:1695) Grid dmc_tmp configured.
2018-11-15 05:10:20,476 null [INFO] (/home/meteo/dev/redist/fwidbmgr/include/Grid.h:1595) Configuring grid: dc_tmp
2018-11-15 05:10:20,476 null [INFO] (/home/meteo/dev/redist/fwidbmgr/include/Grid.h:1695) Grid dc_tmp configured.
2018-11-15 05:10:20,479 null [INFO] (/home/meteo/dev/redist/fwidbmgr/include/Grid.h:1595) Configuring grid: idi
2018-11-15 05:10:20,479 null [INFO] (/home/meteo/dev/redist/fwidbmgr/include/Grid.h:1695) Grid idi configured.
2018-11-15 05:10:20,482 null [INFO] (/home/meteo/dev/redist/fwidbmgr/include/Grid.h:1595) Configuring grid: angstrom
2018-11-15 05:10:20,482 null [INFO] (/home/meteo/dev/redist/fwidbmgr/include/Grid.h:1695) Grid angstrom configured.
2018-11-15 05:10:20,485 null [INFO] (/home/meteo/dev/redist/fwidbmgr/include/Grid.h:1595) Configuring grid: fmi
2018-11-15 05:10:20,485 null [INFO] (/home/meteo/dev/redist/fwidbmgr/include/Grid.h:1695) Grid fmi configured.
2018-11-15 05:10:20,487 null [INFO] (/home/meteo/dev/redist/fwidbmgr/include/Grid.h:1595) Configuring grid: sharples
2018-11-15 05:10:20,488 null [INFO] (/home/meteo/dev/redist/fwidbmgr/include/Grid.h:1695) Grid sharples configured.
2018-11-15 05:10:33,133 null [INFO] (/home/meteo/dev/redist/fwidbmgr/include/Grid.h:1595) Configuring grid: snow
2018-11-15 05:10:33,133 null [INFO] (/home/meteo/dev/redist/fwidbmgr/include/Grid.h:1695) Grid snow configured.
2018-11-15 05:10:33,133 null [INFO] (/home/meteo/dev/redist/fwidbmgr/include/Grid.h:1595) Configuring grid: snow_covering
2018-11-15 05:10:33,134 null [INFO] (/home/meteo/dev/redist/fwidbmgr/include/Grid.h:1695) Grid snow_covering configured.
2018-11-15 05:10:33,134 null [INFO] (/home/meteo/dev/redist/fwidbmgr/include/Grid.h:1595) Configuring grid: snow_dissolution
2018-11-15 05:10:33,134 null [INFO] (/home/meteo/dev/redist/fwidbmgr/include/Grid.h:1695) Grid snow_dissolution configured.
2018-11-15 05:10:33,134 null [INFO] (/home/meteo/dev/redist/fwidbmgr/include/Grid.h:1595) Configuring grid: temperature
2018-11-15 05:10:33,134 null [INFO] (/home/meteo/dev/redist/fwidbmgr/include/Grid.h:1695) Grid temperature configured.
2018-11-15 05:10:33,134 null [INFO] (/home/meteo/dev/redist/fwidbmgr/include/Grid.h:1595) Configuring grid: humidity
2018-11-15 05:10:33,135 null [INFO] (/home/meteo/dev/redist/fwidbmgr/include/Grid.h:1695) Grid humidity configured.
2018-11-15 05:10:33,135 null [INFO] (/home/meteo/dev/redist/fwidbmgr/include/Grid.h:1595) Configuring grid: windspeed
2018-11-15 05:10:33,136 null [INFO] (/home/meteo/dev/redist/fwidbmgr/include/Grid.h:1695) Grid windspeed configured.
2018-11-15 05:10:33,136 null [INFO] (/home/meteo/dev/redist/fwidbmgr/include/Grid.h:1595) Configuring grid: rain
2018-11-15 05:10:33,136 null [INFO] (/home/meteo/dev/redist/fwidbmgr/include/Grid.h:1695) Grid rain configured.
2018-11-15 05:10:33,136 null [INFO] (/home/meteo/dev/redist/fwidbmgr/include/Grid.h:1595) Configuring grid: cum_rain
2018-11-15 05:10:33,136 null [INFO] (/home/meteo/dev/redist/fwidbmgr/include/Grid.h:1695) Grid cum_rain configured.
2018-11-15 05:13:04,863 null [INFO] (../src/fwidbmgr.cpp:5660) OK --> 20181114 indexes computed.
2018-11-15 05:13:04,864 null [INFO] (../src/fwidbmgr.cpp:5695) action computeidx took about 164 seconds.
2018-11-15 05:13:04,864 null [INFO] (../src/fwidbmgr.cpp:5699) Disconnected from database.
2018-11-15 05:13:05,076 null [INFO] (../src/fwidbmgr.cpp:5361) fwi db manager
2018-11-15 05:13:05,076 null [INFO] (../src/fwidbmgr.cpp:5365) Program home: /home/meteo/dev/redist/fwidbmgr
2018-11-15 05:13:05,077 null [INFO] (../src/fwidbmgr.cpp:5369) Auto convert: 1
2018-11-15 05:13:05,077 null [INFO] (../src/fwidbmgr.cpp:446) action: exportidx.
2018-11-15 05:13:05,077 null [INFO] (../src/fwidbmgr.cpp:470) date: 20181114.
2018-11-15 05:13:05,077 null [INFO] (../src/fwidbmgr.cpp:322) Try to read: /home/meteo/dev/redist/fwidbmgr/config/fwidbmgr.conf.
2018-11-15 05:13:05,086 null [INFO] (../src/fwidbmgr.cpp:5393) Configuration parsing: OK.
2018-11-15 05:13:05,150 null [INFO] (../src/fwidbmgr.cpp:5478) Connected to database
2018-11-15 05:13:05,150 null [INFO] (../src/fwidbmgr.cpp:5480) Manage data for date: 20181114.
2018-11-15 05:13:05,150 null [INFO] (../src/fwidbmgr.cpp:5596) Exporting indexes.
2018-11-15 05:13:05,154 null [INFO] (/home/meteo/dev/redist/fwidbmgr/include/Grid.h:1595) Configuring grid: isi
2018-11-15 05:13:05,154 null [INFO] (/home/meteo/dev/redist/fwidbmgr/include/Grid.h:1695) Grid isi configured.
2018-11-15 05:13:05,156 null [INFO] (/home/meteo/dev/redist/fwidbmgr/include/Grid.h:1595) Configuring grid: fwi
2018-11-15 05:13:05,157 null [INFO] (/home/meteo/dev/redist/fwidbmgr/include/Grid.h:1695) Grid fwi configured.
2018-11-15 05:13:05,159 null [INFO] (/home/meteo/dev/redist/fwidbmgr/include/Grid.h:1595) Configuring grid: ffmc
2018-11-15 05:13:05,160 null [INFO] (/home/meteo/dev/redist/fwidbmgr/include/Grid.h:1695) Grid ffmc configured.
2018-11-15 05:13:05,162 null [INFO] (/home/meteo/dev/redist/fwidbmgr/include/Grid.h:1595) Configuring grid: dmc
2018-11-15 05:13:05,162 null [INFO] (/home/meteo/dev/redist/fwidbmgr/include/Grid.h:1695) Grid dmc configured.
2018-11-15 05:13:05,165 null [INFO] (/home/meteo/dev/redist/fwidbmgr/include/Grid.h:1595) Configuring grid: dc
2018-11-15 05:13:05,165 null [INFO] (/home/meteo/dev/redist/fwidbmgr/include/Grid.h:1695) Grid dc configured.
2018-11-15 05:13:05,168 null [INFO] (/home/meteo/dev/redist/fwidbmgr/include/Grid.h:1595) Configuring grid: bui
2018-11-15 05:13:05,168 null [INFO] (/home/meteo/dev/redist/fwidbmgr/include/Grid.h:1695) Grid bui configured.
2018-11-15 05:13:05,171 null [INFO] (/home/meteo/dev/redist/fwidbmgr/include/Grid.h:1595) Configuring grid: ffmc_tmp
2018-11-15 05:13:05,171 null [INFO] (/home/meteo/dev/redist/fwidbmgr/include/Grid.h:1695) Grid ffmc_tmp configured.
2018-11-15 05:13:05,174 null [INFO] (/home/meteo/dev/redist/fwidbmgr/include/Grid.h:1595) Configuring grid: dmc_tmp
2018-11-15 05:13:05,174 null [INFO] (/home/meteo/dev/redist/fwidbmgr/include/Grid.h:1695) Grid dmc_tmp configured.
2018-11-15 05:13:05,177 null [INFO] (/home/meteo/dev/redist/fwidbmgr/include/Grid.h:1595) Configuring grid: dc_tmp
2018-11-15 05:13:05,177 null [INFO] (/home/meteo/dev/redist/fwidbmgr/include/Grid.h:1695) Grid dc_tmp configured.
2018-11-15 05:13:05,180 null [INFO] (/home/meteo/dev/redist/fwidbmgr/include/Grid.h:1595) Configuring grid: idi
2018-11-15 05:13:05,180 null [INFO] (/home/meteo/dev/redist/fwidbmgr/include/Grid.h:1695) Grid idi configured.
2018-11-15 05:13:05,183 null [INFO] (/home/meteo/dev/redist/fwidbmgr/include/Grid.h:1595) Configuring grid: angstrom
2018-11-15 05:13:05,183 null [INFO] (/home/meteo/dev/redist/fwidbmgr/include/Grid.h:1695) Grid angstrom configured.
2018-11-15 05:13:05,186 null [INFO] (/home/meteo/dev/redist/fwidbmgr/include/Grid.h:1595) Configuring grid: fmi
2018-11-15 05:13:05,186 null [INFO] (/home/meteo/dev/redist/fwidbmgr/include/Grid.h:1695) Grid fmi configured.
2018-11-15 05:13:05,189 null [INFO] (/home/meteo/dev/redist/fwidbmgr/include/Grid.h:1595) Configuring grid: sharples
2018-11-15 05:13:05,189 null [INFO] (/home/meteo/dev/redist/fwidbmgr/include/Grid.h:1695) Grid sharples configured.
2018-11-15 05:13:17,619 null [INFO] (/home/meteo/dev/redist/fwidbmgr/include/Grid.h:1595) Configuring grid: isi
2018-11-15 05:13:17,620 null [INFO] (/home/meteo/dev/redist/fwidbmgr/include/Grid.h:1695) Grid isi configured.
2018-11-15 05:13:17,716 null [INFO] (/home/meteo/dev/redist/fwidbmgr/include/Grid.h:1595) Configuring grid: fwi
2018-11-15 05:13:17,717 null [INFO] (/home/meteo/dev/redist/fwidbmgr/include/Grid.h:1695) Grid fwi configured.
2018-11-15 05:13:17,796 null [INFO] (/home/meteo/dev/redist/fwidbmgr/include/Grid.h:1595) Configuring grid: ffmc
2018-11-15 05:13:17,796 null [INFO] (/home/meteo/dev/redist/fwidbmgr/include/Grid.h:1695) Grid ffmc configured.
2018-11-15 05:13:17,879 null [INFO] (/home/meteo/dev/redist/fwidbmgr/include/Grid.h:1595) Configuring grid: dmc
2018-11-15 05:13:17,879 null [INFO] (/home/meteo/dev/redist/fwidbmgr/include/Grid.h:1695) Grid dmc configured.
2018-11-15 05:13:17,916 null [INFO] (/home/meteo/dev/redist/fwidbmgr/include/Grid.h:1595) Configuring grid: dc
2018-11-15 05:13:17,916 null [INFO] (/home/meteo/dev/redist/fwidbmgr/include/Grid.h:1695) Grid dc configured.
2018-11-15 05:13:17,954 null [INFO] (/home/meteo/dev/redist/fwidbmgr/include/Grid.h:1595) Configuring grid: bui
2018-11-15 05:13:17,955 null [INFO] (/home/meteo/dev/redist/fwidbmgr/include/Grid.h:1695) Grid bui configured.
2018-11-15 05:13:17,992 null [INFO] (/home/meteo/dev/redist/fwidbmgr/include/Grid.h:1595) Configuring grid: ffmc_tmp
2018-11-15 05:13:17,992 null [INFO] (/home/meteo/dev/redist/fwidbmgr/include/Grid.h:1695) Grid ffmc_tmp configured.
2018-11-15 05:13:18,029 null [INFO] (/home/meteo/dev/redist/fwidbmgr/include/Grid.h:1595) Configuring grid: dmc_tmp
2018-11-15 05:13:18,029 null [INFO] (/home/meteo/dev/redist/fwidbmgr/include/Grid.h:1695) Grid dmc_tmp configured.
2018-11-15 05:13:18,064 null [INFO] (/home/meteo/dev/redist/fwidbmgr/include/Grid.h:1595) Configuring grid: dc_tmp
2018-11-15 05:13:18,064 null [INFO] (/home/meteo/dev/redist/fwidbmgr/include/Grid.h:1695) Grid dc_tmp configured.
2018-11-15 05:13:18,114 null [INFO] (/home/meteo/dev/redist/fwidbmgr/include/Grid.h:1595) Configuring grid: angstrom
2018-11-15 05:13:18,114 null [INFO] (/home/meteo/dev/redist/fwidbmgr/include/Grid.h:1695) Grid angstrom configured.
2018-11-15 05:13:18,170 null [INFO] (/home/meteo/dev/redist/fwidbmgr/include/Grid.h:1595) Configuring grid: sharples
2018-11-15 05:13:18,170 null [INFO] (/home/meteo/dev/redist/fwidbmgr/include/Grid.h:1695) Grid sharples configured.
2018-11-15 05:13:18,212 null [INFO] (/home/meteo/dev/redist/fwidbmgr/include/Grid.h:1595) Configuring grid: fmi
2018-11-15 05:13:18,212 null [INFO] (/home/meteo/dev/redist/fwidbmgr/include/Grid.h:1695) Grid fmi configured.
2018-11-15 05:13:18,259 null [INFO] (../src/fwidbmgr.cpp:5600) OK --> 20181114 indexes exported to files.
2018-11-15 05:13:18,259 null [INFO] (../src/fwidbmgr.cpp:5695) action exportidx took about 13 seconds.
2018-11-15 05:13:18,259 null [INFO] (../src/fwidbmgr.cpp:5699) Disconnected from database.
2018-11-15 05:13:59,976 null [INFO] (../src/fwidbmgr.cpp:5361) fwi db manager
2018-11-15 05:13:59,977 null [INFO] (../src/fwidbmgr.cpp:5365) Program home: /home/meteo/dev/redist/fwidbmgr
2018-11-15 05:13:59,977 null [INFO] (../src/fwidbmgr.cpp:5369) Auto convert: 1
2018-11-15 05:13:59,977 null [INFO] (../src/fwidbmgr.cpp:446) action: outimg.
2018-11-15 05:13:59,977 null [INFO] (../src/fwidbmgr.cpp:470) date: 20181114.
2018-11-15 05:13:59,977 null [INFO] (../src/fwidbmgr.cpp:322) Try to read: /home/meteo/dev/redist/fwidbmgr/config/fwidbmgr.conf.
2018-11-15 05:13:59,985 null [INFO] (../src/fwidbmgr.cpp:5393) Configuration parsing: OK.
2018-11-15 05:13:59,990 null [INFO] (../src/fwidbmgr.cpp:5478) Connected to database
2018-11-15 05:13:59,990 null [INFO] (../src/fwidbmgr.cpp:5480) Manage data for date: 20181114.
2018-11-15 05:13:59,990 null [INFO] (../src/fwidbmgr.cpp:5566) Importing fwi indexes images in database.
2018-11-15 05:14:00,390 null [INFO] (../src/fwidbmgr.cpp:5570) OK --> 20181114 images imported.
2018-11-15 05:14:00,390 null [INFO] (../src/fwidbmgr.cpp:5695) action outimg took about 1 seconds.
2018-11-15 05:14:00,390 null [INFO] (../src/fwidbmgr.cpp:5699) Disconnected from database.
2018-11-15 05:37:01,456 null [INFO] (../src/fwidbmgr.cpp:5361) fwi db manager
2018-11-15 05:37:01,457 null [INFO] (../src/fwidbmgr.cpp:5365) Program home: /home/meteo/dev/redist/fwidbmgr
2018-11-15 05:37:01,457 null [INFO] (../src/fwidbmgr.cpp:5369) Auto convert: 1
2018-11-15 05:37:01,457 null [INFO] (../src/fwidbmgr.cpp:446) action: outimg.
2018-11-15 05:37:01,457 null [INFO] (../src/fwidbmgr.cpp:470) date: 20181114.
2018-11-15 05:37:01,457 null [INFO] (../src/fwidbmgr.cpp:322) Try to read: /home/meteo/dev/redist/fwidbmgr/config/fwidbmgr.conf.
2018-11-15 05:37:01,461 null [INFO] (../src/fwidbmgr.cpp:5393) Configuration parsing: OK.
2018-11-15 05:37:01,472 null [INFO] (../src/fwidbmgr.cpp:5478) Connected to database
2018-11-15 05:37:01,472 null [INFO] (../src/fwidbmgr.cpp:5480) Manage data for date: 20181114.
2018-11-15 05:37:01,472 null [INFO] (../src/fwidbmgr.cpp:5566) Importing fwi indexes images in database.
2018-11-15 05:37:01,688 null [INFO] (../src/fwidbmgr.cpp:5570) OK --> 20181114 images imported.
2018-11-15 05:37:01,688 null [INFO] (../src/fwidbmgr.cpp:5695) action outimg took about 0 seconds.
2018-11-15 05:37:01,689 null [INFO] (../src/fwidbmgr.cpp:5699) Disconnected from database.
2018-11-15 06:05:01,966 null [INFO] (../src/fwidbmgr.cpp:5361) fwi db manager
2018-11-15 06:05:01,966 null [INFO] (../src/fwidbmgr.cpp:5365) Program home: /home/meteo/dev/redist/fwidbmgr
2018-11-15 06:05:01,966 null [INFO] (../src/fwidbmgr.cpp:5369) Auto convert: 1
2018-11-15 06:05:01,966 null [INFO] (../src/fwidbmgr.cpp:446) action: outimg.
2018-11-15 06:05:01,966 null [INFO] (../src/fwidbmgr.cpp:470) date: 20181114.
2018-11-15 06:05:01,966 null [INFO] (../src/fwidbmgr.cpp:322) Try to read: /home/meteo/dev/redist/fwidbmgr/config/fwidbmgr.conf.
2018-11-15 06:05:01,971 null [INFO] (../src/fwidbmgr.cpp:5393) Configuration parsing: OK.
2018-11-15 06:05:01,997 null [INFO] (../src/fwidbmgr.cpp:5478) Connected to database
2018-11-15 06:05:01,997 null [INFO] (../src/fwidbmgr.cpp:5480) Manage data for date: 20181114.
2018-11-15 06:05:01,998 null [INFO] (../src/fwidbmgr.cpp:5566) Importing fwi indexes images in database.
2018-11-15 06:05:02,143 null [INFO] (../src/fwidbmgr.cpp:5570) OK --> 20181114 images imported.
2018-11-15 06:05:02,143 null [INFO] (../src/fwidbmgr.cpp:5695) action outimg took about 1 seconds.
2018-11-15 06:05:02,144 null [INFO] (../src/fwidbmgr.cpp:5699) Disconnected from database.
2018-11-15 06:37:01,450 null [INFO] (../src/fwidbmgr.cpp:5361) fwi db manager
2018-11-15 06:37:01,451 null [INFO] (../src/fwidbmgr.cpp:5365) Program home: /home/meteo/dev/redist/fwidbmgr
2018-11-15 06:37:01,451 null [INFO] (../src/fwidbmgr.cpp:5369) Auto convert: 1
2018-11-15 06:37:01,451 null [INFO] (../src/fwidbmgr.cpp:446) action: outimg.
2018-11-15 06:37:01,451 null [INFO] (../src/fwidbmgr.cpp:470) date: 20181114.
2018-11-15 06:37:01,451 null [INFO] (../src/fwidbmgr.cpp:322) Try to read: /home/meteo/dev/redist/fwidbmgr/config/fwidbmgr.conf.
2018-11-15 06:37:01,455 null [INFO] (../src/fwidbmgr.cpp:5393) Configuration parsing: OK.
2018-11-15 06:37:01,465 null [INFO] (../src/fwidbmgr.cpp:5478) Connected to database
2018-11-15 06:37:01,466 null [INFO] (../src/fwidbmgr.cpp:5480) Manage data for date: 20181114.
2018-11-15 06:37:01,466 null [INFO] (../src/fwidbmgr.cpp:5566) Importing fwi indexes images in database.
2018-11-15 06:37:01,626 null [INFO] (../src/fwidbmgr.cpp:5570) OK --> 20181114 images imported.
2018-11-15 06:37:01,626 null [INFO] (../src/fwidbmgr.cpp:5695) action outimg took about 0 seconds.
2018-11-15 06:37:01,627 null [INFO] (../src/fwidbmgr.cpp:5699) Disconnected from database.
2018-11-15 07:05:01,427 null [INFO] (../src/fwidbmgr.cpp:5361) fwi db manager
2018-11-15 07:05:01,427 null [INFO] (../src/fwidbmgr.cpp:5365) Program home: /home/meteo/dev/redist/fwidbmgr
2018-11-15 07:05:01,427 null [INFO] (../src/fwidbmgr.cpp:5369) Auto convert: 1
2018-11-15 07:05:01,427 null [INFO] (../src/fwidbmgr.cpp:446) action: outimg.
2018-11-15 07:05:01,427 null [INFO] (../src/fwidbmgr.cpp:470) date: 20181114.
2018-11-15 07:05:01,427 null [INFO] (../src/fwidbmgr.cpp:322) Try to read: /home/meteo/dev/redist/fwidbmgr/config/fwidbmgr.conf.
2018-11-15 07:05:01,430 null [INFO] (../src/fwidbmgr.cpp:5393) Configuration parsing: OK.
2018-11-15 07:05:01,443 null [INFO] (../src/fwidbmgr.cpp:5478) Connected to database
2018-11-15 07:05:01,443 null [INFO] (../src/fwidbmgr.cpp:5480) Manage data for date: 20181114.
2018-11-15 07:05:01,443 null [INFO] (../src/fwidbmgr.cpp:5566) Importing fwi indexes images in database.
2018-11-15 07:05:01,620 null [INFO] (../src/fwidbmgr.cpp:5570) OK --> 20181114 images imported.
2018-11-15 07:05:01,620 null [INFO] (../src/fwidbmgr.cpp:5695) action outimg took about 0 seconds.
2018-11-15 07:05:01,620 null [INFO] (../src/fwidbmgr.cpp:5699) Disconnected from database.
2018-11-15 07:37:02,100 null [INFO] (../src/fwidbmgr.cpp:5361) fwi db manager
2018-11-15 07:37:02,100 null [INFO] (../src/fwidbmgr.cpp:5365) Program home: /home/meteo/dev/redist/fwidbmgr
2018-11-15 07:37:02,100 null [INFO] (../src/fwidbmgr.cpp:5369) Auto convert: 1
2018-11-15 07:37:02,101 null [INFO] (../src/fwidbmgr.cpp:446) action: outimg.
2018-11-15 07:37:02,101 null [INFO] (../src/fwidbmgr.cpp:470) date: 20181114.
2018-11-15 07:37:02,101 null [INFO] (../src/fwidbmgr.cpp:322) Try to read: /home/meteo/dev/redist/fwidbmgr/config/fwidbmgr.conf.
2018-11-15 07:37:02,117 null [INFO] (../src/fwidbmgr.cpp:5393) Configuration parsing: OK.
2018-11-15 07:37:02,149 null [INFO] (../src/fwidbmgr.cpp:5478) Connected to database
2018-11-15 07:37:02,149 null [INFO] (../src/fwidbmgr.cpp:5480) Manage data for date: 20181114.
2018-11-15 07:37:02,150 null [INFO] (../src/fwidbmgr.cpp:5566) Importing fwi indexes images in database.
2018-11-15 07:37:02,328 null [INFO] (../src/fwidbmgr.cpp:5570) OK --> 20181114 images imported.
2018-11-15 07:37:02,328 null [INFO] (../src/fwidbmgr.cpp:5695) action outimg took about 0 seconds.
2018-11-15 07:37:02,329 null [INFO] (../src/fwidbmgr.cpp:5699) Disconnected from database.
