2018-11-08 05:07:09,947 null [INFO] (../src/fwidbmgr.cpp:5361) fwi db manager
2018-11-08 05:07:09,947 null [INFO] (../src/fwidbmgr.cpp:5365) Program home: /home/meteo/dev/redist/fwidbmgr
2018-11-08 05:07:09,947 null [INFO] (../src/fwidbmgr.cpp:5369) Auto convert: 1
2018-11-08 05:07:09,947 null [INFO] (../src/fwidbmgr.cpp:446) action: in.
2018-11-08 05:07:09,947 null [INFO] (../src/fwidbmgr.cpp:470) date: 20181107.
2018-11-08 05:07:09,947 null [INFO] (../src/fwidbmgr.cpp:322) Try to read: /home/meteo/dev/redist/fwidbmgr/config/fwidbmgr.conf.
2018-11-08 05:07:09,955 null [INFO] (../src/fwidbmgr.cpp:5393) Configuration parsing: OK.
2018-11-08 05:07:09,970 null [INFO] (../src/fwidbmgr.cpp:5478) Connected to database
2018-11-08 05:07:09,970 null [INFO] (../src/fwidbmgr.cpp:5480) Manage data for date: 20181107.
2018-11-08 05:07:09,970 null [INFO] (../src/fwidbmgr.cpp:5536) Importing meteo data in database for day: 20181107.
2018-11-08 05:07:09,978 null [INFO] (/home/meteo/dev/redist/fwidbmgr/include/Grid.h:1595) Configuring grid: snow
2018-11-08 05:07:09,978 null [INFO] (/home/meteo/dev/redist/fwidbmgr/include/Grid.h:1695) Grid snow configured.
2018-11-08 05:07:10,003 null [INFO] (/home/meteo/dev/redist/fwidbmgr/include/Grid.h:1595) Configuring grid: snow_covering
2018-11-08 05:07:10,003 null [INFO] (/home/meteo/dev/redist/fwidbmgr/include/Grid.h:1695) Grid snow_covering configured.
2018-11-08 05:07:10,047 null [INFO] (/home/meteo/dev/redist/fwidbmgr/include/Grid.h:1595) Configuring grid: snow_dissolution
2018-11-08 05:07:10,047 null [INFO] (/home/meteo/dev/redist/fwidbmgr/include/Grid.h:1695) Grid snow_dissolution configured.
2018-11-08 05:07:10,097 null [INFO] (/home/meteo/dev/redist/fwidbmgr/include/Grid.h:1595) Configuring grid: temperature
2018-11-08 05:07:10,098 null [INFO] (/home/meteo/dev/redist/fwidbmgr/include/Grid.h:1695) Grid temperature configured.
2018-11-08 05:07:10,109 null [INFO] (/home/meteo/dev/redist/fwidbmgr/include/Grid.h:1595) Configuring grid: humidity
2018-11-08 05:07:10,109 null [INFO] (/home/meteo/dev/redist/fwidbmgr/include/Grid.h:1695) Grid humidity configured.
2018-11-08 05:07:10,131 null [INFO] (/home/meteo/dev/redist/fwidbmgr/include/Grid.h:1595) Configuring grid: windspeed
2018-11-08 05:07:10,131 null [INFO] (/home/meteo/dev/redist/fwidbmgr/include/Grid.h:1695) Grid windspeed configured.
2018-11-08 05:07:10,179 null [INFO] (/home/meteo/dev/redist/fwidbmgr/include/Grid.h:1595) Configuring grid: rain
2018-11-08 05:07:10,179 null [INFO] (/home/meteo/dev/redist/fwidbmgr/include/Grid.h:1695) Grid rain configured.
2018-11-08 05:07:10,185 null [INFO] (/home/meteo/dev/redist/fwidbmgr/include/Grid.h:1595) Configuring grid: cum_rain
2018-11-08 05:07:10,186 null [INFO] (/home/meteo/dev/redist/fwidbmgr/include/Grid.h:1695) Grid cum_rain configured.
2018-11-08 05:07:13,682 null [INFO] (../src/fwidbmgr.cpp:1518) Storing meteo input ...
2018-11-08 05:07:39,159 null [INFO] (../src/fwidbmgr.cpp:5540) OK --> 20181107 data imported.
2018-11-08 05:07:39,222 null [INFO] (../src/fwidbmgr.cpp:5695) action in took about 30 seconds.
2018-11-08 05:07:39,306 null [INFO] (../src/fwidbmgr.cpp:5699) Disconnected from database.
2018-11-08 05:09:35,939 null [INFO] (../src/fwidbmgr.cpp:5361) fwi db manager
2018-11-08 05:09:35,940 null [INFO] (../src/fwidbmgr.cpp:5365) Program home: /home/meteo/dev/redist/fwidbmgr
2018-11-08 05:09:35,940 null [INFO] (../src/fwidbmgr.cpp:5369) Auto convert: 1
2018-11-08 05:09:35,940 null [INFO] (../src/fwidbmgr.cpp:446) action: out.
2018-11-08 05:09:35,940 null [INFO] (../src/fwidbmgr.cpp:470) date: 20181107.
2018-11-08 05:09:35,940 null [INFO] (../src/fwidbmgr.cpp:322) Try to read: /home/meteo/dev/redist/fwidbmgr/config/fwidbmgr.conf.
2018-11-08 05:09:35,957 null [INFO] (../src/fwidbmgr.cpp:5393) Configuration parsing: OK.
2018-11-08 05:09:35,976 null [INFO] (../src/fwidbmgr.cpp:5478) Connected to database
2018-11-08 05:09:35,976 null [INFO] (../src/fwidbmgr.cpp:5480) Manage data for date: 20181107.
2018-11-08 05:09:35,976 null [INFO] (../src/fwidbmgr.cpp:5551) Importing fwi indexes data in database for day: 20181107.
2018-11-08 05:09:35,989 null [INFO] (/home/meteo/dev/redist/fwidbmgr/include/Grid.h:1595) Configuring grid: isi
2018-11-08 05:09:35,989 null [INFO] (/home/meteo/dev/redist/fwidbmgr/include/Grid.h:1695) Grid isi configured.
2018-11-08 05:09:36,018 null [INFO] (/home/meteo/dev/redist/fwidbmgr/include/Grid.h:1595) Configuring grid: fwi
2018-11-08 05:09:36,019 null [INFO] (/home/meteo/dev/redist/fwidbmgr/include/Grid.h:1695) Grid fwi configured.
2018-11-08 05:09:36,064 null [INFO] (/home/meteo/dev/redist/fwidbmgr/include/Grid.h:1595) Configuring grid: ffmc
2018-11-08 05:09:36,064 null [INFO] (/home/meteo/dev/redist/fwidbmgr/include/Grid.h:1695) Grid ffmc configured.
2018-11-08 05:09:36,095 null [INFO] (/home/meteo/dev/redist/fwidbmgr/include/Grid.h:1595) Configuring grid: dmc
2018-11-08 05:09:36,096 null [INFO] (/home/meteo/dev/redist/fwidbmgr/include/Grid.h:1695) Grid dmc configured.
2018-11-08 05:09:36,125 null [INFO] (/home/meteo/dev/redist/fwidbmgr/include/Grid.h:1595) Configuring grid: dc
2018-11-08 05:09:36,125 null [INFO] (/home/meteo/dev/redist/fwidbmgr/include/Grid.h:1695) Grid dc configured.
2018-11-08 05:09:36,157 null [INFO] (/home/meteo/dev/redist/fwidbmgr/include/Grid.h:1595) Configuring grid: bui
2018-11-08 05:09:36,157 null [INFO] (/home/meteo/dev/redist/fwidbmgr/include/Grid.h:1695) Grid bui configured.
2018-11-08 05:09:36,187 null [INFO] (/home/meteo/dev/redist/fwidbmgr/include/Grid.h:1595) Configuring grid: ffmc_tmp
2018-11-08 05:09:36,187 null [INFO] (/home/meteo/dev/redist/fwidbmgr/include/Grid.h:1695) Grid ffmc_tmp configured.
2018-11-08 05:09:36,247 null [INFO] (/home/meteo/dev/redist/fwidbmgr/include/Grid.h:1595) Configuring grid: dmc_tmp
2018-11-08 05:09:36,247 null [INFO] (/home/meteo/dev/redist/fwidbmgr/include/Grid.h:1695) Grid dmc_tmp configured.
2018-11-08 05:09:36,294 null [INFO] (/home/meteo/dev/redist/fwidbmgr/include/Grid.h:1595) Configuring grid: dc_tmp
2018-11-08 05:09:36,294 null [INFO] (/home/meteo/dev/redist/fwidbmgr/include/Grid.h:1695) Grid dc_tmp configured.
2018-11-08 05:09:36,315 null [INFO] (/home/meteo/dev/redist/fwidbmgr/include/Grid.h:1595) Configuring grid: idi
2018-11-08 05:09:36,315 null [INFO] (/home/meteo/dev/redist/fwidbmgr/include/Grid.h:1695) Grid idi configured.
2018-11-08 05:09:48,100 null [INFO] (../src/fwidbmgr.cpp:2081) Storing FWI indexes ...
2018-11-08 05:10:28,107 null [INFO] (../src/fwidbmgr.cpp:5555) OK --> 20181107 data imported.
2018-11-08 05:10:28,107 null [INFO] (../src/fwidbmgr.cpp:5695) action out took about 53 seconds.
2018-11-08 05:10:28,109 null [INFO] (../src/fwidbmgr.cpp:5699) Disconnected from database.
2018-11-08 05:10:28,328 null [INFO] (../src/fwidbmgr.cpp:5361) fwi db manager
2018-11-08 05:10:28,328 null [INFO] (../src/fwidbmgr.cpp:5365) Program home: /home/meteo/dev/redist/fwidbmgr
2018-11-08 05:10:28,328 null [INFO] (../src/fwidbmgr.cpp:5369) Auto convert: 1
2018-11-08 05:10:28,328 null [INFO] (../src/fwidbmgr.cpp:446) action: computeidx.
2018-11-08 05:10:28,328 null [INFO] (../src/fwidbmgr.cpp:470) date: 20181107.
2018-11-08 05:10:28,328 null [INFO] (../src/fwidbmgr.cpp:322) Try to read: /home/meteo/dev/redist/fwidbmgr/config/fwidbmgr.conf.
2018-11-08 05:10:28,338 null [INFO] (../src/fwidbmgr.cpp:5393) Configuration parsing: OK.
2018-11-08 05:10:28,366 null [INFO] (../src/fwidbmgr.cpp:5478) Connected to database
2018-11-08 05:10:28,366 null [INFO] (../src/fwidbmgr.cpp:5480) Manage data for date: 20181107.
2018-11-08 05:10:28,366 null [INFO] (../src/fwidbmgr.cpp:5656) Computing indexes.
2018-11-08 05:10:28,369 null [INFO] (/home/meteo/dev/redist/fwidbmgr/include/Grid.h:1595) Configuring grid: isi
2018-11-08 05:10:28,370 null [INFO] (/home/meteo/dev/redist/fwidbmgr/include/Grid.h:1695) Grid isi configured.
2018-11-08 05:10:28,373 null [INFO] (/home/meteo/dev/redist/fwidbmgr/include/Grid.h:1595) Configuring grid: fwi
2018-11-08 05:10:28,373 null [INFO] (/home/meteo/dev/redist/fwidbmgr/include/Grid.h:1695) Grid fwi configured.
2018-11-08 05:10:28,376 null [INFO] (/home/meteo/dev/redist/fwidbmgr/include/Grid.h:1595) Configuring grid: ffmc
2018-11-08 05:10:28,385 null [INFO] (/home/meteo/dev/redist/fwidbmgr/include/Grid.h:1695) Grid ffmc configured.
2018-11-08 05:10:28,388 null [INFO] (/home/meteo/dev/redist/fwidbmgr/include/Grid.h:1595) Configuring grid: dmc
2018-11-08 05:10:28,388 null [INFO] (/home/meteo/dev/redist/fwidbmgr/include/Grid.h:1695) Grid dmc configured.
2018-11-08 05:10:28,391 null [INFO] (/home/meteo/dev/redist/fwidbmgr/include/Grid.h:1595) Configuring grid: dc
2018-11-08 05:10:28,391 null [INFO] (/home/meteo/dev/redist/fwidbmgr/include/Grid.h:1695) Grid dc configured.
2018-11-08 05:10:28,394 null [INFO] (/home/meteo/dev/redist/fwidbmgr/include/Grid.h:1595) Configuring grid: bui
2018-11-08 05:10:28,394 null [INFO] (/home/meteo/dev/redist/fwidbmgr/include/Grid.h:1695) Grid bui configured.
2018-11-08 05:10:28,396 null [INFO] (/home/meteo/dev/redist/fwidbmgr/include/Grid.h:1595) Configuring grid: ffmc_tmp
2018-11-08 05:10:28,397 null [INFO] (/home/meteo/dev/redist/fwidbmgr/include/Grid.h:1695) Grid ffmc_tmp configured.
2018-11-08 05:10:28,399 null [INFO] (/home/meteo/dev/redist/fwidbmgr/include/Grid.h:1595) Configuring grid: dmc_tmp
2018-11-08 05:10:28,399 null [INFO] (/home/meteo/dev/redist/fwidbmgr/include/Grid.h:1695) Grid dmc_tmp configured.
2018-11-08 05:10:28,402 null [INFO] (/home/meteo/dev/redist/fwidbmgr/include/Grid.h:1595) Configuring grid: dc_tmp
2018-11-08 05:10:28,402 null [INFO] (/home/meteo/dev/redist/fwidbmgr/include/Grid.h:1695) Grid dc_tmp configured.
2018-11-08 05:10:28,405 null [INFO] (/home/meteo/dev/redist/fwidbmgr/include/Grid.h:1595) Configuring grid: idi
2018-11-08 05:10:28,405 null [INFO] (/home/meteo/dev/redist/fwidbmgr/include/Grid.h:1695) Grid idi configured.
2018-11-08 05:10:28,408 null [INFO] (/home/meteo/dev/redist/fwidbmgr/include/Grid.h:1595) Configuring grid: angstrom
2018-11-08 05:10:28,408 null [INFO] (/home/meteo/dev/redist/fwidbmgr/include/Grid.h:1695) Grid angstrom configured.
2018-11-08 05:10:28,410 null [INFO] (/home/meteo/dev/redist/fwidbmgr/include/Grid.h:1595) Configuring grid: fmi
2018-11-08 05:10:28,411 null [INFO] (/home/meteo/dev/redist/fwidbmgr/include/Grid.h:1695) Grid fmi configured.
2018-11-08 05:10:28,413 null [INFO] (/home/meteo/dev/redist/fwidbmgr/include/Grid.h:1595) Configuring grid: sharples
2018-11-08 05:10:28,413 null [INFO] (/home/meteo/dev/redist/fwidbmgr/include/Grid.h:1695) Grid sharples configured.
2018-11-08 05:10:40,289 null [INFO] (/home/meteo/dev/redist/fwidbmgr/include/Grid.h:1595) Configuring grid: snow
2018-11-08 05:10:40,289 null [INFO] (/home/meteo/dev/redist/fwidbmgr/include/Grid.h:1695) Grid snow configured.
2018-11-08 05:10:40,290 null [INFO] (/home/meteo/dev/redist/fwidbmgr/include/Grid.h:1595) Configuring grid: snow_covering
2018-11-08 05:10:40,290 null [INFO] (/home/meteo/dev/redist/fwidbmgr/include/Grid.h:1695) Grid snow_covering configured.
2018-11-08 05:10:40,290 null [INFO] (/home/meteo/dev/redist/fwidbmgr/include/Grid.h:1595) Configuring grid: snow_dissolution
2018-11-08 05:10:40,290 null [INFO] (/home/meteo/dev/redist/fwidbmgr/include/Grid.h:1695) Grid snow_dissolution configured.
2018-11-08 05:10:40,290 null [INFO] (/home/meteo/dev/redist/fwidbmgr/include/Grid.h:1595) Configuring grid: temperature
2018-11-08 05:10:40,290 null [INFO] (/home/meteo/dev/redist/fwidbmgr/include/Grid.h:1695) Grid temperature configured.
2018-11-08 05:10:40,291 null [INFO] (/home/meteo/dev/redist/fwidbmgr/include/Grid.h:1595) Configuring grid: humidity
2018-11-08 05:10:40,291 null [INFO] (/home/meteo/dev/redist/fwidbmgr/include/Grid.h:1695) Grid humidity configured.
2018-11-08 05:10:40,291 null [INFO] (/home/meteo/dev/redist/fwidbmgr/include/Grid.h:1595) Configuring grid: windspeed
2018-11-08 05:10:40,292 null [INFO] (/home/meteo/dev/redist/fwidbmgr/include/Grid.h:1695) Grid windspeed configured.
2018-11-08 05:10:40,292 null [INFO] (/home/meteo/dev/redist/fwidbmgr/include/Grid.h:1595) Configuring grid: rain
2018-11-08 05:10:40,292 null [INFO] (/home/meteo/dev/redist/fwidbmgr/include/Grid.h:1695) Grid rain configured.
2018-11-08 05:10:40,292 null [INFO] (/home/meteo/dev/redist/fwidbmgr/include/Grid.h:1595) Configuring grid: cum_rain
2018-11-08 05:10:40,292 null [INFO] (/home/meteo/dev/redist/fwidbmgr/include/Grid.h:1695) Grid cum_rain configured.
2018-11-08 05:13:18,345 null [INFO] (../src/fwidbmgr.cpp:5660) OK --> 20181107 indexes computed.
2018-11-08 05:13:18,352 null [INFO] (../src/fwidbmgr.cpp:5695) action computeidx took about 170 seconds.
2018-11-08 05:13:18,352 null [INFO] (../src/fwidbmgr.cpp:5699) Disconnected from database.
2018-11-08 05:13:18,568 null [INFO] (../src/fwidbmgr.cpp:5361) fwi db manager
2018-11-08 05:13:18,568 null [INFO] (../src/fwidbmgr.cpp:5365) Program home: /home/meteo/dev/redist/fwidbmgr
2018-11-08 05:13:18,568 null [INFO] (../src/fwidbmgr.cpp:5369) Auto convert: 1
2018-11-08 05:13:18,568 null [INFO] (../src/fwidbmgr.cpp:446) action: exportidx.
2018-11-08 05:13:18,568 null [INFO] (../src/fwidbmgr.cpp:470) date: 20181107.
2018-11-08 05:13:18,568 null [INFO] (../src/fwidbmgr.cpp:322) Try to read: /home/meteo/dev/redist/fwidbmgr/config/fwidbmgr.conf.
2018-11-08 05:13:18,578 null [INFO] (../src/fwidbmgr.cpp:5393) Configuration parsing: OK.
2018-11-08 05:13:18,626 null [INFO] (../src/fwidbmgr.cpp:5478) Connected to database
2018-11-08 05:13:18,626 null [INFO] (../src/fwidbmgr.cpp:5480) Manage data for date: 20181107.
2018-11-08 05:13:18,626 null [INFO] (../src/fwidbmgr.cpp:5596) Exporting indexes.
2018-11-08 05:13:18,629 null [INFO] (/home/meteo/dev/redist/fwidbmgr/include/Grid.h:1595) Configuring grid: isi
2018-11-08 05:13:18,630 null [INFO] (/home/meteo/dev/redist/fwidbmgr/include/Grid.h:1695) Grid isi configured.
2018-11-08 05:13:18,632 null [INFO] (/home/meteo/dev/redist/fwidbmgr/include/Grid.h:1595) Configuring grid: fwi
2018-11-08 05:13:18,633 null [INFO] (/home/meteo/dev/redist/fwidbmgr/include/Grid.h:1695) Grid fwi configured.
2018-11-08 05:13:18,635 null [INFO] (/home/meteo/dev/redist/fwidbmgr/include/Grid.h:1595) Configuring grid: ffmc
2018-11-08 05:13:18,635 null [INFO] (/home/meteo/dev/redist/fwidbmgr/include/Grid.h:1695) Grid ffmc configured.
2018-11-08 05:13:18,638 null [INFO] (/home/meteo/dev/redist/fwidbmgr/include/Grid.h:1595) Configuring grid: dmc
2018-11-08 05:13:18,638 null [INFO] (/home/meteo/dev/redist/fwidbmgr/include/Grid.h:1695) Grid dmc configured.
2018-11-08 05:13:18,641 null [INFO] (/home/meteo/dev/redist/fwidbmgr/include/Grid.h:1595) Configuring grid: dc
2018-11-08 05:13:18,641 null [INFO] (/home/meteo/dev/redist/fwidbmgr/include/Grid.h:1695) Grid dc configured.
2018-11-08 05:13:18,644 null [INFO] (/home/meteo/dev/redist/fwidbmgr/include/Grid.h:1595) Configuring grid: bui
2018-11-08 05:13:18,644 null [INFO] (/home/meteo/dev/redist/fwidbmgr/include/Grid.h:1695) Grid bui configured.
2018-11-08 05:13:18,647 null [INFO] (/home/meteo/dev/redist/fwidbmgr/include/Grid.h:1595) Configuring grid: ffmc_tmp
2018-11-08 05:13:18,647 null [INFO] (/home/meteo/dev/redist/fwidbmgr/include/Grid.h:1695) Grid ffmc_tmp configured.
2018-11-08 05:13:18,649 null [INFO] (/home/meteo/dev/redist/fwidbmgr/include/Grid.h:1595) Configuring grid: dmc_tmp
2018-11-08 05:13:18,650 null [INFO] (/home/meteo/dev/redist/fwidbmgr/include/Grid.h:1695) Grid dmc_tmp configured.
2018-11-08 05:13:18,652 null [INFO] (/home/meteo/dev/redist/fwidbmgr/include/Grid.h:1595) Configuring grid: dc_tmp
2018-11-08 05:13:18,653 null [INFO] (/home/meteo/dev/redist/fwidbmgr/include/Grid.h:1695) Grid dc_tmp configured.
2018-11-08 05:13:18,655 null [INFO] (/home/meteo/dev/redist/fwidbmgr/include/Grid.h:1595) Configuring grid: idi
2018-11-08 05:13:18,655 null [INFO] (/home/meteo/dev/redist/fwidbmgr/include/Grid.h:1695) Grid idi configured.
2018-11-08 05:13:18,658 null [INFO] (/home/meteo/dev/redist/fwidbmgr/include/Grid.h:1595) Configuring grid: angstrom
2018-11-08 05:13:18,658 null [INFO] (/home/meteo/dev/redist/fwidbmgr/include/Grid.h:1695) Grid angstrom configured.
2018-11-08 05:13:18,661 null [INFO] (/home/meteo/dev/redist/fwidbmgr/include/Grid.h:1595) Configuring grid: fmi
2018-11-08 05:13:18,661 null [INFO] (/home/meteo/dev/redist/fwidbmgr/include/Grid.h:1695) Grid fmi configured.
2018-11-08 05:13:18,664 null [INFO] (/home/meteo/dev/redist/fwidbmgr/include/Grid.h:1595) Configuring grid: sharples
2018-11-08 05:13:18,664 null [INFO] (/home/meteo/dev/redist/fwidbmgr/include/Grid.h:1695) Grid sharples configured.
2018-11-08 05:13:29,630 null [INFO] (/home/meteo/dev/redist/fwidbmgr/include/Grid.h:1595) Configuring grid: isi
2018-11-08 05:13:29,642 null [INFO] (/home/meteo/dev/redist/fwidbmgr/include/Grid.h:1695) Grid isi configured.
2018-11-08 05:13:29,736 null [INFO] (/home/meteo/dev/redist/fwidbmgr/include/Grid.h:1595) Configuring grid: fwi
2018-11-08 05:13:29,736 null [INFO] (/home/meteo/dev/redist/fwidbmgr/include/Grid.h:1695) Grid fwi configured.
2018-11-08 05:13:29,837 null [INFO] (/home/meteo/dev/redist/fwidbmgr/include/Grid.h:1595) Configuring grid: ffmc
2018-11-08 05:13:29,837 null [INFO] (/home/meteo/dev/redist/fwidbmgr/include/Grid.h:1695) Grid ffmc configured.
2018-11-08 05:13:29,926 null [INFO] (/home/meteo/dev/redist/fwidbmgr/include/Grid.h:1595) Configuring grid: dmc
2018-11-08 05:13:29,926 null [INFO] (/home/meteo/dev/redist/fwidbmgr/include/Grid.h:1695) Grid dmc configured.
2018-11-08 05:13:30,009 null [INFO] (/home/meteo/dev/redist/fwidbmgr/include/Grid.h:1595) Configuring grid: dc
2018-11-08 05:13:30,009 null [INFO] (/home/meteo/dev/redist/fwidbmgr/include/Grid.h:1695) Grid dc configured.
2018-11-08 05:13:30,073 null [INFO] (/home/meteo/dev/redist/fwidbmgr/include/Grid.h:1595) Configuring grid: bui
2018-11-08 05:13:30,073 null [INFO] (/home/meteo/dev/redist/fwidbmgr/include/Grid.h:1695) Grid bui configured.
2018-11-08 05:13:30,111 null [INFO] (/home/meteo/dev/redist/fwidbmgr/include/Grid.h:1595) Configuring grid: ffmc_tmp
2018-11-08 05:13:30,111 null [INFO] (/home/meteo/dev/redist/fwidbmgr/include/Grid.h:1695) Grid ffmc_tmp configured.
2018-11-08 05:13:30,146 null [INFO] (/home/meteo/dev/redist/fwidbmgr/include/Grid.h:1595) Configuring grid: dmc_tmp
2018-11-08 05:13:30,146 null [INFO] (/home/meteo/dev/redist/fwidbmgr/include/Grid.h:1695) Grid dmc_tmp configured.
2018-11-08 05:13:30,180 null [INFO] (/home/meteo/dev/redist/fwidbmgr/include/Grid.h:1595) Configuring grid: dc_tmp
2018-11-08 05:13:30,180 null [INFO] (/home/meteo/dev/redist/fwidbmgr/include/Grid.h:1695) Grid dc_tmp configured.
2018-11-08 05:13:30,215 null [INFO] (/home/meteo/dev/redist/fwidbmgr/include/Grid.h:1595) Configuring grid: angstrom
2018-11-08 05:13:30,215 null [INFO] (/home/meteo/dev/redist/fwidbmgr/include/Grid.h:1695) Grid angstrom configured.
2018-11-08 05:13:30,323 null [INFO] (/home/meteo/dev/redist/fwidbmgr/include/Grid.h:1595) Configuring grid: sharples
2018-11-08 05:13:30,324 null [INFO] (/home/meteo/dev/redist/fwidbmgr/include/Grid.h:1695) Grid sharples configured.
2018-11-08 05:13:30,405 null [INFO] (/home/meteo/dev/redist/fwidbmgr/include/Grid.h:1595) Configuring grid: fmi
2018-11-08 05:13:30,405 null [INFO] (/home/meteo/dev/redist/fwidbmgr/include/Grid.h:1695) Grid fmi configured.
2018-11-08 05:13:30,447 null [INFO] (../src/fwidbmgr.cpp:5600) OK --> 20181107 indexes exported to files.
2018-11-08 05:13:30,447 null [INFO] (../src/fwidbmgr.cpp:5695) action exportidx took about 12 seconds.
2018-11-08 05:13:30,448 null [INFO] (../src/fwidbmgr.cpp:5699) Disconnected from database.
2018-11-08 05:14:13,086 null [INFO] (../src/fwidbmgr.cpp:5361) fwi db manager
2018-11-08 05:14:13,086 null [INFO] (../src/fwidbmgr.cpp:5365) Program home: /home/meteo/dev/redist/fwidbmgr
2018-11-08 05:14:13,087 null [INFO] (../src/fwidbmgr.cpp:5369) Auto convert: 1
2018-11-08 05:14:13,087 null [INFO] (../src/fwidbmgr.cpp:446) action: outimg.
2018-11-08 05:14:13,087 null [INFO] (../src/fwidbmgr.cpp:470) date: 20181107.
2018-11-08 05:14:13,087 null [INFO] (../src/fwidbmgr.cpp:322) Try to read: /home/meteo/dev/redist/fwidbmgr/config/fwidbmgr.conf.
2018-11-08 05:14:13,094 null [INFO] (../src/fwidbmgr.cpp:5393) Configuration parsing: OK.
2018-11-08 05:14:13,100 null [INFO] (../src/fwidbmgr.cpp:5478) Connected to database
2018-11-08 05:14:13,100 null [INFO] (../src/fwidbmgr.cpp:5480) Manage data for date: 20181107.
2018-11-08 05:14:13,100 null [INFO] (../src/fwidbmgr.cpp:5566) Importing fwi indexes images in database.
2018-11-08 05:14:13,494 null [INFO] (../src/fwidbmgr.cpp:5570) OK --> 20181107 images imported.
2018-11-08 05:14:13,495 null [INFO] (../src/fwidbmgr.cpp:5695) action outimg took about 0 seconds.
2018-11-08 05:14:13,495 null [INFO] (../src/fwidbmgr.cpp:5699) Disconnected from database.
2018-11-08 05:37:01,329 null [INFO] (../src/fwidbmgr.cpp:5361) fwi db manager
2018-11-08 05:37:01,330 null [INFO] (../src/fwidbmgr.cpp:5365) Program home: /home/meteo/dev/redist/fwidbmgr
2018-11-08 05:37:01,330 null [INFO] (../src/fwidbmgr.cpp:5369) Auto convert: 1
2018-11-08 05:37:01,330 null [INFO] (../src/fwidbmgr.cpp:446) action: outimg.
2018-11-08 05:37:01,330 null [INFO] (../src/fwidbmgr.cpp:470) date: 20181107.
2018-11-08 05:37:01,330 null [INFO] (../src/fwidbmgr.cpp:322) Try to read: /home/meteo/dev/redist/fwidbmgr/config/fwidbmgr.conf.
2018-11-08 05:37:01,334 null [INFO] (../src/fwidbmgr.cpp:5393) Configuration parsing: OK.
2018-11-08 05:37:01,369 null [INFO] (../src/fwidbmgr.cpp:5478) Connected to database
2018-11-08 05:37:01,369 null [INFO] (../src/fwidbmgr.cpp:5480) Manage data for date: 20181107.
2018-11-08 05:37:01,370 null [INFO] (../src/fwidbmgr.cpp:5566) Importing fwi indexes images in database.
2018-11-08 05:37:01,663 null [INFO] (../src/fwidbmgr.cpp:5570) OK --> 20181107 images imported.
2018-11-08 05:37:01,663 null [INFO] (../src/fwidbmgr.cpp:5695) action outimg took about 0 seconds.
2018-11-08 05:37:01,663 null [INFO] (../src/fwidbmgr.cpp:5699) Disconnected from database.
2018-11-08 06:05:01,236 null [INFO] (../src/fwidbmgr.cpp:5361) fwi db manager
2018-11-08 06:05:01,236 null [INFO] (../src/fwidbmgr.cpp:5365) Program home: /home/meteo/dev/redist/fwidbmgr
2018-11-08 06:05:01,236 null [INFO] (../src/fwidbmgr.cpp:5369) Auto convert: 1
2018-11-08 06:05:01,236 null [INFO] (../src/fwidbmgr.cpp:446) action: outimg.
2018-11-08 06:05:01,236 null [INFO] (../src/fwidbmgr.cpp:470) date: 20181107.
2018-11-08 06:05:01,237 null [INFO] (../src/fwidbmgr.cpp:322) Try to read: /home/meteo/dev/redist/fwidbmgr/config/fwidbmgr.conf.
2018-11-08 06:05:01,245 null [INFO] (../src/fwidbmgr.cpp:5393) Configuration parsing: OK.
2018-11-08 06:05:01,269 null [INFO] (../src/fwidbmgr.cpp:5478) Connected to database
2018-11-08 06:05:01,269 null [INFO] (../src/fwidbmgr.cpp:5480) Manage data for date: 20181107.
2018-11-08 06:05:01,269 null [INFO] (../src/fwidbmgr.cpp:5566) Importing fwi indexes images in database.
2018-11-08 06:05:01,450 null [INFO] (../src/fwidbmgr.cpp:5570) OK --> 20181107 images imported.
2018-11-08 06:05:01,450 null [INFO] (../src/fwidbmgr.cpp:5695) action outimg took about 0 seconds.
2018-11-08 06:05:01,451 null [INFO] (../src/fwidbmgr.cpp:5699) Disconnected from database.
2018-11-08 06:37:01,759 null [INFO] (../src/fwidbmgr.cpp:5361) fwi db manager
2018-11-08 06:37:01,760 null [INFO] (../src/fwidbmgr.cpp:5365) Program home: /home/meteo/dev/redist/fwidbmgr
2018-11-08 06:37:01,760 null [INFO] (../src/fwidbmgr.cpp:5369) Auto convert: 1
2018-11-08 06:37:01,760 null [INFO] (../src/fwidbmgr.cpp:446) action: outimg.
2018-11-08 06:37:01,760 null [INFO] (../src/fwidbmgr.cpp:470) date: 20181107.
2018-11-08 06:37:01,760 null [INFO] (../src/fwidbmgr.cpp:322) Try to read: /home/meteo/dev/redist/fwidbmgr/config/fwidbmgr.conf.
2018-11-08 06:37:01,771 null [INFO] (../src/fwidbmgr.cpp:5393) Configuration parsing: OK.
2018-11-08 06:37:01,780 null [INFO] (../src/fwidbmgr.cpp:5478) Connected to database
2018-11-08 06:37:01,780 null [INFO] (../src/fwidbmgr.cpp:5480) Manage data for date: 20181107.
2018-11-08 06:37:01,781 null [INFO] (../src/fwidbmgr.cpp:5566) Importing fwi indexes images in database.
2018-11-08 06:37:02,151 null [INFO] (../src/fwidbmgr.cpp:5570) OK --> 20181107 images imported.
2018-11-08 06:37:02,152 null [INFO] (../src/fwidbmgr.cpp:5695) action outimg took about 1 seconds.
2018-11-08 06:37:02,152 null [INFO] (../src/fwidbmgr.cpp:5699) Disconnected from database.
2018-11-08 07:05:01,263 null [INFO] (../src/fwidbmgr.cpp:5361) fwi db manager
2018-11-08 07:05:01,263 null [INFO] (../src/fwidbmgr.cpp:5365) Program home: /home/meteo/dev/redist/fwidbmgr
2018-11-08 07:05:01,264 null [INFO] (../src/fwidbmgr.cpp:5369) Auto convert: 1
2018-11-08 07:05:01,264 null [INFO] (../src/fwidbmgr.cpp:446) action: outimg.
2018-11-08 07:05:01,264 null [INFO] (../src/fwidbmgr.cpp:470) date: 20181107.
2018-11-08 07:05:01,264 null [INFO] (../src/fwidbmgr.cpp:322) Try to read: /home/meteo/dev/redist/fwidbmgr/config/fwidbmgr.conf.
2018-11-08 07:05:01,271 null [INFO] (../src/fwidbmgr.cpp:5393) Configuration parsing: OK.
2018-11-08 07:05:01,300 null [INFO] (../src/fwidbmgr.cpp:5478) Connected to database
2018-11-08 07:05:01,301 null [INFO] (../src/fwidbmgr.cpp:5480) Manage data for date: 20181107.
2018-11-08 07:05:01,301 null [INFO] (../src/fwidbmgr.cpp:5566) Importing fwi indexes images in database.
2018-11-08 07:05:01,461 null [INFO] (../src/fwidbmgr.cpp:5570) OK --> 20181107 images imported.
2018-11-08 07:05:01,462 null [INFO] (../src/fwidbmgr.cpp:5695) action outimg took about 0 seconds.
2018-11-08 07:05:01,462 null [INFO] (../src/fwidbmgr.cpp:5699) Disconnected from database.
2018-11-08 07:37:01,941 null [INFO] (../src/fwidbmgr.cpp:5361) fwi db manager
2018-11-08 07:37:01,942 null [INFO] (../src/fwidbmgr.cpp:5365) Program home: /home/meteo/dev/redist/fwidbmgr
2018-11-08 07:37:01,943 null [INFO] (../src/fwidbmgr.cpp:5369) Auto convert: 1
2018-11-08 07:37:01,943 null [INFO] (../src/fwidbmgr.cpp:446) action: outimg.
2018-11-08 07:37:01,943 null [INFO] (../src/fwidbmgr.cpp:470) date: 20181107.
2018-11-08 07:37:01,943 null [INFO] (../src/fwidbmgr.cpp:322) Try to read: /home/meteo/dev/redist/fwidbmgr/config/fwidbmgr.conf.
2018-11-08 07:37:01,969 null [INFO] (../src/fwidbmgr.cpp:5393) Configuration parsing: OK.
2018-11-08 07:37:01,991 null [INFO] (../src/fwidbmgr.cpp:5478) Connected to database
2018-11-08 07:37:01,991 null [INFO] (../src/fwidbmgr.cpp:5480) Manage data for date: 20181107.
2018-11-08 07:37:01,991 null [INFO] (../src/fwidbmgr.cpp:5566) Importing fwi indexes images in database.
2018-11-08 07:37:02,158 null [INFO] (../src/fwidbmgr.cpp:5570) OK --> 20181107 images imported.
2018-11-08 07:37:02,159 null [INFO] (../src/fwidbmgr.cpp:5695) action outimg took about 1 seconds.
2018-11-08 07:37:02,160 null [INFO] (../src/fwidbmgr.cpp:5699) Disconnected from database.
