2017-10-23 05:06:45,198 null [INFO] (../src/fwidbmgr.cpp:5361) fwi db manager
2017-10-23 05:06:45,198 null [INFO] (../src/fwidbmgr.cpp:5365) Program home: /home/meteo/dev/redist/fwidbmgr
2017-10-23 05:06:45,198 null [INFO] (../src/fwidbmgr.cpp:5369) Auto convert: 1
2017-10-23 05:06:45,198 null [INFO] (../src/fwidbmgr.cpp:446) action: in.
2017-10-23 05:06:45,198 null [INFO] (../src/fwidbmgr.cpp:470) date: 20171022.
2017-10-23 05:06:45,198 null [INFO] (../src/fwidbmgr.cpp:322) Try to read: /home/meteo/dev/redist/fwidbmgr/config/fwidbmgr.conf.
2017-10-23 05:06:45,219 null [INFO] (../src/fwidbmgr.cpp:5393) Configuration parsing: OK.
2017-10-23 05:06:45,251 null [INFO] (../src/fwidbmgr.cpp:5478) Connected to database
2017-10-23 05:06:45,251 null [INFO] (../src/fwidbmgr.cpp:5480) Manage data for date: 20171022.
2017-10-23 05:06:45,251 null [INFO] (../src/fwidbmgr.cpp:5536) Importing meteo data in database for day: 20171022.
2017-10-23 05:06:45,261 null [INFO] (/home/meteo/dev/redist/fwidbmgr/include/Grid.h:1595) Configuring grid: snow
2017-10-23 05:06:45,261 null [INFO] (/home/meteo/dev/redist/fwidbmgr/include/Grid.h:1695) Grid snow configured.
2017-10-23 05:06:45,272 null [INFO] (/home/meteo/dev/redist/fwidbmgr/include/Grid.h:1595) Configuring grid: snow_covering
2017-10-23 05:06:45,272 null [INFO] (/home/meteo/dev/redist/fwidbmgr/include/Grid.h:1695) Grid snow_covering configured.
2017-10-23 05:06:45,285 null [INFO] (/home/meteo/dev/redist/fwidbmgr/include/Grid.h:1595) Configuring grid: snow_dissolution
2017-10-23 05:06:45,285 null [INFO] (/home/meteo/dev/redist/fwidbmgr/include/Grid.h:1695) Grid snow_dissolution configured.
2017-10-23 05:06:45,309 null [INFO] (/home/meteo/dev/redist/fwidbmgr/include/Grid.h:1595) Configuring grid: temperature
2017-10-23 05:06:45,309 null [INFO] (/home/meteo/dev/redist/fwidbmgr/include/Grid.h:1695) Grid temperature configured.
2017-10-23 05:06:45,314 null [INFO] (/home/meteo/dev/redist/fwidbmgr/include/Grid.h:1595) Configuring grid: humidity
2017-10-23 05:06:45,314 null [INFO] (/home/meteo/dev/redist/fwidbmgr/include/Grid.h:1695) Grid humidity configured.
2017-10-23 05:06:45,324 null [INFO] (/home/meteo/dev/redist/fwidbmgr/include/Grid.h:1595) Configuring grid: windspeed
2017-10-23 05:06:45,324 null [INFO] (/home/meteo/dev/redist/fwidbmgr/include/Grid.h:1695) Grid windspeed configured.
2017-10-23 05:06:45,346 null [INFO] (/home/meteo/dev/redist/fwidbmgr/include/Grid.h:1595) Configuring grid: rain
2017-10-23 05:06:45,346 null [INFO] (/home/meteo/dev/redist/fwidbmgr/include/Grid.h:1695) Grid rain configured.
2017-10-23 05:06:45,349 null [INFO] (/home/meteo/dev/redist/fwidbmgr/include/Grid.h:1595) Configuring grid: cum_rain
2017-10-23 05:06:45,349 null [INFO] (/home/meteo/dev/redist/fwidbmgr/include/Grid.h:1695) Grid cum_rain configured.
2017-10-23 05:06:50,607 null [INFO] (../src/fwidbmgr.cpp:1518) Storing meteo input ...
2017-10-23 05:07:04,610 null [INFO] (../src/fwidbmgr.cpp:5540) OK --> 20171022 data imported.
2017-10-23 05:07:04,652 null [INFO] (../src/fwidbmgr.cpp:5695) action in took about 19 seconds.
2017-10-23 05:07:04,745 null [INFO] (../src/fwidbmgr.cpp:5699) Disconnected from database.
2017-10-23 05:08:13,085 null [INFO] (../src/fwidbmgr.cpp:5361) fwi db manager
2017-10-23 05:08:13,086 null [INFO] (../src/fwidbmgr.cpp:5365) Program home: /home/meteo/dev/redist/fwidbmgr
2017-10-23 05:08:13,086 null [INFO] (../src/fwidbmgr.cpp:5369) Auto convert: 1
2017-10-23 05:08:13,086 null [INFO] (../src/fwidbmgr.cpp:446) action: out.
2017-10-23 05:08:13,086 null [INFO] (../src/fwidbmgr.cpp:470) date: 20171022.
2017-10-23 05:08:13,086 null [INFO] (../src/fwidbmgr.cpp:322) Try to read: /home/meteo/dev/redist/fwidbmgr/config/fwidbmgr.conf.
2017-10-23 05:08:13,106 null [INFO] (../src/fwidbmgr.cpp:5393) Configuration parsing: OK.
2017-10-23 05:08:13,141 null [INFO] (../src/fwidbmgr.cpp:5478) Connected to database
2017-10-23 05:08:13,141 null [INFO] (../src/fwidbmgr.cpp:5480) Manage data for date: 20171022.
2017-10-23 05:08:13,142 null [INFO] (../src/fwidbmgr.cpp:5551) Importing fwi indexes data in database for day: 20171022.
2017-10-23 05:08:13,168 null [INFO] (/home/meteo/dev/redist/fwidbmgr/include/Grid.h:1595) Configuring grid: isi
2017-10-23 05:08:13,168 null [INFO] (/home/meteo/dev/redist/fwidbmgr/include/Grid.h:1695) Grid isi configured.
2017-10-23 05:08:13,181 null [INFO] (/home/meteo/dev/redist/fwidbmgr/include/Grid.h:1595) Configuring grid: fwi
2017-10-23 05:08:13,181 null [INFO] (/home/meteo/dev/redist/fwidbmgr/include/Grid.h:1695) Grid fwi configured.
2017-10-23 05:08:13,194 null [INFO] (/home/meteo/dev/redist/fwidbmgr/include/Grid.h:1595) Configuring grid: ffmc
2017-10-23 05:08:13,194 null [INFO] (/home/meteo/dev/redist/fwidbmgr/include/Grid.h:1695) Grid ffmc configured.
2017-10-23 05:08:13,208 null [INFO] (/home/meteo/dev/redist/fwidbmgr/include/Grid.h:1595) Configuring grid: dmc
2017-10-23 05:08:13,208 null [INFO] (/home/meteo/dev/redist/fwidbmgr/include/Grid.h:1695) Grid dmc configured.
2017-10-23 05:08:13,222 null [INFO] (/home/meteo/dev/redist/fwidbmgr/include/Grid.h:1595) Configuring grid: dc
2017-10-23 05:08:13,222 null [INFO] (/home/meteo/dev/redist/fwidbmgr/include/Grid.h:1695) Grid dc configured.
2017-10-23 05:08:13,236 null [INFO] (/home/meteo/dev/redist/fwidbmgr/include/Grid.h:1595) Configuring grid: bui
2017-10-23 05:08:13,236 null [INFO] (/home/meteo/dev/redist/fwidbmgr/include/Grid.h:1695) Grid bui configured.
2017-10-23 05:08:13,250 null [INFO] (/home/meteo/dev/redist/fwidbmgr/include/Grid.h:1595) Configuring grid: ffmc_tmp
2017-10-23 05:08:13,250 null [INFO] (/home/meteo/dev/redist/fwidbmgr/include/Grid.h:1695) Grid ffmc_tmp configured.
2017-10-23 05:08:13,282 null [INFO] (/home/meteo/dev/redist/fwidbmgr/include/Grid.h:1595) Configuring grid: dmc_tmp
2017-10-23 05:08:13,283 null [INFO] (/home/meteo/dev/redist/fwidbmgr/include/Grid.h:1695) Grid dmc_tmp configured.
2017-10-23 05:08:13,315 null [INFO] (/home/meteo/dev/redist/fwidbmgr/include/Grid.h:1595) Configuring grid: dc_tmp
2017-10-23 05:08:13,315 null [INFO] (/home/meteo/dev/redist/fwidbmgr/include/Grid.h:1695) Grid dc_tmp configured.
2017-10-23 05:08:13,352 null [INFO] (/home/meteo/dev/redist/fwidbmgr/include/Grid.h:1595) Configuring grid: idi
2017-10-23 05:08:13,352 null [INFO] (/home/meteo/dev/redist/fwidbmgr/include/Grid.h:1695) Grid idi configured.
2017-10-23 05:08:27,532 null [INFO] (../src/fwidbmgr.cpp:2081) Storing FWI indexes ...
2017-10-23 05:09:18,881 null [INFO] (../src/fwidbmgr.cpp:5555) OK --> 20171022 data imported.
2017-10-23 05:09:18,881 null [INFO] (../src/fwidbmgr.cpp:5695) action out took about 65 seconds.
2017-10-23 05:09:18,882 null [INFO] (../src/fwidbmgr.cpp:5699) Disconnected from database.
2017-10-23 05:09:19,393 null [INFO] (../src/fwidbmgr.cpp:5361) fwi db manager
2017-10-23 05:09:19,393 null [INFO] (../src/fwidbmgr.cpp:5365) Program home: /home/meteo/dev/redist/fwidbmgr
2017-10-23 05:09:19,393 null [INFO] (../src/fwidbmgr.cpp:5369) Auto convert: 1
2017-10-23 05:09:19,393 null [INFO] (../src/fwidbmgr.cpp:446) action: computeidx.
2017-10-23 05:09:19,393 null [INFO] (../src/fwidbmgr.cpp:470) date: 20171022.
2017-10-23 05:09:19,393 null [INFO] (../src/fwidbmgr.cpp:322) Try to read: /home/meteo/dev/redist/fwidbmgr/config/fwidbmgr.conf.
2017-10-23 05:09:19,400 null [INFO] (../src/fwidbmgr.cpp:5393) Configuration parsing: OK.
2017-10-23 05:09:19,462 null [INFO] (../src/fwidbmgr.cpp:5478) Connected to database
2017-10-23 05:09:19,462 null [INFO] (../src/fwidbmgr.cpp:5480) Manage data for date: 20171022.
2017-10-23 05:09:19,463 null [INFO] (../src/fwidbmgr.cpp:5656) Computing indexes.
2017-10-23 05:09:19,464 null [INFO] (/home/meteo/dev/redist/fwidbmgr/include/Grid.h:1595) Configuring grid: isi
2017-10-23 05:09:19,464 null [INFO] (/home/meteo/dev/redist/fwidbmgr/include/Grid.h:1695) Grid isi configured.
2017-10-23 05:09:19,466 null [INFO] (/home/meteo/dev/redist/fwidbmgr/include/Grid.h:1595) Configuring grid: fwi
2017-10-23 05:09:19,466 null [INFO] (/home/meteo/dev/redist/fwidbmgr/include/Grid.h:1695) Grid fwi configured.
2017-10-23 05:09:19,467 null [INFO] (/home/meteo/dev/redist/fwidbmgr/include/Grid.h:1595) Configuring grid: ffmc
2017-10-23 05:09:19,467 null [INFO] (/home/meteo/dev/redist/fwidbmgr/include/Grid.h:1695) Grid ffmc configured.
2017-10-23 05:09:19,468 null [INFO] (/home/meteo/dev/redist/fwidbmgr/include/Grid.h:1595) Configuring grid: dmc
2017-10-23 05:09:19,468 null [INFO] (/home/meteo/dev/redist/fwidbmgr/include/Grid.h:1695) Grid dmc configured.
2017-10-23 05:09:19,470 null [INFO] (/home/meteo/dev/redist/fwidbmgr/include/Grid.h:1595) Configuring grid: dc
2017-10-23 05:09:19,470 null [INFO] (/home/meteo/dev/redist/fwidbmgr/include/Grid.h:1695) Grid dc configured.
2017-10-23 05:09:19,471 null [INFO] (/home/meteo/dev/redist/fwidbmgr/include/Grid.h:1595) Configuring grid: bui
2017-10-23 05:09:19,471 null [INFO] (/home/meteo/dev/redist/fwidbmgr/include/Grid.h:1695) Grid bui configured.
2017-10-23 05:09:19,472 null [INFO] (/home/meteo/dev/redist/fwidbmgr/include/Grid.h:1595) Configuring grid: ffmc_tmp
2017-10-23 05:09:19,472 null [INFO] (/home/meteo/dev/redist/fwidbmgr/include/Grid.h:1695) Grid ffmc_tmp configured.
2017-10-23 05:09:19,474 null [INFO] (/home/meteo/dev/redist/fwidbmgr/include/Grid.h:1595) Configuring grid: dmc_tmp
2017-10-23 05:09:19,474 null [INFO] (/home/meteo/dev/redist/fwidbmgr/include/Grid.h:1695) Grid dmc_tmp configured.
2017-10-23 05:09:19,475 null [INFO] (/home/meteo/dev/redist/fwidbmgr/include/Grid.h:1595) Configuring grid: dc_tmp
2017-10-23 05:09:19,475 null [INFO] (/home/meteo/dev/redist/fwidbmgr/include/Grid.h:1695) Grid dc_tmp configured.
2017-10-23 05:09:19,476 null [INFO] (/home/meteo/dev/redist/fwidbmgr/include/Grid.h:1595) Configuring grid: idi
2017-10-23 05:09:19,477 null [INFO] (/home/meteo/dev/redist/fwidbmgr/include/Grid.h:1695) Grid idi configured.
2017-10-23 05:09:19,478 null [INFO] (/home/meteo/dev/redist/fwidbmgr/include/Grid.h:1595) Configuring grid: angstrom
2017-10-23 05:09:19,478 null [INFO] (/home/meteo/dev/redist/fwidbmgr/include/Grid.h:1695) Grid angstrom configured.
2017-10-23 05:09:19,479 null [INFO] (/home/meteo/dev/redist/fwidbmgr/include/Grid.h:1595) Configuring grid: fmi
2017-10-23 05:09:19,479 null [INFO] (/home/meteo/dev/redist/fwidbmgr/include/Grid.h:1695) Grid fmi configured.
2017-10-23 05:09:19,480 null [INFO] (/home/meteo/dev/redist/fwidbmgr/include/Grid.h:1595) Configuring grid: sharples
2017-10-23 05:09:19,481 null [INFO] (/home/meteo/dev/redist/fwidbmgr/include/Grid.h:1695) Grid sharples configured.
2017-10-23 05:09:32,821 null [INFO] (/home/meteo/dev/redist/fwidbmgr/include/Grid.h:1595) Configuring grid: snow
2017-10-23 05:09:32,821 null [INFO] (/home/meteo/dev/redist/fwidbmgr/include/Grid.h:1695) Grid snow configured.
2017-10-23 05:09:32,821 null [INFO] (/home/meteo/dev/redist/fwidbmgr/include/Grid.h:1595) Configuring grid: snow_covering
2017-10-23 05:09:32,821 null [INFO] (/home/meteo/dev/redist/fwidbmgr/include/Grid.h:1695) Grid snow_covering configured.
2017-10-23 05:09:32,821 null [INFO] (/home/meteo/dev/redist/fwidbmgr/include/Grid.h:1595) Configuring grid: snow_dissolution
2017-10-23 05:09:32,821 null [INFO] (/home/meteo/dev/redist/fwidbmgr/include/Grid.h:1695) Grid snow_dissolution configured.
2017-10-23 05:09:32,822 null [INFO] (/home/meteo/dev/redist/fwidbmgr/include/Grid.h:1595) Configuring grid: temperature
2017-10-23 05:09:32,822 null [INFO] (/home/meteo/dev/redist/fwidbmgr/include/Grid.h:1695) Grid temperature configured.
2017-10-23 05:09:32,822 null [INFO] (/home/meteo/dev/redist/fwidbmgr/include/Grid.h:1595) Configuring grid: humidity
2017-10-23 05:09:32,822 null [INFO] (/home/meteo/dev/redist/fwidbmgr/include/Grid.h:1695) Grid humidity configured.
2017-10-23 05:09:32,822 null [INFO] (/home/meteo/dev/redist/fwidbmgr/include/Grid.h:1595) Configuring grid: windspeed
2017-10-23 05:09:32,822 null [INFO] (/home/meteo/dev/redist/fwidbmgr/include/Grid.h:1695) Grid windspeed configured.
2017-10-23 05:09:32,822 null [INFO] (/home/meteo/dev/redist/fwidbmgr/include/Grid.h:1595) Configuring grid: rain
2017-10-23 05:09:32,822 null [INFO] (/home/meteo/dev/redist/fwidbmgr/include/Grid.h:1695) Grid rain configured.
2017-10-23 05:09:32,822 null [INFO] (/home/meteo/dev/redist/fwidbmgr/include/Grid.h:1595) Configuring grid: cum_rain
2017-10-23 05:09:32,822 null [INFO] (/home/meteo/dev/redist/fwidbmgr/include/Grid.h:1695) Grid cum_rain configured.
2017-10-23 05:11:52,191 null [INFO] (../src/fwidbmgr.cpp:5660) OK --> 20171022 indexes computed.
2017-10-23 05:11:52,196 null [INFO] (../src/fwidbmgr.cpp:5695) action computeidx took about 153 seconds.
2017-10-23 05:11:52,196 null [INFO] (../src/fwidbmgr.cpp:5699) Disconnected from database.
2017-10-23 05:11:52,355 null [INFO] (../src/fwidbmgr.cpp:5361) fwi db manager
2017-10-23 05:11:52,355 null [INFO] (../src/fwidbmgr.cpp:5365) Program home: /home/meteo/dev/redist/fwidbmgr
2017-10-23 05:11:52,355 null [INFO] (../src/fwidbmgr.cpp:5369) Auto convert: 1
2017-10-23 05:11:52,355 null [INFO] (../src/fwidbmgr.cpp:446) action: exportidx.
2017-10-23 05:11:52,355 null [INFO] (../src/fwidbmgr.cpp:470) date: 20171022.
2017-10-23 05:11:52,355 null [INFO] (../src/fwidbmgr.cpp:322) Try to read: /home/meteo/dev/redist/fwidbmgr/config/fwidbmgr.conf.
2017-10-23 05:11:52,360 null [INFO] (../src/fwidbmgr.cpp:5393) Configuration parsing: OK.
2017-10-23 05:11:52,420 null [INFO] (../src/fwidbmgr.cpp:5478) Connected to database
2017-10-23 05:11:52,420 null [INFO] (../src/fwidbmgr.cpp:5480) Manage data for date: 20171022.
2017-10-23 05:11:52,420 null [INFO] (../src/fwidbmgr.cpp:5596) Exporting indexes.
2017-10-23 05:11:52,422 null [INFO] (/home/meteo/dev/redist/fwidbmgr/include/Grid.h:1595) Configuring grid: isi
2017-10-23 05:11:52,422 null [INFO] (/home/meteo/dev/redist/fwidbmgr/include/Grid.h:1695) Grid isi configured.
2017-10-23 05:11:52,423 null [INFO] (/home/meteo/dev/redist/fwidbmgr/include/Grid.h:1595) Configuring grid: fwi
2017-10-23 05:11:52,423 null [INFO] (/home/meteo/dev/redist/fwidbmgr/include/Grid.h:1695) Grid fwi configured.
2017-10-23 05:11:52,424 null [INFO] (/home/meteo/dev/redist/fwidbmgr/include/Grid.h:1595) Configuring grid: ffmc
2017-10-23 05:11:52,424 null [INFO] (/home/meteo/dev/redist/fwidbmgr/include/Grid.h:1695) Grid ffmc configured.
2017-10-23 05:11:52,426 null [INFO] (/home/meteo/dev/redist/fwidbmgr/include/Grid.h:1595) Configuring grid: dmc
2017-10-23 05:11:52,426 null [INFO] (/home/meteo/dev/redist/fwidbmgr/include/Grid.h:1695) Grid dmc configured.
2017-10-23 05:11:52,427 null [INFO] (/home/meteo/dev/redist/fwidbmgr/include/Grid.h:1595) Configuring grid: dc
2017-10-23 05:11:52,427 null [INFO] (/home/meteo/dev/redist/fwidbmgr/include/Grid.h:1695) Grid dc configured.
2017-10-23 05:11:52,428 null [INFO] (/home/meteo/dev/redist/fwidbmgr/include/Grid.h:1595) Configuring grid: bui
2017-10-23 05:11:52,429 null [INFO] (/home/meteo/dev/redist/fwidbmgr/include/Grid.h:1695) Grid bui configured.
2017-10-23 05:11:52,430 null [INFO] (/home/meteo/dev/redist/fwidbmgr/include/Grid.h:1595) Configuring grid: ffmc_tmp
2017-10-23 05:11:52,430 null [INFO] (/home/meteo/dev/redist/fwidbmgr/include/Grid.h:1695) Grid ffmc_tmp configured.
2017-10-23 05:11:52,431 null [INFO] (/home/meteo/dev/redist/fwidbmgr/include/Grid.h:1595) Configuring grid: dmc_tmp
2017-10-23 05:11:52,431 null [INFO] (/home/meteo/dev/redist/fwidbmgr/include/Grid.h:1695) Grid dmc_tmp configured.
2017-10-23 05:11:52,432 null [INFO] (/home/meteo/dev/redist/fwidbmgr/include/Grid.h:1595) Configuring grid: dc_tmp
2017-10-23 05:11:52,433 null [INFO] (/home/meteo/dev/redist/fwidbmgr/include/Grid.h:1695) Grid dc_tmp configured.
2017-10-23 05:11:52,434 null [INFO] (/home/meteo/dev/redist/fwidbmgr/include/Grid.h:1595) Configuring grid: idi
2017-10-23 05:11:52,434 null [INFO] (/home/meteo/dev/redist/fwidbmgr/include/Grid.h:1695) Grid idi configured.
2017-10-23 05:11:52,435 null [INFO] (/home/meteo/dev/redist/fwidbmgr/include/Grid.h:1595) Configuring grid: angstrom
2017-10-23 05:11:52,435 null [INFO] (/home/meteo/dev/redist/fwidbmgr/include/Grid.h:1695) Grid angstrom configured.
2017-10-23 05:11:52,437 null [INFO] (/home/meteo/dev/redist/fwidbmgr/include/Grid.h:1595) Configuring grid: fmi
2017-10-23 05:11:52,437 null [INFO] (/home/meteo/dev/redist/fwidbmgr/include/Grid.h:1695) Grid fmi configured.
2017-10-23 05:11:52,438 null [INFO] (/home/meteo/dev/redist/fwidbmgr/include/Grid.h:1595) Configuring grid: sharples
2017-10-23 05:11:52,438 null [INFO] (/home/meteo/dev/redist/fwidbmgr/include/Grid.h:1695) Grid sharples configured.
2017-10-23 05:12:00,217 null [INFO] (/home/meteo/dev/redist/fwidbmgr/include/Grid.h:1595) Configuring grid: isi
2017-10-23 05:12:00,217 null [INFO] (/home/meteo/dev/redist/fwidbmgr/include/Grid.h:1695) Grid isi configured.
2017-10-23 05:12:00,271 null [INFO] (/home/meteo/dev/redist/fwidbmgr/include/Grid.h:1595) Configuring grid: fwi
2017-10-23 05:12:00,271 null [INFO] (/home/meteo/dev/redist/fwidbmgr/include/Grid.h:1695) Grid fwi configured.
2017-10-23 05:12:00,307 null [INFO] (/home/meteo/dev/redist/fwidbmgr/include/Grid.h:1595) Configuring grid: ffmc
2017-10-23 05:12:00,308 null [INFO] (/home/meteo/dev/redist/fwidbmgr/include/Grid.h:1695) Grid ffmc configured.
2017-10-23 05:12:00,346 null [INFO] (/home/meteo/dev/redist/fwidbmgr/include/Grid.h:1595) Configuring grid: dmc
2017-10-23 05:12:00,346 null [INFO] (/home/meteo/dev/redist/fwidbmgr/include/Grid.h:1695) Grid dmc configured.
2017-10-23 05:12:00,384 null [INFO] (/home/meteo/dev/redist/fwidbmgr/include/Grid.h:1595) Configuring grid: dc
2017-10-23 05:12:00,384 null [INFO] (/home/meteo/dev/redist/fwidbmgr/include/Grid.h:1695) Grid dc configured.
2017-10-23 05:12:00,423 null [INFO] (/home/meteo/dev/redist/fwidbmgr/include/Grid.h:1595) Configuring grid: bui
2017-10-23 05:12:00,423 null [INFO] (/home/meteo/dev/redist/fwidbmgr/include/Grid.h:1695) Grid bui configured.
2017-10-23 05:12:00,462 null [INFO] (/home/meteo/dev/redist/fwidbmgr/include/Grid.h:1595) Configuring grid: ffmc_tmp
2017-10-23 05:12:00,462 null [INFO] (/home/meteo/dev/redist/fwidbmgr/include/Grid.h:1695) Grid ffmc_tmp configured.
2017-10-23 05:12:00,500 null [INFO] (/home/meteo/dev/redist/fwidbmgr/include/Grid.h:1595) Configuring grid: dmc_tmp
2017-10-23 05:12:00,500 null [INFO] (/home/meteo/dev/redist/fwidbmgr/include/Grid.h:1695) Grid dmc_tmp configured.
2017-10-23 05:12:00,537 null [INFO] (/home/meteo/dev/redist/fwidbmgr/include/Grid.h:1595) Configuring grid: dc_tmp
2017-10-23 05:12:00,538 null [INFO] (/home/meteo/dev/redist/fwidbmgr/include/Grid.h:1695) Grid dc_tmp configured.
2017-10-23 05:12:00,576 null [INFO] (/home/meteo/dev/redist/fwidbmgr/include/Grid.h:1595) Configuring grid: angstrom
2017-10-23 05:12:00,576 null [INFO] (/home/meteo/dev/redist/fwidbmgr/include/Grid.h:1695) Grid angstrom configured.
2017-10-23 05:12:00,690 null [INFO] (/home/meteo/dev/redist/fwidbmgr/include/Grid.h:1595) Configuring grid: sharples
2017-10-23 05:12:00,690 null [INFO] (/home/meteo/dev/redist/fwidbmgr/include/Grid.h:1695) Grid sharples configured.
2017-10-23 05:12:00,732 null [INFO] (/home/meteo/dev/redist/fwidbmgr/include/Grid.h:1595) Configuring grid: fmi
2017-10-23 05:12:00,732 null [INFO] (/home/meteo/dev/redist/fwidbmgr/include/Grid.h:1695) Grid fmi configured.
2017-10-23 05:12:00,780 null [INFO] (../src/fwidbmgr.cpp:5600) OK --> 20171022 indexes exported to files.
2017-10-23 05:12:00,780 null [INFO] (../src/fwidbmgr.cpp:5695) action exportidx took about 8 seconds.
2017-10-23 05:12:00,781 null [INFO] (../src/fwidbmgr.cpp:5699) Disconnected from database.
2017-10-23 05:12:26,973 null [INFO] (../src/fwidbmgr.cpp:5361) fwi db manager
2017-10-23 05:12:26,973 null [INFO] (../src/fwidbmgr.cpp:5365) Program home: /home/meteo/dev/redist/fwidbmgr
2017-10-23 05:12:26,973 null [INFO] (../src/fwidbmgr.cpp:5369) Auto convert: 1
2017-10-23 05:12:26,973 null [INFO] (../src/fwidbmgr.cpp:446) action: outimg.
2017-10-23 05:12:26,973 null [INFO] (../src/fwidbmgr.cpp:470) date: 20171022.
2017-10-23 05:12:26,973 null [INFO] (../src/fwidbmgr.cpp:322) Try to read: /home/meteo/dev/redist/fwidbmgr/config/fwidbmgr.conf.
2017-10-23 05:12:26,980 null [INFO] (../src/fwidbmgr.cpp:5393) Configuration parsing: OK.
2017-10-23 05:12:26,988 null [INFO] (../src/fwidbmgr.cpp:5478) Connected to database
2017-10-23 05:12:26,988 null [INFO] (../src/fwidbmgr.cpp:5480) Manage data for date: 20171022.
2017-10-23 05:12:26,988 null [INFO] (../src/fwidbmgr.cpp:5566) Importing fwi indexes images in database.
2017-10-23 05:12:27,408 null [INFO] (../src/fwidbmgr.cpp:5570) OK --> 20171022 images imported.
2017-10-23 05:12:27,408 null [INFO] (../src/fwidbmgr.cpp:5695) action outimg took about 1 seconds.
2017-10-23 05:12:27,408 null [INFO] (../src/fwidbmgr.cpp:5699) Disconnected from database.
2017-10-23 05:37:02,143 null [INFO] (../src/fwidbmgr.cpp:5361) fwi db manager
2017-10-23 05:37:02,143 null [INFO] (../src/fwidbmgr.cpp:5365) Program home: /home/meteo/dev/redist/fwidbmgr
2017-10-23 05:37:02,143 null [INFO] (../src/fwidbmgr.cpp:5369) Auto convert: 1
2017-10-23 05:37:02,143 null [INFO] (../src/fwidbmgr.cpp:446) action: outimg.
2017-10-23 05:37:02,143 null [INFO] (../src/fwidbmgr.cpp:470) date: 20171022.
2017-10-23 05:37:02,143 null [INFO] (../src/fwidbmgr.cpp:322) Try to read: /home/meteo/dev/redist/fwidbmgr/config/fwidbmgr.conf.
2017-10-23 05:37:02,145 null [INFO] (../src/fwidbmgr.cpp:5393) Configuration parsing: OK.
2017-10-23 05:37:02,150 null [INFO] (../src/fwidbmgr.cpp:5478) Connected to database
2017-10-23 05:37:02,150 null [INFO] (../src/fwidbmgr.cpp:5480) Manage data for date: 20171022.
2017-10-23 05:37:02,150 null [INFO] (../src/fwidbmgr.cpp:5566) Importing fwi indexes images in database.
2017-10-23 05:37:02,271 null [INFO] (../src/fwidbmgr.cpp:5570) OK --> 20171022 images imported.
2017-10-23 05:37:02,271 null [INFO] (../src/fwidbmgr.cpp:5695) action outimg took about 0 seconds.
2017-10-23 05:37:02,271 null [INFO] (../src/fwidbmgr.cpp:5699) Disconnected from database.
2017-10-23 06:05:01,235 null [INFO] (../src/fwidbmgr.cpp:5361) fwi db manager
2017-10-23 06:05:01,235 null [INFO] (../src/fwidbmgr.cpp:5365) Program home: /home/meteo/dev/redist/fwidbmgr
2017-10-23 06:05:01,235 null [INFO] (../src/fwidbmgr.cpp:5369) Auto convert: 1
2017-10-23 06:05:01,235 null [INFO] (../src/fwidbmgr.cpp:446) action: outimg.
2017-10-23 06:05:01,235 null [INFO] (../src/fwidbmgr.cpp:470) date: 20171022.
2017-10-23 06:05:01,235 null [INFO] (../src/fwidbmgr.cpp:322) Try to read: /home/meteo/dev/redist/fwidbmgr/config/fwidbmgr.conf.
2017-10-23 06:05:01,237 null [INFO] (../src/fwidbmgr.cpp:5393) Configuration parsing: OK.
2017-10-23 06:05:01,243 null [INFO] (../src/fwidbmgr.cpp:5478) Connected to database
2017-10-23 06:05:01,243 null [INFO] (../src/fwidbmgr.cpp:5480) Manage data for date: 20171022.
2017-10-23 06:05:01,244 null [INFO] (../src/fwidbmgr.cpp:5566) Importing fwi indexes images in database.
2017-10-23 06:05:01,321 null [INFO] (../src/fwidbmgr.cpp:5570) OK --> 20171022 images imported.
2017-10-23 06:05:01,322 null [INFO] (../src/fwidbmgr.cpp:5695) action outimg took about 0 seconds.
2017-10-23 06:05:01,322 null [INFO] (../src/fwidbmgr.cpp:5699) Disconnected from database.
2017-10-23 06:37:01,486 null [INFO] (../src/fwidbmgr.cpp:5361) fwi db manager
2017-10-23 06:37:01,486 null [INFO] (../src/fwidbmgr.cpp:5365) Program home: /home/meteo/dev/redist/fwidbmgr
2017-10-23 06:37:01,486 null [INFO] (../src/fwidbmgr.cpp:5369) Auto convert: 1
2017-10-23 06:37:01,487 null [INFO] (../src/fwidbmgr.cpp:446) action: outimg.
2017-10-23 06:37:01,487 null [INFO] (../src/fwidbmgr.cpp:470) date: 20171022.
2017-10-23 06:37:01,487 null [INFO] (../src/fwidbmgr.cpp:322) Try to read: /home/meteo/dev/redist/fwidbmgr/config/fwidbmgr.conf.
2017-10-23 06:37:01,489 null [INFO] (../src/fwidbmgr.cpp:5393) Configuration parsing: OK.
2017-10-23 06:37:01,494 null [INFO] (../src/fwidbmgr.cpp:5478) Connected to database
2017-10-23 06:37:01,494 null [INFO] (../src/fwidbmgr.cpp:5480) Manage data for date: 20171022.
2017-10-23 06:37:01,495 null [INFO] (../src/fwidbmgr.cpp:5566) Importing fwi indexes images in database.
2017-10-23 06:37:01,591 null [INFO] (../src/fwidbmgr.cpp:5570) OK --> 20171022 images imported.
2017-10-23 06:37:01,591 null [INFO] (../src/fwidbmgr.cpp:5695) action outimg took about 0 seconds.
2017-10-23 06:37:01,592 null [INFO] (../src/fwidbmgr.cpp:5699) Disconnected from database.
2017-10-23 07:05:01,329 null [INFO] (../src/fwidbmgr.cpp:5361) fwi db manager
2017-10-23 07:05:01,329 null [INFO] (../src/fwidbmgr.cpp:5365) Program home: /home/meteo/dev/redist/fwidbmgr
2017-10-23 07:05:01,329 null [INFO] (../src/fwidbmgr.cpp:5369) Auto convert: 1
2017-10-23 07:05:01,329 null [INFO] (../src/fwidbmgr.cpp:446) action: outimg.
2017-10-23 07:05:01,329 null [INFO] (../src/fwidbmgr.cpp:470) date: 20171022.
2017-10-23 07:05:01,329 null [INFO] (../src/fwidbmgr.cpp:322) Try to read: /home/meteo/dev/redist/fwidbmgr/config/fwidbmgr.conf.
2017-10-23 07:05:01,331 null [INFO] (../src/fwidbmgr.cpp:5393) Configuration parsing: OK.
2017-10-23 07:05:01,336 null [INFO] (../src/fwidbmgr.cpp:5478) Connected to database
2017-10-23 07:05:01,336 null [INFO] (../src/fwidbmgr.cpp:5480) Manage data for date: 20171022.
2017-10-23 07:05:01,336 null [INFO] (../src/fwidbmgr.cpp:5566) Importing fwi indexes images in database.
2017-10-23 07:05:01,411 null [INFO] (../src/fwidbmgr.cpp:5570) OK --> 20171022 images imported.
2017-10-23 07:05:01,411 null [INFO] (../src/fwidbmgr.cpp:5695) action outimg took about 0 seconds.
2017-10-23 07:05:01,411 null [INFO] (../src/fwidbmgr.cpp:5699) Disconnected from database.
2017-10-23 07:37:01,542 null [INFO] (../src/fwidbmgr.cpp:5361) fwi db manager
2017-10-23 07:37:01,542 null [INFO] (../src/fwidbmgr.cpp:5365) Program home: /home/meteo/dev/redist/fwidbmgr
2017-10-23 07:37:01,542 null [INFO] (../src/fwidbmgr.cpp:5369) Auto convert: 1
2017-10-23 07:37:01,542 null [INFO] (../src/fwidbmgr.cpp:446) action: outimg.
2017-10-23 07:37:01,542 null [INFO] (../src/fwidbmgr.cpp:470) date: 20171022.
2017-10-23 07:37:01,542 null [INFO] (../src/fwidbmgr.cpp:322) Try to read: /home/meteo/dev/redist/fwidbmgr/config/fwidbmgr.conf.
2017-10-23 07:37:01,544 null [INFO] (../src/fwidbmgr.cpp:5393) Configuration parsing: OK.
2017-10-23 07:37:01,549 null [INFO] (../src/fwidbmgr.cpp:5478) Connected to database
2017-10-23 07:37:01,550 null [INFO] (../src/fwidbmgr.cpp:5480) Manage data for date: 20171022.
2017-10-23 07:37:01,550 null [INFO] (../src/fwidbmgr.cpp:5566) Importing fwi indexes images in database.
2017-10-23 07:37:01,632 null [INFO] (../src/fwidbmgr.cpp:5570) OK --> 20171022 images imported.
2017-10-23 07:37:01,632 null [INFO] (../src/fwidbmgr.cpp:5695) action outimg took about 0 seconds.
2017-10-23 07:37:01,632 null [INFO] (../src/fwidbmgr.cpp:5699) Disconnected from database.
