2017-11-06 04:06:45,025 null [INFO] (../src/fwidbmgr.cpp:5361) fwi db manager
2017-11-06 04:06:45,025 null [INFO] (../src/fwidbmgr.cpp:5365) Program home: /home/meteo/dev/redist/fwidbmgr
2017-11-06 04:06:45,025 null [INFO] (../src/fwidbmgr.cpp:5369) Auto convert: 1
2017-11-06 04:06:45,025 null [INFO] (../src/fwidbmgr.cpp:446) action: in.
2017-11-06 04:06:45,025 null [INFO] (../src/fwidbmgr.cpp:470) date: 20171105.
2017-11-06 04:06:45,025 null [INFO] (../src/fwidbmgr.cpp:322) Try to read: /home/meteo/dev/redist/fwidbmgr/config/fwidbmgr.conf.
2017-11-06 04:06:45,060 null [INFO] (../src/fwidbmgr.cpp:5393) Configuration parsing: OK.
2017-11-06 04:06:45,088 null [INFO] (../src/fwidbmgr.cpp:5478) Connected to database
2017-11-06 04:06:45,088 null [INFO] (../src/fwidbmgr.cpp:5480) Manage data for date: 20171105.
2017-11-06 04:06:45,088 null [INFO] (../src/fwidbmgr.cpp:5536) Importing meteo data in database for day: 20171105.
2017-11-06 04:06:45,097 null [INFO] (/home/meteo/dev/redist/fwidbmgr/include/Grid.h:1595) Configuring grid: snow
2017-11-06 04:06:45,098 null [INFO] (/home/meteo/dev/redist/fwidbmgr/include/Grid.h:1695) Grid snow configured.
2017-11-06 04:06:45,108 null [INFO] (/home/meteo/dev/redist/fwidbmgr/include/Grid.h:1595) Configuring grid: snow_covering
2017-11-06 04:06:45,109 null [INFO] (/home/meteo/dev/redist/fwidbmgr/include/Grid.h:1695) Grid snow_covering configured.
2017-11-06 04:06:45,121 null [INFO] (/home/meteo/dev/redist/fwidbmgr/include/Grid.h:1595) Configuring grid: snow_dissolution
2017-11-06 04:06:45,121 null [INFO] (/home/meteo/dev/redist/fwidbmgr/include/Grid.h:1695) Grid snow_dissolution configured.
2017-11-06 04:06:45,143 null [INFO] (/home/meteo/dev/redist/fwidbmgr/include/Grid.h:1595) Configuring grid: temperature
2017-11-06 04:06:45,144 null [INFO] (/home/meteo/dev/redist/fwidbmgr/include/Grid.h:1695) Grid temperature configured.
2017-11-06 04:06:45,149 null [INFO] (/home/meteo/dev/redist/fwidbmgr/include/Grid.h:1595) Configuring grid: humidity
2017-11-06 04:06:45,149 null [INFO] (/home/meteo/dev/redist/fwidbmgr/include/Grid.h:1695) Grid humidity configured.
2017-11-06 04:06:45,159 null [INFO] (/home/meteo/dev/redist/fwidbmgr/include/Grid.h:1595) Configuring grid: windspeed
2017-11-06 04:06:45,159 null [INFO] (/home/meteo/dev/redist/fwidbmgr/include/Grid.h:1695) Grid windspeed configured.
2017-11-06 04:06:45,182 null [INFO] (/home/meteo/dev/redist/fwidbmgr/include/Grid.h:1595) Configuring grid: rain
2017-11-06 04:06:45,182 null [INFO] (/home/meteo/dev/redist/fwidbmgr/include/Grid.h:1695) Grid rain configured.
2017-11-06 04:06:45,185 null [INFO] (/home/meteo/dev/redist/fwidbmgr/include/Grid.h:1595) Configuring grid: cum_rain
2017-11-06 04:06:45,185 null [INFO] (/home/meteo/dev/redist/fwidbmgr/include/Grid.h:1695) Grid cum_rain configured.
2017-11-06 04:06:50,728 null [INFO] (../src/fwidbmgr.cpp:1518) Storing meteo input ...
2017-11-06 04:07:13,376 null [INFO] (../src/fwidbmgr.cpp:5540) OK --> 20171105 data imported.
2017-11-06 04:07:13,432 null [INFO] (../src/fwidbmgr.cpp:5695) action in took about 28 seconds.
2017-11-06 04:07:13,507 null [INFO] (../src/fwidbmgr.cpp:5699) Disconnected from database.
2017-11-06 04:08:22,924 null [INFO] (../src/fwidbmgr.cpp:5361) fwi db manager
2017-11-06 04:08:22,925 null [INFO] (../src/fwidbmgr.cpp:5365) Program home: /home/meteo/dev/redist/fwidbmgr
2017-11-06 04:08:22,925 null [INFO] (../src/fwidbmgr.cpp:5369) Auto convert: 1
2017-11-06 04:08:22,925 null [INFO] (../src/fwidbmgr.cpp:446) action: out.
2017-11-06 04:08:22,925 null [INFO] (../src/fwidbmgr.cpp:470) date: 20171105.
2017-11-06 04:08:22,925 null [INFO] (../src/fwidbmgr.cpp:322) Try to read: /home/meteo/dev/redist/fwidbmgr/config/fwidbmgr.conf.
2017-11-06 04:08:22,931 null [INFO] (../src/fwidbmgr.cpp:5393) Configuration parsing: OK.
2017-11-06 04:08:22,949 null [INFO] (../src/fwidbmgr.cpp:5478) Connected to database
2017-11-06 04:08:22,950 null [INFO] (../src/fwidbmgr.cpp:5480) Manage data for date: 20171105.
2017-11-06 04:08:22,950 null [INFO] (../src/fwidbmgr.cpp:5551) Importing fwi indexes data in database for day: 20171105.
2017-11-06 04:08:22,957 null [INFO] (/home/meteo/dev/redist/fwidbmgr/include/Grid.h:1595) Configuring grid: isi
2017-11-06 04:08:22,957 null [INFO] (/home/meteo/dev/redist/fwidbmgr/include/Grid.h:1695) Grid isi configured.
2017-11-06 04:08:22,970 null [INFO] (/home/meteo/dev/redist/fwidbmgr/include/Grid.h:1595) Configuring grid: fwi
2017-11-06 04:08:22,970 null [INFO] (/home/meteo/dev/redist/fwidbmgr/include/Grid.h:1695) Grid fwi configured.
2017-11-06 04:08:22,983 null [INFO] (/home/meteo/dev/redist/fwidbmgr/include/Grid.h:1595) Configuring grid: ffmc
2017-11-06 04:08:22,983 null [INFO] (/home/meteo/dev/redist/fwidbmgr/include/Grid.h:1695) Grid ffmc configured.
2017-11-06 04:08:22,997 null [INFO] (/home/meteo/dev/redist/fwidbmgr/include/Grid.h:1595) Configuring grid: dmc
2017-11-06 04:08:22,997 null [INFO] (/home/meteo/dev/redist/fwidbmgr/include/Grid.h:1695) Grid dmc configured.
2017-11-06 04:08:23,011 null [INFO] (/home/meteo/dev/redist/fwidbmgr/include/Grid.h:1595) Configuring grid: dc
2017-11-06 04:08:23,011 null [INFO] (/home/meteo/dev/redist/fwidbmgr/include/Grid.h:1695) Grid dc configured.
2017-11-06 04:08:23,024 null [INFO] (/home/meteo/dev/redist/fwidbmgr/include/Grid.h:1595) Configuring grid: bui
2017-11-06 04:08:23,025 null [INFO] (/home/meteo/dev/redist/fwidbmgr/include/Grid.h:1695) Grid bui configured.
2017-11-06 04:08:23,038 null [INFO] (/home/meteo/dev/redist/fwidbmgr/include/Grid.h:1595) Configuring grid: ffmc_tmp
2017-11-06 04:08:23,038 null [INFO] (/home/meteo/dev/redist/fwidbmgr/include/Grid.h:1695) Grid ffmc_tmp configured.
2017-11-06 04:08:23,072 null [INFO] (/home/meteo/dev/redist/fwidbmgr/include/Grid.h:1595) Configuring grid: dmc_tmp
2017-11-06 04:08:23,072 null [INFO] (/home/meteo/dev/redist/fwidbmgr/include/Grid.h:1695) Grid dmc_tmp configured.
2017-11-06 04:08:23,092 null [INFO] (/home/meteo/dev/redist/fwidbmgr/include/Grid.h:1595) Configuring grid: dc_tmp
2017-11-06 04:08:23,092 null [INFO] (/home/meteo/dev/redist/fwidbmgr/include/Grid.h:1695) Grid dc_tmp configured.
2017-11-06 04:08:23,113 null [INFO] (/home/meteo/dev/redist/fwidbmgr/include/Grid.h:1595) Configuring grid: idi
2017-11-06 04:08:23,113 null [INFO] (/home/meteo/dev/redist/fwidbmgr/include/Grid.h:1695) Grid idi configured.
2017-11-06 04:08:31,238 null [INFO] (../src/fwidbmgr.cpp:2081) Storing FWI indexes ...
2017-11-06 04:09:07,653 null [INFO] (../src/fwidbmgr.cpp:5555) OK --> 20171105 data imported.
2017-11-06 04:09:07,653 null [INFO] (../src/fwidbmgr.cpp:5695) action out took about 45 seconds.
2017-11-06 04:09:07,654 null [INFO] (../src/fwidbmgr.cpp:5699) Disconnected from database.
2017-11-06 04:09:07,919 null [INFO] (../src/fwidbmgr.cpp:5361) fwi db manager
2017-11-06 04:09:07,919 null [INFO] (../src/fwidbmgr.cpp:5365) Program home: /home/meteo/dev/redist/fwidbmgr
2017-11-06 04:09:07,919 null [INFO] (../src/fwidbmgr.cpp:5369) Auto convert: 1
2017-11-06 04:09:07,919 null [INFO] (../src/fwidbmgr.cpp:446) action: computeidx.
2017-11-06 04:09:07,919 null [INFO] (../src/fwidbmgr.cpp:470) date: 20171105.
2017-11-06 04:09:07,919 null [INFO] (../src/fwidbmgr.cpp:322) Try to read: /home/meteo/dev/redist/fwidbmgr/config/fwidbmgr.conf.
2017-11-06 04:09:07,926 null [INFO] (../src/fwidbmgr.cpp:5393) Configuration parsing: OK.
2017-11-06 04:09:07,988 null [INFO] (../src/fwidbmgr.cpp:5478) Connected to database
2017-11-06 04:09:07,988 null [INFO] (../src/fwidbmgr.cpp:5480) Manage data for date: 20171105.
2017-11-06 04:09:07,988 null [INFO] (../src/fwidbmgr.cpp:5656) Computing indexes.
2017-11-06 04:09:07,990 null [INFO] (/home/meteo/dev/redist/fwidbmgr/include/Grid.h:1595) Configuring grid: isi
2017-11-06 04:09:07,990 null [INFO] (/home/meteo/dev/redist/fwidbmgr/include/Grid.h:1695) Grid isi configured.
2017-11-06 04:09:07,991 null [INFO] (/home/meteo/dev/redist/fwidbmgr/include/Grid.h:1595) Configuring grid: fwi
2017-11-06 04:09:07,991 null [INFO] (/home/meteo/dev/redist/fwidbmgr/include/Grid.h:1695) Grid fwi configured.
2017-11-06 04:09:07,992 null [INFO] (/home/meteo/dev/redist/fwidbmgr/include/Grid.h:1595) Configuring grid: ffmc
2017-11-06 04:09:07,992 null [INFO] (/home/meteo/dev/redist/fwidbmgr/include/Grid.h:1695) Grid ffmc configured.
2017-11-06 04:09:07,994 null [INFO] (/home/meteo/dev/redist/fwidbmgr/include/Grid.h:1595) Configuring grid: dmc
2017-11-06 04:09:07,994 null [INFO] (/home/meteo/dev/redist/fwidbmgr/include/Grid.h:1695) Grid dmc configured.
2017-11-06 04:09:07,995 null [INFO] (/home/meteo/dev/redist/fwidbmgr/include/Grid.h:1595) Configuring grid: dc
2017-11-06 04:09:07,995 null [INFO] (/home/meteo/dev/redist/fwidbmgr/include/Grid.h:1695) Grid dc configured.
2017-11-06 04:09:07,996 null [INFO] (/home/meteo/dev/redist/fwidbmgr/include/Grid.h:1595) Configuring grid: bui
2017-11-06 04:09:07,996 null [INFO] (/home/meteo/dev/redist/fwidbmgr/include/Grid.h:1695) Grid bui configured.
2017-11-06 04:09:07,998 null [INFO] (/home/meteo/dev/redist/fwidbmgr/include/Grid.h:1595) Configuring grid: ffmc_tmp
2017-11-06 04:09:07,998 null [INFO] (/home/meteo/dev/redist/fwidbmgr/include/Grid.h:1695) Grid ffmc_tmp configured.
2017-11-06 04:09:07,999 null [INFO] (/home/meteo/dev/redist/fwidbmgr/include/Grid.h:1595) Configuring grid: dmc_tmp
2017-11-06 04:09:07,999 null [INFO] (/home/meteo/dev/redist/fwidbmgr/include/Grid.h:1695) Grid dmc_tmp configured.
2017-11-06 04:09:08,000 null [INFO] (/home/meteo/dev/redist/fwidbmgr/include/Grid.h:1595) Configuring grid: dc_tmp
2017-11-06 04:09:08,001 null [INFO] (/home/meteo/dev/redist/fwidbmgr/include/Grid.h:1695) Grid dc_tmp configured.
2017-11-06 04:09:08,002 null [INFO] (/home/meteo/dev/redist/fwidbmgr/include/Grid.h:1595) Configuring grid: idi
2017-11-06 04:09:08,002 null [INFO] (/home/meteo/dev/redist/fwidbmgr/include/Grid.h:1695) Grid idi configured.
2017-11-06 04:09:08,003 null [INFO] (/home/meteo/dev/redist/fwidbmgr/include/Grid.h:1595) Configuring grid: angstrom
2017-11-06 04:09:08,003 null [INFO] (/home/meteo/dev/redist/fwidbmgr/include/Grid.h:1695) Grid angstrom configured.
2017-11-06 04:09:08,004 null [INFO] (/home/meteo/dev/redist/fwidbmgr/include/Grid.h:1595) Configuring grid: fmi
2017-11-06 04:09:08,004 null [INFO] (/home/meteo/dev/redist/fwidbmgr/include/Grid.h:1695) Grid fmi configured.
2017-11-06 04:09:08,006 null [INFO] (/home/meteo/dev/redist/fwidbmgr/include/Grid.h:1595) Configuring grid: sharples
2017-11-06 04:09:08,006 null [INFO] (/home/meteo/dev/redist/fwidbmgr/include/Grid.h:1695) Grid sharples configured.
2017-11-06 04:09:17,636 null [INFO] (/home/meteo/dev/redist/fwidbmgr/include/Grid.h:1595) Configuring grid: snow
2017-11-06 04:09:17,636 null [INFO] (/home/meteo/dev/redist/fwidbmgr/include/Grid.h:1695) Grid snow configured.
2017-11-06 04:09:17,636 null [INFO] (/home/meteo/dev/redist/fwidbmgr/include/Grid.h:1595) Configuring grid: snow_covering
2017-11-06 04:09:17,637 null [INFO] (/home/meteo/dev/redist/fwidbmgr/include/Grid.h:1695) Grid snow_covering configured.
2017-11-06 04:09:17,637 null [INFO] (/home/meteo/dev/redist/fwidbmgr/include/Grid.h:1595) Configuring grid: snow_dissolution
2017-11-06 04:09:17,637 null [INFO] (/home/meteo/dev/redist/fwidbmgr/include/Grid.h:1695) Grid snow_dissolution configured.
2017-11-06 04:09:17,637 null [INFO] (/home/meteo/dev/redist/fwidbmgr/include/Grid.h:1595) Configuring grid: temperature
2017-11-06 04:09:17,637 null [INFO] (/home/meteo/dev/redist/fwidbmgr/include/Grid.h:1695) Grid temperature configured.
2017-11-06 04:09:17,637 null [INFO] (/home/meteo/dev/redist/fwidbmgr/include/Grid.h:1595) Configuring grid: humidity
2017-11-06 04:09:17,637 null [INFO] (/home/meteo/dev/redist/fwidbmgr/include/Grid.h:1695) Grid humidity configured.
2017-11-06 04:09:17,637 null [INFO] (/home/meteo/dev/redist/fwidbmgr/include/Grid.h:1595) Configuring grid: windspeed
2017-11-06 04:09:17,637 null [INFO] (/home/meteo/dev/redist/fwidbmgr/include/Grid.h:1695) Grid windspeed configured.
2017-11-06 04:09:17,638 null [INFO] (/home/meteo/dev/redist/fwidbmgr/include/Grid.h:1595) Configuring grid: rain
2017-11-06 04:09:17,638 null [INFO] (/home/meteo/dev/redist/fwidbmgr/include/Grid.h:1695) Grid rain configured.
2017-11-06 04:09:17,638 null [INFO] (/home/meteo/dev/redist/fwidbmgr/include/Grid.h:1595) Configuring grid: cum_rain
2017-11-06 04:09:17,638 null [INFO] (/home/meteo/dev/redist/fwidbmgr/include/Grid.h:1695) Grid cum_rain configured.
2017-11-06 04:11:45,710 null [INFO] (../src/fwidbmgr.cpp:5660) OK --> 20171105 indexes computed.
2017-11-06 04:11:45,716 null [INFO] (../src/fwidbmgr.cpp:5695) action computeidx took about 158 seconds.
2017-11-06 04:11:45,716 null [INFO] (../src/fwidbmgr.cpp:5699) Disconnected from database.
2017-11-06 04:11:45,896 null [INFO] (../src/fwidbmgr.cpp:5361) fwi db manager
2017-11-06 04:11:45,896 null [INFO] (../src/fwidbmgr.cpp:5365) Program home: /home/meteo/dev/redist/fwidbmgr
2017-11-06 04:11:45,896 null [INFO] (../src/fwidbmgr.cpp:5369) Auto convert: 1
2017-11-06 04:11:45,896 null [INFO] (../src/fwidbmgr.cpp:446) action: exportidx.
2017-11-06 04:11:45,896 null [INFO] (../src/fwidbmgr.cpp:470) date: 20171105.
2017-11-06 04:11:45,896 null [INFO] (../src/fwidbmgr.cpp:322) Try to read: /home/meteo/dev/redist/fwidbmgr/config/fwidbmgr.conf.
2017-11-06 04:11:45,901 null [INFO] (../src/fwidbmgr.cpp:5393) Configuration parsing: OK.
2017-11-06 04:11:45,931 null [INFO] (../src/fwidbmgr.cpp:5478) Connected to database
2017-11-06 04:11:45,931 null [INFO] (../src/fwidbmgr.cpp:5480) Manage data for date: 20171105.
2017-11-06 04:11:45,931 null [INFO] (../src/fwidbmgr.cpp:5596) Exporting indexes.
2017-11-06 04:11:45,932 null [INFO] (/home/meteo/dev/redist/fwidbmgr/include/Grid.h:1595) Configuring grid: isi
2017-11-06 04:11:45,932 null [INFO] (/home/meteo/dev/redist/fwidbmgr/include/Grid.h:1695) Grid isi configured.
2017-11-06 04:11:45,934 null [INFO] (/home/meteo/dev/redist/fwidbmgr/include/Grid.h:1595) Configuring grid: fwi
2017-11-06 04:11:45,934 null [INFO] (/home/meteo/dev/redist/fwidbmgr/include/Grid.h:1695) Grid fwi configured.
2017-11-06 04:11:45,935 null [INFO] (/home/meteo/dev/redist/fwidbmgr/include/Grid.h:1595) Configuring grid: ffmc
2017-11-06 04:11:45,935 null [INFO] (/home/meteo/dev/redist/fwidbmgr/include/Grid.h:1695) Grid ffmc configured.
2017-11-06 04:11:45,936 null [INFO] (/home/meteo/dev/redist/fwidbmgr/include/Grid.h:1595) Configuring grid: dmc
2017-11-06 04:11:45,936 null [INFO] (/home/meteo/dev/redist/fwidbmgr/include/Grid.h:1695) Grid dmc configured.
2017-11-06 04:11:45,938 null [INFO] (/home/meteo/dev/redist/fwidbmgr/include/Grid.h:1595) Configuring grid: dc
2017-11-06 04:11:45,938 null [INFO] (/home/meteo/dev/redist/fwidbmgr/include/Grid.h:1695) Grid dc configured.
2017-11-06 04:11:45,939 null [INFO] (/home/meteo/dev/redist/fwidbmgr/include/Grid.h:1595) Configuring grid: bui
2017-11-06 04:11:45,939 null [INFO] (/home/meteo/dev/redist/fwidbmgr/include/Grid.h:1695) Grid bui configured.
2017-11-06 04:11:45,940 null [INFO] (/home/meteo/dev/redist/fwidbmgr/include/Grid.h:1595) Configuring grid: ffmc_tmp
2017-11-06 04:11:45,940 null [INFO] (/home/meteo/dev/redist/fwidbmgr/include/Grid.h:1695) Grid ffmc_tmp configured.
2017-11-06 04:11:45,942 null [INFO] (/home/meteo/dev/redist/fwidbmgr/include/Grid.h:1595) Configuring grid: dmc_tmp
2017-11-06 04:11:45,942 null [INFO] (/home/meteo/dev/redist/fwidbmgr/include/Grid.h:1695) Grid dmc_tmp configured.
2017-11-06 04:11:45,943 null [INFO] (/home/meteo/dev/redist/fwidbmgr/include/Grid.h:1595) Configuring grid: dc_tmp
2017-11-06 04:11:45,943 null [INFO] (/home/meteo/dev/redist/fwidbmgr/include/Grid.h:1695) Grid dc_tmp configured.
2017-11-06 04:11:45,944 null [INFO] (/home/meteo/dev/redist/fwidbmgr/include/Grid.h:1595) Configuring grid: idi
2017-11-06 04:11:45,944 null [INFO] (/home/meteo/dev/redist/fwidbmgr/include/Grid.h:1695) Grid idi configured.
2017-11-06 04:11:45,946 null [INFO] (/home/meteo/dev/redist/fwidbmgr/include/Grid.h:1595) Configuring grid: angstrom
2017-11-06 04:11:45,946 null [INFO] (/home/meteo/dev/redist/fwidbmgr/include/Grid.h:1695) Grid angstrom configured.
2017-11-06 04:11:45,947 null [INFO] (/home/meteo/dev/redist/fwidbmgr/include/Grid.h:1595) Configuring grid: fmi
2017-11-06 04:11:45,947 null [INFO] (/home/meteo/dev/redist/fwidbmgr/include/Grid.h:1695) Grid fmi configured.
2017-11-06 04:11:45,948 null [INFO] (/home/meteo/dev/redist/fwidbmgr/include/Grid.h:1595) Configuring grid: sharples
2017-11-06 04:11:45,948 null [INFO] (/home/meteo/dev/redist/fwidbmgr/include/Grid.h:1695) Grid sharples configured.
2017-11-06 04:11:56,761 null [INFO] (/home/meteo/dev/redist/fwidbmgr/include/Grid.h:1595) Configuring grid: isi
2017-11-06 04:11:56,761 null [INFO] (/home/meteo/dev/redist/fwidbmgr/include/Grid.h:1695) Grid isi configured.
2017-11-06 04:11:56,814 null [INFO] (/home/meteo/dev/redist/fwidbmgr/include/Grid.h:1595) Configuring grid: fwi
2017-11-06 04:11:56,814 null [INFO] (/home/meteo/dev/redist/fwidbmgr/include/Grid.h:1695) Grid fwi configured.
2017-11-06 04:11:56,851 null [INFO] (/home/meteo/dev/redist/fwidbmgr/include/Grid.h:1595) Configuring grid: ffmc
2017-11-06 04:11:56,851 null [INFO] (/home/meteo/dev/redist/fwidbmgr/include/Grid.h:1695) Grid ffmc configured.
2017-11-06 04:11:56,889 null [INFO] (/home/meteo/dev/redist/fwidbmgr/include/Grid.h:1595) Configuring grid: dmc
2017-11-06 04:11:56,889 null [INFO] (/home/meteo/dev/redist/fwidbmgr/include/Grid.h:1695) Grid dmc configured.
2017-11-06 04:11:56,927 null [INFO] (/home/meteo/dev/redist/fwidbmgr/include/Grid.h:1595) Configuring grid: dc
2017-11-06 04:11:56,927 null [INFO] (/home/meteo/dev/redist/fwidbmgr/include/Grid.h:1695) Grid dc configured.
2017-11-06 04:11:56,966 null [INFO] (/home/meteo/dev/redist/fwidbmgr/include/Grid.h:1595) Configuring grid: bui
2017-11-06 04:11:56,966 null [INFO] (/home/meteo/dev/redist/fwidbmgr/include/Grid.h:1695) Grid bui configured.
2017-11-06 04:11:57,003 null [INFO] (/home/meteo/dev/redist/fwidbmgr/include/Grid.h:1595) Configuring grid: ffmc_tmp
2017-11-06 04:11:57,004 null [INFO] (/home/meteo/dev/redist/fwidbmgr/include/Grid.h:1695) Grid ffmc_tmp configured.
2017-11-06 04:11:57,040 null [INFO] (/home/meteo/dev/redist/fwidbmgr/include/Grid.h:1595) Configuring grid: dmc_tmp
2017-11-06 04:11:57,040 null [INFO] (/home/meteo/dev/redist/fwidbmgr/include/Grid.h:1695) Grid dmc_tmp configured.
2017-11-06 04:11:57,075 null [INFO] (/home/meteo/dev/redist/fwidbmgr/include/Grid.h:1595) Configuring grid: dc_tmp
2017-11-06 04:11:57,075 null [INFO] (/home/meteo/dev/redist/fwidbmgr/include/Grid.h:1695) Grid dc_tmp configured.
2017-11-06 04:11:57,112 null [INFO] (/home/meteo/dev/redist/fwidbmgr/include/Grid.h:1595) Configuring grid: angstrom
2017-11-06 04:11:57,112 null [INFO] (/home/meteo/dev/redist/fwidbmgr/include/Grid.h:1695) Grid angstrom configured.
2017-11-06 04:11:57,177 null [INFO] (/home/meteo/dev/redist/fwidbmgr/include/Grid.h:1595) Configuring grid: sharples
2017-11-06 04:11:57,177 null [INFO] (/home/meteo/dev/redist/fwidbmgr/include/Grid.h:1695) Grid sharples configured.
2017-11-06 04:11:57,215 null [INFO] (/home/meteo/dev/redist/fwidbmgr/include/Grid.h:1595) Configuring grid: fmi
2017-11-06 04:11:57,215 null [INFO] (/home/meteo/dev/redist/fwidbmgr/include/Grid.h:1695) Grid fmi configured.
2017-11-06 04:11:57,260 null [INFO] (../src/fwidbmgr.cpp:5600) OK --> 20171105 indexes exported to files.
2017-11-06 04:11:57,260 null [INFO] (../src/fwidbmgr.cpp:5695) action exportidx took about 12 seconds.
2017-11-06 04:11:57,260 null [INFO] (../src/fwidbmgr.cpp:5699) Disconnected from database.
2017-11-06 04:12:25,885 null [INFO] (../src/fwidbmgr.cpp:5361) fwi db manager
2017-11-06 04:12:25,885 null [INFO] (../src/fwidbmgr.cpp:5365) Program home: /home/meteo/dev/redist/fwidbmgr
2017-11-06 04:12:25,885 null [INFO] (../src/fwidbmgr.cpp:5369) Auto convert: 1
2017-11-06 04:12:25,885 null [INFO] (../src/fwidbmgr.cpp:446) action: outimg.
2017-11-06 04:12:25,885 null [INFO] (../src/fwidbmgr.cpp:470) date: 20171105.
2017-11-06 04:12:25,885 null [INFO] (../src/fwidbmgr.cpp:322) Try to read: /home/meteo/dev/redist/fwidbmgr/config/fwidbmgr.conf.
2017-11-06 04:12:25,892 null [INFO] (../src/fwidbmgr.cpp:5393) Configuration parsing: OK.
2017-11-06 04:12:25,895 null [INFO] (../src/fwidbmgr.cpp:5478) Connected to database
2017-11-06 04:12:25,895 null [INFO] (../src/fwidbmgr.cpp:5480) Manage data for date: 20171105.
2017-11-06 04:12:25,895 null [INFO] (../src/fwidbmgr.cpp:5566) Importing fwi indexes images in database.
2017-11-06 04:12:26,339 null [INFO] (../src/fwidbmgr.cpp:5570) OK --> 20171105 images imported.
2017-11-06 04:12:26,339 null [INFO] (../src/fwidbmgr.cpp:5695) action outimg took about 1 seconds.
2017-11-06 04:12:26,339 null [INFO] (../src/fwidbmgr.cpp:5699) Disconnected from database.
2017-11-06 04:37:01,767 null [INFO] (../src/fwidbmgr.cpp:5361) fwi db manager
2017-11-06 04:37:01,768 null [INFO] (../src/fwidbmgr.cpp:5365) Program home: /home/meteo/dev/redist/fwidbmgr
2017-11-06 04:37:01,768 null [INFO] (../src/fwidbmgr.cpp:5369) Auto convert: 1
2017-11-06 04:37:01,768 null [INFO] (../src/fwidbmgr.cpp:446) action: outimg.
2017-11-06 04:37:01,768 null [INFO] (../src/fwidbmgr.cpp:470) date: 20171105.
2017-11-06 04:37:01,768 null [INFO] (../src/fwidbmgr.cpp:322) Try to read: /home/meteo/dev/redist/fwidbmgr/config/fwidbmgr.conf.
2017-11-06 04:37:01,770 null [INFO] (../src/fwidbmgr.cpp:5393) Configuration parsing: OK.
2017-11-06 04:37:01,775 null [INFO] (../src/fwidbmgr.cpp:5478) Connected to database
2017-11-06 04:37:01,775 null [INFO] (../src/fwidbmgr.cpp:5480) Manage data for date: 20171105.
2017-11-06 04:37:01,775 null [INFO] (../src/fwidbmgr.cpp:5566) Importing fwi indexes images in database.
2017-11-06 04:37:01,873 null [INFO] (../src/fwidbmgr.cpp:5570) OK --> 20171105 images imported.
2017-11-06 04:37:01,873 null [INFO] (../src/fwidbmgr.cpp:5695) action outimg took about 0 seconds.
2017-11-06 04:37:01,873 null [INFO] (../src/fwidbmgr.cpp:5699) Disconnected from database.
2017-11-06 05:05:01,995 null [INFO] (../src/fwidbmgr.cpp:5361) fwi db manager
2017-11-06 05:05:01,995 null [INFO] (../src/fwidbmgr.cpp:5365) Program home: /home/meteo/dev/redist/fwidbmgr
2017-11-06 05:05:01,995 null [INFO] (../src/fwidbmgr.cpp:5369) Auto convert: 1
2017-11-06 05:05:01,995 null [INFO] (../src/fwidbmgr.cpp:446) action: outimg.
2017-11-06 05:05:01,995 null [INFO] (../src/fwidbmgr.cpp:470) date: 20171105.
2017-11-06 05:05:01,995 null [INFO] (../src/fwidbmgr.cpp:322) Try to read: /home/meteo/dev/redist/fwidbmgr/config/fwidbmgr.conf.
2017-11-06 05:05:01,997 null [INFO] (../src/fwidbmgr.cpp:5393) Configuration parsing: OK.
2017-11-06 05:05:02,008 null [INFO] (../src/fwidbmgr.cpp:5478) Connected to database
2017-11-06 05:05:02,008 null [INFO] (../src/fwidbmgr.cpp:5480) Manage data for date: 20171105.
2017-11-06 05:05:02,008 null [INFO] (../src/fwidbmgr.cpp:5566) Importing fwi indexes images in database.
2017-11-06 05:05:02,092 null [INFO] (../src/fwidbmgr.cpp:5570) OK --> 20171105 images imported.
2017-11-06 05:05:02,092 null [INFO] (../src/fwidbmgr.cpp:5695) action outimg took about 0 seconds.
2017-11-06 05:05:02,092 null [INFO] (../src/fwidbmgr.cpp:5699) Disconnected from database.
2017-11-06 05:37:01,270 null [INFO] (../src/fwidbmgr.cpp:5361) fwi db manager
2017-11-06 05:37:01,270 null [INFO] (../src/fwidbmgr.cpp:5365) Program home: /home/meteo/dev/redist/fwidbmgr
2017-11-06 05:37:01,270 null [INFO] (../src/fwidbmgr.cpp:5369) Auto convert: 1
2017-11-06 05:37:01,270 null [INFO] (../src/fwidbmgr.cpp:446) action: outimg.
2017-11-06 05:37:01,270 null [INFO] (../src/fwidbmgr.cpp:470) date: 20171105.
2017-11-06 05:37:01,270 null [INFO] (../src/fwidbmgr.cpp:322) Try to read: /home/meteo/dev/redist/fwidbmgr/config/fwidbmgr.conf.
2017-11-06 05:37:01,272 null [INFO] (../src/fwidbmgr.cpp:5393) Configuration parsing: OK.
2017-11-06 05:37:01,277 null [INFO] (../src/fwidbmgr.cpp:5478) Connected to database
2017-11-06 05:37:01,277 null [INFO] (../src/fwidbmgr.cpp:5480) Manage data for date: 20171105.
2017-11-06 05:37:01,277 null [INFO] (../src/fwidbmgr.cpp:5566) Importing fwi indexes images in database.
2017-11-06 05:37:01,352 null [INFO] (../src/fwidbmgr.cpp:5570) OK --> 20171105 images imported.
2017-11-06 05:37:01,352 null [INFO] (../src/fwidbmgr.cpp:5695) action outimg took about 0 seconds.
2017-11-06 05:37:01,352 null [INFO] (../src/fwidbmgr.cpp:5699) Disconnected from database.
2017-11-06 06:05:01,896 null [INFO] (../src/fwidbmgr.cpp:5361) fwi db manager
2017-11-06 06:05:01,896 null [INFO] (../src/fwidbmgr.cpp:5365) Program home: /home/meteo/dev/redist/fwidbmgr
2017-11-06 06:05:01,897 null [INFO] (../src/fwidbmgr.cpp:5369) Auto convert: 1
2017-11-06 06:05:01,897 null [INFO] (../src/fwidbmgr.cpp:446) action: outimg.
2017-11-06 06:05:01,897 null [INFO] (../src/fwidbmgr.cpp:470) date: 20171105.
2017-11-06 06:05:01,897 null [INFO] (../src/fwidbmgr.cpp:322) Try to read: /home/meteo/dev/redist/fwidbmgr/config/fwidbmgr.conf.
2017-11-06 06:05:01,899 null [INFO] (../src/fwidbmgr.cpp:5393) Configuration parsing: OK.
2017-11-06 06:05:01,903 null [INFO] (../src/fwidbmgr.cpp:5478) Connected to database
2017-11-06 06:05:01,903 null [INFO] (../src/fwidbmgr.cpp:5480) Manage data for date: 20171105.
2017-11-06 06:05:01,903 null [INFO] (../src/fwidbmgr.cpp:5566) Importing fwi indexes images in database.
2017-11-06 06:05:02,050 null [INFO] (../src/fwidbmgr.cpp:5570) OK --> 20171105 images imported.
2017-11-06 06:05:02,050 null [INFO] (../src/fwidbmgr.cpp:5695) action outimg took about 1 seconds.
2017-11-06 06:05:02,050 null [INFO] (../src/fwidbmgr.cpp:5699) Disconnected from database.
2017-11-06 06:37:01,196 null [INFO] (../src/fwidbmgr.cpp:5361) fwi db manager
2017-11-06 06:37:01,196 null [INFO] (../src/fwidbmgr.cpp:5365) Program home: /home/meteo/dev/redist/fwidbmgr
2017-11-06 06:37:01,196 null [INFO] (../src/fwidbmgr.cpp:5369) Auto convert: 1
2017-11-06 06:37:01,196 null [INFO] (../src/fwidbmgr.cpp:446) action: outimg.
2017-11-06 06:37:01,196 null [INFO] (../src/fwidbmgr.cpp:470) date: 20171105.
2017-11-06 06:37:01,196 null [INFO] (../src/fwidbmgr.cpp:322) Try to read: /home/meteo/dev/redist/fwidbmgr/config/fwidbmgr.conf.
2017-11-06 06:37:01,198 null [INFO] (../src/fwidbmgr.cpp:5393) Configuration parsing: OK.
2017-11-06 06:37:01,203 null [INFO] (../src/fwidbmgr.cpp:5478) Connected to database
2017-11-06 06:37:01,203 null [INFO] (../src/fwidbmgr.cpp:5480) Manage data for date: 20171105.
2017-11-06 06:37:01,204 null [INFO] (../src/fwidbmgr.cpp:5566) Importing fwi indexes images in database.
2017-11-06 06:37:01,319 null [INFO] (../src/fwidbmgr.cpp:5570) OK --> 20171105 images imported.
2017-11-06 06:37:01,319 null [INFO] (../src/fwidbmgr.cpp:5695) action outimg took about 0 seconds.
2017-11-06 06:37:01,320 null [INFO] (../src/fwidbmgr.cpp:5699) Disconnected from database.
