2018-07-31 05:07:33,243 null [INFO] (../src/fwidbmgr.cpp:5361) fwi db manager
2018-07-31 05:07:33,244 null [INFO] (../src/fwidbmgr.cpp:5365) Program home: /home/meteo/dev/redist/fwidbmgr
2018-07-31 05:07:33,244 null [INFO] (../src/fwidbmgr.cpp:5369) Auto convert: 1
2018-07-31 05:07:33,244 null [INFO] (../src/fwidbmgr.cpp:446) action: in.
2018-07-31 05:07:33,244 null [INFO] (../src/fwidbmgr.cpp:470) date: 20180730.
2018-07-31 05:07:33,244 null [INFO] (../src/fwidbmgr.cpp:322) Try to read: /home/meteo/dev/redist/fwidbmgr/config/fwidbmgr.conf.
2018-07-31 05:07:33,269 null [INFO] (../src/fwidbmgr.cpp:5393) Configuration parsing: OK.
2018-07-31 05:07:33,330 null [INFO] (../src/fwidbmgr.cpp:5478) Connected to database
2018-07-31 05:07:33,330 null [INFO] (../src/fwidbmgr.cpp:5480) Manage data for date: 20180730.
2018-07-31 05:07:33,331 null [INFO] (../src/fwidbmgr.cpp:5536) Importing meteo data in database for day: 20180730.
2018-07-31 05:07:33,342 null [INFO] (/home/meteo/dev/redist/fwidbmgr/include/Grid.h:1595) Configuring grid: snow
2018-07-31 05:07:33,342 null [INFO] (/home/meteo/dev/redist/fwidbmgr/include/Grid.h:1695) Grid snow configured.
2018-07-31 05:07:33,367 null [INFO] (/home/meteo/dev/redist/fwidbmgr/include/Grid.h:1595) Configuring grid: snow_covering
2018-07-31 05:07:33,368 null [INFO] (/home/meteo/dev/redist/fwidbmgr/include/Grid.h:1695) Grid snow_covering configured.
2018-07-31 05:07:33,398 null [INFO] (/home/meteo/dev/redist/fwidbmgr/include/Grid.h:1595) Configuring grid: snow_dissolution
2018-07-31 05:07:33,398 null [INFO] (/home/meteo/dev/redist/fwidbmgr/include/Grid.h:1695) Grid snow_dissolution configured.
2018-07-31 05:07:33,453 null [INFO] (/home/meteo/dev/redist/fwidbmgr/include/Grid.h:1595) Configuring grid: temperature
2018-07-31 05:07:33,454 null [INFO] (/home/meteo/dev/redist/fwidbmgr/include/Grid.h:1695) Grid temperature configured.
2018-07-31 05:07:33,464 null [INFO] (/home/meteo/dev/redist/fwidbmgr/include/Grid.h:1595) Configuring grid: humidity
2018-07-31 05:07:33,465 null [INFO] (/home/meteo/dev/redist/fwidbmgr/include/Grid.h:1695) Grid humidity configured.
2018-07-31 05:07:33,487 null [INFO] (/home/meteo/dev/redist/fwidbmgr/include/Grid.h:1595) Configuring grid: windspeed
2018-07-31 05:07:33,488 null [INFO] (/home/meteo/dev/redist/fwidbmgr/include/Grid.h:1695) Grid windspeed configured.
2018-07-31 05:07:33,538 null [INFO] (/home/meteo/dev/redist/fwidbmgr/include/Grid.h:1595) Configuring grid: rain
2018-07-31 05:07:33,538 null [INFO] (/home/meteo/dev/redist/fwidbmgr/include/Grid.h:1695) Grid rain configured.
2018-07-31 05:07:33,547 null [INFO] (/home/meteo/dev/redist/fwidbmgr/include/Grid.h:1595) Configuring grid: cum_rain
2018-07-31 05:07:33,547 null [INFO] (/home/meteo/dev/redist/fwidbmgr/include/Grid.h:1695) Grid cum_rain configured.
2018-07-31 05:07:45,939 null [INFO] (../src/fwidbmgr.cpp:1518) Storing meteo input ...
2018-07-31 05:08:25,844 null [INFO] (../src/fwidbmgr.cpp:5540) OK --> 20180730 data imported.
2018-07-31 05:08:25,962 null [INFO] (../src/fwidbmgr.cpp:5695) action in took about 52 seconds.
2018-07-31 05:08:26,118 null [INFO] (../src/fwidbmgr.cpp:5699) Disconnected from database.
2018-07-31 05:10:35,487 null [INFO] (../src/fwidbmgr.cpp:5361) fwi db manager
2018-07-31 05:10:35,488 null [INFO] (../src/fwidbmgr.cpp:5365) Program home: /home/meteo/dev/redist/fwidbmgr
2018-07-31 05:10:35,488 null [INFO] (../src/fwidbmgr.cpp:5369) Auto convert: 1
2018-07-31 05:10:35,488 null [INFO] (../src/fwidbmgr.cpp:446) action: out.
2018-07-31 05:10:35,488 null [INFO] (../src/fwidbmgr.cpp:470) date: 20180730.
2018-07-31 05:10:35,488 null [INFO] (../src/fwidbmgr.cpp:322) Try to read: /home/meteo/dev/redist/fwidbmgr/config/fwidbmgr.conf.
2018-07-31 05:10:35,494 null [INFO] (../src/fwidbmgr.cpp:5393) Configuration parsing: OK.
2018-07-31 05:10:35,513 null [INFO] (../src/fwidbmgr.cpp:5478) Connected to database
2018-07-31 05:10:35,513 null [INFO] (../src/fwidbmgr.cpp:5480) Manage data for date: 20180730.
2018-07-31 05:10:35,513 null [INFO] (../src/fwidbmgr.cpp:5551) Importing fwi indexes data in database for day: 20180730.
2018-07-31 05:10:35,525 null [INFO] (/home/meteo/dev/redist/fwidbmgr/include/Grid.h:1595) Configuring grid: isi
2018-07-31 05:10:35,525 null [INFO] (/home/meteo/dev/redist/fwidbmgr/include/Grid.h:1695) Grid isi configured.
2018-07-31 05:10:35,543 null [INFO] (/home/meteo/dev/redist/fwidbmgr/include/Grid.h:1595) Configuring grid: fwi
2018-07-31 05:10:35,544 null [INFO] (/home/meteo/dev/redist/fwidbmgr/include/Grid.h:1695) Grid fwi configured.
2018-07-31 05:10:35,577 null [INFO] (/home/meteo/dev/redist/fwidbmgr/include/Grid.h:1595) Configuring grid: ffmc
2018-07-31 05:10:35,577 null [INFO] (/home/meteo/dev/redist/fwidbmgr/include/Grid.h:1695) Grid ffmc configured.
2018-07-31 05:10:35,595 null [INFO] (/home/meteo/dev/redist/fwidbmgr/include/Grid.h:1595) Configuring grid: dmc
2018-07-31 05:10:35,595 null [INFO] (/home/meteo/dev/redist/fwidbmgr/include/Grid.h:1695) Grid dmc configured.
2018-07-31 05:10:35,613 null [INFO] (/home/meteo/dev/redist/fwidbmgr/include/Grid.h:1595) Configuring grid: dc
2018-07-31 05:10:35,613 null [INFO] (/home/meteo/dev/redist/fwidbmgr/include/Grid.h:1695) Grid dc configured.
2018-07-31 05:10:35,633 null [INFO] (/home/meteo/dev/redist/fwidbmgr/include/Grid.h:1595) Configuring grid: bui
2018-07-31 05:10:35,633 null [INFO] (/home/meteo/dev/redist/fwidbmgr/include/Grid.h:1695) Grid bui configured.
2018-07-31 05:10:35,652 null [INFO] (/home/meteo/dev/redist/fwidbmgr/include/Grid.h:1595) Configuring grid: ffmc_tmp
2018-07-31 05:10:35,652 null [INFO] (/home/meteo/dev/redist/fwidbmgr/include/Grid.h:1695) Grid ffmc_tmp configured.
2018-07-31 05:10:35,691 null [INFO] (/home/meteo/dev/redist/fwidbmgr/include/Grid.h:1595) Configuring grid: dmc_tmp
2018-07-31 05:10:35,691 null [INFO] (/home/meteo/dev/redist/fwidbmgr/include/Grid.h:1695) Grid dmc_tmp configured.
2018-07-31 05:10:35,717 null [INFO] (/home/meteo/dev/redist/fwidbmgr/include/Grid.h:1595) Configuring grid: dc_tmp
2018-07-31 05:10:35,718 null [INFO] (/home/meteo/dev/redist/fwidbmgr/include/Grid.h:1695) Grid dc_tmp configured.
2018-07-31 05:10:35,744 null [INFO] (/home/meteo/dev/redist/fwidbmgr/include/Grid.h:1595) Configuring grid: idi
2018-07-31 05:10:35,745 null [INFO] (/home/meteo/dev/redist/fwidbmgr/include/Grid.h:1695) Grid idi configured.
2018-07-31 05:10:44,280 null [INFO] (../src/fwidbmgr.cpp:2081) Storing FWI indexes ...
2018-07-31 05:11:15,681 null [INFO] (../src/fwidbmgr.cpp:5555) OK --> 20180730 data imported.
2018-07-31 05:11:15,681 null [INFO] (../src/fwidbmgr.cpp:5695) action out took about 40 seconds.
2018-07-31 05:11:15,683 null [INFO] (../src/fwidbmgr.cpp:5699) Disconnected from database.
2018-07-31 05:11:15,988 null [INFO] (../src/fwidbmgr.cpp:5361) fwi db manager
2018-07-31 05:11:15,988 null [INFO] (../src/fwidbmgr.cpp:5365) Program home: /home/meteo/dev/redist/fwidbmgr
2018-07-31 05:11:15,988 null [INFO] (../src/fwidbmgr.cpp:5369) Auto convert: 1
2018-07-31 05:11:15,989 null [INFO] (../src/fwidbmgr.cpp:446) action: computeidx.
2018-07-31 05:11:15,989 null [INFO] (../src/fwidbmgr.cpp:470) date: 20180730.
2018-07-31 05:11:15,989 null [INFO] (../src/fwidbmgr.cpp:322) Try to read: /home/meteo/dev/redist/fwidbmgr/config/fwidbmgr.conf.
2018-07-31 05:11:15,998 null [INFO] (../src/fwidbmgr.cpp:5393) Configuration parsing: OK.
2018-07-31 05:11:16,023 null [INFO] (../src/fwidbmgr.cpp:5478) Connected to database
2018-07-31 05:11:16,023 null [INFO] (../src/fwidbmgr.cpp:5480) Manage data for date: 20180730.
2018-07-31 05:11:16,024 null [INFO] (../src/fwidbmgr.cpp:5656) Computing indexes.
2018-07-31 05:11:16,027 null [INFO] (/home/meteo/dev/redist/fwidbmgr/include/Grid.h:1595) Configuring grid: isi
2018-07-31 05:11:16,027 null [INFO] (/home/meteo/dev/redist/fwidbmgr/include/Grid.h:1695) Grid isi configured.
2018-07-31 05:11:16,030 null [INFO] (/home/meteo/dev/redist/fwidbmgr/include/Grid.h:1595) Configuring grid: fwi
2018-07-31 05:11:16,030 null [INFO] (/home/meteo/dev/redist/fwidbmgr/include/Grid.h:1695) Grid fwi configured.
2018-07-31 05:11:16,033 null [INFO] (/home/meteo/dev/redist/fwidbmgr/include/Grid.h:1595) Configuring grid: ffmc
2018-07-31 05:11:16,033 null [INFO] (/home/meteo/dev/redist/fwidbmgr/include/Grid.h:1695) Grid ffmc configured.
2018-07-31 05:11:16,036 null [INFO] (/home/meteo/dev/redist/fwidbmgr/include/Grid.h:1595) Configuring grid: dmc
2018-07-31 05:11:16,036 null [INFO] (/home/meteo/dev/redist/fwidbmgr/include/Grid.h:1695) Grid dmc configured.
2018-07-31 05:11:16,039 null [INFO] (/home/meteo/dev/redist/fwidbmgr/include/Grid.h:1595) Configuring grid: dc
2018-07-31 05:11:16,039 null [INFO] (/home/meteo/dev/redist/fwidbmgr/include/Grid.h:1695) Grid dc configured.
2018-07-31 05:11:16,042 null [INFO] (/home/meteo/dev/redist/fwidbmgr/include/Grid.h:1595) Configuring grid: bui
2018-07-31 05:11:16,042 null [INFO] (/home/meteo/dev/redist/fwidbmgr/include/Grid.h:1695) Grid bui configured.
2018-07-31 05:11:16,044 null [INFO] (/home/meteo/dev/redist/fwidbmgr/include/Grid.h:1595) Configuring grid: ffmc_tmp
2018-07-31 05:11:16,045 null [INFO] (/home/meteo/dev/redist/fwidbmgr/include/Grid.h:1695) Grid ffmc_tmp configured.
2018-07-31 05:11:16,047 null [INFO] (/home/meteo/dev/redist/fwidbmgr/include/Grid.h:1595) Configuring grid: dmc_tmp
2018-07-31 05:11:16,048 null [INFO] (/home/meteo/dev/redist/fwidbmgr/include/Grid.h:1695) Grid dmc_tmp configured.
2018-07-31 05:11:16,050 null [INFO] (/home/meteo/dev/redist/fwidbmgr/include/Grid.h:1595) Configuring grid: dc_tmp
2018-07-31 05:11:16,050 null [INFO] (/home/meteo/dev/redist/fwidbmgr/include/Grid.h:1695) Grid dc_tmp configured.
2018-07-31 05:11:16,053 null [INFO] (/home/meteo/dev/redist/fwidbmgr/include/Grid.h:1595) Configuring grid: idi
2018-07-31 05:11:16,053 null [INFO] (/home/meteo/dev/redist/fwidbmgr/include/Grid.h:1695) Grid idi configured.
2018-07-31 05:11:16,056 null [INFO] (/home/meteo/dev/redist/fwidbmgr/include/Grid.h:1595) Configuring grid: angstrom
2018-07-31 05:11:16,056 null [INFO] (/home/meteo/dev/redist/fwidbmgr/include/Grid.h:1695) Grid angstrom configured.
2018-07-31 05:11:16,059 null [INFO] (/home/meteo/dev/redist/fwidbmgr/include/Grid.h:1595) Configuring grid: fmi
2018-07-31 05:11:16,064 null [INFO] (/home/meteo/dev/redist/fwidbmgr/include/Grid.h:1695) Grid fmi configured.
2018-07-31 05:11:16,077 null [INFO] (/home/meteo/dev/redist/fwidbmgr/include/Grid.h:1595) Configuring grid: sharples
2018-07-31 05:11:16,077 null [INFO] (/home/meteo/dev/redist/fwidbmgr/include/Grid.h:1695) Grid sharples configured.
2018-07-31 05:11:25,354 null [INFO] (/home/meteo/dev/redist/fwidbmgr/include/Grid.h:1595) Configuring grid: snow
2018-07-31 05:11:25,354 null [INFO] (/home/meteo/dev/redist/fwidbmgr/include/Grid.h:1695) Grid snow configured.
2018-07-31 05:11:25,355 null [INFO] (/home/meteo/dev/redist/fwidbmgr/include/Grid.h:1595) Configuring grid: snow_covering
2018-07-31 05:11:25,355 null [INFO] (/home/meteo/dev/redist/fwidbmgr/include/Grid.h:1695) Grid snow_covering configured.
2018-07-31 05:11:25,355 null [INFO] (/home/meteo/dev/redist/fwidbmgr/include/Grid.h:1595) Configuring grid: snow_dissolution
2018-07-31 05:11:25,355 null [INFO] (/home/meteo/dev/redist/fwidbmgr/include/Grid.h:1695) Grid snow_dissolution configured.
2018-07-31 05:11:25,355 null [INFO] (/home/meteo/dev/redist/fwidbmgr/include/Grid.h:1595) Configuring grid: temperature
2018-07-31 05:11:25,355 null [INFO] (/home/meteo/dev/redist/fwidbmgr/include/Grid.h:1695) Grid temperature configured.
2018-07-31 05:11:25,355 null [INFO] (/home/meteo/dev/redist/fwidbmgr/include/Grid.h:1595) Configuring grid: humidity
2018-07-31 05:11:25,356 null [INFO] (/home/meteo/dev/redist/fwidbmgr/include/Grid.h:1695) Grid humidity configured.
2018-07-31 05:11:25,356 null [INFO] (/home/meteo/dev/redist/fwidbmgr/include/Grid.h:1595) Configuring grid: windspeed
2018-07-31 05:11:25,357 null [INFO] (/home/meteo/dev/redist/fwidbmgr/include/Grid.h:1695) Grid windspeed configured.
2018-07-31 05:11:25,357 null [INFO] (/home/meteo/dev/redist/fwidbmgr/include/Grid.h:1595) Configuring grid: rain
2018-07-31 05:11:25,357 null [INFO] (/home/meteo/dev/redist/fwidbmgr/include/Grid.h:1695) Grid rain configured.
2018-07-31 05:11:25,357 null [INFO] (/home/meteo/dev/redist/fwidbmgr/include/Grid.h:1595) Configuring grid: cum_rain
2018-07-31 05:11:25,357 null [INFO] (/home/meteo/dev/redist/fwidbmgr/include/Grid.h:1695) Grid cum_rain configured.
2018-07-31 05:14:07,884 null [INFO] (../src/fwidbmgr.cpp:5660) OK --> 20180730 indexes computed.
2018-07-31 05:14:07,915 null [INFO] (../src/fwidbmgr.cpp:5695) action computeidx took about 171 seconds.
2018-07-31 05:14:07,916 null [INFO] (../src/fwidbmgr.cpp:5699) Disconnected from database.
2018-07-31 05:14:08,165 null [INFO] (../src/fwidbmgr.cpp:5361) fwi db manager
2018-07-31 05:14:08,165 null [INFO] (../src/fwidbmgr.cpp:5365) Program home: /home/meteo/dev/redist/fwidbmgr
2018-07-31 05:14:08,166 null [INFO] (../src/fwidbmgr.cpp:5369) Auto convert: 1
2018-07-31 05:14:08,166 null [INFO] (../src/fwidbmgr.cpp:446) action: exportidx.
2018-07-31 05:14:08,166 null [INFO] (../src/fwidbmgr.cpp:470) date: 20180730.
2018-07-31 05:14:08,166 null [INFO] (../src/fwidbmgr.cpp:322) Try to read: /home/meteo/dev/redist/fwidbmgr/config/fwidbmgr.conf.
2018-07-31 05:14:08,175 null [INFO] (../src/fwidbmgr.cpp:5393) Configuration parsing: OK.
2018-07-31 05:14:08,200 null [INFO] (../src/fwidbmgr.cpp:5478) Connected to database
2018-07-31 05:14:08,200 null [INFO] (../src/fwidbmgr.cpp:5480) Manage data for date: 20180730.
2018-07-31 05:14:08,200 null [INFO] (../src/fwidbmgr.cpp:5596) Exporting indexes.
2018-07-31 05:14:08,204 null [INFO] (/home/meteo/dev/redist/fwidbmgr/include/Grid.h:1595) Configuring grid: isi
2018-07-31 05:14:08,204 null [INFO] (/home/meteo/dev/redist/fwidbmgr/include/Grid.h:1695) Grid isi configured.
2018-07-31 05:14:08,207 null [INFO] (/home/meteo/dev/redist/fwidbmgr/include/Grid.h:1595) Configuring grid: fwi
2018-07-31 05:14:08,207 null [INFO] (/home/meteo/dev/redist/fwidbmgr/include/Grid.h:1695) Grid fwi configured.
2018-07-31 05:14:08,210 null [INFO] (/home/meteo/dev/redist/fwidbmgr/include/Grid.h:1595) Configuring grid: ffmc
2018-07-31 05:14:08,210 null [INFO] (/home/meteo/dev/redist/fwidbmgr/include/Grid.h:1695) Grid ffmc configured.
2018-07-31 05:14:08,213 null [INFO] (/home/meteo/dev/redist/fwidbmgr/include/Grid.h:1595) Configuring grid: dmc
2018-07-31 05:14:08,213 null [INFO] (/home/meteo/dev/redist/fwidbmgr/include/Grid.h:1695) Grid dmc configured.
2018-07-31 05:14:08,216 null [INFO] (/home/meteo/dev/redist/fwidbmgr/include/Grid.h:1595) Configuring grid: dc
2018-07-31 05:14:08,216 null [INFO] (/home/meteo/dev/redist/fwidbmgr/include/Grid.h:1695) Grid dc configured.
2018-07-31 05:14:08,219 null [INFO] (/home/meteo/dev/redist/fwidbmgr/include/Grid.h:1595) Configuring grid: bui
2018-07-31 05:14:08,219 null [INFO] (/home/meteo/dev/redist/fwidbmgr/include/Grid.h:1695) Grid bui configured.
2018-07-31 05:14:08,222 null [INFO] (/home/meteo/dev/redist/fwidbmgr/include/Grid.h:1595) Configuring grid: ffmc_tmp
2018-07-31 05:14:08,222 null [INFO] (/home/meteo/dev/redist/fwidbmgr/include/Grid.h:1695) Grid ffmc_tmp configured.
2018-07-31 05:14:08,225 null [INFO] (/home/meteo/dev/redist/fwidbmgr/include/Grid.h:1595) Configuring grid: dmc_tmp
2018-07-31 05:14:08,225 null [INFO] (/home/meteo/dev/redist/fwidbmgr/include/Grid.h:1695) Grid dmc_tmp configured.
2018-07-31 05:14:08,228 null [INFO] (/home/meteo/dev/redist/fwidbmgr/include/Grid.h:1595) Configuring grid: dc_tmp
2018-07-31 05:14:08,228 null [INFO] (/home/meteo/dev/redist/fwidbmgr/include/Grid.h:1695) Grid dc_tmp configured.
2018-07-31 05:14:08,231 null [INFO] (/home/meteo/dev/redist/fwidbmgr/include/Grid.h:1595) Configuring grid: idi
2018-07-31 05:14:08,231 null [INFO] (/home/meteo/dev/redist/fwidbmgr/include/Grid.h:1695) Grid idi configured.
2018-07-31 05:14:08,234 null [INFO] (/home/meteo/dev/redist/fwidbmgr/include/Grid.h:1595) Configuring grid: angstrom
2018-07-31 05:14:08,234 null [INFO] (/home/meteo/dev/redist/fwidbmgr/include/Grid.h:1695) Grid angstrom configured.
2018-07-31 05:14:08,237 null [INFO] (/home/meteo/dev/redist/fwidbmgr/include/Grid.h:1595) Configuring grid: fmi
2018-07-31 05:14:08,237 null [INFO] (/home/meteo/dev/redist/fwidbmgr/include/Grid.h:1695) Grid fmi configured.
2018-07-31 05:14:08,240 null [INFO] (/home/meteo/dev/redist/fwidbmgr/include/Grid.h:1595) Configuring grid: sharples
2018-07-31 05:14:08,240 null [INFO] (/home/meteo/dev/redist/fwidbmgr/include/Grid.h:1695) Grid sharples configured.
2018-07-31 05:14:16,732 null [INFO] (/home/meteo/dev/redist/fwidbmgr/include/Grid.h:1595) Configuring grid: isi
2018-07-31 05:14:16,732 null [INFO] (/home/meteo/dev/redist/fwidbmgr/include/Grid.h:1695) Grid isi configured.
2018-07-31 05:14:16,791 null [INFO] (/home/meteo/dev/redist/fwidbmgr/include/Grid.h:1595) Configuring grid: fwi
2018-07-31 05:14:16,791 null [INFO] (/home/meteo/dev/redist/fwidbmgr/include/Grid.h:1695) Grid fwi configured.
2018-07-31 05:14:16,850 null [INFO] (/home/meteo/dev/redist/fwidbmgr/include/Grid.h:1595) Configuring grid: ffmc
2018-07-31 05:14:16,850 null [INFO] (/home/meteo/dev/redist/fwidbmgr/include/Grid.h:1695) Grid ffmc configured.
2018-07-31 05:14:16,901 null [INFO] (/home/meteo/dev/redist/fwidbmgr/include/Grid.h:1595) Configuring grid: dmc
2018-07-31 05:14:16,901 null [INFO] (/home/meteo/dev/redist/fwidbmgr/include/Grid.h:1695) Grid dmc configured.
2018-07-31 05:14:16,951 null [INFO] (/home/meteo/dev/redist/fwidbmgr/include/Grid.h:1595) Configuring grid: dc
2018-07-31 05:14:16,951 null [INFO] (/home/meteo/dev/redist/fwidbmgr/include/Grid.h:1695) Grid dc configured.
2018-07-31 05:14:17,002 null [INFO] (/home/meteo/dev/redist/fwidbmgr/include/Grid.h:1595) Configuring grid: bui
2018-07-31 05:14:17,003 null [INFO] (/home/meteo/dev/redist/fwidbmgr/include/Grid.h:1695) Grid bui configured.
2018-07-31 05:14:17,053 null [INFO] (/home/meteo/dev/redist/fwidbmgr/include/Grid.h:1595) Configuring grid: ffmc_tmp
2018-07-31 05:14:17,053 null [INFO] (/home/meteo/dev/redist/fwidbmgr/include/Grid.h:1695) Grid ffmc_tmp configured.
2018-07-31 05:14:17,109 null [INFO] (/home/meteo/dev/redist/fwidbmgr/include/Grid.h:1595) Configuring grid: dmc_tmp
2018-07-31 05:14:17,110 null [INFO] (/home/meteo/dev/redist/fwidbmgr/include/Grid.h:1695) Grid dmc_tmp configured.
2018-07-31 05:14:17,147 null [INFO] (/home/meteo/dev/redist/fwidbmgr/include/Grid.h:1595) Configuring grid: dc_tmp
2018-07-31 05:14:17,147 null [INFO] (/home/meteo/dev/redist/fwidbmgr/include/Grid.h:1695) Grid dc_tmp configured.
2018-07-31 05:14:17,186 null [INFO] (/home/meteo/dev/redist/fwidbmgr/include/Grid.h:1595) Configuring grid: angstrom
2018-07-31 05:14:17,186 null [INFO] (/home/meteo/dev/redist/fwidbmgr/include/Grid.h:1695) Grid angstrom configured.
2018-07-31 05:14:17,255 null [INFO] (/home/meteo/dev/redist/fwidbmgr/include/Grid.h:1595) Configuring grid: sharples
2018-07-31 05:14:17,255 null [INFO] (/home/meteo/dev/redist/fwidbmgr/include/Grid.h:1695) Grid sharples configured.
2018-07-31 05:14:17,300 null [INFO] (/home/meteo/dev/redist/fwidbmgr/include/Grid.h:1595) Configuring grid: fmi
2018-07-31 05:14:17,301 null [INFO] (/home/meteo/dev/redist/fwidbmgr/include/Grid.h:1695) Grid fmi configured.
2018-07-31 05:14:17,360 null [INFO] (../src/fwidbmgr.cpp:5600) OK --> 20180730 indexes exported to files.
2018-07-31 05:14:17,360 null [INFO] (../src/fwidbmgr.cpp:5695) action exportidx took about 9 seconds.
2018-07-31 05:14:17,360 null [INFO] (../src/fwidbmgr.cpp:5699) Disconnected from database.
2018-07-31 05:15:06,604 null [INFO] (../src/fwidbmgr.cpp:5361) fwi db manager
2018-07-31 05:15:06,604 null [INFO] (../src/fwidbmgr.cpp:5365) Program home: /home/meteo/dev/redist/fwidbmgr
2018-07-31 05:15:06,604 null [INFO] (../src/fwidbmgr.cpp:5369) Auto convert: 1
2018-07-31 05:15:06,604 null [INFO] (../src/fwidbmgr.cpp:446) action: outimg.
2018-07-31 05:15:06,604 null [INFO] (../src/fwidbmgr.cpp:470) date: 20180730.
2018-07-31 05:15:06,604 null [INFO] (../src/fwidbmgr.cpp:322) Try to read: /home/meteo/dev/redist/fwidbmgr/config/fwidbmgr.conf.
2018-07-31 05:15:06,644 null [INFO] (../src/fwidbmgr.cpp:5393) Configuration parsing: OK.
2018-07-31 05:15:06,655 null [INFO] (../src/fwidbmgr.cpp:5478) Connected to database
2018-07-31 05:15:06,656 null [INFO] (../src/fwidbmgr.cpp:5480) Manage data for date: 20180730.
2018-07-31 05:15:06,656 null [INFO] (../src/fwidbmgr.cpp:5566) Importing fwi indexes images in database.
2018-07-31 05:15:06,905 null [INFO] (../src/fwidbmgr.cpp:5570) OK --> 20180730 images imported.
2018-07-31 05:15:06,905 null [INFO] (../src/fwidbmgr.cpp:5695) action outimg took about 0 seconds.
2018-07-31 05:15:06,906 null [INFO] (../src/fwidbmgr.cpp:5699) Disconnected from database.
2018-07-31 05:37:01,289 null [INFO] (../src/fwidbmgr.cpp:5361) fwi db manager
2018-07-31 05:37:01,289 null [INFO] (../src/fwidbmgr.cpp:5365) Program home: /home/meteo/dev/redist/fwidbmgr
2018-07-31 05:37:01,289 null [INFO] (../src/fwidbmgr.cpp:5369) Auto convert: 1
2018-07-31 05:37:01,289 null [INFO] (../src/fwidbmgr.cpp:446) action: outimg.
2018-07-31 05:37:01,289 null [INFO] (../src/fwidbmgr.cpp:470) date: 20180730.
2018-07-31 05:37:01,289 null [INFO] (../src/fwidbmgr.cpp:322) Try to read: /home/meteo/dev/redist/fwidbmgr/config/fwidbmgr.conf.
2018-07-31 05:37:01,291 null [INFO] (../src/fwidbmgr.cpp:5393) Configuration parsing: OK.
2018-07-31 05:37:01,299 null [INFO] (../src/fwidbmgr.cpp:5478) Connected to database
2018-07-31 05:37:01,299 null [INFO] (../src/fwidbmgr.cpp:5480) Manage data for date: 20180730.
2018-07-31 05:37:01,299 null [INFO] (../src/fwidbmgr.cpp:5566) Importing fwi indexes images in database.
2018-07-31 05:37:01,483 null [INFO] (../src/fwidbmgr.cpp:5570) OK --> 20180730 images imported.
2018-07-31 05:37:01,484 null [INFO] (../src/fwidbmgr.cpp:5695) action outimg took about 0 seconds.
2018-07-31 05:37:01,484 null [INFO] (../src/fwidbmgr.cpp:5699) Disconnected from database.
2018-07-31 06:05:01,794 null [INFO] (../src/fwidbmgr.cpp:5361) fwi db manager
2018-07-31 06:05:01,794 null [INFO] (../src/fwidbmgr.cpp:5365) Program home: /home/meteo/dev/redist/fwidbmgr
2018-07-31 06:05:01,794 null [INFO] (../src/fwidbmgr.cpp:5369) Auto convert: 1
2018-07-31 06:05:01,795 null [INFO] (../src/fwidbmgr.cpp:446) action: outimg.
2018-07-31 06:05:01,795 null [INFO] (../src/fwidbmgr.cpp:470) date: 20180730.
2018-07-31 06:05:01,795 null [INFO] (../src/fwidbmgr.cpp:322) Try to read: /home/meteo/dev/redist/fwidbmgr/config/fwidbmgr.conf.
2018-07-31 06:05:01,805 null [INFO] (../src/fwidbmgr.cpp:5393) Configuration parsing: OK.
2018-07-31 06:05:01,815 null [INFO] (../src/fwidbmgr.cpp:5478) Connected to database
2018-07-31 06:05:01,815 null [INFO] (../src/fwidbmgr.cpp:5480) Manage data for date: 20180730.
2018-07-31 06:05:01,815 null [INFO] (../src/fwidbmgr.cpp:5566) Importing fwi indexes images in database.
2018-07-31 06:05:01,985 null [INFO] (../src/fwidbmgr.cpp:5570) OK --> 20180730 images imported.
2018-07-31 06:05:01,986 null [INFO] (../src/fwidbmgr.cpp:5695) action outimg took about 0 seconds.
2018-07-31 06:05:01,986 null [INFO] (../src/fwidbmgr.cpp:5699) Disconnected from database.
2018-07-31 06:37:01,358 null [INFO] (../src/fwidbmgr.cpp:5361) fwi db manager
2018-07-31 06:37:01,358 null [INFO] (../src/fwidbmgr.cpp:5365) Program home: /home/meteo/dev/redist/fwidbmgr
2018-07-31 06:37:01,358 null [INFO] (../src/fwidbmgr.cpp:5369) Auto convert: 1
2018-07-31 06:37:01,359 null [INFO] (../src/fwidbmgr.cpp:446) action: outimg.
2018-07-31 06:37:01,359 null [INFO] (../src/fwidbmgr.cpp:470) date: 20180730.
2018-07-31 06:37:01,359 null [INFO] (../src/fwidbmgr.cpp:322) Try to read: /home/meteo/dev/redist/fwidbmgr/config/fwidbmgr.conf.
2018-07-31 06:37:01,363 null [INFO] (../src/fwidbmgr.cpp:5393) Configuration parsing: OK.
2018-07-31 06:37:01,372 null [INFO] (../src/fwidbmgr.cpp:5478) Connected to database
2018-07-31 06:37:01,372 null [INFO] (../src/fwidbmgr.cpp:5480) Manage data for date: 20180730.
2018-07-31 06:37:01,372 null [INFO] (../src/fwidbmgr.cpp:5566) Importing fwi indexes images in database.
2018-07-31 06:37:01,539 null [INFO] (../src/fwidbmgr.cpp:5570) OK --> 20180730 images imported.
2018-07-31 06:37:01,541 null [INFO] (../src/fwidbmgr.cpp:5695) action outimg took about 0 seconds.
2018-07-31 06:37:01,544 null [INFO] (../src/fwidbmgr.cpp:5699) Disconnected from database.
2018-07-31 07:05:02,092 null [INFO] (../src/fwidbmgr.cpp:5361) fwi db manager
2018-07-31 07:05:02,092 null [INFO] (../src/fwidbmgr.cpp:5365) Program home: /home/meteo/dev/redist/fwidbmgr
2018-07-31 07:05:02,093 null [INFO] (../src/fwidbmgr.cpp:5369) Auto convert: 1
2018-07-31 07:05:02,093 null [INFO] (../src/fwidbmgr.cpp:446) action: outimg.
2018-07-31 07:05:02,093 null [INFO] (../src/fwidbmgr.cpp:470) date: 20180730.
2018-07-31 07:05:02,093 null [INFO] (../src/fwidbmgr.cpp:322) Try to read: /home/meteo/dev/redist/fwidbmgr/config/fwidbmgr.conf.
2018-07-31 07:05:02,100 null [INFO] (../src/fwidbmgr.cpp:5393) Configuration parsing: OK.
2018-07-31 07:05:02,137 null [INFO] (../src/fwidbmgr.cpp:5478) Connected to database
2018-07-31 07:05:02,138 null [INFO] (../src/fwidbmgr.cpp:5480) Manage data for date: 20180730.
2018-07-31 07:05:02,138 null [INFO] (../src/fwidbmgr.cpp:5566) Importing fwi indexes images in database.
2018-07-31 07:05:02,414 null [INFO] (../src/fwidbmgr.cpp:5570) OK --> 20180730 images imported.
2018-07-31 07:05:02,414 null [INFO] (../src/fwidbmgr.cpp:5695) action outimg took about 0 seconds.
2018-07-31 07:05:02,414 null [INFO] (../src/fwidbmgr.cpp:5699) Disconnected from database.
2018-07-31 07:37:02,045 null [INFO] (../src/fwidbmgr.cpp:5361) fwi db manager
2018-07-31 07:37:02,050 null [INFO] (../src/fwidbmgr.cpp:5365) Program home: /home/meteo/dev/redist/fwidbmgr
2018-07-31 07:37:02,050 null [INFO] (../src/fwidbmgr.cpp:5369) Auto convert: 1
2018-07-31 07:37:02,050 null [INFO] (../src/fwidbmgr.cpp:446) action: outimg.
2018-07-31 07:37:02,050 null [INFO] (../src/fwidbmgr.cpp:470) date: 20180730.
2018-07-31 07:37:02,050 null [INFO] (../src/fwidbmgr.cpp:322) Try to read: /home/meteo/dev/redist/fwidbmgr/config/fwidbmgr.conf.
2018-07-31 07:37:02,062 null [INFO] (../src/fwidbmgr.cpp:5393) Configuration parsing: OK.
2018-07-31 07:37:02,082 null [INFO] (../src/fwidbmgr.cpp:5478) Connected to database
2018-07-31 07:37:02,082 null [INFO] (../src/fwidbmgr.cpp:5480) Manage data for date: 20180730.
2018-07-31 07:37:02,083 null [INFO] (../src/fwidbmgr.cpp:5566) Importing fwi indexes images in database.
2018-07-31 07:37:02,348 null [INFO] (../src/fwidbmgr.cpp:5570) OK --> 20180730 images imported.
2018-07-31 07:37:02,348 null [INFO] (../src/fwidbmgr.cpp:5695) action outimg took about 0 seconds.
2018-07-31 07:37:02,349 null [INFO] (../src/fwidbmgr.cpp:5699) Disconnected from database.
