2019-09-02 05:05:03,485 null [INFO] (../src/fwidbmgr.cpp:5361) fwi db manager
2019-09-02 05:05:03,485 null [INFO] (../src/fwidbmgr.cpp:5365) Program home: /home/meteo/dev/redist/fwidbmgr
2019-09-02 05:05:03,485 null [INFO] (../src/fwidbmgr.cpp:5369) Auto convert: 1
2019-09-02 05:05:03,485 null [INFO] (../src/fwidbmgr.cpp:446) action: in.
2019-09-02 05:05:03,485 null [INFO] (../src/fwidbmgr.cpp:470) date: 20190901.
2019-09-02 05:05:03,485 null [INFO] (../src/fwidbmgr.cpp:322) Try to read: /home/meteo/dev/redist/fwidbmgr/config/fwidbmgr.conf.
2019-09-02 05:05:03,489 null [INFO] (../src/fwidbmgr.cpp:5393) Configuration parsing: OK.
2019-09-02 05:05:03,492 null [INFO] (../src/fwidbmgr.cpp:5478) Connected to database
2019-09-02 05:05:03,492 null [INFO] (../src/fwidbmgr.cpp:5480) Manage data for date: 20190901.
2019-09-02 05:05:03,492 null [INFO] (../src/fwidbmgr.cpp:5536) Importing meteo data in database for day: 20190901.
2019-09-02 05:05:03,493 null [INFO] (/home/meteo/dev/redist/fwidbmgr/include/Grid.h:1595) Configuring grid: snow
2019-09-02 05:05:03,493 null [INFO] (/home/meteo/dev/redist/fwidbmgr/include/Grid.h:1695) Grid snow configured.
2019-09-02 05:05:03,500 null [INFO] (/home/meteo/dev/redist/fwidbmgr/include/Grid.h:1595) Configuring grid: snow_covering
2019-09-02 05:05:03,500 null [INFO] (/home/meteo/dev/redist/fwidbmgr/include/Grid.h:1695) Grid snow_covering configured.
2019-09-02 05:05:03,508 null [INFO] (/home/meteo/dev/redist/fwidbmgr/include/Grid.h:1595) Configuring grid: snow_dissolution
2019-09-02 05:05:03,508 null [INFO] (/home/meteo/dev/redist/fwidbmgr/include/Grid.h:1695) Grid snow_dissolution configured.
2019-09-02 05:05:03,524 null [INFO] (/home/meteo/dev/redist/fwidbmgr/include/Grid.h:1595) Configuring grid: temperature
2019-09-02 05:05:03,525 null [INFO] (/home/meteo/dev/redist/fwidbmgr/include/Grid.h:1695) Grid temperature configured.
2019-09-02 05:05:03,526 null [INFO] (/home/meteo/dev/redist/fwidbmgr/include/Grid.h:1595) Configuring grid: humidity
2019-09-02 05:05:03,526 null [INFO] (/home/meteo/dev/redist/fwidbmgr/include/Grid.h:1695) Grid humidity configured.
2019-09-02 05:05:03,529 null [INFO] (/home/meteo/dev/redist/fwidbmgr/include/Grid.h:1595) Configuring grid: windspeed
2019-09-02 05:05:03,529 null [INFO] (/home/meteo/dev/redist/fwidbmgr/include/Grid.h:1695) Grid windspeed configured.
2019-09-02 05:05:03,535 null [INFO] (/home/meteo/dev/redist/fwidbmgr/include/Grid.h:1595) Configuring grid: rain
2019-09-02 05:05:03,535 null [INFO] (/home/meteo/dev/redist/fwidbmgr/include/Grid.h:1695) Grid rain configured.
2019-09-02 05:05:03,537 null [INFO] (/home/meteo/dev/redist/fwidbmgr/include/Grid.h:1595) Configuring grid: cum_rain
2019-09-02 05:05:03,537 null [INFO] (/home/meteo/dev/redist/fwidbmgr/include/Grid.h:1695) Grid cum_rain configured.
2019-09-02 05:05:12,035 null [INFO] (../src/fwidbmgr.cpp:1518) Storing meteo input ...
2019-09-02 05:05:25,471 null [INFO] (../src/fwidbmgr.cpp:5540) OK --> 20190901 data imported.
2019-09-02 05:05:25,477 null [INFO] (../src/fwidbmgr.cpp:5695) action in took about 22 seconds.
2019-09-02 05:05:25,550 null [INFO] (../src/fwidbmgr.cpp:5699) Disconnected from database.
2019-09-02 05:06:02,219 null [INFO] (../src/fwidbmgr.cpp:5361) fwi db manager
2019-09-02 05:06:02,219 null [INFO] (../src/fwidbmgr.cpp:5365) Program home: /home/meteo/dev/redist/fwidbmgr
2019-09-02 05:06:02,219 null [INFO] (../src/fwidbmgr.cpp:5369) Auto convert: 1
2019-09-02 05:06:02,219 null [INFO] (../src/fwidbmgr.cpp:446) action: out.
2019-09-02 05:06:02,219 null [INFO] (../src/fwidbmgr.cpp:470) date: 20190901.
2019-09-02 05:06:02,219 null [INFO] (../src/fwidbmgr.cpp:322) Try to read: /home/meteo/dev/redist/fwidbmgr/config/fwidbmgr.conf.
2019-09-02 05:06:02,221 null [INFO] (../src/fwidbmgr.cpp:5393) Configuration parsing: OK.
2019-09-02 05:06:02,223 null [INFO] (../src/fwidbmgr.cpp:5478) Connected to database
2019-09-02 05:06:02,223 null [INFO] (../src/fwidbmgr.cpp:5480) Manage data for date: 20190901.
2019-09-02 05:06:02,223 null [INFO] (../src/fwidbmgr.cpp:5551) Importing fwi indexes data in database for day: 20190901.
2019-09-02 05:06:02,225 null [INFO] (/home/meteo/dev/redist/fwidbmgr/include/Grid.h:1595) Configuring grid: isi
2019-09-02 05:06:02,225 null [INFO] (/home/meteo/dev/redist/fwidbmgr/include/Grid.h:1695) Grid isi configured.
2019-09-02 05:06:02,234 null [INFO] (/home/meteo/dev/redist/fwidbmgr/include/Grid.h:1595) Configuring grid: fwi
2019-09-02 05:06:02,234 null [INFO] (/home/meteo/dev/redist/fwidbmgr/include/Grid.h:1695) Grid fwi configured.
2019-09-02 05:06:02,241 null [INFO] (/home/meteo/dev/redist/fwidbmgr/include/Grid.h:1595) Configuring grid: ffmc
2019-09-02 05:06:02,242 null [INFO] (/home/meteo/dev/redist/fwidbmgr/include/Grid.h:1695) Grid ffmc configured.
2019-09-02 05:06:02,248 null [INFO] (/home/meteo/dev/redist/fwidbmgr/include/Grid.h:1595) Configuring grid: dmc
2019-09-02 05:06:02,249 null [INFO] (/home/meteo/dev/redist/fwidbmgr/include/Grid.h:1695) Grid dmc configured.
2019-09-02 05:06:02,255 null [INFO] (/home/meteo/dev/redist/fwidbmgr/include/Grid.h:1595) Configuring grid: dc
2019-09-02 05:06:02,255 null [INFO] (/home/meteo/dev/redist/fwidbmgr/include/Grid.h:1695) Grid dc configured.
2019-09-02 05:06:02,263 null [INFO] (/home/meteo/dev/redist/fwidbmgr/include/Grid.h:1595) Configuring grid: bui
2019-09-02 05:06:02,263 null [INFO] (/home/meteo/dev/redist/fwidbmgr/include/Grid.h:1695) Grid bui configured.
2019-09-02 05:06:02,270 null [INFO] (/home/meteo/dev/redist/fwidbmgr/include/Grid.h:1595) Configuring grid: ffmc_tmp
2019-09-02 05:06:02,270 null [INFO] (/home/meteo/dev/redist/fwidbmgr/include/Grid.h:1695) Grid ffmc_tmp configured.
2019-09-02 05:06:02,283 null [INFO] (/home/meteo/dev/redist/fwidbmgr/include/Grid.h:1595) Configuring grid: dmc_tmp
2019-09-02 05:06:02,283 null [INFO] (/home/meteo/dev/redist/fwidbmgr/include/Grid.h:1695) Grid dmc_tmp configured.
2019-09-02 05:06:02,301 null [INFO] (/home/meteo/dev/redist/fwidbmgr/include/Grid.h:1595) Configuring grid: dc_tmp
2019-09-02 05:06:02,301 null [INFO] (/home/meteo/dev/redist/fwidbmgr/include/Grid.h:1695) Grid dc_tmp configured.
2019-09-02 05:06:02,312 null [INFO] (/home/meteo/dev/redist/fwidbmgr/include/Grid.h:1595) Configuring grid: idi
2019-09-02 05:06:02,312 null [INFO] (/home/meteo/dev/redist/fwidbmgr/include/Grid.h:1695) Grid idi configured.
2019-09-02 05:06:08,508 null [INFO] (../src/fwidbmgr.cpp:2081) Storing FWI indexes ...
2019-09-02 05:06:20,593 null [INFO] (../src/fwidbmgr.cpp:5555) OK --> 20190901 data imported.
2019-09-02 05:06:20,594 null [INFO] (../src/fwidbmgr.cpp:5695) action out took about 18 seconds.
2019-09-02 05:06:20,594 null [INFO] (../src/fwidbmgr.cpp:5699) Disconnected from database.
2019-09-02 05:06:20,709 null [INFO] (../src/fwidbmgr.cpp:5361) fwi db manager
2019-09-02 05:06:20,709 null [INFO] (../src/fwidbmgr.cpp:5365) Program home: /home/meteo/dev/redist/fwidbmgr
2019-09-02 05:06:20,709 null [INFO] (../src/fwidbmgr.cpp:5369) Auto convert: 1
2019-09-02 05:06:20,709 null [INFO] (../src/fwidbmgr.cpp:446) action: computeidx.
2019-09-02 05:06:20,709 null [INFO] (../src/fwidbmgr.cpp:470) date: 20190901.
2019-09-02 05:06:20,709 null [INFO] (../src/fwidbmgr.cpp:322) Try to read: /home/meteo/dev/redist/fwidbmgr/config/fwidbmgr.conf.
2019-09-02 05:06:20,711 null [INFO] (../src/fwidbmgr.cpp:5393) Configuration parsing: OK.
2019-09-02 05:06:20,716 null [INFO] (../src/fwidbmgr.cpp:5478) Connected to database
2019-09-02 05:06:20,716 null [INFO] (../src/fwidbmgr.cpp:5480) Manage data for date: 20190901.
2019-09-02 05:06:20,717 null [INFO] (../src/fwidbmgr.cpp:5656) Computing indexes.
2019-09-02 05:06:20,721 null [INFO] (/home/meteo/dev/redist/fwidbmgr/include/Grid.h:1595) Configuring grid: isi
2019-09-02 05:06:20,721 null [INFO] (/home/meteo/dev/redist/fwidbmgr/include/Grid.h:1695) Grid isi configured.
2019-09-02 05:06:20,726 null [INFO] (/home/meteo/dev/redist/fwidbmgr/include/Grid.h:1595) Configuring grid: fwi
2019-09-02 05:06:20,726 null [INFO] (/home/meteo/dev/redist/fwidbmgr/include/Grid.h:1695) Grid fwi configured.
2019-09-02 05:06:20,728 null [INFO] (/home/meteo/dev/redist/fwidbmgr/include/Grid.h:1595) Configuring grid: ffmc
2019-09-02 05:06:20,728 null [INFO] (/home/meteo/dev/redist/fwidbmgr/include/Grid.h:1695) Grid ffmc configured.
2019-09-02 05:06:20,730 null [INFO] (/home/meteo/dev/redist/fwidbmgr/include/Grid.h:1595) Configuring grid: dmc
2019-09-02 05:06:20,730 null [INFO] (/home/meteo/dev/redist/fwidbmgr/include/Grid.h:1695) Grid dmc configured.
2019-09-02 05:06:20,731 null [INFO] (/home/meteo/dev/redist/fwidbmgr/include/Grid.h:1595) Configuring grid: dc
2019-09-02 05:06:20,731 null [INFO] (/home/meteo/dev/redist/fwidbmgr/include/Grid.h:1695) Grid dc configured.
2019-09-02 05:06:20,732 null [INFO] (/home/meteo/dev/redist/fwidbmgr/include/Grid.h:1595) Configuring grid: bui
2019-09-02 05:06:20,732 null [INFO] (/home/meteo/dev/redist/fwidbmgr/include/Grid.h:1695) Grid bui configured.
2019-09-02 05:06:20,733 null [INFO] (/home/meteo/dev/redist/fwidbmgr/include/Grid.h:1595) Configuring grid: ffmc_tmp
2019-09-02 05:06:20,733 null [INFO] (/home/meteo/dev/redist/fwidbmgr/include/Grid.h:1695) Grid ffmc_tmp configured.
2019-09-02 05:06:20,734 null [INFO] (/home/meteo/dev/redist/fwidbmgr/include/Grid.h:1595) Configuring grid: dmc_tmp
2019-09-02 05:06:20,735 null [INFO] (/home/meteo/dev/redist/fwidbmgr/include/Grid.h:1695) Grid dmc_tmp configured.
2019-09-02 05:06:20,736 null [INFO] (/home/meteo/dev/redist/fwidbmgr/include/Grid.h:1595) Configuring grid: dc_tmp
2019-09-02 05:06:20,736 null [INFO] (/home/meteo/dev/redist/fwidbmgr/include/Grid.h:1695) Grid dc_tmp configured.
2019-09-02 05:06:20,737 null [INFO] (/home/meteo/dev/redist/fwidbmgr/include/Grid.h:1595) Configuring grid: idi
2019-09-02 05:06:20,737 null [INFO] (/home/meteo/dev/redist/fwidbmgr/include/Grid.h:1695) Grid idi configured.
2019-09-02 05:06:20,738 null [INFO] (/home/meteo/dev/redist/fwidbmgr/include/Grid.h:1595) Configuring grid: angstrom
2019-09-02 05:06:20,738 null [INFO] (/home/meteo/dev/redist/fwidbmgr/include/Grid.h:1695) Grid angstrom configured.
2019-09-02 05:06:20,739 null [INFO] (/home/meteo/dev/redist/fwidbmgr/include/Grid.h:1595) Configuring grid: fmi
2019-09-02 05:06:20,739 null [INFO] (/home/meteo/dev/redist/fwidbmgr/include/Grid.h:1695) Grid fmi configured.
2019-09-02 05:06:20,740 null [INFO] (/home/meteo/dev/redist/fwidbmgr/include/Grid.h:1595) Configuring grid: sharples
2019-09-02 05:06:20,740 null [INFO] (/home/meteo/dev/redist/fwidbmgr/include/Grid.h:1695) Grid sharples configured.
2019-09-02 05:06:24,786 null [INFO] (/home/meteo/dev/redist/fwidbmgr/include/Grid.h:1595) Configuring grid: snow
2019-09-02 05:06:24,786 null [INFO] (/home/meteo/dev/redist/fwidbmgr/include/Grid.h:1695) Grid snow configured.
2019-09-02 05:06:24,786 null [INFO] (/home/meteo/dev/redist/fwidbmgr/include/Grid.h:1595) Configuring grid: snow_covering
2019-09-02 05:06:24,786 null [INFO] (/home/meteo/dev/redist/fwidbmgr/include/Grid.h:1695) Grid snow_covering configured.
2019-09-02 05:06:24,786 null [INFO] (/home/meteo/dev/redist/fwidbmgr/include/Grid.h:1595) Configuring grid: snow_dissolution
2019-09-02 05:06:24,786 null [INFO] (/home/meteo/dev/redist/fwidbmgr/include/Grid.h:1695) Grid snow_dissolution configured.
2019-09-02 05:06:24,786 null [INFO] (/home/meteo/dev/redist/fwidbmgr/include/Grid.h:1595) Configuring grid: temperature
2019-09-02 05:06:24,786 null [INFO] (/home/meteo/dev/redist/fwidbmgr/include/Grid.h:1695) Grid temperature configured.
2019-09-02 05:06:24,786 null [INFO] (/home/meteo/dev/redist/fwidbmgr/include/Grid.h:1595) Configuring grid: humidity
2019-09-02 05:06:24,786 null [INFO] (/home/meteo/dev/redist/fwidbmgr/include/Grid.h:1695) Grid humidity configured.
2019-09-02 05:06:24,786 null [INFO] (/home/meteo/dev/redist/fwidbmgr/include/Grid.h:1595) Configuring grid: windspeed
2019-09-02 05:06:24,786 null [INFO] (/home/meteo/dev/redist/fwidbmgr/include/Grid.h:1695) Grid windspeed configured.
2019-09-02 05:06:24,787 null [INFO] (/home/meteo/dev/redist/fwidbmgr/include/Grid.h:1595) Configuring grid: rain
2019-09-02 05:06:24,787 null [INFO] (/home/meteo/dev/redist/fwidbmgr/include/Grid.h:1695) Grid rain configured.
2019-09-02 05:06:24,787 null [INFO] (/home/meteo/dev/redist/fwidbmgr/include/Grid.h:1595) Configuring grid: cum_rain
2019-09-02 05:06:24,787 null [INFO] (/home/meteo/dev/redist/fwidbmgr/include/Grid.h:1695) Grid cum_rain configured.
2019-09-02 05:07:33,279 null [INFO] (../src/fwidbmgr.cpp:5660) OK --> 20190901 indexes computed.
2019-09-02 05:07:33,279 null [INFO] (../src/fwidbmgr.cpp:5695) action computeidx took about 73 seconds.
2019-09-02 05:07:33,279 null [INFO] (../src/fwidbmgr.cpp:5699) Disconnected from database.
2019-09-02 05:07:33,350 null [INFO] (../src/fwidbmgr.cpp:5361) fwi db manager
2019-09-02 05:07:33,350 null [INFO] (../src/fwidbmgr.cpp:5365) Program home: /home/meteo/dev/redist/fwidbmgr
2019-09-02 05:07:33,350 null [INFO] (../src/fwidbmgr.cpp:5369) Auto convert: 1
2019-09-02 05:07:33,350 null [INFO] (../src/fwidbmgr.cpp:446) action: exportidx.
2019-09-02 05:07:33,350 null [INFO] (../src/fwidbmgr.cpp:470) date: 20190901.
2019-09-02 05:07:33,350 null [INFO] (../src/fwidbmgr.cpp:322) Try to read: /home/meteo/dev/redist/fwidbmgr/config/fwidbmgr.conf.
2019-09-02 05:07:33,353 null [INFO] (../src/fwidbmgr.cpp:5393) Configuration parsing: OK.
2019-09-02 05:07:33,357 null [INFO] (../src/fwidbmgr.cpp:5478) Connected to database
2019-09-02 05:07:33,357 null [INFO] (../src/fwidbmgr.cpp:5480) Manage data for date: 20190901.
2019-09-02 05:07:33,357 null [INFO] (../src/fwidbmgr.cpp:5596) Exporting indexes.
2019-09-02 05:07:33,361 null [INFO] (/home/meteo/dev/redist/fwidbmgr/include/Grid.h:1595) Configuring grid: isi
2019-09-02 05:07:33,361 null [INFO] (/home/meteo/dev/redist/fwidbmgr/include/Grid.h:1695) Grid isi configured.
2019-09-02 05:07:33,364 null [INFO] (/home/meteo/dev/redist/fwidbmgr/include/Grid.h:1595) Configuring grid: fwi
2019-09-02 05:07:33,365 null [INFO] (/home/meteo/dev/redist/fwidbmgr/include/Grid.h:1695) Grid fwi configured.
2019-09-02 05:07:33,367 null [INFO] (/home/meteo/dev/redist/fwidbmgr/include/Grid.h:1595) Configuring grid: ffmc
2019-09-02 05:07:33,367 null [INFO] (/home/meteo/dev/redist/fwidbmgr/include/Grid.h:1695) Grid ffmc configured.
2019-09-02 05:07:33,368 null [INFO] (/home/meteo/dev/redist/fwidbmgr/include/Grid.h:1595) Configuring grid: dmc
2019-09-02 05:07:33,368 null [INFO] (/home/meteo/dev/redist/fwidbmgr/include/Grid.h:1695) Grid dmc configured.
2019-09-02 05:07:33,370 null [INFO] (/home/meteo/dev/redist/fwidbmgr/include/Grid.h:1595) Configuring grid: dc
2019-09-02 05:07:33,370 null [INFO] (/home/meteo/dev/redist/fwidbmgr/include/Grid.h:1695) Grid dc configured.
2019-09-02 05:07:33,371 null [INFO] (/home/meteo/dev/redist/fwidbmgr/include/Grid.h:1595) Configuring grid: bui
2019-09-02 05:07:33,371 null [INFO] (/home/meteo/dev/redist/fwidbmgr/include/Grid.h:1695) Grid bui configured.
2019-09-02 05:07:33,373 null [INFO] (/home/meteo/dev/redist/fwidbmgr/include/Grid.h:1595) Configuring grid: ffmc_tmp
2019-09-02 05:07:33,373 null [INFO] (/home/meteo/dev/redist/fwidbmgr/include/Grid.h:1695) Grid ffmc_tmp configured.
2019-09-02 05:07:33,374 null [INFO] (/home/meteo/dev/redist/fwidbmgr/include/Grid.h:1595) Configuring grid: dmc_tmp
2019-09-02 05:07:33,375 null [INFO] (/home/meteo/dev/redist/fwidbmgr/include/Grid.h:1695) Grid dmc_tmp configured.
2019-09-02 05:07:33,376 null [INFO] (/home/meteo/dev/redist/fwidbmgr/include/Grid.h:1595) Configuring grid: dc_tmp
2019-09-02 05:07:33,376 null [INFO] (/home/meteo/dev/redist/fwidbmgr/include/Grid.h:1695) Grid dc_tmp configured.
2019-09-02 05:07:33,377 null [INFO] (/home/meteo/dev/redist/fwidbmgr/include/Grid.h:1595) Configuring grid: idi
2019-09-02 05:07:33,377 null [INFO] (/home/meteo/dev/redist/fwidbmgr/include/Grid.h:1695) Grid idi configured.
2019-09-02 05:07:33,378 null [INFO] (/home/meteo/dev/redist/fwidbmgr/include/Grid.h:1595) Configuring grid: angstrom
2019-09-02 05:07:33,378 null [INFO] (/home/meteo/dev/redist/fwidbmgr/include/Grid.h:1695) Grid angstrom configured.
2019-09-02 05:07:33,379 null [INFO] (/home/meteo/dev/redist/fwidbmgr/include/Grid.h:1595) Configuring grid: fmi
2019-09-02 05:07:33,379 null [INFO] (/home/meteo/dev/redist/fwidbmgr/include/Grid.h:1695) Grid fmi configured.
2019-09-02 05:07:33,380 null [INFO] (/home/meteo/dev/redist/fwidbmgr/include/Grid.h:1595) Configuring grid: sharples
2019-09-02 05:07:33,380 null [INFO] (/home/meteo/dev/redist/fwidbmgr/include/Grid.h:1695) Grid sharples configured.
2019-09-02 05:07:39,790 null [INFO] (/home/meteo/dev/redist/fwidbmgr/include/Grid.h:1595) Configuring grid: isi
2019-09-02 05:07:39,790 null [INFO] (/home/meteo/dev/redist/fwidbmgr/include/Grid.h:1695) Grid isi configured.
2019-09-02 05:07:39,814 null [INFO] (/home/meteo/dev/redist/fwidbmgr/include/Grid.h:1595) Configuring grid: fwi
2019-09-02 05:07:39,815 null [INFO] (/home/meteo/dev/redist/fwidbmgr/include/Grid.h:1695) Grid fwi configured.
2019-09-02 05:07:39,834 null [INFO] (/home/meteo/dev/redist/fwidbmgr/include/Grid.h:1595) Configuring grid: ffmc
2019-09-02 05:07:39,834 null [INFO] (/home/meteo/dev/redist/fwidbmgr/include/Grid.h:1695) Grid ffmc configured.
2019-09-02 05:07:39,855 null [INFO] (/home/meteo/dev/redist/fwidbmgr/include/Grid.h:1595) Configuring grid: dmc
2019-09-02 05:07:39,855 null [INFO] (/home/meteo/dev/redist/fwidbmgr/include/Grid.h:1695) Grid dmc configured.
2019-09-02 05:07:39,875 null [INFO] (/home/meteo/dev/redist/fwidbmgr/include/Grid.h:1595) Configuring grid: dc
2019-09-02 05:07:39,875 null [INFO] (/home/meteo/dev/redist/fwidbmgr/include/Grid.h:1695) Grid dc configured.
2019-09-02 05:07:39,895 null [INFO] (/home/meteo/dev/redist/fwidbmgr/include/Grid.h:1595) Configuring grid: bui
2019-09-02 05:07:39,895 null [INFO] (/home/meteo/dev/redist/fwidbmgr/include/Grid.h:1695) Grid bui configured.
2019-09-02 05:07:39,915 null [INFO] (/home/meteo/dev/redist/fwidbmgr/include/Grid.h:1595) Configuring grid: ffmc_tmp
2019-09-02 05:07:39,915 null [INFO] (/home/meteo/dev/redist/fwidbmgr/include/Grid.h:1695) Grid ffmc_tmp configured.
2019-09-02 05:07:39,934 null [INFO] (/home/meteo/dev/redist/fwidbmgr/include/Grid.h:1595) Configuring grid: dmc_tmp
2019-09-02 05:07:39,934 null [INFO] (/home/meteo/dev/redist/fwidbmgr/include/Grid.h:1695) Grid dmc_tmp configured.
2019-09-02 05:07:39,954 null [INFO] (/home/meteo/dev/redist/fwidbmgr/include/Grid.h:1595) Configuring grid: dc_tmp
2019-09-02 05:07:39,954 null [INFO] (/home/meteo/dev/redist/fwidbmgr/include/Grid.h:1695) Grid dc_tmp configured.
2019-09-02 05:07:39,973 null [INFO] (/home/meteo/dev/redist/fwidbmgr/include/Grid.h:1595) Configuring grid: angstrom
2019-09-02 05:07:39,973 null [INFO] (/home/meteo/dev/redist/fwidbmgr/include/Grid.h:1695) Grid angstrom configured.
2019-09-02 05:07:39,997 null [INFO] (/home/meteo/dev/redist/fwidbmgr/include/Grid.h:1595) Configuring grid: sharples
2019-09-02 05:07:39,997 null [INFO] (/home/meteo/dev/redist/fwidbmgr/include/Grid.h:1695) Grid sharples configured.
2019-09-02 05:07:40,017 null [INFO] (/home/meteo/dev/redist/fwidbmgr/include/Grid.h:1595) Configuring grid: fmi
2019-09-02 05:07:40,017 null [INFO] (/home/meteo/dev/redist/fwidbmgr/include/Grid.h:1695) Grid fmi configured.
2019-09-02 05:07:40,037 null [INFO] (../src/fwidbmgr.cpp:5600) OK --> 20190901 indexes exported to files.
2019-09-02 05:07:40,037 null [INFO] (../src/fwidbmgr.cpp:5695) action exportidx took about 7 seconds.
2019-09-02 05:07:40,037 null [INFO] (../src/fwidbmgr.cpp:5699) Disconnected from database.
2019-09-02 05:07:53,951 null [INFO] (../src/fwidbmgr.cpp:5361) fwi db manager
2019-09-02 05:07:53,951 null [INFO] (../src/fwidbmgr.cpp:5365) Program home: /home/meteo/dev/redist/fwidbmgr
2019-09-02 05:07:53,951 null [INFO] (../src/fwidbmgr.cpp:5369) Auto convert: 1
2019-09-02 05:07:53,951 null [INFO] (../src/fwidbmgr.cpp:446) action: outimg.
2019-09-02 05:07:53,951 null [INFO] (../src/fwidbmgr.cpp:470) date: 20190901.
2019-09-02 05:07:53,951 null [INFO] (../src/fwidbmgr.cpp:322) Try to read: /home/meteo/dev/redist/fwidbmgr/config/fwidbmgr.conf.
2019-09-02 05:07:53,953 null [INFO] (../src/fwidbmgr.cpp:5393) Configuration parsing: OK.
2019-09-02 05:07:53,956 null [INFO] (../src/fwidbmgr.cpp:5478) Connected to database
2019-09-02 05:07:53,956 null [INFO] (../src/fwidbmgr.cpp:5480) Manage data for date: 20190901.
2019-09-02 05:07:53,956 null [INFO] (../src/fwidbmgr.cpp:5566) Importing fwi indexes images in database.
2019-09-02 05:07:54,018 null [INFO] (../src/fwidbmgr.cpp:5570) OK --> 20190901 images imported.
2019-09-02 05:07:54,019 null [INFO] (../src/fwidbmgr.cpp:5695) action outimg took about 1 seconds.
2019-09-02 05:07:54,019 null [INFO] (../src/fwidbmgr.cpp:5699) Disconnected from database.
2019-09-02 05:37:01,678 null [INFO] (../src/fwidbmgr.cpp:5361) fwi db manager
2019-09-02 05:37:01,678 null [INFO] (../src/fwidbmgr.cpp:5365) Program home: /home/meteo/dev/redist/fwidbmgr
2019-09-02 05:37:01,678 null [INFO] (../src/fwidbmgr.cpp:5369) Auto convert: 1
2019-09-02 05:37:01,678 null [INFO] (../src/fwidbmgr.cpp:446) action: outimg.
2019-09-02 05:37:01,678 null [INFO] (../src/fwidbmgr.cpp:470) date: 20190901.
2019-09-02 05:37:01,678 null [INFO] (../src/fwidbmgr.cpp:322) Try to read: /home/meteo/dev/redist/fwidbmgr/config/fwidbmgr.conf.
2019-09-02 05:37:01,679 null [INFO] (../src/fwidbmgr.cpp:5393) Configuration parsing: OK.
2019-09-02 05:37:01,682 null [INFO] (../src/fwidbmgr.cpp:5478) Connected to database
2019-09-02 05:37:01,682 null [INFO] (../src/fwidbmgr.cpp:5480) Manage data for date: 20190901.
2019-09-02 05:37:01,682 null [INFO] (../src/fwidbmgr.cpp:5566) Importing fwi indexes images in database.
2019-09-02 05:37:01,720 null [INFO] (../src/fwidbmgr.cpp:5570) OK --> 20190901 images imported.
2019-09-02 05:37:01,720 null [INFO] (../src/fwidbmgr.cpp:5695) action outimg took about 0 seconds.
2019-09-02 05:37:01,720 null [INFO] (../src/fwidbmgr.cpp:5699) Disconnected from database.
2019-09-02 06:05:01,817 null [INFO] (../src/fwidbmgr.cpp:5361) fwi db manager
2019-09-02 06:05:01,818 null [INFO] (../src/fwidbmgr.cpp:5365) Program home: /home/meteo/dev/redist/fwidbmgr
2019-09-02 06:05:01,818 null [INFO] (../src/fwidbmgr.cpp:5369) Auto convert: 1
2019-09-02 06:05:01,818 null [INFO] (../src/fwidbmgr.cpp:446) action: outimg.
2019-09-02 06:05:01,818 null [INFO] (../src/fwidbmgr.cpp:470) date: 20190901.
2019-09-02 06:05:01,818 null [INFO] (../src/fwidbmgr.cpp:322) Try to read: /home/meteo/dev/redist/fwidbmgr/config/fwidbmgr.conf.
2019-09-02 06:05:01,819 null [INFO] (../src/fwidbmgr.cpp:5393) Configuration parsing: OK.
2019-09-02 06:05:01,822 null [INFO] (../src/fwidbmgr.cpp:5478) Connected to database
2019-09-02 06:05:01,822 null [INFO] (../src/fwidbmgr.cpp:5480) Manage data for date: 20190901.
2019-09-02 06:05:01,822 null [INFO] (../src/fwidbmgr.cpp:5566) Importing fwi indexes images in database.
2019-09-02 06:05:01,863 null [INFO] (../src/fwidbmgr.cpp:5570) OK --> 20190901 images imported.
2019-09-02 06:05:01,863 null [INFO] (../src/fwidbmgr.cpp:5695) action outimg took about 0 seconds.
2019-09-02 06:05:01,864 null [INFO] (../src/fwidbmgr.cpp:5699) Disconnected from database.
2019-09-02 06:37:01,986 null [INFO] (../src/fwidbmgr.cpp:5361) fwi db manager
2019-09-02 06:37:01,986 null [INFO] (../src/fwidbmgr.cpp:5365) Program home: /home/meteo/dev/redist/fwidbmgr
2019-09-02 06:37:01,986 null [INFO] (../src/fwidbmgr.cpp:5369) Auto convert: 1
2019-09-02 06:37:01,986 null [INFO] (../src/fwidbmgr.cpp:446) action: outimg.
2019-09-02 06:37:01,986 null [INFO] (../src/fwidbmgr.cpp:470) date: 20190901.
2019-09-02 06:37:01,986 null [INFO] (../src/fwidbmgr.cpp:322) Try to read: /home/meteo/dev/redist/fwidbmgr/config/fwidbmgr.conf.
2019-09-02 06:37:01,990 null [INFO] (../src/fwidbmgr.cpp:5393) Configuration parsing: OK.
2019-09-02 06:37:01,994 null [INFO] (../src/fwidbmgr.cpp:5478) Connected to database
2019-09-02 06:37:01,994 null [INFO] (../src/fwidbmgr.cpp:5480) Manage data for date: 20190901.
2019-09-02 06:37:01,994 null [INFO] (../src/fwidbmgr.cpp:5566) Importing fwi indexes images in database.
2019-09-02 06:37:02,036 null [INFO] (../src/fwidbmgr.cpp:5570) OK --> 20190901 images imported.
2019-09-02 06:37:02,036 null [INFO] (../src/fwidbmgr.cpp:5695) action outimg took about 1 seconds.
2019-09-02 06:37:02,036 null [INFO] (../src/fwidbmgr.cpp:5699) Disconnected from database.
2019-09-02 07:05:01,684 null [INFO] (../src/fwidbmgr.cpp:5361) fwi db manager
2019-09-02 07:05:01,684 null [INFO] (../src/fwidbmgr.cpp:5365) Program home: /home/meteo/dev/redist/fwidbmgr
2019-09-02 07:05:01,684 null [INFO] (../src/fwidbmgr.cpp:5369) Auto convert: 1
2019-09-02 07:05:01,684 null [INFO] (../src/fwidbmgr.cpp:446) action: outimg.
2019-09-02 07:05:01,684 null [INFO] (../src/fwidbmgr.cpp:470) date: 20190901.
2019-09-02 07:05:01,684 null [INFO] (../src/fwidbmgr.cpp:322) Try to read: /home/meteo/dev/redist/fwidbmgr/config/fwidbmgr.conf.
2019-09-02 07:05:01,686 null [INFO] (../src/fwidbmgr.cpp:5393) Configuration parsing: OK.
2019-09-02 07:05:01,692 null [INFO] (../src/fwidbmgr.cpp:5478) Connected to database
2019-09-02 07:05:01,692 null [INFO] (../src/fwidbmgr.cpp:5480) Manage data for date: 20190901.
2019-09-02 07:05:01,692 null [INFO] (../src/fwidbmgr.cpp:5566) Importing fwi indexes images in database.
2019-09-02 07:05:01,740 null [INFO] (../src/fwidbmgr.cpp:5570) OK --> 20190901 images imported.
2019-09-02 07:05:01,740 null [INFO] (../src/fwidbmgr.cpp:5695) action outimg took about 0 seconds.
2019-09-02 07:05:01,740 null [INFO] (../src/fwidbmgr.cpp:5699) Disconnected from database.
2019-09-02 07:37:01,844 null [INFO] (../src/fwidbmgr.cpp:5361) fwi db manager
2019-09-02 07:37:01,844 null [INFO] (../src/fwidbmgr.cpp:5365) Program home: /home/meteo/dev/redist/fwidbmgr
2019-09-02 07:37:01,844 null [INFO] (../src/fwidbmgr.cpp:5369) Auto convert: 1
2019-09-02 07:37:01,844 null [INFO] (../src/fwidbmgr.cpp:446) action: outimg.
2019-09-02 07:37:01,844 null [INFO] (../src/fwidbmgr.cpp:470) date: 20190901.
2019-09-02 07:37:01,844 null [INFO] (../src/fwidbmgr.cpp:322) Try to read: /home/meteo/dev/redist/fwidbmgr/config/fwidbmgr.conf.
2019-09-02 07:37:01,845 null [INFO] (../src/fwidbmgr.cpp:5393) Configuration parsing: OK.
2019-09-02 07:37:01,848 null [INFO] (../src/fwidbmgr.cpp:5478) Connected to database
2019-09-02 07:37:01,848 null [INFO] (../src/fwidbmgr.cpp:5480) Manage data for date: 20190901.
2019-09-02 07:37:01,848 null [INFO] (../src/fwidbmgr.cpp:5566) Importing fwi indexes images in database.
2019-09-02 07:37:01,889 null [INFO] (../src/fwidbmgr.cpp:5570) OK --> 20190901 images imported.
2019-09-02 07:37:01,889 null [INFO] (../src/fwidbmgr.cpp:5695) action outimg took about 0 seconds.
2019-09-02 07:37:01,889 null [INFO] (../src/fwidbmgr.cpp:5699) Disconnected from database.
