2017-12-11 04:06:54,908 null [INFO] (../src/fwidbmgr.cpp:5361) fwi db manager
2017-12-11 04:06:54,908 null [INFO] (../src/fwidbmgr.cpp:5365) Program home: /home/meteo/dev/redist/fwidbmgr
2017-12-11 04:06:54,908 null [INFO] (../src/fwidbmgr.cpp:5369) Auto convert: 1
2017-12-11 04:06:54,908 null [INFO] (../src/fwidbmgr.cpp:446) action: in.
2017-12-11 04:06:54,908 null [INFO] (../src/fwidbmgr.cpp:470) date: 20171210.
2017-12-11 04:06:54,908 null [INFO] (../src/fwidbmgr.cpp:322) Try to read: /home/meteo/dev/redist/fwidbmgr/config/fwidbmgr.conf.
2017-12-11 04:06:54,925 null [INFO] (../src/fwidbmgr.cpp:5393) Configuration parsing: OK.
2017-12-11 04:06:54,994 null [INFO] (../src/fwidbmgr.cpp:5478) Connected to database
2017-12-11 04:06:54,994 null [INFO] (../src/fwidbmgr.cpp:5480) Manage data for date: 20171210.
2017-12-11 04:06:54,994 null [INFO] (../src/fwidbmgr.cpp:5536) Importing meteo data in database for day: 20171210.
2017-12-11 04:06:55,004 null [INFO] (/home/meteo/dev/redist/fwidbmgr/include/Grid.h:1595) Configuring grid: snow
2017-12-11 04:06:55,004 null [INFO] (/home/meteo/dev/redist/fwidbmgr/include/Grid.h:1695) Grid snow configured.
2017-12-11 04:06:55,017 null [INFO] (/home/meteo/dev/redist/fwidbmgr/include/Grid.h:1595) Configuring grid: snow_covering
2017-12-11 04:06:55,017 null [INFO] (/home/meteo/dev/redist/fwidbmgr/include/Grid.h:1695) Grid snow_covering configured.
2017-12-11 04:06:55,034 null [INFO] (/home/meteo/dev/redist/fwidbmgr/include/Grid.h:1595) Configuring grid: snow_dissolution
2017-12-11 04:06:55,034 null [INFO] (/home/meteo/dev/redist/fwidbmgr/include/Grid.h:1695) Grid snow_dissolution configured.
2017-12-11 04:06:55,061 null [INFO] (/home/meteo/dev/redist/fwidbmgr/include/Grid.h:1595) Configuring grid: temperature
2017-12-11 04:06:55,061 null [INFO] (/home/meteo/dev/redist/fwidbmgr/include/Grid.h:1695) Grid temperature configured.
2017-12-11 04:06:55,068 null [INFO] (/home/meteo/dev/redist/fwidbmgr/include/Grid.h:1595) Configuring grid: humidity
2017-12-11 04:06:55,068 null [INFO] (/home/meteo/dev/redist/fwidbmgr/include/Grid.h:1695) Grid humidity configured.
2017-12-11 04:06:55,081 null [INFO] (/home/meteo/dev/redist/fwidbmgr/include/Grid.h:1595) Configuring grid: windspeed
2017-12-11 04:06:55,082 null [INFO] (/home/meteo/dev/redist/fwidbmgr/include/Grid.h:1695) Grid windspeed configured.
2017-12-11 04:06:55,114 null [INFO] (/home/meteo/dev/redist/fwidbmgr/include/Grid.h:1595) Configuring grid: rain
2017-12-11 04:06:55,114 null [INFO] (/home/meteo/dev/redist/fwidbmgr/include/Grid.h:1695) Grid rain configured.
2017-12-11 04:06:55,118 null [INFO] (/home/meteo/dev/redist/fwidbmgr/include/Grid.h:1595) Configuring grid: cum_rain
2017-12-11 04:06:55,119 null [INFO] (/home/meteo/dev/redist/fwidbmgr/include/Grid.h:1695) Grid cum_rain configured.
2017-12-11 04:07:01,845 null [INFO] (../src/fwidbmgr.cpp:1518) Storing meteo input ...
2017-12-11 04:07:21,143 null [INFO] (../src/fwidbmgr.cpp:5540) OK --> 20171210 data imported.
2017-12-11 04:07:21,192 null [INFO] (../src/fwidbmgr.cpp:5695) action in took about 27 seconds.
2017-12-11 04:07:21,272 null [INFO] (../src/fwidbmgr.cpp:5699) Disconnected from database.
2017-12-11 04:08:31,857 null [INFO] (../src/fwidbmgr.cpp:5361) fwi db manager
2017-12-11 04:08:31,858 null [INFO] (../src/fwidbmgr.cpp:5365) Program home: /home/meteo/dev/redist/fwidbmgr
2017-12-11 04:08:31,858 null [INFO] (../src/fwidbmgr.cpp:5369) Auto convert: 1
2017-12-11 04:08:31,858 null [INFO] (../src/fwidbmgr.cpp:446) action: out.
2017-12-11 04:08:31,858 null [INFO] (../src/fwidbmgr.cpp:470) date: 20171210.
2017-12-11 04:08:31,858 null [INFO] (../src/fwidbmgr.cpp:322) Try to read: /home/meteo/dev/redist/fwidbmgr/config/fwidbmgr.conf.
2017-12-11 04:08:31,863 null [INFO] (../src/fwidbmgr.cpp:5393) Configuration parsing: OK.
2017-12-11 04:08:31,883 null [INFO] (../src/fwidbmgr.cpp:5478) Connected to database
2017-12-11 04:08:31,883 null [INFO] (../src/fwidbmgr.cpp:5480) Manage data for date: 20171210.
2017-12-11 04:08:31,884 null [INFO] (../src/fwidbmgr.cpp:5551) Importing fwi indexes data in database for day: 20171210.
2017-12-11 04:08:31,896 null [INFO] (/home/meteo/dev/redist/fwidbmgr/include/Grid.h:1595) Configuring grid: isi
2017-12-11 04:08:31,896 null [INFO] (/home/meteo/dev/redist/fwidbmgr/include/Grid.h:1695) Grid isi configured.
2017-12-11 04:08:31,909 null [INFO] (/home/meteo/dev/redist/fwidbmgr/include/Grid.h:1595) Configuring grid: fwi
2017-12-11 04:08:31,909 null [INFO] (/home/meteo/dev/redist/fwidbmgr/include/Grid.h:1695) Grid fwi configured.
2017-12-11 04:08:31,922 null [INFO] (/home/meteo/dev/redist/fwidbmgr/include/Grid.h:1595) Configuring grid: ffmc
2017-12-11 04:08:31,922 null [INFO] (/home/meteo/dev/redist/fwidbmgr/include/Grid.h:1695) Grid ffmc configured.
2017-12-11 04:08:31,935 null [INFO] (/home/meteo/dev/redist/fwidbmgr/include/Grid.h:1595) Configuring grid: dmc
2017-12-11 04:08:31,935 null [INFO] (/home/meteo/dev/redist/fwidbmgr/include/Grid.h:1695) Grid dmc configured.
2017-12-11 04:08:31,948 null [INFO] (/home/meteo/dev/redist/fwidbmgr/include/Grid.h:1595) Configuring grid: dc
2017-12-11 04:08:31,948 null [INFO] (/home/meteo/dev/redist/fwidbmgr/include/Grid.h:1695) Grid dc configured.
2017-12-11 04:08:31,961 null [INFO] (/home/meteo/dev/redist/fwidbmgr/include/Grid.h:1595) Configuring grid: bui
2017-12-11 04:08:31,962 null [INFO] (/home/meteo/dev/redist/fwidbmgr/include/Grid.h:1695) Grid bui configured.
2017-12-11 04:08:31,974 null [INFO] (/home/meteo/dev/redist/fwidbmgr/include/Grid.h:1595) Configuring grid: ffmc_tmp
2017-12-11 04:08:31,974 null [INFO] (/home/meteo/dev/redist/fwidbmgr/include/Grid.h:1695) Grid ffmc_tmp configured.
2017-12-11 04:08:32,005 null [INFO] (/home/meteo/dev/redist/fwidbmgr/include/Grid.h:1595) Configuring grid: dmc_tmp
2017-12-11 04:08:32,005 null [INFO] (/home/meteo/dev/redist/fwidbmgr/include/Grid.h:1695) Grid dmc_tmp configured.
2017-12-11 04:08:32,026 null [INFO] (/home/meteo/dev/redist/fwidbmgr/include/Grid.h:1595) Configuring grid: dc_tmp
2017-12-11 04:08:32,026 null [INFO] (/home/meteo/dev/redist/fwidbmgr/include/Grid.h:1695) Grid dc_tmp configured.
2017-12-11 04:08:32,046 null [INFO] (/home/meteo/dev/redist/fwidbmgr/include/Grid.h:1595) Configuring grid: idi
2017-12-11 04:08:32,046 null [INFO] (/home/meteo/dev/redist/fwidbmgr/include/Grid.h:1695) Grid idi configured.
2017-12-11 04:08:42,346 null [INFO] (../src/fwidbmgr.cpp:2081) Storing FWI indexes ...
2017-12-11 04:09:13,628 null [INFO] (../src/fwidbmgr.cpp:5555) OK --> 20171210 data imported.
2017-12-11 04:09:13,633 null [INFO] (../src/fwidbmgr.cpp:5695) action out took about 42 seconds.
2017-12-11 04:09:13,634 null [INFO] (../src/fwidbmgr.cpp:5699) Disconnected from database.
2017-12-11 04:09:14,005 null [INFO] (../src/fwidbmgr.cpp:5361) fwi db manager
2017-12-11 04:09:14,005 null [INFO] (../src/fwidbmgr.cpp:5365) Program home: /home/meteo/dev/redist/fwidbmgr
2017-12-11 04:09:14,005 null [INFO] (../src/fwidbmgr.cpp:5369) Auto convert: 1
2017-12-11 04:09:14,005 null [INFO] (../src/fwidbmgr.cpp:446) action: computeidx.
2017-12-11 04:09:14,005 null [INFO] (../src/fwidbmgr.cpp:470) date: 20171210.
2017-12-11 04:09:14,005 null [INFO] (../src/fwidbmgr.cpp:322) Try to read: /home/meteo/dev/redist/fwidbmgr/config/fwidbmgr.conf.
2017-12-11 04:09:14,011 null [INFO] (../src/fwidbmgr.cpp:5393) Configuration parsing: OK.
2017-12-11 04:09:14,053 null [INFO] (../src/fwidbmgr.cpp:5478) Connected to database
2017-12-11 04:09:14,053 null [INFO] (../src/fwidbmgr.cpp:5480) Manage data for date: 20171210.
2017-12-11 04:09:14,053 null [INFO] (../src/fwidbmgr.cpp:5656) Computing indexes.
2017-12-11 04:09:14,055 null [INFO] (/home/meteo/dev/redist/fwidbmgr/include/Grid.h:1595) Configuring grid: isi
2017-12-11 04:09:14,055 null [INFO] (/home/meteo/dev/redist/fwidbmgr/include/Grid.h:1695) Grid isi configured.
2017-12-11 04:09:14,056 null [INFO] (/home/meteo/dev/redist/fwidbmgr/include/Grid.h:1595) Configuring grid: fwi
2017-12-11 04:09:14,057 null [INFO] (/home/meteo/dev/redist/fwidbmgr/include/Grid.h:1695) Grid fwi configured.
2017-12-11 04:09:14,058 null [INFO] (/home/meteo/dev/redist/fwidbmgr/include/Grid.h:1595) Configuring grid: ffmc
2017-12-11 04:09:14,058 null [INFO] (/home/meteo/dev/redist/fwidbmgr/include/Grid.h:1695) Grid ffmc configured.
2017-12-11 04:09:14,059 null [INFO] (/home/meteo/dev/redist/fwidbmgr/include/Grid.h:1595) Configuring grid: dmc
2017-12-11 04:09:14,059 null [INFO] (/home/meteo/dev/redist/fwidbmgr/include/Grid.h:1695) Grid dmc configured.
2017-12-11 04:09:14,060 null [INFO] (/home/meteo/dev/redist/fwidbmgr/include/Grid.h:1595) Configuring grid: dc
2017-12-11 04:09:14,061 null [INFO] (/home/meteo/dev/redist/fwidbmgr/include/Grid.h:1695) Grid dc configured.
2017-12-11 04:09:14,062 null [INFO] (/home/meteo/dev/redist/fwidbmgr/include/Grid.h:1595) Configuring grid: bui
2017-12-11 04:09:14,062 null [INFO] (/home/meteo/dev/redist/fwidbmgr/include/Grid.h:1695) Grid bui configured.
2017-12-11 04:09:14,063 null [INFO] (/home/meteo/dev/redist/fwidbmgr/include/Grid.h:1595) Configuring grid: ffmc_tmp
2017-12-11 04:09:14,063 null [INFO] (/home/meteo/dev/redist/fwidbmgr/include/Grid.h:1695) Grid ffmc_tmp configured.
2017-12-11 04:09:14,064 null [INFO] (/home/meteo/dev/redist/fwidbmgr/include/Grid.h:1595) Configuring grid: dmc_tmp
2017-12-11 04:09:14,064 null [INFO] (/home/meteo/dev/redist/fwidbmgr/include/Grid.h:1695) Grid dmc_tmp configured.
2017-12-11 04:09:14,066 null [INFO] (/home/meteo/dev/redist/fwidbmgr/include/Grid.h:1595) Configuring grid: dc_tmp
2017-12-11 04:09:14,066 null [INFO] (/home/meteo/dev/redist/fwidbmgr/include/Grid.h:1695) Grid dc_tmp configured.
2017-12-11 04:09:14,067 null [INFO] (/home/meteo/dev/redist/fwidbmgr/include/Grid.h:1595) Configuring grid: idi
2017-12-11 04:09:14,067 null [INFO] (/home/meteo/dev/redist/fwidbmgr/include/Grid.h:1695) Grid idi configured.
2017-12-11 04:09:14,068 null [INFO] (/home/meteo/dev/redist/fwidbmgr/include/Grid.h:1595) Configuring grid: angstrom
2017-12-11 04:09:14,068 null [INFO] (/home/meteo/dev/redist/fwidbmgr/include/Grid.h:1695) Grid angstrom configured.
2017-12-11 04:09:14,070 null [INFO] (/home/meteo/dev/redist/fwidbmgr/include/Grid.h:1595) Configuring grid: fmi
2017-12-11 04:09:14,070 null [INFO] (/home/meteo/dev/redist/fwidbmgr/include/Grid.h:1695) Grid fmi configured.
2017-12-11 04:09:14,071 null [INFO] (/home/meteo/dev/redist/fwidbmgr/include/Grid.h:1595) Configuring grid: sharples
2017-12-11 04:09:14,071 null [INFO] (/home/meteo/dev/redist/fwidbmgr/include/Grid.h:1695) Grid sharples configured.
2017-12-11 04:09:25,159 null [INFO] (/home/meteo/dev/redist/fwidbmgr/include/Grid.h:1595) Configuring grid: snow
2017-12-11 04:09:25,159 null [INFO] (/home/meteo/dev/redist/fwidbmgr/include/Grid.h:1695) Grid snow configured.
2017-12-11 04:09:25,159 null [INFO] (/home/meteo/dev/redist/fwidbmgr/include/Grid.h:1595) Configuring grid: snow_covering
2017-12-11 04:09:25,159 null [INFO] (/home/meteo/dev/redist/fwidbmgr/include/Grid.h:1695) Grid snow_covering configured.
2017-12-11 04:09:25,159 null [INFO] (/home/meteo/dev/redist/fwidbmgr/include/Grid.h:1595) Configuring grid: snow_dissolution
2017-12-11 04:09:25,159 null [INFO] (/home/meteo/dev/redist/fwidbmgr/include/Grid.h:1695) Grid snow_dissolution configured.
2017-12-11 04:09:25,159 null [INFO] (/home/meteo/dev/redist/fwidbmgr/include/Grid.h:1595) Configuring grid: temperature
2017-12-11 04:09:25,159 null [INFO] (/home/meteo/dev/redist/fwidbmgr/include/Grid.h:1695) Grid temperature configured.
2017-12-11 04:09:25,160 null [INFO] (/home/meteo/dev/redist/fwidbmgr/include/Grid.h:1595) Configuring grid: humidity
2017-12-11 04:09:25,160 null [INFO] (/home/meteo/dev/redist/fwidbmgr/include/Grid.h:1695) Grid humidity configured.
2017-12-11 04:09:25,160 null [INFO] (/home/meteo/dev/redist/fwidbmgr/include/Grid.h:1595) Configuring grid: windspeed
2017-12-11 04:09:25,160 null [INFO] (/home/meteo/dev/redist/fwidbmgr/include/Grid.h:1695) Grid windspeed configured.
2017-12-11 04:09:25,160 null [INFO] (/home/meteo/dev/redist/fwidbmgr/include/Grid.h:1595) Configuring grid: rain
2017-12-11 04:09:25,160 null [INFO] (/home/meteo/dev/redist/fwidbmgr/include/Grid.h:1695) Grid rain configured.
2017-12-11 04:09:25,160 null [INFO] (/home/meteo/dev/redist/fwidbmgr/include/Grid.h:1595) Configuring grid: cum_rain
2017-12-11 04:09:25,161 null [INFO] (/home/meteo/dev/redist/fwidbmgr/include/Grid.h:1695) Grid cum_rain configured.
2017-12-11 04:11:51,856 null [INFO] (../src/fwidbmgr.cpp:5660) OK --> 20171210 indexes computed.
2017-12-11 04:11:51,864 null [INFO] (../src/fwidbmgr.cpp:5695) action computeidx took about 157 seconds.
2017-12-11 04:11:51,865 null [INFO] (../src/fwidbmgr.cpp:5699) Disconnected from database.
2017-12-11 04:11:52,034 null [INFO] (../src/fwidbmgr.cpp:5361) fwi db manager
2017-12-11 04:11:52,034 null [INFO] (../src/fwidbmgr.cpp:5365) Program home: /home/meteo/dev/redist/fwidbmgr
2017-12-11 04:11:52,034 null [INFO] (../src/fwidbmgr.cpp:5369) Auto convert: 1
2017-12-11 04:11:52,034 null [INFO] (../src/fwidbmgr.cpp:446) action: exportidx.
2017-12-11 04:11:52,034 null [INFO] (../src/fwidbmgr.cpp:470) date: 20171210.
2017-12-11 04:11:52,034 null [INFO] (../src/fwidbmgr.cpp:322) Try to read: /home/meteo/dev/redist/fwidbmgr/config/fwidbmgr.conf.
2017-12-11 04:11:52,042 null [INFO] (../src/fwidbmgr.cpp:5393) Configuration parsing: OK.
2017-12-11 04:11:52,084 null [INFO] (../src/fwidbmgr.cpp:5478) Connected to database
2017-12-11 04:11:52,084 null [INFO] (../src/fwidbmgr.cpp:5480) Manage data for date: 20171210.
2017-12-11 04:11:52,084 null [INFO] (../src/fwidbmgr.cpp:5596) Exporting indexes.
2017-12-11 04:11:52,086 null [INFO] (/home/meteo/dev/redist/fwidbmgr/include/Grid.h:1595) Configuring grid: isi
2017-12-11 04:11:52,086 null [INFO] (/home/meteo/dev/redist/fwidbmgr/include/Grid.h:1695) Grid isi configured.
2017-12-11 04:11:52,087 null [INFO] (/home/meteo/dev/redist/fwidbmgr/include/Grid.h:1595) Configuring grid: fwi
2017-12-11 04:11:52,087 null [INFO] (/home/meteo/dev/redist/fwidbmgr/include/Grid.h:1695) Grid fwi configured.
2017-12-11 04:11:52,088 null [INFO] (/home/meteo/dev/redist/fwidbmgr/include/Grid.h:1595) Configuring grid: ffmc
2017-12-11 04:11:52,088 null [INFO] (/home/meteo/dev/redist/fwidbmgr/include/Grid.h:1695) Grid ffmc configured.
2017-12-11 04:11:52,090 null [INFO] (/home/meteo/dev/redist/fwidbmgr/include/Grid.h:1595) Configuring grid: dmc
2017-12-11 04:11:52,090 null [INFO] (/home/meteo/dev/redist/fwidbmgr/include/Grid.h:1695) Grid dmc configured.
2017-12-11 04:11:52,091 null [INFO] (/home/meteo/dev/redist/fwidbmgr/include/Grid.h:1595) Configuring grid: dc
2017-12-11 04:11:52,091 null [INFO] (/home/meteo/dev/redist/fwidbmgr/include/Grid.h:1695) Grid dc configured.
2017-12-11 04:11:52,092 null [INFO] (/home/meteo/dev/redist/fwidbmgr/include/Grid.h:1595) Configuring grid: bui
2017-12-11 04:11:52,092 null [INFO] (/home/meteo/dev/redist/fwidbmgr/include/Grid.h:1695) Grid bui configured.
2017-12-11 04:11:52,094 null [INFO] (/home/meteo/dev/redist/fwidbmgr/include/Grid.h:1595) Configuring grid: ffmc_tmp
2017-12-11 04:11:52,094 null [INFO] (/home/meteo/dev/redist/fwidbmgr/include/Grid.h:1695) Grid ffmc_tmp configured.
2017-12-11 04:11:52,095 null [INFO] (/home/meteo/dev/redist/fwidbmgr/include/Grid.h:1595) Configuring grid: dmc_tmp
2017-12-11 04:11:52,095 null [INFO] (/home/meteo/dev/redist/fwidbmgr/include/Grid.h:1695) Grid dmc_tmp configured.
2017-12-11 04:11:52,096 null [INFO] (/home/meteo/dev/redist/fwidbmgr/include/Grid.h:1595) Configuring grid: dc_tmp
2017-12-11 04:11:52,096 null [INFO] (/home/meteo/dev/redist/fwidbmgr/include/Grid.h:1695) Grid dc_tmp configured.
2017-12-11 04:11:52,098 null [INFO] (/home/meteo/dev/redist/fwidbmgr/include/Grid.h:1595) Configuring grid: idi
2017-12-11 04:11:52,098 null [INFO] (/home/meteo/dev/redist/fwidbmgr/include/Grid.h:1695) Grid idi configured.
2017-12-11 04:11:52,099 null [INFO] (/home/meteo/dev/redist/fwidbmgr/include/Grid.h:1595) Configuring grid: angstrom
2017-12-11 04:11:52,099 null [INFO] (/home/meteo/dev/redist/fwidbmgr/include/Grid.h:1695) Grid angstrom configured.
2017-12-11 04:11:52,100 null [INFO] (/home/meteo/dev/redist/fwidbmgr/include/Grid.h:1595) Configuring grid: fmi
2017-12-11 04:11:52,100 null [INFO] (/home/meteo/dev/redist/fwidbmgr/include/Grid.h:1695) Grid fmi configured.
2017-12-11 04:11:52,101 null [INFO] (/home/meteo/dev/redist/fwidbmgr/include/Grid.h:1595) Configuring grid: sharples
2017-12-11 04:11:52,102 null [INFO] (/home/meteo/dev/redist/fwidbmgr/include/Grid.h:1695) Grid sharples configured.
2017-12-11 04:12:02,081 null [INFO] (/home/meteo/dev/redist/fwidbmgr/include/Grid.h:1595) Configuring grid: isi
2017-12-11 04:12:02,082 null [INFO] (/home/meteo/dev/redist/fwidbmgr/include/Grid.h:1695) Grid isi configured.
2017-12-11 04:12:02,126 null [INFO] (/home/meteo/dev/redist/fwidbmgr/include/Grid.h:1595) Configuring grid: fwi
2017-12-11 04:12:02,126 null [INFO] (/home/meteo/dev/redist/fwidbmgr/include/Grid.h:1695) Grid fwi configured.
2017-12-11 04:12:02,163 null [INFO] (/home/meteo/dev/redist/fwidbmgr/include/Grid.h:1595) Configuring grid: ffmc
2017-12-11 04:12:02,163 null [INFO] (/home/meteo/dev/redist/fwidbmgr/include/Grid.h:1695) Grid ffmc configured.
2017-12-11 04:12:02,201 null [INFO] (/home/meteo/dev/redist/fwidbmgr/include/Grid.h:1595) Configuring grid: dmc
2017-12-11 04:12:02,201 null [INFO] (/home/meteo/dev/redist/fwidbmgr/include/Grid.h:1695) Grid dmc configured.
2017-12-11 04:12:02,238 null [INFO] (/home/meteo/dev/redist/fwidbmgr/include/Grid.h:1595) Configuring grid: dc
2017-12-11 04:12:02,238 null [INFO] (/home/meteo/dev/redist/fwidbmgr/include/Grid.h:1695) Grid dc configured.
2017-12-11 04:12:02,276 null [INFO] (/home/meteo/dev/redist/fwidbmgr/include/Grid.h:1595) Configuring grid: bui
2017-12-11 04:12:02,276 null [INFO] (/home/meteo/dev/redist/fwidbmgr/include/Grid.h:1695) Grid bui configured.
2017-12-11 04:12:02,313 null [INFO] (/home/meteo/dev/redist/fwidbmgr/include/Grid.h:1595) Configuring grid: ffmc_tmp
2017-12-11 04:12:02,313 null [INFO] (/home/meteo/dev/redist/fwidbmgr/include/Grid.h:1695) Grid ffmc_tmp configured.
2017-12-11 04:12:02,350 null [INFO] (/home/meteo/dev/redist/fwidbmgr/include/Grid.h:1595) Configuring grid: dmc_tmp
2017-12-11 04:12:02,350 null [INFO] (/home/meteo/dev/redist/fwidbmgr/include/Grid.h:1695) Grid dmc_tmp configured.
2017-12-11 04:12:02,384 null [INFO] (/home/meteo/dev/redist/fwidbmgr/include/Grid.h:1595) Configuring grid: dc_tmp
2017-12-11 04:12:02,384 null [INFO] (/home/meteo/dev/redist/fwidbmgr/include/Grid.h:1695) Grid dc_tmp configured.
2017-12-11 04:12:02,418 null [INFO] (/home/meteo/dev/redist/fwidbmgr/include/Grid.h:1595) Configuring grid: angstrom
2017-12-11 04:12:02,418 null [INFO] (/home/meteo/dev/redist/fwidbmgr/include/Grid.h:1695) Grid angstrom configured.
2017-12-11 04:12:02,482 null [INFO] (/home/meteo/dev/redist/fwidbmgr/include/Grid.h:1595) Configuring grid: sharples
2017-12-11 04:12:02,482 null [INFO] (/home/meteo/dev/redist/fwidbmgr/include/Grid.h:1695) Grid sharples configured.
2017-12-11 04:12:02,523 null [INFO] (/home/meteo/dev/redist/fwidbmgr/include/Grid.h:1595) Configuring grid: fmi
2017-12-11 04:12:02,523 null [INFO] (/home/meteo/dev/redist/fwidbmgr/include/Grid.h:1695) Grid fmi configured.
2017-12-11 04:12:02,566 null [INFO] (../src/fwidbmgr.cpp:5600) OK --> 20171210 indexes exported to files.
2017-12-11 04:12:02,566 null [INFO] (../src/fwidbmgr.cpp:5695) action exportidx took about 10 seconds.
2017-12-11 04:12:02,566 null [INFO] (../src/fwidbmgr.cpp:5699) Disconnected from database.
2017-12-11 04:12:29,674 null [INFO] (../src/fwidbmgr.cpp:5361) fwi db manager
2017-12-11 04:12:29,674 null [INFO] (../src/fwidbmgr.cpp:5365) Program home: /home/meteo/dev/redist/fwidbmgr
2017-12-11 04:12:29,674 null [INFO] (../src/fwidbmgr.cpp:5369) Auto convert: 1
2017-12-11 04:12:29,674 null [INFO] (../src/fwidbmgr.cpp:446) action: outimg.
2017-12-11 04:12:29,674 null [INFO] (../src/fwidbmgr.cpp:470) date: 20171210.
2017-12-11 04:12:29,674 null [INFO] (../src/fwidbmgr.cpp:322) Try to read: /home/meteo/dev/redist/fwidbmgr/config/fwidbmgr.conf.
2017-12-11 04:12:29,681 null [INFO] (../src/fwidbmgr.cpp:5393) Configuration parsing: OK.
2017-12-11 04:12:29,684 null [INFO] (../src/fwidbmgr.cpp:5478) Connected to database
2017-12-11 04:12:29,684 null [INFO] (../src/fwidbmgr.cpp:5480) Manage data for date: 20171210.
2017-12-11 04:12:29,684 null [INFO] (../src/fwidbmgr.cpp:5566) Importing fwi indexes images in database.
2017-12-11 04:12:30,112 null [INFO] (../src/fwidbmgr.cpp:5570) OK --> 20171210 images imported.
2017-12-11 04:12:30,112 null [INFO] (../src/fwidbmgr.cpp:5695) action outimg took about 1 seconds.
2017-12-11 04:12:30,112 null [INFO] (../src/fwidbmgr.cpp:5699) Disconnected from database.
2017-12-11 04:37:01,546 null [INFO] (../src/fwidbmgr.cpp:5361) fwi db manager
2017-12-11 04:37:01,546 null [INFO] (../src/fwidbmgr.cpp:5365) Program home: /home/meteo/dev/redist/fwidbmgr
2017-12-11 04:37:01,546 null [INFO] (../src/fwidbmgr.cpp:5369) Auto convert: 1
2017-12-11 04:37:01,546 null [INFO] (../src/fwidbmgr.cpp:446) action: outimg.
2017-12-11 04:37:01,546 null [INFO] (../src/fwidbmgr.cpp:470) date: 20171210.
2017-12-11 04:37:01,546 null [INFO] (../src/fwidbmgr.cpp:322) Try to read: /home/meteo/dev/redist/fwidbmgr/config/fwidbmgr.conf.
2017-12-11 04:37:01,549 null [INFO] (../src/fwidbmgr.cpp:5393) Configuration parsing: OK.
2017-12-11 04:37:01,556 null [INFO] (../src/fwidbmgr.cpp:5478) Connected to database
2017-12-11 04:37:01,556 null [INFO] (../src/fwidbmgr.cpp:5480) Manage data for date: 20171210.
2017-12-11 04:37:01,556 null [INFO] (../src/fwidbmgr.cpp:5566) Importing fwi indexes images in database.
2017-12-11 04:37:01,670 null [INFO] (../src/fwidbmgr.cpp:5570) OK --> 20171210 images imported.
2017-12-11 04:37:01,670 null [INFO] (../src/fwidbmgr.cpp:5695) action outimg took about 0 seconds.
2017-12-11 04:37:01,670 null [INFO] (../src/fwidbmgr.cpp:5699) Disconnected from database.
2017-12-11 05:05:01,823 null [INFO] (../src/fwidbmgr.cpp:5361) fwi db manager
2017-12-11 05:05:01,823 null [INFO] (../src/fwidbmgr.cpp:5365) Program home: /home/meteo/dev/redist/fwidbmgr
2017-12-11 05:05:01,823 null [INFO] (../src/fwidbmgr.cpp:5369) Auto convert: 1
2017-12-11 05:05:01,823 null [INFO] (../src/fwidbmgr.cpp:446) action: outimg.
2017-12-11 05:05:01,823 null [INFO] (../src/fwidbmgr.cpp:470) date: 20171210.
2017-12-11 05:05:01,824 null [INFO] (../src/fwidbmgr.cpp:322) Try to read: /home/meteo/dev/redist/fwidbmgr/config/fwidbmgr.conf.
2017-12-11 05:05:01,826 null [INFO] (../src/fwidbmgr.cpp:5393) Configuration parsing: OK.
2017-12-11 05:05:01,830 null [INFO] (../src/fwidbmgr.cpp:5478) Connected to database
2017-12-11 05:05:01,830 null [INFO] (../src/fwidbmgr.cpp:5480) Manage data for date: 20171210.
2017-12-11 05:05:01,831 null [INFO] (../src/fwidbmgr.cpp:5566) Importing fwi indexes images in database.
2017-12-11 05:05:01,912 null [INFO] (../src/fwidbmgr.cpp:5570) OK --> 20171210 images imported.
2017-12-11 05:05:01,912 null [INFO] (../src/fwidbmgr.cpp:5695) action outimg took about 0 seconds.
2017-12-11 05:05:01,912 null [INFO] (../src/fwidbmgr.cpp:5699) Disconnected from database.
2017-12-11 05:37:01,055 null [INFO] (../src/fwidbmgr.cpp:5361) fwi db manager
2017-12-11 05:37:01,055 null [INFO] (../src/fwidbmgr.cpp:5365) Program home: /home/meteo/dev/redist/fwidbmgr
2017-12-11 05:37:01,055 null [INFO] (../src/fwidbmgr.cpp:5369) Auto convert: 1
2017-12-11 05:37:01,055 null [INFO] (../src/fwidbmgr.cpp:446) action: outimg.
2017-12-11 05:37:01,055 null [INFO] (../src/fwidbmgr.cpp:470) date: 20171210.
2017-12-11 05:37:01,055 null [INFO] (../src/fwidbmgr.cpp:322) Try to read: /home/meteo/dev/redist/fwidbmgr/config/fwidbmgr.conf.
2017-12-11 05:37:01,057 null [INFO] (../src/fwidbmgr.cpp:5393) Configuration parsing: OK.
2017-12-11 05:37:01,063 null [INFO] (../src/fwidbmgr.cpp:5478) Connected to database
2017-12-11 05:37:01,063 null [INFO] (../src/fwidbmgr.cpp:5480) Manage data for date: 20171210.
2017-12-11 05:37:01,063 null [INFO] (../src/fwidbmgr.cpp:5566) Importing fwi indexes images in database.
2017-12-11 05:37:01,143 null [INFO] (../src/fwidbmgr.cpp:5570) OK --> 20171210 images imported.
2017-12-11 05:37:01,143 null [INFO] (../src/fwidbmgr.cpp:5695) action outimg took about 0 seconds.
2017-12-11 05:37:01,144 null [INFO] (../src/fwidbmgr.cpp:5699) Disconnected from database.
2017-12-11 06:05:01,760 null [INFO] (../src/fwidbmgr.cpp:5361) fwi db manager
2017-12-11 06:05:01,760 null [INFO] (../src/fwidbmgr.cpp:5365) Program home: /home/meteo/dev/redist/fwidbmgr
2017-12-11 06:05:01,761 null [INFO] (../src/fwidbmgr.cpp:5369) Auto convert: 1
2017-12-11 06:05:01,761 null [INFO] (../src/fwidbmgr.cpp:446) action: outimg.
2017-12-11 06:05:01,761 null [INFO] (../src/fwidbmgr.cpp:470) date: 20171210.
2017-12-11 06:05:01,761 null [INFO] (../src/fwidbmgr.cpp:322) Try to read: /home/meteo/dev/redist/fwidbmgr/config/fwidbmgr.conf.
2017-12-11 06:05:01,763 null [INFO] (../src/fwidbmgr.cpp:5393) Configuration parsing: OK.
2017-12-11 06:05:01,769 null [INFO] (../src/fwidbmgr.cpp:5478) Connected to database
2017-12-11 06:05:01,769 null [INFO] (../src/fwidbmgr.cpp:5480) Manage data for date: 20171210.
2017-12-11 06:05:01,769 null [INFO] (../src/fwidbmgr.cpp:5566) Importing fwi indexes images in database.
2017-12-11 06:05:01,857 null [INFO] (../src/fwidbmgr.cpp:5570) OK --> 20171210 images imported.
2017-12-11 06:05:01,857 null [INFO] (../src/fwidbmgr.cpp:5695) action outimg took about 0 seconds.
2017-12-11 06:05:01,857 null [INFO] (../src/fwidbmgr.cpp:5699) Disconnected from database.
2017-12-11 06:37:01,993 null [INFO] (../src/fwidbmgr.cpp:5361) fwi db manager
2017-12-11 06:37:01,994 null [INFO] (../src/fwidbmgr.cpp:5365) Program home: /home/meteo/dev/redist/fwidbmgr
2017-12-11 06:37:01,994 null [INFO] (../src/fwidbmgr.cpp:5369) Auto convert: 1
2017-12-11 06:37:01,994 null [INFO] (../src/fwidbmgr.cpp:446) action: outimg.
2017-12-11 06:37:01,994 null [INFO] (../src/fwidbmgr.cpp:470) date: 20171210.
2017-12-11 06:37:01,994 null [INFO] (../src/fwidbmgr.cpp:322) Try to read: /home/meteo/dev/redist/fwidbmgr/config/fwidbmgr.conf.
2017-12-11 06:37:01,996 null [INFO] (../src/fwidbmgr.cpp:5393) Configuration parsing: OK.
2017-12-11 06:37:02,001 null [INFO] (../src/fwidbmgr.cpp:5478) Connected to database
2017-12-11 06:37:02,001 null [INFO] (../src/fwidbmgr.cpp:5480) Manage data for date: 20171210.
2017-12-11 06:37:02,001 null [INFO] (../src/fwidbmgr.cpp:5566) Importing fwi indexes images in database.
2017-12-11 06:37:02,083 null [INFO] (../src/fwidbmgr.cpp:5570) OK --> 20171210 images imported.
2017-12-11 06:37:02,083 null [INFO] (../src/fwidbmgr.cpp:5695) action outimg took about 0 seconds.
2017-12-11 06:37:02,084 null [INFO] (../src/fwidbmgr.cpp:5699) Disconnected from database.
