2018-05-23 05:06:51,563 null [INFO] (../src/fwidbmgr.cpp:5361) fwi db manager
2018-05-23 05:06:51,563 null [INFO] (../src/fwidbmgr.cpp:5365) Program home: /home/meteo/dev/redist/fwidbmgr
2018-05-23 05:06:51,563 null [INFO] (../src/fwidbmgr.cpp:5369) Auto convert: 1
2018-05-23 05:06:51,563 null [INFO] (../src/fwidbmgr.cpp:446) action: in.
2018-05-23 05:06:51,563 null [INFO] (../src/fwidbmgr.cpp:470) date: 20180522.
2018-05-23 05:06:51,563 null [INFO] (../src/fwidbmgr.cpp:322) Try to read: /home/meteo/dev/redist/fwidbmgr/config/fwidbmgr.conf.
2018-05-23 05:06:51,575 null [INFO] (../src/fwidbmgr.cpp:5393) Configuration parsing: OK.
2018-05-23 05:06:51,579 null [INFO] (../src/fwidbmgr.cpp:5478) Connected to database
2018-05-23 05:06:51,579 null [INFO] (../src/fwidbmgr.cpp:5480) Manage data for date: 20180522.
2018-05-23 05:06:51,579 null [INFO] (../src/fwidbmgr.cpp:5536) Importing meteo data in database for day: 20180522.
2018-05-23 05:06:51,582 null [INFO] (/home/meteo/dev/redist/fwidbmgr/include/Grid.h:1595) Configuring grid: snow
2018-05-23 05:06:51,582 null [INFO] (/home/meteo/dev/redist/fwidbmgr/include/Grid.h:1695) Grid snow configured.
2018-05-23 05:06:51,592 null [INFO] (/home/meteo/dev/redist/fwidbmgr/include/Grid.h:1595) Configuring grid: snow_covering
2018-05-23 05:06:51,592 null [INFO] (/home/meteo/dev/redist/fwidbmgr/include/Grid.h:1695) Grid snow_covering configured.
2018-05-23 05:06:51,605 null [INFO] (/home/meteo/dev/redist/fwidbmgr/include/Grid.h:1595) Configuring grid: snow_dissolution
2018-05-23 05:06:51,605 null [INFO] (/home/meteo/dev/redist/fwidbmgr/include/Grid.h:1695) Grid snow_dissolution configured.
2018-05-23 05:06:51,628 null [INFO] (/home/meteo/dev/redist/fwidbmgr/include/Grid.h:1595) Configuring grid: temperature
2018-05-23 05:06:51,628 null [INFO] (/home/meteo/dev/redist/fwidbmgr/include/Grid.h:1695) Grid temperature configured.
2018-05-23 05:06:51,633 null [INFO] (/home/meteo/dev/redist/fwidbmgr/include/Grid.h:1595) Configuring grid: humidity
2018-05-23 05:06:51,633 null [INFO] (/home/meteo/dev/redist/fwidbmgr/include/Grid.h:1695) Grid humidity configured.
2018-05-23 05:06:51,643 null [INFO] (/home/meteo/dev/redist/fwidbmgr/include/Grid.h:1595) Configuring grid: windspeed
2018-05-23 05:06:51,644 null [INFO] (/home/meteo/dev/redist/fwidbmgr/include/Grid.h:1695) Grid windspeed configured.
2018-05-23 05:06:51,665 null [INFO] (/home/meteo/dev/redist/fwidbmgr/include/Grid.h:1595) Configuring grid: rain
2018-05-23 05:06:51,665 null [INFO] (/home/meteo/dev/redist/fwidbmgr/include/Grid.h:1695) Grid rain configured.
2018-05-23 05:06:51,668 null [INFO] (/home/meteo/dev/redist/fwidbmgr/include/Grid.h:1595) Configuring grid: cum_rain
2018-05-23 05:06:51,668 null [INFO] (/home/meteo/dev/redist/fwidbmgr/include/Grid.h:1695) Grid cum_rain configured.
2018-05-23 05:06:56,926 null [INFO] (../src/fwidbmgr.cpp:1518) Storing meteo input ...
2018-05-23 05:07:18,321 null [INFO] (../src/fwidbmgr.cpp:5540) OK --> 20180522 data imported.
2018-05-23 05:07:18,365 null [INFO] (../src/fwidbmgr.cpp:5695) action in took about 27 seconds.
2018-05-23 05:07:18,430 null [INFO] (../src/fwidbmgr.cpp:5699) Disconnected from database.
2018-05-23 05:08:27,456 null [INFO] (../src/fwidbmgr.cpp:5361) fwi db manager
2018-05-23 05:08:27,456 null [INFO] (../src/fwidbmgr.cpp:5365) Program home: /home/meteo/dev/redist/fwidbmgr
2018-05-23 05:08:27,456 null [INFO] (../src/fwidbmgr.cpp:5369) Auto convert: 1
2018-05-23 05:08:27,456 null [INFO] (../src/fwidbmgr.cpp:446) action: out.
2018-05-23 05:08:27,456 null [INFO] (../src/fwidbmgr.cpp:470) date: 20180522.
2018-05-23 05:08:27,456 null [INFO] (../src/fwidbmgr.cpp:322) Try to read: /home/meteo/dev/redist/fwidbmgr/config/fwidbmgr.conf.
2018-05-23 05:08:27,461 null [INFO] (../src/fwidbmgr.cpp:5393) Configuration parsing: OK.
2018-05-23 05:08:27,487 null [INFO] (../src/fwidbmgr.cpp:5478) Connected to database
2018-05-23 05:08:27,487 null [INFO] (../src/fwidbmgr.cpp:5480) Manage data for date: 20180522.
2018-05-23 05:08:27,488 null [INFO] (../src/fwidbmgr.cpp:5551) Importing fwi indexes data in database for day: 20180522.
2018-05-23 05:08:27,503 null [INFO] (/home/meteo/dev/redist/fwidbmgr/include/Grid.h:1595) Configuring grid: isi
2018-05-23 05:08:27,503 null [INFO] (/home/meteo/dev/redist/fwidbmgr/include/Grid.h:1695) Grid isi configured.
2018-05-23 05:08:27,516 null [INFO] (/home/meteo/dev/redist/fwidbmgr/include/Grid.h:1595) Configuring grid: fwi
2018-05-23 05:08:27,516 null [INFO] (/home/meteo/dev/redist/fwidbmgr/include/Grid.h:1695) Grid fwi configured.
2018-05-23 05:08:27,529 null [INFO] (/home/meteo/dev/redist/fwidbmgr/include/Grid.h:1595) Configuring grid: ffmc
2018-05-23 05:08:27,529 null [INFO] (/home/meteo/dev/redist/fwidbmgr/include/Grid.h:1695) Grid ffmc configured.
2018-05-23 05:08:27,542 null [INFO] (/home/meteo/dev/redist/fwidbmgr/include/Grid.h:1595) Configuring grid: dmc
2018-05-23 05:08:27,543 null [INFO] (/home/meteo/dev/redist/fwidbmgr/include/Grid.h:1695) Grid dmc configured.
2018-05-23 05:08:27,556 null [INFO] (/home/meteo/dev/redist/fwidbmgr/include/Grid.h:1595) Configuring grid: dc
2018-05-23 05:08:27,556 null [INFO] (/home/meteo/dev/redist/fwidbmgr/include/Grid.h:1695) Grid dc configured.
2018-05-23 05:08:27,570 null [INFO] (/home/meteo/dev/redist/fwidbmgr/include/Grid.h:1595) Configuring grid: bui
2018-05-23 05:08:27,570 null [INFO] (/home/meteo/dev/redist/fwidbmgr/include/Grid.h:1695) Grid bui configured.
2018-05-23 05:08:27,583 null [INFO] (/home/meteo/dev/redist/fwidbmgr/include/Grid.h:1595) Configuring grid: ffmc_tmp
2018-05-23 05:08:27,583 null [INFO] (/home/meteo/dev/redist/fwidbmgr/include/Grid.h:1695) Grid ffmc_tmp configured.
2018-05-23 05:08:27,615 null [INFO] (/home/meteo/dev/redist/fwidbmgr/include/Grid.h:1595) Configuring grid: dmc_tmp
2018-05-23 05:08:27,615 null [INFO] (/home/meteo/dev/redist/fwidbmgr/include/Grid.h:1695) Grid dmc_tmp configured.
2018-05-23 05:08:27,634 null [INFO] (/home/meteo/dev/redist/fwidbmgr/include/Grid.h:1595) Configuring grid: dc_tmp
2018-05-23 05:08:27,635 null [INFO] (/home/meteo/dev/redist/fwidbmgr/include/Grid.h:1695) Grid dc_tmp configured.
2018-05-23 05:08:27,654 null [INFO] (/home/meteo/dev/redist/fwidbmgr/include/Grid.h:1595) Configuring grid: idi
2018-05-23 05:08:27,654 null [INFO] (/home/meteo/dev/redist/fwidbmgr/include/Grid.h:1695) Grid idi configured.
2018-05-23 05:08:31,847 null [INFO] (../src/fwidbmgr.cpp:2081) Storing FWI indexes ...
2018-05-23 05:08:43,686 null [INFO] (../src/fwidbmgr.cpp:5555) OK --> 20180522 data imported.
2018-05-23 05:08:43,691 null [INFO] (../src/fwidbmgr.cpp:5695) action out took about 16 seconds.
2018-05-23 05:08:43,692 null [INFO] (../src/fwidbmgr.cpp:5699) Disconnected from database.
2018-05-23 05:08:43,999 null [INFO] (../src/fwidbmgr.cpp:5361) fwi db manager
2018-05-23 05:08:43,999 null [INFO] (../src/fwidbmgr.cpp:5365) Program home: /home/meteo/dev/redist/fwidbmgr
2018-05-23 05:08:43,999 null [INFO] (../src/fwidbmgr.cpp:5369) Auto convert: 1
2018-05-23 05:08:43,999 null [INFO] (../src/fwidbmgr.cpp:446) action: computeidx.
2018-05-23 05:08:43,999 null [INFO] (../src/fwidbmgr.cpp:470) date: 20180522.
2018-05-23 05:08:43,999 null [INFO] (../src/fwidbmgr.cpp:322) Try to read: /home/meteo/dev/redist/fwidbmgr/config/fwidbmgr.conf.
2018-05-23 05:08:44,012 null [INFO] (../src/fwidbmgr.cpp:5393) Configuration parsing: OK.
2018-05-23 05:08:44,032 null [INFO] (../src/fwidbmgr.cpp:5478) Connected to database
2018-05-23 05:08:44,032 null [INFO] (../src/fwidbmgr.cpp:5480) Manage data for date: 20180522.
2018-05-23 05:08:44,032 null [INFO] (../src/fwidbmgr.cpp:5656) Computing indexes.
2018-05-23 05:08:44,046 null [INFO] (/home/meteo/dev/redist/fwidbmgr/include/Grid.h:1595) Configuring grid: isi
2018-05-23 05:08:44,046 null [INFO] (/home/meteo/dev/redist/fwidbmgr/include/Grid.h:1695) Grid isi configured.
2018-05-23 05:08:44,047 null [INFO] (/home/meteo/dev/redist/fwidbmgr/include/Grid.h:1595) Configuring grid: fwi
2018-05-23 05:08:44,047 null [INFO] (/home/meteo/dev/redist/fwidbmgr/include/Grid.h:1695) Grid fwi configured.
2018-05-23 05:08:44,048 null [INFO] (/home/meteo/dev/redist/fwidbmgr/include/Grid.h:1595) Configuring grid: ffmc
2018-05-23 05:08:44,052 null [INFO] (/home/meteo/dev/redist/fwidbmgr/include/Grid.h:1695) Grid ffmc configured.
2018-05-23 05:08:44,054 null [INFO] (/home/meteo/dev/redist/fwidbmgr/include/Grid.h:1595) Configuring grid: dmc
2018-05-23 05:08:44,054 null [INFO] (/home/meteo/dev/redist/fwidbmgr/include/Grid.h:1695) Grid dmc configured.
2018-05-23 05:08:44,055 null [INFO] (/home/meteo/dev/redist/fwidbmgr/include/Grid.h:1595) Configuring grid: dc
2018-05-23 05:08:44,055 null [INFO] (/home/meteo/dev/redist/fwidbmgr/include/Grid.h:1695) Grid dc configured.
2018-05-23 05:08:44,056 null [INFO] (/home/meteo/dev/redist/fwidbmgr/include/Grid.h:1595) Configuring grid: bui
2018-05-23 05:08:44,056 null [INFO] (/home/meteo/dev/redist/fwidbmgr/include/Grid.h:1695) Grid bui configured.
2018-05-23 05:08:44,058 null [INFO] (/home/meteo/dev/redist/fwidbmgr/include/Grid.h:1595) Configuring grid: ffmc_tmp
2018-05-23 05:08:44,058 null [INFO] (/home/meteo/dev/redist/fwidbmgr/include/Grid.h:1695) Grid ffmc_tmp configured.
2018-05-23 05:08:44,059 null [INFO] (/home/meteo/dev/redist/fwidbmgr/include/Grid.h:1595) Configuring grid: dmc_tmp
2018-05-23 05:08:44,059 null [INFO] (/home/meteo/dev/redist/fwidbmgr/include/Grid.h:1695) Grid dmc_tmp configured.
2018-05-23 05:08:44,060 null [INFO] (/home/meteo/dev/redist/fwidbmgr/include/Grid.h:1595) Configuring grid: dc_tmp
2018-05-23 05:08:44,060 null [INFO] (/home/meteo/dev/redist/fwidbmgr/include/Grid.h:1695) Grid dc_tmp configured.
2018-05-23 05:08:44,061 null [INFO] (/home/meteo/dev/redist/fwidbmgr/include/Grid.h:1595) Configuring grid: idi
2018-05-23 05:08:44,062 null [INFO] (/home/meteo/dev/redist/fwidbmgr/include/Grid.h:1695) Grid idi configured.
2018-05-23 05:08:44,063 null [INFO] (/home/meteo/dev/redist/fwidbmgr/include/Grid.h:1595) Configuring grid: angstrom
2018-05-23 05:08:44,063 null [INFO] (/home/meteo/dev/redist/fwidbmgr/include/Grid.h:1695) Grid angstrom configured.
2018-05-23 05:08:44,064 null [INFO] (/home/meteo/dev/redist/fwidbmgr/include/Grid.h:1595) Configuring grid: fmi
2018-05-23 05:08:44,064 null [INFO] (/home/meteo/dev/redist/fwidbmgr/include/Grid.h:1695) Grid fmi configured.
2018-05-23 05:08:44,065 null [INFO] (/home/meteo/dev/redist/fwidbmgr/include/Grid.h:1595) Configuring grid: sharples
2018-05-23 05:08:44,065 null [INFO] (/home/meteo/dev/redist/fwidbmgr/include/Grid.h:1695) Grid sharples configured.
2018-05-23 05:08:46,809 null [INFO] (/home/meteo/dev/redist/fwidbmgr/include/Grid.h:1595) Configuring grid: snow
2018-05-23 05:08:46,809 null [INFO] (/home/meteo/dev/redist/fwidbmgr/include/Grid.h:1695) Grid snow configured.
2018-05-23 05:08:46,809 null [INFO] (/home/meteo/dev/redist/fwidbmgr/include/Grid.h:1595) Configuring grid: snow_covering
2018-05-23 05:08:46,809 null [INFO] (/home/meteo/dev/redist/fwidbmgr/include/Grid.h:1695) Grid snow_covering configured.
2018-05-23 05:08:46,809 null [INFO] (/home/meteo/dev/redist/fwidbmgr/include/Grid.h:1595) Configuring grid: snow_dissolution
2018-05-23 05:08:46,809 null [INFO] (/home/meteo/dev/redist/fwidbmgr/include/Grid.h:1695) Grid snow_dissolution configured.
2018-05-23 05:08:46,809 null [INFO] (/home/meteo/dev/redist/fwidbmgr/include/Grid.h:1595) Configuring grid: temperature
2018-05-23 05:08:46,809 null [INFO] (/home/meteo/dev/redist/fwidbmgr/include/Grid.h:1695) Grid temperature configured.
2018-05-23 05:08:46,809 null [INFO] (/home/meteo/dev/redist/fwidbmgr/include/Grid.h:1595) Configuring grid: humidity
2018-05-23 05:08:46,809 null [INFO] (/home/meteo/dev/redist/fwidbmgr/include/Grid.h:1695) Grid humidity configured.
2018-05-23 05:08:46,809 null [INFO] (/home/meteo/dev/redist/fwidbmgr/include/Grid.h:1595) Configuring grid: windspeed
2018-05-23 05:08:46,810 null [INFO] (/home/meteo/dev/redist/fwidbmgr/include/Grid.h:1695) Grid windspeed configured.
2018-05-23 05:08:46,810 null [INFO] (/home/meteo/dev/redist/fwidbmgr/include/Grid.h:1595) Configuring grid: rain
2018-05-23 05:08:46,810 null [INFO] (/home/meteo/dev/redist/fwidbmgr/include/Grid.h:1695) Grid rain configured.
2018-05-23 05:08:46,810 null [INFO] (/home/meteo/dev/redist/fwidbmgr/include/Grid.h:1595) Configuring grid: cum_rain
2018-05-23 05:08:46,810 null [INFO] (/home/meteo/dev/redist/fwidbmgr/include/Grid.h:1695) Grid cum_rain configured.
2018-05-23 05:10:48,980 null [INFO] (../src/fwidbmgr.cpp:5660) OK --> 20180522 indexes computed.
2018-05-23 05:10:48,980 null [INFO] (../src/fwidbmgr.cpp:5695) action computeidx took about 124 seconds.
2018-05-23 05:10:48,980 null [INFO] (../src/fwidbmgr.cpp:5699) Disconnected from database.
2018-05-23 05:10:49,171 null [INFO] (../src/fwidbmgr.cpp:5361) fwi db manager
2018-05-23 05:10:49,171 null [INFO] (../src/fwidbmgr.cpp:5365) Program home: /home/meteo/dev/redist/fwidbmgr
2018-05-23 05:10:49,171 null [INFO] (../src/fwidbmgr.cpp:5369) Auto convert: 1
2018-05-23 05:10:49,171 null [INFO] (../src/fwidbmgr.cpp:446) action: exportidx.
2018-05-23 05:10:49,171 null [INFO] (../src/fwidbmgr.cpp:470) date: 20180522.
2018-05-23 05:10:49,171 null [INFO] (../src/fwidbmgr.cpp:322) Try to read: /home/meteo/dev/redist/fwidbmgr/config/fwidbmgr.conf.
2018-05-23 05:10:49,177 null [INFO] (../src/fwidbmgr.cpp:5393) Configuration parsing: OK.
2018-05-23 05:10:49,187 null [INFO] (../src/fwidbmgr.cpp:5478) Connected to database
2018-05-23 05:10:49,187 null [INFO] (../src/fwidbmgr.cpp:5480) Manage data for date: 20180522.
2018-05-23 05:10:49,187 null [INFO] (../src/fwidbmgr.cpp:5596) Exporting indexes.
2018-05-23 05:10:49,207 null [INFO] (/home/meteo/dev/redist/fwidbmgr/include/Grid.h:1595) Configuring grid: isi
2018-05-23 05:10:49,207 null [INFO] (/home/meteo/dev/redist/fwidbmgr/include/Grid.h:1695) Grid isi configured.
2018-05-23 05:10:49,208 null [INFO] (/home/meteo/dev/redist/fwidbmgr/include/Grid.h:1595) Configuring grid: fwi
2018-05-23 05:10:49,208 null [INFO] (/home/meteo/dev/redist/fwidbmgr/include/Grid.h:1695) Grid fwi configured.
2018-05-23 05:10:49,209 null [INFO] (/home/meteo/dev/redist/fwidbmgr/include/Grid.h:1595) Configuring grid: ffmc
2018-05-23 05:10:49,209 null [INFO] (/home/meteo/dev/redist/fwidbmgr/include/Grid.h:1695) Grid ffmc configured.
2018-05-23 05:10:49,211 null [INFO] (/home/meteo/dev/redist/fwidbmgr/include/Grid.h:1595) Configuring grid: dmc
2018-05-23 05:10:49,211 null [INFO] (/home/meteo/dev/redist/fwidbmgr/include/Grid.h:1695) Grid dmc configured.
2018-05-23 05:10:49,212 null [INFO] (/home/meteo/dev/redist/fwidbmgr/include/Grid.h:1595) Configuring grid: dc
2018-05-23 05:10:49,212 null [INFO] (/home/meteo/dev/redist/fwidbmgr/include/Grid.h:1695) Grid dc configured.
2018-05-23 05:10:49,213 null [INFO] (/home/meteo/dev/redist/fwidbmgr/include/Grid.h:1595) Configuring grid: bui
2018-05-23 05:10:49,213 null [INFO] (/home/meteo/dev/redist/fwidbmgr/include/Grid.h:1695) Grid bui configured.
2018-05-23 05:10:49,215 null [INFO] (/home/meteo/dev/redist/fwidbmgr/include/Grid.h:1595) Configuring grid: ffmc_tmp
2018-05-23 05:10:49,215 null [INFO] (/home/meteo/dev/redist/fwidbmgr/include/Grid.h:1695) Grid ffmc_tmp configured.
2018-05-23 05:10:49,216 null [INFO] (/home/meteo/dev/redist/fwidbmgr/include/Grid.h:1595) Configuring grid: dmc_tmp
2018-05-23 05:10:49,216 null [INFO] (/home/meteo/dev/redist/fwidbmgr/include/Grid.h:1695) Grid dmc_tmp configured.
2018-05-23 05:10:49,217 null [INFO] (/home/meteo/dev/redist/fwidbmgr/include/Grid.h:1595) Configuring grid: dc_tmp
2018-05-23 05:10:49,217 null [INFO] (/home/meteo/dev/redist/fwidbmgr/include/Grid.h:1695) Grid dc_tmp configured.
2018-05-23 05:10:49,218 null [INFO] (/home/meteo/dev/redist/fwidbmgr/include/Grid.h:1595) Configuring grid: idi
2018-05-23 05:10:49,219 null [INFO] (/home/meteo/dev/redist/fwidbmgr/include/Grid.h:1695) Grid idi configured.
2018-05-23 05:10:49,220 null [INFO] (/home/meteo/dev/redist/fwidbmgr/include/Grid.h:1595) Configuring grid: angstrom
2018-05-23 05:10:49,220 null [INFO] (/home/meteo/dev/redist/fwidbmgr/include/Grid.h:1695) Grid angstrom configured.
2018-05-23 05:10:49,221 null [INFO] (/home/meteo/dev/redist/fwidbmgr/include/Grid.h:1595) Configuring grid: fmi
2018-05-23 05:10:49,221 null [INFO] (/home/meteo/dev/redist/fwidbmgr/include/Grid.h:1695) Grid fmi configured.
2018-05-23 05:10:49,222 null [INFO] (/home/meteo/dev/redist/fwidbmgr/include/Grid.h:1595) Configuring grid: sharples
2018-05-23 05:10:49,223 null [INFO] (/home/meteo/dev/redist/fwidbmgr/include/Grid.h:1695) Grid sharples configured.
2018-05-23 05:10:51,612 null [INFO] (/home/meteo/dev/redist/fwidbmgr/include/Grid.h:1595) Configuring grid: isi
2018-05-23 05:10:51,613 null [INFO] (/home/meteo/dev/redist/fwidbmgr/include/Grid.h:1695) Grid isi configured.
2018-05-23 05:10:51,668 null [INFO] (/home/meteo/dev/redist/fwidbmgr/include/Grid.h:1595) Configuring grid: fwi
2018-05-23 05:10:51,668 null [INFO] (/home/meteo/dev/redist/fwidbmgr/include/Grid.h:1695) Grid fwi configured.
2018-05-23 05:10:51,717 null [INFO] (/home/meteo/dev/redist/fwidbmgr/include/Grid.h:1595) Configuring grid: ffmc
2018-05-23 05:10:51,717 null [INFO] (/home/meteo/dev/redist/fwidbmgr/include/Grid.h:1695) Grid ffmc configured.
2018-05-23 05:10:51,761 null [INFO] (/home/meteo/dev/redist/fwidbmgr/include/Grid.h:1595) Configuring grid: dmc
2018-05-23 05:10:51,762 null [INFO] (/home/meteo/dev/redist/fwidbmgr/include/Grid.h:1695) Grid dmc configured.
2018-05-23 05:10:51,800 null [INFO] (/home/meteo/dev/redist/fwidbmgr/include/Grid.h:1595) Configuring grid: dc
2018-05-23 05:10:51,800 null [INFO] (/home/meteo/dev/redist/fwidbmgr/include/Grid.h:1695) Grid dc configured.
2018-05-23 05:10:51,841 null [INFO] (/home/meteo/dev/redist/fwidbmgr/include/Grid.h:1595) Configuring grid: bui
2018-05-23 05:10:51,841 null [INFO] (/home/meteo/dev/redist/fwidbmgr/include/Grid.h:1695) Grid bui configured.
2018-05-23 05:10:51,879 null [INFO] (/home/meteo/dev/redist/fwidbmgr/include/Grid.h:1595) Configuring grid: ffmc_tmp
2018-05-23 05:10:51,879 null [INFO] (/home/meteo/dev/redist/fwidbmgr/include/Grid.h:1695) Grid ffmc_tmp configured.
2018-05-23 05:10:51,915 null [INFO] (/home/meteo/dev/redist/fwidbmgr/include/Grid.h:1595) Configuring grid: dmc_tmp
2018-05-23 05:10:51,915 null [INFO] (/home/meteo/dev/redist/fwidbmgr/include/Grid.h:1695) Grid dmc_tmp configured.
2018-05-23 05:10:51,950 null [INFO] (/home/meteo/dev/redist/fwidbmgr/include/Grid.h:1595) Configuring grid: dc_tmp
2018-05-23 05:10:51,950 null [INFO] (/home/meteo/dev/redist/fwidbmgr/include/Grid.h:1695) Grid dc_tmp configured.
2018-05-23 05:10:51,986 null [INFO] (/home/meteo/dev/redist/fwidbmgr/include/Grid.h:1595) Configuring grid: angstrom
2018-05-23 05:10:51,986 null [INFO] (/home/meteo/dev/redist/fwidbmgr/include/Grid.h:1695) Grid angstrom configured.
2018-05-23 05:10:52,064 null [INFO] (/home/meteo/dev/redist/fwidbmgr/include/Grid.h:1595) Configuring grid: sharples
2018-05-23 05:10:52,064 null [INFO] (/home/meteo/dev/redist/fwidbmgr/include/Grid.h:1695) Grid sharples configured.
2018-05-23 05:10:52,103 null [INFO] (/home/meteo/dev/redist/fwidbmgr/include/Grid.h:1595) Configuring grid: fmi
2018-05-23 05:10:52,103 null [INFO] (/home/meteo/dev/redist/fwidbmgr/include/Grid.h:1695) Grid fmi configured.
2018-05-23 05:10:52,148 null [INFO] (../src/fwidbmgr.cpp:5600) OK --> 20180522 indexes exported to files.
2018-05-23 05:10:52,148 null [INFO] (../src/fwidbmgr.cpp:5695) action exportidx took about 3 seconds.
2018-05-23 05:10:52,148 null [INFO] (../src/fwidbmgr.cpp:5699) Disconnected from database.
2018-05-23 05:11:19,475 null [INFO] (../src/fwidbmgr.cpp:5361) fwi db manager
2018-05-23 05:11:19,475 null [INFO] (../src/fwidbmgr.cpp:5365) Program home: /home/meteo/dev/redist/fwidbmgr
2018-05-23 05:11:19,475 null [INFO] (../src/fwidbmgr.cpp:5369) Auto convert: 1
2018-05-23 05:11:19,475 null [INFO] (../src/fwidbmgr.cpp:446) action: outimg.
2018-05-23 05:11:19,475 null [INFO] (../src/fwidbmgr.cpp:470) date: 20180522.
2018-05-23 05:11:19,475 null [INFO] (../src/fwidbmgr.cpp:322) Try to read: /home/meteo/dev/redist/fwidbmgr/config/fwidbmgr.conf.
2018-05-23 05:11:19,477 null [INFO] (../src/fwidbmgr.cpp:5393) Configuration parsing: OK.
2018-05-23 05:11:19,481 null [INFO] (../src/fwidbmgr.cpp:5478) Connected to database
2018-05-23 05:11:19,481 null [INFO] (../src/fwidbmgr.cpp:5480) Manage data for date: 20180522.
2018-05-23 05:11:19,481 null [INFO] (../src/fwidbmgr.cpp:5566) Importing fwi indexes images in database.
2018-05-23 05:11:19,605 null [INFO] (../src/fwidbmgr.cpp:5570) OK --> 20180522 images imported.
2018-05-23 05:11:19,605 null [INFO] (../src/fwidbmgr.cpp:5695) action outimg took about 0 seconds.
2018-05-23 05:11:19,605 null [INFO] (../src/fwidbmgr.cpp:5699) Disconnected from database.
2018-05-23 05:37:01,362 null [INFO] (../src/fwidbmgr.cpp:5361) fwi db manager
2018-05-23 05:37:01,363 null [INFO] (../src/fwidbmgr.cpp:5365) Program home: /home/meteo/dev/redist/fwidbmgr
2018-05-23 05:37:01,363 null [INFO] (../src/fwidbmgr.cpp:5369) Auto convert: 1
2018-05-23 05:37:01,363 null [INFO] (../src/fwidbmgr.cpp:446) action: outimg.
2018-05-23 05:37:01,363 null [INFO] (../src/fwidbmgr.cpp:470) date: 20180522.
2018-05-23 05:37:01,363 null [INFO] (../src/fwidbmgr.cpp:322) Try to read: /home/meteo/dev/redist/fwidbmgr/config/fwidbmgr.conf.
2018-05-23 05:37:01,365 null [INFO] (../src/fwidbmgr.cpp:5393) Configuration parsing: OK.
2018-05-23 05:37:01,371 null [INFO] (../src/fwidbmgr.cpp:5478) Connected to database
2018-05-23 05:37:01,371 null [INFO] (../src/fwidbmgr.cpp:5480) Manage data for date: 20180522.
2018-05-23 05:37:01,371 null [INFO] (../src/fwidbmgr.cpp:5566) Importing fwi indexes images in database.
2018-05-23 05:37:01,485 null [INFO] (../src/fwidbmgr.cpp:5570) OK --> 20180522 images imported.
2018-05-23 05:37:01,485 null [INFO] (../src/fwidbmgr.cpp:5695) action outimg took about 0 seconds.
2018-05-23 05:37:01,485 null [INFO] (../src/fwidbmgr.cpp:5699) Disconnected from database.
2018-05-23 06:05:01,791 null [INFO] (../src/fwidbmgr.cpp:5361) fwi db manager
2018-05-23 06:05:01,791 null [INFO] (../src/fwidbmgr.cpp:5365) Program home: /home/meteo/dev/redist/fwidbmgr
2018-05-23 06:05:01,791 null [INFO] (../src/fwidbmgr.cpp:5369) Auto convert: 1
2018-05-23 06:05:01,791 null [INFO] (../src/fwidbmgr.cpp:446) action: outimg.
2018-05-23 06:05:01,791 null [INFO] (../src/fwidbmgr.cpp:470) date: 20180522.
2018-05-23 06:05:01,791 null [INFO] (../src/fwidbmgr.cpp:322) Try to read: /home/meteo/dev/redist/fwidbmgr/config/fwidbmgr.conf.
2018-05-23 06:05:01,793 null [INFO] (../src/fwidbmgr.cpp:5393) Configuration parsing: OK.
2018-05-23 06:05:01,799 null [INFO] (../src/fwidbmgr.cpp:5478) Connected to database
2018-05-23 06:05:01,799 null [INFO] (../src/fwidbmgr.cpp:5480) Manage data for date: 20180522.
2018-05-23 06:05:01,799 null [INFO] (../src/fwidbmgr.cpp:5566) Importing fwi indexes images in database.
2018-05-23 06:05:01,873 null [INFO] (../src/fwidbmgr.cpp:5570) OK --> 20180522 images imported.
2018-05-23 06:05:01,873 null [INFO] (../src/fwidbmgr.cpp:5695) action outimg took about 0 seconds.
2018-05-23 06:05:01,873 null [INFO] (../src/fwidbmgr.cpp:5699) Disconnected from database.
2018-05-23 06:37:01,863 null [INFO] (../src/fwidbmgr.cpp:5361) fwi db manager
2018-05-23 06:37:01,863 null [INFO] (../src/fwidbmgr.cpp:5365) Program home: /home/meteo/dev/redist/fwidbmgr
2018-05-23 06:37:01,863 null [INFO] (../src/fwidbmgr.cpp:5369) Auto convert: 1
2018-05-23 06:37:01,863 null [INFO] (../src/fwidbmgr.cpp:446) action: outimg.
2018-05-23 06:37:01,863 null [INFO] (../src/fwidbmgr.cpp:470) date: 20180522.
2018-05-23 06:37:01,863 null [INFO] (../src/fwidbmgr.cpp:322) Try to read: /home/meteo/dev/redist/fwidbmgr/config/fwidbmgr.conf.
2018-05-23 06:37:01,865 null [INFO] (../src/fwidbmgr.cpp:5393) Configuration parsing: OK.
2018-05-23 06:37:01,870 null [INFO] (../src/fwidbmgr.cpp:5478) Connected to database
2018-05-23 06:37:01,870 null [INFO] (../src/fwidbmgr.cpp:5480) Manage data for date: 20180522.
2018-05-23 06:37:01,871 null [INFO] (../src/fwidbmgr.cpp:5566) Importing fwi indexes images in database.
2018-05-23 06:37:01,947 null [INFO] (../src/fwidbmgr.cpp:5570) OK --> 20180522 images imported.
2018-05-23 06:37:01,947 null [INFO] (../src/fwidbmgr.cpp:5695) action outimg took about 0 seconds.
2018-05-23 06:37:01,947 null [INFO] (../src/fwidbmgr.cpp:5699) Disconnected from database.
2018-05-23 07:05:01,718 null [INFO] (../src/fwidbmgr.cpp:5361) fwi db manager
2018-05-23 07:05:01,719 null [INFO] (../src/fwidbmgr.cpp:5365) Program home: /home/meteo/dev/redist/fwidbmgr
2018-05-23 07:05:01,719 null [INFO] (../src/fwidbmgr.cpp:5369) Auto convert: 1
2018-05-23 07:05:01,719 null [INFO] (../src/fwidbmgr.cpp:446) action: outimg.
2018-05-23 07:05:01,719 null [INFO] (../src/fwidbmgr.cpp:470) date: 20180522.
2018-05-23 07:05:01,719 null [INFO] (../src/fwidbmgr.cpp:322) Try to read: /home/meteo/dev/redist/fwidbmgr/config/fwidbmgr.conf.
2018-05-23 07:05:01,726 null [INFO] (../src/fwidbmgr.cpp:5393) Configuration parsing: OK.
2018-05-23 07:05:01,732 null [INFO] (../src/fwidbmgr.cpp:5478) Connected to database
2018-05-23 07:05:01,732 null [INFO] (../src/fwidbmgr.cpp:5480) Manage data for date: 20180522.
2018-05-23 07:05:01,732 null [INFO] (../src/fwidbmgr.cpp:5566) Importing fwi indexes images in database.
2018-05-23 07:05:01,808 null [INFO] (../src/fwidbmgr.cpp:5570) OK --> 20180522 images imported.
2018-05-23 07:05:01,808 null [INFO] (../src/fwidbmgr.cpp:5695) action outimg took about 0 seconds.
2018-05-23 07:05:01,809 null [INFO] (../src/fwidbmgr.cpp:5699) Disconnected from database.
2018-05-23 07:37:02,029 null [INFO] (../src/fwidbmgr.cpp:5361) fwi db manager
2018-05-23 07:37:02,030 null [INFO] (../src/fwidbmgr.cpp:5365) Program home: /home/meteo/dev/redist/fwidbmgr
2018-05-23 07:37:02,030 null [INFO] (../src/fwidbmgr.cpp:5369) Auto convert: 1
2018-05-23 07:37:02,030 null [INFO] (../src/fwidbmgr.cpp:446) action: outimg.
2018-05-23 07:37:02,030 null [INFO] (../src/fwidbmgr.cpp:470) date: 20180522.
2018-05-23 07:37:02,030 null [INFO] (../src/fwidbmgr.cpp:322) Try to read: /home/meteo/dev/redist/fwidbmgr/config/fwidbmgr.conf.
2018-05-23 07:37:02,035 null [INFO] (../src/fwidbmgr.cpp:5393) Configuration parsing: OK.
2018-05-23 07:37:02,064 null [INFO] (../src/fwidbmgr.cpp:5478) Connected to database
2018-05-23 07:37:02,064 null [INFO] (../src/fwidbmgr.cpp:5480) Manage data for date: 20180522.
2018-05-23 07:37:02,064 null [INFO] (../src/fwidbmgr.cpp:5566) Importing fwi indexes images in database.
2018-05-23 07:37:02,177 null [INFO] (../src/fwidbmgr.cpp:5570) OK --> 20180522 images imported.
2018-05-23 07:37:02,177 null [INFO] (../src/fwidbmgr.cpp:5695) action outimg took about 0 seconds.
2018-05-23 07:37:02,177 null [INFO] (../src/fwidbmgr.cpp:5699) Disconnected from database.
