2019-03-29 05:05:50,354 null [INFO] (../src/fwidbmgr.cpp:5361) fwi db manager
2019-03-29 05:05:50,354 null [INFO] (../src/fwidbmgr.cpp:5365) Program home: /home/meteo/dev/redist/fwidbmgr
2019-03-29 05:05:50,354 null [INFO] (../src/fwidbmgr.cpp:5369) Auto convert: 1
2019-03-29 05:05:50,354 null [INFO] (../src/fwidbmgr.cpp:446) action: in.
2019-03-29 05:05:50,354 null [INFO] (../src/fwidbmgr.cpp:470) date: 20190328.
2019-03-29 05:05:50,354 null [INFO] (../src/fwidbmgr.cpp:322) Try to read: /home/meteo/dev/redist/fwidbmgr/config/fwidbmgr.conf.
2019-03-29 05:05:50,358 null [INFO] (../src/fwidbmgr.cpp:5393) Configuration parsing: OK.
2019-03-29 05:05:50,362 null [INFO] (../src/fwidbmgr.cpp:5478) Connected to database
2019-03-29 05:05:50,363 null [INFO] (../src/fwidbmgr.cpp:5480) Manage data for date: 20190328.
2019-03-29 05:05:50,363 null [INFO] (../src/fwidbmgr.cpp:5536) Importing meteo data in database for day: 20190328.
2019-03-29 05:05:50,367 null [INFO] (/home/meteo/dev/redist/fwidbmgr/include/Grid.h:1595) Configuring grid: snow
2019-03-29 05:05:50,367 null [INFO] (/home/meteo/dev/redist/fwidbmgr/include/Grid.h:1695) Grid snow configured.
2019-03-29 05:05:50,378 null [INFO] (/home/meteo/dev/redist/fwidbmgr/include/Grid.h:1595) Configuring grid: snow_covering
2019-03-29 05:05:50,378 null [INFO] (/home/meteo/dev/redist/fwidbmgr/include/Grid.h:1695) Grid snow_covering configured.
2019-03-29 05:05:50,386 null [INFO] (/home/meteo/dev/redist/fwidbmgr/include/Grid.h:1595) Configuring grid: snow_dissolution
2019-03-29 05:05:50,386 null [INFO] (/home/meteo/dev/redist/fwidbmgr/include/Grid.h:1695) Grid snow_dissolution configured.
2019-03-29 05:05:50,399 null [INFO] (/home/meteo/dev/redist/fwidbmgr/include/Grid.h:1595) Configuring grid: temperature
2019-03-29 05:05:50,399 null [INFO] (/home/meteo/dev/redist/fwidbmgr/include/Grid.h:1695) Grid temperature configured.
2019-03-29 05:05:50,402 null [INFO] (/home/meteo/dev/redist/fwidbmgr/include/Grid.h:1595) Configuring grid: humidity
2019-03-29 05:05:50,402 null [INFO] (/home/meteo/dev/redist/fwidbmgr/include/Grid.h:1695) Grid humidity configured.
2019-03-29 05:05:50,408 null [INFO] (/home/meteo/dev/redist/fwidbmgr/include/Grid.h:1595) Configuring grid: windspeed
2019-03-29 05:05:50,409 null [INFO] (/home/meteo/dev/redist/fwidbmgr/include/Grid.h:1695) Grid windspeed configured.
2019-03-29 05:05:50,422 null [INFO] (/home/meteo/dev/redist/fwidbmgr/include/Grid.h:1595) Configuring grid: rain
2019-03-29 05:05:50,423 null [INFO] (/home/meteo/dev/redist/fwidbmgr/include/Grid.h:1695) Grid rain configured.
2019-03-29 05:05:50,425 null [INFO] (/home/meteo/dev/redist/fwidbmgr/include/Grid.h:1595) Configuring grid: cum_rain
2019-03-29 05:05:50,425 null [INFO] (/home/meteo/dev/redist/fwidbmgr/include/Grid.h:1695) Grid cum_rain configured.
2019-03-29 05:05:50,583 null [INFO] (../src/fwidbmgr.cpp:1518) Storing meteo input ...
2019-03-29 05:05:56,450 null [INFO] (../src/fwidbmgr.cpp:5540) OK --> 20190328 data imported.
2019-03-29 05:05:56,465 null [INFO] (../src/fwidbmgr.cpp:5695) action in took about 6 seconds.
2019-03-29 05:05:56,491 null [INFO] (../src/fwidbmgr.cpp:5699) Disconnected from database.
2019-03-29 05:06:35,854 null [INFO] (../src/fwidbmgr.cpp:5361) fwi db manager
2019-03-29 05:06:35,854 null [INFO] (../src/fwidbmgr.cpp:5365) Program home: /home/meteo/dev/redist/fwidbmgr
2019-03-29 05:06:35,854 null [INFO] (../src/fwidbmgr.cpp:5369) Auto convert: 1
2019-03-29 05:06:35,854 null [INFO] (../src/fwidbmgr.cpp:446) action: out.
2019-03-29 05:06:35,854 null [INFO] (../src/fwidbmgr.cpp:470) date: 20190328.
2019-03-29 05:06:35,854 null [INFO] (../src/fwidbmgr.cpp:322) Try to read: /home/meteo/dev/redist/fwidbmgr/config/fwidbmgr.conf.
2019-03-29 05:06:35,856 null [INFO] (../src/fwidbmgr.cpp:5393) Configuration parsing: OK.
2019-03-29 05:06:35,867 null [INFO] (../src/fwidbmgr.cpp:5478) Connected to database
2019-03-29 05:06:35,867 null [INFO] (../src/fwidbmgr.cpp:5480) Manage data for date: 20190328.
2019-03-29 05:06:35,867 null [INFO] (../src/fwidbmgr.cpp:5551) Importing fwi indexes data in database for day: 20190328.
2019-03-29 05:06:35,877 null [INFO] (/home/meteo/dev/redist/fwidbmgr/include/Grid.h:1595) Configuring grid: isi
2019-03-29 05:06:35,878 null [INFO] (/home/meteo/dev/redist/fwidbmgr/include/Grid.h:1695) Grid isi configured.
2019-03-29 05:06:35,890 null [INFO] (/home/meteo/dev/redist/fwidbmgr/include/Grid.h:1595) Configuring grid: fwi
2019-03-29 05:06:35,890 null [INFO] (/home/meteo/dev/redist/fwidbmgr/include/Grid.h:1695) Grid fwi configured.
2019-03-29 05:06:35,898 null [INFO] (/home/meteo/dev/redist/fwidbmgr/include/Grid.h:1595) Configuring grid: ffmc
2019-03-29 05:06:35,898 null [INFO] (/home/meteo/dev/redist/fwidbmgr/include/Grid.h:1695) Grid ffmc configured.
2019-03-29 05:06:35,905 null [INFO] (/home/meteo/dev/redist/fwidbmgr/include/Grid.h:1595) Configuring grid: dmc
2019-03-29 05:06:35,905 null [INFO] (/home/meteo/dev/redist/fwidbmgr/include/Grid.h:1695) Grid dmc configured.
2019-03-29 05:06:35,912 null [INFO] (/home/meteo/dev/redist/fwidbmgr/include/Grid.h:1595) Configuring grid: dc
2019-03-29 05:06:35,912 null [INFO] (/home/meteo/dev/redist/fwidbmgr/include/Grid.h:1695) Grid dc configured.
2019-03-29 05:06:35,920 null [INFO] (/home/meteo/dev/redist/fwidbmgr/include/Grid.h:1595) Configuring grid: bui
2019-03-29 05:06:35,920 null [INFO] (/home/meteo/dev/redist/fwidbmgr/include/Grid.h:1695) Grid bui configured.
2019-03-29 05:06:35,927 null [INFO] (/home/meteo/dev/redist/fwidbmgr/include/Grid.h:1595) Configuring grid: ffmc_tmp
2019-03-29 05:06:35,927 null [INFO] (/home/meteo/dev/redist/fwidbmgr/include/Grid.h:1695) Grid ffmc_tmp configured.
2019-03-29 05:06:35,938 null [INFO] (/home/meteo/dev/redist/fwidbmgr/include/Grid.h:1595) Configuring grid: dmc_tmp
2019-03-29 05:06:35,938 null [INFO] (/home/meteo/dev/redist/fwidbmgr/include/Grid.h:1695) Grid dmc_tmp configured.
2019-03-29 05:06:35,949 null [INFO] (/home/meteo/dev/redist/fwidbmgr/include/Grid.h:1595) Configuring grid: dc_tmp
2019-03-29 05:06:35,949 null [INFO] (/home/meteo/dev/redist/fwidbmgr/include/Grid.h:1695) Grid dc_tmp configured.
2019-03-29 05:06:35,961 null [INFO] (/home/meteo/dev/redist/fwidbmgr/include/Grid.h:1595) Configuring grid: idi
2019-03-29 05:06:35,961 null [INFO] (/home/meteo/dev/redist/fwidbmgr/include/Grid.h:1695) Grid idi configured.
2019-03-29 05:06:36,154 null [INFO] (../src/fwidbmgr.cpp:2081) Storing FWI indexes ...
2019-03-29 05:06:39,561 null [INFO] (../src/fwidbmgr.cpp:5555) OK --> 20190328 data imported.
2019-03-29 05:06:39,561 null [INFO] (../src/fwidbmgr.cpp:5695) action out took about 4 seconds.
2019-03-29 05:06:39,562 null [INFO] (../src/fwidbmgr.cpp:5699) Disconnected from database.
2019-03-29 05:06:39,572 null [INFO] (../src/fwidbmgr.cpp:5361) fwi db manager
2019-03-29 05:06:39,572 null [INFO] (../src/fwidbmgr.cpp:5365) Program home: /home/meteo/dev/redist/fwidbmgr
2019-03-29 05:06:39,572 null [INFO] (../src/fwidbmgr.cpp:5369) Auto convert: 1
2019-03-29 05:06:39,572 null [INFO] (../src/fwidbmgr.cpp:446) action: computeidx.
2019-03-29 05:06:39,572 null [INFO] (../src/fwidbmgr.cpp:470) date: 20190328.
2019-03-29 05:06:39,572 null [INFO] (../src/fwidbmgr.cpp:322) Try to read: /home/meteo/dev/redist/fwidbmgr/config/fwidbmgr.conf.
2019-03-29 05:06:39,573 null [INFO] (../src/fwidbmgr.cpp:5393) Configuration parsing: OK.
2019-03-29 05:06:39,576 null [INFO] (../src/fwidbmgr.cpp:5478) Connected to database
2019-03-29 05:06:39,576 null [INFO] (../src/fwidbmgr.cpp:5480) Manage data for date: 20190328.
2019-03-29 05:06:39,576 null [INFO] (../src/fwidbmgr.cpp:5656) Computing indexes.
2019-03-29 05:06:39,578 null [INFO] (/home/meteo/dev/redist/fwidbmgr/include/Grid.h:1595) Configuring grid: isi
2019-03-29 05:06:39,578 null [INFO] (/home/meteo/dev/redist/fwidbmgr/include/Grid.h:1695) Grid isi configured.
2019-03-29 05:06:39,580 null [INFO] (/home/meteo/dev/redist/fwidbmgr/include/Grid.h:1595) Configuring grid: fwi
2019-03-29 05:06:39,580 null [INFO] (/home/meteo/dev/redist/fwidbmgr/include/Grid.h:1695) Grid fwi configured.
2019-03-29 05:06:39,581 null [INFO] (/home/meteo/dev/redist/fwidbmgr/include/Grid.h:1595) Configuring grid: ffmc
2019-03-29 05:06:39,581 null [INFO] (/home/meteo/dev/redist/fwidbmgr/include/Grid.h:1695) Grid ffmc configured.
2019-03-29 05:06:39,583 null [INFO] (/home/meteo/dev/redist/fwidbmgr/include/Grid.h:1595) Configuring grid: dmc
2019-03-29 05:06:39,583 null [INFO] (/home/meteo/dev/redist/fwidbmgr/include/Grid.h:1695) Grid dmc configured.
2019-03-29 05:06:39,584 null [INFO] (/home/meteo/dev/redist/fwidbmgr/include/Grid.h:1595) Configuring grid: dc
2019-03-29 05:06:39,584 null [INFO] (/home/meteo/dev/redist/fwidbmgr/include/Grid.h:1695) Grid dc configured.
2019-03-29 05:06:39,585 null [INFO] (/home/meteo/dev/redist/fwidbmgr/include/Grid.h:1595) Configuring grid: bui
2019-03-29 05:06:39,585 null [INFO] (/home/meteo/dev/redist/fwidbmgr/include/Grid.h:1695) Grid bui configured.
2019-03-29 05:06:39,586 null [INFO] (/home/meteo/dev/redist/fwidbmgr/include/Grid.h:1595) Configuring grid: ffmc_tmp
2019-03-29 05:06:39,586 null [INFO] (/home/meteo/dev/redist/fwidbmgr/include/Grid.h:1695) Grid ffmc_tmp configured.
2019-03-29 05:06:39,587 null [INFO] (/home/meteo/dev/redist/fwidbmgr/include/Grid.h:1595) Configuring grid: dmc_tmp
2019-03-29 05:06:39,587 null [INFO] (/home/meteo/dev/redist/fwidbmgr/include/Grid.h:1695) Grid dmc_tmp configured.
2019-03-29 05:06:39,588 null [INFO] (/home/meteo/dev/redist/fwidbmgr/include/Grid.h:1595) Configuring grid: dc_tmp
2019-03-29 05:06:39,588 null [INFO] (/home/meteo/dev/redist/fwidbmgr/include/Grid.h:1695) Grid dc_tmp configured.
2019-03-29 05:06:39,588 null [INFO] (/home/meteo/dev/redist/fwidbmgr/include/Grid.h:1595) Configuring grid: idi
2019-03-29 05:06:39,589 null [INFO] (/home/meteo/dev/redist/fwidbmgr/include/Grid.h:1695) Grid idi configured.
2019-03-29 05:06:39,589 null [INFO] (/home/meteo/dev/redist/fwidbmgr/include/Grid.h:1595) Configuring grid: angstrom
2019-03-29 05:06:39,589 null [INFO] (/home/meteo/dev/redist/fwidbmgr/include/Grid.h:1695) Grid angstrom configured.
2019-03-29 05:06:39,590 null [INFO] (/home/meteo/dev/redist/fwidbmgr/include/Grid.h:1595) Configuring grid: fmi
2019-03-29 05:06:39,590 null [INFO] (/home/meteo/dev/redist/fwidbmgr/include/Grid.h:1695) Grid fmi configured.
2019-03-29 05:06:39,591 null [INFO] (/home/meteo/dev/redist/fwidbmgr/include/Grid.h:1595) Configuring grid: sharples
2019-03-29 05:06:39,591 null [INFO] (/home/meteo/dev/redist/fwidbmgr/include/Grid.h:1695) Grid sharples configured.
2019-03-29 05:06:39,965 null [INFO] (/home/meteo/dev/redist/fwidbmgr/include/Grid.h:1595) Configuring grid: snow
2019-03-29 05:06:39,965 null [INFO] (/home/meteo/dev/redist/fwidbmgr/include/Grid.h:1695) Grid snow configured.
2019-03-29 05:06:39,965 null [INFO] (/home/meteo/dev/redist/fwidbmgr/include/Grid.h:1595) Configuring grid: snow_covering
2019-03-29 05:06:39,965 null [INFO] (/home/meteo/dev/redist/fwidbmgr/include/Grid.h:1695) Grid snow_covering configured.
2019-03-29 05:06:39,965 null [INFO] (/home/meteo/dev/redist/fwidbmgr/include/Grid.h:1595) Configuring grid: snow_dissolution
2019-03-29 05:06:39,965 null [INFO] (/home/meteo/dev/redist/fwidbmgr/include/Grid.h:1695) Grid snow_dissolution configured.
2019-03-29 05:06:39,965 null [INFO] (/home/meteo/dev/redist/fwidbmgr/include/Grid.h:1595) Configuring grid: temperature
2019-03-29 05:06:39,965 null [INFO] (/home/meteo/dev/redist/fwidbmgr/include/Grid.h:1695) Grid temperature configured.
2019-03-29 05:06:39,966 null [INFO] (/home/meteo/dev/redist/fwidbmgr/include/Grid.h:1595) Configuring grid: humidity
2019-03-29 05:06:39,966 null [INFO] (/home/meteo/dev/redist/fwidbmgr/include/Grid.h:1695) Grid humidity configured.
2019-03-29 05:06:39,966 null [INFO] (/home/meteo/dev/redist/fwidbmgr/include/Grid.h:1595) Configuring grid: windspeed
2019-03-29 05:06:39,966 null [INFO] (/home/meteo/dev/redist/fwidbmgr/include/Grid.h:1695) Grid windspeed configured.
2019-03-29 05:06:39,966 null [INFO] (/home/meteo/dev/redist/fwidbmgr/include/Grid.h:1595) Configuring grid: rain
2019-03-29 05:06:39,966 null [INFO] (/home/meteo/dev/redist/fwidbmgr/include/Grid.h:1695) Grid rain configured.
2019-03-29 05:06:39,966 null [INFO] (/home/meteo/dev/redist/fwidbmgr/include/Grid.h:1595) Configuring grid: cum_rain
2019-03-29 05:06:39,966 null [INFO] (/home/meteo/dev/redist/fwidbmgr/include/Grid.h:1695) Grid cum_rain configured.
2019-03-29 05:07:34,077 null [INFO] (../src/fwidbmgr.cpp:5660) OK --> 20190328 indexes computed.
2019-03-29 05:07:34,077 null [INFO] (../src/fwidbmgr.cpp:5695) action computeidx took about 55 seconds.
2019-03-29 05:07:34,077 null [INFO] (../src/fwidbmgr.cpp:5699) Disconnected from database.
2019-03-29 05:07:34,090 null [INFO] (../src/fwidbmgr.cpp:5361) fwi db manager
2019-03-29 05:07:34,090 null [INFO] (../src/fwidbmgr.cpp:5365) Program home: /home/meteo/dev/redist/fwidbmgr
2019-03-29 05:07:34,090 null [INFO] (../src/fwidbmgr.cpp:5369) Auto convert: 1
2019-03-29 05:07:34,090 null [INFO] (../src/fwidbmgr.cpp:446) action: exportidx.
2019-03-29 05:07:34,090 null [INFO] (../src/fwidbmgr.cpp:470) date: 20190328.
2019-03-29 05:07:34,090 null [INFO] (../src/fwidbmgr.cpp:322) Try to read: /home/meteo/dev/redist/fwidbmgr/config/fwidbmgr.conf.
2019-03-29 05:07:34,091 null [INFO] (../src/fwidbmgr.cpp:5393) Configuration parsing: OK.
2019-03-29 05:07:34,093 null [INFO] (../src/fwidbmgr.cpp:5478) Connected to database
2019-03-29 05:07:34,093 null [INFO] (../src/fwidbmgr.cpp:5480) Manage data for date: 20190328.
2019-03-29 05:07:34,093 null [INFO] (../src/fwidbmgr.cpp:5596) Exporting indexes.
2019-03-29 05:07:34,094 null [INFO] (/home/meteo/dev/redist/fwidbmgr/include/Grid.h:1595) Configuring grid: isi
2019-03-29 05:07:34,094 null [INFO] (/home/meteo/dev/redist/fwidbmgr/include/Grid.h:1695) Grid isi configured.
2019-03-29 05:07:34,095 null [INFO] (/home/meteo/dev/redist/fwidbmgr/include/Grid.h:1595) Configuring grid: fwi
2019-03-29 05:07:34,095 null [INFO] (/home/meteo/dev/redist/fwidbmgr/include/Grid.h:1695) Grid fwi configured.
2019-03-29 05:07:34,096 null [INFO] (/home/meteo/dev/redist/fwidbmgr/include/Grid.h:1595) Configuring grid: ffmc
2019-03-29 05:07:34,096 null [INFO] (/home/meteo/dev/redist/fwidbmgr/include/Grid.h:1695) Grid ffmc configured.
2019-03-29 05:07:34,097 null [INFO] (/home/meteo/dev/redist/fwidbmgr/include/Grid.h:1595) Configuring grid: dmc
2019-03-29 05:07:34,097 null [INFO] (/home/meteo/dev/redist/fwidbmgr/include/Grid.h:1695) Grid dmc configured.
2019-03-29 05:07:34,099 null [INFO] (/home/meteo/dev/redist/fwidbmgr/include/Grid.h:1595) Configuring grid: dc
2019-03-29 05:07:34,099 null [INFO] (/home/meteo/dev/redist/fwidbmgr/include/Grid.h:1695) Grid dc configured.
2019-03-29 05:07:34,100 null [INFO] (/home/meteo/dev/redist/fwidbmgr/include/Grid.h:1595) Configuring grid: bui
2019-03-29 05:07:34,100 null [INFO] (/home/meteo/dev/redist/fwidbmgr/include/Grid.h:1695) Grid bui configured.
2019-03-29 05:07:34,101 null [INFO] (/home/meteo/dev/redist/fwidbmgr/include/Grid.h:1595) Configuring grid: ffmc_tmp
2019-03-29 05:07:34,101 null [INFO] (/home/meteo/dev/redist/fwidbmgr/include/Grid.h:1695) Grid ffmc_tmp configured.
2019-03-29 05:07:34,102 null [INFO] (/home/meteo/dev/redist/fwidbmgr/include/Grid.h:1595) Configuring grid: dmc_tmp
2019-03-29 05:07:34,102 null [INFO] (/home/meteo/dev/redist/fwidbmgr/include/Grid.h:1695) Grid dmc_tmp configured.
2019-03-29 05:07:34,103 null [INFO] (/home/meteo/dev/redist/fwidbmgr/include/Grid.h:1595) Configuring grid: dc_tmp
2019-03-29 05:07:34,103 null [INFO] (/home/meteo/dev/redist/fwidbmgr/include/Grid.h:1695) Grid dc_tmp configured.
2019-03-29 05:07:34,104 null [INFO] (/home/meteo/dev/redist/fwidbmgr/include/Grid.h:1595) Configuring grid: idi
2019-03-29 05:07:34,104 null [INFO] (/home/meteo/dev/redist/fwidbmgr/include/Grid.h:1695) Grid idi configured.
2019-03-29 05:07:34,105 null [INFO] (/home/meteo/dev/redist/fwidbmgr/include/Grid.h:1595) Configuring grid: angstrom
2019-03-29 05:07:34,105 null [INFO] (/home/meteo/dev/redist/fwidbmgr/include/Grid.h:1695) Grid angstrom configured.
2019-03-29 05:07:34,106 null [INFO] (/home/meteo/dev/redist/fwidbmgr/include/Grid.h:1595) Configuring grid: fmi
2019-03-29 05:07:34,106 null [INFO] (/home/meteo/dev/redist/fwidbmgr/include/Grid.h:1695) Grid fmi configured.
2019-03-29 05:07:34,108 null [INFO] (/home/meteo/dev/redist/fwidbmgr/include/Grid.h:1595) Configuring grid: sharples
2019-03-29 05:07:34,108 null [INFO] (/home/meteo/dev/redist/fwidbmgr/include/Grid.h:1695) Grid sharples configured.
2019-03-29 05:07:34,530 null [INFO] (/home/meteo/dev/redist/fwidbmgr/include/Grid.h:1595) Configuring grid: isi
2019-03-29 05:07:34,530 null [INFO] (/home/meteo/dev/redist/fwidbmgr/include/Grid.h:1695) Grid isi configured.
2019-03-29 05:07:34,550 null [INFO] (/home/meteo/dev/redist/fwidbmgr/include/Grid.h:1595) Configuring grid: fwi
2019-03-29 05:07:34,550 null [INFO] (/home/meteo/dev/redist/fwidbmgr/include/Grid.h:1695) Grid fwi configured.
2019-03-29 05:07:34,570 null [INFO] (/home/meteo/dev/redist/fwidbmgr/include/Grid.h:1595) Configuring grid: ffmc
2019-03-29 05:07:34,570 null [INFO] (/home/meteo/dev/redist/fwidbmgr/include/Grid.h:1695) Grid ffmc configured.
2019-03-29 05:07:34,591 null [INFO] (/home/meteo/dev/redist/fwidbmgr/include/Grid.h:1595) Configuring grid: dmc
2019-03-29 05:07:34,591 null [INFO] (/home/meteo/dev/redist/fwidbmgr/include/Grid.h:1695) Grid dmc configured.
2019-03-29 05:07:34,611 null [INFO] (/home/meteo/dev/redist/fwidbmgr/include/Grid.h:1595) Configuring grid: dc
2019-03-29 05:07:34,611 null [INFO] (/home/meteo/dev/redist/fwidbmgr/include/Grid.h:1695) Grid dc configured.
2019-03-29 05:07:34,632 null [INFO] (/home/meteo/dev/redist/fwidbmgr/include/Grid.h:1595) Configuring grid: bui
2019-03-29 05:07:34,632 null [INFO] (/home/meteo/dev/redist/fwidbmgr/include/Grid.h:1695) Grid bui configured.
2019-03-29 05:07:34,653 null [INFO] (/home/meteo/dev/redist/fwidbmgr/include/Grid.h:1595) Configuring grid: ffmc_tmp
2019-03-29 05:07:34,653 null [INFO] (/home/meteo/dev/redist/fwidbmgr/include/Grid.h:1695) Grid ffmc_tmp configured.
2019-03-29 05:07:34,673 null [INFO] (/home/meteo/dev/redist/fwidbmgr/include/Grid.h:1595) Configuring grid: dmc_tmp
2019-03-29 05:07:34,673 null [INFO] (/home/meteo/dev/redist/fwidbmgr/include/Grid.h:1695) Grid dmc_tmp configured.
2019-03-29 05:07:34,693 null [INFO] (/home/meteo/dev/redist/fwidbmgr/include/Grid.h:1595) Configuring grid: dc_tmp
2019-03-29 05:07:34,693 null [INFO] (/home/meteo/dev/redist/fwidbmgr/include/Grid.h:1695) Grid dc_tmp configured.
2019-03-29 05:07:34,713 null [INFO] (/home/meteo/dev/redist/fwidbmgr/include/Grid.h:1595) Configuring grid: angstrom
2019-03-29 05:07:34,713 null [INFO] (/home/meteo/dev/redist/fwidbmgr/include/Grid.h:1695) Grid angstrom configured.
2019-03-29 05:07:34,737 null [INFO] (/home/meteo/dev/redist/fwidbmgr/include/Grid.h:1595) Configuring grid: sharples
2019-03-29 05:07:34,737 null [INFO] (/home/meteo/dev/redist/fwidbmgr/include/Grid.h:1695) Grid sharples configured.
2019-03-29 05:07:34,758 null [INFO] (/home/meteo/dev/redist/fwidbmgr/include/Grid.h:1595) Configuring grid: fmi
2019-03-29 05:07:34,758 null [INFO] (/home/meteo/dev/redist/fwidbmgr/include/Grid.h:1695) Grid fmi configured.
2019-03-29 05:07:34,781 null [INFO] (../src/fwidbmgr.cpp:5600) OK --> 20190328 indexes exported to files.
2019-03-29 05:07:34,781 null [INFO] (../src/fwidbmgr.cpp:5695) action exportidx took about 0 seconds.
2019-03-29 05:07:34,781 null [INFO] (../src/fwidbmgr.cpp:5699) Disconnected from database.
2019-03-29 05:07:48,755 null [INFO] (../src/fwidbmgr.cpp:5361) fwi db manager
2019-03-29 05:07:48,756 null [INFO] (../src/fwidbmgr.cpp:5365) Program home: /home/meteo/dev/redist/fwidbmgr
2019-03-29 05:07:48,756 null [INFO] (../src/fwidbmgr.cpp:5369) Auto convert: 1
2019-03-29 05:07:48,756 null [INFO] (../src/fwidbmgr.cpp:446) action: outimg.
2019-03-29 05:07:48,756 null [INFO] (../src/fwidbmgr.cpp:470) date: 20190328.
2019-03-29 05:07:48,756 null [INFO] (../src/fwidbmgr.cpp:322) Try to read: /home/meteo/dev/redist/fwidbmgr/config/fwidbmgr.conf.
2019-03-29 05:07:48,757 null [INFO] (../src/fwidbmgr.cpp:5393) Configuration parsing: OK.
2019-03-29 05:07:48,762 null [INFO] (../src/fwidbmgr.cpp:5478) Connected to database
2019-03-29 05:07:48,762 null [INFO] (../src/fwidbmgr.cpp:5480) Manage data for date: 20190328.
2019-03-29 05:07:48,762 null [INFO] (../src/fwidbmgr.cpp:5566) Importing fwi indexes images in database.
2019-03-29 05:07:48,812 null [INFO] (../src/fwidbmgr.cpp:5570) OK --> 20190328 images imported.
2019-03-29 05:07:48,812 null [INFO] (../src/fwidbmgr.cpp:5695) action outimg took about 0 seconds.
2019-03-29 05:07:48,812 null [INFO] (../src/fwidbmgr.cpp:5699) Disconnected from database.
2019-03-29 05:37:01,925 null [INFO] (../src/fwidbmgr.cpp:5361) fwi db manager
2019-03-29 05:37:01,925 null [INFO] (../src/fwidbmgr.cpp:5365) Program home: /home/meteo/dev/redist/fwidbmgr
2019-03-29 05:37:01,925 null [INFO] (../src/fwidbmgr.cpp:5369) Auto convert: 1
2019-03-29 05:37:01,925 null [INFO] (../src/fwidbmgr.cpp:446) action: outimg.
2019-03-29 05:37:01,925 null [INFO] (../src/fwidbmgr.cpp:470) date: 20190328.
2019-03-29 05:37:01,925 null [INFO] (../src/fwidbmgr.cpp:322) Try to read: /home/meteo/dev/redist/fwidbmgr/config/fwidbmgr.conf.
2019-03-29 05:37:01,927 null [INFO] (../src/fwidbmgr.cpp:5393) Configuration parsing: OK.
2019-03-29 05:37:01,933 null [INFO] (../src/fwidbmgr.cpp:5478) Connected to database
2019-03-29 05:37:01,933 null [INFO] (../src/fwidbmgr.cpp:5480) Manage data for date: 20190328.
2019-03-29 05:37:01,933 null [INFO] (../src/fwidbmgr.cpp:5566) Importing fwi indexes images in database.
2019-03-29 05:37:01,995 null [INFO] (../src/fwidbmgr.cpp:5570) OK --> 20190328 images imported.
2019-03-29 05:37:01,995 null [INFO] (../src/fwidbmgr.cpp:5695) action outimg took about 0 seconds.
2019-03-29 05:37:01,996 null [INFO] (../src/fwidbmgr.cpp:5699) Disconnected from database.
2019-03-29 06:05:01,149 null [INFO] (../src/fwidbmgr.cpp:5361) fwi db manager
2019-03-29 06:05:01,149 null [INFO] (../src/fwidbmgr.cpp:5365) Program home: /home/meteo/dev/redist/fwidbmgr
2019-03-29 06:05:01,149 null [INFO] (../src/fwidbmgr.cpp:5369) Auto convert: 1
2019-03-29 06:05:01,149 null [INFO] (../src/fwidbmgr.cpp:446) action: outimg.
2019-03-29 06:05:01,149 null [INFO] (../src/fwidbmgr.cpp:470) date: 20190328.
2019-03-29 06:05:01,149 null [INFO] (../src/fwidbmgr.cpp:322) Try to read: /home/meteo/dev/redist/fwidbmgr/config/fwidbmgr.conf.
2019-03-29 06:05:01,151 null [INFO] (../src/fwidbmgr.cpp:5393) Configuration parsing: OK.
2019-03-29 06:05:01,160 null [INFO] (../src/fwidbmgr.cpp:5478) Connected to database
2019-03-29 06:05:01,160 null [INFO] (../src/fwidbmgr.cpp:5480) Manage data for date: 20190328.
2019-03-29 06:05:01,160 null [INFO] (../src/fwidbmgr.cpp:5566) Importing fwi indexes images in database.
2019-03-29 06:05:01,215 null [INFO] (../src/fwidbmgr.cpp:5570) OK --> 20190328 images imported.
2019-03-29 06:05:01,215 null [INFO] (../src/fwidbmgr.cpp:5695) action outimg took about 0 seconds.
2019-03-29 06:05:01,215 null [INFO] (../src/fwidbmgr.cpp:5699) Disconnected from database.
2019-03-29 06:37:01,354 null [INFO] (../src/fwidbmgr.cpp:5361) fwi db manager
2019-03-29 06:37:01,355 null [INFO] (../src/fwidbmgr.cpp:5365) Program home: /home/meteo/dev/redist/fwidbmgr
2019-03-29 06:37:01,355 null [INFO] (../src/fwidbmgr.cpp:5369) Auto convert: 1
2019-03-29 06:37:01,355 null [INFO] (../src/fwidbmgr.cpp:446) action: outimg.
2019-03-29 06:37:01,355 null [INFO] (../src/fwidbmgr.cpp:470) date: 20190328.
2019-03-29 06:37:01,355 null [INFO] (../src/fwidbmgr.cpp:322) Try to read: /home/meteo/dev/redist/fwidbmgr/config/fwidbmgr.conf.
2019-03-29 06:37:01,356 null [INFO] (../src/fwidbmgr.cpp:5393) Configuration parsing: OK.
2019-03-29 06:37:01,361 null [INFO] (../src/fwidbmgr.cpp:5478) Connected to database
2019-03-29 06:37:01,361 null [INFO] (../src/fwidbmgr.cpp:5480) Manage data for date: 20190328.
2019-03-29 06:37:01,361 null [INFO] (../src/fwidbmgr.cpp:5566) Importing fwi indexes images in database.
2019-03-29 06:37:01,425 null [INFO] (../src/fwidbmgr.cpp:5570) OK --> 20190328 images imported.
2019-03-29 06:37:01,425 null [INFO] (../src/fwidbmgr.cpp:5695) action outimg took about 0 seconds.
2019-03-29 06:37:01,425 null [INFO] (../src/fwidbmgr.cpp:5699) Disconnected from database.
2019-03-29 07:05:01,047 null [INFO] (../src/fwidbmgr.cpp:5361) fwi db manager
2019-03-29 07:05:01,047 null [INFO] (../src/fwidbmgr.cpp:5365) Program home: /home/meteo/dev/redist/fwidbmgr
2019-03-29 07:05:01,047 null [INFO] (../src/fwidbmgr.cpp:5369) Auto convert: 1
2019-03-29 07:05:01,047 null [INFO] (../src/fwidbmgr.cpp:446) action: outimg.
2019-03-29 07:05:01,047 null [INFO] (../src/fwidbmgr.cpp:470) date: 20190328.
2019-03-29 07:05:01,047 null [INFO] (../src/fwidbmgr.cpp:322) Try to read: /home/meteo/dev/redist/fwidbmgr/config/fwidbmgr.conf.
2019-03-29 07:05:01,049 null [INFO] (../src/fwidbmgr.cpp:5393) Configuration parsing: OK.
2019-03-29 07:05:01,051 null [INFO] (../src/fwidbmgr.cpp:5478) Connected to database
2019-03-29 07:05:01,052 null [INFO] (../src/fwidbmgr.cpp:5480) Manage data for date: 20190328.
2019-03-29 07:05:01,052 null [INFO] (../src/fwidbmgr.cpp:5566) Importing fwi indexes images in database.
2019-03-29 07:05:01,117 null [INFO] (../src/fwidbmgr.cpp:5570) OK --> 20190328 images imported.
2019-03-29 07:05:01,117 null [INFO] (../src/fwidbmgr.cpp:5695) action outimg took about 0 seconds.
2019-03-29 07:05:01,118 null [INFO] (../src/fwidbmgr.cpp:5699) Disconnected from database.
2019-03-29 07:37:01,258 null [INFO] (../src/fwidbmgr.cpp:5361) fwi db manager
2019-03-29 07:37:01,258 null [INFO] (../src/fwidbmgr.cpp:5365) Program home: /home/meteo/dev/redist/fwidbmgr
2019-03-29 07:37:01,258 null [INFO] (../src/fwidbmgr.cpp:5369) Auto convert: 1
2019-03-29 07:37:01,258 null [INFO] (../src/fwidbmgr.cpp:446) action: outimg.
2019-03-29 07:37:01,258 null [INFO] (../src/fwidbmgr.cpp:470) date: 20190328.
2019-03-29 07:37:01,258 null [INFO] (../src/fwidbmgr.cpp:322) Try to read: /home/meteo/dev/redist/fwidbmgr/config/fwidbmgr.conf.
2019-03-29 07:37:01,259 null [INFO] (../src/fwidbmgr.cpp:5393) Configuration parsing: OK.
2019-03-29 07:37:01,266 null [INFO] (../src/fwidbmgr.cpp:5478) Connected to database
2019-03-29 07:37:01,266 null [INFO] (../src/fwidbmgr.cpp:5480) Manage data for date: 20190328.
2019-03-29 07:37:01,266 null [INFO] (../src/fwidbmgr.cpp:5566) Importing fwi indexes images in database.
2019-03-29 07:37:01,324 null [INFO] (../src/fwidbmgr.cpp:5570) OK --> 20190328 images imported.
2019-03-29 07:37:01,324 null [INFO] (../src/fwidbmgr.cpp:5695) action outimg took about 0 seconds.
2019-03-29 07:37:01,325 null [INFO] (../src/fwidbmgr.cpp:5699) Disconnected from database.
