2017-11-03 04:06:47,332 null [INFO] (../src/fwidbmgr.cpp:5361) fwi db manager
2017-11-03 04:06:47,332 null [INFO] (../src/fwidbmgr.cpp:5365) Program home: /home/meteo/dev/redist/fwidbmgr
2017-11-03 04:06:47,332 null [INFO] (../src/fwidbmgr.cpp:5369) Auto convert: 1
2017-11-03 04:06:47,332 null [INFO] (../src/fwidbmgr.cpp:446) action: in.
2017-11-03 04:06:47,332 null [INFO] (../src/fwidbmgr.cpp:470) date: 20171102.
2017-11-03 04:06:47,332 null [INFO] (../src/fwidbmgr.cpp:322) Try to read: /home/meteo/dev/redist/fwidbmgr/config/fwidbmgr.conf.
2017-11-03 04:06:47,371 null [INFO] (../src/fwidbmgr.cpp:5393) Configuration parsing: OK.
2017-11-03 04:06:47,418 null [INFO] (../src/fwidbmgr.cpp:5478) Connected to database
2017-11-03 04:06:47,418 null [INFO] (../src/fwidbmgr.cpp:5480) Manage data for date: 20171102.
2017-11-03 04:06:47,418 null [INFO] (../src/fwidbmgr.cpp:5536) Importing meteo data in database for day: 20171102.
2017-11-03 04:06:47,427 null [INFO] (/home/meteo/dev/redist/fwidbmgr/include/Grid.h:1595) Configuring grid: snow
2017-11-03 04:06:47,428 null [INFO] (/home/meteo/dev/redist/fwidbmgr/include/Grid.h:1695) Grid snow configured.
2017-11-03 04:06:47,438 null [INFO] (/home/meteo/dev/redist/fwidbmgr/include/Grid.h:1595) Configuring grid: snow_covering
2017-11-03 04:06:47,438 null [INFO] (/home/meteo/dev/redist/fwidbmgr/include/Grid.h:1695) Grid snow_covering configured.
2017-11-03 04:06:47,451 null [INFO] (/home/meteo/dev/redist/fwidbmgr/include/Grid.h:1595) Configuring grid: snow_dissolution
2017-11-03 04:06:47,451 null [INFO] (/home/meteo/dev/redist/fwidbmgr/include/Grid.h:1695) Grid snow_dissolution configured.
2017-11-03 04:06:47,473 null [INFO] (/home/meteo/dev/redist/fwidbmgr/include/Grid.h:1595) Configuring grid: temperature
2017-11-03 04:06:47,473 null [INFO] (/home/meteo/dev/redist/fwidbmgr/include/Grid.h:1695) Grid temperature configured.
2017-11-03 04:06:47,478 null [INFO] (/home/meteo/dev/redist/fwidbmgr/include/Grid.h:1595) Configuring grid: humidity
2017-11-03 04:06:47,478 null [INFO] (/home/meteo/dev/redist/fwidbmgr/include/Grid.h:1695) Grid humidity configured.
2017-11-03 04:06:47,489 null [INFO] (/home/meteo/dev/redist/fwidbmgr/include/Grid.h:1595) Configuring grid: windspeed
2017-11-03 04:06:47,489 null [INFO] (/home/meteo/dev/redist/fwidbmgr/include/Grid.h:1695) Grid windspeed configured.
2017-11-03 04:06:47,511 null [INFO] (/home/meteo/dev/redist/fwidbmgr/include/Grid.h:1595) Configuring grid: rain
2017-11-03 04:06:47,511 null [INFO] (/home/meteo/dev/redist/fwidbmgr/include/Grid.h:1695) Grid rain configured.
2017-11-03 04:06:47,514 null [INFO] (/home/meteo/dev/redist/fwidbmgr/include/Grid.h:1595) Configuring grid: cum_rain
2017-11-03 04:06:47,514 null [INFO] (/home/meteo/dev/redist/fwidbmgr/include/Grid.h:1695) Grid cum_rain configured.
2017-11-03 04:06:53,346 null [INFO] (../src/fwidbmgr.cpp:1518) Storing meteo input ...
2017-11-03 04:07:10,377 null [INFO] (../src/fwidbmgr.cpp:5540) OK --> 20171102 data imported.
2017-11-03 04:07:10,423 null [INFO] (../src/fwidbmgr.cpp:5695) action in took about 23 seconds.
2017-11-03 04:07:10,615 null [INFO] (../src/fwidbmgr.cpp:5699) Disconnected from database.
2017-11-03 04:08:19,615 null [INFO] (../src/fwidbmgr.cpp:5361) fwi db manager
2017-11-03 04:08:19,615 null [INFO] (../src/fwidbmgr.cpp:5365) Program home: /home/meteo/dev/redist/fwidbmgr
2017-11-03 04:08:19,616 null [INFO] (../src/fwidbmgr.cpp:5369) Auto convert: 1
2017-11-03 04:08:19,616 null [INFO] (../src/fwidbmgr.cpp:446) action: out.
2017-11-03 04:08:19,616 null [INFO] (../src/fwidbmgr.cpp:470) date: 20171102.
2017-11-03 04:08:19,616 null [INFO] (../src/fwidbmgr.cpp:322) Try to read: /home/meteo/dev/redist/fwidbmgr/config/fwidbmgr.conf.
2017-11-03 04:08:19,622 null [INFO] (../src/fwidbmgr.cpp:5393) Configuration parsing: OK.
2017-11-03 04:08:19,639 null [INFO] (../src/fwidbmgr.cpp:5478) Connected to database
2017-11-03 04:08:19,639 null [INFO] (../src/fwidbmgr.cpp:5480) Manage data for date: 20171102.
2017-11-03 04:08:19,639 null [INFO] (../src/fwidbmgr.cpp:5551) Importing fwi indexes data in database for day: 20171102.
2017-11-03 04:08:19,646 null [INFO] (/home/meteo/dev/redist/fwidbmgr/include/Grid.h:1595) Configuring grid: isi
2017-11-03 04:08:19,646 null [INFO] (/home/meteo/dev/redist/fwidbmgr/include/Grid.h:1695) Grid isi configured.
2017-11-03 04:08:19,660 null [INFO] (/home/meteo/dev/redist/fwidbmgr/include/Grid.h:1595) Configuring grid: fwi
2017-11-03 04:08:19,660 null [INFO] (/home/meteo/dev/redist/fwidbmgr/include/Grid.h:1695) Grid fwi configured.
2017-11-03 04:08:19,674 null [INFO] (/home/meteo/dev/redist/fwidbmgr/include/Grid.h:1595) Configuring grid: ffmc
2017-11-03 04:08:19,674 null [INFO] (/home/meteo/dev/redist/fwidbmgr/include/Grid.h:1695) Grid ffmc configured.
2017-11-03 04:08:19,687 null [INFO] (/home/meteo/dev/redist/fwidbmgr/include/Grid.h:1595) Configuring grid: dmc
2017-11-03 04:08:19,688 null [INFO] (/home/meteo/dev/redist/fwidbmgr/include/Grid.h:1695) Grid dmc configured.
2017-11-03 04:08:19,701 null [INFO] (/home/meteo/dev/redist/fwidbmgr/include/Grid.h:1595) Configuring grid: dc
2017-11-03 04:08:19,701 null [INFO] (/home/meteo/dev/redist/fwidbmgr/include/Grid.h:1695) Grid dc configured.
2017-11-03 04:08:19,715 null [INFO] (/home/meteo/dev/redist/fwidbmgr/include/Grid.h:1595) Configuring grid: bui
2017-11-03 04:08:19,715 null [INFO] (/home/meteo/dev/redist/fwidbmgr/include/Grid.h:1695) Grid bui configured.
2017-11-03 04:08:19,729 null [INFO] (/home/meteo/dev/redist/fwidbmgr/include/Grid.h:1595) Configuring grid: ffmc_tmp
2017-11-03 04:08:19,729 null [INFO] (/home/meteo/dev/redist/fwidbmgr/include/Grid.h:1695) Grid ffmc_tmp configured.
2017-11-03 04:08:19,756 null [INFO] (/home/meteo/dev/redist/fwidbmgr/include/Grid.h:1595) Configuring grid: dmc_tmp
2017-11-03 04:08:19,756 null [INFO] (/home/meteo/dev/redist/fwidbmgr/include/Grid.h:1695) Grid dmc_tmp configured.
2017-11-03 04:08:19,778 null [INFO] (/home/meteo/dev/redist/fwidbmgr/include/Grid.h:1595) Configuring grid: dc_tmp
2017-11-03 04:08:19,778 null [INFO] (/home/meteo/dev/redist/fwidbmgr/include/Grid.h:1695) Grid dc_tmp configured.
2017-11-03 04:08:19,799 null [INFO] (/home/meteo/dev/redist/fwidbmgr/include/Grid.h:1595) Configuring grid: idi
2017-11-03 04:08:19,799 null [INFO] (/home/meteo/dev/redist/fwidbmgr/include/Grid.h:1695) Grid idi configured.
2017-11-03 04:08:27,851 null [INFO] (../src/fwidbmgr.cpp:2081) Storing FWI indexes ...
2017-11-03 04:08:58,563 null [INFO] (../src/fwidbmgr.cpp:5555) OK --> 20171102 data imported.
2017-11-03 04:08:58,563 null [INFO] (../src/fwidbmgr.cpp:5695) action out took about 39 seconds.
2017-11-03 04:08:58,564 null [INFO] (../src/fwidbmgr.cpp:5699) Disconnected from database.
2017-11-03 04:08:58,851 null [INFO] (../src/fwidbmgr.cpp:5361) fwi db manager
2017-11-03 04:08:58,851 null [INFO] (../src/fwidbmgr.cpp:5365) Program home: /home/meteo/dev/redist/fwidbmgr
2017-11-03 04:08:58,851 null [INFO] (../src/fwidbmgr.cpp:5369) Auto convert: 1
2017-11-03 04:08:58,851 null [INFO] (../src/fwidbmgr.cpp:446) action: computeidx.
2017-11-03 04:08:58,851 null [INFO] (../src/fwidbmgr.cpp:470) date: 20171102.
2017-11-03 04:08:58,851 null [INFO] (../src/fwidbmgr.cpp:322) Try to read: /home/meteo/dev/redist/fwidbmgr/config/fwidbmgr.conf.
2017-11-03 04:08:58,860 null [INFO] (../src/fwidbmgr.cpp:5393) Configuration parsing: OK.
2017-11-03 04:08:58,906 null [INFO] (../src/fwidbmgr.cpp:5478) Connected to database
2017-11-03 04:08:58,906 null [INFO] (../src/fwidbmgr.cpp:5480) Manage data for date: 20171102.
2017-11-03 04:08:58,906 null [INFO] (../src/fwidbmgr.cpp:5656) Computing indexes.
2017-11-03 04:08:58,907 null [INFO] (/home/meteo/dev/redist/fwidbmgr/include/Grid.h:1595) Configuring grid: isi
2017-11-03 04:08:58,907 null [INFO] (/home/meteo/dev/redist/fwidbmgr/include/Grid.h:1695) Grid isi configured.
2017-11-03 04:08:58,909 null [INFO] (/home/meteo/dev/redist/fwidbmgr/include/Grid.h:1595) Configuring grid: fwi
2017-11-03 04:08:58,909 null [INFO] (/home/meteo/dev/redist/fwidbmgr/include/Grid.h:1695) Grid fwi configured.
2017-11-03 04:08:58,910 null [INFO] (/home/meteo/dev/redist/fwidbmgr/include/Grid.h:1595) Configuring grid: ffmc
2017-11-03 04:08:58,910 null [INFO] (/home/meteo/dev/redist/fwidbmgr/include/Grid.h:1695) Grid ffmc configured.
2017-11-03 04:08:58,911 null [INFO] (/home/meteo/dev/redist/fwidbmgr/include/Grid.h:1595) Configuring grid: dmc
2017-11-03 04:08:58,911 null [INFO] (/home/meteo/dev/redist/fwidbmgr/include/Grid.h:1695) Grid dmc configured.
2017-11-03 04:08:58,913 null [INFO] (/home/meteo/dev/redist/fwidbmgr/include/Grid.h:1595) Configuring grid: dc
2017-11-03 04:08:58,913 null [INFO] (/home/meteo/dev/redist/fwidbmgr/include/Grid.h:1695) Grid dc configured.
2017-11-03 04:08:58,914 null [INFO] (/home/meteo/dev/redist/fwidbmgr/include/Grid.h:1595) Configuring grid: bui
2017-11-03 04:08:58,914 null [INFO] (/home/meteo/dev/redist/fwidbmgr/include/Grid.h:1695) Grid bui configured.
2017-11-03 04:08:58,915 null [INFO] (/home/meteo/dev/redist/fwidbmgr/include/Grid.h:1595) Configuring grid: ffmc_tmp
2017-11-03 04:08:58,915 null [INFO] (/home/meteo/dev/redist/fwidbmgr/include/Grid.h:1695) Grid ffmc_tmp configured.
2017-11-03 04:08:58,916 null [INFO] (/home/meteo/dev/redist/fwidbmgr/include/Grid.h:1595) Configuring grid: dmc_tmp
2017-11-03 04:08:58,917 null [INFO] (/home/meteo/dev/redist/fwidbmgr/include/Grid.h:1695) Grid dmc_tmp configured.
2017-11-03 04:08:58,918 null [INFO] (/home/meteo/dev/redist/fwidbmgr/include/Grid.h:1595) Configuring grid: dc_tmp
2017-11-03 04:08:58,918 null [INFO] (/home/meteo/dev/redist/fwidbmgr/include/Grid.h:1695) Grid dc_tmp configured.
2017-11-03 04:08:58,919 null [INFO] (/home/meteo/dev/redist/fwidbmgr/include/Grid.h:1595) Configuring grid: idi
2017-11-03 04:08:58,919 null [INFO] (/home/meteo/dev/redist/fwidbmgr/include/Grid.h:1695) Grid idi configured.
2017-11-03 04:08:58,920 null [INFO] (/home/meteo/dev/redist/fwidbmgr/include/Grid.h:1595) Configuring grid: angstrom
2017-11-03 04:08:58,920 null [INFO] (/home/meteo/dev/redist/fwidbmgr/include/Grid.h:1695) Grid angstrom configured.
2017-11-03 04:08:58,922 null [INFO] (/home/meteo/dev/redist/fwidbmgr/include/Grid.h:1595) Configuring grid: fmi
2017-11-03 04:08:58,922 null [INFO] (/home/meteo/dev/redist/fwidbmgr/include/Grid.h:1695) Grid fmi configured.
2017-11-03 04:08:58,923 null [INFO] (/home/meteo/dev/redist/fwidbmgr/include/Grid.h:1595) Configuring grid: sharples
2017-11-03 04:08:58,923 null [INFO] (/home/meteo/dev/redist/fwidbmgr/include/Grid.h:1695) Grid sharples configured.
2017-11-03 04:09:07,739 null [INFO] (/home/meteo/dev/redist/fwidbmgr/include/Grid.h:1595) Configuring grid: snow
2017-11-03 04:09:07,739 null [INFO] (/home/meteo/dev/redist/fwidbmgr/include/Grid.h:1695) Grid snow configured.
2017-11-03 04:09:07,739 null [INFO] (/home/meteo/dev/redist/fwidbmgr/include/Grid.h:1595) Configuring grid: snow_covering
2017-11-03 04:09:07,739 null [INFO] (/home/meteo/dev/redist/fwidbmgr/include/Grid.h:1695) Grid snow_covering configured.
2017-11-03 04:09:07,739 null [INFO] (/home/meteo/dev/redist/fwidbmgr/include/Grid.h:1595) Configuring grid: snow_dissolution
2017-11-03 04:09:07,739 null [INFO] (/home/meteo/dev/redist/fwidbmgr/include/Grid.h:1695) Grid snow_dissolution configured.
2017-11-03 04:09:07,739 null [INFO] (/home/meteo/dev/redist/fwidbmgr/include/Grid.h:1595) Configuring grid: temperature
2017-11-03 04:09:07,740 null [INFO] (/home/meteo/dev/redist/fwidbmgr/include/Grid.h:1695) Grid temperature configured.
2017-11-03 04:09:07,740 null [INFO] (/home/meteo/dev/redist/fwidbmgr/include/Grid.h:1595) Configuring grid: humidity
2017-11-03 04:09:07,740 null [INFO] (/home/meteo/dev/redist/fwidbmgr/include/Grid.h:1695) Grid humidity configured.
2017-11-03 04:09:07,740 null [INFO] (/home/meteo/dev/redist/fwidbmgr/include/Grid.h:1595) Configuring grid: windspeed
2017-11-03 04:09:07,740 null [INFO] (/home/meteo/dev/redist/fwidbmgr/include/Grid.h:1695) Grid windspeed configured.
2017-11-03 04:09:07,740 null [INFO] (/home/meteo/dev/redist/fwidbmgr/include/Grid.h:1595) Configuring grid: rain
2017-11-03 04:09:07,740 null [INFO] (/home/meteo/dev/redist/fwidbmgr/include/Grid.h:1695) Grid rain configured.
2017-11-03 04:09:07,740 null [INFO] (/home/meteo/dev/redist/fwidbmgr/include/Grid.h:1595) Configuring grid: cum_rain
2017-11-03 04:09:07,740 null [INFO] (/home/meteo/dev/redist/fwidbmgr/include/Grid.h:1695) Grid cum_rain configured.
2017-11-03 04:11:23,911 null [INFO] (../src/fwidbmgr.cpp:5660) OK --> 20171102 indexes computed.
2017-11-03 04:11:23,915 null [INFO] (../src/fwidbmgr.cpp:5695) action computeidx took about 145 seconds.
2017-11-03 04:11:23,916 null [INFO] (../src/fwidbmgr.cpp:5699) Disconnected from database.
2017-11-03 04:11:24,107 null [INFO] (../src/fwidbmgr.cpp:5361) fwi db manager
2017-11-03 04:11:24,107 null [INFO] (../src/fwidbmgr.cpp:5365) Program home: /home/meteo/dev/redist/fwidbmgr
2017-11-03 04:11:24,107 null [INFO] (../src/fwidbmgr.cpp:5369) Auto convert: 1
2017-11-03 04:11:24,107 null [INFO] (../src/fwidbmgr.cpp:446) action: exportidx.
2017-11-03 04:11:24,107 null [INFO] (../src/fwidbmgr.cpp:470) date: 20171102.
2017-11-03 04:11:24,107 null [INFO] (../src/fwidbmgr.cpp:322) Try to read: /home/meteo/dev/redist/fwidbmgr/config/fwidbmgr.conf.
2017-11-03 04:11:24,112 null [INFO] (../src/fwidbmgr.cpp:5393) Configuration parsing: OK.
2017-11-03 04:11:24,139 null [INFO] (../src/fwidbmgr.cpp:5478) Connected to database
2017-11-03 04:11:24,140 null [INFO] (../src/fwidbmgr.cpp:5480) Manage data for date: 20171102.
2017-11-03 04:11:24,140 null [INFO] (../src/fwidbmgr.cpp:5596) Exporting indexes.
2017-11-03 04:11:24,141 null [INFO] (/home/meteo/dev/redist/fwidbmgr/include/Grid.h:1595) Configuring grid: isi
2017-11-03 04:11:24,141 null [INFO] (/home/meteo/dev/redist/fwidbmgr/include/Grid.h:1695) Grid isi configured.
2017-11-03 04:11:24,143 null [INFO] (/home/meteo/dev/redist/fwidbmgr/include/Grid.h:1595) Configuring grid: fwi
2017-11-03 04:11:24,143 null [INFO] (/home/meteo/dev/redist/fwidbmgr/include/Grid.h:1695) Grid fwi configured.
2017-11-03 04:11:24,144 null [INFO] (/home/meteo/dev/redist/fwidbmgr/include/Grid.h:1595) Configuring grid: ffmc
2017-11-03 04:11:24,144 null [INFO] (/home/meteo/dev/redist/fwidbmgr/include/Grid.h:1695) Grid ffmc configured.
2017-11-03 04:11:24,145 null [INFO] (/home/meteo/dev/redist/fwidbmgr/include/Grid.h:1595) Configuring grid: dmc
2017-11-03 04:11:24,145 null [INFO] (/home/meteo/dev/redist/fwidbmgr/include/Grid.h:1695) Grid dmc configured.
2017-11-03 04:11:24,147 null [INFO] (/home/meteo/dev/redist/fwidbmgr/include/Grid.h:1595) Configuring grid: dc
2017-11-03 04:11:24,147 null [INFO] (/home/meteo/dev/redist/fwidbmgr/include/Grid.h:1695) Grid dc configured.
2017-11-03 04:11:24,148 null [INFO] (/home/meteo/dev/redist/fwidbmgr/include/Grid.h:1595) Configuring grid: bui
2017-11-03 04:11:24,148 null [INFO] (/home/meteo/dev/redist/fwidbmgr/include/Grid.h:1695) Grid bui configured.
2017-11-03 04:11:24,149 null [INFO] (/home/meteo/dev/redist/fwidbmgr/include/Grid.h:1595) Configuring grid: ffmc_tmp
2017-11-03 04:11:24,149 null [INFO] (/home/meteo/dev/redist/fwidbmgr/include/Grid.h:1695) Grid ffmc_tmp configured.
2017-11-03 04:11:24,150 null [INFO] (/home/meteo/dev/redist/fwidbmgr/include/Grid.h:1595) Configuring grid: dmc_tmp
2017-11-03 04:11:24,151 null [INFO] (/home/meteo/dev/redist/fwidbmgr/include/Grid.h:1695) Grid dmc_tmp configured.
2017-11-03 04:11:24,152 null [INFO] (/home/meteo/dev/redist/fwidbmgr/include/Grid.h:1595) Configuring grid: dc_tmp
2017-11-03 04:11:24,152 null [INFO] (/home/meteo/dev/redist/fwidbmgr/include/Grid.h:1695) Grid dc_tmp configured.
2017-11-03 04:11:24,153 null [INFO] (/home/meteo/dev/redist/fwidbmgr/include/Grid.h:1595) Configuring grid: idi
2017-11-03 04:11:24,153 null [INFO] (/home/meteo/dev/redist/fwidbmgr/include/Grid.h:1695) Grid idi configured.
2017-11-03 04:11:24,154 null [INFO] (/home/meteo/dev/redist/fwidbmgr/include/Grid.h:1595) Configuring grid: angstrom
2017-11-03 04:11:24,154 null [INFO] (/home/meteo/dev/redist/fwidbmgr/include/Grid.h:1695) Grid angstrom configured.
2017-11-03 04:11:24,156 null [INFO] (/home/meteo/dev/redist/fwidbmgr/include/Grid.h:1595) Configuring grid: fmi
2017-11-03 04:11:24,156 null [INFO] (/home/meteo/dev/redist/fwidbmgr/include/Grid.h:1695) Grid fmi configured.
2017-11-03 04:11:24,157 null [INFO] (/home/meteo/dev/redist/fwidbmgr/include/Grid.h:1595) Configuring grid: sharples
2017-11-03 04:11:24,157 null [INFO] (/home/meteo/dev/redist/fwidbmgr/include/Grid.h:1695) Grid sharples configured.
2017-11-03 04:11:38,816 null [INFO] (/home/meteo/dev/redist/fwidbmgr/include/Grid.h:1595) Configuring grid: isi
2017-11-03 04:11:38,816 null [INFO] (/home/meteo/dev/redist/fwidbmgr/include/Grid.h:1695) Grid isi configured.
2017-11-03 04:11:38,866 null [INFO] (/home/meteo/dev/redist/fwidbmgr/include/Grid.h:1595) Configuring grid: fwi
2017-11-03 04:11:38,866 null [INFO] (/home/meteo/dev/redist/fwidbmgr/include/Grid.h:1695) Grid fwi configured.
2017-11-03 04:11:38,908 null [INFO] (/home/meteo/dev/redist/fwidbmgr/include/Grid.h:1595) Configuring grid: ffmc
2017-11-03 04:11:38,909 null [INFO] (/home/meteo/dev/redist/fwidbmgr/include/Grid.h:1695) Grid ffmc configured.
2017-11-03 04:11:38,952 null [INFO] (/home/meteo/dev/redist/fwidbmgr/include/Grid.h:1595) Configuring grid: dmc
2017-11-03 04:11:38,952 null [INFO] (/home/meteo/dev/redist/fwidbmgr/include/Grid.h:1695) Grid dmc configured.
2017-11-03 04:11:38,995 null [INFO] (/home/meteo/dev/redist/fwidbmgr/include/Grid.h:1595) Configuring grid: dc
2017-11-03 04:11:38,995 null [INFO] (/home/meteo/dev/redist/fwidbmgr/include/Grid.h:1695) Grid dc configured.
2017-11-03 04:11:39,041 null [INFO] (/home/meteo/dev/redist/fwidbmgr/include/Grid.h:1595) Configuring grid: bui
2017-11-03 04:11:39,041 null [INFO] (/home/meteo/dev/redist/fwidbmgr/include/Grid.h:1695) Grid bui configured.
2017-11-03 04:11:39,084 null [INFO] (/home/meteo/dev/redist/fwidbmgr/include/Grid.h:1595) Configuring grid: ffmc_tmp
2017-11-03 04:11:39,084 null [INFO] (/home/meteo/dev/redist/fwidbmgr/include/Grid.h:1695) Grid ffmc_tmp configured.
2017-11-03 04:11:39,123 null [INFO] (/home/meteo/dev/redist/fwidbmgr/include/Grid.h:1595) Configuring grid: dmc_tmp
2017-11-03 04:11:39,124 null [INFO] (/home/meteo/dev/redist/fwidbmgr/include/Grid.h:1695) Grid dmc_tmp configured.
2017-11-03 04:11:39,164 null [INFO] (/home/meteo/dev/redist/fwidbmgr/include/Grid.h:1595) Configuring grid: dc_tmp
2017-11-03 04:11:39,164 null [INFO] (/home/meteo/dev/redist/fwidbmgr/include/Grid.h:1695) Grid dc_tmp configured.
2017-11-03 04:11:39,205 null [INFO] (/home/meteo/dev/redist/fwidbmgr/include/Grid.h:1595) Configuring grid: angstrom
2017-11-03 04:11:39,206 null [INFO] (/home/meteo/dev/redist/fwidbmgr/include/Grid.h:1695) Grid angstrom configured.
2017-11-03 04:11:39,268 null [INFO] (/home/meteo/dev/redist/fwidbmgr/include/Grid.h:1595) Configuring grid: sharples
2017-11-03 04:11:39,268 null [INFO] (/home/meteo/dev/redist/fwidbmgr/include/Grid.h:1695) Grid sharples configured.
2017-11-03 04:11:39,318 null [INFO] (/home/meteo/dev/redist/fwidbmgr/include/Grid.h:1595) Configuring grid: fmi
2017-11-03 04:11:39,319 null [INFO] (/home/meteo/dev/redist/fwidbmgr/include/Grid.h:1695) Grid fmi configured.
2017-11-03 04:11:39,369 null [INFO] (../src/fwidbmgr.cpp:5600) OK --> 20171102 indexes exported to files.
2017-11-03 04:11:39,369 null [INFO] (../src/fwidbmgr.cpp:5695) action exportidx took about 15 seconds.
2017-11-03 04:11:39,369 null [INFO] (../src/fwidbmgr.cpp:5699) Disconnected from database.
2017-11-03 04:12:06,828 null [INFO] (../src/fwidbmgr.cpp:5361) fwi db manager
2017-11-03 04:12:06,828 null [INFO] (../src/fwidbmgr.cpp:5365) Program home: /home/meteo/dev/redist/fwidbmgr
2017-11-03 04:12:06,828 null [INFO] (../src/fwidbmgr.cpp:5369) Auto convert: 1
2017-11-03 04:12:06,828 null [INFO] (../src/fwidbmgr.cpp:446) action: outimg.
2017-11-03 04:12:06,828 null [INFO] (../src/fwidbmgr.cpp:470) date: 20171102.
2017-11-03 04:12:06,828 null [INFO] (../src/fwidbmgr.cpp:322) Try to read: /home/meteo/dev/redist/fwidbmgr/config/fwidbmgr.conf.
2017-11-03 04:12:06,834 null [INFO] (../src/fwidbmgr.cpp:5393) Configuration parsing: OK.
2017-11-03 04:12:06,837 null [INFO] (../src/fwidbmgr.cpp:5478) Connected to database
2017-11-03 04:12:06,837 null [INFO] (../src/fwidbmgr.cpp:5480) Manage data for date: 20171102.
2017-11-03 04:12:06,837 null [INFO] (../src/fwidbmgr.cpp:5566) Importing fwi indexes images in database.
2017-11-03 04:12:07,208 null [INFO] (../src/fwidbmgr.cpp:5570) OK --> 20171102 images imported.
2017-11-03 04:12:07,208 null [INFO] (../src/fwidbmgr.cpp:5695) action outimg took about 1 seconds.
2017-11-03 04:12:07,208 null [INFO] (../src/fwidbmgr.cpp:5699) Disconnected from database.
2017-11-03 04:37:01,445 null [INFO] (../src/fwidbmgr.cpp:5361) fwi db manager
2017-11-03 04:37:01,445 null [INFO] (../src/fwidbmgr.cpp:5365) Program home: /home/meteo/dev/redist/fwidbmgr
2017-11-03 04:37:01,445 null [INFO] (../src/fwidbmgr.cpp:5369) Auto convert: 1
2017-11-03 04:37:01,445 null [INFO] (../src/fwidbmgr.cpp:446) action: outimg.
2017-11-03 04:37:01,445 null [INFO] (../src/fwidbmgr.cpp:470) date: 20171102.
2017-11-03 04:37:01,445 null [INFO] (../src/fwidbmgr.cpp:322) Try to read: /home/meteo/dev/redist/fwidbmgr/config/fwidbmgr.conf.
2017-11-03 04:37:01,447 null [INFO] (../src/fwidbmgr.cpp:5393) Configuration parsing: OK.
2017-11-03 04:37:01,456 null [INFO] (../src/fwidbmgr.cpp:5478) Connected to database
2017-11-03 04:37:01,456 null [INFO] (../src/fwidbmgr.cpp:5480) Manage data for date: 20171102.
2017-11-03 04:37:01,456 null [INFO] (../src/fwidbmgr.cpp:5566) Importing fwi indexes images in database.
2017-11-03 04:37:01,558 null [INFO] (../src/fwidbmgr.cpp:5570) OK --> 20171102 images imported.
2017-11-03 04:37:01,558 null [INFO] (../src/fwidbmgr.cpp:5695) action outimg took about 0 seconds.
2017-11-03 04:37:01,558 null [INFO] (../src/fwidbmgr.cpp:5699) Disconnected from database.
2017-11-03 05:05:01,703 null [INFO] (../src/fwidbmgr.cpp:5361) fwi db manager
2017-11-03 05:05:01,704 null [INFO] (../src/fwidbmgr.cpp:5365) Program home: /home/meteo/dev/redist/fwidbmgr
2017-11-03 05:05:01,704 null [INFO] (../src/fwidbmgr.cpp:5369) Auto convert: 1
2017-11-03 05:05:01,704 null [INFO] (../src/fwidbmgr.cpp:446) action: outimg.
2017-11-03 05:05:01,704 null [INFO] (../src/fwidbmgr.cpp:470) date: 20171102.
2017-11-03 05:05:01,704 null [INFO] (../src/fwidbmgr.cpp:322) Try to read: /home/meteo/dev/redist/fwidbmgr/config/fwidbmgr.conf.
2017-11-03 05:05:01,706 null [INFO] (../src/fwidbmgr.cpp:5393) Configuration parsing: OK.
2017-11-03 05:05:01,712 null [INFO] (../src/fwidbmgr.cpp:5478) Connected to database
2017-11-03 05:05:01,712 null [INFO] (../src/fwidbmgr.cpp:5480) Manage data for date: 20171102.
2017-11-03 05:05:01,712 null [INFO] (../src/fwidbmgr.cpp:5566) Importing fwi indexes images in database.
2017-11-03 05:05:01,798 null [INFO] (../src/fwidbmgr.cpp:5570) OK --> 20171102 images imported.
2017-11-03 05:05:01,799 null [INFO] (../src/fwidbmgr.cpp:5695) action outimg took about 0 seconds.
2017-11-03 05:05:01,799 null [INFO] (../src/fwidbmgr.cpp:5699) Disconnected from database.
2017-11-03 05:37:01,960 null [INFO] (../src/fwidbmgr.cpp:5361) fwi db manager
2017-11-03 05:37:01,961 null [INFO] (../src/fwidbmgr.cpp:5365) Program home: /home/meteo/dev/redist/fwidbmgr
2017-11-03 05:37:01,961 null [INFO] (../src/fwidbmgr.cpp:5369) Auto convert: 1
2017-11-03 05:37:01,961 null [INFO] (../src/fwidbmgr.cpp:446) action: outimg.
2017-11-03 05:37:01,961 null [INFO] (../src/fwidbmgr.cpp:470) date: 20171102.
2017-11-03 05:37:01,961 null [INFO] (../src/fwidbmgr.cpp:322) Try to read: /home/meteo/dev/redist/fwidbmgr/config/fwidbmgr.conf.
2017-11-03 05:37:01,963 null [INFO] (../src/fwidbmgr.cpp:5393) Configuration parsing: OK.
2017-11-03 05:37:01,977 null [INFO] (../src/fwidbmgr.cpp:5478) Connected to database
2017-11-03 05:37:01,977 null [INFO] (../src/fwidbmgr.cpp:5480) Manage data for date: 20171102.
2017-11-03 05:37:01,977 null [INFO] (../src/fwidbmgr.cpp:5566) Importing fwi indexes images in database.
2017-11-03 05:37:02,064 null [INFO] (../src/fwidbmgr.cpp:5570) OK --> 20171102 images imported.
2017-11-03 05:37:02,064 null [INFO] (../src/fwidbmgr.cpp:5695) action outimg took about 1 seconds.
2017-11-03 05:37:02,064 null [INFO] (../src/fwidbmgr.cpp:5699) Disconnected from database.
2017-11-03 06:05:01,640 null [INFO] (../src/fwidbmgr.cpp:5361) fwi db manager
2017-11-03 06:05:01,640 null [INFO] (../src/fwidbmgr.cpp:5365) Program home: /home/meteo/dev/redist/fwidbmgr
2017-11-03 06:05:01,641 null [INFO] (../src/fwidbmgr.cpp:5369) Auto convert: 1
2017-11-03 06:05:01,641 null [INFO] (../src/fwidbmgr.cpp:446) action: outimg.
2017-11-03 06:05:01,641 null [INFO] (../src/fwidbmgr.cpp:470) date: 20171102.
2017-11-03 06:05:01,641 null [INFO] (../src/fwidbmgr.cpp:322) Try to read: /home/meteo/dev/redist/fwidbmgr/config/fwidbmgr.conf.
2017-11-03 06:05:01,642 null [INFO] (../src/fwidbmgr.cpp:5393) Configuration parsing: OK.
2017-11-03 06:05:01,648 null [INFO] (../src/fwidbmgr.cpp:5478) Connected to database
2017-11-03 06:05:01,648 null [INFO] (../src/fwidbmgr.cpp:5480) Manage data for date: 20171102.
2017-11-03 06:05:01,648 null [INFO] (../src/fwidbmgr.cpp:5566) Importing fwi indexes images in database.
2017-11-03 06:05:01,720 null [INFO] (../src/fwidbmgr.cpp:5570) OK --> 20171102 images imported.
2017-11-03 06:05:01,720 null [INFO] (../src/fwidbmgr.cpp:5695) action outimg took about 0 seconds.
2017-11-03 06:05:01,720 null [INFO] (../src/fwidbmgr.cpp:5699) Disconnected from database.
2017-11-03 06:37:01,846 null [INFO] (../src/fwidbmgr.cpp:5361) fwi db manager
2017-11-03 06:37:01,846 null [INFO] (../src/fwidbmgr.cpp:5365) Program home: /home/meteo/dev/redist/fwidbmgr
2017-11-03 06:37:01,846 null [INFO] (../src/fwidbmgr.cpp:5369) Auto convert: 1
2017-11-03 06:37:01,846 null [INFO] (../src/fwidbmgr.cpp:446) action: outimg.
2017-11-03 06:37:01,846 null [INFO] (../src/fwidbmgr.cpp:470) date: 20171102.
2017-11-03 06:37:01,846 null [INFO] (../src/fwidbmgr.cpp:322) Try to read: /home/meteo/dev/redist/fwidbmgr/config/fwidbmgr.conf.
2017-11-03 06:37:01,848 null [INFO] (../src/fwidbmgr.cpp:5393) Configuration parsing: OK.
2017-11-03 06:37:01,853 null [INFO] (../src/fwidbmgr.cpp:5478) Connected to database
2017-11-03 06:37:01,853 null [INFO] (../src/fwidbmgr.cpp:5480) Manage data for date: 20171102.
2017-11-03 06:37:01,853 null [INFO] (../src/fwidbmgr.cpp:5566) Importing fwi indexes images in database.
2017-11-03 06:37:01,936 null [INFO] (../src/fwidbmgr.cpp:5570) OK --> 20171102 images imported.
2017-11-03 06:37:01,936 null [INFO] (../src/fwidbmgr.cpp:5695) action outimg took about 0 seconds.
2017-11-03 06:37:01,936 null [INFO] (../src/fwidbmgr.cpp:5699) Disconnected from database.
