2018-02-28 05:06:59,501 null [INFO] (../src/fwidbmgr.cpp:5361) fwi db manager
2018-02-28 05:06:59,502 null [INFO] (../src/fwidbmgr.cpp:5365) Program home: /home/meteo/dev/redist/fwidbmgr
2018-02-28 05:06:59,502 null [INFO] (../src/fwidbmgr.cpp:5369) Auto convert: 1
2018-02-28 05:06:59,502 null [INFO] (../src/fwidbmgr.cpp:446) action: in.
2018-02-28 05:06:59,502 null [INFO] (../src/fwidbmgr.cpp:470) date: 20180227.
2018-02-28 05:06:59,502 null [INFO] (../src/fwidbmgr.cpp:322) Try to read: /home/meteo/dev/redist/fwidbmgr/config/fwidbmgr.conf.
2018-02-28 05:06:59,521 null [INFO] (../src/fwidbmgr.cpp:5393) Configuration parsing: OK.
2018-02-28 05:06:59,567 null [INFO] (../src/fwidbmgr.cpp:5478) Connected to database
2018-02-28 05:06:59,567 null [INFO] (../src/fwidbmgr.cpp:5480) Manage data for date: 20180227.
2018-02-28 05:06:59,568 null [INFO] (../src/fwidbmgr.cpp:5536) Importing meteo data in database for day: 20180227.
2018-02-28 05:06:59,585 null [INFO] (/home/meteo/dev/redist/fwidbmgr/include/Grid.h:1595) Configuring grid: snow
2018-02-28 05:06:59,585 null [INFO] (/home/meteo/dev/redist/fwidbmgr/include/Grid.h:1695) Grid snow configured.
2018-02-28 05:06:59,604 null [INFO] (/home/meteo/dev/redist/fwidbmgr/include/Grid.h:1595) Configuring grid: snow_covering
2018-02-28 05:06:59,604 null [INFO] (/home/meteo/dev/redist/fwidbmgr/include/Grid.h:1695) Grid snow_covering configured.
2018-02-28 05:06:59,635 null [INFO] (/home/meteo/dev/redist/fwidbmgr/include/Grid.h:1595) Configuring grid: snow_dissolution
2018-02-28 05:06:59,638 null [INFO] (/home/meteo/dev/redist/fwidbmgr/include/Grid.h:1695) Grid snow_dissolution configured.
2018-02-28 05:06:59,691 null [INFO] (/home/meteo/dev/redist/fwidbmgr/include/Grid.h:1595) Configuring grid: temperature
2018-02-28 05:06:59,691 null [INFO] (/home/meteo/dev/redist/fwidbmgr/include/Grid.h:1695) Grid temperature configured.
2018-02-28 05:06:59,702 null [INFO] (/home/meteo/dev/redist/fwidbmgr/include/Grid.h:1595) Configuring grid: humidity
2018-02-28 05:06:59,702 null [INFO] (/home/meteo/dev/redist/fwidbmgr/include/Grid.h:1695) Grid humidity configured.
2018-02-28 05:06:59,724 null [INFO] (/home/meteo/dev/redist/fwidbmgr/include/Grid.h:1595) Configuring grid: windspeed
2018-02-28 05:06:59,725 null [INFO] (/home/meteo/dev/redist/fwidbmgr/include/Grid.h:1695) Grid windspeed configured.
2018-02-28 05:06:59,772 null [INFO] (/home/meteo/dev/redist/fwidbmgr/include/Grid.h:1595) Configuring grid: rain
2018-02-28 05:06:59,772 null [INFO] (/home/meteo/dev/redist/fwidbmgr/include/Grid.h:1695) Grid rain configured.
2018-02-28 05:06:59,778 null [INFO] (/home/meteo/dev/redist/fwidbmgr/include/Grid.h:1595) Configuring grid: cum_rain
2018-02-28 05:06:59,779 null [INFO] (/home/meteo/dev/redist/fwidbmgr/include/Grid.h:1695) Grid cum_rain configured.
2018-02-28 05:07:00,330 null [INFO] (../src/fwidbmgr.cpp:1518) Storing meteo input ...
2018-02-28 05:07:15,677 null [INFO] (../src/fwidbmgr.cpp:5540) OK --> 20180227 data imported.
2018-02-28 05:07:15,681 null [INFO] (../src/fwidbmgr.cpp:5695) action in took about 16 seconds.
2018-02-28 05:07:15,726 null [INFO] (../src/fwidbmgr.cpp:5699) Disconnected from database.
2018-02-28 05:09:12,518 null [INFO] (../src/fwidbmgr.cpp:5361) fwi db manager
2018-02-28 05:09:12,518 null [INFO] (../src/fwidbmgr.cpp:5365) Program home: /home/meteo/dev/redist/fwidbmgr
2018-02-28 05:09:12,519 null [INFO] (../src/fwidbmgr.cpp:5369) Auto convert: 1
2018-02-28 05:09:12,519 null [INFO] (../src/fwidbmgr.cpp:446) action: out.
2018-02-28 05:09:12,519 null [INFO] (../src/fwidbmgr.cpp:470) date: 20180227.
2018-02-28 05:09:12,519 null [INFO] (../src/fwidbmgr.cpp:322) Try to read: /home/meteo/dev/redist/fwidbmgr/config/fwidbmgr.conf.
2018-02-28 05:09:12,526 null [INFO] (../src/fwidbmgr.cpp:5393) Configuration parsing: OK.
2018-02-28 05:09:12,544 null [INFO] (../src/fwidbmgr.cpp:5478) Connected to database
2018-02-28 05:09:12,544 null [INFO] (../src/fwidbmgr.cpp:5480) Manage data for date: 20180227.
2018-02-28 05:09:12,544 null [INFO] (../src/fwidbmgr.cpp:5551) Importing fwi indexes data in database for day: 20180227.
2018-02-28 05:09:12,547 null [INFO] (/home/meteo/dev/redist/fwidbmgr/include/Grid.h:1595) Configuring grid: isi
2018-02-28 05:09:12,548 null [INFO] (/home/meteo/dev/redist/fwidbmgr/include/Grid.h:1695) Grid isi configured.
2018-02-28 05:09:12,576 null [INFO] (/home/meteo/dev/redist/fwidbmgr/include/Grid.h:1595) Configuring grid: fwi
2018-02-28 05:09:12,577 null [INFO] (/home/meteo/dev/redist/fwidbmgr/include/Grid.h:1695) Grid fwi configured.
2018-02-28 05:09:12,606 null [INFO] (/home/meteo/dev/redist/fwidbmgr/include/Grid.h:1595) Configuring grid: ffmc
2018-02-28 05:09:12,606 null [INFO] (/home/meteo/dev/redist/fwidbmgr/include/Grid.h:1695) Grid ffmc configured.
2018-02-28 05:09:12,651 null [INFO] (/home/meteo/dev/redist/fwidbmgr/include/Grid.h:1595) Configuring grid: dmc
2018-02-28 05:09:12,651 null [INFO] (/home/meteo/dev/redist/fwidbmgr/include/Grid.h:1695) Grid dmc configured.
2018-02-28 05:09:12,679 null [INFO] (/home/meteo/dev/redist/fwidbmgr/include/Grid.h:1595) Configuring grid: dc
2018-02-28 05:09:12,680 null [INFO] (/home/meteo/dev/redist/fwidbmgr/include/Grid.h:1695) Grid dc configured.
2018-02-28 05:09:12,709 null [INFO] (/home/meteo/dev/redist/fwidbmgr/include/Grid.h:1595) Configuring grid: bui
2018-02-28 05:09:12,709 null [INFO] (/home/meteo/dev/redist/fwidbmgr/include/Grid.h:1695) Grid bui configured.
2018-02-28 05:09:12,737 null [INFO] (/home/meteo/dev/redist/fwidbmgr/include/Grid.h:1595) Configuring grid: ffmc_tmp
2018-02-28 05:09:12,737 null [INFO] (/home/meteo/dev/redist/fwidbmgr/include/Grid.h:1695) Grid ffmc_tmp configured.
2018-02-28 05:09:12,789 null [INFO] (/home/meteo/dev/redist/fwidbmgr/include/Grid.h:1595) Configuring grid: dmc_tmp
2018-02-28 05:09:12,789 null [INFO] (/home/meteo/dev/redist/fwidbmgr/include/Grid.h:1695) Grid dmc_tmp configured.
2018-02-28 05:09:12,829 null [INFO] (/home/meteo/dev/redist/fwidbmgr/include/Grid.h:1595) Configuring grid: dc_tmp
2018-02-28 05:09:12,829 null [INFO] (/home/meteo/dev/redist/fwidbmgr/include/Grid.h:1695) Grid dc_tmp configured.
2018-02-28 05:09:12,869 null [INFO] (/home/meteo/dev/redist/fwidbmgr/include/Grid.h:1595) Configuring grid: idi
2018-02-28 05:09:12,870 null [INFO] (/home/meteo/dev/redist/fwidbmgr/include/Grid.h:1695) Grid idi configured.
2018-02-28 05:09:13,261 null [INFO] (../src/fwidbmgr.cpp:2081) Storing FWI indexes ...
2018-02-28 05:09:21,588 null [INFO] (../src/fwidbmgr.cpp:5555) OK --> 20180227 data imported.
2018-02-28 05:09:21,589 null [INFO] (../src/fwidbmgr.cpp:5695) action out took about 9 seconds.
2018-02-28 05:09:21,590 null [INFO] (../src/fwidbmgr.cpp:5699) Disconnected from database.
2018-02-28 05:09:21,746 null [INFO] (../src/fwidbmgr.cpp:5361) fwi db manager
2018-02-28 05:09:21,746 null [INFO] (../src/fwidbmgr.cpp:5365) Program home: /home/meteo/dev/redist/fwidbmgr
2018-02-28 05:09:21,747 null [INFO] (../src/fwidbmgr.cpp:5369) Auto convert: 1
2018-02-28 05:09:21,747 null [INFO] (../src/fwidbmgr.cpp:446) action: computeidx.
2018-02-28 05:09:21,747 null [INFO] (../src/fwidbmgr.cpp:470) date: 20180227.
2018-02-28 05:09:21,747 null [INFO] (../src/fwidbmgr.cpp:322) Try to read: /home/meteo/dev/redist/fwidbmgr/config/fwidbmgr.conf.
2018-02-28 05:09:21,751 null [INFO] (../src/fwidbmgr.cpp:5393) Configuration parsing: OK.
2018-02-28 05:09:21,757 null [INFO] (../src/fwidbmgr.cpp:5478) Connected to database
2018-02-28 05:09:21,757 null [INFO] (../src/fwidbmgr.cpp:5480) Manage data for date: 20180227.
2018-02-28 05:09:21,757 null [INFO] (../src/fwidbmgr.cpp:5656) Computing indexes.
2018-02-28 05:09:21,765 null [INFO] (/home/meteo/dev/redist/fwidbmgr/include/Grid.h:1595) Configuring grid: isi
2018-02-28 05:09:21,766 null [INFO] (/home/meteo/dev/redist/fwidbmgr/include/Grid.h:1695) Grid isi configured.
2018-02-28 05:09:21,768 null [INFO] (/home/meteo/dev/redist/fwidbmgr/include/Grid.h:1595) Configuring grid: fwi
2018-02-28 05:09:21,769 null [INFO] (/home/meteo/dev/redist/fwidbmgr/include/Grid.h:1695) Grid fwi configured.
2018-02-28 05:09:21,771 null [INFO] (/home/meteo/dev/redist/fwidbmgr/include/Grid.h:1595) Configuring grid: ffmc
2018-02-28 05:09:21,771 null [INFO] (/home/meteo/dev/redist/fwidbmgr/include/Grid.h:1695) Grid ffmc configured.
2018-02-28 05:09:21,774 null [INFO] (/home/meteo/dev/redist/fwidbmgr/include/Grid.h:1595) Configuring grid: dmc
2018-02-28 05:09:21,774 null [INFO] (/home/meteo/dev/redist/fwidbmgr/include/Grid.h:1695) Grid dmc configured.
2018-02-28 05:09:21,777 null [INFO] (/home/meteo/dev/redist/fwidbmgr/include/Grid.h:1595) Configuring grid: dc
2018-02-28 05:09:21,777 null [INFO] (/home/meteo/dev/redist/fwidbmgr/include/Grid.h:1695) Grid dc configured.
2018-02-28 05:09:21,780 null [INFO] (/home/meteo/dev/redist/fwidbmgr/include/Grid.h:1595) Configuring grid: bui
2018-02-28 05:09:21,780 null [INFO] (/home/meteo/dev/redist/fwidbmgr/include/Grid.h:1695) Grid bui configured.
2018-02-28 05:09:21,782 null [INFO] (/home/meteo/dev/redist/fwidbmgr/include/Grid.h:1595) Configuring grid: ffmc_tmp
2018-02-28 05:09:21,783 null [INFO] (/home/meteo/dev/redist/fwidbmgr/include/Grid.h:1695) Grid ffmc_tmp configured.
2018-02-28 05:09:21,785 null [INFO] (/home/meteo/dev/redist/fwidbmgr/include/Grid.h:1595) Configuring grid: dmc_tmp
2018-02-28 05:09:21,786 null [INFO] (/home/meteo/dev/redist/fwidbmgr/include/Grid.h:1695) Grid dmc_tmp configured.
2018-02-28 05:09:21,788 null [INFO] (/home/meteo/dev/redist/fwidbmgr/include/Grid.h:1595) Configuring grid: dc_tmp
2018-02-28 05:09:21,788 null [INFO] (/home/meteo/dev/redist/fwidbmgr/include/Grid.h:1695) Grid dc_tmp configured.
2018-02-28 05:09:21,791 null [INFO] (/home/meteo/dev/redist/fwidbmgr/include/Grid.h:1595) Configuring grid: idi
2018-02-28 05:09:21,791 null [INFO] (/home/meteo/dev/redist/fwidbmgr/include/Grid.h:1695) Grid idi configured.
2018-02-28 05:09:21,794 null [INFO] (/home/meteo/dev/redist/fwidbmgr/include/Grid.h:1595) Configuring grid: angstrom
2018-02-28 05:09:21,794 null [INFO] (/home/meteo/dev/redist/fwidbmgr/include/Grid.h:1695) Grid angstrom configured.
2018-02-28 05:09:21,797 null [INFO] (/home/meteo/dev/redist/fwidbmgr/include/Grid.h:1595) Configuring grid: fmi
2018-02-28 05:09:21,797 null [INFO] (/home/meteo/dev/redist/fwidbmgr/include/Grid.h:1695) Grid fmi configured.
2018-02-28 05:09:21,799 null [INFO] (/home/meteo/dev/redist/fwidbmgr/include/Grid.h:1595) Configuring grid: sharples
2018-02-28 05:09:21,800 null [INFO] (/home/meteo/dev/redist/fwidbmgr/include/Grid.h:1695) Grid sharples configured.
2018-02-28 05:09:22,668 null [INFO] (/home/meteo/dev/redist/fwidbmgr/include/Grid.h:1595) Configuring grid: snow
2018-02-28 05:09:22,668 null [INFO] (/home/meteo/dev/redist/fwidbmgr/include/Grid.h:1695) Grid snow configured.
2018-02-28 05:09:22,668 null [INFO] (/home/meteo/dev/redist/fwidbmgr/include/Grid.h:1595) Configuring grid: snow_covering
2018-02-28 05:09:22,668 null [INFO] (/home/meteo/dev/redist/fwidbmgr/include/Grid.h:1695) Grid snow_covering configured.
2018-02-28 05:09:22,669 null [INFO] (/home/meteo/dev/redist/fwidbmgr/include/Grid.h:1595) Configuring grid: snow_dissolution
2018-02-28 05:09:22,669 null [INFO] (/home/meteo/dev/redist/fwidbmgr/include/Grid.h:1695) Grid snow_dissolution configured.
2018-02-28 05:09:22,669 null [INFO] (/home/meteo/dev/redist/fwidbmgr/include/Grid.h:1595) Configuring grid: temperature
2018-02-28 05:09:22,669 null [INFO] (/home/meteo/dev/redist/fwidbmgr/include/Grid.h:1695) Grid temperature configured.
2018-02-28 05:09:22,669 null [INFO] (/home/meteo/dev/redist/fwidbmgr/include/Grid.h:1595) Configuring grid: humidity
2018-02-28 05:09:22,669 null [INFO] (/home/meteo/dev/redist/fwidbmgr/include/Grid.h:1695) Grid humidity configured.
2018-02-28 05:09:22,669 null [INFO] (/home/meteo/dev/redist/fwidbmgr/include/Grid.h:1595) Configuring grid: windspeed
2018-02-28 05:09:22,669 null [INFO] (/home/meteo/dev/redist/fwidbmgr/include/Grid.h:1695) Grid windspeed configured.
2018-02-28 05:09:22,669 null [INFO] (/home/meteo/dev/redist/fwidbmgr/include/Grid.h:1595) Configuring grid: rain
2018-02-28 05:09:22,670 null [INFO] (/home/meteo/dev/redist/fwidbmgr/include/Grid.h:1695) Grid rain configured.
2018-02-28 05:09:22,670 null [INFO] (/home/meteo/dev/redist/fwidbmgr/include/Grid.h:1595) Configuring grid: cum_rain
2018-02-28 05:09:22,670 null [INFO] (/home/meteo/dev/redist/fwidbmgr/include/Grid.h:1695) Grid cum_rain configured.
2018-02-28 05:11:21,456 null [INFO] (../src/fwidbmgr.cpp:5660) OK --> 20180227 indexes computed.
2018-02-28 05:11:21,457 null [INFO] (../src/fwidbmgr.cpp:5695) action computeidx took about 120 seconds.
2018-02-28 05:11:21,457 null [INFO] (../src/fwidbmgr.cpp:5699) Disconnected from database.
2018-02-28 05:11:21,494 null [INFO] (../src/fwidbmgr.cpp:5361) fwi db manager
2018-02-28 05:11:21,494 null [INFO] (../src/fwidbmgr.cpp:5365) Program home: /home/meteo/dev/redist/fwidbmgr
2018-02-28 05:11:21,494 null [INFO] (../src/fwidbmgr.cpp:5369) Auto convert: 1
2018-02-28 05:11:21,494 null [INFO] (../src/fwidbmgr.cpp:446) action: exportidx.
2018-02-28 05:11:21,494 null [INFO] (../src/fwidbmgr.cpp:470) date: 20180227.
2018-02-28 05:11:21,494 null [INFO] (../src/fwidbmgr.cpp:322) Try to read: /home/meteo/dev/redist/fwidbmgr/config/fwidbmgr.conf.
2018-02-28 05:11:21,498 null [INFO] (../src/fwidbmgr.cpp:5393) Configuration parsing: OK.
2018-02-28 05:11:21,506 null [INFO] (../src/fwidbmgr.cpp:5478) Connected to database
2018-02-28 05:11:21,506 null [INFO] (../src/fwidbmgr.cpp:5480) Manage data for date: 20180227.
2018-02-28 05:11:21,506 null [INFO] (../src/fwidbmgr.cpp:5596) Exporting indexes.
2018-02-28 05:11:21,509 null [INFO] (/home/meteo/dev/redist/fwidbmgr/include/Grid.h:1595) Configuring grid: isi
2018-02-28 05:11:21,509 null [INFO] (/home/meteo/dev/redist/fwidbmgr/include/Grid.h:1695) Grid isi configured.
2018-02-28 05:11:21,512 null [INFO] (/home/meteo/dev/redist/fwidbmgr/include/Grid.h:1595) Configuring grid: fwi
2018-02-28 05:11:21,512 null [INFO] (/home/meteo/dev/redist/fwidbmgr/include/Grid.h:1695) Grid fwi configured.
2018-02-28 05:11:21,515 null [INFO] (/home/meteo/dev/redist/fwidbmgr/include/Grid.h:1595) Configuring grid: ffmc
2018-02-28 05:11:21,515 null [INFO] (/home/meteo/dev/redist/fwidbmgr/include/Grid.h:1695) Grid ffmc configured.
2018-02-28 05:11:21,518 null [INFO] (/home/meteo/dev/redist/fwidbmgr/include/Grid.h:1595) Configuring grid: dmc
2018-02-28 05:11:21,518 null [INFO] (/home/meteo/dev/redist/fwidbmgr/include/Grid.h:1695) Grid dmc configured.
2018-02-28 05:11:21,521 null [INFO] (/home/meteo/dev/redist/fwidbmgr/include/Grid.h:1595) Configuring grid: dc
2018-02-28 05:11:21,521 null [INFO] (/home/meteo/dev/redist/fwidbmgr/include/Grid.h:1695) Grid dc configured.
2018-02-28 05:11:21,524 null [INFO] (/home/meteo/dev/redist/fwidbmgr/include/Grid.h:1595) Configuring grid: bui
2018-02-28 05:11:21,524 null [INFO] (/home/meteo/dev/redist/fwidbmgr/include/Grid.h:1695) Grid bui configured.
2018-02-28 05:11:21,527 null [INFO] (/home/meteo/dev/redist/fwidbmgr/include/Grid.h:1595) Configuring grid: ffmc_tmp
2018-02-28 05:11:21,527 null [INFO] (/home/meteo/dev/redist/fwidbmgr/include/Grid.h:1695) Grid ffmc_tmp configured.
2018-02-28 05:11:21,529 null [INFO] (/home/meteo/dev/redist/fwidbmgr/include/Grid.h:1595) Configuring grid: dmc_tmp
2018-02-28 05:11:21,530 null [INFO] (/home/meteo/dev/redist/fwidbmgr/include/Grid.h:1695) Grid dmc_tmp configured.
2018-02-28 05:11:21,532 null [INFO] (/home/meteo/dev/redist/fwidbmgr/include/Grid.h:1595) Configuring grid: dc_tmp
2018-02-28 05:11:21,532 null [INFO] (/home/meteo/dev/redist/fwidbmgr/include/Grid.h:1695) Grid dc_tmp configured.
2018-02-28 05:11:21,535 null [INFO] (/home/meteo/dev/redist/fwidbmgr/include/Grid.h:1595) Configuring grid: idi
2018-02-28 05:11:21,535 null [INFO] (/home/meteo/dev/redist/fwidbmgr/include/Grid.h:1695) Grid idi configured.
2018-02-28 05:11:21,538 null [INFO] (/home/meteo/dev/redist/fwidbmgr/include/Grid.h:1595) Configuring grid: angstrom
2018-02-28 05:11:21,538 null [INFO] (/home/meteo/dev/redist/fwidbmgr/include/Grid.h:1695) Grid angstrom configured.
2018-02-28 05:11:21,541 null [INFO] (/home/meteo/dev/redist/fwidbmgr/include/Grid.h:1595) Configuring grid: fmi
2018-02-28 05:11:21,541 null [INFO] (/home/meteo/dev/redist/fwidbmgr/include/Grid.h:1695) Grid fmi configured.
2018-02-28 05:11:21,544 null [INFO] (/home/meteo/dev/redist/fwidbmgr/include/Grid.h:1595) Configuring grid: sharples
2018-02-28 05:11:21,544 null [INFO] (/home/meteo/dev/redist/fwidbmgr/include/Grid.h:1695) Grid sharples configured.
2018-02-28 05:11:23,965 null [INFO] (/home/meteo/dev/redist/fwidbmgr/include/Grid.h:1595) Configuring grid: isi
2018-02-28 05:11:23,966 null [INFO] (/home/meteo/dev/redist/fwidbmgr/include/Grid.h:1695) Grid isi configured.
2018-02-28 05:11:24,046 null [INFO] (/home/meteo/dev/redist/fwidbmgr/include/Grid.h:1595) Configuring grid: fwi
2018-02-28 05:11:24,047 null [INFO] (/home/meteo/dev/redist/fwidbmgr/include/Grid.h:1695) Grid fwi configured.
2018-02-28 05:11:24,128 null [INFO] (/home/meteo/dev/redist/fwidbmgr/include/Grid.h:1595) Configuring grid: ffmc
2018-02-28 05:11:24,128 null [INFO] (/home/meteo/dev/redist/fwidbmgr/include/Grid.h:1695) Grid ffmc configured.
2018-02-28 05:11:24,186 null [INFO] (/home/meteo/dev/redist/fwidbmgr/include/Grid.h:1595) Configuring grid: dmc
2018-02-28 05:11:24,186 null [INFO] (/home/meteo/dev/redist/fwidbmgr/include/Grid.h:1695) Grid dmc configured.
2018-02-28 05:11:24,225 null [INFO] (/home/meteo/dev/redist/fwidbmgr/include/Grid.h:1595) Configuring grid: dc
2018-02-28 05:11:24,225 null [INFO] (/home/meteo/dev/redist/fwidbmgr/include/Grid.h:1695) Grid dc configured.
2018-02-28 05:11:24,263 null [INFO] (/home/meteo/dev/redist/fwidbmgr/include/Grid.h:1595) Configuring grid: bui
2018-02-28 05:11:24,263 null [INFO] (/home/meteo/dev/redist/fwidbmgr/include/Grid.h:1695) Grid bui configured.
2018-02-28 05:11:24,301 null [INFO] (/home/meteo/dev/redist/fwidbmgr/include/Grid.h:1595) Configuring grid: ffmc_tmp
2018-02-28 05:11:24,301 null [INFO] (/home/meteo/dev/redist/fwidbmgr/include/Grid.h:1695) Grid ffmc_tmp configured.
2018-02-28 05:11:24,346 null [INFO] (/home/meteo/dev/redist/fwidbmgr/include/Grid.h:1595) Configuring grid: dmc_tmp
2018-02-28 05:11:24,346 null [INFO] (/home/meteo/dev/redist/fwidbmgr/include/Grid.h:1695) Grid dmc_tmp configured.
2018-02-28 05:11:24,381 null [INFO] (/home/meteo/dev/redist/fwidbmgr/include/Grid.h:1595) Configuring grid: dc_tmp
2018-02-28 05:11:24,381 null [INFO] (/home/meteo/dev/redist/fwidbmgr/include/Grid.h:1695) Grid dc_tmp configured.
2018-02-28 05:11:24,430 null [INFO] (/home/meteo/dev/redist/fwidbmgr/include/Grid.h:1595) Configuring grid: angstrom
2018-02-28 05:11:24,430 null [INFO] (/home/meteo/dev/redist/fwidbmgr/include/Grid.h:1695) Grid angstrom configured.
2018-02-28 05:11:24,503 null [INFO] (/home/meteo/dev/redist/fwidbmgr/include/Grid.h:1595) Configuring grid: sharples
2018-02-28 05:11:24,504 null [INFO] (/home/meteo/dev/redist/fwidbmgr/include/Grid.h:1695) Grid sharples configured.
2018-02-28 05:11:24,545 null [INFO] (/home/meteo/dev/redist/fwidbmgr/include/Grid.h:1595) Configuring grid: fmi
2018-02-28 05:11:24,546 null [INFO] (/home/meteo/dev/redist/fwidbmgr/include/Grid.h:1695) Grid fmi configured.
2018-02-28 05:11:24,589 null [INFO] (../src/fwidbmgr.cpp:5600) OK --> 20180227 indexes exported to files.
2018-02-28 05:11:24,589 null [INFO] (../src/fwidbmgr.cpp:5695) action exportidx took about 3 seconds.
2018-02-28 05:11:24,589 null [INFO] (../src/fwidbmgr.cpp:5699) Disconnected from database.
2018-02-28 05:12:03,182 null [INFO] (../src/fwidbmgr.cpp:5361) fwi db manager
2018-02-28 05:12:03,182 null [INFO] (../src/fwidbmgr.cpp:5365) Program home: /home/meteo/dev/redist/fwidbmgr
2018-02-28 05:12:03,182 null [INFO] (../src/fwidbmgr.cpp:5369) Auto convert: 1
2018-02-28 05:12:03,182 null [INFO] (../src/fwidbmgr.cpp:446) action: outimg.
2018-02-28 05:12:03,183 null [INFO] (../src/fwidbmgr.cpp:470) date: 20180227.
2018-02-28 05:12:03,183 null [INFO] (../src/fwidbmgr.cpp:322) Try to read: /home/meteo/dev/redist/fwidbmgr/config/fwidbmgr.conf.
2018-02-28 05:12:03,186 null [INFO] (../src/fwidbmgr.cpp:5393) Configuration parsing: OK.
2018-02-28 05:12:03,192 null [INFO] (../src/fwidbmgr.cpp:5478) Connected to database
2018-02-28 05:12:03,192 null [INFO] (../src/fwidbmgr.cpp:5480) Manage data for date: 20180227.
2018-02-28 05:12:03,192 null [INFO] (../src/fwidbmgr.cpp:5566) Importing fwi indexes images in database.
2018-02-28 05:12:03,334 null [INFO] (../src/fwidbmgr.cpp:5570) OK --> 20180227 images imported.
2018-02-28 05:12:03,335 null [INFO] (../src/fwidbmgr.cpp:5695) action outimg took about 0 seconds.
2018-02-28 05:12:03,335 null [INFO] (../src/fwidbmgr.cpp:5699) Disconnected from database.
2018-02-28 05:37:01,854 null [INFO] (../src/fwidbmgr.cpp:5361) fwi db manager
2018-02-28 05:37:01,854 null [INFO] (../src/fwidbmgr.cpp:5365) Program home: /home/meteo/dev/redist/fwidbmgr
2018-02-28 05:37:01,855 null [INFO] (../src/fwidbmgr.cpp:5369) Auto convert: 1
2018-02-28 05:37:01,855 null [INFO] (../src/fwidbmgr.cpp:446) action: outimg.
2018-02-28 05:37:01,855 null [INFO] (../src/fwidbmgr.cpp:470) date: 20180227.
2018-02-28 05:37:01,855 null [INFO] (../src/fwidbmgr.cpp:322) Try to read: /home/meteo/dev/redist/fwidbmgr/config/fwidbmgr.conf.
2018-02-28 05:37:01,859 null [INFO] (../src/fwidbmgr.cpp:5393) Configuration parsing: OK.
2018-02-28 05:37:01,883 null [INFO] (../src/fwidbmgr.cpp:5478) Connected to database
2018-02-28 05:37:01,883 null [INFO] (../src/fwidbmgr.cpp:5480) Manage data for date: 20180227.
2018-02-28 05:37:01,884 null [INFO] (../src/fwidbmgr.cpp:5566) Importing fwi indexes images in database.
2018-02-28 05:37:02,087 null [INFO] (../src/fwidbmgr.cpp:5570) OK --> 20180227 images imported.
2018-02-28 05:37:02,088 null [INFO] (../src/fwidbmgr.cpp:5695) action outimg took about 1 seconds.
2018-02-28 05:37:02,088 null [INFO] (../src/fwidbmgr.cpp:5699) Disconnected from database.
2018-02-28 06:05:01,451 null [INFO] (../src/fwidbmgr.cpp:5361) fwi db manager
2018-02-28 06:05:01,453 null [INFO] (../src/fwidbmgr.cpp:5365) Program home: /home/meteo/dev/redist/fwidbmgr
2018-02-28 06:05:01,453 null [INFO] (../src/fwidbmgr.cpp:5369) Auto convert: 1
2018-02-28 06:05:01,453 null [INFO] (../src/fwidbmgr.cpp:446) action: outimg.
2018-02-28 06:05:01,453 null [INFO] (../src/fwidbmgr.cpp:470) date: 20180227.
2018-02-28 06:05:01,453 null [INFO] (../src/fwidbmgr.cpp:322) Try to read: /home/meteo/dev/redist/fwidbmgr/config/fwidbmgr.conf.
2018-02-28 06:05:01,457 null [INFO] (../src/fwidbmgr.cpp:5393) Configuration parsing: OK.
2018-02-28 06:05:01,476 null [INFO] (../src/fwidbmgr.cpp:5478) Connected to database
2018-02-28 06:05:01,477 null [INFO] (../src/fwidbmgr.cpp:5480) Manage data for date: 20180227.
2018-02-28 06:05:01,477 null [INFO] (../src/fwidbmgr.cpp:5566) Importing fwi indexes images in database.
2018-02-28 06:05:01,699 null [INFO] (../src/fwidbmgr.cpp:5570) OK --> 20180227 images imported.
2018-02-28 06:05:01,699 null [INFO] (../src/fwidbmgr.cpp:5695) action outimg took about 0 seconds.
2018-02-28 06:05:01,700 null [INFO] (../src/fwidbmgr.cpp:5699) Disconnected from database.
2018-02-28 06:37:02,088 null [INFO] (../src/fwidbmgr.cpp:5361) fwi db manager
2018-02-28 06:37:02,088 null [INFO] (../src/fwidbmgr.cpp:5365) Program home: /home/meteo/dev/redist/fwidbmgr
2018-02-28 06:37:02,089 null [INFO] (../src/fwidbmgr.cpp:5369) Auto convert: 1
2018-02-28 06:37:02,089 null [INFO] (../src/fwidbmgr.cpp:446) action: outimg.
2018-02-28 06:37:02,089 null [INFO] (../src/fwidbmgr.cpp:470) date: 20180227.
2018-02-28 06:37:02,089 null [INFO] (../src/fwidbmgr.cpp:322) Try to read: /home/meteo/dev/redist/fwidbmgr/config/fwidbmgr.conf.
2018-02-28 06:37:02,094 null [INFO] (../src/fwidbmgr.cpp:5393) Configuration parsing: OK.
2018-02-28 06:37:02,126 null [INFO] (../src/fwidbmgr.cpp:5478) Connected to database
2018-02-28 06:37:02,126 null [INFO] (../src/fwidbmgr.cpp:5480) Manage data for date: 20180227.
2018-02-28 06:37:02,126 null [INFO] (../src/fwidbmgr.cpp:5566) Importing fwi indexes images in database.
2018-02-28 06:37:02,380 null [INFO] (../src/fwidbmgr.cpp:5570) OK --> 20180227 images imported.
2018-02-28 06:37:02,380 null [INFO] (../src/fwidbmgr.cpp:5695) action outimg took about 0 seconds.
2018-02-28 06:37:02,380 null [INFO] (../src/fwidbmgr.cpp:5699) Disconnected from database.
2018-02-28 07:05:01,833 null [INFO] (../src/fwidbmgr.cpp:5361) fwi db manager
2018-02-28 07:05:01,833 null [INFO] (../src/fwidbmgr.cpp:5365) Program home: /home/meteo/dev/redist/fwidbmgr
2018-02-28 07:05:01,833 null [INFO] (../src/fwidbmgr.cpp:5369) Auto convert: 1
2018-02-28 07:05:01,833 null [INFO] (../src/fwidbmgr.cpp:446) action: outimg.
2018-02-28 07:05:01,833 null [INFO] (../src/fwidbmgr.cpp:470) date: 20180227.
2018-02-28 07:05:01,833 null [INFO] (../src/fwidbmgr.cpp:322) Try to read: /home/meteo/dev/redist/fwidbmgr/config/fwidbmgr.conf.
2018-02-28 07:05:01,837 null [INFO] (../src/fwidbmgr.cpp:5393) Configuration parsing: OK.
2018-02-28 07:05:01,862 null [INFO] (../src/fwidbmgr.cpp:5478) Connected to database
2018-02-28 07:05:01,862 null [INFO] (../src/fwidbmgr.cpp:5480) Manage data for date: 20180227.
2018-02-28 07:05:01,862 null [INFO] (../src/fwidbmgr.cpp:5566) Importing fwi indexes images in database.
2018-02-28 07:05:02,171 null [INFO] (../src/fwidbmgr.cpp:5570) OK --> 20180227 images imported.
2018-02-28 07:05:02,171 null [INFO] (../src/fwidbmgr.cpp:5695) action outimg took about 1 seconds.
2018-02-28 07:05:02,172 null [INFO] (../src/fwidbmgr.cpp:5699) Disconnected from database.
2018-02-28 07:37:01,634 null [INFO] (../src/fwidbmgr.cpp:5361) fwi db manager
2018-02-28 07:37:01,635 null [INFO] (../src/fwidbmgr.cpp:5365) Program home: /home/meteo/dev/redist/fwidbmgr
2018-02-28 07:37:01,636 null [INFO] (../src/fwidbmgr.cpp:5369) Auto convert: 1
2018-02-28 07:37:01,637 null [INFO] (../src/fwidbmgr.cpp:446) action: outimg.
2018-02-28 07:37:01,637 null [INFO] (../src/fwidbmgr.cpp:470) date: 20180227.
2018-02-28 07:37:01,637 null [INFO] (../src/fwidbmgr.cpp:322) Try to read: /home/meteo/dev/redist/fwidbmgr/config/fwidbmgr.conf.
2018-02-28 07:37:01,641 null [INFO] (../src/fwidbmgr.cpp:5393) Configuration parsing: OK.
2018-02-28 07:37:01,658 null [INFO] (../src/fwidbmgr.cpp:5478) Connected to database
2018-02-28 07:37:01,658 null [INFO] (../src/fwidbmgr.cpp:5480) Manage data for date: 20180227.
2018-02-28 07:37:01,658 null [INFO] (../src/fwidbmgr.cpp:5566) Importing fwi indexes images in database.
2018-02-28 07:37:01,919 null [INFO] (../src/fwidbmgr.cpp:5570) OK --> 20180227 images imported.
2018-02-28 07:37:01,919 null [INFO] (../src/fwidbmgr.cpp:5695) action outimg took about 0 seconds.
2018-02-28 07:37:01,919 null [INFO] (../src/fwidbmgr.cpp:5699) Disconnected from database.
