2015-09-28 05:06:45,754 null [INFO] (../src/fwidbmgr.cpp:5207) fwi db manager
2015-09-28 05:06:45,755 null [INFO] (../src/fwidbmgr.cpp:5209) Program home: /home/meteo/dev/redist/fwidbmgr
2015-09-28 05:06:45,755 null [INFO] (../src/fwidbmgr.cpp:5211) Auto convert: 1
2015-09-28 05:06:45,755 null [INFO] (../src/fwidbmgr.cpp:458) action: in.
2015-09-28 05:06:45,755 null [INFO] (../src/fwidbmgr.cpp:482) date: 20150927.
2015-09-28 05:06:45,755 null [INFO] (../src/fwidbmgr.cpp:319) Try to read: /home/meteo/dev/redist/fwidbmgr/config/fwidbmgr.conf.
2015-09-28 05:06:45,779 null [INFO] (../src/fwidbmgr.cpp:5240) Configuration parsing: OK.
2015-09-28 05:06:45,856 null [INFO] (../src/fwidbmgr.cpp:5322) Connected to database
2015-09-28 05:06:45,856 null [INFO] (../src/fwidbmgr.cpp:5323) Manage data for date: 20150927.
2015-09-28 05:06:45,856 null [INFO] (../src/fwidbmgr.cpp:5367) Importing meteo data in database for day: 20150927.
2015-09-28 05:06:45,858 null [INFO] (/home/meteo/dev/redist/fwidbmgr/include/Grid.h:1595) Configuring grid: snow
2015-09-28 05:06:45,858 null [INFO] (/home/meteo/dev/redist/fwidbmgr/include/Grid.h:1695) Grid snow configured.
2015-09-28 05:06:45,869 null [INFO] (/home/meteo/dev/redist/fwidbmgr/include/Grid.h:1595) Configuring grid: snow_covering
2015-09-28 05:06:45,869 null [INFO] (/home/meteo/dev/redist/fwidbmgr/include/Grid.h:1695) Grid snow_covering configured.
2015-09-28 05:06:45,883 null [INFO] (/home/meteo/dev/redist/fwidbmgr/include/Grid.h:1595) Configuring grid: snow_dissolution
2015-09-28 05:06:45,883 null [INFO] (/home/meteo/dev/redist/fwidbmgr/include/Grid.h:1695) Grid snow_dissolution configured.
2015-09-28 05:06:45,907 null [INFO] (/home/meteo/dev/redist/fwidbmgr/include/Grid.h:1595) Configuring grid: temperature
2015-09-28 05:06:45,907 null [INFO] (/home/meteo/dev/redist/fwidbmgr/include/Grid.h:1695) Grid temperature configured.
2015-09-28 05:06:45,912 null [INFO] (/home/meteo/dev/redist/fwidbmgr/include/Grid.h:1595) Configuring grid: humidity
2015-09-28 05:06:45,912 null [INFO] (/home/meteo/dev/redist/fwidbmgr/include/Grid.h:1695) Grid humidity configured.
2015-09-28 05:06:45,923 null [INFO] (/home/meteo/dev/redist/fwidbmgr/include/Grid.h:1595) Configuring grid: windspeed
2015-09-28 05:06:45,923 null [INFO] (/home/meteo/dev/redist/fwidbmgr/include/Grid.h:1695) Grid windspeed configured.
2015-09-28 05:06:45,946 null [INFO] (/home/meteo/dev/redist/fwidbmgr/include/Grid.h:1595) Configuring grid: rain
2015-09-28 05:06:45,946 null [INFO] (/home/meteo/dev/redist/fwidbmgr/include/Grid.h:1695) Grid rain configured.
2015-09-28 05:06:45,949 null [INFO] (/home/meteo/dev/redist/fwidbmgr/include/Grid.h:1595) Configuring grid: cum_rain
2015-09-28 05:06:45,949 null [INFO] (/home/meteo/dev/redist/fwidbmgr/include/Grid.h:1695) Grid cum_rain configured.
2015-09-28 05:06:51,341 null [INFO] (../src/fwidbmgr.cpp:1502) Storing meteo input ...
2015-09-28 05:07:10,646 null [INFO] (../src/fwidbmgr.cpp:5370) OK --> 20150927 data imported.
2015-09-28 05:07:10,675 null [INFO] (../src/fwidbmgr.cpp:5496) action in took about 25 seconds.
2015-09-28 05:07:10,712 null [INFO] (../src/fwidbmgr.cpp:5499) Disconnected from database.
2015-09-28 05:08:25,433 null [INFO] (../src/fwidbmgr.cpp:5207) fwi db manager
2015-09-28 05:08:25,433 null [INFO] (../src/fwidbmgr.cpp:5209) Program home: /home/meteo/dev/redist/fwidbmgr
2015-09-28 05:08:25,433 null [INFO] (../src/fwidbmgr.cpp:5211) Auto convert: 1
2015-09-28 05:08:25,433 null [INFO] (../src/fwidbmgr.cpp:458) action: out.
2015-09-28 05:08:25,433 null [INFO] (../src/fwidbmgr.cpp:482) date: 20150927.
2015-09-28 05:08:25,433 null [INFO] (../src/fwidbmgr.cpp:319) Try to read: /home/meteo/dev/redist/fwidbmgr/config/fwidbmgr.conf.
2015-09-28 05:08:25,462 null [INFO] (../src/fwidbmgr.cpp:5240) Configuration parsing: OK.
2015-09-28 05:08:25,482 null [INFO] (../src/fwidbmgr.cpp:5322) Connected to database
2015-09-28 05:08:25,482 null [INFO] (../src/fwidbmgr.cpp:5323) Manage data for date: 20150927.
2015-09-28 05:08:25,482 null [INFO] (../src/fwidbmgr.cpp:5379) Importing fwi indexes data in database for day: 20150927.
2015-09-28 05:08:25,491 null [INFO] (/home/meteo/dev/redist/fwidbmgr/include/Grid.h:1595) Configuring grid: isi
2015-09-28 05:08:25,491 null [INFO] (/home/meteo/dev/redist/fwidbmgr/include/Grid.h:1695) Grid isi configured.
2015-09-28 05:08:25,506 null [INFO] (/home/meteo/dev/redist/fwidbmgr/include/Grid.h:1595) Configuring grid: fwi
2015-09-28 05:08:25,506 null [INFO] (/home/meteo/dev/redist/fwidbmgr/include/Grid.h:1695) Grid fwi configured.
2015-09-28 05:08:25,520 null [INFO] (/home/meteo/dev/redist/fwidbmgr/include/Grid.h:1595) Configuring grid: ffmc
2015-09-28 05:08:25,520 null [INFO] (/home/meteo/dev/redist/fwidbmgr/include/Grid.h:1695) Grid ffmc configured.
2015-09-28 05:08:25,534 null [INFO] (/home/meteo/dev/redist/fwidbmgr/include/Grid.h:1595) Configuring grid: dmc
2015-09-28 05:08:25,534 null [INFO] (/home/meteo/dev/redist/fwidbmgr/include/Grid.h:1695) Grid dmc configured.
2015-09-28 05:08:25,549 null [INFO] (/home/meteo/dev/redist/fwidbmgr/include/Grid.h:1595) Configuring grid: dc
2015-09-28 05:08:25,549 null [INFO] (/home/meteo/dev/redist/fwidbmgr/include/Grid.h:1695) Grid dc configured.
2015-09-28 05:08:25,563 null [INFO] (/home/meteo/dev/redist/fwidbmgr/include/Grid.h:1595) Configuring grid: bui
2015-09-28 05:08:25,564 null [INFO] (/home/meteo/dev/redist/fwidbmgr/include/Grid.h:1695) Grid bui configured.
2015-09-28 05:08:25,578 null [INFO] (/home/meteo/dev/redist/fwidbmgr/include/Grid.h:1595) Configuring grid: ffmc_tmp
2015-09-28 05:08:25,578 null [INFO] (/home/meteo/dev/redist/fwidbmgr/include/Grid.h:1695) Grid ffmc_tmp configured.
2015-09-28 05:08:25,645 null [INFO] (/home/meteo/dev/redist/fwidbmgr/include/Grid.h:1595) Configuring grid: dmc_tmp
2015-09-28 05:08:25,646 null [INFO] (/home/meteo/dev/redist/fwidbmgr/include/Grid.h:1695) Grid dmc_tmp configured.
2015-09-28 05:08:25,668 null [INFO] (/home/meteo/dev/redist/fwidbmgr/include/Grid.h:1595) Configuring grid: dc_tmp
2015-09-28 05:08:25,668 null [INFO] (/home/meteo/dev/redist/fwidbmgr/include/Grid.h:1695) Grid dc_tmp configured.
2015-09-28 05:08:25,689 null [INFO] (/home/meteo/dev/redist/fwidbmgr/include/Grid.h:1595) Configuring grid: idi
2015-09-28 05:08:25,689 null [INFO] (/home/meteo/dev/redist/fwidbmgr/include/Grid.h:1695) Grid idi configured.
2015-09-28 05:08:38,334 null [INFO] (../src/fwidbmgr.cpp:2045) Storing FWI indexes ...
2015-09-28 05:09:15,327 null [INFO] (../src/fwidbmgr.cpp:5382) OK --> 20150927 data imported.
2015-09-28 05:09:15,328 null [INFO] (../src/fwidbmgr.cpp:5496) action out took about 50 seconds.
2015-09-28 05:09:15,329 null [INFO] (../src/fwidbmgr.cpp:5499) Disconnected from database.
2015-09-28 05:09:15,731 null [INFO] (../src/fwidbmgr.cpp:5207) fwi db manager
2015-09-28 05:09:15,731 null [INFO] (../src/fwidbmgr.cpp:5209) Program home: /home/meteo/dev/redist/fwidbmgr
2015-09-28 05:09:15,731 null [INFO] (../src/fwidbmgr.cpp:5211) Auto convert: 1
2015-09-28 05:09:15,732 null [INFO] (../src/fwidbmgr.cpp:458) action: computeidx.
2015-09-28 05:09:15,732 null [INFO] (../src/fwidbmgr.cpp:482) date: 20150927.
2015-09-28 05:09:15,732 null [INFO] (../src/fwidbmgr.cpp:319) Try to read: /home/meteo/dev/redist/fwidbmgr/config/fwidbmgr.conf.
2015-09-28 05:09:15,745 null [INFO] (../src/fwidbmgr.cpp:5240) Configuration parsing: OK.
2015-09-28 05:09:15,778 null [INFO] (../src/fwidbmgr.cpp:5322) Connected to database
2015-09-28 05:09:15,778 null [INFO] (../src/fwidbmgr.cpp:5323) Manage data for date: 20150927.
2015-09-28 05:09:15,778 null [INFO] (../src/fwidbmgr.cpp:5463) Computing indexes.
2015-09-28 05:09:15,779 null [INFO] (/home/meteo/dev/redist/fwidbmgr/include/Grid.h:1595) Configuring grid: isi
2015-09-28 05:09:15,780 null [INFO] (/home/meteo/dev/redist/fwidbmgr/include/Grid.h:1695) Grid isi configured.
2015-09-28 05:09:15,781 null [INFO] (/home/meteo/dev/redist/fwidbmgr/include/Grid.h:1595) Configuring grid: fwi
2015-09-28 05:09:15,781 null [INFO] (/home/meteo/dev/redist/fwidbmgr/include/Grid.h:1695) Grid fwi configured.
2015-09-28 05:09:15,783 null [INFO] (/home/meteo/dev/redist/fwidbmgr/include/Grid.h:1595) Configuring grid: ffmc
2015-09-28 05:09:15,788 null [INFO] (/home/meteo/dev/redist/fwidbmgr/include/Grid.h:1695) Grid ffmc configured.
2015-09-28 05:09:15,789 null [INFO] (/home/meteo/dev/redist/fwidbmgr/include/Grid.h:1595) Configuring grid: dmc
2015-09-28 05:09:15,789 null [INFO] (/home/meteo/dev/redist/fwidbmgr/include/Grid.h:1695) Grid dmc configured.
2015-09-28 05:09:15,790 null [INFO] (/home/meteo/dev/redist/fwidbmgr/include/Grid.h:1595) Configuring grid: dc
2015-09-28 05:09:15,791 null [INFO] (/home/meteo/dev/redist/fwidbmgr/include/Grid.h:1695) Grid dc configured.
2015-09-28 05:09:15,792 null [INFO] (/home/meteo/dev/redist/fwidbmgr/include/Grid.h:1595) Configuring grid: bui
2015-09-28 05:09:15,792 null [INFO] (/home/meteo/dev/redist/fwidbmgr/include/Grid.h:1695) Grid bui configured.
2015-09-28 05:09:15,793 null [INFO] (/home/meteo/dev/redist/fwidbmgr/include/Grid.h:1595) Configuring grid: ffmc_tmp
2015-09-28 05:09:15,793 null [INFO] (/home/meteo/dev/redist/fwidbmgr/include/Grid.h:1695) Grid ffmc_tmp configured.
2015-09-28 05:09:15,795 null [INFO] (/home/meteo/dev/redist/fwidbmgr/include/Grid.h:1595) Configuring grid: dmc_tmp
2015-09-28 05:09:15,795 null [INFO] (/home/meteo/dev/redist/fwidbmgr/include/Grid.h:1695) Grid dmc_tmp configured.
2015-09-28 05:09:15,796 null [INFO] (/home/meteo/dev/redist/fwidbmgr/include/Grid.h:1595) Configuring grid: dc_tmp
2015-09-28 05:09:15,796 null [INFO] (/home/meteo/dev/redist/fwidbmgr/include/Grid.h:1695) Grid dc_tmp configured.
2015-09-28 05:09:15,798 null [INFO] (/home/meteo/dev/redist/fwidbmgr/include/Grid.h:1595) Configuring grid: idi
2015-09-28 05:09:15,798 null [INFO] (/home/meteo/dev/redist/fwidbmgr/include/Grid.h:1695) Grid idi configured.
2015-09-28 05:09:15,799 null [INFO] (/home/meteo/dev/redist/fwidbmgr/include/Grid.h:1595) Configuring grid: angstrom
2015-09-28 05:09:15,799 null [INFO] (/home/meteo/dev/redist/fwidbmgr/include/Grid.h:1695) Grid angstrom configured.
2015-09-28 05:09:15,800 null [INFO] (/home/meteo/dev/redist/fwidbmgr/include/Grid.h:1595) Configuring grid: fmi
2015-09-28 05:09:15,801 null [INFO] (/home/meteo/dev/redist/fwidbmgr/include/Grid.h:1695) Grid fmi configured.
2015-09-28 05:09:15,802 null [INFO] (/home/meteo/dev/redist/fwidbmgr/include/Grid.h:1595) Configuring grid: sharples
2015-09-28 05:09:15,802 null [INFO] (/home/meteo/dev/redist/fwidbmgr/include/Grid.h:1695) Grid sharples configured.
2015-09-28 05:09:32,296 null [INFO] (/home/meteo/dev/redist/fwidbmgr/include/Grid.h:1595) Configuring grid: snow
2015-09-28 05:09:32,301 null [INFO] (/home/meteo/dev/redist/fwidbmgr/include/Grid.h:1695) Grid snow configured.
2015-09-28 05:09:32,301 null [INFO] (/home/meteo/dev/redist/fwidbmgr/include/Grid.h:1595) Configuring grid: snow_covering
2015-09-28 05:09:32,302 null [INFO] (/home/meteo/dev/redist/fwidbmgr/include/Grid.h:1695) Grid snow_covering configured.
2015-09-28 05:09:32,302 null [INFO] (/home/meteo/dev/redist/fwidbmgr/include/Grid.h:1595) Configuring grid: snow_dissolution
2015-09-28 05:09:32,302 null [INFO] (/home/meteo/dev/redist/fwidbmgr/include/Grid.h:1695) Grid snow_dissolution configured.
2015-09-28 05:09:32,302 null [INFO] (/home/meteo/dev/redist/fwidbmgr/include/Grid.h:1595) Configuring grid: temperature
2015-09-28 05:09:32,302 null [INFO] (/home/meteo/dev/redist/fwidbmgr/include/Grid.h:1695) Grid temperature configured.
2015-09-28 05:09:32,302 null [INFO] (/home/meteo/dev/redist/fwidbmgr/include/Grid.h:1595) Configuring grid: humidity
2015-09-28 05:09:32,302 null [INFO] (/home/meteo/dev/redist/fwidbmgr/include/Grid.h:1695) Grid humidity configured.
2015-09-28 05:09:32,302 null [INFO] (/home/meteo/dev/redist/fwidbmgr/include/Grid.h:1595) Configuring grid: windspeed
2015-09-28 05:09:32,302 null [INFO] (/home/meteo/dev/redist/fwidbmgr/include/Grid.h:1695) Grid windspeed configured.
2015-09-28 05:09:32,302 null [INFO] (/home/meteo/dev/redist/fwidbmgr/include/Grid.h:1595) Configuring grid: rain
2015-09-28 05:09:32,303 null [INFO] (/home/meteo/dev/redist/fwidbmgr/include/Grid.h:1695) Grid rain configured.
2015-09-28 05:09:32,303 null [INFO] (/home/meteo/dev/redist/fwidbmgr/include/Grid.h:1595) Configuring grid: cum_rain
2015-09-28 05:09:32,303 null [INFO] (/home/meteo/dev/redist/fwidbmgr/include/Grid.h:1695) Grid cum_rain configured.
2015-09-28 05:11:47,019 null [INFO] (../src/fwidbmgr.cpp:5466) OK --> 20150927 indexes computed.
2015-09-28 05:11:47,040 null [INFO] (../src/fwidbmgr.cpp:5496) action computeidx took about 152 seconds.
2015-09-28 05:11:47,041 null [INFO] (../src/fwidbmgr.cpp:5499) Disconnected from database.
2015-09-28 05:11:47,307 null [INFO] (../src/fwidbmgr.cpp:5207) fwi db manager
2015-09-28 05:11:47,307 null [INFO] (../src/fwidbmgr.cpp:5209) Program home: /home/meteo/dev/redist/fwidbmgr
2015-09-28 05:11:47,308 null [INFO] (../src/fwidbmgr.cpp:5211) Auto convert: 1
2015-09-28 05:11:47,308 null [INFO] (../src/fwidbmgr.cpp:458) action: exportidx.
2015-09-28 05:11:47,308 null [INFO] (../src/fwidbmgr.cpp:482) date: 20150927.
2015-09-28 05:11:47,308 null [INFO] (../src/fwidbmgr.cpp:319) Try to read: /home/meteo/dev/redist/fwidbmgr/config/fwidbmgr.conf.
2015-09-28 05:11:47,312 null [INFO] (../src/fwidbmgr.cpp:5240) Configuration parsing: OK.
2015-09-28 05:11:47,353 null [INFO] (../src/fwidbmgr.cpp:5322) Connected to database
2015-09-28 05:11:47,353 null [INFO] (../src/fwidbmgr.cpp:5323) Manage data for date: 20150927.
2015-09-28 05:11:47,353 null [INFO] (../src/fwidbmgr.cpp:5415) Exporting indexes.
2015-09-28 05:11:47,364 null [INFO] (/home/meteo/dev/redist/fwidbmgr/include/Grid.h:1595) Configuring grid: isi
2015-09-28 05:11:47,364 null [INFO] (/home/meteo/dev/redist/fwidbmgr/include/Grid.h:1695) Grid isi configured.
2015-09-28 05:11:47,366 null [INFO] (/home/meteo/dev/redist/fwidbmgr/include/Grid.h:1595) Configuring grid: fwi
2015-09-28 05:11:47,366 null [INFO] (/home/meteo/dev/redist/fwidbmgr/include/Grid.h:1695) Grid fwi configured.
2015-09-28 05:11:47,367 null [INFO] (/home/meteo/dev/redist/fwidbmgr/include/Grid.h:1595) Configuring grid: ffmc
2015-09-28 05:11:47,367 null [INFO] (/home/meteo/dev/redist/fwidbmgr/include/Grid.h:1695) Grid ffmc configured.
2015-09-28 05:11:47,368 null [INFO] (/home/meteo/dev/redist/fwidbmgr/include/Grid.h:1595) Configuring grid: dmc
2015-09-28 05:11:47,369 null [INFO] (/home/meteo/dev/redist/fwidbmgr/include/Grid.h:1695) Grid dmc configured.
2015-09-28 05:11:47,370 null [INFO] (/home/meteo/dev/redist/fwidbmgr/include/Grid.h:1595) Configuring grid: dc
2015-09-28 05:11:47,370 null [INFO] (/home/meteo/dev/redist/fwidbmgr/include/Grid.h:1695) Grid dc configured.
2015-09-28 05:11:47,371 null [INFO] (/home/meteo/dev/redist/fwidbmgr/include/Grid.h:1595) Configuring grid: bui
2015-09-28 05:11:47,371 null [INFO] (/home/meteo/dev/redist/fwidbmgr/include/Grid.h:1695) Grid bui configured.
2015-09-28 05:11:47,373 null [INFO] (/home/meteo/dev/redist/fwidbmgr/include/Grid.h:1595) Configuring grid: ffmc_tmp
2015-09-28 05:11:47,373 null [INFO] (/home/meteo/dev/redist/fwidbmgr/include/Grid.h:1695) Grid ffmc_tmp configured.
2015-09-28 05:11:47,374 null [INFO] (/home/meteo/dev/redist/fwidbmgr/include/Grid.h:1595) Configuring grid: dmc_tmp
2015-09-28 05:11:47,374 null [INFO] (/home/meteo/dev/redist/fwidbmgr/include/Grid.h:1695) Grid dmc_tmp configured.
2015-09-28 05:11:47,376 null [INFO] (/home/meteo/dev/redist/fwidbmgr/include/Grid.h:1595) Configuring grid: dc_tmp
2015-09-28 05:11:47,376 null [INFO] (/home/meteo/dev/redist/fwidbmgr/include/Grid.h:1695) Grid dc_tmp configured.
2015-09-28 05:11:47,377 null [INFO] (/home/meteo/dev/redist/fwidbmgr/include/Grid.h:1595) Configuring grid: idi
2015-09-28 05:11:47,377 null [INFO] (/home/meteo/dev/redist/fwidbmgr/include/Grid.h:1695) Grid idi configured.
2015-09-28 05:11:47,378 null [INFO] (/home/meteo/dev/redist/fwidbmgr/include/Grid.h:1595) Configuring grid: angstrom
2015-09-28 05:11:47,379 null [INFO] (/home/meteo/dev/redist/fwidbmgr/include/Grid.h:1695) Grid angstrom configured.
2015-09-28 05:11:47,380 null [INFO] (/home/meteo/dev/redist/fwidbmgr/include/Grid.h:1595) Configuring grid: fmi
2015-09-28 05:11:47,380 null [INFO] (/home/meteo/dev/redist/fwidbmgr/include/Grid.h:1695) Grid fmi configured.
2015-09-28 05:11:47,381 null [INFO] (/home/meteo/dev/redist/fwidbmgr/include/Grid.h:1595) Configuring grid: sharples
2015-09-28 05:11:47,382 null [INFO] (/home/meteo/dev/redist/fwidbmgr/include/Grid.h:1695) Grid sharples configured.
2015-09-28 05:12:01,158 null [INFO] (/home/meteo/dev/redist/fwidbmgr/include/Grid.h:1595) Configuring grid: isi
2015-09-28 05:12:01,162 null [INFO] (/home/meteo/dev/redist/fwidbmgr/include/Grid.h:1695) Grid isi configured.
2015-09-28 05:12:01,204 null [INFO] (/home/meteo/dev/redist/fwidbmgr/include/Grid.h:1595) Configuring grid: fwi
2015-09-28 05:12:01,204 null [INFO] (/home/meteo/dev/redist/fwidbmgr/include/Grid.h:1695) Grid fwi configured.
2015-09-28 05:12:01,242 null [INFO] (/home/meteo/dev/redist/fwidbmgr/include/Grid.h:1595) Configuring grid: ffmc
2015-09-28 05:12:01,242 null [INFO] (/home/meteo/dev/redist/fwidbmgr/include/Grid.h:1695) Grid ffmc configured.
2015-09-28 05:12:01,281 null [INFO] (/home/meteo/dev/redist/fwidbmgr/include/Grid.h:1595) Configuring grid: dmc
2015-09-28 05:12:01,281 null [INFO] (/home/meteo/dev/redist/fwidbmgr/include/Grid.h:1695) Grid dmc configured.
2015-09-28 05:12:01,319 null [INFO] (/home/meteo/dev/redist/fwidbmgr/include/Grid.h:1595) Configuring grid: dc
2015-09-28 05:12:01,319 null [INFO] (/home/meteo/dev/redist/fwidbmgr/include/Grid.h:1695) Grid dc configured.
2015-09-28 05:12:01,358 null [INFO] (/home/meteo/dev/redist/fwidbmgr/include/Grid.h:1595) Configuring grid: bui
2015-09-28 05:12:01,359 null [INFO] (/home/meteo/dev/redist/fwidbmgr/include/Grid.h:1695) Grid bui configured.
2015-09-28 05:12:01,397 null [INFO] (/home/meteo/dev/redist/fwidbmgr/include/Grid.h:1595) Configuring grid: ffmc_tmp
2015-09-28 05:12:01,397 null [INFO] (/home/meteo/dev/redist/fwidbmgr/include/Grid.h:1695) Grid ffmc_tmp configured.
2015-09-28 05:12:01,435 null [INFO] (/home/meteo/dev/redist/fwidbmgr/include/Grid.h:1595) Configuring grid: dmc_tmp
2015-09-28 05:12:01,435 null [INFO] (/home/meteo/dev/redist/fwidbmgr/include/Grid.h:1695) Grid dmc_tmp configured.
2015-09-28 05:12:01,471 null [INFO] (/home/meteo/dev/redist/fwidbmgr/include/Grid.h:1595) Configuring grid: dc_tmp
2015-09-28 05:12:01,471 null [INFO] (/home/meteo/dev/redist/fwidbmgr/include/Grid.h:1695) Grid dc_tmp configured.
2015-09-28 05:12:01,509 null [INFO] (/home/meteo/dev/redist/fwidbmgr/include/Grid.h:1595) Configuring grid: angstrom
2015-09-28 05:12:01,509 null [INFO] (/home/meteo/dev/redist/fwidbmgr/include/Grid.h:1695) Grid angstrom configured.
2015-09-28 05:12:01,575 null [INFO] (/home/meteo/dev/redist/fwidbmgr/include/Grid.h:1595) Configuring grid: sharples
2015-09-28 05:12:01,575 null [INFO] (/home/meteo/dev/redist/fwidbmgr/include/Grid.h:1695) Grid sharples configured.
2015-09-28 05:12:01,615 null [INFO] (/home/meteo/dev/redist/fwidbmgr/include/Grid.h:1595) Configuring grid: fmi
2015-09-28 05:12:01,615 null [INFO] (/home/meteo/dev/redist/fwidbmgr/include/Grid.h:1695) Grid fmi configured.
2015-09-28 05:12:01,657 null [INFO] (../src/fwidbmgr.cpp:5418) OK --> 20150927 indexes exported to files.
2015-09-28 05:12:01,657 null [INFO] (../src/fwidbmgr.cpp:5496) action exportidx took about 14 seconds.
2015-09-28 05:12:01,657 null [INFO] (../src/fwidbmgr.cpp:5499) Disconnected from database.
