2016-01-12 05:07:09,940 null [INFO] (../src/fwidbmgr.cpp:5207) fwi db manager
2016-01-12 05:07:09,942 null [INFO] (../src/fwidbmgr.cpp:5209) Program home: /home/meteo/dev/redist/fwidbmgr
2016-01-12 05:07:09,942 null [INFO] (../src/fwidbmgr.cpp:5211) Auto convert: 1
2016-01-12 05:07:09,942 null [INFO] (../src/fwidbmgr.cpp:458) action: in.
2016-01-12 05:07:09,942 null [INFO] (../src/fwidbmgr.cpp:482) date: 20160111.
2016-01-12 05:07:09,942 null [INFO] (../src/fwidbmgr.cpp:319) Try to read: /home/meteo/dev/redist/fwidbmgr/config/fwidbmgr.conf.
2016-01-12 05:07:09,996 null [INFO] (../src/fwidbmgr.cpp:5240) Configuration parsing: OK.
2016-01-12 05:07:10,873 null [INFO] (../src/fwidbmgr.cpp:5322) Connected to database
2016-01-12 05:07:10,873 null [INFO] (../src/fwidbmgr.cpp:5323) Manage data for date: 20160111.
2016-01-12 05:07:10,873 null [INFO] (../src/fwidbmgr.cpp:5367) Importing meteo data in database for day: 20160111.
2016-01-12 05:07:10,875 null [INFO] (/home/meteo/dev/redist/fwidbmgr/include/Grid.h:1595) Configuring grid: snow
2016-01-12 05:07:10,875 null [INFO] (/home/meteo/dev/redist/fwidbmgr/include/Grid.h:1695) Grid snow configured.
2016-01-12 05:07:10,886 null [INFO] (/home/meteo/dev/redist/fwidbmgr/include/Grid.h:1595) Configuring grid: snow_covering
2016-01-12 05:07:10,887 null [INFO] (/home/meteo/dev/redist/fwidbmgr/include/Grid.h:1695) Grid snow_covering configured.
2016-01-12 05:07:10,900 null [INFO] (/home/meteo/dev/redist/fwidbmgr/include/Grid.h:1595) Configuring grid: snow_dissolution
2016-01-12 05:07:10,900 null [INFO] (/home/meteo/dev/redist/fwidbmgr/include/Grid.h:1695) Grid snow_dissolution configured.
2016-01-12 05:07:10,923 null [INFO] (/home/meteo/dev/redist/fwidbmgr/include/Grid.h:1595) Configuring grid: temperature
2016-01-12 05:07:10,924 null [INFO] (/home/meteo/dev/redist/fwidbmgr/include/Grid.h:1695) Grid temperature configured.
2016-01-12 05:07:10,929 null [INFO] (/home/meteo/dev/redist/fwidbmgr/include/Grid.h:1595) Configuring grid: humidity
2016-01-12 05:07:10,929 null [INFO] (/home/meteo/dev/redist/fwidbmgr/include/Grid.h:1695) Grid humidity configured.
2016-01-12 05:07:10,939 null [INFO] (/home/meteo/dev/redist/fwidbmgr/include/Grid.h:1595) Configuring grid: windspeed
2016-01-12 05:07:10,940 null [INFO] (/home/meteo/dev/redist/fwidbmgr/include/Grid.h:1695) Grid windspeed configured.
2016-01-12 05:07:10,963 null [INFO] (/home/meteo/dev/redist/fwidbmgr/include/Grid.h:1595) Configuring grid: rain
2016-01-12 05:07:10,963 null [INFO] (/home/meteo/dev/redist/fwidbmgr/include/Grid.h:1695) Grid rain configured.
2016-01-12 05:07:10,966 null [INFO] (/home/meteo/dev/redist/fwidbmgr/include/Grid.h:1595) Configuring grid: cum_rain
2016-01-12 05:07:10,966 null [INFO] (/home/meteo/dev/redist/fwidbmgr/include/Grid.h:1695) Grid cum_rain configured.
2016-01-12 05:07:14,865 null [INFO] (../src/fwidbmgr.cpp:1502) Storing meteo input ...
2016-01-12 05:07:34,834 null [INFO] (../src/fwidbmgr.cpp:5370) OK --> 20160111 data imported.
2016-01-12 05:07:34,843 null [INFO] (../src/fwidbmgr.cpp:5496) action in took about 24 seconds.
2016-01-12 05:07:35,422 null [INFO] (../src/fwidbmgr.cpp:5499) Disconnected from database.
2016-01-12 05:09:09,658 null [INFO] (../src/fwidbmgr.cpp:5207) fwi db manager
2016-01-12 05:09:09,658 null [INFO] (../src/fwidbmgr.cpp:5209) Program home: /home/meteo/dev/redist/fwidbmgr
2016-01-12 05:09:09,658 null [INFO] (../src/fwidbmgr.cpp:5211) Auto convert: 1
2016-01-12 05:09:09,658 null [INFO] (../src/fwidbmgr.cpp:458) action: out.
2016-01-12 05:09:09,658 null [INFO] (../src/fwidbmgr.cpp:482) date: 20160111.
2016-01-12 05:09:09,658 null [INFO] (../src/fwidbmgr.cpp:319) Try to read: /home/meteo/dev/redist/fwidbmgr/config/fwidbmgr.conf.
2016-01-12 05:09:09,693 null [INFO] (../src/fwidbmgr.cpp:5240) Configuration parsing: OK.
2016-01-12 05:09:09,696 null [INFO] (../src/fwidbmgr.cpp:5322) Connected to database
2016-01-12 05:09:09,696 null [INFO] (../src/fwidbmgr.cpp:5323) Manage data for date: 20160111.
2016-01-12 05:09:09,696 null [INFO] (../src/fwidbmgr.cpp:5379) Importing fwi indexes data in database for day: 20160111.
2016-01-12 05:09:09,697 null [INFO] (/home/meteo/dev/redist/fwidbmgr/include/Grid.h:1595) Configuring grid: isi
2016-01-12 05:09:09,698 null [INFO] (/home/meteo/dev/redist/fwidbmgr/include/Grid.h:1695) Grid isi configured.
2016-01-12 05:09:09,711 null [INFO] (/home/meteo/dev/redist/fwidbmgr/include/Grid.h:1595) Configuring grid: fwi
2016-01-12 05:09:09,711 null [INFO] (/home/meteo/dev/redist/fwidbmgr/include/Grid.h:1695) Grid fwi configured.
2016-01-12 05:09:09,725 null [INFO] (/home/meteo/dev/redist/fwidbmgr/include/Grid.h:1595) Configuring grid: ffmc
2016-01-12 05:09:09,725 null [INFO] (/home/meteo/dev/redist/fwidbmgr/include/Grid.h:1695) Grid ffmc configured.
2016-01-12 05:09:09,739 null [INFO] (/home/meteo/dev/redist/fwidbmgr/include/Grid.h:1595) Configuring grid: dmc
2016-01-12 05:09:09,739 null [INFO] (/home/meteo/dev/redist/fwidbmgr/include/Grid.h:1695) Grid dmc configured.
2016-01-12 05:09:09,753 null [INFO] (/home/meteo/dev/redist/fwidbmgr/include/Grid.h:1595) Configuring grid: dc
2016-01-12 05:09:09,753 null [INFO] (/home/meteo/dev/redist/fwidbmgr/include/Grid.h:1695) Grid dc configured.
2016-01-12 05:09:09,767 null [INFO] (/home/meteo/dev/redist/fwidbmgr/include/Grid.h:1595) Configuring grid: bui
2016-01-12 05:09:09,767 null [INFO] (/home/meteo/dev/redist/fwidbmgr/include/Grid.h:1695) Grid bui configured.
2016-01-12 05:09:09,781 null [INFO] (/home/meteo/dev/redist/fwidbmgr/include/Grid.h:1595) Configuring grid: ffmc_tmp
2016-01-12 05:09:09,781 null [INFO] (/home/meteo/dev/redist/fwidbmgr/include/Grid.h:1695) Grid ffmc_tmp configured.
2016-01-12 05:09:10,367 null [INFO] (/home/meteo/dev/redist/fwidbmgr/include/Grid.h:1595) Configuring grid: dmc_tmp
2016-01-12 05:09:10,367 null [INFO] (/home/meteo/dev/redist/fwidbmgr/include/Grid.h:1695) Grid dmc_tmp configured.
2016-01-12 05:09:10,423 null [INFO] (/home/meteo/dev/redist/fwidbmgr/include/Grid.h:1595) Configuring grid: dc_tmp
2016-01-12 05:09:10,423 null [INFO] (/home/meteo/dev/redist/fwidbmgr/include/Grid.h:1695) Grid dc_tmp configured.
2016-01-12 05:09:10,448 null [INFO] (/home/meteo/dev/redist/fwidbmgr/include/Grid.h:1595) Configuring grid: idi
2016-01-12 05:09:10,448 null [INFO] (/home/meteo/dev/redist/fwidbmgr/include/Grid.h:1695) Grid idi configured.
2016-01-12 05:09:16,087 null [INFO] (../src/fwidbmgr.cpp:2045) Storing FWI indexes ...
2016-01-12 05:09:24,203 null [INFO] (../src/fwidbmgr.cpp:5382) OK --> 20160111 data imported.
2016-01-12 05:09:24,203 null [INFO] (../src/fwidbmgr.cpp:5496) action out took about 15 seconds.
2016-01-12 05:09:24,204 null [INFO] (../src/fwidbmgr.cpp:5499) Disconnected from database.
2016-01-12 05:09:24,218 null [INFO] (../src/fwidbmgr.cpp:5207) fwi db manager
2016-01-12 05:09:24,218 null [INFO] (../src/fwidbmgr.cpp:5209) Program home: /home/meteo/dev/redist/fwidbmgr
2016-01-12 05:09:24,218 null [INFO] (../src/fwidbmgr.cpp:5211) Auto convert: 1
2016-01-12 05:09:24,218 null [INFO] (../src/fwidbmgr.cpp:458) action: computeidx.
2016-01-12 05:09:24,218 null [INFO] (../src/fwidbmgr.cpp:482) date: 20160111.
2016-01-12 05:09:24,218 null [INFO] (../src/fwidbmgr.cpp:319) Try to read: /home/meteo/dev/redist/fwidbmgr/config/fwidbmgr.conf.
2016-01-12 05:09:24,220 null [INFO] (../src/fwidbmgr.cpp:5240) Configuration parsing: OK.
2016-01-12 05:09:24,223 null [INFO] (../src/fwidbmgr.cpp:5322) Connected to database
2016-01-12 05:09:24,223 null [INFO] (../src/fwidbmgr.cpp:5323) Manage data for date: 20160111.
2016-01-12 05:09:24,223 null [INFO] (../src/fwidbmgr.cpp:5463) Computing indexes.
2016-01-12 05:09:24,224 null [INFO] (/home/meteo/dev/redist/fwidbmgr/include/Grid.h:1595) Configuring grid: isi
2016-01-12 05:09:24,224 null [INFO] (/home/meteo/dev/redist/fwidbmgr/include/Grid.h:1695) Grid isi configured.
2016-01-12 05:09:24,226 null [INFO] (/home/meteo/dev/redist/fwidbmgr/include/Grid.h:1595) Configuring grid: fwi
2016-01-12 05:09:24,226 null [INFO] (/home/meteo/dev/redist/fwidbmgr/include/Grid.h:1695) Grid fwi configured.
2016-01-12 05:09:24,227 null [INFO] (/home/meteo/dev/redist/fwidbmgr/include/Grid.h:1595) Configuring grid: ffmc
2016-01-12 05:09:24,227 null [INFO] (/home/meteo/dev/redist/fwidbmgr/include/Grid.h:1695) Grid ffmc configured.
2016-01-12 05:09:24,229 null [INFO] (/home/meteo/dev/redist/fwidbmgr/include/Grid.h:1595) Configuring grid: dmc
2016-01-12 05:09:24,229 null [INFO] (/home/meteo/dev/redist/fwidbmgr/include/Grid.h:1695) Grid dmc configured.
2016-01-12 05:09:24,230 null [INFO] (/home/meteo/dev/redist/fwidbmgr/include/Grid.h:1595) Configuring grid: dc
2016-01-12 05:09:24,230 null [INFO] (/home/meteo/dev/redist/fwidbmgr/include/Grid.h:1695) Grid dc configured.
2016-01-12 05:09:24,231 null [INFO] (/home/meteo/dev/redist/fwidbmgr/include/Grid.h:1595) Configuring grid: bui
2016-01-12 05:09:24,232 null [INFO] (/home/meteo/dev/redist/fwidbmgr/include/Grid.h:1695) Grid bui configured.
2016-01-12 05:09:24,233 null [INFO] (/home/meteo/dev/redist/fwidbmgr/include/Grid.h:1595) Configuring grid: ffmc_tmp
2016-01-12 05:09:24,233 null [INFO] (/home/meteo/dev/redist/fwidbmgr/include/Grid.h:1695) Grid ffmc_tmp configured.
2016-01-12 05:09:24,234 null [INFO] (/home/meteo/dev/redist/fwidbmgr/include/Grid.h:1595) Configuring grid: dmc_tmp
2016-01-12 05:09:24,234 null [INFO] (/home/meteo/dev/redist/fwidbmgr/include/Grid.h:1695) Grid dmc_tmp configured.
2016-01-12 05:09:24,236 null [INFO] (/home/meteo/dev/redist/fwidbmgr/include/Grid.h:1595) Configuring grid: dc_tmp
2016-01-12 05:09:24,236 null [INFO] (/home/meteo/dev/redist/fwidbmgr/include/Grid.h:1695) Grid dc_tmp configured.
2016-01-12 05:09:24,237 null [INFO] (/home/meteo/dev/redist/fwidbmgr/include/Grid.h:1595) Configuring grid: idi
2016-01-12 05:09:24,237 null [INFO] (/home/meteo/dev/redist/fwidbmgr/include/Grid.h:1695) Grid idi configured.
2016-01-12 05:09:24,238 null [INFO] (/home/meteo/dev/redist/fwidbmgr/include/Grid.h:1595) Configuring grid: angstrom
2016-01-12 05:09:24,239 null [INFO] (/home/meteo/dev/redist/fwidbmgr/include/Grid.h:1695) Grid angstrom configured.
2016-01-12 05:09:24,240 null [INFO] (/home/meteo/dev/redist/fwidbmgr/include/Grid.h:1595) Configuring grid: fmi
2016-01-12 05:09:24,240 null [INFO] (/home/meteo/dev/redist/fwidbmgr/include/Grid.h:1695) Grid fmi configured.
2016-01-12 05:09:24,241 null [INFO] (/home/meteo/dev/redist/fwidbmgr/include/Grid.h:1595) Configuring grid: sharples
2016-01-12 05:09:24,241 null [INFO] (/home/meteo/dev/redist/fwidbmgr/include/Grid.h:1695) Grid sharples configured.
2016-01-12 05:09:24,874 null [INFO] (/home/meteo/dev/redist/fwidbmgr/include/Grid.h:1595) Configuring grid: snow
2016-01-12 05:09:24,874 null [INFO] (/home/meteo/dev/redist/fwidbmgr/include/Grid.h:1695) Grid snow configured.
2016-01-12 05:09:24,874 null [INFO] (/home/meteo/dev/redist/fwidbmgr/include/Grid.h:1595) Configuring grid: snow_covering
2016-01-12 05:09:24,874 null [INFO] (/home/meteo/dev/redist/fwidbmgr/include/Grid.h:1695) Grid snow_covering configured.
2016-01-12 05:09:24,875 null [INFO] (/home/meteo/dev/redist/fwidbmgr/include/Grid.h:1595) Configuring grid: snow_dissolution
2016-01-12 05:09:24,875 null [INFO] (/home/meteo/dev/redist/fwidbmgr/include/Grid.h:1695) Grid snow_dissolution configured.
2016-01-12 05:09:24,875 null [INFO] (/home/meteo/dev/redist/fwidbmgr/include/Grid.h:1595) Configuring grid: temperature
2016-01-12 05:09:24,875 null [INFO] (/home/meteo/dev/redist/fwidbmgr/include/Grid.h:1695) Grid temperature configured.
2016-01-12 05:09:24,875 null [INFO] (/home/meteo/dev/redist/fwidbmgr/include/Grid.h:1595) Configuring grid: humidity
2016-01-12 05:09:24,875 null [INFO] (/home/meteo/dev/redist/fwidbmgr/include/Grid.h:1695) Grid humidity configured.
2016-01-12 05:09:24,875 null [INFO] (/home/meteo/dev/redist/fwidbmgr/include/Grid.h:1595) Configuring grid: windspeed
2016-01-12 05:09:24,875 null [INFO] (/home/meteo/dev/redist/fwidbmgr/include/Grid.h:1695) Grid windspeed configured.
2016-01-12 05:09:24,875 null [INFO] (/home/meteo/dev/redist/fwidbmgr/include/Grid.h:1595) Configuring grid: rain
2016-01-12 05:09:24,875 null [INFO] (/home/meteo/dev/redist/fwidbmgr/include/Grid.h:1695) Grid rain configured.
2016-01-12 05:09:24,876 null [INFO] (/home/meteo/dev/redist/fwidbmgr/include/Grid.h:1595) Configuring grid: cum_rain
2016-01-12 05:09:24,876 null [INFO] (/home/meteo/dev/redist/fwidbmgr/include/Grid.h:1695) Grid cum_rain configured.
2016-01-12 05:11:24,877 null [INFO] (../src/fwidbmgr.cpp:5466) OK --> 20160111 indexes computed.
2016-01-12 05:11:24,877 null [INFO] (../src/fwidbmgr.cpp:5496) action computeidx took about 120 seconds.
2016-01-12 05:11:24,877 null [INFO] (../src/fwidbmgr.cpp:5499) Disconnected from database.
2016-01-12 05:11:24,893 null [INFO] (../src/fwidbmgr.cpp:5207) fwi db manager
2016-01-12 05:11:24,894 null [INFO] (../src/fwidbmgr.cpp:5209) Program home: /home/meteo/dev/redist/fwidbmgr
2016-01-12 05:11:24,894 null [INFO] (../src/fwidbmgr.cpp:5211) Auto convert: 1
2016-01-12 05:11:24,894 null [INFO] (../src/fwidbmgr.cpp:458) action: exportidx.
2016-01-12 05:11:24,894 null [INFO] (../src/fwidbmgr.cpp:482) date: 20160111.
2016-01-12 05:11:24,894 null [INFO] (../src/fwidbmgr.cpp:319) Try to read: /home/meteo/dev/redist/fwidbmgr/config/fwidbmgr.conf.
2016-01-12 05:11:24,896 null [INFO] (../src/fwidbmgr.cpp:5240) Configuration parsing: OK.
2016-01-12 05:11:24,899 null [INFO] (../src/fwidbmgr.cpp:5322) Connected to database
2016-01-12 05:11:24,899 null [INFO] (../src/fwidbmgr.cpp:5323) Manage data for date: 20160111.
2016-01-12 05:11:24,899 null [INFO] (../src/fwidbmgr.cpp:5415) Exporting indexes.
2016-01-12 05:11:24,901 null [INFO] (/home/meteo/dev/redist/fwidbmgr/include/Grid.h:1595) Configuring grid: isi
2016-01-12 05:11:24,901 null [INFO] (/home/meteo/dev/redist/fwidbmgr/include/Grid.h:1695) Grid isi configured.
2016-01-12 05:11:24,903 null [INFO] (/home/meteo/dev/redist/fwidbmgr/include/Grid.h:1595) Configuring grid: fwi
2016-01-12 05:11:24,903 null [INFO] (/home/meteo/dev/redist/fwidbmgr/include/Grid.h:1695) Grid fwi configured.
2016-01-12 05:11:24,904 null [INFO] (/home/meteo/dev/redist/fwidbmgr/include/Grid.h:1595) Configuring grid: ffmc
2016-01-12 05:11:24,904 null [INFO] (/home/meteo/dev/redist/fwidbmgr/include/Grid.h:1695) Grid ffmc configured.
2016-01-12 05:11:24,906 null [INFO] (/home/meteo/dev/redist/fwidbmgr/include/Grid.h:1595) Configuring grid: dmc
2016-01-12 05:11:24,906 null [INFO] (/home/meteo/dev/redist/fwidbmgr/include/Grid.h:1695) Grid dmc configured.
2016-01-12 05:11:24,907 null [INFO] (/home/meteo/dev/redist/fwidbmgr/include/Grid.h:1595) Configuring grid: dc
2016-01-12 05:11:24,907 null [INFO] (/home/meteo/dev/redist/fwidbmgr/include/Grid.h:1695) Grid dc configured.
2016-01-12 05:11:24,909 null [INFO] (/home/meteo/dev/redist/fwidbmgr/include/Grid.h:1595) Configuring grid: bui
2016-01-12 05:11:24,909 null [INFO] (/home/meteo/dev/redist/fwidbmgr/include/Grid.h:1695) Grid bui configured.
2016-01-12 05:11:24,910 null [INFO] (/home/meteo/dev/redist/fwidbmgr/include/Grid.h:1595) Configuring grid: ffmc_tmp
2016-01-12 05:11:24,911 null [INFO] (/home/meteo/dev/redist/fwidbmgr/include/Grid.h:1695) Grid ffmc_tmp configured.
2016-01-12 05:11:24,912 null [INFO] (/home/meteo/dev/redist/fwidbmgr/include/Grid.h:1595) Configuring grid: dmc_tmp
2016-01-12 05:11:24,912 null [INFO] (/home/meteo/dev/redist/fwidbmgr/include/Grid.h:1695) Grid dmc_tmp configured.
2016-01-12 05:11:24,914 null [INFO] (/home/meteo/dev/redist/fwidbmgr/include/Grid.h:1595) Configuring grid: dc_tmp
2016-01-12 05:11:24,914 null [INFO] (/home/meteo/dev/redist/fwidbmgr/include/Grid.h:1695) Grid dc_tmp configured.
2016-01-12 05:11:24,915 null [INFO] (/home/meteo/dev/redist/fwidbmgr/include/Grid.h:1595) Configuring grid: idi
2016-01-12 05:11:24,915 null [INFO] (/home/meteo/dev/redist/fwidbmgr/include/Grid.h:1695) Grid idi configured.
2016-01-12 05:11:24,917 null [INFO] (/home/meteo/dev/redist/fwidbmgr/include/Grid.h:1595) Configuring grid: angstrom
2016-01-12 05:11:24,917 null [INFO] (/home/meteo/dev/redist/fwidbmgr/include/Grid.h:1695) Grid angstrom configured.
2016-01-12 05:11:24,918 null [INFO] (/home/meteo/dev/redist/fwidbmgr/include/Grid.h:1595) Configuring grid: fmi
2016-01-12 05:11:24,918 null [INFO] (/home/meteo/dev/redist/fwidbmgr/include/Grid.h:1695) Grid fmi configured.
2016-01-12 05:11:24,920 null [INFO] (/home/meteo/dev/redist/fwidbmgr/include/Grid.h:1595) Configuring grid: sharples
2016-01-12 05:11:24,920 null [INFO] (/home/meteo/dev/redist/fwidbmgr/include/Grid.h:1695) Grid sharples configured.
2016-01-12 05:11:25,600 null [INFO] (/home/meteo/dev/redist/fwidbmgr/include/Grid.h:1595) Configuring grid: isi
2016-01-12 05:11:25,601 null [INFO] (/home/meteo/dev/redist/fwidbmgr/include/Grid.h:1695) Grid isi configured.
2016-01-12 05:11:25,639 null [INFO] (/home/meteo/dev/redist/fwidbmgr/include/Grid.h:1595) Configuring grid: fwi
2016-01-12 05:11:25,639 null [INFO] (/home/meteo/dev/redist/fwidbmgr/include/Grid.h:1695) Grid fwi configured.
2016-01-12 05:11:25,677 null [INFO] (/home/meteo/dev/redist/fwidbmgr/include/Grid.h:1595) Configuring grid: ffmc
2016-01-12 05:11:25,677 null [INFO] (/home/meteo/dev/redist/fwidbmgr/include/Grid.h:1695) Grid ffmc configured.
2016-01-12 05:11:25,716 null [INFO] (/home/meteo/dev/redist/fwidbmgr/include/Grid.h:1595) Configuring grid: dmc
2016-01-12 05:11:25,716 null [INFO] (/home/meteo/dev/redist/fwidbmgr/include/Grid.h:1695) Grid dmc configured.
2016-01-12 05:11:25,753 null [INFO] (/home/meteo/dev/redist/fwidbmgr/include/Grid.h:1595) Configuring grid: dc
2016-01-12 05:11:25,753 null [INFO] (/home/meteo/dev/redist/fwidbmgr/include/Grid.h:1695) Grid dc configured.
2016-01-12 05:11:25,791 null [INFO] (/home/meteo/dev/redist/fwidbmgr/include/Grid.h:1595) Configuring grid: bui
2016-01-12 05:11:25,791 null [INFO] (/home/meteo/dev/redist/fwidbmgr/include/Grid.h:1695) Grid bui configured.
2016-01-12 05:11:25,828 null [INFO] (/home/meteo/dev/redist/fwidbmgr/include/Grid.h:1595) Configuring grid: ffmc_tmp
2016-01-12 05:11:25,829 null [INFO] (/home/meteo/dev/redist/fwidbmgr/include/Grid.h:1695) Grid ffmc_tmp configured.
2016-01-12 05:11:25,866 null [INFO] (/home/meteo/dev/redist/fwidbmgr/include/Grid.h:1595) Configuring grid: dmc_tmp
2016-01-12 05:11:25,866 null [INFO] (/home/meteo/dev/redist/fwidbmgr/include/Grid.h:1695) Grid dmc_tmp configured.
2016-01-12 05:11:25,900 null [INFO] (/home/meteo/dev/redist/fwidbmgr/include/Grid.h:1595) Configuring grid: dc_tmp
2016-01-12 05:11:25,900 null [INFO] (/home/meteo/dev/redist/fwidbmgr/include/Grid.h:1695) Grid dc_tmp configured.
2016-01-12 05:11:25,936 null [INFO] (/home/meteo/dev/redist/fwidbmgr/include/Grid.h:1595) Configuring grid: angstrom
2016-01-12 05:11:25,937 null [INFO] (/home/meteo/dev/redist/fwidbmgr/include/Grid.h:1695) Grid angstrom configured.
2016-01-12 05:11:26,007 null [INFO] (/home/meteo/dev/redist/fwidbmgr/include/Grid.h:1595) Configuring grid: sharples
2016-01-12 05:11:26,008 null [INFO] (/home/meteo/dev/redist/fwidbmgr/include/Grid.h:1695) Grid sharples configured.
2016-01-12 05:11:26,049 null [INFO] (/home/meteo/dev/redist/fwidbmgr/include/Grid.h:1595) Configuring grid: fmi
2016-01-12 05:11:26,049 null [INFO] (/home/meteo/dev/redist/fwidbmgr/include/Grid.h:1695) Grid fmi configured.
2016-01-12 05:11:26,091 null [INFO] (../src/fwidbmgr.cpp:5418) OK --> 20160111 indexes exported to files.
2016-01-12 05:11:26,092 null [INFO] (../src/fwidbmgr.cpp:5496) action exportidx took about 2 seconds.
2016-01-12 05:11:26,093 null [INFO] (../src/fwidbmgr.cpp:5499) Disconnected from database.
