2019-04-05 05:05:45,767 null [INFO] (../src/fwidbmgr.cpp:5361) fwi db manager
2019-04-05 05:05:45,767 null [INFO] (../src/fwidbmgr.cpp:5365) Program home: /home/meteo/dev/redist/fwidbmgr
2019-04-05 05:05:45,767 null [INFO] (../src/fwidbmgr.cpp:5369) Auto convert: 1
2019-04-05 05:05:45,767 null [INFO] (../src/fwidbmgr.cpp:446) action: in.
2019-04-05 05:05:45,768 null [INFO] (../src/fwidbmgr.cpp:470) date: 20190404.
2019-04-05 05:05:45,768 null [INFO] (../src/fwidbmgr.cpp:322) Try to read: /home/meteo/dev/redist/fwidbmgr/config/fwidbmgr.conf.
2019-04-05 05:05:45,770 null [INFO] (../src/fwidbmgr.cpp:5393) Configuration parsing: OK.
2019-04-05 05:05:45,791 null [INFO] (../src/fwidbmgr.cpp:5478) Connected to database
2019-04-05 05:05:45,791 null [INFO] (../src/fwidbmgr.cpp:5480) Manage data for date: 20190404.
2019-04-05 05:05:45,792 null [INFO] (../src/fwidbmgr.cpp:5536) Importing meteo data in database for day: 20190404.
2019-04-05 05:05:45,801 null [INFO] (/home/meteo/dev/redist/fwidbmgr/include/Grid.h:1595) Configuring grid: snow
2019-04-05 05:05:45,801 null [INFO] (/home/meteo/dev/redist/fwidbmgr/include/Grid.h:1695) Grid snow configured.
2019-04-05 05:05:45,814 null [INFO] (/home/meteo/dev/redist/fwidbmgr/include/Grid.h:1595) Configuring grid: snow_covering
2019-04-05 05:05:45,814 null [INFO] (/home/meteo/dev/redist/fwidbmgr/include/Grid.h:1695) Grid snow_covering configured.
2019-04-05 05:05:45,821 null [INFO] (/home/meteo/dev/redist/fwidbmgr/include/Grid.h:1595) Configuring grid: snow_dissolution
2019-04-05 05:05:45,821 null [INFO] (/home/meteo/dev/redist/fwidbmgr/include/Grid.h:1695) Grid snow_dissolution configured.
2019-04-05 05:05:45,833 null [INFO] (/home/meteo/dev/redist/fwidbmgr/include/Grid.h:1595) Configuring grid: temperature
2019-04-05 05:05:45,834 null [INFO] (/home/meteo/dev/redist/fwidbmgr/include/Grid.h:1695) Grid temperature configured.
2019-04-05 05:05:45,837 null [INFO] (/home/meteo/dev/redist/fwidbmgr/include/Grid.h:1595) Configuring grid: humidity
2019-04-05 05:05:45,837 null [INFO] (/home/meteo/dev/redist/fwidbmgr/include/Grid.h:1695) Grid humidity configured.
2019-04-05 05:05:45,843 null [INFO] (/home/meteo/dev/redist/fwidbmgr/include/Grid.h:1595) Configuring grid: windspeed
2019-04-05 05:05:45,843 null [INFO] (/home/meteo/dev/redist/fwidbmgr/include/Grid.h:1695) Grid windspeed configured.
2019-04-05 05:05:45,857 null [INFO] (/home/meteo/dev/redist/fwidbmgr/include/Grid.h:1595) Configuring grid: rain
2019-04-05 05:05:45,857 null [INFO] (/home/meteo/dev/redist/fwidbmgr/include/Grid.h:1695) Grid rain configured.
2019-04-05 05:05:45,859 null [INFO] (/home/meteo/dev/redist/fwidbmgr/include/Grid.h:1595) Configuring grid: cum_rain
2019-04-05 05:05:45,859 null [INFO] (/home/meteo/dev/redist/fwidbmgr/include/Grid.h:1695) Grid cum_rain configured.
2019-04-05 05:05:46,013 null [INFO] (../src/fwidbmgr.cpp:1518) Storing meteo input ...
2019-04-05 05:05:52,149 null [INFO] (../src/fwidbmgr.cpp:5540) OK --> 20190404 data imported.
2019-04-05 05:05:52,157 null [INFO] (../src/fwidbmgr.cpp:5695) action in took about 7 seconds.
2019-04-05 05:05:52,173 null [INFO] (../src/fwidbmgr.cpp:5699) Disconnected from database.
2019-04-05 05:06:32,563 null [INFO] (../src/fwidbmgr.cpp:5361) fwi db manager
2019-04-05 05:06:32,563 null [INFO] (../src/fwidbmgr.cpp:5365) Program home: /home/meteo/dev/redist/fwidbmgr
2019-04-05 05:06:32,563 null [INFO] (../src/fwidbmgr.cpp:5369) Auto convert: 1
2019-04-05 05:06:32,563 null [INFO] (../src/fwidbmgr.cpp:446) action: out.
2019-04-05 05:06:32,563 null [INFO] (../src/fwidbmgr.cpp:470) date: 20190404.
2019-04-05 05:06:32,563 null [INFO] (../src/fwidbmgr.cpp:322) Try to read: /home/meteo/dev/redist/fwidbmgr/config/fwidbmgr.conf.
2019-04-05 05:06:32,565 null [INFO] (../src/fwidbmgr.cpp:5393) Configuration parsing: OK.
2019-04-05 05:06:32,576 null [INFO] (../src/fwidbmgr.cpp:5478) Connected to database
2019-04-05 05:06:32,576 null [INFO] (../src/fwidbmgr.cpp:5480) Manage data for date: 20190404.
2019-04-05 05:06:32,577 null [INFO] (../src/fwidbmgr.cpp:5551) Importing fwi indexes data in database for day: 20190404.
2019-04-05 05:06:32,578 null [INFO] (/home/meteo/dev/redist/fwidbmgr/include/Grid.h:1595) Configuring grid: isi
2019-04-05 05:06:32,579 null [INFO] (/home/meteo/dev/redist/fwidbmgr/include/Grid.h:1695) Grid isi configured.
2019-04-05 05:06:32,588 null [INFO] (/home/meteo/dev/redist/fwidbmgr/include/Grid.h:1595) Configuring grid: fwi
2019-04-05 05:06:32,588 null [INFO] (/home/meteo/dev/redist/fwidbmgr/include/Grid.h:1695) Grid fwi configured.
2019-04-05 05:06:32,594 null [INFO] (/home/meteo/dev/redist/fwidbmgr/include/Grid.h:1595) Configuring grid: ffmc
2019-04-05 05:06:32,594 null [INFO] (/home/meteo/dev/redist/fwidbmgr/include/Grid.h:1695) Grid ffmc configured.
2019-04-05 05:06:32,601 null [INFO] (/home/meteo/dev/redist/fwidbmgr/include/Grid.h:1595) Configuring grid: dmc
2019-04-05 05:06:32,601 null [INFO] (/home/meteo/dev/redist/fwidbmgr/include/Grid.h:1695) Grid dmc configured.
2019-04-05 05:06:32,608 null [INFO] (/home/meteo/dev/redist/fwidbmgr/include/Grid.h:1595) Configuring grid: dc
2019-04-05 05:06:32,608 null [INFO] (/home/meteo/dev/redist/fwidbmgr/include/Grid.h:1695) Grid dc configured.
2019-04-05 05:06:32,615 null [INFO] (/home/meteo/dev/redist/fwidbmgr/include/Grid.h:1595) Configuring grid: bui
2019-04-05 05:06:32,615 null [INFO] (/home/meteo/dev/redist/fwidbmgr/include/Grid.h:1695) Grid bui configured.
2019-04-05 05:06:32,622 null [INFO] (/home/meteo/dev/redist/fwidbmgr/include/Grid.h:1595) Configuring grid: ffmc_tmp
2019-04-05 05:06:32,622 null [INFO] (/home/meteo/dev/redist/fwidbmgr/include/Grid.h:1695) Grid ffmc_tmp configured.
2019-04-05 05:06:32,634 null [INFO] (/home/meteo/dev/redist/fwidbmgr/include/Grid.h:1595) Configuring grid: dmc_tmp
2019-04-05 05:06:32,634 null [INFO] (/home/meteo/dev/redist/fwidbmgr/include/Grid.h:1695) Grid dmc_tmp configured.
2019-04-05 05:06:32,645 null [INFO] (/home/meteo/dev/redist/fwidbmgr/include/Grid.h:1595) Configuring grid: dc_tmp
2019-04-05 05:06:32,646 null [INFO] (/home/meteo/dev/redist/fwidbmgr/include/Grid.h:1695) Grid dc_tmp configured.
2019-04-05 05:06:32,662 null [INFO] (/home/meteo/dev/redist/fwidbmgr/include/Grid.h:1595) Configuring grid: idi
2019-04-05 05:06:32,662 null [INFO] (/home/meteo/dev/redist/fwidbmgr/include/Grid.h:1695) Grid idi configured.
2019-04-05 05:06:32,838 null [INFO] (../src/fwidbmgr.cpp:2081) Storing FWI indexes ...
2019-04-05 05:06:36,540 null [INFO] (../src/fwidbmgr.cpp:5555) OK --> 20190404 data imported.
2019-04-05 05:06:36,540 null [INFO] (../src/fwidbmgr.cpp:5695) action out took about 4 seconds.
2019-04-05 05:06:36,541 null [INFO] (../src/fwidbmgr.cpp:5699) Disconnected from database.
2019-04-05 05:06:36,561 null [INFO] (../src/fwidbmgr.cpp:5361) fwi db manager
2019-04-05 05:06:36,561 null [INFO] (../src/fwidbmgr.cpp:5365) Program home: /home/meteo/dev/redist/fwidbmgr
2019-04-05 05:06:36,561 null [INFO] (../src/fwidbmgr.cpp:5369) Auto convert: 1
2019-04-05 05:06:36,561 null [INFO] (../src/fwidbmgr.cpp:446) action: computeidx.
2019-04-05 05:06:36,561 null [INFO] (../src/fwidbmgr.cpp:470) date: 20190404.
2019-04-05 05:06:36,561 null [INFO] (../src/fwidbmgr.cpp:322) Try to read: /home/meteo/dev/redist/fwidbmgr/config/fwidbmgr.conf.
2019-04-05 05:06:36,563 null [INFO] (../src/fwidbmgr.cpp:5393) Configuration parsing: OK.
2019-04-05 05:06:36,566 null [INFO] (../src/fwidbmgr.cpp:5478) Connected to database
2019-04-05 05:06:36,566 null [INFO] (../src/fwidbmgr.cpp:5480) Manage data for date: 20190404.
2019-04-05 05:06:36,566 null [INFO] (../src/fwidbmgr.cpp:5656) Computing indexes.
2019-04-05 05:06:36,568 null [INFO] (/home/meteo/dev/redist/fwidbmgr/include/Grid.h:1595) Configuring grid: isi
2019-04-05 05:06:36,568 null [INFO] (/home/meteo/dev/redist/fwidbmgr/include/Grid.h:1695) Grid isi configured.
2019-04-05 05:06:36,570 null [INFO] (/home/meteo/dev/redist/fwidbmgr/include/Grid.h:1595) Configuring grid: fwi
2019-04-05 05:06:36,570 null [INFO] (/home/meteo/dev/redist/fwidbmgr/include/Grid.h:1695) Grid fwi configured.
2019-04-05 05:06:36,572 null [INFO] (/home/meteo/dev/redist/fwidbmgr/include/Grid.h:1595) Configuring grid: ffmc
2019-04-05 05:06:36,572 null [INFO] (/home/meteo/dev/redist/fwidbmgr/include/Grid.h:1695) Grid ffmc configured.
2019-04-05 05:06:36,574 null [INFO] (/home/meteo/dev/redist/fwidbmgr/include/Grid.h:1595) Configuring grid: dmc
2019-04-05 05:06:36,574 null [INFO] (/home/meteo/dev/redist/fwidbmgr/include/Grid.h:1695) Grid dmc configured.
2019-04-05 05:06:36,575 null [INFO] (/home/meteo/dev/redist/fwidbmgr/include/Grid.h:1595) Configuring grid: dc
2019-04-05 05:06:36,575 null [INFO] (/home/meteo/dev/redist/fwidbmgr/include/Grid.h:1695) Grid dc configured.
2019-04-05 05:06:36,577 null [INFO] (/home/meteo/dev/redist/fwidbmgr/include/Grid.h:1595) Configuring grid: bui
2019-04-05 05:06:36,577 null [INFO] (/home/meteo/dev/redist/fwidbmgr/include/Grid.h:1695) Grid bui configured.
2019-04-05 05:06:36,578 null [INFO] (/home/meteo/dev/redist/fwidbmgr/include/Grid.h:1595) Configuring grid: ffmc_tmp
2019-04-05 05:06:36,578 null [INFO] (/home/meteo/dev/redist/fwidbmgr/include/Grid.h:1695) Grid ffmc_tmp configured.
2019-04-05 05:06:36,578 null [INFO] (/home/meteo/dev/redist/fwidbmgr/include/Grid.h:1595) Configuring grid: dmc_tmp
2019-04-05 05:06:36,578 null [INFO] (/home/meteo/dev/redist/fwidbmgr/include/Grid.h:1695) Grid dmc_tmp configured.
2019-04-05 05:06:36,579 null [INFO] (/home/meteo/dev/redist/fwidbmgr/include/Grid.h:1595) Configuring grid: dc_tmp
2019-04-05 05:06:36,579 null [INFO] (/home/meteo/dev/redist/fwidbmgr/include/Grid.h:1695) Grid dc_tmp configured.
2019-04-05 05:06:36,580 null [INFO] (/home/meteo/dev/redist/fwidbmgr/include/Grid.h:1595) Configuring grid: idi
2019-04-05 05:06:36,580 null [INFO] (/home/meteo/dev/redist/fwidbmgr/include/Grid.h:1695) Grid idi configured.
2019-04-05 05:06:36,581 null [INFO] (/home/meteo/dev/redist/fwidbmgr/include/Grid.h:1595) Configuring grid: angstrom
2019-04-05 05:06:36,581 null [INFO] (/home/meteo/dev/redist/fwidbmgr/include/Grid.h:1695) Grid angstrom configured.
2019-04-05 05:06:36,582 null [INFO] (/home/meteo/dev/redist/fwidbmgr/include/Grid.h:1595) Configuring grid: fmi
2019-04-05 05:06:36,582 null [INFO] (/home/meteo/dev/redist/fwidbmgr/include/Grid.h:1695) Grid fmi configured.
2019-04-05 05:06:36,583 null [INFO] (/home/meteo/dev/redist/fwidbmgr/include/Grid.h:1595) Configuring grid: sharples
2019-04-05 05:06:36,583 null [INFO] (/home/meteo/dev/redist/fwidbmgr/include/Grid.h:1695) Grid sharples configured.
2019-04-05 05:06:36,978 null [INFO] (/home/meteo/dev/redist/fwidbmgr/include/Grid.h:1595) Configuring grid: snow
2019-04-05 05:06:36,979 null [INFO] (/home/meteo/dev/redist/fwidbmgr/include/Grid.h:1695) Grid snow configured.
2019-04-05 05:06:36,979 null [INFO] (/home/meteo/dev/redist/fwidbmgr/include/Grid.h:1595) Configuring grid: snow_covering
2019-04-05 05:06:36,979 null [INFO] (/home/meteo/dev/redist/fwidbmgr/include/Grid.h:1695) Grid snow_covering configured.
2019-04-05 05:06:36,979 null [INFO] (/home/meteo/dev/redist/fwidbmgr/include/Grid.h:1595) Configuring grid: snow_dissolution
2019-04-05 05:06:36,979 null [INFO] (/home/meteo/dev/redist/fwidbmgr/include/Grid.h:1695) Grid snow_dissolution configured.
2019-04-05 05:06:36,979 null [INFO] (/home/meteo/dev/redist/fwidbmgr/include/Grid.h:1595) Configuring grid: temperature
2019-04-05 05:06:36,979 null [INFO] (/home/meteo/dev/redist/fwidbmgr/include/Grid.h:1695) Grid temperature configured.
2019-04-05 05:06:36,979 null [INFO] (/home/meteo/dev/redist/fwidbmgr/include/Grid.h:1595) Configuring grid: humidity
2019-04-05 05:06:36,979 null [INFO] (/home/meteo/dev/redist/fwidbmgr/include/Grid.h:1695) Grid humidity configured.
2019-04-05 05:06:36,979 null [INFO] (/home/meteo/dev/redist/fwidbmgr/include/Grid.h:1595) Configuring grid: windspeed
2019-04-05 05:06:36,979 null [INFO] (/home/meteo/dev/redist/fwidbmgr/include/Grid.h:1695) Grid windspeed configured.
2019-04-05 05:06:36,979 null [INFO] (/home/meteo/dev/redist/fwidbmgr/include/Grid.h:1595) Configuring grid: rain
2019-04-05 05:06:36,979 null [INFO] (/home/meteo/dev/redist/fwidbmgr/include/Grid.h:1695) Grid rain configured.
2019-04-05 05:06:36,979 null [INFO] (/home/meteo/dev/redist/fwidbmgr/include/Grid.h:1595) Configuring grid: cum_rain
2019-04-05 05:06:36,979 null [INFO] (/home/meteo/dev/redist/fwidbmgr/include/Grid.h:1695) Grid cum_rain configured.
2019-04-05 05:07:31,164 null [INFO] (../src/fwidbmgr.cpp:5660) OK --> 20190404 indexes computed.
2019-04-05 05:07:31,164 null [INFO] (../src/fwidbmgr.cpp:5695) action computeidx took about 55 seconds.
2019-04-05 05:07:31,164 null [INFO] (../src/fwidbmgr.cpp:5699) Disconnected from database.
2019-04-05 05:07:31,183 null [INFO] (../src/fwidbmgr.cpp:5361) fwi db manager
2019-04-05 05:07:31,183 null [INFO] (../src/fwidbmgr.cpp:5365) Program home: /home/meteo/dev/redist/fwidbmgr
2019-04-05 05:07:31,183 null [INFO] (../src/fwidbmgr.cpp:5369) Auto convert: 1
2019-04-05 05:07:31,183 null [INFO] (../src/fwidbmgr.cpp:446) action: exportidx.
2019-04-05 05:07:31,183 null [INFO] (../src/fwidbmgr.cpp:470) date: 20190404.
2019-04-05 05:07:31,183 null [INFO] (../src/fwidbmgr.cpp:322) Try to read: /home/meteo/dev/redist/fwidbmgr/config/fwidbmgr.conf.
2019-04-05 05:07:31,185 null [INFO] (../src/fwidbmgr.cpp:5393) Configuration parsing: OK.
2019-04-05 05:07:31,187 null [INFO] (../src/fwidbmgr.cpp:5478) Connected to database
2019-04-05 05:07:31,187 null [INFO] (../src/fwidbmgr.cpp:5480) Manage data for date: 20190404.
2019-04-05 05:07:31,187 null [INFO] (../src/fwidbmgr.cpp:5596) Exporting indexes.
2019-04-05 05:07:31,189 null [INFO] (/home/meteo/dev/redist/fwidbmgr/include/Grid.h:1595) Configuring grid: isi
2019-04-05 05:07:31,189 null [INFO] (/home/meteo/dev/redist/fwidbmgr/include/Grid.h:1695) Grid isi configured.
2019-04-05 05:07:31,192 null [INFO] (/home/meteo/dev/redist/fwidbmgr/include/Grid.h:1595) Configuring grid: fwi
2019-04-05 05:07:31,192 null [INFO] (/home/meteo/dev/redist/fwidbmgr/include/Grid.h:1695) Grid fwi configured.
2019-04-05 05:07:31,195 null [INFO] (/home/meteo/dev/redist/fwidbmgr/include/Grid.h:1595) Configuring grid: ffmc
2019-04-05 05:07:31,195 null [INFO] (/home/meteo/dev/redist/fwidbmgr/include/Grid.h:1695) Grid ffmc configured.
2019-04-05 05:07:31,198 null [INFO] (/home/meteo/dev/redist/fwidbmgr/include/Grid.h:1595) Configuring grid: dmc
2019-04-05 05:07:31,198 null [INFO] (/home/meteo/dev/redist/fwidbmgr/include/Grid.h:1695) Grid dmc configured.
2019-04-05 05:07:31,199 null [INFO] (/home/meteo/dev/redist/fwidbmgr/include/Grid.h:1595) Configuring grid: dc
2019-04-05 05:07:31,199 null [INFO] (/home/meteo/dev/redist/fwidbmgr/include/Grid.h:1695) Grid dc configured.
2019-04-05 05:07:31,201 null [INFO] (/home/meteo/dev/redist/fwidbmgr/include/Grid.h:1595) Configuring grid: bui
2019-04-05 05:07:31,201 null [INFO] (/home/meteo/dev/redist/fwidbmgr/include/Grid.h:1695) Grid bui configured.
2019-04-05 05:07:31,202 null [INFO] (/home/meteo/dev/redist/fwidbmgr/include/Grid.h:1595) Configuring grid: ffmc_tmp
2019-04-05 05:07:31,202 null [INFO] (/home/meteo/dev/redist/fwidbmgr/include/Grid.h:1695) Grid ffmc_tmp configured.
2019-04-05 05:07:31,204 null [INFO] (/home/meteo/dev/redist/fwidbmgr/include/Grid.h:1595) Configuring grid: dmc_tmp
2019-04-05 05:07:31,204 null [INFO] (/home/meteo/dev/redist/fwidbmgr/include/Grid.h:1695) Grid dmc_tmp configured.
2019-04-05 05:07:31,205 null [INFO] (/home/meteo/dev/redist/fwidbmgr/include/Grid.h:1595) Configuring grid: dc_tmp
2019-04-05 05:07:31,205 null [INFO] (/home/meteo/dev/redist/fwidbmgr/include/Grid.h:1695) Grid dc_tmp configured.
2019-04-05 05:07:31,207 null [INFO] (/home/meteo/dev/redist/fwidbmgr/include/Grid.h:1595) Configuring grid: idi
2019-04-05 05:07:31,207 null [INFO] (/home/meteo/dev/redist/fwidbmgr/include/Grid.h:1695) Grid idi configured.
2019-04-05 05:07:31,208 null [INFO] (/home/meteo/dev/redist/fwidbmgr/include/Grid.h:1595) Configuring grid: angstrom
2019-04-05 05:07:31,208 null [INFO] (/home/meteo/dev/redist/fwidbmgr/include/Grid.h:1695) Grid angstrom configured.
2019-04-05 05:07:31,209 null [INFO] (/home/meteo/dev/redist/fwidbmgr/include/Grid.h:1595) Configuring grid: fmi
2019-04-05 05:07:31,209 null [INFO] (/home/meteo/dev/redist/fwidbmgr/include/Grid.h:1695) Grid fmi configured.
2019-04-05 05:07:31,210 null [INFO] (/home/meteo/dev/redist/fwidbmgr/include/Grid.h:1595) Configuring grid: sharples
2019-04-05 05:07:31,210 null [INFO] (/home/meteo/dev/redist/fwidbmgr/include/Grid.h:1695) Grid sharples configured.
2019-04-05 05:07:31,609 null [INFO] (/home/meteo/dev/redist/fwidbmgr/include/Grid.h:1595) Configuring grid: isi
2019-04-05 05:07:31,609 null [INFO] (/home/meteo/dev/redist/fwidbmgr/include/Grid.h:1695) Grid isi configured.
2019-04-05 05:07:31,629 null [INFO] (/home/meteo/dev/redist/fwidbmgr/include/Grid.h:1595) Configuring grid: fwi
2019-04-05 05:07:31,629 null [INFO] (/home/meteo/dev/redist/fwidbmgr/include/Grid.h:1695) Grid fwi configured.
2019-04-05 05:07:31,648 null [INFO] (/home/meteo/dev/redist/fwidbmgr/include/Grid.h:1595) Configuring grid: ffmc
2019-04-05 05:07:31,649 null [INFO] (/home/meteo/dev/redist/fwidbmgr/include/Grid.h:1695) Grid ffmc configured.
2019-04-05 05:07:31,668 null [INFO] (/home/meteo/dev/redist/fwidbmgr/include/Grid.h:1595) Configuring grid: dmc
2019-04-05 05:07:31,668 null [INFO] (/home/meteo/dev/redist/fwidbmgr/include/Grid.h:1695) Grid dmc configured.
2019-04-05 05:07:31,688 null [INFO] (/home/meteo/dev/redist/fwidbmgr/include/Grid.h:1595) Configuring grid: dc
2019-04-05 05:07:31,688 null [INFO] (/home/meteo/dev/redist/fwidbmgr/include/Grid.h:1695) Grid dc configured.
2019-04-05 05:07:31,708 null [INFO] (/home/meteo/dev/redist/fwidbmgr/include/Grid.h:1595) Configuring grid: bui
2019-04-05 05:07:31,708 null [INFO] (/home/meteo/dev/redist/fwidbmgr/include/Grid.h:1695) Grid bui configured.
2019-04-05 05:07:31,728 null [INFO] (/home/meteo/dev/redist/fwidbmgr/include/Grid.h:1595) Configuring grid: ffmc_tmp
2019-04-05 05:07:31,728 null [INFO] (/home/meteo/dev/redist/fwidbmgr/include/Grid.h:1695) Grid ffmc_tmp configured.
2019-04-05 05:07:31,748 null [INFO] (/home/meteo/dev/redist/fwidbmgr/include/Grid.h:1595) Configuring grid: dmc_tmp
2019-04-05 05:07:31,748 null [INFO] (/home/meteo/dev/redist/fwidbmgr/include/Grid.h:1695) Grid dmc_tmp configured.
2019-04-05 05:07:31,767 null [INFO] (/home/meteo/dev/redist/fwidbmgr/include/Grid.h:1595) Configuring grid: dc_tmp
2019-04-05 05:07:31,767 null [INFO] (/home/meteo/dev/redist/fwidbmgr/include/Grid.h:1695) Grid dc_tmp configured.
2019-04-05 05:07:31,786 null [INFO] (/home/meteo/dev/redist/fwidbmgr/include/Grid.h:1595) Configuring grid: angstrom
2019-04-05 05:07:31,786 null [INFO] (/home/meteo/dev/redist/fwidbmgr/include/Grid.h:1695) Grid angstrom configured.
2019-04-05 05:07:31,812 null [INFO] (/home/meteo/dev/redist/fwidbmgr/include/Grid.h:1595) Configuring grid: sharples
2019-04-05 05:07:31,812 null [INFO] (/home/meteo/dev/redist/fwidbmgr/include/Grid.h:1695) Grid sharples configured.
2019-04-05 05:07:31,833 null [INFO] (/home/meteo/dev/redist/fwidbmgr/include/Grid.h:1595) Configuring grid: fmi
2019-04-05 05:07:31,833 null [INFO] (/home/meteo/dev/redist/fwidbmgr/include/Grid.h:1695) Grid fmi configured.
2019-04-05 05:07:31,854 null [INFO] (../src/fwidbmgr.cpp:5600) OK --> 20190404 indexes exported to files.
2019-04-05 05:07:31,854 null [INFO] (../src/fwidbmgr.cpp:5695) action exportidx took about 0 seconds.
2019-04-05 05:07:31,854 null [INFO] (../src/fwidbmgr.cpp:5699) Disconnected from database.
2019-04-05 05:07:45,769 null [INFO] (../src/fwidbmgr.cpp:5361) fwi db manager
2019-04-05 05:07:45,769 null [INFO] (../src/fwidbmgr.cpp:5365) Program home: /home/meteo/dev/redist/fwidbmgr
2019-04-05 05:07:45,769 null [INFO] (../src/fwidbmgr.cpp:5369) Auto convert: 1
2019-04-05 05:07:45,769 null [INFO] (../src/fwidbmgr.cpp:446) action: outimg.
2019-04-05 05:07:45,769 null [INFO] (../src/fwidbmgr.cpp:470) date: 20190404.
2019-04-05 05:07:45,770 null [INFO] (../src/fwidbmgr.cpp:322) Try to read: /home/meteo/dev/redist/fwidbmgr/config/fwidbmgr.conf.
2019-04-05 05:07:45,771 null [INFO] (../src/fwidbmgr.cpp:5393) Configuration parsing: OK.
2019-04-05 05:07:45,775 null [INFO] (../src/fwidbmgr.cpp:5478) Connected to database
2019-04-05 05:07:45,776 null [INFO] (../src/fwidbmgr.cpp:5480) Manage data for date: 20190404.
2019-04-05 05:07:45,776 null [INFO] (../src/fwidbmgr.cpp:5566) Importing fwi indexes images in database.
2019-04-05 05:07:45,828 null [INFO] (../src/fwidbmgr.cpp:5570) OK --> 20190404 images imported.
2019-04-05 05:07:45,828 null [INFO] (../src/fwidbmgr.cpp:5695) action outimg took about 0 seconds.
2019-04-05 05:07:45,829 null [INFO] (../src/fwidbmgr.cpp:5699) Disconnected from database.
2019-04-05 05:37:01,359 null [INFO] (../src/fwidbmgr.cpp:5361) fwi db manager
2019-04-05 05:37:01,359 null [INFO] (../src/fwidbmgr.cpp:5365) Program home: /home/meteo/dev/redist/fwidbmgr
2019-04-05 05:37:01,359 null [INFO] (../src/fwidbmgr.cpp:5369) Auto convert: 1
2019-04-05 05:37:01,359 null [INFO] (../src/fwidbmgr.cpp:446) action: outimg.
2019-04-05 05:37:01,359 null [INFO] (../src/fwidbmgr.cpp:470) date: 20190404.
2019-04-05 05:37:01,359 null [INFO] (../src/fwidbmgr.cpp:322) Try to read: /home/meteo/dev/redist/fwidbmgr/config/fwidbmgr.conf.
2019-04-05 05:37:01,360 null [INFO] (../src/fwidbmgr.cpp:5393) Configuration parsing: OK.
2019-04-05 05:37:01,366 null [INFO] (../src/fwidbmgr.cpp:5478) Connected to database
2019-04-05 05:37:01,366 null [INFO] (../src/fwidbmgr.cpp:5480) Manage data for date: 20190404.
2019-04-05 05:37:01,367 null [INFO] (../src/fwidbmgr.cpp:5566) Importing fwi indexes images in database.
2019-04-05 05:37:01,433 null [INFO] (../src/fwidbmgr.cpp:5570) OK --> 20190404 images imported.
2019-04-05 05:37:01,433 null [INFO] (../src/fwidbmgr.cpp:5695) action outimg took about 0 seconds.
2019-04-05 05:37:01,433 null [INFO] (../src/fwidbmgr.cpp:5699) Disconnected from database.
2019-04-05 06:05:01,566 null [INFO] (../src/fwidbmgr.cpp:5361) fwi db manager
2019-04-05 06:05:01,566 null [INFO] (../src/fwidbmgr.cpp:5365) Program home: /home/meteo/dev/redist/fwidbmgr
2019-04-05 06:05:01,566 null [INFO] (../src/fwidbmgr.cpp:5369) Auto convert: 1
2019-04-05 06:05:01,566 null [INFO] (../src/fwidbmgr.cpp:446) action: outimg.
2019-04-05 06:05:01,566 null [INFO] (../src/fwidbmgr.cpp:470) date: 20190404.
2019-04-05 06:05:01,566 null [INFO] (../src/fwidbmgr.cpp:322) Try to read: /home/meteo/dev/redist/fwidbmgr/config/fwidbmgr.conf.
2019-04-05 06:05:01,571 null [INFO] (../src/fwidbmgr.cpp:5393) Configuration parsing: OK.
2019-04-05 06:05:01,578 null [INFO] (../src/fwidbmgr.cpp:5478) Connected to database
2019-04-05 06:05:01,578 null [INFO] (../src/fwidbmgr.cpp:5480) Manage data for date: 20190404.
2019-04-05 06:05:01,578 null [INFO] (../src/fwidbmgr.cpp:5566) Importing fwi indexes images in database.
2019-04-05 06:05:01,647 null [INFO] (../src/fwidbmgr.cpp:5570) OK --> 20190404 images imported.
2019-04-05 06:05:01,647 null [INFO] (../src/fwidbmgr.cpp:5695) action outimg took about 0 seconds.
2019-04-05 06:05:01,647 null [INFO] (../src/fwidbmgr.cpp:5699) Disconnected from database.
2019-04-05 06:37:01,770 null [INFO] (../src/fwidbmgr.cpp:5361) fwi db manager
2019-04-05 06:37:01,770 null [INFO] (../src/fwidbmgr.cpp:5365) Program home: /home/meteo/dev/redist/fwidbmgr
2019-04-05 06:37:01,770 null [INFO] (../src/fwidbmgr.cpp:5369) Auto convert: 1
2019-04-05 06:37:01,770 null [INFO] (../src/fwidbmgr.cpp:446) action: outimg.
2019-04-05 06:37:01,770 null [INFO] (../src/fwidbmgr.cpp:470) date: 20190404.
2019-04-05 06:37:01,770 null [INFO] (../src/fwidbmgr.cpp:322) Try to read: /home/meteo/dev/redist/fwidbmgr/config/fwidbmgr.conf.
2019-04-05 06:37:01,772 null [INFO] (../src/fwidbmgr.cpp:5393) Configuration parsing: OK.
2019-04-05 06:37:01,775 null [INFO] (../src/fwidbmgr.cpp:5478) Connected to database
2019-04-05 06:37:01,775 null [INFO] (../src/fwidbmgr.cpp:5480) Manage data for date: 20190404.
2019-04-05 06:37:01,775 null [INFO] (../src/fwidbmgr.cpp:5566) Importing fwi indexes images in database.
2019-04-05 06:37:01,832 null [INFO] (../src/fwidbmgr.cpp:5570) OK --> 20190404 images imported.
2019-04-05 06:37:01,832 null [INFO] (../src/fwidbmgr.cpp:5695) action outimg took about 0 seconds.
2019-04-05 06:37:01,832 null [INFO] (../src/fwidbmgr.cpp:5699) Disconnected from database.
2019-04-05 07:05:01,574 null [INFO] (../src/fwidbmgr.cpp:5361) fwi db manager
2019-04-05 07:05:01,575 null [INFO] (../src/fwidbmgr.cpp:5365) Program home: /home/meteo/dev/redist/fwidbmgr
2019-04-05 07:05:01,575 null [INFO] (../src/fwidbmgr.cpp:5369) Auto convert: 1
2019-04-05 07:05:01,575 null [INFO] (../src/fwidbmgr.cpp:446) action: outimg.
2019-04-05 07:05:01,575 null [INFO] (../src/fwidbmgr.cpp:470) date: 20190404.
2019-04-05 07:05:01,575 null [INFO] (../src/fwidbmgr.cpp:322) Try to read: /home/meteo/dev/redist/fwidbmgr/config/fwidbmgr.conf.
2019-04-05 07:05:01,576 null [INFO] (../src/fwidbmgr.cpp:5393) Configuration parsing: OK.
2019-04-05 07:05:01,581 null [INFO] (../src/fwidbmgr.cpp:5478) Connected to database
2019-04-05 07:05:01,581 null [INFO] (../src/fwidbmgr.cpp:5480) Manage data for date: 20190404.
2019-04-05 07:05:01,581 null [INFO] (../src/fwidbmgr.cpp:5566) Importing fwi indexes images in database.
2019-04-05 07:05:01,643 null [INFO] (../src/fwidbmgr.cpp:5570) OK --> 20190404 images imported.
2019-04-05 07:05:01,643 null [INFO] (../src/fwidbmgr.cpp:5695) action outimg took about 0 seconds.
2019-04-05 07:05:01,643 null [INFO] (../src/fwidbmgr.cpp:5699) Disconnected from database.
2019-04-05 07:37:01,746 null [INFO] (../src/fwidbmgr.cpp:5361) fwi db manager
2019-04-05 07:37:01,746 null [INFO] (../src/fwidbmgr.cpp:5365) Program home: /home/meteo/dev/redist/fwidbmgr
2019-04-05 07:37:01,746 null [INFO] (../src/fwidbmgr.cpp:5369) Auto convert: 1
2019-04-05 07:37:01,746 null [INFO] (../src/fwidbmgr.cpp:446) action: outimg.
2019-04-05 07:37:01,746 null [INFO] (../src/fwidbmgr.cpp:470) date: 20190404.
2019-04-05 07:37:01,746 null [INFO] (../src/fwidbmgr.cpp:322) Try to read: /home/meteo/dev/redist/fwidbmgr/config/fwidbmgr.conf.
2019-04-05 07:37:01,748 null [INFO] (../src/fwidbmgr.cpp:5393) Configuration parsing: OK.
2019-04-05 07:37:01,752 null [INFO] (../src/fwidbmgr.cpp:5478) Connected to database
2019-04-05 07:37:01,752 null [INFO] (../src/fwidbmgr.cpp:5480) Manage data for date: 20190404.
2019-04-05 07:37:01,752 null [INFO] (../src/fwidbmgr.cpp:5566) Importing fwi indexes images in database.
2019-04-05 07:37:01,807 null [INFO] (../src/fwidbmgr.cpp:5570) OK --> 20190404 images imported.
2019-04-05 07:37:01,807 null [INFO] (../src/fwidbmgr.cpp:5695) action outimg took about 0 seconds.
2019-04-05 07:37:01,808 null [INFO] (../src/fwidbmgr.cpp:5699) Disconnected from database.
