2014-07-17 05:07:38,195 null [INFO] (../src/fwidbmgr.cpp:5207) fwi db manager
2014-07-17 05:07:38,206 null [INFO] (../src/fwidbmgr.cpp:5209) Program home: /home/meteo/dev/redist/fwidbmgr
2014-07-17 05:07:38,207 null [INFO] (../src/fwidbmgr.cpp:5211) Auto convert: 1
2014-07-17 05:07:38,207 null [INFO] (../src/fwidbmgr.cpp:458) action: in.
2014-07-17 05:07:38,207 null [INFO] (../src/fwidbmgr.cpp:482) date: 20140716.
2014-07-17 05:07:38,207 null [INFO] (../src/fwidbmgr.cpp:319) Try to read: /home/meteo/dev/redist/fwidbmgr/config/fwidbmgr.conf.
2014-07-17 05:07:38,234 null [INFO] (../src/fwidbmgr.cpp:5240) Configuration parsing: OK.
2014-07-17 05:07:38,266 null [INFO] (../src/fwidbmgr.cpp:5322) Connected to database
2014-07-17 05:07:38,266 null [INFO] (../src/fwidbmgr.cpp:5323) Manage data for date: 20140716.
2014-07-17 05:07:38,267 null [INFO] (../src/fwidbmgr.cpp:5367) Importing meteo data in database for day: 20140716.
2014-07-17 05:07:38,270 null [INFO] (/home/meteo/dev/redist/fwidbmgr/include/Grid.h:1595) Configuring grid: snow
2014-07-17 05:07:38,270 null [INFO] (/home/meteo/dev/redist/fwidbmgr/include/Grid.h:1695) Grid snow configured.
2014-07-17 05:07:38,295 null [INFO] (/home/meteo/dev/redist/fwidbmgr/include/Grid.h:1595) Configuring grid: snow_covering
2014-07-17 05:07:38,295 null [INFO] (/home/meteo/dev/redist/fwidbmgr/include/Grid.h:1695) Grid snow_covering configured.
2014-07-17 05:07:38,335 null [INFO] (/home/meteo/dev/redist/fwidbmgr/include/Grid.h:1595) Configuring grid: snow_dissolution
2014-07-17 05:07:38,335 null [INFO] (/home/meteo/dev/redist/fwidbmgr/include/Grid.h:1695) Grid snow_dissolution configured.
2014-07-17 05:07:38,386 null [INFO] (/home/meteo/dev/redist/fwidbmgr/include/Grid.h:1595) Configuring grid: temperature
2014-07-17 05:07:38,386 null [INFO] (/home/meteo/dev/redist/fwidbmgr/include/Grid.h:1695) Grid temperature configured.
2014-07-17 05:07:38,400 null [INFO] (/home/meteo/dev/redist/fwidbmgr/include/Grid.h:1595) Configuring grid: humidity
2014-07-17 05:07:38,401 null [INFO] (/home/meteo/dev/redist/fwidbmgr/include/Grid.h:1695) Grid humidity configured.
2014-07-17 05:07:38,425 null [INFO] (/home/meteo/dev/redist/fwidbmgr/include/Grid.h:1595) Configuring grid: windspeed
2014-07-17 05:07:38,426 null [INFO] (/home/meteo/dev/redist/fwidbmgr/include/Grid.h:1695) Grid windspeed configured.
2014-07-17 05:07:38,475 null [INFO] (/home/meteo/dev/redist/fwidbmgr/include/Grid.h:1595) Configuring grid: rain
2014-07-17 05:07:38,475 null [INFO] (/home/meteo/dev/redist/fwidbmgr/include/Grid.h:1695) Grid rain configured.
2014-07-17 05:07:38,482 null [INFO] (/home/meteo/dev/redist/fwidbmgr/include/Grid.h:1595) Configuring grid: cum_rain
2014-07-17 05:07:38,482 null [INFO] (/home/meteo/dev/redist/fwidbmgr/include/Grid.h:1695) Grid cum_rain configured.
2014-07-17 05:07:46,081 null [INFO] (../src/fwidbmgr.cpp:1502) Storing meteo input ...
2014-07-17 05:08:18,676 null [INFO] (../src/fwidbmgr.cpp:5370) OK --> 20140716 data imported.
2014-07-17 05:08:18,709 null [INFO] (../src/fwidbmgr.cpp:5496) action in took about 40 seconds.
2014-07-17 05:08:18,804 null [INFO] (../src/fwidbmgr.cpp:5499) Disconnected from database.
2014-07-17 05:10:51,530 null [INFO] (../src/fwidbmgr.cpp:5207) fwi db manager
2014-07-17 05:10:51,530 null [INFO] (../src/fwidbmgr.cpp:5209) Program home: /home/meteo/dev/redist/fwidbmgr
2014-07-17 05:10:51,530 null [INFO] (../src/fwidbmgr.cpp:5211) Auto convert: 1
2014-07-17 05:10:51,530 null [INFO] (../src/fwidbmgr.cpp:458) action: out.
2014-07-17 05:10:51,530 null [INFO] (../src/fwidbmgr.cpp:482) date: 20140716.
2014-07-17 05:10:51,530 null [INFO] (../src/fwidbmgr.cpp:319) Try to read: /home/meteo/dev/redist/fwidbmgr/config/fwidbmgr.conf.
2014-07-17 05:10:51,552 null [INFO] (../src/fwidbmgr.cpp:5240) Configuration parsing: OK.
2014-07-17 05:10:51,615 null [INFO] (../src/fwidbmgr.cpp:5322) Connected to database
2014-07-17 05:10:51,615 null [INFO] (../src/fwidbmgr.cpp:5323) Manage data for date: 20140716.
2014-07-17 05:10:51,615 null [INFO] (../src/fwidbmgr.cpp:5379) Importing fwi indexes data in database for day: 20140716.
2014-07-17 05:10:51,619 null [INFO] (/home/meteo/dev/redist/fwidbmgr/include/Grid.h:1595) Configuring grid: isi
2014-07-17 05:10:51,619 null [INFO] (/home/meteo/dev/redist/fwidbmgr/include/Grid.h:1695) Grid isi configured.
2014-07-17 05:10:51,650 null [INFO] (/home/meteo/dev/redist/fwidbmgr/include/Grid.h:1595) Configuring grid: fwi
2014-07-17 05:10:51,651 null [INFO] (/home/meteo/dev/redist/fwidbmgr/include/Grid.h:1695) Grid fwi configured.
2014-07-17 05:10:51,682 null [INFO] (/home/meteo/dev/redist/fwidbmgr/include/Grid.h:1595) Configuring grid: ffmc
2014-07-17 05:10:51,682 null [INFO] (/home/meteo/dev/redist/fwidbmgr/include/Grid.h:1695) Grid ffmc configured.
2014-07-17 05:10:51,714 null [INFO] (/home/meteo/dev/redist/fwidbmgr/include/Grid.h:1595) Configuring grid: dmc
2014-07-17 05:10:51,714 null [INFO] (/home/meteo/dev/redist/fwidbmgr/include/Grid.h:1695) Grid dmc configured.
2014-07-17 05:10:51,745 null [INFO] (/home/meteo/dev/redist/fwidbmgr/include/Grid.h:1595) Configuring grid: dc
2014-07-17 05:10:51,746 null [INFO] (/home/meteo/dev/redist/fwidbmgr/include/Grid.h:1695) Grid dc configured.
2014-07-17 05:10:51,777 null [INFO] (/home/meteo/dev/redist/fwidbmgr/include/Grid.h:1595) Configuring grid: bui
2014-07-17 05:10:51,778 null [INFO] (/home/meteo/dev/redist/fwidbmgr/include/Grid.h:1695) Grid bui configured.
2014-07-17 05:10:51,809 null [INFO] (/home/meteo/dev/redist/fwidbmgr/include/Grid.h:1595) Configuring grid: ffmc_tmp
2014-07-17 05:10:51,809 null [INFO] (/home/meteo/dev/redist/fwidbmgr/include/Grid.h:1695) Grid ffmc_tmp configured.
2014-07-17 05:10:51,867 null [INFO] (/home/meteo/dev/redist/fwidbmgr/include/Grid.h:1595) Configuring grid: dmc_tmp
2014-07-17 05:10:51,867 null [INFO] (/home/meteo/dev/redist/fwidbmgr/include/Grid.h:1695) Grid dmc_tmp configured.
2014-07-17 05:10:51,912 null [INFO] (/home/meteo/dev/redist/fwidbmgr/include/Grid.h:1595) Configuring grid: dc_tmp
2014-07-17 05:10:51,913 null [INFO] (/home/meteo/dev/redist/fwidbmgr/include/Grid.h:1695) Grid dc_tmp configured.
2014-07-17 05:10:51,958 null [INFO] (/home/meteo/dev/redist/fwidbmgr/include/Grid.h:1595) Configuring grid: idi
2014-07-17 05:10:51,959 null [INFO] (/home/meteo/dev/redist/fwidbmgr/include/Grid.h:1695) Grid idi configured.
2014-07-17 05:10:59,278 null [INFO] (../src/fwidbmgr.cpp:2045) Storing FWI indexes ...
2014-07-17 05:11:26,439 null [INFO] (../src/fwidbmgr.cpp:5382) OK --> 20140716 data imported.
2014-07-17 05:11:26,439 null [INFO] (../src/fwidbmgr.cpp:5496) action out took about 35 seconds.
2014-07-17 05:11:26,441 null [INFO] (../src/fwidbmgr.cpp:5499) Disconnected from database.
