2017-04-27 05:06:29,402 null [INFO] (../src/fwidbmgr.cpp:5361) fwi db manager
2017-04-27 05:06:29,403 null [INFO] (../src/fwidbmgr.cpp:5365) Program home: /home/meteo/dev/redist/fwidbmgr
2017-04-27 05:06:29,403 null [INFO] (../src/fwidbmgr.cpp:5369) Auto convert: 1
2017-04-27 05:06:29,403 null [INFO] (../src/fwidbmgr.cpp:446) action: in.
2017-04-27 05:06:29,403 null [INFO] (../src/fwidbmgr.cpp:470) date: 20170426.
2017-04-27 05:06:29,403 null [INFO] (../src/fwidbmgr.cpp:322) Try to read: /home/meteo/dev/redist/fwidbmgr/config/fwidbmgr.conf.
2017-04-27 05:06:29,486 null [INFO] (../src/fwidbmgr.cpp:5393) Configuration parsing: OK.
2017-04-27 05:06:29,716 null [INFO] (../src/fwidbmgr.cpp:5478) Connected to database
2017-04-27 05:06:29,727 null [INFO] (../src/fwidbmgr.cpp:5480) Manage data for date: 20170426.
2017-04-27 05:06:29,770 null [INFO] (../src/fwidbmgr.cpp:5536) Importing meteo data in database for day: 20170426.
2017-04-27 05:06:29,815 null [INFO] (/home/meteo/dev/redist/fwidbmgr/include/Grid.h:1595) Configuring grid: snow
2017-04-27 05:06:29,815 null [INFO] (/home/meteo/dev/redist/fwidbmgr/include/Grid.h:1695) Grid snow configured.
2017-04-27 05:06:29,821 null [INFO] (/home/meteo/dev/redist/fwidbmgr/include/Grid.h:1595) Configuring grid: snow_covering
2017-04-27 05:06:29,821 null [INFO] (/home/meteo/dev/redist/fwidbmgr/include/Grid.h:1695) Grid snow_covering configured.
2017-04-27 05:06:29,827 null [INFO] (/home/meteo/dev/redist/fwidbmgr/include/Grid.h:1595) Configuring grid: snow_dissolution
2017-04-27 05:06:29,827 null [INFO] (/home/meteo/dev/redist/fwidbmgr/include/Grid.h:1695) Grid snow_dissolution configured.
2017-04-27 05:06:29,839 null [INFO] (/home/meteo/dev/redist/fwidbmgr/include/Grid.h:1595) Configuring grid: temperature
2017-04-27 05:06:29,840 null [INFO] (/home/meteo/dev/redist/fwidbmgr/include/Grid.h:1695) Grid temperature configured.
2017-04-27 05:06:29,843 null [INFO] (/home/meteo/dev/redist/fwidbmgr/include/Grid.h:1595) Configuring grid: humidity
2017-04-27 05:06:29,843 null [INFO] (/home/meteo/dev/redist/fwidbmgr/include/Grid.h:1695) Grid humidity configured.
2017-04-27 05:06:29,849 null [INFO] (/home/meteo/dev/redist/fwidbmgr/include/Grid.h:1595) Configuring grid: windspeed
2017-04-27 05:06:29,849 null [INFO] (/home/meteo/dev/redist/fwidbmgr/include/Grid.h:1695) Grid windspeed configured.
2017-04-27 05:06:29,862 null [INFO] (/home/meteo/dev/redist/fwidbmgr/include/Grid.h:1595) Configuring grid: rain
2017-04-27 05:06:29,862 null [INFO] (/home/meteo/dev/redist/fwidbmgr/include/Grid.h:1695) Grid rain configured.
2017-04-27 05:06:29,864 null [INFO] (/home/meteo/dev/redist/fwidbmgr/include/Grid.h:1595) Configuring grid: cum_rain
2017-04-27 05:06:29,864 null [INFO] (/home/meteo/dev/redist/fwidbmgr/include/Grid.h:1695) Grid cum_rain configured.
2017-04-27 05:06:58,819 null [INFO] (../src/fwidbmgr.cpp:1518) Storing meteo input ...
2017-04-27 05:07:33,163 null [INFO] (../src/fwidbmgr.cpp:5540) OK --> 20170426 data imported.
2017-04-27 05:07:33,187 null [INFO] (../src/fwidbmgr.cpp:5695) action in took about 64 seconds.
2017-04-27 05:07:33,689 null [INFO] (../src/fwidbmgr.cpp:5699) Disconnected from database.
2017-04-27 05:08:29,419 null [INFO] (../src/fwidbmgr.cpp:5361) fwi db manager
2017-04-27 05:08:29,420 null [INFO] (../src/fwidbmgr.cpp:5365) Program home: /home/meteo/dev/redist/fwidbmgr
2017-04-27 05:08:29,420 null [INFO] (../src/fwidbmgr.cpp:5369) Auto convert: 1
2017-04-27 05:08:29,420 null [INFO] (../src/fwidbmgr.cpp:446) action: out.
2017-04-27 05:08:29,420 null [INFO] (../src/fwidbmgr.cpp:470) date: 20170426.
2017-04-27 05:08:29,420 null [INFO] (../src/fwidbmgr.cpp:322) Try to read: /home/meteo/dev/redist/fwidbmgr/config/fwidbmgr.conf.
2017-04-27 05:08:29,466 null [INFO] (../src/fwidbmgr.cpp:5393) Configuration parsing: OK.
2017-04-27 05:08:29,620 null [INFO] (../src/fwidbmgr.cpp:5478) Connected to database
2017-04-27 05:08:29,620 null [INFO] (../src/fwidbmgr.cpp:5480) Manage data for date: 20170426.
2017-04-27 05:08:29,620 null [INFO] (../src/fwidbmgr.cpp:5551) Importing fwi indexes data in database for day: 20170426.
2017-04-27 05:08:29,648 null [INFO] (/home/meteo/dev/redist/fwidbmgr/include/Grid.h:1595) Configuring grid: isi
2017-04-27 05:08:29,648 null [INFO] (/home/meteo/dev/redist/fwidbmgr/include/Grid.h:1695) Grid isi configured.
2017-04-27 05:08:29,655 null [INFO] (/home/meteo/dev/redist/fwidbmgr/include/Grid.h:1595) Configuring grid: fwi
2017-04-27 05:08:29,655 null [INFO] (/home/meteo/dev/redist/fwidbmgr/include/Grid.h:1695) Grid fwi configured.
2017-04-27 05:08:29,661 null [INFO] (/home/meteo/dev/redist/fwidbmgr/include/Grid.h:1595) Configuring grid: ffmc
2017-04-27 05:08:29,661 null [INFO] (/home/meteo/dev/redist/fwidbmgr/include/Grid.h:1695) Grid ffmc configured.
2017-04-27 05:08:29,668 null [INFO] (/home/meteo/dev/redist/fwidbmgr/include/Grid.h:1595) Configuring grid: dmc
2017-04-27 05:08:29,668 null [INFO] (/home/meteo/dev/redist/fwidbmgr/include/Grid.h:1695) Grid dmc configured.
2017-04-27 05:08:29,674 null [INFO] (/home/meteo/dev/redist/fwidbmgr/include/Grid.h:1595) Configuring grid: dc
2017-04-27 05:08:29,674 null [INFO] (/home/meteo/dev/redist/fwidbmgr/include/Grid.h:1695) Grid dc configured.
2017-04-27 05:08:29,681 null [INFO] (/home/meteo/dev/redist/fwidbmgr/include/Grid.h:1595) Configuring grid: bui
2017-04-27 05:08:29,681 null [INFO] (/home/meteo/dev/redist/fwidbmgr/include/Grid.h:1695) Grid bui configured.
2017-04-27 05:08:29,688 null [INFO] (/home/meteo/dev/redist/fwidbmgr/include/Grid.h:1595) Configuring grid: ffmc_tmp
2017-04-27 05:08:29,688 null [INFO] (/home/meteo/dev/redist/fwidbmgr/include/Grid.h:1695) Grid ffmc_tmp configured.
2017-04-27 05:08:29,858 null [INFO] (/home/meteo/dev/redist/fwidbmgr/include/Grid.h:1595) Configuring grid: dmc_tmp
2017-04-27 05:08:29,858 null [INFO] (/home/meteo/dev/redist/fwidbmgr/include/Grid.h:1695) Grid dmc_tmp configured.
2017-04-27 05:08:29,899 null [INFO] (/home/meteo/dev/redist/fwidbmgr/include/Grid.h:1595) Configuring grid: dc_tmp
2017-04-27 05:08:29,899 null [INFO] (/home/meteo/dev/redist/fwidbmgr/include/Grid.h:1695) Grid dc_tmp configured.
2017-04-27 05:08:29,976 null [INFO] (/home/meteo/dev/redist/fwidbmgr/include/Grid.h:1595) Configuring grid: idi
2017-04-27 05:08:29,976 null [INFO] (/home/meteo/dev/redist/fwidbmgr/include/Grid.h:1695) Grid idi configured.
2017-04-27 05:08:56,182 null [INFO] (../src/fwidbmgr.cpp:2081) Storing FWI indexes ...
2017-04-27 05:09:11,997 null [INFO] (../src/fwidbmgr.cpp:5555) OK --> 20170426 data imported.
2017-04-27 05:09:11,998 null [INFO] (../src/fwidbmgr.cpp:5695) action out took about 42 seconds.
2017-04-27 05:09:11,998 null [INFO] (../src/fwidbmgr.cpp:5699) Disconnected from database.
2017-04-27 05:09:13,470 null [INFO] (../src/fwidbmgr.cpp:5361) fwi db manager
2017-04-27 05:09:13,470 null [INFO] (../src/fwidbmgr.cpp:5365) Program home: /home/meteo/dev/redist/fwidbmgr
2017-04-27 05:09:13,470 null [INFO] (../src/fwidbmgr.cpp:5369) Auto convert: 1
2017-04-27 05:09:13,470 null [INFO] (../src/fwidbmgr.cpp:446) action: computeidx.
2017-04-27 05:09:13,470 null [INFO] (../src/fwidbmgr.cpp:470) date: 20170426.
2017-04-27 05:09:13,470 null [INFO] (../src/fwidbmgr.cpp:322) Try to read: /home/meteo/dev/redist/fwidbmgr/config/fwidbmgr.conf.
2017-04-27 05:09:13,514 null [INFO] (../src/fwidbmgr.cpp:5393) Configuration parsing: OK.
2017-04-27 05:09:13,542 null [INFO] (../src/fwidbmgr.cpp:5478) Connected to database
2017-04-27 05:09:13,542 null [INFO] (../src/fwidbmgr.cpp:5480) Manage data for date: 20170426.
2017-04-27 05:09:13,543 null [INFO] (../src/fwidbmgr.cpp:5656) Computing indexes.
2017-04-27 05:09:13,543 null [INFO] (/home/meteo/dev/redist/fwidbmgr/include/Grid.h:1595) Configuring grid: isi
2017-04-27 05:09:13,544 null [INFO] (/home/meteo/dev/redist/fwidbmgr/include/Grid.h:1695) Grid isi configured.
2017-04-27 05:09:13,544 null [INFO] (/home/meteo/dev/redist/fwidbmgr/include/Grid.h:1595) Configuring grid: fwi
2017-04-27 05:09:13,544 null [INFO] (/home/meteo/dev/redist/fwidbmgr/include/Grid.h:1695) Grid fwi configured.
2017-04-27 05:09:13,545 null [INFO] (/home/meteo/dev/redist/fwidbmgr/include/Grid.h:1595) Configuring grid: ffmc
2017-04-27 05:09:13,560 null [INFO] (/home/meteo/dev/redist/fwidbmgr/include/Grid.h:1695) Grid ffmc configured.
2017-04-27 05:09:13,561 null [INFO] (/home/meteo/dev/redist/fwidbmgr/include/Grid.h:1595) Configuring grid: dmc
2017-04-27 05:09:13,561 null [INFO] (/home/meteo/dev/redist/fwidbmgr/include/Grid.h:1695) Grid dmc configured.
2017-04-27 05:09:13,562 null [INFO] (/home/meteo/dev/redist/fwidbmgr/include/Grid.h:1595) Configuring grid: dc
2017-04-27 05:09:13,562 null [INFO] (/home/meteo/dev/redist/fwidbmgr/include/Grid.h:1695) Grid dc configured.
2017-04-27 05:09:13,562 null [INFO] (/home/meteo/dev/redist/fwidbmgr/include/Grid.h:1595) Configuring grid: bui
2017-04-27 05:09:13,562 null [INFO] (/home/meteo/dev/redist/fwidbmgr/include/Grid.h:1695) Grid bui configured.
2017-04-27 05:09:13,563 null [INFO] (/home/meteo/dev/redist/fwidbmgr/include/Grid.h:1595) Configuring grid: ffmc_tmp
2017-04-27 05:09:13,564 null [INFO] (/home/meteo/dev/redist/fwidbmgr/include/Grid.h:1695) Grid ffmc_tmp configured.
2017-04-27 05:09:13,565 null [INFO] (/home/meteo/dev/redist/fwidbmgr/include/Grid.h:1595) Configuring grid: dmc_tmp
2017-04-27 05:09:13,565 null [INFO] (/home/meteo/dev/redist/fwidbmgr/include/Grid.h:1695) Grid dmc_tmp configured.
2017-04-27 05:09:13,566 null [INFO] (/home/meteo/dev/redist/fwidbmgr/include/Grid.h:1595) Configuring grid: dc_tmp
2017-04-27 05:09:13,566 null [INFO] (/home/meteo/dev/redist/fwidbmgr/include/Grid.h:1695) Grid dc_tmp configured.
2017-04-27 05:09:13,567 null [INFO] (/home/meteo/dev/redist/fwidbmgr/include/Grid.h:1595) Configuring grid: idi
2017-04-27 05:09:13,567 null [INFO] (/home/meteo/dev/redist/fwidbmgr/include/Grid.h:1695) Grid idi configured.
2017-04-27 05:09:13,568 null [INFO] (/home/meteo/dev/redist/fwidbmgr/include/Grid.h:1595) Configuring grid: angstrom
2017-04-27 05:09:13,568 null [INFO] (/home/meteo/dev/redist/fwidbmgr/include/Grid.h:1695) Grid angstrom configured.
2017-04-27 05:09:13,568 null [INFO] (/home/meteo/dev/redist/fwidbmgr/include/Grid.h:1595) Configuring grid: fmi
2017-04-27 05:09:13,569 null [INFO] (/home/meteo/dev/redist/fwidbmgr/include/Grid.h:1695) Grid fmi configured.
2017-04-27 05:09:13,569 null [INFO] (/home/meteo/dev/redist/fwidbmgr/include/Grid.h:1595) Configuring grid: sharples
2017-04-27 05:09:13,569 null [INFO] (/home/meteo/dev/redist/fwidbmgr/include/Grid.h:1695) Grid sharples configured.
2017-04-27 05:09:23,670 null [INFO] (/home/meteo/dev/redist/fwidbmgr/include/Grid.h:1595) Configuring grid: snow
2017-04-27 05:09:23,670 null [INFO] (/home/meteo/dev/redist/fwidbmgr/include/Grid.h:1695) Grid snow configured.
2017-04-27 05:09:23,670 null [INFO] (/home/meteo/dev/redist/fwidbmgr/include/Grid.h:1595) Configuring grid: snow_covering
2017-04-27 05:09:23,670 null [INFO] (/home/meteo/dev/redist/fwidbmgr/include/Grid.h:1695) Grid snow_covering configured.
2017-04-27 05:09:23,671 null [INFO] (/home/meteo/dev/redist/fwidbmgr/include/Grid.h:1595) Configuring grid: snow_dissolution
2017-04-27 05:09:23,671 null [INFO] (/home/meteo/dev/redist/fwidbmgr/include/Grid.h:1695) Grid snow_dissolution configured.
2017-04-27 05:09:23,671 null [INFO] (/home/meteo/dev/redist/fwidbmgr/include/Grid.h:1595) Configuring grid: temperature
2017-04-27 05:09:23,671 null [INFO] (/home/meteo/dev/redist/fwidbmgr/include/Grid.h:1695) Grid temperature configured.
2017-04-27 05:09:23,671 null [INFO] (/home/meteo/dev/redist/fwidbmgr/include/Grid.h:1595) Configuring grid: humidity
2017-04-27 05:09:23,671 null [INFO] (/home/meteo/dev/redist/fwidbmgr/include/Grid.h:1695) Grid humidity configured.
2017-04-27 05:09:23,671 null [INFO] (/home/meteo/dev/redist/fwidbmgr/include/Grid.h:1595) Configuring grid: windspeed
2017-04-27 05:09:23,671 null [INFO] (/home/meteo/dev/redist/fwidbmgr/include/Grid.h:1695) Grid windspeed configured.
2017-04-27 05:09:23,671 null [INFO] (/home/meteo/dev/redist/fwidbmgr/include/Grid.h:1595) Configuring grid: rain
2017-04-27 05:09:23,671 null [INFO] (/home/meteo/dev/redist/fwidbmgr/include/Grid.h:1695) Grid rain configured.
2017-04-27 05:09:23,671 null [INFO] (/home/meteo/dev/redist/fwidbmgr/include/Grid.h:1595) Configuring grid: cum_rain
2017-04-27 05:09:23,671 null [INFO] (/home/meteo/dev/redist/fwidbmgr/include/Grid.h:1695) Grid cum_rain configured.
2017-04-27 05:10:56,336 null [INFO] (../src/fwidbmgr.cpp:5660) OK --> 20170426 indexes computed.
2017-04-27 05:10:56,336 null [INFO] (../src/fwidbmgr.cpp:5695) action computeidx took about 103 seconds.
2017-04-27 05:10:56,337 null [INFO] (../src/fwidbmgr.cpp:5699) Disconnected from database.
2017-04-27 05:10:56,644 null [INFO] (../src/fwidbmgr.cpp:5361) fwi db manager
2017-04-27 05:10:56,644 null [INFO] (../src/fwidbmgr.cpp:5365) Program home: /home/meteo/dev/redist/fwidbmgr
2017-04-27 05:10:56,644 null [INFO] (../src/fwidbmgr.cpp:5369) Auto convert: 1
2017-04-27 05:10:56,644 null [INFO] (../src/fwidbmgr.cpp:446) action: exportidx.
2017-04-27 05:10:56,644 null [INFO] (../src/fwidbmgr.cpp:470) date: 20170426.
2017-04-27 05:10:56,644 null [INFO] (../src/fwidbmgr.cpp:322) Try to read: /home/meteo/dev/redist/fwidbmgr/config/fwidbmgr.conf.
2017-04-27 05:10:56,646 null [INFO] (../src/fwidbmgr.cpp:5393) Configuration parsing: OK.
2017-04-27 05:10:56,673 null [INFO] (../src/fwidbmgr.cpp:5478) Connected to database
2017-04-27 05:10:56,673 null [INFO] (../src/fwidbmgr.cpp:5480) Manage data for date: 20170426.
2017-04-27 05:10:56,673 null [INFO] (../src/fwidbmgr.cpp:5596) Exporting indexes.
2017-04-27 05:10:56,674 null [INFO] (/home/meteo/dev/redist/fwidbmgr/include/Grid.h:1595) Configuring grid: isi
2017-04-27 05:10:56,674 null [INFO] (/home/meteo/dev/redist/fwidbmgr/include/Grid.h:1695) Grid isi configured.
2017-04-27 05:10:56,675 null [INFO] (/home/meteo/dev/redist/fwidbmgr/include/Grid.h:1595) Configuring grid: fwi
2017-04-27 05:10:56,675 null [INFO] (/home/meteo/dev/redist/fwidbmgr/include/Grid.h:1695) Grid fwi configured.
2017-04-27 05:10:56,676 null [INFO] (/home/meteo/dev/redist/fwidbmgr/include/Grid.h:1595) Configuring grid: ffmc
2017-04-27 05:10:56,676 null [INFO] (/home/meteo/dev/redist/fwidbmgr/include/Grid.h:1695) Grid ffmc configured.
2017-04-27 05:10:56,677 null [INFO] (/home/meteo/dev/redist/fwidbmgr/include/Grid.h:1595) Configuring grid: dmc
2017-04-27 05:10:56,677 null [INFO] (/home/meteo/dev/redist/fwidbmgr/include/Grid.h:1695) Grid dmc configured.
2017-04-27 05:10:56,678 null [INFO] (/home/meteo/dev/redist/fwidbmgr/include/Grid.h:1595) Configuring grid: dc
2017-04-27 05:10:56,678 null [INFO] (/home/meteo/dev/redist/fwidbmgr/include/Grid.h:1695) Grid dc configured.
2017-04-27 05:10:56,679 null [INFO] (/home/meteo/dev/redist/fwidbmgr/include/Grid.h:1595) Configuring grid: bui
2017-04-27 05:10:56,679 null [INFO] (/home/meteo/dev/redist/fwidbmgr/include/Grid.h:1695) Grid bui configured.
2017-04-27 05:10:56,680 null [INFO] (/home/meteo/dev/redist/fwidbmgr/include/Grid.h:1595) Configuring grid: ffmc_tmp
2017-04-27 05:10:56,680 null [INFO] (/home/meteo/dev/redist/fwidbmgr/include/Grid.h:1695) Grid ffmc_tmp configured.
2017-04-27 05:10:56,681 null [INFO] (/home/meteo/dev/redist/fwidbmgr/include/Grid.h:1595) Configuring grid: dmc_tmp
2017-04-27 05:10:56,681 null [INFO] (/home/meteo/dev/redist/fwidbmgr/include/Grid.h:1695) Grid dmc_tmp configured.
2017-04-27 05:10:56,682 null [INFO] (/home/meteo/dev/redist/fwidbmgr/include/Grid.h:1595) Configuring grid: dc_tmp
2017-04-27 05:10:56,682 null [INFO] (/home/meteo/dev/redist/fwidbmgr/include/Grid.h:1695) Grid dc_tmp configured.
2017-04-27 05:10:56,682 null [INFO] (/home/meteo/dev/redist/fwidbmgr/include/Grid.h:1595) Configuring grid: idi
2017-04-27 05:10:56,683 null [INFO] (/home/meteo/dev/redist/fwidbmgr/include/Grid.h:1695) Grid idi configured.
2017-04-27 05:10:56,683 null [INFO] (/home/meteo/dev/redist/fwidbmgr/include/Grid.h:1595) Configuring grid: angstrom
2017-04-27 05:10:56,683 null [INFO] (/home/meteo/dev/redist/fwidbmgr/include/Grid.h:1695) Grid angstrom configured.
2017-04-27 05:10:56,684 null [INFO] (/home/meteo/dev/redist/fwidbmgr/include/Grid.h:1595) Configuring grid: fmi
2017-04-27 05:10:56,685 null [INFO] (/home/meteo/dev/redist/fwidbmgr/include/Grid.h:1695) Grid fmi configured.
2017-04-27 05:10:56,686 null [INFO] (/home/meteo/dev/redist/fwidbmgr/include/Grid.h:1595) Configuring grid: sharples
2017-04-27 05:10:56,686 null [INFO] (/home/meteo/dev/redist/fwidbmgr/include/Grid.h:1695) Grid sharples configured.
2017-04-27 05:11:03,504 null [INFO] (/home/meteo/dev/redist/fwidbmgr/include/Grid.h:1595) Configuring grid: isi
2017-04-27 05:11:03,504 null [INFO] (/home/meteo/dev/redist/fwidbmgr/include/Grid.h:1695) Grid isi configured.
2017-04-27 05:11:03,524 null [INFO] (/home/meteo/dev/redist/fwidbmgr/include/Grid.h:1595) Configuring grid: fwi
2017-04-27 05:11:03,524 null [INFO] (/home/meteo/dev/redist/fwidbmgr/include/Grid.h:1695) Grid fwi configured.
2017-04-27 05:11:03,543 null [INFO] (/home/meteo/dev/redist/fwidbmgr/include/Grid.h:1595) Configuring grid: ffmc
2017-04-27 05:11:03,543 null [INFO] (/home/meteo/dev/redist/fwidbmgr/include/Grid.h:1695) Grid ffmc configured.
2017-04-27 05:11:03,589 null [INFO] (/home/meteo/dev/redist/fwidbmgr/include/Grid.h:1595) Configuring grid: dmc
2017-04-27 05:11:03,589 null [INFO] (/home/meteo/dev/redist/fwidbmgr/include/Grid.h:1695) Grid dmc configured.
2017-04-27 05:11:03,742 null [INFO] (/home/meteo/dev/redist/fwidbmgr/include/Grid.h:1595) Configuring grid: dc
2017-04-27 05:11:03,742 null [INFO] (/home/meteo/dev/redist/fwidbmgr/include/Grid.h:1695) Grid dc configured.
2017-04-27 05:11:03,803 null [INFO] (/home/meteo/dev/redist/fwidbmgr/include/Grid.h:1595) Configuring grid: bui
2017-04-27 05:11:03,803 null [INFO] (/home/meteo/dev/redist/fwidbmgr/include/Grid.h:1695) Grid bui configured.
2017-04-27 05:11:03,821 null [INFO] (/home/meteo/dev/redist/fwidbmgr/include/Grid.h:1595) Configuring grid: ffmc_tmp
2017-04-27 05:11:03,822 null [INFO] (/home/meteo/dev/redist/fwidbmgr/include/Grid.h:1695) Grid ffmc_tmp configured.
2017-04-27 05:11:03,840 null [INFO] (/home/meteo/dev/redist/fwidbmgr/include/Grid.h:1595) Configuring grid: dmc_tmp
2017-04-27 05:11:03,840 null [INFO] (/home/meteo/dev/redist/fwidbmgr/include/Grid.h:1695) Grid dmc_tmp configured.
2017-04-27 05:11:03,859 null [INFO] (/home/meteo/dev/redist/fwidbmgr/include/Grid.h:1595) Configuring grid: dc_tmp
2017-04-27 05:11:03,859 null [INFO] (/home/meteo/dev/redist/fwidbmgr/include/Grid.h:1695) Grid dc_tmp configured.
2017-04-27 05:11:03,909 null [INFO] (/home/meteo/dev/redist/fwidbmgr/include/Grid.h:1595) Configuring grid: angstrom
2017-04-27 05:11:03,909 null [INFO] (/home/meteo/dev/redist/fwidbmgr/include/Grid.h:1695) Grid angstrom configured.
2017-04-27 05:11:03,933 null [INFO] (/home/meteo/dev/redist/fwidbmgr/include/Grid.h:1595) Configuring grid: sharples
2017-04-27 05:11:03,933 null [INFO] (/home/meteo/dev/redist/fwidbmgr/include/Grid.h:1695) Grid sharples configured.
2017-04-27 05:11:04,019 null [INFO] (/home/meteo/dev/redist/fwidbmgr/include/Grid.h:1595) Configuring grid: fmi
2017-04-27 05:11:04,019 null [INFO] (/home/meteo/dev/redist/fwidbmgr/include/Grid.h:1695) Grid fmi configured.
2017-04-27 05:11:04,096 null [INFO] (../src/fwidbmgr.cpp:5600) OK --> 20170426 indexes exported to files.
2017-04-27 05:11:04,096 null [INFO] (../src/fwidbmgr.cpp:5695) action exportidx took about 8 seconds.
2017-04-27 05:11:04,096 null [INFO] (../src/fwidbmgr.cpp:5699) Disconnected from database.
2017-04-27 05:11:34,099 null [INFO] (../src/fwidbmgr.cpp:5361) fwi db manager
2017-04-27 05:11:34,099 null [INFO] (../src/fwidbmgr.cpp:5365) Program home: /home/meteo/dev/redist/fwidbmgr
2017-04-27 05:11:34,099 null [INFO] (../src/fwidbmgr.cpp:5369) Auto convert: 1
2017-04-27 05:11:34,099 null [INFO] (../src/fwidbmgr.cpp:446) action: outimg.
2017-04-27 05:11:34,099 null [INFO] (../src/fwidbmgr.cpp:470) date: 20170426.
2017-04-27 05:11:34,099 null [INFO] (../src/fwidbmgr.cpp:322) Try to read: /home/meteo/dev/redist/fwidbmgr/config/fwidbmgr.conf.
2017-04-27 05:11:34,100 null [INFO] (../src/fwidbmgr.cpp:5393) Configuration parsing: OK.
2017-04-27 05:11:34,101 null [INFO] (../src/fwidbmgr.cpp:5478) Connected to database
2017-04-27 05:11:34,101 null [INFO] (../src/fwidbmgr.cpp:5480) Manage data for date: 20170426.
2017-04-27 05:11:34,101 null [INFO] (../src/fwidbmgr.cpp:5566) Importing fwi indexes images in database.
2017-04-27 05:11:34,282 null [INFO] (../src/fwidbmgr.cpp:5570) OK --> 20170426 images imported.
2017-04-27 05:11:34,282 null [INFO] (../src/fwidbmgr.cpp:5695) action outimg took about 0 seconds.
2017-04-27 05:11:34,282 null [INFO] (../src/fwidbmgr.cpp:5699) Disconnected from database.
2017-04-27 05:37:01,503 null [INFO] (../src/fwidbmgr.cpp:5361) fwi db manager
2017-04-27 05:37:01,503 null [INFO] (../src/fwidbmgr.cpp:5365) Program home: /home/meteo/dev/redist/fwidbmgr
2017-04-27 05:37:01,503 null [INFO] (../src/fwidbmgr.cpp:5369) Auto convert: 1
2017-04-27 05:37:01,503 null [INFO] (../src/fwidbmgr.cpp:446) action: outimg.
2017-04-27 05:37:01,503 null [INFO] (../src/fwidbmgr.cpp:470) date: 20170426.
2017-04-27 05:37:01,503 null [INFO] (../src/fwidbmgr.cpp:322) Try to read: /home/meteo/dev/redist/fwidbmgr/config/fwidbmgr.conf.
2017-04-27 05:37:01,504 null [INFO] (../src/fwidbmgr.cpp:5393) Configuration parsing: OK.
2017-04-27 05:37:01,510 null [INFO] (../src/fwidbmgr.cpp:5478) Connected to database
2017-04-27 05:37:01,510 null [INFO] (../src/fwidbmgr.cpp:5480) Manage data for date: 20170426.
2017-04-27 05:37:01,510 null [INFO] (../src/fwidbmgr.cpp:5566) Importing fwi indexes images in database.
2017-04-27 05:37:01,619 null [INFO] (../src/fwidbmgr.cpp:5570) OK --> 20170426 images imported.
2017-04-27 05:37:01,619 null [INFO] (../src/fwidbmgr.cpp:5695) action outimg took about 0 seconds.
2017-04-27 05:37:01,619 null [INFO] (../src/fwidbmgr.cpp:5699) Disconnected from database.
2017-04-27 06:05:01,689 null [INFO] (../src/fwidbmgr.cpp:5361) fwi db manager
2017-04-27 06:05:01,689 null [INFO] (../src/fwidbmgr.cpp:5365) Program home: /home/meteo/dev/redist/fwidbmgr
2017-04-27 06:05:01,689 null [INFO] (../src/fwidbmgr.cpp:5369) Auto convert: 1
2017-04-27 06:05:01,689 null [INFO] (../src/fwidbmgr.cpp:446) action: outimg.
2017-04-27 06:05:01,689 null [INFO] (../src/fwidbmgr.cpp:470) date: 20170426.
2017-04-27 06:05:01,689 null [INFO] (../src/fwidbmgr.cpp:322) Try to read: /home/meteo/dev/redist/fwidbmgr/config/fwidbmgr.conf.
2017-04-27 06:05:01,690 null [INFO] (../src/fwidbmgr.cpp:5393) Configuration parsing: OK.
2017-04-27 06:05:01,697 null [INFO] (../src/fwidbmgr.cpp:5478) Connected to database
2017-04-27 06:05:01,697 null [INFO] (../src/fwidbmgr.cpp:5480) Manage data for date: 20170426.
2017-04-27 06:05:01,697 null [INFO] (../src/fwidbmgr.cpp:5566) Importing fwi indexes images in database.
2017-04-27 06:05:01,740 null [INFO] (../src/fwidbmgr.cpp:5570) OK --> 20170426 images imported.
2017-04-27 06:05:01,741 null [INFO] (../src/fwidbmgr.cpp:5695) action outimg took about 0 seconds.
2017-04-27 06:05:01,741 null [INFO] (../src/fwidbmgr.cpp:5699) Disconnected from database.
2017-04-27 06:37:01,941 null [INFO] (../src/fwidbmgr.cpp:5361) fwi db manager
2017-04-27 06:37:01,941 null [INFO] (../src/fwidbmgr.cpp:5365) Program home: /home/meteo/dev/redist/fwidbmgr
2017-04-27 06:37:01,941 null [INFO] (../src/fwidbmgr.cpp:5369) Auto convert: 1
2017-04-27 06:37:01,941 null [INFO] (../src/fwidbmgr.cpp:446) action: outimg.
2017-04-27 06:37:01,941 null [INFO] (../src/fwidbmgr.cpp:470) date: 20170426.
2017-04-27 06:37:01,941 null [INFO] (../src/fwidbmgr.cpp:322) Try to read: /home/meteo/dev/redist/fwidbmgr/config/fwidbmgr.conf.
2017-04-27 06:37:01,951 null [INFO] (../src/fwidbmgr.cpp:5393) Configuration parsing: OK.
2017-04-27 06:37:01,954 null [INFO] (../src/fwidbmgr.cpp:5478) Connected to database
2017-04-27 06:37:01,954 null [INFO] (../src/fwidbmgr.cpp:5480) Manage data for date: 20170426.
2017-04-27 06:37:01,954 null [INFO] (../src/fwidbmgr.cpp:5566) Importing fwi indexes images in database.
2017-04-27 06:37:02,035 null [INFO] (../src/fwidbmgr.cpp:5570) OK --> 20170426 images imported.
2017-04-27 06:37:02,035 null [INFO] (../src/fwidbmgr.cpp:5695) action outimg took about 1 seconds.
2017-04-27 06:37:02,035 null [INFO] (../src/fwidbmgr.cpp:5699) Disconnected from database.
2017-04-27 07:05:01,147 null [INFO] (../src/fwidbmgr.cpp:5361) fwi db manager
2017-04-27 07:05:01,147 null [INFO] (../src/fwidbmgr.cpp:5365) Program home: /home/meteo/dev/redist/fwidbmgr
2017-04-27 07:05:01,147 null [INFO] (../src/fwidbmgr.cpp:5369) Auto convert: 1
2017-04-27 07:05:01,147 null [INFO] (../src/fwidbmgr.cpp:446) action: outimg.
2017-04-27 07:05:01,147 null [INFO] (../src/fwidbmgr.cpp:470) date: 20170426.
2017-04-27 07:05:01,147 null [INFO] (../src/fwidbmgr.cpp:322) Try to read: /home/meteo/dev/redist/fwidbmgr/config/fwidbmgr.conf.
2017-04-27 07:05:01,148 null [INFO] (../src/fwidbmgr.cpp:5393) Configuration parsing: OK.
2017-04-27 07:05:01,150 null [INFO] (../src/fwidbmgr.cpp:5478) Connected to database
2017-04-27 07:05:01,150 null [INFO] (../src/fwidbmgr.cpp:5480) Manage data for date: 20170426.
2017-04-27 07:05:01,150 null [INFO] (../src/fwidbmgr.cpp:5566) Importing fwi indexes images in database.
2017-04-27 07:05:01,207 null [INFO] (../src/fwidbmgr.cpp:5570) OK --> 20170426 images imported.
2017-04-27 07:05:01,207 null [INFO] (../src/fwidbmgr.cpp:5695) action outimg took about 0 seconds.
2017-04-27 07:05:01,207 null [INFO] (../src/fwidbmgr.cpp:5699) Disconnected from database.
2017-04-27 07:37:01,388 null [INFO] (../src/fwidbmgr.cpp:5361) fwi db manager
2017-04-27 07:37:01,388 null [INFO] (../src/fwidbmgr.cpp:5365) Program home: /home/meteo/dev/redist/fwidbmgr
2017-04-27 07:37:01,388 null [INFO] (../src/fwidbmgr.cpp:5369) Auto convert: 1
2017-04-27 07:37:01,388 null [INFO] (../src/fwidbmgr.cpp:446) action: outimg.
2017-04-27 07:37:01,388 null [INFO] (../src/fwidbmgr.cpp:470) date: 20170426.
2017-04-27 07:37:01,388 null [INFO] (../src/fwidbmgr.cpp:322) Try to read: /home/meteo/dev/redist/fwidbmgr/config/fwidbmgr.conf.
2017-04-27 07:37:01,389 null [INFO] (../src/fwidbmgr.cpp:5393) Configuration parsing: OK.
2017-04-27 07:37:01,391 null [INFO] (../src/fwidbmgr.cpp:5478) Connected to database
2017-04-27 07:37:01,391 null [INFO] (../src/fwidbmgr.cpp:5480) Manage data for date: 20170426.
2017-04-27 07:37:01,391 null [INFO] (../src/fwidbmgr.cpp:5566) Importing fwi indexes images in database.
2017-04-27 07:37:01,433 null [INFO] (../src/fwidbmgr.cpp:5570) OK --> 20170426 images imported.
2017-04-27 07:37:01,433 null [INFO] (../src/fwidbmgr.cpp:5695) action outimg took about 0 seconds.
2017-04-27 07:37:01,433 null [INFO] (../src/fwidbmgr.cpp:5699) Disconnected from database.
